-----------------
input parameters
-----------------
['modify_header_eden.py', 'LOT20200517-LP_388-55', '17']
Your will modify header for: LP_388-55 [RA] 17 35 12.8661 [Dec] +26 34 49.5732 [Filter] GG495
---------------
folder: LOT20200517-LP_388-55
will update fits in: LOT20200517-LP_388-55_mod
 ---------------------------
 Exame Fits Header for Bias
 ---------------------------
find ./LOT20200517-LP_388-55/bias-dark/ | grep 'fits\|fts'|sort 
found 70 Bias/Dark
1/70 Bias-20200517@212212-000S.fts [TYPE] BIAS [EXPTIME] 0.0
2/70 Bias-20200517@212219-000S.fts [TYPE] BIAS [EXPTIME] 0.0
3/70 Bias-20200517@212226-000S.fts [TYPE] BIAS [EXPTIME] 0.0
4/70 Bias-20200517@212233-000S.fts [TYPE] BIAS [EXPTIME] 0.0
5/70 Bias-20200517@212240-000S.fts [TYPE] BIAS [EXPTIME] 0.0
6/70 Bias-20200517@212247-000S.fts [TYPE] BIAS [EXPTIME] 0.0
7/70 Bias-20200517@212254-000S.fts [TYPE] BIAS [EXPTIME] 0.0
8/70 Bias-20200517@212301-000S.fts [TYPE] BIAS [EXPTIME] 0.0
9/70 Bias-20200517@212308-000S.fts [TYPE] BIAS [EXPTIME] 0.0
10/70 Bias-20200517@212315-000S.fts [TYPE] BIAS [EXPTIME] 0.0
11/70 Dark-20200517@212323-005S.fts [TYPE] DARK [EXPTIME] 5.0
12/70 Dark-20200517@212335-005S.fts [TYPE] DARK [EXPTIME] 5.0
13/70 Dark-20200517@212347-005S.fts [TYPE] DARK [EXPTIME] 5.0
14/70 Dark-20200517@212359-005S.fts [TYPE] DARK [EXPTIME] 5.0
15/70 Dark-20200517@212411-005S.fts [TYPE] DARK [EXPTIME] 5.0
16/70 Dark-20200517@212422-005S.fts [TYPE] DARK [EXPTIME] 5.0
17/70 Dark-20200517@212434-005S.fts [TYPE] DARK [EXPTIME] 5.0
18/70 Dark-20200517@212446-005S.fts [TYPE] DARK [EXPTIME] 5.0
19/70 Dark-20200517@212458-005S.fts [TYPE] DARK [EXPTIME] 5.0
20/70 Dark-20200517@212510-005S.fts [TYPE] DARK [EXPTIME] 5.0
21/70 Dark-20200517@212523-010S.fts [TYPE] DARK [EXPTIME] 10.0
22/70 Dark-20200517@212540-010S.fts [TYPE] DARK [EXPTIME] 10.0
23/70 Dark-20200517@212556-010S.fts [TYPE] DARK [EXPTIME] 10.0
24/70 Dark-20200517@212613-010S.fts [TYPE] DARK [EXPTIME] 10.0
25/70 Dark-20200517@212629-010S.fts [TYPE] DARK [EXPTIME] 10.0
26/70 Dark-20200517@212646-010S.fts [TYPE] DARK [EXPTIME] 10.0
27/70 Dark-20200517@212703-010S.fts [TYPE] DARK [EXPTIME] 10.0
28/70 Dark-20200517@212720-010S.fts [TYPE] DARK [EXPTIME] 10.0
29/70 Dark-20200517@212738-010S.fts [TYPE] DARK [EXPTIME] 10.0
30/70 Dark-20200517@212754-010S.fts [TYPE] DARK [EXPTIME] 10.0
31/70 Dark-20200517@212812-020S.fts [TYPE] DARK [EXPTIME] 20.0
32/70 Dark-20200517@212839-020S.fts [TYPE] DARK [EXPTIME] 20.0
33/70 Dark-20200517@212906-020S.fts [TYPE] DARK [EXPTIME] 20.0
34/70 Dark-20200517@212933-020S.fts [TYPE] DARK [EXPTIME] 20.0
35/70 Dark-20200517@213000-020S.fts [TYPE] DARK [EXPTIME] 20.0
36/70 Dark-20200517@213027-020S.fts [TYPE] DARK [EXPTIME] 20.0
37/70 Dark-20200517@213054-020S.fts [TYPE] DARK [EXPTIME] 20.0
38/70 Dark-20200517@213121-020S.fts [TYPE] DARK [EXPTIME] 20.0
39/70 Dark-20200517@213148-020S.fts [TYPE] DARK [EXPTIME] 20.0
40/70 Dark-20200517@213215-020S.fts [TYPE] DARK [EXPTIME] 20.0
41/70 Dark-20200517@213243-030S.fts [TYPE] DARK [EXPTIME] 30.0
42/70 Dark-20200517@213320-030S.fts [TYPE] DARK [EXPTIME] 30.0
43/70 Dark-20200517@213357-030S.fts [TYPE] DARK [EXPTIME] 30.0
44/70 Dark-20200517@213434-030S.fts [TYPE] DARK [EXPTIME] 30.0
45/70 Dark-20200517@213510-030S.fts [TYPE] DARK [EXPTIME] 30.0
46/70 Dark-20200517@213547-030S.fts [TYPE] DARK [EXPTIME] 30.0
47/70 Dark-20200517@213624-030S.fts [TYPE] DARK [EXPTIME] 30.0
48/70 Dark-20200517@213701-030S.fts [TYPE] DARK [EXPTIME] 30.0
49/70 Dark-20200517@213738-030S.fts [TYPE] DARK [EXPTIME] 30.0
50/70 Dark-20200517@213816-030S.fts [TYPE] DARK [EXPTIME] 30.0
51/70 Dark-20200517@213854-060S.fts [TYPE] DARK [EXPTIME] 60.0
52/70 Dark-20200517@214001-060S.fts [TYPE] DARK [EXPTIME] 60.0
53/70 Dark-20200517@214108-060S.fts [TYPE] DARK [EXPTIME] 60.0
54/70 Dark-20200517@214214-060S.fts [TYPE] DARK [EXPTIME] 60.0
55/70 Dark-20200517@214322-060S.fts [TYPE] DARK [EXPTIME] 60.0
56/70 Dark-20200517@214429-060S.fts [TYPE] DARK [EXPTIME] 60.0
57/70 Dark-20200517@214536-060S.fts [TYPE] DARK [EXPTIME] 60.0
58/70 Dark-20200517@214643-060S.fts [TYPE] DARK [EXPTIME] 60.0
59/70 Dark-20200517@214749-060S.fts [TYPE] DARK [EXPTIME] 60.0
60/70 Dark-20200517@214857-060S.fts [TYPE] DARK [EXPTIME] 60.0
61/70 Dark-20200517@215004-300S.fts [TYPE] DARK [EXPTIME] 300.0
62/70 Dark-20200517@215511-300S.fts [TYPE] DARK [EXPTIME] 300.0
63/70 Dark-20200517@220018-300S.fts [TYPE] DARK [EXPTIME] 300.0
64/70 Dark-20200517@220525-300S.fts [TYPE] DARK [EXPTIME] 300.0
65/70 Dark-20200517@221032-300S.fts [TYPE] DARK [EXPTIME] 300.0
66/70 Dark-20200517@221539-300S.fts [TYPE] DARK [EXPTIME] 300.0
67/70 Dark-20200517@222045-300S.fts [TYPE] DARK [EXPTIME] 300.0
68/70 Dark-20200517@222552-300S.fts [TYPE] DARK [EXPTIME] 300.0
69/70 Dark-20200517@223059-300S.fts [TYPE] DARK [EXPTIME] 300.0
70/70 Dark-20200517@223606-300S.fts [TYPE] DARK [EXPTIME] 300.0
 ---------------------------
 Exame Fits Header for Flat
 ---------------------------
find ./LOT20200517-LP_388-55/ | grep flat/ |grep eden| grep -E 'fits|fts'|sort -t'-' -k2.4,2.6 
found 5 Flat
1/5 202005017_flat-001eden.fits [TYPE] FLAT [EXPTIME] 20.0 [FIL] GG495
2/5 202005017_flat-002eden.fits [TYPE] FLAT [EXPTIME] 20.0 [FIL] GG495
3/5 202005017_flat-003eden.fits [TYPE] FLAT [EXPTIME] 20.0 [FIL] GG495
4/5 202005017_flat-004eden.fits [TYPE] FLAT [EXPTIME] 20.0 [FIL] GG495
5/5 202005017_flat-005eden.fits [TYPE] FLAT [EXPTIME] 20.0 [FIL] GG495
 ---------------------------
 Update Fits Header for Science Target
 ---------------------------
find ./LOT20200517-LP_388-55/wchen/ | cut -d / -f1-4| grep 'fits\|fts'  |sort -t'@' -k2
found 229 Target

... update header ...
1/229 LP_388-55-20200517@143939-Eden.fts [TYPE] LIGHT [OBJ] LP_388-55 [RA] 17 35 12.8661 [Dec] +26 34 49.5732 [FIL] GG495 [EXPTIME] 60.0 [Date] 2020-05-17T14:39:52 [Time] 14:39:52
2/229 LP_388-55-20200517@144105-Eden.fts [TYPE] LIGHT [OBJ] LP_388-55 [RA] 17 35 12.8661 [Dec] +26 34 49.5732 [FIL] GG495 [EXPTIME] 60.0 [Date] 2020-05-17T14:41:05 [Time] 14:41:05
3/229 LP_388-55-20200517@144218-Eden.fts [TYPE] LIGHT [OBJ] LP_388-55 [RA] 17 35 12.8661 [Dec] +26 34 49.5732 [FIL] GG495 [EXPTIME] 60.0 [Date] 2020-05-17T14:42:18 [Time] 14:42:18
4/229 LP_388-55-20200517@144332-Eden.fts [TYPE] LIGHT [OBJ] LP_388-55 [RA] 17 35 12.8661 [Dec] +26 34 49.5732 [FIL] GG495 [EXPTIME] 60.0 [Date] 2020-05-17T14:43:32 [Time] 14:43:32
5/229 LP_388-55-20200517@144445-Eden.fts [TYPE] LIGHT [OBJ] LP_388-55 [RA] 17 35 12.8661 [Dec] +26 34 49.5732 [FIL] GG495 [EXPTIME] 60.0 [Date] 2020-05-17T14:44:46 [Time] 14:44:46
6/229 LP_388-55-20200517@144600-Eden.fts [TYPE] LIGHT [OBJ] LP_388-55 [RA] 17 35 12.8661 [Dec] +26 34 49.5732 [FIL] GG495 [EXPTIME] 60.0 [Date] 2020-05-17T14:46:00 [Time] 14:46:00
7/229 LP_388-55-20200517@144713-Eden.fts [TYPE] LIGHT [OBJ] LP_388-55 [RA] 17 35 12.8661 [Dec] +26 34 49.5732 [FIL] GG495 [EXPTIME] 60.0 [Date] 2020-05-17T14:47:13 [Time] 14:47:13
8/229 LP_388-55-20200517@144829-Eden.fts [TYPE] LIGHT [OBJ] LP_388-55 [RA] 17 35 12.8661 [Dec] +26 34 49.5732 [FIL] GG495 [EXPTIME] 60.0 [Date] 2020-05-17T14:48:29 [Time] 14:48:29
9/229 LP_388-55-20200517@144944-Eden.fts [TYPE] LIGHT [OBJ] LP_388-55 [RA] 17 35 12.8661 [Dec] +26 34 49.5732 [FIL] GG495 [EXPTIME] 60.0 [Date] 2020-05-17T14:49:44 [Time] 14:49:44
10/229 LP_388-55-20200517@145059-Eden.fts [TYPE] LIGHT [OBJ] LP_388-55 [RA] 17 35 12.8661 [Dec] +26 34 49.5732 [FIL] GG495 [EXPTIME] 60.0 [Date] 2020-05-17T14:50:59 [Time] 14:50:59
11/229 LP_388-55-20200517@145213-Eden.fts [TYPE] LIGHT [OBJ] LP_388-55 [RA] 17 35 12.8661 [Dec] +26 34 49.5732 [FIL] GG495 [EXPTIME] 60.0 [Date] 2020-05-17T14:52:13 [Time] 14:52:13
12/229 LP_388-55-20200517@145327-Eden.fts [TYPE] LIGHT [OBJ] LP_388-55 [RA] 17 35 12.8661 [Dec] +26 34 49.5732 [FIL] GG495 [EXPTIME] 60.0 [Date] 2020-05-17T14:53:27 [Time] 14:53:27
13/229 LP_388-55-20200517@145440-Eden.fts [TYPE] LIGHT [OBJ] LP_388-55 [RA] 17 35 12.8661 [Dec] +26 34 49.5732 [FIL] GG495 [EXPTIME] 60.0 [Date] 2020-05-17T14:54:41 [Time] 14:54:41
14/229 LP_388-55-20200517@145554-Eden.fts [TYPE] LIGHT [OBJ] LP_388-55 [RA] 17 35 12.8661 [Dec] +26 34 49.5732 [FIL] GG495 [EXPTIME] 60.0 [Date] 2020-05-17T14:55:55 [Time] 14:55:55
15/229 LP_388-55-20200517@145708-Eden.fts [TYPE] LIGHT [OBJ] LP_388-55 [RA] 17 35 12.8661 [Dec] +26 34 49.5732 [FIL] GG495 [EXPTIME] 60.0 [Date] 2020-05-17T14:57:08 [Time] 14:57:08
16/229 LP_388-55-20200517@145822-Eden.fts [TYPE] LIGHT [OBJ] LP_388-55 [RA] 17 35 12.8661 [Dec] +26 34 49.5732 [FIL] GG495 [EXPTIME] 60.0 [Date] 2020-05-17T14:58:22 [Time] 14:58:22
17/229 LP_388-55-20200517@145936-Eden.fts [TYPE] LIGHT [OBJ] LP_388-55 [RA] 17 35 12.8661 [Dec] +26 34 49.5732 [FIL] GG495 [EXPTIME] 60.0 [Date] 2020-05-17T14:59:36 [Time] 14:59:36
18/229 LP_388-55-20200517@150050-Eden.fts [TYPE] LIGHT [OBJ] LP_388-55 [RA] 17 35 12.8661 [Dec] +26 34 49.5732 [FIL] GG495 [EXPTIME] 60.0 [Date] 2020-05-17T15:00:51 [Time] 15:00:51
19/229 LP_388-55-20200517@150204-Eden.fts [TYPE] LIGHT [OBJ] LP_388-55 [RA] 17 35 12.8661 [Dec] +26 34 49.5732 [FIL] GG495 [EXPTIME] 60.0 [Date] 2020-05-17T15:02:05 [Time] 15:02:05
20/229 LP_388-55-20200517@150318-Eden.fts [TYPE] LIGHT [OBJ] LP_388-55 [RA] 17 35 12.8661 [Dec] +26 34 49.5732 [FIL] GG495 [EXPTIME] 60.0 [Date] 2020-05-17T15:03:18 [Time] 15:03:18
21/229 LP_388-55-20200517@150432-Eden.fts [TYPE] LIGHT [OBJ] LP_388-55 [RA] 17 35 12.8661 [Dec] +26 34 49.5732 [FIL] GG495 [EXPTIME] 60.0 [Date] 2020-05-17T15:04:32 [Time] 15:04:32
22/229 LP_388-55-20200517@150546-Eden.fts [TYPE] LIGHT [OBJ] LP_388-55 [RA] 17 35 12.8661 [Dec] +26 34 49.5732 [FIL] GG495 [EXPTIME] 60.0 [Date] 2020-05-17T15:05:46 [Time] 15:05:46
23/229 LP_388-55-20200517@150659-Eden.fts [TYPE] LIGHT [OBJ] LP_388-55 [RA] 17 35 12.8661 [Dec] +26 34 49.5732 [FIL] GG495 [EXPTIME] 60.0 [Date] 2020-05-17T15:07:00 [Time] 15:07:00
24/229 LP_388-55-20200517@150813-Eden.fts [TYPE] LIGHT [OBJ] LP_388-55 [RA] 17 35 12.8661 [Dec] +26 34 49.5732 [FIL] GG495 [EXPTIME] 60.0 [Date] 2020-05-17T15:08:13 [Time] 15:08:13
25/229 LP_388-55-20200517@150926-Eden.fts [TYPE] LIGHT [OBJ] LP_388-55 [RA] 17 35 12.8661 [Dec] +26 34 49.5732 [FIL] GG495 [EXPTIME] 60.0 [Date] 2020-05-17T15:09:27 [Time] 15:09:27
26/229 LP_388-55-20200517@151040-Eden.fts [TYPE] LIGHT [OBJ] LP_388-55 [RA] 17 35 12.8661 [Dec] +26 34 49.5732 [FIL] GG495 [EXPTIME] 60.0 [Date] 2020-05-17T15:10:40 [Time] 15:10:40
27/229 LP_388-55-20200517@151155-Eden.fts [TYPE] LIGHT [OBJ] LP_388-55 [RA] 17 35 12.8661 [Dec] +26 34 49.5732 [FIL] GG495 [EXPTIME] 60.0 [Date] 2020-05-17T15:11:55 [Time] 15:11:55
28/229 LP_388-55-20200517@151308-Eden.fts [TYPE] LIGHT [OBJ] LP_388-55 [RA] 17 35 12.8661 [Dec] +26 34 49.5732 [FIL] GG495 [EXPTIME] 60.0 [Date] 2020-05-17T15:13:09 [Time] 15:13:09
29/229 LP_388-55-20200517@151422-Eden.fts [TYPE] LIGHT [OBJ] LP_388-55 [RA] 17 35 12.8661 [Dec] +26 34 49.5732 [FIL] GG495 [EXPTIME] 60.0 [Date] 2020-05-17T15:14:23 [Time] 15:14:23
30/229 LP_388-55-20200517@151536-Eden.fts [TYPE] LIGHT [OBJ] LP_388-55 [RA] 17 35 12.8661 [Dec] +26 34 49.5732 [FIL] GG495 [EXPTIME] 60.0 [Date] 2020-05-17T15:15:36 [Time] 15:15:36
31/229 LP_388-55-20200517@151649-Eden.fts [TYPE] LIGHT [OBJ] LP_388-55 [RA] 17 35 12.8661 [Dec] +26 34 49.5732 [FIL] GG495 [EXPTIME] 60.0 [Date] 2020-05-17T15:16:50 [Time] 15:16:50
32/229 LP_388-55-20200517@151804-Eden.fts [TYPE] LIGHT [OBJ] LP_388-55 [RA] 17 35 12.8661 [Dec] +26 34 49.5732 [FIL] GG495 [EXPTIME] 60.0 [Date] 2020-05-17T15:18:04 [Time] 15:18:04
33/229 LP_388-55-20200517@151918-Eden.fts [TYPE] LIGHT [OBJ] LP_388-55 [RA] 17 35 12.8661 [Dec] +26 34 49.5732 [FIL] GG495 [EXPTIME] 60.0 [Date] 2020-05-17T15:19:18 [Time] 15:19:18
34/229 LP_388-55-20200517@152033-Eden.fts [TYPE] LIGHT [OBJ] LP_388-55 [RA] 17 35 12.8661 [Dec] +26 34 49.5732 [FIL] GG495 [EXPTIME] 60.0 [Date] 2020-05-17T15:20:33 [Time] 15:20:33
35/229 LP_388-55-20200517@152146-Eden.fts [TYPE] LIGHT [OBJ] LP_388-55 [RA] 17 35 12.8661 [Dec] +26 34 49.5732 [FIL] GG495 [EXPTIME] 60.0 [Date] 2020-05-17T15:21:46 [Time] 15:21:46
36/229 LP_388-55-20200517@152300-Eden.fts [TYPE] LIGHT [OBJ] LP_388-55 [RA] 17 35 12.8661 [Dec] +26 34 49.5732 [FIL] GG495 [EXPTIME] 60.0 [Date] 2020-05-17T15:23:00 [Time] 15:23:00
37/229 LP_388-55-20200517@152414-Eden.fts [TYPE] LIGHT [OBJ] LP_388-55 [RA] 17 35 12.8661 [Dec] +26 34 49.5732 [FIL] GG495 [EXPTIME] 60.0 [Date] 2020-05-17T15:24:14 [Time] 15:24:14
38/229 LP_388-55-20200517@152528-Eden.fts [TYPE] LIGHT [OBJ] LP_388-55 [RA] 17 35 12.8661 [Dec] +26 34 49.5732 [FIL] GG495 [EXPTIME] 60.0 [Date] 2020-05-17T15:25:28 [Time] 15:25:28
39/229 LP_388-55-20200517@152642-Eden.fts [TYPE] LIGHT [OBJ] LP_388-55 [RA] 17 35 12.8661 [Dec] +26 34 49.5732 [FIL] GG495 [EXPTIME] 60.0 [Date] 2020-05-17T15:26:42 [Time] 15:26:42
40/229 LP_388-55-20200517@152756-Eden.fts [TYPE] LIGHT [OBJ] LP_388-55 [RA] 17 35 12.8661 [Dec] +26 34 49.5732 [FIL] GG495 [EXPTIME] 60.0 [Date] 2020-05-17T15:27:56 [Time] 15:27:56
41/229 LP_388-55-20200517@152910-Eden.fts [TYPE] LIGHT [OBJ] LP_388-55 [RA] 17 35 12.8661 [Dec] +26 34 49.5732 [FIL] GG495 [EXPTIME] 60.0 [Date] 2020-05-17T15:29:11 [Time] 15:29:11
42/229 LP_388-55-20200517@153025-Eden.fts [TYPE] LIGHT [OBJ] LP_388-55 [RA] 17 35 12.8661 [Dec] +26 34 49.5732 [FIL] GG495 [EXPTIME] 60.0 [Date] 2020-05-17T15:30:25 [Time] 15:30:25
43/229 LP_388-55-20200517@153139-Eden.fts [TYPE] LIGHT [OBJ] LP_388-55 [RA] 17 35 12.8661 [Dec] +26 34 49.5732 [FIL] GG495 [EXPTIME] 60.0 [Date] 2020-05-17T15:31:39 [Time] 15:31:39
44/229 LP_388-55-20200517@153254-Eden.fts [TYPE] LIGHT [OBJ] LP_388-55 [RA] 17 35 12.8661 [Dec] +26 34 49.5732 [FIL] GG495 [EXPTIME] 60.0 [Date] 2020-05-17T15:32:54 [Time] 15:32:54
45/229 LP_388-55-20200517@153408-Eden.fts [TYPE] LIGHT [OBJ] LP_388-55 [RA] 17 35 12.8661 [Dec] +26 34 49.5732 [FIL] GG495 [EXPTIME] 60.0 [Date] 2020-05-17T15:34:08 [Time] 15:34:08
46/229 LP_388-55-20200517@153521-Eden.fts [TYPE] LIGHT [OBJ] LP_388-55 [RA] 17 35 12.8661 [Dec] +26 34 49.5732 [FIL] GG495 [EXPTIME] 60.0 [Date] 2020-05-17T15:35:21 [Time] 15:35:21
47/229 LP_388-55-20200517@153635-Eden.fts [TYPE] LIGHT [OBJ] LP_388-55 [RA] 17 35 12.8661 [Dec] +26 34 49.5732 [FIL] GG495 [EXPTIME] 60.0 [Date] 2020-05-17T15:36:36 [Time] 15:36:36
48/229 LP_388-55-20200517@153749-Eden.fts [TYPE] LIGHT [OBJ] LP_388-55 [RA] 17 35 12.8661 [Dec] +26 34 49.5732 [FIL] GG495 [EXPTIME] 60.0 [Date] 2020-05-17T15:37:50 [Time] 15:37:50
49/229 LP_388-55-20200517@153903-Eden.fts [TYPE] LIGHT [OBJ] LP_388-55 [RA] 17 35 12.8661 [Dec] +26 34 49.5732 [FIL] GG495 [EXPTIME] 60.0 [Date] 2020-05-17T15:39:03 [Time] 15:39:03
50/229 LP_388-55-20200517@154017-Eden.fts [TYPE] LIGHT [OBJ] LP_388-55 [RA] 17 35 12.8661 [Dec] +26 34 49.5732 [FIL] GG495 [EXPTIME] 60.0 [Date] 2020-05-17T15:40:17 [Time] 15:40:17
51/229 LP_388-55-20200517@154130-Eden.fts [TYPE] LIGHT [OBJ] LP_388-55 [RA] 17 35 12.8661 [Dec] +26 34 49.5732 [FIL] GG495 [EXPTIME] 60.0 [Date] 2020-05-17T15:41:31 [Time] 15:41:31
52/229 LP_388-55-20200517@154244-Eden.fts [TYPE] LIGHT [OBJ] LP_388-55 [RA] 17 35 12.8661 [Dec] +26 34 49.5732 [FIL] GG495 [EXPTIME] 60.0 [Date] 2020-05-17T15:42:44 [Time] 15:42:44
53/229 LP_388-55-20200517@154359-Eden.fts [TYPE] LIGHT [OBJ] LP_388-55 [RA] 17 35 12.8661 [Dec] +26 34 49.5732 [FIL] GG495 [EXPTIME] 60.0 [Date] 2020-05-17T15:43:59 [Time] 15:43:59
54/229 LP_388-55-20200517@154512-Eden.fts [TYPE] LIGHT [OBJ] LP_388-55 [RA] 17 35 12.8661 [Dec] +26 34 49.5732 [FIL] GG495 [EXPTIME] 60.0 [Date] 2020-05-17T15:45:13 [Time] 15:45:13
55/229 LP_388-55-20200517@154626-Eden.fts [TYPE] LIGHT [OBJ] LP_388-55 [RA] 17 35 12.8661 [Dec] +26 34 49.5732 [FIL] GG495 [EXPTIME] 60.0 [Date] 2020-05-17T15:46:26 [Time] 15:46:26
56/229 LP_388-55-20200517@154740-Eden.fts [TYPE] LIGHT [OBJ] LP_388-55 [RA] 17 35 12.8661 [Dec] +26 34 49.5732 [FIL] GG495 [EXPTIME] 60.0 [Date] 2020-05-17T15:47:41 [Time] 15:47:41
57/229 LP_388-55-20200517@154855-Eden.fts [TYPE] LIGHT [OBJ] LP_388-55 [RA] 17 35 12.8661 [Dec] +26 34 49.5732 [FIL] GG495 [EXPTIME] 60.0 [Date] 2020-05-17T15:48:55 [Time] 15:48:55
58/229 LP_388-55-20200517@155008-Eden.fts [TYPE] LIGHT [OBJ] LP_388-55 [RA] 17 35 12.8661 [Dec] +26 34 49.5732 [FIL] GG495 [EXPTIME] 60.0 [Date] 2020-05-17T15:50:09 [Time] 15:50:09
59/229 LP_388-55-20200517@155122-Eden.fts [TYPE] LIGHT [OBJ] LP_388-55 [RA] 17 35 12.8661 [Dec] +26 34 49.5732 [FIL] GG495 [EXPTIME] 60.0 [Date] 2020-05-17T15:51:22 [Time] 15:51:22
60/229 LP_388-55-20200517@155236-Eden.fts [TYPE] LIGHT [OBJ] LP_388-55 [RA] 17 35 12.8661 [Dec] +26 34 49.5732 [FIL] GG495 [EXPTIME] 60.0 [Date] 2020-05-17T15:52:36 [Time] 15:52:36
61/229 LP_388-55-20200517@155351-Eden.fts [TYPE] LIGHT [OBJ] LP_388-55 [RA] 17 35 12.8661 [Dec] +26 34 49.5732 [FIL] GG495 [EXPTIME] 60.0 [Date] 2020-05-17T15:53:51 [Time] 15:53:51
62/229 LP_388-55-20200517@155504-Eden.fts [TYPE] LIGHT [OBJ] LP_388-55 [RA] 17 35 12.8661 [Dec] +26 34 49.5732 [FIL] GG495 [EXPTIME] 60.0 [Date] 2020-05-17T15:55:05 [Time] 15:55:05
63/229 LP_388-55-20200517@155619-Eden.fts [TYPE] LIGHT [OBJ] LP_388-55 [RA] 17 35 12.8661 [Dec] +26 34 49.5732 [FIL] GG495 [EXPTIME] 60.0 [Date] 2020-05-17T15:56:20 [Time] 15:56:20
64/229 LP_388-55-20200517@155733-Eden.fts [TYPE] LIGHT [OBJ] LP_388-55 [RA] 17 35 12.8661 [Dec] +26 34 49.5732 [FIL] GG495 [EXPTIME] 60.0 [Date] 2020-05-17T15:57:33 [Time] 15:57:33
65/229 LP_388-55-20200517@155847-Eden.fts [TYPE] LIGHT [OBJ] LP_388-55 [RA] 17 35 12.8661 [Dec] +26 34 49.5732 [FIL] GG495 [EXPTIME] 60.0 [Date] 2020-05-17T15:58:47 [Time] 15:58:47
66/229 LP_388-55-20200517@160001-Eden.fts [TYPE] LIGHT [OBJ] LP_388-55 [RA] 17 35 12.8661 [Dec] +26 34 49.5732 [FIL] GG495 [EXPTIME] 60.0 [Date] 2020-05-17T16:00:01 [Time] 16:00:01
67/229 LP_388-55-20200517@160115-Eden.fts [TYPE] LIGHT [OBJ] LP_388-55 [RA] 17 35 12.8661 [Dec] +26 34 49.5732 [FIL] GG495 [EXPTIME] 60.0 [Date] 2020-05-17T16:01:15 [Time] 16:01:15
68/229 LP_388-55-20200517@160615-Eden.fts [TYPE] LIGHT [OBJ] LP_388-55 [RA] 17 35 12.8661 [Dec] +26 34 49.5732 [FIL] GG495 [EXPTIME] 60.0 [Date] 2020-05-17T16:06:27 [Time] 16:06:27
69/229 LP_388-55-20200517@160742-Eden.fts [TYPE] LIGHT [OBJ] LP_388-55 [RA] 17 35 12.8661 [Dec] +26 34 49.5732 [FIL] GG495 [EXPTIME] 60.0 [Date] 2020-05-17T16:07:42 [Time] 16:07:42
70/229 LP_388-55-20200517@160856-Eden.fts [TYPE] LIGHT [OBJ] LP_388-55 [RA] 17 35 12.8661 [Dec] +26 34 49.5732 [FIL] GG495 [EXPTIME] 60.0 [Date] 2020-05-17T16:08:57 [Time] 16:08:57
71/229 LP_388-55-20200517@161011-Eden.fts [TYPE] LIGHT [OBJ] LP_388-55 [RA] 17 35 12.8661 [Dec] +26 34 49.5732 [FIL] GG495 [EXPTIME] 60.0 [Date] 2020-05-17T16:10:11 [Time] 16:10:11
72/229 LP_388-55-20200517@161124-Eden.fts [TYPE] LIGHT [OBJ] LP_388-55 [RA] 17 35 12.8661 [Dec] +26 34 49.5732 [FIL] GG495 [EXPTIME] 60.0 [Date] 2020-05-17T16:11:25 [Time] 16:11:25
73/229 LP_388-55-20200517@161239-Eden.fts [TYPE] LIGHT [OBJ] LP_388-55 [RA] 17 35 12.8661 [Dec] +26 34 49.5732 [FIL] GG495 [EXPTIME] 60.0 [Date] 2020-05-17T16:12:39 [Time] 16:12:39
74/229 LP_388-55-20200517@161353-Eden.fts [TYPE] LIGHT [OBJ] LP_388-55 [RA] 17 35 12.8661 [Dec] +26 34 49.5732 [FIL] GG495 [EXPTIME] 60.0 [Date] 2020-05-17T16:13:53 [Time] 16:13:53
75/229 LP_388-55-20200517@161506-Eden.fts [TYPE] LIGHT [OBJ] LP_388-55 [RA] 17 35 12.8661 [Dec] +26 34 49.5732 [FIL] GG495 [EXPTIME] 60.0 [Date] 2020-05-17T16:15:07 [Time] 16:15:07
76/229 LP_388-55-20200517@161621-Eden.fts [TYPE] LIGHT [OBJ] LP_388-55 [RA] 17 35 12.8661 [Dec] +26 34 49.5732 [FIL] GG495 [EXPTIME] 60.0 [Date] 2020-05-17T16:16:21 [Time] 16:16:21
77/229 LP_388-55-20200517@161734-Eden.fts [TYPE] LIGHT [OBJ] LP_388-55 [RA] 17 35 12.8661 [Dec] +26 34 49.5732 [FIL] GG495 [EXPTIME] 60.0 [Date] 2020-05-17T16:17:34 [Time] 16:17:34
78/229 LP_388-55-20200517@161848-Eden.fts [TYPE] LIGHT [OBJ] LP_388-55 [RA] 17 35 12.8661 [Dec] +26 34 49.5732 [FIL] GG495 [EXPTIME] 60.0 [Date] 2020-05-17T16:18:49 [Time] 16:18:49
79/229 LP_388-55-20200517@162003-Eden.fts [TYPE] LIGHT [OBJ] LP_388-55 [RA] 17 35 12.8661 [Dec] +26 34 49.5732 [FIL] GG495 [EXPTIME] 60.0 [Date] 2020-05-17T16:20:03 [Time] 16:20:03
80/229 LP_388-55-20200517@162118-Eden.fts [TYPE] LIGHT [OBJ] LP_388-55 [RA] 17 35 12.8661 [Dec] +26 34 49.5732 [FIL] GG495 [EXPTIME] 60.0 [Date] 2020-05-17T16:21:18 [Time] 16:21:18
81/229 LP_388-55-20200517@162231-Eden.fts [TYPE] LIGHT [OBJ] LP_388-55 [RA] 17 35 12.8661 [Dec] +26 34 49.5732 [FIL] GG495 [EXPTIME] 60.0 [Date] 2020-05-17T16:22:32 [Time] 16:22:32
82/229 LP_388-55-20200517@162347-Eden.fts [TYPE] LIGHT [OBJ] LP_388-55 [RA] 17 35 12.8661 [Dec] +26 34 49.5732 [FIL] GG495 [EXPTIME] 60.0 [Date] 2020-05-17T16:23:47 [Time] 16:23:47
83/229 LP_388-55-20200517@162501-Eden.fts [TYPE] LIGHT [OBJ] LP_388-55 [RA] 17 35 12.8661 [Dec] +26 34 49.5732 [FIL] GG495 [EXPTIME] 60.0 [Date] 2020-05-17T16:25:01 [Time] 16:25:01
84/229 LP_388-55-20200517@162614-Eden.fts [TYPE] LIGHT [OBJ] LP_388-55 [RA] 17 35 12.8661 [Dec] +26 34 49.5732 [FIL] GG495 [EXPTIME] 60.0 [Date] 2020-05-17T16:26:14 [Time] 16:26:14
85/229 LP_388-55-20200517@162729-Eden.fts [TYPE] LIGHT [OBJ] LP_388-55 [RA] 17 35 12.8661 [Dec] +26 34 49.5732 [FIL] GG495 [EXPTIME] 60.0 [Date] 2020-05-17T16:27:29 [Time] 16:27:29
86/229 LP_388-55-20200517@162844-Eden.fts [TYPE] LIGHT [OBJ] LP_388-55 [RA] 17 35 12.8661 [Dec] +26 34 49.5732 [FIL] GG495 [EXPTIME] 60.0 [Date] 2020-05-17T16:28:44 [Time] 16:28:44
87/229 LP_388-55-20200517@162958-Eden.fts [TYPE] LIGHT [OBJ] LP_388-55 [RA] 17 35 12.8661 [Dec] +26 34 49.5732 [FIL] GG495 [EXPTIME] 60.0 [Date] 2020-05-17T16:29:58 [Time] 16:29:58
88/229 LP_388-55-20200517@163113-Eden.fts [TYPE] LIGHT [OBJ] LP_388-55 [RA] 17 35 12.8661 [Dec] +26 34 49.5732 [FIL] GG495 [EXPTIME] 60.0 [Date] 2020-05-17T16:31:13 [Time] 16:31:13
89/229 LP_388-55-20200517@163227-Eden.fts [TYPE] LIGHT [OBJ] LP_388-55 [RA] 17 35 12.8661 [Dec] +26 34 49.5732 [FIL] GG495 [EXPTIME] 60.0 [Date] 2020-05-17T16:32:27 [Time] 16:32:27
90/229 LP_388-55-20200517@163340-Eden.fts [TYPE] LIGHT [OBJ] LP_388-55 [RA] 17 35 12.8661 [Dec] +26 34 49.5732 [FIL] GG495 [EXPTIME] 60.0 [Date] 2020-05-17T16:33:41 [Time] 16:33:41
91/229 LP_388-55-20200517@163455-Eden.fts [TYPE] LIGHT [OBJ] LP_388-55 [RA] 17 35 12.8661 [Dec] +26 34 49.5732 [FIL] GG495 [EXPTIME] 60.0 [Date] 2020-05-17T16:34:55 [Time] 16:34:55
92/229 LP_388-55-20200517@163610-Eden.fts [TYPE] LIGHT [OBJ] LP_388-55 [RA] 17 35 12.8661 [Dec] +26 34 49.5732 [FIL] GG495 [EXPTIME] 60.0 [Date] 2020-05-17T16:36:10 [Time] 16:36:10
93/229 LP_388-55-20200517@163724-Eden.fts [TYPE] LIGHT [OBJ] LP_388-55 [RA] 17 35 12.8661 [Dec] +26 34 49.5732 [FIL] GG495 [EXPTIME] 60.0 [Date] 2020-05-17T16:37:25 [Time] 16:37:25
94/229 LP_388-55-20200517@163839-Eden.fts [TYPE] LIGHT [OBJ] LP_388-55 [RA] 17 35 12.8661 [Dec] +26 34 49.5732 [FIL] GG495 [EXPTIME] 60.0 [Date] 2020-05-17T16:38:39 [Time] 16:38:39
95/229 LP_388-55-20200517@163954-Eden.fts [TYPE] LIGHT [OBJ] LP_388-55 [RA] 17 35 12.8661 [Dec] +26 34 49.5732 [FIL] GG495 [EXPTIME] 60.0 [Date] 2020-05-17T16:39:54 [Time] 16:39:54
96/229 LP_388-55-20200517@164109-Eden.fts [TYPE] LIGHT [OBJ] LP_388-55 [RA] 17 35 12.8661 [Dec] +26 34 49.5732 [FIL] GG495 [EXPTIME] 60.0 [Date] 2020-05-17T16:41:09 [Time] 16:41:09
97/229 LP_388-55-20200517@164223-Eden.fts [TYPE] LIGHT [OBJ] LP_388-55 [RA] 17 35 12.8661 [Dec] +26 34 49.5732 [FIL] GG495 [EXPTIME] 60.0 [Date] 2020-05-17T16:42:23 [Time] 16:42:23
98/229 LP_388-55-20200517@164338-Eden.fts [TYPE] LIGHT [OBJ] LP_388-55 [RA] 17 35 12.8661 [Dec] +26 34 49.5732 [FIL] GG495 [EXPTIME] 60.0 [Date] 2020-05-17T16:43:38 [Time] 16:43:38
99/229 LP_388-55-20200517@164453-Eden.fts [TYPE] LIGHT [OBJ] LP_388-55 [RA] 17 35 12.8661 [Dec] +26 34 49.5732 [FIL] GG495 [EXPTIME] 60.0 [Date] 2020-05-17T16:44:53 [Time] 16:44:53
100/229 LP_388-55-20200517@164606-Eden.fts [TYPE] LIGHT [OBJ] LP_388-55 [RA] 17 35 12.8661 [Dec] +26 34 49.5732 [FIL] GG495 [EXPTIME] 60.0 [Date] 2020-05-17T16:46:07 [Time] 16:46:07
101/229 LP_388-55-20200517@164721-Eden.fts [TYPE] LIGHT [OBJ] LP_388-55 [RA] 17 35 12.8661 [Dec] +26 34 49.5732 [FIL] GG495 [EXPTIME] 60.0 [Date] 2020-05-17T16:47:22 [Time] 16:47:22
102/229 LP_388-55-20200517@164835-Eden.fts [TYPE] LIGHT [OBJ] LP_388-55 [RA] 17 35 12.8661 [Dec] +26 34 49.5732 [FIL] GG495 [EXPTIME] 60.0 [Date] 2020-05-17T16:48:35 [Time] 16:48:35
103/229 LP_388-55-20200517@164949-Eden.fts [TYPE] LIGHT [OBJ] LP_388-55 [RA] 17 35 12.8661 [Dec] +26 34 49.5732 [FIL] GG495 [EXPTIME] 60.0 [Date] 2020-05-17T16:49:49 [Time] 16:49:49
104/229 LP_388-55-20200517@165103-Eden.fts [TYPE] LIGHT [OBJ] LP_388-55 [RA] 17 35 12.8661 [Dec] +26 34 49.5732 [FIL] GG495 [EXPTIME] 60.0 [Date] 2020-05-17T16:51:03 [Time] 16:51:03
105/229 LP_388-55-20200517@165218-Eden.fts [TYPE] LIGHT [OBJ] LP_388-55 [RA] 17 35 12.8661 [Dec] +26 34 49.5732 [FIL] GG495 [EXPTIME] 60.0 [Date] 2020-05-17T16:52:19 [Time] 16:52:19
106/229 LP_388-55-20200517@165333-Eden.fts [TYPE] LIGHT [OBJ] LP_388-55 [RA] 17 35 12.8661 [Dec] +26 34 49.5732 [FIL] GG495 [EXPTIME] 60.0 [Date] 2020-05-17T16:53:33 [Time] 16:53:33
107/229 LP_388-55-20200517@165448-Eden.fts [TYPE] LIGHT [OBJ] LP_388-55 [RA] 17 35 12.8661 [Dec] +26 34 49.5732 [FIL] GG495 [EXPTIME] 60.0 [Date] 2020-05-17T16:54:48 [Time] 16:54:48
108/229 LP_388-55-20200517@165602-Eden.fts [TYPE] LIGHT [OBJ] LP_388-55 [RA] 17 35 12.8661 [Dec] +26 34 49.5732 [FIL] GG495 [EXPTIME] 60.0 [Date] 2020-05-17T16:56:03 [Time] 16:56:03
109/229 LP_388-55-20200517@165717-Eden.fts [TYPE] LIGHT [OBJ] LP_388-55 [RA] 17 35 12.8661 [Dec] +26 34 49.5732 [FIL] GG495 [EXPTIME] 60.0 [Date] 2020-05-17T16:57:17 [Time] 16:57:17
110/229 LP_388-55-20200517@165831-Eden.fts [TYPE] LIGHT [OBJ] LP_388-55 [RA] 17 35 12.8661 [Dec] +26 34 49.5732 [FIL] GG495 [EXPTIME] 60.0 [Date] 2020-05-17T16:58:31 [Time] 16:58:31
111/229 LP_388-55-20200517@165945-Eden.fts [TYPE] LIGHT [OBJ] LP_388-55 [RA] 17 35 12.8661 [Dec] +26 34 49.5732 [FIL] GG495 [EXPTIME] 60.0 [Date] 2020-05-17T16:59:46 [Time] 16:59:46
112/229 LP_388-55-20200517@170100-Eden.fts [TYPE] LIGHT [OBJ] LP_388-55 [RA] 17 35 12.8661 [Dec] +26 34 49.5732 [FIL] GG495 [EXPTIME] 60.0 [Date] 2020-05-17T17:01:00 [Time] 17:01:00
113/229 LP_388-55-20200517@170214-Eden.fts [TYPE] LIGHT [OBJ] LP_388-55 [RA] 17 35 12.8661 [Dec] +26 34 49.5732 [FIL] GG495 [EXPTIME] 60.0 [Date] 2020-05-17T17:02:14 [Time] 17:02:14
114/229 LP_388-55-20200517@170329-Eden.fts [TYPE] LIGHT [OBJ] LP_388-55 [RA] 17 35 12.8661 [Dec] +26 34 49.5732 [FIL] GG495 [EXPTIME] 60.0 [Date] 2020-05-17T17:03:29 [Time] 17:03:29
115/229 LP_388-55-20200517@170444-Eden.fts [TYPE] LIGHT [OBJ] LP_388-55 [RA] 17 35 12.8661 [Dec] +26 34 49.5732 [FIL] GG495 [EXPTIME] 60.0 [Date] 2020-05-17T17:04:44 [Time] 17:04:44
116/229 LP_388-55-20200517@170558-Eden.fts [TYPE] LIGHT [OBJ] LP_388-55 [RA] 17 35 12.8661 [Dec] +26 34 49.5732 [FIL] GG495 [EXPTIME] 60.0 [Date] 2020-05-17T17:05:59 [Time] 17:05:59
117/229 LP_388-55-20200517@170713-Eden.fts [TYPE] LIGHT [OBJ] LP_388-55 [RA] 17 35 12.8661 [Dec] +26 34 49.5732 [FIL] GG495 [EXPTIME] 60.0 [Date] 2020-05-17T17:07:13 [Time] 17:07:13
118/229 LP_388-55-20200517@170827-Eden.fts [TYPE] LIGHT [OBJ] LP_388-55 [RA] 17 35 12.8661 [Dec] +26 34 49.5732 [FIL] GG495 [EXPTIME] 60.0 [Date] 2020-05-17T17:08:27 [Time] 17:08:27
119/229 LP_388-55-20200517@170941-Eden.fts [TYPE] LIGHT [OBJ] LP_388-55 [RA] 17 35 12.8661 [Dec] +26 34 49.5732 [FIL] GG495 [EXPTIME] 60.0 [Date] 2020-05-17T17:09:41 [Time] 17:09:41
120/229 LP_388-55-20200517@171054-Eden.fts [TYPE] LIGHT [OBJ] LP_388-55 [RA] 17 35 12.8661 [Dec] +26 34 49.5732 [FIL] GG495 [EXPTIME] 60.0 [Date] 2020-05-17T17:10:55 [Time] 17:10:55
121/229 LP_388-55-20200517@171209-Eden.fts [TYPE] LIGHT [OBJ] LP_388-55 [RA] 17 35 12.8661 [Dec] +26 34 49.5732 [FIL] GG495 [EXPTIME] 60.0 [Date] 2020-05-17T17:12:09 [Time] 17:12:09
122/229 LP_388-55-20200517@171323-Eden.fts [TYPE] LIGHT [OBJ] LP_388-55 [RA] 17 35 12.8661 [Dec] +26 34 49.5732 [FIL] GG495 [EXPTIME] 60.0 [Date] 2020-05-17T17:13:23 [Time] 17:13:23
123/229 LP_388-55-20200517@171437-Eden.fts [TYPE] LIGHT [OBJ] LP_388-55 [RA] 17 35 12.8661 [Dec] +26 34 49.5732 [FIL] GG495 [EXPTIME] 60.0 [Date] 2020-05-17T17:14:38 [Time] 17:14:38
124/229 LP_388-55-20200517@171551-Eden.fts [TYPE] LIGHT [OBJ] LP_388-55 [RA] 17 35 12.8661 [Dec] +26 34 49.5732 [FIL] GG495 [EXPTIME] 60.0 [Date] 2020-05-17T17:15:51 [Time] 17:15:51
125/229 LP_388-55-20200517@171705-Eden.fts [TYPE] LIGHT [OBJ] LP_388-55 [RA] 17 35 12.8661 [Dec] +26 34 49.5732 [FIL] GG495 [EXPTIME] 60.0 [Date] 2020-05-17T17:17:06 [Time] 17:17:06
126/229 LP_388-55-20200517@171819-Eden.fts [TYPE] LIGHT [OBJ] LP_388-55 [RA] 17 35 12.8661 [Dec] +26 34 49.5732 [FIL] GG495 [EXPTIME] 60.0 [Date] 2020-05-17T17:18:19 [Time] 17:18:19
127/229 LP_388-55-20200517@171933-Eden.fts [TYPE] LIGHT [OBJ] LP_388-55 [RA] 17 35 12.8661 [Dec] +26 34 49.5732 [FIL] GG495 [EXPTIME] 60.0 [Date] 2020-05-17T17:19:34 [Time] 17:19:34
128/229 LP_388-55-20200517@172049-Eden.fts [TYPE] LIGHT [OBJ] LP_388-55 [RA] 17 35 12.8661 [Dec] +26 34 49.5732 [FIL] GG495 [EXPTIME] 60.0 [Date] 2020-05-17T17:20:49 [Time] 17:20:49
129/229 LP_388-55-20200517@172203-Eden.fts [TYPE] LIGHT [OBJ] LP_388-55 [RA] 17 35 12.8661 [Dec] +26 34 49.5732 [FIL] GG495 [EXPTIME] 60.0 [Date] 2020-05-17T17:22:04 [Time] 17:22:04
130/229 LP_388-55-20200517@172318-Eden.fts [TYPE] LIGHT [OBJ] LP_388-55 [RA] 17 35 12.8661 [Dec] +26 34 49.5732 [FIL] GG495 [EXPTIME] 60.0 [Date] 2020-05-17T17:23:18 [Time] 17:23:18
131/229 LP_388-55-20200517@172433-Eden.fts [TYPE] LIGHT [OBJ] LP_388-55 [RA] 17 35 12.8661 [Dec] +26 34 49.5732 [FIL] GG495 [EXPTIME] 60.0 [Date] 2020-05-17T17:24:33 [Time] 17:24:33
132/229 LP_388-55-20200517@172547-Eden.fts [TYPE] LIGHT [OBJ] LP_388-55 [RA] 17 35 12.8661 [Dec] +26 34 49.5732 [FIL] GG495 [EXPTIME] 60.0 [Date] 2020-05-17T17:25:48 [Time] 17:25:48
133/229 LP_388-55-20200517@172701-Eden.fts [TYPE] LIGHT [OBJ] LP_388-55 [RA] 17 35 12.8661 [Dec] +26 34 49.5732 [FIL] GG495 [EXPTIME] 60.0 [Date] 2020-05-17T17:27:01 [Time] 17:27:01
134/229 LP_388-55-20200517@172814-Eden.fts [TYPE] LIGHT [OBJ] LP_388-55 [RA] 17 35 12.8661 [Dec] +26 34 49.5732 [FIL] GG495 [EXPTIME] 60.0 [Date] 2020-05-17T17:28:15 [Time] 17:28:15
135/229 LP_388-55-20200517@172928-Eden.fts [TYPE] LIGHT [OBJ] LP_388-55 [RA] 17 35 12.8661 [Dec] +26 34 49.5732 [FIL] GG495 [EXPTIME] 60.0 [Date] 2020-05-17T17:29:28 [Time] 17:29:28
136/229 LP_388-55-20200517@173041-Eden.fts [TYPE] LIGHT [OBJ] LP_388-55 [RA] 17 35 12.8661 [Dec] +26 34 49.5732 [FIL] GG495 [EXPTIME] 60.0 [Date] 2020-05-17T17:30:42 [Time] 17:30:42
137/229 LP_388-55-20200517@173156-Eden.fts [TYPE] LIGHT [OBJ] LP_388-55 [RA] 17 35 12.8661 [Dec] +26 34 49.5732 [FIL] GG495 [EXPTIME] 60.0 [Date] 2020-05-17T17:31:56 [Time] 17:31:56
138/229 LP_388-55-20200517@173310-Eden.fts [TYPE] LIGHT [OBJ] LP_388-55 [RA] 17 35 12.8661 [Dec] +26 34 49.5732 [FIL] GG495 [EXPTIME] 60.0 [Date] 2020-05-17T17:33:11 [Time] 17:33:11
139/229 LP_388-55-20200517@173425-Eden.fts [TYPE] LIGHT [OBJ] LP_388-55 [RA] 17 35 12.8661 [Dec] +26 34 49.5732 [FIL] GG495 [EXPTIME] 60.0 [Date] 2020-05-17T17:34:26 [Time] 17:34:26
140/229 LP_388-55-20200517@173539-Eden.fts [TYPE] LIGHT [OBJ] LP_388-55 [RA] 17 35 12.8661 [Dec] +26 34 49.5732 [FIL] GG495 [EXPTIME] 60.0 [Date] 2020-05-17T17:35:39 [Time] 17:35:39
141/229 LP_388-55-20200517@173654-Eden.fts [TYPE] LIGHT [OBJ] LP_388-55 [RA] 17 35 12.8661 [Dec] +26 34 49.5732 [FIL] GG495 [EXPTIME] 60.0 [Date] 2020-05-17T17:36:55 [Time] 17:36:55
142/229 LP_388-55-20200517@173809-Eden.fts [TYPE] LIGHT [OBJ] LP_388-55 [RA] 17 35 12.8661 [Dec] +26 34 49.5732 [FIL] GG495 [EXPTIME] 60.0 [Date] 2020-05-17T17:38:09 [Time] 17:38:09
143/229 LP_388-55-20200517@173924-Eden.fts [TYPE] LIGHT [OBJ] LP_388-55 [RA] 17 35 12.8661 [Dec] +26 34 49.5732 [FIL] GG495 [EXPTIME] 60.0 [Date] 2020-05-17T17:39:24 [Time] 17:39:24
144/229 LP_388-55-20200517@174039-Eden.fts [TYPE] LIGHT [OBJ] LP_388-55 [RA] 17 35 12.8661 [Dec] +26 34 49.5732 [FIL] GG495 [EXPTIME] 60.0 [Date] 2020-05-17T17:40:39 [Time] 17:40:39
145/229 LP_388-55-20200517@174154-Eden.fts [TYPE] LIGHT [OBJ] LP_388-55 [RA] 17 35 12.8661 [Dec] +26 34 49.5732 [FIL] GG495 [EXPTIME] 60.0 [Date] 2020-05-17T17:41:54 [Time] 17:41:54
146/229 LP_388-55-20200517@174307-Eden.fts [TYPE] LIGHT [OBJ] LP_388-55 [RA] 17 35 12.8661 [Dec] +26 34 49.5732 [FIL] GG495 [EXPTIME] 60.0 [Date] 2020-05-17T17:43:07 [Time] 17:43:07
147/229 LP_388-55-20200517@174421-Eden.fts [TYPE] LIGHT [OBJ] LP_388-55 [RA] 17 35 12.8661 [Dec] +26 34 49.5732 [FIL] GG495 [EXPTIME] 60.0 [Date] 2020-05-17T17:44:22 [Time] 17:44:22
148/229 LP_388-55-20200517@174536-Eden.fts [TYPE] LIGHT [OBJ] LP_388-55 [RA] 17 35 12.8661 [Dec] +26 34 49.5732 [FIL] GG495 [EXPTIME] 60.0 [Date] 2020-05-17T17:45:37 [Time] 17:45:37
149/229 LP_388-55-20200517@174651-Eden.fts [TYPE] LIGHT [OBJ] LP_388-55 [RA] 17 35 12.8661 [Dec] +26 34 49.5732 [FIL] GG495 [EXPTIME] 60.0 [Date] 2020-05-17T17:46:51 [Time] 17:46:51
150/229 LP_388-55-20200517@174805-Eden.fts [TYPE] LIGHT [OBJ] LP_388-55 [RA] 17 35 12.8661 [Dec] +26 34 49.5732 [FIL] GG495 [EXPTIME] 60.0 [Date] 2020-05-17T17:48:06 [Time] 17:48:06
151/229 LP_388-55-20200517@174920-Eden.fts [TYPE] LIGHT [OBJ] LP_388-55 [RA] 17 35 12.8661 [Dec] +26 34 49.5732 [FIL] GG495 [EXPTIME] 60.0 [Date] 2020-05-17T17:49:20 [Time] 17:49:20
152/229 LP_388-55-20200517@175034-Eden.fts [TYPE] LIGHT [OBJ] LP_388-55 [RA] 17 35 12.8661 [Dec] +26 34 49.5732 [FIL] GG495 [EXPTIME] 60.0 [Date] 2020-05-17T17:50:34 [Time] 17:50:34
153/229 LP_388-55-20200517@175148-Eden.fts [TYPE] LIGHT [OBJ] LP_388-55 [RA] 17 35 12.8661 [Dec] +26 34 49.5732 [FIL] GG495 [EXPTIME] 60.0 [Date] 2020-05-17T17:51:48 [Time] 17:51:48
154/229 LP_388-55-20200517@175302-Eden.fts [TYPE] LIGHT [OBJ] LP_388-55 [RA] 17 35 12.8661 [Dec] +26 34 49.5732 [FIL] GG495 [EXPTIME] 60.0 [Date] 2020-05-17T17:53:02 [Time] 17:53:02
155/229 LP_388-55-20200517@175416-Eden.fts [TYPE] LIGHT [OBJ] LP_388-55 [RA] 17 35 12.8661 [Dec] +26 34 49.5732 [FIL] GG495 [EXPTIME] 60.0 [Date] 2020-05-17T17:54:17 [Time] 17:54:17
156/229 LP_388-55-20200517@175531-Eden.fts [TYPE] LIGHT [OBJ] LP_388-55 [RA] 17 35 12.8661 [Dec] +26 34 49.5732 [FIL] GG495 [EXPTIME] 60.0 [Date] 2020-05-17T17:55:31 [Time] 17:55:31
157/229 LP_388-55-20200517@175645-Eden.fts [TYPE] LIGHT [OBJ] LP_388-55 [RA] 17 35 12.8661 [Dec] +26 34 49.5732 [FIL] GG495 [EXPTIME] 60.0 [Date] 2020-05-17T17:56:45 [Time] 17:56:45
158/229 LP_388-55-20200517@175759-Eden.fts [TYPE] LIGHT [OBJ] LP_388-55 [RA] 17 35 12.8661 [Dec] +26 34 49.5732 [FIL] GG495 [EXPTIME] 60.0 [Date] 2020-05-17T17:58:00 [Time] 17:58:00
159/229 LP_388-55-20200517@175914-Eden.fts [TYPE] LIGHT [OBJ] LP_388-55 [RA] 17 35 12.8661 [Dec] +26 34 49.5732 [FIL] GG495 [EXPTIME] 60.0 [Date] 2020-05-17T17:59:14 [Time] 17:59:14
160/229 LP_388-55-20200517@180028-Eden.fts [TYPE] LIGHT [OBJ] LP_388-55 [RA] 17 35 12.8661 [Dec] +26 34 49.5732 [FIL] GG495 [EXPTIME] 60.0 [Date] 2020-05-17T18:00:29 [Time] 18:00:29
161/229 LP_388-55-20200517@180142-Eden.fts [TYPE] LIGHT [OBJ] LP_388-55 [RA] 17 35 12.8661 [Dec] +26 34 49.5732 [FIL] GG495 [EXPTIME] 60.0 [Date] 2020-05-17T18:01:42 [Time] 18:01:42
162/229 LP_388-55-20200517@180255-Eden.fts [TYPE] LIGHT [OBJ] LP_388-55 [RA] 17 35 12.8661 [Dec] +26 34 49.5732 [FIL] GG495 [EXPTIME] 60.0 [Date] 2020-05-17T18:02:56 [Time] 18:02:56
163/229 LP_388-55-20200517@180409-Eden.fts [TYPE] LIGHT [OBJ] LP_388-55 [RA] 17 35 12.8661 [Dec] +26 34 49.5732 [FIL] GG495 [EXPTIME] 60.0 [Date] 2020-05-17T18:04:10 [Time] 18:04:10
164/229 LP_388-55-20200517@180525-Eden.fts [TYPE] LIGHT [OBJ] LP_388-55 [RA] 17 35 12.8661 [Dec] +26 34 49.5732 [FIL] GG495 [EXPTIME] 60.0 [Date] 2020-05-17T18:05:25 [Time] 18:05:25
165/229 LP_388-55-20200517@180639-Eden.fts [TYPE] LIGHT [OBJ] LP_388-55 [RA] 17 35 12.8661 [Dec] +26 34 49.5732 [FIL] GG495 [EXPTIME] 60.0 [Date] 2020-05-17T18:06:40 [Time] 18:06:40
166/229 LP_388-55-20200517@180752-Eden.fts [TYPE] LIGHT [OBJ] LP_388-55 [RA] 17 35 12.8661 [Dec] +26 34 49.5732 [FIL] GG495 [EXPTIME] 60.0 [Date] 2020-05-17T18:07:53 [Time] 18:07:53
167/229 LP_388-55-20200517@180906-Eden.fts [TYPE] LIGHT [OBJ] LP_388-55 [RA] 17 35 12.8661 [Dec] +26 34 49.5732 [FIL] GG495 [EXPTIME] 60.0 [Date] 2020-05-17T18:09:06 [Time] 18:09:06
168/229 LP_388-55-20200517@181020-Eden.fts [TYPE] LIGHT [OBJ] LP_388-55 [RA] 17 35 12.8661 [Dec] +26 34 49.5732 [FIL] GG495 [EXPTIME] 60.0 [Date] 2020-05-17T18:10:20 [Time] 18:10:20
169/229 LP_388-55-20200517@181134-Eden.fts [TYPE] LIGHT [OBJ] LP_388-55 [RA] 17 35 12.8661 [Dec] +26 34 49.5732 [FIL] GG495 [EXPTIME] 60.0 [Date] 2020-05-17T18:11:34 [Time] 18:11:34
170/229 LP_388-55-20200517@181247-Eden.fts [TYPE] LIGHT [OBJ] LP_388-55 [RA] 17 35 12.8661 [Dec] +26 34 49.5732 [FIL] GG495 [EXPTIME] 60.0 [Date] 2020-05-17T18:12:47 [Time] 18:12:47
171/229 LP_388-55-20200517@181401-Eden.fts [TYPE] LIGHT [OBJ] LP_388-55 [RA] 17 35 12.8661 [Dec] +26 34 49.5732 [FIL] GG495 [EXPTIME] 60.0 [Date] 2020-05-17T18:14:02 [Time] 18:14:02
172/229 LP_388-55-20200517@181530-Eden.fts [TYPE] LIGHT [OBJ] LP_388-55 [RA] 17 35 12.8661 [Dec] +26 34 49.5732 [FIL] GG495 [EXPTIME] 60.0 [Date] 2020-05-17T18:15:30 [Time] 18:15:30
173/229 LP_388-55-20200517@181644-Eden.fts [TYPE] LIGHT [OBJ] LP_388-55 [RA] 17 35 12.8661 [Dec] +26 34 49.5732 [FIL] GG495 [EXPTIME] 60.0 [Date] 2020-05-17T18:16:44 [Time] 18:16:44
174/229 LP_388-55-20200517@181827-Eden.fts [TYPE] LIGHT [OBJ] LP_388-55 [RA] 17 35 12.8661 [Dec] +26 34 49.5732 [FIL] GG495 [EXPTIME] 60.0 [Date] 2020-05-17T18:18:28 [Time] 18:18:28
175/229 LP_388-55-20200517@181948-Eden.fts [TYPE] LIGHT [OBJ] LP_388-55 [RA] 17 35 12.8661 [Dec] +26 34 49.5732 [FIL] GG495 [EXPTIME] 60.0 [Date] 2020-05-17T18:19:49 [Time] 18:19:49
176/229 LP_388-55-20200517@182103-Eden.fts [TYPE] LIGHT [OBJ] LP_388-55 [RA] 17 35 12.8661 [Dec] +26 34 49.5732 [FIL] GG495 [EXPTIME] 60.0 [Date] 2020-05-17T18:21:03 [Time] 18:21:03
177/229 LP_388-55-20200517@182245-Eden.fts [TYPE] LIGHT [OBJ] LP_388-55 [RA] 17 35 12.8661 [Dec] +26 34 49.5732 [FIL] GG495 [EXPTIME] 60.0 [Date] 2020-05-17T18:22:45 [Time] 18:22:45
178/229 LP_388-55-20200517@182400-Eden.fts [TYPE] LIGHT [OBJ] LP_388-55 [RA] 17 35 12.8661 [Dec] +26 34 49.5732 [FIL] GG495 [EXPTIME] 60.0 [Date] 2020-05-17T18:24:00 [Time] 18:24:00
179/229 LP_388-55-20200517@182514-Eden.fts [TYPE] LIGHT [OBJ] LP_388-55 [RA] 17 35 12.8661 [Dec] +26 34 49.5732 [FIL] GG495 [EXPTIME] 60.0 [Date] 2020-05-17T18:25:15 [Time] 18:25:15
180/229 LP_388-55-20200517@182628-Eden.fts [TYPE] LIGHT [OBJ] LP_388-55 [RA] 17 35 12.8661 [Dec] +26 34 49.5732 [FIL] GG495 [EXPTIME] 60.0 [Date] 2020-05-17T18:26:29 [Time] 18:26:29
181/229 LP_388-55-20200517@182743-Eden.fts [TYPE] LIGHT [OBJ] LP_388-55 [RA] 17 35 12.8661 [Dec] +26 34 49.5732 [FIL] GG495 [EXPTIME] 60.0 [Date] 2020-05-17T18:27:43 [Time] 18:27:43
182/229 LP_388-55-20200517@182858-Eden.fts [TYPE] LIGHT [OBJ] LP_388-55 [RA] 17 35 12.8661 [Dec] +26 34 49.5732 [FIL] GG495 [EXPTIME] 60.0 [Date] 2020-05-17T18:28:58 [Time] 18:28:58
183/229 LP_388-55-20200517@183011-Eden.fts [TYPE] LIGHT [OBJ] LP_388-55 [RA] 17 35 12.8661 [Dec] +26 34 49.5732 [FIL] GG495 [EXPTIME] 60.0 [Date] 2020-05-17T18:30:12 [Time] 18:30:12
184/229 LP_388-55-20200517@183125-Eden.fts [TYPE] LIGHT [OBJ] LP_388-55 [RA] 17 35 12.8661 [Dec] +26 34 49.5732 [FIL] GG495 [EXPTIME] 60.0 [Date] 2020-05-17T18:31:25 [Time] 18:31:25
185/229 LP_388-55-20200517@183239-Eden.fts [TYPE] LIGHT [OBJ] LP_388-55 [RA] 17 35 12.8661 [Dec] +26 34 49.5732 [FIL] GG495 [EXPTIME] 60.0 [Date] 2020-05-17T18:32:40 [Time] 18:32:40
186/229 LP_388-55-20200517@183354-Eden.fts [TYPE] LIGHT [OBJ] LP_388-55 [RA] 17 35 12.8661 [Dec] +26 34 49.5732 [FIL] GG495 [EXPTIME] 60.0 [Date] 2020-05-17T18:33:55 [Time] 18:33:55
187/229 LP_388-55-20200517@183508-Eden.fts [TYPE] LIGHT [OBJ] LP_388-55 [RA] 17 35 12.8661 [Dec] +26 34 49.5732 [FIL] GG495 [EXPTIME] 60.0 [Date] 2020-05-17T18:35:08 [Time] 18:35:08
188/229 LP_388-55-20200517@183622-Eden.fts [TYPE] LIGHT [OBJ] LP_388-55 [RA] 17 35 12.8661 [Dec] +26 34 49.5732 [FIL] GG495 [EXPTIME] 60.0 [Date] 2020-05-17T18:36:22 [Time] 18:36:22
189/229 LP_388-55-20200517@183736-Eden.fts [TYPE] LIGHT [OBJ] LP_388-55 [RA] 17 35 12.8661 [Dec] +26 34 49.5732 [FIL] GG495 [EXPTIME] 60.0 [Date] 2020-05-17T18:37:36 [Time] 18:37:36
190/229 LP_388-55-20200517@183849-Eden.fts [TYPE] LIGHT [OBJ] LP_388-55 [RA] 17 35 12.8661 [Dec] +26 34 49.5732 [FIL] GG495 [EXPTIME] 60.0 [Date] 2020-05-17T18:38:50 [Time] 18:38:50
191/229 LP_388-55-20200517@184003-Eden.fts [TYPE] LIGHT [OBJ] LP_388-55 [RA] 17 35 12.8661 [Dec] +26 34 49.5732 [FIL] GG495 [EXPTIME] 60.0 [Date] 2020-05-17T18:40:04 [Time] 18:40:04
192/229 LP_388-55-20200517@184118-Eden.fts [TYPE] LIGHT [OBJ] LP_388-55 [RA] 17 35 12.8661 [Dec] +26 34 49.5732 [FIL] GG495 [EXPTIME] 60.0 [Date] 2020-05-17T18:41:19 [Time] 18:41:19
193/229 LP_388-55-20200517@184233-Eden.fts [TYPE] LIGHT [OBJ] LP_388-55 [RA] 17 35 12.8661 [Dec] +26 34 49.5732 [FIL] GG495 [EXPTIME] 60.0 [Date] 2020-05-17T18:42:33 [Time] 18:42:33
194/229 LP_388-55-20200517@184347-Eden.fts [TYPE] LIGHT [OBJ] LP_388-55 [RA] 17 35 12.8661 [Dec] +26 34 49.5732 [FIL] GG495 [EXPTIME] 60.0 [Date] 2020-05-17T18:43:47 [Time] 18:43:47
195/229 LP_388-55-20200517@184501-Eden.fts [TYPE] LIGHT [OBJ] LP_388-55 [RA] 17 35 12.8661 [Dec] +26 34 49.5732 [FIL] GG495 [EXPTIME] 60.0 [Date] 2020-05-17T18:45:01 [Time] 18:45:01
196/229 LP_388-55-20200517@184615-Eden.fts [TYPE] LIGHT [OBJ] LP_388-55 [RA] 17 35 12.8661 [Dec] +26 34 49.5732 [FIL] GG495 [EXPTIME] 60.0 [Date] 2020-05-17T18:46:15 [Time] 18:46:15
197/229 LP_388-55-20200517@184728-Eden.fts [TYPE] LIGHT [OBJ] LP_388-55 [RA] 17 35 12.8661 [Dec] +26 34 49.5732 [FIL] GG495 [EXPTIME] 60.0 [Date] 2020-05-17T18:47:28 [Time] 18:47:28
198/229 LP_388-55-20200517@184842-Eden.fts [TYPE] LIGHT [OBJ] LP_388-55 [RA] 17 35 12.8661 [Dec] +26 34 49.5732 [FIL] GG495 [EXPTIME] 60.0 [Date] 2020-05-17T18:48:43 [Time] 18:48:43
199/229 LP_388-55-20200517@184956-Eden.fts [TYPE] LIGHT [OBJ] LP_388-55 [RA] 17 35 12.8661 [Dec] +26 34 49.5732 [FIL] GG495 [EXPTIME] 60.0 [Date] 2020-05-17T18:49:56 [Time] 18:49:56
200/229 LP_388-55-20200517@185110-Eden.fts [TYPE] LIGHT [OBJ] LP_388-55 [RA] 17 35 12.8661 [Dec] +26 34 49.5732 [FIL] GG495 [EXPTIME] 60.0 [Date] 2020-05-17T18:51:10 [Time] 18:51:10
201/229 LP_388-55-20200517@185225-Eden.fts [TYPE] LIGHT [OBJ] LP_388-55 [RA] 17 35 12.8661 [Dec] +26 34 49.5732 [FIL] GG495 [EXPTIME] 60.0 [Date] 2020-05-17T18:52:26 [Time] 18:52:26
202/229 LP_388-55-20200517@185339-Eden.fts [TYPE] LIGHT [OBJ] LP_388-55 [RA] 17 35 12.8661 [Dec] +26 34 49.5732 [FIL] GG495 [EXPTIME] 60.0 [Date] 2020-05-17T18:53:39 [Time] 18:53:39
203/229 LP_388-55-20200517@185453-Eden.fts [TYPE] LIGHT [OBJ] LP_388-55 [RA] 17 35 12.8661 [Dec] +26 34 49.5732 [FIL] GG495 [EXPTIME] 60.0 [Date] 2020-05-17T18:54:53 [Time] 18:54:53
204/229 LP_388-55-20200517@185607-Eden.fts [TYPE] LIGHT [OBJ] LP_388-55 [RA] 17 35 12.8661 [Dec] +26 34 49.5732 [FIL] GG495 [EXPTIME] 60.0 [Date] 2020-05-17T18:56:07 [Time] 18:56:07
205/229 LP_388-55-20200517@185720-Eden.fts [TYPE] LIGHT [OBJ] LP_388-55 [RA] 17 35 12.8661 [Dec] +26 34 49.5732 [FIL] GG495 [EXPTIME] 60.0 [Date] 2020-05-17T18:57:21 [Time] 18:57:21
206/229 LP_388-55-20200517@185835-Eden.fts [TYPE] LIGHT [OBJ] LP_388-55 [RA] 17 35 12.8661 [Dec] +26 34 49.5732 [FIL] GG495 [EXPTIME] 60.0 [Date] 2020-05-17T18:58:36 [Time] 18:58:36
207/229 LP_388-55-20200517@185949-Eden.fts [TYPE] LIGHT [OBJ] LP_388-55 [RA] 17 35 12.8661 [Dec] +26 34 49.5732 [FIL] GG495 [EXPTIME] 60.0 [Date] 2020-05-17T18:59:49 [Time] 18:59:49
208/229 LP_388-55-20200517@190103-Eden.fts [TYPE] LIGHT [OBJ] LP_388-55 [RA] 17 35 12.8661 [Dec] +26 34 49.5732 [FIL] GG495 [EXPTIME] 60.0 [Date] 2020-05-17T19:01:04 [Time] 19:01:04
209/229 LP_388-55-20200517@190218-Eden.fts [TYPE] LIGHT [OBJ] LP_388-55 [RA] 17 35 12.8661 [Dec] +26 34 49.5732 [FIL] GG495 [EXPTIME] 60.0 [Date] 2020-05-17T19:02:19 [Time] 19:02:19
210/229 LP_388-55-20200517@190333-Eden.fts [TYPE] LIGHT [OBJ] LP_388-55 [RA] 17 35 12.8661 [Dec] +26 34 49.5732 [FIL] GG495 [EXPTIME] 60.0 [Date] 2020-05-17T19:03:34 [Time] 19:03:34
211/229 LP_388-55-20200517@190448-Eden.fts [TYPE] LIGHT [OBJ] LP_388-55 [RA] 17 35 12.8661 [Dec] +26 34 49.5732 [FIL] GG495 [EXPTIME] 60.0 [Date] 2020-05-17T19:04:48 [Time] 19:04:48
212/229 LP_388-55-20200517@190603-Eden.fts [TYPE] LIGHT [OBJ] LP_388-55 [RA] 17 35 12.8661 [Dec] +26 34 49.5732 [FIL] GG495 [EXPTIME] 60.0 [Date] 2020-05-17T19:06:03 [Time] 19:06:03
213/229 LP_388-55-20200517@190717-Eden.fts [TYPE] LIGHT [OBJ] LP_388-55 [RA] 17 35 12.8661 [Dec] +26 34 49.5732 [FIL] GG495 [EXPTIME] 60.0 [Date] 2020-05-17T19:07:18 [Time] 19:07:18
214/229 LP_388-55-20200517@190832-Eden.fts [TYPE] LIGHT [OBJ] LP_388-55 [RA] 17 35 12.8661 [Dec] +26 34 49.5732 [FIL] GG495 [EXPTIME] 60.0 [Date] 2020-05-17T19:08:32 [Time] 19:08:32
215/229 LP_388-55-20200517@190947-Eden.fts [TYPE] LIGHT [OBJ] LP_388-55 [RA] 17 35 12.8661 [Dec] +26 34 49.5732 [FIL] GG495 [EXPTIME] 60.0 [Date] 2020-05-17T19:09:47 [Time] 19:09:47
216/229 LP_388-55-20200517@191100-Eden.fts [TYPE] LIGHT [OBJ] LP_388-55 [RA] 17 35 12.8661 [Dec] +26 34 49.5732 [FIL] GG495 [EXPTIME] 60.0 [Date] 2020-05-17T19:11:00 [Time] 19:11:00
217/229 LP_388-55-20200517@191214-Eden.fts [TYPE] LIGHT [OBJ] LP_388-55 [RA] 17 35 12.8661 [Dec] +26 34 49.5732 [FIL] GG495 [EXPTIME] 60.0 [Date] 2020-05-17T19:12:14 [Time] 19:12:14
218/229 LP_388-55-20200517@191329-Eden.fts [TYPE] LIGHT [OBJ] LP_388-55 [RA] 17 35 12.8661 [Dec] +26 34 49.5732 [FIL] GG495 [EXPTIME] 60.0 [Date] 2020-05-17T19:13:29 [Time] 19:13:29
219/229 LP_388-55-20200517@191443-Eden.fts [TYPE] LIGHT [OBJ] LP_388-55 [RA] 17 35 12.8661 [Dec] +26 34 49.5732 [FIL] GG495 [EXPTIME] 60.0 [Date] 2020-05-17T19:14:43 [Time] 19:14:43
220/229 LP_388-55-20200517@191557-Eden.fts [TYPE] LIGHT [OBJ] LP_388-55 [RA] 17 35 12.8661 [Dec] +26 34 49.5732 [FIL] GG495 [EXPTIME] 60.0 [Date] 2020-05-17T19:15:57 [Time] 19:15:57
221/229 LP_388-55-20200517@191711-Eden.fts [TYPE] LIGHT [OBJ] LP_388-55 [RA] 17 35 12.8661 [Dec] +26 34 49.5732 [FIL] GG495 [EXPTIME] 60.0 [Date] 2020-05-17T19:17:12 [Time] 19:17:12
222/229 LP_388-55-20200517@191826-Eden.fts [TYPE] LIGHT [OBJ] LP_388-55 [RA] 17 35 12.8661 [Dec] +26 34 49.5732 [FIL] GG495 [EXPTIME] 60.0 [Date] 2020-05-17T19:18:26 [Time] 19:18:26
223/229 LP_388-55-20200517@191940-Eden.fts [TYPE] LIGHT [OBJ] LP_388-55 [RA] 17 35 12.8661 [Dec] +26 34 49.5732 [FIL] GG495 [EXPTIME] 60.0 [Date] 2020-05-17T19:19:40 [Time] 19:19:40
224/229 LP_388-55-20200517@192054-Eden.fts [TYPE] LIGHT [OBJ] LP_388-55 [RA] 17 35 12.8661 [Dec] +26 34 49.5732 [FIL] GG495 [EXPTIME] 60.0 [Date] 2020-05-17T19:20:55 [Time] 19:20:55
225/229 LP_388-55-20200517@192208-Eden.fts [TYPE] LIGHT [OBJ] LP_388-55 [RA] 17 35 12.8661 [Dec] +26 34 49.5732 [FIL] GG495 [EXPTIME] 60.0 [Date] 2020-05-17T19:22:08 [Time] 19:22:08
226/229 LP_388-55-20200517@192322-Eden.fts [TYPE] LIGHT [OBJ] LP_388-55 [RA] 17 35 12.8661 [Dec] +26 34 49.5732 [FIL] GG495 [EXPTIME] 60.0 [Date] 2020-05-17T19:23:23 [Time] 19:23:23
227/229 LP_388-55-20200517@192437-Eden.fts [TYPE] LIGHT [OBJ] LP_388-55 [RA] 17 35 12.8661 [Dec] +26 34 49.5732 [FIL] GG495 [EXPTIME] 60.0 [Date] 2020-05-17T19:24:37 [Time] 19:24:37
228/229 LP_388-55-20200517@192551-Eden.fts [TYPE] LIGHT [OBJ] LP_388-55 [RA] 17 35 12.8661 [Dec] +26 34 49.5732 [FIL] GG495 [EXPTIME] 60.0 [Date] 2020-05-17T19:25:51 [Time] 19:25:51
229/229 LP_388-55-20200517@192705-Eden.fts [TYPE] LIGHT [OBJ] LP_388-55 [RA] 17 35 12.8661 [Dec] +26 34 49.5732 [FIL] GG495 [EXPTIME] 60.0 [Date] 2020-05-17T19:27:05 [Time] 19:27:05
... write log file to LOT20200517-LP_388-55_mod.log ...
... finish ...
