-----------------
input parameters
-----------------
['modify_header_name_eden.py', 'LOT20201104_LSPM_J0140+2701', '23']
Your will modify header for: LSPM_J0140+2701 [RA] 01 40 02.6490 [Dec] +27 01 50.0354 [Filter] GG495
---------------
folder: LOT20201104_LSPM_J0140+2701
will update fits in: LOT20201104_LSPM_J0140+2701_mod
 ---------------------------
 Exame Fits Header for Bias
 ---------------------------
find ./LOT20201104_LSPM_J0140+2701/bias-dark/ | grep 'fits\|fts'|sort 
found 0 Bias/Dark
no files in ./bias-dark/
 ---------------------------
 Exame Fits Header for Flat
 ---------------------------
find ./LOT20201104_LSPM_J0140+2701/ | grep flat/ | grep -E 'fits|fts'|sort -t'-' -k2.4,2.6 
found 0 Flat
no files in ./flat/
 ---------------------------
 Exame Fits Header for Additional Dark for Flat
 ---------------------------
find ./LOT20201104_LSPM_J0140+2701/ | grep flat/ |grep dark| grep -E 'fits|fts'|sort -t'-' -k2.4,2.6 
found 0 Additional Dark for Flat
no additional dark for flat in ./flat/
 ---------------------------
 Modify filename for Science Target
 ---------------------------
... update header ...
1/96 LSPM_J0140+2701-20201104@105550-Eden.fts [TYPE] LIGHT [OBJ] LSPM_J0140+2701 [RA] 01 40 02.6490 [Dec] +27 01 50.0354 [FIL] GG495 [EXPTIME] 60.0 [Date] 2020-11-04T10:55:50 [Time] 10:55:50
2/96 LSPM_J0140+2701-20201104@105708-Eden.fts [TYPE] LIGHT [OBJ] LSPM_J0140+2701 [RA] 01 40 02.6490 [Dec] +27 01 50.0354 [FIL] GG495 [EXPTIME] 60.0 [Date] 2020-11-04T10:57:08 [Time] 10:57:08
3/96 LSPM_J0140+2701-20201104@105827-Eden.fts [TYPE] LIGHT [OBJ] LSPM_J0140+2701 [RA] 01 40 02.6490 [Dec] +27 01 50.0354 [FIL] GG495 [EXPTIME] 60.0 [Date] 2020-11-04T10:58:27 [Time] 10:58:27
4/96 LSPM_J0140+2701-20201104@105945-Eden.fts [TYPE] LIGHT [OBJ] LSPM_J0140+2701 [RA] 01 40 02.6490 [Dec] +27 01 50.0354 [FIL] GG495 [EXPTIME] 60.0 [Date] 2020-11-04T10:59:45 [Time] 10:59:45
5/96 LSPM_J0140+2701-20201104@110102-Eden.fts [TYPE] LIGHT [OBJ] LSPM_J0140+2701 [RA] 01 40 02.6490 [Dec] +27 01 50.0354 [FIL] GG495 [EXPTIME] 60.0 [Date] 2020-11-04T11:01:02 [Time] 11:01:02
6/96 LSPM_J0140+2701-20201104@110222-Eden.fts [TYPE] LIGHT [OBJ] LSPM_J0140+2701 [RA] 01 40 02.6490 [Dec] +27 01 50.0354 [FIL] GG495 [EXPTIME] 60.0 [Date] 2020-11-04T11:02:22 [Time] 11:02:22
7/96 LSPM_J0140+2701-20201104@110339-Eden.fts [TYPE] LIGHT [OBJ] LSPM_J0140+2701 [RA] 01 40 02.6490 [Dec] +27 01 50.0354 [FIL] GG495 [EXPTIME] 60.0 [Date] 2020-11-04T11:03:39 [Time] 11:03:39
8/96 LSPM_J0140+2701-20201104@110457-Eden.fts [TYPE] LIGHT [OBJ] LSPM_J0140+2701 [RA] 01 40 02.6490 [Dec] +27 01 50.0354 [FIL] GG495 [EXPTIME] 60.0 [Date] 2020-11-04T11:04:57 [Time] 11:04:57
9/96 LSPM_J0140+2701-20201104@110613-Eden.fts [TYPE] LIGHT [OBJ] LSPM_J0140+2701 [RA] 01 40 02.6490 [Dec] +27 01 50.0354 [FIL] GG495 [EXPTIME] 60.0 [Date] 2020-11-04T11:06:13 [Time] 11:06:13
10/96 LSPM_J0140+2701-20201104@110731-Eden.fts [TYPE] LIGHT [OBJ] LSPM_J0140+2701 [RA] 01 40 02.6490 [Dec] +27 01 50.0354 [FIL] GG495 [EXPTIME] 60.0 [Date] 2020-11-04T11:07:31 [Time] 11:07:31
11/96 LSPM_J0140+2701-20201104@110850-Eden.fts [TYPE] LIGHT [OBJ] LSPM_J0140+2701 [RA] 01 40 02.6490 [Dec] +27 01 50.0354 [FIL] GG495 [EXPTIME] 60.0 [Date] 2020-11-04T11:08:50 [Time] 11:08:50
12/96 LSPM_J0140+2701-20201104@111007-Eden.fts [TYPE] LIGHT [OBJ] LSPM_J0140+2701 [RA] 01 40 02.6490 [Dec] +27 01 50.0354 [FIL] GG495 [EXPTIME] 60.0 [Date] 2020-11-04T11:10:07 [Time] 11:10:07
13/96 LSPM_J0140+2701-20201104@111126-Eden.fts [TYPE] LIGHT [OBJ] LSPM_J0140+2701 [RA] 01 40 02.6490 [Dec] +27 01 50.0354 [FIL] GG495 [EXPTIME] 60.0 [Date] 2020-11-04T11:11:26 [Time] 11:11:26
14/96 LSPM_J0140+2701-20201104@111243-Eden.fts [TYPE] LIGHT [OBJ] LSPM_J0140+2701 [RA] 01 40 02.6490 [Dec] +27 01 50.0354 [FIL] GG495 [EXPTIME] 60.0 [Date] 2020-11-04T11:12:43 [Time] 11:12:43
15/96 LSPM_J0140+2701-20201104@111400-Eden.fts [TYPE] LIGHT [OBJ] LSPM_J0140+2701 [RA] 01 40 02.6490 [Dec] +27 01 50.0354 [FIL] GG495 [EXPTIME] 60.0 [Date] 2020-11-04T11:14:00 [Time] 11:14:00
16/96 LSPM_J0140+2701-20201104@111518-Eden.fts [TYPE] LIGHT [OBJ] LSPM_J0140+2701 [RA] 01 40 02.6490 [Dec] +27 01 50.0354 [FIL] GG495 [EXPTIME] 60.0 [Date] 2020-11-04T11:15:18 [Time] 11:15:18
17/96 LSPM_J0140+2701-20201104@111636-Eden.fts [TYPE] LIGHT [OBJ] LSPM_J0140+2701 [RA] 01 40 02.6490 [Dec] +27 01 50.0354 [FIL] GG495 [EXPTIME] 60.0 [Date] 2020-11-04T11:16:36 [Time] 11:16:36
18/96 LSPM_J0140+2701-20201104@111754-Eden.fts [TYPE] LIGHT [OBJ] LSPM_J0140+2701 [RA] 01 40 02.6490 [Dec] +27 01 50.0354 [FIL] GG495 [EXPTIME] 60.0 [Date] 2020-11-04T11:17:54 [Time] 11:17:54
19/96 LSPM_J0140+2701-20201104@111910-Eden.fts [TYPE] LIGHT [OBJ] LSPM_J0140+2701 [RA] 01 40 02.6490 [Dec] +27 01 50.0354 [FIL] GG495 [EXPTIME] 60.0 [Date] 2020-11-04T11:19:10 [Time] 11:19:10
20/96 LSPM_J0140+2701-20201104@112026-Eden.fts [TYPE] LIGHT [OBJ] LSPM_J0140+2701 [RA] 01 40 02.6490 [Dec] +27 01 50.0354 [FIL] GG495 [EXPTIME] 60.0 [Date] 2020-11-04T11:20:26 [Time] 11:20:26
21/96 LSPM_J0140+2701-20201104@112144-Eden.fts [TYPE] LIGHT [OBJ] LSPM_J0140+2701 [RA] 01 40 02.6490 [Dec] +27 01 50.0354 [FIL] GG495 [EXPTIME] 60.0 [Date] 2020-11-04T11:21:44 [Time] 11:21:44
22/96 LSPM_J0140+2701-20201104@112304-Eden.fts [TYPE] LIGHT [OBJ] LSPM_J0140+2701 [RA] 01 40 02.6490 [Dec] +27 01 50.0354 [FIL] GG495 [EXPTIME] 60.0 [Date] 2020-11-04T11:23:04 [Time] 11:23:04
23/96 LSPM_J0140+2701-20201104@112421-Eden.fts [TYPE] LIGHT [OBJ] LSPM_J0140+2701 [RA] 01 40 02.6490 [Dec] +27 01 50.0354 [FIL] GG495 [EXPTIME] 60.0 [Date] 2020-11-04T11:24:21 [Time] 11:24:21
24/96 LSPM_J0140+2701-20201104@112540-Eden.fts [TYPE] LIGHT [OBJ] LSPM_J0140+2701 [RA] 01 40 02.6490 [Dec] +27 01 50.0354 [FIL] GG495 [EXPTIME] 60.0 [Date] 2020-11-04T11:25:40 [Time] 11:25:40
25/96 LSPM_J0140+2701-20201104@112656-Eden.fts [TYPE] LIGHT [OBJ] LSPM_J0140+2701 [RA] 01 40 02.6490 [Dec] +27 01 50.0354 [FIL] GG495 [EXPTIME] 60.0 [Date] 2020-11-04T11:26:56 [Time] 11:26:56
26/96 LSPM_J0140+2701-20201104@112814-Eden.fts [TYPE] LIGHT [OBJ] LSPM_J0140+2701 [RA] 01 40 02.6490 [Dec] +27 01 50.0354 [FIL] GG495 [EXPTIME] 60.0 [Date] 2020-11-04T11:28:14 [Time] 11:28:14
27/96 LSPM_J0140+2701-20201104@112931-Eden.fts [TYPE] LIGHT [OBJ] LSPM_J0140+2701 [RA] 01 40 02.6490 [Dec] +27 01 50.0354 [FIL] GG495 [EXPTIME] 60.0 [Date] 2020-11-04T11:29:31 [Time] 11:29:31
28/96 LSPM_J0140+2701-20201104@113049-Eden.fts [TYPE] LIGHT [OBJ] LSPM_J0140+2701 [RA] 01 40 02.6490 [Dec] +27 01 50.0354 [FIL] GG495 [EXPTIME] 60.0 [Date] 2020-11-04T11:30:49 [Time] 11:30:49
29/96 LSPM_J0140+2701-20201104@113207-Eden.fts [TYPE] LIGHT [OBJ] LSPM_J0140+2701 [RA] 01 40 02.6490 [Dec] +27 01 50.0354 [FIL] GG495 [EXPTIME] 60.0 [Date] 2020-11-04T11:32:07 [Time] 11:32:07
30/96 LSPM_J0140+2701-20201104@113325-Eden.fts [TYPE] LIGHT [OBJ] LSPM_J0140+2701 [RA] 01 40 02.6490 [Dec] +27 01 50.0354 [FIL] GG495 [EXPTIME] 60.0 [Date] 2020-11-04T11:33:25 [Time] 11:33:25
31/96 LSPM_J0140+2701-20201104@113443-Eden.fts [TYPE] LIGHT [OBJ] LSPM_J0140+2701 [RA] 01 40 02.6490 [Dec] +27 01 50.0354 [FIL] GG495 [EXPTIME] 60.0 [Date] 2020-11-04T11:34:43 [Time] 11:34:43
32/96 LSPM_J0140+2701-20201104@113601-Eden.fts [TYPE] LIGHT [OBJ] LSPM_J0140+2701 [RA] 01 40 02.6490 [Dec] +27 01 50.0354 [FIL] GG495 [EXPTIME] 60.0 [Date] 2020-11-04T11:36:01 [Time] 11:36:01
33/96 LSPM_J0140+2701-20201104@113718-Eden.fts [TYPE] LIGHT [OBJ] LSPM_J0140+2701 [RA] 01 40 02.6490 [Dec] +27 01 50.0354 [FIL] GG495 [EXPTIME] 60.0 [Date] 2020-11-04T11:37:18 [Time] 11:37:18
34/96 LSPM_J0140+2701-20201104@113838-Eden.fts [TYPE] LIGHT [OBJ] LSPM_J0140+2701 [RA] 01 40 02.6490 [Dec] +27 01 50.0354 [FIL] GG495 [EXPTIME] 60.0 [Date] 2020-11-04T11:38:38 [Time] 11:38:38
35/96 LSPM_J0140+2701-20201104@113956-Eden.fts [TYPE] LIGHT [OBJ] LSPM_J0140+2701 [RA] 01 40 02.6490 [Dec] +27 01 50.0354 [FIL] GG495 [EXPTIME] 60.0 [Date] 2020-11-04T11:39:56 [Time] 11:39:56
36/96 LSPM_J0140+2701-20201104@114115-Eden.fts [TYPE] LIGHT [OBJ] LSPM_J0140+2701 [RA] 01 40 02.6490 [Dec] +27 01 50.0354 [FIL] GG495 [EXPTIME] 60.0 [Date] 2020-11-04T11:41:15 [Time] 11:41:15
37/96 LSPM_J0140+2701-20201104@114232-Eden.fts [TYPE] LIGHT [OBJ] LSPM_J0140+2701 [RA] 01 40 02.6490 [Dec] +27 01 50.0354 [FIL] GG495 [EXPTIME] 60.0 [Date] 2020-11-04T11:42:32 [Time] 11:42:32
38/96 LSPM_J0140+2701-20201104@114349-Eden.fts [TYPE] LIGHT [OBJ] LSPM_J0140+2701 [RA] 01 40 02.6490 [Dec] +27 01 50.0354 [FIL] GG495 [EXPTIME] 60.0 [Date] 2020-11-04T11:43:49 [Time] 11:43:49
39/96 LSPM_J0140+2701-20201104@114507-Eden.fts [TYPE] LIGHT [OBJ] LSPM_J0140+2701 [RA] 01 40 02.6490 [Dec] +27 01 50.0354 [FIL] GG495 [EXPTIME] 60.0 [Date] 2020-11-04T11:45:07 [Time] 11:45:07
40/96 LSPM_J0140+2701-20201104@114625-Eden.fts [TYPE] LIGHT [OBJ] LSPM_J0140+2701 [RA] 01 40 02.6490 [Dec] +27 01 50.0354 [FIL] GG495 [EXPTIME] 60.0 [Date] 2020-11-04T11:46:25 [Time] 11:46:25
41/96 LSPM_J0140+2701-20201104@114746-Eden.fts [TYPE] LIGHT [OBJ] LSPM_J0140+2701 [RA] 01 40 02.6490 [Dec] +27 01 50.0354 [FIL] GG495 [EXPTIME] 60.0 [Date] 2020-11-04T11:47:46 [Time] 11:47:46
42/96 LSPM_J0140+2701-20201104@114905-Eden.fts [TYPE] LIGHT [OBJ] LSPM_J0140+2701 [RA] 01 40 02.6490 [Dec] +27 01 50.0354 [FIL] GG495 [EXPTIME] 60.0 [Date] 2020-11-04T11:49:05 [Time] 11:49:05
43/96 LSPM_J0140+2701-20201104@115023-Eden.fts [TYPE] LIGHT [OBJ] LSPM_J0140+2701 [RA] 01 40 02.6490 [Dec] +27 01 50.0354 [FIL] GG495 [EXPTIME] 60.0 [Date] 2020-11-04T11:50:23 [Time] 11:50:23
44/96 LSPM_J0140+2701-20201104@115141-Eden.fts [TYPE] LIGHT [OBJ] LSPM_J0140+2701 [RA] 01 40 02.6490 [Dec] +27 01 50.0354 [FIL] GG495 [EXPTIME] 60.0 [Date] 2020-11-04T11:51:41 [Time] 11:51:41
45/96 LSPM_J0140+2701-20201104@115259-Eden.fts [TYPE] LIGHT [OBJ] LSPM_J0140+2701 [RA] 01 40 02.6490 [Dec] +27 01 50.0354 [FIL] GG495 [EXPTIME] 60.0 [Date] 2020-11-04T11:52:59 [Time] 11:52:59
46/96 LSPM_J0140+2701-20201104@115418-Eden.fts [TYPE] LIGHT [OBJ] LSPM_J0140+2701 [RA] 01 40 02.6490 [Dec] +27 01 50.0354 [FIL] GG495 [EXPTIME] 60.0 [Date] 2020-11-04T11:54:18 [Time] 11:54:18
47/96 LSPM_J0140+2701-20201104@115536-Eden.fts [TYPE] LIGHT [OBJ] LSPM_J0140+2701 [RA] 01 40 02.6490 [Dec] +27 01 50.0354 [FIL] GG495 [EXPTIME] 60.0 [Date] 2020-11-04T11:55:36 [Time] 11:55:36
48/96 LSPM_J0140+2701-20201104@115655-Eden.fts [TYPE] LIGHT [OBJ] LSPM_J0140+2701 [RA] 01 40 02.6490 [Dec] +27 01 50.0354 [FIL] GG495 [EXPTIME] 60.0 [Date] 2020-11-04T11:56:55 [Time] 11:56:55
49/96 LSPM_J0140+2701-20201104@115815-Eden.fts [TYPE] LIGHT [OBJ] LSPM_J0140+2701 [RA] 01 40 02.6490 [Dec] +27 01 50.0354 [FIL] GG495 [EXPTIME] 60.0 [Date] 2020-11-04T11:58:15 [Time] 11:58:15
50/96 LSPM_J0140+2701-20201104@115936-Eden.fts [TYPE] LIGHT [OBJ] LSPM_J0140+2701 [RA] 01 40 02.6490 [Dec] +27 01 50.0354 [FIL] GG495 [EXPTIME] 60.0 [Date] 2020-11-04T11:59:36 [Time] 11:59:36
51/96 LSPM_J0140+2701-20201104@120053-Eden.fts [TYPE] LIGHT [OBJ] LSPM_J0140+2701 [RA] 01 40 02.6490 [Dec] +27 01 50.0354 [FIL] GG495 [EXPTIME] 60.0 [Date] 2020-11-04T12:00:53 [Time] 12:00:53
52/96 LSPM_J0140+2701-20201104@120212-Eden.fts [TYPE] LIGHT [OBJ] LSPM_J0140+2701 [RA] 01 40 02.6490 [Dec] +27 01 50.0354 [FIL] GG495 [EXPTIME] 60.0 [Date] 2020-11-04T12:02:12 [Time] 12:02:12
53/96 LSPM_J0140+2701-20201104@120332-Eden.fts [TYPE] LIGHT [OBJ] LSPM_J0140+2701 [RA] 01 40 02.6490 [Dec] +27 01 50.0354 [FIL] GG495 [EXPTIME] 60.0 [Date] 2020-11-04T12:03:32 [Time] 12:03:32
54/96 LSPM_J0140+2701-20201104@120450-Eden.fts [TYPE] LIGHT [OBJ] LSPM_J0140+2701 [RA] 01 40 02.6490 [Dec] +27 01 50.0354 [FIL] GG495 [EXPTIME] 60.0 [Date] 2020-11-04T12:04:50 [Time] 12:04:50
55/96 LSPM_J0140+2701-20201104@120608-Eden.fts [TYPE] LIGHT [OBJ] LSPM_J0140+2701 [RA] 01 40 02.6490 [Dec] +27 01 50.0354 [FIL] GG495 [EXPTIME] 60.0 [Date] 2020-11-04T12:06:08 [Time] 12:06:08
56/96 LSPM_J0140+2701-20201104@120724-Eden.fts [TYPE] LIGHT [OBJ] LSPM_J0140+2701 [RA] 01 40 02.6490 [Dec] +27 01 50.0354 [FIL] GG495 [EXPTIME] 60.0 [Date] 2020-11-04T12:07:24 [Time] 12:07:24
57/96 LSPM_J0140+2701-20201104@120844-Eden.fts [TYPE] LIGHT [OBJ] LSPM_J0140+2701 [RA] 01 40 02.6490 [Dec] +27 01 50.0354 [FIL] GG495 [EXPTIME] 60.0 [Date] 2020-11-04T12:08:44 [Time] 12:08:44
58/96 LSPM_J0140+2701-20201104@121004-Eden.fts [TYPE] LIGHT [OBJ] LSPM_J0140+2701 [RA] 01 40 02.6490 [Dec] +27 01 50.0354 [FIL] GG495 [EXPTIME] 60.0 [Date] 2020-11-04T12:10:04 [Time] 12:10:04
59/96 LSPM_J0140+2701-20201104@121121-Eden.fts [TYPE] LIGHT [OBJ] LSPM_J0140+2701 [RA] 01 40 02.6490 [Dec] +27 01 50.0354 [FIL] GG495 [EXPTIME] 60.0 [Date] 2020-11-04T12:11:21 [Time] 12:11:21
60/96 LSPM_J0140+2701-20201104@121239-Eden.fts [TYPE] LIGHT [OBJ] LSPM_J0140+2701 [RA] 01 40 02.6490 [Dec] +27 01 50.0354 [FIL] GG495 [EXPTIME] 60.0 [Date] 2020-11-04T12:12:39 [Time] 12:12:39
61/96 LSPM_J0140+2701-20201104@121358-Eden.fts [TYPE] LIGHT [OBJ] LSPM_J0140+2701 [RA] 01 40 02.6490 [Dec] +27 01 50.0354 [FIL] GG495 [EXPTIME] 60.0 [Date] 2020-11-04T12:13:58 [Time] 12:13:58
62/96 LSPM_J0140+2701-20201104@121517-Eden.fts [TYPE] LIGHT [OBJ] LSPM_J0140+2701 [RA] 01 40 02.6490 [Dec] +27 01 50.0354 [FIL] GG495 [EXPTIME] 60.0 [Date] 2020-11-04T12:15:17 [Time] 12:15:17
63/96 LSPM_J0140+2701-20201104@121636-Eden.fts [TYPE] LIGHT [OBJ] LSPM_J0140+2701 [RA] 01 40 02.6490 [Dec] +27 01 50.0354 [FIL] GG495 [EXPTIME] 60.0 [Date] 2020-11-04T12:16:36 [Time] 12:16:36
64/96 LSPM_J0140+2701-20201104@121755-Eden.fts [TYPE] LIGHT [OBJ] LSPM_J0140+2701 [RA] 01 40 02.6490 [Dec] +27 01 50.0354 [FIL] GG495 [EXPTIME] 60.0 [Date] 2020-11-04T12:17:55 [Time] 12:17:55
65/96 LSPM_J0140+2701-20201104@121913-Eden.fts [TYPE] LIGHT [OBJ] LSPM_J0140+2701 [RA] 01 40 02.6490 [Dec] +27 01 50.0354 [FIL] GG495 [EXPTIME] 60.0 [Date] 2020-11-04T12:19:13 [Time] 12:19:13
66/96 LSPM_J0140+2701-20201104@122030-Eden.fts [TYPE] LIGHT [OBJ] LSPM_J0140+2701 [RA] 01 40 02.6490 [Dec] +27 01 50.0354 [FIL] GG495 [EXPTIME] 60.0 [Date] 2020-11-04T12:20:30 [Time] 12:20:30
67/96 LSPM_J0140+2701-20201104@122149-Eden.fts [TYPE] LIGHT [OBJ] LSPM_J0140+2701 [RA] 01 40 02.6490 [Dec] +27 01 50.0354 [FIL] GG495 [EXPTIME] 60.0 [Date] 2020-11-04T12:21:49 [Time] 12:21:49
68/96 LSPM_J0140+2701-20201104@122308-Eden.fts [TYPE] LIGHT [OBJ] LSPM_J0140+2701 [RA] 01 40 02.6490 [Dec] +27 01 50.0354 [FIL] GG495 [EXPTIME] 60.0 [Date] 2020-11-04T12:23:08 [Time] 12:23:08
69/96 LSPM_J0140+2701-20201104@122426-Eden.fts [TYPE] LIGHT [OBJ] LSPM_J0140+2701 [RA] 01 40 02.6490 [Dec] +27 01 50.0354 [FIL] GG495 [EXPTIME] 60.0 [Date] 2020-11-04T12:24:26 [Time] 12:24:26
70/96 LSPM_J0140+2701-20201104@122543-Eden.fts [TYPE] LIGHT [OBJ] LSPM_J0140+2701 [RA] 01 40 02.6490 [Dec] +27 01 50.0354 [FIL] GG495 [EXPTIME] 60.0 [Date] 2020-11-04T12:25:43 [Time] 12:25:43
71/96 LSPM_J0140+2701-20201104@122702-Eden.fts [TYPE] LIGHT [OBJ] LSPM_J0140+2701 [RA] 01 40 02.6490 [Dec] +27 01 50.0354 [FIL] GG495 [EXPTIME] 60.0 [Date] 2020-11-04T12:27:02 [Time] 12:27:02
72/96 LSPM_J0140+2701-20201104@122822-Eden.fts [TYPE] LIGHT [OBJ] LSPM_J0140+2701 [RA] 01 40 02.6490 [Dec] +27 01 50.0354 [FIL] GG495 [EXPTIME] 60.0 [Date] 2020-11-04T12:28:22 [Time] 12:28:22
73/96 LSPM_J0140+2701-20201104@122941-Eden.fts [TYPE] LIGHT [OBJ] LSPM_J0140+2701 [RA] 01 40 02.6490 [Dec] +27 01 50.0354 [FIL] GG495 [EXPTIME] 60.0 [Date] 2020-11-04T12:29:41 [Time] 12:29:41
74/96 LSPM_J0140+2701-20201104@123058-Eden.fts [TYPE] LIGHT [OBJ] LSPM_J0140+2701 [RA] 01 40 02.6490 [Dec] +27 01 50.0354 [FIL] GG495 [EXPTIME] 60.0 [Date] 2020-11-04T12:30:58 [Time] 12:30:58
75/96 LSPM_J0140+2701-20201104@123217-Eden.fts [TYPE] LIGHT [OBJ] LSPM_J0140+2701 [RA] 01 40 02.6490 [Dec] +27 01 50.0354 [FIL] GG495 [EXPTIME] 60.0 [Date] 2020-11-04T12:32:17 [Time] 12:32:17
76/96 LSPM_J0140+2701-20201104@123336-Eden.fts [TYPE] LIGHT [OBJ] LSPM_J0140+2701 [RA] 01 40 02.6490 [Dec] +27 01 50.0354 [FIL] GG495 [EXPTIME] 60.0 [Date] 2020-11-04T12:33:36 [Time] 12:33:36
77/96 LSPM_J0140+2701-20201104@123456-Eden.fts [TYPE] LIGHT [OBJ] LSPM_J0140+2701 [RA] 01 40 02.6490 [Dec] +27 01 50.0354 [FIL] GG495 [EXPTIME] 60.0 [Date] 2020-11-04T12:34:56 [Time] 12:34:56
78/96 LSPM_J0140+2701-20201104@123615-Eden.fts [TYPE] LIGHT [OBJ] LSPM_J0140+2701 [RA] 01 40 02.6490 [Dec] +27 01 50.0354 [FIL] GG495 [EXPTIME] 60.0 [Date] 2020-11-04T12:36:15 [Time] 12:36:15
79/96 LSPM_J0140+2701-20201104@123732-Eden.fts [TYPE] LIGHT [OBJ] LSPM_J0140+2701 [RA] 01 40 02.6490 [Dec] +27 01 50.0354 [FIL] GG495 [EXPTIME] 60.0 [Date] 2020-11-04T12:37:32 [Time] 12:37:32
80/96 LSPM_J0140+2701-20201104@123850-Eden.fts [TYPE] LIGHT [OBJ] LSPM_J0140+2701 [RA] 01 40 02.6490 [Dec] +27 01 50.0354 [FIL] GG495 [EXPTIME] 60.0 [Date] 2020-11-04T12:38:50 [Time] 12:38:50
81/96 LSPM_J0140+2701-20201104@124009-Eden.fts [TYPE] LIGHT [OBJ] LSPM_J0140+2701 [RA] 01 40 02.6490 [Dec] +27 01 50.0354 [FIL] GG495 [EXPTIME] 60.0 [Date] 2020-11-04T12:40:09 [Time] 12:40:09
82/96 LSPM_J0140+2701-20201104@124128-Eden.fts [TYPE] LIGHT [OBJ] LSPM_J0140+2701 [RA] 01 40 02.6490 [Dec] +27 01 50.0354 [FIL] GG495 [EXPTIME] 60.0 [Date] 2020-11-04T12:41:28 [Time] 12:41:28
83/96 LSPM_J0140+2701-20201104@124248-Eden.fts [TYPE] LIGHT [OBJ] LSPM_J0140+2701 [RA] 01 40 02.6490 [Dec] +27 01 50.0354 [FIL] GG495 [EXPTIME] 60.0 [Date] 2020-11-04T12:42:48 [Time] 12:42:48
84/96 LSPM_J0140+2701-20201104@124407-Eden.fts [TYPE] LIGHT [OBJ] LSPM_J0140+2701 [RA] 01 40 02.6490 [Dec] +27 01 50.0354 [FIL] GG495 [EXPTIME] 60.0 [Date] 2020-11-04T12:44:07 [Time] 12:44:07
85/96 LSPM_J0140+2701-20201104@124526-Eden.fts [TYPE] LIGHT [OBJ] LSPM_J0140+2701 [RA] 01 40 02.6490 [Dec] +27 01 50.0354 [FIL] GG495 [EXPTIME] 60.0 [Date] 2020-11-04T12:45:26 [Time] 12:45:26
86/96 LSPM_J0140+2701-20201104@124645-Eden.fts [TYPE] LIGHT [OBJ] LSPM_J0140+2701 [RA] 01 40 02.6490 [Dec] +27 01 50.0354 [FIL] GG495 [EXPTIME] 60.0 [Date] 2020-11-04T12:46:45 [Time] 12:46:45
87/96 LSPM_J0140+2701-20201104@124805-Eden.fts [TYPE] LIGHT [OBJ] LSPM_J0140+2701 [RA] 01 40 02.6490 [Dec] +27 01 50.0354 [FIL] GG495 [EXPTIME] 60.0 [Date] 2020-11-04T12:48:05 [Time] 12:48:05
88/96 LSPM_J0140+2701-20201104@124924-Eden.fts [TYPE] LIGHT [OBJ] LSPM_J0140+2701 [RA] 01 40 02.6490 [Dec] +27 01 50.0354 [FIL] GG495 [EXPTIME] 60.0 [Date] 2020-11-04T12:49:24 [Time] 12:49:24
89/96 LSPM_J0140+2701-20201104@125042-Eden.fts [TYPE] LIGHT [OBJ] LSPM_J0140+2701 [RA] 01 40 02.6490 [Dec] +27 01 50.0354 [FIL] GG495 [EXPTIME] 60.0 [Date] 2020-11-04T12:50:42 [Time] 12:50:42
90/96 LSPM_J0140+2701-20201104@125200-Eden.fts [TYPE] LIGHT [OBJ] LSPM_J0140+2701 [RA] 01 40 02.6490 [Dec] +27 01 50.0354 [FIL] GG495 [EXPTIME] 60.0 [Date] 2020-11-04T12:52:00 [Time] 12:52:00
91/96 LSPM_J0140+2701-20201104@125318-Eden.fts [TYPE] LIGHT [OBJ] LSPM_J0140+2701 [RA] 01 40 02.6490 [Dec] +27 01 50.0354 [FIL] GG495 [EXPTIME] 60.0 [Date] 2020-11-04T12:53:18 [Time] 12:53:18
92/96 LSPM_J0140+2701-20201104@125438-Eden.fts [TYPE] LIGHT [OBJ] LSPM_J0140+2701 [RA] 01 40 02.6490 [Dec] +27 01 50.0354 [FIL] GG495 [EXPTIME] 60.0 [Date] 2020-11-04T12:54:38 [Time] 12:54:38
93/96 LSPM_J0140+2701-20201104@125555-Eden.fts [TYPE] LIGHT [OBJ] LSPM_J0140+2701 [RA] 01 40 02.6490 [Dec] +27 01 50.0354 [FIL] GG495 [EXPTIME] 60.0 [Date] 2020-11-04T12:55:55 [Time] 12:55:55
94/96 LSPM_J0140+2701-20201104@125714-Eden.fts [TYPE] LIGHT [OBJ] LSPM_J0140+2701 [RA] 01 40 02.6490 [Dec] +27 01 50.0354 [FIL] GG495 [EXPTIME] 60.0 [Date] 2020-11-04T12:57:14 [Time] 12:57:14
95/96 LSPM_J0140+2701-20201104@125832-Eden.fts [TYPE] LIGHT [OBJ] LSPM_J0140+2701 [RA] 01 40 02.6490 [Dec] +27 01 50.0354 [FIL] GG495 [EXPTIME] 60.0 [Date] 2020-11-04T12:58:32 [Time] 12:58:32
96/96 LSPM_J0140+2701-20201104@125950-Eden.fts [TYPE] LIGHT [OBJ] LSPM_J0140+2701 [RA] 01 40 02.6490 [Dec] +27 01 50.0354 [FIL] GG495 [EXPTIME] 60.0 [Date] 2020-11-04T12:59:50 [Time] 12:59:50
... write log file to LOT20201104_LSPM_J0140+2701_mod.log ...
... finish ...
