Bucket successfully loaded! eden-data
175 files found
Storing data to the S3 archive!
We can now start uploading the data.
Press return to start the upload, or anything else to abort: Verbose output enabled.
Storing LOT20200118-LSPM_J0510+2714_mod/Bias-20200118@202230-000S.fts -> s3://eden-data/Calibrations/LOT/BIAS/2020-01-18/Bias-20200118@202230-000S.fits (1/175)
Storing LOT20200118-LSPM_J0510+2714_mod/Bias-20200118@202239-000S.fts -> s3://eden-data/Calibrations/LOT/BIAS/2020-01-18/Bias-20200118@202239-000S.fits (2/175)
Storing LOT20200118-LSPM_J0510+2714_mod/Bias-20200118@202246-000S.fts -> s3://eden-data/Calibrations/LOT/BIAS/2020-01-18/Bias-20200118@202246-000S.fits (3/175)
Storing LOT20200118-LSPM_J0510+2714_mod/Bias-20200118@202253-000S.fts -> s3://eden-data/Calibrations/LOT/BIAS/2020-01-18/Bias-20200118@202253-000S.fits (4/175)
Storing LOT20200118-LSPM_J0510+2714_mod/Bias-20200118@202259-000S.fts -> s3://eden-data/Calibrations/LOT/BIAS/2020-01-18/Bias-20200118@202259-000S.fits (5/175)
Storing LOT20200118-LSPM_J0510+2714_mod/Bias-20200118@202306-000S.fts -> s3://eden-data/Calibrations/LOT/BIAS/2020-01-18/Bias-20200118@202306-000S.fits (6/175)
Storing LOT20200118-LSPM_J0510+2714_mod/Bias-20200118@202313-000S.fts -> s3://eden-data/Calibrations/LOT/BIAS/2020-01-18/Bias-20200118@202313-000S.fits (7/175)
Storing LOT20200118-LSPM_J0510+2714_mod/Bias-20200118@202321-000S.fts -> s3://eden-data/Calibrations/LOT/BIAS/2020-01-18/Bias-20200118@202321-000S.fits (8/175)
Storing LOT20200118-LSPM_J0510+2714_mod/Bias-20200118@202328-000S.fts -> s3://eden-data/Calibrations/LOT/BIAS/2020-01-18/Bias-20200118@202328-000S.fits (9/175)
Storing LOT20200118-LSPM_J0510+2714_mod/Bias-20200118@202335-000S.fts -> s3://eden-data/Calibrations/LOT/BIAS/2020-01-18/Bias-20200118@202335-000S.fits (10/175)
Storing LOT20200118-LSPM_J0510+2714_mod/Dark-20200118@202343-005S.fts -> s3://eden-data/Calibrations/LOT/DARK/2020-01-18/Dark-20200118@202343-005S.fits (11/175)
Storing LOT20200118-LSPM_J0510+2714_mod/Dark-20200118@202355-005S.fts -> s3://eden-data/Calibrations/LOT/DARK/2020-01-18/Dark-20200118@202355-005S.fits (12/175)
Storing LOT20200118-LSPM_J0510+2714_mod/Dark-20200118@202408-005S.fts -> s3://eden-data/Calibrations/LOT/DARK/2020-01-18/Dark-20200118@202408-005S.fits (13/175)
Storing LOT20200118-LSPM_J0510+2714_mod/Dark-20200118@202419-005S.fts -> s3://eden-data/Calibrations/LOT/DARK/2020-01-18/Dark-20200118@202419-005S.fits (14/175)
Storing LOT20200118-LSPM_J0510+2714_mod/Dark-20200118@202431-005S.fts -> s3://eden-data/Calibrations/LOT/DARK/2020-01-18/Dark-20200118@202431-005S.fits (15/175)
Storing LOT20200118-LSPM_J0510+2714_mod/Dark-20200118@202443-005S.fts -> s3://eden-data/Calibrations/LOT/DARK/2020-01-18/Dark-20200118@202443-005S.fits (16/175)
Storing LOT20200118-LSPM_J0510+2714_mod/Dark-20200118@202455-005S.fts -> s3://eden-data/Calibrations/LOT/DARK/2020-01-18/Dark-20200118@202455-005S.fits (17/175)
Storing LOT20200118-LSPM_J0510+2714_mod/Dark-20200118@202507-005S.fts -> s3://eden-data/Calibrations/LOT/DARK/2020-01-18/Dark-20200118@202507-005S.fits (18/175)
Storing LOT20200118-LSPM_J0510+2714_mod/Dark-20200118@202519-005S.fts -> s3://eden-data/Calibrations/LOT/DARK/2020-01-18/Dark-20200118@202519-005S.fits (19/175)
Storing LOT20200118-LSPM_J0510+2714_mod/Dark-20200118@202531-005S.fts -> s3://eden-data/Calibrations/LOT/DARK/2020-01-18/Dark-20200118@202531-005S.fits (20/175)
Storing LOT20200118-LSPM_J0510+2714_mod/Dark-20200118@202544-010S.fts -> s3://eden-data/Calibrations/LOT/DARK/2020-01-18/Dark-20200118@202544-010S.fits (21/175)
Storing LOT20200118-LSPM_J0510+2714_mod/Dark-20200118@202600-010S.fts -> s3://eden-data/Calibrations/LOT/DARK/2020-01-18/Dark-20200118@202600-010S.fits (22/175)
Storing LOT20200118-LSPM_J0510+2714_mod/Dark-20200118@202618-010S.fts -> s3://eden-data/Calibrations/LOT/DARK/2020-01-18/Dark-20200118@202618-010S.fits (23/175)
Storing LOT20200118-LSPM_J0510+2714_mod/Dark-20200118@202634-010S.fts -> s3://eden-data/Calibrations/LOT/DARK/2020-01-18/Dark-20200118@202634-010S.fits (24/175)
Storing LOT20200118-LSPM_J0510+2714_mod/Dark-20200118@202652-010S.fts -> s3://eden-data/Calibrations/LOT/DARK/2020-01-18/Dark-20200118@202652-010S.fits (25/175)
Storing LOT20200118-LSPM_J0510+2714_mod/Dark-20200118@202708-010S.fts -> s3://eden-data/Calibrations/LOT/DARK/2020-01-18/Dark-20200118@202708-010S.fits (26/175)
Storing LOT20200118-LSPM_J0510+2714_mod/Dark-20200118@202725-010S.fts -> s3://eden-data/Calibrations/LOT/DARK/2020-01-18/Dark-20200118@202725-010S.fits (27/175)
Storing LOT20200118-LSPM_J0510+2714_mod/Dark-20200118@202742-010S.fts -> s3://eden-data/Calibrations/LOT/DARK/2020-01-18/Dark-20200118@202742-010S.fits (28/175)
Storing LOT20200118-LSPM_J0510+2714_mod/Dark-20200118@202759-010S.fts -> s3://eden-data/Calibrations/LOT/DARK/2020-01-18/Dark-20200118@202759-010S.fits (29/175)
Storing LOT20200118-LSPM_J0510+2714_mod/Dark-20200118@202815-010S.fts -> s3://eden-data/Calibrations/LOT/DARK/2020-01-18/Dark-20200118@202815-010S.fits (30/175)
Storing LOT20200118-LSPM_J0510+2714_mod/Dark-20200118@202833-030S.fts -> s3://eden-data/Calibrations/LOT/DARK/2020-01-18/Dark-20200118@202833-030S.fits (31/175)
Storing LOT20200118-LSPM_J0510+2714_mod/Dark-20200118@202909-030S.fts -> s3://eden-data/Calibrations/LOT/DARK/2020-01-18/Dark-20200118@202909-030S.fits (32/175)
Storing LOT20200118-LSPM_J0510+2714_mod/Dark-20200118@202947-030S.fts -> s3://eden-data/Calibrations/LOT/DARK/2020-01-18/Dark-20200118@202947-030S.fits (33/175)
Storing LOT20200118-LSPM_J0510+2714_mod/Dark-20200118@203024-030S.fts -> s3://eden-data/Calibrations/LOT/DARK/2020-01-18/Dark-20200118@203024-030S.fits (34/175)
Storing LOT20200118-LSPM_J0510+2714_mod/Dark-20200118@203101-030S.fts -> s3://eden-data/Calibrations/LOT/DARK/2020-01-18/Dark-20200118@203101-030S.fits (35/175)
Storing LOT20200118-LSPM_J0510+2714_mod/Dark-20200118@203137-030S.fts -> s3://eden-data/Calibrations/LOT/DARK/2020-01-18/Dark-20200118@203137-030S.fits (36/175)
Storing LOT20200118-LSPM_J0510+2714_mod/Dark-20200118@203214-030S.fts -> s3://eden-data/Calibrations/LOT/DARK/2020-01-18/Dark-20200118@203214-030S.fits (37/175)
Storing LOT20200118-LSPM_J0510+2714_mod/Dark-20200118@203251-030S.fts -> s3://eden-data/Calibrations/LOT/DARK/2020-01-18/Dark-20200118@203251-030S.fits (38/175)
Storing LOT20200118-LSPM_J0510+2714_mod/Dark-20200118@203327-030S.fts -> s3://eden-data/Calibrations/LOT/DARK/2020-01-18/Dark-20200118@203327-030S.fits (39/175)
Storing LOT20200118-LSPM_J0510+2714_mod/Dark-20200118@203404-030S.fts -> s3://eden-data/Calibrations/LOT/DARK/2020-01-18/Dark-20200118@203404-030S.fits (40/175)
Storing LOT20200118-LSPM_J0510+2714_mod/Dark-20200118@203441-020S.fts -> s3://eden-data/Calibrations/LOT/DARK/2020-01-18/Dark-20200118@203441-020S.fits (41/175)
Storing LOT20200118-LSPM_J0510+2714_mod/Dark-20200118@203509-020S.fts -> s3://eden-data/Calibrations/LOT/DARK/2020-01-18/Dark-20200118@203509-020S.fits (42/175)
Storing LOT20200118-LSPM_J0510+2714_mod/Dark-20200118@203536-020S.fts -> s3://eden-data/Calibrations/LOT/DARK/2020-01-18/Dark-20200118@203536-020S.fits (43/175)
Storing LOT20200118-LSPM_J0510+2714_mod/Dark-20200118@203602-020S.fts -> s3://eden-data/Calibrations/LOT/DARK/2020-01-18/Dark-20200118@203602-020S.fits (44/175)
Storing LOT20200118-LSPM_J0510+2714_mod/Dark-20200118@203629-020S.fts -> s3://eden-data/Calibrations/LOT/DARK/2020-01-18/Dark-20200118@203629-020S.fits (45/175)
Storing LOT20200118-LSPM_J0510+2714_mod/Dark-20200118@203656-020S.fts -> s3://eden-data/Calibrations/LOT/DARK/2020-01-18/Dark-20200118@203656-020S.fits (46/175)
Storing LOT20200118-LSPM_J0510+2714_mod/Dark-20200118@203723-020S.fts -> s3://eden-data/Calibrations/LOT/DARK/2020-01-18/Dark-20200118@203723-020S.fits (47/175)
Storing LOT20200118-LSPM_J0510+2714_mod/Dark-20200118@203749-020S.fts -> s3://eden-data/Calibrations/LOT/DARK/2020-01-18/Dark-20200118@203749-020S.fits (48/175)
Storing LOT20200118-LSPM_J0510+2714_mod/Dark-20200118@203816-020S.fts -> s3://eden-data/Calibrations/LOT/DARK/2020-01-18/Dark-20200118@203816-020S.fits (49/175)
Storing LOT20200118-LSPM_J0510+2714_mod/Dark-20200118@203843-020S.fts -> s3://eden-data/Calibrations/LOT/DARK/2020-01-18/Dark-20200118@203843-020S.fits (50/175)
Storing LOT20200118-LSPM_J0510+2714_mod/Dark-20200118@203910-060S.fts -> s3://eden-data/Calibrations/LOT/DARK/2020-01-18/Dark-20200118@203910-060S.fits (51/175)
Storing LOT20200118-LSPM_J0510+2714_mod/Dark-20200118@204016-060S.fts -> s3://eden-data/Calibrations/LOT/DARK/2020-01-18/Dark-20200118@204016-060S.fits (52/175)
Storing LOT20200118-LSPM_J0510+2714_mod/Dark-20200118@204124-060S.fts -> s3://eden-data/Calibrations/LOT/DARK/2020-01-18/Dark-20200118@204124-060S.fits (53/175)
Storing LOT20200118-LSPM_J0510+2714_mod/Dark-20200118@204231-060S.fts -> s3://eden-data/Calibrations/LOT/DARK/2020-01-18/Dark-20200118@204231-060S.fits (54/175)
Storing LOT20200118-LSPM_J0510+2714_mod/Dark-20200118@204339-060S.fts -> s3://eden-data/Calibrations/LOT/DARK/2020-01-18/Dark-20200118@204339-060S.fits (55/175)
Storing LOT20200118-LSPM_J0510+2714_mod/Dark-20200118@204446-060S.fts -> s3://eden-data/Calibrations/LOT/DARK/2020-01-18/Dark-20200118@204446-060S.fits (56/175)
Storing LOT20200118-LSPM_J0510+2714_mod/Dark-20200118@204554-060S.fts -> s3://eden-data/Calibrations/LOT/DARK/2020-01-18/Dark-20200118@204554-060S.fits (57/175)
Storing LOT20200118-LSPM_J0510+2714_mod/Dark-20200118@204701-060S.fts -> s3://eden-data/Calibrations/LOT/DARK/2020-01-18/Dark-20200118@204701-060S.fits (58/175)
Storing LOT20200118-LSPM_J0510+2714_mod/Dark-20200118@204809-060S.fts -> s3://eden-data/Calibrations/LOT/DARK/2020-01-18/Dark-20200118@204809-060S.fits (59/175)
Storing LOT20200118-LSPM_J0510+2714_mod/Dark-20200118@204915-060S.fts -> s3://eden-data/Calibrations/LOT/DARK/2020-01-18/Dark-20200118@204915-060S.fits (60/175)
Storing LOT20200118-LSPM_J0510+2714_mod/Dark-20200118@205023-270S.fts -> s3://eden-data/Calibrations/LOT/DARK/2020-01-18/Dark-20200118@205023-270S.fits (61/175)
Storing LOT20200118-LSPM_J0510+2714_mod/Dark-20200118@205500-270S.fts -> s3://eden-data/Calibrations/LOT/DARK/2020-01-18/Dark-20200118@205500-270S.fits (62/175)
Storing LOT20200118-LSPM_J0510+2714_mod/Dark-20200118@205938-270S.fts -> s3://eden-data/Calibrations/LOT/DARK/2020-01-18/Dark-20200118@205938-270S.fits (63/175)
Storing LOT20200118-LSPM_J0510+2714_mod/Dark-20200118@210414-270S.fts -> s3://eden-data/Calibrations/LOT/DARK/2020-01-18/Dark-20200118@210414-270S.fits (64/175)
Storing LOT20200118-LSPM_J0510+2714_mod/Dark-20200118@210851-270S.fts -> s3://eden-data/Calibrations/LOT/DARK/2020-01-18/Dark-20200118@210851-270S.fits (65/175)
Storing LOT20200118-LSPM_J0510+2714_mod/Dark-20200118@211328-270S.fts -> s3://eden-data/Calibrations/LOT/DARK/2020-01-18/Dark-20200118@211328-270S.fits (66/175)
Storing LOT20200118-LSPM_J0510+2714_mod/Dark-20200118@211806-270S.fts -> s3://eden-data/Calibrations/LOT/DARK/2020-01-18/Dark-20200118@211806-270S.fits (67/175)
Storing LOT20200118-LSPM_J0510+2714_mod/Dark-20200118@212243-270S.fts -> s3://eden-data/Calibrations/LOT/DARK/2020-01-18/Dark-20200118@212243-270S.fits (68/175)
Storing LOT20200118-LSPM_J0510+2714_mod/Dark-20200118@212721-270S.fts -> s3://eden-data/Calibrations/LOT/DARK/2020-01-18/Dark-20200118@212721-270S.fits (69/175)
Storing LOT20200118-LSPM_J0510+2714_mod/Dark-20200118@213158-270S.fts -> s3://eden-data/Calibrations/LOT/DARK/2020-01-18/Dark-20200118@213158-270S.fits (70/175)
Storing LOT20200118-LSPM_J0510+2714_mod/Dark-20200118@213637-180S.fts -> s3://eden-data/Calibrations/LOT/DARK/2020-01-18/Dark-20200118@213637-180S.fits (71/175)
Storing LOT20200118-LSPM_J0510+2714_mod/Dark-20200118@213944-180S.fts -> s3://eden-data/Calibrations/LOT/DARK/2020-01-18/Dark-20200118@213944-180S.fits (72/175)
Storing LOT20200118-LSPM_J0510+2714_mod/Dark-20200118@214251-180S.fts -> s3://eden-data/Calibrations/LOT/DARK/2020-01-18/Dark-20200118@214251-180S.fits (73/175)
Storing LOT20200118-LSPM_J0510+2714_mod/Dark-20200118@214558-180S.fts -> s3://eden-data/Calibrations/LOT/DARK/2020-01-18/Dark-20200118@214558-180S.fits (74/175)
Storing LOT20200118-LSPM_J0510+2714_mod/Dark-20200118@214904-180S.fts -> s3://eden-data/Calibrations/LOT/DARK/2020-01-18/Dark-20200118@214904-180S.fits (75/175)
Storing LOT20200118-LSPM_J0510+2714_mod/Dark-20200118@215211-180S.fts -> s3://eden-data/Calibrations/LOT/DARK/2020-01-18/Dark-20200118@215211-180S.fits (76/175)
Storing LOT20200118-LSPM_J0510+2714_mod/Dark-20200118@215519-180S.fts -> s3://eden-data/Calibrations/LOT/DARK/2020-01-18/Dark-20200118@215519-180S.fits (77/175)
Storing LOT20200118-LSPM_J0510+2714_mod/Dark-20200118@215825-180S.fts -> s3://eden-data/Calibrations/LOT/DARK/2020-01-18/Dark-20200118@215825-180S.fits (78/175)
Storing LOT20200118-LSPM_J0510+2714_mod/Dark-20200118@220132-180S.fts -> s3://eden-data/Calibrations/LOT/DARK/2020-01-18/Dark-20200118@220132-180S.fits (79/175)
Storing LOT20200118-LSPM_J0510+2714_mod/Dark-20200118@220438-180S.fts -> s3://eden-data/Calibrations/LOT/DARK/2020-01-18/Dark-20200118@220438-180S.fits (80/175)
Storing LOT20200118-LSPM_J0510+2714_mod/LSPM_J0510+2714-20200118@111337-Eden.fts -> s3://eden-data/RAW/LOT/LSPM_J0510+2714/2020-01-18/LSPM_J0510+2714-20200118@111337-Eden.fits (81/175)
Storing LOT20200118-LSPM_J0510+2714_mod/LSPM_J0510+2714-20200118@111504-Eden.fts -> s3://eden-data/RAW/LOT/LSPM_J0510+2714/2020-01-18/LSPM_J0510+2714-20200118@111504-Eden.fits (82/175)
Storing LOT20200118-LSPM_J0510+2714_mod/LSPM_J0510+2714-20200118@111618-Eden.fts -> s3://eden-data/RAW/LOT/LSPM_J0510+2714/2020-01-18/LSPM_J0510+2714-20200118@111618-Eden.fits (83/175)
Storing LOT20200118-LSPM_J0510+2714_mod/LSPM_J0510+2714-20200118@111733-Eden.fts -> s3://eden-data/RAW/LOT/LSPM_J0510+2714/2020-01-18/LSPM_J0510+2714-20200118@111733-Eden.fits (84/175)
Storing LOT20200118-LSPM_J0510+2714_mod/LSPM_J0510+2714-20200118@111847-Eden.fts -> s3://eden-data/RAW/LOT/LSPM_J0510+2714/2020-01-18/LSPM_J0510+2714-20200118@111847-Eden.fits (85/175)
Storing LOT20200118-LSPM_J0510+2714_mod/LSPM_J0510+2714-20200118@112001-Eden.fts -> s3://eden-data/RAW/LOT/LSPM_J0510+2714/2020-01-18/LSPM_J0510+2714-20200118@112001-Eden.fits (86/175)
Storing LOT20200118-LSPM_J0510+2714_mod/LSPM_J0510+2714-20200118@112116-Eden.fts -> s3://eden-data/RAW/LOT/LSPM_J0510+2714/2020-01-18/LSPM_J0510+2714-20200118@112116-Eden.fits (87/175)
Storing LOT20200118-LSPM_J0510+2714_mod/LSPM_J0510+2714-20200118@112230-Eden.fts -> s3://eden-data/RAW/LOT/LSPM_J0510+2714/2020-01-18/LSPM_J0510+2714-20200118@112230-Eden.fits (88/175)
Storing LOT20200118-LSPM_J0510+2714_mod/LSPM_J0510+2714-20200118@112346-Eden.fts -> s3://eden-data/RAW/LOT/LSPM_J0510+2714/2020-01-18/LSPM_J0510+2714-20200118@112346-Eden.fits (89/175)
Storing LOT20200118-LSPM_J0510+2714_mod/LSPM_J0510+2714-20200118@112501-Eden.fts -> s3://eden-data/RAW/LOT/LSPM_J0510+2714/2020-01-18/LSPM_J0510+2714-20200118@112501-Eden.fits (90/175)
Storing LOT20200118-LSPM_J0510+2714_mod/LSPM_J0510+2714-20200118@112615-Eden.fts -> s3://eden-data/RAW/LOT/LSPM_J0510+2714/2020-01-18/LSPM_J0510+2714-20200118@112615-Eden.fits (91/175)
Storing LOT20200118-LSPM_J0510+2714_mod/LSPM_J0510+2714-20200118@112730-Eden.fts -> s3://eden-data/RAW/LOT/LSPM_J0510+2714/2020-01-18/LSPM_J0510+2714-20200118@112730-Eden.fits (92/175)
Storing LOT20200118-LSPM_J0510+2714_mod/LSPM_J0510+2714-20200118@112845-Eden.fts -> s3://eden-data/RAW/LOT/LSPM_J0510+2714/2020-01-18/LSPM_J0510+2714-20200118@112845-Eden.fits (93/175)
Storing LOT20200118-LSPM_J0510+2714_mod/LSPM_J0510+2714-20200118@113000-Eden.fts -> s3://eden-data/RAW/LOT/LSPM_J0510+2714/2020-01-18/LSPM_J0510+2714-20200118@113000-Eden.fits (94/175)
Storing LOT20200118-LSPM_J0510+2714_mod/LSPM_J0510+2714-20200118@113114-Eden.fts -> s3://eden-data/RAW/LOT/LSPM_J0510+2714/2020-01-18/LSPM_J0510+2714-20200118@113114-Eden.fits (95/175)
Storing LOT20200118-LSPM_J0510+2714_mod/LSPM_J0510+2714-20200118@113228-Eden.fts -> s3://eden-data/RAW/LOT/LSPM_J0510+2714/2020-01-18/LSPM_J0510+2714-20200118@113228-Eden.fits (96/175)
Storing LOT20200118-LSPM_J0510+2714_mod/LSPM_J0510+2714-20200118@113342-Eden.fts -> s3://eden-data/RAW/LOT/LSPM_J0510+2714/2020-01-18/LSPM_J0510+2714-20200118@113342-Eden.fits (97/175)
Storing LOT20200118-LSPM_J0510+2714_mod/LSPM_J0510+2714-20200118@113458-Eden.fts -> s3://eden-data/RAW/LOT/LSPM_J0510+2714/2020-01-18/LSPM_J0510+2714-20200118@113458-Eden.fits (98/175)
Storing LOT20200118-LSPM_J0510+2714_mod/LSPM_J0510+2714-20200118@113614-Eden.fts -> s3://eden-data/RAW/LOT/LSPM_J0510+2714/2020-01-18/LSPM_J0510+2714-20200118@113614-Eden.fits (99/175)
Storing LOT20200118-LSPM_J0510+2714_mod/LSPM_J0510+2714-20200118@113730-Eden.fts -> s3://eden-data/RAW/LOT/LSPM_J0510+2714/2020-01-18/LSPM_J0510+2714-20200118@113730-Eden.fits (100/175)
Storing LOT20200118-LSPM_J0510+2714_mod/LSPM_J0510+2714-20200118@113845-Eden.fts -> s3://eden-data/RAW/LOT/LSPM_J0510+2714/2020-01-18/LSPM_J0510+2714-20200118@113845-Eden.fits (101/175)
Storing LOT20200118-LSPM_J0510+2714_mod/LSPM_J0510+2714-20200118@114002-Eden.fts -> s3://eden-data/RAW/LOT/LSPM_J0510+2714/2020-01-18/LSPM_J0510+2714-20200118@114002-Eden.fits (102/175)
Storing LOT20200118-LSPM_J0510+2714_mod/LSPM_J0510+2714-20200118@114118-Eden.fts -> s3://eden-data/RAW/LOT/LSPM_J0510+2714/2020-01-18/LSPM_J0510+2714-20200118@114118-Eden.fits (103/175)
Storing LOT20200118-LSPM_J0510+2714_mod/LSPM_J0510+2714-20200118@114232-Eden.fts -> s3://eden-data/RAW/LOT/LSPM_J0510+2714/2020-01-18/LSPM_J0510+2714-20200118@114232-Eden.fits (104/175)
Storing LOT20200118-LSPM_J0510+2714_mod/LSPM_J0510+2714-20200118@114346-Eden.fts -> s3://eden-data/RAW/LOT/LSPM_J0510+2714/2020-01-18/LSPM_J0510+2714-20200118@114346-Eden.fits (105/175)
Storing LOT20200118-LSPM_J0510+2714_mod/LSPM_J0510+2714-20200118@114501-Eden.fts -> s3://eden-data/RAW/LOT/LSPM_J0510+2714/2020-01-18/LSPM_J0510+2714-20200118@114501-Eden.fits (106/175)
Storing LOT20200118-LSPM_J0510+2714_mod/LSPM_J0510+2714-20200118@114615-Eden.fts -> s3://eden-data/RAW/LOT/LSPM_J0510+2714/2020-01-18/LSPM_J0510+2714-20200118@114615-Eden.fits (107/175)
Storing LOT20200118-LSPM_J0510+2714_mod/LSPM_J0510+2714-20200118@114730-Eden.fts -> s3://eden-data/RAW/LOT/LSPM_J0510+2714/2020-01-18/LSPM_J0510+2714-20200118@114730-Eden.fits (108/175)
Storing LOT20200118-LSPM_J0510+2714_mod/LSPM_J0510+2714-20200118@114844-Eden.fts -> s3://eden-data/RAW/LOT/LSPM_J0510+2714/2020-01-18/LSPM_J0510+2714-20200118@114844-Eden.fits (109/175)
Storing LOT20200118-LSPM_J0510+2714_mod/LSPM_J0510+2714-20200118@115000-Eden.fts -> s3://eden-data/RAW/LOT/LSPM_J0510+2714/2020-01-18/LSPM_J0510+2714-20200118@115000-Eden.fits (110/175)
Storing LOT20200118-LSPM_J0510+2714_mod/LSPM_J0510+2714-20200118@115116-Eden.fts -> s3://eden-data/RAW/LOT/LSPM_J0510+2714/2020-01-18/LSPM_J0510+2714-20200118@115116-Eden.fits (111/175)
Storing LOT20200118-LSPM_J0510+2714_mod/LSPM_J0510+2714-20200118@115232-Eden.fts -> s3://eden-data/RAW/LOT/LSPM_J0510+2714/2020-01-18/LSPM_J0510+2714-20200118@115232-Eden.fits (112/175)
Storing LOT20200118-LSPM_J0510+2714_mod/LSPM_J0510+2714-20200118@115348-Eden.fts -> s3://eden-data/RAW/LOT/LSPM_J0510+2714/2020-01-18/LSPM_J0510+2714-20200118@115348-Eden.fits (113/175)
Storing LOT20200118-LSPM_J0510+2714_mod/LSPM_J0510+2714-20200118@115506-Eden.fts -> s3://eden-data/RAW/LOT/LSPM_J0510+2714/2020-01-18/LSPM_J0510+2714-20200118@115506-Eden.fits (114/175)
Storing LOT20200118-LSPM_J0510+2714_mod/LSPM_J0510+2714-20200118@115620-Eden.fts -> s3://eden-data/RAW/LOT/LSPM_J0510+2714/2020-01-18/LSPM_J0510+2714-20200118@115620-Eden.fits (115/175)
Storing LOT20200118-LSPM_J0510+2714_mod/LSPM_J0510+2714-20200118@115735-Eden.fts -> s3://eden-data/RAW/LOT/LSPM_J0510+2714/2020-01-18/LSPM_J0510+2714-20200118@115735-Eden.fits (116/175)
Storing LOT20200118-LSPM_J0510+2714_mod/LSPM_J0510+2714-20200118@115849-Eden.fts -> s3://eden-data/RAW/LOT/LSPM_J0510+2714/2020-01-18/LSPM_J0510+2714-20200118@115849-Eden.fits (117/175)
Storing LOT20200118-LSPM_J0510+2714_mod/LSPM_J0510+2714-20200118@120004-Eden.fts -> s3://eden-data/RAW/LOT/LSPM_J0510+2714/2020-01-18/LSPM_J0510+2714-20200118@120004-Eden.fits (118/175)
Storing LOT20200118-LSPM_J0510+2714_mod/LSPM_J0510+2714-20200118@120118-Eden.fts -> s3://eden-data/RAW/LOT/LSPM_J0510+2714/2020-01-18/LSPM_J0510+2714-20200118@120118-Eden.fits (119/175)
Storing LOT20200118-LSPM_J0510+2714_mod/LSPM_J0510+2714-20200118@120232-Eden.fts -> s3://eden-data/RAW/LOT/LSPM_J0510+2714/2020-01-18/LSPM_J0510+2714-20200118@120232-Eden.fits (120/175)
Storing LOT20200118-LSPM_J0510+2714_mod/LSPM_J0510+2714-20200118@120347-Eden.fts -> s3://eden-data/RAW/LOT/LSPM_J0510+2714/2020-01-18/LSPM_J0510+2714-20200118@120347-Eden.fits (121/175)
Storing LOT20200118-LSPM_J0510+2714_mod/LSPM_J0510+2714-20200118@120502-Eden.fts -> s3://eden-data/RAW/LOT/LSPM_J0510+2714/2020-01-18/LSPM_J0510+2714-20200118@120502-Eden.fits (122/175)
Storing LOT20200118-LSPM_J0510+2714_mod/LSPM_J0510+2714-20200118@120617-Eden.fts -> s3://eden-data/RAW/LOT/LSPM_J0510+2714/2020-01-18/LSPM_J0510+2714-20200118@120617-Eden.fits (123/175)
Storing LOT20200118-LSPM_J0510+2714_mod/LSPM_J0510+2714-20200118@120733-Eden.fts -> s3://eden-data/RAW/LOT/LSPM_J0510+2714/2020-01-18/LSPM_J0510+2714-20200118@120733-Eden.fits (124/175)
Storing LOT20200118-LSPM_J0510+2714_mod/LSPM_J0510+2714-20200118@120848-Eden.fts -> s3://eden-data/RAW/LOT/LSPM_J0510+2714/2020-01-18/LSPM_J0510+2714-20200118@120848-Eden.fits (125/175)
Storing LOT20200118-LSPM_J0510+2714_mod/LSPM_J0510+2714-20200118@121003-Eden.fts -> s3://eden-data/RAW/LOT/LSPM_J0510+2714/2020-01-18/LSPM_J0510+2714-20200118@121003-Eden.fits (126/175)
Storing LOT20200118-LSPM_J0510+2714_mod/LSPM_J0510+2714-20200118@121118-Eden.fts -> s3://eden-data/RAW/LOT/LSPM_J0510+2714/2020-01-18/LSPM_J0510+2714-20200118@121118-Eden.fits (127/175)
Storing LOT20200118-LSPM_J0510+2714_mod/LSPM_J0510+2714-20200118@121234-Eden.fts -> s3://eden-data/RAW/LOT/LSPM_J0510+2714/2020-01-18/LSPM_J0510+2714-20200118@121234-Eden.fits (128/175)
Storing LOT20200118-LSPM_J0510+2714_mod/LSPM_J0510+2714-20200118@121349-Eden.fts -> s3://eden-data/RAW/LOT/LSPM_J0510+2714/2020-01-18/LSPM_J0510+2714-20200118@121349-Eden.fits (129/175)
Storing LOT20200118-LSPM_J0510+2714_mod/LSPM_J0510+2714-20200118@121505-Eden.fts -> s3://eden-data/RAW/LOT/LSPM_J0510+2714/2020-01-18/LSPM_J0510+2714-20200118@121505-Eden.fits (130/175)
Storing LOT20200118-LSPM_J0510+2714_mod/LSPM_J0510+2714-20200118@121619-Eden.fts -> s3://eden-data/RAW/LOT/LSPM_J0510+2714/2020-01-18/LSPM_J0510+2714-20200118@121619-Eden.fits (131/175)
Storing LOT20200118-LSPM_J0510+2714_mod/LSPM_J0510+2714-20200118@121732-Eden.fts -> s3://eden-data/RAW/LOT/LSPM_J0510+2714/2020-01-18/LSPM_J0510+2714-20200118@121732-Eden.fits (132/175)
Storing LOT20200118-LSPM_J0510+2714_mod/LSPM_J0510+2714-20200118@121849-Eden.fts -> s3://eden-data/RAW/LOT/LSPM_J0510+2714/2020-01-18/LSPM_J0510+2714-20200118@121849-Eden.fits (133/175)
Storing LOT20200118-LSPM_J0510+2714_mod/LSPM_J0510+2714-20200118@122004-Eden.fts -> s3://eden-data/RAW/LOT/LSPM_J0510+2714/2020-01-18/LSPM_J0510+2714-20200118@122004-Eden.fits (134/175)
Storing LOT20200118-LSPM_J0510+2714_mod/LSPM_J0510+2714-20200118@122118-Eden.fts -> s3://eden-data/RAW/LOT/LSPM_J0510+2714/2020-01-18/LSPM_J0510+2714-20200118@122118-Eden.fits (135/175)
Storing LOT20200118-LSPM_J0510+2714_mod/LSPM_J0510+2714-20200118@122233-Eden.fts -> s3://eden-data/RAW/LOT/LSPM_J0510+2714/2020-01-18/LSPM_J0510+2714-20200118@122233-Eden.fits (136/175)
Storing LOT20200118-LSPM_J0510+2714_mod/LSPM_J0510+2714-20200118@122347-Eden.fts -> s3://eden-data/RAW/LOT/LSPM_J0510+2714/2020-01-18/LSPM_J0510+2714-20200118@122347-Eden.fits (137/175)
Storing LOT20200118-LSPM_J0510+2714_mod/LSPM_J0510+2714-20200118@122503-Eden.fts -> s3://eden-data/RAW/LOT/LSPM_J0510+2714/2020-01-18/LSPM_J0510+2714-20200118@122503-Eden.fits (138/175)
Storing LOT20200118-LSPM_J0510+2714_mod/LSPM_J0510+2714-20200118@122618-Eden.fts -> s3://eden-data/RAW/LOT/LSPM_J0510+2714/2020-01-18/LSPM_J0510+2714-20200118@122618-Eden.fits (139/175)
Storing LOT20200118-LSPM_J0510+2714_mod/LSPM_J0510+2714-20200118@122733-Eden.fts -> s3://eden-data/RAW/LOT/LSPM_J0510+2714/2020-01-18/LSPM_J0510+2714-20200118@122733-Eden.fits (140/175)
Storing LOT20200118-LSPM_J0510+2714_mod/LSPM_J0510+2714-20200118@122847-Eden.fts -> s3://eden-data/RAW/LOT/LSPM_J0510+2714/2020-01-18/LSPM_J0510+2714-20200118@122847-Eden.fits (141/175)
Storing LOT20200118-LSPM_J0510+2714_mod/LSPM_J0510+2714-20200118@123002-Eden.fts -> s3://eden-data/RAW/LOT/LSPM_J0510+2714/2020-01-18/LSPM_J0510+2714-20200118@123002-Eden.fits (142/175)
Storing LOT20200118-LSPM_J0510+2714_mod/LSPM_J0510+2714-20200118@123117-Eden.fts -> s3://eden-data/RAW/LOT/LSPM_J0510+2714/2020-01-18/LSPM_J0510+2714-20200118@123117-Eden.fits (143/175)
Storing LOT20200118-LSPM_J0510+2714_mod/LSPM_J0510+2714-20200118@123231-Eden.fts -> s3://eden-data/RAW/LOT/LSPM_J0510+2714/2020-01-18/LSPM_J0510+2714-20200118@123231-Eden.fits (144/175)
Storing LOT20200118-LSPM_J0510+2714_mod/LSPM_J0510+2714-20200118@123346-Eden.fts -> s3://eden-data/RAW/LOT/LSPM_J0510+2714/2020-01-18/LSPM_J0510+2714-20200118@123346-Eden.fits (145/175)
Storing LOT20200118-LSPM_J0510+2714_mod/LSPM_J0510+2714-20200118@123500-Eden.fts -> s3://eden-data/RAW/LOT/LSPM_J0510+2714/2020-01-18/LSPM_J0510+2714-20200118@123500-Eden.fits (146/175)
Storing LOT20200118-LSPM_J0510+2714_mod/LSPM_J0510+2714-20200118@123615-Eden.fts -> s3://eden-data/RAW/LOT/LSPM_J0510+2714/2020-01-18/LSPM_J0510+2714-20200118@123615-Eden.fits (147/175)
Storing LOT20200118-LSPM_J0510+2714_mod/LSPM_J0510+2714-20200118@123730-Eden.fts -> s3://eden-data/RAW/LOT/LSPM_J0510+2714/2020-01-18/LSPM_J0510+2714-20200118@123730-Eden.fits (148/175)
Storing LOT20200118-LSPM_J0510+2714_mod/LSPM_J0510+2714-20200118@123844-Eden.fts -> s3://eden-data/RAW/LOT/LSPM_J0510+2714/2020-01-18/LSPM_J0510+2714-20200118@123844-Eden.fits (149/175)
Storing LOT20200118-LSPM_J0510+2714_mod/LSPM_J0510+2714-20200118@124000-Eden.fts -> s3://eden-data/RAW/LOT/LSPM_J0510+2714/2020-01-18/LSPM_J0510+2714-20200118@124000-Eden.fits (150/175)
Storing LOT20200118-LSPM_J0510+2714_mod/LSPM_J0510+2714-20200118@124115-Eden.fts -> s3://eden-data/RAW/LOT/LSPM_J0510+2714/2020-01-18/LSPM_J0510+2714-20200118@124115-Eden.fits (151/175)
Storing LOT20200118-LSPM_J0510+2714_mod/LSPM_J0510+2714-20200118@124230-Eden.fts -> s3://eden-data/RAW/LOT/LSPM_J0510+2714/2020-01-18/LSPM_J0510+2714-20200118@124230-Eden.fits (152/175)
Storing LOT20200118-LSPM_J0510+2714_mod/LSPM_J0510+2714-20200118@124345-Eden.fts -> s3://eden-data/RAW/LOT/LSPM_J0510+2714/2020-01-18/LSPM_J0510+2714-20200118@124345-Eden.fits (153/175)
Storing LOT20200118-LSPM_J0510+2714_mod/LSPM_J0510+2714-20200118@124500-Eden.fts -> s3://eden-data/RAW/LOT/LSPM_J0510+2714/2020-01-18/LSPM_J0510+2714-20200118@124500-Eden.fits (154/175)
Storing LOT20200118-LSPM_J0510+2714_mod/LSPM_J0510+2714-20200118@124616-Eden.fts -> s3://eden-data/RAW/LOT/LSPM_J0510+2714/2020-01-18/LSPM_J0510+2714-20200118@124616-Eden.fits (155/175)
Storing LOT20200118-LSPM_J0510+2714_mod/LSPM_J0510+2714-20200118@124730-Eden.fts -> s3://eden-data/RAW/LOT/LSPM_J0510+2714/2020-01-18/LSPM_J0510+2714-20200118@124730-Eden.fits (156/175)
Storing LOT20200118-LSPM_J0510+2714_mod/LSPM_J0510+2714-20200118@124844-Eden.fts -> s3://eden-data/RAW/LOT/LSPM_J0510+2714/2020-01-18/LSPM_J0510+2714-20200118@124844-Eden.fits (157/175)
Storing LOT20200118-LSPM_J0510+2714_mod/LSPM_J0510+2714-20200118@124959-Eden.fts -> s3://eden-data/RAW/LOT/LSPM_J0510+2714/2020-01-18/LSPM_J0510+2714-20200118@124959-Eden.fits (158/175)
Storing LOT20200118-LSPM_J0510+2714_mod/LSPM_J0510+2714-20200118@125113-Eden.fts -> s3://eden-data/RAW/LOT/LSPM_J0510+2714/2020-01-18/LSPM_J0510+2714-20200118@125113-Eden.fits (159/175)
Storing LOT20200118-LSPM_J0510+2714_mod/LSPM_J0510+2714-20200118@125227-Eden.fts -> s3://eden-data/RAW/LOT/LSPM_J0510+2714/2020-01-18/LSPM_J0510+2714-20200118@125227-Eden.fits (160/175)
Storing LOT20200118-LSPM_J0510+2714_mod/LSPM_J0510+2714-20200118@125341-Eden.fts -> s3://eden-data/RAW/LOT/LSPM_J0510+2714/2020-01-18/LSPM_J0510+2714-20200118@125341-Eden.fits (161/175)
Storing LOT20200118-LSPM_J0510+2714_mod/LSPM_J0510+2714-20200118@125457-Eden.fts -> s3://eden-data/RAW/LOT/LSPM_J0510+2714/2020-01-18/LSPM_J0510+2714-20200118@125457-Eden.fits (162/175)
Storing LOT20200118-LSPM_J0510+2714_mod/LSPM_J0510+2714-20200118@125611-Eden.fts -> s3://eden-data/RAW/LOT/LSPM_J0510+2714/2020-01-18/LSPM_J0510+2714-20200118@125611-Eden.fits (163/175)
Storing LOT20200118-LSPM_J0510+2714_mod/LSPM_J0510+2714-20200118@125726-Eden.fts -> s3://eden-data/RAW/LOT/LSPM_J0510+2714/2020-01-18/LSPM_J0510+2714-20200118@125726-Eden.fits (164/175)
Storing LOT20200118-LSPM_J0510+2714_mod/LSPM_J0510+2714-20200118@125841-Eden.fts -> s3://eden-data/RAW/LOT/LSPM_J0510+2714/2020-01-18/LSPM_J0510+2714-20200118@125841-Eden.fits (165/175)
Storing LOT20200118-LSPM_J0510+2714_mod/LSPM_J0510+2714-20200118@125955-Eden.fts -> s3://eden-data/RAW/LOT/LSPM_J0510+2714/2020-01-18/LSPM_J0510+2714-20200118@125955-Eden.fits (166/175)
Storing LOT20200118-LSPM_J0510+2714_mod/LSPM_J0510+2714-20200118@130112-Eden.fts -> s3://eden-data/RAW/LOT/LSPM_J0510+2714/2020-01-18/LSPM_J0510+2714-20200118@130112-Eden.fits (167/175)
Storing LOT20200118-LSPM_J0510+2714_mod/LSPM_J0510+2714-20200118@130226-Eden.fts -> s3://eden-data/RAW/LOT/LSPM_J0510+2714/2020-01-18/LSPM_J0510+2714-20200118@130226-Eden.fits (168/175)
Storing LOT20200118-LSPM_J0510+2714_mod/LSPM_J0510+2714-20200118@130342-Eden.fts -> s3://eden-data/RAW/LOT/LSPM_J0510+2714/2020-01-18/LSPM_J0510+2714-20200118@130342-Eden.fits (169/175)
Storing LOT20200118-LSPM_J0510+2714_mod/LSPM_J0510+2714-20200118@130457-Eden.fts -> s3://eden-data/RAW/LOT/LSPM_J0510+2714/2020-01-18/LSPM_J0510+2714-20200118@130457-Eden.fits (170/175)
Storing LOT20200118-LSPM_J0510+2714_mod/LSPM_J0510+2714-20200118@130611-Eden.fts -> s3://eden-data/RAW/LOT/LSPM_J0510+2714/2020-01-18/LSPM_J0510+2714-20200118@130611-Eden.fits (171/175)
Storing LOT20200118-LSPM_J0510+2714_mod/LSPM_J0510+2714-20200118@130725-Eden.fts -> s3://eden-data/RAW/LOT/LSPM_J0510+2714/2020-01-18/LSPM_J0510+2714-20200118@130725-Eden.fits (172/175)
Storing LOT20200118-LSPM_J0510+2714_mod/LSPM_J0510+2714-20200118@130840-Eden.fts -> s3://eden-data/RAW/LOT/LSPM_J0510+2714/2020-01-18/LSPM_J0510+2714-20200118@130840-Eden.fits (173/175)
Storing LOT20200118-LSPM_J0510+2714_mod/LSPM_J0510+2714-20200118@131027-Eden.fts -> s3://eden-data/RAW/LOT/LSPM_J0510+2714/2020-01-18/LSPM_J0510+2714-20200118@131027-Eden.fits (174/175)
Storing LOT20200118-LSPM_J0510+2714_mod/LSPM_J0510+2714-20200118@131217-Eden.fts -> s3://eden-data/RAW/LOT/LSPM_J0510+2714/2020-01-18/LSPM_J0510+2714-20200118@131217-Eden.fits (175/175)

Upload complete!
Stored: 175 files (1.5 GB)
