Bucket successfully loaded! eden-data
162 files found
Storing data to the S3 archive!
Doing a dry run - uploads will not be committed.
Verbose output enabled.
Storing /home/altsai/eden/LOT20201119_LSPM_J0419+4233_mod/202001119_flat-001eden.fits -> s3://eden-data/Calibrations/LOT/FLAT/2020-11-19/202001119_flat-001eden.fits (1/162) (dry run)
Storing /home/altsai/eden/LOT20201119_LSPM_J0419+4233_mod/202001119_flat-002eden.fits -> s3://eden-data/Calibrations/LOT/FLAT/2020-11-19/202001119_flat-002eden.fits (2/162) (dry run)
Storing /home/altsai/eden/LOT20201119_LSPM_J0419+4233_mod/202001119_flat-003eden.fits -> s3://eden-data/Calibrations/LOT/FLAT/2020-11-19/202001119_flat-003eden.fits (3/162) (dry run)
Storing /home/altsai/eden/LOT20201119_LSPM_J0419+4233_mod/202001119_flat-004eden.fits -> s3://eden-data/Calibrations/LOT/FLAT/2020-11-19/202001119_flat-004eden.fits (4/162) (dry run)
Storing /home/altsai/eden/LOT20201119_LSPM_J0419+4233_mod/202001119_flat-005eden.fits -> s3://eden-data/Calibrations/LOT/FLAT/2020-11-19/202001119_flat-005eden.fits (5/162) (dry run)
Storing /home/altsai/eden/LOT20201119_LSPM_J0419+4233_mod/Bias-20201119@222635-000S.fts -> s3://eden-data/Calibrations/LOT/BIAS/2020-11-19/Bias-20201119@222635-000S.fits (6/162) (dry run)
Storing /home/altsai/eden/LOT20201119_LSPM_J0419+4233_mod/Bias-20201119@222643-000S.fts -> s3://eden-data/Calibrations/LOT/BIAS/2020-11-19/Bias-20201119@222643-000S.fits (7/162) (dry run)
Storing /home/altsai/eden/LOT20201119_LSPM_J0419+4233_mod/Bias-20201119@222650-000S.fts -> s3://eden-data/Calibrations/LOT/BIAS/2020-11-19/Bias-20201119@222650-000S.fits (8/162) (dry run)
Storing /home/altsai/eden/LOT20201119_LSPM_J0419+4233_mod/Bias-20201119@222658-000S.fts -> s3://eden-data/Calibrations/LOT/BIAS/2020-11-19/Bias-20201119@222658-000S.fits (9/162) (dry run)
Storing /home/altsai/eden/LOT20201119_LSPM_J0419+4233_mod/Bias-20201119@222705-000S.fts -> s3://eden-data/Calibrations/LOT/BIAS/2020-11-19/Bias-20201119@222705-000S.fits (10/162) (dry run)
Storing /home/altsai/eden/LOT20201119_LSPM_J0419+4233_mod/Bias-20201119@222712-000S.fts -> s3://eden-data/Calibrations/LOT/BIAS/2020-11-19/Bias-20201119@222712-000S.fits (11/162) (dry run)
Storing /home/altsai/eden/LOT20201119_LSPM_J0419+4233_mod/Bias-20201119@222720-000S.fts -> s3://eden-data/Calibrations/LOT/BIAS/2020-11-19/Bias-20201119@222720-000S.fits (12/162) (dry run)
Storing /home/altsai/eden/LOT20201119_LSPM_J0419+4233_mod/Bias-20201119@222728-000S.fts -> s3://eden-data/Calibrations/LOT/BIAS/2020-11-19/Bias-20201119@222728-000S.fits (13/162) (dry run)
Storing /home/altsai/eden/LOT20201119_LSPM_J0419+4233_mod/Bias-20201119@222735-000S.fts -> s3://eden-data/Calibrations/LOT/BIAS/2020-11-19/Bias-20201119@222735-000S.fits (14/162) (dry run)
Storing /home/altsai/eden/LOT20201119_LSPM_J0419+4233_mod/Bias-20201119@222743-000S.fts -> s3://eden-data/Calibrations/LOT/BIAS/2020-11-19/Bias-20201119@222743-000S.fits (15/162) (dry run)
Storing /home/altsai/eden/LOT20201119_LSPM_J0419+4233_mod/Dark-20201119@224120-060S.fts -> s3://eden-data/Calibrations/LOT/DARK/2020-11-19/Dark-20201119@224120-060S.fits (16/162) (dry run)
Storing /home/altsai/eden/LOT20201119_LSPM_J0419+4233_mod/Dark-20201119@224227-060S.fts -> s3://eden-data/Calibrations/LOT/DARK/2020-11-19/Dark-20201119@224227-060S.fits (17/162) (dry run)
Storing /home/altsai/eden/LOT20201119_LSPM_J0419+4233_mod/Dark-20201119@224334-060S.fts -> s3://eden-data/Calibrations/LOT/DARK/2020-11-19/Dark-20201119@224334-060S.fits (18/162) (dry run)
Storing /home/altsai/eden/LOT20201119_LSPM_J0419+4233_mod/Dark-20201119@224440-060S.fts -> s3://eden-data/Calibrations/LOT/DARK/2020-11-19/Dark-20201119@224440-060S.fits (19/162) (dry run)
Storing /home/altsai/eden/LOT20201119_LSPM_J0419+4233_mod/Dark-20201119@224548-060S.fts -> s3://eden-data/Calibrations/LOT/DARK/2020-11-19/Dark-20201119@224548-060S.fits (20/162) (dry run)
Storing /home/altsai/eden/LOT20201119_LSPM_J0419+4233_mod/Dark-20201119@224654-060S.fts -> s3://eden-data/Calibrations/LOT/DARK/2020-11-19/Dark-20201119@224654-060S.fits (21/162) (dry run)
Storing /home/altsai/eden/LOT20201119_LSPM_J0419+4233_mod/Dark-20201119@224802-060S.fts -> s3://eden-data/Calibrations/LOT/DARK/2020-11-19/Dark-20201119@224802-060S.fits (22/162) (dry run)
Storing /home/altsai/eden/LOT20201119_LSPM_J0419+4233_mod/Dark-20201119@224909-060S.fts -> s3://eden-data/Calibrations/LOT/DARK/2020-11-19/Dark-20201119@224909-060S.fits (23/162) (dry run)
Storing /home/altsai/eden/LOT20201119_LSPM_J0419+4233_mod/Dark-20201119@225015-060S.fts -> s3://eden-data/Calibrations/LOT/DARK/2020-11-19/Dark-20201119@225015-060S.fits (24/162) (dry run)
Storing /home/altsai/eden/LOT20201119_LSPM_J0419+4233_mod/Dark-20201119@225122-060S.fts -> s3://eden-data/Calibrations/LOT/DARK/2020-11-19/Dark-20201119@225122-060S.fits (25/162) (dry run)
Storing /home/altsai/eden/LOT20201119_LSPM_J0419+4233_mod/LSPM_J0419+4233-20201119@184609-Eden.fts -> s3://eden-data/RAW/LOT/LSPM_J0419+4233/2020-11-19/LSPM_J0419+4233-20201119@184609-Eden.fits (26/162) (dry run)
Storing /home/altsai/eden/LOT20201119_LSPM_J0419+4233_mod/LSPM_J0419+4233-20201119@184724-Eden.fts -> s3://eden-data/RAW/LOT/LSPM_J0419+4233/2020-11-19/LSPM_J0419+4233-20201119@184724-Eden.fits (27/162) (dry run)
Storing /home/altsai/eden/LOT20201119_LSPM_J0419+4233_mod/LSPM_J0419+4233-20201119@184839-Eden.fts -> s3://eden-data/RAW/LOT/LSPM_J0419+4233/2020-11-19/LSPM_J0419+4233-20201119@184839-Eden.fits (28/162) (dry run)
Storing /home/altsai/eden/LOT20201119_LSPM_J0419+4233_mod/LSPM_J0419+4233-20201119@184954-Eden.fts -> s3://eden-data/RAW/LOT/LSPM_J0419+4233/2020-11-19/LSPM_J0419+4233-20201119@184954-Eden.fits (29/162) (dry run)
Storing /home/altsai/eden/LOT20201119_LSPM_J0419+4233_mod/LSPM_J0419+4233-20201119@185109-Eden.fts -> s3://eden-data/RAW/LOT/LSPM_J0419+4233/2020-11-19/LSPM_J0419+4233-20201119@185109-Eden.fits (30/162) (dry run)
Storing /home/altsai/eden/LOT20201119_LSPM_J0419+4233_mod/LSPM_J0419+4233-20201119@185223-Eden.fts -> s3://eden-data/RAW/LOT/LSPM_J0419+4233/2020-11-19/LSPM_J0419+4233-20201119@185223-Eden.fits (31/162) (dry run)
Storing /home/altsai/eden/LOT20201119_LSPM_J0419+4233_mod/LSPM_J0419+4233-20201119@185337-Eden.fts -> s3://eden-data/RAW/LOT/LSPM_J0419+4233/2020-11-19/LSPM_J0419+4233-20201119@185337-Eden.fits (32/162) (dry run)
Storing /home/altsai/eden/LOT20201119_LSPM_J0419+4233_mod/LSPM_J0419+4233-20201119@185450-Eden.fts -> s3://eden-data/RAW/LOT/LSPM_J0419+4233/2020-11-19/LSPM_J0419+4233-20201119@185450-Eden.fits (33/162) (dry run)
Storing /home/altsai/eden/LOT20201119_LSPM_J0419+4233_mod/LSPM_J0419+4233-20201119@185606-Eden.fts -> s3://eden-data/RAW/LOT/LSPM_J0419+4233/2020-11-19/LSPM_J0419+4233-20201119@185606-Eden.fits (34/162) (dry run)
Storing /home/altsai/eden/LOT20201119_LSPM_J0419+4233_mod/LSPM_J0419+4233-20201119@185721-Eden.fts -> s3://eden-data/RAW/LOT/LSPM_J0419+4233/2020-11-19/LSPM_J0419+4233-20201119@185721-Eden.fits (35/162) (dry run)
Storing /home/altsai/eden/LOT20201119_LSPM_J0419+4233_mod/LSPM_J0419+4233-20201119@185837-Eden.fts -> s3://eden-data/RAW/LOT/LSPM_J0419+4233/2020-11-19/LSPM_J0419+4233-20201119@185837-Eden.fits (36/162) (dry run)
Storing /home/altsai/eden/LOT20201119_LSPM_J0419+4233_mod/LSPM_J0419+4233-20201119@185950-Eden.fts -> s3://eden-data/RAW/LOT/LSPM_J0419+4233/2020-11-19/LSPM_J0419+4233-20201119@185950-Eden.fits (37/162) (dry run)
Storing /home/altsai/eden/LOT20201119_LSPM_J0419+4233_mod/LSPM_J0419+4233-20201119@190105-Eden.fts -> s3://eden-data/RAW/LOT/LSPM_J0419+4233/2020-11-19/LSPM_J0419+4233-20201119@190105-Eden.fits (38/162) (dry run)
Storing /home/altsai/eden/LOT20201119_LSPM_J0419+4233_mod/LSPM_J0419+4233-20201119@190220-Eden.fts -> s3://eden-data/RAW/LOT/LSPM_J0419+4233/2020-11-19/LSPM_J0419+4233-20201119@190220-Eden.fits (39/162) (dry run)
Storing /home/altsai/eden/LOT20201119_LSPM_J0419+4233_mod/LSPM_J0419+4233-20201119@190336-Eden.fts -> s3://eden-data/RAW/LOT/LSPM_J0419+4233/2020-11-19/LSPM_J0419+4233-20201119@190336-Eden.fits (40/162) (dry run)
Storing /home/altsai/eden/LOT20201119_LSPM_J0419+4233_mod/LSPM_J0419+4233-20201119@190451-Eden.fts -> s3://eden-data/RAW/LOT/LSPM_J0419+4233/2020-11-19/LSPM_J0419+4233-20201119@190451-Eden.fits (41/162) (dry run)
Storing /home/altsai/eden/LOT20201119_LSPM_J0419+4233_mod/LSPM_J0419+4233-20201119@190607-Eden.fts -> s3://eden-data/RAW/LOT/LSPM_J0419+4233/2020-11-19/LSPM_J0419+4233-20201119@190607-Eden.fits (42/162) (dry run)
Storing /home/altsai/eden/LOT20201119_LSPM_J0419+4233_mod/LSPM_J0419+4233-20201119@190722-Eden.fts -> s3://eden-data/RAW/LOT/LSPM_J0419+4233/2020-11-19/LSPM_J0419+4233-20201119@190722-Eden.fits (43/162) (dry run)
Storing /home/altsai/eden/LOT20201119_LSPM_J0419+4233_mod/LSPM_J0419+4233-20201119@190836-Eden.fts -> s3://eden-data/RAW/LOT/LSPM_J0419+4233/2020-11-19/LSPM_J0419+4233-20201119@190836-Eden.fits (44/162) (dry run)
Storing /home/altsai/eden/LOT20201119_LSPM_J0419+4233_mod/LSPM_J0419+4233-20201119@190949-Eden.fts -> s3://eden-data/RAW/LOT/LSPM_J0419+4233/2020-11-19/LSPM_J0419+4233-20201119@190949-Eden.fits (45/162) (dry run)
Storing /home/altsai/eden/LOT20201119_LSPM_J0419+4233_mod/LSPM_J0419+4233-20201119@191105-Eden.fts -> s3://eden-data/RAW/LOT/LSPM_J0419+4233/2020-11-19/LSPM_J0419+4233-20201119@191105-Eden.fits (46/162) (dry run)
Storing /home/altsai/eden/LOT20201119_LSPM_J0419+4233_mod/LSPM_J0419+4233-20201119@191220-Eden.fts -> s3://eden-data/RAW/LOT/LSPM_J0419+4233/2020-11-19/LSPM_J0419+4233-20201119@191220-Eden.fits (47/162) (dry run)
Storing /home/altsai/eden/LOT20201119_LSPM_J0419+4233_mod/LSPM_J0419+4233-20201119@191334-Eden.fts -> s3://eden-data/RAW/LOT/LSPM_J0419+4233/2020-11-19/LSPM_J0419+4233-20201119@191334-Eden.fits (48/162) (dry run)
Storing /home/altsai/eden/LOT20201119_LSPM_J0419+4233_mod/LSPM_J0419+4233-20201119@191449-Eden.fts -> s3://eden-data/RAW/LOT/LSPM_J0419+4233/2020-11-19/LSPM_J0419+4233-20201119@191449-Eden.fits (49/162) (dry run)
Storing /home/altsai/eden/LOT20201119_LSPM_J0419+4233_mod/LSPM_J0419+4233-20201119@191604-Eden.fts -> s3://eden-data/RAW/LOT/LSPM_J0419+4233/2020-11-19/LSPM_J0419+4233-20201119@191604-Eden.fits (50/162) (dry run)
Storing /home/altsai/eden/LOT20201119_LSPM_J0419+4233_mod/LSPM_J0419+4233-20201119@191719-Eden.fts -> s3://eden-data/RAW/LOT/LSPM_J0419+4233/2020-11-19/LSPM_J0419+4233-20201119@191719-Eden.fits (51/162) (dry run)
Storing /home/altsai/eden/LOT20201119_LSPM_J0419+4233_mod/LSPM_J0419+4233-20201119@191833-Eden.fts -> s3://eden-data/RAW/LOT/LSPM_J0419+4233/2020-11-19/LSPM_J0419+4233-20201119@191833-Eden.fits (52/162) (dry run)
Storing /home/altsai/eden/LOT20201119_LSPM_J0419+4233_mod/LSPM_J0419+4233-20201119@191948-Eden.fts -> s3://eden-data/RAW/LOT/LSPM_J0419+4233/2020-11-19/LSPM_J0419+4233-20201119@191948-Eden.fits (53/162) (dry run)
Storing /home/altsai/eden/LOT20201119_LSPM_J0419+4233_mod/LSPM_J0419+4233-20201119@192104-Eden.fts -> s3://eden-data/RAW/LOT/LSPM_J0419+4233/2020-11-19/LSPM_J0419+4233-20201119@192104-Eden.fits (54/162) (dry run)
Storing /home/altsai/eden/LOT20201119_LSPM_J0419+4233_mod/LSPM_J0419+4233-20201119@192218-Eden.fts -> s3://eden-data/RAW/LOT/LSPM_J0419+4233/2020-11-19/LSPM_J0419+4233-20201119@192218-Eden.fits (55/162) (dry run)
Storing /home/altsai/eden/LOT20201119_LSPM_J0419+4233_mod/LSPM_J0419+4233-20201119@192332-Eden.fts -> s3://eden-data/RAW/LOT/LSPM_J0419+4233/2020-11-19/LSPM_J0419+4233-20201119@192332-Eden.fits (56/162) (dry run)
Storing /home/altsai/eden/LOT20201119_LSPM_J0419+4233_mod/LSPM_J0419+4233-20201119@192446-Eden.fts -> s3://eden-data/RAW/LOT/LSPM_J0419+4233/2020-11-19/LSPM_J0419+4233-20201119@192446-Eden.fits (57/162) (dry run)
Storing /home/altsai/eden/LOT20201119_LSPM_J0419+4233_mod/LSPM_J0419+4233-20201119@192600-Eden.fts -> s3://eden-data/RAW/LOT/LSPM_J0419+4233/2020-11-19/LSPM_J0419+4233-20201119@192600-Eden.fits (58/162) (dry run)
Storing /home/altsai/eden/LOT20201119_LSPM_J0419+4233_mod/LSPM_J0419+4233-20201119@192716-Eden.fts -> s3://eden-data/RAW/LOT/LSPM_J0419+4233/2020-11-19/LSPM_J0419+4233-20201119@192716-Eden.fits (59/162) (dry run)
Storing /home/altsai/eden/LOT20201119_LSPM_J0419+4233_mod/LSPM_J0419+4233-20201119@192831-Eden.fts -> s3://eden-data/RAW/LOT/LSPM_J0419+4233/2020-11-19/LSPM_J0419+4233-20201119@192831-Eden.fits (60/162) (dry run)
Storing /home/altsai/eden/LOT20201119_LSPM_J0419+4233_mod/LSPM_J0419+4233-20201119@192947-Eden.fts -> s3://eden-data/RAW/LOT/LSPM_J0419+4233/2020-11-19/LSPM_J0419+4233-20201119@192947-Eden.fits (61/162) (dry run)
Storing /home/altsai/eden/LOT20201119_LSPM_J0419+4233_mod/LSPM_J0419+4233-20201119@193104-Eden.fts -> s3://eden-data/RAW/LOT/LSPM_J0419+4233/2020-11-19/LSPM_J0419+4233-20201119@193104-Eden.fits (62/162) (dry run)
Storing /home/altsai/eden/LOT20201119_LSPM_J0419+4233_mod/LSPM_J0419+4233-20201119@193219-Eden.fts -> s3://eden-data/RAW/LOT/LSPM_J0419+4233/2020-11-19/LSPM_J0419+4233-20201119@193219-Eden.fits (63/162) (dry run)
Storing /home/altsai/eden/LOT20201119_LSPM_J0419+4233_mod/LSPM_J0419+4233-20201119@193333-Eden.fts -> s3://eden-data/RAW/LOT/LSPM_J0419+4233/2020-11-19/LSPM_J0419+4233-20201119@193333-Eden.fits (64/162) (dry run)
Storing /home/altsai/eden/LOT20201119_LSPM_J0419+4233_mod/LSPM_J0419+4233-20201119@193448-Eden.fts -> s3://eden-data/RAW/LOT/LSPM_J0419+4233/2020-11-19/LSPM_J0419+4233-20201119@193448-Eden.fits (65/162) (dry run)
Storing /home/altsai/eden/LOT20201119_LSPM_J0419+4233_mod/LSPM_J0419+4233-20201119@193603-Eden.fts -> s3://eden-data/RAW/LOT/LSPM_J0419+4233/2020-11-19/LSPM_J0419+4233-20201119@193603-Eden.fits (66/162) (dry run)
Storing /home/altsai/eden/LOT20201119_LSPM_J0419+4233_mod/LSPM_J0419+4233-20201119@193718-Eden.fts -> s3://eden-data/RAW/LOT/LSPM_J0419+4233/2020-11-19/LSPM_J0419+4233-20201119@193718-Eden.fits (67/162) (dry run)
Storing /home/altsai/eden/LOT20201119_LSPM_J0419+4233_mod/LSPM_J0419+4233-20201119@193833-Eden.fts -> s3://eden-data/RAW/LOT/LSPM_J0419+4233/2020-11-19/LSPM_J0419+4233-20201119@193833-Eden.fits (68/162) (dry run)
Storing /home/altsai/eden/LOT20201119_LSPM_J0419+4233_mod/LSPM_J0419+4233-20201119@193947-Eden.fts -> s3://eden-data/RAW/LOT/LSPM_J0419+4233/2020-11-19/LSPM_J0419+4233-20201119@193947-Eden.fits (69/162) (dry run)
Storing /home/altsai/eden/LOT20201119_LSPM_J0419+4233_mod/LSPM_J0419+4233-20201119@194102-Eden.fts -> s3://eden-data/RAW/LOT/LSPM_J0419+4233/2020-11-19/LSPM_J0419+4233-20201119@194102-Eden.fits (70/162) (dry run)
Storing /home/altsai/eden/LOT20201119_LSPM_J0419+4233_mod/LSPM_J0419+4233-20201119@194216-Eden.fts -> s3://eden-data/RAW/LOT/LSPM_J0419+4233/2020-11-19/LSPM_J0419+4233-20201119@194216-Eden.fits (71/162) (dry run)
Storing /home/altsai/eden/LOT20201119_LSPM_J0419+4233_mod/LSPM_J0419+4233-20201119@194331-Eden.fts -> s3://eden-data/RAW/LOT/LSPM_J0419+4233/2020-11-19/LSPM_J0419+4233-20201119@194331-Eden.fits (72/162) (dry run)
Storing /home/altsai/eden/LOT20201119_LSPM_J0419+4233_mod/LSPM_J0419+4233-20201119@194448-Eden.fts -> s3://eden-data/RAW/LOT/LSPM_J0419+4233/2020-11-19/LSPM_J0419+4233-20201119@194448-Eden.fits (73/162) (dry run)
Storing /home/altsai/eden/LOT20201119_LSPM_J0419+4233_mod/LSPM_J0419+4233-20201119@194603-Eden.fts -> s3://eden-data/RAW/LOT/LSPM_J0419+4233/2020-11-19/LSPM_J0419+4233-20201119@194603-Eden.fits (74/162) (dry run)
Storing /home/altsai/eden/LOT20201119_LSPM_J0419+4233_mod/LSPM_J0419+4233-20201119@194717-Eden.fts -> s3://eden-data/RAW/LOT/LSPM_J0419+4233/2020-11-19/LSPM_J0419+4233-20201119@194717-Eden.fits (75/162) (dry run)
Storing /home/altsai/eden/LOT20201119_LSPM_J0419+4233_mod/LSPM_J0419+4233-20201119@194832-Eden.fts -> s3://eden-data/RAW/LOT/LSPM_J0419+4233/2020-11-19/LSPM_J0419+4233-20201119@194832-Eden.fits (76/162) (dry run)
Storing /home/altsai/eden/LOT20201119_LSPM_J0419+4233_mod/LSPM_J0419+4233-20201119@194948-Eden.fts -> s3://eden-data/RAW/LOT/LSPM_J0419+4233/2020-11-19/LSPM_J0419+4233-20201119@194948-Eden.fits (77/162) (dry run)
Storing /home/altsai/eden/LOT20201119_LSPM_J0419+4233_mod/LSPM_J0419+4233-20201119@195103-Eden.fts -> s3://eden-data/RAW/LOT/LSPM_J0419+4233/2020-11-19/LSPM_J0419+4233-20201119@195103-Eden.fits (78/162) (dry run)
Storing /home/altsai/eden/LOT20201119_LSPM_J0419+4233_mod/LSPM_J0419+4233-20201119@195217-Eden.fts -> s3://eden-data/RAW/LOT/LSPM_J0419+4233/2020-11-19/LSPM_J0419+4233-20201119@195217-Eden.fits (79/162) (dry run)
Storing /home/altsai/eden/LOT20201119_LSPM_J0419+4233_mod/LSPM_J0419+4233-20201119@195333-Eden.fts -> s3://eden-data/RAW/LOT/LSPM_J0419+4233/2020-11-19/LSPM_J0419+4233-20201119@195333-Eden.fits (80/162) (dry run)
Storing /home/altsai/eden/LOT20201119_LSPM_J0419+4233_mod/LSPM_J0419+4233-20201119@195447-Eden.fts -> s3://eden-data/RAW/LOT/LSPM_J0419+4233/2020-11-19/LSPM_J0419+4233-20201119@195447-Eden.fits (81/162) (dry run)
Storing /home/altsai/eden/LOT20201119_LSPM_J0419+4233_mod/LSPM_J0419+4233-20201119@195602-Eden.fts -> s3://eden-data/RAW/LOT/LSPM_J0419+4233/2020-11-19/LSPM_J0419+4233-20201119@195602-Eden.fits (82/162) (dry run)
Storing /home/altsai/eden/LOT20201119_LSPM_J0419+4233_mod/LSPM_J0419+4233-20201119@195716-Eden.fts -> s3://eden-data/RAW/LOT/LSPM_J0419+4233/2020-11-19/LSPM_J0419+4233-20201119@195716-Eden.fits (83/162) (dry run)
Storing /home/altsai/eden/LOT20201119_LSPM_J0419+4233_mod/LSPM_J0419+4233-20201119@195831-Eden.fts -> s3://eden-data/RAW/LOT/LSPM_J0419+4233/2020-11-19/LSPM_J0419+4233-20201119@195831-Eden.fits (84/162) (dry run)
Storing /home/altsai/eden/LOT20201119_LSPM_J0419+4233_mod/LSPM_J0419+4233-20201119@195945-Eden.fts -> s3://eden-data/RAW/LOT/LSPM_J0419+4233/2020-11-19/LSPM_J0419+4233-20201119@195945-Eden.fits (85/162) (dry run)
Storing /home/altsai/eden/LOT20201119_LSPM_J0419+4233_mod/LSPM_J0419+4233-20201119@200059-Eden.fts -> s3://eden-data/RAW/LOT/LSPM_J0419+4233/2020-11-19/LSPM_J0419+4233-20201119@200059-Eden.fits (86/162) (dry run)
Storing /home/altsai/eden/LOT20201119_LSPM_J0419+4233_mod/LSPM_J0419+4233-20201119@200215-Eden.fts -> s3://eden-data/RAW/LOT/LSPM_J0419+4233/2020-11-19/LSPM_J0419+4233-20201119@200215-Eden.fits (87/162) (dry run)
Storing /home/altsai/eden/LOT20201119_LSPM_J0419+4233_mod/LSPM_J0419+4233-20201119@200329-Eden.fts -> s3://eden-data/RAW/LOT/LSPM_J0419+4233/2020-11-19/LSPM_J0419+4233-20201119@200329-Eden.fits (88/162) (dry run)
Storing /home/altsai/eden/LOT20201119_LSPM_J0419+4233_mod/LSPM_J0419+4233-20201119@200444-Eden.fts -> s3://eden-data/RAW/LOT/LSPM_J0419+4233/2020-11-19/LSPM_J0419+4233-20201119@200444-Eden.fits (89/162) (dry run)
Storing /home/altsai/eden/LOT20201119_LSPM_J0419+4233_mod/LSPM_J0419+4233-20201119@200558-Eden.fts -> s3://eden-data/RAW/LOT/LSPM_J0419+4233/2020-11-19/LSPM_J0419+4233-20201119@200558-Eden.fits (90/162) (dry run)
Storing /home/altsai/eden/LOT20201119_LSPM_J0419+4233_mod/LSPM_J0419+4233-20201119@200712-Eden.fts -> s3://eden-data/RAW/LOT/LSPM_J0419+4233/2020-11-19/LSPM_J0419+4233-20201119@200712-Eden.fits (91/162) (dry run)
Storing /home/altsai/eden/LOT20201119_LSPM_J0419+4233_mod/LSPM_J0419+4233-20201119@200826-Eden.fts -> s3://eden-data/RAW/LOT/LSPM_J0419+4233/2020-11-19/LSPM_J0419+4233-20201119@200826-Eden.fits (92/162) (dry run)
Storing /home/altsai/eden/LOT20201119_LSPM_J0419+4233_mod/LSPM_J0419+4233-20201119@200941-Eden.fts -> s3://eden-data/RAW/LOT/LSPM_J0419+4233/2020-11-19/LSPM_J0419+4233-20201119@200941-Eden.fits (93/162) (dry run)
Storing /home/altsai/eden/LOT20201119_LSPM_J0419+4233_mod/LSPM_J0419+4233-20201119@201056-Eden.fts -> s3://eden-data/RAW/LOT/LSPM_J0419+4233/2020-11-19/LSPM_J0419+4233-20201119@201056-Eden.fits (94/162) (dry run)
Storing /home/altsai/eden/LOT20201119_LSPM_J0419+4233_mod/LSPM_J0419+4233-20201119@201210-Eden.fts -> s3://eden-data/RAW/LOT/LSPM_J0419+4233/2020-11-19/LSPM_J0419+4233-20201119@201210-Eden.fits (95/162) (dry run)
Storing /home/altsai/eden/LOT20201119_LSPM_J0419+4233_mod/LSPM_J0419+4233-20201119@201324-Eden.fts -> s3://eden-data/RAW/LOT/LSPM_J0419+4233/2020-11-19/LSPM_J0419+4233-20201119@201324-Eden.fits (96/162) (dry run)
Storing /home/altsai/eden/LOT20201119_LSPM_J0419+4233_mod/LSPM_J0419+4233-20201119@201439-Eden.fts -> s3://eden-data/RAW/LOT/LSPM_J0419+4233/2020-11-19/LSPM_J0419+4233-20201119@201439-Eden.fits (97/162) (dry run)
Storing /home/altsai/eden/LOT20201119_LSPM_J0419+4233_mod/LSPM_J0419+4233-20201119@201553-Eden.fts -> s3://eden-data/RAW/LOT/LSPM_J0419+4233/2020-11-19/LSPM_J0419+4233-20201119@201553-Eden.fits (98/162) (dry run)
Storing /home/altsai/eden/LOT20201119_LSPM_J0419+4233_mod/LSPM_J0419+4233-20201119@201709-Eden.fts -> s3://eden-data/RAW/LOT/LSPM_J0419+4233/2020-11-19/LSPM_J0419+4233-20201119@201709-Eden.fits (99/162) (dry run)
Storing /home/altsai/eden/LOT20201119_LSPM_J0419+4233_mod/LSPM_J0419+4233-20201119@201823-Eden.fts -> s3://eden-data/RAW/LOT/LSPM_J0419+4233/2020-11-19/LSPM_J0419+4233-20201119@201823-Eden.fits (100/162) (dry run)
Storing /home/altsai/eden/LOT20201119_LSPM_J0419+4233_mod/LSPM_J0419+4233-20201119@201937-Eden.fts -> s3://eden-data/RAW/LOT/LSPM_J0419+4233/2020-11-19/LSPM_J0419+4233-20201119@201937-Eden.fits (101/162) (dry run)
Storing /home/altsai/eden/LOT20201119_LSPM_J0419+4233_mod/LSPM_J0419+4233-20201119@202052-Eden.fts -> s3://eden-data/RAW/LOT/LSPM_J0419+4233/2020-11-19/LSPM_J0419+4233-20201119@202052-Eden.fits (102/162) (dry run)
Storing /home/altsai/eden/LOT20201119_LSPM_J0419+4233_mod/LSPM_J0419+4233-20201119@202207-Eden.fts -> s3://eden-data/RAW/LOT/LSPM_J0419+4233/2020-11-19/LSPM_J0419+4233-20201119@202207-Eden.fits (103/162) (dry run)
Storing /home/altsai/eden/LOT20201119_LSPM_J0419+4233_mod/LSPM_J0419+4233-20201119@202322-Eden.fts -> s3://eden-data/RAW/LOT/LSPM_J0419+4233/2020-11-19/LSPM_J0419+4233-20201119@202322-Eden.fits (104/162) (dry run)
Storing /home/altsai/eden/LOT20201119_LSPM_J0419+4233_mod/LSPM_J0419+4233-20201119@202438-Eden.fts -> s3://eden-data/RAW/LOT/LSPM_J0419+4233/2020-11-19/LSPM_J0419+4233-20201119@202438-Eden.fits (105/162) (dry run)
Storing /home/altsai/eden/LOT20201119_LSPM_J0419+4233_mod/LSPM_J0419+4233-20201119@202553-Eden.fts -> s3://eden-data/RAW/LOT/LSPM_J0419+4233/2020-11-19/LSPM_J0419+4233-20201119@202553-Eden.fits (106/162) (dry run)
Storing /home/altsai/eden/LOT20201119_LSPM_J0419+4233_mod/LSPM_J0419+4233-20201119@202708-Eden.fts -> s3://eden-data/RAW/LOT/LSPM_J0419+4233/2020-11-19/LSPM_J0419+4233-20201119@202708-Eden.fits (107/162) (dry run)
Storing /home/altsai/eden/LOT20201119_LSPM_J0419+4233_mod/LSPM_J0419+4233-20201119@202821-Eden.fts -> s3://eden-data/RAW/LOT/LSPM_J0419+4233/2020-11-19/LSPM_J0419+4233-20201119@202821-Eden.fits (108/162) (dry run)
Storing /home/altsai/eden/LOT20201119_LSPM_J0419+4233_mod/LSPM_J0419+4233-20201119@202937-Eden.fts -> s3://eden-data/RAW/LOT/LSPM_J0419+4233/2020-11-19/LSPM_J0419+4233-20201119@202937-Eden.fits (109/162) (dry run)
Storing /home/altsai/eden/LOT20201119_LSPM_J0419+4233_mod/LSPM_J0419+4233-20201119@203053-Eden.fts -> s3://eden-data/RAW/LOT/LSPM_J0419+4233/2020-11-19/LSPM_J0419+4233-20201119@203053-Eden.fits (110/162) (dry run)
Storing /home/altsai/eden/LOT20201119_LSPM_J0419+4233_mod/LSPM_J0419+4233-20201119@203207-Eden.fts -> s3://eden-data/RAW/LOT/LSPM_J0419+4233/2020-11-19/LSPM_J0419+4233-20201119@203207-Eden.fits (111/162) (dry run)
Storing /home/altsai/eden/LOT20201119_LSPM_J0419+4233_mod/LSPM_J0419+4233-20201119@203322-Eden.fts -> s3://eden-data/RAW/LOT/LSPM_J0419+4233/2020-11-19/LSPM_J0419+4233-20201119@203322-Eden.fits (112/162) (dry run)
Storing /home/altsai/eden/LOT20201119_LSPM_J0419+4233_mod/LSPM_J0419+4233-20201119@203437-Eden.fts -> s3://eden-data/RAW/LOT/LSPM_J0419+4233/2020-11-19/LSPM_J0419+4233-20201119@203437-Eden.fits (113/162) (dry run)
Storing /home/altsai/eden/LOT20201119_LSPM_J0419+4233_mod/LSPM_J0419+4233-20201119@203552-Eden.fts -> s3://eden-data/RAW/LOT/LSPM_J0419+4233/2020-11-19/LSPM_J0419+4233-20201119@203552-Eden.fits (114/162) (dry run)
Storing /home/altsai/eden/LOT20201119_LSPM_J0419+4233_mod/LSPM_J0419+4233-20201119@203706-Eden.fts -> s3://eden-data/RAW/LOT/LSPM_J0419+4233/2020-11-19/LSPM_J0419+4233-20201119@203706-Eden.fits (115/162) (dry run)
Storing /home/altsai/eden/LOT20201119_LSPM_J0419+4233_mod/LSPM_J0419+4233-20201119@203820-Eden.fts -> s3://eden-data/RAW/LOT/LSPM_J0419+4233/2020-11-19/LSPM_J0419+4233-20201119@203820-Eden.fits (116/162) (dry run)
Storing /home/altsai/eden/LOT20201119_LSPM_J0419+4233_mod/LSPM_J0419+4233-20201119@203936-Eden.fts -> s3://eden-data/RAW/LOT/LSPM_J0419+4233/2020-11-19/LSPM_J0419+4233-20201119@203936-Eden.fits (117/162) (dry run)
Storing /home/altsai/eden/LOT20201119_LSPM_J0419+4233_mod/LSPM_J0419+4233-20201119@204051-Eden.fts -> s3://eden-data/RAW/LOT/LSPM_J0419+4233/2020-11-19/LSPM_J0419+4233-20201119@204051-Eden.fits (118/162) (dry run)
Storing /home/altsai/eden/LOT20201119_LSPM_J0419+4233_mod/LSPM_J0419+4233-20201119@204207-Eden.fts -> s3://eden-data/RAW/LOT/LSPM_J0419+4233/2020-11-19/LSPM_J0419+4233-20201119@204207-Eden.fits (119/162) (dry run)
Storing /home/altsai/eden/LOT20201119_LSPM_J0419+4233_mod/LSPM_J0419+4233-20201119@204320-Eden.fts -> s3://eden-data/RAW/LOT/LSPM_J0419+4233/2020-11-19/LSPM_J0419+4233-20201119@204320-Eden.fits (120/162) (dry run)
Storing /home/altsai/eden/LOT20201119_LSPM_J0419+4233_mod/LSPM_J0419+4233-20201119@204436-Eden.fts -> s3://eden-data/RAW/LOT/LSPM_J0419+4233/2020-11-19/LSPM_J0419+4233-20201119@204436-Eden.fits (121/162) (dry run)
Storing /home/altsai/eden/LOT20201119_LSPM_J0419+4233_mod/LSPM_J0419+4233-20201119@204551-Eden.fts -> s3://eden-data/RAW/LOT/LSPM_J0419+4233/2020-11-19/LSPM_J0419+4233-20201119@204551-Eden.fits (122/162) (dry run)
Storing /home/altsai/eden/LOT20201119_LSPM_J0419+4233_mod/LSPM_J0419+4233-20201119@204705-Eden.fts -> s3://eden-data/RAW/LOT/LSPM_J0419+4233/2020-11-19/LSPM_J0419+4233-20201119@204705-Eden.fits (123/162) (dry run)
Storing /home/altsai/eden/LOT20201119_LSPM_J0419+4233_mod/LSPM_J0419+4233-20201119@204820-Eden.fts -> s3://eden-data/RAW/LOT/LSPM_J0419+4233/2020-11-19/LSPM_J0419+4233-20201119@204820-Eden.fits (124/162) (dry run)
Storing /home/altsai/eden/LOT20201119_LSPM_J0419+4233_mod/LSPM_J0419+4233-20201119@204935-Eden.fts -> s3://eden-data/RAW/LOT/LSPM_J0419+4233/2020-11-19/LSPM_J0419+4233-20201119@204935-Eden.fits (125/162) (dry run)
Storing /home/altsai/eden/LOT20201119_LSPM_J0419+4233_mod/LSPM_J0419+4233-20201119@205051-Eden.fts -> s3://eden-data/RAW/LOT/LSPM_J0419+4233/2020-11-19/LSPM_J0419+4233-20201119@205051-Eden.fits (126/162) (dry run)
Storing /home/altsai/eden/LOT20201119_LSPM_J0419+4233_mod/LSPM_J0419+4233-20201119@205207-Eden.fts -> s3://eden-data/RAW/LOT/LSPM_J0419+4233/2020-11-19/LSPM_J0419+4233-20201119@205207-Eden.fits (127/162) (dry run)
Storing /home/altsai/eden/LOT20201119_LSPM_J0419+4233_mod/LSPM_J0419+4233-20201119@205321-Eden.fts -> s3://eden-data/RAW/LOT/LSPM_J0419+4233/2020-11-19/LSPM_J0419+4233-20201119@205321-Eden.fits (128/162) (dry run)
Storing /home/altsai/eden/LOT20201119_LSPM_J0419+4233_mod/LSPM_J0419+4233-20201119@205435-Eden.fts -> s3://eden-data/RAW/LOT/LSPM_J0419+4233/2020-11-19/LSPM_J0419+4233-20201119@205435-Eden.fits (129/162) (dry run)
Storing /home/altsai/eden/LOT20201119_LSPM_J0419+4233_mod/LSPM_J0419+4233-20201119@205551-Eden.fts -> s3://eden-data/RAW/LOT/LSPM_J0419+4233/2020-11-19/LSPM_J0419+4233-20201119@205551-Eden.fits (130/162) (dry run)
Storing /home/altsai/eden/LOT20201119_LSPM_J0419+4233_mod/LSPM_J0419+4233-20201119@205706-Eden.fts -> s3://eden-data/RAW/LOT/LSPM_J0419+4233/2020-11-19/LSPM_J0419+4233-20201119@205706-Eden.fits (131/162) (dry run)
Storing /home/altsai/eden/LOT20201119_LSPM_J0419+4233_mod/LSPM_J0419+4233-20201119@205820-Eden.fts -> s3://eden-data/RAW/LOT/LSPM_J0419+4233/2020-11-19/LSPM_J0419+4233-20201119@205820-Eden.fits (132/162) (dry run)
Storing /home/altsai/eden/LOT20201119_LSPM_J0419+4233_mod/LSPM_J0419+4233-20201119@205935-Eden.fts -> s3://eden-data/RAW/LOT/LSPM_J0419+4233/2020-11-19/LSPM_J0419+4233-20201119@205935-Eden.fits (133/162) (dry run)
Storing /home/altsai/eden/LOT20201119_LSPM_J0419+4233_mod/LSPM_J0419+4233-20201119@210050-Eden.fts -> s3://eden-data/RAW/LOT/LSPM_J0419+4233/2020-11-19/LSPM_J0419+4233-20201119@210050-Eden.fits (134/162) (dry run)
Storing /home/altsai/eden/LOT20201119_LSPM_J0419+4233_mod/LSPM_J0419+4233-20201119@210204-Eden.fts -> s3://eden-data/RAW/LOT/LSPM_J0419+4233/2020-11-19/LSPM_J0419+4233-20201119@210204-Eden.fits (135/162) (dry run)
Storing /home/altsai/eden/LOT20201119_LSPM_J0419+4233_mod/LSPM_J0419+4233-20201119@210319-Eden.fts -> s3://eden-data/RAW/LOT/LSPM_J0419+4233/2020-11-19/LSPM_J0419+4233-20201119@210319-Eden.fits (136/162) (dry run)
Storing /home/altsai/eden/LOT20201119_LSPM_J0419+4233_mod/LSPM_J0419+4233-20201119@210434-Eden.fts -> s3://eden-data/RAW/LOT/LSPM_J0419+4233/2020-11-19/LSPM_J0419+4233-20201119@210434-Eden.fits (137/162) (dry run)
Storing /home/altsai/eden/LOT20201119_LSPM_J0419+4233_mod/LSPM_J0419+4233-20201119@210550-Eden.fts -> s3://eden-data/RAW/LOT/LSPM_J0419+4233/2020-11-19/LSPM_J0419+4233-20201119@210550-Eden.fits (138/162) (dry run)
Storing /home/altsai/eden/LOT20201119_LSPM_J0419+4233_mod/LSPM_J0419+4233-20201119@210704-Eden.fts -> s3://eden-data/RAW/LOT/LSPM_J0419+4233/2020-11-19/LSPM_J0419+4233-20201119@210704-Eden.fits (139/162) (dry run)
Storing /home/altsai/eden/LOT20201119_LSPM_J0419+4233_mod/LSPM_J0419+4233-20201119@210818-Eden.fts -> s3://eden-data/RAW/LOT/LSPM_J0419+4233/2020-11-19/LSPM_J0419+4233-20201119@210818-Eden.fits (140/162) (dry run)
Storing /home/altsai/eden/LOT20201119_LSPM_J0419+4233_mod/LSPM_J0419+4233-20201119@210933-Eden.fts -> s3://eden-data/RAW/LOT/LSPM_J0419+4233/2020-11-19/LSPM_J0419+4233-20201119@210933-Eden.fits (141/162) (dry run)
Storing /home/altsai/eden/LOT20201119_LSPM_J0419+4233_mod/LSPM_J0419+4233-20201119@211049-Eden.fts -> s3://eden-data/RAW/LOT/LSPM_J0419+4233/2020-11-19/LSPM_J0419+4233-20201119@211049-Eden.fits (142/162) (dry run)
Storing /home/altsai/eden/LOT20201119_LSPM_J0419+4233_mod/LSPM_J0419+4233-20201119@211203-Eden.fts -> s3://eden-data/RAW/LOT/LSPM_J0419+4233/2020-11-19/LSPM_J0419+4233-20201119@211203-Eden.fits (143/162) (dry run)
Storing /home/altsai/eden/LOT20201119_LSPM_J0419+4233_mod/LSPM_J0419+4233-20201119@211318-Eden.fts -> s3://eden-data/RAW/LOT/LSPM_J0419+4233/2020-11-19/LSPM_J0419+4233-20201119@211318-Eden.fits (144/162) (dry run)
Storing /home/altsai/eden/LOT20201119_LSPM_J0419+4233_mod/LSPM_J0419+4233-20201119@211433-Eden.fts -> s3://eden-data/RAW/LOT/LSPM_J0419+4233/2020-11-19/LSPM_J0419+4233-20201119@211433-Eden.fits (145/162) (dry run)
Storing /home/altsai/eden/LOT20201119_LSPM_J0419+4233_mod/LSPM_J0419+4233-20201119@211547-Eden.fts -> s3://eden-data/RAW/LOT/LSPM_J0419+4233/2020-11-19/LSPM_J0419+4233-20201119@211547-Eden.fits (146/162) (dry run)
Storing /home/altsai/eden/LOT20201119_LSPM_J0419+4233_mod/LSPM_J0419+4233-20201119@211703-Eden.fts -> s3://eden-data/RAW/LOT/LSPM_J0419+4233/2020-11-19/LSPM_J0419+4233-20201119@211703-Eden.fits (147/162) (dry run)
Storing /home/altsai/eden/LOT20201119_LSPM_J0419+4233_mod/LSPM_J0419+4233-20201119@211817-Eden.fts -> s3://eden-data/RAW/LOT/LSPM_J0419+4233/2020-11-19/LSPM_J0419+4233-20201119@211817-Eden.fits (148/162) (dry run)
Storing /home/altsai/eden/LOT20201119_LSPM_J0419+4233_mod/LSPM_J0419+4233-20201119@211932-Eden.fts -> s3://eden-data/RAW/LOT/LSPM_J0419+4233/2020-11-19/LSPM_J0419+4233-20201119@211932-Eden.fits (149/162) (dry run)
Storing /home/altsai/eden/LOT20201119_LSPM_J0419+4233_mod/LSPM_J0419+4233-20201119@212046-Eden.fts -> s3://eden-data/RAW/LOT/LSPM_J0419+4233/2020-11-19/LSPM_J0419+4233-20201119@212046-Eden.fits (150/162) (dry run)
Storing /home/altsai/eden/LOT20201119_LSPM_J0419+4233_mod/LSPM_J0419+4233-20201119@212201-Eden.fts -> s3://eden-data/RAW/LOT/LSPM_J0419+4233/2020-11-19/LSPM_J0419+4233-20201119@212201-Eden.fits (151/162) (dry run)
Storing /home/altsai/eden/LOT20201119_LSPM_J0419+4233_mod/LSPM_J0419+4233-20201119@212316-Eden.fts -> s3://eden-data/RAW/LOT/LSPM_J0419+4233/2020-11-19/LSPM_J0419+4233-20201119@212316-Eden.fits (152/162) (dry run)
Storing /home/altsai/eden/LOT20201119_LSPM_J0419+4233_mod/LSPM_J0419+4233-20201119@212430-Eden.fts -> s3://eden-data/RAW/LOT/LSPM_J0419+4233/2020-11-19/LSPM_J0419+4233-20201119@212430-Eden.fits (153/162) (dry run)
Storing /home/altsai/eden/LOT20201119_LSPM_J0419+4233_mod/LSPM_J0419+4233-20201119@212545-Eden.fts -> s3://eden-data/RAW/LOT/LSPM_J0419+4233/2020-11-19/LSPM_J0419+4233-20201119@212545-Eden.fits (154/162) (dry run)
Storing /home/altsai/eden/LOT20201119_LSPM_J0419+4233_mod/LSPM_J0419+4233-20201119@212700-Eden.fts -> s3://eden-data/RAW/LOT/LSPM_J0419+4233/2020-11-19/LSPM_J0419+4233-20201119@212700-Eden.fits (155/162) (dry run)
Storing /home/altsai/eden/LOT20201119_LSPM_J0419+4233_mod/LSPM_J0419+4233-20201119@212815-Eden.fts -> s3://eden-data/RAW/LOT/LSPM_J0419+4233/2020-11-19/LSPM_J0419+4233-20201119@212815-Eden.fits (156/162) (dry run)
Storing /home/altsai/eden/LOT20201119_LSPM_J0419+4233_mod/LSPM_J0419+4233-20201119@212929-Eden.fts -> s3://eden-data/RAW/LOT/LSPM_J0419+4233/2020-11-19/LSPM_J0419+4233-20201119@212929-Eden.fits (157/162) (dry run)
Storing /home/altsai/eden/LOT20201119_LSPM_J0419+4233_mod/LSPM_J0419+4233-20201119@213043-Eden.fts -> s3://eden-data/RAW/LOT/LSPM_J0419+4233/2020-11-19/LSPM_J0419+4233-20201119@213043-Eden.fits (158/162) (dry run)
Storing /home/altsai/eden/LOT20201119_LSPM_J0419+4233_mod/LSPM_J0419+4233-20201119@213157-Eden.fts -> s3://eden-data/RAW/LOT/LSPM_J0419+4233/2020-11-19/LSPM_J0419+4233-20201119@213157-Eden.fits (159/162) (dry run)
Storing /home/altsai/eden/LOT20201119_LSPM_J0419+4233_mod/LSPM_J0419+4233-20201119@213312-Eden.fts -> s3://eden-data/RAW/LOT/LSPM_J0419+4233/2020-11-19/LSPM_J0419+4233-20201119@213312-Eden.fits (160/162) (dry run)
Storing /home/altsai/eden/LOT20201119_LSPM_J0419+4233_mod/LSPM_J0419+4233-20201119@213427-Eden.fts -> s3://eden-data/RAW/LOT/LSPM_J0419+4233/2020-11-19/LSPM_J0419+4233-20201119@213427-Eden.fits (161/162) (dry run)
Storing /home/altsai/eden/LOT20201119_LSPM_J0419+4233_mod/LSPM_J0419+4233-20201119@213542-Eden.fts -> s3://eden-data/RAW/LOT/LSPM_J0419+4233/2020-11-19/LSPM_J0419+4233-20201119@213542-Eden.fits (162/162) (dry run)

Dry run complete! Run again without --dryrun to commit the changes above.
Stored: 162 files (1.4 GB)
