-----------------
input parameters
-----------------
['modify_header_eden.py', 'LOT20200218-LP_310-34', '11']
Your will modify header for: LP_310-34 [RA] 08 07 26.0682 [Dec] +32 13 10.0708 [Filter] GG495
---------------
folder: LOT20200218-LP_310-34
will update fits in: LOT20200218-LP_310-34_mod
 ---------------------------
 Exame Fits Header for Bias
 ---------------------------
find ./LOT20200218-LP_310-34/bias-dark/ | grep 'fits\|fts'|sort 
found 20 Bias/Dark
1/20 20200218-001bias.fits [TYPE] BIAS [EXPTIME] 0.0
2/20 20200218-001d60s.fits [TYPE] DARK [EXPTIME] 60.0
3/20 20200218-002bias.fits [TYPE] BIAS [EXPTIME] 0.0
4/20 20200218-002d60s.fits [TYPE] DARK [EXPTIME] 60.0
5/20 20200218-003bias.fits [TYPE] BIAS [EXPTIME] 0.0
6/20 20200218-003d60s.fits [TYPE] DARK [EXPTIME] 60.0
7/20 20200218-004bias.fits [TYPE] BIAS [EXPTIME] 0.0
8/20 20200218-004d60s.fits [TYPE] DARK [EXPTIME] 60.0
9/20 20200218-005bias.fits [TYPE] BIAS [EXPTIME] 0.0
10/20 20200218-005d60s.fits [TYPE] DARK [EXPTIME] 60.0
11/20 20200218-006bias.fits [TYPE] BIAS [EXPTIME] 0.0
12/20 20200218-006d60s.fits [TYPE] DARK [EXPTIME] 60.0
13/20 20200218-007bias.fits [TYPE] BIAS [EXPTIME] 0.0
14/20 20200218-007d60s.fits [TYPE] DARK [EXPTIME] 60.0
15/20 20200218-008bias.fits [TYPE] BIAS [EXPTIME] 0.0
16/20 20200218-008d60s.fits [TYPE] DARK [EXPTIME] 60.0
17/20 20200218-009bias.fits [TYPE] BIAS [EXPTIME] 0.0
18/20 20200218-009d60s.fits [TYPE] DARK [EXPTIME] 60.0
19/20 20200218-010bias.fits [TYPE] BIAS [EXPTIME] 0.0
20/20 20200218-010d60s.fits [TYPE] DARK [EXPTIME] 60.0
 ---------------------------
 Exame Fits Header for Flat
 ---------------------------
find ./LOT20200218-LP_310-34/ | grep flat/ |grep eden| grep -E 'fits|fts'|sort -t'-' -k2.4,2.6 
found 10 Flat
1/10 20200218-001eden4s.fits [TYPE] FLAT [EXPTIME] 4.0 [FIL] GG495
2/10 20200218-002eden4s.fits [TYPE] FLAT [EXPTIME] 4.0 [FIL] GG495
3/10 20200218-003eden4s.fits [TYPE] FLAT [EXPTIME] 4.0 [FIL] GG495
4/10 20200218-004eden4s.fits [TYPE] FLAT [EXPTIME] 4.0 [FIL] GG495
5/10 20200218-005eden4s.fits [TYPE] FLAT [EXPTIME] 4.0 [FIL] GG495
6/10 20200218-006eden4s.fits [TYPE] FLAT [EXPTIME] 4.0 [FIL] GG495
7/10 20200218-007eden4s.fits [TYPE] FLAT [EXPTIME] 4.0 [FIL] GG495
8/10 20200218-008eden4s.fits [TYPE] FLAT [EXPTIME] 4.0 [FIL] GG495
9/10 20200218-009eden4s.fits [TYPE] FLAT [EXPTIME] 4.0 [FIL] GG495
10/10 20200218-010eden4s.fits [TYPE] FLAT [EXPTIME] 4.0 [FIL] GG495
 ---------------------------
 Update Fits Header for Science Target
 ---------------------------
find ./LOT20200218-LP_310-34/wchen/ | cut -d / -f1-4| grep 'fits\|fts'  |sort -t'@' -k2
found 109 Target

... update header ...
1/109 LP_310-34-20200218@104808-Eden.fts [TYPE] LIGHT [OBJ] LP_310-34 [RA] 08 07 26.0682 [Dec] +32 13 10.0708 [FIL] GG495 [EXPTIME] 60.0 [Date] 2020-02-18T10:48:21 [Time] 10:48:21
2/109 LP_310-34-20200218@104934-Eden.fts [TYPE] LIGHT [OBJ] LP_310-34 [RA] 08 07 26.0682 [Dec] +32 13 10.0708 [FIL] GG495 [EXPTIME] 60.0 [Date] 2020-02-18T10:49:35 [Time] 10:49:35
3/109 LP_310-34-20200218@105049-Eden.fts [TYPE] LIGHT [OBJ] LP_310-34 [RA] 08 07 26.0682 [Dec] +32 13 10.0708 [FIL] GG495 [EXPTIME] 60.0 [Date] 2020-02-18T10:50:49 [Time] 10:50:49
4/109 LP_310-34-20200218@105203-Eden.fts [TYPE] LIGHT [OBJ] LP_310-34 [RA] 08 07 26.0682 [Dec] +32 13 10.0708 [FIL] GG495 [EXPTIME] 60.0 [Date] 2020-02-18T10:52:03 [Time] 10:52:03
5/109 LP_310-34-20200218@105317-Eden.fts [TYPE] LIGHT [OBJ] LP_310-34 [RA] 08 07 26.0682 [Dec] +32 13 10.0708 [FIL] GG495 [EXPTIME] 60.0 [Date] 2020-02-18T10:53:18 [Time] 10:53:18
6/109 LP_310-34-20200218@105432-Eden.fts [TYPE] LIGHT [OBJ] LP_310-34 [RA] 08 07 26.0682 [Dec] +32 13 10.0708 [FIL] GG495 [EXPTIME] 60.0 [Date] 2020-02-18T10:54:33 [Time] 10:54:33
7/109 LP_310-34-20200218@105546-Eden.fts [TYPE] LIGHT [OBJ] LP_310-34 [RA] 08 07 26.0682 [Dec] +32 13 10.0708 [FIL] GG495 [EXPTIME] 60.0 [Date] 2020-02-18T10:55:46 [Time] 10:55:46
8/109 LP_310-34-20200218@105701-Eden.fts [TYPE] LIGHT [OBJ] LP_310-34 [RA] 08 07 26.0682 [Dec] +32 13 10.0708 [FIL] GG495 [EXPTIME] 60.0 [Date] 2020-02-18T10:57:01 [Time] 10:57:01
9/109 LP_310-34-20200218@105815-Eden.fts [TYPE] LIGHT [OBJ] LP_310-34 [RA] 08 07 26.0682 [Dec] +32 13 10.0708 [FIL] GG495 [EXPTIME] 60.0 [Date] 2020-02-18T10:58:16 [Time] 10:58:16
10/109 LP_310-34-20200218@105929-Eden.fts [TYPE] LIGHT [OBJ] LP_310-34 [RA] 08 07 26.0682 [Dec] +32 13 10.0708 [FIL] GG495 [EXPTIME] 60.0 [Date] 2020-02-18T10:59:29 [Time] 10:59:29
11/109 LP_310-34-20200218@110046-Eden.fts [TYPE] LIGHT [OBJ] LP_310-34 [RA] 08 07 26.0682 [Dec] +32 13 10.0708 [FIL] GG495 [EXPTIME] 60.0 [Date] 2020-02-18T11:00:47 [Time] 11:00:47
12/109 LP_310-34-20200218@110200-Eden.fts [TYPE] LIGHT [OBJ] LP_310-34 [RA] 08 07 26.0682 [Dec] +32 13 10.0708 [FIL] GG495 [EXPTIME] 60.0 [Date] 2020-02-18T11:02:01 [Time] 11:02:01
13/109 LP_310-34-20200218@110315-Eden.fts [TYPE] LIGHT [OBJ] LP_310-34 [RA] 08 07 26.0682 [Dec] +32 13 10.0708 [FIL] GG495 [EXPTIME] 60.0 [Date] 2020-02-18T11:03:15 [Time] 11:03:15
14/109 LP_310-34-20200218@110430-Eden.fts [TYPE] LIGHT [OBJ] LP_310-34 [RA] 08 07 26.0682 [Dec] +32 13 10.0708 [FIL] GG495 [EXPTIME] 60.0 [Date] 2020-02-18T11:04:30 [Time] 11:04:30
15/109 LP_310-34-20200218@110543-Eden.fts [TYPE] LIGHT [OBJ] LP_310-34 [RA] 08 07 26.0682 [Dec] +32 13 10.0708 [FIL] GG495 [EXPTIME] 60.0 [Date] 2020-02-18T11:05:44 [Time] 11:05:44
16/109 LP_310-34-20200218@110657-Eden.fts [TYPE] LIGHT [OBJ] LP_310-34 [RA] 08 07 26.0682 [Dec] +32 13 10.0708 [FIL] GG495 [EXPTIME] 60.0 [Date] 2020-02-18T11:06:57 [Time] 11:06:57
17/109 LP_310-34-20200218@110812-Eden.fts [TYPE] LIGHT [OBJ] LP_310-34 [RA] 08 07 26.0682 [Dec] +32 13 10.0708 [FIL] GG495 [EXPTIME] 60.0 [Date] 2020-02-18T11:08:12 [Time] 11:08:12
18/109 LP_310-34-20200218@110926-Eden.fts [TYPE] LIGHT [OBJ] LP_310-34 [RA] 08 07 26.0682 [Dec] +32 13 10.0708 [FIL] GG495 [EXPTIME] 60.0 [Date] 2020-02-18T11:09:27 [Time] 11:09:27
19/109 LP_310-34-20200218@111043-Eden.fts [TYPE] LIGHT [OBJ] LP_310-34 [RA] 08 07 26.0682 [Dec] +32 13 10.0708 [FIL] GG495 [EXPTIME] 60.0 [Date] 2020-02-18T11:10:43 [Time] 11:10:43
20/109 LP_310-34-20200218@111158-Eden.fts [TYPE] LIGHT [OBJ] LP_310-34 [RA] 08 07 26.0682 [Dec] +32 13 10.0708 [FIL] GG495 [EXPTIME] 60.0 [Date] 2020-02-18T11:11:59 [Time] 11:11:59
21/109 LP_310-34-20200218@111313-Eden.fts [TYPE] LIGHT [OBJ] LP_310-34 [RA] 08 07 26.0682 [Dec] +32 13 10.0708 [FIL] GG495 [EXPTIME] 60.0 [Date] 2020-02-18T11:13:13 [Time] 11:13:13
22/109 LP_310-34-20200218@111428-Eden.fts [TYPE] LIGHT [OBJ] LP_310-34 [RA] 08 07 26.0682 [Dec] +32 13 10.0708 [FIL] GG495 [EXPTIME] 60.0 [Date] 2020-02-18T11:14:28 [Time] 11:14:28
23/109 LP_310-34-20200218@111543-Eden.fts [TYPE] LIGHT [OBJ] LP_310-34 [RA] 08 07 26.0682 [Dec] +32 13 10.0708 [FIL] GG495 [EXPTIME] 60.0 [Date] 2020-02-18T11:15:43 [Time] 11:15:43
24/109 LP_310-34-20200218@111657-Eden.fts [TYPE] LIGHT [OBJ] LP_310-34 [RA] 08 07 26.0682 [Dec] +32 13 10.0708 [FIL] GG495 [EXPTIME] 60.0 [Date] 2020-02-18T11:16:57 [Time] 11:16:57
25/109 LP_310-34-20200218@111811-Eden.fts [TYPE] LIGHT [OBJ] LP_310-34 [RA] 08 07 26.0682 [Dec] +32 13 10.0708 [FIL] GG495 [EXPTIME] 60.0 [Date] 2020-02-18T11:18:12 [Time] 11:18:12
26/109 LP_310-34-20200218@111926-Eden.fts [TYPE] LIGHT [OBJ] LP_310-34 [RA] 08 07 26.0682 [Dec] +32 13 10.0708 [FIL] GG495 [EXPTIME] 60.0 [Date] 2020-02-18T11:19:27 [Time] 11:19:27
27/109 LP_310-34-20200218@112042-Eden.fts [TYPE] LIGHT [OBJ] LP_310-34 [RA] 08 07 26.0682 [Dec] +32 13 10.0708 [FIL] GG495 [EXPTIME] 60.0 [Date] 2020-02-18T11:20:42 [Time] 11:20:42
28/109 LP_310-34-20200218@112157-Eden.fts [TYPE] LIGHT [OBJ] LP_310-34 [RA] 08 07 26.0682 [Dec] +32 13 10.0708 [FIL] GG495 [EXPTIME] 60.0 [Date] 2020-02-18T11:21:57 [Time] 11:21:57
29/109 LP_310-34-20200218@112312-Eden.fts [TYPE] LIGHT [OBJ] LP_310-34 [RA] 08 07 26.0682 [Dec] +32 13 10.0708 [FIL] GG495 [EXPTIME] 60.0 [Date] 2020-02-18T11:23:12 [Time] 11:23:12
30/109 LP_310-34-20200218@112427-Eden.fts [TYPE] LIGHT [OBJ] LP_310-34 [RA] 08 07 26.0682 [Dec] +32 13 10.0708 [FIL] GG495 [EXPTIME] 60.0 [Date] 2020-02-18T11:24:28 [Time] 11:24:28
31/109 LP_310-34-20200218@112542-Eden.fts [TYPE] LIGHT [OBJ] LP_310-34 [RA] 08 07 26.0682 [Dec] +32 13 10.0708 [FIL] GG495 [EXPTIME] 60.0 [Date] 2020-02-18T11:25:43 [Time] 11:25:43
32/109 LP_310-34-20200218@112659-Eden.fts [TYPE] LIGHT [OBJ] LP_310-34 [RA] 08 07 26.0682 [Dec] +32 13 10.0708 [FIL] GG495 [EXPTIME] 60.0 [Date] 2020-02-18T11:27:00 [Time] 11:27:00
33/109 LP_310-34-20200218@112813-Eden.fts [TYPE] LIGHT [OBJ] LP_310-34 [RA] 08 07 26.0682 [Dec] +32 13 10.0708 [FIL] GG495 [EXPTIME] 60.0 [Date] 2020-02-18T11:28:14 [Time] 11:28:14
34/109 LP_310-34-20200218@112928-Eden.fts [TYPE] LIGHT [OBJ] LP_310-34 [RA] 08 07 26.0682 [Dec] +32 13 10.0708 [FIL] GG495 [EXPTIME] 60.0 [Date] 2020-02-18T11:29:28 [Time] 11:29:28
35/109 LP_310-34-20200218@113044-Eden.fts [TYPE] LIGHT [OBJ] LP_310-34 [RA] 08 07 26.0682 [Dec] +32 13 10.0708 [FIL] GG495 [EXPTIME] 60.0 [Date] 2020-02-18T11:30:45 [Time] 11:30:45
36/109 LP_310-34-20200218@113200-Eden.fts [TYPE] LIGHT [OBJ] LP_310-34 [RA] 08 07 26.0682 [Dec] +32 13 10.0708 [FIL] GG495 [EXPTIME] 60.0 [Date] 2020-02-18T11:32:02 [Time] 11:32:02
37/109 LP_310-34-20200218@113317-Eden.fts [TYPE] LIGHT [OBJ] LP_310-34 [RA] 08 07 26.0682 [Dec] +32 13 10.0708 [FIL] GG495 [EXPTIME] 60.0 [Date] 2020-02-18T11:33:18 [Time] 11:33:18
38/109 LP_310-34-20200218@113434-Eden.fts [TYPE] LIGHT [OBJ] LP_310-34 [RA] 08 07 26.0682 [Dec] +32 13 10.0708 [FIL] GG495 [EXPTIME] 60.0 [Date] 2020-02-18T11:34:34 [Time] 11:34:34
39/109 LP_310-34-20200218@113550-Eden.fts [TYPE] LIGHT [OBJ] LP_310-34 [RA] 08 07 26.0682 [Dec] +32 13 10.0708 [FIL] GG495 [EXPTIME] 60.0 [Date] 2020-02-18T11:35:50 [Time] 11:35:50
40/109 LP_310-34-20200218@113706-Eden.fts [TYPE] LIGHT [OBJ] LP_310-34 [RA] 08 07 26.0682 [Dec] +32 13 10.0708 [FIL] GG495 [EXPTIME] 60.0 [Date] 2020-02-18T11:37:07 [Time] 11:37:07
41/109 LP_310-34-20200218@113820-Eden.fts [TYPE] LIGHT [OBJ] LP_310-34 [RA] 08 07 26.0682 [Dec] +32 13 10.0708 [FIL] GG495 [EXPTIME] 60.0 [Date] 2020-02-18T11:38:21 [Time] 11:38:21
42/109 LP_310-34-20200218@113935-Eden.fts [TYPE] LIGHT [OBJ] LP_310-34 [RA] 08 07 26.0682 [Dec] +32 13 10.0708 [FIL] GG495 [EXPTIME] 60.0 [Date] 2020-02-18T11:39:35 [Time] 11:39:35
43/109 LP_310-34-20200218@114049-Eden.fts [TYPE] LIGHT [OBJ] LP_310-34 [RA] 08 07 26.0682 [Dec] +32 13 10.0708 [FIL] GG495 [EXPTIME] 60.0 [Date] 2020-02-18T11:40:49 [Time] 11:40:49
44/109 LP_310-34-20200218@114205-Eden.fts [TYPE] LIGHT [OBJ] LP_310-34 [RA] 08 07 26.0682 [Dec] +32 13 10.0708 [FIL] GG495 [EXPTIME] 60.0 [Date] 2020-02-18T11:42:06 [Time] 11:42:06
45/109 LP_310-34-20200218@114321-Eden.fts [TYPE] LIGHT [OBJ] LP_310-34 [RA] 08 07 26.0682 [Dec] +32 13 10.0708 [FIL] GG495 [EXPTIME] 60.0 [Date] 2020-02-18T11:43:21 [Time] 11:43:21
46/109 LP_310-34-20200218@114435-Eden.fts [TYPE] LIGHT [OBJ] LP_310-34 [RA] 08 07 26.0682 [Dec] +32 13 10.0708 [FIL] GG495 [EXPTIME] 60.0 [Date] 2020-02-18T11:44:35 [Time] 11:44:35
47/109 LP_310-34-20200218@114550-Eden.fts [TYPE] LIGHT [OBJ] LP_310-34 [RA] 08 07 26.0682 [Dec] +32 13 10.0708 [FIL] GG495 [EXPTIME] 60.0 [Date] 2020-02-18T11:45:51 [Time] 11:45:51
48/109 LP_310-34-20200218@114706-Eden.fts [TYPE] LIGHT [OBJ] LP_310-34 [RA] 08 07 26.0682 [Dec] +32 13 10.0708 [FIL] GG495 [EXPTIME] 60.0 [Date] 2020-02-18T11:47:06 [Time] 11:47:06
49/109 LP_310-34-20200218@114821-Eden.fts [TYPE] LIGHT [OBJ] LP_310-34 [RA] 08 07 26.0682 [Dec] +32 13 10.0708 [FIL] GG495 [EXPTIME] 60.0 [Date] 2020-02-18T11:48:22 [Time] 11:48:22
50/109 LP_310-34-20200218@114936-Eden.fts [TYPE] LIGHT [OBJ] LP_310-34 [RA] 08 07 26.0682 [Dec] +32 13 10.0708 [FIL] GG495 [EXPTIME] 60.0 [Date] 2020-02-18T11:49:37 [Time] 11:49:37
51/109 LP_310-34-20200218@115051-Eden.fts [TYPE] LIGHT [OBJ] LP_310-34 [RA] 08 07 26.0682 [Dec] +32 13 10.0708 [FIL] GG495 [EXPTIME] 60.0 [Date] 2020-02-18T11:50:52 [Time] 11:50:52
52/109 LP_310-34-20200218@115208-Eden.fts [TYPE] LIGHT [OBJ] LP_310-34 [RA] 08 07 26.0682 [Dec] +32 13 10.0708 [FIL] GG495 [EXPTIME] 60.0 [Date] 2020-02-18T11:52:09 [Time] 11:52:09
53/109 LP_310-34-20200218@115324-Eden.fts [TYPE] LIGHT [OBJ] LP_310-34 [RA] 08 07 26.0682 [Dec] +32 13 10.0708 [FIL] GG495 [EXPTIME] 60.0 [Date] 2020-02-18T11:53:24 [Time] 11:53:24
54/109 LP_310-34-20200218@115440-Eden.fts [TYPE] LIGHT [OBJ] LP_310-34 [RA] 08 07 26.0682 [Dec] +32 13 10.0708 [FIL] GG495 [EXPTIME] 60.0 [Date] 2020-02-18T11:54:40 [Time] 11:54:40
55/109 LP_310-34-20200218@115555-Eden.fts [TYPE] LIGHT [OBJ] LP_310-34 [RA] 08 07 26.0682 [Dec] +32 13 10.0708 [FIL] GG495 [EXPTIME] 60.0 [Date] 2020-02-18T11:55:55 [Time] 11:55:55
56/109 LP_310-34-20200218@115712-Eden.fts [TYPE] LIGHT [OBJ] LP_310-34 [RA] 08 07 26.0682 [Dec] +32 13 10.0708 [FIL] GG495 [EXPTIME] 60.0 [Date] 2020-02-18T11:57:13 [Time] 11:57:13
57/109 LP_310-34-20200218@115826-Eden.fts [TYPE] LIGHT [OBJ] LP_310-34 [RA] 08 07 26.0682 [Dec] +32 13 10.0708 [FIL] GG495 [EXPTIME] 60.0 [Date] 2020-02-18T11:58:26 [Time] 11:58:26
58/109 LP_310-34-20200218@115943-Eden.fts [TYPE] LIGHT [OBJ] LP_310-34 [RA] 08 07 26.0682 [Dec] +32 13 10.0708 [FIL] GG495 [EXPTIME] 60.0 [Date] 2020-02-18T11:59:43 [Time] 11:59:43
59/109 LP_310-34-20200218@120059-Eden.fts [TYPE] LIGHT [OBJ] LP_310-34 [RA] 08 07 26.0682 [Dec] +32 13 10.0708 [FIL] GG495 [EXPTIME] 60.0 [Date] 2020-02-18T12:01:00 [Time] 12:01:00
60/109 LP_310-34-20200218@120215-Eden.fts [TYPE] LIGHT [OBJ] LP_310-34 [RA] 08 07 26.0682 [Dec] +32 13 10.0708 [FIL] GG495 [EXPTIME] 60.0 [Date] 2020-02-18T12:02:15 [Time] 12:02:15
61/109 LP_310-34-20200218@120329-Eden.fts [TYPE] LIGHT [OBJ] LP_310-34 [RA] 08 07 26.0682 [Dec] +32 13 10.0708 [FIL] GG495 [EXPTIME] 60.0 [Date] 2020-02-18T12:03:29 [Time] 12:03:29
62/109 LP_310-34-20200218@120444-Eden.fts [TYPE] LIGHT [OBJ] LP_310-34 [RA] 08 07 26.0682 [Dec] +32 13 10.0708 [FIL] GG495 [EXPTIME] 60.0 [Date] 2020-02-18T12:04:44 [Time] 12:04:44
63/109 LP_310-34-20200218@120601-Eden.fts [TYPE] LIGHT [OBJ] LP_310-34 [RA] 08 07 26.0682 [Dec] +32 13 10.0708 [FIL] GG495 [EXPTIME] 60.0 [Date] 2020-02-18T12:06:02 [Time] 12:06:02
64/109 LP_310-34-20200218@120716-Eden.fts [TYPE] LIGHT [OBJ] LP_310-34 [RA] 08 07 26.0682 [Dec] +32 13 10.0708 [FIL] GG495 [EXPTIME] 60.0 [Date] 2020-02-18T12:07:16 [Time] 12:07:16
65/109 LP_310-34-20200218@120830-Eden.fts [TYPE] LIGHT [OBJ] LP_310-34 [RA] 08 07 26.0682 [Dec] +32 13 10.0708 [FIL] GG495 [EXPTIME] 60.0 [Date] 2020-02-18T12:08:30 [Time] 12:08:30
66/109 LP_310-34-20200218@120944-Eden.fts [TYPE] LIGHT [OBJ] LP_310-34 [RA] 08 07 26.0682 [Dec] +32 13 10.0708 [FIL] GG495 [EXPTIME] 60.0 [Date] 2020-02-18T12:09:45 [Time] 12:09:45
67/109 LP_310-34-20200218@121101-Eden.fts [TYPE] LIGHT [OBJ] LP_310-34 [RA] 08 07 26.0682 [Dec] +32 13 10.0708 [FIL] GG495 [EXPTIME] 60.0 [Date] 2020-02-18T12:11:01 [Time] 12:11:01
68/109 LP_310-34-20200218@121216-Eden.fts [TYPE] LIGHT [OBJ] LP_310-34 [RA] 08 07 26.0682 [Dec] +32 13 10.0708 [FIL] GG495 [EXPTIME] 60.0 [Date] 2020-02-18T12:12:17 [Time] 12:12:17
69/109 LP_310-34-20200218@121330-Eden.fts [TYPE] LIGHT [OBJ] LP_310-34 [RA] 08 07 26.0682 [Dec] +32 13 10.0708 [FIL] GG495 [EXPTIME] 60.0 [Date] 2020-02-18T12:13:31 [Time] 12:13:31
70/109 LP_310-34-20200218@121444-Eden.fts [TYPE] LIGHT [OBJ] LP_310-34 [RA] 08 07 26.0682 [Dec] +32 13 10.0708 [FIL] GG495 [EXPTIME] 60.0 [Date] 2020-02-18T12:14:45 [Time] 12:14:45
71/109 LP_310-34-20200218@121601-Eden.fts [TYPE] LIGHT [OBJ] LP_310-34 [RA] 08 07 26.0682 [Dec] +32 13 10.0708 [FIL] GG495 [EXPTIME] 60.0 [Date] 2020-02-18T12:16:03 [Time] 12:16:03
72/109 LP_310-34-20200218@121717-Eden.fts [TYPE] LIGHT [OBJ] LP_310-34 [RA] 08 07 26.0682 [Dec] +32 13 10.0708 [FIL] GG495 [EXPTIME] 60.0 [Date] 2020-02-18T12:17:18 [Time] 12:17:18
73/109 LP_310-34-20200218@121833-Eden.fts [TYPE] LIGHT [OBJ] LP_310-34 [RA] 08 07 26.0682 [Dec] +32 13 10.0708 [FIL] GG495 [EXPTIME] 60.0 [Date] 2020-02-18T12:18:33 [Time] 12:18:33
74/109 LP_310-34-20200218@121947-Eden.fts [TYPE] LIGHT [OBJ] LP_310-34 [RA] 08 07 26.0682 [Dec] +32 13 10.0708 [FIL] GG495 [EXPTIME] 60.0 [Date] 2020-02-18T12:19:47 [Time] 12:19:47
75/109 LP_310-34-20200218@122101-Eden.fts [TYPE] LIGHT [OBJ] LP_310-34 [RA] 08 07 26.0682 [Dec] +32 13 10.0708 [FIL] GG495 [EXPTIME] 60.0 [Date] 2020-02-18T12:21:01 [Time] 12:21:01
76/109 LP_310-34-20200218@122218-Eden.fts [TYPE] LIGHT [OBJ] LP_310-34 [RA] 08 07 26.0682 [Dec] +32 13 10.0708 [FIL] GG495 [EXPTIME] 60.0 [Date] 2020-02-18T12:22:18 [Time] 12:22:18
77/109 LP_310-34-20200218@122333-Eden.fts [TYPE] LIGHT [OBJ] LP_310-34 [RA] 08 07 26.0682 [Dec] +32 13 10.0708 [FIL] GG495 [EXPTIME] 60.0 [Date] 2020-02-18T12:23:33 [Time] 12:23:33
78/109 LP_310-34-20200218@122447-Eden.fts [TYPE] LIGHT [OBJ] LP_310-34 [RA] 08 07 26.0682 [Dec] +32 13 10.0708 [FIL] GG495 [EXPTIME] 60.0 [Date] 2020-02-18T12:24:47 [Time] 12:24:47
79/109 LP_310-34-20200218@122601-Eden.fts [TYPE] LIGHT [OBJ] LP_310-34 [RA] 08 07 26.0682 [Dec] +32 13 10.0708 [FIL] GG495 [EXPTIME] 60.0 [Date] 2020-02-18T12:26:02 [Time] 12:26:02
80/109 LP_310-34-20200218@122715-Eden.fts [TYPE] LIGHT [OBJ] LP_310-34 [RA] 08 07 26.0682 [Dec] +32 13 10.0708 [FIL] GG495 [EXPTIME] 60.0 [Date] 2020-02-18T12:27:15 [Time] 12:27:15
81/109 LP_310-34-20200218@122830-Eden.fts [TYPE] LIGHT [OBJ] LP_310-34 [RA] 08 07 26.0682 [Dec] +32 13 10.0708 [FIL] GG495 [EXPTIME] 60.0 [Date] 2020-02-18T12:28:30 [Time] 12:28:30
82/109 LP_310-34-20200218@122945-Eden.fts [TYPE] LIGHT [OBJ] LP_310-34 [RA] 08 07 26.0682 [Dec] +32 13 10.0708 [FIL] GG495 [EXPTIME] 60.0 [Date] 2020-02-18T12:29:45 [Time] 12:29:45
83/109 LP_310-34-20200218@123100-Eden.fts [TYPE] LIGHT [OBJ] LP_310-34 [RA] 08 07 26.0682 [Dec] +32 13 10.0708 [FIL] GG495 [EXPTIME] 60.0 [Date] 2020-02-18T12:31:00 [Time] 12:31:00
84/109 LP_310-34-20200218@123215-Eden.fts [TYPE] LIGHT [OBJ] LP_310-34 [RA] 08 07 26.0682 [Dec] +32 13 10.0708 [FIL] GG495 [EXPTIME] 60.0 [Date] 2020-02-18T12:32:15 [Time] 12:32:15
85/109 LP_310-34-20200218@123330-Eden.fts [TYPE] LIGHT [OBJ] LP_310-34 [RA] 08 07 26.0682 [Dec] +32 13 10.0708 [FIL] GG495 [EXPTIME] 60.0 [Date] 2020-02-18T12:33:30 [Time] 12:33:30
86/109 LP_310-34-20200218@123446-Eden.fts [TYPE] LIGHT [OBJ] LP_310-34 [RA] 08 07 26.0682 [Dec] +32 13 10.0708 [FIL] GG495 [EXPTIME] 60.0 [Date] 2020-02-18T12:34:46 [Time] 12:34:46
87/109 LP_310-34-20200218@123601-Eden.fts [TYPE] LIGHT [OBJ] LP_310-34 [RA] 08 07 26.0682 [Dec] +32 13 10.0708 [FIL] GG495 [EXPTIME] 60.0 [Date] 2020-02-18T12:36:03 [Time] 12:36:03
88/109 LP_310-34-20200218@123716-Eden.fts [TYPE] LIGHT [OBJ] LP_310-34 [RA] 08 07 26.0682 [Dec] +32 13 10.0708 [FIL] GG495 [EXPTIME] 60.0 [Date] 2020-02-18T12:37:17 [Time] 12:37:17
89/109 LP_310-34-20200218@123833-Eden.fts [TYPE] LIGHT [OBJ] LP_310-34 [RA] 08 07 26.0682 [Dec] +32 13 10.0708 [FIL] GG495 [EXPTIME] 60.0 [Date] 2020-02-18T12:38:33 [Time] 12:38:33
90/109 LP_310-34-20200218@123948-Eden.fts [TYPE] LIGHT [OBJ] LP_310-34 [RA] 08 07 26.0682 [Dec] +32 13 10.0708 [FIL] GG495 [EXPTIME] 60.0 [Date] 2020-02-18T12:39:48 [Time] 12:39:48
91/109 LP_310-34-20200218@124103-Eden.fts [TYPE] LIGHT [OBJ] LP_310-34 [RA] 08 07 26.0682 [Dec] +32 13 10.0708 [FIL] GG495 [EXPTIME] 60.0 [Date] 2020-02-18T12:41:03 [Time] 12:41:03
92/109 LP_310-34-20200218@124217-Eden.fts [TYPE] LIGHT [OBJ] LP_310-34 [RA] 08 07 26.0682 [Dec] +32 13 10.0708 [FIL] GG495 [EXPTIME] 60.0 [Date] 2020-02-18T12:42:17 [Time] 12:42:17
93/109 LP_310-34-20200218@124332-Eden.fts [TYPE] LIGHT [OBJ] LP_310-34 [RA] 08 07 26.0682 [Dec] +32 13 10.0708 [FIL] GG495 [EXPTIME] 60.0 [Date] 2020-02-18T12:43:33 [Time] 12:43:33
94/109 LP_310-34-20200218@124448-Eden.fts [TYPE] LIGHT [OBJ] LP_310-34 [RA] 08 07 26.0682 [Dec] +32 13 10.0708 [FIL] GG495 [EXPTIME] 60.0 [Date] 2020-02-18T12:44:48 [Time] 12:44:48
95/109 LP_310-34-20200218@124605-Eden.fts [TYPE] LIGHT [OBJ] LP_310-34 [RA] 08 07 26.0682 [Dec] +32 13 10.0708 [FIL] GG495 [EXPTIME] 60.0 [Date] 2020-02-18T12:46:06 [Time] 12:46:06
96/109 LP_310-34-20200218@124722-Eden.fts [TYPE] LIGHT [OBJ] LP_310-34 [RA] 08 07 26.0682 [Dec] +32 13 10.0708 [FIL] GG495 [EXPTIME] 60.0 [Date] 2020-02-18T12:47:22 [Time] 12:47:22
97/109 LP_310-34-20200218@124836-Eden.fts [TYPE] LIGHT [OBJ] LP_310-34 [RA] 08 07 26.0682 [Dec] +32 13 10.0708 [FIL] GG495 [EXPTIME] 60.0 [Date] 2020-02-18T12:48:36 [Time] 12:48:36
98/109 LP_310-34-20200218@124950-Eden.fts [TYPE] LIGHT [OBJ] LP_310-34 [RA] 08 07 26.0682 [Dec] +32 13 10.0708 [FIL] GG495 [EXPTIME] 60.0 [Date] 2020-02-18T12:49:50 [Time] 12:49:50
99/109 LP_310-34-20200218@125105-Eden.fts [TYPE] LIGHT [OBJ] LP_310-34 [RA] 08 07 26.0682 [Dec] +32 13 10.0708 [FIL] GG495 [EXPTIME] 60.0 [Date] 2020-02-18T12:51:07 [Time] 12:51:07
100/109 LP_310-34-20200218@125220-Eden.fts [TYPE] LIGHT [OBJ] LP_310-34 [RA] 08 07 26.0682 [Dec] +32 13 10.0708 [FIL] GG495 [EXPTIME] 60.0 [Date] 2020-02-18T12:52:22 [Time] 12:52:22
101/109 LP_310-34-20200218@125336-Eden.fts [TYPE] LIGHT [OBJ] LP_310-34 [RA] 08 07 26.0682 [Dec] +32 13 10.0708 [FIL] GG495 [EXPTIME] 60.0 [Date] 2020-02-18T12:53:37 [Time] 12:53:37
102/109 LP_310-34-20200218@125452-Eden.fts [TYPE] LIGHT [OBJ] LP_310-34 [RA] 08 07 26.0682 [Dec] +32 13 10.0708 [FIL] GG495 [EXPTIME] 60.0 [Date] 2020-02-18T12:54:52 [Time] 12:54:52
103/109 LP_310-34-20200218@125608-Eden.fts [TYPE] LIGHT [OBJ] LP_310-34 [RA] 08 07 26.0682 [Dec] +32 13 10.0708 [FIL] GG495 [EXPTIME] 60.0 [Date] 2020-02-18T12:56:08 [Time] 12:56:08
104/109 LP_310-34-20200218@125723-Eden.fts [TYPE] LIGHT [OBJ] LP_310-34 [RA] 08 07 26.0682 [Dec] +32 13 10.0708 [FIL] GG495 [EXPTIME] 60.0 [Date] 2020-02-18T12:57:23 [Time] 12:57:23
105/109 LP_310-34-20200218@125838-Eden.fts [TYPE] LIGHT [OBJ] LP_310-34 [RA] 08 07 26.0682 [Dec] +32 13 10.0708 [FIL] GG495 [EXPTIME] 60.0 [Date] 2020-02-18T12:58:38 [Time] 12:58:38
106/109 LP_310-34-20200218@125953-Eden.fts [TYPE] LIGHT [OBJ] LP_310-34 [RA] 08 07 26.0682 [Dec] +32 13 10.0708 [FIL] GG495 [EXPTIME] 60.0 [Date] 2020-02-18T12:59:54 [Time] 12:59:54
107/109 LP_310-34-20200218@130108-Eden.fts [TYPE] LIGHT [OBJ] LP_310-34 [RA] 08 07 26.0682 [Dec] +32 13 10.0708 [FIL] GG495 [EXPTIME] 60.0 [Date] 2020-02-18T13:01:09 [Time] 13:01:09
108/109 LP_310-34-20200218@130224-Eden.fts [TYPE] LIGHT [OBJ] LP_310-34 [RA] 08 07 26.0682 [Dec] +32 13 10.0708 [FIL] GG495 [EXPTIME] 60.0 [Date] 2020-02-18T13:02:25 [Time] 13:02:25
109/109 LP_310-34-20200218@130339-Eden.fts [TYPE] LIGHT [OBJ] LP_310-34 [RA] 08 07 26.0682 [Dec] +32 13 10.0708 [FIL] GG495 [EXPTIME] 60.0 [Date] 2020-02-18T13:03:40 [Time] 13:03:40
... write log file to LOT20200218-LP_310-34_mod.log ...
... finish ...
