Bucket successfully loaded! eden-data
489 files found
Storing data to the S3 archive!
We can now start uploading the data.
Press return to start the upload, or anything else to abort: Verbose output enabled.
Storing /home/altsai/eden/LOT20201118_LSPM_J0419+4233_mod/202001118_flat-001eden.fits -> s3://eden-data/Calibrations/LOT/FLAT/2020-11-18/202001118_flat-001eden.fits (1/489)
Storing /home/altsai/eden/LOT20201118_LSPM_J0419+4233_mod/202001118_flat-002eden.fits -> s3://eden-data/Calibrations/LOT/FLAT/2020-11-18/202001118_flat-002eden.fits (2/489)
Storing /home/altsai/eden/LOT20201118_LSPM_J0419+4233_mod/202001118_flat-003eden.fits -> s3://eden-data/Calibrations/LOT/FLAT/2020-11-18/202001118_flat-003eden.fits (3/489)
Storing /home/altsai/eden/LOT20201118_LSPM_J0419+4233_mod/202001118_flat-004eden.fits -> s3://eden-data/Calibrations/LOT/FLAT/2020-11-18/202001118_flat-004eden.fits (4/489)
Storing /home/altsai/eden/LOT20201118_LSPM_J0419+4233_mod/202001118_flat-005eden.fits -> s3://eden-data/Calibrations/LOT/FLAT/2020-11-18/202001118_flat-005eden.fits (5/489)
Storing /home/altsai/eden/LOT20201118_LSPM_J0419+4233_mod/202001118_flat-006eden.fits -> s3://eden-data/Calibrations/LOT/FLAT/2020-11-18/202001118_flat-006eden.fits (6/489)
Storing /home/altsai/eden/LOT20201118_LSPM_J0419+4233_mod/202001118_flat-007eden.fits -> s3://eden-data/Calibrations/LOT/FLAT/2020-11-18/202001118_flat-007eden.fits (7/489)
Storing /home/altsai/eden/LOT20201118_LSPM_J0419+4233_mod/202001118_flat-008eden.fits -> s3://eden-data/Calibrations/LOT/FLAT/2020-11-18/202001118_flat-008eden.fits (8/489)
Storing /home/altsai/eden/LOT20201118_LSPM_J0419+4233_mod/202001118_flat-009eden.fits -> s3://eden-data/Calibrations/LOT/FLAT/2020-11-18/202001118_flat-009eden.fits (9/489)
Storing /home/altsai/eden/LOT20201118_LSPM_J0419+4233_mod/202001118_flat-010eden.fits -> s3://eden-data/Calibrations/LOT/FLAT/2020-11-18/202001118_flat-010eden.fits (10/489)
Storing /home/altsai/eden/LOT20201118_LSPM_J0419+4233_mod/202001118_flat-011eden.fits -> s3://eden-data/Calibrations/LOT/FLAT/2020-11-18/202001118_flat-011eden.fits (11/489)
Storing /home/altsai/eden/LOT20201118_LSPM_J0419+4233_mod/202001118_flat-012eden.fits -> s3://eden-data/Calibrations/LOT/FLAT/2020-11-18/202001118_flat-012eden.fits (12/489)
Storing /home/altsai/eden/LOT20201118_LSPM_J0419+4233_mod/202001118_flat-013eden.fits -> s3://eden-data/Calibrations/LOT/FLAT/2020-11-18/202001118_flat-013eden.fits (13/489)
Storing /home/altsai/eden/LOT20201118_LSPM_J0419+4233_mod/202001118_flat-014eden.fits -> s3://eden-data/Calibrations/LOT/FLAT/2020-11-18/202001118_flat-014eden.fits (14/489)
Storing /home/altsai/eden/LOT20201118_LSPM_J0419+4233_mod/202001118_flat-015eden.fits -> s3://eden-data/Calibrations/LOT/FLAT/2020-11-18/202001118_flat-015eden.fits (15/489)
Storing /home/altsai/eden/LOT20201118_LSPM_J0419+4233_mod/202001118_flat-016eden.fits -> s3://eden-data/Calibrations/LOT/FLAT/2020-11-18/202001118_flat-016eden.fits (16/489)
Storing /home/altsai/eden/LOT20201118_LSPM_J0419+4233_mod/202001118_flat-017eden.fits -> s3://eden-data/Calibrations/LOT/FLAT/2020-11-18/202001118_flat-017eden.fits (17/489)
Storing /home/altsai/eden/LOT20201118_LSPM_J0419+4233_mod/202001118_flat-018eden.fits -> s3://eden-data/Calibrations/LOT/FLAT/2020-11-18/202001118_flat-018eden.fits (18/489)
Storing /home/altsai/eden/LOT20201118_LSPM_J0419+4233_mod/Bias-20201118@220328-000S.fts -> s3://eden-data/Calibrations/LOT/BIAS/2020-11-18/Bias-20201118@220328-000S.fits (19/489)
Storing /home/altsai/eden/LOT20201118_LSPM_J0419+4233_mod/Bias-20201118@220336-000S.fts -> s3://eden-data/Calibrations/LOT/BIAS/2020-11-18/Bias-20201118@220336-000S.fits (20/489)
Storing /home/altsai/eden/LOT20201118_LSPM_J0419+4233_mod/Bias-20201118@220344-000S.fts -> s3://eden-data/Calibrations/LOT/BIAS/2020-11-18/Bias-20201118@220344-000S.fits (21/489)
Storing /home/altsai/eden/LOT20201118_LSPM_J0419+4233_mod/Bias-20201118@220350-000S.fts -> s3://eden-data/Calibrations/LOT/BIAS/2020-11-18/Bias-20201118@220350-000S.fits (22/489)
Storing /home/altsai/eden/LOT20201118_LSPM_J0419+4233_mod/Bias-20201118@220357-000S.fts -> s3://eden-data/Calibrations/LOT/BIAS/2020-11-18/Bias-20201118@220357-000S.fits (23/489)
Storing /home/altsai/eden/LOT20201118_LSPM_J0419+4233_mod/Bias-20201118@220404-000S.fts -> s3://eden-data/Calibrations/LOT/BIAS/2020-11-18/Bias-20201118@220404-000S.fits (24/489)
Storing /home/altsai/eden/LOT20201118_LSPM_J0419+4233_mod/Bias-20201118@220412-000S.fts -> s3://eden-data/Calibrations/LOT/BIAS/2020-11-18/Bias-20201118@220412-000S.fits (25/489)
Storing /home/altsai/eden/LOT20201118_LSPM_J0419+4233_mod/Bias-20201118@220419-000S.fts -> s3://eden-data/Calibrations/LOT/BIAS/2020-11-18/Bias-20201118@220419-000S.fits (26/489)
Storing /home/altsai/eden/LOT20201118_LSPM_J0419+4233_mod/Bias-20201118@220426-000S.fts -> s3://eden-data/Calibrations/LOT/BIAS/2020-11-18/Bias-20201118@220426-000S.fits (27/489)
Storing /home/altsai/eden/LOT20201118_LSPM_J0419+4233_mod/Bias-20201118@220433-000S.fts -> s3://eden-data/Calibrations/LOT/BIAS/2020-11-18/Bias-20201118@220433-000S.fits (28/489)
Storing /home/altsai/eden/LOT20201118_LSPM_J0419+4233_mod/Dark-20201118@221811-060S.fts -> s3://eden-data/Calibrations/LOT/DARK/2020-11-18/Dark-20201118@221811-060S.fits (29/489)
Storing /home/altsai/eden/LOT20201118_LSPM_J0419+4233_mod/Dark-20201118@221918-060S.fts -> s3://eden-data/Calibrations/LOT/DARK/2020-11-18/Dark-20201118@221918-060S.fits (30/489)
Storing /home/altsai/eden/LOT20201118_LSPM_J0419+4233_mod/Dark-20201118@222025-060S.fts -> s3://eden-data/Calibrations/LOT/DARK/2020-11-18/Dark-20201118@222025-060S.fits (31/489)
Storing /home/altsai/eden/LOT20201118_LSPM_J0419+4233_mod/Dark-20201118@222132-060S.fts -> s3://eden-data/Calibrations/LOT/DARK/2020-11-18/Dark-20201118@222132-060S.fits (32/489)
Storing /home/altsai/eden/LOT20201118_LSPM_J0419+4233_mod/Dark-20201118@222239-060S.fts -> s3://eden-data/Calibrations/LOT/DARK/2020-11-18/Dark-20201118@222239-060S.fits (33/489)
Storing /home/altsai/eden/LOT20201118_LSPM_J0419+4233_mod/Dark-20201118@222346-060S.fts -> s3://eden-data/Calibrations/LOT/DARK/2020-11-18/Dark-20201118@222346-060S.fits (34/489)
Storing /home/altsai/eden/LOT20201118_LSPM_J0419+4233_mod/Dark-20201118@222453-060S.fts -> s3://eden-data/Calibrations/LOT/DARK/2020-11-18/Dark-20201118@222453-060S.fits (35/489)
Storing /home/altsai/eden/LOT20201118_LSPM_J0419+4233_mod/Dark-20201118@222601-060S.fts -> s3://eden-data/Calibrations/LOT/DARK/2020-11-18/Dark-20201118@222601-060S.fits (36/489)
Storing /home/altsai/eden/LOT20201118_LSPM_J0419+4233_mod/Dark-20201118@222707-060S.fts -> s3://eden-data/Calibrations/LOT/DARK/2020-11-18/Dark-20201118@222707-060S.fits (37/489)
Storing /home/altsai/eden/LOT20201118_LSPM_J0419+4233_mod/Dark-20201118@222814-060S.fts -> s3://eden-data/Calibrations/LOT/DARK/2020-11-18/Dark-20201118@222814-060S.fits (38/489)
Storing /home/altsai/eden/LOT20201118_LSPM_J0419+4233_mod/LSPM_J0419+4233-20201118@120205-Eden.fts -> s3://eden-data/RAW/LOT/LSPM_J0419+4233/2020-11-18/LSPM_J0419+4233-20201118@120205-Eden.fits (39/489)
Storing /home/altsai/eden/LOT20201118_LSPM_J0419+4233_mod/LSPM_J0419+4233-20201118@120322-Eden.fts -> s3://eden-data/RAW/LOT/LSPM_J0419+4233/2020-11-18/LSPM_J0419+4233-20201118@120322-Eden.fits (40/489)
Storing /home/altsai/eden/LOT20201118_LSPM_J0419+4233_mod/LSPM_J0419+4233-20201118@120436-Eden.fts -> s3://eden-data/RAW/LOT/LSPM_J0419+4233/2020-11-18/LSPM_J0419+4233-20201118@120436-Eden.fits (41/489)
Storing /home/altsai/eden/LOT20201118_LSPM_J0419+4233_mod/LSPM_J0419+4233-20201118@120550-Eden.fts -> s3://eden-data/RAW/LOT/LSPM_J0419+4233/2020-11-18/LSPM_J0419+4233-20201118@120550-Eden.fits (42/489)
Storing /home/altsai/eden/LOT20201118_LSPM_J0419+4233_mod/LSPM_J0419+4233-20201118@120704-Eden.fts -> s3://eden-data/RAW/LOT/LSPM_J0419+4233/2020-11-18/LSPM_J0419+4233-20201118@120704-Eden.fits (43/489)
Storing /home/altsai/eden/LOT20201118_LSPM_J0419+4233_mod/LSPM_J0419+4233-20201118@120819-Eden.fts -> s3://eden-data/RAW/LOT/LSPM_J0419+4233/2020-11-18/LSPM_J0419+4233-20201118@120819-Eden.fits (44/489)
Storing /home/altsai/eden/LOT20201118_LSPM_J0419+4233_mod/LSPM_J0419+4233-20201118@120935-Eden.fts -> s3://eden-data/RAW/LOT/LSPM_J0419+4233/2020-11-18/LSPM_J0419+4233-20201118@120935-Eden.fits (45/489)
Storing /home/altsai/eden/LOT20201118_LSPM_J0419+4233_mod/LSPM_J0419+4233-20201118@121050-Eden.fts -> s3://eden-data/RAW/LOT/LSPM_J0419+4233/2020-11-18/LSPM_J0419+4233-20201118@121050-Eden.fits (46/489)
Storing /home/altsai/eden/LOT20201118_LSPM_J0419+4233_mod/LSPM_J0419+4233-20201118@121205-Eden.fts -> s3://eden-data/RAW/LOT/LSPM_J0419+4233/2020-11-18/LSPM_J0419+4233-20201118@121205-Eden.fits (47/489)
Storing /home/altsai/eden/LOT20201118_LSPM_J0419+4233_mod/LSPM_J0419+4233-20201118@121321-Eden.fts -> s3://eden-data/RAW/LOT/LSPM_J0419+4233/2020-11-18/LSPM_J0419+4233-20201118@121321-Eden.fits (48/489)
Storing /home/altsai/eden/LOT20201118_LSPM_J0419+4233_mod/LSPM_J0419+4233-20201118@121436-Eden.fts -> s3://eden-data/RAW/LOT/LSPM_J0419+4233/2020-11-18/LSPM_J0419+4233-20201118@121436-Eden.fits (49/489)
Storing /home/altsai/eden/LOT20201118_LSPM_J0419+4233_mod/LSPM_J0419+4233-20201118@121551-Eden.fts -> s3://eden-data/RAW/LOT/LSPM_J0419+4233/2020-11-18/LSPM_J0419+4233-20201118@121551-Eden.fits (50/489)
Storing /home/altsai/eden/LOT20201118_LSPM_J0419+4233_mod/LSPM_J0419+4233-20201118@121705-Eden.fts -> s3://eden-data/RAW/LOT/LSPM_J0419+4233/2020-11-18/LSPM_J0419+4233-20201118@121705-Eden.fits (51/489)
Storing /home/altsai/eden/LOT20201118_LSPM_J0419+4233_mod/LSPM_J0419+4233-20201118@121820-Eden.fts -> s3://eden-data/RAW/LOT/LSPM_J0419+4233/2020-11-18/LSPM_J0419+4233-20201118@121820-Eden.fits (52/489)
Storing /home/altsai/eden/LOT20201118_LSPM_J0419+4233_mod/LSPM_J0419+4233-20201118@121934-Eden.fts -> s3://eden-data/RAW/LOT/LSPM_J0419+4233/2020-11-18/LSPM_J0419+4233-20201118@121934-Eden.fits (53/489)
Storing /home/altsai/eden/LOT20201118_LSPM_J0419+4233_mod/LSPM_J0419+4233-20201118@122049-Eden.fts -> s3://eden-data/RAW/LOT/LSPM_J0419+4233/2020-11-18/LSPM_J0419+4233-20201118@122049-Eden.fits (54/489)
Storing /home/altsai/eden/LOT20201118_LSPM_J0419+4233_mod/LSPM_J0419+4233-20201118@122205-Eden.fts -> s3://eden-data/RAW/LOT/LSPM_J0419+4233/2020-11-18/LSPM_J0419+4233-20201118@122205-Eden.fits (55/489)
Storing /home/altsai/eden/LOT20201118_LSPM_J0419+4233_mod/LSPM_J0419+4233-20201118@122320-Eden.fts -> s3://eden-data/RAW/LOT/LSPM_J0419+4233/2020-11-18/LSPM_J0419+4233-20201118@122320-Eden.fits (56/489)
Storing /home/altsai/eden/LOT20201118_LSPM_J0419+4233_mod/LSPM_J0419+4233-20201118@122437-Eden.fts -> s3://eden-data/RAW/LOT/LSPM_J0419+4233/2020-11-18/LSPM_J0419+4233-20201118@122437-Eden.fits (57/489)
Storing /home/altsai/eden/LOT20201118_LSPM_J0419+4233_mod/LSPM_J0419+4233-20201118@122552-Eden.fts -> s3://eden-data/RAW/LOT/LSPM_J0419+4233/2020-11-18/LSPM_J0419+4233-20201118@122552-Eden.fits (58/489)
Storing /home/altsai/eden/LOT20201118_LSPM_J0419+4233_mod/LSPM_J0419+4233-20201118@122707-Eden.fts -> s3://eden-data/RAW/LOT/LSPM_J0419+4233/2020-11-18/LSPM_J0419+4233-20201118@122707-Eden.fits (59/489)
Storing /home/altsai/eden/LOT20201118_LSPM_J0419+4233_mod/LSPM_J0419+4233-20201118@122822-Eden.fts -> s3://eden-data/RAW/LOT/LSPM_J0419+4233/2020-11-18/LSPM_J0419+4233-20201118@122822-Eden.fits (60/489)
Storing /home/altsai/eden/LOT20201118_LSPM_J0419+4233_mod/LSPM_J0419+4233-20201118@122936-Eden.fts -> s3://eden-data/RAW/LOT/LSPM_J0419+4233/2020-11-18/LSPM_J0419+4233-20201118@122936-Eden.fits (61/489)
Storing /home/altsai/eden/LOT20201118_LSPM_J0419+4233_mod/LSPM_J0419+4233-20201118@123051-Eden.fts -> s3://eden-data/RAW/LOT/LSPM_J0419+4233/2020-11-18/LSPM_J0419+4233-20201118@123051-Eden.fits (62/489)
Storing /home/altsai/eden/LOT20201118_LSPM_J0419+4233_mod/LSPM_J0419+4233-20201118@123206-Eden.fts -> s3://eden-data/RAW/LOT/LSPM_J0419+4233/2020-11-18/LSPM_J0419+4233-20201118@123206-Eden.fits (63/489)
Storing /home/altsai/eden/LOT20201118_LSPM_J0419+4233_mod/LSPM_J0419+4233-20201118@123320-Eden.fts -> s3://eden-data/RAW/LOT/LSPM_J0419+4233/2020-11-18/LSPM_J0419+4233-20201118@123320-Eden.fits (64/489)
Storing /home/altsai/eden/LOT20201118_LSPM_J0419+4233_mod/LSPM_J0419+4233-20201118@123435-Eden.fts -> s3://eden-data/RAW/LOT/LSPM_J0419+4233/2020-11-18/LSPM_J0419+4233-20201118@123435-Eden.fits (65/489)
Storing /home/altsai/eden/LOT20201118_LSPM_J0419+4233_mod/LSPM_J0419+4233-20201118@123550-Eden.fts -> s3://eden-data/RAW/LOT/LSPM_J0419+4233/2020-11-18/LSPM_J0419+4233-20201118@123550-Eden.fits (66/489)
Storing /home/altsai/eden/LOT20201118_LSPM_J0419+4233_mod/LSPM_J0419+4233-20201118@123704-Eden.fts -> s3://eden-data/RAW/LOT/LSPM_J0419+4233/2020-11-18/LSPM_J0419+4233-20201118@123704-Eden.fits (67/489)
Storing /home/altsai/eden/LOT20201118_LSPM_J0419+4233_mod/LSPM_J0419+4233-20201118@123820-Eden.fts -> s3://eden-data/RAW/LOT/LSPM_J0419+4233/2020-11-18/LSPM_J0419+4233-20201118@123820-Eden.fits (68/489)
Storing /home/altsai/eden/LOT20201118_LSPM_J0419+4233_mod/LSPM_J0419+4233-20201118@123935-Eden.fts -> s3://eden-data/RAW/LOT/LSPM_J0419+4233/2020-11-18/LSPM_J0419+4233-20201118@123935-Eden.fits (69/489)
Storing /home/altsai/eden/LOT20201118_LSPM_J0419+4233_mod/LSPM_J0419+4233-20201118@124050-Eden.fts -> s3://eden-data/RAW/LOT/LSPM_J0419+4233/2020-11-18/LSPM_J0419+4233-20201118@124050-Eden.fits (70/489)
Storing /home/altsai/eden/LOT20201118_LSPM_J0419+4233_mod/LSPM_J0419+4233-20201118@124204-Eden.fts -> s3://eden-data/RAW/LOT/LSPM_J0419+4233/2020-11-18/LSPM_J0419+4233-20201118@124204-Eden.fits (71/489)
Storing /home/altsai/eden/LOT20201118_LSPM_J0419+4233_mod/LSPM_J0419+4233-20201118@124319-Eden.fts -> s3://eden-data/RAW/LOT/LSPM_J0419+4233/2020-11-18/LSPM_J0419+4233-20201118@124319-Eden.fits (72/489)
Storing /home/altsai/eden/LOT20201118_LSPM_J0419+4233_mod/LSPM_J0419+4233-20201118@124434-Eden.fts -> s3://eden-data/RAW/LOT/LSPM_J0419+4233/2020-11-18/LSPM_J0419+4233-20201118@124434-Eden.fits (73/489)
Storing /home/altsai/eden/LOT20201118_LSPM_J0419+4233_mod/LSPM_J0419+4233-20201118@124550-Eden.fts -> s3://eden-data/RAW/LOT/LSPM_J0419+4233/2020-11-18/LSPM_J0419+4233-20201118@124550-Eden.fits (74/489)
Storing /home/altsai/eden/LOT20201118_LSPM_J0419+4233_mod/LSPM_J0419+4233-20201118@124704-Eden.fts -> s3://eden-data/RAW/LOT/LSPM_J0419+4233/2020-11-18/LSPM_J0419+4233-20201118@124704-Eden.fits (75/489)
Storing /home/altsai/eden/LOT20201118_LSPM_J0419+4233_mod/LSPM_J0419+4233-20201118@124818-Eden.fts -> s3://eden-data/RAW/LOT/LSPM_J0419+4233/2020-11-18/LSPM_J0419+4233-20201118@124818-Eden.fits (76/489)
Storing /home/altsai/eden/LOT20201118_LSPM_J0419+4233_mod/LSPM_J0419+4233-20201118@124933-Eden.fts -> s3://eden-data/RAW/LOT/LSPM_J0419+4233/2020-11-18/LSPM_J0419+4233-20201118@124933-Eden.fits (77/489)
Storing /home/altsai/eden/LOT20201118_LSPM_J0419+4233_mod/LSPM_J0419+4233-20201118@125049-Eden.fts -> s3://eden-data/RAW/LOT/LSPM_J0419+4233/2020-11-18/LSPM_J0419+4233-20201118@125049-Eden.fits (78/489)
Storing /home/altsai/eden/LOT20201118_LSPM_J0419+4233_mod/LSPM_J0419+4233-20201118@125203-Eden.fts -> s3://eden-data/RAW/LOT/LSPM_J0419+4233/2020-11-18/LSPM_J0419+4233-20201118@125203-Eden.fits (79/489)
Storing /home/altsai/eden/LOT20201118_LSPM_J0419+4233_mod/LSPM_J0419+4233-20201118@125319-Eden.fts -> s3://eden-data/RAW/LOT/LSPM_J0419+4233/2020-11-18/LSPM_J0419+4233-20201118@125319-Eden.fits (80/489)
Storing /home/altsai/eden/LOT20201118_LSPM_J0419+4233_mod/LSPM_J0419+4233-20201118@125434-Eden.fts -> s3://eden-data/RAW/LOT/LSPM_J0419+4233/2020-11-18/LSPM_J0419+4233-20201118@125434-Eden.fits (81/489)
Storing /home/altsai/eden/LOT20201118_LSPM_J0419+4233_mod/LSPM_J0419+4233-20201118@125548-Eden.fts -> s3://eden-data/RAW/LOT/LSPM_J0419+4233/2020-11-18/LSPM_J0419+4233-20201118@125548-Eden.fits (82/489)
Storing /home/altsai/eden/LOT20201118_LSPM_J0419+4233_mod/LSPM_J0419+4233-20201118@125703-Eden.fts -> s3://eden-data/RAW/LOT/LSPM_J0419+4233/2020-11-18/LSPM_J0419+4233-20201118@125703-Eden.fits (83/489)
Storing /home/altsai/eden/LOT20201118_LSPM_J0419+4233_mod/LSPM_J0419+4233-20201118@125817-Eden.fts -> s3://eden-data/RAW/LOT/LSPM_J0419+4233/2020-11-18/LSPM_J0419+4233-20201118@125817-Eden.fits (84/489)
Storing /home/altsai/eden/LOT20201118_LSPM_J0419+4233_mod/LSPM_J0419+4233-20201118@125931-Eden.fts -> s3://eden-data/RAW/LOT/LSPM_J0419+4233/2020-11-18/LSPM_J0419+4233-20201118@125931-Eden.fits (85/489)
Storing /home/altsai/eden/LOT20201118_LSPM_J0419+4233_mod/LSPM_J0419+4233-20201118@130048-Eden.fts -> s3://eden-data/RAW/LOT/LSPM_J0419+4233/2020-11-18/LSPM_J0419+4233-20201118@130048-Eden.fits (86/489)
Storing /home/altsai/eden/LOT20201118_LSPM_J0419+4233_mod/LSPM_J0419+4233-20201118@130205-Eden.fts -> s3://eden-data/RAW/LOT/LSPM_J0419+4233/2020-11-18/LSPM_J0419+4233-20201118@130205-Eden.fits (87/489)
Storing /home/altsai/eden/LOT20201118_LSPM_J0419+4233_mod/LSPM_J0419+4233-20201118@130319-Eden.fts -> s3://eden-data/RAW/LOT/LSPM_J0419+4233/2020-11-18/LSPM_J0419+4233-20201118@130319-Eden.fits (88/489)
Storing /home/altsai/eden/LOT20201118_LSPM_J0419+4233_mod/LSPM_J0419+4233-20201118@130434-Eden.fts -> s3://eden-data/RAW/LOT/LSPM_J0419+4233/2020-11-18/LSPM_J0419+4233-20201118@130434-Eden.fits (89/489)
Storing /home/altsai/eden/LOT20201118_LSPM_J0419+4233_mod/LSPM_J0419+4233-20201118@130549-Eden.fts -> s3://eden-data/RAW/LOT/LSPM_J0419+4233/2020-11-18/LSPM_J0419+4233-20201118@130549-Eden.fits (90/489)
Storing /home/altsai/eden/LOT20201118_LSPM_J0419+4233_mod/LSPM_J0419+4233-20201118@130705-Eden.fts -> s3://eden-data/RAW/LOT/LSPM_J0419+4233/2020-11-18/LSPM_J0419+4233-20201118@130705-Eden.fits (91/489)
Storing /home/altsai/eden/LOT20201118_LSPM_J0419+4233_mod/LSPM_J0419+4233-20201118@130820-Eden.fts -> s3://eden-data/RAW/LOT/LSPM_J0419+4233/2020-11-18/LSPM_J0419+4233-20201118@130820-Eden.fits (92/489)
Storing /home/altsai/eden/LOT20201118_LSPM_J0419+4233_mod/LSPM_J0419+4233-20201118@130936-Eden.fts -> s3://eden-data/RAW/LOT/LSPM_J0419+4233/2020-11-18/LSPM_J0419+4233-20201118@130936-Eden.fits (93/489)
Storing /home/altsai/eden/LOT20201118_LSPM_J0419+4233_mod/LSPM_J0419+4233-20201118@131051-Eden.fts -> s3://eden-data/RAW/LOT/LSPM_J0419+4233/2020-11-18/LSPM_J0419+4233-20201118@131051-Eden.fits (94/489)
Storing /home/altsai/eden/LOT20201118_LSPM_J0419+4233_mod/LSPM_J0419+4233-20201118@131206-Eden.fts -> s3://eden-data/RAW/LOT/LSPM_J0419+4233/2020-11-18/LSPM_J0419+4233-20201118@131206-Eden.fits (95/489)
Storing /home/altsai/eden/LOT20201118_LSPM_J0419+4233_mod/LSPM_J0419+4233-20201118@131321-Eden.fts -> s3://eden-data/RAW/LOT/LSPM_J0419+4233/2020-11-18/LSPM_J0419+4233-20201118@131321-Eden.fits (96/489)
Storing /home/altsai/eden/LOT20201118_LSPM_J0419+4233_mod/LSPM_J0419+4233-20201118@131436-Eden.fts -> s3://eden-data/RAW/LOT/LSPM_J0419+4233/2020-11-18/LSPM_J0419+4233-20201118@131436-Eden.fits (97/489)
Storing /home/altsai/eden/LOT20201118_LSPM_J0419+4233_mod/LSPM_J0419+4233-20201118@131552-Eden.fts -> s3://eden-data/RAW/LOT/LSPM_J0419+4233/2020-11-18/LSPM_J0419+4233-20201118@131552-Eden.fits (98/489)
Storing /home/altsai/eden/LOT20201118_LSPM_J0419+4233_mod/LSPM_J0419+4233-20201118@131707-Eden.fts -> s3://eden-data/RAW/LOT/LSPM_J0419+4233/2020-11-18/LSPM_J0419+4233-20201118@131707-Eden.fits (99/489)
Storing /home/altsai/eden/LOT20201118_LSPM_J0419+4233_mod/LSPM_J0419+4233-20201118@131822-Eden.fts -> s3://eden-data/RAW/LOT/LSPM_J0419+4233/2020-11-18/LSPM_J0419+4233-20201118@131822-Eden.fits (100/489)
Storing /home/altsai/eden/LOT20201118_LSPM_J0419+4233_mod/LSPM_J0419+4233-20201118@131937-Eden.fts -> s3://eden-data/RAW/LOT/LSPM_J0419+4233/2020-11-18/LSPM_J0419+4233-20201118@131937-Eden.fits (101/489)
Storing /home/altsai/eden/LOT20201118_LSPM_J0419+4233_mod/LSPM_J0419+4233-20201118@132053-Eden.fts -> s3://eden-data/RAW/LOT/LSPM_J0419+4233/2020-11-18/LSPM_J0419+4233-20201118@132053-Eden.fits (102/489)
Storing /home/altsai/eden/LOT20201118_LSPM_J0419+4233_mod/LSPM_J0419+4233-20201118@132208-Eden.fts -> s3://eden-data/RAW/LOT/LSPM_J0419+4233/2020-11-18/LSPM_J0419+4233-20201118@132208-Eden.fits (103/489)
Storing /home/altsai/eden/LOT20201118_LSPM_J0419+4233_mod/LSPM_J0419+4233-20201118@132323-Eden.fts -> s3://eden-data/RAW/LOT/LSPM_J0419+4233/2020-11-18/LSPM_J0419+4233-20201118@132323-Eden.fits (104/489)
Storing /home/altsai/eden/LOT20201118_LSPM_J0419+4233_mod/LSPM_J0419+4233-20201118@132438-Eden.fts -> s3://eden-data/RAW/LOT/LSPM_J0419+4233/2020-11-18/LSPM_J0419+4233-20201118@132438-Eden.fits (105/489)
Storing /home/altsai/eden/LOT20201118_LSPM_J0419+4233_mod/LSPM_J0419+4233-20201118@132552-Eden.fts -> s3://eden-data/RAW/LOT/LSPM_J0419+4233/2020-11-18/LSPM_J0419+4233-20201118@132552-Eden.fits (106/489)
Storing /home/altsai/eden/LOT20201118_LSPM_J0419+4233_mod/LSPM_J0419+4233-20201118@132707-Eden.fts -> s3://eden-data/RAW/LOT/LSPM_J0419+4233/2020-11-18/LSPM_J0419+4233-20201118@132707-Eden.fits (107/489)
Storing /home/altsai/eden/LOT20201118_LSPM_J0419+4233_mod/LSPM_J0419+4233-20201118@132824-Eden.fts -> s3://eden-data/RAW/LOT/LSPM_J0419+4233/2020-11-18/LSPM_J0419+4233-20201118@132824-Eden.fits (108/489)
Storing /home/altsai/eden/LOT20201118_LSPM_J0419+4233_mod/LSPM_J0419+4233-20201118@132939-Eden.fts -> s3://eden-data/RAW/LOT/LSPM_J0419+4233/2020-11-18/LSPM_J0419+4233-20201118@132939-Eden.fits (109/489)
Storing /home/altsai/eden/LOT20201118_LSPM_J0419+4233_mod/LSPM_J0419+4233-20201118@133056-Eden.fts -> s3://eden-data/RAW/LOT/LSPM_J0419+4233/2020-11-18/LSPM_J0419+4233-20201118@133056-Eden.fits (110/489)
Storing /home/altsai/eden/LOT20201118_LSPM_J0419+4233_mod/LSPM_J0419+4233-20201118@133210-Eden.fts -> s3://eden-data/RAW/LOT/LSPM_J0419+4233/2020-11-18/LSPM_J0419+4233-20201118@133210-Eden.fits (111/489)
Storing /home/altsai/eden/LOT20201118_LSPM_J0419+4233_mod/LSPM_J0419+4233-20201118@133327-Eden.fts -> s3://eden-data/RAW/LOT/LSPM_J0419+4233/2020-11-18/LSPM_J0419+4233-20201118@133327-Eden.fits (112/489)
Storing /home/altsai/eden/LOT20201118_LSPM_J0419+4233_mod/LSPM_J0419+4233-20201118@133441-Eden.fts -> s3://eden-data/RAW/LOT/LSPM_J0419+4233/2020-11-18/LSPM_J0419+4233-20201118@133441-Eden.fits (113/489)
Storing /home/altsai/eden/LOT20201118_LSPM_J0419+4233_mod/LSPM_J0419+4233-20201118@133555-Eden.fts -> s3://eden-data/RAW/LOT/LSPM_J0419+4233/2020-11-18/LSPM_J0419+4233-20201118@133555-Eden.fits (114/489)
Storing /home/altsai/eden/LOT20201118_LSPM_J0419+4233_mod/LSPM_J0419+4233-20201118@133712-Eden.fts -> s3://eden-data/RAW/LOT/LSPM_J0419+4233/2020-11-18/LSPM_J0419+4233-20201118@133712-Eden.fits (115/489)
Storing /home/altsai/eden/LOT20201118_LSPM_J0419+4233_mod/LSPM_J0419+4233-20201118@133828-Eden.fts -> s3://eden-data/RAW/LOT/LSPM_J0419+4233/2020-11-18/LSPM_J0419+4233-20201118@133828-Eden.fits (116/489)
Storing /home/altsai/eden/LOT20201118_LSPM_J0419+4233_mod/LSPM_J0419+4233-20201118@133942-Eden.fts -> s3://eden-data/RAW/LOT/LSPM_J0419+4233/2020-11-18/LSPM_J0419+4233-20201118@133942-Eden.fits (117/489)
Storing /home/altsai/eden/LOT20201118_LSPM_J0419+4233_mod/LSPM_J0419+4233-20201118@134057-Eden.fts -> s3://eden-data/RAW/LOT/LSPM_J0419+4233/2020-11-18/LSPM_J0419+4233-20201118@134057-Eden.fits (118/489)
Storing /home/altsai/eden/LOT20201118_LSPM_J0419+4233_mod/LSPM_J0419+4233-20201118@134210-Eden.fts -> s3://eden-data/RAW/LOT/LSPM_J0419+4233/2020-11-18/LSPM_J0419+4233-20201118@134210-Eden.fits (119/489)
Storing /home/altsai/eden/LOT20201118_LSPM_J0419+4233_mod/LSPM_J0419+4233-20201118@134326-Eden.fts -> s3://eden-data/RAW/LOT/LSPM_J0419+4233/2020-11-18/LSPM_J0419+4233-20201118@134326-Eden.fits (120/489)
Storing /home/altsai/eden/LOT20201118_LSPM_J0419+4233_mod/LSPM_J0419+4233-20201118@134441-Eden.fts -> s3://eden-data/RAW/LOT/LSPM_J0419+4233/2020-11-18/LSPM_J0419+4233-20201118@134441-Eden.fits (121/489)
Storing /home/altsai/eden/LOT20201118_LSPM_J0419+4233_mod/LSPM_J0419+4233-20201118@134557-Eden.fts -> s3://eden-data/RAW/LOT/LSPM_J0419+4233/2020-11-18/LSPM_J0419+4233-20201118@134557-Eden.fits (122/489)
Storing /home/altsai/eden/LOT20201118_LSPM_J0419+4233_mod/LSPM_J0419+4233-20201118@134713-Eden.fts -> s3://eden-data/RAW/LOT/LSPM_J0419+4233/2020-11-18/LSPM_J0419+4233-20201118@134713-Eden.fits (123/489)
Storing /home/altsai/eden/LOT20201118_LSPM_J0419+4233_mod/LSPM_J0419+4233-20201118@134828-Eden.fts -> s3://eden-data/RAW/LOT/LSPM_J0419+4233/2020-11-18/LSPM_J0419+4233-20201118@134828-Eden.fits (124/489)
Storing /home/altsai/eden/LOT20201118_LSPM_J0419+4233_mod/LSPM_J0419+4233-20201118@134943-Eden.fts -> s3://eden-data/RAW/LOT/LSPM_J0419+4233/2020-11-18/LSPM_J0419+4233-20201118@134943-Eden.fits (125/489)
Storing /home/altsai/eden/LOT20201118_LSPM_J0419+4233_mod/LSPM_J0419+4233-20201118@135058-Eden.fts -> s3://eden-data/RAW/LOT/LSPM_J0419+4233/2020-11-18/LSPM_J0419+4233-20201118@135058-Eden.fits (126/489)
Storing /home/altsai/eden/LOT20201118_LSPM_J0419+4233_mod/LSPM_J0419+4233-20201118@135212-Eden.fts -> s3://eden-data/RAW/LOT/LSPM_J0419+4233/2020-11-18/LSPM_J0419+4233-20201118@135212-Eden.fits (127/489)
Storing /home/altsai/eden/LOT20201118_LSPM_J0419+4233_mod/LSPM_J0419+4233-20201118@135328-Eden.fts -> s3://eden-data/RAW/LOT/LSPM_J0419+4233/2020-11-18/LSPM_J0419+4233-20201118@135328-Eden.fits (128/489)
Storing /home/altsai/eden/LOT20201118_LSPM_J0419+4233_mod/LSPM_J0419+4233-20201118@135442-Eden.fts -> s3://eden-data/RAW/LOT/LSPM_J0419+4233/2020-11-18/LSPM_J0419+4233-20201118@135442-Eden.fits (129/489)
Storing /home/altsai/eden/LOT20201118_LSPM_J0419+4233_mod/LSPM_J0419+4233-20201118@135557-Eden.fts -> s3://eden-data/RAW/LOT/LSPM_J0419+4233/2020-11-18/LSPM_J0419+4233-20201118@135557-Eden.fits (130/489)
Storing /home/altsai/eden/LOT20201118_LSPM_J0419+4233_mod/LSPM_J0419+4233-20201118@135712-Eden.fts -> s3://eden-data/RAW/LOT/LSPM_J0419+4233/2020-11-18/LSPM_J0419+4233-20201118@135712-Eden.fits (131/489)
Storing /home/altsai/eden/LOT20201118_LSPM_J0419+4233_mod/LSPM_J0419+4233-20201118@135828-Eden.fts -> s3://eden-data/RAW/LOT/LSPM_J0419+4233/2020-11-18/LSPM_J0419+4233-20201118@135828-Eden.fits (132/489)
Storing /home/altsai/eden/LOT20201118_LSPM_J0419+4233_mod/LSPM_J0419+4233-20201118@135945-Eden.fts -> s3://eden-data/RAW/LOT/LSPM_J0419+4233/2020-11-18/LSPM_J0419+4233-20201118@135945-Eden.fits (133/489)
Storing /home/altsai/eden/LOT20201118_LSPM_J0419+4233_mod/LSPM_J0419+4233-20201118@140058-Eden.fts -> s3://eden-data/RAW/LOT/LSPM_J0419+4233/2020-11-18/LSPM_J0419+4233-20201118@140058-Eden.fits (134/489)
Storing /home/altsai/eden/LOT20201118_LSPM_J0419+4233_mod/LSPM_J0419+4233-20201118@140214-Eden.fts -> s3://eden-data/RAW/LOT/LSPM_J0419+4233/2020-11-18/LSPM_J0419+4233-20201118@140214-Eden.fits (135/489)
Storing /home/altsai/eden/LOT20201118_LSPM_J0419+4233_mod/LSPM_J0419+4233-20201118@140329-Eden.fts -> s3://eden-data/RAW/LOT/LSPM_J0419+4233/2020-11-18/LSPM_J0419+4233-20201118@140329-Eden.fits (136/489)
Storing /home/altsai/eden/LOT20201118_LSPM_J0419+4233_mod/LSPM_J0419+4233-20201118@140443-Eden.fts -> s3://eden-data/RAW/LOT/LSPM_J0419+4233/2020-11-18/LSPM_J0419+4233-20201118@140443-Eden.fits (137/489)
Storing /home/altsai/eden/LOT20201118_LSPM_J0419+4233_mod/LSPM_J0419+4233-20201118@140559-Eden.fts -> s3://eden-data/RAW/LOT/LSPM_J0419+4233/2020-11-18/LSPM_J0419+4233-20201118@140559-Eden.fits (138/489)
Storing /home/altsai/eden/LOT20201118_LSPM_J0419+4233_mod/LSPM_J0419+4233-20201118@140715-Eden.fts -> s3://eden-data/RAW/LOT/LSPM_J0419+4233/2020-11-18/LSPM_J0419+4233-20201118@140715-Eden.fits (139/489)
Storing /home/altsai/eden/LOT20201118_LSPM_J0419+4233_mod/LSPM_J0419+4233-20201118@140829-Eden.fts -> s3://eden-data/RAW/LOT/LSPM_J0419+4233/2020-11-18/LSPM_J0419+4233-20201118@140829-Eden.fits (140/489)
Storing /home/altsai/eden/LOT20201118_LSPM_J0419+4233_mod/LSPM_J0419+4233-20201118@140945-Eden.fts -> s3://eden-data/RAW/LOT/LSPM_J0419+4233/2020-11-18/LSPM_J0419+4233-20201118@140945-Eden.fits (141/489)
Storing /home/altsai/eden/LOT20201118_LSPM_J0419+4233_mod/LSPM_J0419+4233-20201118@141102-Eden.fts -> s3://eden-data/RAW/LOT/LSPM_J0419+4233/2020-11-18/LSPM_J0419+4233-20201118@141102-Eden.fits (142/489)
Storing /home/altsai/eden/LOT20201118_LSPM_J0419+4233_mod/LSPM_J0419+4233-20201118@141218-Eden.fts -> s3://eden-data/RAW/LOT/LSPM_J0419+4233/2020-11-18/LSPM_J0419+4233-20201118@141218-Eden.fits (143/489)
Storing /home/altsai/eden/LOT20201118_LSPM_J0419+4233_mod/LSPM_J0419+4233-20201118@141333-Eden.fts -> s3://eden-data/RAW/LOT/LSPM_J0419+4233/2020-11-18/LSPM_J0419+4233-20201118@141333-Eden.fits (144/489)
Storing /home/altsai/eden/LOT20201118_LSPM_J0419+4233_mod/LSPM_J0419+4233-20201118@141449-Eden.fts -> s3://eden-data/RAW/LOT/LSPM_J0419+4233/2020-11-18/LSPM_J0419+4233-20201118@141449-Eden.fits (145/489)
Storing /home/altsai/eden/LOT20201118_LSPM_J0419+4233_mod/LSPM_J0419+4233-20201118@141603-Eden.fts -> s3://eden-data/RAW/LOT/LSPM_J0419+4233/2020-11-18/LSPM_J0419+4233-20201118@141603-Eden.fits (146/489)
Storing /home/altsai/eden/LOT20201118_LSPM_J0419+4233_mod/LSPM_J0419+4233-20201118@141718-Eden.fts -> s3://eden-data/RAW/LOT/LSPM_J0419+4233/2020-11-18/LSPM_J0419+4233-20201118@141718-Eden.fits (147/489)
Storing /home/altsai/eden/LOT20201118_LSPM_J0419+4233_mod/LSPM_J0419+4233-20201118@141834-Eden.fts -> s3://eden-data/RAW/LOT/LSPM_J0419+4233/2020-11-18/LSPM_J0419+4233-20201118@141834-Eden.fits (148/489)
Storing /home/altsai/eden/LOT20201118_LSPM_J0419+4233_mod/LSPM_J0419+4233-20201118@141947-Eden.fts -> s3://eden-data/RAW/LOT/LSPM_J0419+4233/2020-11-18/LSPM_J0419+4233-20201118@141947-Eden.fits (149/489)
Storing /home/altsai/eden/LOT20201118_LSPM_J0419+4233_mod/LSPM_J0419+4233-20201118@142103-Eden.fts -> s3://eden-data/RAW/LOT/LSPM_J0419+4233/2020-11-18/LSPM_J0419+4233-20201118@142103-Eden.fits (150/489)
Storing /home/altsai/eden/LOT20201118_LSPM_J0419+4233_mod/LSPM_J0419+4233-20201118@142219-Eden.fts -> s3://eden-data/RAW/LOT/LSPM_J0419+4233/2020-11-18/LSPM_J0419+4233-20201118@142219-Eden.fits (151/489)
Storing /home/altsai/eden/LOT20201118_LSPM_J0419+4233_mod/LSPM_J0419+4233-20201118@142335-Eden.fts -> s3://eden-data/RAW/LOT/LSPM_J0419+4233/2020-11-18/LSPM_J0419+4233-20201118@142335-Eden.fits (152/489)
Storing /home/altsai/eden/LOT20201118_LSPM_J0419+4233_mod/LSPM_J0419+4233-20201118@142450-Eden.fts -> s3://eden-data/RAW/LOT/LSPM_J0419+4233/2020-11-18/LSPM_J0419+4233-20201118@142450-Eden.fits (153/489)
Storing /home/altsai/eden/LOT20201118_LSPM_J0419+4233_mod/LSPM_J0419+4233-20201118@142607-Eden.fts -> s3://eden-data/RAW/LOT/LSPM_J0419+4233/2020-11-18/LSPM_J0419+4233-20201118@142607-Eden.fits (154/489)
Storing /home/altsai/eden/LOT20201118_LSPM_J0419+4233_mod/LSPM_J0419+4233-20201118@142724-Eden.fts -> s3://eden-data/RAW/LOT/LSPM_J0419+4233/2020-11-18/LSPM_J0419+4233-20201118@142724-Eden.fits (155/489)
Storing /home/altsai/eden/LOT20201118_LSPM_J0419+4233_mod/LSPM_J0419+4233-20201118@142839-Eden.fts -> s3://eden-data/RAW/LOT/LSPM_J0419+4233/2020-11-18/LSPM_J0419+4233-20201118@142839-Eden.fits (156/489)
Storing /home/altsai/eden/LOT20201118_LSPM_J0419+4233_mod/LSPM_J0419+4233-20201118@142954-Eden.fts -> s3://eden-data/RAW/LOT/LSPM_J0419+4233/2020-11-18/LSPM_J0419+4233-20201118@142954-Eden.fits (157/489)
Storing /home/altsai/eden/LOT20201118_LSPM_J0419+4233_mod/LSPM_J0419+4233-20201118@143109-Eden.fts -> s3://eden-data/RAW/LOT/LSPM_J0419+4233/2020-11-18/LSPM_J0419+4233-20201118@143109-Eden.fits (158/489)
Storing /home/altsai/eden/LOT20201118_LSPM_J0419+4233_mod/LSPM_J0419+4233-20201118@143225-Eden.fts -> s3://eden-data/RAW/LOT/LSPM_J0419+4233/2020-11-18/LSPM_J0419+4233-20201118@143225-Eden.fits (159/489)
Storing /home/altsai/eden/LOT20201118_LSPM_J0419+4233_mod/LSPM_J0419+4233-20201118@143341-Eden.fts -> s3://eden-data/RAW/LOT/LSPM_J0419+4233/2020-11-18/LSPM_J0419+4233-20201118@143341-Eden.fits (160/489)
Storing /home/altsai/eden/LOT20201118_LSPM_J0419+4233_mod/LSPM_J0419+4233-20201118@143500-Eden.fts -> s3://eden-data/RAW/LOT/LSPM_J0419+4233/2020-11-18/LSPM_J0419+4233-20201118@143500-Eden.fits (161/489)
Storing /home/altsai/eden/LOT20201118_LSPM_J0419+4233_mod/LSPM_J0419+4233-20201118@143615-Eden.fts -> s3://eden-data/RAW/LOT/LSPM_J0419+4233/2020-11-18/LSPM_J0419+4233-20201118@143615-Eden.fits (162/489)
Storing /home/altsai/eden/LOT20201118_LSPM_J0419+4233_mod/LSPM_J0419+4233-20201118@143732-Eden.fts -> s3://eden-data/RAW/LOT/LSPM_J0419+4233/2020-11-18/LSPM_J0419+4233-20201118@143732-Eden.fits (163/489)
Storing /home/altsai/eden/LOT20201118_LSPM_J0419+4233_mod/LSPM_J0419+4233-20201118@143847-Eden.fts -> s3://eden-data/RAW/LOT/LSPM_J0419+4233/2020-11-18/LSPM_J0419+4233-20201118@143847-Eden.fits (164/489)
Storing /home/altsai/eden/LOT20201118_LSPM_J0419+4233_mod/LSPM_J0419+4233-20201118@144003-Eden.fts -> s3://eden-data/RAW/LOT/LSPM_J0419+4233/2020-11-18/LSPM_J0419+4233-20201118@144003-Eden.fits (165/489)
Storing /home/altsai/eden/LOT20201118_LSPM_J0419+4233_mod/LSPM_J0419+4233-20201118@144119-Eden.fts -> s3://eden-data/RAW/LOT/LSPM_J0419+4233/2020-11-18/LSPM_J0419+4233-20201118@144119-Eden.fits (166/489)
Storing /home/altsai/eden/LOT20201118_LSPM_J0419+4233_mod/LSPM_J0419+4233-20201118@144234-Eden.fts -> s3://eden-data/RAW/LOT/LSPM_J0419+4233/2020-11-18/LSPM_J0419+4233-20201118@144234-Eden.fits (167/489)
Storing /home/altsai/eden/LOT20201118_LSPM_J0419+4233_mod/LSPM_J0419+4233-20201118@144351-Eden.fts -> s3://eden-data/RAW/LOT/LSPM_J0419+4233/2020-11-18/LSPM_J0419+4233-20201118@144351-Eden.fits (168/489)
Storing /home/altsai/eden/LOT20201118_LSPM_J0419+4233_mod/LSPM_J0419+4233-20201118@144506-Eden.fts -> s3://eden-data/RAW/LOT/LSPM_J0419+4233/2020-11-18/LSPM_J0419+4233-20201118@144506-Eden.fits (169/489)
Storing /home/altsai/eden/LOT20201118_LSPM_J0419+4233_mod/LSPM_J0419+4233-20201118@144620-Eden.fts -> s3://eden-data/RAW/LOT/LSPM_J0419+4233/2020-11-18/LSPM_J0419+4233-20201118@144620-Eden.fits (170/489)
Storing /home/altsai/eden/LOT20201118_LSPM_J0419+4233_mod/LSPM_J0419+4233-20201118@144737-Eden.fts -> s3://eden-data/RAW/LOT/LSPM_J0419+4233/2020-11-18/LSPM_J0419+4233-20201118@144737-Eden.fits (171/489)
Storing /home/altsai/eden/LOT20201118_LSPM_J0419+4233_mod/LSPM_J0419+4233-20201118@144853-Eden.fts -> s3://eden-data/RAW/LOT/LSPM_J0419+4233/2020-11-18/LSPM_J0419+4233-20201118@144853-Eden.fits (172/489)
Storing /home/altsai/eden/LOT20201118_LSPM_J0419+4233_mod/LSPM_J0419+4233-20201118@145009-Eden.fts -> s3://eden-data/RAW/LOT/LSPM_J0419+4233/2020-11-18/LSPM_J0419+4233-20201118@145009-Eden.fits (173/489)
Storing /home/altsai/eden/LOT20201118_LSPM_J0419+4233_mod/LSPM_J0419+4233-20201118@145129-Eden.fts -> s3://eden-data/RAW/LOT/LSPM_J0419+4233/2020-11-18/LSPM_J0419+4233-20201118@145129-Eden.fits (174/489)
Storing /home/altsai/eden/LOT20201118_LSPM_J0419+4233_mod/LSPM_J0419+4233-20201118@145245-Eden.fts -> s3://eden-data/RAW/LOT/LSPM_J0419+4233/2020-11-18/LSPM_J0419+4233-20201118@145245-Eden.fits (175/489)
Storing /home/altsai/eden/LOT20201118_LSPM_J0419+4233_mod/LSPM_J0419+4233-20201118@145402-Eden.fts -> s3://eden-data/RAW/LOT/LSPM_J0419+4233/2020-11-18/LSPM_J0419+4233-20201118@145402-Eden.fits (176/489)
Storing /home/altsai/eden/LOT20201118_LSPM_J0419+4233_mod/LSPM_J0419+4233-20201118@145517-Eden.fts -> s3://eden-data/RAW/LOT/LSPM_J0419+4233/2020-11-18/LSPM_J0419+4233-20201118@145517-Eden.fits (177/489)
Storing /home/altsai/eden/LOT20201118_LSPM_J0419+4233_mod/LSPM_J0419+4233-20201118@145632-Eden.fts -> s3://eden-data/RAW/LOT/LSPM_J0419+4233/2020-11-18/LSPM_J0419+4233-20201118@145632-Eden.fits (178/489)
Storing /home/altsai/eden/LOT20201118_LSPM_J0419+4233_mod/LSPM_J0419+4233-20201118@145748-Eden.fts -> s3://eden-data/RAW/LOT/LSPM_J0419+4233/2020-11-18/LSPM_J0419+4233-20201118@145748-Eden.fits (179/489)
Storing /home/altsai/eden/LOT20201118_LSPM_J0419+4233_mod/LSPM_J0419+4233-20201118@145904-Eden.fts -> s3://eden-data/RAW/LOT/LSPM_J0419+4233/2020-11-18/LSPM_J0419+4233-20201118@145904-Eden.fits (180/489)
Storing /home/altsai/eden/LOT20201118_LSPM_J0419+4233_mod/LSPM_J0419+4233-20201118@150019-Eden.fts -> s3://eden-data/RAW/LOT/LSPM_J0419+4233/2020-11-18/LSPM_J0419+4233-20201118@150019-Eden.fits (181/489)
Storing /home/altsai/eden/LOT20201118_LSPM_J0419+4233_mod/LSPM_J0419+4233-20201118@150133-Eden.fts -> s3://eden-data/RAW/LOT/LSPM_J0419+4233/2020-11-18/LSPM_J0419+4233-20201118@150133-Eden.fits (182/489)
Storing /home/altsai/eden/LOT20201118_LSPM_J0419+4233_mod/LSPM_J0419+4233-20201118@150247-Eden.fts -> s3://eden-data/RAW/LOT/LSPM_J0419+4233/2020-11-18/LSPM_J0419+4233-20201118@150247-Eden.fits (183/489)
Storing /home/altsai/eden/LOT20201118_LSPM_J0419+4233_mod/LSPM_J0419+4233-20201118@150403-Eden.fts -> s3://eden-data/RAW/LOT/LSPM_J0419+4233/2020-11-18/LSPM_J0419+4233-20201118@150403-Eden.fits (184/489)
Storing /home/altsai/eden/LOT20201118_LSPM_J0419+4233_mod/LSPM_J0419+4233-20201118@150520-Eden.fts -> s3://eden-data/RAW/LOT/LSPM_J0419+4233/2020-11-18/LSPM_J0419+4233-20201118@150520-Eden.fits (185/489)
Storing /home/altsai/eden/LOT20201118_LSPM_J0419+4233_mod/LSPM_J0419+4233-20201118@150635-Eden.fts -> s3://eden-data/RAW/LOT/LSPM_J0419+4233/2020-11-18/LSPM_J0419+4233-20201118@150635-Eden.fits (186/489)
Storing /home/altsai/eden/LOT20201118_LSPM_J0419+4233_mod/LSPM_J0419+4233-20201118@150749-Eden.fts -> s3://eden-data/RAW/LOT/LSPM_J0419+4233/2020-11-18/LSPM_J0419+4233-20201118@150749-Eden.fits (187/489)
Storing /home/altsai/eden/LOT20201118_LSPM_J0419+4233_mod/LSPM_J0419+4233-20201118@150905-Eden.fts -> s3://eden-data/RAW/LOT/LSPM_J0419+4233/2020-11-18/LSPM_J0419+4233-20201118@150905-Eden.fits (188/489)
Storing /home/altsai/eden/LOT20201118_LSPM_J0419+4233_mod/LSPM_J0419+4233-20201118@151020-Eden.fts -> s3://eden-data/RAW/LOT/LSPM_J0419+4233/2020-11-18/LSPM_J0419+4233-20201118@151020-Eden.fits (189/489)
Storing /home/altsai/eden/LOT20201118_LSPM_J0419+4233_mod/LSPM_J0419+4233-20201118@151136-Eden.fts -> s3://eden-data/RAW/LOT/LSPM_J0419+4233/2020-11-18/LSPM_J0419+4233-20201118@151136-Eden.fits (190/489)
Storing /home/altsai/eden/LOT20201118_LSPM_J0419+4233_mod/LSPM_J0419+4233-20201118@151252-Eden.fts -> s3://eden-data/RAW/LOT/LSPM_J0419+4233/2020-11-18/LSPM_J0419+4233-20201118@151252-Eden.fits (191/489)
Storing /home/altsai/eden/LOT20201118_LSPM_J0419+4233_mod/LSPM_J0419+4233-20201118@151406-Eden.fts -> s3://eden-data/RAW/LOT/LSPM_J0419+4233/2020-11-18/LSPM_J0419+4233-20201118@151406-Eden.fits (192/489)
Storing /home/altsai/eden/LOT20201118_LSPM_J0419+4233_mod/LSPM_J0419+4233-20201118@151521-Eden.fts -> s3://eden-data/RAW/LOT/LSPM_J0419+4233/2020-11-18/LSPM_J0419+4233-20201118@151521-Eden.fits (193/489)
Storing /home/altsai/eden/LOT20201118_LSPM_J0419+4233_mod/LSPM_J0419+4233-20201118@151638-Eden.fts -> s3://eden-data/RAW/LOT/LSPM_J0419+4233/2020-11-18/LSPM_J0419+4233-20201118@151638-Eden.fits (194/489)
Storing /home/altsai/eden/LOT20201118_LSPM_J0419+4233_mod/LSPM_J0419+4233-20201118@151752-Eden.fts -> s3://eden-data/RAW/LOT/LSPM_J0419+4233/2020-11-18/LSPM_J0419+4233-20201118@151752-Eden.fits (195/489)
Storing /home/altsai/eden/LOT20201118_LSPM_J0419+4233_mod/LSPM_J0419+4233-20201118@151907-Eden.fts -> s3://eden-data/RAW/LOT/LSPM_J0419+4233/2020-11-18/LSPM_J0419+4233-20201118@151907-Eden.fits (196/489)
Storing /home/altsai/eden/LOT20201118_LSPM_J0419+4233_mod/LSPM_J0419+4233-20201118@152022-Eden.fts -> s3://eden-data/RAW/LOT/LSPM_J0419+4233/2020-11-18/LSPM_J0419+4233-20201118@152022-Eden.fits (197/489)
Storing /home/altsai/eden/LOT20201118_LSPM_J0419+4233_mod/LSPM_J0419+4233-20201118@152137-Eden.fts -> s3://eden-data/RAW/LOT/LSPM_J0419+4233/2020-11-18/LSPM_J0419+4233-20201118@152137-Eden.fits (198/489)
Storing /home/altsai/eden/LOT20201118_LSPM_J0419+4233_mod/LSPM_J0419+4233-20201118@152252-Eden.fts -> s3://eden-data/RAW/LOT/LSPM_J0419+4233/2020-11-18/LSPM_J0419+4233-20201118@152252-Eden.fits (199/489)
Storing /home/altsai/eden/LOT20201118_LSPM_J0419+4233_mod/LSPM_J0419+4233-20201118@152408-Eden.fts -> s3://eden-data/RAW/LOT/LSPM_J0419+4233/2020-11-18/LSPM_J0419+4233-20201118@152408-Eden.fits (200/489)
Storing /home/altsai/eden/LOT20201118_LSPM_J0419+4233_mod/LSPM_J0419+4233-20201118@152523-Eden.fts -> s3://eden-data/RAW/LOT/LSPM_J0419+4233/2020-11-18/LSPM_J0419+4233-20201118@152523-Eden.fits (201/489)
Storing /home/altsai/eden/LOT20201118_LSPM_J0419+4233_mod/LSPM_J0419+4233-20201118@152638-Eden.fts -> s3://eden-data/RAW/LOT/LSPM_J0419+4233/2020-11-18/LSPM_J0419+4233-20201118@152638-Eden.fits (202/489)
Storing /home/altsai/eden/LOT20201118_LSPM_J0419+4233_mod/LSPM_J0419+4233-20201118@152753-Eden.fts -> s3://eden-data/RAW/LOT/LSPM_J0419+4233/2020-11-18/LSPM_J0419+4233-20201118@152753-Eden.fits (203/489)
Storing /home/altsai/eden/LOT20201118_LSPM_J0419+4233_mod/LSPM_J0419+4233-20201118@152907-Eden.fts -> s3://eden-data/RAW/LOT/LSPM_J0419+4233/2020-11-18/LSPM_J0419+4233-20201118@152907-Eden.fits (204/489)
Storing /home/altsai/eden/LOT20201118_LSPM_J0419+4233_mod/LSPM_J0419+4233-20201118@153022-Eden.fts -> s3://eden-data/RAW/LOT/LSPM_J0419+4233/2020-11-18/LSPM_J0419+4233-20201118@153022-Eden.fits (205/489)
Storing /home/altsai/eden/LOT20201118_LSPM_J0419+4233_mod/LSPM_J0419+4233-20201118@153136-Eden.fts -> s3://eden-data/RAW/LOT/LSPM_J0419+4233/2020-11-18/LSPM_J0419+4233-20201118@153136-Eden.fits (206/489)
Storing /home/altsai/eden/LOT20201118_LSPM_J0419+4233_mod/LSPM_J0419+4233-20201118@153252-Eden.fts -> s3://eden-data/RAW/LOT/LSPM_J0419+4233/2020-11-18/LSPM_J0419+4233-20201118@153252-Eden.fits (207/489)
Storing /home/altsai/eden/LOT20201118_LSPM_J0419+4233_mod/LSPM_J0419+4233-20201118@153408-Eden.fts -> s3://eden-data/RAW/LOT/LSPM_J0419+4233/2020-11-18/LSPM_J0419+4233-20201118@153408-Eden.fits (208/489)
Storing /home/altsai/eden/LOT20201118_LSPM_J0419+4233_mod/LSPM_J0419+4233-20201118@153522-Eden.fts -> s3://eden-data/RAW/LOT/LSPM_J0419+4233/2020-11-18/LSPM_J0419+4233-20201118@153522-Eden.fits (209/489)
Storing /home/altsai/eden/LOT20201118_LSPM_J0419+4233_mod/LSPM_J0419+4233-20201118@153636-Eden.fts -> s3://eden-data/RAW/LOT/LSPM_J0419+4233/2020-11-18/LSPM_J0419+4233-20201118@153636-Eden.fits (210/489)
Storing /home/altsai/eden/LOT20201118_LSPM_J0419+4233_mod/LSPM_J0419+4233-20201118@153753-Eden.fts -> s3://eden-data/RAW/LOT/LSPM_J0419+4233/2020-11-18/LSPM_J0419+4233-20201118@153753-Eden.fits (211/489)
Storing /home/altsai/eden/LOT20201118_LSPM_J0419+4233_mod/LSPM_J0419+4233-20201118@153910-Eden.fts -> s3://eden-data/RAW/LOT/LSPM_J0419+4233/2020-11-18/LSPM_J0419+4233-20201118@153910-Eden.fits (212/489)
Storing /home/altsai/eden/LOT20201118_LSPM_J0419+4233_mod/LSPM_J0419+4233-20201118@154025-Eden.fts -> s3://eden-data/RAW/LOT/LSPM_J0419+4233/2020-11-18/LSPM_J0419+4233-20201118@154025-Eden.fits (213/489)
Storing /home/altsai/eden/LOT20201118_LSPM_J0419+4233_mod/LSPM_J0419+4233-20201118@154139-Eden.fts -> s3://eden-data/RAW/LOT/LSPM_J0419+4233/2020-11-18/LSPM_J0419+4233-20201118@154139-Eden.fits (214/489)
Storing /home/altsai/eden/LOT20201118_LSPM_J0419+4233_mod/LSPM_J0419+4233-20201118@154254-Eden.fts -> s3://eden-data/RAW/LOT/LSPM_J0419+4233/2020-11-18/LSPM_J0419+4233-20201118@154254-Eden.fits (215/489)
Storing /home/altsai/eden/LOT20201118_LSPM_J0419+4233_mod/LSPM_J0419+4233-20201118@154409-Eden.fts -> s3://eden-data/RAW/LOT/LSPM_J0419+4233/2020-11-18/LSPM_J0419+4233-20201118@154409-Eden.fits (216/489)
Storing /home/altsai/eden/LOT20201118_LSPM_J0419+4233_mod/LSPM_J0419+4233-20201118@154524-Eden.fts -> s3://eden-data/RAW/LOT/LSPM_J0419+4233/2020-11-18/LSPM_J0419+4233-20201118@154524-Eden.fits (217/489)
Storing /home/altsai/eden/LOT20201118_LSPM_J0419+4233_mod/LSPM_J0419+4233-20201118@154638-Eden.fts -> s3://eden-data/RAW/LOT/LSPM_J0419+4233/2020-11-18/LSPM_J0419+4233-20201118@154638-Eden.fits (218/489)
Storing /home/altsai/eden/LOT20201118_LSPM_J0419+4233_mod/LSPM_J0419+4233-20201118@154752-Eden.fts -> s3://eden-data/RAW/LOT/LSPM_J0419+4233/2020-11-18/LSPM_J0419+4233-20201118@154752-Eden.fits (219/489)
Storing /home/altsai/eden/LOT20201118_LSPM_J0419+4233_mod/LSPM_J0419+4233-20201118@154907-Eden.fts -> s3://eden-data/RAW/LOT/LSPM_J0419+4233/2020-11-18/LSPM_J0419+4233-20201118@154907-Eden.fits (220/489)
Storing /home/altsai/eden/LOT20201118_LSPM_J0419+4233_mod/LSPM_J0419+4233-20201118@155021-Eden.fts -> s3://eden-data/RAW/LOT/LSPM_J0419+4233/2020-11-18/LSPM_J0419+4233-20201118@155021-Eden.fits (221/489)
Storing /home/altsai/eden/LOT20201118_LSPM_J0419+4233_mod/LSPM_J0419+4233-20201118@155135-Eden.fts -> s3://eden-data/RAW/LOT/LSPM_J0419+4233/2020-11-18/LSPM_J0419+4233-20201118@155135-Eden.fits (222/489)
Storing /home/altsai/eden/LOT20201118_LSPM_J0419+4233_mod/LSPM_J0419+4233-20201118@155249-Eden.fts -> s3://eden-data/RAW/LOT/LSPM_J0419+4233/2020-11-18/LSPM_J0419+4233-20201118@155249-Eden.fits (223/489)
Storing /home/altsai/eden/LOT20201118_LSPM_J0419+4233_mod/LSPM_J0419+4233-20201118@155405-Eden.fts -> s3://eden-data/RAW/LOT/LSPM_J0419+4233/2020-11-18/LSPM_J0419+4233-20201118@155405-Eden.fits (224/489)
Storing /home/altsai/eden/LOT20201118_LSPM_J0419+4233_mod/LSPM_J0419+4233-20201118@155522-Eden.fts -> s3://eden-data/RAW/LOT/LSPM_J0419+4233/2020-11-18/LSPM_J0419+4233-20201118@155522-Eden.fits (225/489)
Storing /home/altsai/eden/LOT20201118_LSPM_J0419+4233_mod/LSPM_J0419+4233-20201118@155636-Eden.fts -> s3://eden-data/RAW/LOT/LSPM_J0419+4233/2020-11-18/LSPM_J0419+4233-20201118@155636-Eden.fits (226/489)
Storing /home/altsai/eden/LOT20201118_LSPM_J0419+4233_mod/LSPM_J0419+4233-20201118@155752-Eden.fts -> s3://eden-data/RAW/LOT/LSPM_J0419+4233/2020-11-18/LSPM_J0419+4233-20201118@155752-Eden.fits (227/489)
Storing /home/altsai/eden/LOT20201118_LSPM_J0419+4233_mod/LSPM_J0419+4233-20201118@155908-Eden.fts -> s3://eden-data/RAW/LOT/LSPM_J0419+4233/2020-11-18/LSPM_J0419+4233-20201118@155908-Eden.fits (228/489)
Storing /home/altsai/eden/LOT20201118_LSPM_J0419+4233_mod/LSPM_J0419+4233-20201118@160024-Eden.fts -> s3://eden-data/RAW/LOT/LSPM_J0419+4233/2020-11-18/LSPM_J0419+4233-20201118@160024-Eden.fits (229/489)
Storing /home/altsai/eden/LOT20201118_LSPM_J0419+4233_mod/LSPM_J0419+4233-20201118@160140-Eden.fts -> s3://eden-data/RAW/LOT/LSPM_J0419+4233/2020-11-18/LSPM_J0419+4233-20201118@160140-Eden.fits (230/489)
Storing /home/altsai/eden/LOT20201118_LSPM_J0419+4233_mod/LSPM_J0419+4233-20201118@160258-Eden.fts -> s3://eden-data/RAW/LOT/LSPM_J0419+4233/2020-11-18/LSPM_J0419+4233-20201118@160258-Eden.fits (231/489)
Storing /home/altsai/eden/LOT20201118_LSPM_J0419+4233_mod/LSPM_J0419+4233-20201118@160412-Eden.fts -> s3://eden-data/RAW/LOT/LSPM_J0419+4233/2020-11-18/LSPM_J0419+4233-20201118@160412-Eden.fits (232/489)
Storing /home/altsai/eden/LOT20201118_LSPM_J0419+4233_mod/LSPM_J0419+4233-20201118@160528-Eden.fts -> s3://eden-data/RAW/LOT/LSPM_J0419+4233/2020-11-18/LSPM_J0419+4233-20201118@160528-Eden.fits (233/489)
Storing /home/altsai/eden/LOT20201118_LSPM_J0419+4233_mod/LSPM_J0419+4233-20201118@160645-Eden.fts -> s3://eden-data/RAW/LOT/LSPM_J0419+4233/2020-11-18/LSPM_J0419+4233-20201118@160645-Eden.fits (234/489)
Storing /home/altsai/eden/LOT20201118_LSPM_J0419+4233_mod/LSPM_J0419+4233-20201118@160802-Eden.fts -> s3://eden-data/RAW/LOT/LSPM_J0419+4233/2020-11-18/LSPM_J0419+4233-20201118@160802-Eden.fits (235/489)
Storing /home/altsai/eden/LOT20201118_LSPM_J0419+4233_mod/LSPM_J0419+4233-20201118@160920-Eden.fts -> s3://eden-data/RAW/LOT/LSPM_J0419+4233/2020-11-18/LSPM_J0419+4233-20201118@160920-Eden.fits (236/489)
Storing /home/altsai/eden/LOT20201118_LSPM_J0419+4233_mod/LSPM_J0419+4233-20201118@161036-Eden.fts -> s3://eden-data/RAW/LOT/LSPM_J0419+4233/2020-11-18/LSPM_J0419+4233-20201118@161036-Eden.fits (237/489)
Storing /home/altsai/eden/LOT20201118_LSPM_J0419+4233_mod/LSPM_J0419+4233-20201118@161155-Eden.fts -> s3://eden-data/RAW/LOT/LSPM_J0419+4233/2020-11-18/LSPM_J0419+4233-20201118@161155-Eden.fits (238/489)
Storing /home/altsai/eden/LOT20201118_LSPM_J0419+4233_mod/LSPM_J0419+4233-20201118@161309-Eden.fts -> s3://eden-data/RAW/LOT/LSPM_J0419+4233/2020-11-18/LSPM_J0419+4233-20201118@161309-Eden.fits (239/489)
Storing /home/altsai/eden/LOT20201118_LSPM_J0419+4233_mod/LSPM_J0419+4233-20201118@161425-Eden.fts -> s3://eden-data/RAW/LOT/LSPM_J0419+4233/2020-11-18/LSPM_J0419+4233-20201118@161425-Eden.fits (240/489)
Storing /home/altsai/eden/LOT20201118_LSPM_J0419+4233_mod/LSPM_J0419+4233-20201118@161540-Eden.fts -> s3://eden-data/RAW/LOT/LSPM_J0419+4233/2020-11-18/LSPM_J0419+4233-20201118@161540-Eden.fits (241/489)
Storing /home/altsai/eden/LOT20201118_LSPM_J0419+4233_mod/LSPM_J0419+4233-20201118@161655-Eden.fts -> s3://eden-data/RAW/LOT/LSPM_J0419+4233/2020-11-18/LSPM_J0419+4233-20201118@161655-Eden.fits (242/489)
Storing /home/altsai/eden/LOT20201118_LSPM_J0419+4233_mod/LSPM_J0419+4233-20201118@161810-Eden.fts -> s3://eden-data/RAW/LOT/LSPM_J0419+4233/2020-11-18/LSPM_J0419+4233-20201118@161810-Eden.fits (243/489)
Storing /home/altsai/eden/LOT20201118_LSPM_J0419+4233_mod/LSPM_J0419+4233-20201118@161925-Eden.fts -> s3://eden-data/RAW/LOT/LSPM_J0419+4233/2020-11-18/LSPM_J0419+4233-20201118@161925-Eden.fits (244/489)
Storing /home/altsai/eden/LOT20201118_LSPM_J0419+4233_mod/LSPM_J0419+4233-20201118@162042-Eden.fts -> s3://eden-data/RAW/LOT/LSPM_J0419+4233/2020-11-18/LSPM_J0419+4233-20201118@162042-Eden.fits (245/489)
Storing /home/altsai/eden/LOT20201118_LSPM_J0419+4233_mod/LSPM_J0419+4233-20201118@162158-Eden.fts -> s3://eden-data/RAW/LOT/LSPM_J0419+4233/2020-11-18/LSPM_J0419+4233-20201118@162158-Eden.fits (246/489)
Storing /home/altsai/eden/LOT20201118_LSPM_J0419+4233_mod/LSPM_J0419+4233-20201118@162314-Eden.fts -> s3://eden-data/RAW/LOT/LSPM_J0419+4233/2020-11-18/LSPM_J0419+4233-20201118@162314-Eden.fits (247/489)
Storing /home/altsai/eden/LOT20201118_LSPM_J0419+4233_mod/LSPM_J0419+4233-20201118@162430-Eden.fts -> s3://eden-data/RAW/LOT/LSPM_J0419+4233/2020-11-18/LSPM_J0419+4233-20201118@162430-Eden.fits (248/489)
Storing /home/altsai/eden/LOT20201118_LSPM_J0419+4233_mod/LSPM_J0419+4233-20201118@162546-Eden.fts -> s3://eden-data/RAW/LOT/LSPM_J0419+4233/2020-11-18/LSPM_J0419+4233-20201118@162546-Eden.fits (249/489)
Storing /home/altsai/eden/LOT20201118_LSPM_J0419+4233_mod/LSPM_J0419+4233-20201118@162702-Eden.fts -> s3://eden-data/RAW/LOT/LSPM_J0419+4233/2020-11-18/LSPM_J0419+4233-20201118@162702-Eden.fits (250/489)
Storing /home/altsai/eden/LOT20201118_LSPM_J0419+4233_mod/LSPM_J0419+4233-20201118@162819-Eden.fts -> s3://eden-data/RAW/LOT/LSPM_J0419+4233/2020-11-18/LSPM_J0419+4233-20201118@162819-Eden.fits (251/489)
Storing /home/altsai/eden/LOT20201118_LSPM_J0419+4233_mod/LSPM_J0419+4233-20201118@162934-Eden.fts -> s3://eden-data/RAW/LOT/LSPM_J0419+4233/2020-11-18/LSPM_J0419+4233-20201118@162934-Eden.fits (252/489)
Storing /home/altsai/eden/LOT20201118_LSPM_J0419+4233_mod/LSPM_J0419+4233-20201118@163050-Eden.fts -> s3://eden-data/RAW/LOT/LSPM_J0419+4233/2020-11-18/LSPM_J0419+4233-20201118@163050-Eden.fits (253/489)
Storing /home/altsai/eden/LOT20201118_LSPM_J0419+4233_mod/LSPM_J0419+4233-20201118@163206-Eden.fts -> s3://eden-data/RAW/LOT/LSPM_J0419+4233/2020-11-18/LSPM_J0419+4233-20201118@163206-Eden.fits (254/489)
Storing /home/altsai/eden/LOT20201118_LSPM_J0419+4233_mod/LSPM_J0419+4233-20201118@163324-Eden.fts -> s3://eden-data/RAW/LOT/LSPM_J0419+4233/2020-11-18/LSPM_J0419+4233-20201118@163324-Eden.fits (255/489)
Storing /home/altsai/eden/LOT20201118_LSPM_J0419+4233_mod/LSPM_J0419+4233-20201118@163440-Eden.fts -> s3://eden-data/RAW/LOT/LSPM_J0419+4233/2020-11-18/LSPM_J0419+4233-20201118@163440-Eden.fits (256/489)
Storing /home/altsai/eden/LOT20201118_LSPM_J0419+4233_mod/LSPM_J0419+4233-20201118@163556-Eden.fts -> s3://eden-data/RAW/LOT/LSPM_J0419+4233/2020-11-18/LSPM_J0419+4233-20201118@163556-Eden.fits (257/489)
Storing /home/altsai/eden/LOT20201118_LSPM_J0419+4233_mod/LSPM_J0419+4233-20201118@163710-Eden.fts -> s3://eden-data/RAW/LOT/LSPM_J0419+4233/2020-11-18/LSPM_J0419+4233-20201118@163710-Eden.fits (258/489)
Storing /home/altsai/eden/LOT20201118_LSPM_J0419+4233_mod/LSPM_J0419+4233-20201118@163824-Eden.fts -> s3://eden-data/RAW/LOT/LSPM_J0419+4233/2020-11-18/LSPM_J0419+4233-20201118@163824-Eden.fits (259/489)
Storing /home/altsai/eden/LOT20201118_LSPM_J0419+4233_mod/LSPM_J0419+4233-20201118@163939-Eden.fts -> s3://eden-data/RAW/LOT/LSPM_J0419+4233/2020-11-18/LSPM_J0419+4233-20201118@163939-Eden.fits (260/489)
Storing /home/altsai/eden/LOT20201118_LSPM_J0419+4233_mod/LSPM_J0419+4233-20201118@164054-Eden.fts -> s3://eden-data/RAW/LOT/LSPM_J0419+4233/2020-11-18/LSPM_J0419+4233-20201118@164054-Eden.fits (261/489)
Storing /home/altsai/eden/LOT20201118_LSPM_J0419+4233_mod/LSPM_J0419+4233-20201118@164209-Eden.fts -> s3://eden-data/RAW/LOT/LSPM_J0419+4233/2020-11-18/LSPM_J0419+4233-20201118@164209-Eden.fits (262/489)
Storing /home/altsai/eden/LOT20201118_LSPM_J0419+4233_mod/LSPM_J0419+4233-20201118@164325-Eden.fts -> s3://eden-data/RAW/LOT/LSPM_J0419+4233/2020-11-18/LSPM_J0419+4233-20201118@164325-Eden.fits (263/489)
Storing /home/altsai/eden/LOT20201118_LSPM_J0419+4233_mod/LSPM_J0419+4233-20201118@164441-Eden.fts -> s3://eden-data/RAW/LOT/LSPM_J0419+4233/2020-11-18/LSPM_J0419+4233-20201118@164441-Eden.fits (264/489)
Storing /home/altsai/eden/LOT20201118_LSPM_J0419+4233_mod/LSPM_J0419+4233-20201118@164556-Eden.fts -> s3://eden-data/RAW/LOT/LSPM_J0419+4233/2020-11-18/LSPM_J0419+4233-20201118@164556-Eden.fits (265/489)
Storing /home/altsai/eden/LOT20201118_LSPM_J0419+4233_mod/LSPM_J0419+4233-20201118@164712-Eden.fts -> s3://eden-data/RAW/LOT/LSPM_J0419+4233/2020-11-18/LSPM_J0419+4233-20201118@164712-Eden.fits (266/489)
Storing /home/altsai/eden/LOT20201118_LSPM_J0419+4233_mod/LSPM_J0419+4233-20201118@164826-Eden.fts -> s3://eden-data/RAW/LOT/LSPM_J0419+4233/2020-11-18/LSPM_J0419+4233-20201118@164826-Eden.fits (267/489)
Storing /home/altsai/eden/LOT20201118_LSPM_J0419+4233_mod/LSPM_J0419+4233-20201118@164943-Eden.fts -> s3://eden-data/RAW/LOT/LSPM_J0419+4233/2020-11-18/LSPM_J0419+4233-20201118@164943-Eden.fits (268/489)
Storing /home/altsai/eden/LOT20201118_LSPM_J0419+4233_mod/LSPM_J0419+4233-20201118@165058-Eden.fts -> s3://eden-data/RAW/LOT/LSPM_J0419+4233/2020-11-18/LSPM_J0419+4233-20201118@165058-Eden.fits (269/489)
Storing /home/altsai/eden/LOT20201118_LSPM_J0419+4233_mod/LSPM_J0419+4233-20201118@165212-Eden.fts -> s3://eden-data/RAW/LOT/LSPM_J0419+4233/2020-11-18/LSPM_J0419+4233-20201118@165212-Eden.fits (270/489)
Storing /home/altsai/eden/LOT20201118_LSPM_J0419+4233_mod/LSPM_J0419+4233-20201118@165327-Eden.fts -> s3://eden-data/RAW/LOT/LSPM_J0419+4233/2020-11-18/LSPM_J0419+4233-20201118@165327-Eden.fits (271/489)
Storing /home/altsai/eden/LOT20201118_LSPM_J0419+4233_mod/LSPM_J0419+4233-20201118@165443-Eden.fts -> s3://eden-data/RAW/LOT/LSPM_J0419+4233/2020-11-18/LSPM_J0419+4233-20201118@165443-Eden.fits (272/489)
Storing /home/altsai/eden/LOT20201118_LSPM_J0419+4233_mod/LSPM_J0419+4233-20201118@165601-Eden.fts -> s3://eden-data/RAW/LOT/LSPM_J0419+4233/2020-11-18/LSPM_J0419+4233-20201118@165601-Eden.fits (273/489)
Storing /home/altsai/eden/LOT20201118_LSPM_J0419+4233_mod/LSPM_J0419+4233-20201118@165717-Eden.fts -> s3://eden-data/RAW/LOT/LSPM_J0419+4233/2020-11-18/LSPM_J0419+4233-20201118@165717-Eden.fits (274/489)
Storing /home/altsai/eden/LOT20201118_LSPM_J0419+4233_mod/LSPM_J0419+4233-20201118@165831-Eden.fts -> s3://eden-data/RAW/LOT/LSPM_J0419+4233/2020-11-18/LSPM_J0419+4233-20201118@165831-Eden.fits (275/489)
Storing /home/altsai/eden/LOT20201118_LSPM_J0419+4233_mod/LSPM_J0419+4233-20201118@165948-Eden.fts -> s3://eden-data/RAW/LOT/LSPM_J0419+4233/2020-11-18/LSPM_J0419+4233-20201118@165948-Eden.fits (276/489)
Storing /home/altsai/eden/LOT20201118_LSPM_J0419+4233_mod/LSPM_J0419+4233-20201118@170104-Eden.fts -> s3://eden-data/RAW/LOT/LSPM_J0419+4233/2020-11-18/LSPM_J0419+4233-20201118@170104-Eden.fits (277/489)
Storing /home/altsai/eden/LOT20201118_LSPM_J0419+4233_mod/LSPM_J0419+4233-20201118@170219-Eden.fts -> s3://eden-data/RAW/LOT/LSPM_J0419+4233/2020-11-18/LSPM_J0419+4233-20201118@170219-Eden.fits (278/489)
Storing /home/altsai/eden/LOT20201118_LSPM_J0419+4233_mod/LSPM_J0419+4233-20201118@170334-Eden.fts -> s3://eden-data/RAW/LOT/LSPM_J0419+4233/2020-11-18/LSPM_J0419+4233-20201118@170334-Eden.fits (279/489)
Storing /home/altsai/eden/LOT20201118_LSPM_J0419+4233_mod/LSPM_J0419+4233-20201118@170448-Eden.fts -> s3://eden-data/RAW/LOT/LSPM_J0419+4233/2020-11-18/LSPM_J0419+4233-20201118@170448-Eden.fits (280/489)
Storing /home/altsai/eden/LOT20201118_LSPM_J0419+4233_mod/LSPM_J0419+4233-20201118@170604-Eden.fts -> s3://eden-data/RAW/LOT/LSPM_J0419+4233/2020-11-18/LSPM_J0419+4233-20201118@170604-Eden.fits (281/489)
Storing /home/altsai/eden/LOT20201118_LSPM_J0419+4233_mod/LSPM_J0419+4233-20201118@170720-Eden.fts -> s3://eden-data/RAW/LOT/LSPM_J0419+4233/2020-11-18/LSPM_J0419+4233-20201118@170720-Eden.fits (282/489)
Storing /home/altsai/eden/LOT20201118_LSPM_J0419+4233_mod/LSPM_J0419+4233-20201118@170836-Eden.fts -> s3://eden-data/RAW/LOT/LSPM_J0419+4233/2020-11-18/LSPM_J0419+4233-20201118@170836-Eden.fits (283/489)
Storing /home/altsai/eden/LOT20201118_LSPM_J0419+4233_mod/LSPM_J0419+4233-20201118@170953-Eden.fts -> s3://eden-data/RAW/LOT/LSPM_J0419+4233/2020-11-18/LSPM_J0419+4233-20201118@170953-Eden.fits (284/489)
Storing /home/altsai/eden/LOT20201118_LSPM_J0419+4233_mod/LSPM_J0419+4233-20201118@171107-Eden.fts -> s3://eden-data/RAW/LOT/LSPM_J0419+4233/2020-11-18/LSPM_J0419+4233-20201118@171107-Eden.fits (285/489)
Storing /home/altsai/eden/LOT20201118_LSPM_J0419+4233_mod/LSPM_J0419+4233-20201118@171223-Eden.fts -> s3://eden-data/RAW/LOT/LSPM_J0419+4233/2020-11-18/LSPM_J0419+4233-20201118@171223-Eden.fits (286/489)
Storing /home/altsai/eden/LOT20201118_LSPM_J0419+4233_mod/LSPM_J0419+4233-20201118@171339-Eden.fts -> s3://eden-data/RAW/LOT/LSPM_J0419+4233/2020-11-18/LSPM_J0419+4233-20201118@171339-Eden.fits (287/489)
Storing /home/altsai/eden/LOT20201118_LSPM_J0419+4233_mod/LSPM_J0419+4233-20201118@171453-Eden.fts -> s3://eden-data/RAW/LOT/LSPM_J0419+4233/2020-11-18/LSPM_J0419+4233-20201118@171453-Eden.fits (288/489)
Storing /home/altsai/eden/LOT20201118_LSPM_J0419+4233_mod/LSPM_J0419+4233-20201118@171608-Eden.fts -> s3://eden-data/RAW/LOT/LSPM_J0419+4233/2020-11-18/LSPM_J0419+4233-20201118@171608-Eden.fits (289/489)
Storing /home/altsai/eden/LOT20201118_LSPM_J0419+4233_mod/LSPM_J0419+4233-20201118@171723-Eden.fts -> s3://eden-data/RAW/LOT/LSPM_J0419+4233/2020-11-18/LSPM_J0419+4233-20201118@171723-Eden.fits (290/489)
Storing /home/altsai/eden/LOT20201118_LSPM_J0419+4233_mod/LSPM_J0419+4233-20201118@171839-Eden.fts -> s3://eden-data/RAW/LOT/LSPM_J0419+4233/2020-11-18/LSPM_J0419+4233-20201118@171839-Eden.fits (291/489)
Storing /home/altsai/eden/LOT20201118_LSPM_J0419+4233_mod/LSPM_J0419+4233-20201118@171956-Eden.fts -> s3://eden-data/RAW/LOT/LSPM_J0419+4233/2020-11-18/LSPM_J0419+4233-20201118@171956-Eden.fits (292/489)
Storing /home/altsai/eden/LOT20201118_LSPM_J0419+4233_mod/LSPM_J0419+4233-20201118@172112-Eden.fts -> s3://eden-data/RAW/LOT/LSPM_J0419+4233/2020-11-18/LSPM_J0419+4233-20201118@172112-Eden.fits (293/489)
Storing /home/altsai/eden/LOT20201118_LSPM_J0419+4233_mod/LSPM_J0419+4233-20201118@172228-Eden.fts -> s3://eden-data/RAW/LOT/LSPM_J0419+4233/2020-11-18/LSPM_J0419+4233-20201118@172228-Eden.fits (294/489)
Storing /home/altsai/eden/LOT20201118_LSPM_J0419+4233_mod/LSPM_J0419+4233-20201118@172344-Eden.fts -> s3://eden-data/RAW/LOT/LSPM_J0419+4233/2020-11-18/LSPM_J0419+4233-20201118@172344-Eden.fits (295/489)
Storing /home/altsai/eden/LOT20201118_LSPM_J0419+4233_mod/LSPM_J0419+4233-20201118@172458-Eden.fts -> s3://eden-data/RAW/LOT/LSPM_J0419+4233/2020-11-18/LSPM_J0419+4233-20201118@172458-Eden.fits (296/489)
Storing /home/altsai/eden/LOT20201118_LSPM_J0419+4233_mod/LSPM_J0419+4233-20201118@172613-Eden.fts -> s3://eden-data/RAW/LOT/LSPM_J0419+4233/2020-11-18/LSPM_J0419+4233-20201118@172613-Eden.fits (297/489)
Storing /home/altsai/eden/LOT20201118_LSPM_J0419+4233_mod/LSPM_J0419+4233-20201118@172728-Eden.fts -> s3://eden-data/RAW/LOT/LSPM_J0419+4233/2020-11-18/LSPM_J0419+4233-20201118@172728-Eden.fits (298/489)
Storing /home/altsai/eden/LOT20201118_LSPM_J0419+4233_mod/LSPM_J0419+4233-20201118@172846-Eden.fts -> s3://eden-data/RAW/LOT/LSPM_J0419+4233/2020-11-18/LSPM_J0419+4233-20201118@172846-Eden.fits (299/489)
Storing /home/altsai/eden/LOT20201118_LSPM_J0419+4233_mod/LSPM_J0419+4233-20201118@173000-Eden.fts -> s3://eden-data/RAW/LOT/LSPM_J0419+4233/2020-11-18/LSPM_J0419+4233-20201118@173000-Eden.fits (300/489)
Storing /home/altsai/eden/LOT20201118_LSPM_J0419+4233_mod/LSPM_J0419+4233-20201118@173116-Eden.fts -> s3://eden-data/RAW/LOT/LSPM_J0419+4233/2020-11-18/LSPM_J0419+4233-20201118@173116-Eden.fits (301/489)
Storing /home/altsai/eden/LOT20201118_LSPM_J0419+4233_mod/LSPM_J0419+4233-20201118@173231-Eden.fts -> s3://eden-data/RAW/LOT/LSPM_J0419+4233/2020-11-18/LSPM_J0419+4233-20201118@173231-Eden.fits (302/489)
Storing /home/altsai/eden/LOT20201118_LSPM_J0419+4233_mod/LSPM_J0419+4233-20201118@173349-Eden.fts -> s3://eden-data/RAW/LOT/LSPM_J0419+4233/2020-11-18/LSPM_J0419+4233-20201118@173349-Eden.fits (303/489)
Storing /home/altsai/eden/LOT20201118_LSPM_J0419+4233_mod/LSPM_J0419+4233-20201118@173505-Eden.fts -> s3://eden-data/RAW/LOT/LSPM_J0419+4233/2020-11-18/LSPM_J0419+4233-20201118@173505-Eden.fits (304/489)
Storing /home/altsai/eden/LOT20201118_LSPM_J0419+4233_mod/LSPM_J0419+4233-20201118@173620-Eden.fts -> s3://eden-data/RAW/LOT/LSPM_J0419+4233/2020-11-18/LSPM_J0419+4233-20201118@173620-Eden.fits (305/489)
Storing /home/altsai/eden/LOT20201118_LSPM_J0419+4233_mod/LSPM_J0419+4233-20201118@173737-Eden.fts -> s3://eden-data/RAW/LOT/LSPM_J0419+4233/2020-11-18/LSPM_J0419+4233-20201118@173737-Eden.fits (306/489)
Storing /home/altsai/eden/LOT20201118_LSPM_J0419+4233_mod/LSPM_J0419+4233-20201118@173851-Eden.fts -> s3://eden-data/RAW/LOT/LSPM_J0419+4233/2020-11-18/LSPM_J0419+4233-20201118@173851-Eden.fits (307/489)
Storing /home/altsai/eden/LOT20201118_LSPM_J0419+4233_mod/LSPM_J0419+4233-20201118@174007-Eden.fts -> s3://eden-data/RAW/LOT/LSPM_J0419+4233/2020-11-18/LSPM_J0419+4233-20201118@174007-Eden.fits (308/489)
Storing /home/altsai/eden/LOT20201118_LSPM_J0419+4233_mod/LSPM_J0419+4233-20201118@174124-Eden.fts -> s3://eden-data/RAW/LOT/LSPM_J0419+4233/2020-11-18/LSPM_J0419+4233-20201118@174124-Eden.fits (309/489)
Storing /home/altsai/eden/LOT20201118_LSPM_J0419+4233_mod/LSPM_J0419+4233-20201118@174240-Eden.fts -> s3://eden-data/RAW/LOT/LSPM_J0419+4233/2020-11-18/LSPM_J0419+4233-20201118@174240-Eden.fits (310/489)
Storing /home/altsai/eden/LOT20201118_LSPM_J0419+4233_mod/LSPM_J0419+4233-20201118@174355-Eden.fts -> s3://eden-data/RAW/LOT/LSPM_J0419+4233/2020-11-18/LSPM_J0419+4233-20201118@174355-Eden.fits (311/489)
Storing /home/altsai/eden/LOT20201118_LSPM_J0419+4233_mod/LSPM_J0419+4233-20201118@174510-Eden.fts -> s3://eden-data/RAW/LOT/LSPM_J0419+4233/2020-11-18/LSPM_J0419+4233-20201118@174510-Eden.fits (312/489)
Storing /home/altsai/eden/LOT20201118_LSPM_J0419+4233_mod/LSPM_J0419+4233-20201118@174624-Eden.fts -> s3://eden-data/RAW/LOT/LSPM_J0419+4233/2020-11-18/LSPM_J0419+4233-20201118@174624-Eden.fits (313/489)
Storing /home/altsai/eden/LOT20201118_LSPM_J0419+4233_mod/LSPM_J0419+4233-20201118@174739-Eden.fts -> s3://eden-data/RAW/LOT/LSPM_J0419+4233/2020-11-18/LSPM_J0419+4233-20201118@174739-Eden.fits (314/489)
Storing /home/altsai/eden/LOT20201118_LSPM_J0419+4233_mod/LSPM_J0419+4233-20201118@174855-Eden.fts -> s3://eden-data/RAW/LOT/LSPM_J0419+4233/2020-11-18/LSPM_J0419+4233-20201118@174855-Eden.fits (315/489)
Storing /home/altsai/eden/LOT20201118_LSPM_J0419+4233_mod/LSPM_J0419+4233-20201118@175010-Eden.fts -> s3://eden-data/RAW/LOT/LSPM_J0419+4233/2020-11-18/LSPM_J0419+4233-20201118@175010-Eden.fits (316/489)
Storing /home/altsai/eden/LOT20201118_LSPM_J0419+4233_mod/LSPM_J0419+4233-20201118@175127-Eden.fts -> s3://eden-data/RAW/LOT/LSPM_J0419+4233/2020-11-18/LSPM_J0419+4233-20201118@175127-Eden.fits (317/489)
Storing /home/altsai/eden/LOT20201118_LSPM_J0419+4233_mod/LSPM_J0419+4233-20201118@175242-Eden.fts -> s3://eden-data/RAW/LOT/LSPM_J0419+4233/2020-11-18/LSPM_J0419+4233-20201118@175242-Eden.fits (318/489)
Storing /home/altsai/eden/LOT20201118_LSPM_J0419+4233_mod/LSPM_J0419+4233-20201118@175356-Eden.fts -> s3://eden-data/RAW/LOT/LSPM_J0419+4233/2020-11-18/LSPM_J0419+4233-20201118@175356-Eden.fits (319/489)
Storing /home/altsai/eden/LOT20201118_LSPM_J0419+4233_mod/LSPM_J0419+4233-20201118@175512-Eden.fts -> s3://eden-data/RAW/LOT/LSPM_J0419+4233/2020-11-18/LSPM_J0419+4233-20201118@175512-Eden.fits (320/489)
Storing /home/altsai/eden/LOT20201118_LSPM_J0419+4233_mod/LSPM_J0419+4233-20201118@175628-Eden.fts -> s3://eden-data/RAW/LOT/LSPM_J0419+4233/2020-11-18/LSPM_J0419+4233-20201118@175628-Eden.fits (321/489)
Storing /home/altsai/eden/LOT20201118_LSPM_J0419+4233_mod/LSPM_J0419+4233-20201118@175745-Eden.fts -> s3://eden-data/RAW/LOT/LSPM_J0419+4233/2020-11-18/LSPM_J0419+4233-20201118@175745-Eden.fits (322/489)
Storing /home/altsai/eden/LOT20201118_LSPM_J0419+4233_mod/LSPM_J0419+4233-20201118@175902-Eden.fts -> s3://eden-data/RAW/LOT/LSPM_J0419+4233/2020-11-18/LSPM_J0419+4233-20201118@175902-Eden.fits (323/489)
Storing /home/altsai/eden/LOT20201118_LSPM_J0419+4233_mod/LSPM_J0419+4233-20201118@180017-Eden.fts -> s3://eden-data/RAW/LOT/LSPM_J0419+4233/2020-11-18/LSPM_J0419+4233-20201118@180017-Eden.fits (324/489)
Storing /home/altsai/eden/LOT20201118_LSPM_J0419+4233_mod/LSPM_J0419+4233-20201118@180132-Eden.fts -> s3://eden-data/RAW/LOT/LSPM_J0419+4233/2020-11-18/LSPM_J0419+4233-20201118@180132-Eden.fits (325/489)
Storing /home/altsai/eden/LOT20201118_LSPM_J0419+4233_mod/LSPM_J0419+4233-20201118@180247-Eden.fts -> s3://eden-data/RAW/LOT/LSPM_J0419+4233/2020-11-18/LSPM_J0419+4233-20201118@180247-Eden.fits (326/489)
Storing /home/altsai/eden/LOT20201118_LSPM_J0419+4233_mod/LSPM_J0419+4233-20201118@180404-Eden.fts -> s3://eden-data/RAW/LOT/LSPM_J0419+4233/2020-11-18/LSPM_J0419+4233-20201118@180404-Eden.fits (327/489)
Storing /home/altsai/eden/LOT20201118_LSPM_J0419+4233_mod/LSPM_J0419+4233-20201118@180518-Eden.fts -> s3://eden-data/RAW/LOT/LSPM_J0419+4233/2020-11-18/LSPM_J0419+4233-20201118@180518-Eden.fits (328/489)
Storing /home/altsai/eden/LOT20201118_LSPM_J0419+4233_mod/LSPM_J0419+4233-20201118@180634-Eden.fts -> s3://eden-data/RAW/LOT/LSPM_J0419+4233/2020-11-18/LSPM_J0419+4233-20201118@180634-Eden.fits (329/489)
Storing /home/altsai/eden/LOT20201118_LSPM_J0419+4233_mod/LSPM_J0419+4233-20201118@180749-Eden.fts -> s3://eden-data/RAW/LOT/LSPM_J0419+4233/2020-11-18/LSPM_J0419+4233-20201118@180749-Eden.fits (330/489)
Storing /home/altsai/eden/LOT20201118_LSPM_J0419+4233_mod/LSPM_J0419+4233-20201118@180904-Eden.fts -> s3://eden-data/RAW/LOT/LSPM_J0419+4233/2020-11-18/LSPM_J0419+4233-20201118@180904-Eden.fits (331/489)
Storing /home/altsai/eden/LOT20201118_LSPM_J0419+4233_mod/LSPM_J0419+4233-20201118@181019-Eden.fts -> s3://eden-data/RAW/LOT/LSPM_J0419+4233/2020-11-18/LSPM_J0419+4233-20201118@181019-Eden.fits (332/489)
Storing /home/altsai/eden/LOT20201118_LSPM_J0419+4233_mod/LSPM_J0419+4233-20201118@181133-Eden.fts -> s3://eden-data/RAW/LOT/LSPM_J0419+4233/2020-11-18/LSPM_J0419+4233-20201118@181133-Eden.fits (333/489)
Storing /home/altsai/eden/LOT20201118_LSPM_J0419+4233_mod/LSPM_J0419+4233-20201118@181247-Eden.fts -> s3://eden-data/RAW/LOT/LSPM_J0419+4233/2020-11-18/LSPM_J0419+4233-20201118@181247-Eden.fits (334/489)
Storing /home/altsai/eden/LOT20201118_LSPM_J0419+4233_mod/LSPM_J0419+4233-20201118@181401-Eden.fts -> s3://eden-data/RAW/LOT/LSPM_J0419+4233/2020-11-18/LSPM_J0419+4233-20201118@181401-Eden.fits (335/489)
Storing /home/altsai/eden/LOT20201118_LSPM_J0419+4233_mod/LSPM_J0419+4233-20201118@181516-Eden.fts -> s3://eden-data/RAW/LOT/LSPM_J0419+4233/2020-11-18/LSPM_J0419+4233-20201118@181516-Eden.fits (336/489)
Storing /home/altsai/eden/LOT20201118_LSPM_J0419+4233_mod/LSPM_J0419+4233-20201118@181632-Eden.fts -> s3://eden-data/RAW/LOT/LSPM_J0419+4233/2020-11-18/LSPM_J0419+4233-20201118@181632-Eden.fits (337/489)
Storing /home/altsai/eden/LOT20201118_LSPM_J0419+4233_mod/LSPM_J0419+4233-20201118@181747-Eden.fts -> s3://eden-data/RAW/LOT/LSPM_J0419+4233/2020-11-18/LSPM_J0419+4233-20201118@181747-Eden.fits (338/489)
Storing /home/altsai/eden/LOT20201118_LSPM_J0419+4233_mod/LSPM_J0419+4233-20201118@181902-Eden.fts -> s3://eden-data/RAW/LOT/LSPM_J0419+4233/2020-11-18/LSPM_J0419+4233-20201118@181902-Eden.fits (339/489)
Storing /home/altsai/eden/LOT20201118_LSPM_J0419+4233_mod/LSPM_J0419+4233-20201118@182018-Eden.fts -> s3://eden-data/RAW/LOT/LSPM_J0419+4233/2020-11-18/LSPM_J0419+4233-20201118@182018-Eden.fits (340/489)
Storing /home/altsai/eden/LOT20201118_LSPM_J0419+4233_mod/LSPM_J0419+4233-20201118@182133-Eden.fts -> s3://eden-data/RAW/LOT/LSPM_J0419+4233/2020-11-18/LSPM_J0419+4233-20201118@182133-Eden.fits (341/489)
Storing /home/altsai/eden/LOT20201118_LSPM_J0419+4233_mod/LSPM_J0419+4233-20201118@182250-Eden.fts -> s3://eden-data/RAW/LOT/LSPM_J0419+4233/2020-11-18/LSPM_J0419+4233-20201118@182250-Eden.fits (342/489)
Storing /home/altsai/eden/LOT20201118_LSPM_J0419+4233_mod/LSPM_J0419+4233-20201118@182407-Eden.fts -> s3://eden-data/RAW/LOT/LSPM_J0419+4233/2020-11-18/LSPM_J0419+4233-20201118@182407-Eden.fits (343/489)
Storing /home/altsai/eden/LOT20201118_LSPM_J0419+4233_mod/LSPM_J0419+4233-20201118@182522-Eden.fts -> s3://eden-data/RAW/LOT/LSPM_J0419+4233/2020-11-18/LSPM_J0419+4233-20201118@182522-Eden.fits (344/489)
Storing /home/altsai/eden/LOT20201118_LSPM_J0419+4233_mod/LSPM_J0419+4233-20201118@182639-Eden.fts -> s3://eden-data/RAW/LOT/LSPM_J0419+4233/2020-11-18/LSPM_J0419+4233-20201118@182639-Eden.fits (345/489)
Storing /home/altsai/eden/LOT20201118_LSPM_J0419+4233_mod/LSPM_J0419+4233-20201118@182753-Eden.fts -> s3://eden-data/RAW/LOT/LSPM_J0419+4233/2020-11-18/LSPM_J0419+4233-20201118@182753-Eden.fits (346/489)
Storing /home/altsai/eden/LOT20201118_LSPM_J0419+4233_mod/LSPM_J0419+4233-20201118@182910-Eden.fts -> s3://eden-data/RAW/LOT/LSPM_J0419+4233/2020-11-18/LSPM_J0419+4233-20201118@182910-Eden.fits (347/489)
Storing /home/altsai/eden/LOT20201118_LSPM_J0419+4233_mod/LSPM_J0419+4233-20201118@183024-Eden.fts -> s3://eden-data/RAW/LOT/LSPM_J0419+4233/2020-11-18/LSPM_J0419+4233-20201118@183024-Eden.fits (348/489)
Storing /home/altsai/eden/LOT20201118_LSPM_J0419+4233_mod/LSPM_J0419+4233-20201118@183140-Eden.fts -> s3://eden-data/RAW/LOT/LSPM_J0419+4233/2020-11-18/LSPM_J0419+4233-20201118@183140-Eden.fits (349/489)
Storing /home/altsai/eden/LOT20201118_LSPM_J0419+4233_mod/LSPM_J0419+4233-20201118@183255-Eden.fts -> s3://eden-data/RAW/LOT/LSPM_J0419+4233/2020-11-18/LSPM_J0419+4233-20201118@183255-Eden.fits (350/489)
Storing /home/altsai/eden/LOT20201118_LSPM_J0419+4233_mod/LSPM_J0419+4233-20201118@183410-Eden.fts -> s3://eden-data/RAW/LOT/LSPM_J0419+4233/2020-11-18/LSPM_J0419+4233-20201118@183410-Eden.fits (351/489)
Storing /home/altsai/eden/LOT20201118_LSPM_J0419+4233_mod/LSPM_J0419+4233-20201118@183527-Eden.fts -> s3://eden-data/RAW/LOT/LSPM_J0419+4233/2020-11-18/LSPM_J0419+4233-20201118@183527-Eden.fits (352/489)
Storing /home/altsai/eden/LOT20201118_LSPM_J0419+4233_mod/LSPM_J0419+4233-20201118@183642-Eden.fts -> s3://eden-data/RAW/LOT/LSPM_J0419+4233/2020-11-18/LSPM_J0419+4233-20201118@183642-Eden.fits (353/489)
Storing /home/altsai/eden/LOT20201118_LSPM_J0419+4233_mod/LSPM_J0419+4233-20201118@183758-Eden.fts -> s3://eden-data/RAW/LOT/LSPM_J0419+4233/2020-11-18/LSPM_J0419+4233-20201118@183758-Eden.fits (354/489)
Storing /home/altsai/eden/LOT20201118_LSPM_J0419+4233_mod/LSPM_J0419+4233-20201118@183914-Eden.fts -> s3://eden-data/RAW/LOT/LSPM_J0419+4233/2020-11-18/LSPM_J0419+4233-20201118@183914-Eden.fits (355/489)
Storing /home/altsai/eden/LOT20201118_LSPM_J0419+4233_mod/LSPM_J0419+4233-20201118@184030-Eden.fts -> s3://eden-data/RAW/LOT/LSPM_J0419+4233/2020-11-18/LSPM_J0419+4233-20201118@184030-Eden.fits (356/489)
Storing /home/altsai/eden/LOT20201118_LSPM_J0419+4233_mod/LSPM_J0419+4233-20201118@184147-Eden.fts -> s3://eden-data/RAW/LOT/LSPM_J0419+4233/2020-11-18/LSPM_J0419+4233-20201118@184147-Eden.fits (357/489)
Storing /home/altsai/eden/LOT20201118_LSPM_J0419+4233_mod/LSPM_J0419+4233-20201118@184302-Eden.fts -> s3://eden-data/RAW/LOT/LSPM_J0419+4233/2020-11-18/LSPM_J0419+4233-20201118@184302-Eden.fits (358/489)
Storing /home/altsai/eden/LOT20201118_LSPM_J0419+4233_mod/LSPM_J0419+4233-20201118@184417-Eden.fts -> s3://eden-data/RAW/LOT/LSPM_J0419+4233/2020-11-18/LSPM_J0419+4233-20201118@184417-Eden.fits (359/489)
Storing /home/altsai/eden/LOT20201118_LSPM_J0419+4233_mod/LSPM_J0419+4233-20201118@184533-Eden.fts -> s3://eden-data/RAW/LOT/LSPM_J0419+4233/2020-11-18/LSPM_J0419+4233-20201118@184533-Eden.fits (360/489)
Storing /home/altsai/eden/LOT20201118_LSPM_J0419+4233_mod/LSPM_J0419+4233-20201118@184648-Eden.fts -> s3://eden-data/RAW/LOT/LSPM_J0419+4233/2020-11-18/LSPM_J0419+4233-20201118@184648-Eden.fits (361/489)
Storing /home/altsai/eden/LOT20201118_LSPM_J0419+4233_mod/LSPM_J0419+4233-20201118@184802-Eden.fts -> s3://eden-data/RAW/LOT/LSPM_J0419+4233/2020-11-18/LSPM_J0419+4233-20201118@184802-Eden.fits (362/489)
Storing /home/altsai/eden/LOT20201118_LSPM_J0419+4233_mod/LSPM_J0419+4233-20201118@184916-Eden.fts -> s3://eden-data/RAW/LOT/LSPM_J0419+4233/2020-11-18/LSPM_J0419+4233-20201118@184916-Eden.fits (363/489)
Storing /home/altsai/eden/LOT20201118_LSPM_J0419+4233_mod/LSPM_J0419+4233-20201118@185031-Eden.fts -> s3://eden-data/RAW/LOT/LSPM_J0419+4233/2020-11-18/LSPM_J0419+4233-20201118@185031-Eden.fits (364/489)
Storing /home/altsai/eden/LOT20201118_LSPM_J0419+4233_mod/LSPM_J0419+4233-20201118@185147-Eden.fts -> s3://eden-data/RAW/LOT/LSPM_J0419+4233/2020-11-18/LSPM_J0419+4233-20201118@185147-Eden.fits (365/489)
Storing /home/altsai/eden/LOT20201118_LSPM_J0419+4233_mod/LSPM_J0419+4233-20201118@185302-Eden.fts -> s3://eden-data/RAW/LOT/LSPM_J0419+4233/2020-11-18/LSPM_J0419+4233-20201118@185302-Eden.fits (366/489)
Storing /home/altsai/eden/LOT20201118_LSPM_J0419+4233_mod/LSPM_J0419+4233-20201118@185417-Eden.fts -> s3://eden-data/RAW/LOT/LSPM_J0419+4233/2020-11-18/LSPM_J0419+4233-20201118@185417-Eden.fits (367/489)
Storing /home/altsai/eden/LOT20201118_LSPM_J0419+4233_mod/LSPM_J0419+4233-20201118@185533-Eden.fts -> s3://eden-data/RAW/LOT/LSPM_J0419+4233/2020-11-18/LSPM_J0419+4233-20201118@185533-Eden.fits (368/489)
Storing /home/altsai/eden/LOT20201118_LSPM_J0419+4233_mod/LSPM_J0419+4233-20201118@185648-Eden.fts -> s3://eden-data/RAW/LOT/LSPM_J0419+4233/2020-11-18/LSPM_J0419+4233-20201118@185648-Eden.fits (369/489)
Storing /home/altsai/eden/LOT20201118_LSPM_J0419+4233_mod/LSPM_J0419+4233-20201118@185804-Eden.fts -> s3://eden-data/RAW/LOT/LSPM_J0419+4233/2020-11-18/LSPM_J0419+4233-20201118@185804-Eden.fits (370/489)
Storing /home/altsai/eden/LOT20201118_LSPM_J0419+4233_mod/LSPM_J0419+4233-20201118@185919-Eden.fts -> s3://eden-data/RAW/LOT/LSPM_J0419+4233/2020-11-18/LSPM_J0419+4233-20201118@185919-Eden.fits (371/489)
Storing /home/altsai/eden/LOT20201118_LSPM_J0419+4233_mod/LSPM_J0419+4233-20201118@190035-Eden.fts -> s3://eden-data/RAW/LOT/LSPM_J0419+4233/2020-11-18/LSPM_J0419+4233-20201118@190035-Eden.fits (372/489)
Storing /home/altsai/eden/LOT20201118_LSPM_J0419+4233_mod/LSPM_J0419+4233-20201118@190149-Eden.fts -> s3://eden-data/RAW/LOT/LSPM_J0419+4233/2020-11-18/LSPM_J0419+4233-20201118@190149-Eden.fits (373/489)
Storing /home/altsai/eden/LOT20201118_LSPM_J0419+4233_mod/LSPM_J0419+4233-20201118@190305-Eden.fts -> s3://eden-data/RAW/LOT/LSPM_J0419+4233/2020-11-18/LSPM_J0419+4233-20201118@190305-Eden.fits (374/489)
Storing /home/altsai/eden/LOT20201118_LSPM_J0419+4233_mod/LSPM_J0419+4233-20201118@190420-Eden.fts -> s3://eden-data/RAW/LOT/LSPM_J0419+4233/2020-11-18/LSPM_J0419+4233-20201118@190420-Eden.fits (375/489)
Storing /home/altsai/eden/LOT20201118_LSPM_J0419+4233_mod/LSPM_J0419+4233-20201118@190535-Eden.fts -> s3://eden-data/RAW/LOT/LSPM_J0419+4233/2020-11-18/LSPM_J0419+4233-20201118@190535-Eden.fits (376/489)
Storing /home/altsai/eden/LOT20201118_LSPM_J0419+4233_mod/LSPM_J0419+4233-20201118@190650-Eden.fts -> s3://eden-data/RAW/LOT/LSPM_J0419+4233/2020-11-18/LSPM_J0419+4233-20201118@190650-Eden.fits (377/489)
Storing /home/altsai/eden/LOT20201118_LSPM_J0419+4233_mod/LSPM_J0419+4233-20201118@190804-Eden.fts -> s3://eden-data/RAW/LOT/LSPM_J0419+4233/2020-11-18/LSPM_J0419+4233-20201118@190804-Eden.fits (378/489)
Storing /home/altsai/eden/LOT20201118_LSPM_J0419+4233_mod/LSPM_J0419+4233-20201118@190921-Eden.fts -> s3://eden-data/RAW/LOT/LSPM_J0419+4233/2020-11-18/LSPM_J0419+4233-20201118@190921-Eden.fits (379/489)
Storing /home/altsai/eden/LOT20201118_LSPM_J0419+4233_mod/LSPM_J0419+4233-20201118@191035-Eden.fts -> s3://eden-data/RAW/LOT/LSPM_J0419+4233/2020-11-18/LSPM_J0419+4233-20201118@191035-Eden.fits (380/489)
Storing /home/altsai/eden/LOT20201118_LSPM_J0419+4233_mod/LSPM_J0419+4233-20201118@191151-Eden.fts -> s3://eden-data/RAW/LOT/LSPM_J0419+4233/2020-11-18/LSPM_J0419+4233-20201118@191151-Eden.fits (381/489)
Storing /home/altsai/eden/LOT20201118_LSPM_J0419+4233_mod/LSPM_J0419+4233-20201118@191305-Eden.fts -> s3://eden-data/RAW/LOT/LSPM_J0419+4233/2020-11-18/LSPM_J0419+4233-20201118@191305-Eden.fits (382/489)
Storing /home/altsai/eden/LOT20201118_LSPM_J0419+4233_mod/LSPM_J0419+4233-20201118@191420-Eden.fts -> s3://eden-data/RAW/LOT/LSPM_J0419+4233/2020-11-18/LSPM_J0419+4233-20201118@191420-Eden.fits (383/489)
Storing /home/altsai/eden/LOT20201118_LSPM_J0419+4233_mod/LSPM_J0419+4233-20201118@191536-Eden.fts -> s3://eden-data/RAW/LOT/LSPM_J0419+4233/2020-11-18/LSPM_J0419+4233-20201118@191536-Eden.fits (384/489)
Storing /home/altsai/eden/LOT20201118_LSPM_J0419+4233_mod/LSPM_J0419+4233-20201118@191652-Eden.fts -> s3://eden-data/RAW/LOT/LSPM_J0419+4233/2020-11-18/LSPM_J0419+4233-20201118@191652-Eden.fits (385/489)
Storing /home/altsai/eden/LOT20201118_LSPM_J0419+4233_mod/LSPM_J0419+4233-20201118@191808-Eden.fts -> s3://eden-data/RAW/LOT/LSPM_J0419+4233/2020-11-18/LSPM_J0419+4233-20201118@191808-Eden.fits (386/489)
Storing /home/altsai/eden/LOT20201118_LSPM_J0419+4233_mod/LSPM_J0419+4233-20201118@191923-Eden.fts -> s3://eden-data/RAW/LOT/LSPM_J0419+4233/2020-11-18/LSPM_J0419+4233-20201118@191923-Eden.fits (387/489)
Storing /home/altsai/eden/LOT20201118_LSPM_J0419+4233_mod/LSPM_J0419+4233-20201118@192038-Eden.fts -> s3://eden-data/RAW/LOT/LSPM_J0419+4233/2020-11-18/LSPM_J0419+4233-20201118@192038-Eden.fits (388/489)
Storing /home/altsai/eden/LOT20201118_LSPM_J0419+4233_mod/LSPM_J0419+4233-20201118@192152-Eden.fts -> s3://eden-data/RAW/LOT/LSPM_J0419+4233/2020-11-18/LSPM_J0419+4233-20201118@192152-Eden.fits (389/489)
Storing /home/altsai/eden/LOT20201118_LSPM_J0419+4233_mod/LSPM_J0419+4233-20201118@192307-Eden.fts -> s3://eden-data/RAW/LOT/LSPM_J0419+4233/2020-11-18/LSPM_J0419+4233-20201118@192307-Eden.fits (390/489)
Storing /home/altsai/eden/LOT20201118_LSPM_J0419+4233_mod/LSPM_J0419+4233-20201118@192421-Eden.fts -> s3://eden-data/RAW/LOT/LSPM_J0419+4233/2020-11-18/LSPM_J0419+4233-20201118@192421-Eden.fits (391/489)
Storing /home/altsai/eden/LOT20201118_LSPM_J0419+4233_mod/LSPM_J0419+4233-20201118@192535-Eden.fts -> s3://eden-data/RAW/LOT/LSPM_J0419+4233/2020-11-18/LSPM_J0419+4233-20201118@192535-Eden.fits (392/489)
Storing /home/altsai/eden/LOT20201118_LSPM_J0419+4233_mod/LSPM_J0419+4233-20201118@192650-Eden.fts -> s3://eden-data/RAW/LOT/LSPM_J0419+4233/2020-11-18/LSPM_J0419+4233-20201118@192650-Eden.fits (393/489)
Storing /home/altsai/eden/LOT20201118_LSPM_J0419+4233_mod/LSPM_J0419+4233-20201118@192804-Eden.fts -> s3://eden-data/RAW/LOT/LSPM_J0419+4233/2020-11-18/LSPM_J0419+4233-20201118@192804-Eden.fits (394/489)
Storing /home/altsai/eden/LOT20201118_LSPM_J0419+4233_mod/LSPM_J0419+4233-20201118@192918-Eden.fts -> s3://eden-data/RAW/LOT/LSPM_J0419+4233/2020-11-18/LSPM_J0419+4233-20201118@192918-Eden.fits (395/489)
Storing /home/altsai/eden/LOT20201118_LSPM_J0419+4233_mod/LSPM_J0419+4233-20201118@193033-Eden.fts -> s3://eden-data/RAW/LOT/LSPM_J0419+4233/2020-11-18/LSPM_J0419+4233-20201118@193033-Eden.fits (396/489)
Storing /home/altsai/eden/LOT20201118_LSPM_J0419+4233_mod/LSPM_J0419+4233-20201118@193147-Eden.fts -> s3://eden-data/RAW/LOT/LSPM_J0419+4233/2020-11-18/LSPM_J0419+4233-20201118@193147-Eden.fits (397/489)
Storing /home/altsai/eden/LOT20201118_LSPM_J0419+4233_mod/LSPM_J0419+4233-20201118@193301-Eden.fts -> s3://eden-data/RAW/LOT/LSPM_J0419+4233/2020-11-18/LSPM_J0419+4233-20201118@193301-Eden.fits (398/489)
Storing /home/altsai/eden/LOT20201118_LSPM_J0419+4233_mod/LSPM_J0419+4233-20201118@193415-Eden.fts -> s3://eden-data/RAW/LOT/LSPM_J0419+4233/2020-11-18/LSPM_J0419+4233-20201118@193415-Eden.fits (399/489)
Storing /home/altsai/eden/LOT20201118_LSPM_J0419+4233_mod/LSPM_J0419+4233-20201118@193530-Eden.fts -> s3://eden-data/RAW/LOT/LSPM_J0419+4233/2020-11-18/LSPM_J0419+4233-20201118@193530-Eden.fits (400/489)
Storing /home/altsai/eden/LOT20201118_LSPM_J0419+4233_mod/LSPM_J0419+4233-20201118@193645-Eden.fts -> s3://eden-data/RAW/LOT/LSPM_J0419+4233/2020-11-18/LSPM_J0419+4233-20201118@193645-Eden.fits (401/489)
Storing /home/altsai/eden/LOT20201118_LSPM_J0419+4233_mod/LSPM_J0419+4233-20201118@193800-Eden.fts -> s3://eden-data/RAW/LOT/LSPM_J0419+4233/2020-11-18/LSPM_J0419+4233-20201118@193800-Eden.fits (402/489)
Storing /home/altsai/eden/LOT20201118_LSPM_J0419+4233_mod/LSPM_J0419+4233-20201118@193915-Eden.fts -> s3://eden-data/RAW/LOT/LSPM_J0419+4233/2020-11-18/LSPM_J0419+4233-20201118@193915-Eden.fits (403/489)
Storing /home/altsai/eden/LOT20201118_LSPM_J0419+4233_mod/LSPM_J0419+4233-20201118@194030-Eden.fts -> s3://eden-data/RAW/LOT/LSPM_J0419+4233/2020-11-18/LSPM_J0419+4233-20201118@194030-Eden.fits (404/489)
Storing /home/altsai/eden/LOT20201118_LSPM_J0419+4233_mod/LSPM_J0419+4233-20201118@194145-Eden.fts -> s3://eden-data/RAW/LOT/LSPM_J0419+4233/2020-11-18/LSPM_J0419+4233-20201118@194145-Eden.fits (405/489)
Storing /home/altsai/eden/LOT20201118_LSPM_J0419+4233_mod/LSPM_J0419+4233-20201118@194301-Eden.fts -> s3://eden-data/RAW/LOT/LSPM_J0419+4233/2020-11-18/LSPM_J0419+4233-20201118@194301-Eden.fits (406/489)
Storing /home/altsai/eden/LOT20201118_LSPM_J0419+4233_mod/LSPM_J0419+4233-20201118@194415-Eden.fts -> s3://eden-data/RAW/LOT/LSPM_J0419+4233/2020-11-18/LSPM_J0419+4233-20201118@194415-Eden.fits (407/489)
Storing /home/altsai/eden/LOT20201118_LSPM_J0419+4233_mod/LSPM_J0419+4233-20201118@194529-Eden.fts -> s3://eden-data/RAW/LOT/LSPM_J0419+4233/2020-11-18/LSPM_J0419+4233-20201118@194529-Eden.fits (408/489)
Storing /home/altsai/eden/LOT20201118_LSPM_J0419+4233_mod/LSPM_J0419+4233-20201118@194648-Eden.fts -> s3://eden-data/RAW/LOT/LSPM_J0419+4233/2020-11-18/LSPM_J0419+4233-20201118@194648-Eden.fits (409/489)
Storing /home/altsai/eden/LOT20201118_LSPM_J0419+4233_mod/LSPM_J0419+4233-20201118@194804-Eden.fts -> s3://eden-data/RAW/LOT/LSPM_J0419+4233/2020-11-18/LSPM_J0419+4233-20201118@194804-Eden.fits (410/489)
Storing /home/altsai/eden/LOT20201118_LSPM_J0419+4233_mod/LSPM_J0419+4233-20201118@194919-Eden.fts -> s3://eden-data/RAW/LOT/LSPM_J0419+4233/2020-11-18/LSPM_J0419+4233-20201118@194919-Eden.fits (411/489)
Storing /home/altsai/eden/LOT20201118_LSPM_J0419+4233_mod/LSPM_J0419+4233-20201118@195034-Eden.fts -> s3://eden-data/RAW/LOT/LSPM_J0419+4233/2020-11-18/LSPM_J0419+4233-20201118@195034-Eden.fits (412/489)
Storing /home/altsai/eden/LOT20201118_LSPM_J0419+4233_mod/LSPM_J0419+4233-20201118@195150-Eden.fts -> s3://eden-data/RAW/LOT/LSPM_J0419+4233/2020-11-18/LSPM_J0419+4233-20201118@195150-Eden.fits (413/489)
Storing /home/altsai/eden/LOT20201118_LSPM_J0419+4233_mod/LSPM_J0419+4233-20201118@195304-Eden.fts -> s3://eden-data/RAW/LOT/LSPM_J0419+4233/2020-11-18/LSPM_J0419+4233-20201118@195304-Eden.fits (414/489)
Storing /home/altsai/eden/LOT20201118_LSPM_J0419+4233_mod/LSPM_J0419+4233-20201118@195419-Eden.fts -> s3://eden-data/RAW/LOT/LSPM_J0419+4233/2020-11-18/LSPM_J0419+4233-20201118@195419-Eden.fits (415/489)
Storing /home/altsai/eden/LOT20201118_LSPM_J0419+4233_mod/LSPM_J0419+4233-20201118@195533-Eden.fts -> s3://eden-data/RAW/LOT/LSPM_J0419+4233/2020-11-18/LSPM_J0419+4233-20201118@195533-Eden.fits (416/489)
Storing /home/altsai/eden/LOT20201118_LSPM_J0419+4233_mod/LSPM_J0419+4233-20201118@195651-Eden.fts -> s3://eden-data/RAW/LOT/LSPM_J0419+4233/2020-11-18/LSPM_J0419+4233-20201118@195651-Eden.fits (417/489)
Storing /home/altsai/eden/LOT20201118_LSPM_J0419+4233_mod/LSPM_J0419+4233-20201118@195806-Eden.fts -> s3://eden-data/RAW/LOT/LSPM_J0419+4233/2020-11-18/LSPM_J0419+4233-20201118@195806-Eden.fits (418/489)
Storing /home/altsai/eden/LOT20201118_LSPM_J0419+4233_mod/LSPM_J0419+4233-20201118@195921-Eden.fts -> s3://eden-data/RAW/LOT/LSPM_J0419+4233/2020-11-18/LSPM_J0419+4233-20201118@195921-Eden.fits (419/489)
Storing /home/altsai/eden/LOT20201118_LSPM_J0419+4233_mod/LSPM_J0419+4233-20201118@200036-Eden.fts -> s3://eden-data/RAW/LOT/LSPM_J0419+4233/2020-11-18/LSPM_J0419+4233-20201118@200036-Eden.fits (420/489)
Storing /home/altsai/eden/LOT20201118_LSPM_J0419+4233_mod/LSPM_J0419+4233-20201118@200151-Eden.fts -> s3://eden-data/RAW/LOT/LSPM_J0419+4233/2020-11-18/LSPM_J0419+4233-20201118@200151-Eden.fits (421/489)
Storing /home/altsai/eden/LOT20201118_LSPM_J0419+4233_mod/LSPM_J0419+4233-20201118@200308-Eden.fts -> s3://eden-data/RAW/LOT/LSPM_J0419+4233/2020-11-18/LSPM_J0419+4233-20201118@200308-Eden.fits (422/489)
Storing /home/altsai/eden/LOT20201118_LSPM_J0419+4233_mod/LSPM_J0419+4233-20201118@200424-Eden.fts -> s3://eden-data/RAW/LOT/LSPM_J0419+4233/2020-11-18/LSPM_J0419+4233-20201118@200424-Eden.fits (423/489)
Storing /home/altsai/eden/LOT20201118_LSPM_J0419+4233_mod/LSPM_J0419+4233-20201118@200539-Eden.fts -> s3://eden-data/RAW/LOT/LSPM_J0419+4233/2020-11-18/LSPM_J0419+4233-20201118@200539-Eden.fits (424/489)
Storing /home/altsai/eden/LOT20201118_LSPM_J0419+4233_mod/LSPM_J0419+4233-20201118@200655-Eden.fts -> s3://eden-data/RAW/LOT/LSPM_J0419+4233/2020-11-18/LSPM_J0419+4233-20201118@200655-Eden.fits (425/489)
Storing /home/altsai/eden/LOT20201118_LSPM_J0419+4233_mod/LSPM_J0419+4233-20201118@200810-Eden.fts -> s3://eden-data/RAW/LOT/LSPM_J0419+4233/2020-11-18/LSPM_J0419+4233-20201118@200810-Eden.fits (426/489)
Storing /home/altsai/eden/LOT20201118_LSPM_J0419+4233_mod/LSPM_J0419+4233-20201118@200924-Eden.fts -> s3://eden-data/RAW/LOT/LSPM_J0419+4233/2020-11-18/LSPM_J0419+4233-20201118@200924-Eden.fits (427/489)
Storing /home/altsai/eden/LOT20201118_LSPM_J0419+4233_mod/LSPM_J0419+4233-20201118@201039-Eden.fts -> s3://eden-data/RAW/LOT/LSPM_J0419+4233/2020-11-18/LSPM_J0419+4233-20201118@201039-Eden.fits (428/489)
Storing /home/altsai/eden/LOT20201118_LSPM_J0419+4233_mod/LSPM_J0419+4233-20201118@201153-Eden.fts -> s3://eden-data/RAW/LOT/LSPM_J0419+4233/2020-11-18/LSPM_J0419+4233-20201118@201153-Eden.fits (429/489)
Storing /home/altsai/eden/LOT20201118_LSPM_J0419+4233_mod/LSPM_J0419+4233-20201118@201308-Eden.fts -> s3://eden-data/RAW/LOT/LSPM_J0419+4233/2020-11-18/LSPM_J0419+4233-20201118@201308-Eden.fits (430/489)
Storing /home/altsai/eden/LOT20201118_LSPM_J0419+4233_mod/LSPM_J0419+4233-20201118@201423-Eden.fts -> s3://eden-data/RAW/LOT/LSPM_J0419+4233/2020-11-18/LSPM_J0419+4233-20201118@201423-Eden.fits (431/489)
Storing /home/altsai/eden/LOT20201118_LSPM_J0419+4233_mod/LSPM_J0419+4233-20201118@201539-Eden.fts -> s3://eden-data/RAW/LOT/LSPM_J0419+4233/2020-11-18/LSPM_J0419+4233-20201118@201539-Eden.fits (432/489)
Storing /home/altsai/eden/LOT20201118_LSPM_J0419+4233_mod/LSPM_J0419+4233-20201118@201653-Eden.fts -> s3://eden-data/RAW/LOT/LSPM_J0419+4233/2020-11-18/LSPM_J0419+4233-20201118@201653-Eden.fits (433/489)
Storing /home/altsai/eden/LOT20201118_LSPM_J0419+4233_mod/LSPM_J0419+4233-20201118@201809-Eden.fts -> s3://eden-data/RAW/LOT/LSPM_J0419+4233/2020-11-18/LSPM_J0419+4233-20201118@201809-Eden.fits (434/489)
Storing /home/altsai/eden/LOT20201118_LSPM_J0419+4233_mod/LSPM_J0419+4233-20201118@201923-Eden.fts -> s3://eden-data/RAW/LOT/LSPM_J0419+4233/2020-11-18/LSPM_J0419+4233-20201118@201923-Eden.fits (435/489)
Storing /home/altsai/eden/LOT20201118_LSPM_J0419+4233_mod/LSPM_J0419+4233-20201118@202038-Eden.fts -> s3://eden-data/RAW/LOT/LSPM_J0419+4233/2020-11-18/LSPM_J0419+4233-20201118@202038-Eden.fits (436/489)
Storing /home/altsai/eden/LOT20201118_LSPM_J0419+4233_mod/LSPM_J0419+4233-20201118@202154-Eden.fts -> s3://eden-data/RAW/LOT/LSPM_J0419+4233/2020-11-18/LSPM_J0419+4233-20201118@202154-Eden.fits (437/489)
Storing /home/altsai/eden/LOT20201118_LSPM_J0419+4233_mod/LSPM_J0419+4233-20201118@202311-Eden.fts -> s3://eden-data/RAW/LOT/LSPM_J0419+4233/2020-11-18/LSPM_J0419+4233-20201118@202311-Eden.fits (438/489)
Storing /home/altsai/eden/LOT20201118_LSPM_J0419+4233_mod/LSPM_J0419+4233-20201118@202427-Eden.fts -> s3://eden-data/RAW/LOT/LSPM_J0419+4233/2020-11-18/LSPM_J0419+4233-20201118@202427-Eden.fits (439/489)
Storing /home/altsai/eden/LOT20201118_LSPM_J0419+4233_mod/LSPM_J0419+4233-20201118@202542-Eden.fts -> s3://eden-data/RAW/LOT/LSPM_J0419+4233/2020-11-18/LSPM_J0419+4233-20201118@202542-Eden.fits (440/489)
Storing /home/altsai/eden/LOT20201118_LSPM_J0419+4233_mod/LSPM_J0419+4233-20201118@202658-Eden.fts -> s3://eden-data/RAW/LOT/LSPM_J0419+4233/2020-11-18/LSPM_J0419+4233-20201118@202658-Eden.fits (441/489)
Storing /home/altsai/eden/LOT20201118_LSPM_J0419+4233_mod/LSPM_J0419+4233-20201118@202814-Eden.fts -> s3://eden-data/RAW/LOT/LSPM_J0419+4233/2020-11-18/LSPM_J0419+4233-20201118@202814-Eden.fits (442/489)
Storing /home/altsai/eden/LOT20201118_LSPM_J0419+4233_mod/LSPM_J0419+4233-20201118@202930-Eden.fts -> s3://eden-data/RAW/LOT/LSPM_J0419+4233/2020-11-18/LSPM_J0419+4233-20201118@202930-Eden.fits (443/489)
Storing /home/altsai/eden/LOT20201118_LSPM_J0419+4233_mod/LSPM_J0419+4233-20201118@203045-Eden.fts -> s3://eden-data/RAW/LOT/LSPM_J0419+4233/2020-11-18/LSPM_J0419+4233-20201118@203045-Eden.fits (444/489)
Storing /home/altsai/eden/LOT20201118_LSPM_J0419+4233_mod/LSPM_J0419+4233-20201118@203200-Eden.fts -> s3://eden-data/RAW/LOT/LSPM_J0419+4233/2020-11-18/LSPM_J0419+4233-20201118@203200-Eden.fits (445/489)
Storing /home/altsai/eden/LOT20201118_LSPM_J0419+4233_mod/LSPM_J0419+4233-20201118@203315-Eden.fts -> s3://eden-data/RAW/LOT/LSPM_J0419+4233/2020-11-18/LSPM_J0419+4233-20201118@203315-Eden.fits (446/489)
Storing /home/altsai/eden/LOT20201118_LSPM_J0419+4233_mod/LSPM_J0419+4233-20201118@203429-Eden.fts -> s3://eden-data/RAW/LOT/LSPM_J0419+4233/2020-11-18/LSPM_J0419+4233-20201118@203429-Eden.fits (447/489)
Storing /home/altsai/eden/LOT20201118_LSPM_J0419+4233_mod/LSPM_J0419+4233-20201118@203545-Eden.fts -> s3://eden-data/RAW/LOT/LSPM_J0419+4233/2020-11-18/LSPM_J0419+4233-20201118@203545-Eden.fits (448/489)
Storing /home/altsai/eden/LOT20201118_LSPM_J0419+4233_mod/LSPM_J0419+4233-20201118@203659-Eden.fts -> s3://eden-data/RAW/LOT/LSPM_J0419+4233/2020-11-18/LSPM_J0419+4233-20201118@203659-Eden.fits (449/489)
Storing /home/altsai/eden/LOT20201118_LSPM_J0419+4233_mod/LSPM_J0419+4233-20201118@203815-Eden.fts -> s3://eden-data/RAW/LOT/LSPM_J0419+4233/2020-11-18/LSPM_J0419+4233-20201118@203815-Eden.fits (450/489)
Storing /home/altsai/eden/LOT20201118_LSPM_J0419+4233_mod/LSPM_J0419+4233-20201118@203929-Eden.fts -> s3://eden-data/RAW/LOT/LSPM_J0419+4233/2020-11-18/LSPM_J0419+4233-20201118@203929-Eden.fits (451/489)
Storing /home/altsai/eden/LOT20201118_LSPM_J0419+4233_mod/LSPM_J0419+4233-20201118@204045-Eden.fts -> s3://eden-data/RAW/LOT/LSPM_J0419+4233/2020-11-18/LSPM_J0419+4233-20201118@204045-Eden.fits (452/489)
Storing /home/altsai/eden/LOT20201118_LSPM_J0419+4233_mod/LSPM_J0419+4233-20201118@204200-Eden.fts -> s3://eden-data/RAW/LOT/LSPM_J0419+4233/2020-11-18/LSPM_J0419+4233-20201118@204200-Eden.fits (453/489)
Storing /home/altsai/eden/LOT20201118_LSPM_J0419+4233_mod/LSPM_J0419+4233-20201118@204315-Eden.fts -> s3://eden-data/RAW/LOT/LSPM_J0419+4233/2020-11-18/LSPM_J0419+4233-20201118@204315-Eden.fits (454/489)
Storing /home/altsai/eden/LOT20201118_LSPM_J0419+4233_mod/LSPM_J0419+4233-20201118@204430-Eden.fts -> s3://eden-data/RAW/LOT/LSPM_J0419+4233/2020-11-18/LSPM_J0419+4233-20201118@204430-Eden.fits (455/489)
Storing /home/altsai/eden/LOT20201118_LSPM_J0419+4233_mod/LSPM_J0419+4233-20201118@204545-Eden.fts -> s3://eden-data/RAW/LOT/LSPM_J0419+4233/2020-11-18/LSPM_J0419+4233-20201118@204545-Eden.fits (456/489)
Storing /home/altsai/eden/LOT20201118_LSPM_J0419+4233_mod/LSPM_J0419+4233-20201118@204700-Eden.fts -> s3://eden-data/RAW/LOT/LSPM_J0419+4233/2020-11-18/LSPM_J0419+4233-20201118@204700-Eden.fits (457/489)
Storing /home/altsai/eden/LOT20201118_LSPM_J0419+4233_mod/LSPM_J0419+4233-20201118@204814-Eden.fts -> s3://eden-data/RAW/LOT/LSPM_J0419+4233/2020-11-18/LSPM_J0419+4233-20201118@204814-Eden.fits (458/489)
Storing /home/altsai/eden/LOT20201118_LSPM_J0419+4233_mod/LSPM_J0419+4233-20201118@204930-Eden.fts -> s3://eden-data/RAW/LOT/LSPM_J0419+4233/2020-11-18/LSPM_J0419+4233-20201118@204930-Eden.fits (459/489)
Storing /home/altsai/eden/LOT20201118_LSPM_J0419+4233_mod/LSPM_J0419+4233-20201118@205046-Eden.fts -> s3://eden-data/RAW/LOT/LSPM_J0419+4233/2020-11-18/LSPM_J0419+4233-20201118@205046-Eden.fits (460/489)
Storing /home/altsai/eden/LOT20201118_LSPM_J0419+4233_mod/LSPM_J0419+4233-20201118@205200-Eden.fts -> s3://eden-data/RAW/LOT/LSPM_J0419+4233/2020-11-18/LSPM_J0419+4233-20201118@205200-Eden.fits (461/489)
Storing /home/altsai/eden/LOT20201118_LSPM_J0419+4233_mod/LSPM_J0419+4233-20201118@205315-Eden.fts -> s3://eden-data/RAW/LOT/LSPM_J0419+4233/2020-11-18/LSPM_J0419+4233-20201118@205315-Eden.fits (462/489)
Storing /home/altsai/eden/LOT20201118_LSPM_J0419+4233_mod/LSPM_J0419+4233-20201118@205430-Eden.fts -> s3://eden-data/RAW/LOT/LSPM_J0419+4233/2020-11-18/LSPM_J0419+4233-20201118@205430-Eden.fits (463/489)
Storing /home/altsai/eden/LOT20201118_LSPM_J0419+4233_mod/LSPM_J0419+4233-20201118@205544-Eden.fts -> s3://eden-data/RAW/LOT/LSPM_J0419+4233/2020-11-18/LSPM_J0419+4233-20201118@205544-Eden.fits (464/489)
Storing /home/altsai/eden/LOT20201118_LSPM_J0419+4233_mod/LSPM_J0419+4233-20201118@205659-Eden.fts -> s3://eden-data/RAW/LOT/LSPM_J0419+4233/2020-11-18/LSPM_J0419+4233-20201118@205659-Eden.fits (465/489)
Storing /home/altsai/eden/LOT20201118_LSPM_J0419+4233_mod/LSPM_J0419+4233-20201118@205815-Eden.fts -> s3://eden-data/RAW/LOT/LSPM_J0419+4233/2020-11-18/LSPM_J0419+4233-20201118@205815-Eden.fits (466/489)
Storing /home/altsai/eden/LOT20201118_LSPM_J0419+4233_mod/LSPM_J0419+4233-20201118@205930-Eden.fts -> s3://eden-data/RAW/LOT/LSPM_J0419+4233/2020-11-18/LSPM_J0419+4233-20201118@205930-Eden.fits (467/489)
Storing /home/altsai/eden/LOT20201118_LSPM_J0419+4233_mod/LSPM_J0419+4233-20201118@210044-Eden.fts -> s3://eden-data/RAW/LOT/LSPM_J0419+4233/2020-11-18/LSPM_J0419+4233-20201118@210044-Eden.fits (468/489)
Storing /home/altsai/eden/LOT20201118_LSPM_J0419+4233_mod/LSPM_J0419+4233-20201118@210201-Eden.fts -> s3://eden-data/RAW/LOT/LSPM_J0419+4233/2020-11-18/LSPM_J0419+4233-20201118@210201-Eden.fits (469/489)
Storing /home/altsai/eden/LOT20201118_LSPM_J0419+4233_mod/LSPM_J0419+4233-20201118@210316-Eden.fts -> s3://eden-data/RAW/LOT/LSPM_J0419+4233/2020-11-18/LSPM_J0419+4233-20201118@210316-Eden.fits (470/489)
Storing /home/altsai/eden/LOT20201118_LSPM_J0419+4233_mod/LSPM_J0419+4233-20201118@210432-Eden.fts -> s3://eden-data/RAW/LOT/LSPM_J0419+4233/2020-11-18/LSPM_J0419+4233-20201118@210432-Eden.fits (471/489)
Storing /home/altsai/eden/LOT20201118_LSPM_J0419+4233_mod/LSPM_J0419+4233-20201118@210546-Eden.fts -> s3://eden-data/RAW/LOT/LSPM_J0419+4233/2020-11-18/LSPM_J0419+4233-20201118@210546-Eden.fits (472/489)
Storing /home/altsai/eden/LOT20201118_LSPM_J0419+4233_mod/LSPM_J0419+4233-20201118@210701-Eden.fts -> s3://eden-data/RAW/LOT/LSPM_J0419+4233/2020-11-18/LSPM_J0419+4233-20201118@210701-Eden.fits (473/489)
Storing /home/altsai/eden/LOT20201118_LSPM_J0419+4233_mod/LSPM_J0419+4233-20201118@210817-Eden.fts -> s3://eden-data/RAW/LOT/LSPM_J0419+4233/2020-11-18/LSPM_J0419+4233-20201118@210817-Eden.fits (474/489)
Storing /home/altsai/eden/LOT20201118_LSPM_J0419+4233_mod/LSPM_J0419+4233-20201118@210933-Eden.fts -> s3://eden-data/RAW/LOT/LSPM_J0419+4233/2020-11-18/LSPM_J0419+4233-20201118@210933-Eden.fits (475/489)
Storing /home/altsai/eden/LOT20201118_LSPM_J0419+4233_mod/LSPM_J0419+4233-20201118@211047-Eden.fts -> s3://eden-data/RAW/LOT/LSPM_J0419+4233/2020-11-18/LSPM_J0419+4233-20201118@211047-Eden.fits (476/489)
Storing /home/altsai/eden/LOT20201118_LSPM_J0419+4233_mod/LSPM_J0419+4233-20201118@211202-Eden.fts -> s3://eden-data/RAW/LOT/LSPM_J0419+4233/2020-11-18/LSPM_J0419+4233-20201118@211202-Eden.fits (477/489)
Storing /home/altsai/eden/LOT20201118_LSPM_J0419+4233_mod/LSPM_J0419+4233-20201118@211318-Eden.fts -> s3://eden-data/RAW/LOT/LSPM_J0419+4233/2020-11-18/LSPM_J0419+4233-20201118@211318-Eden.fits (478/489)
Storing /home/altsai/eden/LOT20201118_LSPM_J0419+4233_mod/LSPM_J0419+4233-20201118@211432-Eden.fts -> s3://eden-data/RAW/LOT/LSPM_J0419+4233/2020-11-18/LSPM_J0419+4233-20201118@211432-Eden.fits (479/489)
Storing /home/altsai/eden/LOT20201118_LSPM_J0419+4233_mod/LSPM_J0419+4233-20201118@211547-Eden.fts -> s3://eden-data/RAW/LOT/LSPM_J0419+4233/2020-11-18/LSPM_J0419+4233-20201118@211547-Eden.fits (480/489)
Storing /home/altsai/eden/LOT20201118_LSPM_J0419+4233_mod/LSPM_J0419+4233-20201118@211702-Eden.fts -> s3://eden-data/RAW/LOT/LSPM_J0419+4233/2020-11-18/LSPM_J0419+4233-20201118@211702-Eden.fits (481/489)
Storing /home/altsai/eden/LOT20201118_LSPM_J0419+4233_mod/LSPM_J0419+4233-20201118@211816-Eden.fts -> s3://eden-data/RAW/LOT/LSPM_J0419+4233/2020-11-18/LSPM_J0419+4233-20201118@211816-Eden.fits (482/489)
Storing /home/altsai/eden/LOT20201118_LSPM_J0419+4233_mod/LSPM_J0419+4233-20201118@211931-Eden.fts -> s3://eden-data/RAW/LOT/LSPM_J0419+4233/2020-11-18/LSPM_J0419+4233-20201118@211931-Eden.fits (483/489)
Storing /home/altsai/eden/LOT20201118_LSPM_J0419+4233_mod/LSPM_J0419+4233-20201118@212045-Eden.fts -> s3://eden-data/RAW/LOT/LSPM_J0419+4233/2020-11-18/LSPM_J0419+4233-20201118@212045-Eden.fits (484/489)
Storing /home/altsai/eden/LOT20201118_LSPM_J0419+4233_mod/LSPM_J0419+4233-20201118@212200-Eden.fts -> s3://eden-data/RAW/LOT/LSPM_J0419+4233/2020-11-18/LSPM_J0419+4233-20201118@212200-Eden.fits (485/489)
Storing /home/altsai/eden/LOT20201118_LSPM_J0419+4233_mod/LSPM_J0419+4233-20201118@212314-Eden.fts -> s3://eden-data/RAW/LOT/LSPM_J0419+4233/2020-11-18/LSPM_J0419+4233-20201118@212314-Eden.fits (486/489)
Storing /home/altsai/eden/LOT20201118_LSPM_J0419+4233_mod/LSPM_J0419+4233-20201118@212429-Eden.fts -> s3://eden-data/RAW/LOT/LSPM_J0419+4233/2020-11-18/LSPM_J0419+4233-20201118@212429-Eden.fits (487/489)
Storing /home/altsai/eden/LOT20201118_LSPM_J0419+4233_mod/LSPM_J0419+4233-20201118@212543-Eden.fts -> s3://eden-data/RAW/LOT/LSPM_J0419+4233/2020-11-18/LSPM_J0419+4233-20201118@212543-Eden.fits (488/489)
Storing /home/altsai/eden/LOT20201118_LSPM_J0419+4233_mod/LSPM_J0419+4233-20201118@212657-Eden.fts -> s3://eden-data/RAW/LOT/LSPM_J0419+4233/2020-11-18/LSPM_J0419+4233-20201118@212657-Eden.fits (489/489)

Upload complete!
Stored: 489 files (4.1 GB)
