-----------------
input parameters
-----------------
['modify_header_eden.py', 'LOT20200225-LSPM_J1055+0808', '12']
Your will modify header for: LSPM_J1055+0808 [RA] 10 55 47.3424 [Dec] +08 08 42.9329 [Filter] GG495
---------------
folder: LOT20200225-LSPM_J1055+0808
will update fits in: LOT20200225-LSPM_J1055+0808_mod
 ---------------------------
 Exame Fits Header for Bias
 ---------------------------
find ./LOT20200225-LSPM_J1055+0808/bias-dark/ | grep 'fits\|fts'|sort 
found 20 Bias/Dark
1/20 Bias-20200225@221727-000S.fts [TYPE] BIAS [EXPTIME] 0.0
2/20 Bias-20200225@221735-000S.fts [TYPE] BIAS [EXPTIME] 0.0
3/20 Bias-20200225@221742-000S.fts [TYPE] BIAS [EXPTIME] 0.0
4/20 Bias-20200225@221749-000S.fts [TYPE] BIAS [EXPTIME] 0.0
5/20 Bias-20200225@221756-000S.fts [TYPE] BIAS [EXPTIME] 0.0
6/20 Bias-20200225@221803-000S.fts [TYPE] BIAS [EXPTIME] 0.0
7/20 Bias-20200225@221809-000S.fts [TYPE] BIAS [EXPTIME] 0.0
8/20 Bias-20200225@221815-000S.fts [TYPE] BIAS [EXPTIME] 0.0
9/20 Bias-20200225@221822-000S.fts [TYPE] BIAS [EXPTIME] 0.0
10/20 Bias-20200225@221829-000S.fts [TYPE] BIAS [EXPTIME] 0.0
11/20 Dark-20200225@221837-060S.fts [TYPE] DARK [EXPTIME] 60.0
12/20 Dark-20200225@221944-060S.fts [TYPE] DARK [EXPTIME] 60.0
13/20 Dark-20200225@222051-060S.fts [TYPE] DARK [EXPTIME] 60.0
14/20 Dark-20200225@222159-060S.fts [TYPE] DARK [EXPTIME] 60.0
15/20 Dark-20200225@222306-060S.fts [TYPE] DARK [EXPTIME] 60.0
16/20 Dark-20200225@222413-060S.fts [TYPE] DARK [EXPTIME] 60.0
17/20 Dark-20200225@222519-060S.fts [TYPE] DARK [EXPTIME] 60.0
18/20 Dark-20200225@222626-060S.fts [TYPE] DARK [EXPTIME] 60.0
19/20 Dark-20200225@222733-060S.fts [TYPE] DARK [EXPTIME] 60.0
20/20 Dark-20200225@222840-060S.fts [TYPE] DARK [EXPTIME] 60.0
 ---------------------------
 Exame Fits Header for Flat
 ---------------------------
find ./LOT20200225-LSPM_J1055+0808/ | grep flat/ |grep eden| grep -E 'fits|fts'|sort -t'-' -k2.4,2.6 
found 0 Flat
no files in ./flat/
 ---------------------------
 Update Fits Header for Science Target
 ---------------------------
find ./LOT20200225-LSPM_J1055+0808/wchen/ | cut -d / -f1-4| grep 'fits\|fts'  |sort -t'@' -k2
found 404 Target

... update header ...
1/404 LSPM_J1055+0808-20200225@124643-Eden.fts [TYPE] LIGHT [OBJ] LSPM_J1055+0808 [RA] 10 55 47.3424 [Dec] +08 08 42.9329 [FIL] GG495 [EXPTIME] 60.0 [Date] 2020-02-25T12:46:56 [Time] 12:46:56
2/404 LSPM_J1055+0808-20200225@124812-Eden.fts [TYPE] LIGHT [OBJ] LSPM_J1055+0808 [RA] 10 55 47.3424 [Dec] +08 08 42.9329 [FIL] GG495 [EXPTIME] 60.0 [Date] 2020-02-25T12:48:12 [Time] 12:48:12
3/404 LSPM_J1055+0808-20200225@124926-Eden.fts [TYPE] LIGHT [OBJ] LSPM_J1055+0808 [RA] 10 55 47.3424 [Dec] +08 08 42.9329 [FIL] GG495 [EXPTIME] 60.0 [Date] 2020-02-25T12:49:26 [Time] 12:49:26
4/404 LSPM_J1055+0808-20200225@125039-Eden.fts [TYPE] LIGHT [OBJ] LSPM_J1055+0808 [RA] 10 55 47.3424 [Dec] +08 08 42.9329 [FIL] GG495 [EXPTIME] 60.0 [Date] 2020-02-25T12:50:40 [Time] 12:50:40
5/404 LSPM_J1055+0808-20200225@125153-Eden.fts [TYPE] LIGHT [OBJ] LSPM_J1055+0808 [RA] 10 55 47.3424 [Dec] +08 08 42.9329 [FIL] GG495 [EXPTIME] 60.0 [Date] 2020-02-25T12:51:54 [Time] 12:51:54
6/404 LSPM_J1055+0808-20200225@125309-Eden.fts [TYPE] LIGHT [OBJ] LSPM_J1055+0808 [RA] 10 55 47.3424 [Dec] +08 08 42.9329 [FIL] GG495 [EXPTIME] 60.0 [Date] 2020-02-25T12:53:10 [Time] 12:53:10
7/404 LSPM_J1055+0808-20200225@125424-Eden.fts [TYPE] LIGHT [OBJ] LSPM_J1055+0808 [RA] 10 55 47.3424 [Dec] +08 08 42.9329 [FIL] GG495 [EXPTIME] 60.0 [Date] 2020-02-25T12:54:25 [Time] 12:54:25
8/404 LSPM_J1055+0808-20200225@125540-Eden.fts [TYPE] LIGHT [OBJ] LSPM_J1055+0808 [RA] 10 55 47.3424 [Dec] +08 08 42.9329 [FIL] GG495 [EXPTIME] 60.0 [Date] 2020-02-25T12:55:40 [Time] 12:55:40
9/404 LSPM_J1055+0808-20200225@125655-Eden.fts [TYPE] LIGHT [OBJ] LSPM_J1055+0808 [RA] 10 55 47.3424 [Dec] +08 08 42.9329 [FIL] GG495 [EXPTIME] 60.0 [Date] 2020-02-25T12:56:55 [Time] 12:56:55
10/404 LSPM_J1055+0808-20200225@125809-Eden.fts [TYPE] LIGHT [OBJ] LSPM_J1055+0808 [RA] 10 55 47.3424 [Dec] +08 08 42.9329 [FIL] GG495 [EXPTIME] 60.0 [Date] 2020-02-25T12:58:10 [Time] 12:58:10
11/404 LSPM_J1055+0808-20200225@125924-Eden.fts [TYPE] LIGHT [OBJ] LSPM_J1055+0808 [RA] 10 55 47.3424 [Dec] +08 08 42.9329 [FIL] GG495 [EXPTIME] 60.0 [Date] 2020-02-25T12:59:25 [Time] 12:59:25
12/404 LSPM_J1055+0808-20200225@130041-Eden.fts [TYPE] LIGHT [OBJ] LSPM_J1055+0808 [RA] 10 55 47.3424 [Dec] +08 08 42.9329 [FIL] GG495 [EXPTIME] 60.0 [Date] 2020-02-25T13:00:41 [Time] 13:00:41
13/404 LSPM_J1055+0808-20200225@130155-Eden.fts [TYPE] LIGHT [OBJ] LSPM_J1055+0808 [RA] 10 55 47.3424 [Dec] +08 08 42.9329 [FIL] GG495 [EXPTIME] 60.0 [Date] 2020-02-25T13:01:55 [Time] 13:01:55
14/404 LSPM_J1055+0808-20200225@130311-Eden.fts [TYPE] LIGHT [OBJ] LSPM_J1055+0808 [RA] 10 55 47.3424 [Dec] +08 08 42.9329 [FIL] GG495 [EXPTIME] 60.0 [Date] 2020-02-25T13:03:12 [Time] 13:03:12
15/404 LSPM_J1055+0808-20200225@130426-Eden.fts [TYPE] LIGHT [OBJ] LSPM_J1055+0808 [RA] 10 55 47.3424 [Dec] +08 08 42.9329 [FIL] GG495 [EXPTIME] 60.0 [Date] 2020-02-25T13:04:27 [Time] 13:04:27
16/404 LSPM_J1055+0808-20200225@130542-Eden.fts [TYPE] LIGHT [OBJ] LSPM_J1055+0808 [RA] 10 55 47.3424 [Dec] +08 08 42.9329 [FIL] GG495 [EXPTIME] 60.0 [Date] 2020-02-25T13:05:42 [Time] 13:05:42
17/404 LSPM_J1055+0808-20200225@130657-Eden.fts [TYPE] LIGHT [OBJ] LSPM_J1055+0808 [RA] 10 55 47.3424 [Dec] +08 08 42.9329 [FIL] GG495 [EXPTIME] 60.0 [Date] 2020-02-25T13:06:59 [Time] 13:06:59
18/404 LSPM_J1055+0808-20200225@130814-Eden.fts [TYPE] LIGHT [OBJ] LSPM_J1055+0808 [RA] 10 55 47.3424 [Dec] +08 08 42.9329 [FIL] GG495 [EXPTIME] 60.0 [Date] 2020-02-25T13:08:15 [Time] 13:08:15
19/404 LSPM_J1055+0808-20200225@130930-Eden.fts [TYPE] LIGHT [OBJ] LSPM_J1055+0808 [RA] 10 55 47.3424 [Dec] +08 08 42.9329 [FIL] GG495 [EXPTIME] 60.0 [Date] 2020-02-25T13:09:30 [Time] 13:09:30
20/404 LSPM_J1055+0808-20200225@131044-Eden.fts [TYPE] LIGHT [OBJ] LSPM_J1055+0808 [RA] 10 55 47.3424 [Dec] +08 08 42.9329 [FIL] GG495 [EXPTIME] 60.0 [Date] 2020-02-25T13:10:45 [Time] 13:10:45
21/404 LSPM_J1055+0808-20200225@131159-Eden.fts [TYPE] LIGHT [OBJ] LSPM_J1055+0808 [RA] 10 55 47.3424 [Dec] +08 08 42.9329 [FIL] GG495 [EXPTIME] 60.0 [Date] 2020-02-25T13:11:59 [Time] 13:11:59
22/404 LSPM_J1055+0808-20200225@131313-Eden.fts [TYPE] LIGHT [OBJ] LSPM_J1055+0808 [RA] 10 55 47.3424 [Dec] +08 08 42.9329 [FIL] GG495 [EXPTIME] 60.0 [Date] 2020-02-25T13:13:13 [Time] 13:13:13
23/404 LSPM_J1055+0808-20200225@131429-Eden.fts [TYPE] LIGHT [OBJ] LSPM_J1055+0808 [RA] 10 55 47.3424 [Dec] +08 08 42.9329 [FIL] GG495 [EXPTIME] 60.0 [Date] 2020-02-25T13:14:29 [Time] 13:14:29
24/404 LSPM_J1055+0808-20200225@131543-Eden.fts [TYPE] LIGHT [OBJ] LSPM_J1055+0808 [RA] 10 55 47.3424 [Dec] +08 08 42.9329 [FIL] GG495 [EXPTIME] 60.0 [Date] 2020-02-25T13:15:44 [Time] 13:15:44
25/404 LSPM_J1055+0808-20200225@131659-Eden.fts [TYPE] LIGHT [OBJ] LSPM_J1055+0808 [RA] 10 55 47.3424 [Dec] +08 08 42.9329 [FIL] GG495 [EXPTIME] 60.0 [Date] 2020-02-25T13:16:59 [Time] 13:16:59
26/404 LSPM_J1055+0808-20200225@131813-Eden.fts [TYPE] LIGHT [OBJ] LSPM_J1055+0808 [RA] 10 55 47.3424 [Dec] +08 08 42.9329 [FIL] GG495 [EXPTIME] 60.0 [Date] 2020-02-25T13:18:14 [Time] 13:18:14
27/404 LSPM_J1055+0808-20200225@131928-Eden.fts [TYPE] LIGHT [OBJ] LSPM_J1055+0808 [RA] 10 55 47.3424 [Dec] +08 08 42.9329 [FIL] GG495 [EXPTIME] 60.0 [Date] 2020-02-25T13:19:29 [Time] 13:19:29
28/404 LSPM_J1055+0808-20200225@132042-Eden.fts [TYPE] LIGHT [OBJ] LSPM_J1055+0808 [RA] 10 55 47.3424 [Dec] +08 08 42.9329 [FIL] GG495 [EXPTIME] 60.0 [Date] 2020-02-25T13:20:42 [Time] 13:20:42
29/404 LSPM_J1055+0808-20200225@132156-Eden.fts [TYPE] LIGHT [OBJ] LSPM_J1055+0808 [RA] 10 55 47.3424 [Dec] +08 08 42.9329 [FIL] GG495 [EXPTIME] 60.0 [Date] 2020-02-25T13:21:56 [Time] 13:21:56
30/404 LSPM_J1055+0808-20200225@132311-Eden.fts [TYPE] LIGHT [OBJ] LSPM_J1055+0808 [RA] 10 55 47.3424 [Dec] +08 08 42.9329 [FIL] GG495 [EXPTIME] 60.0 [Date] 2020-02-25T13:23:11 [Time] 13:23:11
31/404 LSPM_J1055+0808-20200225@132425-Eden.fts [TYPE] LIGHT [OBJ] LSPM_J1055+0808 [RA] 10 55 47.3424 [Dec] +08 08 42.9329 [FIL] GG495 [EXPTIME] 60.0 [Date] 2020-02-25T13:24:25 [Time] 13:24:25
32/404 LSPM_J1055+0808-20200225@132542-Eden.fts [TYPE] LIGHT [OBJ] LSPM_J1055+0808 [RA] 10 55 47.3424 [Dec] +08 08 42.9329 [FIL] GG495 [EXPTIME] 60.0 [Date] 2020-02-25T13:25:42 [Time] 13:25:42
33/404 LSPM_J1055+0808-20200225@132656-Eden.fts [TYPE] LIGHT [OBJ] LSPM_J1055+0808 [RA] 10 55 47.3424 [Dec] +08 08 42.9329 [FIL] GG495 [EXPTIME] 60.0 [Date] 2020-02-25T13:26:57 [Time] 13:26:57
34/404 LSPM_J1055+0808-20200225@132812-Eden.fts [TYPE] LIGHT [OBJ] LSPM_J1055+0808 [RA] 10 55 47.3424 [Dec] +08 08 42.9329 [FIL] GG495 [EXPTIME] 60.0 [Date] 2020-02-25T13:28:13 [Time] 13:28:13
35/404 LSPM_J1055+0808-20200225@132928-Eden.fts [TYPE] LIGHT [OBJ] LSPM_J1055+0808 [RA] 10 55 47.3424 [Dec] +08 08 42.9329 [FIL] GG495 [EXPTIME] 60.0 [Date] 2020-02-25T13:29:28 [Time] 13:29:28
36/404 LSPM_J1055+0808-20200225@133042-Eden.fts [TYPE] LIGHT [OBJ] LSPM_J1055+0808 [RA] 10 55 47.3424 [Dec] +08 08 42.9329 [FIL] GG495 [EXPTIME] 60.0 [Date] 2020-02-25T13:30:43 [Time] 13:30:43
37/404 LSPM_J1055+0808-20200225@133157-Eden.fts [TYPE] LIGHT [OBJ] LSPM_J1055+0808 [RA] 10 55 47.3424 [Dec] +08 08 42.9329 [FIL] GG495 [EXPTIME] 60.0 [Date] 2020-02-25T13:31:58 [Time] 13:31:58
38/404 LSPM_J1055+0808-20200225@133313-Eden.fts [TYPE] LIGHT [OBJ] LSPM_J1055+0808 [RA] 10 55 47.3424 [Dec] +08 08 42.9329 [FIL] GG495 [EXPTIME] 60.0 [Date] 2020-02-25T13:33:13 [Time] 13:33:13
39/404 LSPM_J1055+0808-20200225@133427-Eden.fts [TYPE] LIGHT [OBJ] LSPM_J1055+0808 [RA] 10 55 47.3424 [Dec] +08 08 42.9329 [FIL] GG495 [EXPTIME] 60.0 [Date] 2020-02-25T13:34:28 [Time] 13:34:28
40/404 LSPM_J1055+0808-20200225@133543-Eden.fts [TYPE] LIGHT [OBJ] LSPM_J1055+0808 [RA] 10 55 47.3424 [Dec] +08 08 42.9329 [FIL] GG495 [EXPTIME] 60.0 [Date] 2020-02-25T13:35:43 [Time] 13:35:43
41/404 LSPM_J1055+0808-20200225@133659-Eden.fts [TYPE] LIGHT [OBJ] LSPM_J1055+0808 [RA] 10 55 47.3424 [Dec] +08 08 42.9329 [FIL] GG495 [EXPTIME] 60.0 [Date] 2020-02-25T13:37:00 [Time] 13:37:00
42/404 LSPM_J1055+0808-20200225@133814-Eden.fts [TYPE] LIGHT [OBJ] LSPM_J1055+0808 [RA] 10 55 47.3424 [Dec] +08 08 42.9329 [FIL] GG495 [EXPTIME] 60.0 [Date] 2020-02-25T13:38:15 [Time] 13:38:15
43/404 LSPM_J1055+0808-20200225@133929-Eden.fts [TYPE] LIGHT [OBJ] LSPM_J1055+0808 [RA] 10 55 47.3424 [Dec] +08 08 42.9329 [FIL] GG495 [EXPTIME] 60.0 [Date] 2020-02-25T13:39:30 [Time] 13:39:30
44/404 LSPM_J1055+0808-20200225@134045-Eden.fts [TYPE] LIGHT [OBJ] LSPM_J1055+0808 [RA] 10 55 47.3424 [Dec] +08 08 42.9329 [FIL] GG495 [EXPTIME] 60.0 [Date] 2020-02-25T13:40:45 [Time] 13:40:45
45/404 LSPM_J1055+0808-20200225@134200-Eden.fts [TYPE] LIGHT [OBJ] LSPM_J1055+0808 [RA] 10 55 47.3424 [Dec] +08 08 42.9329 [FIL] GG495 [EXPTIME] 60.0 [Date] 2020-02-25T13:42:00 [Time] 13:42:00
46/404 LSPM_J1055+0808-20200225@134314-Eden.fts [TYPE] LIGHT [OBJ] LSPM_J1055+0808 [RA] 10 55 47.3424 [Dec] +08 08 42.9329 [FIL] GG495 [EXPTIME] 60.0 [Date] 2020-02-25T13:43:14 [Time] 13:43:14
47/404 LSPM_J1055+0808-20200225@134430-Eden.fts [TYPE] LIGHT [OBJ] LSPM_J1055+0808 [RA] 10 55 47.3424 [Dec] +08 08 42.9329 [FIL] GG495 [EXPTIME] 60.0 [Date] 2020-02-25T13:44:31 [Time] 13:44:31
48/404 LSPM_J1055+0808-20200225@134545-Eden.fts [TYPE] LIGHT [OBJ] LSPM_J1055+0808 [RA] 10 55 47.3424 [Dec] +08 08 42.9329 [FIL] GG495 [EXPTIME] 60.0 [Date] 2020-02-25T13:45:46 [Time] 13:45:46
49/404 LSPM_J1055+0808-20200225@134700-Eden.fts [TYPE] LIGHT [OBJ] LSPM_J1055+0808 [RA] 10 55 47.3424 [Dec] +08 08 42.9329 [FIL] GG495 [EXPTIME] 60.0 [Date] 2020-02-25T13:47:01 [Time] 13:47:01
50/404 LSPM_J1055+0808-20200225@134814-Eden.fts [TYPE] LIGHT [OBJ] LSPM_J1055+0808 [RA] 10 55 47.3424 [Dec] +08 08 42.9329 [FIL] GG495 [EXPTIME] 60.0 [Date] 2020-02-25T13:48:15 [Time] 13:48:15
51/404 LSPM_J1055+0808-20200225@134930-Eden.fts [TYPE] LIGHT [OBJ] LSPM_J1055+0808 [RA] 10 55 47.3424 [Dec] +08 08 42.9329 [FIL] GG495 [EXPTIME] 60.0 [Date] 2020-02-25T13:49:30 [Time] 13:49:30
52/404 LSPM_J1055+0808-20200225@135045-Eden.fts [TYPE] LIGHT [OBJ] LSPM_J1055+0808 [RA] 10 55 47.3424 [Dec] +08 08 42.9329 [FIL] GG495 [EXPTIME] 60.0 [Date] 2020-02-25T13:50:46 [Time] 13:50:46
53/404 LSPM_J1055+0808-20200225@135159-Eden.fts [TYPE] LIGHT [OBJ] LSPM_J1055+0808 [RA] 10 55 47.3424 [Dec] +08 08 42.9329 [FIL] GG495 [EXPTIME] 60.0 [Date] 2020-02-25T13:51:59 [Time] 13:51:59
54/404 LSPM_J1055+0808-20200225@135313-Eden.fts [TYPE] LIGHT [OBJ] LSPM_J1055+0808 [RA] 10 55 47.3424 [Dec] +08 08 42.9329 [FIL] GG495 [EXPTIME] 60.0 [Date] 2020-02-25T13:53:14 [Time] 13:53:14
55/404 LSPM_J1055+0808-20200225@135428-Eden.fts [TYPE] LIGHT [OBJ] LSPM_J1055+0808 [RA] 10 55 47.3424 [Dec] +08 08 42.9329 [FIL] GG495 [EXPTIME] 60.0 [Date] 2020-02-25T13:54:28 [Time] 13:54:28
56/404 LSPM_J1055+0808-20200225@135543-Eden.fts [TYPE] LIGHT [OBJ] LSPM_J1055+0808 [RA] 10 55 47.3424 [Dec] +08 08 42.9329 [FIL] GG495 [EXPTIME] 60.0 [Date] 2020-02-25T13:55:43 [Time] 13:55:43
57/404 LSPM_J1055+0808-20200225@135659-Eden.fts [TYPE] LIGHT [OBJ] LSPM_J1055+0808 [RA] 10 55 47.3424 [Dec] +08 08 42.9329 [FIL] GG495 [EXPTIME] 60.0 [Date] 2020-02-25T13:56:59 [Time] 13:56:59
58/404 LSPM_J1055+0808-20200225@135814-Eden.fts [TYPE] LIGHT [OBJ] LSPM_J1055+0808 [RA] 10 55 47.3424 [Dec] +08 08 42.9329 [FIL] GG495 [EXPTIME] 60.0 [Date] 2020-02-25T13:58:15 [Time] 13:58:15
59/404 LSPM_J1055+0808-20200225@135929-Eden.fts [TYPE] LIGHT [OBJ] LSPM_J1055+0808 [RA] 10 55 47.3424 [Dec] +08 08 42.9329 [FIL] GG495 [EXPTIME] 60.0 [Date] 2020-02-25T13:59:29 [Time] 13:59:29
60/404 LSPM_J1055+0808-20200225@140043-Eden.fts [TYPE] LIGHT [OBJ] LSPM_J1055+0808 [RA] 10 55 47.3424 [Dec] +08 08 42.9329 [FIL] GG495 [EXPTIME] 60.0 [Date] 2020-02-25T14:00:44 [Time] 14:00:44
61/404 LSPM_J1055+0808-20200225@140158-Eden.fts [TYPE] LIGHT [OBJ] LSPM_J1055+0808 [RA] 10 55 47.3424 [Dec] +08 08 42.9329 [FIL] GG495 [EXPTIME] 60.0 [Date] 2020-02-25T14:01:59 [Time] 14:01:59
62/404 LSPM_J1055+0808-20200225@140313-Eden.fts [TYPE] LIGHT [OBJ] LSPM_J1055+0808 [RA] 10 55 47.3424 [Dec] +08 08 42.9329 [FIL] GG495 [EXPTIME] 60.0 [Date] 2020-02-25T14:03:13 [Time] 14:03:13
63/404 LSPM_J1055+0808-20200225@140426-Eden.fts [TYPE] LIGHT [OBJ] LSPM_J1055+0808 [RA] 10 55 47.3424 [Dec] +08 08 42.9329 [FIL] GG495 [EXPTIME] 60.0 [Date] 2020-02-25T14:04:27 [Time] 14:04:27
64/404 LSPM_J1055+0808-20200225@140541-Eden.fts [TYPE] LIGHT [OBJ] LSPM_J1055+0808 [RA] 10 55 47.3424 [Dec] +08 08 42.9329 [FIL] GG495 [EXPTIME] 60.0 [Date] 2020-02-25T14:05:41 [Time] 14:05:41
65/404 LSPM_J1055+0808-20200225@140656-Eden.fts [TYPE] LIGHT [OBJ] LSPM_J1055+0808 [RA] 10 55 47.3424 [Dec] +08 08 42.9329 [FIL] GG495 [EXPTIME] 60.0 [Date] 2020-02-25T14:06:56 [Time] 14:06:56
66/404 LSPM_J1055+0808-20200225@140812-Eden.fts [TYPE] LIGHT [OBJ] LSPM_J1055+0808 [RA] 10 55 47.3424 [Dec] +08 08 42.9329 [FIL] GG495 [EXPTIME] 60.0 [Date] 2020-02-25T14:08:12 [Time] 14:08:12
67/404 LSPM_J1055+0808-20200225@140927-Eden.fts [TYPE] LIGHT [OBJ] LSPM_J1055+0808 [RA] 10 55 47.3424 [Dec] +08 08 42.9329 [FIL] GG495 [EXPTIME] 60.0 [Date] 2020-02-25T14:09:28 [Time] 14:09:28
68/404 LSPM_J1055+0808-20200225@141041-Eden.fts [TYPE] LIGHT [OBJ] LSPM_J1055+0808 [RA] 10 55 47.3424 [Dec] +08 08 42.9329 [FIL] GG495 [EXPTIME] 60.0 [Date] 2020-02-25T14:10:42 [Time] 14:10:42
69/404 LSPM_J1055+0808-20200225@141157-Eden.fts [TYPE] LIGHT [OBJ] LSPM_J1055+0808 [RA] 10 55 47.3424 [Dec] +08 08 42.9329 [FIL] GG495 [EXPTIME] 60.0 [Date] 2020-02-25T14:11:57 [Time] 14:11:57
70/404 LSPM_J1055+0808-20200225@141314-Eden.fts [TYPE] LIGHT [OBJ] LSPM_J1055+0808 [RA] 10 55 47.3424 [Dec] +08 08 42.9329 [FIL] GG495 [EXPTIME] 60.0 [Date] 2020-02-25T14:13:14 [Time] 14:13:14
71/404 LSPM_J1055+0808-20200225@141429-Eden.fts [TYPE] LIGHT [OBJ] LSPM_J1055+0808 [RA] 10 55 47.3424 [Dec] +08 08 42.9329 [FIL] GG495 [EXPTIME] 60.0 [Date] 2020-02-25T14:14:29 [Time] 14:14:29
72/404 LSPM_J1055+0808-20200225@141544-Eden.fts [TYPE] LIGHT [OBJ] LSPM_J1055+0808 [RA] 10 55 47.3424 [Dec] +08 08 42.9329 [FIL] GG495 [EXPTIME] 60.0 [Date] 2020-02-25T14:15:44 [Time] 14:15:44
73/404 LSPM_J1055+0808-20200225@141658-Eden.fts [TYPE] LIGHT [OBJ] LSPM_J1055+0808 [RA] 10 55 47.3424 [Dec] +08 08 42.9329 [FIL] GG495 [EXPTIME] 60.0 [Date] 2020-02-25T14:16:58 [Time] 14:16:58
74/404 LSPM_J1055+0808-20200225@141812-Eden.fts [TYPE] LIGHT [OBJ] LSPM_J1055+0808 [RA] 10 55 47.3424 [Dec] +08 08 42.9329 [FIL] GG495 [EXPTIME] 60.0 [Date] 2020-02-25T14:18:13 [Time] 14:18:13
75/404 LSPM_J1055+0808-20200225@141927-Eden.fts [TYPE] LIGHT [OBJ] LSPM_J1055+0808 [RA] 10 55 47.3424 [Dec] +08 08 42.9329 [FIL] GG495 [EXPTIME] 60.0 [Date] 2020-02-25T14:19:27 [Time] 14:19:27
76/404 LSPM_J1055+0808-20200225@142041-Eden.fts [TYPE] LIGHT [OBJ] LSPM_J1055+0808 [RA] 10 55 47.3424 [Dec] +08 08 42.9329 [FIL] GG495 [EXPTIME] 60.0 [Date] 2020-02-25T14:20:41 [Time] 14:20:41
77/404 LSPM_J1055+0808-20200225@142154-Eden.fts [TYPE] LIGHT [OBJ] LSPM_J1055+0808 [RA] 10 55 47.3424 [Dec] +08 08 42.9329 [FIL] GG495 [EXPTIME] 60.0 [Date] 2020-02-25T14:21:55 [Time] 14:21:55
78/404 LSPM_J1055+0808-20200225@142308-Eden.fts [TYPE] LIGHT [OBJ] LSPM_J1055+0808 [RA] 10 55 47.3424 [Dec] +08 08 42.9329 [FIL] GG495 [EXPTIME] 60.0 [Date] 2020-02-25T14:23:09 [Time] 14:23:09
79/404 LSPM_J1055+0808-20200225@142423-Eden.fts [TYPE] LIGHT [OBJ] LSPM_J1055+0808 [RA] 10 55 47.3424 [Dec] +08 08 42.9329 [FIL] GG495 [EXPTIME] 60.0 [Date] 2020-02-25T14:24:23 [Time] 14:24:23
80/404 LSPM_J1055+0808-20200225@142538-Eden.fts [TYPE] LIGHT [OBJ] LSPM_J1055+0808 [RA] 10 55 47.3424 [Dec] +08 08 42.9329 [FIL] GG495 [EXPTIME] 60.0 [Date] 2020-02-25T14:25:38 [Time] 14:25:38
81/404 LSPM_J1055+0808-20200225@142652-Eden.fts [TYPE] LIGHT [OBJ] LSPM_J1055+0808 [RA] 10 55 47.3424 [Dec] +08 08 42.9329 [FIL] GG495 [EXPTIME] 60.0 [Date] 2020-02-25T14:26:53 [Time] 14:26:53
82/404 LSPM_J1055+0808-20200225@142807-Eden.fts [TYPE] LIGHT [OBJ] LSPM_J1055+0808 [RA] 10 55 47.3424 [Dec] +08 08 42.9329 [FIL] GG495 [EXPTIME] 60.0 [Date] 2020-02-25T14:28:07 [Time] 14:28:07
83/404 LSPM_J1055+0808-20200225@142921-Eden.fts [TYPE] LIGHT [OBJ] LSPM_J1055+0808 [RA] 10 55 47.3424 [Dec] +08 08 42.9329 [FIL] GG495 [EXPTIME] 60.0 [Date] 2020-02-25T14:29:22 [Time] 14:29:22
84/404 LSPM_J1055+0808-20200225@143037-Eden.fts [TYPE] LIGHT [OBJ] LSPM_J1055+0808 [RA] 10 55 47.3424 [Dec] +08 08 42.9329 [FIL] GG495 [EXPTIME] 60.0 [Date] 2020-02-25T14:30:38 [Time] 14:30:38
85/404 LSPM_J1055+0808-20200225@143152-Eden.fts [TYPE] LIGHT [OBJ] LSPM_J1055+0808 [RA] 10 55 47.3424 [Dec] +08 08 42.9329 [FIL] GG495 [EXPTIME] 60.0 [Date] 2020-02-25T14:31:53 [Time] 14:31:53
86/404 LSPM_J1055+0808-20200225@143306-Eden.fts [TYPE] LIGHT [OBJ] LSPM_J1055+0808 [RA] 10 55 47.3424 [Dec] +08 08 42.9329 [FIL] GG495 [EXPTIME] 60.0 [Date] 2020-02-25T14:33:07 [Time] 14:33:07
87/404 LSPM_J1055+0808-20200225@143420-Eden.fts [TYPE] LIGHT [OBJ] LSPM_J1055+0808 [RA] 10 55 47.3424 [Dec] +08 08 42.9329 [FIL] GG495 [EXPTIME] 60.0 [Date] 2020-02-25T14:34:21 [Time] 14:34:21
88/404 LSPM_J1055+0808-20200225@143536-Eden.fts [TYPE] LIGHT [OBJ] LSPM_J1055+0808 [RA] 10 55 47.3424 [Dec] +08 08 42.9329 [FIL] GG495 [EXPTIME] 60.0 [Date] 2020-02-25T14:35:37 [Time] 14:35:37
89/404 LSPM_J1055+0808-20200225@143652-Eden.fts [TYPE] LIGHT [OBJ] LSPM_J1055+0808 [RA] 10 55 47.3424 [Dec] +08 08 42.9329 [FIL] GG495 [EXPTIME] 60.0 [Date] 2020-02-25T14:36:52 [Time] 14:36:52
90/404 LSPM_J1055+0808-20200225@143806-Eden.fts [TYPE] LIGHT [OBJ] LSPM_J1055+0808 [RA] 10 55 47.3424 [Dec] +08 08 42.9329 [FIL] GG495 [EXPTIME] 60.0 [Date] 2020-02-25T14:38:06 [Time] 14:38:06
91/404 LSPM_J1055+0808-20200225@143919-Eden.fts [TYPE] LIGHT [OBJ] LSPM_J1055+0808 [RA] 10 55 47.3424 [Dec] +08 08 42.9329 [FIL] GG495 [EXPTIME] 60.0 [Date] 2020-02-25T14:39:19 [Time] 14:39:19
92/404 LSPM_J1055+0808-20200225@144035-Eden.fts [TYPE] LIGHT [OBJ] LSPM_J1055+0808 [RA] 10 55 47.3424 [Dec] +08 08 42.9329 [FIL] GG495 [EXPTIME] 60.0 [Date] 2020-02-25T14:40:36 [Time] 14:40:36
93/404 LSPM_J1055+0808-20200225@144150-Eden.fts [TYPE] LIGHT [OBJ] LSPM_J1055+0808 [RA] 10 55 47.3424 [Dec] +08 08 42.9329 [FIL] GG495 [EXPTIME] 60.0 [Date] 2020-02-25T14:41:51 [Time] 14:41:51
94/404 LSPM_J1055+0808-20200225@144305-Eden.fts [TYPE] LIGHT [OBJ] LSPM_J1055+0808 [RA] 10 55 47.3424 [Dec] +08 08 42.9329 [FIL] GG495 [EXPTIME] 60.0 [Date] 2020-02-25T14:43:05 [Time] 14:43:05
95/404 LSPM_J1055+0808-20200225@144418-Eden.fts [TYPE] LIGHT [OBJ] LSPM_J1055+0808 [RA] 10 55 47.3424 [Dec] +08 08 42.9329 [FIL] GG495 [EXPTIME] 60.0 [Date] 2020-02-25T14:44:19 [Time] 14:44:19
96/404 LSPM_J1055+0808-20200225@144533-Eden.fts [TYPE] LIGHT [OBJ] LSPM_J1055+0808 [RA] 10 55 47.3424 [Dec] +08 08 42.9329 [FIL] GG495 [EXPTIME] 60.0 [Date] 2020-02-25T14:45:33 [Time] 14:45:33
97/404 LSPM_J1055+0808-20200225@144648-Eden.fts [TYPE] LIGHT [OBJ] LSPM_J1055+0808 [RA] 10 55 47.3424 [Dec] +08 08 42.9329 [FIL] GG495 [EXPTIME] 60.0 [Date] 2020-02-25T14:46:49 [Time] 14:46:49
98/404 LSPM_J1055+0808-20200225@144803-Eden.fts [TYPE] LIGHT [OBJ] LSPM_J1055+0808 [RA] 10 55 47.3424 [Dec] +08 08 42.9329 [FIL] GG495 [EXPTIME] 60.0 [Date] 2020-02-25T14:48:03 [Time] 14:48:03
99/404 LSPM_J1055+0808-20200225@144916-Eden.fts [TYPE] LIGHT [OBJ] LSPM_J1055+0808 [RA] 10 55 47.3424 [Dec] +08 08 42.9329 [FIL] GG495 [EXPTIME] 60.0 [Date] 2020-02-25T14:49:16 [Time] 14:49:16
100/404 LSPM_J1055+0808-20200225@145030-Eden.fts [TYPE] LIGHT [OBJ] LSPM_J1055+0808 [RA] 10 55 47.3424 [Dec] +08 08 42.9329 [FIL] GG495 [EXPTIME] 60.0 [Date] 2020-02-25T14:50:30 [Time] 14:50:30
101/404 LSPM_J1055+0808-20200225@145144-Eden.fts [TYPE] LIGHT [OBJ] LSPM_J1055+0808 [RA] 10 55 47.3424 [Dec] +08 08 42.9329 [FIL] GG495 [EXPTIME] 60.0 [Date] 2020-02-25T14:51:44 [Time] 14:51:44
102/404 LSPM_J1055+0808-20200225@145301-Eden.fts [TYPE] LIGHT [OBJ] LSPM_J1055+0808 [RA] 10 55 47.3424 [Dec] +08 08 42.9329 [FIL] GG495 [EXPTIME] 60.0 [Date] 2020-02-25T14:53:01 [Time] 14:53:01
103/404 LSPM_J1055+0808-20200225@145416-Eden.fts [TYPE] LIGHT [OBJ] LSPM_J1055+0808 [RA] 10 55 47.3424 [Dec] +08 08 42.9329 [FIL] GG495 [EXPTIME] 60.0 [Date] 2020-02-25T14:54:16 [Time] 14:54:16
104/404 LSPM_J1055+0808-20200225@145531-Eden.fts [TYPE] LIGHT [OBJ] LSPM_J1055+0808 [RA] 10 55 47.3424 [Dec] +08 08 42.9329 [FIL] GG495 [EXPTIME] 60.0 [Date] 2020-02-25T14:55:31 [Time] 14:55:31
105/404 LSPM_J1055+0808-20200225@145647-Eden.fts [TYPE] LIGHT [OBJ] LSPM_J1055+0808 [RA] 10 55 47.3424 [Dec] +08 08 42.9329 [FIL] GG495 [EXPTIME] 60.0 [Date] 2020-02-25T14:56:48 [Time] 14:56:48
106/404 LSPM_J1055+0808-20200225@145802-Eden.fts [TYPE] LIGHT [OBJ] LSPM_J1055+0808 [RA] 10 55 47.3424 [Dec] +08 08 42.9329 [FIL] GG495 [EXPTIME] 60.0 [Date] 2020-02-25T14:58:02 [Time] 14:58:02
107/404 LSPM_J1055+0808-20200225@145917-Eden.fts [TYPE] LIGHT [OBJ] LSPM_J1055+0808 [RA] 10 55 47.3424 [Dec] +08 08 42.9329 [FIL] GG495 [EXPTIME] 60.0 [Date] 2020-02-25T14:59:17 [Time] 14:59:17
108/404 LSPM_J1055+0808-20200225@150032-Eden.fts [TYPE] LIGHT [OBJ] LSPM_J1055+0808 [RA] 10 55 47.3424 [Dec] +08 08 42.9329 [FIL] GG495 [EXPTIME] 60.0 [Date] 2020-02-25T15:00:32 [Time] 15:00:32
109/404 LSPM_J1055+0808-20200225@150146-Eden.fts [TYPE] LIGHT [OBJ] LSPM_J1055+0808 [RA] 10 55 47.3424 [Dec] +08 08 42.9329 [FIL] GG495 [EXPTIME] 60.0 [Date] 2020-02-25T15:01:46 [Time] 15:01:46
110/404 LSPM_J1055+0808-20200225@150300-Eden.fts [TYPE] LIGHT [OBJ] LSPM_J1055+0808 [RA] 10 55 47.3424 [Dec] +08 08 42.9329 [FIL] GG495 [EXPTIME] 60.0 [Date] 2020-02-25T15:03:01 [Time] 15:03:01
111/404 LSPM_J1055+0808-20200225@150416-Eden.fts [TYPE] LIGHT [OBJ] LSPM_J1055+0808 [RA] 10 55 47.3424 [Dec] +08 08 42.9329 [FIL] GG495 [EXPTIME] 60.0 [Date] 2020-02-25T15:04:17 [Time] 15:04:17
112/404 LSPM_J1055+0808-20200225@151044-Eden.fts [TYPE] LIGHT [OBJ] LSPM_J1055+0808 [RA] 10 55 47.3424 [Dec] +08 08 42.9329 [FIL] GG495 [EXPTIME] 60.0 [Date] 2020-02-25T15:10:57 [Time] 15:10:57
113/404 LSPM_J1055+0808-20200225@151210-Eden.fts [TYPE] LIGHT [OBJ] LSPM_J1055+0808 [RA] 10 55 47.3424 [Dec] +08 08 42.9329 [FIL] GG495 [EXPTIME] 60.0 [Date] 2020-02-25T15:12:10 [Time] 15:12:10
114/404 LSPM_J1055+0808-20200225@151324-Eden.fts [TYPE] LIGHT [OBJ] LSPM_J1055+0808 [RA] 10 55 47.3424 [Dec] +08 08 42.9329 [FIL] GG495 [EXPTIME] 60.0 [Date] 2020-02-25T15:13:24 [Time] 15:13:24
115/404 LSPM_J1055+0808-20200225@151439-Eden.fts [TYPE] LIGHT [OBJ] LSPM_J1055+0808 [RA] 10 55 47.3424 [Dec] +08 08 42.9329 [FIL] GG495 [EXPTIME] 60.0 [Date] 2020-02-25T15:14:40 [Time] 15:14:40
116/404 LSPM_J1055+0808-20200225@151554-Eden.fts [TYPE] LIGHT [OBJ] LSPM_J1055+0808 [RA] 10 55 47.3424 [Dec] +08 08 42.9329 [FIL] GG495 [EXPTIME] 60.0 [Date] 2020-02-25T15:15:54 [Time] 15:15:54
117/404 LSPM_J1055+0808-20200225@151709-Eden.fts [TYPE] LIGHT [OBJ] LSPM_J1055+0808 [RA] 10 55 47.3424 [Dec] +08 08 42.9329 [FIL] GG495 [EXPTIME] 60.0 [Date] 2020-02-25T15:17:09 [Time] 15:17:09
118/404 LSPM_J1055+0808-20200225@151824-Eden.fts [TYPE] LIGHT [OBJ] LSPM_J1055+0808 [RA] 10 55 47.3424 [Dec] +08 08 42.9329 [FIL] GG495 [EXPTIME] 60.0 [Date] 2020-02-25T15:18:24 [Time] 15:18:24
119/404 LSPM_J1055+0808-20200225@151937-Eden.fts [TYPE] LIGHT [OBJ] LSPM_J1055+0808 [RA] 10 55 47.3424 [Dec] +08 08 42.9329 [FIL] GG495 [EXPTIME] 60.0 [Date] 2020-02-25T15:19:37 [Time] 15:19:37
120/404 LSPM_J1055+0808-20200225@152052-Eden.fts [TYPE] LIGHT [OBJ] LSPM_J1055+0808 [RA] 10 55 47.3424 [Dec] +08 08 42.9329 [FIL] GG495 [EXPTIME] 60.0 [Date] 2020-02-25T15:20:52 [Time] 15:20:52
121/404 LSPM_J1055+0808-20200225@152208-Eden.fts [TYPE] LIGHT [OBJ] LSPM_J1055+0808 [RA] 10 55 47.3424 [Dec] +08 08 42.9329 [FIL] GG495 [EXPTIME] 60.0 [Date] 2020-02-25T15:22:08 [Time] 15:22:08
122/404 LSPM_J1055+0808-20200225@152322-Eden.fts [TYPE] LIGHT [OBJ] LSPM_J1055+0808 [RA] 10 55 47.3424 [Dec] +08 08 42.9329 [FIL] GG495 [EXPTIME] 60.0 [Date] 2020-02-25T15:23:22 [Time] 15:23:22
123/404 LSPM_J1055+0808-20200225@152436-Eden.fts [TYPE] LIGHT [OBJ] LSPM_J1055+0808 [RA] 10 55 47.3424 [Dec] +08 08 42.9329 [FIL] GG495 [EXPTIME] 60.0 [Date] 2020-02-25T15:24:36 [Time] 15:24:36
124/404 LSPM_J1055+0808-20200225@152551-Eden.fts [TYPE] LIGHT [OBJ] LSPM_J1055+0808 [RA] 10 55 47.3424 [Dec] +08 08 42.9329 [FIL] GG495 [EXPTIME] 60.0 [Date] 2020-02-25T15:25:52 [Time] 15:25:52
125/404 LSPM_J1055+0808-20200225@152706-Eden.fts [TYPE] LIGHT [OBJ] LSPM_J1055+0808 [RA] 10 55 47.3424 [Dec] +08 08 42.9329 [FIL] GG495 [EXPTIME] 60.0 [Date] 2020-02-25T15:27:06 [Time] 15:27:06
126/404 LSPM_J1055+0808-20200225@152821-Eden.fts [TYPE] LIGHT [OBJ] LSPM_J1055+0808 [RA] 10 55 47.3424 [Dec] +08 08 42.9329 [FIL] GG495 [EXPTIME] 60.0 [Date] 2020-02-25T15:28:21 [Time] 15:28:21
127/404 LSPM_J1055+0808-20200225@152934-Eden.fts [TYPE] LIGHT [OBJ] LSPM_J1055+0808 [RA] 10 55 47.3424 [Dec] +08 08 42.9329 [FIL] GG495 [EXPTIME] 60.0 [Date] 2020-02-25T15:29:35 [Time] 15:29:35
128/404 LSPM_J1055+0808-20200225@153049-Eden.fts [TYPE] LIGHT [OBJ] LSPM_J1055+0808 [RA] 10 55 47.3424 [Dec] +08 08 42.9329 [FIL] GG495 [EXPTIME] 60.0 [Date] 2020-02-25T15:30:50 [Time] 15:30:50
129/404 LSPM_J1055+0808-20200225@153203-Eden.fts [TYPE] LIGHT [OBJ] LSPM_J1055+0808 [RA] 10 55 47.3424 [Dec] +08 08 42.9329 [FIL] GG495 [EXPTIME] 60.0 [Date] 2020-02-25T15:32:06 [Time] 15:32:06
130/404 LSPM_J1055+0808-20200225@153320-Eden.fts [TYPE] LIGHT [OBJ] LSPM_J1055+0808 [RA] 10 55 47.3424 [Dec] +08 08 42.9329 [FIL] GG495 [EXPTIME] 60.0 [Date] 2020-02-25T15:33:20 [Time] 15:33:20
131/404 LSPM_J1055+0808-20200225@153435-Eden.fts [TYPE] LIGHT [OBJ] LSPM_J1055+0808 [RA] 10 55 47.3424 [Dec] +08 08 42.9329 [FIL] GG495 [EXPTIME] 60.0 [Date] 2020-02-25T15:34:35 [Time] 15:34:35
132/404 LSPM_J1055+0808-20200225@153549-Eden.fts [TYPE] LIGHT [OBJ] LSPM_J1055+0808 [RA] 10 55 47.3424 [Dec] +08 08 42.9329 [FIL] GG495 [EXPTIME] 60.0 [Date] 2020-02-25T15:35:49 [Time] 15:35:49
133/404 LSPM_J1055+0808-20200225@153704-Eden.fts [TYPE] LIGHT [OBJ] LSPM_J1055+0808 [RA] 10 55 47.3424 [Dec] +08 08 42.9329 [FIL] GG495 [EXPTIME] 60.0 [Date] 2020-02-25T15:37:04 [Time] 15:37:04
134/404 LSPM_J1055+0808-20200225@153820-Eden.fts [TYPE] LIGHT [OBJ] LSPM_J1055+0808 [RA] 10 55 47.3424 [Dec] +08 08 42.9329 [FIL] GG495 [EXPTIME] 60.0 [Date] 2020-02-25T15:38:20 [Time] 15:38:20
135/404 LSPM_J1055+0808-20200225@153935-Eden.fts [TYPE] LIGHT [OBJ] LSPM_J1055+0808 [RA] 10 55 47.3424 [Dec] +08 08 42.9329 [FIL] GG495 [EXPTIME] 60.0 [Date] 2020-02-25T15:39:35 [Time] 15:39:35
136/404 LSPM_J1055+0808-20200225@154051-Eden.fts [TYPE] LIGHT [OBJ] LSPM_J1055+0808 [RA] 10 55 47.3424 [Dec] +08 08 42.9329 [FIL] GG495 [EXPTIME] 60.0 [Date] 2020-02-25T15:40:51 [Time] 15:40:51
137/404 LSPM_J1055+0808-20200225@154205-Eden.fts [TYPE] LIGHT [OBJ] LSPM_J1055+0808 [RA] 10 55 47.3424 [Dec] +08 08 42.9329 [FIL] GG495 [EXPTIME] 60.0 [Date] 2020-02-25T15:42:06 [Time] 15:42:06
138/404 LSPM_J1055+0808-20200225@154321-Eden.fts [TYPE] LIGHT [OBJ] LSPM_J1055+0808 [RA] 10 55 47.3424 [Dec] +08 08 42.9329 [FIL] GG495 [EXPTIME] 60.0 [Date] 2020-02-25T15:43:21 [Time] 15:43:21
139/404 LSPM_J1055+0808-20200225@154438-Eden.fts [TYPE] LIGHT [OBJ] LSPM_J1055+0808 [RA] 10 55 47.3424 [Dec] +08 08 42.9329 [FIL] GG495 [EXPTIME] 60.0 [Date] 2020-02-25T15:44:39 [Time] 15:44:39
140/404 LSPM_J1055+0808-20200225@154553-Eden.fts [TYPE] LIGHT [OBJ] LSPM_J1055+0808 [RA] 10 55 47.3424 [Dec] +08 08 42.9329 [FIL] GG495 [EXPTIME] 60.0 [Date] 2020-02-25T15:45:54 [Time] 15:45:54
141/404 LSPM_J1055+0808-20200225@154708-Eden.fts [TYPE] LIGHT [OBJ] LSPM_J1055+0808 [RA] 10 55 47.3424 [Dec] +08 08 42.9329 [FIL] GG495 [EXPTIME] 60.0 [Date] 2020-02-25T15:47:08 [Time] 15:47:08
142/404 LSPM_J1055+0808-20200225@154823-Eden.fts [TYPE] LIGHT [OBJ] LSPM_J1055+0808 [RA] 10 55 47.3424 [Dec] +08 08 42.9329 [FIL] GG495 [EXPTIME] 60.0 [Date] 2020-02-25T15:48:23 [Time] 15:48:23
143/404 LSPM_J1055+0808-20200225@154938-Eden.fts [TYPE] LIGHT [OBJ] LSPM_J1055+0808 [RA] 10 55 47.3424 [Dec] +08 08 42.9329 [FIL] GG495 [EXPTIME] 60.0 [Date] 2020-02-25T15:49:38 [Time] 15:49:38
144/404 LSPM_J1055+0808-20200225@155053-Eden.fts [TYPE] LIGHT [OBJ] LSPM_J1055+0808 [RA] 10 55 47.3424 [Dec] +08 08 42.9329 [FIL] GG495 [EXPTIME] 60.0 [Date] 2020-02-25T15:50:54 [Time] 15:50:54
145/404 LSPM_J1055+0808-20200225@155207-Eden.fts [TYPE] LIGHT [OBJ] LSPM_J1055+0808 [RA] 10 55 47.3424 [Dec] +08 08 42.9329 [FIL] GG495 [EXPTIME] 60.0 [Date] 2020-02-25T15:52:08 [Time] 15:52:08
146/404 LSPM_J1055+0808-20200225@155323-Eden.fts [TYPE] LIGHT [OBJ] LSPM_J1055+0808 [RA] 10 55 47.3424 [Dec] +08 08 42.9329 [FIL] GG495 [EXPTIME] 60.0 [Date] 2020-02-25T15:53:23 [Time] 15:53:23
147/404 LSPM_J1055+0808-20200225@155438-Eden.fts [TYPE] LIGHT [OBJ] LSPM_J1055+0808 [RA] 10 55 47.3424 [Dec] +08 08 42.9329 [FIL] GG495 [EXPTIME] 60.0 [Date] 2020-02-25T15:54:38 [Time] 15:54:38
148/404 LSPM_J1055+0808-20200225@155555-Eden.fts [TYPE] LIGHT [OBJ] LSPM_J1055+0808 [RA] 10 55 47.3424 [Dec] +08 08 42.9329 [FIL] GG495 [EXPTIME] 60.0 [Date] 2020-02-25T15:55:55 [Time] 15:55:55
149/404 LSPM_J1055+0808-20200225@155711-Eden.fts [TYPE] LIGHT [OBJ] LSPM_J1055+0808 [RA] 10 55 47.3424 [Dec] +08 08 42.9329 [FIL] GG495 [EXPTIME] 60.0 [Date] 2020-02-25T15:57:11 [Time] 15:57:11
150/404 LSPM_J1055+0808-20200225@155826-Eden.fts [TYPE] LIGHT [OBJ] LSPM_J1055+0808 [RA] 10 55 47.3424 [Dec] +08 08 42.9329 [FIL] GG495 [EXPTIME] 60.0 [Date] 2020-02-25T15:58:26 [Time] 15:58:26
151/404 LSPM_J1055+0808-20200225@155940-Eden.fts [TYPE] LIGHT [OBJ] LSPM_J1055+0808 [RA] 10 55 47.3424 [Dec] +08 08 42.9329 [FIL] GG495 [EXPTIME] 60.0 [Date] 2020-02-25T15:59:41 [Time] 15:59:41
152/404 LSPM_J1055+0808-20200225@160057-Eden.fts [TYPE] LIGHT [OBJ] LSPM_J1055+0808 [RA] 10 55 47.3424 [Dec] +08 08 42.9329 [FIL] GG495 [EXPTIME] 60.0 [Date] 2020-02-25T16:00:57 [Time] 16:00:57
153/404 LSPM_J1055+0808-20200225@160211-Eden.fts [TYPE] LIGHT [OBJ] LSPM_J1055+0808 [RA] 10 55 47.3424 [Dec] +08 08 42.9329 [FIL] GG495 [EXPTIME] 60.0 [Date] 2020-02-25T16:02:11 [Time] 16:02:11
154/404 LSPM_J1055+0808-20200225@160325-Eden.fts [TYPE] LIGHT [OBJ] LSPM_J1055+0808 [RA] 10 55 47.3424 [Dec] +08 08 42.9329 [FIL] GG495 [EXPTIME] 60.0 [Date] 2020-02-25T16:03:26 [Time] 16:03:26
155/404 LSPM_J1055+0808-20200225@160440-Eden.fts [TYPE] LIGHT [OBJ] LSPM_J1055+0808 [RA] 10 55 47.3424 [Dec] +08 08 42.9329 [FIL] GG495 [EXPTIME] 60.0 [Date] 2020-02-25T16:04:40 [Time] 16:04:40
156/404 LSPM_J1055+0808-20200225@160555-Eden.fts [TYPE] LIGHT [OBJ] LSPM_J1055+0808 [RA] 10 55 47.3424 [Dec] +08 08 42.9329 [FIL] GG495 [EXPTIME] 60.0 [Date] 2020-02-25T16:05:56 [Time] 16:05:56
157/404 LSPM_J1055+0808-20200225@160710-Eden.fts [TYPE] LIGHT [OBJ] LSPM_J1055+0808 [RA] 10 55 47.3424 [Dec] +08 08 42.9329 [FIL] GG495 [EXPTIME] 60.0 [Date] 2020-02-25T16:07:11 [Time] 16:07:11
158/404 LSPM_J1055+0808-20200225@160825-Eden.fts [TYPE] LIGHT [OBJ] LSPM_J1055+0808 [RA] 10 55 47.3424 [Dec] +08 08 42.9329 [FIL] GG495 [EXPTIME] 60.0 [Date] 2020-02-25T16:08:26 [Time] 16:08:26
159/404 LSPM_J1055+0808-20200225@160941-Eden.fts [TYPE] LIGHT [OBJ] LSPM_J1055+0808 [RA] 10 55 47.3424 [Dec] +08 08 42.9329 [FIL] GG495 [EXPTIME] 60.0 [Date] 2020-02-25T16:09:41 [Time] 16:09:41
160/404 LSPM_J1055+0808-20200225@161056-Eden.fts [TYPE] LIGHT [OBJ] LSPM_J1055+0808 [RA] 10 55 47.3424 [Dec] +08 08 42.9329 [FIL] GG495 [EXPTIME] 60.0 [Date] 2020-02-25T16:10:56 [Time] 16:10:56
161/404 LSPM_J1055+0808-20200225@161210-Eden.fts [TYPE] LIGHT [OBJ] LSPM_J1055+0808 [RA] 10 55 47.3424 [Dec] +08 08 42.9329 [FIL] GG495 [EXPTIME] 60.0 [Date] 2020-02-25T16:12:10 [Time] 16:12:10
162/404 LSPM_J1055+0808-20200225@161326-Eden.fts [TYPE] LIGHT [OBJ] LSPM_J1055+0808 [RA] 10 55 47.3424 [Dec] +08 08 42.9329 [FIL] GG495 [EXPTIME] 60.0 [Date] 2020-02-25T16:13:27 [Time] 16:13:27
163/404 LSPM_J1055+0808-20200225@161442-Eden.fts [TYPE] LIGHT [OBJ] LSPM_J1055+0808 [RA] 10 55 47.3424 [Dec] +08 08 42.9329 [FIL] GG495 [EXPTIME] 60.0 [Date] 2020-02-25T16:14:43 [Time] 16:14:43
164/404 LSPM_J1055+0808-20200225@161557-Eden.fts [TYPE] LIGHT [OBJ] LSPM_J1055+0808 [RA] 10 55 47.3424 [Dec] +08 08 42.9329 [FIL] GG495 [EXPTIME] 60.0 [Date] 2020-02-25T16:15:57 [Time] 16:15:57
165/404 LSPM_J1055+0808-20200225@161712-Eden.fts [TYPE] LIGHT [OBJ] LSPM_J1055+0808 [RA] 10 55 47.3424 [Dec] +08 08 42.9329 [FIL] GG495 [EXPTIME] 60.0 [Date] 2020-02-25T16:17:12 [Time] 16:17:12
166/404 LSPM_J1055+0808-20200225@161828-Eden.fts [TYPE] LIGHT [OBJ] LSPM_J1055+0808 [RA] 10 55 47.3424 [Dec] +08 08 42.9329 [FIL] GG495 [EXPTIME] 60.0 [Date] 2020-02-25T16:18:28 [Time] 16:18:28
167/404 LSPM_J1055+0808-20200225@161943-Eden.fts [TYPE] LIGHT [OBJ] LSPM_J1055+0808 [RA] 10 55 47.3424 [Dec] +08 08 42.9329 [FIL] GG495 [EXPTIME] 60.0 [Date] 2020-02-25T16:19:43 [Time] 16:19:43
168/404 LSPM_J1055+0808-20200225@162057-Eden.fts [TYPE] LIGHT [OBJ] LSPM_J1055+0808 [RA] 10 55 47.3424 [Dec] +08 08 42.9329 [FIL] GG495 [EXPTIME] 60.0 [Date] 2020-02-25T16:20:58 [Time] 16:20:58
169/404 LSPM_J1055+0808-20200225@162212-Eden.fts [TYPE] LIGHT [OBJ] LSPM_J1055+0808 [RA] 10 55 47.3424 [Dec] +08 08 42.9329 [FIL] GG495 [EXPTIME] 60.0 [Date] 2020-02-25T16:22:13 [Time] 16:22:13
170/404 LSPM_J1055+0808-20200225@162327-Eden.fts [TYPE] LIGHT [OBJ] LSPM_J1055+0808 [RA] 10 55 47.3424 [Dec] +08 08 42.9329 [FIL] GG495 [EXPTIME] 60.0 [Date] 2020-02-25T16:23:28 [Time] 16:23:28
171/404 LSPM_J1055+0808-20200225@162444-Eden.fts [TYPE] LIGHT [OBJ] LSPM_J1055+0808 [RA] 10 55 47.3424 [Dec] +08 08 42.9329 [FIL] GG495 [EXPTIME] 60.0 [Date] 2020-02-25T16:24:44 [Time] 16:24:44
172/404 LSPM_J1055+0808-20200225@162559-Eden.fts [TYPE] LIGHT [OBJ] LSPM_J1055+0808 [RA] 10 55 47.3424 [Dec] +08 08 42.9329 [FIL] GG495 [EXPTIME] 60.0 [Date] 2020-02-25T16:25:59 [Time] 16:25:59
173/404 LSPM_J1055+0808-20200225@162713-Eden.fts [TYPE] LIGHT [OBJ] LSPM_J1055+0808 [RA] 10 55 47.3424 [Dec] +08 08 42.9329 [FIL] GG495 [EXPTIME] 60.0 [Date] 2020-02-25T16:27:14 [Time] 16:27:14
174/404 LSPM_J1055+0808-20200225@162828-Eden.fts [TYPE] LIGHT [OBJ] LSPM_J1055+0808 [RA] 10 55 47.3424 [Dec] +08 08 42.9329 [FIL] GG495 [EXPTIME] 60.0 [Date] 2020-02-25T16:28:28 [Time] 16:28:28
175/404 LSPM_J1055+0808-20200225@162943-Eden.fts [TYPE] LIGHT [OBJ] LSPM_J1055+0808 [RA] 10 55 47.3424 [Dec] +08 08 42.9329 [FIL] GG495 [EXPTIME] 60.0 [Date] 2020-02-25T16:29:43 [Time] 16:29:43
176/404 LSPM_J1055+0808-20200225@163057-Eden.fts [TYPE] LIGHT [OBJ] LSPM_J1055+0808 [RA] 10 55 47.3424 [Dec] +08 08 42.9329 [FIL] GG495 [EXPTIME] 60.0 [Date] 2020-02-25T16:30:57 [Time] 16:30:57
177/404 LSPM_J1055+0808-20200225@163213-Eden.fts [TYPE] LIGHT [OBJ] LSPM_J1055+0808 [RA] 10 55 47.3424 [Dec] +08 08 42.9329 [FIL] GG495 [EXPTIME] 60.0 [Date] 2020-02-25T16:32:13 [Time] 16:32:13
178/404 LSPM_J1055+0808-20200225@163648-Eden.fts [TYPE] LIGHT [OBJ] LSPM_J1055+0808 [RA] 10 55 47.3424 [Dec] +08 08 42.9329 [FIL] GG495 [EXPTIME] 60.0 [Date] 2020-02-25T16:37:01 [Time] 16:37:01
179/404 LSPM_J1055+0808-20200225@163816-Eden.fts [TYPE] LIGHT [OBJ] LSPM_J1055+0808 [RA] 10 55 47.3424 [Dec] +08 08 42.9329 [FIL] GG495 [EXPTIME] 60.0 [Date] 2020-02-25T16:38:16 [Time] 16:38:16
180/404 LSPM_J1055+0808-20200225@163931-Eden.fts [TYPE] LIGHT [OBJ] LSPM_J1055+0808 [RA] 10 55 47.3424 [Dec] +08 08 42.9329 [FIL] GG495 [EXPTIME] 60.0 [Date] 2020-02-25T16:39:33 [Time] 16:39:33
181/404 LSPM_J1055+0808-20200225@164047-Eden.fts [TYPE] LIGHT [OBJ] LSPM_J1055+0808 [RA] 10 55 47.3424 [Dec] +08 08 42.9329 [FIL] GG495 [EXPTIME] 60.0 [Date] 2020-02-25T16:40:47 [Time] 16:40:47
182/404 LSPM_J1055+0808-20200225@164203-Eden.fts [TYPE] LIGHT [OBJ] LSPM_J1055+0808 [RA] 10 55 47.3424 [Dec] +08 08 42.9329 [FIL] GG495 [EXPTIME] 60.0 [Date] 2020-02-25T16:42:03 [Time] 16:42:03
183/404 LSPM_J1055+0808-20200225@164319-Eden.fts [TYPE] LIGHT [OBJ] LSPM_J1055+0808 [RA] 10 55 47.3424 [Dec] +08 08 42.9329 [FIL] GG495 [EXPTIME] 60.0 [Date] 2020-02-25T16:43:20 [Time] 16:43:20
184/404 LSPM_J1055+0808-20200225@164433-Eden.fts [TYPE] LIGHT [OBJ] LSPM_J1055+0808 [RA] 10 55 47.3424 [Dec] +08 08 42.9329 [FIL] GG495 [EXPTIME] 60.0 [Date] 2020-02-25T16:44:34 [Time] 16:44:34
185/404 LSPM_J1055+0808-20200225@164547-Eden.fts [TYPE] LIGHT [OBJ] LSPM_J1055+0808 [RA] 10 55 47.3424 [Dec] +08 08 42.9329 [FIL] GG495 [EXPTIME] 60.0 [Date] 2020-02-25T16:45:48 [Time] 16:45:48
186/404 LSPM_J1055+0808-20200225@164701-Eden.fts [TYPE] LIGHT [OBJ] LSPM_J1055+0808 [RA] 10 55 47.3424 [Dec] +08 08 42.9329 [FIL] GG495 [EXPTIME] 60.0 [Date] 2020-02-25T16:47:02 [Time] 16:47:02
187/404 LSPM_J1055+0808-20200225@164817-Eden.fts [TYPE] LIGHT [OBJ] LSPM_J1055+0808 [RA] 10 55 47.3424 [Dec] +08 08 42.9329 [FIL] GG495 [EXPTIME] 60.0 [Date] 2020-02-25T16:48:17 [Time] 16:48:17
188/404 LSPM_J1055+0808-20200225@164932-Eden.fts [TYPE] LIGHT [OBJ] LSPM_J1055+0808 [RA] 10 55 47.3424 [Dec] +08 08 42.9329 [FIL] GG495 [EXPTIME] 60.0 [Date] 2020-02-25T16:49:32 [Time] 16:49:32
189/404 LSPM_J1055+0808-20200225@165048-Eden.fts [TYPE] LIGHT [OBJ] LSPM_J1055+0808 [RA] 10 55 47.3424 [Dec] +08 08 42.9329 [FIL] GG495 [EXPTIME] 60.0 [Date] 2020-02-25T16:50:49 [Time] 16:50:49
190/404 LSPM_J1055+0808-20200225@165205-Eden.fts [TYPE] LIGHT [OBJ] LSPM_J1055+0808 [RA] 10 55 47.3424 [Dec] +08 08 42.9329 [FIL] GG495 [EXPTIME] 60.0 [Date] 2020-02-25T16:52:05 [Time] 16:52:05
191/404 LSPM_J1055+0808-20200225@165318-Eden.fts [TYPE] LIGHT [OBJ] LSPM_J1055+0808 [RA] 10 55 47.3424 [Dec] +08 08 42.9329 [FIL] GG495 [EXPTIME] 60.0 [Date] 2020-02-25T16:53:19 [Time] 16:53:19
192/404 LSPM_J1055+0808-20200225@165434-Eden.fts [TYPE] LIGHT [OBJ] LSPM_J1055+0808 [RA] 10 55 47.3424 [Dec] +08 08 42.9329 [FIL] GG495 [EXPTIME] 60.0 [Date] 2020-02-25T16:54:34 [Time] 16:54:34
193/404 LSPM_J1055+0808-20200225@165549-Eden.fts [TYPE] LIGHT [OBJ] LSPM_J1055+0808 [RA] 10 55 47.3424 [Dec] +08 08 42.9329 [FIL] GG495 [EXPTIME] 60.0 [Date] 2020-02-25T16:55:49 [Time] 16:55:49
194/404 LSPM_J1055+0808-20200225@165704-Eden.fts [TYPE] LIGHT [OBJ] LSPM_J1055+0808 [RA] 10 55 47.3424 [Dec] +08 08 42.9329 [FIL] GG495 [EXPTIME] 60.0 [Date] 2020-02-25T16:57:04 [Time] 16:57:04
195/404 LSPM_J1055+0808-20200225@165818-Eden.fts [TYPE] LIGHT [OBJ] LSPM_J1055+0808 [RA] 10 55 47.3424 [Dec] +08 08 42.9329 [FIL] GG495 [EXPTIME] 60.0 [Date] 2020-02-25T16:58:19 [Time] 16:58:19
196/404 LSPM_J1055+0808-20200225@165934-Eden.fts [TYPE] LIGHT [OBJ] LSPM_J1055+0808 [RA] 10 55 47.3424 [Dec] +08 08 42.9329 [FIL] GG495 [EXPTIME] 60.0 [Date] 2020-02-25T16:59:35 [Time] 16:59:35
197/404 LSPM_J1055+0808-20200225@170049-Eden.fts [TYPE] LIGHT [OBJ] LSPM_J1055+0808 [RA] 10 55 47.3424 [Dec] +08 08 42.9329 [FIL] GG495 [EXPTIME] 60.0 [Date] 2020-02-25T17:00:49 [Time] 17:00:49
198/404 LSPM_J1055+0808-20200225@170203-Eden.fts [TYPE] LIGHT [OBJ] LSPM_J1055+0808 [RA] 10 55 47.3424 [Dec] +08 08 42.9329 [FIL] GG495 [EXPTIME] 60.0 [Date] 2020-02-25T17:02:03 [Time] 17:02:03
199/404 LSPM_J1055+0808-20200225@170318-Eden.fts [TYPE] LIGHT [OBJ] LSPM_J1055+0808 [RA] 10 55 47.3424 [Dec] +08 08 42.9329 [FIL] GG495 [EXPTIME] 60.0 [Date] 2020-02-25T17:03:19 [Time] 17:03:19
200/404 LSPM_J1055+0808-20200225@170432-Eden.fts [TYPE] LIGHT [OBJ] LSPM_J1055+0808 [RA] 10 55 47.3424 [Dec] +08 08 42.9329 [FIL] GG495 [EXPTIME] 60.0 [Date] 2020-02-25T17:04:32 [Time] 17:04:32
201/404 LSPM_J1055+0808-20200225@170545-Eden.fts [TYPE] LIGHT [OBJ] LSPM_J1055+0808 [RA] 10 55 47.3424 [Dec] +08 08 42.9329 [FIL] GG495 [EXPTIME] 60.0 [Date] 2020-02-25T17:05:46 [Time] 17:05:46
202/404 LSPM_J1055+0808-20200225@170700-Eden.fts [TYPE] LIGHT [OBJ] LSPM_J1055+0808 [RA] 10 55 47.3424 [Dec] +08 08 42.9329 [FIL] GG495 [EXPTIME] 60.0 [Date] 2020-02-25T17:07:00 [Time] 17:07:00
203/404 LSPM_J1055+0808-20200225@170814-Eden.fts [TYPE] LIGHT [OBJ] LSPM_J1055+0808 [RA] 10 55 47.3424 [Dec] +08 08 42.9329 [FIL] GG495 [EXPTIME] 60.0 [Date] 2020-02-25T17:08:15 [Time] 17:08:15
204/404 LSPM_J1055+0808-20200225@170928-Eden.fts [TYPE] LIGHT [OBJ] LSPM_J1055+0808 [RA] 10 55 47.3424 [Dec] +08 08 42.9329 [FIL] GG495 [EXPTIME] 60.0 [Date] 2020-02-25T17:09:28 [Time] 17:09:28
205/404 LSPM_J1055+0808-20200225@171042-Eden.fts [TYPE] LIGHT [OBJ] LSPM_J1055+0808 [RA] 10 55 47.3424 [Dec] +08 08 42.9329 [FIL] GG495 [EXPTIME] 60.0 [Date] 2020-02-25T17:10:42 [Time] 17:10:42
206/404 LSPM_J1055+0808-20200225@171157-Eden.fts [TYPE] LIGHT [OBJ] LSPM_J1055+0808 [RA] 10 55 47.3424 [Dec] +08 08 42.9329 [FIL] GG495 [EXPTIME] 60.0 [Date] 2020-02-25T17:11:57 [Time] 17:11:57
207/404 LSPM_J1055+0808-20200225@171312-Eden.fts [TYPE] LIGHT [OBJ] LSPM_J1055+0808 [RA] 10 55 47.3424 [Dec] +08 08 42.9329 [FIL] GG495 [EXPTIME] 60.0 [Date] 2020-02-25T17:13:12 [Time] 17:13:12
208/404 LSPM_J1055+0808-20200225@171427-Eden.fts [TYPE] LIGHT [OBJ] LSPM_J1055+0808 [RA] 10 55 47.3424 [Dec] +08 08 42.9329 [FIL] GG495 [EXPTIME] 60.0 [Date] 2020-02-25T17:14:28 [Time] 17:14:28
209/404 LSPM_J1055+0808-20200225@171542-Eden.fts [TYPE] LIGHT [OBJ] LSPM_J1055+0808 [RA] 10 55 47.3424 [Dec] +08 08 42.9329 [FIL] GG495 [EXPTIME] 60.0 [Date] 2020-02-25T17:15:43 [Time] 17:15:43
210/404 LSPM_J1055+0808-20200225@171657-Eden.fts [TYPE] LIGHT [OBJ] LSPM_J1055+0808 [RA] 10 55 47.3424 [Dec] +08 08 42.9329 [FIL] GG495 [EXPTIME] 60.0 [Date] 2020-02-25T17:16:58 [Time] 17:16:58
211/404 LSPM_J1055+0808-20200225@171811-Eden.fts [TYPE] LIGHT [OBJ] LSPM_J1055+0808 [RA] 10 55 47.3424 [Dec] +08 08 42.9329 [FIL] GG495 [EXPTIME] 60.0 [Date] 2020-02-25T17:18:11 [Time] 17:18:11
212/404 LSPM_J1055+0808-20200225@171925-Eden.fts [TYPE] LIGHT [OBJ] LSPM_J1055+0808 [RA] 10 55 47.3424 [Dec] +08 08 42.9329 [FIL] GG495 [EXPTIME] 60.0 [Date] 2020-02-25T17:19:26 [Time] 17:19:26
213/404 LSPM_J1055+0808-20200225@172040-Eden.fts [TYPE] LIGHT [OBJ] LSPM_J1055+0808 [RA] 10 55 47.3424 [Dec] +08 08 42.9329 [FIL] GG495 [EXPTIME] 60.0 [Date] 2020-02-25T17:20:40 [Time] 17:20:40
214/404 LSPM_J1055+0808-20200225@172155-Eden.fts [TYPE] LIGHT [OBJ] LSPM_J1055+0808 [RA] 10 55 47.3424 [Dec] +08 08 42.9329 [FIL] GG495 [EXPTIME] 60.0 [Date] 2020-02-25T17:21:55 [Time] 17:21:55
215/404 LSPM_J1055+0808-20200225@172310-Eden.fts [TYPE] LIGHT [OBJ] LSPM_J1055+0808 [RA] 10 55 47.3424 [Dec] +08 08 42.9329 [FIL] GG495 [EXPTIME] 60.0 [Date] 2020-02-25T17:23:10 [Time] 17:23:10
216/404 LSPM_J1055+0808-20200225@172425-Eden.fts [TYPE] LIGHT [OBJ] LSPM_J1055+0808 [RA] 10 55 47.3424 [Dec] +08 08 42.9329 [FIL] GG495 [EXPTIME] 60.0 [Date] 2020-02-25T17:24:25 [Time] 17:24:25
217/404 LSPM_J1055+0808-20200225@172539-Eden.fts [TYPE] LIGHT [OBJ] LSPM_J1055+0808 [RA] 10 55 47.3424 [Dec] +08 08 42.9329 [FIL] GG495 [EXPTIME] 60.0 [Date] 2020-02-25T17:25:39 [Time] 17:25:39
218/404 LSPM_J1055+0808-20200225@172655-Eden.fts [TYPE] LIGHT [OBJ] LSPM_J1055+0808 [RA] 10 55 47.3424 [Dec] +08 08 42.9329 [FIL] GG495 [EXPTIME] 60.0 [Date] 2020-02-25T17:26:55 [Time] 17:26:55
219/404 LSPM_J1055+0808-20200225@172811-Eden.fts [TYPE] LIGHT [OBJ] LSPM_J1055+0808 [RA] 10 55 47.3424 [Dec] +08 08 42.9329 [FIL] GG495 [EXPTIME] 60.0 [Date] 2020-02-25T17:28:11 [Time] 17:28:11
220/404 LSPM_J1055+0808-20200225@172926-Eden.fts [TYPE] LIGHT [OBJ] LSPM_J1055+0808 [RA] 10 55 47.3424 [Dec] +08 08 42.9329 [FIL] GG495 [EXPTIME] 60.0 [Date] 2020-02-25T17:29:26 [Time] 17:29:26
221/404 LSPM_J1055+0808-20200225@173041-Eden.fts [TYPE] LIGHT [OBJ] LSPM_J1055+0808 [RA] 10 55 47.3424 [Dec] +08 08 42.9329 [FIL] GG495 [EXPTIME] 60.0 [Date] 2020-02-25T17:30:42 [Time] 17:30:42
222/404 LSPM_J1055+0808-20200225@173156-Eden.fts [TYPE] LIGHT [OBJ] LSPM_J1055+0808 [RA] 10 55 47.3424 [Dec] +08 08 42.9329 [FIL] GG495 [EXPTIME] 60.0 [Date] 2020-02-25T17:31:57 [Time] 17:31:57
223/404 LSPM_J1055+0808-20200225@173311-Eden.fts [TYPE] LIGHT [OBJ] LSPM_J1055+0808 [RA] 10 55 47.3424 [Dec] +08 08 42.9329 [FIL] GG495 [EXPTIME] 60.0 [Date] 2020-02-25T17:33:11 [Time] 17:33:11
224/404 LSPM_J1055+0808-20200225@173425-Eden.fts [TYPE] LIGHT [OBJ] LSPM_J1055+0808 [RA] 10 55 47.3424 [Dec] +08 08 42.9329 [FIL] GG495 [EXPTIME] 60.0 [Date] 2020-02-25T17:34:25 [Time] 17:34:25
225/404 LSPM_J1055+0808-20200225@173540-Eden.fts [TYPE] LIGHT [OBJ] LSPM_J1055+0808 [RA] 10 55 47.3424 [Dec] +08 08 42.9329 [FIL] GG495 [EXPTIME] 60.0 [Date] 2020-02-25T17:35:40 [Time] 17:35:40
226/404 LSPM_J1055+0808-20200225@173654-Eden.fts [TYPE] LIGHT [OBJ] LSPM_J1055+0808 [RA] 10 55 47.3424 [Dec] +08 08 42.9329 [FIL] GG495 [EXPTIME] 60.0 [Date] 2020-02-25T17:36:54 [Time] 17:36:54
227/404 LSPM_J1055+0808-20200225@173808-Eden.fts [TYPE] LIGHT [OBJ] LSPM_J1055+0808 [RA] 10 55 47.3424 [Dec] +08 08 42.9329 [FIL] GG495 [EXPTIME] 60.0 [Date] 2020-02-25T17:38:09 [Time] 17:38:09
228/404 LSPM_J1055+0808-20200225@173923-Eden.fts [TYPE] LIGHT [OBJ] LSPM_J1055+0808 [RA] 10 55 47.3424 [Dec] +08 08 42.9329 [FIL] GG495 [EXPTIME] 60.0 [Date] 2020-02-25T17:39:23 [Time] 17:39:23
229/404 LSPM_J1055+0808-20200225@174037-Eden.fts [TYPE] LIGHT [OBJ] LSPM_J1055+0808 [RA] 10 55 47.3424 [Dec] +08 08 42.9329 [FIL] GG495 [EXPTIME] 60.0 [Date] 2020-02-25T17:40:37 [Time] 17:40:37
230/404 LSPM_J1055+0808-20200225@174151-Eden.fts [TYPE] LIGHT [OBJ] LSPM_J1055+0808 [RA] 10 55 47.3424 [Dec] +08 08 42.9329 [FIL] GG495 [EXPTIME] 60.0 [Date] 2020-02-25T17:41:52 [Time] 17:41:52
231/404 LSPM_J1055+0808-20200225@174307-Eden.fts [TYPE] LIGHT [OBJ] LSPM_J1055+0808 [RA] 10 55 47.3424 [Dec] +08 08 42.9329 [FIL] GG495 [EXPTIME] 60.0 [Date] 2020-02-25T17:43:07 [Time] 17:43:07
232/404 LSPM_J1055+0808-20200225@174421-Eden.fts [TYPE] LIGHT [OBJ] LSPM_J1055+0808 [RA] 10 55 47.3424 [Dec] +08 08 42.9329 [FIL] GG495 [EXPTIME] 60.0 [Date] 2020-02-25T17:44:22 [Time] 17:44:22
233/404 LSPM_J1055+0808-20200225@174536-Eden.fts [TYPE] LIGHT [OBJ] LSPM_J1055+0808 [RA] 10 55 47.3424 [Dec] +08 08 42.9329 [FIL] GG495 [EXPTIME] 60.0 [Date] 2020-02-25T17:45:37 [Time] 17:45:37
234/404 LSPM_J1055+0808-20200225@174651-Eden.fts [TYPE] LIGHT [OBJ] LSPM_J1055+0808 [RA] 10 55 47.3424 [Dec] +08 08 42.9329 [FIL] GG495 [EXPTIME] 60.0 [Date] 2020-02-25T17:46:52 [Time] 17:46:52
235/404 LSPM_J1055+0808-20200225@174805-Eden.fts [TYPE] LIGHT [OBJ] LSPM_J1055+0808 [RA] 10 55 47.3424 [Dec] +08 08 42.9329 [FIL] GG495 [EXPTIME] 60.0 [Date] 2020-02-25T17:48:06 [Time] 17:48:06
236/404 LSPM_J1055+0808-20200225@174922-Eden.fts [TYPE] LIGHT [OBJ] LSPM_J1055+0808 [RA] 10 55 47.3424 [Dec] +08 08 42.9329 [FIL] GG495 [EXPTIME] 60.0 [Date] 2020-02-25T17:49:22 [Time] 17:49:22
237/404 LSPM_J1055+0808-20200225@175036-Eden.fts [TYPE] LIGHT [OBJ] LSPM_J1055+0808 [RA] 10 55 47.3424 [Dec] +08 08 42.9329 [FIL] GG495 [EXPTIME] 60.0 [Date] 2020-02-25T17:50:36 [Time] 17:50:36
238/404 LSPM_J1055+0808-20200225@175151-Eden.fts [TYPE] LIGHT [OBJ] LSPM_J1055+0808 [RA] 10 55 47.3424 [Dec] +08 08 42.9329 [FIL] GG495 [EXPTIME] 60.0 [Date] 2020-02-25T17:51:51 [Time] 17:51:51
239/404 LSPM_J1055+0808-20200225@175305-Eden.fts [TYPE] LIGHT [OBJ] LSPM_J1055+0808 [RA] 10 55 47.3424 [Dec] +08 08 42.9329 [FIL] GG495 [EXPTIME] 60.0 [Date] 2020-02-25T17:53:05 [Time] 17:53:05
240/404 LSPM_J1055+0808-20200225@175420-Eden.fts [TYPE] LIGHT [OBJ] LSPM_J1055+0808 [RA] 10 55 47.3424 [Dec] +08 08 42.9329 [FIL] GG495 [EXPTIME] 60.0 [Date] 2020-02-25T17:54:20 [Time] 17:54:20
241/404 LSPM_J1055+0808-20200225@175534-Eden.fts [TYPE] LIGHT [OBJ] LSPM_J1055+0808 [RA] 10 55 47.3424 [Dec] +08 08 42.9329 [FIL] GG495 [EXPTIME] 60.0 [Date] 2020-02-25T17:55:34 [Time] 17:55:34
242/404 LSPM_J1055+0808-20200225@175648-Eden.fts [TYPE] LIGHT [OBJ] LSPM_J1055+0808 [RA] 10 55 47.3424 [Dec] +08 08 42.9329 [FIL] GG495 [EXPTIME] 60.0 [Date] 2020-02-25T17:56:49 [Time] 17:56:49
243/404 LSPM_J1055+0808-20200225@175803-Eden.fts [TYPE] LIGHT [OBJ] LSPM_J1055+0808 [RA] 10 55 47.3424 [Dec] +08 08 42.9329 [FIL] GG495 [EXPTIME] 60.0 [Date] 2020-02-25T17:58:04 [Time] 17:58:04
244/404 LSPM_J1055+0808-20200225@175918-Eden.fts [TYPE] LIGHT [OBJ] LSPM_J1055+0808 [RA] 10 55 47.3424 [Dec] +08 08 42.9329 [FIL] GG495 [EXPTIME] 60.0 [Date] 2020-02-25T17:59:18 [Time] 17:59:18
245/404 LSPM_J1055+0808-20200225@180034-Eden.fts [TYPE] LIGHT [OBJ] LSPM_J1055+0808 [RA] 10 55 47.3424 [Dec] +08 08 42.9329 [FIL] GG495 [EXPTIME] 60.0 [Date] 2020-02-25T18:00:34 [Time] 18:00:34
246/404 LSPM_J1055+0808-20200225@180149-Eden.fts [TYPE] LIGHT [OBJ] LSPM_J1055+0808 [RA] 10 55 47.3424 [Dec] +08 08 42.9329 [FIL] GG495 [EXPTIME] 60.0 [Date] 2020-02-25T18:01:49 [Time] 18:01:49
247/404 LSPM_J1055+0808-20200225@180304-Eden.fts [TYPE] LIGHT [OBJ] LSPM_J1055+0808 [RA] 10 55 47.3424 [Dec] +08 08 42.9329 [FIL] GG495 [EXPTIME] 60.0 [Date] 2020-02-25T18:03:04 [Time] 18:03:04
248/404 LSPM_J1055+0808-20200225@180418-Eden.fts [TYPE] LIGHT [OBJ] LSPM_J1055+0808 [RA] 10 55 47.3424 [Dec] +08 08 42.9329 [FIL] GG495 [EXPTIME] 60.0 [Date] 2020-02-25T18:04:19 [Time] 18:04:19
249/404 LSPM_J1055+0808-20200225@180535-Eden.fts [TYPE] LIGHT [OBJ] LSPM_J1055+0808 [RA] 10 55 47.3424 [Dec] +08 08 42.9329 [FIL] GG495 [EXPTIME] 60.0 [Date] 2020-02-25T18:05:35 [Time] 18:05:35
250/404 LSPM_J1055+0808-20200225@180649-Eden.fts [TYPE] LIGHT [OBJ] LSPM_J1055+0808 [RA] 10 55 47.3424 [Dec] +08 08 42.9329 [FIL] GG495 [EXPTIME] 60.0 [Date] 2020-02-25T18:06:50 [Time] 18:06:50
251/404 LSPM_J1055+0808-20200225@180804-Eden.fts [TYPE] LIGHT [OBJ] LSPM_J1055+0808 [RA] 10 55 47.3424 [Dec] +08 08 42.9329 [FIL] GG495 [EXPTIME] 60.0 [Date] 2020-02-25T18:08:05 [Time] 18:08:05
252/404 LSPM_J1055+0808-20200225@180920-Eden.fts [TYPE] LIGHT [OBJ] LSPM_J1055+0808 [RA] 10 55 47.3424 [Dec] +08 08 42.9329 [FIL] GG495 [EXPTIME] 60.0 [Date] 2020-02-25T18:09:20 [Time] 18:09:20
253/404 LSPM_J1055+0808-20200225@181035-Eden.fts [TYPE] LIGHT [OBJ] LSPM_J1055+0808 [RA] 10 55 47.3424 [Dec] +08 08 42.9329 [FIL] GG495 [EXPTIME] 60.0 [Date] 2020-02-25T18:10:36 [Time] 18:10:36
254/404 LSPM_J1055+0808-20200225@181151-Eden.fts [TYPE] LIGHT [OBJ] LSPM_J1055+0808 [RA] 10 55 47.3424 [Dec] +08 08 42.9329 [FIL] GG495 [EXPTIME] 60.0 [Date] 2020-02-25T18:11:52 [Time] 18:11:52
255/404 LSPM_J1055+0808-20200225@181306-Eden.fts [TYPE] LIGHT [OBJ] LSPM_J1055+0808 [RA] 10 55 47.3424 [Dec] +08 08 42.9329 [FIL] GG495 [EXPTIME] 60.0 [Date] 2020-02-25T18:13:06 [Time] 18:13:06
256/404 LSPM_J1055+0808-20200225@181420-Eden.fts [TYPE] LIGHT [OBJ] LSPM_J1055+0808 [RA] 10 55 47.3424 [Dec] +08 08 42.9329 [FIL] GG495 [EXPTIME] 60.0 [Date] 2020-02-25T18:14:20 [Time] 18:14:20
257/404 LSPM_J1055+0808-20200225@181536-Eden.fts [TYPE] LIGHT [OBJ] LSPM_J1055+0808 [RA] 10 55 47.3424 [Dec] +08 08 42.9329 [FIL] GG495 [EXPTIME] 60.0 [Date] 2020-02-25T18:15:36 [Time] 18:15:36
258/404 LSPM_J1055+0808-20200225@181650-Eden.fts [TYPE] LIGHT [OBJ] LSPM_J1055+0808 [RA] 10 55 47.3424 [Dec] +08 08 42.9329 [FIL] GG495 [EXPTIME] 60.0 [Date] 2020-02-25T18:16:50 [Time] 18:16:50
259/404 LSPM_J1055+0808-20200225@181804-Eden.fts [TYPE] LIGHT [OBJ] LSPM_J1055+0808 [RA] 10 55 47.3424 [Dec] +08 08 42.9329 [FIL] GG495 [EXPTIME] 60.0 [Date] 2020-02-25T18:18:04 [Time] 18:18:04
260/404 LSPM_J1055+0808-20200225@181918-Eden.fts [TYPE] LIGHT [OBJ] LSPM_J1055+0808 [RA] 10 55 47.3424 [Dec] +08 08 42.9329 [FIL] GG495 [EXPTIME] 60.0 [Date] 2020-02-25T18:19:18 [Time] 18:19:18
261/404 LSPM_J1055+0808-20200225@182031-Eden.fts [TYPE] LIGHT [OBJ] LSPM_J1055+0808 [RA] 10 55 47.3424 [Dec] +08 08 42.9329 [FIL] GG495 [EXPTIME] 60.0 [Date] 2020-02-25T18:20:32 [Time] 18:20:32
262/404 LSPM_J1055+0808-20200225@182145-Eden.fts [TYPE] LIGHT [OBJ] LSPM_J1055+0808 [RA] 10 55 47.3424 [Dec] +08 08 42.9329 [FIL] GG495 [EXPTIME] 60.0 [Date] 2020-02-25T18:21:46 [Time] 18:21:46
263/404 LSPM_J1055+0808-20200225@182300-Eden.fts [TYPE] LIGHT [OBJ] LSPM_J1055+0808 [RA] 10 55 47.3424 [Dec] +08 08 42.9329 [FIL] GG495 [EXPTIME] 60.0 [Date] 2020-02-25T18:23:00 [Time] 18:23:00
264/404 LSPM_J1055+0808-20200225@182415-Eden.fts [TYPE] LIGHT [OBJ] LSPM_J1055+0808 [RA] 10 55 47.3424 [Dec] +08 08 42.9329 [FIL] GG495 [EXPTIME] 60.0 [Date] 2020-02-25T18:24:15 [Time] 18:24:15
265/404 LSPM_J1055+0808-20200225@182530-Eden.fts [TYPE] LIGHT [OBJ] LSPM_J1055+0808 [RA] 10 55 47.3424 [Dec] +08 08 42.9329 [FIL] GG495 [EXPTIME] 60.0 [Date] 2020-02-25T18:25:30 [Time] 18:25:30
266/404 LSPM_J1055+0808-20200225@182644-Eden.fts [TYPE] LIGHT [OBJ] LSPM_J1055+0808 [RA] 10 55 47.3424 [Dec] +08 08 42.9329 [FIL] GG495 [EXPTIME] 60.0 [Date] 2020-02-25T18:26:44 [Time] 18:26:44
267/404 LSPM_J1055+0808-20200225@182758-Eden.fts [TYPE] LIGHT [OBJ] LSPM_J1055+0808 [RA] 10 55 47.3424 [Dec] +08 08 42.9329 [FIL] GG495 [EXPTIME] 60.0 [Date] 2020-02-25T18:27:58 [Time] 18:27:58
268/404 LSPM_J1055+0808-20200225@182913-Eden.fts [TYPE] LIGHT [OBJ] LSPM_J1055+0808 [RA] 10 55 47.3424 [Dec] +08 08 42.9329 [FIL] GG495 [EXPTIME] 60.0 [Date] 2020-02-25T18:29:13 [Time] 18:29:13
269/404 LSPM_J1055+0808-20200225@183027-Eden.fts [TYPE] LIGHT [OBJ] LSPM_J1055+0808 [RA] 10 55 47.3424 [Dec] +08 08 42.9329 [FIL] GG495 [EXPTIME] 60.0 [Date] 2020-02-25T18:30:28 [Time] 18:30:28
270/404 LSPM_J1055+0808-20200225@183142-Eden.fts [TYPE] LIGHT [OBJ] LSPM_J1055+0808 [RA] 10 55 47.3424 [Dec] +08 08 42.9329 [FIL] GG495 [EXPTIME] 60.0 [Date] 2020-02-25T18:31:42 [Time] 18:31:42
271/404 LSPM_J1055+0808-20200225@183255-Eden.fts [TYPE] LIGHT [OBJ] LSPM_J1055+0808 [RA] 10 55 47.3424 [Dec] +08 08 42.9329 [FIL] GG495 [EXPTIME] 60.0 [Date] 2020-02-25T18:32:55 [Time] 18:32:55
272/404 LSPM_J1055+0808-20200225@183410-Eden.fts [TYPE] LIGHT [OBJ] LSPM_J1055+0808 [RA] 10 55 47.3424 [Dec] +08 08 42.9329 [FIL] GG495 [EXPTIME] 60.0 [Date] 2020-02-25T18:34:11 [Time] 18:34:11
273/404 LSPM_J1055+0808-20200225@183524-Eden.fts [TYPE] LIGHT [OBJ] LSPM_J1055+0808 [RA] 10 55 47.3424 [Dec] +08 08 42.9329 [FIL] GG495 [EXPTIME] 60.0 [Date] 2020-02-25T18:35:24 [Time] 18:35:24
274/404 LSPM_J1055+0808-20200225@183638-Eden.fts [TYPE] LIGHT [OBJ] LSPM_J1055+0808 [RA] 10 55 47.3424 [Dec] +08 08 42.9329 [FIL] GG495 [EXPTIME] 60.0 [Date] 2020-02-25T18:36:38 [Time] 18:36:38
275/404 LSPM_J1055+0808-20200225@183752-Eden.fts [TYPE] LIGHT [OBJ] LSPM_J1055+0808 [RA] 10 55 47.3424 [Dec] +08 08 42.9329 [FIL] GG495 [EXPTIME] 60.0 [Date] 2020-02-25T18:37:54 [Time] 18:37:54
276/404 LSPM_J1055+0808-20200225@183908-Eden.fts [TYPE] LIGHT [OBJ] LSPM_J1055+0808 [RA] 10 55 47.3424 [Dec] +08 08 42.9329 [FIL] GG495 [EXPTIME] 60.0 [Date] 2020-02-25T18:39:08 [Time] 18:39:08
277/404 LSPM_J1055+0808-20200225@184022-Eden.fts [TYPE] LIGHT [OBJ] LSPM_J1055+0808 [RA] 10 55 47.3424 [Dec] +08 08 42.9329 [FIL] GG495 [EXPTIME] 60.0 [Date] 2020-02-25T18:40:23 [Time] 18:40:23
278/404 LSPM_J1055+0808-20200225@184138-Eden.fts [TYPE] LIGHT [OBJ] LSPM_J1055+0808 [RA] 10 55 47.3424 [Dec] +08 08 42.9329 [FIL] GG495 [EXPTIME] 60.0 [Date] 2020-02-25T18:41:38 [Time] 18:41:38
279/404 LSPM_J1055+0808-20200225@184252-Eden.fts [TYPE] LIGHT [OBJ] LSPM_J1055+0808 [RA] 10 55 47.3424 [Dec] +08 08 42.9329 [FIL] GG495 [EXPTIME] 60.0 [Date] 2020-02-25T18:42:52 [Time] 18:42:52
280/404 LSPM_J1055+0808-20200225@184406-Eden.fts [TYPE] LIGHT [OBJ] LSPM_J1055+0808 [RA] 10 55 47.3424 [Dec] +08 08 42.9329 [FIL] GG495 [EXPTIME] 60.0 [Date] 2020-02-25T18:44:07 [Time] 18:44:07
281/404 LSPM_J1055+0808-20200225@184521-Eden.fts [TYPE] LIGHT [OBJ] LSPM_J1055+0808 [RA] 10 55 47.3424 [Dec] +08 08 42.9329 [FIL] GG495 [EXPTIME] 60.0 [Date] 2020-02-25T18:45:21 [Time] 18:45:21
282/404 LSPM_J1055+0808-20200225@184636-Eden.fts [TYPE] LIGHT [OBJ] LSPM_J1055+0808 [RA] 10 55 47.3424 [Dec] +08 08 42.9329 [FIL] GG495 [EXPTIME] 60.0 [Date] 2020-02-25T18:46:36 [Time] 18:46:36
283/404 LSPM_J1055+0808-20200225@184750-Eden.fts [TYPE] LIGHT [OBJ] LSPM_J1055+0808 [RA] 10 55 47.3424 [Dec] +08 08 42.9329 [FIL] GG495 [EXPTIME] 60.0 [Date] 2020-02-25T18:47:50 [Time] 18:47:50
284/404 LSPM_J1055+0808-20200225@184904-Eden.fts [TYPE] LIGHT [OBJ] LSPM_J1055+0808 [RA] 10 55 47.3424 [Dec] +08 08 42.9329 [FIL] GG495 [EXPTIME] 60.0 [Date] 2020-02-25T18:49:05 [Time] 18:49:05
285/404 LSPM_J1055+0808-20200225@185020-Eden.fts [TYPE] LIGHT [OBJ] LSPM_J1055+0808 [RA] 10 55 47.3424 [Dec] +08 08 42.9329 [FIL] GG495 [EXPTIME] 60.0 [Date] 2020-02-25T18:50:20 [Time] 18:50:20
286/404 LSPM_J1055+0808-20200225@185135-Eden.fts [TYPE] LIGHT [OBJ] LSPM_J1055+0808 [RA] 10 55 47.3424 [Dec] +08 08 42.9329 [FIL] GG495 [EXPTIME] 60.0 [Date] 2020-02-25T18:51:36 [Time] 18:51:36
287/404 LSPM_J1055+0808-20200225@185251-Eden.fts [TYPE] LIGHT [OBJ] LSPM_J1055+0808 [RA] 10 55 47.3424 [Dec] +08 08 42.9329 [FIL] GG495 [EXPTIME] 60.0 [Date] 2020-02-25T18:52:51 [Time] 18:52:51
288/404 LSPM_J1055+0808-20200225@185405-Eden.fts [TYPE] LIGHT [OBJ] LSPM_J1055+0808 [RA] 10 55 47.3424 [Dec] +08 08 42.9329 [FIL] GG495 [EXPTIME] 60.0 [Date] 2020-02-25T18:54:05 [Time] 18:54:05
289/404 LSPM_J1055+0808-20200225@185520-Eden.fts [TYPE] LIGHT [OBJ] LSPM_J1055+0808 [RA] 10 55 47.3424 [Dec] +08 08 42.9329 [FIL] GG495 [EXPTIME] 60.0 [Date] 2020-02-25T18:55:20 [Time] 18:55:20
290/404 LSPM_J1055+0808-20200225@185634-Eden.fts [TYPE] LIGHT [OBJ] LSPM_J1055+0808 [RA] 10 55 47.3424 [Dec] +08 08 42.9329 [FIL] GG495 [EXPTIME] 60.0 [Date] 2020-02-25T18:56:35 [Time] 18:56:35
291/404 LSPM_J1055+0808-20200225@185748-Eden.fts [TYPE] LIGHT [OBJ] LSPM_J1055+0808 [RA] 10 55 47.3424 [Dec] +08 08 42.9329 [FIL] GG495 [EXPTIME] 60.0 [Date] 2020-02-25T18:57:48 [Time] 18:57:48
292/404 LSPM_J1055+0808-20200225@185903-Eden.fts [TYPE] LIGHT [OBJ] LSPM_J1055+0808 [RA] 10 55 47.3424 [Dec] +08 08 42.9329 [FIL] GG495 [EXPTIME] 60.0 [Date] 2020-02-25T18:59:03 [Time] 18:59:03
293/404 LSPM_J1055+0808-20200225@190018-Eden.fts [TYPE] LIGHT [OBJ] LSPM_J1055+0808 [RA] 10 55 47.3424 [Dec] +08 08 42.9329 [FIL] GG495 [EXPTIME] 60.0 [Date] 2020-02-25T19:00:18 [Time] 19:00:18
294/404 LSPM_J1055+0808-20200225@190132-Eden.fts [TYPE] LIGHT [OBJ] LSPM_J1055+0808 [RA] 10 55 47.3424 [Dec] +08 08 42.9329 [FIL] GG495 [EXPTIME] 60.0 [Date] 2020-02-25T19:01:33 [Time] 19:01:33
295/404 LSPM_J1055+0808-20200225@190247-Eden.fts [TYPE] LIGHT [OBJ] LSPM_J1055+0808 [RA] 10 55 47.3424 [Dec] +08 08 42.9329 [FIL] GG495 [EXPTIME] 60.0 [Date] 2020-02-25T19:02:47 [Time] 19:02:47
296/404 LSPM_J1055+0808-20200225@190402-Eden.fts [TYPE] LIGHT [OBJ] LSPM_J1055+0808 [RA] 10 55 47.3424 [Dec] +08 08 42.9329 [FIL] GG495 [EXPTIME] 60.0 [Date] 2020-02-25T19:04:02 [Time] 19:04:02
297/404 LSPM_J1055+0808-20200225@190516-Eden.fts [TYPE] LIGHT [OBJ] LSPM_J1055+0808 [RA] 10 55 47.3424 [Dec] +08 08 42.9329 [FIL] GG495 [EXPTIME] 60.0 [Date] 2020-02-25T19:05:17 [Time] 19:05:17
298/404 LSPM_J1055+0808-20200225@190631-Eden.fts [TYPE] LIGHT [OBJ] LSPM_J1055+0808 [RA] 10 55 47.3424 [Dec] +08 08 42.9329 [FIL] GG495 [EXPTIME] 60.0 [Date] 2020-02-25T19:06:31 [Time] 19:06:31
299/404 LSPM_J1055+0808-20200225@190745-Eden.fts [TYPE] LIGHT [OBJ] LSPM_J1055+0808 [RA] 10 55 47.3424 [Dec] +08 08 42.9329 [FIL] GG495 [EXPTIME] 60.0 [Date] 2020-02-25T19:07:45 [Time] 19:07:45
300/404 LSPM_J1055+0808-20200225@190900-Eden.fts [TYPE] LIGHT [OBJ] LSPM_J1055+0808 [RA] 10 55 47.3424 [Dec] +08 08 42.9329 [FIL] GG495 [EXPTIME] 60.0 [Date] 2020-02-25T19:09:01 [Time] 19:09:01
301/404 LSPM_J1055+0808-20200225@191015-Eden.fts [TYPE] LIGHT [OBJ] LSPM_J1055+0808 [RA] 10 55 47.3424 [Dec] +08 08 42.9329 [FIL] GG495 [EXPTIME] 60.0 [Date] 2020-02-25T19:10:16 [Time] 19:10:16
302/404 LSPM_J1055+0808-20200225@191130-Eden.fts [TYPE] LIGHT [OBJ] LSPM_J1055+0808 [RA] 10 55 47.3424 [Dec] +08 08 42.9329 [FIL] GG495 [EXPTIME] 60.0 [Date] 2020-02-25T19:11:31 [Time] 19:11:31
303/404 LSPM_J1055+0808-20200225@191245-Eden.fts [TYPE] LIGHT [OBJ] LSPM_J1055+0808 [RA] 10 55 47.3424 [Dec] +08 08 42.9329 [FIL] GG495 [EXPTIME] 60.0 [Date] 2020-02-25T19:12:45 [Time] 19:12:45
304/404 LSPM_J1055+0808-20200225@191359-Eden.fts [TYPE] LIGHT [OBJ] LSPM_J1055+0808 [RA] 10 55 47.3424 [Dec] +08 08 42.9329 [FIL] GG495 [EXPTIME] 60.0 [Date] 2020-02-25T19:14:00 [Time] 19:14:00
305/404 LSPM_J1055+0808-20200225@191514-Eden.fts [TYPE] LIGHT [OBJ] LSPM_J1055+0808 [RA] 10 55 47.3424 [Dec] +08 08 42.9329 [FIL] GG495 [EXPTIME] 60.0 [Date] 2020-02-25T19:15:14 [Time] 19:15:14
306/404 LSPM_J1055+0808-20200225@191629-Eden.fts [TYPE] LIGHT [OBJ] LSPM_J1055+0808 [RA] 10 55 47.3424 [Dec] +08 08 42.9329 [FIL] GG495 [EXPTIME] 60.0 [Date] 2020-02-25T19:16:29 [Time] 19:16:29
307/404 LSPM_J1055+0808-20200225@191744-Eden.fts [TYPE] LIGHT [OBJ] LSPM_J1055+0808 [RA] 10 55 47.3424 [Dec] +08 08 42.9329 [FIL] GG495 [EXPTIME] 60.0 [Date] 2020-02-25T19:17:44 [Time] 19:17:44
308/404 LSPM_J1055+0808-20200225@191857-Eden.fts [TYPE] LIGHT [OBJ] LSPM_J1055+0808 [RA] 10 55 47.3424 [Dec] +08 08 42.9329 [FIL] GG495 [EXPTIME] 60.0 [Date] 2020-02-25T19:18:58 [Time] 19:18:58
309/404 LSPM_J1055+0808-20200225@192011-Eden.fts [TYPE] LIGHT [OBJ] LSPM_J1055+0808 [RA] 10 55 47.3424 [Dec] +08 08 42.9329 [FIL] GG495 [EXPTIME] 60.0 [Date] 2020-02-25T19:20:12 [Time] 19:20:12
310/404 LSPM_J1055+0808-20200225@192126-Eden.fts [TYPE] LIGHT [OBJ] LSPM_J1055+0808 [RA] 10 55 47.3424 [Dec] +08 08 42.9329 [FIL] GG495 [EXPTIME] 60.0 [Date] 2020-02-25T19:21:27 [Time] 19:21:27
311/404 LSPM_J1055+0808-20200225@192241-Eden.fts [TYPE] LIGHT [OBJ] LSPM_J1055+0808 [RA] 10 55 47.3424 [Dec] +08 08 42.9329 [FIL] GG495 [EXPTIME] 60.0 [Date] 2020-02-25T19:22:41 [Time] 19:22:41
312/404 LSPM_J1055+0808-20200225@192355-Eden.fts [TYPE] LIGHT [OBJ] LSPM_J1055+0808 [RA] 10 55 47.3424 [Dec] +08 08 42.9329 [FIL] GG495 [EXPTIME] 60.0 [Date] 2020-02-25T19:23:56 [Time] 19:23:56
313/404 LSPM_J1055+0808-20200225@192511-Eden.fts [TYPE] LIGHT [OBJ] LSPM_J1055+0808 [RA] 10 55 47.3424 [Dec] +08 08 42.9329 [FIL] GG495 [EXPTIME] 60.0 [Date] 2020-02-25T19:25:11 [Time] 19:25:11
314/404 LSPM_J1055+0808-20200225@192624-Eden.fts [TYPE] LIGHT [OBJ] LSPM_J1055+0808 [RA] 10 55 47.3424 [Dec] +08 08 42.9329 [FIL] GG495 [EXPTIME] 60.0 [Date] 2020-02-25T19:26:25 [Time] 19:26:25
315/404 LSPM_J1055+0808-20200225@192740-Eden.fts [TYPE] LIGHT [OBJ] LSPM_J1055+0808 [RA] 10 55 47.3424 [Dec] +08 08 42.9329 [FIL] GG495 [EXPTIME] 60.0 [Date] 2020-02-25T19:27:41 [Time] 19:27:41
316/404 LSPM_J1055+0808-20200225@192856-Eden.fts [TYPE] LIGHT [OBJ] LSPM_J1055+0808 [RA] 10 55 47.3424 [Dec] +08 08 42.9329 [FIL] GG495 [EXPTIME] 60.0 [Date] 2020-02-25T19:28:56 [Time] 19:28:56
317/404 LSPM_J1055+0808-20200225@193011-Eden.fts [TYPE] LIGHT [OBJ] LSPM_J1055+0808 [RA] 10 55 47.3424 [Dec] +08 08 42.9329 [FIL] GG495 [EXPTIME] 60.0 [Date] 2020-02-25T19:30:11 [Time] 19:30:11
318/404 LSPM_J1055+0808-20200225@193125-Eden.fts [TYPE] LIGHT [OBJ] LSPM_J1055+0808 [RA] 10 55 47.3424 [Dec] +08 08 42.9329 [FIL] GG495 [EXPTIME] 60.0 [Date] 2020-02-25T19:31:25 [Time] 19:31:25
319/404 LSPM_J1055+0808-20200225@193238-Eden.fts [TYPE] LIGHT [OBJ] LSPM_J1055+0808 [RA] 10 55 47.3424 [Dec] +08 08 42.9329 [FIL] GG495 [EXPTIME] 60.0 [Date] 2020-02-25T19:32:39 [Time] 19:32:39
320/404 LSPM_J1055+0808-20200225@193354-Eden.fts [TYPE] LIGHT [OBJ] LSPM_J1055+0808 [RA] 10 55 47.3424 [Dec] +08 08 42.9329 [FIL] GG495 [EXPTIME] 60.0 [Date] 2020-02-25T19:33:54 [Time] 19:33:54
321/404 LSPM_J1055+0808-20200225@193508-Eden.fts [TYPE] LIGHT [OBJ] LSPM_J1055+0808 [RA] 10 55 47.3424 [Dec] +08 08 42.9329 [FIL] GG495 [EXPTIME] 60.0 [Date] 2020-02-25T19:35:09 [Time] 19:35:09
322/404 LSPM_J1055+0808-20200225@193622-Eden.fts [TYPE] LIGHT [OBJ] LSPM_J1055+0808 [RA] 10 55 47.3424 [Dec] +08 08 42.9329 [FIL] GG495 [EXPTIME] 60.0 [Date] 2020-02-25T19:36:22 [Time] 19:36:22
323/404 LSPM_J1055+0808-20200225@193737-Eden.fts [TYPE] LIGHT [OBJ] LSPM_J1055+0808 [RA] 10 55 47.3424 [Dec] +08 08 42.9329 [FIL] GG495 [EXPTIME] 60.0 [Date] 2020-02-25T19:37:39 [Time] 19:37:39
324/404 LSPM_J1055+0808-20200225@193853-Eden.fts [TYPE] LIGHT [OBJ] LSPM_J1055+0808 [RA] 10 55 47.3424 [Dec] +08 08 42.9329 [FIL] GG495 [EXPTIME] 60.0 [Date] 2020-02-25T19:38:54 [Time] 19:38:54
325/404 LSPM_J1055+0808-20200225@194008-Eden.fts [TYPE] LIGHT [OBJ] LSPM_J1055+0808 [RA] 10 55 47.3424 [Dec] +08 08 42.9329 [FIL] GG495 [EXPTIME] 60.0 [Date] 2020-02-25T19:40:09 [Time] 19:40:09
326/404 LSPM_J1055+0808-20200225@194124-Eden.fts [TYPE] LIGHT [OBJ] LSPM_J1055+0808 [RA] 10 55 47.3424 [Dec] +08 08 42.9329 [FIL] GG495 [EXPTIME] 60.0 [Date] 2020-02-25T19:41:24 [Time] 19:41:24
327/404 LSPM_J1055+0808-20200225@194239-Eden.fts [TYPE] LIGHT [OBJ] LSPM_J1055+0808 [RA] 10 55 47.3424 [Dec] +08 08 42.9329 [FIL] GG495 [EXPTIME] 60.0 [Date] 2020-02-25T19:42:39 [Time] 19:42:39
328/404 LSPM_J1055+0808-20200225@194354-Eden.fts [TYPE] LIGHT [OBJ] LSPM_J1055+0808 [RA] 10 55 47.3424 [Dec] +08 08 42.9329 [FIL] GG495 [EXPTIME] 60.0 [Date] 2020-02-25T19:43:54 [Time] 19:43:54
329/404 LSPM_J1055+0808-20200225@194509-Eden.fts [TYPE] LIGHT [OBJ] LSPM_J1055+0808 [RA] 10 55 47.3424 [Dec] +08 08 42.9329 [FIL] GG495 [EXPTIME] 60.0 [Date] 2020-02-25T19:45:10 [Time] 19:45:10
330/404 LSPM_J1055+0808-20200225@194625-Eden.fts [TYPE] LIGHT [OBJ] LSPM_J1055+0808 [RA] 10 55 47.3424 [Dec] +08 08 42.9329 [FIL] GG495 [EXPTIME] 60.0 [Date] 2020-02-25T19:46:26 [Time] 19:46:26
331/404 LSPM_J1055+0808-20200225@194739-Eden.fts [TYPE] LIGHT [OBJ] LSPM_J1055+0808 [RA] 10 55 47.3424 [Dec] +08 08 42.9329 [FIL] GG495 [EXPTIME] 60.0 [Date] 2020-02-25T19:47:40 [Time] 19:47:40
332/404 LSPM_J1055+0808-20200225@194855-Eden.fts [TYPE] LIGHT [OBJ] LSPM_J1055+0808 [RA] 10 55 47.3424 [Dec] +08 08 42.9329 [FIL] GG495 [EXPTIME] 60.0 [Date] 2020-02-25T19:48:55 [Time] 19:48:55
333/404 LSPM_J1055+0808-20200225@195010-Eden.fts [TYPE] LIGHT [OBJ] LSPM_J1055+0808 [RA] 10 55 47.3424 [Dec] +08 08 42.9329 [FIL] GG495 [EXPTIME] 60.0 [Date] 2020-02-25T19:50:10 [Time] 19:50:10
334/404 LSPM_J1055+0808-20200225@195126-Eden.fts [TYPE] LIGHT [OBJ] LSPM_J1055+0808 [RA] 10 55 47.3424 [Dec] +08 08 42.9329 [FIL] GG495 [EXPTIME] 60.0 [Date] 2020-02-25T19:51:26 [Time] 19:51:26
335/404 LSPM_J1055+0808-20200225@195241-Eden.fts [TYPE] LIGHT [OBJ] LSPM_J1055+0808 [RA] 10 55 47.3424 [Dec] +08 08 42.9329 [FIL] GG495 [EXPTIME] 60.0 [Date] 2020-02-25T19:52:42 [Time] 19:52:42
336/404 LSPM_J1055+0808-20200225@195356-Eden.fts [TYPE] LIGHT [OBJ] LSPM_J1055+0808 [RA] 10 55 47.3424 [Dec] +08 08 42.9329 [FIL] GG495 [EXPTIME] 60.0 [Date] 2020-02-25T19:53:56 [Time] 19:53:56
337/404 LSPM_J1055+0808-20200225@195511-Eden.fts [TYPE] LIGHT [OBJ] LSPM_J1055+0808 [RA] 10 55 47.3424 [Dec] +08 08 42.9329 [FIL] GG495 [EXPTIME] 60.0 [Date] 2020-02-25T19:55:12 [Time] 19:55:12
338/404 LSPM_J1055+0808-20200225@195626-Eden.fts [TYPE] LIGHT [OBJ] LSPM_J1055+0808 [RA] 10 55 47.3424 [Dec] +08 08 42.9329 [FIL] GG495 [EXPTIME] 60.0 [Date] 2020-02-25T19:56:27 [Time] 19:56:27
339/404 LSPM_J1055+0808-20200225@195742-Eden.fts [TYPE] LIGHT [OBJ] LSPM_J1055+0808 [RA] 10 55 47.3424 [Dec] +08 08 42.9329 [FIL] GG495 [EXPTIME] 60.0 [Date] 2020-02-25T19:57:43 [Time] 19:57:43
340/404 LSPM_J1055+0808-20200225@195857-Eden.fts [TYPE] LIGHT [OBJ] LSPM_J1055+0808 [RA] 10 55 47.3424 [Dec] +08 08 42.9329 [FIL] GG495 [EXPTIME] 60.0 [Date] 2020-02-25T19:58:57 [Time] 19:58:57
341/404 LSPM_J1055+0808-20200225@200012-Eden.fts [TYPE] LIGHT [OBJ] LSPM_J1055+0808 [RA] 10 55 47.3424 [Dec] +08 08 42.9329 [FIL] GG495 [EXPTIME] 60.0 [Date] 2020-02-25T20:00:12 [Time] 20:00:12
342/404 LSPM_J1055+0808-20200225@200127-Eden.fts [TYPE] LIGHT [OBJ] LSPM_J1055+0808 [RA] 10 55 47.3424 [Dec] +08 08 42.9329 [FIL] GG495 [EXPTIME] 60.0 [Date] 2020-02-25T20:01:27 [Time] 20:01:27
343/404 LSPM_J1055+0808-20200225@200242-Eden.fts [TYPE] LIGHT [OBJ] LSPM_J1055+0808 [RA] 10 55 47.3424 [Dec] +08 08 42.9329 [FIL] GG495 [EXPTIME] 60.0 [Date] 2020-02-25T20:02:43 [Time] 20:02:43
344/404 LSPM_J1055+0808-20200225@200359-Eden.fts [TYPE] LIGHT [OBJ] LSPM_J1055+0808 [RA] 10 55 47.3424 [Dec] +08 08 42.9329 [FIL] GG495 [EXPTIME] 60.0 [Date] 2020-02-25T20:03:59 [Time] 20:03:59
345/404 LSPM_J1055+0808-20200225@200514-Eden.fts [TYPE] LIGHT [OBJ] LSPM_J1055+0808 [RA] 10 55 47.3424 [Dec] +08 08 42.9329 [FIL] GG495 [EXPTIME] 60.0 [Date] 2020-02-25T20:05:14 [Time] 20:05:14
346/404 LSPM_J1055+0808-20200225@200628-Eden.fts [TYPE] LIGHT [OBJ] LSPM_J1055+0808 [RA] 10 55 47.3424 [Dec] +08 08 42.9329 [FIL] GG495 [EXPTIME] 60.0 [Date] 2020-02-25T20:06:28 [Time] 20:06:28
347/404 LSPM_J1055+0808-20200225@200744-Eden.fts [TYPE] LIGHT [OBJ] LSPM_J1055+0808 [RA] 10 55 47.3424 [Dec] +08 08 42.9329 [FIL] GG495 [EXPTIME] 60.0 [Date] 2020-02-25T20:07:45 [Time] 20:07:45
348/404 LSPM_J1055+0808-20200225@200859-Eden.fts [TYPE] LIGHT [OBJ] LSPM_J1055+0808 [RA] 10 55 47.3424 [Dec] +08 08 42.9329 [FIL] GG495 [EXPTIME] 60.0 [Date] 2020-02-25T20:08:59 [Time] 20:08:59
349/404 LSPM_J1055+0808-20200225@201014-Eden.fts [TYPE] LIGHT [OBJ] LSPM_J1055+0808 [RA] 10 55 47.3424 [Dec] +08 08 42.9329 [FIL] GG495 [EXPTIME] 60.0 [Date] 2020-02-25T20:10:14 [Time] 20:10:14
350/404 LSPM_J1055+0808-20200225@201129-Eden.fts [TYPE] LIGHT [OBJ] LSPM_J1055+0808 [RA] 10 55 47.3424 [Dec] +08 08 42.9329 [FIL] GG495 [EXPTIME] 60.0 [Date] 2020-02-25T20:11:29 [Time] 20:11:29
351/404 LSPM_J1055+0808-20200225@201244-Eden.fts [TYPE] LIGHT [OBJ] LSPM_J1055+0808 [RA] 10 55 47.3424 [Dec] +08 08 42.9329 [FIL] GG495 [EXPTIME] 60.0 [Date] 2020-02-25T20:12:44 [Time] 20:12:44
352/404 LSPM_J1055+0808-20200225@201358-Eden.fts [TYPE] LIGHT [OBJ] LSPM_J1055+0808 [RA] 10 55 47.3424 [Dec] +08 08 42.9329 [FIL] GG495 [EXPTIME] 60.0 [Date] 2020-02-25T20:13:58 [Time] 20:13:58
353/404 LSPM_J1055+0808-20200225@201514-Eden.fts [TYPE] LIGHT [OBJ] LSPM_J1055+0808 [RA] 10 55 47.3424 [Dec] +08 08 42.9329 [FIL] GG495 [EXPTIME] 60.0 [Date] 2020-02-25T20:15:14 [Time] 20:15:14
354/404 LSPM_J1055+0808-20200225@201629-Eden.fts [TYPE] LIGHT [OBJ] LSPM_J1055+0808 [RA] 10 55 47.3424 [Dec] +08 08 42.9329 [FIL] GG495 [EXPTIME] 60.0 [Date] 2020-02-25T20:16:29 [Time] 20:16:29
355/404 LSPM_J1055+0808-20200225@201743-Eden.fts [TYPE] LIGHT [OBJ] LSPM_J1055+0808 [RA] 10 55 47.3424 [Dec] +08 08 42.9329 [FIL] GG495 [EXPTIME] 60.0 [Date] 2020-02-25T20:17:43 [Time] 20:17:43
356/404 LSPM_J1055+0808-20200225@201859-Eden.fts [TYPE] LIGHT [OBJ] LSPM_J1055+0808 [RA] 10 55 47.3424 [Dec] +08 08 42.9329 [FIL] GG495 [EXPTIME] 60.0 [Date] 2020-02-25T20:18:59 [Time] 20:18:59
357/404 LSPM_J1055+0808-20200225@202014-Eden.fts [TYPE] LIGHT [OBJ] LSPM_J1055+0808 [RA] 10 55 47.3424 [Dec] +08 08 42.9329 [FIL] GG495 [EXPTIME] 60.0 [Date] 2020-02-25T20:20:14 [Time] 20:20:14
358/404 LSPM_J1055+0808-20200225@202131-Eden.fts [TYPE] LIGHT [OBJ] LSPM_J1055+0808 [RA] 10 55 47.3424 [Dec] +08 08 42.9329 [FIL] GG495 [EXPTIME] 60.0 [Date] 2020-02-25T20:21:31 [Time] 20:21:31
359/404 LSPM_J1055+0808-20200225@202245-Eden.fts [TYPE] LIGHT [OBJ] LSPM_J1055+0808 [RA] 10 55 47.3424 [Dec] +08 08 42.9329 [FIL] GG495 [EXPTIME] 60.0 [Date] 2020-02-25T20:22:45 [Time] 20:22:45
360/404 LSPM_J1055+0808-20200225@202359-Eden.fts [TYPE] LIGHT [OBJ] LSPM_J1055+0808 [RA] 10 55 47.3424 [Dec] +08 08 42.9329 [FIL] GG495 [EXPTIME] 60.0 [Date] 2020-02-25T20:23:59 [Time] 20:23:59
361/404 LSPM_J1055+0808-20200225@202513-Eden.fts [TYPE] LIGHT [OBJ] LSPM_J1055+0808 [RA] 10 55 47.3424 [Dec] +08 08 42.9329 [FIL] GG495 [EXPTIME] 60.0 [Date] 2020-02-25T20:25:13 [Time] 20:25:13
362/404 LSPM_J1055+0808-20200225@202628-Eden.fts [TYPE] LIGHT [OBJ] LSPM_J1055+0808 [RA] 10 55 47.3424 [Dec] +08 08 42.9329 [FIL] GG495 [EXPTIME] 60.0 [Date] 2020-02-25T20:26:28 [Time] 20:26:28
363/404 LSPM_J1055+0808-20200225@202744-Eden.fts [TYPE] LIGHT [OBJ] LSPM_J1055+0808 [RA] 10 55 47.3424 [Dec] +08 08 42.9329 [FIL] GG495 [EXPTIME] 60.0 [Date] 2020-02-25T20:27:45 [Time] 20:27:45
364/404 LSPM_J1055+0808-20200225@202859-Eden.fts [TYPE] LIGHT [OBJ] LSPM_J1055+0808 [RA] 10 55 47.3424 [Dec] +08 08 42.9329 [FIL] GG495 [EXPTIME] 60.0 [Date] 2020-02-25T20:28:59 [Time] 20:28:59
365/404 LSPM_J1055+0808-20200225@203015-Eden.fts [TYPE] LIGHT [OBJ] LSPM_J1055+0808 [RA] 10 55 47.3424 [Dec] +08 08 42.9329 [FIL] GG495 [EXPTIME] 60.0 [Date] 2020-02-25T20:30:15 [Time] 20:30:15
366/404 LSPM_J1055+0808-20200225@203129-Eden.fts [TYPE] LIGHT [OBJ] LSPM_J1055+0808 [RA] 10 55 47.3424 [Dec] +08 08 42.9329 [FIL] GG495 [EXPTIME] 60.0 [Date] 2020-02-25T20:31:30 [Time] 20:31:30
367/404 LSPM_J1055+0808-20200225@203244-Eden.fts [TYPE] LIGHT [OBJ] LSPM_J1055+0808 [RA] 10 55 47.3424 [Dec] +08 08 42.9329 [FIL] GG495 [EXPTIME] 60.0 [Date] 2020-02-25T20:32:45 [Time] 20:32:45
368/404 LSPM_J1055+0808-20200225@203359-Eden.fts [TYPE] LIGHT [OBJ] LSPM_J1055+0808 [RA] 10 55 47.3424 [Dec] +08 08 42.9329 [FIL] GG495 [EXPTIME] 60.0 [Date] 2020-02-25T20:34:00 [Time] 20:34:00
369/404 LSPM_J1055+0808-20200225@203514-Eden.fts [TYPE] LIGHT [OBJ] LSPM_J1055+0808 [RA] 10 55 47.3424 [Dec] +08 08 42.9329 [FIL] GG495 [EXPTIME] 60.0 [Date] 2020-02-25T20:35:14 [Time] 20:35:14
370/404 LSPM_J1055+0808-20200225@203628-Eden.fts [TYPE] LIGHT [OBJ] LSPM_J1055+0808 [RA] 10 55 47.3424 [Dec] +08 08 42.9329 [FIL] GG495 [EXPTIME] 60.0 [Date] 2020-02-25T20:36:29 [Time] 20:36:29
371/404 LSPM_J1055+0808-20200225@203743-Eden.fts [TYPE] LIGHT [OBJ] LSPM_J1055+0808 [RA] 10 55 47.3424 [Dec] +08 08 42.9329 [FIL] GG495 [EXPTIME] 60.0 [Date] 2020-02-25T20:37:44 [Time] 20:37:44
372/404 LSPM_J1055+0808-20200225@203858-Eden.fts [TYPE] LIGHT [OBJ] LSPM_J1055+0808 [RA] 10 55 47.3424 [Dec] +08 08 42.9329 [FIL] GG495 [EXPTIME] 60.0 [Date] 2020-02-25T20:38:58 [Time] 20:38:58
373/404 LSPM_J1055+0808-20200225@204013-Eden.fts [TYPE] LIGHT [OBJ] LSPM_J1055+0808 [RA] 10 55 47.3424 [Dec] +08 08 42.9329 [FIL] GG495 [EXPTIME] 60.0 [Date] 2020-02-25T20:40:13 [Time] 20:40:13
374/404 LSPM_J1055+0808-20200225@204128-Eden.fts [TYPE] LIGHT [OBJ] LSPM_J1055+0808 [RA] 10 55 47.3424 [Dec] +08 08 42.9329 [FIL] GG495 [EXPTIME] 60.0 [Date] 2020-02-25T20:41:30 [Time] 20:41:30
375/404 LSPM_J1055+0808-20200225@204243-Eden.fts [TYPE] LIGHT [OBJ] LSPM_J1055+0808 [RA] 10 55 47.3424 [Dec] +08 08 42.9329 [FIL] GG495 [EXPTIME] 60.0 [Date] 2020-02-25T20:42:43 [Time] 20:42:43
376/404 LSPM_J1055+0808-20200225@204357-Eden.fts [TYPE] LIGHT [OBJ] LSPM_J1055+0808 [RA] 10 55 47.3424 [Dec] +08 08 42.9329 [FIL] GG495 [EXPTIME] 60.0 [Date] 2020-02-25T20:43:58 [Time] 20:43:58
377/404 LSPM_J1055+0808-20200225@204513-Eden.fts [TYPE] LIGHT [OBJ] LSPM_J1055+0808 [RA] 10 55 47.3424 [Dec] +08 08 42.9329 [FIL] GG495 [EXPTIME] 60.0 [Date] 2020-02-25T20:45:13 [Time] 20:45:13
378/404 LSPM_J1055+0808-20200225@204627-Eden.fts [TYPE] LIGHT [OBJ] LSPM_J1055+0808 [RA] 10 55 47.3424 [Dec] +08 08 42.9329 [FIL] GG495 [EXPTIME] 60.0 [Date] 2020-02-25T20:46:28 [Time] 20:46:28
379/404 LSPM_J1055+0808-20200225@204743-Eden.fts [TYPE] LIGHT [OBJ] LSPM_J1055+0808 [RA] 10 55 47.3424 [Dec] +08 08 42.9329 [FIL] GG495 [EXPTIME] 60.0 [Date] 2020-02-25T20:47:43 [Time] 20:47:43
380/404 LSPM_J1055+0808-20200225@204858-Eden.fts [TYPE] LIGHT [OBJ] LSPM_J1055+0808 [RA] 10 55 47.3424 [Dec] +08 08 42.9329 [FIL] GG495 [EXPTIME] 60.0 [Date] 2020-02-25T20:49:00 [Time] 20:49:00
381/404 LSPM_J1055+0808-20200225@205014-Eden.fts [TYPE] LIGHT [OBJ] LSPM_J1055+0808 [RA] 10 55 47.3424 [Dec] +08 08 42.9329 [FIL] GG495 [EXPTIME] 60.0 [Date] 2020-02-25T20:50:15 [Time] 20:50:15
382/404 LSPM_J1055+0808-20200225@205130-Eden.fts [TYPE] LIGHT [OBJ] LSPM_J1055+0808 [RA] 10 55 47.3424 [Dec] +08 08 42.9329 [FIL] GG495 [EXPTIME] 60.0 [Date] 2020-02-25T20:51:30 [Time] 20:51:30
383/404 LSPM_J1055+0808-20200225@205245-Eden.fts [TYPE] LIGHT [OBJ] LSPM_J1055+0808 [RA] 10 55 47.3424 [Dec] +08 08 42.9329 [FIL] GG495 [EXPTIME] 60.0 [Date] 2020-02-25T20:52:46 [Time] 20:52:46
384/404 LSPM_J1055+0808-20200225@205359-Eden.fts [TYPE] LIGHT [OBJ] LSPM_J1055+0808 [RA] 10 55 47.3424 [Dec] +08 08 42.9329 [FIL] GG495 [EXPTIME] 60.0 [Date] 2020-02-25T20:53:59 [Time] 20:53:59
385/404 LSPM_J1055+0808-20200225@205516-Eden.fts [TYPE] LIGHT [OBJ] LSPM_J1055+0808 [RA] 10 55 47.3424 [Dec] +08 08 42.9329 [FIL] GG495 [EXPTIME] 60.0 [Date] 2020-02-25T20:55:16 [Time] 20:55:16
386/404 LSPM_J1055+0808-20200225@205633-Eden.fts [TYPE] LIGHT [OBJ] LSPM_J1055+0808 [RA] 10 55 47.3424 [Dec] +08 08 42.9329 [FIL] GG495 [EXPTIME] 60.0 [Date] 2020-02-25T20:56:34 [Time] 20:56:34
387/404 LSPM_J1055+0808-20200225@205748-Eden.fts [TYPE] LIGHT [OBJ] LSPM_J1055+0808 [RA] 10 55 47.3424 [Dec] +08 08 42.9329 [FIL] GG495 [EXPTIME] 60.0 [Date] 2020-02-25T20:57:48 [Time] 20:57:48
388/404 LSPM_J1055+0808-20200225@205903-Eden.fts [TYPE] LIGHT [OBJ] LSPM_J1055+0808 [RA] 10 55 47.3424 [Dec] +08 08 42.9329 [FIL] GG495 [EXPTIME] 60.0 [Date] 2020-02-25T20:59:03 [Time] 20:59:03
389/404 LSPM_J1055+0808-20200225@210017-Eden.fts [TYPE] LIGHT [OBJ] LSPM_J1055+0808 [RA] 10 55 47.3424 [Dec] +08 08 42.9329 [FIL] GG495 [EXPTIME] 60.0 [Date] 2020-02-25T21:00:17 [Time] 21:00:17
390/404 LSPM_J1055+0808-20200225@210131-Eden.fts [TYPE] LIGHT [OBJ] LSPM_J1055+0808 [RA] 10 55 47.3424 [Dec] +08 08 42.9329 [FIL] GG495 [EXPTIME] 60.0 [Date] 2020-02-25T21:01:31 [Time] 21:01:31
391/404 LSPM_J1055+0808-20200225@210247-Eden.fts [TYPE] LIGHT [OBJ] LSPM_J1055+0808 [RA] 10 55 47.3424 [Dec] +08 08 42.9329 [FIL] GG495 [EXPTIME] 60.0 [Date] 2020-02-25T21:02:47 [Time] 21:02:47
392/404 LSPM_J1055+0808-20200225@210401-Eden.fts [TYPE] LIGHT [OBJ] LSPM_J1055+0808 [RA] 10 55 47.3424 [Dec] +08 08 42.9329 [FIL] GG495 [EXPTIME] 60.0 [Date] 2020-02-25T21:04:02 [Time] 21:04:02
393/404 LSPM_J1055+0808-20200225@210517-Eden.fts [TYPE] LIGHT [OBJ] LSPM_J1055+0808 [RA] 10 55 47.3424 [Dec] +08 08 42.9329 [FIL] GG495 [EXPTIME] 60.0 [Date] 2020-02-25T21:05:17 [Time] 21:05:17
394/404 LSPM_J1055+0808-20200225@210631-Eden.fts [TYPE] LIGHT [OBJ] LSPM_J1055+0808 [RA] 10 55 47.3424 [Dec] +08 08 42.9329 [FIL] GG495 [EXPTIME] 60.0 [Date] 2020-02-25T21:06:32 [Time] 21:06:32
395/404 LSPM_J1055+0808-20200225@210746-Eden.fts [TYPE] LIGHT [OBJ] LSPM_J1055+0808 [RA] 10 55 47.3424 [Dec] +08 08 42.9329 [FIL] GG495 [EXPTIME] 60.0 [Date] 2020-02-25T21:07:47 [Time] 21:07:47
396/404 LSPM_J1055+0808-20200225@210902-Eden.fts [TYPE] LIGHT [OBJ] LSPM_J1055+0808 [RA] 10 55 47.3424 [Dec] +08 08 42.9329 [FIL] GG495 [EXPTIME] 60.0 [Date] 2020-02-25T21:09:02 [Time] 21:09:02
397/404 LSPM_J1055+0808-20200225@211017-Eden.fts [TYPE] LIGHT [OBJ] LSPM_J1055+0808 [RA] 10 55 47.3424 [Dec] +08 08 42.9329 [FIL] GG495 [EXPTIME] 60.0 [Date] 2020-02-25T21:10:17 [Time] 21:10:17
398/404 LSPM_J1055+0808-20200225@211131-Eden.fts [TYPE] LIGHT [OBJ] LSPM_J1055+0808 [RA] 10 55 47.3424 [Dec] +08 08 42.9329 [FIL] GG495 [EXPTIME] 60.0 [Date] 2020-02-25T21:11:31 [Time] 21:11:31
399/404 LSPM_J1055+0808-20200225@211245-Eden.fts [TYPE] LIGHT [OBJ] LSPM_J1055+0808 [RA] 10 55 47.3424 [Dec] +08 08 42.9329 [FIL] GG495 [EXPTIME] 60.0 [Date] 2020-02-25T21:12:46 [Time] 21:12:46
400/404 LSPM_J1055+0808-20200225@211401-Eden.fts [TYPE] LIGHT [OBJ] LSPM_J1055+0808 [RA] 10 55 47.3424 [Dec] +08 08 42.9329 [FIL] GG495 [EXPTIME] 60.0 [Date] 2020-02-25T21:14:01 [Time] 21:14:01
401/404 LSPM_J1055+0808-20200225@211515-Eden.fts [TYPE] LIGHT [OBJ] LSPM_J1055+0808 [RA] 10 55 47.3424 [Dec] +08 08 42.9329 [FIL] GG495 [EXPTIME] 60.0 [Date] 2020-02-25T21:15:16 [Time] 21:15:16
402/404 LSPM_J1055+0808-20200225@211630-Eden.fts [TYPE] LIGHT [OBJ] LSPM_J1055+0808 [RA] 10 55 47.3424 [Dec] +08 08 42.9329 [FIL] GG495 [EXPTIME] 60.0 [Date] 2020-02-25T21:16:30 [Time] 21:16:30
403/404 LSPM_J1055+0808-20200225@211744-Eden.fts [TYPE] LIGHT [OBJ] LSPM_J1055+0808 [RA] 10 55 47.3424 [Dec] +08 08 42.9329 [FIL] GG495 [EXPTIME] 60.0 [Date] 2020-02-25T21:17:44 [Time] 21:17:44
404/404 LSPM_J1055+0808-20200225@211859-Eden.fts [TYPE] LIGHT [OBJ] LSPM_J1055+0808 [RA] 10 55 47.3424 [Dec] +08 08 42.9329 [FIL] GG495 [EXPTIME] 60.0 [Date] 2020-02-25T21:18:59 [Time] 21:18:59
... write log file to LOT20200225-LSPM_J1055+0808_mod.log ...
... finish ...
