Bucket successfully loaded! eden-data
257 files found
Storing data to the S3 archive!
Doing a dry run - uploads will not be committed.
Verbose output enabled.
Storing LOT20200502-2MUCD11188_mod/20200502-001bias.fits -> s3://eden-data/Calibrations/LOT/BIAS/2020-05-02/20200502-001bias.fits (1/257) (dry run)
Storing LOT20200502-2MUCD11188_mod/20200502-001d60s.fits -> s3://eden-data/Calibrations/LOT/DARK/2020-05-02/20200502-001d60s.fits (2/257) (dry run)
Storing LOT20200502-2MUCD11188_mod/20200502-002bias.fits -> s3://eden-data/Calibrations/LOT/BIAS/2020-05-02/20200502-002bias.fits (3/257) (dry run)
Storing LOT20200502-2MUCD11188_mod/20200502-002d60s.fits -> s3://eden-data/Calibrations/LOT/DARK/2020-05-02/20200502-002d60s.fits (4/257) (dry run)
Storing LOT20200502-2MUCD11188_mod/20200502-003bias.fits -> s3://eden-data/Calibrations/LOT/BIAS/2020-05-02/20200502-003bias.fits (5/257) (dry run)
Storing LOT20200502-2MUCD11188_mod/20200502-003d60s.fits -> s3://eden-data/Calibrations/LOT/DARK/2020-05-02/20200502-003d60s.fits (6/257) (dry run)
Storing LOT20200502-2MUCD11188_mod/20200502-004bias.fits -> s3://eden-data/Calibrations/LOT/BIAS/2020-05-02/20200502-004bias.fits (7/257) (dry run)
Storing LOT20200502-2MUCD11188_mod/20200502-004d60s.fits -> s3://eden-data/Calibrations/LOT/DARK/2020-05-02/20200502-004d60s.fits (8/257) (dry run)
Storing LOT20200502-2MUCD11188_mod/20200502-005bias.fits -> s3://eden-data/Calibrations/LOT/BIAS/2020-05-02/20200502-005bias.fits (9/257) (dry run)
Storing LOT20200502-2MUCD11188_mod/20200502-005d60s.fits -> s3://eden-data/Calibrations/LOT/DARK/2020-05-02/20200502-005d60s.fits (10/257) (dry run)
Storing LOT20200502-2MUCD11188_mod/20200502-006bias.fits -> s3://eden-data/Calibrations/LOT/BIAS/2020-05-02/20200502-006bias.fits (11/257) (dry run)
Storing LOT20200502-2MUCD11188_mod/20200502-006d60s.fits -> s3://eden-data/Calibrations/LOT/DARK/2020-05-02/20200502-006d60s.fits (12/257) (dry run)
Storing LOT20200502-2MUCD11188_mod/20200502-007bias.fits -> s3://eden-data/Calibrations/LOT/BIAS/2020-05-02/20200502-007bias.fits (13/257) (dry run)
Storing LOT20200502-2MUCD11188_mod/20200502-007d60s.fits -> s3://eden-data/Calibrations/LOT/DARK/2020-05-02/20200502-007d60s.fits (14/257) (dry run)
Storing LOT20200502-2MUCD11188_mod/20200502-008bias.fits -> s3://eden-data/Calibrations/LOT/BIAS/2020-05-02/20200502-008bias.fits (15/257) (dry run)
Storing LOT20200502-2MUCD11188_mod/20200502-008d60s.fits -> s3://eden-data/Calibrations/LOT/DARK/2020-05-02/20200502-008d60s.fits (16/257) (dry run)
Storing LOT20200502-2MUCD11188_mod/20200502-009bias.fits -> s3://eden-data/Calibrations/LOT/BIAS/2020-05-02/20200502-009bias.fits (17/257) (dry run)
Storing LOT20200502-2MUCD11188_mod/20200502-009d60s.fits -> s3://eden-data/Calibrations/LOT/DARK/2020-05-02/20200502-009d60s.fits (18/257) (dry run)
Storing LOT20200502-2MUCD11188_mod/20200502-010bias.fits -> s3://eden-data/Calibrations/LOT/BIAS/2020-05-02/20200502-010bias.fits (19/257) (dry run)
Storing LOT20200502-2MUCD11188_mod/20200502-010d60s.fits -> s3://eden-data/Calibrations/LOT/DARK/2020-05-02/20200502-010d60s.fits (20/257) (dry run)
Storing LOT20200502-2MUCD11188_mod/20200502_flat-001eden.fits -> s3://eden-data/Calibrations/LOT/FLAT/2020-05-02/20200502_flat-001eden.fits (21/257) (dry run)
Storing LOT20200502-2MUCD11188_mod/20200502_flat-002eden.fits -> s3://eden-data/Calibrations/LOT/FLAT/2020-05-02/20200502_flat-002eden.fits (22/257) (dry run)
Storing LOT20200502-2MUCD11188_mod/20200502_flat-003eden.fits -> s3://eden-data/Calibrations/LOT/FLAT/2020-05-02/20200502_flat-003eden.fits (23/257) (dry run)
Storing LOT20200502-2MUCD11188_mod/20200502_flat-004eden.fits -> s3://eden-data/Calibrations/LOT/FLAT/2020-05-02/20200502_flat-004eden.fits (24/257) (dry run)
Storing LOT20200502-2MUCD11188_mod/20200502_flat-005eden.fits -> s3://eden-data/Calibrations/LOT/FLAT/2020-05-02/20200502_flat-005eden.fits (25/257) (dry run)
Storing LOT20200502-2MUCD11188_mod/20200502_flat-006eden.fits -> s3://eden-data/Calibrations/LOT/FLAT/2020-05-02/20200502_flat-006eden.fits (26/257) (dry run)
Storing LOT20200502-2MUCD11188_mod/2MUCD11188-20200502@123128-Eden.fts -> s3://eden-data/RAW/LOT/2MUCD11188/2020-05-02/2MUCD11188-20200502@123128-Eden.fits (27/257) (dry run)
Storing LOT20200502-2MUCD11188_mod/2MUCD11188-20200502@123256-Eden.fts -> s3://eden-data/RAW/LOT/2MUCD11188/2020-05-02/2MUCD11188-20200502@123256-Eden.fits (28/257) (dry run)
Storing LOT20200502-2MUCD11188_mod/2MUCD11188-20200502@123412-Eden.fts -> s3://eden-data/RAW/LOT/2MUCD11188/2020-05-02/2MUCD11188-20200502@123412-Eden.fits (29/257) (dry run)
Storing LOT20200502-2MUCD11188_mod/2MUCD11188-20200502@123527-Eden.fts -> s3://eden-data/RAW/LOT/2MUCD11188/2020-05-02/2MUCD11188-20200502@123527-Eden.fits (30/257) (dry run)
Storing LOT20200502-2MUCD11188_mod/2MUCD11188-20200502@123642-Eden.fts -> s3://eden-data/RAW/LOT/2MUCD11188/2020-05-02/2MUCD11188-20200502@123642-Eden.fits (31/257) (dry run)
Storing LOT20200502-2MUCD11188_mod/2MUCD11188-20200502@123756-Eden.fts -> s3://eden-data/RAW/LOT/2MUCD11188/2020-05-02/2MUCD11188-20200502@123756-Eden.fits (32/257) (dry run)
Storing LOT20200502-2MUCD11188_mod/2MUCD11188-20200502@123911-Eden.fts -> s3://eden-data/RAW/LOT/2MUCD11188/2020-05-02/2MUCD11188-20200502@123911-Eden.fits (33/257) (dry run)
Storing LOT20200502-2MUCD11188_mod/2MUCD11188-20200502@124025-Eden.fts -> s3://eden-data/RAW/LOT/2MUCD11188/2020-05-02/2MUCD11188-20200502@124025-Eden.fits (34/257) (dry run)
Storing LOT20200502-2MUCD11188_mod/2MUCD11188-20200502@124139-Eden.fts -> s3://eden-data/RAW/LOT/2MUCD11188/2020-05-02/2MUCD11188-20200502@124139-Eden.fits (35/257) (dry run)
Storing LOT20200502-2MUCD11188_mod/2MUCD11188-20200502@124255-Eden.fts -> s3://eden-data/RAW/LOT/2MUCD11188/2020-05-02/2MUCD11188-20200502@124255-Eden.fits (36/257) (dry run)
Storing LOT20200502-2MUCD11188_mod/2MUCD11188-20200502@124409-Eden.fts -> s3://eden-data/RAW/LOT/2MUCD11188/2020-05-02/2MUCD11188-20200502@124409-Eden.fits (37/257) (dry run)
Storing LOT20200502-2MUCD11188_mod/2MUCD11188-20200502@124523-Eden.fts -> s3://eden-data/RAW/LOT/2MUCD11188/2020-05-02/2MUCD11188-20200502@124523-Eden.fits (38/257) (dry run)
Storing LOT20200502-2MUCD11188_mod/2MUCD11188-20200502@124637-Eden.fts -> s3://eden-data/RAW/LOT/2MUCD11188/2020-05-02/2MUCD11188-20200502@124637-Eden.fits (39/257) (dry run)
Storing LOT20200502-2MUCD11188_mod/2MUCD11188-20200502@124750-Eden.fts -> s3://eden-data/RAW/LOT/2MUCD11188/2020-05-02/2MUCD11188-20200502@124750-Eden.fits (40/257) (dry run)
Storing LOT20200502-2MUCD11188_mod/2MUCD11188-20200502@124904-Eden.fts -> s3://eden-data/RAW/LOT/2MUCD11188/2020-05-02/2MUCD11188-20200502@124904-Eden.fits (41/257) (dry run)
Storing LOT20200502-2MUCD11188_mod/2MUCD11188-20200502@131354-Eden.fts -> s3://eden-data/RAW/LOT/2MUCD11188/2020-05-02/2MUCD11188-20200502@131354-Eden.fits (42/257) (dry run)
Storing LOT20200502-2MUCD11188_mod/2MUCD11188-20200502@131522-Eden.fts -> s3://eden-data/RAW/LOT/2MUCD11188/2020-05-02/2MUCD11188-20200502@131522-Eden.fits (43/257) (dry run)
Storing LOT20200502-2MUCD11188_mod/2MUCD11188-20200502@131637-Eden.fts -> s3://eden-data/RAW/LOT/2MUCD11188/2020-05-02/2MUCD11188-20200502@131637-Eden.fits (44/257) (dry run)
Storing LOT20200502-2MUCD11188_mod/2MUCD11188-20200502@131751-Eden.fts -> s3://eden-data/RAW/LOT/2MUCD11188/2020-05-02/2MUCD11188-20200502@131751-Eden.fits (45/257) (dry run)
Storing LOT20200502-2MUCD11188_mod/2MUCD11188-20200502@131907-Eden.fts -> s3://eden-data/RAW/LOT/2MUCD11188/2020-05-02/2MUCD11188-20200502@131907-Eden.fits (46/257) (dry run)
Storing LOT20200502-2MUCD11188_mod/2MUCD11188-20200502@132021-Eden.fts -> s3://eden-data/RAW/LOT/2MUCD11188/2020-05-02/2MUCD11188-20200502@132021-Eden.fits (47/257) (dry run)
Storing LOT20200502-2MUCD11188_mod/2MUCD11188-20200502@132136-Eden.fts -> s3://eden-data/RAW/LOT/2MUCD11188/2020-05-02/2MUCD11188-20200502@132136-Eden.fits (48/257) (dry run)
Storing LOT20200502-2MUCD11188_mod/2MUCD11188-20200502@133646-Eden.fts -> s3://eden-data/RAW/LOT/2MUCD11188/2020-05-02/2MUCD11188-20200502@133646-Eden.fits (49/257) (dry run)
Storing LOT20200502-2MUCD11188_mod/2MUCD11188-20200502@133812-Eden.fts -> s3://eden-data/RAW/LOT/2MUCD11188/2020-05-02/2MUCD11188-20200502@133812-Eden.fits (50/257) (dry run)
Storing LOT20200502-2MUCD11188_mod/2MUCD11188-20200502@133927-Eden.fts -> s3://eden-data/RAW/LOT/2MUCD11188/2020-05-02/2MUCD11188-20200502@133927-Eden.fits (51/257) (dry run)
Storing LOT20200502-2MUCD11188_mod/2MUCD11188-20200502@134042-Eden.fts -> s3://eden-data/RAW/LOT/2MUCD11188/2020-05-02/2MUCD11188-20200502@134042-Eden.fits (52/257) (dry run)
Storing LOT20200502-2MUCD11188_mod/2MUCD11188-20200502@134157-Eden.fts -> s3://eden-data/RAW/LOT/2MUCD11188/2020-05-02/2MUCD11188-20200502@134157-Eden.fits (53/257) (dry run)
Storing LOT20200502-2MUCD11188_mod/2MUCD11188-20200502@134313-Eden.fts -> s3://eden-data/RAW/LOT/2MUCD11188/2020-05-02/2MUCD11188-20200502@134313-Eden.fits (54/257) (dry run)
Storing LOT20200502-2MUCD11188_mod/2MUCD11188-20200502@134428-Eden.fts -> s3://eden-data/RAW/LOT/2MUCD11188/2020-05-02/2MUCD11188-20200502@134428-Eden.fits (55/257) (dry run)
Storing LOT20200502-2MUCD11188_mod/2MUCD11188-20200502@134543-Eden.fts -> s3://eden-data/RAW/LOT/2MUCD11188/2020-05-02/2MUCD11188-20200502@134543-Eden.fits (56/257) (dry run)
Storing LOT20200502-2MUCD11188_mod/2MUCD11188-20200502@134657-Eden.fts -> s3://eden-data/RAW/LOT/2MUCD11188/2020-05-02/2MUCD11188-20200502@134657-Eden.fits (57/257) (dry run)
Storing LOT20200502-2MUCD11188_mod/2MUCD11188-20200502@134813-Eden.fts -> s3://eden-data/RAW/LOT/2MUCD11188/2020-05-02/2MUCD11188-20200502@134813-Eden.fits (58/257) (dry run)
Storing LOT20200502-2MUCD11188_mod/2MUCD11188-20200502@134929-Eden.fts -> s3://eden-data/RAW/LOT/2MUCD11188/2020-05-02/2MUCD11188-20200502@134929-Eden.fits (59/257) (dry run)
Storing LOT20200502-2MUCD11188_mod/2MUCD11188-20200502@135043-Eden.fts -> s3://eden-data/RAW/LOT/2MUCD11188/2020-05-02/2MUCD11188-20200502@135043-Eden.fits (60/257) (dry run)
Storing LOT20200502-2MUCD11188_mod/2MUCD11188-20200502@135158-Eden.fts -> s3://eden-data/RAW/LOT/2MUCD11188/2020-05-02/2MUCD11188-20200502@135158-Eden.fits (61/257) (dry run)
Storing LOT20200502-2MUCD11188_mod/2MUCD11188-20200502@135312-Eden.fts -> s3://eden-data/RAW/LOT/2MUCD11188/2020-05-02/2MUCD11188-20200502@135312-Eden.fits (62/257) (dry run)
Storing LOT20200502-2MUCD11188_mod/2MUCD11188-20200502@135427-Eden.fts -> s3://eden-data/RAW/LOT/2MUCD11188/2020-05-02/2MUCD11188-20200502@135427-Eden.fits (63/257) (dry run)
Storing LOT20200502-2MUCD11188_mod/2MUCD11188-20200502@135542-Eden.fts -> s3://eden-data/RAW/LOT/2MUCD11188/2020-05-02/2MUCD11188-20200502@135542-Eden.fits (64/257) (dry run)
Storing LOT20200502-2MUCD11188_mod/2MUCD11188-20200502@135657-Eden.fts -> s3://eden-data/RAW/LOT/2MUCD11188/2020-05-02/2MUCD11188-20200502@135657-Eden.fits (65/257) (dry run)
Storing LOT20200502-2MUCD11188_mod/2MUCD11188-20200502@135811-Eden.fts -> s3://eden-data/RAW/LOT/2MUCD11188/2020-05-02/2MUCD11188-20200502@135811-Eden.fits (66/257) (dry run)
Storing LOT20200502-2MUCD11188_mod/2MUCD11188-20200502@135926-Eden.fts -> s3://eden-data/RAW/LOT/2MUCD11188/2020-05-02/2MUCD11188-20200502@135926-Eden.fits (67/257) (dry run)
Storing LOT20200502-2MUCD11188_mod/2MUCD11188-20200502@140042-Eden.fts -> s3://eden-data/RAW/LOT/2MUCD11188/2020-05-02/2MUCD11188-20200502@140042-Eden.fits (68/257) (dry run)
Storing LOT20200502-2MUCD11188_mod/2MUCD11188-20200502@140157-Eden.fts -> s3://eden-data/RAW/LOT/2MUCD11188/2020-05-02/2MUCD11188-20200502@140157-Eden.fits (69/257) (dry run)
Storing LOT20200502-2MUCD11188_mod/2MUCD11188-20200502@140311-Eden.fts -> s3://eden-data/RAW/LOT/2MUCD11188/2020-05-02/2MUCD11188-20200502@140311-Eden.fits (70/257) (dry run)
Storing LOT20200502-2MUCD11188_mod/2MUCD11188-20200502@140427-Eden.fts -> s3://eden-data/RAW/LOT/2MUCD11188/2020-05-02/2MUCD11188-20200502@140427-Eden.fits (71/257) (dry run)
Storing LOT20200502-2MUCD11188_mod/2MUCD11188-20200502@140541-Eden.fts -> s3://eden-data/RAW/LOT/2MUCD11188/2020-05-02/2MUCD11188-20200502@140541-Eden.fits (72/257) (dry run)
Storing LOT20200502-2MUCD11188_mod/2MUCD11188-20200502@140657-Eden.fts -> s3://eden-data/RAW/LOT/2MUCD11188/2020-05-02/2MUCD11188-20200502@140657-Eden.fits (73/257) (dry run)
Storing LOT20200502-2MUCD11188_mod/2MUCD11188-20200502@140812-Eden.fts -> s3://eden-data/RAW/LOT/2MUCD11188/2020-05-02/2MUCD11188-20200502@140812-Eden.fits (74/257) (dry run)
Storing LOT20200502-2MUCD11188_mod/2MUCD11188-20200502@140928-Eden.fts -> s3://eden-data/RAW/LOT/2MUCD11188/2020-05-02/2MUCD11188-20200502@140928-Eden.fits (75/257) (dry run)
Storing LOT20200502-2MUCD11188_mod/2MUCD11188-20200502@141044-Eden.fts -> s3://eden-data/RAW/LOT/2MUCD11188/2020-05-02/2MUCD11188-20200502@141044-Eden.fits (76/257) (dry run)
Storing LOT20200502-2MUCD11188_mod/2MUCD11188-20200502@141200-Eden.fts -> s3://eden-data/RAW/LOT/2MUCD11188/2020-05-02/2MUCD11188-20200502@141200-Eden.fits (77/257) (dry run)
Storing LOT20200502-2MUCD11188_mod/2MUCD11188-20200502@141317-Eden.fts -> s3://eden-data/RAW/LOT/2MUCD11188/2020-05-02/2MUCD11188-20200502@141317-Eden.fits (78/257) (dry run)
Storing LOT20200502-2MUCD11188_mod/2MUCD11188-20200502@141433-Eden.fts -> s3://eden-data/RAW/LOT/2MUCD11188/2020-05-02/2MUCD11188-20200502@141433-Eden.fits (79/257) (dry run)
Storing LOT20200502-2MUCD11188_mod/2MUCD11188-20200502@141548-Eden.fts -> s3://eden-data/RAW/LOT/2MUCD11188/2020-05-02/2MUCD11188-20200502@141548-Eden.fits (80/257) (dry run)
Storing LOT20200502-2MUCD11188_mod/2MUCD11188-20200502@141703-Eden.fts -> s3://eden-data/RAW/LOT/2MUCD11188/2020-05-02/2MUCD11188-20200502@141703-Eden.fits (81/257) (dry run)
Storing LOT20200502-2MUCD11188_mod/2MUCD11188-20200502@141818-Eden.fts -> s3://eden-data/RAW/LOT/2MUCD11188/2020-05-02/2MUCD11188-20200502@141818-Eden.fits (82/257) (dry run)
Storing LOT20200502-2MUCD11188_mod/2MUCD11188-20200502@141933-Eden.fts -> s3://eden-data/RAW/LOT/2MUCD11188/2020-05-02/2MUCD11188-20200502@141933-Eden.fits (83/257) (dry run)
Storing LOT20200502-2MUCD11188_mod/2MUCD11188-20200502@142048-Eden.fts -> s3://eden-data/RAW/LOT/2MUCD11188/2020-05-02/2MUCD11188-20200502@142048-Eden.fits (84/257) (dry run)
Storing LOT20200502-2MUCD11188_mod/2MUCD11188-20200502@142203-Eden.fts -> s3://eden-data/RAW/LOT/2MUCD11188/2020-05-02/2MUCD11188-20200502@142203-Eden.fits (85/257) (dry run)
Storing LOT20200502-2MUCD11188_mod/2MUCD11188-20200502@142317-Eden.fts -> s3://eden-data/RAW/LOT/2MUCD11188/2020-05-02/2MUCD11188-20200502@142317-Eden.fits (86/257) (dry run)
Storing LOT20200502-2MUCD11188_mod/2MUCD11188-20200502@142432-Eden.fts -> s3://eden-data/RAW/LOT/2MUCD11188/2020-05-02/2MUCD11188-20200502@142432-Eden.fits (87/257) (dry run)
Storing LOT20200502-2MUCD11188_mod/2MUCD11188-20200502@142547-Eden.fts -> s3://eden-data/RAW/LOT/2MUCD11188/2020-05-02/2MUCD11188-20200502@142547-Eden.fits (88/257) (dry run)
Storing LOT20200502-2MUCD11188_mod/2MUCD11188-20200502@142702-Eden.fts -> s3://eden-data/RAW/LOT/2MUCD11188/2020-05-02/2MUCD11188-20200502@142702-Eden.fits (89/257) (dry run)
Storing LOT20200502-2MUCD11188_mod/2MUCD11188-20200502@142816-Eden.fts -> s3://eden-data/RAW/LOT/2MUCD11188/2020-05-02/2MUCD11188-20200502@142816-Eden.fits (90/257) (dry run)
Storing LOT20200502-2MUCD11188_mod/2MUCD11188-20200502@142931-Eden.fts -> s3://eden-data/RAW/LOT/2MUCD11188/2020-05-02/2MUCD11188-20200502@142931-Eden.fits (91/257) (dry run)
Storing LOT20200502-2MUCD11188_mod/2MUCD11188-20200502@143046-Eden.fts -> s3://eden-data/RAW/LOT/2MUCD11188/2020-05-02/2MUCD11188-20200502@143046-Eden.fits (92/257) (dry run)
Storing LOT20200502-2MUCD11188_mod/2MUCD11188-20200502@143201-Eden.fts -> s3://eden-data/RAW/LOT/2MUCD11188/2020-05-02/2MUCD11188-20200502@143201-Eden.fits (93/257) (dry run)
Storing LOT20200502-2MUCD11188_mod/2MUCD11188-20200502@143316-Eden.fts -> s3://eden-data/RAW/LOT/2MUCD11188/2020-05-02/2MUCD11188-20200502@143316-Eden.fits (94/257) (dry run)
Storing LOT20200502-2MUCD11188_mod/2MUCD11188-20200502@143431-Eden.fts -> s3://eden-data/RAW/LOT/2MUCD11188/2020-05-02/2MUCD11188-20200502@143431-Eden.fits (95/257) (dry run)
Storing LOT20200502-2MUCD11188_mod/2MUCD11188-20200502@143546-Eden.fts -> s3://eden-data/RAW/LOT/2MUCD11188/2020-05-02/2MUCD11188-20200502@143546-Eden.fits (96/257) (dry run)
Storing LOT20200502-2MUCD11188_mod/2MUCD11188-20200502@143700-Eden.fts -> s3://eden-data/RAW/LOT/2MUCD11188/2020-05-02/2MUCD11188-20200502@143700-Eden.fits (97/257) (dry run)
Storing LOT20200502-2MUCD11188_mod/2MUCD11188-20200502@143816-Eden.fts -> s3://eden-data/RAW/LOT/2MUCD11188/2020-05-02/2MUCD11188-20200502@143816-Eden.fits (98/257) (dry run)
Storing LOT20200502-2MUCD11188_mod/2MUCD11188-20200502@143931-Eden.fts -> s3://eden-data/RAW/LOT/2MUCD11188/2020-05-02/2MUCD11188-20200502@143931-Eden.fits (99/257) (dry run)
Storing LOT20200502-2MUCD11188_mod/2MUCD11188-20200502@144047-Eden.fts -> s3://eden-data/RAW/LOT/2MUCD11188/2020-05-02/2MUCD11188-20200502@144047-Eden.fits (100/257) (dry run)
Storing LOT20200502-2MUCD11188_mod/2MUCD11188-20200502@144202-Eden.fts -> s3://eden-data/RAW/LOT/2MUCD11188/2020-05-02/2MUCD11188-20200502@144202-Eden.fits (101/257) (dry run)
Storing LOT20200502-2MUCD11188_mod/2MUCD11188-20200502@144317-Eden.fts -> s3://eden-data/RAW/LOT/2MUCD11188/2020-05-02/2MUCD11188-20200502@144317-Eden.fits (102/257) (dry run)
Storing LOT20200502-2MUCD11188_mod/2MUCD11188-20200502@144432-Eden.fts -> s3://eden-data/RAW/LOT/2MUCD11188/2020-05-02/2MUCD11188-20200502@144432-Eden.fits (103/257) (dry run)
Storing LOT20200502-2MUCD11188_mod/2MUCD11188-20200502@144546-Eden.fts -> s3://eden-data/RAW/LOT/2MUCD11188/2020-05-02/2MUCD11188-20200502@144546-Eden.fits (104/257) (dry run)
Storing LOT20200502-2MUCD11188_mod/2MUCD11188-20200502@144702-Eden.fts -> s3://eden-data/RAW/LOT/2MUCD11188/2020-05-02/2MUCD11188-20200502@144702-Eden.fits (105/257) (dry run)
Storing LOT20200502-2MUCD11188_mod/2MUCD11188-20200502@144817-Eden.fts -> s3://eden-data/RAW/LOT/2MUCD11188/2020-05-02/2MUCD11188-20200502@144817-Eden.fits (106/257) (dry run)
Storing LOT20200502-2MUCD11188_mod/2MUCD11188-20200502@144931-Eden.fts -> s3://eden-data/RAW/LOT/2MUCD11188/2020-05-02/2MUCD11188-20200502@144931-Eden.fits (107/257) (dry run)
Storing LOT20200502-2MUCD11188_mod/2MUCD11188-20200502@145046-Eden.fts -> s3://eden-data/RAW/LOT/2MUCD11188/2020-05-02/2MUCD11188-20200502@145046-Eden.fits (108/257) (dry run)
Storing LOT20200502-2MUCD11188_mod/2MUCD11188-20200502@145200-Eden.fts -> s3://eden-data/RAW/LOT/2MUCD11188/2020-05-02/2MUCD11188-20200502@145200-Eden.fits (109/257) (dry run)
Storing LOT20200502-2MUCD11188_mod/2MUCD11188-20200502@145314-Eden.fts -> s3://eden-data/RAW/LOT/2MUCD11188/2020-05-02/2MUCD11188-20200502@145314-Eden.fits (110/257) (dry run)
Storing LOT20200502-2MUCD11188_mod/2MUCD11188-20200502@145429-Eden.fts -> s3://eden-data/RAW/LOT/2MUCD11188/2020-05-02/2MUCD11188-20200502@145429-Eden.fits (111/257) (dry run)
Storing LOT20200502-2MUCD11188_mod/2MUCD11188-20200502@145545-Eden.fts -> s3://eden-data/RAW/LOT/2MUCD11188/2020-05-02/2MUCD11188-20200502@145545-Eden.fits (112/257) (dry run)
Storing LOT20200502-2MUCD11188_mod/2MUCD11188-20200502@145701-Eden.fts -> s3://eden-data/RAW/LOT/2MUCD11188/2020-05-02/2MUCD11188-20200502@145701-Eden.fits (113/257) (dry run)
Storing LOT20200502-2MUCD11188_mod/2MUCD11188-20200502@145816-Eden.fts -> s3://eden-data/RAW/LOT/2MUCD11188/2020-05-02/2MUCD11188-20200502@145816-Eden.fits (114/257) (dry run)
Storing LOT20200502-2MUCD11188_mod/2MUCD11188-20200502@145930-Eden.fts -> s3://eden-data/RAW/LOT/2MUCD11188/2020-05-02/2MUCD11188-20200502@145930-Eden.fits (115/257) (dry run)
Storing LOT20200502-2MUCD11188_mod/2MUCD11188-20200502@150044-Eden.fts -> s3://eden-data/RAW/LOT/2MUCD11188/2020-05-02/2MUCD11188-20200502@150044-Eden.fits (116/257) (dry run)
Storing LOT20200502-2MUCD11188_mod/2MUCD11188-20200502@150158-Eden.fts -> s3://eden-data/RAW/LOT/2MUCD11188/2020-05-02/2MUCD11188-20200502@150158-Eden.fits (117/257) (dry run)
Storing LOT20200502-2MUCD11188_mod/2MUCD11188-20200502@150313-Eden.fts -> s3://eden-data/RAW/LOT/2MUCD11188/2020-05-02/2MUCD11188-20200502@150313-Eden.fits (118/257) (dry run)
Storing LOT20200502-2MUCD11188_mod/2MUCD11188-20200502@150428-Eden.fts -> s3://eden-data/RAW/LOT/2MUCD11188/2020-05-02/2MUCD11188-20200502@150428-Eden.fits (119/257) (dry run)
Storing LOT20200502-2MUCD11188_mod/2MUCD11188-20200502@150544-Eden.fts -> s3://eden-data/RAW/LOT/2MUCD11188/2020-05-02/2MUCD11188-20200502@150544-Eden.fits (120/257) (dry run)
Storing LOT20200502-2MUCD11188_mod/2MUCD11188-20200502@150658-Eden.fts -> s3://eden-data/RAW/LOT/2MUCD11188/2020-05-02/2MUCD11188-20200502@150658-Eden.fits (121/257) (dry run)
Storing LOT20200502-2MUCD11188_mod/2MUCD11188-20200502@150813-Eden.fts -> s3://eden-data/RAW/LOT/2MUCD11188/2020-05-02/2MUCD11188-20200502@150813-Eden.fits (122/257) (dry run)
Storing LOT20200502-2MUCD11188_mod/2MUCD11188-20200502@150928-Eden.fts -> s3://eden-data/RAW/LOT/2MUCD11188/2020-05-02/2MUCD11188-20200502@150928-Eden.fits (123/257) (dry run)
Storing LOT20200502-2MUCD11188_mod/2MUCD11188-20200502@151042-Eden.fts -> s3://eden-data/RAW/LOT/2MUCD11188/2020-05-02/2MUCD11188-20200502@151042-Eden.fits (124/257) (dry run)
Storing LOT20200502-2MUCD11188_mod/2MUCD11188-20200502@151158-Eden.fts -> s3://eden-data/RAW/LOT/2MUCD11188/2020-05-02/2MUCD11188-20200502@151158-Eden.fits (125/257) (dry run)
Storing LOT20200502-2MUCD11188_mod/2MUCD11188-20200502@151314-Eden.fts -> s3://eden-data/RAW/LOT/2MUCD11188/2020-05-02/2MUCD11188-20200502@151314-Eden.fits (126/257) (dry run)
Storing LOT20200502-2MUCD11188_mod/2MUCD11188-20200502@151428-Eden.fts -> s3://eden-data/RAW/LOT/2MUCD11188/2020-05-02/2MUCD11188-20200502@151428-Eden.fits (127/257) (dry run)
Storing LOT20200502-2MUCD11188_mod/2MUCD11188-20200502@151544-Eden.fts -> s3://eden-data/RAW/LOT/2MUCD11188/2020-05-02/2MUCD11188-20200502@151544-Eden.fits (128/257) (dry run)
Storing LOT20200502-2MUCD11188_mod/2MUCD11188-20200502@151659-Eden.fts -> s3://eden-data/RAW/LOT/2MUCD11188/2020-05-02/2MUCD11188-20200502@151659-Eden.fits (129/257) (dry run)
Storing LOT20200502-2MUCD11188_mod/2MUCD11188-20200502@151815-Eden.fts -> s3://eden-data/RAW/LOT/2MUCD11188/2020-05-02/2MUCD11188-20200502@151815-Eden.fits (130/257) (dry run)
Storing LOT20200502-2MUCD11188_mod/2MUCD11188-20200502@151932-Eden.fts -> s3://eden-data/RAW/LOT/2MUCD11188/2020-05-02/2MUCD11188-20200502@151932-Eden.fits (131/257) (dry run)
Storing LOT20200502-2MUCD11188_mod/2MUCD11188-20200502@152047-Eden.fts -> s3://eden-data/RAW/LOT/2MUCD11188/2020-05-02/2MUCD11188-20200502@152047-Eden.fits (132/257) (dry run)
Storing LOT20200502-2MUCD11188_mod/2MUCD11188-20200502@152202-Eden.fts -> s3://eden-data/RAW/LOT/2MUCD11188/2020-05-02/2MUCD11188-20200502@152202-Eden.fits (133/257) (dry run)
Storing LOT20200502-2MUCD11188_mod/2MUCD11188-20200502@152317-Eden.fts -> s3://eden-data/RAW/LOT/2MUCD11188/2020-05-02/2MUCD11188-20200502@152317-Eden.fits (134/257) (dry run)
Storing LOT20200502-2MUCD11188_mod/2MUCD11188-20200502@152432-Eden.fts -> s3://eden-data/RAW/LOT/2MUCD11188/2020-05-02/2MUCD11188-20200502@152432-Eden.fits (135/257) (dry run)
Storing LOT20200502-2MUCD11188_mod/2MUCD11188-20200502@152548-Eden.fts -> s3://eden-data/RAW/LOT/2MUCD11188/2020-05-02/2MUCD11188-20200502@152548-Eden.fits (136/257) (dry run)
Storing LOT20200502-2MUCD11188_mod/2MUCD11188-20200502@152703-Eden.fts -> s3://eden-data/RAW/LOT/2MUCD11188/2020-05-02/2MUCD11188-20200502@152703-Eden.fits (137/257) (dry run)
Storing LOT20200502-2MUCD11188_mod/2MUCD11188-20200502@152817-Eden.fts -> s3://eden-data/RAW/LOT/2MUCD11188/2020-05-02/2MUCD11188-20200502@152817-Eden.fits (138/257) (dry run)
Storing LOT20200502-2MUCD11188_mod/2MUCD11188-20200502@152932-Eden.fts -> s3://eden-data/RAW/LOT/2MUCD11188/2020-05-02/2MUCD11188-20200502@152932-Eden.fits (139/257) (dry run)
Storing LOT20200502-2MUCD11188_mod/2MUCD11188-20200502@153047-Eden.fts -> s3://eden-data/RAW/LOT/2MUCD11188/2020-05-02/2MUCD11188-20200502@153047-Eden.fits (140/257) (dry run)
Storing LOT20200502-2MUCD11188_mod/2MUCD11188-20200502@153202-Eden.fts -> s3://eden-data/RAW/LOT/2MUCD11188/2020-05-02/2MUCD11188-20200502@153202-Eden.fits (141/257) (dry run)
Storing LOT20200502-2MUCD11188_mod/2MUCD11188-20200502@153318-Eden.fts -> s3://eden-data/RAW/LOT/2MUCD11188/2020-05-02/2MUCD11188-20200502@153318-Eden.fits (142/257) (dry run)
Storing LOT20200502-2MUCD11188_mod/2MUCD11188-20200502@153433-Eden.fts -> s3://eden-data/RAW/LOT/2MUCD11188/2020-05-02/2MUCD11188-20200502@153433-Eden.fits (143/257) (dry run)
Storing LOT20200502-2MUCD11188_mod/2MUCD11188-20200502@153549-Eden.fts -> s3://eden-data/RAW/LOT/2MUCD11188/2020-05-02/2MUCD11188-20200502@153549-Eden.fits (144/257) (dry run)
Storing LOT20200502-2MUCD11188_mod/2MUCD11188-20200502@153704-Eden.fts -> s3://eden-data/RAW/LOT/2MUCD11188/2020-05-02/2MUCD11188-20200502@153704-Eden.fits (145/257) (dry run)
Storing LOT20200502-2MUCD11188_mod/2MUCD11188-20200502@153818-Eden.fts -> s3://eden-data/RAW/LOT/2MUCD11188/2020-05-02/2MUCD11188-20200502@153818-Eden.fits (146/257) (dry run)
Storing LOT20200502-2MUCD11188_mod/2MUCD11188-20200502@153932-Eden.fts -> s3://eden-data/RAW/LOT/2MUCD11188/2020-05-02/2MUCD11188-20200502@153932-Eden.fits (147/257) (dry run)
Storing LOT20200502-2MUCD11188_mod/2MUCD11188-20200502@154047-Eden.fts -> s3://eden-data/RAW/LOT/2MUCD11188/2020-05-02/2MUCD11188-20200502@154047-Eden.fits (148/257) (dry run)
Storing LOT20200502-2MUCD11188_mod/2MUCD11188-20200502@154201-Eden.fts -> s3://eden-data/RAW/LOT/2MUCD11188/2020-05-02/2MUCD11188-20200502@154201-Eden.fits (149/257) (dry run)
Storing LOT20200502-2MUCD11188_mod/2MUCD11188-20200502@154316-Eden.fts -> s3://eden-data/RAW/LOT/2MUCD11188/2020-05-02/2MUCD11188-20200502@154316-Eden.fits (150/257) (dry run)
Storing LOT20200502-2MUCD11188_mod/2MUCD11188-20200502@154431-Eden.fts -> s3://eden-data/RAW/LOT/2MUCD11188/2020-05-02/2MUCD11188-20200502@154431-Eden.fits (151/257) (dry run)
Storing LOT20200502-2MUCD11188_mod/2MUCD11188-20200502@154545-Eden.fts -> s3://eden-data/RAW/LOT/2MUCD11188/2020-05-02/2MUCD11188-20200502@154545-Eden.fits (152/257) (dry run)
Storing LOT20200502-2MUCD11188_mod/2MUCD11188-20200502@154700-Eden.fts -> s3://eden-data/RAW/LOT/2MUCD11188/2020-05-02/2MUCD11188-20200502@154700-Eden.fits (153/257) (dry run)
Storing LOT20200502-2MUCD11188_mod/2MUCD11188-20200502@154815-Eden.fts -> s3://eden-data/RAW/LOT/2MUCD11188/2020-05-02/2MUCD11188-20200502@154815-Eden.fits (154/257) (dry run)
Storing LOT20200502-2MUCD11188_mod/2MUCD11188-20200502@154930-Eden.fts -> s3://eden-data/RAW/LOT/2MUCD11188/2020-05-02/2MUCD11188-20200502@154930-Eden.fits (155/257) (dry run)
Storing LOT20200502-2MUCD11188_mod/2MUCD11188-20200502@155045-Eden.fts -> s3://eden-data/RAW/LOT/2MUCD11188/2020-05-02/2MUCD11188-20200502@155045-Eden.fits (156/257) (dry run)
Storing LOT20200502-2MUCD11188_mod/2MUCD11188-20200502@155200-Eden.fts -> s3://eden-data/RAW/LOT/2MUCD11188/2020-05-02/2MUCD11188-20200502@155200-Eden.fits (157/257) (dry run)
Storing LOT20200502-2MUCD11188_mod/2MUCD11188-20200502@155316-Eden.fts -> s3://eden-data/RAW/LOT/2MUCD11188/2020-05-02/2MUCD11188-20200502@155316-Eden.fits (158/257) (dry run)
Storing LOT20200502-2MUCD11188_mod/2MUCD11188-20200502@155432-Eden.fts -> s3://eden-data/RAW/LOT/2MUCD11188/2020-05-02/2MUCD11188-20200502@155432-Eden.fits (159/257) (dry run)
Storing LOT20200502-2MUCD11188_mod/2MUCD11188-20200502@155546-Eden.fts -> s3://eden-data/RAW/LOT/2MUCD11188/2020-05-02/2MUCD11188-20200502@155546-Eden.fits (160/257) (dry run)
Storing LOT20200502-2MUCD11188_mod/2MUCD11188-20200502@155701-Eden.fts -> s3://eden-data/RAW/LOT/2MUCD11188/2020-05-02/2MUCD11188-20200502@155701-Eden.fits (161/257) (dry run)
Storing LOT20200502-2MUCD11188_mod/2MUCD11188-20200502@155817-Eden.fts -> s3://eden-data/RAW/LOT/2MUCD11188/2020-05-02/2MUCD11188-20200502@155817-Eden.fits (162/257) (dry run)
Storing LOT20200502-2MUCD11188_mod/2MUCD11188-20200502@155931-Eden.fts -> s3://eden-data/RAW/LOT/2MUCD11188/2020-05-02/2MUCD11188-20200502@155931-Eden.fits (163/257) (dry run)
Storing LOT20200502-2MUCD11188_mod/2MUCD11188-20200502@160047-Eden.fts -> s3://eden-data/RAW/LOT/2MUCD11188/2020-05-02/2MUCD11188-20200502@160047-Eden.fits (164/257) (dry run)
Storing LOT20200502-2MUCD11188_mod/2MUCD11188-20200502@160203-Eden.fts -> s3://eden-data/RAW/LOT/2MUCD11188/2020-05-02/2MUCD11188-20200502@160203-Eden.fits (165/257) (dry run)
Storing LOT20200502-2MUCD11188_mod/2MUCD11188-20200502@160317-Eden.fts -> s3://eden-data/RAW/LOT/2MUCD11188/2020-05-02/2MUCD11188-20200502@160317-Eden.fits (166/257) (dry run)
Storing LOT20200502-2MUCD11188_mod/2MUCD11188-20200502@160432-Eden.fts -> s3://eden-data/RAW/LOT/2MUCD11188/2020-05-02/2MUCD11188-20200502@160432-Eden.fits (167/257) (dry run)
Storing LOT20200502-2MUCD11188_mod/2MUCD11188-20200502@160547-Eden.fts -> s3://eden-data/RAW/LOT/2MUCD11188/2020-05-02/2MUCD11188-20200502@160547-Eden.fits (168/257) (dry run)
Storing LOT20200502-2MUCD11188_mod/2MUCD11188-20200502@160701-Eden.fts -> s3://eden-data/RAW/LOT/2MUCD11188/2020-05-02/2MUCD11188-20200502@160701-Eden.fits (169/257) (dry run)
Storing LOT20200502-2MUCD11188_mod/2MUCD11188-20200502@160816-Eden.fts -> s3://eden-data/RAW/LOT/2MUCD11188/2020-05-02/2MUCD11188-20200502@160816-Eden.fits (170/257) (dry run)
Storing LOT20200502-2MUCD11188_mod/2MUCD11188-20200502@160931-Eden.fts -> s3://eden-data/RAW/LOT/2MUCD11188/2020-05-02/2MUCD11188-20200502@160931-Eden.fits (171/257) (dry run)
Storing LOT20200502-2MUCD11188_mod/2MUCD11188-20200502@161046-Eden.fts -> s3://eden-data/RAW/LOT/2MUCD11188/2020-05-02/2MUCD11188-20200502@161046-Eden.fits (172/257) (dry run)
Storing LOT20200502-2MUCD11188_mod/2MUCD11188-20200502@161200-Eden.fts -> s3://eden-data/RAW/LOT/2MUCD11188/2020-05-02/2MUCD11188-20200502@161200-Eden.fits (173/257) (dry run)
Storing LOT20200502-2MUCD11188_mod/2MUCD11188-20200502@161315-Eden.fts -> s3://eden-data/RAW/LOT/2MUCD11188/2020-05-02/2MUCD11188-20200502@161315-Eden.fits (174/257) (dry run)
Storing LOT20200502-2MUCD11188_mod/2MUCD11188-20200502@161429-Eden.fts -> s3://eden-data/RAW/LOT/2MUCD11188/2020-05-02/2MUCD11188-20200502@161429-Eden.fits (175/257) (dry run)
Storing LOT20200502-2MUCD11188_mod/2MUCD11188-20200502@161543-Eden.fts -> s3://eden-data/RAW/LOT/2MUCD11188/2020-05-02/2MUCD11188-20200502@161543-Eden.fits (176/257) (dry run)
Storing LOT20200502-2MUCD11188_mod/2MUCD11188-20200502@161658-Eden.fts -> s3://eden-data/RAW/LOT/2MUCD11188/2020-05-02/2MUCD11188-20200502@161658-Eden.fits (177/257) (dry run)
Storing LOT20200502-2MUCD11188_mod/2MUCD11188-20200502@161813-Eden.fts -> s3://eden-data/RAW/LOT/2MUCD11188/2020-05-02/2MUCD11188-20200502@161813-Eden.fits (178/257) (dry run)
Storing LOT20200502-2MUCD11188_mod/2MUCD11188-20200502@161928-Eden.fts -> s3://eden-data/RAW/LOT/2MUCD11188/2020-05-02/2MUCD11188-20200502@161928-Eden.fits (179/257) (dry run)
Storing LOT20200502-2MUCD11188_mod/2MUCD11188-20200502@162042-Eden.fts -> s3://eden-data/RAW/LOT/2MUCD11188/2020-05-02/2MUCD11188-20200502@162042-Eden.fits (180/257) (dry run)
Storing LOT20200502-2MUCD11188_mod/2MUCD11188-20200502@162159-Eden.fts -> s3://eden-data/RAW/LOT/2MUCD11188/2020-05-02/2MUCD11188-20200502@162159-Eden.fits (181/257) (dry run)
Storing LOT20200502-2MUCD11188_mod/2MUCD11188-20200502@162622-Eden.fts -> s3://eden-data/RAW/LOT/2MUCD11188/2020-05-02/2MUCD11188-20200502@162622-Eden.fits (182/257) (dry run)
Storing LOT20200502-2MUCD11188_mod/2MUCD11188-20200502@162748-Eden.fts -> s3://eden-data/RAW/LOT/2MUCD11188/2020-05-02/2MUCD11188-20200502@162748-Eden.fits (183/257) (dry run)
Storing LOT20200502-2MUCD11188_mod/2MUCD11188-20200502@162903-Eden.fts -> s3://eden-data/RAW/LOT/2MUCD11188/2020-05-02/2MUCD11188-20200502@162903-Eden.fits (184/257) (dry run)
Storing LOT20200502-2MUCD11188_mod/2MUCD11188-20200502@163017-Eden.fts -> s3://eden-data/RAW/LOT/2MUCD11188/2020-05-02/2MUCD11188-20200502@163017-Eden.fits (185/257) (dry run)
Storing LOT20200502-2MUCD11188_mod/2MUCD11188-20200502@163132-Eden.fts -> s3://eden-data/RAW/LOT/2MUCD11188/2020-05-02/2MUCD11188-20200502@163132-Eden.fits (186/257) (dry run)
Storing LOT20200502-2MUCD11188_mod/2MUCD11188-20200502@163247-Eden.fts -> s3://eden-data/RAW/LOT/2MUCD11188/2020-05-02/2MUCD11188-20200502@163247-Eden.fits (187/257) (dry run)
Storing LOT20200502-2MUCD11188_mod/2MUCD11188-20200502@163401-Eden.fts -> s3://eden-data/RAW/LOT/2MUCD11188/2020-05-02/2MUCD11188-20200502@163401-Eden.fits (188/257) (dry run)
Storing LOT20200502-2MUCD11188_mod/2MUCD11188-20200502@163516-Eden.fts -> s3://eden-data/RAW/LOT/2MUCD11188/2020-05-02/2MUCD11188-20200502@163516-Eden.fits (189/257) (dry run)
Storing LOT20200502-2MUCD11188_mod/2MUCD11188-20200502@163630-Eden.fts -> s3://eden-data/RAW/LOT/2MUCD11188/2020-05-02/2MUCD11188-20200502@163630-Eden.fits (190/257) (dry run)
Storing LOT20200502-2MUCD11188_mod/2MUCD11188-20200502@163745-Eden.fts -> s3://eden-data/RAW/LOT/2MUCD11188/2020-05-02/2MUCD11188-20200502@163745-Eden.fits (191/257) (dry run)
Storing LOT20200502-2MUCD11188_mod/2MUCD11188-20200502@163859-Eden.fts -> s3://eden-data/RAW/LOT/2MUCD11188/2020-05-02/2MUCD11188-20200502@163859-Eden.fits (192/257) (dry run)
Storing LOT20200502-2MUCD11188_mod/2MUCD11188-20200502@164013-Eden.fts -> s3://eden-data/RAW/LOT/2MUCD11188/2020-05-02/2MUCD11188-20200502@164013-Eden.fits (193/257) (dry run)
Storing LOT20200502-2MUCD11188_mod/2MUCD11188-20200502@164128-Eden.fts -> s3://eden-data/RAW/LOT/2MUCD11188/2020-05-02/2MUCD11188-20200502@164128-Eden.fits (194/257) (dry run)
Storing LOT20200502-2MUCD11188_mod/2MUCD11188-20200502@164242-Eden.fts -> s3://eden-data/RAW/LOT/2MUCD11188/2020-05-02/2MUCD11188-20200502@164242-Eden.fits (195/257) (dry run)
Storing LOT20200502-2MUCD11188_mod/2MUCD11188-20200502@164356-Eden.fts -> s3://eden-data/RAW/LOT/2MUCD11188/2020-05-02/2MUCD11188-20200502@164356-Eden.fits (196/257) (dry run)
Storing LOT20200502-2MUCD11188_mod/2MUCD11188-20200502@164510-Eden.fts -> s3://eden-data/RAW/LOT/2MUCD11188/2020-05-02/2MUCD11188-20200502@164510-Eden.fits (197/257) (dry run)
Storing LOT20200502-2MUCD11188_mod/2MUCD11188-20200502@164626-Eden.fts -> s3://eden-data/RAW/LOT/2MUCD11188/2020-05-02/2MUCD11188-20200502@164626-Eden.fits (198/257) (dry run)
Storing LOT20200502-2MUCD11188_mod/2MUCD11188-20200502@164741-Eden.fts -> s3://eden-data/RAW/LOT/2MUCD11188/2020-05-02/2MUCD11188-20200502@164741-Eden.fits (199/257) (dry run)
Storing LOT20200502-2MUCD11188_mod/2MUCD11188-20200502@164857-Eden.fts -> s3://eden-data/RAW/LOT/2MUCD11188/2020-05-02/2MUCD11188-20200502@164857-Eden.fits (200/257) (dry run)
Storing LOT20200502-2MUCD11188_mod/2MUCD11188-20200502@165011-Eden.fts -> s3://eden-data/RAW/LOT/2MUCD11188/2020-05-02/2MUCD11188-20200502@165011-Eden.fits (201/257) (dry run)
Storing LOT20200502-2MUCD11188_mod/2MUCD11188-20200502@165127-Eden.fts -> s3://eden-data/RAW/LOT/2MUCD11188/2020-05-02/2MUCD11188-20200502@165127-Eden.fits (202/257) (dry run)
Storing LOT20200502-2MUCD11188_mod/2MUCD11188-20200502@165243-Eden.fts -> s3://eden-data/RAW/LOT/2MUCD11188/2020-05-02/2MUCD11188-20200502@165243-Eden.fits (203/257) (dry run)
Storing LOT20200502-2MUCD11188_mod/2MUCD11188-20200502@165357-Eden.fts -> s3://eden-data/RAW/LOT/2MUCD11188/2020-05-02/2MUCD11188-20200502@165357-Eden.fits (204/257) (dry run)
Storing LOT20200502-2MUCD11188_mod/2MUCD11188-20200502@165511-Eden.fts -> s3://eden-data/RAW/LOT/2MUCD11188/2020-05-02/2MUCD11188-20200502@165511-Eden.fits (205/257) (dry run)
Storing LOT20200502-2MUCD11188_mod/2MUCD11188-20200502@165625-Eden.fts -> s3://eden-data/RAW/LOT/2MUCD11188/2020-05-02/2MUCD11188-20200502@165625-Eden.fits (206/257) (dry run)
Storing LOT20200502-2MUCD11188_mod/2MUCD11188-20200502@165740-Eden.fts -> s3://eden-data/RAW/LOT/2MUCD11188/2020-05-02/2MUCD11188-20200502@165740-Eden.fits (207/257) (dry run)
Storing LOT20200502-2MUCD11188_mod/2MUCD11188-20200502@165855-Eden.fts -> s3://eden-data/RAW/LOT/2MUCD11188/2020-05-02/2MUCD11188-20200502@165855-Eden.fits (208/257) (dry run)
Storing LOT20200502-2MUCD11188_mod/2MUCD11188-20200502@170009-Eden.fts -> s3://eden-data/RAW/LOT/2MUCD11188/2020-05-02/2MUCD11188-20200502@170009-Eden.fits (209/257) (dry run)
Storing LOT20200502-2MUCD11188_mod/2MUCD11188-20200502@170124-Eden.fts -> s3://eden-data/RAW/LOT/2MUCD11188/2020-05-02/2MUCD11188-20200502@170124-Eden.fits (210/257) (dry run)
Storing LOT20200502-2MUCD11188_mod/2MUCD11188-20200502@170239-Eden.fts -> s3://eden-data/RAW/LOT/2MUCD11188/2020-05-02/2MUCD11188-20200502@170239-Eden.fits (211/257) (dry run)
Storing LOT20200502-2MUCD11188_mod/2MUCD11188-20200502@170353-Eden.fts -> s3://eden-data/RAW/LOT/2MUCD11188/2020-05-02/2MUCD11188-20200502@170353-Eden.fits (212/257) (dry run)
Storing LOT20200502-2MUCD11188_mod/2MUCD11188-20200502@170507-Eden.fts -> s3://eden-data/RAW/LOT/2MUCD11188/2020-05-02/2MUCD11188-20200502@170507-Eden.fits (213/257) (dry run)
Storing LOT20200502-2MUCD11188_mod/2MUCD11188-20200502@170621-Eden.fts -> s3://eden-data/RAW/LOT/2MUCD11188/2020-05-02/2MUCD11188-20200502@170621-Eden.fits (214/257) (dry run)
Storing LOT20200502-2MUCD11188_mod/2MUCD11188-20200502@170736-Eden.fts -> s3://eden-data/RAW/LOT/2MUCD11188/2020-05-02/2MUCD11188-20200502@170736-Eden.fits (215/257) (dry run)
Storing LOT20200502-2MUCD11188_mod/2MUCD11188-20200502@170850-Eden.fts -> s3://eden-data/RAW/LOT/2MUCD11188/2020-05-02/2MUCD11188-20200502@170850-Eden.fits (216/257) (dry run)
Storing LOT20200502-2MUCD11188_mod/2MUCD11188-20200502@171006-Eden.fts -> s3://eden-data/RAW/LOT/2MUCD11188/2020-05-02/2MUCD11188-20200502@171006-Eden.fits (217/257) (dry run)
Storing LOT20200502-2MUCD11188_mod/2MUCD11188-20200502@171122-Eden.fts -> s3://eden-data/RAW/LOT/2MUCD11188/2020-05-02/2MUCD11188-20200502@171122-Eden.fits (218/257) (dry run)
Storing LOT20200502-2MUCD11188_mod/2MUCD11188-20200502@171239-Eden.fts -> s3://eden-data/RAW/LOT/2MUCD11188/2020-05-02/2MUCD11188-20200502@171239-Eden.fits (219/257) (dry run)
Storing LOT20200502-2MUCD11188_mod/2MUCD11188-20200502@171355-Eden.fts -> s3://eden-data/RAW/LOT/2MUCD11188/2020-05-02/2MUCD11188-20200502@171355-Eden.fits (220/257) (dry run)
Storing LOT20200502-2MUCD11188_mod/2MUCD11188-20200502@171510-Eden.fts -> s3://eden-data/RAW/LOT/2MUCD11188/2020-05-02/2MUCD11188-20200502@171510-Eden.fits (221/257) (dry run)
Storing LOT20200502-2MUCD11188_mod/2MUCD11188-20200502@171624-Eden.fts -> s3://eden-data/RAW/LOT/2MUCD11188/2020-05-02/2MUCD11188-20200502@171624-Eden.fits (222/257) (dry run)
Storing LOT20200502-2MUCD11188_mod/2MUCD11188-20200502@171740-Eden.fts -> s3://eden-data/RAW/LOT/2MUCD11188/2020-05-02/2MUCD11188-20200502@171740-Eden.fits (223/257) (dry run)
Storing LOT20200502-2MUCD11188_mod/2MUCD11188-20200502@171854-Eden.fts -> s3://eden-data/RAW/LOT/2MUCD11188/2020-05-02/2MUCD11188-20200502@171854-Eden.fits (224/257) (dry run)
Storing LOT20200502-2MUCD11188_mod/2MUCD11188-20200502@172009-Eden.fts -> s3://eden-data/RAW/LOT/2MUCD11188/2020-05-02/2MUCD11188-20200502@172009-Eden.fits (225/257) (dry run)
Storing LOT20200502-2MUCD11188_mod/2MUCD11188-20200502@172125-Eden.fts -> s3://eden-data/RAW/LOT/2MUCD11188/2020-05-02/2MUCD11188-20200502@172125-Eden.fits (226/257) (dry run)
Storing LOT20200502-2MUCD11188_mod/2MUCD11188-20200502@172239-Eden.fts -> s3://eden-data/RAW/LOT/2MUCD11188/2020-05-02/2MUCD11188-20200502@172239-Eden.fits (227/257) (dry run)
Storing LOT20200502-2MUCD11188_mod/2MUCD11188-20200502@172354-Eden.fts -> s3://eden-data/RAW/LOT/2MUCD11188/2020-05-02/2MUCD11188-20200502@172354-Eden.fits (228/257) (dry run)
Storing LOT20200502-2MUCD11188_mod/2MUCD11188-20200502@172509-Eden.fts -> s3://eden-data/RAW/LOT/2MUCD11188/2020-05-02/2MUCD11188-20200502@172509-Eden.fits (229/257) (dry run)
Storing LOT20200502-2MUCD11188_mod/2MUCD11188-20200502@172623-Eden.fts -> s3://eden-data/RAW/LOT/2MUCD11188/2020-05-02/2MUCD11188-20200502@172623-Eden.fits (230/257) (dry run)
Storing LOT20200502-2MUCD11188_mod/2MUCD11188-20200502@172739-Eden.fts -> s3://eden-data/RAW/LOT/2MUCD11188/2020-05-02/2MUCD11188-20200502@172739-Eden.fits (231/257) (dry run)
Storing LOT20200502-2MUCD11188_mod/2MUCD11188-20200502@172854-Eden.fts -> s3://eden-data/RAW/LOT/2MUCD11188/2020-05-02/2MUCD11188-20200502@172854-Eden.fits (232/257) (dry run)
Storing LOT20200502-2MUCD11188_mod/2MUCD11188-20200502@173008-Eden.fts -> s3://eden-data/RAW/LOT/2MUCD11188/2020-05-02/2MUCD11188-20200502@173008-Eden.fits (233/257) (dry run)
Storing LOT20200502-2MUCD11188_mod/2MUCD11188-20200502@173122-Eden.fts -> s3://eden-data/RAW/LOT/2MUCD11188/2020-05-02/2MUCD11188-20200502@173122-Eden.fits (234/257) (dry run)
Storing LOT20200502-2MUCD11188_mod/2MUCD11188-20200502@173237-Eden.fts -> s3://eden-data/RAW/LOT/2MUCD11188/2020-05-02/2MUCD11188-20200502@173237-Eden.fits (235/257) (dry run)
Storing LOT20200502-2MUCD11188_mod/2MUCD11188-20200502@173352-Eden.fts -> s3://eden-data/RAW/LOT/2MUCD11188/2020-05-02/2MUCD11188-20200502@173352-Eden.fits (236/257) (dry run)
Storing LOT20200502-2MUCD11188_mod/2MUCD11188-20200502@173506-Eden.fts -> s3://eden-data/RAW/LOT/2MUCD11188/2020-05-02/2MUCD11188-20200502@173506-Eden.fits (237/257) (dry run)
Storing LOT20200502-2MUCD11188_mod/2MUCD11188-20200502@173622-Eden.fts -> s3://eden-data/RAW/LOT/2MUCD11188/2020-05-02/2MUCD11188-20200502@173622-Eden.fits (238/257) (dry run)
Storing LOT20200502-2MUCD11188_mod/2MUCD11188-20200502@173737-Eden.fts -> s3://eden-data/RAW/LOT/2MUCD11188/2020-05-02/2MUCD11188-20200502@173737-Eden.fits (239/257) (dry run)
Storing LOT20200502-2MUCD11188_mod/2MUCD11188-20200502@173850-Eden.fts -> s3://eden-data/RAW/LOT/2MUCD11188/2020-05-02/2MUCD11188-20200502@173850-Eden.fits (240/257) (dry run)
Storing LOT20200502-2MUCD11188_mod/2MUCD11188-20200502@174004-Eden.fts -> s3://eden-data/RAW/LOT/2MUCD11188/2020-05-02/2MUCD11188-20200502@174004-Eden.fits (241/257) (dry run)
Storing LOT20200502-2MUCD11188_mod/2MUCD11188-20200502@174119-Eden.fts -> s3://eden-data/RAW/LOT/2MUCD11188/2020-05-02/2MUCD11188-20200502@174119-Eden.fits (242/257) (dry run)
Storing LOT20200502-2MUCD11188_mod/2MUCD11188-20200502@174233-Eden.fts -> s3://eden-data/RAW/LOT/2MUCD11188/2020-05-02/2MUCD11188-20200502@174233-Eden.fits (243/257) (dry run)
Storing LOT20200502-2MUCD11188_mod/2MUCD11188-20200502@174348-Eden.fts -> s3://eden-data/RAW/LOT/2MUCD11188/2020-05-02/2MUCD11188-20200502@174348-Eden.fits (244/257) (dry run)
Storing LOT20200502-2MUCD11188_mod/2MUCD11188-20200502@174503-Eden.fts -> s3://eden-data/RAW/LOT/2MUCD11188/2020-05-02/2MUCD11188-20200502@174503-Eden.fits (245/257) (dry run)
Storing LOT20200502-2MUCD11188_mod/2MUCD11188-20200502@174618-Eden.fts -> s3://eden-data/RAW/LOT/2MUCD11188/2020-05-02/2MUCD11188-20200502@174618-Eden.fits (246/257) (dry run)
Storing LOT20200502-2MUCD11188_mod/2MUCD11188-20200502@174732-Eden.fts -> s3://eden-data/RAW/LOT/2MUCD11188/2020-05-02/2MUCD11188-20200502@174732-Eden.fits (247/257) (dry run)
Storing LOT20200502-2MUCD11188_mod/2MUCD11188-20200502@174849-Eden.fts -> s3://eden-data/RAW/LOT/2MUCD11188/2020-05-02/2MUCD11188-20200502@174849-Eden.fits (248/257) (dry run)
Storing LOT20200502-2MUCD11188_mod/2MUCD11188-20200502@175004-Eden.fts -> s3://eden-data/RAW/LOT/2MUCD11188/2020-05-02/2MUCD11188-20200502@175004-Eden.fits (249/257) (dry run)
Storing LOT20200502-2MUCD11188_mod/2MUCD11188-20200502@175119-Eden.fts -> s3://eden-data/RAW/LOT/2MUCD11188/2020-05-02/2MUCD11188-20200502@175119-Eden.fits (250/257) (dry run)
Storing LOT20200502-2MUCD11188_mod/2MUCD11188-20200502@175234-Eden.fts -> s3://eden-data/RAW/LOT/2MUCD11188/2020-05-02/2MUCD11188-20200502@175234-Eden.fits (251/257) (dry run)
Storing LOT20200502-2MUCD11188_mod/2MUCD11188-20200502@175347-Eden.fts -> s3://eden-data/RAW/LOT/2MUCD11188/2020-05-02/2MUCD11188-20200502@175347-Eden.fits (252/257) (dry run)
Storing LOT20200502-2MUCD11188_mod/2MUCD11188-20200502@175502-Eden.fts -> s3://eden-data/RAW/LOT/2MUCD11188/2020-05-02/2MUCD11188-20200502@175502-Eden.fits (253/257) (dry run)
Storing LOT20200502-2MUCD11188_mod/2MUCD11188-20200502@175616-Eden.fts -> s3://eden-data/RAW/LOT/2MUCD11188/2020-05-02/2MUCD11188-20200502@175616-Eden.fits (254/257) (dry run)
Storing LOT20200502-2MUCD11188_mod/2MUCD11188-20200502@175731-Eden.fts -> s3://eden-data/RAW/LOT/2MUCD11188/2020-05-02/2MUCD11188-20200502@175731-Eden.fits (255/257) (dry run)
Storing LOT20200502-2MUCD11188_mod/2MUCD11188-20200502@175845-Eden.fts -> s3://eden-data/RAW/LOT/2MUCD11188/2020-05-02/2MUCD11188-20200502@175845-Eden.fits (256/257) (dry run)
Storing LOT20200502-2MUCD11188_mod/2MUCD11188-20200502@180000-Eden.fts -> s3://eden-data/RAW/LOT/2MUCD11188/2020-05-02/2MUCD11188-20200502@180000-Eden.fits (257/257) (dry run)

Dry run complete! Run again without --dryrun to commit the changes above.
Stored: 257 files (2.2 GB)
