-----------------
input parameters
-----------------
['modify_header_name_eden.py', 'LOT20201118_LSPM_J0140+2701', '23']
Your will modify header for: LSPM_J0140+2701 [RA] 01 40 02.6490 [Dec] +27 01 50.0354 [Filter] GG495
---------------
folder: LOT20201118_LSPM_J0140+2701
will update fits in: LOT20201118_LSPM_J0140+2701_mod
 ---------------------------
 Exame Fits Header for Bias
 ---------------------------
find ./LOT20201118_LSPM_J0140+2701/bias-dark/ | grep 'fits\|fts'|sort 
found 0 Bias/Dark
no files in ./bias-dark/
 ---------------------------
 Exame Fits Header for Flat
 ---------------------------
find ./LOT20201118_LSPM_J0140+2701/ | grep flat/ | grep -E 'fits|fts'|sort -t'-' -k2.4,2.6 
found 0 Flat
no files in ./flat/
 ---------------------------
 Exame Fits Header for Additional Dark for Flat
 ---------------------------
find ./LOT20201118_LSPM_J0140+2701/ | grep flat/ |grep dark| grep -E 'fits|fts'|sort -t'-' -k2.4,2.6 
found 0 Additional Dark for Flat
no additional dark for flat in ./flat/
 ---------------------------
 Modify filename for Science Target
 ---------------------------
... update header ...
1/66 LSPM_J0140+2701-20201118@103357-Eden.fts [TYPE] LIGHT [OBJ] LSPM_J0140+2701 [RA] 01 40 02.6490 [Dec] +27 01 50.0354 [FIL] GG495 [EXPTIME] 60.0 [Date] 2020-11-18T10:33:57 [Time] 10:33:57
2/66 LSPM_J0140+2701-20201118@103512-Eden.fts [TYPE] LIGHT [OBJ] LSPM_J0140+2701 [RA] 01 40 02.6490 [Dec] +27 01 50.0354 [FIL] GG495 [EXPTIME] 60.0 [Date] 2020-11-18T10:35:12 [Time] 10:35:12
3/66 LSPM_J0140+2701-20201118@103627-Eden.fts [TYPE] LIGHT [OBJ] LSPM_J0140+2701 [RA] 01 40 02.6490 [Dec] +27 01 50.0354 [FIL] GG495 [EXPTIME] 60.0 [Date] 2020-11-18T10:36:27 [Time] 10:36:27
4/66 LSPM_J0140+2701-20201118@103743-Eden.fts [TYPE] LIGHT [OBJ] LSPM_J0140+2701 [RA] 01 40 02.6490 [Dec] +27 01 50.0354 [FIL] GG495 [EXPTIME] 60.0 [Date] 2020-11-18T10:37:43 [Time] 10:37:43
5/66 LSPM_J0140+2701-20201118@103859-Eden.fts [TYPE] LIGHT [OBJ] LSPM_J0140+2701 [RA] 01 40 02.6490 [Dec] +27 01 50.0354 [FIL] GG495 [EXPTIME] 60.0 [Date] 2020-11-18T10:38:59 [Time] 10:38:59
6/66 LSPM_J0140+2701-20201118@104014-Eden.fts [TYPE] LIGHT [OBJ] LSPM_J0140+2701 [RA] 01 40 02.6490 [Dec] +27 01 50.0354 [FIL] GG495 [EXPTIME] 60.0 [Date] 2020-11-18T10:40:14 [Time] 10:40:14
7/66 LSPM_J0140+2701-20201118@104131-Eden.fts [TYPE] LIGHT [OBJ] LSPM_J0140+2701 [RA] 01 40 02.6490 [Dec] +27 01 50.0354 [FIL] GG495 [EXPTIME] 60.0 [Date] 2020-11-18T10:41:31 [Time] 10:41:31
8/66 LSPM_J0140+2701-20201118@104247-Eden.fts [TYPE] LIGHT [OBJ] LSPM_J0140+2701 [RA] 01 40 02.6490 [Dec] +27 01 50.0354 [FIL] GG495 [EXPTIME] 60.0 [Date] 2020-11-18T10:42:47 [Time] 10:42:47
9/66 LSPM_J0140+2701-20201118@104402-Eden.fts [TYPE] LIGHT [OBJ] LSPM_J0140+2701 [RA] 01 40 02.6490 [Dec] +27 01 50.0354 [FIL] GG495 [EXPTIME] 60.0 [Date] 2020-11-18T10:44:02 [Time] 10:44:02
10/66 LSPM_J0140+2701-20201118@104517-Eden.fts [TYPE] LIGHT [OBJ] LSPM_J0140+2701 [RA] 01 40 02.6490 [Dec] +27 01 50.0354 [FIL] GG495 [EXPTIME] 60.0 [Date] 2020-11-18T10:45:17 [Time] 10:45:17
11/66 LSPM_J0140+2701-20201118@104634-Eden.fts [TYPE] LIGHT [OBJ] LSPM_J0140+2701 [RA] 01 40 02.6490 [Dec] +27 01 50.0354 [FIL] GG495 [EXPTIME] 60.0 [Date] 2020-11-18T10:46:34 [Time] 10:46:34
12/66 LSPM_J0140+2701-20201118@104748-Eden.fts [TYPE] LIGHT [OBJ] LSPM_J0140+2701 [RA] 01 40 02.6490 [Dec] +27 01 50.0354 [FIL] GG495 [EXPTIME] 60.0 [Date] 2020-11-18T10:47:48 [Time] 10:47:48
13/66 LSPM_J0140+2701-20201118@104904-Eden.fts [TYPE] LIGHT [OBJ] LSPM_J0140+2701 [RA] 01 40 02.6490 [Dec] +27 01 50.0354 [FIL] GG495 [EXPTIME] 60.0 [Date] 2020-11-18T10:49:04 [Time] 10:49:04
14/66 LSPM_J0140+2701-20201118@105019-Eden.fts [TYPE] LIGHT [OBJ] LSPM_J0140+2701 [RA] 01 40 02.6490 [Dec] +27 01 50.0354 [FIL] GG495 [EXPTIME] 60.0 [Date] 2020-11-18T10:50:19 [Time] 10:50:19
15/66 LSPM_J0140+2701-20201118@105133-Eden.fts [TYPE] LIGHT [OBJ] LSPM_J0140+2701 [RA] 01 40 02.6490 [Dec] +27 01 50.0354 [FIL] GG495 [EXPTIME] 60.0 [Date] 2020-11-18T10:51:33 [Time] 10:51:33
16/66 LSPM_J0140+2701-20201118@105250-Eden.fts [TYPE] LIGHT [OBJ] LSPM_J0140+2701 [RA] 01 40 02.6490 [Dec] +27 01 50.0354 [FIL] GG495 [EXPTIME] 60.0 [Date] 2020-11-18T10:52:50 [Time] 10:52:50
17/66 LSPM_J0140+2701-20201118@105407-Eden.fts [TYPE] LIGHT [OBJ] LSPM_J0140+2701 [RA] 01 40 02.6490 [Dec] +27 01 50.0354 [FIL] GG495 [EXPTIME] 60.0 [Date] 2020-11-18T10:54:07 [Time] 10:54:07
18/66 LSPM_J0140+2701-20201118@105524-Eden.fts [TYPE] LIGHT [OBJ] LSPM_J0140+2701 [RA] 01 40 02.6490 [Dec] +27 01 50.0354 [FIL] GG495 [EXPTIME] 60.0 [Date] 2020-11-18T10:55:24 [Time] 10:55:24
19/66 LSPM_J0140+2701-20201118@105640-Eden.fts [TYPE] LIGHT [OBJ] LSPM_J0140+2701 [RA] 01 40 02.6490 [Dec] +27 01 50.0354 [FIL] GG495 [EXPTIME] 60.0 [Date] 2020-11-18T10:56:40 [Time] 10:56:40
20/66 LSPM_J0140+2701-20201118@105756-Eden.fts [TYPE] LIGHT [OBJ] LSPM_J0140+2701 [RA] 01 40 02.6490 [Dec] +27 01 50.0354 [FIL] GG495 [EXPTIME] 60.0 [Date] 2020-11-18T10:57:56 [Time] 10:57:56
21/66 LSPM_J0140+2701-20201118@105912-Eden.fts [TYPE] LIGHT [OBJ] LSPM_J0140+2701 [RA] 01 40 02.6490 [Dec] +27 01 50.0354 [FIL] GG495 [EXPTIME] 60.0 [Date] 2020-11-18T10:59:12 [Time] 10:59:12
22/66 LSPM_J0140+2701-20201118@110028-Eden.fts [TYPE] LIGHT [OBJ] LSPM_J0140+2701 [RA] 01 40 02.6490 [Dec] +27 01 50.0354 [FIL] GG495 [EXPTIME] 60.0 [Date] 2020-11-18T11:00:28 [Time] 11:00:28
23/66 LSPM_J0140+2701-20201118@110143-Eden.fts [TYPE] LIGHT [OBJ] LSPM_J0140+2701 [RA] 01 40 02.6490 [Dec] +27 01 50.0354 [FIL] GG495 [EXPTIME] 60.0 [Date] 2020-11-18T11:01:43 [Time] 11:01:43
24/66 LSPM_J0140+2701-20201118@110257-Eden.fts [TYPE] LIGHT [OBJ] LSPM_J0140+2701 [RA] 01 40 02.6490 [Dec] +27 01 50.0354 [FIL] GG495 [EXPTIME] 60.0 [Date] 2020-11-18T11:02:57 [Time] 11:02:57
25/66 LSPM_J0140+2701-20201118@110414-Eden.fts [TYPE] LIGHT [OBJ] LSPM_J0140+2701 [RA] 01 40 02.6490 [Dec] +27 01 50.0354 [FIL] GG495 [EXPTIME] 60.0 [Date] 2020-11-18T11:04:14 [Time] 11:04:14
26/66 LSPM_J0140+2701-20201118@110528-Eden.fts [TYPE] LIGHT [OBJ] LSPM_J0140+2701 [RA] 01 40 02.6490 [Dec] +27 01 50.0354 [FIL] GG495 [EXPTIME] 60.0 [Date] 2020-11-18T11:05:28 [Time] 11:05:28
27/66 LSPM_J0140+2701-20201118@110643-Eden.fts [TYPE] LIGHT [OBJ] LSPM_J0140+2701 [RA] 01 40 02.6490 [Dec] +27 01 50.0354 [FIL] GG495 [EXPTIME] 60.0 [Date] 2020-11-18T11:06:43 [Time] 11:06:43
28/66 LSPM_J0140+2701-20201118@110758-Eden.fts [TYPE] LIGHT [OBJ] LSPM_J0140+2701 [RA] 01 40 02.6490 [Dec] +27 01 50.0354 [FIL] GG495 [EXPTIME] 60.0 [Date] 2020-11-18T11:07:58 [Time] 11:07:58
29/66 LSPM_J0140+2701-20201118@110914-Eden.fts [TYPE] LIGHT [OBJ] LSPM_J0140+2701 [RA] 01 40 02.6490 [Dec] +27 01 50.0354 [FIL] GG495 [EXPTIME] 60.0 [Date] 2020-11-18T11:09:14 [Time] 11:09:14
30/66 LSPM_J0140+2701-20201118@111029-Eden.fts [TYPE] LIGHT [OBJ] LSPM_J0140+2701 [RA] 01 40 02.6490 [Dec] +27 01 50.0354 [FIL] GG495 [EXPTIME] 60.0 [Date] 2020-11-18T11:10:29 [Time] 11:10:29
31/66 LSPM_J0140+2701-20201118@111145-Eden.fts [TYPE] LIGHT [OBJ] LSPM_J0140+2701 [RA] 01 40 02.6490 [Dec] +27 01 50.0354 [FIL] GG495 [EXPTIME] 60.0 [Date] 2020-11-18T11:11:45 [Time] 11:11:45
32/66 LSPM_J0140+2701-20201118@111300-Eden.fts [TYPE] LIGHT [OBJ] LSPM_J0140+2701 [RA] 01 40 02.6490 [Dec] +27 01 50.0354 [FIL] GG495 [EXPTIME] 60.0 [Date] 2020-11-18T11:13:00 [Time] 11:13:00
33/66 LSPM_J0140+2701-20201118@111415-Eden.fts [TYPE] LIGHT [OBJ] LSPM_J0140+2701 [RA] 01 40 02.6490 [Dec] +27 01 50.0354 [FIL] GG495 [EXPTIME] 60.0 [Date] 2020-11-18T11:14:15 [Time] 11:14:15
34/66 LSPM_J0140+2701-20201118@111528-Eden.fts [TYPE] LIGHT [OBJ] LSPM_J0140+2701 [RA] 01 40 02.6490 [Dec] +27 01 50.0354 [FIL] GG495 [EXPTIME] 60.0 [Date] 2020-11-18T11:15:28 [Time] 11:15:28
35/66 LSPM_J0140+2701-20201118@111643-Eden.fts [TYPE] LIGHT [OBJ] LSPM_J0140+2701 [RA] 01 40 02.6490 [Dec] +27 01 50.0354 [FIL] GG495 [EXPTIME] 60.0 [Date] 2020-11-18T11:16:43 [Time] 11:16:43
36/66 LSPM_J0140+2701-20201118@111758-Eden.fts [TYPE] LIGHT [OBJ] LSPM_J0140+2701 [RA] 01 40 02.6490 [Dec] +27 01 50.0354 [FIL] GG495 [EXPTIME] 60.0 [Date] 2020-11-18T11:17:58 [Time] 11:17:58
37/66 LSPM_J0140+2701-20201118@111913-Eden.fts [TYPE] LIGHT [OBJ] LSPM_J0140+2701 [RA] 01 40 02.6490 [Dec] +27 01 50.0354 [FIL] GG495 [EXPTIME] 60.0 [Date] 2020-11-18T11:19:13 [Time] 11:19:13
38/66 LSPM_J0140+2701-20201118@112027-Eden.fts [TYPE] LIGHT [OBJ] LSPM_J0140+2701 [RA] 01 40 02.6490 [Dec] +27 01 50.0354 [FIL] GG495 [EXPTIME] 60.0 [Date] 2020-11-18T11:20:27 [Time] 11:20:27
39/66 LSPM_J0140+2701-20201118@112145-Eden.fts [TYPE] LIGHT [OBJ] LSPM_J0140+2701 [RA] 01 40 02.6490 [Dec] +27 01 50.0354 [FIL] GG495 [EXPTIME] 60.0 [Date] 2020-11-18T11:21:45 [Time] 11:21:45
40/66 LSPM_J0140+2701-20201118@112259-Eden.fts [TYPE] LIGHT [OBJ] LSPM_J0140+2701 [RA] 01 40 02.6490 [Dec] +27 01 50.0354 [FIL] GG495 [EXPTIME] 60.0 [Date] 2020-11-18T11:22:59 [Time] 11:22:59
41/66 LSPM_J0140+2701-20201118@112414-Eden.fts [TYPE] LIGHT [OBJ] LSPM_J0140+2701 [RA] 01 40 02.6490 [Dec] +27 01 50.0354 [FIL] GG495 [EXPTIME] 60.0 [Date] 2020-11-18T11:24:14 [Time] 11:24:14
42/66 LSPM_J0140+2701-20201118@112529-Eden.fts [TYPE] LIGHT [OBJ] LSPM_J0140+2701 [RA] 01 40 02.6490 [Dec] +27 01 50.0354 [FIL] GG495 [EXPTIME] 60.0 [Date] 2020-11-18T11:25:29 [Time] 11:25:29
43/66 LSPM_J0140+2701-20201118@112646-Eden.fts [TYPE] LIGHT [OBJ] LSPM_J0140+2701 [RA] 01 40 02.6490 [Dec] +27 01 50.0354 [FIL] GG495 [EXPTIME] 60.0 [Date] 2020-11-18T11:26:46 [Time] 11:26:46
44/66 LSPM_J0140+2701-20201118@112801-Eden.fts [TYPE] LIGHT [OBJ] LSPM_J0140+2701 [RA] 01 40 02.6490 [Dec] +27 01 50.0354 [FIL] GG495 [EXPTIME] 60.0 [Date] 2020-11-18T11:28:01 [Time] 11:28:01
45/66 LSPM_J0140+2701-20201118@112916-Eden.fts [TYPE] LIGHT [OBJ] LSPM_J0140+2701 [RA] 01 40 02.6490 [Dec] +27 01 50.0354 [FIL] GG495 [EXPTIME] 60.0 [Date] 2020-11-18T11:29:16 [Time] 11:29:16
46/66 LSPM_J0140+2701-20201118@113032-Eden.fts [TYPE] LIGHT [OBJ] LSPM_J0140+2701 [RA] 01 40 02.6490 [Dec] +27 01 50.0354 [FIL] GG495 [EXPTIME] 60.0 [Date] 2020-11-18T11:30:32 [Time] 11:30:32
47/66 LSPM_J0140+2701-20201118@113148-Eden.fts [TYPE] LIGHT [OBJ] LSPM_J0140+2701 [RA] 01 40 02.6490 [Dec] +27 01 50.0354 [FIL] GG495 [EXPTIME] 60.0 [Date] 2020-11-18T11:31:48 [Time] 11:31:48
48/66 LSPM_J0140+2701-20201118@113304-Eden.fts [TYPE] LIGHT [OBJ] LSPM_J0140+2701 [RA] 01 40 02.6490 [Dec] +27 01 50.0354 [FIL] GG495 [EXPTIME] 60.0 [Date] 2020-11-18T11:33:04 [Time] 11:33:04
49/66 LSPM_J0140+2701-20201118@113419-Eden.fts [TYPE] LIGHT [OBJ] LSPM_J0140+2701 [RA] 01 40 02.6490 [Dec] +27 01 50.0354 [FIL] GG495 [EXPTIME] 60.0 [Date] 2020-11-18T11:34:19 [Time] 11:34:19
50/66 LSPM_J0140+2701-20201118@113534-Eden.fts [TYPE] LIGHT [OBJ] LSPM_J0140+2701 [RA] 01 40 02.6490 [Dec] +27 01 50.0354 [FIL] GG495 [EXPTIME] 60.0 [Date] 2020-11-18T11:35:34 [Time] 11:35:34
51/66 LSPM_J0140+2701-20201118@113648-Eden.fts [TYPE] LIGHT [OBJ] LSPM_J0140+2701 [RA] 01 40 02.6490 [Dec] +27 01 50.0354 [FIL] GG495 [EXPTIME] 60.0 [Date] 2020-11-18T11:36:48 [Time] 11:36:48
52/66 LSPM_J0140+2701-20201118@113804-Eden.fts [TYPE] LIGHT [OBJ] LSPM_J0140+2701 [RA] 01 40 02.6490 [Dec] +27 01 50.0354 [FIL] GG495 [EXPTIME] 60.0 [Date] 2020-11-18T11:38:04 [Time] 11:38:04
53/66 LSPM_J0140+2701-20201118@113921-Eden.fts [TYPE] LIGHT [OBJ] LSPM_J0140+2701 [RA] 01 40 02.6490 [Dec] +27 01 50.0354 [FIL] GG495 [EXPTIME] 60.0 [Date] 2020-11-18T11:39:21 [Time] 11:39:21
54/66 LSPM_J0140+2701-20201118@114038-Eden.fts [TYPE] LIGHT [OBJ] LSPM_J0140+2701 [RA] 01 40 02.6490 [Dec] +27 01 50.0354 [FIL] GG495 [EXPTIME] 60.0 [Date] 2020-11-18T11:40:38 [Time] 11:40:38
55/66 LSPM_J0140+2701-20201118@114153-Eden.fts [TYPE] LIGHT [OBJ] LSPM_J0140+2701 [RA] 01 40 02.6490 [Dec] +27 01 50.0354 [FIL] GG495 [EXPTIME] 60.0 [Date] 2020-11-18T11:41:53 [Time] 11:41:53
56/66 LSPM_J0140+2701-20201118@114308-Eden.fts [TYPE] LIGHT [OBJ] LSPM_J0140+2701 [RA] 01 40 02.6490 [Dec] +27 01 50.0354 [FIL] GG495 [EXPTIME] 60.0 [Date] 2020-11-18T11:43:08 [Time] 11:43:08
57/66 LSPM_J0140+2701-20201118@114424-Eden.fts [TYPE] LIGHT [OBJ] LSPM_J0140+2701 [RA] 01 40 02.6490 [Dec] +27 01 50.0354 [FIL] GG495 [EXPTIME] 60.0 [Date] 2020-11-18T11:44:24 [Time] 11:44:24
58/66 LSPM_J0140+2701-20201118@114540-Eden.fts [TYPE] LIGHT [OBJ] LSPM_J0140+2701 [RA] 01 40 02.6490 [Dec] +27 01 50.0354 [FIL] GG495 [EXPTIME] 60.0 [Date] 2020-11-18T11:45:40 [Time] 11:45:40
59/66 LSPM_J0140+2701-20201118@114655-Eden.fts [TYPE] LIGHT [OBJ] LSPM_J0140+2701 [RA] 01 40 02.6490 [Dec] +27 01 50.0354 [FIL] GG495 [EXPTIME] 60.0 [Date] 2020-11-18T11:46:55 [Time] 11:46:55
60/66 LSPM_J0140+2701-20201118@114810-Eden.fts [TYPE] LIGHT [OBJ] LSPM_J0140+2701 [RA] 01 40 02.6490 [Dec] +27 01 50.0354 [FIL] GG495 [EXPTIME] 60.0 [Date] 2020-11-18T11:48:10 [Time] 11:48:10
61/66 LSPM_J0140+2701-20201118@114926-Eden.fts [TYPE] LIGHT [OBJ] LSPM_J0140+2701 [RA] 01 40 02.6490 [Dec] +27 01 50.0354 [FIL] GG495 [EXPTIME] 60.0 [Date] 2020-11-18T11:49:26 [Time] 11:49:26
62/66 LSPM_J0140+2701-20201118@115043-Eden.fts [TYPE] LIGHT [OBJ] LSPM_J0140+2701 [RA] 01 40 02.6490 [Dec] +27 01 50.0354 [FIL] GG495 [EXPTIME] 60.0 [Date] 2020-11-18T11:50:43 [Time] 11:50:43
63/66 LSPM_J0140+2701-20201118@115158-Eden.fts [TYPE] LIGHT [OBJ] LSPM_J0140+2701 [RA] 01 40 02.6490 [Dec] +27 01 50.0354 [FIL] GG495 [EXPTIME] 60.0 [Date] 2020-11-18T11:51:58 [Time] 11:51:58
64/66 LSPM_J0140+2701-20201118@115313-Eden.fts [TYPE] LIGHT [OBJ] LSPM_J0140+2701 [RA] 01 40 02.6490 [Dec] +27 01 50.0354 [FIL] GG495 [EXPTIME] 60.0 [Date] 2020-11-18T11:53:13 [Time] 11:53:13
65/66 LSPM_J0140+2701-20201118@115427-Eden.fts [TYPE] LIGHT [OBJ] LSPM_J0140+2701 [RA] 01 40 02.6490 [Dec] +27 01 50.0354 [FIL] GG495 [EXPTIME] 60.0 [Date] 2020-11-18T11:54:27 [Time] 11:54:27
66/66 LSPM_J0140+2701-20201118@115542-Eden.fts [TYPE] LIGHT [OBJ] LSPM_J0140+2701 [RA] 01 40 02.6490 [Dec] +27 01 50.0354 [FIL] GG495 [EXPTIME] 60.0 [Date] 2020-11-18T11:55:42 [Time] 11:55:42
... write log file to LOT20201118_LSPM_J0140+2701_mod.log ...
... finish ...
