(asenv) altsai@Hercules:~/eden/edenTransfer$ python store_fits.py --verbose /home/altsai/eden/LOT20191011_mod/ | tee LOT20191011_2eden.log


Bucket successfully loaded! eden-data
477 files found
Storing data to the S3 archive!
We can now start uploading the data.
Press return to start the upload, or anything else to abort: Verbose output enabled.
Storing /home/altsai/eden/LOT20191011_mod/20191011-001b2s.fits -> s3://eden-data/Calibrations/LOT/FLAT/2019-10-11/20191011-001b2s.fits (1/477)
Storing /home/altsai/eden/LOT20191011_mod/20191011-001d2s.fits -> s3://eden-data/Calibrations/LOT/DARK/2019-10-11/20191011-001d2s.fits (2/477)
Storing /home/altsai/eden/LOT20191011_mod/20191011-001eden2s.fits -> s3://eden-data/Calibrations/LOT/FLAT/2019-10-11/20191011-001eden2s.fits (3/477)
Storing /home/altsai/eden/LOT20191011_mod/20191011-001gp2s.fits -> s3://eden-data/Calibrations/LOT/FLAT/2019-10-11/20191011-001gp2s.fits (4/477)
Storing /home/altsai/eden/LOT20191011_mod/20191011-001i2s.fits -> s3://eden-data/Calibrations/LOT/FLAT/2019-10-11/20191011-001i2s.fits (5/477)
Storing /home/altsai/eden/LOT20191011_mod/20191011-001r2s.fits -> s3://eden-data/Calibrations/LOT/FLAT/2019-10-11/20191011-001r2s.fits (6/477)
Storing /home/altsai/eden/LOT20191011_mod/20191011-001rp2s.fits -> s3://eden-data/Calibrations/LOT/FLAT/2019-10-11/20191011-001rp2s.fits (7/477)
Storing /home/altsai/eden/LOT20191011_mod/20191011-001v2s.fits -> s3://eden-data/Calibrations/LOT/FLAT/2019-10-11/20191011-001v2s.fits (8/477)
Storing /home/altsai/eden/LOT20191011_mod/20191011-002b2s.fits -> s3://eden-data/Calibrations/LOT/FLAT/2019-10-11/20191011-002b2s.fits (9/477)
Storing /home/altsai/eden/LOT20191011_mod/20191011-002d2s.fits -> s3://eden-data/Calibrations/LOT/DARK/2019-10-11/20191011-002d2s.fits (10/477)
Storing /home/altsai/eden/LOT20191011_mod/20191011-002eden2s.fits -> s3://eden-data/Calibrations/LOT/FLAT/2019-10-11/20191011-002eden2s.fits (11/477)
Storing /home/altsai/eden/LOT20191011_mod/20191011-002gp2s.fits -> s3://eden-data/Calibrations/LOT/FLAT/2019-10-11/20191011-002gp2s.fits (12/477)
Storing /home/altsai/eden/LOT20191011_mod/20191011-002i2s.fits -> s3://eden-data/Calibrations/LOT/FLAT/2019-10-11/20191011-002i2s.fits (13/477)
Storing /home/altsai/eden/LOT20191011_mod/20191011-002r2s.fits -> s3://eden-data/Calibrations/LOT/FLAT/2019-10-11/20191011-002r2s.fits (14/477)
Storing /home/altsai/eden/LOT20191011_mod/20191011-002rp2s.fits -> s3://eden-data/Calibrations/LOT/FLAT/2019-10-11/20191011-002rp2s.fits (15/477)
Storing /home/altsai/eden/LOT20191011_mod/20191011-002v2s.fits -> s3://eden-data/Calibrations/LOT/FLAT/2019-10-11/20191011-002v2s.fits (16/477)
Storing /home/altsai/eden/LOT20191011_mod/20191011-003b2s.fits -> s3://eden-data/Calibrations/LOT/FLAT/2019-10-11/20191011-003b2s.fits (17/477)
Storing /home/altsai/eden/LOT20191011_mod/20191011-003d2s.fits -> s3://eden-data/Calibrations/LOT/DARK/2019-10-11/20191011-003d2s.fits (18/477)
Storing /home/altsai/eden/LOT20191011_mod/20191011-003eden2s.fits -> s3://eden-data/Calibrations/LOT/FLAT/2019-10-11/20191011-003eden2s.fits (19/477)
Storing /home/altsai/eden/LOT20191011_mod/20191011-003gp2s.fits -> s3://eden-data/Calibrations/LOT/FLAT/2019-10-11/20191011-003gp2s.fits (20/477)
Storing /home/altsai/eden/LOT20191011_mod/20191011-003i2s.fits -> s3://eden-data/Calibrations/LOT/FLAT/2019-10-11/20191011-003i2s.fits (21/477)
Storing /home/altsai/eden/LOT20191011_mod/20191011-003r2s.fits -> s3://eden-data/Calibrations/LOT/FLAT/2019-10-11/20191011-003r2s.fits (22/477)
Storing /home/altsai/eden/LOT20191011_mod/20191011-003rp2s.fits -> s3://eden-data/Calibrations/LOT/FLAT/2019-10-11/20191011-003rp2s.fits (23/477)
Storing /home/altsai/eden/LOT20191011_mod/20191011-003v2s.fits -> s3://eden-data/Calibrations/LOT/FLAT/2019-10-11/20191011-003v2s.fits (24/477)
Storing /home/altsai/eden/LOT20191011_mod/20191011-004b2s.fits -> s3://eden-data/Calibrations/LOT/FLAT/2019-10-11/20191011-004b2s.fits (25/477)
Storing /home/altsai/eden/LOT20191011_mod/20191011-004d2s.fits -> s3://eden-data/Calibrations/LOT/DARK/2019-10-11/20191011-004d2s.fits (26/477)
Storing /home/altsai/eden/LOT20191011_mod/20191011-004eden2s.fits -> s3://eden-data/Calibrations/LOT/FLAT/2019-10-11/20191011-004eden2s.fits (27/477)
Storing /home/altsai/eden/LOT20191011_mod/20191011-004gp2s.fits -> s3://eden-data/Calibrations/LOT/FLAT/2019-10-11/20191011-004gp2s.fits (28/477)
Storing /home/altsai/eden/LOT20191011_mod/20191011-004i2s.fits -> s3://eden-data/Calibrations/LOT/FLAT/2019-10-11/20191011-004i2s.fits (29/477)
Storing /home/altsai/eden/LOT20191011_mod/20191011-004r2s.fits -> s3://eden-data/Calibrations/LOT/FLAT/2019-10-11/20191011-004r2s.fits (30/477)
Storing /home/altsai/eden/LOT20191011_mod/20191011-004rp2s.fits -> s3://eden-data/Calibrations/LOT/FLAT/2019-10-11/20191011-004rp2s.fits (31/477)
Storing /home/altsai/eden/LOT20191011_mod/20191011-004v2s.fits -> s3://eden-data/Calibrations/LOT/FLAT/2019-10-11/20191011-004v2s.fits (32/477)
Storing /home/altsai/eden/LOT20191011_mod/20191011-005b2s.fits -> s3://eden-data/Calibrations/LOT/FLAT/2019-10-11/20191011-005b2s.fits (33/477)
Storing /home/altsai/eden/LOT20191011_mod/20191011-005d2s.fits -> s3://eden-data/Calibrations/LOT/DARK/2019-10-11/20191011-005d2s.fits (34/477)
Storing /home/altsai/eden/LOT20191011_mod/20191011-005eden2s.fits -> s3://eden-data/Calibrations/LOT/FLAT/2019-10-11/20191011-005eden2s.fits (35/477)
Storing /home/altsai/eden/LOT20191011_mod/20191011-005gp2s.fits -> s3://eden-data/Calibrations/LOT/FLAT/2019-10-11/20191011-005gp2s.fits (36/477)
Storing /home/altsai/eden/LOT20191011_mod/20191011-005i2s.fits -> s3://eden-data/Calibrations/LOT/FLAT/2019-10-11/20191011-005i2s.fits (37/477)
Storing /home/altsai/eden/LOT20191011_mod/20191011-005r2s.fits -> s3://eden-data/Calibrations/LOT/FLAT/2019-10-11/20191011-005r2s.fits (38/477)
Storing /home/altsai/eden/LOT20191011_mod/20191011-005rp2s.fits -> s3://eden-data/Calibrations/LOT/FLAT/2019-10-11/20191011-005rp2s.fits (39/477)
Storing /home/altsai/eden/LOT20191011_mod/20191011-005v2s.fits -> s3://eden-data/Calibrations/LOT/FLAT/2019-10-11/20191011-005v2s.fits (40/477)
Storing /home/altsai/eden/LOT20191011_mod/20191011-006d2s.fits -> s3://eden-data/Calibrations/LOT/DARK/2019-10-11/20191011-006d2s.fits (41/477)
Storing /home/altsai/eden/LOT20191011_mod/20191011-007d2s.fits -> s3://eden-data/Calibrations/LOT/DARK/2019-10-11/20191011-007d2s.fits (42/477)
Storing /home/altsai/eden/LOT20191011_mod/20191011-008d2s.fits -> s3://eden-data/Calibrations/LOT/DARK/2019-10-11/20191011-008d2s.fits (43/477)
Storing /home/altsai/eden/LOT20191011_mod/20191011-009d2s.fits -> s3://eden-data/Calibrations/LOT/DARK/2019-10-11/20191011-009d2s.fits (44/477)
Storing /home/altsai/eden/LOT20191011_mod/20191011-010d2s.fits -> s3://eden-data/Calibrations/LOT/DARK/2019-10-11/20191011-010d2s.fits (45/477)
Storing /home/altsai/eden/LOT20191011_mod/2MUCD10014-20191011@122433-Eden.fts -> s3://eden-data/RAW/LOT/2MUCD10014/2019-10-11/2MUCD10014-20191011@122433-Eden.fits (46/477)
Storing /home/altsai/eden/LOT20191011_mod/2MUCD10014-20191011@122557-Eden.fts -> s3://eden-data/RAW/LOT/2MUCD10014/2019-10-11/2MUCD10014-20191011@122557-Eden.fits (47/477)
Storing /home/altsai/eden/LOT20191011_mod/2MUCD10014-20191011@122709-Eden.fts -> s3://eden-data/RAW/LOT/2MUCD10014/2019-10-11/2MUCD10014-20191011@122709-Eden.fits (48/477)
Storing /home/altsai/eden/LOT20191011_mod/2MUCD10014-20191011@122822-Eden.fts -> s3://eden-data/RAW/LOT/2MUCD10014/2019-10-11/2MUCD10014-20191011@122822-Eden.fits (49/477)
Storing /home/altsai/eden/LOT20191011_mod/2MUCD10014-20191011@122933-Eden.fts -> s3://eden-data/RAW/LOT/2MUCD10014/2019-10-11/2MUCD10014-20191011@122933-Eden.fits (50/477)
Storing /home/altsai/eden/LOT20191011_mod/2MUCD10014-20191011@123045-Eden.fts -> s3://eden-data/RAW/LOT/2MUCD10014/2019-10-11/2MUCD10014-20191011@123045-Eden.fits (51/477)
Storing /home/altsai/eden/LOT20191011_mod/2MUCD10014-20191011@123157-Eden.fts -> s3://eden-data/RAW/LOT/2MUCD10014/2019-10-11/2MUCD10014-20191011@123157-Eden.fits (52/477)
Storing /home/altsai/eden/LOT20191011_mod/2MUCD10014-20191011@123310-Eden.fts -> s3://eden-data/RAW/LOT/2MUCD10014/2019-10-11/2MUCD10014-20191011@123310-Eden.fits (53/477)
Storing /home/altsai/eden/LOT20191011_mod/2MUCD10014-20191011@123422-Eden.fts -> s3://eden-data/RAW/LOT/2MUCD10014/2019-10-11/2MUCD10014-20191011@123422-Eden.fits (54/477)
Storing /home/altsai/eden/LOT20191011_mod/2MUCD10014-20191011@123534-Eden.fts -> s3://eden-data/RAW/LOT/2MUCD10014/2019-10-11/2MUCD10014-20191011@123534-Eden.fits (55/477)
Storing /home/altsai/eden/LOT20191011_mod/2MUCD10014-20191011@123648-Eden.fts -> s3://eden-data/RAW/LOT/2MUCD10014/2019-10-11/2MUCD10014-20191011@123648-Eden.fits (56/477)
Storing /home/altsai/eden/LOT20191011_mod/2MUCD10014-20191011@123800-Eden.fts -> s3://eden-data/RAW/LOT/2MUCD10014/2019-10-11/2MUCD10014-20191011@123800-Eden.fits (57/477)
Storing /home/altsai/eden/LOT20191011_mod/2MUCD10014-20191011@123911-Eden.fts -> s3://eden-data/RAW/LOT/2MUCD10014/2019-10-11/2MUCD10014-20191011@123911-Eden.fits (58/477)
Storing /home/altsai/eden/LOT20191011_mod/2MUCD10014-20191011@124024-Eden.fts -> s3://eden-data/RAW/LOT/2MUCD10014/2019-10-11/2MUCD10014-20191011@124024-Eden.fits (59/477)
Storing /home/altsai/eden/LOT20191011_mod/2MUCD10014-20191011@124136-Eden.fts -> s3://eden-data/RAW/LOT/2MUCD10014/2019-10-11/2MUCD10014-20191011@124136-Eden.fits (60/477)
Storing /home/altsai/eden/LOT20191011_mod/2MUCD10014-20191011@124247-Eden.fts -> s3://eden-data/RAW/LOT/2MUCD10014/2019-10-11/2MUCD10014-20191011@124247-Eden.fits (61/477)
Storing /home/altsai/eden/LOT20191011_mod/2MUCD10014-20191011@124359-Eden.fts -> s3://eden-data/RAW/LOT/2MUCD10014/2019-10-11/2MUCD10014-20191011@124359-Eden.fits (62/477)
Storing /home/altsai/eden/LOT20191011_mod/2MUCD10014-20191011@124512-Eden.fts -> s3://eden-data/RAW/LOT/2MUCD10014/2019-10-11/2MUCD10014-20191011@124512-Eden.fits (63/477)
Storing /home/altsai/eden/LOT20191011_mod/2MUCD10014-20191011@124625-Eden.fts -> s3://eden-data/RAW/LOT/2MUCD10014/2019-10-11/2MUCD10014-20191011@124625-Eden.fits (64/477)
Storing /home/altsai/eden/LOT20191011_mod/2MUCD10014-20191011@124737-Eden.fts -> s3://eden-data/RAW/LOT/2MUCD10014/2019-10-11/2MUCD10014-20191011@124737-Eden.fits (65/477)
Storing /home/altsai/eden/LOT20191011_mod/2MUCD10014-20191011@124849-Eden.fts -> s3://eden-data/RAW/LOT/2MUCD10014/2019-10-11/2MUCD10014-20191011@124849-Eden.fits (66/477)
Storing /home/altsai/eden/LOT20191011_mod/2MUCD10014-20191011@125002-Eden.fts -> s3://eden-data/RAW/LOT/2MUCD10014/2019-10-11/2MUCD10014-20191011@125002-Eden.fits (67/477)
Storing /home/altsai/eden/LOT20191011_mod/2MUCD10014-20191011@125114-Eden.fts -> s3://eden-data/RAW/LOT/2MUCD10014/2019-10-11/2MUCD10014-20191011@125114-Eden.fits (68/477)
Storing /home/altsai/eden/LOT20191011_mod/2MUCD10014-20191011@125226-Eden.fts -> s3://eden-data/RAW/LOT/2MUCD10014/2019-10-11/2MUCD10014-20191011@125226-Eden.fits (69/477)
Storing /home/altsai/eden/LOT20191011_mod/2MUCD10014-20191011@125338-Eden.fts -> s3://eden-data/RAW/LOT/2MUCD10014/2019-10-11/2MUCD10014-20191011@125338-Eden.fits (70/477)
Storing /home/altsai/eden/LOT20191011_mod/2MUCD10014-20191011@125451-Eden.fts -> s3://eden-data/RAW/LOT/2MUCD10014/2019-10-11/2MUCD10014-20191011@125451-Eden.fits (71/477)
Storing /home/altsai/eden/LOT20191011_mod/2MUCD10014-20191011@125603-Eden.fts -> s3://eden-data/RAW/LOT/2MUCD10014/2019-10-11/2MUCD10014-20191011@125603-Eden.fits (72/477)
Storing /home/altsai/eden/LOT20191011_mod/2MUCD10014-20191011@125714-Eden.fts -> s3://eden-data/RAW/LOT/2MUCD10014/2019-10-11/2MUCD10014-20191011@125714-Eden.fits (73/477)
Storing /home/altsai/eden/LOT20191011_mod/2MUCD10014-20191011@125826-Eden.fts -> s3://eden-data/RAW/LOT/2MUCD10014/2019-10-11/2MUCD10014-20191011@125826-Eden.fits (74/477)
Storing /home/altsai/eden/LOT20191011_mod/2MUCD10014-20191011@125938-Eden.fts -> s3://eden-data/RAW/LOT/2MUCD10014/2019-10-11/2MUCD10014-20191011@125938-Eden.fits (75/477)
Storing /home/altsai/eden/LOT20191011_mod/2MUCD10014-20191011@130050-Eden.fts -> s3://eden-data/RAW/LOT/2MUCD10014/2019-10-11/2MUCD10014-20191011@130050-Eden.fits (76/477)
Storing /home/altsai/eden/LOT20191011_mod/2MUCD10014-20191011@130204-Eden.fts -> s3://eden-data/RAW/LOT/2MUCD10014/2019-10-11/2MUCD10014-20191011@130204-Eden.fits (77/477)
Storing /home/altsai/eden/LOT20191011_mod/2MUCD10014-20191011@130316-Eden.fts -> s3://eden-data/RAW/LOT/2MUCD10014/2019-10-11/2MUCD10014-20191011@130316-Eden.fits (78/477)
Storing /home/altsai/eden/LOT20191011_mod/2MUCD10014-20191011@130428-Eden.fts -> s3://eden-data/RAW/LOT/2MUCD10014/2019-10-11/2MUCD10014-20191011@130428-Eden.fits (79/477)
Storing /home/altsai/eden/LOT20191011_mod/2MUCD10014-20191011@130540-Eden.fts -> s3://eden-data/RAW/LOT/2MUCD10014/2019-10-11/2MUCD10014-20191011@130540-Eden.fits (80/477)
Storing /home/altsai/eden/LOT20191011_mod/2MUCD10014-20191011@130651-Eden.fts -> s3://eden-data/RAW/LOT/2MUCD10014/2019-10-11/2MUCD10014-20191011@130651-Eden.fits (81/477)
Storing /home/altsai/eden/LOT20191011_mod/2MUCD10014-20191011@130802-Eden.fts -> s3://eden-data/RAW/LOT/2MUCD10014/2019-10-11/2MUCD10014-20191011@130802-Eden.fits (82/477)
Storing /home/altsai/eden/LOT20191011_mod/2MUCD10014-20191011@130913-Eden.fts -> s3://eden-data/RAW/LOT/2MUCD10014/2019-10-11/2MUCD10014-20191011@130913-Eden.fits (83/477)
Storing /home/altsai/eden/LOT20191011_mod/2MUCD10014-20191011@131025-Eden.fts -> s3://eden-data/RAW/LOT/2MUCD10014/2019-10-11/2MUCD10014-20191011@131025-Eden.fits (84/477)
Storing /home/altsai/eden/LOT20191011_mod/2MUCD10014-20191011@131137-Eden.fts -> s3://eden-data/RAW/LOT/2MUCD10014/2019-10-11/2MUCD10014-20191011@131137-Eden.fits (85/477)
Storing /home/altsai/eden/LOT20191011_mod/2MUCD10014-20191011@131248-Eden.fts -> s3://eden-data/RAW/LOT/2MUCD10014/2019-10-11/2MUCD10014-20191011@131248-Eden.fits (86/477)
Storing /home/altsai/eden/LOT20191011_mod/2MUCD10014-20191011@131400-Eden.fts -> s3://eden-data/RAW/LOT/2MUCD10014/2019-10-11/2MUCD10014-20191011@131400-Eden.fits (87/477)
Storing /home/altsai/eden/LOT20191011_mod/2MUCD10014-20191011@131513-Eden.fts -> s3://eden-data/RAW/LOT/2MUCD10014/2019-10-11/2MUCD10014-20191011@131513-Eden.fits (88/477)
Storing /home/altsai/eden/LOT20191011_mod/2MUCD10014-20191011@131625-Eden.fts -> s3://eden-data/RAW/LOT/2MUCD10014/2019-10-11/2MUCD10014-20191011@131625-Eden.fits (89/477)
Storing /home/altsai/eden/LOT20191011_mod/2MUCD10014-20191011@131736-Eden.fts -> s3://eden-data/RAW/LOT/2MUCD10014/2019-10-11/2MUCD10014-20191011@131736-Eden.fits (90/477)
Storing /home/altsai/eden/LOT20191011_mod/2MUCD10014-20191011@131848-Eden.fts -> s3://eden-data/RAW/LOT/2MUCD10014/2019-10-11/2MUCD10014-20191011@131848-Eden.fits (91/477)
Storing /home/altsai/eden/LOT20191011_mod/2MUCD10014-20191011@132000-Eden.fts -> s3://eden-data/RAW/LOT/2MUCD10014/2019-10-11/2MUCD10014-20191011@132000-Eden.fits (92/477)
Storing /home/altsai/eden/LOT20191011_mod/2MUCD10014-20191011@132110-Eden.fts -> s3://eden-data/RAW/LOT/2MUCD10014/2019-10-11/2MUCD10014-20191011@132110-Eden.fits (93/477)
Storing /home/altsai/eden/LOT20191011_mod/2MUCD10014-20191011@132223-Eden.fts -> s3://eden-data/RAW/LOT/2MUCD10014/2019-10-11/2MUCD10014-20191011@132223-Eden.fits (94/477)
Storing /home/altsai/eden/LOT20191011_mod/2MUCD10014-20191011@132336-Eden.fts -> s3://eden-data/RAW/LOT/2MUCD10014/2019-10-11/2MUCD10014-20191011@132336-Eden.fits (95/477)
Storing /home/altsai/eden/LOT20191011_mod/2MUCD10014-20191011@132448-Eden.fts -> s3://eden-data/RAW/LOT/2MUCD10014/2019-10-11/2MUCD10014-20191011@132448-Eden.fits (96/477)
Storing /home/altsai/eden/LOT20191011_mod/2MUCD10014-20191011@132600-Eden.fts -> s3://eden-data/RAW/LOT/2MUCD10014/2019-10-11/2MUCD10014-20191011@132600-Eden.fits (97/477)
Storing /home/altsai/eden/LOT20191011_mod/2MUCD10014-20191011@132712-Eden.fts -> s3://eden-data/RAW/LOT/2MUCD10014/2019-10-11/2MUCD10014-20191011@132712-Eden.fits (98/477)
Storing /home/altsai/eden/LOT20191011_mod/2MUCD10014-20191011@132825-Eden.fts -> s3://eden-data/RAW/LOT/2MUCD10014/2019-10-11/2MUCD10014-20191011@132825-Eden.fits (99/477)
Storing /home/altsai/eden/LOT20191011_mod/2MUCD10014-20191011@132936-Eden.fts -> s3://eden-data/RAW/LOT/2MUCD10014/2019-10-11/2MUCD10014-20191011@132936-Eden.fits (100/477)
Storing /home/altsai/eden/LOT20191011_mod/2MUCD10014-20191011@133049-Eden.fts -> s3://eden-data/RAW/LOT/2MUCD10014/2019-10-11/2MUCD10014-20191011@133049-Eden.fits (101/477)
Storing /home/altsai/eden/LOT20191011_mod/2MUCD10014-20191011@133201-Eden.fts -> s3://eden-data/RAW/LOT/2MUCD10014/2019-10-11/2MUCD10014-20191011@133201-Eden.fits (102/477)
Storing /home/altsai/eden/LOT20191011_mod/2MUCD10014-20191011@133314-Eden.fts -> s3://eden-data/RAW/LOT/2MUCD10014/2019-10-11/2MUCD10014-20191011@133314-Eden.fits (103/477)
Storing /home/altsai/eden/LOT20191011_mod/2MUCD10014-20191011@133426-Eden.fts -> s3://eden-data/RAW/LOT/2MUCD10014/2019-10-11/2MUCD10014-20191011@133426-Eden.fits (104/477)
Storing /home/altsai/eden/LOT20191011_mod/2MUCD10014-20191011@133538-Eden.fts -> s3://eden-data/RAW/LOT/2MUCD10014/2019-10-11/2MUCD10014-20191011@133538-Eden.fits (105/477)
Storing /home/altsai/eden/LOT20191011_mod/2MUCD10014-20191011@133649-Eden.fts -> s3://eden-data/RAW/LOT/2MUCD10014/2019-10-11/2MUCD10014-20191011@133649-Eden.fits (106/477)
Storing /home/altsai/eden/LOT20191011_mod/2MUCD10014-20191011@133800-Eden.fts -> s3://eden-data/RAW/LOT/2MUCD10014/2019-10-11/2MUCD10014-20191011@133800-Eden.fits (107/477)
Storing /home/altsai/eden/LOT20191011_mod/2MUCD10014-20191011@133912-Eden.fts -> s3://eden-data/RAW/LOT/2MUCD10014/2019-10-11/2MUCD10014-20191011@133912-Eden.fits (108/477)
Storing /home/altsai/eden/LOT20191011_mod/2MUCD10014-20191011@134024-Eden.fts -> s3://eden-data/RAW/LOT/2MUCD10014/2019-10-11/2MUCD10014-20191011@134024-Eden.fits (109/477)
Storing /home/altsai/eden/LOT20191011_mod/2MUCD10014-20191011@134138-Eden.fts -> s3://eden-data/RAW/LOT/2MUCD10014/2019-10-11/2MUCD10014-20191011@134138-Eden.fits (110/477)
Storing /home/altsai/eden/LOT20191011_mod/2MUCD10014-20191011@134250-Eden.fts -> s3://eden-data/RAW/LOT/2MUCD10014/2019-10-11/2MUCD10014-20191011@134250-Eden.fits (111/477)
Storing /home/altsai/eden/LOT20191011_mod/2MUCD10014-20191011@134402-Eden.fts -> s3://eden-data/RAW/LOT/2MUCD10014/2019-10-11/2MUCD10014-20191011@134402-Eden.fits (112/477)
Storing /home/altsai/eden/LOT20191011_mod/2MUCD10014-20191011@134514-Eden.fts -> s3://eden-data/RAW/LOT/2MUCD10014/2019-10-11/2MUCD10014-20191011@134514-Eden.fits (113/477)
Storing /home/altsai/eden/LOT20191011_mod/2MUCD10014-20191011@134625-Eden.fts -> s3://eden-data/RAW/LOT/2MUCD10014/2019-10-11/2MUCD10014-20191011@134625-Eden.fits (114/477)
Storing /home/altsai/eden/LOT20191011_mod/2MUCD10014-20191011@134737-Eden.fts -> s3://eden-data/RAW/LOT/2MUCD10014/2019-10-11/2MUCD10014-20191011@134737-Eden.fits (115/477)
Storing /home/altsai/eden/LOT20191011_mod/2MUCD10014-20191011@134851-Eden.fts -> s3://eden-data/RAW/LOT/2MUCD10014/2019-10-11/2MUCD10014-20191011@134851-Eden.fits (116/477)
Storing /home/altsai/eden/LOT20191011_mod/2MUCD10014-20191011@135003-Eden.fts -> s3://eden-data/RAW/LOT/2MUCD10014/2019-10-11/2MUCD10014-20191011@135003-Eden.fits (117/477)
Storing /home/altsai/eden/LOT20191011_mod/2MUCD10014-20191011@135115-Eden.fts -> s3://eden-data/RAW/LOT/2MUCD10014/2019-10-11/2MUCD10014-20191011@135115-Eden.fits (118/477)
Storing /home/altsai/eden/LOT20191011_mod/2MUCD10014-20191011@135226-Eden.fts -> s3://eden-data/RAW/LOT/2MUCD10014/2019-10-11/2MUCD10014-20191011@135226-Eden.fits (119/477)
Storing /home/altsai/eden/LOT20191011_mod/2MUCD10014-20191011@135337-Eden.fts -> s3://eden-data/RAW/LOT/2MUCD10014/2019-10-11/2MUCD10014-20191011@135337-Eden.fits (120/477)
Storing /home/altsai/eden/LOT20191011_mod/2MUCD10014-20191011@135448-Eden.fts -> s3://eden-data/RAW/LOT/2MUCD10014/2019-10-11/2MUCD10014-20191011@135448-Eden.fits (121/477)
Storing /home/altsai/eden/LOT20191011_mod/2MUCD10014-20191011@135602-Eden.fts -> s3://eden-data/RAW/LOT/2MUCD10014/2019-10-11/2MUCD10014-20191011@135602-Eden.fits (122/477)
Storing /home/altsai/eden/LOT20191011_mod/2MUCD10014-20191011@135713-Eden.fts -> s3://eden-data/RAW/LOT/2MUCD10014/2019-10-11/2MUCD10014-20191011@135713-Eden.fits (123/477)
Storing /home/altsai/eden/LOT20191011_mod/2MUCD10014-20191011@135825-Eden.fts -> s3://eden-data/RAW/LOT/2MUCD10014/2019-10-11/2MUCD10014-20191011@135825-Eden.fits (124/477)
Storing /home/altsai/eden/LOT20191011_mod/2MUCD10014-20191011@135936-Eden.fts -> s3://eden-data/RAW/LOT/2MUCD10014/2019-10-11/2MUCD10014-20191011@135936-Eden.fits (125/477)
Storing /home/altsai/eden/LOT20191011_mod/2MUCD10014-20191011@140047-Eden.fts -> s3://eden-data/RAW/LOT/2MUCD10014/2019-10-11/2MUCD10014-20191011@140047-Eden.fits (126/477)
Storing /home/altsai/eden/LOT20191011_mod/2MUCD10014-20191011@140159-Eden.fts -> s3://eden-data/RAW/LOT/2MUCD10014/2019-10-11/2MUCD10014-20191011@140159-Eden.fits (127/477)
Storing /home/altsai/eden/LOT20191011_mod/2MUCD10014-20191011@140312-Eden.fts -> s3://eden-data/RAW/LOT/2MUCD10014/2019-10-11/2MUCD10014-20191011@140312-Eden.fits (128/477)
Storing /home/altsai/eden/LOT20191011_mod/2MUCD10014-20191011@140425-Eden.fts -> s3://eden-data/RAW/LOT/2MUCD10014/2019-10-11/2MUCD10014-20191011@140425-Eden.fits (129/477)
Storing /home/altsai/eden/LOT20191011_mod/2MUCD10014-20191011@140536-Eden.fts -> s3://eden-data/RAW/LOT/2MUCD10014/2019-10-11/2MUCD10014-20191011@140536-Eden.fits (130/477)
Storing /home/altsai/eden/LOT20191011_mod/2MUCD10014-20191011@140649-Eden.fts -> s3://eden-data/RAW/LOT/2MUCD10014/2019-10-11/2MUCD10014-20191011@140649-Eden.fits (131/477)
Storing /home/altsai/eden/LOT20191011_mod/2MUCD10014-20191011@140800-Eden.fts -> s3://eden-data/RAW/LOT/2MUCD10014/2019-10-11/2MUCD10014-20191011@140800-Eden.fits (132/477)
Storing /home/altsai/eden/LOT20191011_mod/2MUCD10014-20191011@140912-Eden.fts -> s3://eden-data/RAW/LOT/2MUCD10014/2019-10-11/2MUCD10014-20191011@140912-Eden.fits (133/477)
Storing /home/altsai/eden/LOT20191011_mod/2MUCD10014-20191011@141024-Eden.fts -> s3://eden-data/RAW/LOT/2MUCD10014/2019-10-11/2MUCD10014-20191011@141024-Eden.fits (134/477)
Storing /home/altsai/eden/LOT20191011_mod/2MUCD10014-20191011@141135-Eden.fts -> s3://eden-data/RAW/LOT/2MUCD10014/2019-10-11/2MUCD10014-20191011@141135-Eden.fits (135/477)
Storing /home/altsai/eden/LOT20191011_mod/2MUCD10014-20191011@141246-Eden.fts -> s3://eden-data/RAW/LOT/2MUCD10014/2019-10-11/2MUCD10014-20191011@141246-Eden.fits (136/477)
Storing /home/altsai/eden/LOT20191011_mod/2MUCD10014-20191011@141358-Eden.fts -> s3://eden-data/RAW/LOT/2MUCD10014/2019-10-11/2MUCD10014-20191011@141358-Eden.fits (137/477)
Storing /home/altsai/eden/LOT20191011_mod/2MUCD10014-20191011@141510-Eden.fts -> s3://eden-data/RAW/LOT/2MUCD10014/2019-10-11/2MUCD10014-20191011@141510-Eden.fits (138/477)
Storing /home/altsai/eden/LOT20191011_mod/2MUCD10014-20191011@141624-Eden.fts -> s3://eden-data/RAW/LOT/2MUCD10014/2019-10-11/2MUCD10014-20191011@141624-Eden.fits (139/477)
Storing /home/altsai/eden/LOT20191011_mod/2MUCD10014-20191011@141735-Eden.fts -> s3://eden-data/RAW/LOT/2MUCD10014/2019-10-11/2MUCD10014-20191011@141735-Eden.fits (140/477)
Storing /home/altsai/eden/LOT20191011_mod/2MUCD10014-20191011@141847-Eden.fts -> s3://eden-data/RAW/LOT/2MUCD10014/2019-10-11/2MUCD10014-20191011@141847-Eden.fits (141/477)
Storing /home/altsai/eden/LOT20191011_mod/2MUCD10014-20191011@141959-Eden.fts -> s3://eden-data/RAW/LOT/2MUCD10014/2019-10-11/2MUCD10014-20191011@141959-Eden.fits (142/477)
Storing /home/altsai/eden/LOT20191011_mod/2MUCD10014-20191011@142111-Eden.fts -> s3://eden-data/RAW/LOT/2MUCD10014/2019-10-11/2MUCD10014-20191011@142111-Eden.fits (143/477)
Storing /home/altsai/eden/LOT20191011_mod/2MUCD10014-20191011@142223-Eden.fts -> s3://eden-data/RAW/LOT/2MUCD10014/2019-10-11/2MUCD10014-20191011@142223-Eden.fits (144/477)
Storing /home/altsai/eden/LOT20191011_mod/2MUCD10014-20191011@142334-Eden.fts -> s3://eden-data/RAW/LOT/2MUCD10014/2019-10-11/2MUCD10014-20191011@142334-Eden.fits (145/477)
Storing /home/altsai/eden/LOT20191011_mod/2MUCD10014-20191011@142447-Eden.fts -> s3://eden-data/RAW/LOT/2MUCD10014/2019-10-11/2MUCD10014-20191011@142447-Eden.fits (146/477)
Storing /home/altsai/eden/LOT20191011_mod/2MUCD10014-20191011@142600-Eden.fts -> s3://eden-data/RAW/LOT/2MUCD10014/2019-10-11/2MUCD10014-20191011@142600-Eden.fits (147/477)
Storing /home/altsai/eden/LOT20191011_mod/2MUCD10014-20191011@142712-Eden.fts -> s3://eden-data/RAW/LOT/2MUCD10014/2019-10-11/2MUCD10014-20191011@142712-Eden.fits (148/477)
Storing /home/altsai/eden/LOT20191011_mod/2MUCD10014-20191011@142824-Eden.fts -> s3://eden-data/RAW/LOT/2MUCD10014/2019-10-11/2MUCD10014-20191011@142824-Eden.fits (149/477)
Storing /home/altsai/eden/LOT20191011_mod/2MUCD10014-20191011@142936-Eden.fts -> s3://eden-data/RAW/LOT/2MUCD10014/2019-10-11/2MUCD10014-20191011@142936-Eden.fits (150/477)
Storing /home/altsai/eden/LOT20191011_mod/2MUCD10014-20191011@143048-Eden.fts -> s3://eden-data/RAW/LOT/2MUCD10014/2019-10-11/2MUCD10014-20191011@143048-Eden.fits (151/477)
Storing /home/altsai/eden/LOT20191011_mod/2MUCD10014-20191011@143202-Eden.fts -> s3://eden-data/RAW/LOT/2MUCD10014/2019-10-11/2MUCD10014-20191011@143202-Eden.fits (152/477)
Storing /home/altsai/eden/LOT20191011_mod/2MUCD10014-20191011@143313-Eden.fts -> s3://eden-data/RAW/LOT/2MUCD10014/2019-10-11/2MUCD10014-20191011@143313-Eden.fits (153/477)
Storing /home/altsai/eden/LOT20191011_mod/2MUCD10014-20191011@143425-Eden.fts -> s3://eden-data/RAW/LOT/2MUCD10014/2019-10-11/2MUCD10014-20191011@143425-Eden.fits (154/477)
Storing /home/altsai/eden/LOT20191011_mod/2MUCD10014-20191011@143537-Eden.fts -> s3://eden-data/RAW/LOT/2MUCD10014/2019-10-11/2MUCD10014-20191011@143537-Eden.fits (155/477)
Storing /home/altsai/eden/LOT20191011_mod/2MUCD10014-20191011@143648-Eden.fts -> s3://eden-data/RAW/LOT/2MUCD10014/2019-10-11/2MUCD10014-20191011@143648-Eden.fits (156/477)
Storing /home/altsai/eden/LOT20191011_mod/2MUCD10014-20191011@143801-Eden.fts -> s3://eden-data/RAW/LOT/2MUCD10014/2019-10-11/2MUCD10014-20191011@143801-Eden.fits (157/477)
Storing /home/altsai/eden/LOT20191011_mod/2MUCD10014-20191011@143912-Eden.fts -> s3://eden-data/RAW/LOT/2MUCD10014/2019-10-11/2MUCD10014-20191011@143912-Eden.fits (158/477)
Storing /home/altsai/eden/LOT20191011_mod/2MUCD10014-20191011@144024-Eden.fts -> s3://eden-data/RAW/LOT/2MUCD10014/2019-10-11/2MUCD10014-20191011@144024-Eden.fits (159/477)
Storing /home/altsai/eden/LOT20191011_mod/2MUCD10014-20191011@144136-Eden.fts -> s3://eden-data/RAW/LOT/2MUCD10014/2019-10-11/2MUCD10014-20191011@144136-Eden.fits (160/477)
Storing /home/altsai/eden/LOT20191011_mod/2MUCD10014-20191011@144248-Eden.fts -> s3://eden-data/RAW/LOT/2MUCD10014/2019-10-11/2MUCD10014-20191011@144248-Eden.fits (161/477)
Storing /home/altsai/eden/LOT20191011_mod/2MUCD10014-20191011@144359-Eden.fts -> s3://eden-data/RAW/LOT/2MUCD10014/2019-10-11/2MUCD10014-20191011@144359-Eden.fits (162/477)
Storing /home/altsai/eden/LOT20191011_mod/2MUCD10014-20191011@144510-Eden.fts -> s3://eden-data/RAW/LOT/2MUCD10014/2019-10-11/2MUCD10014-20191011@144510-Eden.fits (163/477)
Storing /home/altsai/eden/LOT20191011_mod/2MUCD10014-20191011@144622-Eden.fts -> s3://eden-data/RAW/LOT/2MUCD10014/2019-10-11/2MUCD10014-20191011@144622-Eden.fits (164/477)
Storing /home/altsai/eden/LOT20191011_mod/2MUCD10014-20191011@144733-Eden.fts -> s3://eden-data/RAW/LOT/2MUCD10014/2019-10-11/2MUCD10014-20191011@144733-Eden.fits (165/477)
Storing /home/altsai/eden/LOT20191011_mod/2MUCD10014-20191011@144844-Eden.fts -> s3://eden-data/RAW/LOT/2MUCD10014/2019-10-11/2MUCD10014-20191011@144844-Eden.fits (166/477)
Storing /home/altsai/eden/LOT20191011_mod/2MUCD10014-20191011@144956-Eden.fts -> s3://eden-data/RAW/LOT/2MUCD10014/2019-10-11/2MUCD10014-20191011@144956-Eden.fits (167/477)
Storing /home/altsai/eden/LOT20191011_mod/2MUCD10014-20191011@145108-Eden.fts -> s3://eden-data/RAW/LOT/2MUCD10014/2019-10-11/2MUCD10014-20191011@145108-Eden.fits (168/477)
Storing /home/altsai/eden/LOT20191011_mod/2MUCD10014-20191011@145221-Eden.fts -> s3://eden-data/RAW/LOT/2MUCD10014/2019-10-11/2MUCD10014-20191011@145221-Eden.fits (169/477)
Storing /home/altsai/eden/LOT20191011_mod/2MUCD10014-20191011@145333-Eden.fts -> s3://eden-data/RAW/LOT/2MUCD10014/2019-10-11/2MUCD10014-20191011@145333-Eden.fits (170/477)
Storing /home/altsai/eden/LOT20191011_mod/2MUCD10014-20191011@145445-Eden.fts -> s3://eden-data/RAW/LOT/2MUCD10014/2019-10-11/2MUCD10014-20191011@145445-Eden.fits (171/477)
Storing /home/altsai/eden/LOT20191011_mod/2MUCD10014-20191011@145557-Eden.fts -> s3://eden-data/RAW/LOT/2MUCD10014/2019-10-11/2MUCD10014-20191011@145557-Eden.fits (172/477)
Storing /home/altsai/eden/LOT20191011_mod/2MUCD10014-20191011@145708-Eden.fts -> s3://eden-data/RAW/LOT/2MUCD10014/2019-10-11/2MUCD10014-20191011@145708-Eden.fits (173/477)
Storing /home/altsai/eden/LOT20191011_mod/2MUCD10014-20191011@145821-Eden.fts -> s3://eden-data/RAW/LOT/2MUCD10014/2019-10-11/2MUCD10014-20191011@145821-Eden.fits (174/477)
Storing /home/altsai/eden/LOT20191011_mod/2MUCD10014-20191011@145932-Eden.fts -> s3://eden-data/RAW/LOT/2MUCD10014/2019-10-11/2MUCD10014-20191011@145932-Eden.fits (175/477)
Storing /home/altsai/eden/LOT20191011_mod/2MUCD10014-20191011@150045-Eden.fts -> s3://eden-data/RAW/LOT/2MUCD10014/2019-10-11/2MUCD10014-20191011@150045-Eden.fits (176/477)
Storing /home/altsai/eden/LOT20191011_mod/2MUCD10014-20191011@150157-Eden.fts -> s3://eden-data/RAW/LOT/2MUCD10014/2019-10-11/2MUCD10014-20191011@150157-Eden.fits (177/477)
Storing /home/altsai/eden/LOT20191011_mod/2MUCD10014-20191011@150308-Eden.fts -> s3://eden-data/RAW/LOT/2MUCD10014/2019-10-11/2MUCD10014-20191011@150308-Eden.fits (178/477)
Storing /home/altsai/eden/LOT20191011_mod/2MUCD10014-20191011@150420-Eden.fts -> s3://eden-data/RAW/LOT/2MUCD10014/2019-10-11/2MUCD10014-20191011@150420-Eden.fits (179/477)
Storing /home/altsai/eden/LOT20191011_mod/2MUCD10014-20191011@150533-Eden.fts -> s3://eden-data/RAW/LOT/2MUCD10014/2019-10-11/2MUCD10014-20191011@150533-Eden.fits (180/477)
Storing /home/altsai/eden/LOT20191011_mod/2MUCD10014-20191011@150645-Eden.fts -> s3://eden-data/RAW/LOT/2MUCD10014/2019-10-11/2MUCD10014-20191011@150645-Eden.fits (181/477)
Storing /home/altsai/eden/LOT20191011_mod/2MUCD10014-20191011@150758-Eden.fts -> s3://eden-data/RAW/LOT/2MUCD10014/2019-10-11/2MUCD10014-20191011@150758-Eden.fits (182/477)
Storing /home/altsai/eden/LOT20191011_mod/2MUCD10014-20191011@150910-Eden.fts -> s3://eden-data/RAW/LOT/2MUCD10014/2019-10-11/2MUCD10014-20191011@150910-Eden.fits (183/477)
Storing /home/altsai/eden/LOT20191011_mod/2MUCD10014-20191011@151022-Eden.fts -> s3://eden-data/RAW/LOT/2MUCD10014/2019-10-11/2MUCD10014-20191011@151022-Eden.fits (184/477)
Storing /home/altsai/eden/LOT20191011_mod/2MUCD10014-20191011@151134-Eden.fts -> s3://eden-data/RAW/LOT/2MUCD10014/2019-10-11/2MUCD10014-20191011@151134-Eden.fits (185/477)
Storing /home/altsai/eden/LOT20191011_mod/2MUCD10014-20191011@151246-Eden.fts -> s3://eden-data/RAW/LOT/2MUCD10014/2019-10-11/2MUCD10014-20191011@151246-Eden.fits (186/477)
Storing /home/altsai/eden/LOT20191011_mod/2MUCD10014-20191011@151358-Eden.fts -> s3://eden-data/RAW/LOT/2MUCD10014/2019-10-11/2MUCD10014-20191011@151358-Eden.fits (187/477)
Storing /home/altsai/eden/LOT20191011_mod/2MUCD10014-20191011@151510-Eden.fts -> s3://eden-data/RAW/LOT/2MUCD10014/2019-10-11/2MUCD10014-20191011@151510-Eden.fits (188/477)
Storing /home/altsai/eden/LOT20191011_mod/2MUCD10014-20191011@151622-Eden.fts -> s3://eden-data/RAW/LOT/2MUCD10014/2019-10-11/2MUCD10014-20191011@151622-Eden.fits (189/477)
Storing /home/altsai/eden/LOT20191011_mod/2MUCD10014-20191011@151734-Eden.fts -> s3://eden-data/RAW/LOT/2MUCD10014/2019-10-11/2MUCD10014-20191011@151734-Eden.fits (190/477)
Storing /home/altsai/eden/LOT20191011_mod/2MUCD10014-20191011@151847-Eden.fts -> s3://eden-data/RAW/LOT/2MUCD10014/2019-10-11/2MUCD10014-20191011@151847-Eden.fits (191/477)
Storing /home/altsai/eden/LOT20191011_mod/2MUCD10014-20191011@151958-Eden.fts -> s3://eden-data/RAW/LOT/2MUCD10014/2019-10-11/2MUCD10014-20191011@151958-Eden.fits (192/477)
Storing /home/altsai/eden/LOT20191011_mod/2MUCD10014-20191011@152111-Eden.fts -> s3://eden-data/RAW/LOT/2MUCD10014/2019-10-11/2MUCD10014-20191011@152111-Eden.fits (193/477)
Storing /home/altsai/eden/LOT20191011_mod/2MUCD10014-20191011@152221-Eden.fts -> s3://eden-data/RAW/LOT/2MUCD10014/2019-10-11/2MUCD10014-20191011@152221-Eden.fits (194/477)
Storing /home/altsai/eden/LOT20191011_mod/2MUCD10014-20191011@152333-Eden.fts -> s3://eden-data/RAW/LOT/2MUCD10014/2019-10-11/2MUCD10014-20191011@152333-Eden.fits (195/477)
Storing /home/altsai/eden/LOT20191011_mod/2MUCD10014-20191011@152446-Eden.fts -> s3://eden-data/RAW/LOT/2MUCD10014/2019-10-11/2MUCD10014-20191011@152446-Eden.fits (196/477)
Storing /home/altsai/eden/LOT20191011_mod/2MUCD10014-20191011@152558-Eden.fts -> s3://eden-data/RAW/LOT/2MUCD10014/2019-10-11/2MUCD10014-20191011@152558-Eden.fits (197/477)
Storing /home/altsai/eden/LOT20191011_mod/2MUCD10014-20191011@152710-Eden.fts -> s3://eden-data/RAW/LOT/2MUCD10014/2019-10-11/2MUCD10014-20191011@152710-Eden.fits (198/477)
Storing /home/altsai/eden/LOT20191011_mod/2MUCD10014-20191011@152822-Eden.fts -> s3://eden-data/RAW/LOT/2MUCD10014/2019-10-11/2MUCD10014-20191011@152822-Eden.fits (199/477)
Storing /home/altsai/eden/LOT20191011_mod/2MUCD10014-20191011@152933-Eden.fts -> s3://eden-data/RAW/LOT/2MUCD10014/2019-10-11/2MUCD10014-20191011@152933-Eden.fits (200/477)
Storing /home/altsai/eden/LOT20191011_mod/2MUCD10014-20191011@153044-Eden.fts -> s3://eden-data/RAW/LOT/2MUCD10014/2019-10-11/2MUCD10014-20191011@153044-Eden.fits (201/477)
Storing /home/altsai/eden/LOT20191011_mod/2MUCD10014-20191011@153156-Eden.fts -> s3://eden-data/RAW/LOT/2MUCD10014/2019-10-11/2MUCD10014-20191011@153156-Eden.fits (202/477)
Storing /home/altsai/eden/LOT20191011_mod/2MUCD10014-20191011@153309-Eden.fts -> s3://eden-data/RAW/LOT/2MUCD10014/2019-10-11/2MUCD10014-20191011@153309-Eden.fits (203/477)
Storing /home/altsai/eden/LOT20191011_mod/2MUCD10014-20191011@153420-Eden.fts -> s3://eden-data/RAW/LOT/2MUCD10014/2019-10-11/2MUCD10014-20191011@153420-Eden.fits (204/477)
Storing /home/altsai/eden/LOT20191011_mod/2MUCD10014-20191011@153533-Eden.fts -> s3://eden-data/RAW/LOT/2MUCD10014/2019-10-11/2MUCD10014-20191011@153533-Eden.fits (205/477)
Storing /home/altsai/eden/LOT20191011_mod/2MUCD10014-20191011@153644-Eden.fts -> s3://eden-data/RAW/LOT/2MUCD10014/2019-10-11/2MUCD10014-20191011@153644-Eden.fits (206/477)
Storing /home/altsai/eden/LOT20191011_mod/2MUCD10014-20191011@153755-Eden.fts -> s3://eden-data/RAW/LOT/2MUCD10014/2019-10-11/2MUCD10014-20191011@153755-Eden.fits (207/477)
Storing /home/altsai/eden/LOT20191011_mod/2MUCD10014-20191011@153908-Eden.fts -> s3://eden-data/RAW/LOT/2MUCD10014/2019-10-11/2MUCD10014-20191011@153908-Eden.fits (208/477)
Storing /home/altsai/eden/LOT20191011_mod/2MUCD10014-20191011@154021-Eden.fts -> s3://eden-data/RAW/LOT/2MUCD10014/2019-10-11/2MUCD10014-20191011@154021-Eden.fits (209/477)
Storing /home/altsai/eden/LOT20191011_mod/2MUCD10014-20191011@154132-Eden.fts -> s3://eden-data/RAW/LOT/2MUCD10014/2019-10-11/2MUCD10014-20191011@154132-Eden.fits (210/477)
Storing /home/altsai/eden/LOT20191011_mod/2MUCD10014-20191011@154243-Eden.fts -> s3://eden-data/RAW/LOT/2MUCD10014/2019-10-11/2MUCD10014-20191011@154243-Eden.fits (211/477)
Storing /home/altsai/eden/LOT20191011_mod/2MUCD10014-20191011@154355-Eden.fts -> s3://eden-data/RAW/LOT/2MUCD10014/2019-10-11/2MUCD10014-20191011@154355-Eden.fits (212/477)
Storing /home/altsai/eden/LOT20191011_mod/2MUCD10014-20191011@154508-Eden.fts -> s3://eden-data/RAW/LOT/2MUCD10014/2019-10-11/2MUCD10014-20191011@154508-Eden.fits (213/477)
Storing /home/altsai/eden/LOT20191011_mod/2MUCD10014-20191011@154619-Eden.fts -> s3://eden-data/RAW/LOT/2MUCD10014/2019-10-11/2MUCD10014-20191011@154619-Eden.fits (214/477)
Storing /home/altsai/eden/LOT20191011_mod/2MUCD10014-20191011@154732-Eden.fts -> s3://eden-data/RAW/LOT/2MUCD10014/2019-10-11/2MUCD10014-20191011@154732-Eden.fits (215/477)
Storing /home/altsai/eden/LOT20191011_mod/2MUCD10014-20191011@154844-Eden.fts -> s3://eden-data/RAW/LOT/2MUCD10014/2019-10-11/2MUCD10014-20191011@154844-Eden.fits (216/477)
Storing /home/altsai/eden/LOT20191011_mod/2MUCD10014-20191011@154956-Eden.fts -> s3://eden-data/RAW/LOT/2MUCD10014/2019-10-11/2MUCD10014-20191011@154956-Eden.fits (217/477)
Storing /home/altsai/eden/LOT20191011_mod/2MUCD10014-20191011@155108-Eden.fts -> s3://eden-data/RAW/LOT/2MUCD10014/2019-10-11/2MUCD10014-20191011@155108-Eden.fits (218/477)
Storing /home/altsai/eden/LOT20191011_mod/2MUCD10014-20191011@155218-Eden.fts -> s3://eden-data/RAW/LOT/2MUCD10014/2019-10-11/2MUCD10014-20191011@155218-Eden.fits (219/477)
Storing /home/altsai/eden/LOT20191011_mod/2MUCD10014-20191011@155329-Eden.fts -> s3://eden-data/RAW/LOT/2MUCD10014/2019-10-11/2MUCD10014-20191011@155329-Eden.fits (220/477)
Storing /home/altsai/eden/LOT20191011_mod/2MUCD10014-20191011@155441-Eden.fts -> s3://eden-data/RAW/LOT/2MUCD10014/2019-10-11/2MUCD10014-20191011@155441-Eden.fits (221/477)
Storing /home/altsai/eden/LOT20191011_mod/2MUCD10014-20191011@155552-Eden.fts -> s3://eden-data/RAW/LOT/2MUCD10014/2019-10-11/2MUCD10014-20191011@155552-Eden.fits (222/477)
Storing /home/altsai/eden/LOT20191011_mod/2MUCD10014-20191011@155703-Eden.fts -> s3://eden-data/RAW/LOT/2MUCD10014/2019-10-11/2MUCD10014-20191011@155703-Eden.fits (223/477)
Storing /home/altsai/eden/LOT20191011_mod/2MUCD10014-20191011@155814-Eden.fts -> s3://eden-data/RAW/LOT/2MUCD10014/2019-10-11/2MUCD10014-20191011@155814-Eden.fits (224/477)
Storing /home/altsai/eden/LOT20191011_mod/2MUCD10014-20191011@155926-Eden.fts -> s3://eden-data/RAW/LOT/2MUCD10014/2019-10-11/2MUCD10014-20191011@155926-Eden.fits (225/477)
Storing /home/altsai/eden/LOT20191011_mod/2MUCD10014-20191011@160038-Eden.fts -> s3://eden-data/RAW/LOT/2MUCD10014/2019-10-11/2MUCD10014-20191011@160038-Eden.fits (226/477)
Storing /home/altsai/eden/LOT20191011_mod/2MUCD10014-20191011@160151-Eden.fts -> s3://eden-data/RAW/LOT/2MUCD10014/2019-10-11/2MUCD10014-20191011@160151-Eden.fits (227/477)
Storing /home/altsai/eden/LOT20191011_mod/2MUCD10014-20191011@160303-Eden.fts -> s3://eden-data/RAW/LOT/2MUCD10014/2019-10-11/2MUCD10014-20191011@160303-Eden.fits (228/477)
Storing /home/altsai/eden/LOT20191011_mod/2MUCD10014-20191011@160415-Eden.fts -> s3://eden-data/RAW/LOT/2MUCD10014/2019-10-11/2MUCD10014-20191011@160415-Eden.fits (229/477)
Storing /home/altsai/eden/LOT20191011_mod/2MUCD10014-20191011@160526-Eden.fts -> s3://eden-data/RAW/LOT/2MUCD10014/2019-10-11/2MUCD10014-20191011@160526-Eden.fits (230/477)
Storing /home/altsai/eden/LOT20191011_mod/2MUCD10014-20191011@160638-Eden.fts -> s3://eden-data/RAW/LOT/2MUCD10014/2019-10-11/2MUCD10014-20191011@160638-Eden.fits (231/477)
Storing /home/altsai/eden/LOT20191011_mod/2MUCD10014-20191011@160750-Eden.fts -> s3://eden-data/RAW/LOT/2MUCD10014/2019-10-11/2MUCD10014-20191011@160750-Eden.fits (232/477)
Storing /home/altsai/eden/LOT20191011_mod/2MUCD10014-20191011@160904-Eden.fts -> s3://eden-data/RAW/LOT/2MUCD10014/2019-10-11/2MUCD10014-20191011@160904-Eden.fits (233/477)
Storing /home/altsai/eden/LOT20191011_mod/2MUCD10014-20191011@161016-Eden.fts -> s3://eden-data/RAW/LOT/2MUCD10014/2019-10-11/2MUCD10014-20191011@161016-Eden.fits (234/477)
Storing /home/altsai/eden/LOT20191011_mod/2MUCD10014-20191011@161127-Eden.fts -> s3://eden-data/RAW/LOT/2MUCD10014/2019-10-11/2MUCD10014-20191011@161127-Eden.fits (235/477)
Storing /home/altsai/eden/LOT20191011_mod/2MUCD10014-20191011@161239-Eden.fts -> s3://eden-data/RAW/LOT/2MUCD10014/2019-10-11/2MUCD10014-20191011@161239-Eden.fits (236/477)
Storing /home/altsai/eden/LOT20191011_mod/2MUCD10014-20191011@161352-Eden.fts -> s3://eden-data/RAW/LOT/2MUCD10014/2019-10-11/2MUCD10014-20191011@161352-Eden.fits (237/477)
Storing /home/altsai/eden/LOT20191011_mod/2MUCD10014-20191011@161505-Eden.fts -> s3://eden-data/RAW/LOT/2MUCD10014/2019-10-11/2MUCD10014-20191011@161505-Eden.fits (238/477)
Storing /home/altsai/eden/LOT20191011_mod/2MUCD10014-20191011@161617-Eden.fts -> s3://eden-data/RAW/LOT/2MUCD10014/2019-10-11/2MUCD10014-20191011@161617-Eden.fits (239/477)
Storing /home/altsai/eden/LOT20191011_mod/2MUCD10014-20191011@161729-Eden.fts -> s3://eden-data/RAW/LOT/2MUCD10014/2019-10-11/2MUCD10014-20191011@161729-Eden.fits (240/477)
Storing /home/altsai/eden/LOT20191011_mod/2MUCD10014-20191011@161840-Eden.fts -> s3://eden-data/RAW/LOT/2MUCD10014/2019-10-11/2MUCD10014-20191011@161840-Eden.fits (241/477)
Storing /home/altsai/eden/LOT20191011_mod/2MUCD10014-20191011@161952-Eden.fts -> s3://eden-data/RAW/LOT/2MUCD10014/2019-10-11/2MUCD10014-20191011@161952-Eden.fits (242/477)
Storing /home/altsai/eden/LOT20191011_mod/2MUCD10014-20191011@162103-Eden.fts -> s3://eden-data/RAW/LOT/2MUCD10014/2019-10-11/2MUCD10014-20191011@162103-Eden.fits (243/477)
Storing /home/altsai/eden/LOT20191011_mod/2MUCD10014-20191011@162216-Eden.fts -> s3://eden-data/RAW/LOT/2MUCD10014/2019-10-11/2MUCD10014-20191011@162216-Eden.fits (244/477)
Storing /home/altsai/eden/LOT20191011_mod/2MUCD10014-20191011@162327-Eden.fts -> s3://eden-data/RAW/LOT/2MUCD10014/2019-10-11/2MUCD10014-20191011@162327-Eden.fits (245/477)
Storing /home/altsai/eden/LOT20191011_mod/2MUCD10014-20191011@162440-Eden.fts -> s3://eden-data/RAW/LOT/2MUCD10014/2019-10-11/2MUCD10014-20191011@162440-Eden.fits (246/477)
Storing /home/altsai/eden/LOT20191011_mod/2MUCD10014-20191011@162551-Eden.fts -> s3://eden-data/RAW/LOT/2MUCD10014/2019-10-11/2MUCD10014-20191011@162551-Eden.fits (247/477)
Storing /home/altsai/eden/LOT20191011_mod/2MUCD10014-20191011@162702-Eden.fts -> s3://eden-data/RAW/LOT/2MUCD10014/2019-10-11/2MUCD10014-20191011@162702-Eden.fits (248/477)
Storing /home/altsai/eden/LOT20191011_mod/2MUCD10014-20191011@162813-Eden.fts -> s3://eden-data/RAW/LOT/2MUCD10014/2019-10-11/2MUCD10014-20191011@162813-Eden.fits (249/477)
Storing /home/altsai/eden/LOT20191011_mod/2MUCD10014-20191011@162925-Eden.fts -> s3://eden-data/RAW/LOT/2MUCD10014/2019-10-11/2MUCD10014-20191011@162925-Eden.fits (250/477)
Storing /home/altsai/eden/LOT20191011_mod/2MUCD10014-20191011@163037-Eden.fts -> s3://eden-data/RAW/LOT/2MUCD10014/2019-10-11/2MUCD10014-20191011@163037-Eden.fits (251/477)
Storing /home/altsai/eden/LOT20191011_mod/2MUCD10014-20191011@163150-Eden.fts -> s3://eden-data/RAW/LOT/2MUCD10014/2019-10-11/2MUCD10014-20191011@163150-Eden.fits (252/477)
Storing /home/altsai/eden/LOT20191011_mod/2MUCD10014-20191011@163301-Eden.fts -> s3://eden-data/RAW/LOT/2MUCD10014/2019-10-11/2MUCD10014-20191011@163301-Eden.fits (253/477)
Storing /home/altsai/eden/LOT20191011_mod/2MUCD10014-20191011@163412-Eden.fts -> s3://eden-data/RAW/LOT/2MUCD10014/2019-10-11/2MUCD10014-20191011@163412-Eden.fits (254/477)
Storing /home/altsai/eden/LOT20191011_mod/2MUCD10014-20191011@163524-Eden.fts -> s3://eden-data/RAW/LOT/2MUCD10014/2019-10-11/2MUCD10014-20191011@163524-Eden.fits (255/477)
Storing /home/altsai/eden/LOT20191011_mod/2MUCD10014-20191011@163635-Eden.fts -> s3://eden-data/RAW/LOT/2MUCD10014/2019-10-11/2MUCD10014-20191011@163635-Eden.fits (256/477)
Storing /home/altsai/eden/LOT20191011_mod/2MUCD10014-20191011@163748-Eden.fts -> s3://eden-data/RAW/LOT/2MUCD10014/2019-10-11/2MUCD10014-20191011@163748-Eden.fits (257/477)
Storing /home/altsai/eden/LOT20191011_mod/2MUCD10014-20191011@163859-Eden.fts -> s3://eden-data/RAW/LOT/2MUCD10014/2019-10-11/2MUCD10014-20191011@163859-Eden.fits (258/477)
Storing /home/altsai/eden/LOT20191011_mod/2MUCD10014-20191011@164010-Eden.fts -> s3://eden-data/RAW/LOT/2MUCD10014/2019-10-11/2MUCD10014-20191011@164010-Eden.fits (259/477)
Storing /home/altsai/eden/LOT20191011_mod/2MUCD10014-20191011@164122-Eden.fts -> s3://eden-data/RAW/LOT/2MUCD10014/2019-10-11/2MUCD10014-20191011@164122-Eden.fits (260/477)
Storing /home/altsai/eden/LOT20191011_mod/2MUCD10014-20191011@164234-Eden.fts -> s3://eden-data/RAW/LOT/2MUCD10014/2019-10-11/2MUCD10014-20191011@164234-Eden.fits (261/477)
Storing /home/altsai/eden/LOT20191011_mod/2MUCD10014-20191011@164347-Eden.fts -> s3://eden-data/RAW/LOT/2MUCD10014/2019-10-11/2MUCD10014-20191011@164347-Eden.fits (262/477)
Storing /home/altsai/eden/LOT20191011_mod/2MUCD10014-20191011@164459-Eden.fts -> s3://eden-data/RAW/LOT/2MUCD10014/2019-10-11/2MUCD10014-20191011@164459-Eden.fits (263/477)
Storing /home/altsai/eden/LOT20191011_mod/2MUCD10014-20191011@164611-Eden.fts -> s3://eden-data/RAW/LOT/2MUCD10014/2019-10-11/2MUCD10014-20191011@164611-Eden.fits (264/477)
Storing /home/altsai/eden/LOT20191011_mod/2MUCD10014-20191011@164724-Eden.fts -> s3://eden-data/RAW/LOT/2MUCD10014/2019-10-11/2MUCD10014-20191011@164724-Eden.fits (265/477)
Storing /home/altsai/eden/LOT20191011_mod/2MUCD10014-20191011@164836-Eden.fts -> s3://eden-data/RAW/LOT/2MUCD10014/2019-10-11/2MUCD10014-20191011@164836-Eden.fits (266/477)
Storing /home/altsai/eden/LOT20191011_mod/2MUCD10014-20191011@164947-Eden.fts -> s3://eden-data/RAW/LOT/2MUCD10014/2019-10-11/2MUCD10014-20191011@164947-Eden.fits (267/477)
Storing /home/altsai/eden/LOT20191011_mod/2MUCD10014-20191011@165058-Eden.fts -> s3://eden-data/RAW/LOT/2MUCD10014/2019-10-11/2MUCD10014-20191011@165058-Eden.fits (268/477)
Storing /home/altsai/eden/LOT20191011_mod/2MUCD10014-20191011@165210-Eden.fts -> s3://eden-data/RAW/LOT/2MUCD10014/2019-10-11/2MUCD10014-20191011@165210-Eden.fits (269/477)
Storing /home/altsai/eden/LOT20191011_mod/2MUCD10014-20191011@165322-Eden.fts -> s3://eden-data/RAW/LOT/2MUCD10014/2019-10-11/2MUCD10014-20191011@165322-Eden.fits (270/477)
Storing /home/altsai/eden/LOT20191011_mod/2MUCD10014-20191011@165434-Eden.fts -> s3://eden-data/RAW/LOT/2MUCD10014/2019-10-11/2MUCD10014-20191011@165434-Eden.fits (271/477)
Storing /home/altsai/eden/LOT20191011_mod/2MUCD10014-20191011@165547-Eden.fts -> s3://eden-data/RAW/LOT/2MUCD10014/2019-10-11/2MUCD10014-20191011@165547-Eden.fits (272/477)
Storing /home/altsai/eden/LOT20191011_mod/2MUCD10014-20191011@165659-Eden.fts -> s3://eden-data/RAW/LOT/2MUCD10014/2019-10-11/2MUCD10014-20191011@165659-Eden.fits (273/477)
Storing /home/altsai/eden/LOT20191011_mod/2MUCD10014-20191011@165810-Eden.fts -> s3://eden-data/RAW/LOT/2MUCD10014/2019-10-11/2MUCD10014-20191011@165810-Eden.fits (274/477)
Storing /home/altsai/eden/LOT20191011_mod/2MUCD10014-20191011@165922-Eden.fts -> s3://eden-data/RAW/LOT/2MUCD10014/2019-10-11/2MUCD10014-20191011@165922-Eden.fits (275/477)
Storing /home/altsai/eden/LOT20191011_mod/2MUCD10014-20191011@170034-Eden.fts -> s3://eden-data/RAW/LOT/2MUCD10014/2019-10-11/2MUCD10014-20191011@170034-Eden.fits (276/477)
Storing /home/altsai/eden/LOT20191011_mod/2MUCD10014-20191011@170146-Eden.fts -> s3://eden-data/RAW/LOT/2MUCD10014/2019-10-11/2MUCD10014-20191011@170146-Eden.fits (277/477)
Storing /home/altsai/eden/LOT20191011_mod/2MUCD10014-20191011@170258-Eden.fts -> s3://eden-data/RAW/LOT/2MUCD10014/2019-10-11/2MUCD10014-20191011@170258-Eden.fits (278/477)
Storing /home/altsai/eden/LOT20191011_mod/2MUCD10014-20191011@170409-Eden.fts -> s3://eden-data/RAW/LOT/2MUCD10014/2019-10-11/2MUCD10014-20191011@170409-Eden.fits (279/477)
Storing /home/altsai/eden/LOT20191011_mod/2MUCD10014-20191011@170521-Eden.fts -> s3://eden-data/RAW/LOT/2MUCD10014/2019-10-11/2MUCD10014-20191011@170521-Eden.fits (280/477)
Storing /home/altsai/eden/LOT20191011_mod/2MUCD10014-20191011@170633-Eden.fts -> s3://eden-data/RAW/LOT/2MUCD10014/2019-10-11/2MUCD10014-20191011@170633-Eden.fits (281/477)
Storing /home/altsai/eden/LOT20191011_mod/2MUCD10014-20191011@170744-Eden.fts -> s3://eden-data/RAW/LOT/2MUCD10014/2019-10-11/2MUCD10014-20191011@170744-Eden.fits (282/477)
Storing /home/altsai/eden/LOT20191011_mod/2MUCD10014-20191011@170856-Eden.fts -> s3://eden-data/RAW/LOT/2MUCD10014/2019-10-11/2MUCD10014-20191011@170856-Eden.fits (283/477)
Storing /home/altsai/eden/LOT20191011_mod/2MUCD10014-20191011@171007-Eden.fts -> s3://eden-data/RAW/LOT/2MUCD10014/2019-10-11/2MUCD10014-20191011@171007-Eden.fits (284/477)
Storing /home/altsai/eden/LOT20191011_mod/2MUCD10014-20191011@171119-Eden.fts -> s3://eden-data/RAW/LOT/2MUCD10014/2019-10-11/2MUCD10014-20191011@171119-Eden.fits (285/477)
Storing /home/altsai/eden/LOT20191011_mod/2MUCD10014-20191011@171232-Eden.fts -> s3://eden-data/RAW/LOT/2MUCD10014/2019-10-11/2MUCD10014-20191011@171232-Eden.fits (286/477)
Storing /home/altsai/eden/LOT20191011_mod/2MUCD10014-20191011@171343-Eden.fts -> s3://eden-data/RAW/LOT/2MUCD10014/2019-10-11/2MUCD10014-20191011@171343-Eden.fits (287/477)
Storing /home/altsai/eden/LOT20191011_mod/2MUCD10014-20191011@171454-Eden.fts -> s3://eden-data/RAW/LOT/2MUCD10014/2019-10-11/2MUCD10014-20191011@171454-Eden.fits (288/477)
Storing /home/altsai/eden/LOT20191011_mod/2MUCD10014-20191011@171606-Eden.fts -> s3://eden-data/RAW/LOT/2MUCD10014/2019-10-11/2MUCD10014-20191011@171606-Eden.fits (289/477)
Storing /home/altsai/eden/LOT20191011_mod/2MUCD10014-20191011@171719-Eden.fts -> s3://eden-data/RAW/LOT/2MUCD10014/2019-10-11/2MUCD10014-20191011@171719-Eden.fits (290/477)
Storing /home/altsai/eden/LOT20191011_mod/2MUCD10014-20191011@171831-Eden.fts -> s3://eden-data/RAW/LOT/2MUCD10014/2019-10-11/2MUCD10014-20191011@171831-Eden.fits (291/477)
Storing /home/altsai/eden/LOT20191011_mod/2MUCD10014-20191011@171942-Eden.fts -> s3://eden-data/RAW/LOT/2MUCD10014/2019-10-11/2MUCD10014-20191011@171942-Eden.fits (292/477)
Storing /home/altsai/eden/LOT20191011_mod/2MUCD10014-20191011@172054-Eden.fts -> s3://eden-data/RAW/LOT/2MUCD10014/2019-10-11/2MUCD10014-20191011@172054-Eden.fits (293/477)
Storing /home/altsai/eden/LOT20191011_mod/2MUCD10014-20191011@172206-Eden.fts -> s3://eden-data/RAW/LOT/2MUCD10014/2019-10-11/2MUCD10014-20191011@172206-Eden.fits (294/477)
Storing /home/altsai/eden/LOT20191011_mod/2MUCD10014-20191011@172318-Eden.fts -> s3://eden-data/RAW/LOT/2MUCD10014/2019-10-11/2MUCD10014-20191011@172318-Eden.fits (295/477)
Storing /home/altsai/eden/LOT20191011_mod/2MUCD10014-20191011@172430-Eden.fts -> s3://eden-data/RAW/LOT/2MUCD10014/2019-10-11/2MUCD10014-20191011@172430-Eden.fits (296/477)
Storing /home/altsai/eden/LOT20191011_mod/2MUCD10014-20191011@172543-Eden.fts -> s3://eden-data/RAW/LOT/2MUCD10014/2019-10-11/2MUCD10014-20191011@172543-Eden.fits (297/477)
Storing /home/altsai/eden/LOT20191011_mod/2MUCD10014-20191011@172655-Eden.fts -> s3://eden-data/RAW/LOT/2MUCD10014/2019-10-11/2MUCD10014-20191011@172655-Eden.fits (298/477)
Storing /home/altsai/eden/LOT20191011_mod/2MUCD10014-20191011@172806-Eden.fts -> s3://eden-data/RAW/LOT/2MUCD10014/2019-10-11/2MUCD10014-20191011@172806-Eden.fits (299/477)
Storing /home/altsai/eden/LOT20191011_mod/2MUCD10014-20191011@172918-Eden.fts -> s3://eden-data/RAW/LOT/2MUCD10014/2019-10-11/2MUCD10014-20191011@172918-Eden.fits (300/477)
Storing /home/altsai/eden/LOT20191011_mod/2MUCD10014-20191011@173030-Eden.fts -> s3://eden-data/RAW/LOT/2MUCD10014/2019-10-11/2MUCD10014-20191011@173030-Eden.fits (301/477)
Storing /home/altsai/eden/LOT20191011_mod/2MUCD10014-20191011@173142-Eden.fts -> s3://eden-data/RAW/LOT/2MUCD10014/2019-10-11/2MUCD10014-20191011@173142-Eden.fits (302/477)
Storing /home/altsai/eden/LOT20191011_mod/2MUCD10014-20191011@173254-Eden.fts -> s3://eden-data/RAW/LOT/2MUCD10014/2019-10-11/2MUCD10014-20191011@173254-Eden.fits (303/477)
Storing /home/altsai/eden/LOT20191011_mod/2MUCD10014-20191011@173406-Eden.fts -> s3://eden-data/RAW/LOT/2MUCD10014/2019-10-11/2MUCD10014-20191011@173406-Eden.fits (304/477)
Storing /home/altsai/eden/LOT20191011_mod/2MUCD10014-20191011@173517-Eden.fts -> s3://eden-data/RAW/LOT/2MUCD10014/2019-10-11/2MUCD10014-20191011@173517-Eden.fits (305/477)
Storing /home/altsai/eden/LOT20191011_mod/2MUCD10014-20191011@173628-Eden.fts -> s3://eden-data/RAW/LOT/2MUCD10014/2019-10-11/2MUCD10014-20191011@173628-Eden.fits (306/477)
Storing /home/altsai/eden/LOT20191011_mod/2MUCD10014-20191011@173740-Eden.fts -> s3://eden-data/RAW/LOT/2MUCD10014/2019-10-11/2MUCD10014-20191011@173740-Eden.fits (307/477)
Storing /home/altsai/eden/LOT20191011_mod/2MUCD10014-20191011@173851-Eden.fts -> s3://eden-data/RAW/LOT/2MUCD10014/2019-10-11/2MUCD10014-20191011@173851-Eden.fits (308/477)
Storing /home/altsai/eden/LOT20191011_mod/2MUCD10014-20191011@174003-Eden.fts -> s3://eden-data/RAW/LOT/2MUCD10014/2019-10-11/2MUCD10014-20191011@174003-Eden.fits (309/477)
Storing /home/altsai/eden/LOT20191011_mod/2MUCD10014-20191011@174115-Eden.fts -> s3://eden-data/RAW/LOT/2MUCD10014/2019-10-11/2MUCD10014-20191011@174115-Eden.fits (310/477)
Storing /home/altsai/eden/LOT20191011_mod/2MUCD10014-20191011@174226-Eden.fts -> s3://eden-data/RAW/LOT/2MUCD10014/2019-10-11/2MUCD10014-20191011@174226-Eden.fits (311/477)
Storing /home/altsai/eden/LOT20191011_mod/2MUCD10014-20191011@174338-Eden.fts -> s3://eden-data/RAW/LOT/2MUCD10014/2019-10-11/2MUCD10014-20191011@174338-Eden.fits (312/477)
Storing /home/altsai/eden/LOT20191011_mod/2MUCD10014-20191011@174450-Eden.fts -> s3://eden-data/RAW/LOT/2MUCD10014/2019-10-11/2MUCD10014-20191011@174450-Eden.fits (313/477)
Storing /home/altsai/eden/LOT20191011_mod/2MUCD10014-20191011@174603-Eden.fts -> s3://eden-data/RAW/LOT/2MUCD10014/2019-10-11/2MUCD10014-20191011@174603-Eden.fits (314/477)
Storing /home/altsai/eden/LOT20191011_mod/2MUCD10014-20191011@174714-Eden.fts -> s3://eden-data/RAW/LOT/2MUCD10014/2019-10-11/2MUCD10014-20191011@174714-Eden.fits (315/477)
Storing /home/altsai/eden/LOT20191011_mod/2MUCD10014-20191011@174826-Eden.fts -> s3://eden-data/RAW/LOT/2MUCD10014/2019-10-11/2MUCD10014-20191011@174826-Eden.fits (316/477)
Storing /home/altsai/eden/LOT20191011_mod/2MUCD10014-20191011@174937-Eden.fts -> s3://eden-data/RAW/LOT/2MUCD10014/2019-10-11/2MUCD10014-20191011@174937-Eden.fits (317/477)
Storing /home/altsai/eden/LOT20191011_mod/2MUCD10014-20191011@175048-Eden.fts -> s3://eden-data/RAW/LOT/2MUCD10014/2019-10-11/2MUCD10014-20191011@175048-Eden.fits (318/477)
Storing /home/altsai/eden/LOT20191011_mod/2MUCD10014-20191011@175158-Eden.fts -> s3://eden-data/RAW/LOT/2MUCD10014/2019-10-11/2MUCD10014-20191011@175158-Eden.fits (319/477)
Storing /home/altsai/eden/LOT20191011_mod/2MUCD10014-20191011@175312-Eden.fts -> s3://eden-data/RAW/LOT/2MUCD10014/2019-10-11/2MUCD10014-20191011@175312-Eden.fits (320/477)
Storing /home/altsai/eden/LOT20191011_mod/2MUCD10014-20191011@175424-Eden.fts -> s3://eden-data/RAW/LOT/2MUCD10014/2019-10-11/2MUCD10014-20191011@175424-Eden.fits (321/477)
Storing /home/altsai/eden/LOT20191011_mod/2MUCD10014-20191011@175536-Eden.fts -> s3://eden-data/RAW/LOT/2MUCD10014/2019-10-11/2MUCD10014-20191011@175536-Eden.fits (322/477)
Storing /home/altsai/eden/LOT20191011_mod/2MUCD10014-20191011@175647-Eden.fts -> s3://eden-data/RAW/LOT/2MUCD10014/2019-10-11/2MUCD10014-20191011@175647-Eden.fits (323/477)
Storing /home/altsai/eden/LOT20191011_mod/2MUCD10014-20191011@175759-Eden.fts -> s3://eden-data/RAW/LOT/2MUCD10014/2019-10-11/2MUCD10014-20191011@175759-Eden.fits (324/477)
Storing /home/altsai/eden/LOT20191011_mod/2MUCD10014-20191011@175912-Eden.fts -> s3://eden-data/RAW/LOT/2MUCD10014/2019-10-11/2MUCD10014-20191011@175912-Eden.fits (325/477)
Storing /home/altsai/eden/LOT20191011_mod/2MUCD10014-20191011@180025-Eden.fts -> s3://eden-data/RAW/LOT/2MUCD10014/2019-10-11/2MUCD10014-20191011@180025-Eden.fits (326/477)
Storing /home/altsai/eden/LOT20191011_mod/2MUCD10014-20191011@180136-Eden.fts -> s3://eden-data/RAW/LOT/2MUCD10014/2019-10-11/2MUCD10014-20191011@180136-Eden.fits (327/477)
Storing /home/altsai/eden/LOT20191011_mod/2MUCD10014-20191011@180248-Eden.fts -> s3://eden-data/RAW/LOT/2MUCD10014/2019-10-11/2MUCD10014-20191011@180248-Eden.fits (328/477)
Storing /home/altsai/eden/LOT20191011_mod/2MUCD10014-20191011@180400-Eden.fts -> s3://eden-data/RAW/LOT/2MUCD10014/2019-10-11/2MUCD10014-20191011@180400-Eden.fits (329/477)
Storing /home/altsai/eden/LOT20191011_mod/2MUCD10014-20191011@180511-Eden.fts -> s3://eden-data/RAW/LOT/2MUCD10014/2019-10-11/2MUCD10014-20191011@180511-Eden.fits (330/477)
Storing /home/altsai/eden/LOT20191011_mod/2MUCD10014-20191011@180623-Eden.fts -> s3://eden-data/RAW/LOT/2MUCD10014/2019-10-11/2MUCD10014-20191011@180623-Eden.fits (331/477)
Storing /home/altsai/eden/LOT20191011_mod/2MUCD10014-20191011@180734-Eden.fts -> s3://eden-data/RAW/LOT/2MUCD10014/2019-10-11/2MUCD10014-20191011@180734-Eden.fits (332/477)
Storing /home/altsai/eden/LOT20191011_mod/2MUCD10014-20191011@180845-Eden.fts -> s3://eden-data/RAW/LOT/2MUCD10014/2019-10-11/2MUCD10014-20191011@180845-Eden.fits (333/477)
Storing /home/altsai/eden/LOT20191011_mod/2MUCD10014-20191011@180958-Eden.fts -> s3://eden-data/RAW/LOT/2MUCD10014/2019-10-11/2MUCD10014-20191011@180958-Eden.fits (334/477)
Storing /home/altsai/eden/LOT20191011_mod/2MUCD10014-20191011@181109-Eden.fts -> s3://eden-data/RAW/LOT/2MUCD10014/2019-10-11/2MUCD10014-20191011@181109-Eden.fits (335/477)
Storing /home/altsai/eden/LOT20191011_mod/2MUCD10014-20191011@181223-Eden.fts -> s3://eden-data/RAW/LOT/2MUCD10014/2019-10-11/2MUCD10014-20191011@181223-Eden.fits (336/477)
Storing /home/altsai/eden/LOT20191011_mod/2MUCD10014-20191011@181335-Eden.fts -> s3://eden-data/RAW/LOT/2MUCD10014/2019-10-11/2MUCD10014-20191011@181335-Eden.fits (337/477)
Storing /home/altsai/eden/LOT20191011_mod/2MUCD10014-20191011@181447-Eden.fts -> s3://eden-data/RAW/LOT/2MUCD10014/2019-10-11/2MUCD10014-20191011@181447-Eden.fits (338/477)
Storing /home/altsai/eden/LOT20191011_mod/2MUCD10014-20191011@181600-Eden.fts -> s3://eden-data/RAW/LOT/2MUCD10014/2019-10-11/2MUCD10014-20191011@181600-Eden.fits (339/477)
Storing /home/altsai/eden/LOT20191011_mod/2MUCD10014-20191011@181712-Eden.fts -> s3://eden-data/RAW/LOT/2MUCD10014/2019-10-11/2MUCD10014-20191011@181712-Eden.fits (340/477)
Storing /home/altsai/eden/LOT20191011_mod/2MUCD10014-20191011@181824-Eden.fts -> s3://eden-data/RAW/LOT/2MUCD10014/2019-10-11/2MUCD10014-20191011@181824-Eden.fits (341/477)
Storing /home/altsai/eden/LOT20191011_mod/2MUCD10014-20191011@181937-Eden.fts -> s3://eden-data/RAW/LOT/2MUCD10014/2019-10-11/2MUCD10014-20191011@181937-Eden.fits (342/477)
Storing /home/altsai/eden/LOT20191011_mod/2MUCD10014-20191011@182049-Eden.fts -> s3://eden-data/RAW/LOT/2MUCD10014/2019-10-11/2MUCD10014-20191011@182049-Eden.fits (343/477)
Storing /home/altsai/eden/LOT20191011_mod/2MUCD10014-20191011@182200-Eden.fts -> s3://eden-data/RAW/LOT/2MUCD10014/2019-10-11/2MUCD10014-20191011@182200-Eden.fits (344/477)
Storing /home/altsai/eden/LOT20191011_mod/2MUCD10014-20191011@182312-Eden.fts -> s3://eden-data/RAW/LOT/2MUCD10014/2019-10-11/2MUCD10014-20191011@182312-Eden.fits (345/477)
Storing /home/altsai/eden/LOT20191011_mod/2MUCD10014-20191011@182424-Eden.fts -> s3://eden-data/RAW/LOT/2MUCD10014/2019-10-11/2MUCD10014-20191011@182424-Eden.fits (346/477)
Storing /home/altsai/eden/LOT20191011_mod/2MUCD10014-20191011@182536-Eden.fts -> s3://eden-data/RAW/LOT/2MUCD10014/2019-10-11/2MUCD10014-20191011@182536-Eden.fits (347/477)
Storing /home/altsai/eden/LOT20191011_mod/2MUCD10014-20191011@182648-Eden.fts -> s3://eden-data/RAW/LOT/2MUCD10014/2019-10-11/2MUCD10014-20191011@182648-Eden.fits (348/477)
Storing /home/altsai/eden/LOT20191011_mod/2MUCD10014-20191011@182800-Eden.fts -> s3://eden-data/RAW/LOT/2MUCD10014/2019-10-11/2MUCD10014-20191011@182800-Eden.fits (349/477)
Storing /home/altsai/eden/LOT20191011_mod/2MUCD10014-20191011@182912-Eden.fts -> s3://eden-data/RAW/LOT/2MUCD10014/2019-10-11/2MUCD10014-20191011@182912-Eden.fits (350/477)
Storing /home/altsai/eden/LOT20191011_mod/2MUCD10014-20191011@183024-Eden.fts -> s3://eden-data/RAW/LOT/2MUCD10014/2019-10-11/2MUCD10014-20191011@183024-Eden.fits (351/477)
Storing /home/altsai/eden/LOT20191011_mod/2MUCD10014-20191011@183136-Eden.fts -> s3://eden-data/RAW/LOT/2MUCD10014/2019-10-11/2MUCD10014-20191011@183136-Eden.fits (352/477)
Storing /home/altsai/eden/LOT20191011_mod/2MUCD10014-20191011@183248-Eden.fts -> s3://eden-data/RAW/LOT/2MUCD10014/2019-10-11/2MUCD10014-20191011@183248-Eden.fits (353/477)
Storing /home/altsai/eden/LOT20191011_mod/2MUCD10014-20191011@183401-Eden.fts -> s3://eden-data/RAW/LOT/2MUCD10014/2019-10-11/2MUCD10014-20191011@183401-Eden.fits (354/477)
Storing /home/altsai/eden/LOT20191011_mod/2MUCD10014-20191011@183512-Eden.fts -> s3://eden-data/RAW/LOT/2MUCD10014/2019-10-11/2MUCD10014-20191011@183512-Eden.fits (355/477)
Storing /home/altsai/eden/LOT20191011_mod/2MUCD10014-20191011@183625-Eden.fts -> s3://eden-data/RAW/LOT/2MUCD10014/2019-10-11/2MUCD10014-20191011@183625-Eden.fits (356/477)
Storing /home/altsai/eden/LOT20191011_mod/2MUCD10014-20191011@183737-Eden.fts -> s3://eden-data/RAW/LOT/2MUCD10014/2019-10-11/2MUCD10014-20191011@183737-Eden.fits (357/477)
Storing /home/altsai/eden/LOT20191011_mod/2MUCD10014-20191011@183849-Eden.fts -> s3://eden-data/RAW/LOT/2MUCD10014/2019-10-11/2MUCD10014-20191011@183849-Eden.fits (358/477)
Storing /home/altsai/eden/LOT20191011_mod/2MUCD10014-20191011@184003-Eden.fts -> s3://eden-data/RAW/LOT/2MUCD10014/2019-10-11/2MUCD10014-20191011@184003-Eden.fits (359/477)
Storing /home/altsai/eden/LOT20191011_mod/2MUCD10014-20191011@184115-Eden.fts -> s3://eden-data/RAW/LOT/2MUCD10014/2019-10-11/2MUCD10014-20191011@184115-Eden.fits (360/477)
Storing /home/altsai/eden/LOT20191011_mod/2MUCD10014-20191011@184227-Eden.fts -> s3://eden-data/RAW/LOT/2MUCD10014/2019-10-11/2MUCD10014-20191011@184227-Eden.fits (361/477)
Storing /home/altsai/eden/LOT20191011_mod/2MUCD10014-20191011@184339-Eden.fts -> s3://eden-data/RAW/LOT/2MUCD10014/2019-10-11/2MUCD10014-20191011@184339-Eden.fits (362/477)
Storing /home/altsai/eden/LOT20191011_mod/2MUCD10014-20191011@184451-Eden.fts -> s3://eden-data/RAW/LOT/2MUCD10014/2019-10-11/2MUCD10014-20191011@184451-Eden.fits (363/477)
Storing /home/altsai/eden/LOT20191011_mod/2MUCD10014-20191011@184603-Eden.fts -> s3://eden-data/RAW/LOT/2MUCD10014/2019-10-11/2MUCD10014-20191011@184603-Eden.fits (364/477)
Storing /home/altsai/eden/LOT20191011_mod/2MUCD10014-20191011@184714-Eden.fts -> s3://eden-data/RAW/LOT/2MUCD10014/2019-10-11/2MUCD10014-20191011@184714-Eden.fits (365/477)
Storing /home/altsai/eden/LOT20191011_mod/2MUCD10014-20191011@184826-Eden.fts -> s3://eden-data/RAW/LOT/2MUCD10014/2019-10-11/2MUCD10014-20191011@184826-Eden.fits (366/477)
Storing /home/altsai/eden/LOT20191011_mod/2MUCD10014-20191011@184939-Eden.fts -> s3://eden-data/RAW/LOT/2MUCD10014/2019-10-11/2MUCD10014-20191011@184939-Eden.fits (367/477)
Storing /home/altsai/eden/LOT20191011_mod/2MUCD10014-20191011@185051-Eden.fts -> s3://eden-data/RAW/LOT/2MUCD10014/2019-10-11/2MUCD10014-20191011@185051-Eden.fits (368/477)
Storing /home/altsai/eden/LOT20191011_mod/2MUCD10014-20191011@185203-Eden.fts -> s3://eden-data/RAW/LOT/2MUCD10014/2019-10-11/2MUCD10014-20191011@185203-Eden.fits (369/477)
Storing /home/altsai/eden/LOT20191011_mod/2MUCD10014-20191011@185314-Eden.fts -> s3://eden-data/RAW/LOT/2MUCD10014/2019-10-11/2MUCD10014-20191011@185314-Eden.fits (370/477)
Storing /home/altsai/eden/LOT20191011_mod/2MUCD10014-20191011@185427-Eden.fts -> s3://eden-data/RAW/LOT/2MUCD10014/2019-10-11/2MUCD10014-20191011@185427-Eden.fits (371/477)
Storing /home/altsai/eden/LOT20191011_mod/2MUCD10014-20191011@185539-Eden.fts -> s3://eden-data/RAW/LOT/2MUCD10014/2019-10-11/2MUCD10014-20191011@185539-Eden.fits (372/477)
Storing /home/altsai/eden/LOT20191011_mod/2MUCD10014-20191011@185650-Eden.fts -> s3://eden-data/RAW/LOT/2MUCD10014/2019-10-11/2MUCD10014-20191011@185650-Eden.fits (373/477)
Storing /home/altsai/eden/LOT20191011_mod/2MUCD10014-20191011@185802-Eden.fts -> s3://eden-data/RAW/LOT/2MUCD10014/2019-10-11/2MUCD10014-20191011@185802-Eden.fits (374/477)
Storing /home/altsai/eden/LOT20191011_mod/2MUCD10014-20191011@185916-Eden.fts -> s3://eden-data/RAW/LOT/2MUCD10014/2019-10-11/2MUCD10014-20191011@185916-Eden.fits (375/477)
Storing /home/altsai/eden/LOT20191011_mod/2MUCD10014-20191011@190621-Eden.fts -> s3://eden-data/RAW/LOT/2MUCD10014/2019-10-11/2MUCD10014-20191011@190621-Eden.fits (376/477)
Storing /home/altsai/eden/LOT20191011_mod/2MUCD10014-20191011@190748-Eden.fts -> s3://eden-data/RAW/LOT/2MUCD10014/2019-10-11/2MUCD10014-20191011@190748-Eden.fits (377/477)
Storing /home/altsai/eden/LOT20191011_mod/2MUCD10014-20191011@190900-Eden.fts -> s3://eden-data/RAW/LOT/2MUCD10014/2019-10-11/2MUCD10014-20191011@190900-Eden.fits (378/477)
Storing /home/altsai/eden/LOT20191011_mod/2MUCD10014-20191011@191012-Eden.fts -> s3://eden-data/RAW/LOT/2MUCD10014/2019-10-11/2MUCD10014-20191011@191012-Eden.fits (379/477)
Storing /home/altsai/eden/LOT20191011_mod/2MUCD10014-20191011@191123-Eden.fts -> s3://eden-data/RAW/LOT/2MUCD10014/2019-10-11/2MUCD10014-20191011@191123-Eden.fits (380/477)
Storing /home/altsai/eden/LOT20191011_mod/2MUCD10014-20191011@191235-Eden.fts -> s3://eden-data/RAW/LOT/2MUCD10014/2019-10-11/2MUCD10014-20191011@191235-Eden.fits (381/477)
Storing /home/altsai/eden/LOT20191011_mod/2MUCD10014-20191011@191347-Eden.fts -> s3://eden-data/RAW/LOT/2MUCD10014/2019-10-11/2MUCD10014-20191011@191347-Eden.fits (382/477)
Storing /home/altsai/eden/LOT20191011_mod/2MUCD10014-20191011@191459-Eden.fts -> s3://eden-data/RAW/LOT/2MUCD10014/2019-10-11/2MUCD10014-20191011@191459-Eden.fits (383/477)
Storing /home/altsai/eden/LOT20191011_mod/2MUCD10014-20191011@191611-Eden.fts -> s3://eden-data/RAW/LOT/2MUCD10014/2019-10-11/2MUCD10014-20191011@191611-Eden.fits (384/477)
Storing /home/altsai/eden/LOT20191011_mod/2MUCD10014-20191011@191723-Eden.fts -> s3://eden-data/RAW/LOT/2MUCD10014/2019-10-11/2MUCD10014-20191011@191723-Eden.fits (385/477)
Storing /home/altsai/eden/LOT20191011_mod/2MUCD10014-20191011@191835-Eden.fts -> s3://eden-data/RAW/LOT/2MUCD10014/2019-10-11/2MUCD10014-20191011@191835-Eden.fits (386/477)
Storing /home/altsai/eden/LOT20191011_mod/2MUCD10014-20191011@191947-Eden.fts -> s3://eden-data/RAW/LOT/2MUCD10014/2019-10-11/2MUCD10014-20191011@191947-Eden.fits (387/477)
Storing /home/altsai/eden/LOT20191011_mod/2MUCD10014-20191011@192059-Eden.fts -> s3://eden-data/RAW/LOT/2MUCD10014/2019-10-11/2MUCD10014-20191011@192059-Eden.fits (388/477)
Storing /home/altsai/eden/LOT20191011_mod/2MUCD10014-20191011@192210-Eden.fts -> s3://eden-data/RAW/LOT/2MUCD10014/2019-10-11/2MUCD10014-20191011@192210-Eden.fits (389/477)
Storing /home/altsai/eden/LOT20191011_mod/2MUCD10014-20191011@192322-Eden.fts -> s3://eden-data/RAW/LOT/2MUCD10014/2019-10-11/2MUCD10014-20191011@192322-Eden.fits (390/477)
Storing /home/altsai/eden/LOT20191011_mod/2MUCD10014-20191011@192435-Eden.fts -> s3://eden-data/RAW/LOT/2MUCD10014/2019-10-11/2MUCD10014-20191011@192435-Eden.fits (391/477)
Storing /home/altsai/eden/LOT20191011_mod/2MUCD10014-20191011@192547-Eden.fts -> s3://eden-data/RAW/LOT/2MUCD10014/2019-10-11/2MUCD10014-20191011@192547-Eden.fits (392/477)
Storing /home/altsai/eden/LOT20191011_mod/2MUCD10014-20191011@192658-Eden.fts -> s3://eden-data/RAW/LOT/2MUCD10014/2019-10-11/2MUCD10014-20191011@192658-Eden.fits (393/477)
Storing /home/altsai/eden/LOT20191011_mod/2MUCD10014-20191011@192810-Eden.fts -> s3://eden-data/RAW/LOT/2MUCD10014/2019-10-11/2MUCD10014-20191011@192810-Eden.fits (394/477)
Storing /home/altsai/eden/LOT20191011_mod/2MUCD10014-20191011@192922-Eden.fts -> s3://eden-data/RAW/LOT/2MUCD10014/2019-10-11/2MUCD10014-20191011@192922-Eden.fits (395/477)
Storing /home/altsai/eden/LOT20191011_mod/2MUCD10014-20191011@193034-Eden.fts -> s3://eden-data/RAW/LOT/2MUCD10014/2019-10-11/2MUCD10014-20191011@193034-Eden.fits (396/477)
Storing /home/altsai/eden/LOT20191011_mod/2MUCD10014-20191011@193147-Eden.fts -> s3://eden-data/RAW/LOT/2MUCD10014/2019-10-11/2MUCD10014-20191011@193147-Eden.fits (397/477)
Storing /home/altsai/eden/LOT20191011_mod/2MUCD10014-20191011@193300-Eden.fts -> s3://eden-data/RAW/LOT/2MUCD10014/2019-10-11/2MUCD10014-20191011@193300-Eden.fits (398/477)
Storing /home/altsai/eden/LOT20191011_mod/2MUCD10014-20191011@193412-Eden.fts -> s3://eden-data/RAW/LOT/2MUCD10014/2019-10-11/2MUCD10014-20191011@193412-Eden.fits (399/477)
Storing /home/altsai/eden/LOT20191011_mod/2MUCD10014-20191011@193524-Eden.fts -> s3://eden-data/RAW/LOT/2MUCD10014/2019-10-11/2MUCD10014-20191011@193524-Eden.fits (400/477)
Storing /home/altsai/eden/LOT20191011_mod/2MUCD10014-20191011@193636-Eden.fts -> s3://eden-data/RAW/LOT/2MUCD10014/2019-10-11/2MUCD10014-20191011@193636-Eden.fits (401/477)
Storing /home/altsai/eden/LOT20191011_mod/2MUCD10014-20191011@193747-Eden.fts -> s3://eden-data/RAW/LOT/2MUCD10014/2019-10-11/2MUCD10014-20191011@193747-Eden.fits (402/477)
Storing /home/altsai/eden/LOT20191011_mod/2MUCD10014-20191011@193859-Eden.fts -> s3://eden-data/RAW/LOT/2MUCD10014/2019-10-11/2MUCD10014-20191011@193859-Eden.fits (403/477)
Storing /home/altsai/eden/LOT20191011_mod/2MUCD10014-20191011@194012-Eden.fts -> s3://eden-data/RAW/LOT/2MUCD10014/2019-10-11/2MUCD10014-20191011@194012-Eden.fits (404/477)
Storing /home/altsai/eden/LOT20191011_mod/2MUCD10014-20191011@194125-Eden.fts -> s3://eden-data/RAW/LOT/2MUCD10014/2019-10-11/2MUCD10014-20191011@194125-Eden.fits (405/477)
Storing /home/altsai/eden/LOT20191011_mod/2MUCD10014-20191011@194236-Eden.fts -> s3://eden-data/RAW/LOT/2MUCD10014/2019-10-11/2MUCD10014-20191011@194236-Eden.fits (406/477)
Storing /home/altsai/eden/LOT20191011_mod/2MUCD10014-20191011@194348-Eden.fts -> s3://eden-data/RAW/LOT/2MUCD10014/2019-10-11/2MUCD10014-20191011@194348-Eden.fits (407/477)
Storing /home/altsai/eden/LOT20191011_mod/2MUCD10014-20191011@194500-Eden.fts -> s3://eden-data/RAW/LOT/2MUCD10014/2019-10-11/2MUCD10014-20191011@194500-Eden.fits (408/477)
Storing /home/altsai/eden/LOT20191011_mod/2MUCD10014-20191011@194612-Eden.fts -> s3://eden-data/RAW/LOT/2MUCD10014/2019-10-11/2MUCD10014-20191011@194612-Eden.fits (409/477)
Storing /home/altsai/eden/LOT20191011_mod/2MUCD10014-20191011@194723-Eden.fts -> s3://eden-data/RAW/LOT/2MUCD10014/2019-10-11/2MUCD10014-20191011@194723-Eden.fits (410/477)
Storing /home/altsai/eden/LOT20191011_mod/2MUCD10014-20191011@194836-Eden.fts -> s3://eden-data/RAW/LOT/2MUCD10014/2019-10-11/2MUCD10014-20191011@194836-Eden.fits (411/477)
Storing /home/altsai/eden/LOT20191011_mod/2MUCD10014-20191011@194947-Eden.fts -> s3://eden-data/RAW/LOT/2MUCD10014/2019-10-11/2MUCD10014-20191011@194947-Eden.fits (412/477)
Storing /home/altsai/eden/LOT20191011_mod/2MUCD10014-20191011@195058-Eden.fts -> s3://eden-data/RAW/LOT/2MUCD10014/2019-10-11/2MUCD10014-20191011@195058-Eden.fits (413/477)
Storing /home/altsai/eden/LOT20191011_mod/2MUCD10014-20191011@195211-Eden.fts -> s3://eden-data/RAW/LOT/2MUCD10014/2019-10-11/2MUCD10014-20191011@195211-Eden.fits (414/477)
Storing /home/altsai/eden/LOT20191011_mod/2MUCD10014-20191011@195322-Eden.fts -> s3://eden-data/RAW/LOT/2MUCD10014/2019-10-11/2MUCD10014-20191011@195322-Eden.fits (415/477)
Storing /home/altsai/eden/LOT20191011_mod/2MUCD10014-20191011@195433-Eden.fts -> s3://eden-data/RAW/LOT/2MUCD10014/2019-10-11/2MUCD10014-20191011@195433-Eden.fits (416/477)
Storing /home/altsai/eden/LOT20191011_mod/2MUCD10014-20191011@195545-Eden.fts -> s3://eden-data/RAW/LOT/2MUCD10014/2019-10-11/2MUCD10014-20191011@195545-Eden.fits (417/477)
Storing /home/altsai/eden/LOT20191011_mod/Bias-20191011@214244-000S.fts -> s3://eden-data/Calibrations/LOT/BIAS/2019-10-11/Bias-20191011@214244-000S.fits (418/477)
Storing /home/altsai/eden/LOT20191011_mod/Bias-20191011@214255-000S.fts -> s3://eden-data/Calibrations/LOT/BIAS/2019-10-11/Bias-20191011@214255-000S.fits (419/477)
Storing /home/altsai/eden/LOT20191011_mod/Bias-20191011@214302-000S.fts -> s3://eden-data/Calibrations/LOT/BIAS/2019-10-11/Bias-20191011@214302-000S.fits (420/477)
Storing /home/altsai/eden/LOT20191011_mod/Bias-20191011@214309-000S.fts -> s3://eden-data/Calibrations/LOT/BIAS/2019-10-11/Bias-20191011@214309-000S.fits (421/477)
Storing /home/altsai/eden/LOT20191011_mod/Bias-20191011@214316-000S.fts -> s3://eden-data/Calibrations/LOT/BIAS/2019-10-11/Bias-20191011@214316-000S.fits (422/477)
Storing /home/altsai/eden/LOT20191011_mod/Bias-20191011@214322-000S.fts -> s3://eden-data/Calibrations/LOT/BIAS/2019-10-11/Bias-20191011@214322-000S.fits (423/477)
Storing /home/altsai/eden/LOT20191011_mod/Bias-20191011@214329-000S.fts -> s3://eden-data/Calibrations/LOT/BIAS/2019-10-11/Bias-20191011@214329-000S.fits (424/477)
Storing /home/altsai/eden/LOT20191011_mod/Bias-20191011@214335-000S.fts -> s3://eden-data/Calibrations/LOT/BIAS/2019-10-11/Bias-20191011@214335-000S.fits (425/477)
Storing /home/altsai/eden/LOT20191011_mod/Bias-20191011@214342-000S.fts -> s3://eden-data/Calibrations/LOT/BIAS/2019-10-11/Bias-20191011@214342-000S.fits (426/477)
Storing /home/altsai/eden/LOT20191011_mod/Bias-20191011@214350-000S.fts -> s3://eden-data/Calibrations/LOT/BIAS/2019-10-11/Bias-20191011@214350-000S.fits (427/477)
Storing /home/altsai/eden/LOT20191011_mod/Dark-20191011@214358-300S.fts -> s3://eden-data/Calibrations/LOT/DARK/2019-10-11/Dark-20191011@214358-300S.fits (428/477)
Storing /home/altsai/eden/LOT20191011_mod/Dark-20191011@214905-300S.fts -> s3://eden-data/Calibrations/LOT/DARK/2019-10-11/Dark-20191011@214905-300S.fits (429/477)
Storing /home/altsai/eden/LOT20191011_mod/Dark-20191011@215411-300S.fts -> s3://eden-data/Calibrations/LOT/DARK/2019-10-11/Dark-20191011@215411-300S.fits (430/477)
Storing /home/altsai/eden/LOT20191011_mod/Dark-20191011@215918-300S.fts -> s3://eden-data/Calibrations/LOT/DARK/2019-10-11/Dark-20191011@215918-300S.fits (431/477)
Storing /home/altsai/eden/LOT20191011_mod/Dark-20191011@220425-300S.fts -> s3://eden-data/Calibrations/LOT/DARK/2019-10-11/Dark-20191011@220425-300S.fits (432/477)
Storing /home/altsai/eden/LOT20191011_mod/Dark-20191011@220931-300S.fts -> s3://eden-data/Calibrations/LOT/DARK/2019-10-11/Dark-20191011@220931-300S.fits (433/477)
Storing /home/altsai/eden/LOT20191011_mod/Dark-20191011@221438-300S.fts -> s3://eden-data/Calibrations/LOT/DARK/2019-10-11/Dark-20191011@221438-300S.fits (434/477)
Storing /home/altsai/eden/LOT20191011_mod/Dark-20191011@221945-300S.fts -> s3://eden-data/Calibrations/LOT/DARK/2019-10-11/Dark-20191011@221945-300S.fits (435/477)
Storing /home/altsai/eden/LOT20191011_mod/Dark-20191011@222452-300S.fts -> s3://eden-data/Calibrations/LOT/DARK/2019-10-11/Dark-20191011@222452-300S.fits (436/477)
Storing /home/altsai/eden/LOT20191011_mod/Dark-20191011@222958-300S.fts -> s3://eden-data/Calibrations/LOT/DARK/2019-10-11/Dark-20191011@222958-300S.fits (437/477)
Storing /home/altsai/eden/LOT20191011_mod/Dark-20191011@223507-060S.fts -> s3://eden-data/Calibrations/LOT/DARK/2019-10-11/Dark-20191011@223507-060S.fits (438/477)
Storing /home/altsai/eden/LOT20191011_mod/Dark-20191011@223613-060S.fts -> s3://eden-data/Calibrations/LOT/DARK/2019-10-11/Dark-20191011@223613-060S.fits (439/477)
Storing /home/altsai/eden/LOT20191011_mod/Dark-20191011@223720-060S.fts -> s3://eden-data/Calibrations/LOT/DARK/2019-10-11/Dark-20191011@223720-060S.fits (440/477)
Storing /home/altsai/eden/LOT20191011_mod/Dark-20191011@223826-060S.fts -> s3://eden-data/Calibrations/LOT/DARK/2019-10-11/Dark-20191011@223826-060S.fits (441/477)
Storing /home/altsai/eden/LOT20191011_mod/Dark-20191011@223933-060S.fts -> s3://eden-data/Calibrations/LOT/DARK/2019-10-11/Dark-20191011@223933-060S.fits (442/477)
Storing /home/altsai/eden/LOT20191011_mod/Dark-20191011@224040-060S.fts -> s3://eden-data/Calibrations/LOT/DARK/2019-10-11/Dark-20191011@224040-060S.fits (443/477)
Storing /home/altsai/eden/LOT20191011_mod/Dark-20191011@224148-060S.fts -> s3://eden-data/Calibrations/LOT/DARK/2019-10-11/Dark-20191011@224148-060S.fits (444/477)
Storing /home/altsai/eden/LOT20191011_mod/Dark-20191011@224254-060S.fts -> s3://eden-data/Calibrations/LOT/DARK/2019-10-11/Dark-20191011@224254-060S.fits (445/477)
Storing /home/altsai/eden/LOT20191011_mod/Dark-20191011@224401-060S.fts -> s3://eden-data/Calibrations/LOT/DARK/2019-10-11/Dark-20191011@224401-060S.fits (446/477)
Storing /home/altsai/eden/LOT20191011_mod/Dark-20191011@224508-060S.fts -> s3://eden-data/Calibrations/LOT/DARK/2019-10-11/Dark-20191011@224508-060S.fits (447/477)
Storing /home/altsai/eden/LOT20191011_mod/Dark-20191011@224616-100S.fts -> s3://eden-data/Calibrations/LOT/DARK/2019-10-11/Dark-20191011@224616-100S.fits (448/477)
Storing /home/altsai/eden/LOT20191011_mod/Dark-20191011@224803-100S.fts -> s3://eden-data/Calibrations/LOT/DARK/2019-10-11/Dark-20191011@224803-100S.fits (449/477)
Storing /home/altsai/eden/LOT20191011_mod/Dark-20191011@224949-100S.fts -> s3://eden-data/Calibrations/LOT/DARK/2019-10-11/Dark-20191011@224949-100S.fits (450/477)
Storing /home/altsai/eden/LOT20191011_mod/Dark-20191011@225136-100S.fts -> s3://eden-data/Calibrations/LOT/DARK/2019-10-11/Dark-20191011@225136-100S.fits (451/477)
Storing /home/altsai/eden/LOT20191011_mod/Dark-20191011@225324-100S.fts -> s3://eden-data/Calibrations/LOT/DARK/2019-10-11/Dark-20191011@225324-100S.fits (452/477)
Storing /home/altsai/eden/LOT20191011_mod/Dark-20191011@225510-100S.fts -> s3://eden-data/Calibrations/LOT/DARK/2019-10-11/Dark-20191011@225510-100S.fits (453/477)
Storing /home/altsai/eden/LOT20191011_mod/Dark-20191011@225657-100S.fts -> s3://eden-data/Calibrations/LOT/DARK/2019-10-11/Dark-20191011@225657-100S.fits (454/477)
Storing /home/altsai/eden/LOT20191011_mod/Dark-20191011@225844-100S.fts -> s3://eden-data/Calibrations/LOT/DARK/2019-10-11/Dark-20191011@225844-100S.fits (455/477)
Storing /home/altsai/eden/LOT20191011_mod/Dark-20191011@230032-100S.fts -> s3://eden-data/Calibrations/LOT/DARK/2019-10-11/Dark-20191011@230032-100S.fits (456/477)
Storing /home/altsai/eden/LOT20191011_mod/Dark-20191011@230218-100S.fts -> s3://eden-data/Calibrations/LOT/DARK/2019-10-11/Dark-20191011@230218-100S.fits (457/477)
Storing /home/altsai/eden/LOT20191011_mod/Dark-20191011@230406-120S.fts -> s3://eden-data/Calibrations/LOT/DARK/2019-10-11/Dark-20191011@230406-120S.fits (458/477)
Storing /home/altsai/eden/LOT20191011_mod/Dark-20191011@230613-120S.fts -> s3://eden-data/Calibrations/LOT/DARK/2019-10-11/Dark-20191011@230613-120S.fits (459/477)
Storing /home/altsai/eden/LOT20191011_mod/Dark-20191011@230820-120S.fts -> s3://eden-data/Calibrations/LOT/DARK/2019-10-11/Dark-20191011@230820-120S.fits (460/477)
Storing /home/altsai/eden/LOT20191011_mod/Dark-20191011@231027-120S.fts -> s3://eden-data/Calibrations/LOT/DARK/2019-10-11/Dark-20191011@231027-120S.fits (461/477)
Storing /home/altsai/eden/LOT20191011_mod/Dark-20191011@231233-120S.fts -> s3://eden-data/Calibrations/LOT/DARK/2019-10-11/Dark-20191011@231233-120S.fits (462/477)
Storing /home/altsai/eden/LOT20191011_mod/Dark-20191011@231441-120S.fts -> s3://eden-data/Calibrations/LOT/DARK/2019-10-11/Dark-20191011@231441-120S.fits (463/477)
Storing /home/altsai/eden/LOT20191011_mod/Dark-20191011@231648-120S.fts -> s3://eden-data/Calibrations/LOT/DARK/2019-10-11/Dark-20191011@231648-120S.fits (464/477)
Storing /home/altsai/eden/LOT20191011_mod/Dark-20191011@231854-120S.fts -> s3://eden-data/Calibrations/LOT/DARK/2019-10-11/Dark-20191011@231854-120S.fits (465/477)
Storing /home/altsai/eden/LOT20191011_mod/Dark-20191011@232100-120S.fts -> s3://eden-data/Calibrations/LOT/DARK/2019-10-11/Dark-20191011@232100-120S.fits (466/477)
Storing /home/altsai/eden/LOT20191011_mod/Dark-20191011@232307-120S.fts -> s3://eden-data/Calibrations/LOT/DARK/2019-10-11/Dark-20191011@232307-120S.fits (467/477)
Storing /home/altsai/eden/LOT20191011_mod/Dark-20191011@232515-240S.fts -> s3://eden-data/Calibrations/LOT/DARK/2019-10-11/Dark-20191011@232515-240S.fits (468/477)
Storing /home/altsai/eden/LOT20191011_mod/Dark-20191011@232921-240S.fts -> s3://eden-data/Calibrations/LOT/DARK/2019-10-11/Dark-20191011@232921-240S.fits (469/477)
Storing /home/altsai/eden/LOT20191011_mod/Dark-20191011@233328-240S.fts -> s3://eden-data/Calibrations/LOT/DARK/2019-10-11/Dark-20191011@233328-240S.fits (470/477)
Storing /home/altsai/eden/LOT20191011_mod/Dark-20191011@233735-240S.fts -> s3://eden-data/Calibrations/LOT/DARK/2019-10-11/Dark-20191011@233735-240S.fits (471/477)
Storing /home/altsai/eden/LOT20191011_mod/Dark-20191011@234142-240S.fts -> s3://eden-data/Calibrations/LOT/DARK/2019-10-11/Dark-20191011@234142-240S.fits (472/477)
Storing /home/altsai/eden/LOT20191011_mod/Dark-20191011@234548-240S.fts -> s3://eden-data/Calibrations/LOT/DARK/2019-10-11/Dark-20191011@234548-240S.fits (473/477)
Storing /home/altsai/eden/LOT20191011_mod/Dark-20191011@234956-240S.fts -> s3://eden-data/Calibrations/LOT/DARK/2019-10-11/Dark-20191011@234956-240S.fits (474/477)
Storing /home/altsai/eden/LOT20191011_mod/Dark-20191011@235403-240S.fts -> s3://eden-data/Calibrations/LOT/DARK/2019-10-11/Dark-20191011@235403-240S.fits (475/477)
Storing /home/altsai/eden/LOT20191011_mod/Dark-20191011@235810-240S.fts -> s3://eden-data/Calibrations/LOT/DARK/2019-10-11/Dark-20191011@235810-240S.fits (476/477)
Storing /home/altsai/eden/LOT20191011_mod/Dark-20191012@000216-240S.fts -> s3://eden-data/Calibrations/LOT/DARK/2019-10-11/Dark-20191012@000216-240S.fits (477/477)

Upload complete!
Stored: 477 files (4.0 GB)
