Bucket successfully loaded! eden-data
434 files found
Storing data to the S3 archive!
We can now start uploading the data.
Press return to start the upload, or anything else to abort: Verbose output enabled.
Storing LOT20191124_mod/2MASS_J0314+1603-20191124@113249-Eden.fts -> s3://eden-data/RAW/LOT/2MASS_J0314+1603/2019-11-24/2MASS_J0314+1603-20191124@113249-Eden.fits (1/434)
Storing LOT20191124_mod/2MASS_J0314+1603-20191124@113416-Eden.fts -> s3://eden-data/RAW/LOT/2MASS_J0314+1603/2019-11-24/2MASS_J0314+1603-20191124@113416-Eden.fits (2/434)
Storing LOT20191124_mod/2MASS_J0314+1603-20191124@113531-Eden.fts -> s3://eden-data/RAW/LOT/2MASS_J0314+1603/2019-11-24/2MASS_J0314+1603-20191124@113531-Eden.fits (3/434)
Storing LOT20191124_mod/2MASS_J0314+1603-20191124@113645-Eden.fts -> s3://eden-data/RAW/LOT/2MASS_J0314+1603/2019-11-24/2MASS_J0314+1603-20191124@113645-Eden.fits (4/434)
Storing LOT20191124_mod/2MASS_J0314+1603-20191124@113800-Eden.fts -> s3://eden-data/RAW/LOT/2MASS_J0314+1603/2019-11-24/2MASS_J0314+1603-20191124@113800-Eden.fits (5/434)
Storing LOT20191124_mod/2MASS_J0314+1603-20191124@113917-Eden.fts -> s3://eden-data/RAW/LOT/2MASS_J0314+1603/2019-11-24/2MASS_J0314+1603-20191124@113917-Eden.fits (6/434)
Storing LOT20191124_mod/2MASS_J0314+1603-20191124@114032-Eden.fts -> s3://eden-data/RAW/LOT/2MASS_J0314+1603/2019-11-24/2MASS_J0314+1603-20191124@114032-Eden.fits (7/434)
Storing LOT20191124_mod/2MASS_J0314+1603-20191124@114149-Eden.fts -> s3://eden-data/RAW/LOT/2MASS_J0314+1603/2019-11-24/2MASS_J0314+1603-20191124@114149-Eden.fits (8/434)
Storing LOT20191124_mod/2MASS_J0314+1603-20191124@114303-Eden.fts -> s3://eden-data/RAW/LOT/2MASS_J0314+1603/2019-11-24/2MASS_J0314+1603-20191124@114303-Eden.fits (9/434)
Storing LOT20191124_mod/2MASS_J0314+1603-20191124@114418-Eden.fts -> s3://eden-data/RAW/LOT/2MASS_J0314+1603/2019-11-24/2MASS_J0314+1603-20191124@114418-Eden.fits (10/434)
Storing LOT20191124_mod/2MASS_J0314+1603-20191124@114533-Eden.fts -> s3://eden-data/RAW/LOT/2MASS_J0314+1603/2019-11-24/2MASS_J0314+1603-20191124@114533-Eden.fits (11/434)
Storing LOT20191124_mod/2MASS_J0314+1603-20191124@114650-Eden.fts -> s3://eden-data/RAW/LOT/2MASS_J0314+1603/2019-11-24/2MASS_J0314+1603-20191124@114650-Eden.fits (12/434)
Storing LOT20191124_mod/2MASS_J0314+1603-20191124@114805-Eden.fts -> s3://eden-data/RAW/LOT/2MASS_J0314+1603/2019-11-24/2MASS_J0314+1603-20191124@114805-Eden.fits (13/434)
Storing LOT20191124_mod/2MASS_J0314+1603-20191124@114921-Eden.fts -> s3://eden-data/RAW/LOT/2MASS_J0314+1603/2019-11-24/2MASS_J0314+1603-20191124@114921-Eden.fits (14/434)
Storing LOT20191124_mod/2MASS_J0314+1603-20191124@115037-Eden.fts -> s3://eden-data/RAW/LOT/2MASS_J0314+1603/2019-11-24/2MASS_J0314+1603-20191124@115037-Eden.fits (15/434)
Storing LOT20191124_mod/2MASS_J0314+1603-20191124@115152-Eden.fts -> s3://eden-data/RAW/LOT/2MASS_J0314+1603/2019-11-24/2MASS_J0314+1603-20191124@115152-Eden.fits (16/434)
Storing LOT20191124_mod/2MASS_J0314+1603-20191124@115306-Eden.fts -> s3://eden-data/RAW/LOT/2MASS_J0314+1603/2019-11-24/2MASS_J0314+1603-20191124@115306-Eden.fits (17/434)
Storing LOT20191124_mod/2MASS_J0314+1603-20191124@115423-Eden.fts -> s3://eden-data/RAW/LOT/2MASS_J0314+1603/2019-11-24/2MASS_J0314+1603-20191124@115423-Eden.fits (18/434)
Storing LOT20191124_mod/2MASS_J0314+1603-20191124@115538-Eden.fts -> s3://eden-data/RAW/LOT/2MASS_J0314+1603/2019-11-24/2MASS_J0314+1603-20191124@115538-Eden.fits (19/434)
Storing LOT20191124_mod/2MASS_J0314+1603-20191124@115653-Eden.fts -> s3://eden-data/RAW/LOT/2MASS_J0314+1603/2019-11-24/2MASS_J0314+1603-20191124@115653-Eden.fits (20/434)
Storing LOT20191124_mod/2MASS_J0314+1603-20191124@115807-Eden.fts -> s3://eden-data/RAW/LOT/2MASS_J0314+1603/2019-11-24/2MASS_J0314+1603-20191124@115807-Eden.fits (21/434)
Storing LOT20191124_mod/2MASS_J0314+1603-20191124@115922-Eden.fts -> s3://eden-data/RAW/LOT/2MASS_J0314+1603/2019-11-24/2MASS_J0314+1603-20191124@115922-Eden.fits (22/434)
Storing LOT20191124_mod/2MASS_J0314+1603-20191124@120038-Eden.fts -> s3://eden-data/RAW/LOT/2MASS_J0314+1603/2019-11-24/2MASS_J0314+1603-20191124@120038-Eden.fits (23/434)
Storing LOT20191124_mod/2MASS_J0314+1603-20191124@120153-Eden.fts -> s3://eden-data/RAW/LOT/2MASS_J0314+1603/2019-11-24/2MASS_J0314+1603-20191124@120153-Eden.fits (24/434)
Storing LOT20191124_mod/2MASS_J0314+1603-20191124@120310-Eden.fts -> s3://eden-data/RAW/LOT/2MASS_J0314+1603/2019-11-24/2MASS_J0314+1603-20191124@120310-Eden.fits (25/434)
Storing LOT20191124_mod/2MASS_J0314+1603-20191124@120425-Eden.fts -> s3://eden-data/RAW/LOT/2MASS_J0314+1603/2019-11-24/2MASS_J0314+1603-20191124@120425-Eden.fits (26/434)
Storing LOT20191124_mod/2MASS_J0314+1603-20191124@120541-Eden.fts -> s3://eden-data/RAW/LOT/2MASS_J0314+1603/2019-11-24/2MASS_J0314+1603-20191124@120541-Eden.fits (27/434)
Storing LOT20191124_mod/2MASS_J0314+1603-20191124@120655-Eden.fts -> s3://eden-data/RAW/LOT/2MASS_J0314+1603/2019-11-24/2MASS_J0314+1603-20191124@120655-Eden.fits (28/434)
Storing LOT20191124_mod/2MASS_J0314+1603-20191124@120811-Eden.fts -> s3://eden-data/RAW/LOT/2MASS_J0314+1603/2019-11-24/2MASS_J0314+1603-20191124@120811-Eden.fits (29/434)
Storing LOT20191124_mod/2MASS_J0314+1603-20191124@120926-Eden.fts -> s3://eden-data/RAW/LOT/2MASS_J0314+1603/2019-11-24/2MASS_J0314+1603-20191124@120926-Eden.fits (30/434)
Storing LOT20191124_mod/2MASS_J0314+1603-20191124@121041-Eden.fts -> s3://eden-data/RAW/LOT/2MASS_J0314+1603/2019-11-24/2MASS_J0314+1603-20191124@121041-Eden.fits (31/434)
Storing LOT20191124_mod/2MASS_J0314+1603-20191124@121157-Eden.fts -> s3://eden-data/RAW/LOT/2MASS_J0314+1603/2019-11-24/2MASS_J0314+1603-20191124@121157-Eden.fits (32/434)
Storing LOT20191124_mod/2MASS_J0314+1603-20191124@121312-Eden.fts -> s3://eden-data/RAW/LOT/2MASS_J0314+1603/2019-11-24/2MASS_J0314+1603-20191124@121312-Eden.fits (33/434)
Storing LOT20191124_mod/2MASS_J0314+1603-20191124@121427-Eden.fts -> s3://eden-data/RAW/LOT/2MASS_J0314+1603/2019-11-24/2MASS_J0314+1603-20191124@121427-Eden.fits (34/434)
Storing LOT20191124_mod/2MASS_J0314+1603-20191124@121542-Eden.fts -> s3://eden-data/RAW/LOT/2MASS_J0314+1603/2019-11-24/2MASS_J0314+1603-20191124@121542-Eden.fits (35/434)
Storing LOT20191124_mod/2MASS_J0314+1603-20191124@121656-Eden.fts -> s3://eden-data/RAW/LOT/2MASS_J0314+1603/2019-11-24/2MASS_J0314+1603-20191124@121656-Eden.fits (36/434)
Storing LOT20191124_mod/2MASS_J0314+1603-20191124@121810-Eden.fts -> s3://eden-data/RAW/LOT/2MASS_J0314+1603/2019-11-24/2MASS_J0314+1603-20191124@121810-Eden.fits (37/434)
Storing LOT20191124_mod/2MASS_J0314+1603-20191124@121925-Eden.fts -> s3://eden-data/RAW/LOT/2MASS_J0314+1603/2019-11-24/2MASS_J0314+1603-20191124@121925-Eden.fits (38/434)
Storing LOT20191124_mod/2MASS_J0314+1603-20191124@122039-Eden.fts -> s3://eden-data/RAW/LOT/2MASS_J0314+1603/2019-11-24/2MASS_J0314+1603-20191124@122039-Eden.fits (39/434)
Storing LOT20191124_mod/2MASS_J0314+1603-20191124@122156-Eden.fts -> s3://eden-data/RAW/LOT/2MASS_J0314+1603/2019-11-24/2MASS_J0314+1603-20191124@122156-Eden.fits (40/434)
Storing LOT20191124_mod/2MASS_J0314+1603-20191124@122311-Eden.fts -> s3://eden-data/RAW/LOT/2MASS_J0314+1603/2019-11-24/2MASS_J0314+1603-20191124@122311-Eden.fits (41/434)
Storing LOT20191124_mod/2MASS_J0314+1603-20191124@122425-Eden.fts -> s3://eden-data/RAW/LOT/2MASS_J0314+1603/2019-11-24/2MASS_J0314+1603-20191124@122425-Eden.fits (42/434)
Storing LOT20191124_mod/2MASS_J0314+1603-20191124@122540-Eden.fts -> s3://eden-data/RAW/LOT/2MASS_J0314+1603/2019-11-24/2MASS_J0314+1603-20191124@122540-Eden.fits (43/434)
Storing LOT20191124_mod/2MASS_J0314+1603-20191124@122654-Eden.fts -> s3://eden-data/RAW/LOT/2MASS_J0314+1603/2019-11-24/2MASS_J0314+1603-20191124@122654-Eden.fits (44/434)
Storing LOT20191124_mod/2MASS_J0314+1603-20191124@122811-Eden.fts -> s3://eden-data/RAW/LOT/2MASS_J0314+1603/2019-11-24/2MASS_J0314+1603-20191124@122811-Eden.fits (45/434)
Storing LOT20191124_mod/2MASS_J0314+1603-20191124@122926-Eden.fts -> s3://eden-data/RAW/LOT/2MASS_J0314+1603/2019-11-24/2MASS_J0314+1603-20191124@122926-Eden.fits (46/434)
Storing LOT20191124_mod/2MASS_J0314+1603-20191124@123041-Eden.fts -> s3://eden-data/RAW/LOT/2MASS_J0314+1603/2019-11-24/2MASS_J0314+1603-20191124@123041-Eden.fits (47/434)
Storing LOT20191124_mod/2MASS_J0314+1603-20191124@123157-Eden.fts -> s3://eden-data/RAW/LOT/2MASS_J0314+1603/2019-11-24/2MASS_J0314+1603-20191124@123157-Eden.fits (48/434)
Storing LOT20191124_mod/2MASS_J0314+1603-20191124@123311-Eden.fts -> s3://eden-data/RAW/LOT/2MASS_J0314+1603/2019-11-24/2MASS_J0314+1603-20191124@123311-Eden.fits (49/434)
Storing LOT20191124_mod/2MASS_J0314+1603-20191124@123425-Eden.fts -> s3://eden-data/RAW/LOT/2MASS_J0314+1603/2019-11-24/2MASS_J0314+1603-20191124@123425-Eden.fits (50/434)
Storing LOT20191124_mod/2MASS_J0314+1603-20191124@123542-Eden.fts -> s3://eden-data/RAW/LOT/2MASS_J0314+1603/2019-11-24/2MASS_J0314+1603-20191124@123542-Eden.fits (51/434)
Storing LOT20191124_mod/2MASS_J0314+1603-20191124@123657-Eden.fts -> s3://eden-data/RAW/LOT/2MASS_J0314+1603/2019-11-24/2MASS_J0314+1603-20191124@123657-Eden.fits (52/434)
Storing LOT20191124_mod/2MASS_J0314+1603-20191124@123812-Eden.fts -> s3://eden-data/RAW/LOT/2MASS_J0314+1603/2019-11-24/2MASS_J0314+1603-20191124@123812-Eden.fits (53/434)
Storing LOT20191124_mod/2MASS_J0314+1603-20191124@123927-Eden.fts -> s3://eden-data/RAW/LOT/2MASS_J0314+1603/2019-11-24/2MASS_J0314+1603-20191124@123927-Eden.fits (54/434)
Storing LOT20191124_mod/2MASS_J0314+1603-20191124@124041-Eden.fts -> s3://eden-data/RAW/LOT/2MASS_J0314+1603/2019-11-24/2MASS_J0314+1603-20191124@124041-Eden.fits (55/434)
Storing LOT20191124_mod/2MASS_J0314+1603-20191124@124157-Eden.fts -> s3://eden-data/RAW/LOT/2MASS_J0314+1603/2019-11-24/2MASS_J0314+1603-20191124@124157-Eden.fits (56/434)
Storing LOT20191124_mod/2MASS_J0314+1603-20191124@124311-Eden.fts -> s3://eden-data/RAW/LOT/2MASS_J0314+1603/2019-11-24/2MASS_J0314+1603-20191124@124311-Eden.fits (57/434)
Storing LOT20191124_mod/2MASS_J0314+1603-20191124@124426-Eden.fts -> s3://eden-data/RAW/LOT/2MASS_J0314+1603/2019-11-24/2MASS_J0314+1603-20191124@124426-Eden.fits (58/434)
Storing LOT20191124_mod/2MASS_J0314+1603-20191124@124540-Eden.fts -> s3://eden-data/RAW/LOT/2MASS_J0314+1603/2019-11-24/2MASS_J0314+1603-20191124@124540-Eden.fits (59/434)
Storing LOT20191124_mod/2MASS_J0314+1603-20191124@124655-Eden.fts -> s3://eden-data/RAW/LOT/2MASS_J0314+1603/2019-11-24/2MASS_J0314+1603-20191124@124655-Eden.fits (60/434)
Storing LOT20191124_mod/2MASS_J0314+1603-20191124@124811-Eden.fts -> s3://eden-data/RAW/LOT/2MASS_J0314+1603/2019-11-24/2MASS_J0314+1603-20191124@124811-Eden.fits (61/434)
Storing LOT20191124_mod/2MASS_J0314+1603-20191124@124927-Eden.fts -> s3://eden-data/RAW/LOT/2MASS_J0314+1603/2019-11-24/2MASS_J0314+1603-20191124@124927-Eden.fits (62/434)
Storing LOT20191124_mod/2MASS_J0314+1603-20191124@125043-Eden.fts -> s3://eden-data/RAW/LOT/2MASS_J0314+1603/2019-11-24/2MASS_J0314+1603-20191124@125043-Eden.fits (63/434)
Storing LOT20191124_mod/2MASS_J0314+1603-20191124@125200-Eden.fts -> s3://eden-data/RAW/LOT/2MASS_J0314+1603/2019-11-24/2MASS_J0314+1603-20191124@125200-Eden.fits (64/434)
Storing LOT20191124_mod/2MASS_J0314+1603-20191124@125315-Eden.fts -> s3://eden-data/RAW/LOT/2MASS_J0314+1603/2019-11-24/2MASS_J0314+1603-20191124@125315-Eden.fits (65/434)
Storing LOT20191124_mod/2MASS_J0314+1603-20191124@125430-Eden.fts -> s3://eden-data/RAW/LOT/2MASS_J0314+1603/2019-11-24/2MASS_J0314+1603-20191124@125430-Eden.fits (66/434)
Storing LOT20191124_mod/2MASS_J0314+1603-20191124@125546-Eden.fts -> s3://eden-data/RAW/LOT/2MASS_J0314+1603/2019-11-24/2MASS_J0314+1603-20191124@125546-Eden.fits (67/434)
Storing LOT20191124_mod/2MASS_J0314+1603-20191124@125700-Eden.fts -> s3://eden-data/RAW/LOT/2MASS_J0314+1603/2019-11-24/2MASS_J0314+1603-20191124@125700-Eden.fits (68/434)
Storing LOT20191124_mod/2MASS_J0314+1603-20191124@125815-Eden.fts -> s3://eden-data/RAW/LOT/2MASS_J0314+1603/2019-11-24/2MASS_J0314+1603-20191124@125815-Eden.fits (69/434)
Storing LOT20191124_mod/2MASS_J0314+1603-20191124@125930-Eden.fts -> s3://eden-data/RAW/LOT/2MASS_J0314+1603/2019-11-24/2MASS_J0314+1603-20191124@125930-Eden.fits (70/434)
Storing LOT20191124_mod/2MASS_J0314+1603-20191124@130046-Eden.fts -> s3://eden-data/RAW/LOT/2MASS_J0314+1603/2019-11-24/2MASS_J0314+1603-20191124@130046-Eden.fits (71/434)
Storing LOT20191124_mod/2MASS_J0314+1603-20191124@130201-Eden.fts -> s3://eden-data/RAW/LOT/2MASS_J0314+1603/2019-11-24/2MASS_J0314+1603-20191124@130201-Eden.fits (72/434)
Storing LOT20191124_mod/2MASS_J0314+1603-20191124@130317-Eden.fts -> s3://eden-data/RAW/LOT/2MASS_J0314+1603/2019-11-24/2MASS_J0314+1603-20191124@130317-Eden.fits (73/434)
Storing LOT20191124_mod/2MASS_J0314+1603-20191124@130431-Eden.fts -> s3://eden-data/RAW/LOT/2MASS_J0314+1603/2019-11-24/2MASS_J0314+1603-20191124@130431-Eden.fits (74/434)
Storing LOT20191124_mod/2MASS_J0314+1603-20191124@130546-Eden.fts -> s3://eden-data/RAW/LOT/2MASS_J0314+1603/2019-11-24/2MASS_J0314+1603-20191124@130546-Eden.fits (75/434)
Storing LOT20191124_mod/2MASS_J0314+1603-20191124@130704-Eden.fts -> s3://eden-data/RAW/LOT/2MASS_J0314+1603/2019-11-24/2MASS_J0314+1603-20191124@130704-Eden.fits (76/434)
Storing LOT20191124_mod/2MASS_J0314+1603-20191124@130819-Eden.fts -> s3://eden-data/RAW/LOT/2MASS_J0314+1603/2019-11-24/2MASS_J0314+1603-20191124@130819-Eden.fits (77/434)
Storing LOT20191124_mod/2MASS_J0314+1603-20191124@130933-Eden.fts -> s3://eden-data/RAW/LOT/2MASS_J0314+1603/2019-11-24/2MASS_J0314+1603-20191124@130933-Eden.fits (78/434)
Storing LOT20191124_mod/2MASS_J0314+1603-20191124@131049-Eden.fts -> s3://eden-data/RAW/LOT/2MASS_J0314+1603/2019-11-24/2MASS_J0314+1603-20191124@131049-Eden.fits (79/434)
Storing LOT20191124_mod/2MASS_J0314+1603-20191124@131203-Eden.fts -> s3://eden-data/RAW/LOT/2MASS_J0314+1603/2019-11-24/2MASS_J0314+1603-20191124@131203-Eden.fits (80/434)
Storing LOT20191124_mod/2MASS_J0314+1603-20191124@131319-Eden.fts -> s3://eden-data/RAW/LOT/2MASS_J0314+1603/2019-11-24/2MASS_J0314+1603-20191124@131319-Eden.fits (81/434)
Storing LOT20191124_mod/2MASS_J0314+1603-20191124@131434-Eden.fts -> s3://eden-data/RAW/LOT/2MASS_J0314+1603/2019-11-24/2MASS_J0314+1603-20191124@131434-Eden.fits (82/434)
Storing LOT20191124_mod/2MASS_J0314+1603-20191124@131549-Eden.fts -> s3://eden-data/RAW/LOT/2MASS_J0314+1603/2019-11-24/2MASS_J0314+1603-20191124@131549-Eden.fits (83/434)
Storing LOT20191124_mod/2MASS_J0314+1603-20191124@131706-Eden.fts -> s3://eden-data/RAW/LOT/2MASS_J0314+1603/2019-11-24/2MASS_J0314+1603-20191124@131706-Eden.fits (84/434)
Storing LOT20191124_mod/2MASS_J0314+1603-20191124@131820-Eden.fts -> s3://eden-data/RAW/LOT/2MASS_J0314+1603/2019-11-24/2MASS_J0314+1603-20191124@131820-Eden.fits (85/434)
Storing LOT20191124_mod/2MASS_J0314+1603-20191124@131936-Eden.fts -> s3://eden-data/RAW/LOT/2MASS_J0314+1603/2019-11-24/2MASS_J0314+1603-20191124@131936-Eden.fits (86/434)
Storing LOT20191124_mod/2MASS_J0314+1603-20191124@132053-Eden.fts -> s3://eden-data/RAW/LOT/2MASS_J0314+1603/2019-11-24/2MASS_J0314+1603-20191124@132053-Eden.fits (87/434)
Storing LOT20191124_mod/2MASS_J0314+1603-20191124@132208-Eden.fts -> s3://eden-data/RAW/LOT/2MASS_J0314+1603/2019-11-24/2MASS_J0314+1603-20191124@132208-Eden.fits (88/434)
Storing LOT20191124_mod/2MASS_J0314+1603-20191124@132323-Eden.fts -> s3://eden-data/RAW/LOT/2MASS_J0314+1603/2019-11-24/2MASS_J0314+1603-20191124@132323-Eden.fits (89/434)
Storing LOT20191124_mod/2MASS_J0314+1603-20191124@132438-Eden.fts -> s3://eden-data/RAW/LOT/2MASS_J0314+1603/2019-11-24/2MASS_J0314+1603-20191124@132438-Eden.fits (90/434)
Storing LOT20191124_mod/2MASS_J0314+1603-20191124@132554-Eden.fts -> s3://eden-data/RAW/LOT/2MASS_J0314+1603/2019-11-24/2MASS_J0314+1603-20191124@132554-Eden.fits (91/434)
Storing LOT20191124_mod/2MASS_J0314+1603-20191124@132709-Eden.fts -> s3://eden-data/RAW/LOT/2MASS_J0314+1603/2019-11-24/2MASS_J0314+1603-20191124@132709-Eden.fits (92/434)
Storing LOT20191124_mod/2MASS_J0314+1603-20191124@132824-Eden.fts -> s3://eden-data/RAW/LOT/2MASS_J0314+1603/2019-11-24/2MASS_J0314+1603-20191124@132824-Eden.fits (93/434)
Storing LOT20191124_mod/2MASS_J0314+1603-20191124@132939-Eden.fts -> s3://eden-data/RAW/LOT/2MASS_J0314+1603/2019-11-24/2MASS_J0314+1603-20191124@132939-Eden.fits (94/434)
Storing LOT20191124_mod/2MASS_J0314+1603-20191124@133054-Eden.fts -> s3://eden-data/RAW/LOT/2MASS_J0314+1603/2019-11-24/2MASS_J0314+1603-20191124@133054-Eden.fits (95/434)
Storing LOT20191124_mod/2MASS_J0314+1603-20191124@133208-Eden.fts -> s3://eden-data/RAW/LOT/2MASS_J0314+1603/2019-11-24/2MASS_J0314+1603-20191124@133208-Eden.fits (96/434)
Storing LOT20191124_mod/2MASS_J0314+1603-20191124@133324-Eden.fts -> s3://eden-data/RAW/LOT/2MASS_J0314+1603/2019-11-24/2MASS_J0314+1603-20191124@133324-Eden.fits (97/434)
Storing LOT20191124_mod/2MASS_J0314+1603-20191124@133439-Eden.fts -> s3://eden-data/RAW/LOT/2MASS_J0314+1603/2019-11-24/2MASS_J0314+1603-20191124@133439-Eden.fits (98/434)
Storing LOT20191124_mod/2MASS_J0314+1603-20191124@133554-Eden.fts -> s3://eden-data/RAW/LOT/2MASS_J0314+1603/2019-11-24/2MASS_J0314+1603-20191124@133554-Eden.fits (99/434)
Storing LOT20191124_mod/2MASS_J0314+1603-20191124@133711-Eden.fts -> s3://eden-data/RAW/LOT/2MASS_J0314+1603/2019-11-24/2MASS_J0314+1603-20191124@133711-Eden.fits (100/434)
Storing LOT20191124_mod/2MASS_J0314+1603-20191124@133827-Eden.fts -> s3://eden-data/RAW/LOT/2MASS_J0314+1603/2019-11-24/2MASS_J0314+1603-20191124@133827-Eden.fits (101/434)
Storing LOT20191124_mod/2MASS_J0314+1603-20191124@133943-Eden.fts -> s3://eden-data/RAW/LOT/2MASS_J0314+1603/2019-11-24/2MASS_J0314+1603-20191124@133943-Eden.fits (102/434)
Storing LOT20191124_mod/2MASS_J0314+1603-20191124@134058-Eden.fts -> s3://eden-data/RAW/LOT/2MASS_J0314+1603/2019-11-24/2MASS_J0314+1603-20191124@134058-Eden.fits (103/434)
Storing LOT20191124_mod/2MASS_J0314+1603-20191124@134212-Eden.fts -> s3://eden-data/RAW/LOT/2MASS_J0314+1603/2019-11-24/2MASS_J0314+1603-20191124@134212-Eden.fits (104/434)
Storing LOT20191124_mod/2MASS_J0314+1603-20191124@134328-Eden.fts -> s3://eden-data/RAW/LOT/2MASS_J0314+1603/2019-11-24/2MASS_J0314+1603-20191124@134328-Eden.fits (105/434)
Storing LOT20191124_mod/2MASS_J0314+1603-20191124@134443-Eden.fts -> s3://eden-data/RAW/LOT/2MASS_J0314+1603/2019-11-24/2MASS_J0314+1603-20191124@134443-Eden.fits (106/434)
Storing LOT20191124_mod/2MASS_J0314+1603-20191124@134558-Eden.fts -> s3://eden-data/RAW/LOT/2MASS_J0314+1603/2019-11-24/2MASS_J0314+1603-20191124@134558-Eden.fits (107/434)
Storing LOT20191124_mod/2MASS_J0314+1603-20191124@134713-Eden.fts -> s3://eden-data/RAW/LOT/2MASS_J0314+1603/2019-11-24/2MASS_J0314+1603-20191124@134713-Eden.fits (108/434)
Storing LOT20191124_mod/2MASS_J0314+1603-20191124@134829-Eden.fts -> s3://eden-data/RAW/LOT/2MASS_J0314+1603/2019-11-24/2MASS_J0314+1603-20191124@134829-Eden.fits (109/434)
Storing LOT20191124_mod/2MASS_J0314+1603-20191124@134944-Eden.fts -> s3://eden-data/RAW/LOT/2MASS_J0314+1603/2019-11-24/2MASS_J0314+1603-20191124@134944-Eden.fits (110/434)
Storing LOT20191124_mod/2MASS_J0314+1603-20191124@135059-Eden.fts -> s3://eden-data/RAW/LOT/2MASS_J0314+1603/2019-11-24/2MASS_J0314+1603-20191124@135059-Eden.fits (111/434)
Storing LOT20191124_mod/2MASS_J0314+1603-20191124@135214-Eden.fts -> s3://eden-data/RAW/LOT/2MASS_J0314+1603/2019-11-24/2MASS_J0314+1603-20191124@135214-Eden.fits (112/434)
Storing LOT20191124_mod/2MASS_J0314+1603-20191124@135330-Eden.fts -> s3://eden-data/RAW/LOT/2MASS_J0314+1603/2019-11-24/2MASS_J0314+1603-20191124@135330-Eden.fits (113/434)
Storing LOT20191124_mod/2MASS_J0314+1603-20191124@135445-Eden.fts -> s3://eden-data/RAW/LOT/2MASS_J0314+1603/2019-11-24/2MASS_J0314+1603-20191124@135445-Eden.fits (114/434)
Storing LOT20191124_mod/2MASS_J0314+1603-20191124@135559-Eden.fts -> s3://eden-data/RAW/LOT/2MASS_J0314+1603/2019-11-24/2MASS_J0314+1603-20191124@135559-Eden.fits (115/434)
Storing LOT20191124_mod/2MASS_J0314+1603-20191124@135714-Eden.fts -> s3://eden-data/RAW/LOT/2MASS_J0314+1603/2019-11-24/2MASS_J0314+1603-20191124@135714-Eden.fits (116/434)
Storing LOT20191124_mod/2MASS_J0314+1603-20191124@135828-Eden.fts -> s3://eden-data/RAW/LOT/2MASS_J0314+1603/2019-11-24/2MASS_J0314+1603-20191124@135828-Eden.fits (117/434)
Storing LOT20191124_mod/2MASS_J0314+1603-20191124@135945-Eden.fts -> s3://eden-data/RAW/LOT/2MASS_J0314+1603/2019-11-24/2MASS_J0314+1603-20191124@135945-Eden.fits (118/434)
Storing LOT20191124_mod/2MASS_J0314+1603-20191124@140059-Eden.fts -> s3://eden-data/RAW/LOT/2MASS_J0314+1603/2019-11-24/2MASS_J0314+1603-20191124@140059-Eden.fits (119/434)
Storing LOT20191124_mod/2MASS_J0314+1603-20191124@140215-Eden.fts -> s3://eden-data/RAW/LOT/2MASS_J0314+1603/2019-11-24/2MASS_J0314+1603-20191124@140215-Eden.fits (120/434)
Storing LOT20191124_mod/2MASS_J0314+1603-20191124@140331-Eden.fts -> s3://eden-data/RAW/LOT/2MASS_J0314+1603/2019-11-24/2MASS_J0314+1603-20191124@140331-Eden.fits (121/434)
Storing LOT20191124_mod/2MASS_J0314+1603-20191124@140446-Eden.fts -> s3://eden-data/RAW/LOT/2MASS_J0314+1603/2019-11-24/2MASS_J0314+1603-20191124@140446-Eden.fits (122/434)
Storing LOT20191124_mod/2MASS_J0314+1603-20191124@140601-Eden.fts -> s3://eden-data/RAW/LOT/2MASS_J0314+1603/2019-11-24/2MASS_J0314+1603-20191124@140601-Eden.fits (123/434)
Storing LOT20191124_mod/2MASS_J0314+1603-20191124@140716-Eden.fts -> s3://eden-data/RAW/LOT/2MASS_J0314+1603/2019-11-24/2MASS_J0314+1603-20191124@140716-Eden.fits (124/434)
Storing LOT20191124_mod/2MASS_J0314+1603-20191124@140831-Eden.fts -> s3://eden-data/RAW/LOT/2MASS_J0314+1603/2019-11-24/2MASS_J0314+1603-20191124@140831-Eden.fits (125/434)
Storing LOT20191124_mod/2MASS_J0314+1603-20191124@140946-Eden.fts -> s3://eden-data/RAW/LOT/2MASS_J0314+1603/2019-11-24/2MASS_J0314+1603-20191124@140946-Eden.fits (126/434)
Storing LOT20191124_mod/2MASS_J0314+1603-20191124@141100-Eden.fts -> s3://eden-data/RAW/LOT/2MASS_J0314+1603/2019-11-24/2MASS_J0314+1603-20191124@141100-Eden.fits (127/434)
Storing LOT20191124_mod/2MASS_J0314+1603-20191124@141217-Eden.fts -> s3://eden-data/RAW/LOT/2MASS_J0314+1603/2019-11-24/2MASS_J0314+1603-20191124@141217-Eden.fits (128/434)
Storing LOT20191124_mod/2MASS_J0314+1603-20191124@141333-Eden.fts -> s3://eden-data/RAW/LOT/2MASS_J0314+1603/2019-11-24/2MASS_J0314+1603-20191124@141333-Eden.fits (129/434)
Storing LOT20191124_mod/2MASS_J0314+1603-20191124@141449-Eden.fts -> s3://eden-data/RAW/LOT/2MASS_J0314+1603/2019-11-24/2MASS_J0314+1603-20191124@141449-Eden.fits (130/434)
Storing LOT20191124_mod/2MASS_J0314+1603-20191124@141605-Eden.fts -> s3://eden-data/RAW/LOT/2MASS_J0314+1603/2019-11-24/2MASS_J0314+1603-20191124@141605-Eden.fits (131/434)
Storing LOT20191124_mod/2MASS_J0314+1603-20191124@141720-Eden.fts -> s3://eden-data/RAW/LOT/2MASS_J0314+1603/2019-11-24/2MASS_J0314+1603-20191124@141720-Eden.fits (132/434)
Storing LOT20191124_mod/2MASS_J0314+1603-20191124@141835-Eden.fts -> s3://eden-data/RAW/LOT/2MASS_J0314+1603/2019-11-24/2MASS_J0314+1603-20191124@141835-Eden.fits (133/434)
Storing LOT20191124_mod/2MASS_J0314+1603-20191124@141949-Eden.fts -> s3://eden-data/RAW/LOT/2MASS_J0314+1603/2019-11-24/2MASS_J0314+1603-20191124@141949-Eden.fits (134/434)
Storing LOT20191124_mod/2MASS_J0314+1603-20191124@142104-Eden.fts -> s3://eden-data/RAW/LOT/2MASS_J0314+1603/2019-11-24/2MASS_J0314+1603-20191124@142104-Eden.fits (135/434)
Storing LOT20191124_mod/2MASS_J0314+1603-20191124@142218-Eden.fts -> s3://eden-data/RAW/LOT/2MASS_J0314+1603/2019-11-24/2MASS_J0314+1603-20191124@142218-Eden.fits (136/434)
Storing LOT20191124_mod/2MASS_J0314+1603-20191124@142334-Eden.fts -> s3://eden-data/RAW/LOT/2MASS_J0314+1603/2019-11-24/2MASS_J0314+1603-20191124@142334-Eden.fits (137/434)
Storing LOT20191124_mod/2MASS_J0314+1603-20191124@142448-Eden.fts -> s3://eden-data/RAW/LOT/2MASS_J0314+1603/2019-11-24/2MASS_J0314+1603-20191124@142448-Eden.fits (138/434)
Storing LOT20191124_mod/2MASS_J0314+1603-20191124@142603-Eden.fts -> s3://eden-data/RAW/LOT/2MASS_J0314+1603/2019-11-24/2MASS_J0314+1603-20191124@142603-Eden.fits (139/434)
Storing LOT20191124_mod/2MASS_J0314+1603-20191124@142717-Eden.fts -> s3://eden-data/RAW/LOT/2MASS_J0314+1603/2019-11-24/2MASS_J0314+1603-20191124@142717-Eden.fits (140/434)
Storing LOT20191124_mod/2MASS_J0314+1603-20191124@142832-Eden.fts -> s3://eden-data/RAW/LOT/2MASS_J0314+1603/2019-11-24/2MASS_J0314+1603-20191124@142832-Eden.fits (141/434)
Storing LOT20191124_mod/2MASS_J0314+1603-20191124@142947-Eden.fts -> s3://eden-data/RAW/LOT/2MASS_J0314+1603/2019-11-24/2MASS_J0314+1603-20191124@142947-Eden.fits (142/434)
Storing LOT20191124_mod/2MASS_J0314+1603-20191124@143101-Eden.fts -> s3://eden-data/RAW/LOT/2MASS_J0314+1603/2019-11-24/2MASS_J0314+1603-20191124@143101-Eden.fits (143/434)
Storing LOT20191124_mod/2MASS_J0314+1603-20191124@143215-Eden.fts -> s3://eden-data/RAW/LOT/2MASS_J0314+1603/2019-11-24/2MASS_J0314+1603-20191124@143215-Eden.fits (144/434)
Storing LOT20191124_mod/2MASS_J0314+1603-20191124@143328-Eden.fts -> s3://eden-data/RAW/LOT/2MASS_J0314+1603/2019-11-24/2MASS_J0314+1603-20191124@143328-Eden.fits (145/434)
Storing LOT20191124_mod/2MASS_J0314+1603-20191124@143444-Eden.fts -> s3://eden-data/RAW/LOT/2MASS_J0314+1603/2019-11-24/2MASS_J0314+1603-20191124@143444-Eden.fits (146/434)
Storing LOT20191124_mod/2MASS_J0314+1603-20191124@143558-Eden.fts -> s3://eden-data/RAW/LOT/2MASS_J0314+1603/2019-11-24/2MASS_J0314+1603-20191124@143558-Eden.fits (147/434)
Storing LOT20191124_mod/2MASS_J0314+1603-20191124@143714-Eden.fts -> s3://eden-data/RAW/LOT/2MASS_J0314+1603/2019-11-24/2MASS_J0314+1603-20191124@143714-Eden.fits (148/434)
Storing LOT20191124_mod/2MASS_J0314+1603-20191124@143830-Eden.fts -> s3://eden-data/RAW/LOT/2MASS_J0314+1603/2019-11-24/2MASS_J0314+1603-20191124@143830-Eden.fits (149/434)
Storing LOT20191124_mod/2MASS_J0314+1603-20191124@143944-Eden.fts -> s3://eden-data/RAW/LOT/2MASS_J0314+1603/2019-11-24/2MASS_J0314+1603-20191124@143944-Eden.fits (150/434)
Storing LOT20191124_mod/2MASS_J0314+1603-20191124@144100-Eden.fts -> s3://eden-data/RAW/LOT/2MASS_J0314+1603/2019-11-24/2MASS_J0314+1603-20191124@144100-Eden.fits (151/434)
Storing LOT20191124_mod/2MASS_J0314+1603-20191124@144219-Eden.fts -> s3://eden-data/RAW/LOT/2MASS_J0314+1603/2019-11-24/2MASS_J0314+1603-20191124@144219-Eden.fits (152/434)
Storing LOT20191124_mod/2MASS_J0314+1603-20191124@144335-Eden.fts -> s3://eden-data/RAW/LOT/2MASS_J0314+1603/2019-11-24/2MASS_J0314+1603-20191124@144335-Eden.fits (153/434)
Storing LOT20191124_mod/2MASS_J0314+1603-20191124@144450-Eden.fts -> s3://eden-data/RAW/LOT/2MASS_J0314+1603/2019-11-24/2MASS_J0314+1603-20191124@144450-Eden.fits (154/434)
Storing LOT20191124_mod/2MASS_J0314+1603-20191124@144606-Eden.fts -> s3://eden-data/RAW/LOT/2MASS_J0314+1603/2019-11-24/2MASS_J0314+1603-20191124@144606-Eden.fits (155/434)
Storing LOT20191124_mod/2MASS_J0314+1603-20191124@144722-Eden.fts -> s3://eden-data/RAW/LOT/2MASS_J0314+1603/2019-11-24/2MASS_J0314+1603-20191124@144722-Eden.fits (156/434)
Storing LOT20191124_mod/2MASS_J0314+1603-20191124@144837-Eden.fts -> s3://eden-data/RAW/LOT/2MASS_J0314+1603/2019-11-24/2MASS_J0314+1603-20191124@144837-Eden.fits (157/434)
Storing LOT20191124_mod/2MASS_J0314+1603-20191124@144953-Eden.fts -> s3://eden-data/RAW/LOT/2MASS_J0314+1603/2019-11-24/2MASS_J0314+1603-20191124@144953-Eden.fits (158/434)
Storing LOT20191124_mod/2MASS_J0314+1603-20191124@145109-Eden.fts -> s3://eden-data/RAW/LOT/2MASS_J0314+1603/2019-11-24/2MASS_J0314+1603-20191124@145109-Eden.fits (159/434)
Storing LOT20191124_mod/2MASS_J0314+1603-20191124@145226-Eden.fts -> s3://eden-data/RAW/LOT/2MASS_J0314+1603/2019-11-24/2MASS_J0314+1603-20191124@145226-Eden.fits (160/434)
Storing LOT20191124_mod/2MASS_J0314+1603-20191124@145343-Eden.fts -> s3://eden-data/RAW/LOT/2MASS_J0314+1603/2019-11-24/2MASS_J0314+1603-20191124@145343-Eden.fits (161/434)
Storing LOT20191124_mod/2MASS_J0314+1603-20191124@145458-Eden.fts -> s3://eden-data/RAW/LOT/2MASS_J0314+1603/2019-11-24/2MASS_J0314+1603-20191124@145458-Eden.fits (162/434)
Storing LOT20191124_mod/2MASS_J0314+1603-20191124@145614-Eden.fts -> s3://eden-data/RAW/LOT/2MASS_J0314+1603/2019-11-24/2MASS_J0314+1603-20191124@145614-Eden.fits (163/434)
Storing LOT20191124_mod/2MASS_J0314+1603-20191124@145731-Eden.fts -> s3://eden-data/RAW/LOT/2MASS_J0314+1603/2019-11-24/2MASS_J0314+1603-20191124@145731-Eden.fits (164/434)
Storing LOT20191124_mod/2MASS_J0314+1603-20191124@145845-Eden.fts -> s3://eden-data/RAW/LOT/2MASS_J0314+1603/2019-11-24/2MASS_J0314+1603-20191124@145845-Eden.fits (165/434)
Storing LOT20191124_mod/2MASS_J0314+1603-20191124@150001-Eden.fts -> s3://eden-data/RAW/LOT/2MASS_J0314+1603/2019-11-24/2MASS_J0314+1603-20191124@150001-Eden.fits (166/434)
Storing LOT20191124_mod/2MASS_J0314+1603-20191124@150115-Eden.fts -> s3://eden-data/RAW/LOT/2MASS_J0314+1603/2019-11-24/2MASS_J0314+1603-20191124@150115-Eden.fits (167/434)
Storing LOT20191124_mod/2MASS_J0314+1603-20191124@150231-Eden.fts -> s3://eden-data/RAW/LOT/2MASS_J0314+1603/2019-11-24/2MASS_J0314+1603-20191124@150231-Eden.fits (168/434)
Storing LOT20191124_mod/2MASS_J0314+1603-20191124@150346-Eden.fts -> s3://eden-data/RAW/LOT/2MASS_J0314+1603/2019-11-24/2MASS_J0314+1603-20191124@150346-Eden.fits (169/434)
Storing LOT20191124_mod/2MASS_J0314+1603-20191124@150501-Eden.fts -> s3://eden-data/RAW/LOT/2MASS_J0314+1603/2019-11-24/2MASS_J0314+1603-20191124@150501-Eden.fits (170/434)
Storing LOT20191124_mod/2MASS_J0314+1603-20191124@150618-Eden.fts -> s3://eden-data/RAW/LOT/2MASS_J0314+1603/2019-11-24/2MASS_J0314+1603-20191124@150618-Eden.fits (171/434)
Storing LOT20191124_mod/2MASS_J0314+1603-20191124@150732-Eden.fts -> s3://eden-data/RAW/LOT/2MASS_J0314+1603/2019-11-24/2MASS_J0314+1603-20191124@150732-Eden.fits (172/434)
Storing LOT20191124_mod/2MASS_J0314+1603-20191124@150846-Eden.fts -> s3://eden-data/RAW/LOT/2MASS_J0314+1603/2019-11-24/2MASS_J0314+1603-20191124@150846-Eden.fits (173/434)
Storing LOT20191124_mod/2MASS_J0314+1603-20191124@151001-Eden.fts -> s3://eden-data/RAW/LOT/2MASS_J0314+1603/2019-11-24/2MASS_J0314+1603-20191124@151001-Eden.fits (174/434)
Storing LOT20191124_mod/2MASS_J0314+1603-20191124@151115-Eden.fts -> s3://eden-data/RAW/LOT/2MASS_J0314+1603/2019-11-24/2MASS_J0314+1603-20191124@151115-Eden.fits (175/434)
Storing LOT20191124_mod/2MASS_J0314+1603-20191124@151230-Eden.fts -> s3://eden-data/RAW/LOT/2MASS_J0314+1603/2019-11-24/2MASS_J0314+1603-20191124@151230-Eden.fits (176/434)
Storing LOT20191124_mod/2MASS_J0314+1603-20191124@151344-Eden.fts -> s3://eden-data/RAW/LOT/2MASS_J0314+1603/2019-11-24/2MASS_J0314+1603-20191124@151344-Eden.fits (177/434)
Storing LOT20191124_mod/2MASS_J0314+1603-20191124@151458-Eden.fts -> s3://eden-data/RAW/LOT/2MASS_J0314+1603/2019-11-24/2MASS_J0314+1603-20191124@151458-Eden.fits (178/434)
Storing LOT20191124_mod/2MASS_J0314+1603-20191124@151615-Eden.fts -> s3://eden-data/RAW/LOT/2MASS_J0314+1603/2019-11-24/2MASS_J0314+1603-20191124@151615-Eden.fits (179/434)
Storing LOT20191124_mod/2MASS_J0314+1603-20191124@151730-Eden.fts -> s3://eden-data/RAW/LOT/2MASS_J0314+1603/2019-11-24/2MASS_J0314+1603-20191124@151730-Eden.fits (180/434)
Storing LOT20191124_mod/2MASS_J0314+1603-20191124@151845-Eden.fts -> s3://eden-data/RAW/LOT/2MASS_J0314+1603/2019-11-24/2MASS_J0314+1603-20191124@151845-Eden.fits (181/434)
Storing LOT20191124_mod/2MASS_J0314+1603-20191124@152002-Eden.fts -> s3://eden-data/RAW/LOT/2MASS_J0314+1603/2019-11-24/2MASS_J0314+1603-20191124@152002-Eden.fits (182/434)
Storing LOT20191124_mod/2MASS_J0314+1603-20191124@152117-Eden.fts -> s3://eden-data/RAW/LOT/2MASS_J0314+1603/2019-11-24/2MASS_J0314+1603-20191124@152117-Eden.fits (183/434)
Storing LOT20191124_mod/2MASS_J0314+1603-20191124@152233-Eden.fts -> s3://eden-data/RAW/LOT/2MASS_J0314+1603/2019-11-24/2MASS_J0314+1603-20191124@152233-Eden.fits (184/434)
Storing LOT20191124_mod/2MASS_J0314+1603-20191124@152348-Eden.fts -> s3://eden-data/RAW/LOT/2MASS_J0314+1603/2019-11-24/2MASS_J0314+1603-20191124@152348-Eden.fits (185/434)
Storing LOT20191124_mod/2MASS_J0314+1603-20191124@152502-Eden.fts -> s3://eden-data/RAW/LOT/2MASS_J0314+1603/2019-11-24/2MASS_J0314+1603-20191124@152502-Eden.fits (186/434)
Storing LOT20191124_mod/2MASS_J0314+1603-20191124@152618-Eden.fts -> s3://eden-data/RAW/LOT/2MASS_J0314+1603/2019-11-24/2MASS_J0314+1603-20191124@152618-Eden.fits (187/434)
Storing LOT20191124_mod/2MASS_J0314+1603-20191124@152733-Eden.fts -> s3://eden-data/RAW/LOT/2MASS_J0314+1603/2019-11-24/2MASS_J0314+1603-20191124@152733-Eden.fits (188/434)
Storing LOT20191124_mod/2MASS_J0314+1603-20191124@152850-Eden.fts -> s3://eden-data/RAW/LOT/2MASS_J0314+1603/2019-11-24/2MASS_J0314+1603-20191124@152850-Eden.fits (189/434)
Storing LOT20191124_mod/2MASS_J0314+1603-20191124@153005-Eden.fts -> s3://eden-data/RAW/LOT/2MASS_J0314+1603/2019-11-24/2MASS_J0314+1603-20191124@153005-Eden.fits (190/434)
Storing LOT20191124_mod/2MASS_J0314+1603-20191124@153119-Eden.fts -> s3://eden-data/RAW/LOT/2MASS_J0314+1603/2019-11-24/2MASS_J0314+1603-20191124@153119-Eden.fits (191/434)
Storing LOT20191124_mod/2MASS_J0314+1603-20191124@153235-Eden.fts -> s3://eden-data/RAW/LOT/2MASS_J0314+1603/2019-11-24/2MASS_J0314+1603-20191124@153235-Eden.fits (192/434)
Storing LOT20191124_mod/2MASS_J0314+1603-20191124@153351-Eden.fts -> s3://eden-data/RAW/LOT/2MASS_J0314+1603/2019-11-24/2MASS_J0314+1603-20191124@153351-Eden.fits (193/434)
Storing LOT20191124_mod/2MASS_J0314+1603-20191124@153506-Eden.fts -> s3://eden-data/RAW/LOT/2MASS_J0314+1603/2019-11-24/2MASS_J0314+1603-20191124@153506-Eden.fits (194/434)
Storing LOT20191124_mod/2MASS_J0314+1603-20191124@153622-Eden.fts -> s3://eden-data/RAW/LOT/2MASS_J0314+1603/2019-11-24/2MASS_J0314+1603-20191124@153622-Eden.fits (195/434)
Storing LOT20191124_mod/2MASS_J0314+1603-20191124@153736-Eden.fts -> s3://eden-data/RAW/LOT/2MASS_J0314+1603/2019-11-24/2MASS_J0314+1603-20191124@153736-Eden.fits (196/434)
Storing LOT20191124_mod/2MASS_J0314+1603-20191124@153852-Eden.fts -> s3://eden-data/RAW/LOT/2MASS_J0314+1603/2019-11-24/2MASS_J0314+1603-20191124@153852-Eden.fits (197/434)
Storing LOT20191124_mod/2MASS_J0314+1603-20191124@154007-Eden.fts -> s3://eden-data/RAW/LOT/2MASS_J0314+1603/2019-11-24/2MASS_J0314+1603-20191124@154007-Eden.fits (198/434)
Storing LOT20191124_mod/2MASS_J0314+1603-20191124@154122-Eden.fts -> s3://eden-data/RAW/LOT/2MASS_J0314+1603/2019-11-24/2MASS_J0314+1603-20191124@154122-Eden.fits (199/434)
Storing LOT20191124_mod/2MASS_J0314+1603-20191124@154237-Eden.fts -> s3://eden-data/RAW/LOT/2MASS_J0314+1603/2019-11-24/2MASS_J0314+1603-20191124@154237-Eden.fits (200/434)
Storing LOT20191124_mod/2MASS_J0314+1603-20191124@154355-Eden.fts -> s3://eden-data/RAW/LOT/2MASS_J0314+1603/2019-11-24/2MASS_J0314+1603-20191124@154355-Eden.fits (201/434)
Storing LOT20191124_mod/2MASS_J0314+1603-20191124@154510-Eden.fts -> s3://eden-data/RAW/LOT/2MASS_J0314+1603/2019-11-24/2MASS_J0314+1603-20191124@154510-Eden.fits (202/434)
Storing LOT20191124_mod/2MASS_J0314+1603-20191124@154627-Eden.fts -> s3://eden-data/RAW/LOT/2MASS_J0314+1603/2019-11-24/2MASS_J0314+1603-20191124@154627-Eden.fits (203/434)
Storing LOT20191124_mod/2MASS_J0314+1603-20191124@154742-Eden.fts -> s3://eden-data/RAW/LOT/2MASS_J0314+1603/2019-11-24/2MASS_J0314+1603-20191124@154742-Eden.fits (204/434)
Storing LOT20191124_mod/2MASS_J0314+1603-20191124@154858-Eden.fts -> s3://eden-data/RAW/LOT/2MASS_J0314+1603/2019-11-24/2MASS_J0314+1603-20191124@154858-Eden.fits (205/434)
Storing LOT20191124_mod/2MASS_J0314+1603-20191124@155013-Eden.fts -> s3://eden-data/RAW/LOT/2MASS_J0314+1603/2019-11-24/2MASS_J0314+1603-20191124@155013-Eden.fits (206/434)
Storing LOT20191124_mod/2MASS_J0314+1603-20191124@155128-Eden.fts -> s3://eden-data/RAW/LOT/2MASS_J0314+1603/2019-11-24/2MASS_J0314+1603-20191124@155128-Eden.fits (207/434)
Storing LOT20191124_mod/2MASS_J0314+1603-20191124@155244-Eden.fts -> s3://eden-data/RAW/LOT/2MASS_J0314+1603/2019-11-24/2MASS_J0314+1603-20191124@155244-Eden.fits (208/434)
Storing LOT20191124_mod/2MASS_J0314+1603-20191124@155358-Eden.fts -> s3://eden-data/RAW/LOT/2MASS_J0314+1603/2019-11-24/2MASS_J0314+1603-20191124@155358-Eden.fits (209/434)
Storing LOT20191124_mod/2MASS_J0314+1603-20191124@155513-Eden.fts -> s3://eden-data/RAW/LOT/2MASS_J0314+1603/2019-11-24/2MASS_J0314+1603-20191124@155513-Eden.fits (210/434)
Storing LOT20191124_mod/2MASS_J0314+1603-20191124@155632-Eden.fts -> s3://eden-data/RAW/LOT/2MASS_J0314+1603/2019-11-24/2MASS_J0314+1603-20191124@155632-Eden.fits (211/434)
Storing LOT20191124_mod/2MASS_J0314+1603-20191124@155747-Eden.fts -> s3://eden-data/RAW/LOT/2MASS_J0314+1603/2019-11-24/2MASS_J0314+1603-20191124@155747-Eden.fits (212/434)
Storing LOT20191124_mod/2MASS_J0314+1603-20191124@155903-Eden.fts -> s3://eden-data/RAW/LOT/2MASS_J0314+1603/2019-11-24/2MASS_J0314+1603-20191124@155903-Eden.fits (213/434)
Storing LOT20191124_mod/2MASS_J0314+1603-20191124@160018-Eden.fts -> s3://eden-data/RAW/LOT/2MASS_J0314+1603/2019-11-24/2MASS_J0314+1603-20191124@160018-Eden.fits (214/434)
Storing LOT20191124_mod/2MASS_J0314+1603-20191124@160132-Eden.fts -> s3://eden-data/RAW/LOT/2MASS_J0314+1603/2019-11-24/2MASS_J0314+1603-20191124@160132-Eden.fits (215/434)
Storing LOT20191124_mod/2MASS_J0314+1603-20191124@160247-Eden.fts -> s3://eden-data/RAW/LOT/2MASS_J0314+1603/2019-11-24/2MASS_J0314+1603-20191124@160247-Eden.fits (216/434)
Storing LOT20191124_mod/2MASS_J0314+1603-20191124@160402-Eden.fts -> s3://eden-data/RAW/LOT/2MASS_J0314+1603/2019-11-24/2MASS_J0314+1603-20191124@160402-Eden.fits (217/434)
Storing LOT20191124_mod/2MASS_J0314+1603-20191124@160517-Eden.fts -> s3://eden-data/RAW/LOT/2MASS_J0314+1603/2019-11-24/2MASS_J0314+1603-20191124@160517-Eden.fits (218/434)
Storing LOT20191124_mod/2MASS_J0314+1603-20191124@160633-Eden.fts -> s3://eden-data/RAW/LOT/2MASS_J0314+1603/2019-11-24/2MASS_J0314+1603-20191124@160633-Eden.fits (219/434)
Storing LOT20191124_mod/2MASS_J0314+1603-20191124@160748-Eden.fts -> s3://eden-data/RAW/LOT/2MASS_J0314+1603/2019-11-24/2MASS_J0314+1603-20191124@160748-Eden.fits (220/434)
Storing LOT20191124_mod/2MASS_J0314+1603-20191124@160904-Eden.fts -> s3://eden-data/RAW/LOT/2MASS_J0314+1603/2019-11-24/2MASS_J0314+1603-20191124@160904-Eden.fits (221/434)
Storing LOT20191124_mod/2MASS_J0314+1603-20191124@161020-Eden.fts -> s3://eden-data/RAW/LOT/2MASS_J0314+1603/2019-11-24/2MASS_J0314+1603-20191124@161020-Eden.fits (222/434)
Storing LOT20191124_mod/2MASS_J0314+1603-20191124@161134-Eden.fts -> s3://eden-data/RAW/LOT/2MASS_J0314+1603/2019-11-24/2MASS_J0314+1603-20191124@161134-Eden.fits (223/434)
Storing LOT20191124_mod/2MASS_J0314+1603-20191124@161250-Eden.fts -> s3://eden-data/RAW/LOT/2MASS_J0314+1603/2019-11-24/2MASS_J0314+1603-20191124@161250-Eden.fits (224/434)
Storing LOT20191124_mod/2MASS_J0314+1603-20191124@161407-Eden.fts -> s3://eden-data/RAW/LOT/2MASS_J0314+1603/2019-11-24/2MASS_J0314+1603-20191124@161407-Eden.fits (225/434)
Storing LOT20191124_mod/2MASS_J0314+1603-20191124@161521-Eden.fts -> s3://eden-data/RAW/LOT/2MASS_J0314+1603/2019-11-24/2MASS_J0314+1603-20191124@161521-Eden.fits (226/434)
Storing LOT20191124_mod/2MASS_J0314+1603-20191124@161637-Eden.fts -> s3://eden-data/RAW/LOT/2MASS_J0314+1603/2019-11-24/2MASS_J0314+1603-20191124@161637-Eden.fits (227/434)
Storing LOT20191124_mod/2MASS_J0314+1603-20191124@161752-Eden.fts -> s3://eden-data/RAW/LOT/2MASS_J0314+1603/2019-11-24/2MASS_J0314+1603-20191124@161752-Eden.fits (228/434)
Storing LOT20191124_mod/2MASS_J0314+1603-20191124@161907-Eden.fts -> s3://eden-data/RAW/LOT/2MASS_J0314+1603/2019-11-24/2MASS_J0314+1603-20191124@161907-Eden.fits (229/434)
Storing LOT20191124_mod/2MASS_J0314+1603-20191124@162022-Eden.fts -> s3://eden-data/RAW/LOT/2MASS_J0314+1603/2019-11-24/2MASS_J0314+1603-20191124@162022-Eden.fits (230/434)
Storing LOT20191124_mod/2MASS_J0314+1603-20191124@162137-Eden.fts -> s3://eden-data/RAW/LOT/2MASS_J0314+1603/2019-11-24/2MASS_J0314+1603-20191124@162137-Eden.fits (231/434)
Storing LOT20191124_mod/2MASS_J0314+1603-20191124@162252-Eden.fts -> s3://eden-data/RAW/LOT/2MASS_J0314+1603/2019-11-24/2MASS_J0314+1603-20191124@162252-Eden.fits (232/434)
Storing LOT20191124_mod/2MASS_J0314+1603-20191124@162407-Eden.fts -> s3://eden-data/RAW/LOT/2MASS_J0314+1603/2019-11-24/2MASS_J0314+1603-20191124@162407-Eden.fits (233/434)
Storing LOT20191124_mod/2MASS_J0314+1603-20191124@162523-Eden.fts -> s3://eden-data/RAW/LOT/2MASS_J0314+1603/2019-11-24/2MASS_J0314+1603-20191124@162523-Eden.fits (234/434)
Storing LOT20191124_mod/2MASS_J0314+1603-20191124@162639-Eden.fts -> s3://eden-data/RAW/LOT/2MASS_J0314+1603/2019-11-24/2MASS_J0314+1603-20191124@162639-Eden.fits (235/434)
Storing LOT20191124_mod/2MASS_J0314+1603-20191124@162756-Eden.fts -> s3://eden-data/RAW/LOT/2MASS_J0314+1603/2019-11-24/2MASS_J0314+1603-20191124@162756-Eden.fits (236/434)
Storing LOT20191124_mod/2MASS_J0314+1603-20191124@162911-Eden.fts -> s3://eden-data/RAW/LOT/2MASS_J0314+1603/2019-11-24/2MASS_J0314+1603-20191124@162911-Eden.fits (237/434)
Storing LOT20191124_mod/2MASS_J0314+1603-20191124@163026-Eden.fts -> s3://eden-data/RAW/LOT/2MASS_J0314+1603/2019-11-24/2MASS_J0314+1603-20191124@163026-Eden.fits (238/434)
Storing LOT20191124_mod/2MASS_J0314+1603-20191124@163144-Eden.fts -> s3://eden-data/RAW/LOT/2MASS_J0314+1603/2019-11-24/2MASS_J0314+1603-20191124@163144-Eden.fits (239/434)
Storing LOT20191124_mod/2MASS_J0314+1603-20191124@163300-Eden.fts -> s3://eden-data/RAW/LOT/2MASS_J0314+1603/2019-11-24/2MASS_J0314+1603-20191124@163300-Eden.fits (240/434)
Storing LOT20191124_mod/2MASS_J0314+1603-20191124@163414-Eden.fts -> s3://eden-data/RAW/LOT/2MASS_J0314+1603/2019-11-24/2MASS_J0314+1603-20191124@163414-Eden.fits (241/434)
Storing LOT20191124_mod/2MASS_J0314+1603-20191124@163529-Eden.fts -> s3://eden-data/RAW/LOT/2MASS_J0314+1603/2019-11-24/2MASS_J0314+1603-20191124@163529-Eden.fits (242/434)
Storing LOT20191124_mod/2MASS_J0314+1603-20191124@163645-Eden.fts -> s3://eden-data/RAW/LOT/2MASS_J0314+1603/2019-11-24/2MASS_J0314+1603-20191124@163645-Eden.fits (243/434)
Storing LOT20191124_mod/2MASS_J0314+1603-20191124@163800-Eden.fts -> s3://eden-data/RAW/LOT/2MASS_J0314+1603/2019-11-24/2MASS_J0314+1603-20191124@163800-Eden.fits (244/434)
Storing LOT20191124_mod/2MASS_J0314+1603-20191124@163914-Eden.fts -> s3://eden-data/RAW/LOT/2MASS_J0314+1603/2019-11-24/2MASS_J0314+1603-20191124@163914-Eden.fits (245/434)
Storing LOT20191124_mod/2MASS_J0314+1603-20191124@164030-Eden.fts -> s3://eden-data/RAW/LOT/2MASS_J0314+1603/2019-11-24/2MASS_J0314+1603-20191124@164030-Eden.fits (246/434)
Storing LOT20191124_mod/2MASS_J0314+1603-20191124@164147-Eden.fts -> s3://eden-data/RAW/LOT/2MASS_J0314+1603/2019-11-24/2MASS_J0314+1603-20191124@164147-Eden.fits (247/434)
Storing LOT20191124_mod/2MASS_J0314+1603-20191124@164302-Eden.fts -> s3://eden-data/RAW/LOT/2MASS_J0314+1603/2019-11-24/2MASS_J0314+1603-20191124@164302-Eden.fits (248/434)
Storing LOT20191124_mod/2MASS_J0314+1603-20191124@164418-Eden.fts -> s3://eden-data/RAW/LOT/2MASS_J0314+1603/2019-11-24/2MASS_J0314+1603-20191124@164418-Eden.fits (249/434)
Storing LOT20191124_mod/2MASS_J0314+1603-20191124@164534-Eden.fts -> s3://eden-data/RAW/LOT/2MASS_J0314+1603/2019-11-24/2MASS_J0314+1603-20191124@164534-Eden.fits (250/434)
Storing LOT20191124_mod/2MASS_J0314+1603-20191124@164649-Eden.fts -> s3://eden-data/RAW/LOT/2MASS_J0314+1603/2019-11-24/2MASS_J0314+1603-20191124@164649-Eden.fits (251/434)
Storing LOT20191124_mod/2MASS_J0314+1603-20191124@164804-Eden.fts -> s3://eden-data/RAW/LOT/2MASS_J0314+1603/2019-11-24/2MASS_J0314+1603-20191124@164804-Eden.fits (252/434)
Storing LOT20191124_mod/2MASS_J0314+1603-20191124@164920-Eden.fts -> s3://eden-data/RAW/LOT/2MASS_J0314+1603/2019-11-24/2MASS_J0314+1603-20191124@164920-Eden.fits (253/434)
Storing LOT20191124_mod/2MASS_J0314+1603-20191124@165035-Eden.fts -> s3://eden-data/RAW/LOT/2MASS_J0314+1603/2019-11-24/2MASS_J0314+1603-20191124@165035-Eden.fits (254/434)
Storing LOT20191124_mod/2MASS_J0314+1603-20191124@165150-Eden.fts -> s3://eden-data/RAW/LOT/2MASS_J0314+1603/2019-11-24/2MASS_J0314+1603-20191124@165150-Eden.fits (255/434)
Storing LOT20191124_mod/2MASS_J0314+1603-20191124@165305-Eden.fts -> s3://eden-data/RAW/LOT/2MASS_J0314+1603/2019-11-24/2MASS_J0314+1603-20191124@165305-Eden.fits (256/434)
Storing LOT20191124_mod/2MASS_J0314+1603-20191124@165420-Eden.fts -> s3://eden-data/RAW/LOT/2MASS_J0314+1603/2019-11-24/2MASS_J0314+1603-20191124@165420-Eden.fits (257/434)
Storing LOT20191124_mod/2MASS_J0314+1603-20191124@165535-Eden.fts -> s3://eden-data/RAW/LOT/2MASS_J0314+1603/2019-11-24/2MASS_J0314+1603-20191124@165535-Eden.fits (258/434)
Storing LOT20191124_mod/2MASS_J0314+1603-20191124@165649-Eden.fts -> s3://eden-data/RAW/LOT/2MASS_J0314+1603/2019-11-24/2MASS_J0314+1603-20191124@165649-Eden.fits (259/434)
Storing LOT20191124_mod/2MASS_J0314+1603-20191124@165803-Eden.fts -> s3://eden-data/RAW/LOT/2MASS_J0314+1603/2019-11-24/2MASS_J0314+1603-20191124@165803-Eden.fits (260/434)
Storing LOT20191124_mod/2MASS_J0314+1603-20191124@165919-Eden.fts -> s3://eden-data/RAW/LOT/2MASS_J0314+1603/2019-11-24/2MASS_J0314+1603-20191124@165919-Eden.fits (261/434)
Storing LOT20191124_mod/2MASS_J0314+1603-20191124@170035-Eden.fts -> s3://eden-data/RAW/LOT/2MASS_J0314+1603/2019-11-24/2MASS_J0314+1603-20191124@170035-Eden.fits (262/434)
Storing LOT20191124_mod/2MASS_J0314+1603-20191124@170148-Eden.fts -> s3://eden-data/RAW/LOT/2MASS_J0314+1603/2019-11-24/2MASS_J0314+1603-20191124@170148-Eden.fits (263/434)
Storing LOT20191124_mod/2MASS_J0314+1603-20191124@170303-Eden.fts -> s3://eden-data/RAW/LOT/2MASS_J0314+1603/2019-11-24/2MASS_J0314+1603-20191124@170303-Eden.fits (264/434)
Storing LOT20191124_mod/2MASS_J0314+1603-20191124@170422-Eden.fts -> s3://eden-data/RAW/LOT/2MASS_J0314+1603/2019-11-24/2MASS_J0314+1603-20191124@170422-Eden.fits (265/434)
Storing LOT20191124_mod/2MASS_J0314+1603-20191124@170537-Eden.fts -> s3://eden-data/RAW/LOT/2MASS_J0314+1603/2019-11-24/2MASS_J0314+1603-20191124@170537-Eden.fits (266/434)
Storing LOT20191124_mod/2MASS_J0314+1603-20191124@170653-Eden.fts -> s3://eden-data/RAW/LOT/2MASS_J0314+1603/2019-11-24/2MASS_J0314+1603-20191124@170653-Eden.fits (267/434)
Storing LOT20191124_mod/2MASS_J0314+1603-20191124@170810-Eden.fts -> s3://eden-data/RAW/LOT/2MASS_J0314+1603/2019-11-24/2MASS_J0314+1603-20191124@170810-Eden.fits (268/434)
Storing LOT20191124_mod/2MASS_J0314+1603-20191124@170926-Eden.fts -> s3://eden-data/RAW/LOT/2MASS_J0314+1603/2019-11-24/2MASS_J0314+1603-20191124@170926-Eden.fits (269/434)
Storing LOT20191124_mod/2MASS_J0314+1603-20191124@171040-Eden.fts -> s3://eden-data/RAW/LOT/2MASS_J0314+1603/2019-11-24/2MASS_J0314+1603-20191124@171040-Eden.fits (270/434)
Storing LOT20191124_mod/2MASS_J0314+1603-20191124@171156-Eden.fts -> s3://eden-data/RAW/LOT/2MASS_J0314+1603/2019-11-24/2MASS_J0314+1603-20191124@171156-Eden.fits (271/434)
Storing LOT20191124_mod/2MASS_J0314+1603-20191124@171311-Eden.fts -> s3://eden-data/RAW/LOT/2MASS_J0314+1603/2019-11-24/2MASS_J0314+1603-20191124@171311-Eden.fits (272/434)
Storing LOT20191124_mod/2MASS_J0314+1603-20191124@171426-Eden.fts -> s3://eden-data/RAW/LOT/2MASS_J0314+1603/2019-11-24/2MASS_J0314+1603-20191124@171426-Eden.fits (273/434)
Storing LOT20191124_mod/2MASS_J0314+1603-20191124@171541-Eden.fts -> s3://eden-data/RAW/LOT/2MASS_J0314+1603/2019-11-24/2MASS_J0314+1603-20191124@171541-Eden.fits (274/434)
Storing LOT20191124_mod/2MASS_J0314+1603-20191124@171655-Eden.fts -> s3://eden-data/RAW/LOT/2MASS_J0314+1603/2019-11-24/2MASS_J0314+1603-20191124@171655-Eden.fits (275/434)
Storing LOT20191124_mod/2MASS_J0314+1603-20191124@171810-Eden.fts -> s3://eden-data/RAW/LOT/2MASS_J0314+1603/2019-11-24/2MASS_J0314+1603-20191124@171810-Eden.fits (276/434)
Storing LOT20191124_mod/2MASS_J0314+1603-20191124@171928-Eden.fts -> s3://eden-data/RAW/LOT/2MASS_J0314+1603/2019-11-24/2MASS_J0314+1603-20191124@171928-Eden.fits (277/434)
Storing LOT20191124_mod/2MASS_J0314+1603-20191124@172042-Eden.fts -> s3://eden-data/RAW/LOT/2MASS_J0314+1603/2019-11-24/2MASS_J0314+1603-20191124@172042-Eden.fits (278/434)
Storing LOT20191124_mod/2MASS_J0314+1603-20191124@172159-Eden.fts -> s3://eden-data/RAW/LOT/2MASS_J0314+1603/2019-11-24/2MASS_J0314+1603-20191124@172159-Eden.fits (279/434)
Storing LOT20191124_mod/2MASS_J0314+1603-20191124@172314-Eden.fts -> s3://eden-data/RAW/LOT/2MASS_J0314+1603/2019-11-24/2MASS_J0314+1603-20191124@172314-Eden.fits (280/434)
Storing LOT20191124_mod/2MASS_J0314+1603-20191124@172429-Eden.fts -> s3://eden-data/RAW/LOT/2MASS_J0314+1603/2019-11-24/2MASS_J0314+1603-20191124@172429-Eden.fits (281/434)
Storing LOT20191124_mod/2MASS_J0314+1603-20191124@172545-Eden.fts -> s3://eden-data/RAW/LOT/2MASS_J0314+1603/2019-11-24/2MASS_J0314+1603-20191124@172545-Eden.fits (282/434)
Storing LOT20191124_mod/2MASS_J0314+1603-20191124@172700-Eden.fts -> s3://eden-data/RAW/LOT/2MASS_J0314+1603/2019-11-24/2MASS_J0314+1603-20191124@172700-Eden.fits (283/434)
Storing LOT20191124_mod/2MASS_J0314+1603-20191124@172815-Eden.fts -> s3://eden-data/RAW/LOT/2MASS_J0314+1603/2019-11-24/2MASS_J0314+1603-20191124@172815-Eden.fits (284/434)
Storing LOT20191124_mod/2MASS_J0314+1603-20191124@172931-Eden.fts -> s3://eden-data/RAW/LOT/2MASS_J0314+1603/2019-11-24/2MASS_J0314+1603-20191124@172931-Eden.fits (285/434)
Storing LOT20191124_mod/2MASS_J0314+1603-20191124@173048-Eden.fts -> s3://eden-data/RAW/LOT/2MASS_J0314+1603/2019-11-24/2MASS_J0314+1603-20191124@173048-Eden.fits (286/434)
Storing LOT20191124_mod/2MASS_J0314+1603-20191124@173205-Eden.fts -> s3://eden-data/RAW/LOT/2MASS_J0314+1603/2019-11-24/2MASS_J0314+1603-20191124@173205-Eden.fits (287/434)
Storing LOT20191124_mod/2MASS_J0314+1603-20191124@173319-Eden.fts -> s3://eden-data/RAW/LOT/2MASS_J0314+1603/2019-11-24/2MASS_J0314+1603-20191124@173319-Eden.fits (288/434)
Storing LOT20191124_mod/2MASS_J0314+1603-20191124@173434-Eden.fts -> s3://eden-data/RAW/LOT/2MASS_J0314+1603/2019-11-24/2MASS_J0314+1603-20191124@173434-Eden.fits (289/434)
Storing LOT20191124_mod/2MASS_J0314+1603-20191124@173550-Eden.fts -> s3://eden-data/RAW/LOT/2MASS_J0314+1603/2019-11-24/2MASS_J0314+1603-20191124@173550-Eden.fits (290/434)
Storing LOT20191124_mod/2MASS_J0314+1603-20191124@173707-Eden.fts -> s3://eden-data/RAW/LOT/2MASS_J0314+1603/2019-11-24/2MASS_J0314+1603-20191124@173707-Eden.fits (291/434)
Storing LOT20191124_mod/2MASS_J0314+1603-20191124@173823-Eden.fts -> s3://eden-data/RAW/LOT/2MASS_J0314+1603/2019-11-24/2MASS_J0314+1603-20191124@173823-Eden.fits (292/434)
Storing LOT20191124_mod/2MASS_J0314+1603-20191124@173938-Eden.fts -> s3://eden-data/RAW/LOT/2MASS_J0314+1603/2019-11-24/2MASS_J0314+1603-20191124@173938-Eden.fits (293/434)
Storing LOT20191124_mod/2MASS_J0314+1603-20191124@174052-Eden.fts -> s3://eden-data/RAW/LOT/2MASS_J0314+1603/2019-11-24/2MASS_J0314+1603-20191124@174052-Eden.fits (294/434)
Storing LOT20191124_mod/2MASS_J0314+1603-20191124@174209-Eden.fts -> s3://eden-data/RAW/LOT/2MASS_J0314+1603/2019-11-24/2MASS_J0314+1603-20191124@174209-Eden.fits (295/434)
Storing LOT20191124_mod/2MASS_J0314+1603-20191124@174324-Eden.fts -> s3://eden-data/RAW/LOT/2MASS_J0314+1603/2019-11-24/2MASS_J0314+1603-20191124@174324-Eden.fits (296/434)
Storing LOT20191124_mod/2MASS_J0314+1603-20191124@174440-Eden.fts -> s3://eden-data/RAW/LOT/2MASS_J0314+1603/2019-11-24/2MASS_J0314+1603-20191124@174440-Eden.fits (297/434)
Storing LOT20191124_mod/2MASS_J0314+1603-20191124@174556-Eden.fts -> s3://eden-data/RAW/LOT/2MASS_J0314+1603/2019-11-24/2MASS_J0314+1603-20191124@174556-Eden.fits (298/434)
Storing LOT20191124_mod/2MASS_J0314+1603-20191124@174712-Eden.fts -> s3://eden-data/RAW/LOT/2MASS_J0314+1603/2019-11-24/2MASS_J0314+1603-20191124@174712-Eden.fits (299/434)
Storing LOT20191124_mod/2MASS_J0314+1603-20191124@174828-Eden.fts -> s3://eden-data/RAW/LOT/2MASS_J0314+1603/2019-11-24/2MASS_J0314+1603-20191124@174828-Eden.fits (300/434)
Storing LOT20191124_mod/2MASS_J0314+1603-20191124@174945-Eden.fts -> s3://eden-data/RAW/LOT/2MASS_J0314+1603/2019-11-24/2MASS_J0314+1603-20191124@174945-Eden.fits (301/434)
Storing LOT20191124_mod/2MASS_J0314+1603-20191124@175102-Eden.fts -> s3://eden-data/RAW/LOT/2MASS_J0314+1603/2019-11-24/2MASS_J0314+1603-20191124@175102-Eden.fits (302/434)
Storing LOT20191124_mod/2MASS_J0314+1603-20191124@175216-Eden.fts -> s3://eden-data/RAW/LOT/2MASS_J0314+1603/2019-11-24/2MASS_J0314+1603-20191124@175216-Eden.fits (303/434)
Storing LOT20191124_mod/2MASS_J0314+1603-20191124@175332-Eden.fts -> s3://eden-data/RAW/LOT/2MASS_J0314+1603/2019-11-24/2MASS_J0314+1603-20191124@175332-Eden.fits (304/434)
Storing LOT20191124_mod/2MASS_J0314+1603-20191124@175448-Eden.fts -> s3://eden-data/RAW/LOT/2MASS_J0314+1603/2019-11-24/2MASS_J0314+1603-20191124@175448-Eden.fits (305/434)
Storing LOT20191124_mod/2MASS_J0314+1603-20191124@175603-Eden.fts -> s3://eden-data/RAW/LOT/2MASS_J0314+1603/2019-11-24/2MASS_J0314+1603-20191124@175603-Eden.fits (306/434)
Storing LOT20191124_mod/2MASS_J0314+1603-20191124@175718-Eden.fts -> s3://eden-data/RAW/LOT/2MASS_J0314+1603/2019-11-24/2MASS_J0314+1603-20191124@175718-Eden.fits (307/434)
Storing LOT20191124_mod/2MASS_J0314+1603-20191124@175834-Eden.fts -> s3://eden-data/RAW/LOT/2MASS_J0314+1603/2019-11-24/2MASS_J0314+1603-20191124@175834-Eden.fits (308/434)
Storing LOT20191124_mod/2MASS_J0314+1603-20191124@175951-Eden.fts -> s3://eden-data/RAW/LOT/2MASS_J0314+1603/2019-11-24/2MASS_J0314+1603-20191124@175951-Eden.fits (309/434)
Storing LOT20191124_mod/2MASS_J0314+1603-20191124@180105-Eden.fts -> s3://eden-data/RAW/LOT/2MASS_J0314+1603/2019-11-24/2MASS_J0314+1603-20191124@180105-Eden.fits (310/434)
Storing LOT20191124_mod/2MASS_J0314+1603-20191124@180221-Eden.fts -> s3://eden-data/RAW/LOT/2MASS_J0314+1603/2019-11-24/2MASS_J0314+1603-20191124@180221-Eden.fits (311/434)
Storing LOT20191124_mod/2MASS_J0314+1603-20191124@180337-Eden.fts -> s3://eden-data/RAW/LOT/2MASS_J0314+1603/2019-11-24/2MASS_J0314+1603-20191124@180337-Eden.fits (312/434)
Storing LOT20191124_mod/2MASS_J0314+1603-20191124@180456-Eden.fts -> s3://eden-data/RAW/LOT/2MASS_J0314+1603/2019-11-24/2MASS_J0314+1603-20191124@180456-Eden.fits (313/434)
Storing LOT20191124_mod/2MASS_J0314+1603-20191124@180610-Eden.fts -> s3://eden-data/RAW/LOT/2MASS_J0314+1603/2019-11-24/2MASS_J0314+1603-20191124@180610-Eden.fits (314/434)
Storing LOT20191124_mod/2MASS_J0314+1603-20191124@180726-Eden.fts -> s3://eden-data/RAW/LOT/2MASS_J0314+1603/2019-11-24/2MASS_J0314+1603-20191124@180726-Eden.fits (315/434)
Storing LOT20191124_mod/2MASS_J0314+1603-20191124@180841-Eden.fts -> s3://eden-data/RAW/LOT/2MASS_J0314+1603/2019-11-24/2MASS_J0314+1603-20191124@180841-Eden.fits (316/434)
Storing LOT20191124_mod/2MASS_J0314+1603-20191124@180955-Eden.fts -> s3://eden-data/RAW/LOT/2MASS_J0314+1603/2019-11-24/2MASS_J0314+1603-20191124@180955-Eden.fits (317/434)
Storing LOT20191124_mod/2MASS_J0314+1603-20191124@181109-Eden.fts -> s3://eden-data/RAW/LOT/2MASS_J0314+1603/2019-11-24/2MASS_J0314+1603-20191124@181109-Eden.fits (318/434)
Storing LOT20191124_mod/2MASS_J0314+1603-20191124@181225-Eden.fts -> s3://eden-data/RAW/LOT/2MASS_J0314+1603/2019-11-24/2MASS_J0314+1603-20191124@181225-Eden.fits (319/434)
Storing LOT20191124_mod/2MASS_J0314+1603-20191124@181341-Eden.fts -> s3://eden-data/RAW/LOT/2MASS_J0314+1603/2019-11-24/2MASS_J0314+1603-20191124@181341-Eden.fits (320/434)
Storing LOT20191124_mod/2MASS_J0314+1603-20191124@181454-Eden.fts -> s3://eden-data/RAW/LOT/2MASS_J0314+1603/2019-11-24/2MASS_J0314+1603-20191124@181454-Eden.fits (321/434)
Storing LOT20191124_mod/2MASS_J0314+1603-20191124@181610-Eden.fts -> s3://eden-data/RAW/LOT/2MASS_J0314+1603/2019-11-24/2MASS_J0314+1603-20191124@181610-Eden.fits (322/434)
Storing LOT20191124_mod/2MASS_J0314+1603-20191124@181727-Eden.fts -> s3://eden-data/RAW/LOT/2MASS_J0314+1603/2019-11-24/2MASS_J0314+1603-20191124@181727-Eden.fits (323/434)
Storing LOT20191124_mod/2MASS_J0314+1603-20191124@181844-Eden.fts -> s3://eden-data/RAW/LOT/2MASS_J0314+1603/2019-11-24/2MASS_J0314+1603-20191124@181844-Eden.fits (324/434)
Storing LOT20191124_mod/2MASS_J0314+1603-20191124@181957-Eden.fts -> s3://eden-data/RAW/LOT/2MASS_J0314+1603/2019-11-24/2MASS_J0314+1603-20191124@181957-Eden.fits (325/434)
Storing LOT20191124_mod/2MASS_J0314+1603-20191124@182112-Eden.fts -> s3://eden-data/RAW/LOT/2MASS_J0314+1603/2019-11-24/2MASS_J0314+1603-20191124@182112-Eden.fits (326/434)
Storing LOT20191124_mod/2MASS_J0314+1603-20191124@182228-Eden.fts -> s3://eden-data/RAW/LOT/2MASS_J0314+1603/2019-11-24/2MASS_J0314+1603-20191124@182228-Eden.fits (327/434)
Storing LOT20191124_mod/2MASS_J0314+1603-20191124@182343-Eden.fts -> s3://eden-data/RAW/LOT/2MASS_J0314+1603/2019-11-24/2MASS_J0314+1603-20191124@182343-Eden.fits (328/434)
Storing LOT20191124_mod/2MASS_J0314+1603-20191124@182459-Eden.fts -> s3://eden-data/RAW/LOT/2MASS_J0314+1603/2019-11-24/2MASS_J0314+1603-20191124@182459-Eden.fits (329/434)
Storing LOT20191124_mod/2MASS_J0314+1603-20191124@182614-Eden.fts -> s3://eden-data/RAW/LOT/2MASS_J0314+1603/2019-11-24/2MASS_J0314+1603-20191124@182614-Eden.fits (330/434)
Storing LOT20191124_mod/2MASS_J0314+1603-20191124@182731-Eden.fts -> s3://eden-data/RAW/LOT/2MASS_J0314+1603/2019-11-24/2MASS_J0314+1603-20191124@182731-Eden.fits (331/434)
Storing LOT20191124_mod/2MASS_J0314+1603-20191124@182847-Eden.fts -> s3://eden-data/RAW/LOT/2MASS_J0314+1603/2019-11-24/2MASS_J0314+1603-20191124@182847-Eden.fits (332/434)
Storing LOT20191124_mod/2MASS_J0314+1603-20191124@183003-Eden.fts -> s3://eden-data/RAW/LOT/2MASS_J0314+1603/2019-11-24/2MASS_J0314+1603-20191124@183003-Eden.fits (333/434)
Storing LOT20191124_mod/2MASS_J0314+1603-20191124@183118-Eden.fts -> s3://eden-data/RAW/LOT/2MASS_J0314+1603/2019-11-24/2MASS_J0314+1603-20191124@183118-Eden.fits (334/434)
Storing LOT20191124_mod/2MASS_J0314+1603-20191124@183234-Eden.fts -> s3://eden-data/RAW/LOT/2MASS_J0314+1603/2019-11-24/2MASS_J0314+1603-20191124@183234-Eden.fits (335/434)
Storing LOT20191124_mod/2MASS_J0314+1603-20191124@183351-Eden.fts -> s3://eden-data/RAW/LOT/2MASS_J0314+1603/2019-11-24/2MASS_J0314+1603-20191124@183351-Eden.fits (336/434)
Storing LOT20191124_mod/2MASS_J0314+1603-20191124@183505-Eden.fts -> s3://eden-data/RAW/LOT/2MASS_J0314+1603/2019-11-24/2MASS_J0314+1603-20191124@183505-Eden.fits (337/434)
Storing LOT20191124_mod/2MASS_J0314+1603-20191124@183621-Eden.fts -> s3://eden-data/RAW/LOT/2MASS_J0314+1603/2019-11-24/2MASS_J0314+1603-20191124@183621-Eden.fits (338/434)
Storing LOT20191124_mod/2MASS_J0314+1603-20191124@183735-Eden.fts -> s3://eden-data/RAW/LOT/2MASS_J0314+1603/2019-11-24/2MASS_J0314+1603-20191124@183735-Eden.fits (339/434)
Storing LOT20191124_mod/2MASS_J0314+1603-20191124@183850-Eden.fts -> s3://eden-data/RAW/LOT/2MASS_J0314+1603/2019-11-24/2MASS_J0314+1603-20191124@183850-Eden.fits (340/434)
Storing LOT20191124_mod/2MASS_J0314+1603-20191124@184003-Eden.fts -> s3://eden-data/RAW/LOT/2MASS_J0314+1603/2019-11-24/2MASS_J0314+1603-20191124@184003-Eden.fits (341/434)
Storing LOT20191124_mod/2MASS_J0314+1603-20191124@184121-Eden.fts -> s3://eden-data/RAW/LOT/2MASS_J0314+1603/2019-11-24/2MASS_J0314+1603-20191124@184121-Eden.fits (342/434)
Storing LOT20191124_mod/2MASS_J0314+1603-20191124@184236-Eden.fts -> s3://eden-data/RAW/LOT/2MASS_J0314+1603/2019-11-24/2MASS_J0314+1603-20191124@184236-Eden.fits (343/434)
Storing LOT20191124_mod/2MASS_J0314+1603-20191124@184351-Eden.fts -> s3://eden-data/RAW/LOT/2MASS_J0314+1603/2019-11-24/2MASS_J0314+1603-20191124@184351-Eden.fits (344/434)
Storing LOT20191124_mod/2MASS_J0314+1603-20191124@184506-Eden.fts -> s3://eden-data/RAW/LOT/2MASS_J0314+1603/2019-11-24/2MASS_J0314+1603-20191124@184506-Eden.fits (345/434)
Storing LOT20191124_mod/2MASS_J0314+1603-20191124@184620-Eden.fts -> s3://eden-data/RAW/LOT/2MASS_J0314+1603/2019-11-24/2MASS_J0314+1603-20191124@184620-Eden.fits (346/434)
Storing LOT20191124_mod/2MASS_J0314+1603-20191124@184735-Eden.fts -> s3://eden-data/RAW/LOT/2MASS_J0314+1603/2019-11-24/2MASS_J0314+1603-20191124@184735-Eden.fits (347/434)
Storing LOT20191124_mod/2MASS_J0314+1603-20191124@184850-Eden.fts -> s3://eden-data/RAW/LOT/2MASS_J0314+1603/2019-11-24/2MASS_J0314+1603-20191124@184850-Eden.fits (348/434)
Storing LOT20191124_mod/2MASS_J0314+1603-20191124@185004-Eden.fts -> s3://eden-data/RAW/LOT/2MASS_J0314+1603/2019-11-24/2MASS_J0314+1603-20191124@185004-Eden.fits (349/434)
Storing LOT20191124_mod/2MASS_J0314+1603-20191124@185119-Eden.fts -> s3://eden-data/RAW/LOT/2MASS_J0314+1603/2019-11-24/2MASS_J0314+1603-20191124@185119-Eden.fits (350/434)
Storing LOT20191124_mod/2MASS_J0314+1603-20191124@185235-Eden.fts -> s3://eden-data/RAW/LOT/2MASS_J0314+1603/2019-11-24/2MASS_J0314+1603-20191124@185235-Eden.fits (351/434)
Storing LOT20191124_mod/2MASS_J0314+1603-20191124@185351-Eden.fts -> s3://eden-data/RAW/LOT/2MASS_J0314+1603/2019-11-24/2MASS_J0314+1603-20191124@185351-Eden.fits (352/434)
Storing LOT20191124_mod/2MASS_J0314+1603-20191124@185506-Eden.fts -> s3://eden-data/RAW/LOT/2MASS_J0314+1603/2019-11-24/2MASS_J0314+1603-20191124@185506-Eden.fits (353/434)
Storing LOT20191124_mod/2MASS_J0314+1603-20191124@185620-Eden.fts -> s3://eden-data/RAW/LOT/2MASS_J0314+1603/2019-11-24/2MASS_J0314+1603-20191124@185620-Eden.fits (354/434)
Storing LOT20191124_mod/2MASS_J0314+1603-20191124@185736-Eden.fts -> s3://eden-data/RAW/LOT/2MASS_J0314+1603/2019-11-24/2MASS_J0314+1603-20191124@185736-Eden.fits (355/434)
Storing LOT20191124_mod/2MASS_J0314+1603-20191124@185852-Eden.fts -> s3://eden-data/RAW/LOT/2MASS_J0314+1603/2019-11-24/2MASS_J0314+1603-20191124@185852-Eden.fits (356/434)
Storing LOT20191124_mod/2MASS_J0314+1603-20191124@190006-Eden.fts -> s3://eden-data/RAW/LOT/2MASS_J0314+1603/2019-11-24/2MASS_J0314+1603-20191124@190006-Eden.fits (357/434)
Storing LOT20191124_mod/2MASS_J0314+1603-20191124@190121-Eden.fts -> s3://eden-data/RAW/LOT/2MASS_J0314+1603/2019-11-24/2MASS_J0314+1603-20191124@190121-Eden.fits (358/434)
Storing LOT20191124_mod/2MASS_J0314+1603-20191124@190237-Eden.fts -> s3://eden-data/RAW/LOT/2MASS_J0314+1603/2019-11-24/2MASS_J0314+1603-20191124@190237-Eden.fits (359/434)
Storing LOT20191124_mod/2MASS_J0314+1603-20191124@190351-Eden.fts -> s3://eden-data/RAW/LOT/2MASS_J0314+1603/2019-11-24/2MASS_J0314+1603-20191124@190351-Eden.fits (360/434)
Storing LOT20191124_mod/2MASS_J0314+1603-20191124@190507-Eden.fts -> s3://eden-data/RAW/LOT/2MASS_J0314+1603/2019-11-24/2MASS_J0314+1603-20191124@190507-Eden.fits (361/434)
Storing LOT20191124_mod/2MASS_J0314+1603-20191124@190623-Eden.fts -> s3://eden-data/RAW/LOT/2MASS_J0314+1603/2019-11-24/2MASS_J0314+1603-20191124@190623-Eden.fits (362/434)
Storing LOT20191124_mod/2MASS_J0314+1603-20191124@190740-Eden.fts -> s3://eden-data/RAW/LOT/2MASS_J0314+1603/2019-11-24/2MASS_J0314+1603-20191124@190740-Eden.fits (363/434)
Storing LOT20191124_mod/2MASS_J0314+1603-20191124@190857-Eden.fts -> s3://eden-data/RAW/LOT/2MASS_J0314+1603/2019-11-24/2MASS_J0314+1603-20191124@190857-Eden.fits (364/434)
Storing LOT20191124_mod/2MASS_J0314+1603-20191124@191012-Eden.fts -> s3://eden-data/RAW/LOT/2MASS_J0314+1603/2019-11-24/2MASS_J0314+1603-20191124@191012-Eden.fits (365/434)
Storing LOT20191124_mod/2MASS_J0314+1603-20191124@191129-Eden.fts -> s3://eden-data/RAW/LOT/2MASS_J0314+1603/2019-11-24/2MASS_J0314+1603-20191124@191129-Eden.fits (366/434)
Storing LOT20191124_mod/2MASS_J0314+1603-20191124@191245-Eden.fts -> s3://eden-data/RAW/LOT/2MASS_J0314+1603/2019-11-24/2MASS_J0314+1603-20191124@191245-Eden.fits (367/434)
Storing LOT20191124_mod/2MASS_J0314+1603-20191124@191400-Eden.fts -> s3://eden-data/RAW/LOT/2MASS_J0314+1603/2019-11-24/2MASS_J0314+1603-20191124@191400-Eden.fits (368/434)
Storing LOT20191124_mod/2MASS_J0314+1603-20191124@191515-Eden.fts -> s3://eden-data/RAW/LOT/2MASS_J0314+1603/2019-11-24/2MASS_J0314+1603-20191124@191515-Eden.fits (369/434)
Storing LOT20191124_mod/2MASS_J0314+1603-20191124@191632-Eden.fts -> s3://eden-data/RAW/LOT/2MASS_J0314+1603/2019-11-24/2MASS_J0314+1603-20191124@191632-Eden.fits (370/434)
Storing LOT20191124_mod/2MASS_J0314+1603-20191124@191747-Eden.fts -> s3://eden-data/RAW/LOT/2MASS_J0314+1603/2019-11-24/2MASS_J0314+1603-20191124@191747-Eden.fits (371/434)
Storing LOT20191124_mod/2MASS_J0314+1603-20191124@191902-Eden.fts -> s3://eden-data/RAW/LOT/2MASS_J0314+1603/2019-11-24/2MASS_J0314+1603-20191124@191902-Eden.fits (372/434)
Storing LOT20191124_mod/2MASS_J0314+1603-20191124@192016-Eden.fts -> s3://eden-data/RAW/LOT/2MASS_J0314+1603/2019-11-24/2MASS_J0314+1603-20191124@192016-Eden.fits (373/434)
Storing LOT20191124_mod/2MASS_J0314+1603-20191124@192132-Eden.fts -> s3://eden-data/RAW/LOT/2MASS_J0314+1603/2019-11-24/2MASS_J0314+1603-20191124@192132-Eden.fits (374/434)
Storing LOT20191124_mod/2MASS_J0314+1603-20191124@192250-Eden.fts -> s3://eden-data/RAW/LOT/2MASS_J0314+1603/2019-11-24/2MASS_J0314+1603-20191124@192250-Eden.fits (375/434)
Storing LOT20191124_mod/2MASS_J0314+1603-20191124@192407-Eden.fts -> s3://eden-data/RAW/LOT/2MASS_J0314+1603/2019-11-24/2MASS_J0314+1603-20191124@192407-Eden.fits (376/434)
Storing LOT20191124_mod/2MASS_J0314+1603-20191124@192520-Eden.fts -> s3://eden-data/RAW/LOT/2MASS_J0314+1603/2019-11-24/2MASS_J0314+1603-20191124@192520-Eden.fits (377/434)
Storing LOT20191124_mod/2MASS_J0314+1603-20191124@192637-Eden.fts -> s3://eden-data/RAW/LOT/2MASS_J0314+1603/2019-11-24/2MASS_J0314+1603-20191124@192637-Eden.fits (378/434)
Storing LOT20191124_mod/2MASS_J0314+1603-20191124@192754-Eden.fts -> s3://eden-data/RAW/LOT/2MASS_J0314+1603/2019-11-24/2MASS_J0314+1603-20191124@192754-Eden.fits (379/434)
Storing LOT20191124_mod/2MASS_J0314+1603-20191124@192910-Eden.fts -> s3://eden-data/RAW/LOT/2MASS_J0314+1603/2019-11-24/2MASS_J0314+1603-20191124@192910-Eden.fits (380/434)
Storing LOT20191124_mod/2MASS_J0314+1603-20191124@193025-Eden.fts -> s3://eden-data/RAW/LOT/2MASS_J0314+1603/2019-11-24/2MASS_J0314+1603-20191124@193025-Eden.fits (381/434)
Storing LOT20191124_mod/2MASS_J0314+1603-20191124@193141-Eden.fts -> s3://eden-data/RAW/LOT/2MASS_J0314+1603/2019-11-24/2MASS_J0314+1603-20191124@193141-Eden.fits (382/434)
Storing LOT20191124_mod/2MASS_J0314+1603-20191124@193255-Eden.fts -> s3://eden-data/RAW/LOT/2MASS_J0314+1603/2019-11-24/2MASS_J0314+1603-20191124@193255-Eden.fits (383/434)
Storing LOT20191124_mod/2MASS_J0314+1603-20191124@193409-Eden.fts -> s3://eden-data/RAW/LOT/2MASS_J0314+1603/2019-11-24/2MASS_J0314+1603-20191124@193409-Eden.fits (384/434)
Storing LOT20191124_mod/2MASS_J0314+1603-20191124@193525-Eden.fts -> s3://eden-data/RAW/LOT/2MASS_J0314+1603/2019-11-24/2MASS_J0314+1603-20191124@193525-Eden.fits (385/434)
Storing LOT20191124_mod/2MASS_J0314+1603-20191124@193642-Eden.fts -> s3://eden-data/RAW/LOT/2MASS_J0314+1603/2019-11-24/2MASS_J0314+1603-20191124@193642-Eden.fits (386/434)
Storing LOT20191124_mod/2MASS_J0314+1603-20191124@193758-Eden.fts -> s3://eden-data/RAW/LOT/2MASS_J0314+1603/2019-11-24/2MASS_J0314+1603-20191124@193758-Eden.fits (387/434)
Storing LOT20191124_mod/2MASS_J0314+1603-20191124@193915-Eden.fts -> s3://eden-data/RAW/LOT/2MASS_J0314+1603/2019-11-24/2MASS_J0314+1603-20191124@193915-Eden.fits (388/434)
Storing LOT20191124_mod/2MASS_J0314+1603-20191124@194031-Eden.fts -> s3://eden-data/RAW/LOT/2MASS_J0314+1603/2019-11-24/2MASS_J0314+1603-20191124@194031-Eden.fits (389/434)
Storing LOT20191124_mod/2MASS_J0314+1603-20191124@194146-Eden.fts -> s3://eden-data/RAW/LOT/2MASS_J0314+1603/2019-11-24/2MASS_J0314+1603-20191124@194146-Eden.fits (390/434)
Storing LOT20191124_mod/2MASS_J0314+1603-20191124@194300-Eden.fts -> s3://eden-data/RAW/LOT/2MASS_J0314+1603/2019-11-24/2MASS_J0314+1603-20191124@194300-Eden.fits (391/434)
Storing LOT20191124_mod/2MASS_J0314+1603-20191124@194416-Eden.fts -> s3://eden-data/RAW/LOT/2MASS_J0314+1603/2019-11-24/2MASS_J0314+1603-20191124@194416-Eden.fits (392/434)
Storing LOT20191124_mod/2MASS_J0314+1603-20191124@194532-Eden.fts -> s3://eden-data/RAW/LOT/2MASS_J0314+1603/2019-11-24/2MASS_J0314+1603-20191124@194532-Eden.fits (393/434)
Storing LOT20191124_mod/2MASS_J0314+1603-20191124@194647-Eden.fts -> s3://eden-data/RAW/LOT/2MASS_J0314+1603/2019-11-24/2MASS_J0314+1603-20191124@194647-Eden.fits (394/434)
Storing LOT20191124_mod/Bias-20191124@215922-000S.fts -> s3://eden-data/Calibrations/LOT/BIAS/2019-11-24/Bias-20191124@215922-000S.fits (395/434)
Storing LOT20191124_mod/Bias-20191124@215934-000S.fts -> s3://eden-data/Calibrations/LOT/BIAS/2019-11-24/Bias-20191124@215934-000S.fits (396/434)
Storing LOT20191124_mod/Bias-20191124@215941-000S.fts -> s3://eden-data/Calibrations/LOT/BIAS/2019-11-24/Bias-20191124@215941-000S.fits (397/434)
Storing LOT20191124_mod/Bias-20191124@215948-000S.fts -> s3://eden-data/Calibrations/LOT/BIAS/2019-11-24/Bias-20191124@215948-000S.fits (398/434)
Storing LOT20191124_mod/Bias-20191124@215954-000S.fts -> s3://eden-data/Calibrations/LOT/BIAS/2019-11-24/Bias-20191124@215954-000S.fits (399/434)
Storing LOT20191124_mod/Bias-20191124@220001-000S.fts -> s3://eden-data/Calibrations/LOT/BIAS/2019-11-24/Bias-20191124@220001-000S.fits (400/434)
Storing LOT20191124_mod/Bias-20191124@220008-000S.fts -> s3://eden-data/Calibrations/LOT/BIAS/2019-11-24/Bias-20191124@220008-000S.fits (401/434)
Storing LOT20191124_mod/Bias-20191124@220014-000S.fts -> s3://eden-data/Calibrations/LOT/BIAS/2019-11-24/Bias-20191124@220014-000S.fits (402/434)
Storing LOT20191124_mod/Bias-20191124@220021-000S.fts -> s3://eden-data/Calibrations/LOT/BIAS/2019-11-24/Bias-20191124@220021-000S.fits (403/434)
Storing LOT20191124_mod/Bias-20191124@220028-000S.fts -> s3://eden-data/Calibrations/LOT/BIAS/2019-11-24/Bias-20191124@220028-000S.fits (404/434)
Storing LOT20191124_mod/Dark-20191124@220037-060S.fts -> s3://eden-data/Calibrations/LOT/DARK/2019-11-24/Dark-20191124@220037-060S.fits (405/434)
Storing LOT20191124_mod/Dark-20191124@220143-060S.fts -> s3://eden-data/Calibrations/LOT/DARK/2019-11-24/Dark-20191124@220143-060S.fits (406/434)
Storing LOT20191124_mod/Dark-20191124@220250-060S.fts -> s3://eden-data/Calibrations/LOT/DARK/2019-11-24/Dark-20191124@220250-060S.fits (407/434)
Storing LOT20191124_mod/Dark-20191124@220357-060S.fts -> s3://eden-data/Calibrations/LOT/DARK/2019-11-24/Dark-20191124@220357-060S.fits (408/434)
Storing LOT20191124_mod/Dark-20191124@220504-060S.fts -> s3://eden-data/Calibrations/LOT/DARK/2019-11-24/Dark-20191124@220504-060S.fits (409/434)
Storing LOT20191124_mod/Dark-20191124@220611-060S.fts -> s3://eden-data/Calibrations/LOT/DARK/2019-11-24/Dark-20191124@220611-060S.fits (410/434)
Storing LOT20191124_mod/Dark-20191124@220717-060S.fts -> s3://eden-data/Calibrations/LOT/DARK/2019-11-24/Dark-20191124@220717-060S.fits (411/434)
Storing LOT20191124_mod/Dark-20191124@220824-060S.fts -> s3://eden-data/Calibrations/LOT/DARK/2019-11-24/Dark-20191124@220824-060S.fits (412/434)
Storing LOT20191124_mod/Dark-20191124@220931-060S.fts -> s3://eden-data/Calibrations/LOT/DARK/2019-11-24/Dark-20191124@220931-060S.fits (413/434)
Storing LOT20191124_mod/Dark-20191124@221038-060S.fts -> s3://eden-data/Calibrations/LOT/DARK/2019-11-24/Dark-20191124@221038-060S.fits (414/434)
Storing LOT20191124_mod/Dark-20191124@221146-120S.fts -> s3://eden-data/Calibrations/LOT/DARK/2019-11-24/Dark-20191124@221146-120S.fits (415/434)
Storing LOT20191124_mod/Dark-20191124@221353-120S.fts -> s3://eden-data/Calibrations/LOT/DARK/2019-11-24/Dark-20191124@221353-120S.fits (416/434)
Storing LOT20191124_mod/Dark-20191124@221600-120S.fts -> s3://eden-data/Calibrations/LOT/DARK/2019-11-24/Dark-20191124@221600-120S.fits (417/434)
Storing LOT20191124_mod/Dark-20191124@221807-120S.fts -> s3://eden-data/Calibrations/LOT/DARK/2019-11-24/Dark-20191124@221807-120S.fits (418/434)
Storing LOT20191124_mod/Dark-20191124@222013-120S.fts -> s3://eden-data/Calibrations/LOT/DARK/2019-11-24/Dark-20191124@222013-120S.fits (419/434)
Storing LOT20191124_mod/Dark-20191124@222220-120S.fts -> s3://eden-data/Calibrations/LOT/DARK/2019-11-24/Dark-20191124@222220-120S.fits (420/434)
Storing LOT20191124_mod/Dark-20191124@222427-120S.fts -> s3://eden-data/Calibrations/LOT/DARK/2019-11-24/Dark-20191124@222427-120S.fits (421/434)
Storing LOT20191124_mod/Dark-20191124@222634-120S.fts -> s3://eden-data/Calibrations/LOT/DARK/2019-11-24/Dark-20191124@222634-120S.fits (422/434)
Storing LOT20191124_mod/Dark-20191124@222841-120S.fts -> s3://eden-data/Calibrations/LOT/DARK/2019-11-24/Dark-20191124@222841-120S.fits (423/434)
Storing LOT20191124_mod/Dark-20191124@223048-120S.fts -> s3://eden-data/Calibrations/LOT/DARK/2019-11-24/Dark-20191124@223048-120S.fits (424/434)
Storing LOT20191124_mod/Dark-20191124@223255-240S.fts -> s3://eden-data/Calibrations/LOT/DARK/2019-11-24/Dark-20191124@223255-240S.fits (425/434)
Storing LOT20191124_mod/Dark-20191124@223702-240S.fts -> s3://eden-data/Calibrations/LOT/DARK/2019-11-24/Dark-20191124@223702-240S.fits (426/434)
Storing LOT20191124_mod/Dark-20191124@224109-240S.fts -> s3://eden-data/Calibrations/LOT/DARK/2019-11-24/Dark-20191124@224109-240S.fits (427/434)
Storing LOT20191124_mod/Dark-20191124@224515-240S.fts -> s3://eden-data/Calibrations/LOT/DARK/2019-11-24/Dark-20191124@224515-240S.fits (428/434)
Storing LOT20191124_mod/Dark-20191124@224923-240S.fts -> s3://eden-data/Calibrations/LOT/DARK/2019-11-24/Dark-20191124@224923-240S.fits (429/434)
Storing LOT20191124_mod/Dark-20191124@225330-240S.fts -> s3://eden-data/Calibrations/LOT/DARK/2019-11-24/Dark-20191124@225330-240S.fits (430/434)
Storing LOT20191124_mod/Dark-20191124@225737-240S.fts -> s3://eden-data/Calibrations/LOT/DARK/2019-11-24/Dark-20191124@225737-240S.fits (431/434)
Storing LOT20191124_mod/Dark-20191124@230144-240S.fts -> s3://eden-data/Calibrations/LOT/DARK/2019-11-24/Dark-20191124@230144-240S.fits (432/434)
Storing LOT20191124_mod/Dark-20191124@230551-240S.fts -> s3://eden-data/Calibrations/LOT/DARK/2019-11-24/Dark-20191124@230551-240S.fits (433/434)
Storing LOT20191124_mod/Dark-20191124@230958-240S.fts -> s3://eden-data/Calibrations/LOT/DARK/2019-11-24/Dark-20191124@230958-240S.fits (434/434)

Upload complete!
Stored: 434 files (3.6 GB)
