Bucket successfully loaded! eden-data
346 files found
Storing data to the S3 archive!
We can now start uploading the data.
Press return to start the upload, or anything else to abort: Verbose output enabled.
Storing /home/altsai/eden/LOT20201102_LP_647_13_mod/Bias-20201102@212525-000S.fts -> s3://eden-data/Calibrations/LOT/BIAS/2020-11-02/Bias-20201102@212525-000S.fits (1/346)
Storing /home/altsai/eden/LOT20201102_LP_647_13_mod/Bias-20201102@212534-000S.fts -> s3://eden-data/Calibrations/LOT/BIAS/2020-11-02/Bias-20201102@212534-000S.fits (2/346)
Storing /home/altsai/eden/LOT20201102_LP_647_13_mod/Bias-20201102@212541-000S.fts -> s3://eden-data/Calibrations/LOT/BIAS/2020-11-02/Bias-20201102@212541-000S.fits (3/346)
Storing /home/altsai/eden/LOT20201102_LP_647_13_mod/Bias-20201102@212548-000S.fts -> s3://eden-data/Calibrations/LOT/BIAS/2020-11-02/Bias-20201102@212548-000S.fits (4/346)
Storing /home/altsai/eden/LOT20201102_LP_647_13_mod/Bias-20201102@212554-000S.fts -> s3://eden-data/Calibrations/LOT/BIAS/2020-11-02/Bias-20201102@212554-000S.fits (5/346)
Storing /home/altsai/eden/LOT20201102_LP_647_13_mod/Bias-20201102@212603-000S.fts -> s3://eden-data/Calibrations/LOT/BIAS/2020-11-02/Bias-20201102@212603-000S.fits (6/346)
Storing /home/altsai/eden/LOT20201102_LP_647_13_mod/Bias-20201102@212610-000S.fts -> s3://eden-data/Calibrations/LOT/BIAS/2020-11-02/Bias-20201102@212610-000S.fits (7/346)
Storing /home/altsai/eden/LOT20201102_LP_647_13_mod/Bias-20201102@212617-000S.fts -> s3://eden-data/Calibrations/LOT/BIAS/2020-11-02/Bias-20201102@212617-000S.fits (8/346)
Storing /home/altsai/eden/LOT20201102_LP_647_13_mod/Bias-20201102@212623-000S.fts -> s3://eden-data/Calibrations/LOT/BIAS/2020-11-02/Bias-20201102@212623-000S.fits (9/346)
Storing /home/altsai/eden/LOT20201102_LP_647_13_mod/Bias-20201102@212630-000S.fts -> s3://eden-data/Calibrations/LOT/BIAS/2020-11-02/Bias-20201102@212630-000S.fits (10/346)
Storing /home/altsai/eden/LOT20201102_LP_647_13_mod/Dark-20201102@212639-060S.fts -> s3://eden-data/Calibrations/LOT/DARK/2020-11-02/Dark-20201102@212639-060S.fits (11/346)
Storing /home/altsai/eden/LOT20201102_LP_647_13_mod/Dark-20201102@212747-060S.fts -> s3://eden-data/Calibrations/LOT/DARK/2020-11-02/Dark-20201102@212747-060S.fits (12/346)
Storing /home/altsai/eden/LOT20201102_LP_647_13_mod/Dark-20201102@212855-060S.fts -> s3://eden-data/Calibrations/LOT/DARK/2020-11-02/Dark-20201102@212855-060S.fits (13/346)
Storing /home/altsai/eden/LOT20201102_LP_647_13_mod/Dark-20201102@213002-060S.fts -> s3://eden-data/Calibrations/LOT/DARK/2020-11-02/Dark-20201102@213002-060S.fits (14/346)
Storing /home/altsai/eden/LOT20201102_LP_647_13_mod/Dark-20201102@213109-060S.fts -> s3://eden-data/Calibrations/LOT/DARK/2020-11-02/Dark-20201102@213109-060S.fits (15/346)
Storing /home/altsai/eden/LOT20201102_LP_647_13_mod/Dark-20201102@213216-060S.fts -> s3://eden-data/Calibrations/LOT/DARK/2020-11-02/Dark-20201102@213216-060S.fits (16/346)
Storing /home/altsai/eden/LOT20201102_LP_647_13_mod/Dark-20201102@213322-060S.fts -> s3://eden-data/Calibrations/LOT/DARK/2020-11-02/Dark-20201102@213322-060S.fits (17/346)
Storing /home/altsai/eden/LOT20201102_LP_647_13_mod/Dark-20201102@213429-060S.fts -> s3://eden-data/Calibrations/LOT/DARK/2020-11-02/Dark-20201102@213429-060S.fits (18/346)
Storing /home/altsai/eden/LOT20201102_LP_647_13_mod/Dark-20201102@213537-060S.fts -> s3://eden-data/Calibrations/LOT/DARK/2020-11-02/Dark-20201102@213537-060S.fits (19/346)
Storing /home/altsai/eden/LOT20201102_LP_647_13_mod/Dark-20201102@213644-060S.fts -> s3://eden-data/Calibrations/LOT/DARK/2020-11-02/Dark-20201102@213644-060S.fits (20/346)
Storing /home/altsai/eden/LOT20201102_LP_647_13_mod/LP_647-13-20201102@114257-Eden.fts -> s3://eden-data/RAW/LOT/LP_647-13/2020-11-02/LP_647-13-20201102@114257-Eden.fits (21/346)
Storing /home/altsai/eden/LOT20201102_LP_647_13_mod/LP_647-13-20201102@114415-Eden.fts -> s3://eden-data/RAW/LOT/LP_647-13/2020-11-02/LP_647-13-20201102@114415-Eden.fits (22/346)
Storing /home/altsai/eden/LOT20201102_LP_647_13_mod/LP_647-13-20201102@114533-Eden.fts -> s3://eden-data/RAW/LOT/LP_647-13/2020-11-02/LP_647-13-20201102@114533-Eden.fits (23/346)
Storing /home/altsai/eden/LOT20201102_LP_647_13_mod/LP_647-13-20201102@114649-Eden.fts -> s3://eden-data/RAW/LOT/LP_647-13/2020-11-02/LP_647-13-20201102@114649-Eden.fits (24/346)
Storing /home/altsai/eden/LOT20201102_LP_647_13_mod/LP_647-13-20201102@114806-Eden.fts -> s3://eden-data/RAW/LOT/LP_647-13/2020-11-02/LP_647-13-20201102@114806-Eden.fits (25/346)
Storing /home/altsai/eden/LOT20201102_LP_647_13_mod/LP_647-13-20201102@114922-Eden.fts -> s3://eden-data/RAW/LOT/LP_647-13/2020-11-02/LP_647-13-20201102@114922-Eden.fits (26/346)
Storing /home/altsai/eden/LOT20201102_LP_647_13_mod/LP_647-13-20201102@115043-Eden.fts -> s3://eden-data/RAW/LOT/LP_647-13/2020-11-02/LP_647-13-20201102@115043-Eden.fits (27/346)
Storing /home/altsai/eden/LOT20201102_LP_647_13_mod/LP_647-13-20201102@115201-Eden.fts -> s3://eden-data/RAW/LOT/LP_647-13/2020-11-02/LP_647-13-20201102@115201-Eden.fits (28/346)
Storing /home/altsai/eden/LOT20201102_LP_647_13_mod/LP_647-13-20201102@115318-Eden.fts -> s3://eden-data/RAW/LOT/LP_647-13/2020-11-02/LP_647-13-20201102@115318-Eden.fits (29/346)
Storing /home/altsai/eden/LOT20201102_LP_647_13_mod/LP_647-13-20201102@115436-Eden.fts -> s3://eden-data/RAW/LOT/LP_647-13/2020-11-02/LP_647-13-20201102@115436-Eden.fits (30/346)
Storing /home/altsai/eden/LOT20201102_LP_647_13_mod/LP_647-13-20201102@115553-Eden.fts -> s3://eden-data/RAW/LOT/LP_647-13/2020-11-02/LP_647-13-20201102@115553-Eden.fits (31/346)
Storing /home/altsai/eden/LOT20201102_LP_647_13_mod/LP_647-13-20201102@115710-Eden.fts -> s3://eden-data/RAW/LOT/LP_647-13/2020-11-02/LP_647-13-20201102@115710-Eden.fits (32/346)
Storing /home/altsai/eden/LOT20201102_LP_647_13_mod/LP_647-13-20201102@115828-Eden.fts -> s3://eden-data/RAW/LOT/LP_647-13/2020-11-02/LP_647-13-20201102@115828-Eden.fits (33/346)
Storing /home/altsai/eden/LOT20201102_LP_647_13_mod/LP_647-13-20201102@115946-Eden.fts -> s3://eden-data/RAW/LOT/LP_647-13/2020-11-02/LP_647-13-20201102@115946-Eden.fits (34/346)
Storing /home/altsai/eden/LOT20201102_LP_647_13_mod/LP_647-13-20201102@120104-Eden.fts -> s3://eden-data/RAW/LOT/LP_647-13/2020-11-02/LP_647-13-20201102@120104-Eden.fits (35/346)
Storing /home/altsai/eden/LOT20201102_LP_647_13_mod/LP_647-13-20201102@120222-Eden.fts -> s3://eden-data/RAW/LOT/LP_647-13/2020-11-02/LP_647-13-20201102@120222-Eden.fits (36/346)
Storing /home/altsai/eden/LOT20201102_LP_647_13_mod/LP_647-13-20201102@120340-Eden.fts -> s3://eden-data/RAW/LOT/LP_647-13/2020-11-02/LP_647-13-20201102@120340-Eden.fits (37/346)
Storing /home/altsai/eden/LOT20201102_LP_647_13_mod/LP_647-13-20201102@120500-Eden.fts -> s3://eden-data/RAW/LOT/LP_647-13/2020-11-02/LP_647-13-20201102@120500-Eden.fits (38/346)
Storing /home/altsai/eden/LOT20201102_LP_647_13_mod/LP_647-13-20201102@120618-Eden.fts -> s3://eden-data/RAW/LOT/LP_647-13/2020-11-02/LP_647-13-20201102@120618-Eden.fits (39/346)
Storing /home/altsai/eden/LOT20201102_LP_647_13_mod/LP_647-13-20201102@120736-Eden.fts -> s3://eden-data/RAW/LOT/LP_647-13/2020-11-02/LP_647-13-20201102@120736-Eden.fits (40/346)
Storing /home/altsai/eden/LOT20201102_LP_647_13_mod/LP_647-13-20201102@120852-Eden.fts -> s3://eden-data/RAW/LOT/LP_647-13/2020-11-02/LP_647-13-20201102@120852-Eden.fits (41/346)
Storing /home/altsai/eden/LOT20201102_LP_647_13_mod/LP_647-13-20201102@121009-Eden.fts -> s3://eden-data/RAW/LOT/LP_647-13/2020-11-02/LP_647-13-20201102@121009-Eden.fits (42/346)
Storing /home/altsai/eden/LOT20201102_LP_647_13_mod/LP_647-13-20201102@121127-Eden.fts -> s3://eden-data/RAW/LOT/LP_647-13/2020-11-02/LP_647-13-20201102@121127-Eden.fits (43/346)
Storing /home/altsai/eden/LOT20201102_LP_647_13_mod/LP_647-13-20201102@121244-Eden.fts -> s3://eden-data/RAW/LOT/LP_647-13/2020-11-02/LP_647-13-20201102@121244-Eden.fits (44/346)
Storing /home/altsai/eden/LOT20201102_LP_647_13_mod/LP_647-13-20201102@121401-Eden.fts -> s3://eden-data/RAW/LOT/LP_647-13/2020-11-02/LP_647-13-20201102@121401-Eden.fits (45/346)
Storing /home/altsai/eden/LOT20201102_LP_647_13_mod/LP_647-13-20201102@121519-Eden.fts -> s3://eden-data/RAW/LOT/LP_647-13/2020-11-02/LP_647-13-20201102@121519-Eden.fits (46/346)
Storing /home/altsai/eden/LOT20201102_LP_647_13_mod/LP_647-13-20201102@121637-Eden.fts -> s3://eden-data/RAW/LOT/LP_647-13/2020-11-02/LP_647-13-20201102@121637-Eden.fits (47/346)
Storing /home/altsai/eden/LOT20201102_LP_647_13_mod/LP_647-13-20201102@121755-Eden.fts -> s3://eden-data/RAW/LOT/LP_647-13/2020-11-02/LP_647-13-20201102@121755-Eden.fits (48/346)
Storing /home/altsai/eden/LOT20201102_LP_647_13_mod/LP_647-13-20201102@121914-Eden.fts -> s3://eden-data/RAW/LOT/LP_647-13/2020-11-02/LP_647-13-20201102@121914-Eden.fits (49/346)
Storing /home/altsai/eden/LOT20201102_LP_647_13_mod/LP_647-13-20201102@122031-Eden.fts -> s3://eden-data/RAW/LOT/LP_647-13/2020-11-02/LP_647-13-20201102@122031-Eden.fits (50/346)
Storing /home/altsai/eden/LOT20201102_LP_647_13_mod/LP_647-13-20201102@122149-Eden.fts -> s3://eden-data/RAW/LOT/LP_647-13/2020-11-02/LP_647-13-20201102@122149-Eden.fits (51/346)
Storing /home/altsai/eden/LOT20201102_LP_647_13_mod/LP_647-13-20201102@122306-Eden.fts -> s3://eden-data/RAW/LOT/LP_647-13/2020-11-02/LP_647-13-20201102@122306-Eden.fits (52/346)
Storing /home/altsai/eden/LOT20201102_LP_647_13_mod/LP_647-13-20201102@122424-Eden.fts -> s3://eden-data/RAW/LOT/LP_647-13/2020-11-02/LP_647-13-20201102@122424-Eden.fits (53/346)
Storing /home/altsai/eden/LOT20201102_LP_647_13_mod/LP_647-13-20201102@122543-Eden.fts -> s3://eden-data/RAW/LOT/LP_647-13/2020-11-02/LP_647-13-20201102@122543-Eden.fits (54/346)
Storing /home/altsai/eden/LOT20201102_LP_647_13_mod/LP_647-13-20201102@122701-Eden.fts -> s3://eden-data/RAW/LOT/LP_647-13/2020-11-02/LP_647-13-20201102@122701-Eden.fits (55/346)
Storing /home/altsai/eden/LOT20201102_LP_647_13_mod/LP_647-13-20201102@122816-Eden.fts -> s3://eden-data/RAW/LOT/LP_647-13/2020-11-02/LP_647-13-20201102@122816-Eden.fits (56/346)
Storing /home/altsai/eden/LOT20201102_LP_647_13_mod/LP_647-13-20201102@122934-Eden.fts -> s3://eden-data/RAW/LOT/LP_647-13/2020-11-02/LP_647-13-20201102@122934-Eden.fits (57/346)
Storing /home/altsai/eden/LOT20201102_LP_647_13_mod/LP_647-13-20201102@123053-Eden.fts -> s3://eden-data/RAW/LOT/LP_647-13/2020-11-02/LP_647-13-20201102@123053-Eden.fits (58/346)
Storing /home/altsai/eden/LOT20201102_LP_647_13_mod/LP_647-13-20201102@123211-Eden.fts -> s3://eden-data/RAW/LOT/LP_647-13/2020-11-02/LP_647-13-20201102@123211-Eden.fits (59/346)
Storing /home/altsai/eden/LOT20201102_LP_647_13_mod/LP_647-13-20201102@123328-Eden.fts -> s3://eden-data/RAW/LOT/LP_647-13/2020-11-02/LP_647-13-20201102@123328-Eden.fits (60/346)
Storing /home/altsai/eden/LOT20201102_LP_647_13_mod/LP_647-13-20201102@123444-Eden.fts -> s3://eden-data/RAW/LOT/LP_647-13/2020-11-02/LP_647-13-20201102@123444-Eden.fits (61/346)
Storing /home/altsai/eden/LOT20201102_LP_647_13_mod/LP_647-13-20201102@123603-Eden.fts -> s3://eden-data/RAW/LOT/LP_647-13/2020-11-02/LP_647-13-20201102@123603-Eden.fits (62/346)
Storing /home/altsai/eden/LOT20201102_LP_647_13_mod/LP_647-13-20201102@123721-Eden.fts -> s3://eden-data/RAW/LOT/LP_647-13/2020-11-02/LP_647-13-20201102@123721-Eden.fits (63/346)
Storing /home/altsai/eden/LOT20201102_LP_647_13_mod/LP_647-13-20201102@123839-Eden.fts -> s3://eden-data/RAW/LOT/LP_647-13/2020-11-02/LP_647-13-20201102@123839-Eden.fits (64/346)
Storing /home/altsai/eden/LOT20201102_LP_647_13_mod/LP_647-13-20201102@123958-Eden.fts -> s3://eden-data/RAW/LOT/LP_647-13/2020-11-02/LP_647-13-20201102@123958-Eden.fits (65/346)
Storing /home/altsai/eden/LOT20201102_LP_647_13_mod/LP_647-13-20201102@124117-Eden.fts -> s3://eden-data/RAW/LOT/LP_647-13/2020-11-02/LP_647-13-20201102@124117-Eden.fits (66/346)
Storing /home/altsai/eden/LOT20201102_LP_647_13_mod/LP_647-13-20201102@124235-Eden.fts -> s3://eden-data/RAW/LOT/LP_647-13/2020-11-02/LP_647-13-20201102@124235-Eden.fits (67/346)
Storing /home/altsai/eden/LOT20201102_LP_647_13_mod/LP_647-13-20201102@124352-Eden.fts -> s3://eden-data/RAW/LOT/LP_647-13/2020-11-02/LP_647-13-20201102@124352-Eden.fits (68/346)
Storing /home/altsai/eden/LOT20201102_LP_647_13_mod/LP_647-13-20201102@124510-Eden.fts -> s3://eden-data/RAW/LOT/LP_647-13/2020-11-02/LP_647-13-20201102@124510-Eden.fits (69/346)
Storing /home/altsai/eden/LOT20201102_LP_647_13_mod/LP_647-13-20201102@124628-Eden.fts -> s3://eden-data/RAW/LOT/LP_647-13/2020-11-02/LP_647-13-20201102@124628-Eden.fits (70/346)
Storing /home/altsai/eden/LOT20201102_LP_647_13_mod/LP_647-13-20201102@124745-Eden.fts -> s3://eden-data/RAW/LOT/LP_647-13/2020-11-02/LP_647-13-20201102@124745-Eden.fits (71/346)
Storing /home/altsai/eden/LOT20201102_LP_647_13_mod/LP_647-13-20201102@124904-Eden.fts -> s3://eden-data/RAW/LOT/LP_647-13/2020-11-02/LP_647-13-20201102@124904-Eden.fits (72/346)
Storing /home/altsai/eden/LOT20201102_LP_647_13_mod/LP_647-13-20201102@125021-Eden.fts -> s3://eden-data/RAW/LOT/LP_647-13/2020-11-02/LP_647-13-20201102@125021-Eden.fits (73/346)
Storing /home/altsai/eden/LOT20201102_LP_647_13_mod/LP_647-13-20201102@125139-Eden.fts -> s3://eden-data/RAW/LOT/LP_647-13/2020-11-02/LP_647-13-20201102@125139-Eden.fits (74/346)
Storing /home/altsai/eden/LOT20201102_LP_647_13_mod/LP_647-13-20201102@125258-Eden.fts -> s3://eden-data/RAW/LOT/LP_647-13/2020-11-02/LP_647-13-20201102@125258-Eden.fits (75/346)
Storing /home/altsai/eden/LOT20201102_LP_647_13_mod/LP_647-13-20201102@125416-Eden.fts -> s3://eden-data/RAW/LOT/LP_647-13/2020-11-02/LP_647-13-20201102@125416-Eden.fits (76/346)
Storing /home/altsai/eden/LOT20201102_LP_647_13_mod/LP_647-13-20201102@125535-Eden.fts -> s3://eden-data/RAW/LOT/LP_647-13/2020-11-02/LP_647-13-20201102@125535-Eden.fits (77/346)
Storing /home/altsai/eden/LOT20201102_LP_647_13_mod/LP_647-13-20201102@125655-Eden.fts -> s3://eden-data/RAW/LOT/LP_647-13/2020-11-02/LP_647-13-20201102@125655-Eden.fits (78/346)
Storing /home/altsai/eden/LOT20201102_LP_647_13_mod/LP_647-13-20201102@125812-Eden.fts -> s3://eden-data/RAW/LOT/LP_647-13/2020-11-02/LP_647-13-20201102@125812-Eden.fits (79/346)
Storing /home/altsai/eden/LOT20201102_LP_647_13_mod/LP_647-13-20201102@125930-Eden.fts -> s3://eden-data/RAW/LOT/LP_647-13/2020-11-02/LP_647-13-20201102@125930-Eden.fits (80/346)
Storing /home/altsai/eden/LOT20201102_LP_647_13_mod/LP_647-13-20201102@130049-Eden.fts -> s3://eden-data/RAW/LOT/LP_647-13/2020-11-02/LP_647-13-20201102@130049-Eden.fits (81/346)
Storing /home/altsai/eden/LOT20201102_LP_647_13_mod/LP_647-13-20201102@130212-Eden.fts -> s3://eden-data/RAW/LOT/LP_647-13/2020-11-02/LP_647-13-20201102@130212-Eden.fits (82/346)
Storing /home/altsai/eden/LOT20201102_LP_647_13_mod/LP_647-13-20201102@130328-Eden.fts -> s3://eden-data/RAW/LOT/LP_647-13/2020-11-02/LP_647-13-20201102@130328-Eden.fits (83/346)
Storing /home/altsai/eden/LOT20201102_LP_647_13_mod/LP_647-13-20201102@130446-Eden.fts -> s3://eden-data/RAW/LOT/LP_647-13/2020-11-02/LP_647-13-20201102@130446-Eden.fits (84/346)
Storing /home/altsai/eden/LOT20201102_LP_647_13_mod/LP_647-13-20201102@130604-Eden.fts -> s3://eden-data/RAW/LOT/LP_647-13/2020-11-02/LP_647-13-20201102@130604-Eden.fits (85/346)
Storing /home/altsai/eden/LOT20201102_LP_647_13_mod/LP_647-13-20201102@130721-Eden.fts -> s3://eden-data/RAW/LOT/LP_647-13/2020-11-02/LP_647-13-20201102@130721-Eden.fits (86/346)
Storing /home/altsai/eden/LOT20201102_LP_647_13_mod/LP_647-13-20201102@130838-Eden.fts -> s3://eden-data/RAW/LOT/LP_647-13/2020-11-02/LP_647-13-20201102@130838-Eden.fits (87/346)
Storing /home/altsai/eden/LOT20201102_LP_647_13_mod/LP_647-13-20201102@130957-Eden.fts -> s3://eden-data/RAW/LOT/LP_647-13/2020-11-02/LP_647-13-20201102@130957-Eden.fits (88/346)
Storing /home/altsai/eden/LOT20201102_LP_647_13_mod/LP_647-13-20201102@131115-Eden.fts -> s3://eden-data/RAW/LOT/LP_647-13/2020-11-02/LP_647-13-20201102@131115-Eden.fits (89/346)
Storing /home/altsai/eden/LOT20201102_LP_647_13_mod/LP_647-13-20201102@131231-Eden.fts -> s3://eden-data/RAW/LOT/LP_647-13/2020-11-02/LP_647-13-20201102@131231-Eden.fits (90/346)
Storing /home/altsai/eden/LOT20201102_LP_647_13_mod/LP_647-13-20201102@131349-Eden.fts -> s3://eden-data/RAW/LOT/LP_647-13/2020-11-02/LP_647-13-20201102@131349-Eden.fits (91/346)
Storing /home/altsai/eden/LOT20201102_LP_647_13_mod/LP_647-13-20201102@131505-Eden.fts -> s3://eden-data/RAW/LOT/LP_647-13/2020-11-02/LP_647-13-20201102@131505-Eden.fits (92/346)
Storing /home/altsai/eden/LOT20201102_LP_647_13_mod/LP_647-13-20201102@131623-Eden.fts -> s3://eden-data/RAW/LOT/LP_647-13/2020-11-02/LP_647-13-20201102@131623-Eden.fits (93/346)
Storing /home/altsai/eden/LOT20201102_LP_647_13_mod/LP_647-13-20201102@131741-Eden.fts -> s3://eden-data/RAW/LOT/LP_647-13/2020-11-02/LP_647-13-20201102@131741-Eden.fits (94/346)
Storing /home/altsai/eden/LOT20201102_LP_647_13_mod/LP_647-13-20201102@131857-Eden.fts -> s3://eden-data/RAW/LOT/LP_647-13/2020-11-02/LP_647-13-20201102@131857-Eden.fits (95/346)
Storing /home/altsai/eden/LOT20201102_LP_647_13_mod/LP_647-13-20201102@132016-Eden.fts -> s3://eden-data/RAW/LOT/LP_647-13/2020-11-02/LP_647-13-20201102@132016-Eden.fits (96/346)
Storing /home/altsai/eden/LOT20201102_LP_647_13_mod/LP_647-13-20201102@132133-Eden.fts -> s3://eden-data/RAW/LOT/LP_647-13/2020-11-02/LP_647-13-20201102@132133-Eden.fits (97/346)
Storing /home/altsai/eden/LOT20201102_LP_647_13_mod/LP_647-13-20201102@132252-Eden.fts -> s3://eden-data/RAW/LOT/LP_647-13/2020-11-02/LP_647-13-20201102@132252-Eden.fits (98/346)
Storing /home/altsai/eden/LOT20201102_LP_647_13_mod/LP_647-13-20201102@132409-Eden.fts -> s3://eden-data/RAW/LOT/LP_647-13/2020-11-02/LP_647-13-20201102@132409-Eden.fits (99/346)
Storing /home/altsai/eden/LOT20201102_LP_647_13_mod/LP_647-13-20201102@132527-Eden.fts -> s3://eden-data/RAW/LOT/LP_647-13/2020-11-02/LP_647-13-20201102@132527-Eden.fits (100/346)
Storing /home/altsai/eden/LOT20201102_LP_647_13_mod/LP_647-13-20201102@132645-Eden.fts -> s3://eden-data/RAW/LOT/LP_647-13/2020-11-02/LP_647-13-20201102@132645-Eden.fits (101/346)
Storing /home/altsai/eden/LOT20201102_LP_647_13_mod/LP_647-13-20201102@132801-Eden.fts -> s3://eden-data/RAW/LOT/LP_647-13/2020-11-02/LP_647-13-20201102@132801-Eden.fits (102/346)
Storing /home/altsai/eden/LOT20201102_LP_647_13_mod/LP_647-13-20201102@132919-Eden.fts -> s3://eden-data/RAW/LOT/LP_647-13/2020-11-02/LP_647-13-20201102@132919-Eden.fits (103/346)
Storing /home/altsai/eden/LOT20201102_LP_647_13_mod/LP_647-13-20201102@133036-Eden.fts -> s3://eden-data/RAW/LOT/LP_647-13/2020-11-02/LP_647-13-20201102@133036-Eden.fits (104/346)
Storing /home/altsai/eden/LOT20201102_LP_647_13_mod/LP_647-13-20201102@133154-Eden.fts -> s3://eden-data/RAW/LOT/LP_647-13/2020-11-02/LP_647-13-20201102@133154-Eden.fits (105/346)
Storing /home/altsai/eden/LOT20201102_LP_647_13_mod/LP_647-13-20201102@133312-Eden.fts -> s3://eden-data/RAW/LOT/LP_647-13/2020-11-02/LP_647-13-20201102@133312-Eden.fits (106/346)
Storing /home/altsai/eden/LOT20201102_LP_647_13_mod/LP_647-13-20201102@133430-Eden.fts -> s3://eden-data/RAW/LOT/LP_647-13/2020-11-02/LP_647-13-20201102@133430-Eden.fits (107/346)
Storing /home/altsai/eden/LOT20201102_LP_647_13_mod/LP_647-13-20201102@133549-Eden.fts -> s3://eden-data/RAW/LOT/LP_647-13/2020-11-02/LP_647-13-20201102@133549-Eden.fits (108/346)
Storing /home/altsai/eden/LOT20201102_LP_647_13_mod/LP_647-13-20201102@133707-Eden.fts -> s3://eden-data/RAW/LOT/LP_647-13/2020-11-02/LP_647-13-20201102@133707-Eden.fits (109/346)
Storing /home/altsai/eden/LOT20201102_LP_647_13_mod/LP_647-13-20201102@133826-Eden.fts -> s3://eden-data/RAW/LOT/LP_647-13/2020-11-02/LP_647-13-20201102@133826-Eden.fits (110/346)
Storing /home/altsai/eden/LOT20201102_LP_647_13_mod/LP_647-13-20201102@133943-Eden.fts -> s3://eden-data/RAW/LOT/LP_647-13/2020-11-02/LP_647-13-20201102@133943-Eden.fits (111/346)
Storing /home/altsai/eden/LOT20201102_LP_647_13_mod/LP_647-13-20201102@134059-Eden.fts -> s3://eden-data/RAW/LOT/LP_647-13/2020-11-02/LP_647-13-20201102@134059-Eden.fits (112/346)
Storing /home/altsai/eden/LOT20201102_LP_647_13_mod/LP_647-13-20201102@134219-Eden.fts -> s3://eden-data/RAW/LOT/LP_647-13/2020-11-02/LP_647-13-20201102@134219-Eden.fits (113/346)
Storing /home/altsai/eden/LOT20201102_LP_647_13_mod/LP_647-13-20201102@134335-Eden.fts -> s3://eden-data/RAW/LOT/LP_647-13/2020-11-02/LP_647-13-20201102@134335-Eden.fits (114/346)
Storing /home/altsai/eden/LOT20201102_LP_647_13_mod/LP_647-13-20201102@134453-Eden.fts -> s3://eden-data/RAW/LOT/LP_647-13/2020-11-02/LP_647-13-20201102@134453-Eden.fits (115/346)
Storing /home/altsai/eden/LOT20201102_LP_647_13_mod/LP_647-13-20201102@134609-Eden.fts -> s3://eden-data/RAW/LOT/LP_647-13/2020-11-02/LP_647-13-20201102@134609-Eden.fits (116/346)
Storing /home/altsai/eden/LOT20201102_LP_647_13_mod/LP_647-13-20201102@134727-Eden.fts -> s3://eden-data/RAW/LOT/LP_647-13/2020-11-02/LP_647-13-20201102@134727-Eden.fits (117/346)
Storing /home/altsai/eden/LOT20201102_LP_647_13_mod/LP_647-13-20201102@134845-Eden.fts -> s3://eden-data/RAW/LOT/LP_647-13/2020-11-02/LP_647-13-20201102@134845-Eden.fits (118/346)
Storing /home/altsai/eden/LOT20201102_LP_647_13_mod/LP_647-13-20201102@135003-Eden.fts -> s3://eden-data/RAW/LOT/LP_647-13/2020-11-02/LP_647-13-20201102@135003-Eden.fits (119/346)
Storing /home/altsai/eden/LOT20201102_LP_647_13_mod/LP_647-13-20201102@135120-Eden.fts -> s3://eden-data/RAW/LOT/LP_647-13/2020-11-02/LP_647-13-20201102@135120-Eden.fits (120/346)
Storing /home/altsai/eden/LOT20201102_LP_647_13_mod/LP_647-13-20201102@135238-Eden.fts -> s3://eden-data/RAW/LOT/LP_647-13/2020-11-02/LP_647-13-20201102@135238-Eden.fits (121/346)
Storing /home/altsai/eden/LOT20201102_LP_647_13_mod/LP_647-13-20201102@135355-Eden.fts -> s3://eden-data/RAW/LOT/LP_647-13/2020-11-02/LP_647-13-20201102@135355-Eden.fits (122/346)
Storing /home/altsai/eden/LOT20201102_LP_647_13_mod/LP_647-13-20201102@135514-Eden.fts -> s3://eden-data/RAW/LOT/LP_647-13/2020-11-02/LP_647-13-20201102@135514-Eden.fits (123/346)
Storing /home/altsai/eden/LOT20201102_LP_647_13_mod/LP_647-13-20201102@135632-Eden.fts -> s3://eden-data/RAW/LOT/LP_647-13/2020-11-02/LP_647-13-20201102@135632-Eden.fits (124/346)
Storing /home/altsai/eden/LOT20201102_LP_647_13_mod/LP_647-13-20201102@135751-Eden.fts -> s3://eden-data/RAW/LOT/LP_647-13/2020-11-02/LP_647-13-20201102@135751-Eden.fits (125/346)
Storing /home/altsai/eden/LOT20201102_LP_647_13_mod/LP_647-13-20201102@135909-Eden.fts -> s3://eden-data/RAW/LOT/LP_647-13/2020-11-02/LP_647-13-20201102@135909-Eden.fits (126/346)
Storing /home/altsai/eden/LOT20201102_LP_647_13_mod/LP_647-13-20201102@140030-Eden.fts -> s3://eden-data/RAW/LOT/LP_647-13/2020-11-02/LP_647-13-20201102@140030-Eden.fits (127/346)
Storing /home/altsai/eden/LOT20201102_LP_647_13_mod/LP_647-13-20201102@140145-Eden.fts -> s3://eden-data/RAW/LOT/LP_647-13/2020-11-02/LP_647-13-20201102@140145-Eden.fits (128/346)
Storing /home/altsai/eden/LOT20201102_LP_647_13_mod/LP_647-13-20201102@140303-Eden.fts -> s3://eden-data/RAW/LOT/LP_647-13/2020-11-02/LP_647-13-20201102@140303-Eden.fits (129/346)
Storing /home/altsai/eden/LOT20201102_LP_647_13_mod/LP_647-13-20201102@140421-Eden.fts -> s3://eden-data/RAW/LOT/LP_647-13/2020-11-02/LP_647-13-20201102@140421-Eden.fits (130/346)
Storing /home/altsai/eden/LOT20201102_LP_647_13_mod/LP_647-13-20201102@140540-Eden.fts -> s3://eden-data/RAW/LOT/LP_647-13/2020-11-02/LP_647-13-20201102@140540-Eden.fits (131/346)
Storing /home/altsai/eden/LOT20201102_LP_647_13_mod/LP_647-13-20201102@140656-Eden.fts -> s3://eden-data/RAW/LOT/LP_647-13/2020-11-02/LP_647-13-20201102@140656-Eden.fits (132/346)
Storing /home/altsai/eden/LOT20201102_LP_647_13_mod/LP_647-13-20201102@140814-Eden.fts -> s3://eden-data/RAW/LOT/LP_647-13/2020-11-02/LP_647-13-20201102@140814-Eden.fits (133/346)
Storing /home/altsai/eden/LOT20201102_LP_647_13_mod/LP_647-13-20201102@140931-Eden.fts -> s3://eden-data/RAW/LOT/LP_647-13/2020-11-02/LP_647-13-20201102@140931-Eden.fits (134/346)
Storing /home/altsai/eden/LOT20201102_LP_647_13_mod/LP_647-13-20201102@141049-Eden.fts -> s3://eden-data/RAW/LOT/LP_647-13/2020-11-02/LP_647-13-20201102@141049-Eden.fits (135/346)
Storing /home/altsai/eden/LOT20201102_LP_647_13_mod/LP_647-13-20201102@141207-Eden.fts -> s3://eden-data/RAW/LOT/LP_647-13/2020-11-02/LP_647-13-20201102@141207-Eden.fits (136/346)
Storing /home/altsai/eden/LOT20201102_LP_647_13_mod/LP_647-13-20201102@141325-Eden.fts -> s3://eden-data/RAW/LOT/LP_647-13/2020-11-02/LP_647-13-20201102@141325-Eden.fits (137/346)
Storing /home/altsai/eden/LOT20201102_LP_647_13_mod/LP_647-13-20201102@141440-Eden.fts -> s3://eden-data/RAW/LOT/LP_647-13/2020-11-02/LP_647-13-20201102@141440-Eden.fits (138/346)
Storing /home/altsai/eden/LOT20201102_LP_647_13_mod/LP_647-13-20201102@141559-Eden.fts -> s3://eden-data/RAW/LOT/LP_647-13/2020-11-02/LP_647-13-20201102@141559-Eden.fits (139/346)
Storing /home/altsai/eden/LOT20201102_LP_647_13_mod/LP_647-13-20201102@141716-Eden.fts -> s3://eden-data/RAW/LOT/LP_647-13/2020-11-02/LP_647-13-20201102@141716-Eden.fits (140/346)
Storing /home/altsai/eden/LOT20201102_LP_647_13_mod/LP_647-13-20201102@141834-Eden.fts -> s3://eden-data/RAW/LOT/LP_647-13/2020-11-02/LP_647-13-20201102@141834-Eden.fits (141/346)
Storing /home/altsai/eden/LOT20201102_LP_647_13_mod/LP_647-13-20201102@141953-Eden.fts -> s3://eden-data/RAW/LOT/LP_647-13/2020-11-02/LP_647-13-20201102@141953-Eden.fits (142/346)
Storing /home/altsai/eden/LOT20201102_LP_647_13_mod/LP_647-13-20201102@142109-Eden.fts -> s3://eden-data/RAW/LOT/LP_647-13/2020-11-02/LP_647-13-20201102@142109-Eden.fits (143/346)
Storing /home/altsai/eden/LOT20201102_LP_647_13_mod/LP_647-13-20201102@142225-Eden.fts -> s3://eden-data/RAW/LOT/LP_647-13/2020-11-02/LP_647-13-20201102@142225-Eden.fits (144/346)
Storing /home/altsai/eden/LOT20201102_LP_647_13_mod/LP_647-13-20201102@142344-Eden.fts -> s3://eden-data/RAW/LOT/LP_647-13/2020-11-02/LP_647-13-20201102@142344-Eden.fits (145/346)
Storing /home/altsai/eden/LOT20201102_LP_647_13_mod/LP_647-13-20201102@142500-Eden.fts -> s3://eden-data/RAW/LOT/LP_647-13/2020-11-02/LP_647-13-20201102@142500-Eden.fits (146/346)
Storing /home/altsai/eden/LOT20201102_LP_647_13_mod/LP_647-13-20201102@142617-Eden.fts -> s3://eden-data/RAW/LOT/LP_647-13/2020-11-02/LP_647-13-20201102@142617-Eden.fits (147/346)
Storing /home/altsai/eden/LOT20201102_LP_647_13_mod/LP_647-13-20201102@142735-Eden.fts -> s3://eden-data/RAW/LOT/LP_647-13/2020-11-02/LP_647-13-20201102@142735-Eden.fits (148/346)
Storing /home/altsai/eden/LOT20201102_LP_647_13_mod/LP_647-13-20201102@142853-Eden.fts -> s3://eden-data/RAW/LOT/LP_647-13/2020-11-02/LP_647-13-20201102@142853-Eden.fits (149/346)
Storing /home/altsai/eden/LOT20201102_LP_647_13_mod/LP_647-13-20201102@143011-Eden.fts -> s3://eden-data/RAW/LOT/LP_647-13/2020-11-02/LP_647-13-20201102@143011-Eden.fits (150/346)
Storing /home/altsai/eden/LOT20201102_LP_647_13_mod/LP_647-13-20201102@143129-Eden.fts -> s3://eden-data/RAW/LOT/LP_647-13/2020-11-02/LP_647-13-20201102@143129-Eden.fits (151/346)
Storing /home/altsai/eden/LOT20201102_LP_647_13_mod/LP_647-13-20201102@143246-Eden.fts -> s3://eden-data/RAW/LOT/LP_647-13/2020-11-02/LP_647-13-20201102@143246-Eden.fits (152/346)
Storing /home/altsai/eden/LOT20201102_LP_647_13_mod/LP_647-13-20201102@143406-Eden.fts -> s3://eden-data/RAW/LOT/LP_647-13/2020-11-02/LP_647-13-20201102@143406-Eden.fits (153/346)
Storing /home/altsai/eden/LOT20201102_LP_647_13_mod/LP_647-13-20201102@143523-Eden.fts -> s3://eden-data/RAW/LOT/LP_647-13/2020-11-02/LP_647-13-20201102@143523-Eden.fits (154/346)
Storing /home/altsai/eden/LOT20201102_LP_647_13_mod/LP_647-13-20201102@143638-Eden.fts -> s3://eden-data/RAW/LOT/LP_647-13/2020-11-02/LP_647-13-20201102@143638-Eden.fits (155/346)
Storing /home/altsai/eden/LOT20201102_LP_647_13_mod/LP_647-13-20201102@143758-Eden.fts -> s3://eden-data/RAW/LOT/LP_647-13/2020-11-02/LP_647-13-20201102@143758-Eden.fits (156/346)
Storing /home/altsai/eden/LOT20201102_LP_647_13_mod/LP_647-13-20201102@143914-Eden.fts -> s3://eden-data/RAW/LOT/LP_647-13/2020-11-02/LP_647-13-20201102@143914-Eden.fits (157/346)
Storing /home/altsai/eden/LOT20201102_LP_647_13_mod/LP_647-13-20201102@144032-Eden.fts -> s3://eden-data/RAW/LOT/LP_647-13/2020-11-02/LP_647-13-20201102@144032-Eden.fits (158/346)
Storing /home/altsai/eden/LOT20201102_LP_647_13_mod/LP_647-13-20201102@144151-Eden.fts -> s3://eden-data/RAW/LOT/LP_647-13/2020-11-02/LP_647-13-20201102@144151-Eden.fits (159/346)
Storing /home/altsai/eden/LOT20201102_LP_647_13_mod/LP_647-13-20201102@144309-Eden.fts -> s3://eden-data/RAW/LOT/LP_647-13/2020-11-02/LP_647-13-20201102@144309-Eden.fits (160/346)
Storing /home/altsai/eden/LOT20201102_LP_647_13_mod/LP_647-13-20201102@144425-Eden.fts -> s3://eden-data/RAW/LOT/LP_647-13/2020-11-02/LP_647-13-20201102@144425-Eden.fits (161/346)
Storing /home/altsai/eden/LOT20201102_LP_647_13_mod/LP_647-13-20201102@144543-Eden.fts -> s3://eden-data/RAW/LOT/LP_647-13/2020-11-02/LP_647-13-20201102@144543-Eden.fits (162/346)
Storing /home/altsai/eden/LOT20201102_LP_647_13_mod/LP_647-13-20201102@144700-Eden.fts -> s3://eden-data/RAW/LOT/LP_647-13/2020-11-02/LP_647-13-20201102@144700-Eden.fits (163/346)
Storing /home/altsai/eden/LOT20201102_LP_647_13_mod/LP_647-13-20201102@144817-Eden.fts -> s3://eden-data/RAW/LOT/LP_647-13/2020-11-02/LP_647-13-20201102@144817-Eden.fits (164/346)
Storing /home/altsai/eden/LOT20201102_LP_647_13_mod/LP_647-13-20201102@144934-Eden.fts -> s3://eden-data/RAW/LOT/LP_647-13/2020-11-02/LP_647-13-20201102@144934-Eden.fits (165/346)
Storing /home/altsai/eden/LOT20201102_LP_647_13_mod/LP_647-13-20201102@145055-Eden.fts -> s3://eden-data/RAW/LOT/LP_647-13/2020-11-02/LP_647-13-20201102@145055-Eden.fits (166/346)
Storing /home/altsai/eden/LOT20201102_LP_647_13_mod/LP_647-13-20201102@145213-Eden.fts -> s3://eden-data/RAW/LOT/LP_647-13/2020-11-02/LP_647-13-20201102@145213-Eden.fits (167/346)
Storing /home/altsai/eden/LOT20201102_LP_647_13_mod/LP_647-13-20201102@145332-Eden.fts -> s3://eden-data/RAW/LOT/LP_647-13/2020-11-02/LP_647-13-20201102@145332-Eden.fits (168/346)
Storing /home/altsai/eden/LOT20201102_LP_647_13_mod/LP_647-13-20201102@145448-Eden.fts -> s3://eden-data/RAW/LOT/LP_647-13/2020-11-02/LP_647-13-20201102@145448-Eden.fits (169/346)
Storing /home/altsai/eden/LOT20201102_LP_647_13_mod/LP_647-13-20201102@145605-Eden.fts -> s3://eden-data/RAW/LOT/LP_647-13/2020-11-02/LP_647-13-20201102@145605-Eden.fits (170/346)
Storing /home/altsai/eden/LOT20201102_LP_647_13_mod/LP_647-13-20201102@145723-Eden.fts -> s3://eden-data/RAW/LOT/LP_647-13/2020-11-02/LP_647-13-20201102@145723-Eden.fits (171/346)
Storing /home/altsai/eden/LOT20201102_LP_647_13_mod/LP_647-13-20201102@145842-Eden.fts -> s3://eden-data/RAW/LOT/LP_647-13/2020-11-02/LP_647-13-20201102@145842-Eden.fits (172/346)
Storing /home/altsai/eden/LOT20201102_LP_647_13_mod/LP_647-13-20201102@145959-Eden.fts -> s3://eden-data/RAW/LOT/LP_647-13/2020-11-02/LP_647-13-20201102@145959-Eden.fits (173/346)
Storing /home/altsai/eden/LOT20201102_LP_647_13_mod/LP_647-13-20201102@150115-Eden.fts -> s3://eden-data/RAW/LOT/LP_647-13/2020-11-02/LP_647-13-20201102@150115-Eden.fits (174/346)
Storing /home/altsai/eden/LOT20201102_LP_647_13_mod/LP_647-13-20201102@150232-Eden.fts -> s3://eden-data/RAW/LOT/LP_647-13/2020-11-02/LP_647-13-20201102@150232-Eden.fits (175/346)
Storing /home/altsai/eden/LOT20201102_LP_647_13_mod/LP_647-13-20201102@150350-Eden.fts -> s3://eden-data/RAW/LOT/LP_647-13/2020-11-02/LP_647-13-20201102@150350-Eden.fits (176/346)
Storing /home/altsai/eden/LOT20201102_LP_647_13_mod/LP_647-13-20201102@150508-Eden.fts -> s3://eden-data/RAW/LOT/LP_647-13/2020-11-02/LP_647-13-20201102@150508-Eden.fits (177/346)
Storing /home/altsai/eden/LOT20201102_LP_647_13_mod/LP_647-13-20201102@150623-Eden.fts -> s3://eden-data/RAW/LOT/LP_647-13/2020-11-02/LP_647-13-20201102@150623-Eden.fits (178/346)
Storing /home/altsai/eden/LOT20201102_LP_647_13_mod/LP_647-13-20201102@150740-Eden.fts -> s3://eden-data/RAW/LOT/LP_647-13/2020-11-02/LP_647-13-20201102@150740-Eden.fits (179/346)
Storing /home/altsai/eden/LOT20201102_LP_647_13_mod/LP_647-13-20201102@150857-Eden.fts -> s3://eden-data/RAW/LOT/LP_647-13/2020-11-02/LP_647-13-20201102@150857-Eden.fits (180/346)
Storing /home/altsai/eden/LOT20201102_LP_647_13_mod/LP_647-13-20201102@151015-Eden.fts -> s3://eden-data/RAW/LOT/LP_647-13/2020-11-02/LP_647-13-20201102@151015-Eden.fits (181/346)
Storing /home/altsai/eden/LOT20201102_LP_647_13_mod/LP_647-13-20201102@151131-Eden.fts -> s3://eden-data/RAW/LOT/LP_647-13/2020-11-02/LP_647-13-20201102@151131-Eden.fits (182/346)
Storing /home/altsai/eden/LOT20201102_LP_647_13_mod/LP_647-13-20201102@151248-Eden.fts -> s3://eden-data/RAW/LOT/LP_647-13/2020-11-02/LP_647-13-20201102@151248-Eden.fits (183/346)
Storing /home/altsai/eden/LOT20201102_LP_647_13_mod/LP_647-13-20201102@151405-Eden.fts -> s3://eden-data/RAW/LOT/LP_647-13/2020-11-02/LP_647-13-20201102@151405-Eden.fits (184/346)
Storing /home/altsai/eden/LOT20201102_LP_647_13_mod/LP_647-13-20201102@151522-Eden.fts -> s3://eden-data/RAW/LOT/LP_647-13/2020-11-02/LP_647-13-20201102@151522-Eden.fits (185/346)
Storing /home/altsai/eden/LOT20201102_LP_647_13_mod/LP_647-13-20201102@151639-Eden.fts -> s3://eden-data/RAW/LOT/LP_647-13/2020-11-02/LP_647-13-20201102@151639-Eden.fits (186/346)
Storing /home/altsai/eden/LOT20201102_LP_647_13_mod/LP_647-13-20201102@151756-Eden.fts -> s3://eden-data/RAW/LOT/LP_647-13/2020-11-02/LP_647-13-20201102@151756-Eden.fits (187/346)
Storing /home/altsai/eden/LOT20201102_LP_647_13_mod/LP_647-13-20201102@151914-Eden.fts -> s3://eden-data/RAW/LOT/LP_647-13/2020-11-02/LP_647-13-20201102@151914-Eden.fits (188/346)
Storing /home/altsai/eden/LOT20201102_LP_647_13_mod/LP_647-13-20201102@152032-Eden.fts -> s3://eden-data/RAW/LOT/LP_647-13/2020-11-02/LP_647-13-20201102@152032-Eden.fits (189/346)
Storing /home/altsai/eden/LOT20201102_LP_647_13_mod/LP_647-13-20201102@152148-Eden.fts -> s3://eden-data/RAW/LOT/LP_647-13/2020-11-02/LP_647-13-20201102@152148-Eden.fits (190/346)
Storing /home/altsai/eden/LOT20201102_LP_647_13_mod/LP_647-13-20201102@152304-Eden.fts -> s3://eden-data/RAW/LOT/LP_647-13/2020-11-02/LP_647-13-20201102@152304-Eden.fits (191/346)
Storing /home/altsai/eden/LOT20201102_LP_647_13_mod/LP_647-13-20201102@152422-Eden.fts -> s3://eden-data/RAW/LOT/LP_647-13/2020-11-02/LP_647-13-20201102@152422-Eden.fits (192/346)
Storing /home/altsai/eden/LOT20201102_LP_647_13_mod/LP_647-13-20201102@152539-Eden.fts -> s3://eden-data/RAW/LOT/LP_647-13/2020-11-02/LP_647-13-20201102@152539-Eden.fits (193/346)
Storing /home/altsai/eden/LOT20201102_LP_647_13_mod/LP_647-13-20201102@152657-Eden.fts -> s3://eden-data/RAW/LOT/LP_647-13/2020-11-02/LP_647-13-20201102@152657-Eden.fits (194/346)
Storing /home/altsai/eden/LOT20201102_LP_647_13_mod/LP_647-13-20201102@152815-Eden.fts -> s3://eden-data/RAW/LOT/LP_647-13/2020-11-02/LP_647-13-20201102@152815-Eden.fits (195/346)
Storing /home/altsai/eden/LOT20201102_LP_647_13_mod/LP_647-13-20201102@152934-Eden.fts -> s3://eden-data/RAW/LOT/LP_647-13/2020-11-02/LP_647-13-20201102@152934-Eden.fits (196/346)
Storing /home/altsai/eden/LOT20201102_LP_647_13_mod/LP_647-13-20201102@153051-Eden.fts -> s3://eden-data/RAW/LOT/LP_647-13/2020-11-02/LP_647-13-20201102@153051-Eden.fits (197/346)
Storing /home/altsai/eden/LOT20201102_LP_647_13_mod/LP_647-13-20201102@153209-Eden.fts -> s3://eden-data/RAW/LOT/LP_647-13/2020-11-02/LP_647-13-20201102@153209-Eden.fits (198/346)
Storing /home/altsai/eden/LOT20201102_LP_647_13_mod/LP_647-13-20201102@153327-Eden.fts -> s3://eden-data/RAW/LOT/LP_647-13/2020-11-02/LP_647-13-20201102@153327-Eden.fits (199/346)
Storing /home/altsai/eden/LOT20201102_LP_647_13_mod/LP_647-13-20201102@153443-Eden.fts -> s3://eden-data/RAW/LOT/LP_647-13/2020-11-02/LP_647-13-20201102@153443-Eden.fits (200/346)
Storing /home/altsai/eden/LOT20201102_LP_647_13_mod/LP_647-13-20201102@153600-Eden.fts -> s3://eden-data/RAW/LOT/LP_647-13/2020-11-02/LP_647-13-20201102@153600-Eden.fits (201/346)
Storing /home/altsai/eden/LOT20201102_LP_647_13_mod/LP_647-13-20201102@153717-Eden.fts -> s3://eden-data/RAW/LOT/LP_647-13/2020-11-02/LP_647-13-20201102@153717-Eden.fits (202/346)
Storing /home/altsai/eden/LOT20201102_LP_647_13_mod/LP_647-13-20201102@153834-Eden.fts -> s3://eden-data/RAW/LOT/LP_647-13/2020-11-02/LP_647-13-20201102@153834-Eden.fits (203/346)
Storing /home/altsai/eden/LOT20201102_LP_647_13_mod/LP_647-13-20201102@153952-Eden.fts -> s3://eden-data/RAW/LOT/LP_647-13/2020-11-02/LP_647-13-20201102@153952-Eden.fits (204/346)
Storing /home/altsai/eden/LOT20201102_LP_647_13_mod/LP_647-13-20201102@154109-Eden.fts -> s3://eden-data/RAW/LOT/LP_647-13/2020-11-02/LP_647-13-20201102@154109-Eden.fits (205/346)
Storing /home/altsai/eden/LOT20201102_LP_647_13_mod/LP_647-13-20201102@154227-Eden.fts -> s3://eden-data/RAW/LOT/LP_647-13/2020-11-02/LP_647-13-20201102@154227-Eden.fits (206/346)
Storing /home/altsai/eden/LOT20201102_LP_647_13_mod/LP_647-13-20201102@154346-Eden.fts -> s3://eden-data/RAW/LOT/LP_647-13/2020-11-02/LP_647-13-20201102@154346-Eden.fits (207/346)
Storing /home/altsai/eden/LOT20201102_LP_647_13_mod/LP_647-13-20201102@154502-Eden.fts -> s3://eden-data/RAW/LOT/LP_647-13/2020-11-02/LP_647-13-20201102@154502-Eden.fits (208/346)
Storing /home/altsai/eden/LOT20201102_LP_647_13_mod/LP_647-13-20201102@154619-Eden.fts -> s3://eden-data/RAW/LOT/LP_647-13/2020-11-02/LP_647-13-20201102@154619-Eden.fits (209/346)
Storing /home/altsai/eden/LOT20201102_LP_647_13_mod/LP_647-13-20201102@154736-Eden.fts -> s3://eden-data/RAW/LOT/LP_647-13/2020-11-02/LP_647-13-20201102@154736-Eden.fits (210/346)
Storing /home/altsai/eden/LOT20201102_LP_647_13_mod/LP_647-13-20201102@154853-Eden.fts -> s3://eden-data/RAW/LOT/LP_647-13/2020-11-02/LP_647-13-20201102@154853-Eden.fits (211/346)
Storing /home/altsai/eden/LOT20201102_LP_647_13_mod/LP_647-13-20201102@155011-Eden.fts -> s3://eden-data/RAW/LOT/LP_647-13/2020-11-02/LP_647-13-20201102@155011-Eden.fits (212/346)
Storing /home/altsai/eden/LOT20201102_LP_647_13_mod/LP_647-13-20201102@155128-Eden.fts -> s3://eden-data/RAW/LOT/LP_647-13/2020-11-02/LP_647-13-20201102@155128-Eden.fits (213/346)
Storing /home/altsai/eden/LOT20201102_LP_647_13_mod/LP_647-13-20201102@155245-Eden.fts -> s3://eden-data/RAW/LOT/LP_647-13/2020-11-02/LP_647-13-20201102@155245-Eden.fits (214/346)
Storing /home/altsai/eden/LOT20201102_LP_647_13_mod/LP_647-13-20201102@155402-Eden.fts -> s3://eden-data/RAW/LOT/LP_647-13/2020-11-02/LP_647-13-20201102@155402-Eden.fits (215/346)
Storing /home/altsai/eden/LOT20201102_LP_647_13_mod/LP_647-13-20201102@155520-Eden.fts -> s3://eden-data/RAW/LOT/LP_647-13/2020-11-02/LP_647-13-20201102@155520-Eden.fits (216/346)
Storing /home/altsai/eden/LOT20201102_LP_647_13_mod/LP_647-13-20201102@155638-Eden.fts -> s3://eden-data/RAW/LOT/LP_647-13/2020-11-02/LP_647-13-20201102@155638-Eden.fits (217/346)
Storing /home/altsai/eden/LOT20201102_LP_647_13_mod/LP_647-13-20201102@155756-Eden.fts -> s3://eden-data/RAW/LOT/LP_647-13/2020-11-02/LP_647-13-20201102@155756-Eden.fits (218/346)
Storing /home/altsai/eden/LOT20201102_LP_647_13_mod/LP_647-13-20201102@155912-Eden.fts -> s3://eden-data/RAW/LOT/LP_647-13/2020-11-02/LP_647-13-20201102@155912-Eden.fits (219/346)
Storing /home/altsai/eden/LOT20201102_LP_647_13_mod/LP_647-13-20201102@160028-Eden.fts -> s3://eden-data/RAW/LOT/LP_647-13/2020-11-02/LP_647-13-20201102@160028-Eden.fits (220/346)
Storing /home/altsai/eden/LOT20201102_LP_647_13_mod/LP_647-13-20201102@160147-Eden.fts -> s3://eden-data/RAW/LOT/LP_647-13/2020-11-02/LP_647-13-20201102@160147-Eden.fits (221/346)
Storing /home/altsai/eden/LOT20201102_LP_647_13_mod/LP_647-13-20201102@160306-Eden.fts -> s3://eden-data/RAW/LOT/LP_647-13/2020-11-02/LP_647-13-20201102@160306-Eden.fits (222/346)
Storing /home/altsai/eden/LOT20201102_LP_647_13_mod/LP_647-13-20201102@160424-Eden.fts -> s3://eden-data/RAW/LOT/LP_647-13/2020-11-02/LP_647-13-20201102@160424-Eden.fits (223/346)
Storing /home/altsai/eden/LOT20201102_LP_647_13_mod/LP_647-13-20201102@160542-Eden.fts -> s3://eden-data/RAW/LOT/LP_647-13/2020-11-02/LP_647-13-20201102@160542-Eden.fits (224/346)
Storing /home/altsai/eden/LOT20201102_LP_647_13_mod/LP_647-13-20201102@160659-Eden.fts -> s3://eden-data/RAW/LOT/LP_647-13/2020-11-02/LP_647-13-20201102@160659-Eden.fits (225/346)
Storing /home/altsai/eden/LOT20201102_LP_647_13_mod/LP_647-13-20201102@160817-Eden.fts -> s3://eden-data/RAW/LOT/LP_647-13/2020-11-02/LP_647-13-20201102@160817-Eden.fits (226/346)
Storing /home/altsai/eden/LOT20201102_LP_647_13_mod/LP_647-13-20201102@160935-Eden.fts -> s3://eden-data/RAW/LOT/LP_647-13/2020-11-02/LP_647-13-20201102@160935-Eden.fits (227/346)
Storing /home/altsai/eden/LOT20201102_LP_647_13_mod/LP_647-13-20201102@161052-Eden.fts -> s3://eden-data/RAW/LOT/LP_647-13/2020-11-02/LP_647-13-20201102@161052-Eden.fits (228/346)
Storing /home/altsai/eden/LOT20201102_LP_647_13_mod/LP_647-13-20201102@161209-Eden.fts -> s3://eden-data/RAW/LOT/LP_647-13/2020-11-02/LP_647-13-20201102@161209-Eden.fits (229/346)
Storing /home/altsai/eden/LOT20201102_LP_647_13_mod/LP_647-13-20201102@161327-Eden.fts -> s3://eden-data/RAW/LOT/LP_647-13/2020-11-02/LP_647-13-20201102@161327-Eden.fits (230/346)
Storing /home/altsai/eden/LOT20201102_LP_647_13_mod/LP_647-13-20201102@161445-Eden.fts -> s3://eden-data/RAW/LOT/LP_647-13/2020-11-02/LP_647-13-20201102@161445-Eden.fits (231/346)
Storing /home/altsai/eden/LOT20201102_LP_647_13_mod/LP_647-13-20201102@161601-Eden.fts -> s3://eden-data/RAW/LOT/LP_647-13/2020-11-02/LP_647-13-20201102@161601-Eden.fits (232/346)
Storing /home/altsai/eden/LOT20201102_LP_647_13_mod/LP_647-13-20201102@161717-Eden.fts -> s3://eden-data/RAW/LOT/LP_647-13/2020-11-02/LP_647-13-20201102@161717-Eden.fits (233/346)
Storing /home/altsai/eden/LOT20201102_LP_647_13_mod/LP_647-13-20201102@161833-Eden.fts -> s3://eden-data/RAW/LOT/LP_647-13/2020-11-02/LP_647-13-20201102@161833-Eden.fits (234/346)
Storing /home/altsai/eden/LOT20201102_LP_647_13_mod/LP_647-13-20201102@161953-Eden.fts -> s3://eden-data/RAW/LOT/LP_647-13/2020-11-02/LP_647-13-20201102@161953-Eden.fits (235/346)
Storing /home/altsai/eden/LOT20201102_LP_647_13_mod/LP_647-13-20201102@162113-Eden.fts -> s3://eden-data/RAW/LOT/LP_647-13/2020-11-02/LP_647-13-20201102@162113-Eden.fits (236/346)
Storing /home/altsai/eden/LOT20201102_LP_647_13_mod/LP_647-13-20201102@162230-Eden.fts -> s3://eden-data/RAW/LOT/LP_647-13/2020-11-02/LP_647-13-20201102@162230-Eden.fits (237/346)
Storing /home/altsai/eden/LOT20201102_LP_647_13_mod/LP_647-13-20201102@162345-Eden.fts -> s3://eden-data/RAW/LOT/LP_647-13/2020-11-02/LP_647-13-20201102@162345-Eden.fits (238/346)
Storing /home/altsai/eden/LOT20201102_LP_647_13_mod/LP_647-13-20201102@162502-Eden.fts -> s3://eden-data/RAW/LOT/LP_647-13/2020-11-02/LP_647-13-20201102@162502-Eden.fits (239/346)
Storing /home/altsai/eden/LOT20201102_LP_647_13_mod/LP_647-13-20201102@162619-Eden.fts -> s3://eden-data/RAW/LOT/LP_647-13/2020-11-02/LP_647-13-20201102@162619-Eden.fits (240/346)
Storing /home/altsai/eden/LOT20201102_LP_647_13_mod/LP_647-13-20201102@162736-Eden.fts -> s3://eden-data/RAW/LOT/LP_647-13/2020-11-02/LP_647-13-20201102@162736-Eden.fits (241/346)
Storing /home/altsai/eden/LOT20201102_LP_647_13_mod/LP_647-13-20201102@162854-Eden.fts -> s3://eden-data/RAW/LOT/LP_647-13/2020-11-02/LP_647-13-20201102@162854-Eden.fits (242/346)
Storing /home/altsai/eden/LOT20201102_LP_647_13_mod/LP_647-13-20201102@163013-Eden.fts -> s3://eden-data/RAW/LOT/LP_647-13/2020-11-02/LP_647-13-20201102@163013-Eden.fits (243/346)
Storing /home/altsai/eden/LOT20201102_LP_647_13_mod/LP_647-13-20201102@163129-Eden.fts -> s3://eden-data/RAW/LOT/LP_647-13/2020-11-02/LP_647-13-20201102@163129-Eden.fits (244/346)
Storing /home/altsai/eden/LOT20201102_LP_647_13_mod/LP_647-13-20201102@163246-Eden.fts -> s3://eden-data/RAW/LOT/LP_647-13/2020-11-02/LP_647-13-20201102@163246-Eden.fits (245/346)
Storing /home/altsai/eden/LOT20201102_LP_647_13_mod/LP_647-13-20201102@163403-Eden.fts -> s3://eden-data/RAW/LOT/LP_647-13/2020-11-02/LP_647-13-20201102@163403-Eden.fits (246/346)
Storing /home/altsai/eden/LOT20201102_LP_647_13_mod/LP_647-13-20201102@163520-Eden.fts -> s3://eden-data/RAW/LOT/LP_647-13/2020-11-02/LP_647-13-20201102@163520-Eden.fits (247/346)
Storing /home/altsai/eden/LOT20201102_LP_647_13_mod/LP_647-13-20201102@163636-Eden.fts -> s3://eden-data/RAW/LOT/LP_647-13/2020-11-02/LP_647-13-20201102@163636-Eden.fits (248/346)
Storing /home/altsai/eden/LOT20201102_LP_647_13_mod/LP_647-13-20201102@163752-Eden.fts -> s3://eden-data/RAW/LOT/LP_647-13/2020-11-02/LP_647-13-20201102@163752-Eden.fits (249/346)
Storing /home/altsai/eden/LOT20201102_LP_647_13_mod/LP_647-13-20201102@163910-Eden.fts -> s3://eden-data/RAW/LOT/LP_647-13/2020-11-02/LP_647-13-20201102@163910-Eden.fits (250/346)
Storing /home/altsai/eden/LOT20201102_LP_647_13_mod/LP_647-13-20201102@164026-Eden.fts -> s3://eden-data/RAW/LOT/LP_647-13/2020-11-02/LP_647-13-20201102@164026-Eden.fits (251/346)
Storing /home/altsai/eden/LOT20201102_LP_647_13_mod/LP_647-13-20201102@164143-Eden.fts -> s3://eden-data/RAW/LOT/LP_647-13/2020-11-02/LP_647-13-20201102@164143-Eden.fits (252/346)
Storing /home/altsai/eden/LOT20201102_LP_647_13_mod/LP_647-13-20201102@164258-Eden.fts -> s3://eden-data/RAW/LOT/LP_647-13/2020-11-02/LP_647-13-20201102@164258-Eden.fits (253/346)
Storing /home/altsai/eden/LOT20201102_LP_647_13_mod/LP_647-13-20201102@164414-Eden.fts -> s3://eden-data/RAW/LOT/LP_647-13/2020-11-02/LP_647-13-20201102@164414-Eden.fits (254/346)
Storing /home/altsai/eden/LOT20201102_LP_647_13_mod/LP_647-13-20201102@164530-Eden.fts -> s3://eden-data/RAW/LOT/LP_647-13/2020-11-02/LP_647-13-20201102@164530-Eden.fits (255/346)
Storing /home/altsai/eden/LOT20201102_LP_647_13_mod/LP_647-13-20201102@164648-Eden.fts -> s3://eden-data/RAW/LOT/LP_647-13/2020-11-02/LP_647-13-20201102@164648-Eden.fits (256/346)
Storing /home/altsai/eden/LOT20201102_LP_647_13_mod/LP_647-13-20201102@164805-Eden.fts -> s3://eden-data/RAW/LOT/LP_647-13/2020-11-02/LP_647-13-20201102@164805-Eden.fits (257/346)
Storing /home/altsai/eden/LOT20201102_LP_647_13_mod/LP_647-13-20201102@164921-Eden.fts -> s3://eden-data/RAW/LOT/LP_647-13/2020-11-02/LP_647-13-20201102@164921-Eden.fits (258/346)
Storing /home/altsai/eden/LOT20201102_LP_647_13_mod/LP_647-13-20201102@165037-Eden.fts -> s3://eden-data/RAW/LOT/LP_647-13/2020-11-02/LP_647-13-20201102@165037-Eden.fits (259/346)
Storing /home/altsai/eden/LOT20201102_LP_647_13_mod/LP_647-13-20201102@165155-Eden.fts -> s3://eden-data/RAW/LOT/LP_647-13/2020-11-02/LP_647-13-20201102@165155-Eden.fits (260/346)
Storing /home/altsai/eden/LOT20201102_LP_647_13_mod/LP_647-13-20201102@165312-Eden.fts -> s3://eden-data/RAW/LOT/LP_647-13/2020-11-02/LP_647-13-20201102@165312-Eden.fits (261/346)
Storing /home/altsai/eden/LOT20201102_LP_647_13_mod/LP_647-13-20201102@165429-Eden.fts -> s3://eden-data/RAW/LOT/LP_647-13/2020-11-02/LP_647-13-20201102@165429-Eden.fits (262/346)
Storing /home/altsai/eden/LOT20201102_LP_647_13_mod/LP_647-13-20201102@165544-Eden.fts -> s3://eden-data/RAW/LOT/LP_647-13/2020-11-02/LP_647-13-20201102@165544-Eden.fits (263/346)
Storing /home/altsai/eden/LOT20201102_LP_647_13_mod/LP_647-13-20201102@165701-Eden.fts -> s3://eden-data/RAW/LOT/LP_647-13/2020-11-02/LP_647-13-20201102@165701-Eden.fits (264/346)
Storing /home/altsai/eden/LOT20201102_LP_647_13_mod/LP_647-13-20201102@165820-Eden.fts -> s3://eden-data/RAW/LOT/LP_647-13/2020-11-02/LP_647-13-20201102@165820-Eden.fits (265/346)
Storing /home/altsai/eden/LOT20201102_LP_647_13_mod/LP_647-13-20201102@165936-Eden.fts -> s3://eden-data/RAW/LOT/LP_647-13/2020-11-02/LP_647-13-20201102@165936-Eden.fits (266/346)
Storing /home/altsai/eden/LOT20201102_LP_647_13_mod/LP_647-13-20201102@170051-Eden.fts -> s3://eden-data/RAW/LOT/LP_647-13/2020-11-02/LP_647-13-20201102@170051-Eden.fits (267/346)
Storing /home/altsai/eden/LOT20201102_LP_647_13_mod/LP_647-13-20201102@170210-Eden.fts -> s3://eden-data/RAW/LOT/LP_647-13/2020-11-02/LP_647-13-20201102@170210-Eden.fits (268/346)
Storing /home/altsai/eden/LOT20201102_LP_647_13_mod/LP_647-13-20201102@170325-Eden.fts -> s3://eden-data/RAW/LOT/LP_647-13/2020-11-02/LP_647-13-20201102@170325-Eden.fits (269/346)
Storing /home/altsai/eden/LOT20201102_LP_647_13_mod/LP_647-13-20201102@170442-Eden.fts -> s3://eden-data/RAW/LOT/LP_647-13/2020-11-02/LP_647-13-20201102@170442-Eden.fits (270/346)
Storing /home/altsai/eden/LOT20201102_LP_647_13_mod/LP_647-13-20201102@170558-Eden.fts -> s3://eden-data/RAW/LOT/LP_647-13/2020-11-02/LP_647-13-20201102@170558-Eden.fits (271/346)
Storing /home/altsai/eden/LOT20201102_LP_647_13_mod/LP_647-13-20201102@170716-Eden.fts -> s3://eden-data/RAW/LOT/LP_647-13/2020-11-02/LP_647-13-20201102@170716-Eden.fits (272/346)
Storing /home/altsai/eden/LOT20201102_LP_647_13_mod/LP_647-13-20201102@170834-Eden.fts -> s3://eden-data/RAW/LOT/LP_647-13/2020-11-02/LP_647-13-20201102@170834-Eden.fits (273/346)
Storing /home/altsai/eden/LOT20201102_LP_647_13_mod/LP_647-13-20201102@170949-Eden.fts -> s3://eden-data/RAW/LOT/LP_647-13/2020-11-02/LP_647-13-20201102@170949-Eden.fits (274/346)
Storing /home/altsai/eden/LOT20201102_LP_647_13_mod/LP_647-13-20201102@171106-Eden.fts -> s3://eden-data/RAW/LOT/LP_647-13/2020-11-02/LP_647-13-20201102@171106-Eden.fits (275/346)
Storing /home/altsai/eden/LOT20201102_LP_647_13_mod/LP_647-13-20201102@171223-Eden.fts -> s3://eden-data/RAW/LOT/LP_647-13/2020-11-02/LP_647-13-20201102@171223-Eden.fits (276/346)
Storing /home/altsai/eden/LOT20201102_LP_647_13_mod/LP_647-13-20201102@171339-Eden.fts -> s3://eden-data/RAW/LOT/LP_647-13/2020-11-02/LP_647-13-20201102@171339-Eden.fits (277/346)
Storing /home/altsai/eden/LOT20201102_LP_647_13_mod/LP_647-13-20201102@171456-Eden.fts -> s3://eden-data/RAW/LOT/LP_647-13/2020-11-02/LP_647-13-20201102@171456-Eden.fits (278/346)
Storing /home/altsai/eden/LOT20201102_LP_647_13_mod/LP_647-13-20201102@171614-Eden.fts -> s3://eden-data/RAW/LOT/LP_647-13/2020-11-02/LP_647-13-20201102@171614-Eden.fits (279/346)
Storing /home/altsai/eden/LOT20201102_LP_647_13_mod/LP_647-13-20201102@171731-Eden.fts -> s3://eden-data/RAW/LOT/LP_647-13/2020-11-02/LP_647-13-20201102@171731-Eden.fits (280/346)
Storing /home/altsai/eden/LOT20201102_LP_647_13_mod/LP_647-13-20201102@171848-Eden.fts -> s3://eden-data/RAW/LOT/LP_647-13/2020-11-02/LP_647-13-20201102@171848-Eden.fits (281/346)
Storing /home/altsai/eden/LOT20201102_LP_647_13_mod/LP_647-13-20201102@172004-Eden.fts -> s3://eden-data/RAW/LOT/LP_647-13/2020-11-02/LP_647-13-20201102@172004-Eden.fits (282/346)
Storing /home/altsai/eden/LOT20201102_LP_647_13_mod/LP_647-13-20201102@172121-Eden.fts -> s3://eden-data/RAW/LOT/LP_647-13/2020-11-02/LP_647-13-20201102@172121-Eden.fits (283/346)
Storing /home/altsai/eden/LOT20201102_LP_647_13_mod/LP_647-13-20201102@172238-Eden.fts -> s3://eden-data/RAW/LOT/LP_647-13/2020-11-02/LP_647-13-20201102@172238-Eden.fits (284/346)
Storing /home/altsai/eden/LOT20201102_LP_647_13_mod/LP_647-13-20201102@172356-Eden.fts -> s3://eden-data/RAW/LOT/LP_647-13/2020-11-02/LP_647-13-20201102@172356-Eden.fits (285/346)
Storing /home/altsai/eden/LOT20201102_LP_647_13_mod/LP_647-13-20201102@172512-Eden.fts -> s3://eden-data/RAW/LOT/LP_647-13/2020-11-02/LP_647-13-20201102@172512-Eden.fits (286/346)
Storing /home/altsai/eden/LOT20201102_LP_647_13_mod/LP_647-13-20201102@172630-Eden.fts -> s3://eden-data/RAW/LOT/LP_647-13/2020-11-02/LP_647-13-20201102@172630-Eden.fits (287/346)
Storing /home/altsai/eden/LOT20201102_LP_647_13_mod/LP_647-13-20201102@172746-Eden.fts -> s3://eden-data/RAW/LOT/LP_647-13/2020-11-02/LP_647-13-20201102@172746-Eden.fits (288/346)
Storing /home/altsai/eden/LOT20201102_LP_647_13_mod/LP_647-13-20201102@172902-Eden.fts -> s3://eden-data/RAW/LOT/LP_647-13/2020-11-02/LP_647-13-20201102@172902-Eden.fits (289/346)
Storing /home/altsai/eden/LOT20201102_LP_647_13_mod/LP_647-13-20201102@173020-Eden.fts -> s3://eden-data/RAW/LOT/LP_647-13/2020-11-02/LP_647-13-20201102@173020-Eden.fits (290/346)
Storing /home/altsai/eden/LOT20201102_LP_647_13_mod/LP_647-13-20201102@173137-Eden.fts -> s3://eden-data/RAW/LOT/LP_647-13/2020-11-02/LP_647-13-20201102@173137-Eden.fits (291/346)
Storing /home/altsai/eden/LOT20201102_LP_647_13_mod/LP_647-13-20201102@173254-Eden.fts -> s3://eden-data/RAW/LOT/LP_647-13/2020-11-02/LP_647-13-20201102@173254-Eden.fits (292/346)
Storing /home/altsai/eden/LOT20201102_LP_647_13_mod/LP_647-13-20201102@173411-Eden.fts -> s3://eden-data/RAW/LOT/LP_647-13/2020-11-02/LP_647-13-20201102@173411-Eden.fits (293/346)
Storing /home/altsai/eden/LOT20201102_LP_647_13_mod/LP_647-13-20201102@173527-Eden.fts -> s3://eden-data/RAW/LOT/LP_647-13/2020-11-02/LP_647-13-20201102@173527-Eden.fits (294/346)
Storing /home/altsai/eden/LOT20201102_LP_647_13_mod/LP_647-13-20201102@173644-Eden.fts -> s3://eden-data/RAW/LOT/LP_647-13/2020-11-02/LP_647-13-20201102@173644-Eden.fits (295/346)
Storing /home/altsai/eden/LOT20201102_LP_647_13_mod/LP_647-13-20201102@173801-Eden.fts -> s3://eden-data/RAW/LOT/LP_647-13/2020-11-02/LP_647-13-20201102@173801-Eden.fits (296/346)
Storing /home/altsai/eden/LOT20201102_LP_647_13_mod/LP_647-13-20201102@173919-Eden.fts -> s3://eden-data/RAW/LOT/LP_647-13/2020-11-02/LP_647-13-20201102@173919-Eden.fits (297/346)
Storing /home/altsai/eden/LOT20201102_LP_647_13_mod/LP_647-13-20201102@174035-Eden.fts -> s3://eden-data/RAW/LOT/LP_647-13/2020-11-02/LP_647-13-20201102@174035-Eden.fits (298/346)
Storing /home/altsai/eden/LOT20201102_LP_647_13_mod/LP_647-13-20201102@174151-Eden.fts -> s3://eden-data/RAW/LOT/LP_647-13/2020-11-02/LP_647-13-20201102@174151-Eden.fits (299/346)
Storing /home/altsai/eden/LOT20201102_LP_647_13_mod/LP_647-13-20201102@174308-Eden.fts -> s3://eden-data/RAW/LOT/LP_647-13/2020-11-02/LP_647-13-20201102@174308-Eden.fits (300/346)
Storing /home/altsai/eden/LOT20201102_LP_647_13_mod/LP_647-13-20201102@174424-Eden.fts -> s3://eden-data/RAW/LOT/LP_647-13/2020-11-02/LP_647-13-20201102@174424-Eden.fits (301/346)
Storing /home/altsai/eden/LOT20201102_LP_647_13_mod/LP_647-13-20201102@174540-Eden.fts -> s3://eden-data/RAW/LOT/LP_647-13/2020-11-02/LP_647-13-20201102@174540-Eden.fits (302/346)
Storing /home/altsai/eden/LOT20201102_LP_647_13_mod/LP_647-13-20201102@174658-Eden.fts -> s3://eden-data/RAW/LOT/LP_647-13/2020-11-02/LP_647-13-20201102@174658-Eden.fits (303/346)
Storing /home/altsai/eden/LOT20201102_LP_647_13_mod/LP_647-13-20201102@174817-Eden.fts -> s3://eden-data/RAW/LOT/LP_647-13/2020-11-02/LP_647-13-20201102@174817-Eden.fits (304/346)
Storing /home/altsai/eden/LOT20201102_LP_647_13_mod/LP_647-13-20201102@174935-Eden.fts -> s3://eden-data/RAW/LOT/LP_647-13/2020-11-02/LP_647-13-20201102@174935-Eden.fits (305/346)
Storing /home/altsai/eden/LOT20201102_LP_647_13_mod/LP_647-13-20201102@175051-Eden.fts -> s3://eden-data/RAW/LOT/LP_647-13/2020-11-02/LP_647-13-20201102@175051-Eden.fits (306/346)
Storing /home/altsai/eden/LOT20201102_LP_647_13_mod/LP_647-13-20201102@175206-Eden.fts -> s3://eden-data/RAW/LOT/LP_647-13/2020-11-02/LP_647-13-20201102@175206-Eden.fits (307/346)
Storing /home/altsai/eden/LOT20201102_LP_647_13_mod/LP_647-13-20201102@175324-Eden.fts -> s3://eden-data/RAW/LOT/LP_647-13/2020-11-02/LP_647-13-20201102@175324-Eden.fits (308/346)
Storing /home/altsai/eden/LOT20201102_LP_647_13_mod/LP_647-13-20201102@175443-Eden.fts -> s3://eden-data/RAW/LOT/LP_647-13/2020-11-02/LP_647-13-20201102@175443-Eden.fits (309/346)
Storing /home/altsai/eden/LOT20201102_LP_647_13_mod/LP_647-13-20201102@175600-Eden.fts -> s3://eden-data/RAW/LOT/LP_647-13/2020-11-02/LP_647-13-20201102@175600-Eden.fits (310/346)
Storing /home/altsai/eden/LOT20201102_LP_647_13_mod/LP_647-13-20201102@175717-Eden.fts -> s3://eden-data/RAW/LOT/LP_647-13/2020-11-02/LP_647-13-20201102@175717-Eden.fits (311/346)
Storing /home/altsai/eden/LOT20201102_LP_647_13_mod/LP_647-13-20201102@175834-Eden.fts -> s3://eden-data/RAW/LOT/LP_647-13/2020-11-02/LP_647-13-20201102@175834-Eden.fits (312/346)
Storing /home/altsai/eden/LOT20201102_LP_647_13_mod/LP_647-13-20201102@175951-Eden.fts -> s3://eden-data/RAW/LOT/LP_647-13/2020-11-02/LP_647-13-20201102@175951-Eden.fits (313/346)
Storing /home/altsai/eden/LOT20201102_LP_647_13_mod/LP_647-13-20201102@180110-Eden.fts -> s3://eden-data/RAW/LOT/LP_647-13/2020-11-02/LP_647-13-20201102@180110-Eden.fits (314/346)
Storing /home/altsai/eden/LOT20201102_LP_647_13_mod/LP_647-13-20201102@180227-Eden.fts -> s3://eden-data/RAW/LOT/LP_647-13/2020-11-02/LP_647-13-20201102@180227-Eden.fits (315/346)
Storing /home/altsai/eden/LOT20201102_LP_647_13_mod/LP_647-13-20201102@180343-Eden.fts -> s3://eden-data/RAW/LOT/LP_647-13/2020-11-02/LP_647-13-20201102@180343-Eden.fits (316/346)
Storing /home/altsai/eden/LOT20201102_LP_647_13_mod/LP_647-13-20201102@180501-Eden.fts -> s3://eden-data/RAW/LOT/LP_647-13/2020-11-02/LP_647-13-20201102@180501-Eden.fits (317/346)
Storing /home/altsai/eden/LOT20201102_LP_647_13_mod/LP_647-13-20201102@180618-Eden.fts -> s3://eden-data/RAW/LOT/LP_647-13/2020-11-02/LP_647-13-20201102@180618-Eden.fits (318/346)
Storing /home/altsai/eden/LOT20201102_LP_647_13_mod/LP_647-13-20201102@180735-Eden.fts -> s3://eden-data/RAW/LOT/LP_647-13/2020-11-02/LP_647-13-20201102@180735-Eden.fits (319/346)
Storing /home/altsai/eden/LOT20201102_LP_647_13_mod/LP_647-13-20201102@180853-Eden.fts -> s3://eden-data/RAW/LOT/LP_647-13/2020-11-02/LP_647-13-20201102@180853-Eden.fits (320/346)
Storing /home/altsai/eden/LOT20201102_LP_647_13_mod/LP_647-13-20201102@181011-Eden.fts -> s3://eden-data/RAW/LOT/LP_647-13/2020-11-02/LP_647-13-20201102@181011-Eden.fits (321/346)
Storing /home/altsai/eden/LOT20201102_LP_647_13_mod/LP_647-13-20201102@181127-Eden.fts -> s3://eden-data/RAW/LOT/LP_647-13/2020-11-02/LP_647-13-20201102@181127-Eden.fits (322/346)
Storing /home/altsai/eden/LOT20201102_LP_647_13_mod/LP_647-13-20201102@181242-Eden.fts -> s3://eden-data/RAW/LOT/LP_647-13/2020-11-02/LP_647-13-20201102@181242-Eden.fits (323/346)
Storing /home/altsai/eden/LOT20201102_LP_647_13_mod/LP_647-13-20201102@181359-Eden.fts -> s3://eden-data/RAW/LOT/LP_647-13/2020-11-02/LP_647-13-20201102@181359-Eden.fits (324/346)
Storing /home/altsai/eden/LOT20201102_LP_647_13_mod/LP_647-13-20201102@181516-Eden.fts -> s3://eden-data/RAW/LOT/LP_647-13/2020-11-02/LP_647-13-20201102@181516-Eden.fits (325/346)
Storing /home/altsai/eden/LOT20201102_LP_647_13_mod/LP_647-13-20201102@181632-Eden.fts -> s3://eden-data/RAW/LOT/LP_647-13/2020-11-02/LP_647-13-20201102@181632-Eden.fits (326/346)
Storing /home/altsai/eden/LOT20201102_LP_647_13_mod/LP_647-13-20201102@181748-Eden.fts -> s3://eden-data/RAW/LOT/LP_647-13/2020-11-02/LP_647-13-20201102@181748-Eden.fits (327/346)
Storing /home/altsai/eden/LOT20201102_LP_647_13_mod/LP_647-13-20201102@181904-Eden.fts -> s3://eden-data/RAW/LOT/LP_647-13/2020-11-02/LP_647-13-20201102@181904-Eden.fits (328/346)
Storing /home/altsai/eden/LOT20201102_LP_647_13_mod/LP_647-13-20201102@182024-Eden.fts -> s3://eden-data/RAW/LOT/LP_647-13/2020-11-02/LP_647-13-20201102@182024-Eden.fits (329/346)
Storing /home/altsai/eden/LOT20201102_LP_647_13_mod/LP_647-13-20201102@182143-Eden.fts -> s3://eden-data/RAW/LOT/LP_647-13/2020-11-02/LP_647-13-20201102@182143-Eden.fits (330/346)
Storing /home/altsai/eden/LOT20201102_LP_647_13_mod/LP_647-13-20201102@182300-Eden.fts -> s3://eden-data/RAW/LOT/LP_647-13/2020-11-02/LP_647-13-20201102@182300-Eden.fits (331/346)
Storing /home/altsai/eden/LOT20201102_LP_647_13_mod/LP_647-13-20201102@182415-Eden.fts -> s3://eden-data/RAW/LOT/LP_647-13/2020-11-02/LP_647-13-20201102@182415-Eden.fits (332/346)
Storing /home/altsai/eden/LOT20201102_LP_647_13_mod/LP_647-13-20201102@182532-Eden.fts -> s3://eden-data/RAW/LOT/LP_647-13/2020-11-02/LP_647-13-20201102@182532-Eden.fits (333/346)
Storing /home/altsai/eden/LOT20201102_LP_647_13_mod/LP_647-13-20201102@182647-Eden.fts -> s3://eden-data/RAW/LOT/LP_647-13/2020-11-02/LP_647-13-20201102@182647-Eden.fits (334/346)
Storing /home/altsai/eden/LOT20201102_LP_647_13_mod/LP_647-13-20201102@182805-Eden.fts -> s3://eden-data/RAW/LOT/LP_647-13/2020-11-02/LP_647-13-20201102@182805-Eden.fits (335/346)
Storing /home/altsai/eden/LOT20201102_LP_647_13_mod/LP_647-13-20201102@182922-Eden.fts -> s3://eden-data/RAW/LOT/LP_647-13/2020-11-02/LP_647-13-20201102@182922-Eden.fits (336/346)
Storing /home/altsai/eden/LOT20201102_LP_647_13_mod/LP_647-13-20201102@183042-Eden.fts -> s3://eden-data/RAW/LOT/LP_647-13/2020-11-02/LP_647-13-20201102@183042-Eden.fits (337/346)
Storing /home/altsai/eden/LOT20201102_LP_647_13_mod/LP_647-13-20201102@183200-Eden.fts -> s3://eden-data/RAW/LOT/LP_647-13/2020-11-02/LP_647-13-20201102@183200-Eden.fits (338/346)
Storing /home/altsai/eden/LOT20201102_LP_647_13_mod/LP_647-13-20201102@183317-Eden.fts -> s3://eden-data/RAW/LOT/LP_647-13/2020-11-02/LP_647-13-20201102@183317-Eden.fits (339/346)
Storing /home/altsai/eden/LOT20201102_LP_647_13_mod/LP_647-13-20201102@183434-Eden.fts -> s3://eden-data/RAW/LOT/LP_647-13/2020-11-02/LP_647-13-20201102@183434-Eden.fits (340/346)
Storing /home/altsai/eden/LOT20201102_LP_647_13_mod/LP_647-13-20201102@183552-Eden.fts -> s3://eden-data/RAW/LOT/LP_647-13/2020-11-02/LP_647-13-20201102@183552-Eden.fits (341/346)
Storing /home/altsai/eden/LOT20201102_LP_647_13_mod/LP_647-13-20201102@183709-Eden.fts -> s3://eden-data/RAW/LOT/LP_647-13/2020-11-02/LP_647-13-20201102@183709-Eden.fits (342/346)
Storing /home/altsai/eden/LOT20201102_LP_647_13_mod/LP_647-13-20201102@183826-Eden.fts -> s3://eden-data/RAW/LOT/LP_647-13/2020-11-02/LP_647-13-20201102@183826-Eden.fits (343/346)
Storing /home/altsai/eden/LOT20201102_LP_647_13_mod/LP_647-13-20201102@183945-Eden.fts -> s3://eden-data/RAW/LOT/LP_647-13/2020-11-02/LP_647-13-20201102@183945-Eden.fits (344/346)
Storing /home/altsai/eden/LOT20201102_LP_647_13_mod/LP_647-13-20201102@184102-Eden.fts -> s3://eden-data/RAW/LOT/LP_647-13/2020-11-02/LP_647-13-20201102@184102-Eden.fits (345/346)
Storing /home/altsai/eden/LOT20201102_LP_647_13_mod/LP_647-13-20201102@184218-Eden.fts -> s3://eden-data/RAW/LOT/LP_647-13/2020-11-02/LP_647-13-20201102@184218-Eden.fits (346/346)

Upload complete!
Stored: 346 files (2.9 GB)
