Bucket successfully loaded! eden-data
253 files found
Storing data to the S3 archive!
We can now start uploading the data.
Press return to start the upload, or anything else to abort: Verbose output enabled.
Storing /home/altsai/eden/LOT20211016_GJ1083_mod/GJ_1083-20211016@170342-Eden.fts -> s3://eden-data/RAW/LOT/GJ_1083/2021-10-16/GJ_1083-20211016@170342-Eden.fits (1/253)
Storing /home/altsai/eden/LOT20211016_GJ1083_mod/GJ_1083-20211016@171355-Eden.fts -> s3://eden-data/RAW/LOT/GJ_1083/2021-10-16/GJ_1083-20211016@171355-Eden.fits (2/253)
Storing /home/altsai/eden/LOT20211016_GJ1083_mod/GJ_1083-20211016@171441-Eden.fts -> s3://eden-data/RAW/LOT/GJ_1083/2021-10-16/GJ_1083-20211016@171441-Eden.fits (3/253)
Storing /home/altsai/eden/LOT20211016_GJ1083_mod/GJ_1083-20211016@171527-Eden.fts -> s3://eden-data/RAW/LOT/GJ_1083/2021-10-16/GJ_1083-20211016@171527-Eden.fits (4/253)
Storing /home/altsai/eden/LOT20211016_GJ1083_mod/GJ_1083-20211016@171613-Eden.fts -> s3://eden-data/RAW/LOT/GJ_1083/2021-10-16/GJ_1083-20211016@171613-Eden.fits (5/253)
Storing /home/altsai/eden/LOT20211016_GJ1083_mod/GJ_1083-20211016@171700-Eden.fts -> s3://eden-data/RAW/LOT/GJ_1083/2021-10-16/GJ_1083-20211016@171700-Eden.fits (6/253)
Storing /home/altsai/eden/LOT20211016_GJ1083_mod/GJ_1083-20211016@171747-Eden.fts -> s3://eden-data/RAW/LOT/GJ_1083/2021-10-16/GJ_1083-20211016@171747-Eden.fits (7/253)
Storing /home/altsai/eden/LOT20211016_GJ1083_mod/GJ_1083-20211016@171833-Eden.fts -> s3://eden-data/RAW/LOT/GJ_1083/2021-10-16/GJ_1083-20211016@171833-Eden.fits (8/253)
Storing /home/altsai/eden/LOT20211016_GJ1083_mod/GJ_1083-20211016@171919-Eden.fts -> s3://eden-data/RAW/LOT/GJ_1083/2021-10-16/GJ_1083-20211016@171919-Eden.fits (9/253)
Storing /home/altsai/eden/LOT20211016_GJ1083_mod/GJ_1083-20211016@172004-Eden.fts -> s3://eden-data/RAW/LOT/GJ_1083/2021-10-16/GJ_1083-20211016@172004-Eden.fits (10/253)
Storing /home/altsai/eden/LOT20211016_GJ1083_mod/GJ_1083-20211016@172050-Eden.fts -> s3://eden-data/RAW/LOT/GJ_1083/2021-10-16/GJ_1083-20211016@172050-Eden.fits (11/253)
Storing /home/altsai/eden/LOT20211016_GJ1083_mod/GJ_1083-20211016@172136-Eden.fts -> s3://eden-data/RAW/LOT/GJ_1083/2021-10-16/GJ_1083-20211016@172136-Eden.fits (12/253)
Storing /home/altsai/eden/LOT20211016_GJ1083_mod/GJ_1083-20211016@172221-Eden.fts -> s3://eden-data/RAW/LOT/GJ_1083/2021-10-16/GJ_1083-20211016@172221-Eden.fits (13/253)
Storing /home/altsai/eden/LOT20211016_GJ1083_mod/GJ_1083-20211016@172307-Eden.fts -> s3://eden-data/RAW/LOT/GJ_1083/2021-10-16/GJ_1083-20211016@172307-Eden.fits (14/253)
Storing /home/altsai/eden/LOT20211016_GJ1083_mod/GJ_1083-20211016@172352-Eden.fts -> s3://eden-data/RAW/LOT/GJ_1083/2021-10-16/GJ_1083-20211016@172352-Eden.fits (15/253)
Storing /home/altsai/eden/LOT20211016_GJ1083_mod/GJ_1083-20211016@172437-Eden.fts -> s3://eden-data/RAW/LOT/GJ_1083/2021-10-16/GJ_1083-20211016@172437-Eden.fits (16/253)
Storing /home/altsai/eden/LOT20211016_GJ1083_mod/GJ_1083-20211016@172524-Eden.fts -> s3://eden-data/RAW/LOT/GJ_1083/2021-10-16/GJ_1083-20211016@172524-Eden.fits (17/253)
Storing /home/altsai/eden/LOT20211016_GJ1083_mod/GJ_1083-20211016@172610-Eden.fts -> s3://eden-data/RAW/LOT/GJ_1083/2021-10-16/GJ_1083-20211016@172610-Eden.fits (18/253)
Storing /home/altsai/eden/LOT20211016_GJ1083_mod/GJ_1083-20211016@172655-Eden.fts -> s3://eden-data/RAW/LOT/GJ_1083/2021-10-16/GJ_1083-20211016@172655-Eden.fits (19/253)
Storing /home/altsai/eden/LOT20211016_GJ1083_mod/GJ_1083-20211016@172740-Eden.fts -> s3://eden-data/RAW/LOT/GJ_1083/2021-10-16/GJ_1083-20211016@172740-Eden.fits (20/253)
Storing /home/altsai/eden/LOT20211016_GJ1083_mod/GJ_1083-20211016@172825-Eden.fts -> s3://eden-data/RAW/LOT/GJ_1083/2021-10-16/GJ_1083-20211016@172825-Eden.fits (21/253)
Storing /home/altsai/eden/LOT20211016_GJ1083_mod/GJ_1083-20211016@172911-Eden.fts -> s3://eden-data/RAW/LOT/GJ_1083/2021-10-16/GJ_1083-20211016@172911-Eden.fits (22/253)
Storing /home/altsai/eden/LOT20211016_GJ1083_mod/GJ_1083-20211016@172956-Eden.fts -> s3://eden-data/RAW/LOT/GJ_1083/2021-10-16/GJ_1083-20211016@172956-Eden.fits (23/253)
Storing /home/altsai/eden/LOT20211016_GJ1083_mod/GJ_1083-20211016@173042-Eden.fts -> s3://eden-data/RAW/LOT/GJ_1083/2021-10-16/GJ_1083-20211016@173042-Eden.fits (24/253)
Storing /home/altsai/eden/LOT20211016_GJ1083_mod/GJ_1083-20211016@173129-Eden.fts -> s3://eden-data/RAW/LOT/GJ_1083/2021-10-16/GJ_1083-20211016@173129-Eden.fits (25/253)
Storing /home/altsai/eden/LOT20211016_GJ1083_mod/GJ_1083-20211016@173217-Eden.fts -> s3://eden-data/RAW/LOT/GJ_1083/2021-10-16/GJ_1083-20211016@173217-Eden.fits (26/253)
Storing /home/altsai/eden/LOT20211016_GJ1083_mod/GJ_1083-20211016@173303-Eden.fts -> s3://eden-data/RAW/LOT/GJ_1083/2021-10-16/GJ_1083-20211016@173303-Eden.fits (27/253)
Storing /home/altsai/eden/LOT20211016_GJ1083_mod/GJ_1083-20211016@173349-Eden.fts -> s3://eden-data/RAW/LOT/GJ_1083/2021-10-16/GJ_1083-20211016@173349-Eden.fits (28/253)
Storing /home/altsai/eden/LOT20211016_GJ1083_mod/GJ_1083-20211016@173435-Eden.fts -> s3://eden-data/RAW/LOT/GJ_1083/2021-10-16/GJ_1083-20211016@173435-Eden.fits (29/253)
Storing /home/altsai/eden/LOT20211016_GJ1083_mod/GJ_1083-20211016@173520-Eden.fts -> s3://eden-data/RAW/LOT/GJ_1083/2021-10-16/GJ_1083-20211016@173520-Eden.fits (30/253)
Storing /home/altsai/eden/LOT20211016_GJ1083_mod/GJ_1083-20211016@173606-Eden.fts -> s3://eden-data/RAW/LOT/GJ_1083/2021-10-16/GJ_1083-20211016@173606-Eden.fits (31/253)
Storing /home/altsai/eden/LOT20211016_GJ1083_mod/GJ_1083-20211016@173653-Eden.fts -> s3://eden-data/RAW/LOT/GJ_1083/2021-10-16/GJ_1083-20211016@173653-Eden.fits (32/253)
Storing /home/altsai/eden/LOT20211016_GJ1083_mod/GJ_1083-20211016@173738-Eden.fts -> s3://eden-data/RAW/LOT/GJ_1083/2021-10-16/GJ_1083-20211016@173738-Eden.fits (33/253)
Storing /home/altsai/eden/LOT20211016_GJ1083_mod/GJ_1083-20211016@173824-Eden.fts -> s3://eden-data/RAW/LOT/GJ_1083/2021-10-16/GJ_1083-20211016@173824-Eden.fits (34/253)
Storing /home/altsai/eden/LOT20211016_GJ1083_mod/GJ_1083-20211016@173911-Eden.fts -> s3://eden-data/RAW/LOT/GJ_1083/2021-10-16/GJ_1083-20211016@173911-Eden.fits (35/253)
Storing /home/altsai/eden/LOT20211016_GJ1083_mod/GJ_1083-20211016@173958-Eden.fts -> s3://eden-data/RAW/LOT/GJ_1083/2021-10-16/GJ_1083-20211016@173958-Eden.fits (36/253)
Storing /home/altsai/eden/LOT20211016_GJ1083_mod/GJ_1083-20211016@174043-Eden.fts -> s3://eden-data/RAW/LOT/GJ_1083/2021-10-16/GJ_1083-20211016@174043-Eden.fits (37/253)
Storing /home/altsai/eden/LOT20211016_GJ1083_mod/GJ_1083-20211016@174129-Eden.fts -> s3://eden-data/RAW/LOT/GJ_1083/2021-10-16/GJ_1083-20211016@174129-Eden.fits (38/253)
Storing /home/altsai/eden/LOT20211016_GJ1083_mod/GJ_1083-20211016@174214-Eden.fts -> s3://eden-data/RAW/LOT/GJ_1083/2021-10-16/GJ_1083-20211016@174214-Eden.fits (39/253)
Storing /home/altsai/eden/LOT20211016_GJ1083_mod/GJ_1083-20211016@174259-Eden.fts -> s3://eden-data/RAW/LOT/GJ_1083/2021-10-16/GJ_1083-20211016@174259-Eden.fits (40/253)
Storing /home/altsai/eden/LOT20211016_GJ1083_mod/GJ_1083-20211016@174345-Eden.fts -> s3://eden-data/RAW/LOT/GJ_1083/2021-10-16/GJ_1083-20211016@174345-Eden.fits (41/253)
Storing /home/altsai/eden/LOT20211016_GJ1083_mod/GJ_1083-20211016@174431-Eden.fts -> s3://eden-data/RAW/LOT/GJ_1083/2021-10-16/GJ_1083-20211016@174431-Eden.fits (42/253)
Storing /home/altsai/eden/LOT20211016_GJ1083_mod/GJ_1083-20211016@174516-Eden.fts -> s3://eden-data/RAW/LOT/GJ_1083/2021-10-16/GJ_1083-20211016@174516-Eden.fits (43/253)
Storing /home/altsai/eden/LOT20211016_GJ1083_mod/GJ_1083-20211016@174602-Eden.fts -> s3://eden-data/RAW/LOT/GJ_1083/2021-10-16/GJ_1083-20211016@174602-Eden.fits (44/253)
Storing /home/altsai/eden/LOT20211016_GJ1083_mod/GJ_1083-20211016@174648-Eden.fts -> s3://eden-data/RAW/LOT/GJ_1083/2021-10-16/GJ_1083-20211016@174648-Eden.fits (45/253)
Storing /home/altsai/eden/LOT20211016_GJ1083_mod/GJ_1083-20211016@174733-Eden.fts -> s3://eden-data/RAW/LOT/GJ_1083/2021-10-16/GJ_1083-20211016@174733-Eden.fits (46/253)
Storing /home/altsai/eden/LOT20211016_GJ1083_mod/GJ_1083-20211016@174819-Eden.fts -> s3://eden-data/RAW/LOT/GJ_1083/2021-10-16/GJ_1083-20211016@174819-Eden.fits (47/253)
Storing /home/altsai/eden/LOT20211016_GJ1083_mod/GJ_1083-20211016@174904-Eden.fts -> s3://eden-data/RAW/LOT/GJ_1083/2021-10-16/GJ_1083-20211016@174904-Eden.fits (48/253)
Storing /home/altsai/eden/LOT20211016_GJ1083_mod/GJ_1083-20211016@174949-Eden.fts -> s3://eden-data/RAW/LOT/GJ_1083/2021-10-16/GJ_1083-20211016@174949-Eden.fits (49/253)
Storing /home/altsai/eden/LOT20211016_GJ1083_mod/GJ_1083-20211016@175037-Eden.fts -> s3://eden-data/RAW/LOT/GJ_1083/2021-10-16/GJ_1083-20211016@175037-Eden.fits (50/253)
Storing /home/altsai/eden/LOT20211016_GJ1083_mod/GJ_1083-20211016@175122-Eden.fts -> s3://eden-data/RAW/LOT/GJ_1083/2021-10-16/GJ_1083-20211016@175122-Eden.fits (51/253)
Storing /home/altsai/eden/LOT20211016_GJ1083_mod/GJ_1083-20211016@175207-Eden.fts -> s3://eden-data/RAW/LOT/GJ_1083/2021-10-16/GJ_1083-20211016@175207-Eden.fits (52/253)
Storing /home/altsai/eden/LOT20211016_GJ1083_mod/GJ_1083-20211016@175253-Eden.fts -> s3://eden-data/RAW/LOT/GJ_1083/2021-10-16/GJ_1083-20211016@175253-Eden.fits (53/253)
Storing /home/altsai/eden/LOT20211016_GJ1083_mod/GJ_1083-20211016@175339-Eden.fts -> s3://eden-data/RAW/LOT/GJ_1083/2021-10-16/GJ_1083-20211016@175339-Eden.fits (54/253)
Storing /home/altsai/eden/LOT20211016_GJ1083_mod/GJ_1083-20211016@175425-Eden.fts -> s3://eden-data/RAW/LOT/GJ_1083/2021-10-16/GJ_1083-20211016@175425-Eden.fits (55/253)
Storing /home/altsai/eden/LOT20211016_GJ1083_mod/GJ_1083-20211016@175510-Eden.fts -> s3://eden-data/RAW/LOT/GJ_1083/2021-10-16/GJ_1083-20211016@175510-Eden.fits (56/253)
Storing /home/altsai/eden/LOT20211016_GJ1083_mod/GJ_1083-20211016@175557-Eden.fts -> s3://eden-data/RAW/LOT/GJ_1083/2021-10-16/GJ_1083-20211016@175557-Eden.fits (57/253)
Storing /home/altsai/eden/LOT20211016_GJ1083_mod/GJ_1083-20211016@175643-Eden.fts -> s3://eden-data/RAW/LOT/GJ_1083/2021-10-16/GJ_1083-20211016@175643-Eden.fits (58/253)
Storing /home/altsai/eden/LOT20211016_GJ1083_mod/GJ_1083-20211016@175729-Eden.fts -> s3://eden-data/RAW/LOT/GJ_1083/2021-10-16/GJ_1083-20211016@175729-Eden.fits (59/253)
Storing /home/altsai/eden/LOT20211016_GJ1083_mod/GJ_1083-20211016@175815-Eden.fts -> s3://eden-data/RAW/LOT/GJ_1083/2021-10-16/GJ_1083-20211016@175815-Eden.fits (60/253)
Storing /home/altsai/eden/LOT20211016_GJ1083_mod/GJ_1083-20211016@175901-Eden.fts -> s3://eden-data/RAW/LOT/GJ_1083/2021-10-16/GJ_1083-20211016@175901-Eden.fits (61/253)
Storing /home/altsai/eden/LOT20211016_GJ1083_mod/GJ_1083-20211016@175947-Eden.fts -> s3://eden-data/RAW/LOT/GJ_1083/2021-10-16/GJ_1083-20211016@175947-Eden.fits (62/253)
Storing /home/altsai/eden/LOT20211016_GJ1083_mod/GJ_1083-20211016@180033-Eden.fts -> s3://eden-data/RAW/LOT/GJ_1083/2021-10-16/GJ_1083-20211016@180033-Eden.fits (63/253)
Storing /home/altsai/eden/LOT20211016_GJ1083_mod/GJ_1083-20211016@180118-Eden.fts -> s3://eden-data/RAW/LOT/GJ_1083/2021-10-16/GJ_1083-20211016@180118-Eden.fits (64/253)
Storing /home/altsai/eden/LOT20211016_GJ1083_mod/GJ_1083-20211016@180204-Eden.fts -> s3://eden-data/RAW/LOT/GJ_1083/2021-10-16/GJ_1083-20211016@180204-Eden.fits (65/253)
Storing /home/altsai/eden/LOT20211016_GJ1083_mod/GJ_1083-20211016@180250-Eden.fts -> s3://eden-data/RAW/LOT/GJ_1083/2021-10-16/GJ_1083-20211016@180250-Eden.fits (66/253)
Storing /home/altsai/eden/LOT20211016_GJ1083_mod/GJ_1083-20211016@180336-Eden.fts -> s3://eden-data/RAW/LOT/GJ_1083/2021-10-16/GJ_1083-20211016@180336-Eden.fits (67/253)
Storing /home/altsai/eden/LOT20211016_GJ1083_mod/GJ_1083-20211016@180422-Eden.fts -> s3://eden-data/RAW/LOT/GJ_1083/2021-10-16/GJ_1083-20211016@180422-Eden.fits (68/253)
Storing /home/altsai/eden/LOT20211016_GJ1083_mod/GJ_1083-20211016@180508-Eden.fts -> s3://eden-data/RAW/LOT/GJ_1083/2021-10-16/GJ_1083-20211016@180508-Eden.fits (69/253)
Storing /home/altsai/eden/LOT20211016_GJ1083_mod/GJ_1083-20211016@180553-Eden.fts -> s3://eden-data/RAW/LOT/GJ_1083/2021-10-16/GJ_1083-20211016@180553-Eden.fits (70/253)
Storing /home/altsai/eden/LOT20211016_GJ1083_mod/GJ_1083-20211016@180638-Eden.fts -> s3://eden-data/RAW/LOT/GJ_1083/2021-10-16/GJ_1083-20211016@180638-Eden.fits (71/253)
Storing /home/altsai/eden/LOT20211016_GJ1083_mod/GJ_1083-20211016@180724-Eden.fts -> s3://eden-data/RAW/LOT/GJ_1083/2021-10-16/GJ_1083-20211016@180724-Eden.fits (72/253)
Storing /home/altsai/eden/LOT20211016_GJ1083_mod/GJ_1083-20211016@180809-Eden.fts -> s3://eden-data/RAW/LOT/GJ_1083/2021-10-16/GJ_1083-20211016@180809-Eden.fits (73/253)
Storing /home/altsai/eden/LOT20211016_GJ1083_mod/GJ_1083-20211016@180855-Eden.fts -> s3://eden-data/RAW/LOT/GJ_1083/2021-10-16/GJ_1083-20211016@180855-Eden.fits (74/253)
Storing /home/altsai/eden/LOT20211016_GJ1083_mod/GJ_1083-20211016@180941-Eden.fts -> s3://eden-data/RAW/LOT/GJ_1083/2021-10-16/GJ_1083-20211016@180941-Eden.fits (75/253)
Storing /home/altsai/eden/LOT20211016_GJ1083_mod/GJ_1083-20211016@181028-Eden.fts -> s3://eden-data/RAW/LOT/GJ_1083/2021-10-16/GJ_1083-20211016@181028-Eden.fits (76/253)
Storing /home/altsai/eden/LOT20211016_GJ1083_mod/GJ_1083-20211016@181113-Eden.fts -> s3://eden-data/RAW/LOT/GJ_1083/2021-10-16/GJ_1083-20211016@181113-Eden.fits (77/253)
Storing /home/altsai/eden/LOT20211016_GJ1083_mod/GJ_1083-20211016@181159-Eden.fts -> s3://eden-data/RAW/LOT/GJ_1083/2021-10-16/GJ_1083-20211016@181159-Eden.fits (78/253)
Storing /home/altsai/eden/LOT20211016_GJ1083_mod/GJ_1083-20211016@181245-Eden.fts -> s3://eden-data/RAW/LOT/GJ_1083/2021-10-16/GJ_1083-20211016@181245-Eden.fits (79/253)
Storing /home/altsai/eden/LOT20211016_GJ1083_mod/GJ_1083-20211016@181330-Eden.fts -> s3://eden-data/RAW/LOT/GJ_1083/2021-10-16/GJ_1083-20211016@181330-Eden.fits (80/253)
Storing /home/altsai/eden/LOT20211016_GJ1083_mod/GJ_1083-20211016@181416-Eden.fts -> s3://eden-data/RAW/LOT/GJ_1083/2021-10-16/GJ_1083-20211016@181416-Eden.fits (81/253)
Storing /home/altsai/eden/LOT20211016_GJ1083_mod/GJ_1083-20211016@181502-Eden.fts -> s3://eden-data/RAW/LOT/GJ_1083/2021-10-16/GJ_1083-20211016@181502-Eden.fits (82/253)
Storing /home/altsai/eden/LOT20211016_GJ1083_mod/GJ_1083-20211016@181549-Eden.fts -> s3://eden-data/RAW/LOT/GJ_1083/2021-10-16/GJ_1083-20211016@181549-Eden.fits (83/253)
Storing /home/altsai/eden/LOT20211016_GJ1083_mod/GJ_1083-20211016@181635-Eden.fts -> s3://eden-data/RAW/LOT/GJ_1083/2021-10-16/GJ_1083-20211016@181635-Eden.fits (84/253)
Storing /home/altsai/eden/LOT20211016_GJ1083_mod/GJ_1083-20211016@181721-Eden.fts -> s3://eden-data/RAW/LOT/GJ_1083/2021-10-16/GJ_1083-20211016@181721-Eden.fits (85/253)
Storing /home/altsai/eden/LOT20211016_GJ1083_mod/GJ_1083-20211016@181807-Eden.fts -> s3://eden-data/RAW/LOT/GJ_1083/2021-10-16/GJ_1083-20211016@181807-Eden.fits (86/253)
Storing /home/altsai/eden/LOT20211016_GJ1083_mod/GJ_1083-20211016@181853-Eden.fts -> s3://eden-data/RAW/LOT/GJ_1083/2021-10-16/GJ_1083-20211016@181853-Eden.fits (87/253)
Storing /home/altsai/eden/LOT20211016_GJ1083_mod/GJ_1083-20211016@181940-Eden.fts -> s3://eden-data/RAW/LOT/GJ_1083/2021-10-16/GJ_1083-20211016@181940-Eden.fits (88/253)
Storing /home/altsai/eden/LOT20211016_GJ1083_mod/GJ_1083-20211016@182027-Eden.fts -> s3://eden-data/RAW/LOT/GJ_1083/2021-10-16/GJ_1083-20211016@182027-Eden.fits (89/253)
Storing /home/altsai/eden/LOT20211016_GJ1083_mod/GJ_1083-20211016@182112-Eden.fts -> s3://eden-data/RAW/LOT/GJ_1083/2021-10-16/GJ_1083-20211016@182112-Eden.fits (90/253)
Storing /home/altsai/eden/LOT20211016_GJ1083_mod/GJ_1083-20211016@182158-Eden.fts -> s3://eden-data/RAW/LOT/GJ_1083/2021-10-16/GJ_1083-20211016@182158-Eden.fits (91/253)
Storing /home/altsai/eden/LOT20211016_GJ1083_mod/GJ_1083-20211016@182243-Eden.fts -> s3://eden-data/RAW/LOT/GJ_1083/2021-10-16/GJ_1083-20211016@182243-Eden.fits (92/253)
Storing /home/altsai/eden/LOT20211016_GJ1083_mod/GJ_1083-20211016@182329-Eden.fts -> s3://eden-data/RAW/LOT/GJ_1083/2021-10-16/GJ_1083-20211016@182329-Eden.fits (93/253)
Storing /home/altsai/eden/LOT20211016_GJ1083_mod/GJ_1083-20211016@182415-Eden.fts -> s3://eden-data/RAW/LOT/GJ_1083/2021-10-16/GJ_1083-20211016@182415-Eden.fits (94/253)
Storing /home/altsai/eden/LOT20211016_GJ1083_mod/GJ_1083-20211016@182502-Eden.fts -> s3://eden-data/RAW/LOT/GJ_1083/2021-10-16/GJ_1083-20211016@182502-Eden.fits (95/253)
Storing /home/altsai/eden/LOT20211016_GJ1083_mod/GJ_1083-20211016@182547-Eden.fts -> s3://eden-data/RAW/LOT/GJ_1083/2021-10-16/GJ_1083-20211016@182547-Eden.fits (96/253)
Storing /home/altsai/eden/LOT20211016_GJ1083_mod/GJ_1083-20211016@182632-Eden.fts -> s3://eden-data/RAW/LOT/GJ_1083/2021-10-16/GJ_1083-20211016@182632-Eden.fits (97/253)
Storing /home/altsai/eden/LOT20211016_GJ1083_mod/GJ_1083-20211016@182719-Eden.fts -> s3://eden-data/RAW/LOT/GJ_1083/2021-10-16/GJ_1083-20211016@182719-Eden.fits (98/253)
Storing /home/altsai/eden/LOT20211016_GJ1083_mod/GJ_1083-20211016@182805-Eden.fts -> s3://eden-data/RAW/LOT/GJ_1083/2021-10-16/GJ_1083-20211016@182805-Eden.fits (99/253)
Storing /home/altsai/eden/LOT20211016_GJ1083_mod/GJ_1083-20211016@182850-Eden.fts -> s3://eden-data/RAW/LOT/GJ_1083/2021-10-16/GJ_1083-20211016@182850-Eden.fits (100/253)
Storing /home/altsai/eden/LOT20211016_GJ1083_mod/GJ_1083-20211016@182937-Eden.fts -> s3://eden-data/RAW/LOT/GJ_1083/2021-10-16/GJ_1083-20211016@182937-Eden.fits (101/253)
Storing /home/altsai/eden/LOT20211016_GJ1083_mod/GJ_1083-20211016@183022-Eden.fts -> s3://eden-data/RAW/LOT/GJ_1083/2021-10-16/GJ_1083-20211016@183022-Eden.fits (102/253)
Storing /home/altsai/eden/LOT20211016_GJ1083_mod/GJ_1083-20211016@183109-Eden.fts -> s3://eden-data/RAW/LOT/GJ_1083/2021-10-16/GJ_1083-20211016@183109-Eden.fits (103/253)
Storing /home/altsai/eden/LOT20211016_GJ1083_mod/GJ_1083-20211016@183155-Eden.fts -> s3://eden-data/RAW/LOT/GJ_1083/2021-10-16/GJ_1083-20211016@183155-Eden.fits (104/253)
Storing /home/altsai/eden/LOT20211016_GJ1083_mod/GJ_1083-20211016@183242-Eden.fts -> s3://eden-data/RAW/LOT/GJ_1083/2021-10-16/GJ_1083-20211016@183242-Eden.fits (105/253)
Storing /home/altsai/eden/LOT20211016_GJ1083_mod/GJ_1083-20211016@183331-Eden.fts -> s3://eden-data/RAW/LOT/GJ_1083/2021-10-16/GJ_1083-20211016@183331-Eden.fits (106/253)
Storing /home/altsai/eden/LOT20211016_GJ1083_mod/GJ_1083-20211016@183415-Eden.fts -> s3://eden-data/RAW/LOT/GJ_1083/2021-10-16/GJ_1083-20211016@183415-Eden.fits (107/253)
Storing /home/altsai/eden/LOT20211016_GJ1083_mod/GJ_1083-20211016@183501-Eden.fts -> s3://eden-data/RAW/LOT/GJ_1083/2021-10-16/GJ_1083-20211016@183501-Eden.fits (108/253)
Storing /home/altsai/eden/LOT20211016_GJ1083_mod/GJ_1083-20211016@183546-Eden.fts -> s3://eden-data/RAW/LOT/GJ_1083/2021-10-16/GJ_1083-20211016@183546-Eden.fits (109/253)
Storing /home/altsai/eden/LOT20211016_GJ1083_mod/GJ_1083-20211016@183632-Eden.fts -> s3://eden-data/RAW/LOT/GJ_1083/2021-10-16/GJ_1083-20211016@183632-Eden.fits (110/253)
Storing /home/altsai/eden/LOT20211016_GJ1083_mod/GJ_1083-20211016@183718-Eden.fts -> s3://eden-data/RAW/LOT/GJ_1083/2021-10-16/GJ_1083-20211016@183718-Eden.fits (111/253)
Storing /home/altsai/eden/LOT20211016_GJ1083_mod/GJ_1083-20211016@183804-Eden.fts -> s3://eden-data/RAW/LOT/GJ_1083/2021-10-16/GJ_1083-20211016@183804-Eden.fits (112/253)
Storing /home/altsai/eden/LOT20211016_GJ1083_mod/GJ_1083-20211016@183849-Eden.fts -> s3://eden-data/RAW/LOT/GJ_1083/2021-10-16/GJ_1083-20211016@183849-Eden.fits (113/253)
Storing /home/altsai/eden/LOT20211016_GJ1083_mod/GJ_1083-20211016@183935-Eden.fts -> s3://eden-data/RAW/LOT/GJ_1083/2021-10-16/GJ_1083-20211016@183935-Eden.fits (114/253)
Storing /home/altsai/eden/LOT20211016_GJ1083_mod/GJ_1083-20211016@184020-Eden.fts -> s3://eden-data/RAW/LOT/GJ_1083/2021-10-16/GJ_1083-20211016@184020-Eden.fits (115/253)
Storing /home/altsai/eden/LOT20211016_GJ1083_mod/GJ_1083-20211016@184106-Eden.fts -> s3://eden-data/RAW/LOT/GJ_1083/2021-10-16/GJ_1083-20211016@184106-Eden.fits (116/253)
Storing /home/altsai/eden/LOT20211016_GJ1083_mod/GJ_1083-20211016@184152-Eden.fts -> s3://eden-data/RAW/LOT/GJ_1083/2021-10-16/GJ_1083-20211016@184152-Eden.fits (117/253)
Storing /home/altsai/eden/LOT20211016_GJ1083_mod/GJ_1083-20211016@184239-Eden.fts -> s3://eden-data/RAW/LOT/GJ_1083/2021-10-16/GJ_1083-20211016@184239-Eden.fits (118/253)
Storing /home/altsai/eden/LOT20211016_GJ1083_mod/GJ_1083-20211016@184326-Eden.fts -> s3://eden-data/RAW/LOT/GJ_1083/2021-10-16/GJ_1083-20211016@184326-Eden.fits (119/253)
Storing /home/altsai/eden/LOT20211016_GJ1083_mod/GJ_1083-20211016@184412-Eden.fts -> s3://eden-data/RAW/LOT/GJ_1083/2021-10-16/GJ_1083-20211016@184412-Eden.fits (120/253)
Storing /home/altsai/eden/LOT20211016_GJ1083_mod/GJ_1083-20211016@184457-Eden.fts -> s3://eden-data/RAW/LOT/GJ_1083/2021-10-16/GJ_1083-20211016@184457-Eden.fits (121/253)
Storing /home/altsai/eden/LOT20211016_GJ1083_mod/GJ_1083-20211016@184543-Eden.fts -> s3://eden-data/RAW/LOT/GJ_1083/2021-10-16/GJ_1083-20211016@184543-Eden.fits (122/253)
Storing /home/altsai/eden/LOT20211016_GJ1083_mod/GJ_1083-20211016@184629-Eden.fts -> s3://eden-data/RAW/LOT/GJ_1083/2021-10-16/GJ_1083-20211016@184629-Eden.fits (123/253)
Storing /home/altsai/eden/LOT20211016_GJ1083_mod/GJ_1083-20211016@184715-Eden.fts -> s3://eden-data/RAW/LOT/GJ_1083/2021-10-16/GJ_1083-20211016@184715-Eden.fits (124/253)
Storing /home/altsai/eden/LOT20211016_GJ1083_mod/GJ_1083-20211016@184802-Eden.fts -> s3://eden-data/RAW/LOT/GJ_1083/2021-10-16/GJ_1083-20211016@184802-Eden.fits (125/253)
Storing /home/altsai/eden/LOT20211016_GJ1083_mod/GJ_1083-20211016@184847-Eden.fts -> s3://eden-data/RAW/LOT/GJ_1083/2021-10-16/GJ_1083-20211016@184847-Eden.fits (126/253)
Storing /home/altsai/eden/LOT20211016_GJ1083_mod/GJ_1083-20211016@184933-Eden.fts -> s3://eden-data/RAW/LOT/GJ_1083/2021-10-16/GJ_1083-20211016@184933-Eden.fits (127/253)
Storing /home/altsai/eden/LOT20211016_GJ1083_mod/GJ_1083-20211016@185019-Eden.fts -> s3://eden-data/RAW/LOT/GJ_1083/2021-10-16/GJ_1083-20211016@185019-Eden.fits (128/253)
Storing /home/altsai/eden/LOT20211016_GJ1083_mod/GJ_1083-20211016@185105-Eden.fts -> s3://eden-data/RAW/LOT/GJ_1083/2021-10-16/GJ_1083-20211016@185105-Eden.fits (129/253)
Storing /home/altsai/eden/LOT20211016_GJ1083_mod/GJ_1083-20211016@185151-Eden.fts -> s3://eden-data/RAW/LOT/GJ_1083/2021-10-16/GJ_1083-20211016@185151-Eden.fits (130/253)
Storing /home/altsai/eden/LOT20211016_GJ1083_mod/GJ_1083-20211016@185236-Eden.fts -> s3://eden-data/RAW/LOT/GJ_1083/2021-10-16/GJ_1083-20211016@185236-Eden.fits (131/253)
Storing /home/altsai/eden/LOT20211016_GJ1083_mod/GJ_1083-20211016@185322-Eden.fts -> s3://eden-data/RAW/LOT/GJ_1083/2021-10-16/GJ_1083-20211016@185322-Eden.fits (132/253)
Storing /home/altsai/eden/LOT20211016_GJ1083_mod/GJ_1083-20211016@185407-Eden.fts -> s3://eden-data/RAW/LOT/GJ_1083/2021-10-16/GJ_1083-20211016@185407-Eden.fits (133/253)
Storing /home/altsai/eden/LOT20211016_GJ1083_mod/GJ_1083-20211016@185454-Eden.fts -> s3://eden-data/RAW/LOT/GJ_1083/2021-10-16/GJ_1083-20211016@185454-Eden.fits (134/253)
Storing /home/altsai/eden/LOT20211016_GJ1083_mod/GJ_1083-20211016@185540-Eden.fts -> s3://eden-data/RAW/LOT/GJ_1083/2021-10-16/GJ_1083-20211016@185540-Eden.fits (135/253)
Storing /home/altsai/eden/LOT20211016_GJ1083_mod/GJ_1083-20211016@185627-Eden.fts -> s3://eden-data/RAW/LOT/GJ_1083/2021-10-16/GJ_1083-20211016@185627-Eden.fits (136/253)
Storing /home/altsai/eden/LOT20211016_GJ1083_mod/GJ_1083-20211016@185713-Eden.fts -> s3://eden-data/RAW/LOT/GJ_1083/2021-10-16/GJ_1083-20211016@185713-Eden.fits (137/253)
Storing /home/altsai/eden/LOT20211016_GJ1083_mod/GJ_1083-20211016@185759-Eden.fts -> s3://eden-data/RAW/LOT/GJ_1083/2021-10-16/GJ_1083-20211016@185759-Eden.fits (138/253)
Storing /home/altsai/eden/LOT20211016_GJ1083_mod/GJ_1083-20211016@185844-Eden.fts -> s3://eden-data/RAW/LOT/GJ_1083/2021-10-16/GJ_1083-20211016@185844-Eden.fits (139/253)
Storing /home/altsai/eden/LOT20211016_GJ1083_mod/GJ_1083-20211016@185931-Eden.fts -> s3://eden-data/RAW/LOT/GJ_1083/2021-10-16/GJ_1083-20211016@185931-Eden.fits (140/253)
Storing /home/altsai/eden/LOT20211016_GJ1083_mod/GJ_1083-20211016@190017-Eden.fts -> s3://eden-data/RAW/LOT/GJ_1083/2021-10-16/GJ_1083-20211016@190017-Eden.fits (141/253)
Storing /home/altsai/eden/LOT20211016_GJ1083_mod/GJ_1083-20211016@190103-Eden.fts -> s3://eden-data/RAW/LOT/GJ_1083/2021-10-16/GJ_1083-20211016@190103-Eden.fits (142/253)
Storing /home/altsai/eden/LOT20211016_GJ1083_mod/GJ_1083-20211016@190149-Eden.fts -> s3://eden-data/RAW/LOT/GJ_1083/2021-10-16/GJ_1083-20211016@190149-Eden.fits (143/253)
Storing /home/altsai/eden/LOT20211016_GJ1083_mod/GJ_1083-20211016@190236-Eden.fts -> s3://eden-data/RAW/LOT/GJ_1083/2021-10-16/GJ_1083-20211016@190236-Eden.fits (144/253)
Storing /home/altsai/eden/LOT20211016_GJ1083_mod/GJ_1083-20211016@190322-Eden.fts -> s3://eden-data/RAW/LOT/GJ_1083/2021-10-16/GJ_1083-20211016@190322-Eden.fits (145/253)
Storing /home/altsai/eden/LOT20211016_GJ1083_mod/GJ_1083-20211016@190407-Eden.fts -> s3://eden-data/RAW/LOT/GJ_1083/2021-10-16/GJ_1083-20211016@190407-Eden.fits (146/253)
Storing /home/altsai/eden/LOT20211016_GJ1083_mod/GJ_1083-20211016@190454-Eden.fts -> s3://eden-data/RAW/LOT/GJ_1083/2021-10-16/GJ_1083-20211016@190454-Eden.fits (147/253)
Storing /home/altsai/eden/LOT20211016_GJ1083_mod/GJ_1083-20211016@190539-Eden.fts -> s3://eden-data/RAW/LOT/GJ_1083/2021-10-16/GJ_1083-20211016@190539-Eden.fits (148/253)
Storing /home/altsai/eden/LOT20211016_GJ1083_mod/GJ_1083-20211016@190625-Eden.fts -> s3://eden-data/RAW/LOT/GJ_1083/2021-10-16/GJ_1083-20211016@190625-Eden.fits (149/253)
Storing /home/altsai/eden/LOT20211016_GJ1083_mod/GJ_1083-20211016@190711-Eden.fts -> s3://eden-data/RAW/LOT/GJ_1083/2021-10-16/GJ_1083-20211016@190711-Eden.fits (150/253)
Storing /home/altsai/eden/LOT20211016_GJ1083_mod/GJ_1083-20211016@190756-Eden.fts -> s3://eden-data/RAW/LOT/GJ_1083/2021-10-16/GJ_1083-20211016@190756-Eden.fits (151/253)
Storing /home/altsai/eden/LOT20211016_GJ1083_mod/GJ_1083-20211016@190841-Eden.fts -> s3://eden-data/RAW/LOT/GJ_1083/2021-10-16/GJ_1083-20211016@190841-Eden.fits (152/253)
Storing /home/altsai/eden/LOT20211016_GJ1083_mod/GJ_1083-20211016@190927-Eden.fts -> s3://eden-data/RAW/LOT/GJ_1083/2021-10-16/GJ_1083-20211016@190927-Eden.fits (153/253)
Storing /home/altsai/eden/LOT20211016_GJ1083_mod/GJ_1083-20211016@191014-Eden.fts -> s3://eden-data/RAW/LOT/GJ_1083/2021-10-16/GJ_1083-20211016@191014-Eden.fits (154/253)
Storing /home/altsai/eden/LOT20211016_GJ1083_mod/GJ_1083-20211016@191059-Eden.fts -> s3://eden-data/RAW/LOT/GJ_1083/2021-10-16/GJ_1083-20211016@191059-Eden.fits (155/253)
Storing /home/altsai/eden/LOT20211016_GJ1083_mod/GJ_1083-20211016@191145-Eden.fts -> s3://eden-data/RAW/LOT/GJ_1083/2021-10-16/GJ_1083-20211016@191145-Eden.fits (156/253)
Storing /home/altsai/eden/LOT20211016_GJ1083_mod/GJ_1083-20211016@191231-Eden.fts -> s3://eden-data/RAW/LOT/GJ_1083/2021-10-16/GJ_1083-20211016@191231-Eden.fits (157/253)
Storing /home/altsai/eden/LOT20211016_GJ1083_mod/GJ_1083-20211016@191317-Eden.fts -> s3://eden-data/RAW/LOT/GJ_1083/2021-10-16/GJ_1083-20211016@191317-Eden.fits (158/253)
Storing /home/altsai/eden/LOT20211016_GJ1083_mod/GJ_1083-20211016@191403-Eden.fts -> s3://eden-data/RAW/LOT/GJ_1083/2021-10-16/GJ_1083-20211016@191403-Eden.fits (159/253)
Storing /home/altsai/eden/LOT20211016_GJ1083_mod/GJ_1083-20211016@191447-Eden.fts -> s3://eden-data/RAW/LOT/GJ_1083/2021-10-16/GJ_1083-20211016@191447-Eden.fits (160/253)
Storing /home/altsai/eden/LOT20211016_GJ1083_mod/GJ_1083-20211016@191533-Eden.fts -> s3://eden-data/RAW/LOT/GJ_1083/2021-10-16/GJ_1083-20211016@191533-Eden.fits (161/253)
Storing /home/altsai/eden/LOT20211016_GJ1083_mod/GJ_1083-20211016@191618-Eden.fts -> s3://eden-data/RAW/LOT/GJ_1083/2021-10-16/GJ_1083-20211016@191618-Eden.fits (162/253)
Storing /home/altsai/eden/LOT20211016_GJ1083_mod/GJ_1083-20211016@191705-Eden.fts -> s3://eden-data/RAW/LOT/GJ_1083/2021-10-16/GJ_1083-20211016@191705-Eden.fits (163/253)
Storing /home/altsai/eden/LOT20211016_GJ1083_mod/GJ_1083-20211016@191750-Eden.fts -> s3://eden-data/RAW/LOT/GJ_1083/2021-10-16/GJ_1083-20211016@191750-Eden.fits (164/253)
Storing /home/altsai/eden/LOT20211016_GJ1083_mod/GJ_1083-20211016@191837-Eden.fts -> s3://eden-data/RAW/LOT/GJ_1083/2021-10-16/GJ_1083-20211016@191837-Eden.fits (165/253)
Storing /home/altsai/eden/LOT20211016_GJ1083_mod/GJ_1083-20211016@191921-Eden.fts -> s3://eden-data/RAW/LOT/GJ_1083/2021-10-16/GJ_1083-20211016@191921-Eden.fits (166/253)
Storing /home/altsai/eden/LOT20211016_GJ1083_mod/GJ_1083-20211016@192007-Eden.fts -> s3://eden-data/RAW/LOT/GJ_1083/2021-10-16/GJ_1083-20211016@192007-Eden.fits (167/253)
Storing /home/altsai/eden/LOT20211016_GJ1083_mod/GJ_1083-20211016@192051-Eden.fts -> s3://eden-data/RAW/LOT/GJ_1083/2021-10-16/GJ_1083-20211016@192051-Eden.fits (168/253)
Storing /home/altsai/eden/LOT20211016_GJ1083_mod/GJ_1083-20211016@192137-Eden.fts -> s3://eden-data/RAW/LOT/GJ_1083/2021-10-16/GJ_1083-20211016@192137-Eden.fits (169/253)
Storing /home/altsai/eden/LOT20211016_GJ1083_mod/GJ_1083-20211016@192223-Eden.fts -> s3://eden-data/RAW/LOT/GJ_1083/2021-10-16/GJ_1083-20211016@192223-Eden.fits (170/253)
Storing /home/altsai/eden/LOT20211016_GJ1083_mod/GJ_1083-20211016@192310-Eden.fts -> s3://eden-data/RAW/LOT/GJ_1083/2021-10-16/GJ_1083-20211016@192310-Eden.fits (171/253)
Storing /home/altsai/eden/LOT20211016_GJ1083_mod/GJ_1083-20211016@192356-Eden.fts -> s3://eden-data/RAW/LOT/GJ_1083/2021-10-16/GJ_1083-20211016@192356-Eden.fits (172/253)
Storing /home/altsai/eden/LOT20211016_GJ1083_mod/GJ_1083-20211016@192441-Eden.fts -> s3://eden-data/RAW/LOT/GJ_1083/2021-10-16/GJ_1083-20211016@192441-Eden.fits (173/253)
Storing /home/altsai/eden/LOT20211016_GJ1083_mod/GJ_1083-20211016@192526-Eden.fts -> s3://eden-data/RAW/LOT/GJ_1083/2021-10-16/GJ_1083-20211016@192526-Eden.fits (174/253)
Storing /home/altsai/eden/LOT20211016_GJ1083_mod/GJ_1083-20211016@192613-Eden.fts -> s3://eden-data/RAW/LOT/GJ_1083/2021-10-16/GJ_1083-20211016@192613-Eden.fits (175/253)
Storing /home/altsai/eden/LOT20211016_GJ1083_mod/GJ_1083-20211016@192658-Eden.fts -> s3://eden-data/RAW/LOT/GJ_1083/2021-10-16/GJ_1083-20211016@192658-Eden.fits (176/253)
Storing /home/altsai/eden/LOT20211016_GJ1083_mod/GJ_1083-20211016@192743-Eden.fts -> s3://eden-data/RAW/LOT/GJ_1083/2021-10-16/GJ_1083-20211016@192743-Eden.fits (177/253)
Storing /home/altsai/eden/LOT20211016_GJ1083_mod/GJ_1083-20211016@192828-Eden.fts -> s3://eden-data/RAW/LOT/GJ_1083/2021-10-16/GJ_1083-20211016@192828-Eden.fits (178/253)
Storing /home/altsai/eden/LOT20211016_GJ1083_mod/GJ_1083-20211016@192913-Eden.fts -> s3://eden-data/RAW/LOT/GJ_1083/2021-10-16/GJ_1083-20211016@192913-Eden.fits (179/253)
Storing /home/altsai/eden/LOT20211016_GJ1083_mod/GJ_1083-20211016@192958-Eden.fts -> s3://eden-data/RAW/LOT/GJ_1083/2021-10-16/GJ_1083-20211016@192958-Eden.fits (180/253)
Storing /home/altsai/eden/LOT20211016_GJ1083_mod/GJ_1083-20211016@193044-Eden.fts -> s3://eden-data/RAW/LOT/GJ_1083/2021-10-16/GJ_1083-20211016@193044-Eden.fits (181/253)
Storing /home/altsai/eden/LOT20211016_GJ1083_mod/GJ_1083-20211016@193129-Eden.fts -> s3://eden-data/RAW/LOT/GJ_1083/2021-10-16/GJ_1083-20211016@193129-Eden.fits (182/253)
Storing /home/altsai/eden/LOT20211016_GJ1083_mod/GJ_1083-20211016@193213-Eden.fts -> s3://eden-data/RAW/LOT/GJ_1083/2021-10-16/GJ_1083-20211016@193213-Eden.fits (183/253)
Storing /home/altsai/eden/LOT20211016_GJ1083_mod/GJ_1083-20211016@193257-Eden.fts -> s3://eden-data/RAW/LOT/GJ_1083/2021-10-16/GJ_1083-20211016@193257-Eden.fits (184/253)
Storing /home/altsai/eden/LOT20211016_GJ1083_mod/GJ_1083-20211016@193344-Eden.fts -> s3://eden-data/RAW/LOT/GJ_1083/2021-10-16/GJ_1083-20211016@193344-Eden.fits (185/253)
Storing /home/altsai/eden/LOT20211016_GJ1083_mod/GJ_1083-20211016@193430-Eden.fts -> s3://eden-data/RAW/LOT/GJ_1083/2021-10-16/GJ_1083-20211016@193430-Eden.fits (186/253)
Storing /home/altsai/eden/LOT20211016_GJ1083_mod/GJ_1083-20211016@193518-Eden.fts -> s3://eden-data/RAW/LOT/GJ_1083/2021-10-16/GJ_1083-20211016@193518-Eden.fits (187/253)
Storing /home/altsai/eden/LOT20211016_GJ1083_mod/GJ_1083-20211016@193604-Eden.fts -> s3://eden-data/RAW/LOT/GJ_1083/2021-10-16/GJ_1083-20211016@193604-Eden.fits (188/253)
Storing /home/altsai/eden/LOT20211016_GJ1083_mod/GJ_1083-20211016@193652-Eden.fts -> s3://eden-data/RAW/LOT/GJ_1083/2021-10-16/GJ_1083-20211016@193652-Eden.fits (189/253)
Storing /home/altsai/eden/LOT20211016_GJ1083_mod/GJ_1083-20211016@193740-Eden.fts -> s3://eden-data/RAW/LOT/GJ_1083/2021-10-16/GJ_1083-20211016@193740-Eden.fits (190/253)
Storing /home/altsai/eden/LOT20211016_GJ1083_mod/GJ_1083-20211016@193825-Eden.fts -> s3://eden-data/RAW/LOT/GJ_1083/2021-10-16/GJ_1083-20211016@193825-Eden.fits (191/253)
Storing /home/altsai/eden/LOT20211016_GJ1083_mod/GJ_1083-20211016@193909-Eden.fts -> s3://eden-data/RAW/LOT/GJ_1083/2021-10-16/GJ_1083-20211016@193909-Eden.fits (192/253)
Storing /home/altsai/eden/LOT20211016_GJ1083_mod/GJ_1083-20211016@193954-Eden.fts -> s3://eden-data/RAW/LOT/GJ_1083/2021-10-16/GJ_1083-20211016@193954-Eden.fits (193/253)
Storing /home/altsai/eden/LOT20211016_GJ1083_mod/GJ_1083-20211016@194040-Eden.fts -> s3://eden-data/RAW/LOT/GJ_1083/2021-10-16/GJ_1083-20211016@194040-Eden.fits (194/253)
Storing /home/altsai/eden/LOT20211016_GJ1083_mod/GJ_1083-20211016@194126-Eden.fts -> s3://eden-data/RAW/LOT/GJ_1083/2021-10-16/GJ_1083-20211016@194126-Eden.fits (195/253)
Storing /home/altsai/eden/LOT20211016_GJ1083_mod/GJ_1083-20211016@194211-Eden.fts -> s3://eden-data/RAW/LOT/GJ_1083/2021-10-16/GJ_1083-20211016@194211-Eden.fits (196/253)
Storing /home/altsai/eden/LOT20211016_GJ1083_mod/GJ_1083-20211016@194256-Eden.fts -> s3://eden-data/RAW/LOT/GJ_1083/2021-10-16/GJ_1083-20211016@194256-Eden.fits (197/253)
Storing /home/altsai/eden/LOT20211016_GJ1083_mod/GJ_1083-20211016@194343-Eden.fts -> s3://eden-data/RAW/LOT/GJ_1083/2021-10-16/GJ_1083-20211016@194343-Eden.fits (198/253)
Storing /home/altsai/eden/LOT20211016_GJ1083_mod/GJ_1083-20211016@194428-Eden.fts -> s3://eden-data/RAW/LOT/GJ_1083/2021-10-16/GJ_1083-20211016@194428-Eden.fits (199/253)
Storing /home/altsai/eden/LOT20211016_GJ1083_mod/GJ_1083-20211016@194512-Eden.fts -> s3://eden-data/RAW/LOT/GJ_1083/2021-10-16/GJ_1083-20211016@194512-Eden.fits (200/253)
Storing /home/altsai/eden/LOT20211016_GJ1083_mod/GJ_1083-20211016@194558-Eden.fts -> s3://eden-data/RAW/LOT/GJ_1083/2021-10-16/GJ_1083-20211016@194558-Eden.fits (201/253)
Storing /home/altsai/eden/LOT20211016_GJ1083_mod/GJ_1083-20211016@194644-Eden.fts -> s3://eden-data/RAW/LOT/GJ_1083/2021-10-16/GJ_1083-20211016@194644-Eden.fits (202/253)
Storing /home/altsai/eden/LOT20211016_GJ1083_mod/GJ_1083-20211016@194730-Eden.fts -> s3://eden-data/RAW/LOT/GJ_1083/2021-10-16/GJ_1083-20211016@194730-Eden.fits (203/253)
Storing /home/altsai/eden/LOT20211016_GJ1083_mod/GJ_1083-20211016@194817-Eden.fts -> s3://eden-data/RAW/LOT/GJ_1083/2021-10-16/GJ_1083-20211016@194817-Eden.fits (204/253)
Storing /home/altsai/eden/LOT20211016_GJ1083_mod/GJ_1083-20211016@194903-Eden.fts -> s3://eden-data/RAW/LOT/GJ_1083/2021-10-16/GJ_1083-20211016@194903-Eden.fits (205/253)
Storing /home/altsai/eden/LOT20211016_GJ1083_mod/GJ_1083-20211016@194950-Eden.fts -> s3://eden-data/RAW/LOT/GJ_1083/2021-10-16/GJ_1083-20211016@194950-Eden.fits (206/253)
Storing /home/altsai/eden/LOT20211016_GJ1083_mod/GJ_1083-20211016@195037-Eden.fts -> s3://eden-data/RAW/LOT/GJ_1083/2021-10-16/GJ_1083-20211016@195037-Eden.fits (207/253)
Storing /home/altsai/eden/LOT20211016_GJ1083_mod/GJ_1083-20211016@195124-Eden.fts -> s3://eden-data/RAW/LOT/GJ_1083/2021-10-16/GJ_1083-20211016@195124-Eden.fits (208/253)
Storing /home/altsai/eden/LOT20211016_GJ1083_mod/GJ_1083-20211016@195209-Eden.fts -> s3://eden-data/RAW/LOT/GJ_1083/2021-10-16/GJ_1083-20211016@195209-Eden.fits (209/253)
Storing /home/altsai/eden/LOT20211016_GJ1083_mod/GJ_1083-20211016@195256-Eden.fts -> s3://eden-data/RAW/LOT/GJ_1083/2021-10-16/GJ_1083-20211016@195256-Eden.fits (210/253)
Storing /home/altsai/eden/LOT20211016_GJ1083_mod/GJ_1083-20211016@195342-Eden.fts -> s3://eden-data/RAW/LOT/GJ_1083/2021-10-16/GJ_1083-20211016@195342-Eden.fits (211/253)
Storing /home/altsai/eden/LOT20211016_GJ1083_mod/GJ_1083-20211016@195427-Eden.fts -> s3://eden-data/RAW/LOT/GJ_1083/2021-10-16/GJ_1083-20211016@195427-Eden.fits (212/253)
Storing /home/altsai/eden/LOT20211016_GJ1083_mod/GJ_1083-20211016@195513-Eden.fts -> s3://eden-data/RAW/LOT/GJ_1083/2021-10-16/GJ_1083-20211016@195513-Eden.fits (213/253)
Storing /home/altsai/eden/LOT20211016_GJ1083_mod/GJ_1083-20211016@195558-Eden.fts -> s3://eden-data/RAW/LOT/GJ_1083/2021-10-16/GJ_1083-20211016@195558-Eden.fits (214/253)
Storing /home/altsai/eden/LOT20211016_GJ1083_mod/GJ_1083-20211016@195642-Eden.fts -> s3://eden-data/RAW/LOT/GJ_1083/2021-10-16/GJ_1083-20211016@195642-Eden.fits (215/253)
Storing /home/altsai/eden/LOT20211016_GJ1083_mod/GJ_1083-20211016@195727-Eden.fts -> s3://eden-data/RAW/LOT/GJ_1083/2021-10-16/GJ_1083-20211016@195727-Eden.fits (216/253)
Storing /home/altsai/eden/LOT20211016_GJ1083_mod/GJ_1083-20211016@195812-Eden.fts -> s3://eden-data/RAW/LOT/GJ_1083/2021-10-16/GJ_1083-20211016@195812-Eden.fits (217/253)
Storing /home/altsai/eden/LOT20211016_GJ1083_mod/GJ_1083-20211016@195858-Eden.fts -> s3://eden-data/RAW/LOT/GJ_1083/2021-10-16/GJ_1083-20211016@195858-Eden.fits (218/253)
Storing /home/altsai/eden/LOT20211016_GJ1083_mod/GJ_1083-20211016@195943-Eden.fts -> s3://eden-data/RAW/LOT/GJ_1083/2021-10-16/GJ_1083-20211016@195943-Eden.fits (219/253)
Storing /home/altsai/eden/LOT20211016_GJ1083_mod/GJ_1083-20211016@200029-Eden.fts -> s3://eden-data/RAW/LOT/GJ_1083/2021-10-16/GJ_1083-20211016@200029-Eden.fits (220/253)
Storing /home/altsai/eden/LOT20211016_GJ1083_mod/GJ_1083-20211016@200116-Eden.fts -> s3://eden-data/RAW/LOT/GJ_1083/2021-10-16/GJ_1083-20211016@200116-Eden.fits (221/253)
Storing /home/altsai/eden/LOT20211016_GJ1083_mod/GJ_1083-20211016@200201-Eden.fts -> s3://eden-data/RAW/LOT/GJ_1083/2021-10-16/GJ_1083-20211016@200201-Eden.fits (222/253)
Storing /home/altsai/eden/LOT20211016_GJ1083_mod/GJ_1083-20211016@200247-Eden.fts -> s3://eden-data/RAW/LOT/GJ_1083/2021-10-16/GJ_1083-20211016@200247-Eden.fits (223/253)
Storing /home/altsai/eden/LOT20211016_GJ1083_mod/GJ_1083-20211016@200332-Eden.fts -> s3://eden-data/RAW/LOT/GJ_1083/2021-10-16/GJ_1083-20211016@200332-Eden.fits (224/253)
Storing /home/altsai/eden/LOT20211016_GJ1083_mod/GJ_1083-20211016@200418-Eden.fts -> s3://eden-data/RAW/LOT/GJ_1083/2021-10-16/GJ_1083-20211016@200418-Eden.fits (225/253)
Storing /home/altsai/eden/LOT20211016_GJ1083_mod/GJ_1083-20211016@200505-Eden.fts -> s3://eden-data/RAW/LOT/GJ_1083/2021-10-16/GJ_1083-20211016@200505-Eden.fits (226/253)
Storing /home/altsai/eden/LOT20211016_GJ1083_mod/GJ_1083-20211016@200551-Eden.fts -> s3://eden-data/RAW/LOT/GJ_1083/2021-10-16/GJ_1083-20211016@200551-Eden.fits (227/253)
Storing /home/altsai/eden/LOT20211016_GJ1083_mod/GJ_1083-20211016@200637-Eden.fts -> s3://eden-data/RAW/LOT/GJ_1083/2021-10-16/GJ_1083-20211016@200637-Eden.fits (228/253)
Storing /home/altsai/eden/LOT20211016_GJ1083_mod/GJ_1083-20211016@200724-Eden.fts -> s3://eden-data/RAW/LOT/GJ_1083/2021-10-16/GJ_1083-20211016@200724-Eden.fits (229/253)
Storing /home/altsai/eden/LOT20211016_GJ1083_mod/GJ_1083-20211016@200810-Eden.fts -> s3://eden-data/RAW/LOT/GJ_1083/2021-10-16/GJ_1083-20211016@200810-Eden.fits (230/253)
Storing /home/altsai/eden/LOT20211016_GJ1083_mod/GJ_1083-20211016@200855-Eden.fts -> s3://eden-data/RAW/LOT/GJ_1083/2021-10-16/GJ_1083-20211016@200855-Eden.fits (231/253)
Storing /home/altsai/eden/LOT20211016_GJ1083_mod/GJ_1083-20211016@200940-Eden.fts -> s3://eden-data/RAW/LOT/GJ_1083/2021-10-16/GJ_1083-20211016@200940-Eden.fits (232/253)
Storing /home/altsai/eden/LOT20211016_GJ1083_mod/GJ_1083-20211016@201026-Eden.fts -> s3://eden-data/RAW/LOT/GJ_1083/2021-10-16/GJ_1083-20211016@201026-Eden.fits (233/253)
Storing /home/altsai/eden/LOT20211016_GJ1083_mod/GJ_1083-20211016@201112-Eden.fts -> s3://eden-data/RAW/LOT/GJ_1083/2021-10-16/GJ_1083-20211016@201112-Eden.fits (234/253)
Storing /home/altsai/eden/LOT20211016_GJ1083_mod/GJ_1083-20211016@201158-Eden.fts -> s3://eden-data/RAW/LOT/GJ_1083/2021-10-16/GJ_1083-20211016@201158-Eden.fits (235/253)
Storing /home/altsai/eden/LOT20211016_GJ1083_mod/GJ_1083-20211016@201242-Eden.fts -> s3://eden-data/RAW/LOT/GJ_1083/2021-10-16/GJ_1083-20211016@201242-Eden.fits (236/253)
Storing /home/altsai/eden/LOT20211016_GJ1083_mod/GJ_1083-20211016@201328-Eden.fts -> s3://eden-data/RAW/LOT/GJ_1083/2021-10-16/GJ_1083-20211016@201328-Eden.fits (237/253)
Storing /home/altsai/eden/LOT20211016_GJ1083_mod/GJ_1083-20211016@201415-Eden.fts -> s3://eden-data/RAW/LOT/GJ_1083/2021-10-16/GJ_1083-20211016@201415-Eden.fits (238/253)
Storing /home/altsai/eden/LOT20211016_GJ1083_mod/GJ_1083-20211016@201500-Eden.fts -> s3://eden-data/RAW/LOT/GJ_1083/2021-10-16/GJ_1083-20211016@201500-Eden.fits (239/253)
Storing /home/altsai/eden/LOT20211016_GJ1083_mod/GJ_1083-20211016@201546-Eden.fts -> s3://eden-data/RAW/LOT/GJ_1083/2021-10-16/GJ_1083-20211016@201546-Eden.fits (240/253)
Storing /home/altsai/eden/LOT20211016_GJ1083_mod/GJ_1083-20211016@201632-Eden.fts -> s3://eden-data/RAW/LOT/GJ_1083/2021-10-16/GJ_1083-20211016@201632-Eden.fits (241/253)
Storing /home/altsai/eden/LOT20211016_GJ1083_mod/GJ_1083-20211016@201717-Eden.fts -> s3://eden-data/RAW/LOT/GJ_1083/2021-10-16/GJ_1083-20211016@201717-Eden.fits (242/253)
Storing /home/altsai/eden/LOT20211016_GJ1083_mod/GJ_1083-20211016@201803-Eden.fts -> s3://eden-data/RAW/LOT/GJ_1083/2021-10-16/GJ_1083-20211016@201803-Eden.fits (243/253)
Storing /home/altsai/eden/LOT20211016_GJ1083_mod/GJ_1083-20211016@201849-Eden.fts -> s3://eden-data/RAW/LOT/GJ_1083/2021-10-16/GJ_1083-20211016@201849-Eden.fits (244/253)
Storing /home/altsai/eden/LOT20211016_GJ1083_mod/GJ_1083-20211016@201935-Eden.fts -> s3://eden-data/RAW/LOT/GJ_1083/2021-10-16/GJ_1083-20211016@201935-Eden.fits (245/253)
Storing /home/altsai/eden/LOT20211016_GJ1083_mod/GJ_1083-20211016@202021-Eden.fts -> s3://eden-data/RAW/LOT/GJ_1083/2021-10-16/GJ_1083-20211016@202021-Eden.fits (246/253)
Storing /home/altsai/eden/LOT20211016_GJ1083_mod/GJ_1083-20211016@202107-Eden.fts -> s3://eden-data/RAW/LOT/GJ_1083/2021-10-16/GJ_1083-20211016@202107-Eden.fits (247/253)
Storing /home/altsai/eden/LOT20211016_GJ1083_mod/GJ_1083-20211016@202154-Eden.fts -> s3://eden-data/RAW/LOT/GJ_1083/2021-10-16/GJ_1083-20211016@202154-Eden.fits (248/253)
Storing /home/altsai/eden/LOT20211016_GJ1083_mod/GJ_1083-20211016@202240-Eden.fts -> s3://eden-data/RAW/LOT/GJ_1083/2021-10-16/GJ_1083-20211016@202240-Eden.fits (249/253)
Storing /home/altsai/eden/LOT20211016_GJ1083_mod/GJ_1083-20211016@202325-Eden.fts -> s3://eden-data/RAW/LOT/GJ_1083/2021-10-16/GJ_1083-20211016@202325-Eden.fits (250/253)
Storing /home/altsai/eden/LOT20211016_GJ1083_mod/GJ_1083-20211016@202412-Eden.fts -> s3://eden-data/RAW/LOT/GJ_1083/2021-10-16/GJ_1083-20211016@202412-Eden.fits (251/253)
Storing /home/altsai/eden/LOT20211016_GJ1083_mod/GJ_1083-20211016@202457-Eden.fts -> s3://eden-data/RAW/LOT/GJ_1083/2021-10-16/GJ_1083-20211016@202457-Eden.fits (252/253)
Storing /home/altsai/eden/LOT20211016_GJ1083_mod/GJ_1083-20211016@202544-Eden.fts -> s3://eden-data/RAW/LOT/GJ_1083/2021-10-16/GJ_1083-20211016@202544-Eden.fits (253/253)

Upload complete!
Stored: 253 files (2.1 GB)
