-----------------
input parameters
-----------------
['modify_header_name_eden.py', 'LOT20210104-LP_315-53', '16']
Your will modify header for: LP_315-53 [RA] 10 16 34.6688 [Dec] +27 51 48.8250 [Filter] GG495
---------------
folder: LOT20210104-LP_315-53
will update fits in: LOT20210104-LP_315-53_mod
 ---------------------------
 Exame Fits Header for Bias
 ---------------------------
find ./LOT20210104-LP_315-53/bias-dark/ | grep 'fits\|fts'|sort 
found 0 Bias/Dark
no files in ./bias-dark/
 ---------------------------
 Exame Fits Header for Flat
 ---------------------------
find ./LOT20210104-LP_315-53/ | grep flat/ | grep -E 'fits|fts'|sort -t'-' -k2.4,2.6 
found 0 Flat
no files in ./flat/
 ---------------------------
 Exame Fits Header for Additional Dark for Flat
 ---------------------------
find ./LOT20210104-LP_315-53/ | grep flat/ |grep dark| grep -E 'fits|fts'|sort -t'-' -k2.4,2.6 
found 0 Additional Dark for Flat
no additional dark for flat in ./flat/
 ---------------------------
 Modify filename for Science Target
 ---------------------------
... update header ...
1/151 LP_315-53-20210104@184122-Eden.fts [TYPE] LIGHT [OBJ] LP_315-53 [RA] 10 16 34.6688 [Dec] +27 51 48.8250 [FIL] GG495 [EXPTIME] 60.0 [Date] 2021-01-04T18:41:22 [Time] 18:41:22
2/151 LP_315-53-20210104@184234-Eden.fts [TYPE] LIGHT [OBJ] LP_315-53 [RA] 10 16 34.6688 [Dec] +27 51 48.8250 [FIL] GG495 [EXPTIME] 60.0 [Date] 2021-01-04T18:42:34 [Time] 18:42:34
3/151 LP_315-53-20210104@184347-Eden.fts [TYPE] LIGHT [OBJ] LP_315-53 [RA] 10 16 34.6688 [Dec] +27 51 48.8250 [FIL] GG495 [EXPTIME] 60.0 [Date] 2021-01-04T18:43:47 [Time] 18:43:47
4/151 LP_315-53-20210104@184501-Eden.fts [TYPE] LIGHT [OBJ] LP_315-53 [RA] 10 16 34.6688 [Dec] +27 51 48.8250 [FIL] GG495 [EXPTIME] 60.0 [Date] 2021-01-04T18:45:01 [Time] 18:45:01
5/151 LP_315-53-20210104@184614-Eden.fts [TYPE] LIGHT [OBJ] LP_315-53 [RA] 10 16 34.6688 [Dec] +27 51 48.8250 [FIL] GG495 [EXPTIME] 60.0 [Date] 2021-01-04T18:46:14 [Time] 18:46:14
6/151 LP_315-53-20210104@184726-Eden.fts [TYPE] LIGHT [OBJ] LP_315-53 [RA] 10 16 34.6688 [Dec] +27 51 48.8250 [FIL] GG495 [EXPTIME] 60.0 [Date] 2021-01-04T18:47:26 [Time] 18:47:26
7/151 LP_315-53-20210104@184840-Eden.fts [TYPE] LIGHT [OBJ] LP_315-53 [RA] 10 16 34.6688 [Dec] +27 51 48.8250 [FIL] GG495 [EXPTIME] 60.0 [Date] 2021-01-04T18:48:40 [Time] 18:48:40
8/151 LP_315-53-20210104@184953-Eden.fts [TYPE] LIGHT [OBJ] LP_315-53 [RA] 10 16 34.6688 [Dec] +27 51 48.8250 [FIL] GG495 [EXPTIME] 60.0 [Date] 2021-01-04T18:49:53 [Time] 18:49:53
9/151 LP_315-53-20210104@185107-Eden.fts [TYPE] LIGHT [OBJ] LP_315-53 [RA] 10 16 34.6688 [Dec] +27 51 48.8250 [FIL] GG495 [EXPTIME] 60.0 [Date] 2021-01-04T18:51:07 [Time] 18:51:07
10/151 LP_315-53-20210104@185222-Eden.fts [TYPE] LIGHT [OBJ] LP_315-53 [RA] 10 16 34.6688 [Dec] +27 51 48.8250 [FIL] GG495 [EXPTIME] 60.0 [Date] 2021-01-04T18:52:22 [Time] 18:52:22
11/151 LP_315-53-20210104@185334-Eden.fts [TYPE] LIGHT [OBJ] LP_315-53 [RA] 10 16 34.6688 [Dec] +27 51 48.8250 [FIL] GG495 [EXPTIME] 60.0 [Date] 2021-01-04T18:53:34 [Time] 18:53:34
12/151 LP_315-53-20210104@185449-Eden.fts [TYPE] LIGHT [OBJ] LP_315-53 [RA] 10 16 34.6688 [Dec] +27 51 48.8250 [FIL] GG495 [EXPTIME] 60.0 [Date] 2021-01-04T18:54:49 [Time] 18:54:49
13/151 LP_315-53-20210104@185603-Eden.fts [TYPE] LIGHT [OBJ] LP_315-53 [RA] 10 16 34.6688 [Dec] +27 51 48.8250 [FIL] GG495 [EXPTIME] 60.0 [Date] 2021-01-04T18:56:03 [Time] 18:56:03
14/151 LP_315-53-20210104@185714-Eden.fts [TYPE] LIGHT [OBJ] LP_315-53 [RA] 10 16 34.6688 [Dec] +27 51 48.8250 [FIL] GG495 [EXPTIME] 60.0 [Date] 2021-01-04T18:57:14 [Time] 18:57:14
15/151 LP_315-53-20210104@185828-Eden.fts [TYPE] LIGHT [OBJ] LP_315-53 [RA] 10 16 34.6688 [Dec] +27 51 48.8250 [FIL] GG495 [EXPTIME] 60.0 [Date] 2021-01-04T18:58:28 [Time] 18:58:28
16/151 LP_315-53-20210104@185942-Eden.fts [TYPE] LIGHT [OBJ] LP_315-53 [RA] 10 16 34.6688 [Dec] +27 51 48.8250 [FIL] GG495 [EXPTIME] 60.0 [Date] 2021-01-04T18:59:42 [Time] 18:59:42
17/151 LP_315-53-20210104@190056-Eden.fts [TYPE] LIGHT [OBJ] LP_315-53 [RA] 10 16 34.6688 [Dec] +27 51 48.8250 [FIL] GG495 [EXPTIME] 60.0 [Date] 2021-01-04T19:00:56 [Time] 19:00:56
18/151 LP_315-53-20210104@190209-Eden.fts [TYPE] LIGHT [OBJ] LP_315-53 [RA] 10 16 34.6688 [Dec] +27 51 48.8250 [FIL] GG495 [EXPTIME] 60.0 [Date] 2021-01-04T19:02:09 [Time] 19:02:09
19/151 LP_315-53-20210104@190322-Eden.fts [TYPE] LIGHT [OBJ] LP_315-53 [RA] 10 16 34.6688 [Dec] +27 51 48.8250 [FIL] GG495 [EXPTIME] 60.0 [Date] 2021-01-04T19:03:22 [Time] 19:03:22
20/151 LP_315-53-20210104@190436-Eden.fts [TYPE] LIGHT [OBJ] LP_315-53 [RA] 10 16 34.6688 [Dec] +27 51 48.8250 [FIL] GG495 [EXPTIME] 60.0 [Date] 2021-01-04T19:04:36 [Time] 19:04:36
21/151 LP_315-53-20210104@190550-Eden.fts [TYPE] LIGHT [OBJ] LP_315-53 [RA] 10 16 34.6688 [Dec] +27 51 48.8250 [FIL] GG495 [EXPTIME] 60.0 [Date] 2021-01-04T19:05:50 [Time] 19:05:50
22/151 LP_315-53-20210104@190704-Eden.fts [TYPE] LIGHT [OBJ] LP_315-53 [RA] 10 16 34.6688 [Dec] +27 51 48.8250 [FIL] GG495 [EXPTIME] 60.0 [Date] 2021-01-04T19:07:04 [Time] 19:07:04
23/151 LP_315-53-20210104@190818-Eden.fts [TYPE] LIGHT [OBJ] LP_315-53 [RA] 10 16 34.6688 [Dec] +27 51 48.8250 [FIL] GG495 [EXPTIME] 60.0 [Date] 2021-01-04T19:08:18 [Time] 19:08:18
24/151 LP_315-53-20210104@190930-Eden.fts [TYPE] LIGHT [OBJ] LP_315-53 [RA] 10 16 34.6688 [Dec] +27 51 48.8250 [FIL] GG495 [EXPTIME] 60.0 [Date] 2021-01-04T19:09:30 [Time] 19:09:30
25/151 LP_315-53-20210104@191043-Eden.fts [TYPE] LIGHT [OBJ] LP_315-53 [RA] 10 16 34.6688 [Dec] +27 51 48.8250 [FIL] GG495 [EXPTIME] 60.0 [Date] 2021-01-04T19:10:43 [Time] 19:10:43
26/151 LP_315-53-20210104@191156-Eden.fts [TYPE] LIGHT [OBJ] LP_315-53 [RA] 10 16 34.6688 [Dec] +27 51 48.8250 [FIL] GG495 [EXPTIME] 60.0 [Date] 2021-01-04T19:11:56 [Time] 19:11:56
27/151 LP_315-53-20210104@191309-Eden.fts [TYPE] LIGHT [OBJ] LP_315-53 [RA] 10 16 34.6688 [Dec] +27 51 48.8250 [FIL] GG495 [EXPTIME] 60.0 [Date] 2021-01-04T19:13:09 [Time] 19:13:09
28/151 LP_315-53-20210104@191421-Eden.fts [TYPE] LIGHT [OBJ] LP_315-53 [RA] 10 16 34.6688 [Dec] +27 51 48.8250 [FIL] GG495 [EXPTIME] 60.0 [Date] 2021-01-04T19:14:21 [Time] 19:14:21
29/151 LP_315-53-20210104@191534-Eden.fts [TYPE] LIGHT [OBJ] LP_315-53 [RA] 10 16 34.6688 [Dec] +27 51 48.8250 [FIL] GG495 [EXPTIME] 60.0 [Date] 2021-01-04T19:15:34 [Time] 19:15:34
30/151 LP_315-53-20210104@191647-Eden.fts [TYPE] LIGHT [OBJ] LP_315-53 [RA] 10 16 34.6688 [Dec] +27 51 48.8250 [FIL] GG495 [EXPTIME] 60.0 [Date] 2021-01-04T19:16:47 [Time] 19:16:47
31/151 LP_315-53-20210104@191800-Eden.fts [TYPE] LIGHT [OBJ] LP_315-53 [RA] 10 16 34.6688 [Dec] +27 51 48.8250 [FIL] GG495 [EXPTIME] 60.0 [Date] 2021-01-04T19:18:00 [Time] 19:18:00
32/151 LP_315-53-20210104@191913-Eden.fts [TYPE] LIGHT [OBJ] LP_315-53 [RA] 10 16 34.6688 [Dec] +27 51 48.8250 [FIL] GG495 [EXPTIME] 60.0 [Date] 2021-01-04T19:19:13 [Time] 19:19:13
33/151 LP_315-53-20210104@192025-Eden.fts [TYPE] LIGHT [OBJ] LP_315-53 [RA] 10 16 34.6688 [Dec] +27 51 48.8250 [FIL] GG495 [EXPTIME] 60.0 [Date] 2021-01-04T19:20:25 [Time] 19:20:25
34/151 LP_315-53-20210104@192138-Eden.fts [TYPE] LIGHT [OBJ] LP_315-53 [RA] 10 16 34.6688 [Dec] +27 51 48.8250 [FIL] GG495 [EXPTIME] 60.0 [Date] 2021-01-04T19:21:38 [Time] 19:21:38
35/151 LP_315-53-20210104@192252-Eden.fts [TYPE] LIGHT [OBJ] LP_315-53 [RA] 10 16 34.6688 [Dec] +27 51 48.8250 [FIL] GG495 [EXPTIME] 60.0 [Date] 2021-01-04T19:22:52 [Time] 19:22:52
36/151 LP_315-53-20210104@192405-Eden.fts [TYPE] LIGHT [OBJ] LP_315-53 [RA] 10 16 34.6688 [Dec] +27 51 48.8250 [FIL] GG495 [EXPTIME] 60.0 [Date] 2021-01-04T19:24:05 [Time] 19:24:05
37/151 LP_315-53-20210104@192517-Eden.fts [TYPE] LIGHT [OBJ] LP_315-53 [RA] 10 16 34.6688 [Dec] +27 51 48.8250 [FIL] GG495 [EXPTIME] 60.0 [Date] 2021-01-04T19:25:17 [Time] 19:25:17
38/151 LP_315-53-20210104@192631-Eden.fts [TYPE] LIGHT [OBJ] LP_315-53 [RA] 10 16 34.6688 [Dec] +27 51 48.8250 [FIL] GG495 [EXPTIME] 60.0 [Date] 2021-01-04T19:26:31 [Time] 19:26:31
39/151 LP_315-53-20210104@192745-Eden.fts [TYPE] LIGHT [OBJ] LP_315-53 [RA] 10 16 34.6688 [Dec] +27 51 48.8250 [FIL] GG495 [EXPTIME] 60.0 [Date] 2021-01-04T19:27:45 [Time] 19:27:45
40/151 LP_315-53-20210104@192858-Eden.fts [TYPE] LIGHT [OBJ] LP_315-53 [RA] 10 16 34.6688 [Dec] +27 51 48.8250 [FIL] GG495 [EXPTIME] 60.0 [Date] 2021-01-04T19:28:58 [Time] 19:28:58
41/151 LP_315-53-20210104@193010-Eden.fts [TYPE] LIGHT [OBJ] LP_315-53 [RA] 10 16 34.6688 [Dec] +27 51 48.8250 [FIL] GG495 [EXPTIME] 60.0 [Date] 2021-01-04T19:30:10 [Time] 19:30:10
42/151 LP_315-53-20210104@193124-Eden.fts [TYPE] LIGHT [OBJ] LP_315-53 [RA] 10 16 34.6688 [Dec] +27 51 48.8250 [FIL] GG495 [EXPTIME] 60.0 [Date] 2021-01-04T19:31:24 [Time] 19:31:24
43/151 LP_315-53-20210104@193238-Eden.fts [TYPE] LIGHT [OBJ] LP_315-53 [RA] 10 16 34.6688 [Dec] +27 51 48.8250 [FIL] GG495 [EXPTIME] 60.0 [Date] 2021-01-04T19:32:38 [Time] 19:32:38
44/151 LP_315-53-20210104@193352-Eden.fts [TYPE] LIGHT [OBJ] LP_315-53 [RA] 10 16 34.6688 [Dec] +27 51 48.8250 [FIL] GG495 [EXPTIME] 60.0 [Date] 2021-01-04T19:33:52 [Time] 19:33:52
45/151 LP_315-53-20210104@193507-Eden.fts [TYPE] LIGHT [OBJ] LP_315-53 [RA] 10 16 34.6688 [Dec] +27 51 48.8250 [FIL] GG495 [EXPTIME] 60.0 [Date] 2021-01-04T19:35:07 [Time] 19:35:07
46/151 LP_315-53-20210104@193620-Eden.fts [TYPE] LIGHT [OBJ] LP_315-53 [RA] 10 16 34.6688 [Dec] +27 51 48.8250 [FIL] GG495 [EXPTIME] 60.0 [Date] 2021-01-04T19:36:20 [Time] 19:36:20
47/151 LP_315-53-20210104@193737-Eden.fts [TYPE] LIGHT [OBJ] LP_315-53 [RA] 10 16 34.6688 [Dec] +27 51 48.8250 [FIL] GG495 [EXPTIME] 60.0 [Date] 2021-01-04T19:37:37 [Time] 19:37:37
48/151 LP_315-53-20210104@193848-Eden.fts [TYPE] LIGHT [OBJ] LP_315-53 [RA] 10 16 34.6688 [Dec] +27 51 48.8250 [FIL] GG495 [EXPTIME] 60.0 [Date] 2021-01-04T19:38:48 [Time] 19:38:48
49/151 LP_315-53-20210104@194002-Eden.fts [TYPE] LIGHT [OBJ] LP_315-53 [RA] 10 16 34.6688 [Dec] +27 51 48.8250 [FIL] GG495 [EXPTIME] 60.0 [Date] 2021-01-04T19:40:02 [Time] 19:40:02
50/151 LP_315-53-20210104@194115-Eden.fts [TYPE] LIGHT [OBJ] LP_315-53 [RA] 10 16 34.6688 [Dec] +27 51 48.8250 [FIL] GG495 [EXPTIME] 60.0 [Date] 2021-01-04T19:41:15 [Time] 19:41:15
51/151 LP_315-53-20210104@194229-Eden.fts [TYPE] LIGHT [OBJ] LP_315-53 [RA] 10 16 34.6688 [Dec] +27 51 48.8250 [FIL] GG495 [EXPTIME] 60.0 [Date] 2021-01-04T19:42:29 [Time] 19:42:29
52/151 LP_315-53-20210104@194342-Eden.fts [TYPE] LIGHT [OBJ] LP_315-53 [RA] 10 16 34.6688 [Dec] +27 51 48.8250 [FIL] GG495 [EXPTIME] 60.0 [Date] 2021-01-04T19:43:42 [Time] 19:43:42
53/151 LP_315-53-20210104@194456-Eden.fts [TYPE] LIGHT [OBJ] LP_315-53 [RA] 10 16 34.6688 [Dec] +27 51 48.8250 [FIL] GG495 [EXPTIME] 60.0 [Date] 2021-01-04T19:44:56 [Time] 19:44:56
54/151 LP_315-53-20210104@194610-Eden.fts [TYPE] LIGHT [OBJ] LP_315-53 [RA] 10 16 34.6688 [Dec] +27 51 48.8250 [FIL] GG495 [EXPTIME] 60.0 [Date] 2021-01-04T19:46:10 [Time] 19:46:10
55/151 LP_315-53-20210104@194724-Eden.fts [TYPE] LIGHT [OBJ] LP_315-53 [RA] 10 16 34.6688 [Dec] +27 51 48.8250 [FIL] GG495 [EXPTIME] 60.0 [Date] 2021-01-04T19:47:24 [Time] 19:47:24
56/151 LP_315-53-20210104@194838-Eden.fts [TYPE] LIGHT [OBJ] LP_315-53 [RA] 10 16 34.6688 [Dec] +27 51 48.8250 [FIL] GG495 [EXPTIME] 60.0 [Date] 2021-01-04T19:48:38 [Time] 19:48:38
57/151 LP_315-53-20210104@194952-Eden.fts [TYPE] LIGHT [OBJ] LP_315-53 [RA] 10 16 34.6688 [Dec] +27 51 48.8250 [FIL] GG495 [EXPTIME] 60.0 [Date] 2021-01-04T19:49:52 [Time] 19:49:52
58/151 LP_315-53-20210104@195107-Eden.fts [TYPE] LIGHT [OBJ] LP_315-53 [RA] 10 16 34.6688 [Dec] +27 51 48.8250 [FIL] GG495 [EXPTIME] 60.0 [Date] 2021-01-04T19:51:07 [Time] 19:51:07
59/151 LP_315-53-20210104@195221-Eden.fts [TYPE] LIGHT [OBJ] LP_315-53 [RA] 10 16 34.6688 [Dec] +27 51 48.8250 [FIL] GG495 [EXPTIME] 60.0 [Date] 2021-01-04T19:52:21 [Time] 19:52:21
60/151 LP_315-53-20210104@195334-Eden.fts [TYPE] LIGHT [OBJ] LP_315-53 [RA] 10 16 34.6688 [Dec] +27 51 48.8250 [FIL] GG495 [EXPTIME] 60.0 [Date] 2021-01-04T19:53:34 [Time] 19:53:34
61/151 LP_315-53-20210104@195448-Eden.fts [TYPE] LIGHT [OBJ] LP_315-53 [RA] 10 16 34.6688 [Dec] +27 51 48.8250 [FIL] GG495 [EXPTIME] 60.0 [Date] 2021-01-04T19:54:48 [Time] 19:54:48
62/151 LP_315-53-20210104@195600-Eden.fts [TYPE] LIGHT [OBJ] LP_315-53 [RA] 10 16 34.6688 [Dec] +27 51 48.8250 [FIL] GG495 [EXPTIME] 60.0 [Date] 2021-01-04T19:56:00 [Time] 19:56:00
63/151 LP_315-53-20210104@195717-Eden.fts [TYPE] LIGHT [OBJ] LP_315-53 [RA] 10 16 34.6688 [Dec] +27 51 48.8250 [FIL] GG495 [EXPTIME] 60.0 [Date] 2021-01-04T19:57:17 [Time] 19:57:17
64/151 LP_315-53-20210104@195829-Eden.fts [TYPE] LIGHT [OBJ] LP_315-53 [RA] 10 16 34.6688 [Dec] +27 51 48.8250 [FIL] GG495 [EXPTIME] 60.0 [Date] 2021-01-04T19:58:29 [Time] 19:58:29
65/151 LP_315-53-20210104@195942-Eden.fts [TYPE] LIGHT [OBJ] LP_315-53 [RA] 10 16 34.6688 [Dec] +27 51 48.8250 [FIL] GG495 [EXPTIME] 60.0 [Date] 2021-01-04T19:59:42 [Time] 19:59:42
66/151 LP_315-53-20210104@200056-Eden.fts [TYPE] LIGHT [OBJ] LP_315-53 [RA] 10 16 34.6688 [Dec] +27 51 48.8250 [FIL] GG495 [EXPTIME] 60.0 [Date] 2021-01-04T20:00:56 [Time] 20:00:56
67/151 LP_315-53-20210104@200208-Eden.fts [TYPE] LIGHT [OBJ] LP_315-53 [RA] 10 16 34.6688 [Dec] +27 51 48.8250 [FIL] GG495 [EXPTIME] 60.0 [Date] 2021-01-04T20:02:08 [Time] 20:02:08
68/151 LP_315-53-20210104@200322-Eden.fts [TYPE] LIGHT [OBJ] LP_315-53 [RA] 10 16 34.6688 [Dec] +27 51 48.8250 [FIL] GG495 [EXPTIME] 60.0 [Date] 2021-01-04T20:03:22 [Time] 20:03:22
69/151 LP_315-53-20210104@200434-Eden.fts [TYPE] LIGHT [OBJ] LP_315-53 [RA] 10 16 34.6688 [Dec] +27 51 48.8250 [FIL] GG495 [EXPTIME] 60.0 [Date] 2021-01-04T20:04:34 [Time] 20:04:34
70/151 LP_315-53-20210104@200548-Eden.fts [TYPE] LIGHT [OBJ] LP_315-53 [RA] 10 16 34.6688 [Dec] +27 51 48.8250 [FIL] GG495 [EXPTIME] 60.0 [Date] 2021-01-04T20:05:48 [Time] 20:05:48
71/151 LP_315-53-20210104@200702-Eden.fts [TYPE] LIGHT [OBJ] LP_315-53 [RA] 10 16 34.6688 [Dec] +27 51 48.8250 [FIL] GG495 [EXPTIME] 60.0 [Date] 2021-01-04T20:07:02 [Time] 20:07:02
72/151 LP_315-53-20210104@200814-Eden.fts [TYPE] LIGHT [OBJ] LP_315-53 [RA] 10 16 34.6688 [Dec] +27 51 48.8250 [FIL] GG495 [EXPTIME] 60.0 [Date] 2021-01-04T20:08:14 [Time] 20:08:14
73/151 LP_315-53-20210104@200930-Eden.fts [TYPE] LIGHT [OBJ] LP_315-53 [RA] 10 16 34.6688 [Dec] +27 51 48.8250 [FIL] GG495 [EXPTIME] 60.0 [Date] 2021-01-04T20:09:30 [Time] 20:09:30
74/151 LP_315-53-20210104@201043-Eden.fts [TYPE] LIGHT [OBJ] LP_315-53 [RA] 10 16 34.6688 [Dec] +27 51 48.8250 [FIL] GG495 [EXPTIME] 60.0 [Date] 2021-01-04T20:10:43 [Time] 20:10:43
75/151 LP_315-53-20210104@201157-Eden.fts [TYPE] LIGHT [OBJ] LP_315-53 [RA] 10 16 34.6688 [Dec] +27 51 48.8250 [FIL] GG495 [EXPTIME] 60.0 [Date] 2021-01-04T20:11:57 [Time] 20:11:57
76/151 LP_315-53-20210104@201311-Eden.fts [TYPE] LIGHT [OBJ] LP_315-53 [RA] 10 16 34.6688 [Dec] +27 51 48.8250 [FIL] GG495 [EXPTIME] 60.0 [Date] 2021-01-04T20:13:11 [Time] 20:13:11
77/151 LP_315-53-20210104@201424-Eden.fts [TYPE] LIGHT [OBJ] LP_315-53 [RA] 10 16 34.6688 [Dec] +27 51 48.8250 [FIL] GG495 [EXPTIME] 60.0 [Date] 2021-01-04T20:14:24 [Time] 20:14:24
78/151 LP_315-53-20210104@201538-Eden.fts [TYPE] LIGHT [OBJ] LP_315-53 [RA] 10 16 34.6688 [Dec] +27 51 48.8250 [FIL] GG495 [EXPTIME] 60.0 [Date] 2021-01-04T20:15:38 [Time] 20:15:38
79/151 LP_315-53-20210104@201652-Eden.fts [TYPE] LIGHT [OBJ] LP_315-53 [RA] 10 16 34.6688 [Dec] +27 51 48.8250 [FIL] GG495 [EXPTIME] 60.0 [Date] 2021-01-04T20:16:52 [Time] 20:16:52
80/151 LP_315-53-20210104@201806-Eden.fts [TYPE] LIGHT [OBJ] LP_315-53 [RA] 10 16 34.6688 [Dec] +27 51 48.8250 [FIL] GG495 [EXPTIME] 60.0 [Date] 2021-01-04T20:18:06 [Time] 20:18:06
81/151 LP_315-53-20210104@201921-Eden.fts [TYPE] LIGHT [OBJ] LP_315-53 [RA] 10 16 34.6688 [Dec] +27 51 48.8250 [FIL] GG495 [EXPTIME] 60.0 [Date] 2021-01-04T20:19:21 [Time] 20:19:21
82/151 LP_315-53-20210104@202035-Eden.fts [TYPE] LIGHT [OBJ] LP_315-53 [RA] 10 16 34.6688 [Dec] +27 51 48.8250 [FIL] GG495 [EXPTIME] 60.0 [Date] 2021-01-04T20:20:35 [Time] 20:20:35
83/151 LP_315-53-20210104@202150-Eden.fts [TYPE] LIGHT [OBJ] LP_315-53 [RA] 10 16 34.6688 [Dec] +27 51 48.8250 [FIL] GG495 [EXPTIME] 60.0 [Date] 2021-01-04T20:21:50 [Time] 20:21:50
84/151 LP_315-53-20210104@202304-Eden.fts [TYPE] LIGHT [OBJ] LP_315-53 [RA] 10 16 34.6688 [Dec] +27 51 48.8250 [FIL] GG495 [EXPTIME] 60.0 [Date] 2021-01-04T20:23:04 [Time] 20:23:04
85/151 LP_315-53-20210104@202418-Eden.fts [TYPE] LIGHT [OBJ] LP_315-53 [RA] 10 16 34.6688 [Dec] +27 51 48.8250 [FIL] GG495 [EXPTIME] 60.0 [Date] 2021-01-04T20:24:18 [Time] 20:24:18
86/151 LP_315-53-20210104@202533-Eden.fts [TYPE] LIGHT [OBJ] LP_315-53 [RA] 10 16 34.6688 [Dec] +27 51 48.8250 [FIL] GG495 [EXPTIME] 60.0 [Date] 2021-01-04T20:25:33 [Time] 20:25:33
87/151 LP_315-53-20210104@202645-Eden.fts [TYPE] LIGHT [OBJ] LP_315-53 [RA] 10 16 34.6688 [Dec] +27 51 48.8250 [FIL] GG495 [EXPTIME] 60.0 [Date] 2021-01-04T20:26:45 [Time] 20:26:45
88/151 LP_315-53-20210104@202758-Eden.fts [TYPE] LIGHT [OBJ] LP_315-53 [RA] 10 16 34.6688 [Dec] +27 51 48.8250 [FIL] GG495 [EXPTIME] 60.0 [Date] 2021-01-04T20:27:58 [Time] 20:27:58
89/151 LP_315-53-20210104@202912-Eden.fts [TYPE] LIGHT [OBJ] LP_315-53 [RA] 10 16 34.6688 [Dec] +27 51 48.8250 [FIL] GG495 [EXPTIME] 60.0 [Date] 2021-01-04T20:29:12 [Time] 20:29:12
90/151 LP_315-53-20210104@203026-Eden.fts [TYPE] LIGHT [OBJ] LP_315-53 [RA] 10 16 34.6688 [Dec] +27 51 48.8250 [FIL] GG495 [EXPTIME] 60.0 [Date] 2021-01-04T20:30:26 [Time] 20:30:26
91/151 LP_315-53-20210104@203139-Eden.fts [TYPE] LIGHT [OBJ] LP_315-53 [RA] 10 16 34.6688 [Dec] +27 51 48.8250 [FIL] GG495 [EXPTIME] 60.0 [Date] 2021-01-04T20:31:39 [Time] 20:31:39
92/151 LP_315-53-20210104@203252-Eden.fts [TYPE] LIGHT [OBJ] LP_315-53 [RA] 10 16 34.6688 [Dec] +27 51 48.8250 [FIL] GG495 [EXPTIME] 60.0 [Date] 2021-01-04T20:32:52 [Time] 20:32:52
93/151 LP_315-53-20210104@203406-Eden.fts [TYPE] LIGHT [OBJ] LP_315-53 [RA] 10 16 34.6688 [Dec] +27 51 48.8250 [FIL] GG495 [EXPTIME] 60.0 [Date] 2021-01-04T20:34:06 [Time] 20:34:06
94/151 LP_315-53-20210104@203519-Eden.fts [TYPE] LIGHT [OBJ] LP_315-53 [RA] 10 16 34.6688 [Dec] +27 51 48.8250 [FIL] GG495 [EXPTIME] 60.0 [Date] 2021-01-04T20:35:19 [Time] 20:35:19
95/151 LP_315-53-20210104@203631-Eden.fts [TYPE] LIGHT [OBJ] LP_315-53 [RA] 10 16 34.6688 [Dec] +27 51 48.8250 [FIL] GG495 [EXPTIME] 60.0 [Date] 2021-01-04T20:36:31 [Time] 20:36:31
96/151 LP_315-53-20210104@203745-Eden.fts [TYPE] LIGHT [OBJ] LP_315-53 [RA] 10 16 34.6688 [Dec] +27 51 48.8250 [FIL] GG495 [EXPTIME] 60.0 [Date] 2021-01-04T20:37:45 [Time] 20:37:45
97/151 LP_315-53-20210104@203857-Eden.fts [TYPE] LIGHT [OBJ] LP_315-53 [RA] 10 16 34.6688 [Dec] +27 51 48.8250 [FIL] GG495 [EXPTIME] 60.0 [Date] 2021-01-04T20:38:57 [Time] 20:38:57
98/151 LP_315-53-20210104@204010-Eden.fts [TYPE] LIGHT [OBJ] LP_315-53 [RA] 10 16 34.6688 [Dec] +27 51 48.8250 [FIL] GG495 [EXPTIME] 60.0 [Date] 2021-01-04T20:40:10 [Time] 20:40:10
99/151 LP_315-53-20210104@204124-Eden.fts [TYPE] LIGHT [OBJ] LP_315-53 [RA] 10 16 34.6688 [Dec] +27 51 48.8250 [FIL] GG495 [EXPTIME] 60.0 [Date] 2021-01-04T20:41:24 [Time] 20:41:24
100/151 LP_315-53-20210104@204238-Eden.fts [TYPE] LIGHT [OBJ] LP_315-53 [RA] 10 16 34.6688 [Dec] +27 51 48.8250 [FIL] GG495 [EXPTIME] 60.0 [Date] 2021-01-04T20:42:38 [Time] 20:42:38
101/151 LP_315-53-20210104@204350-Eden.fts [TYPE] LIGHT [OBJ] LP_315-53 [RA] 10 16 34.6688 [Dec] +27 51 48.8250 [FIL] GG495 [EXPTIME] 60.0 [Date] 2021-01-04T20:43:50 [Time] 20:43:50
102/151 LP_315-53-20210104@204504-Eden.fts [TYPE] LIGHT [OBJ] LP_315-53 [RA] 10 16 34.6688 [Dec] +27 51 48.8250 [FIL] GG495 [EXPTIME] 60.0 [Date] 2021-01-04T20:45:04 [Time] 20:45:04
103/151 LP_315-53-20210104@204617-Eden.fts [TYPE] LIGHT [OBJ] LP_315-53 [RA] 10 16 34.6688 [Dec] +27 51 48.8250 [FIL] GG495 [EXPTIME] 60.0 [Date] 2021-01-04T20:46:17 [Time] 20:46:17
104/151 LP_315-53-20210104@204729-Eden.fts [TYPE] LIGHT [OBJ] LP_315-53 [RA] 10 16 34.6688 [Dec] +27 51 48.8250 [FIL] GG495 [EXPTIME] 60.0 [Date] 2021-01-04T20:47:29 [Time] 20:47:29
105/151 LP_315-53-20210104@204844-Eden.fts [TYPE] LIGHT [OBJ] LP_315-53 [RA] 10 16 34.6688 [Dec] +27 51 48.8250 [FIL] GG495 [EXPTIME] 60.0 [Date] 2021-01-04T20:48:44 [Time] 20:48:44
106/151 LP_315-53-20210104@205000-Eden.fts [TYPE] LIGHT [OBJ] LP_315-53 [RA] 10 16 34.6688 [Dec] +27 51 48.8250 [FIL] GG495 [EXPTIME] 60.0 [Date] 2021-01-04T20:50:00 [Time] 20:50:00
107/151 LP_315-53-20210104@205112-Eden.fts [TYPE] LIGHT [OBJ] LP_315-53 [RA] 10 16 34.6688 [Dec] +27 51 48.8250 [FIL] GG495 [EXPTIME] 60.0 [Date] 2021-01-04T20:51:12 [Time] 20:51:12
108/151 LP_315-53-20210104@205226-Eden.fts [TYPE] LIGHT [OBJ] LP_315-53 [RA] 10 16 34.6688 [Dec] +27 51 48.8250 [FIL] GG495 [EXPTIME] 60.0 [Date] 2021-01-04T20:52:26 [Time] 20:52:26
109/151 LP_315-53-20210104@205339-Eden.fts [TYPE] LIGHT [OBJ] LP_315-53 [RA] 10 16 34.6688 [Dec] +27 51 48.8250 [FIL] GG495 [EXPTIME] 60.0 [Date] 2021-01-04T20:53:39 [Time] 20:53:39
110/151 LP_315-53-20210104@205453-Eden.fts [TYPE] LIGHT [OBJ] LP_315-53 [RA] 10 16 34.6688 [Dec] +27 51 48.8250 [FIL] GG495 [EXPTIME] 60.0 [Date] 2021-01-04T20:54:53 [Time] 20:54:53
111/151 LP_315-53-20210104@205607-Eden.fts [TYPE] LIGHT [OBJ] LP_315-53 [RA] 10 16 34.6688 [Dec] +27 51 48.8250 [FIL] GG495 [EXPTIME] 60.0 [Date] 2021-01-04T20:56:07 [Time] 20:56:07
112/151 LP_315-53-20210104@205720-Eden.fts [TYPE] LIGHT [OBJ] LP_315-53 [RA] 10 16 34.6688 [Dec] +27 51 48.8250 [FIL] GG495 [EXPTIME] 60.0 [Date] 2021-01-04T20:57:20 [Time] 20:57:20
113/151 LP_315-53-20210104@205834-Eden.fts [TYPE] LIGHT [OBJ] LP_315-53 [RA] 10 16 34.6688 [Dec] +27 51 48.8250 [FIL] GG495 [EXPTIME] 60.0 [Date] 2021-01-04T20:58:34 [Time] 20:58:34
114/151 LP_315-53-20210104@205949-Eden.fts [TYPE] LIGHT [OBJ] LP_315-53 [RA] 10 16 34.6688 [Dec] +27 51 48.8250 [FIL] GG495 [EXPTIME] 60.0 [Date] 2021-01-04T20:59:49 [Time] 20:59:49
115/151 LP_315-53-20210104@210104-Eden.fts [TYPE] LIGHT [OBJ] LP_315-53 [RA] 10 16 34.6688 [Dec] +27 51 48.8250 [FIL] GG495 [EXPTIME] 60.0 [Date] 2021-01-04T21:01:04 [Time] 21:01:04
116/151 LP_315-53-20210104@210217-Eden.fts [TYPE] LIGHT [OBJ] LP_315-53 [RA] 10 16 34.6688 [Dec] +27 51 48.8250 [FIL] GG495 [EXPTIME] 60.0 [Date] 2021-01-04T21:02:17 [Time] 21:02:17
117/151 LP_315-53-20210104@210332-Eden.fts [TYPE] LIGHT [OBJ] LP_315-53 [RA] 10 16 34.6688 [Dec] +27 51 48.8250 [FIL] GG495 [EXPTIME] 60.0 [Date] 2021-01-04T21:03:32 [Time] 21:03:32
118/151 LP_315-53-20210104@210445-Eden.fts [TYPE] LIGHT [OBJ] LP_315-53 [RA] 10 16 34.6688 [Dec] +27 51 48.8250 [FIL] GG495 [EXPTIME] 60.0 [Date] 2021-01-04T21:04:45 [Time] 21:04:45
119/151 LP_315-53-20210104@210557-Eden.fts [TYPE] LIGHT [OBJ] LP_315-53 [RA] 10 16 34.6688 [Dec] +27 51 48.8250 [FIL] GG495 [EXPTIME] 60.0 [Date] 2021-01-04T21:05:57 [Time] 21:05:57
120/151 LP_315-53-20210104@210711-Eden.fts [TYPE] LIGHT [OBJ] LP_315-53 [RA] 10 16 34.6688 [Dec] +27 51 48.8250 [FIL] GG495 [EXPTIME] 60.0 [Date] 2021-01-04T21:07:11 [Time] 21:07:11
121/151 LP_315-53-20210104@210824-Eden.fts [TYPE] LIGHT [OBJ] LP_315-53 [RA] 10 16 34.6688 [Dec] +27 51 48.8250 [FIL] GG495 [EXPTIME] 60.0 [Date] 2021-01-04T21:08:24 [Time] 21:08:24
122/151 LP_315-53-20210104@210938-Eden.fts [TYPE] LIGHT [OBJ] LP_315-53 [RA] 10 16 34.6688 [Dec] +27 51 48.8250 [FIL] GG495 [EXPTIME] 60.0 [Date] 2021-01-04T21:09:38 [Time] 21:09:38
123/151 LP_315-53-20210104@211051-Eden.fts [TYPE] LIGHT [OBJ] LP_315-53 [RA] 10 16 34.6688 [Dec] +27 51 48.8250 [FIL] GG495 [EXPTIME] 60.0 [Date] 2021-01-04T21:10:51 [Time] 21:10:51
124/151 LP_315-53-20210104@211207-Eden.fts [TYPE] LIGHT [OBJ] LP_315-53 [RA] 10 16 34.6688 [Dec] +27 51 48.8250 [FIL] GG495 [EXPTIME] 60.0 [Date] 2021-01-04T21:12:07 [Time] 21:12:07
125/151 LP_315-53-20210104@211321-Eden.fts [TYPE] LIGHT [OBJ] LP_315-53 [RA] 10 16 34.6688 [Dec] +27 51 48.8250 [FIL] GG495 [EXPTIME] 60.0 [Date] 2021-01-04T21:13:21 [Time] 21:13:21
126/151 LP_315-53-20210104@211433-Eden.fts [TYPE] LIGHT [OBJ] LP_315-53 [RA] 10 16 34.6688 [Dec] +27 51 48.8250 [FIL] GG495 [EXPTIME] 60.0 [Date] 2021-01-04T21:14:33 [Time] 21:14:33
127/151 LP_315-53-20210104@211547-Eden.fts [TYPE] LIGHT [OBJ] LP_315-53 [RA] 10 16 34.6688 [Dec] +27 51 48.8250 [FIL] GG495 [EXPTIME] 60.0 [Date] 2021-01-04T21:15:47 [Time] 21:15:47
128/151 LP_315-53-20210104@211700-Eden.fts [TYPE] LIGHT [OBJ] LP_315-53 [RA] 10 16 34.6688 [Dec] +27 51 48.8250 [FIL] GG495 [EXPTIME] 60.0 [Date] 2021-01-04T21:17:00 [Time] 21:17:00
129/151 LP_315-53-20210104@211812-Eden.fts [TYPE] LIGHT [OBJ] LP_315-53 [RA] 10 16 34.6688 [Dec] +27 51 48.8250 [FIL] GG495 [EXPTIME] 60.0 [Date] 2021-01-04T21:18:12 [Time] 21:18:12
130/151 LP_315-53-20210104@211925-Eden.fts [TYPE] LIGHT [OBJ] LP_315-53 [RA] 10 16 34.6688 [Dec] +27 51 48.8250 [FIL] GG495 [EXPTIME] 60.0 [Date] 2021-01-04T21:19:25 [Time] 21:19:25
131/151 LP_315-53-20210104@212040-Eden.fts [TYPE] LIGHT [OBJ] LP_315-53 [RA] 10 16 34.6688 [Dec] +27 51 48.8250 [FIL] GG495 [EXPTIME] 60.0 [Date] 2021-01-04T21:20:40 [Time] 21:20:40
132/151 LP_315-53-20210104@212153-Eden.fts [TYPE] LIGHT [OBJ] LP_315-53 [RA] 10 16 34.6688 [Dec] +27 51 48.8250 [FIL] GG495 [EXPTIME] 60.0 [Date] 2021-01-04T21:21:53 [Time] 21:21:53
133/151 LP_315-53-20210104@212306-Eden.fts [TYPE] LIGHT [OBJ] LP_315-53 [RA] 10 16 34.6688 [Dec] +27 51 48.8250 [FIL] GG495 [EXPTIME] 60.0 [Date] 2021-01-04T21:23:06 [Time] 21:23:06
134/151 LP_315-53-20210104@212419-Eden.fts [TYPE] LIGHT [OBJ] LP_315-53 [RA] 10 16 34.6688 [Dec] +27 51 48.8250 [FIL] GG495 [EXPTIME] 60.0 [Date] 2021-01-04T21:24:19 [Time] 21:24:19
135/151 LP_315-53-20210104@212533-Eden.fts [TYPE] LIGHT [OBJ] LP_315-53 [RA] 10 16 34.6688 [Dec] +27 51 48.8250 [FIL] GG495 [EXPTIME] 60.0 [Date] 2021-01-04T21:25:33 [Time] 21:25:33
136/151 LP_315-53-20210104@212645-Eden.fts [TYPE] LIGHT [OBJ] LP_315-53 [RA] 10 16 34.6688 [Dec] +27 51 48.8250 [FIL] GG495 [EXPTIME] 60.0 [Date] 2021-01-04T21:26:45 [Time] 21:26:45
137/151 LP_315-53-20210104@212759-Eden.fts [TYPE] LIGHT [OBJ] LP_315-53 [RA] 10 16 34.6688 [Dec] +27 51 48.8250 [FIL] GG495 [EXPTIME] 60.0 [Date] 2021-01-04T21:27:59 [Time] 21:27:59
138/151 LP_315-53-20210104@212912-Eden.fts [TYPE] LIGHT [OBJ] LP_315-53 [RA] 10 16 34.6688 [Dec] +27 51 48.8250 [FIL] GG495 [EXPTIME] 60.0 [Date] 2021-01-04T21:29:12 [Time] 21:29:12
139/151 LP_315-53-20210104@213024-Eden.fts [TYPE] LIGHT [OBJ] LP_315-53 [RA] 10 16 34.6688 [Dec] +27 51 48.8250 [FIL] GG495 [EXPTIME] 60.0 [Date] 2021-01-04T21:30:24 [Time] 21:30:24
140/151 LP_315-53-20210104@213137-Eden.fts [TYPE] LIGHT [OBJ] LP_315-53 [RA] 10 16 34.6688 [Dec] +27 51 48.8250 [FIL] GG495 [EXPTIME] 60.0 [Date] 2021-01-04T21:31:37 [Time] 21:31:37
141/151 LP_315-53-20210104@213250-Eden.fts [TYPE] LIGHT [OBJ] LP_315-53 [RA] 10 16 34.6688 [Dec] +27 51 48.8250 [FIL] GG495 [EXPTIME] 60.0 [Date] 2021-01-04T21:32:50 [Time] 21:32:50
142/151 LP_315-53-20210104@213403-Eden.fts [TYPE] LIGHT [OBJ] LP_315-53 [RA] 10 16 34.6688 [Dec] +27 51 48.8250 [FIL] GG495 [EXPTIME] 60.0 [Date] 2021-01-04T21:34:03 [Time] 21:34:03
143/151 LP_315-53-20210104@213516-Eden.fts [TYPE] LIGHT [OBJ] LP_315-53 [RA] 10 16 34.6688 [Dec] +27 51 48.8250 [FIL] GG495 [EXPTIME] 60.0 [Date] 2021-01-04T21:35:16 [Time] 21:35:16
144/151 LP_315-53-20210104@213629-Eden.fts [TYPE] LIGHT [OBJ] LP_315-53 [RA] 10 16 34.6688 [Dec] +27 51 48.8250 [FIL] GG495 [EXPTIME] 60.0 [Date] 2021-01-04T21:36:29 [Time] 21:36:29
145/151 LP_315-53-20210104@213742-Eden.fts [TYPE] LIGHT [OBJ] LP_315-53 [RA] 10 16 34.6688 [Dec] +27 51 48.8250 [FIL] GG495 [EXPTIME] 60.0 [Date] 2021-01-04T21:37:42 [Time] 21:37:42
146/151 LP_315-53-20210104@213855-Eden.fts [TYPE] LIGHT [OBJ] LP_315-53 [RA] 10 16 34.6688 [Dec] +27 51 48.8250 [FIL] GG495 [EXPTIME] 60.0 [Date] 2021-01-04T21:38:55 [Time] 21:38:55
147/151 LP_315-53-20210104@214007-Eden.fts [TYPE] LIGHT [OBJ] LP_315-53 [RA] 10 16 34.6688 [Dec] +27 51 48.8250 [FIL] GG495 [EXPTIME] 60.0 [Date] 2021-01-04T21:40:07 [Time] 21:40:07
148/151 LP_315-53-20210104@214120-Eden.fts [TYPE] LIGHT [OBJ] LP_315-53 [RA] 10 16 34.6688 [Dec] +27 51 48.8250 [FIL] GG495 [EXPTIME] 60.0 [Date] 2021-01-04T21:41:20 [Time] 21:41:20
149/151 LP_315-53-20210104@214235-Eden.fts [TYPE] LIGHT [OBJ] LP_315-53 [RA] 10 16 34.6688 [Dec] +27 51 48.8250 [FIL] GG495 [EXPTIME] 60.0 [Date] 2021-01-04T21:42:35 [Time] 21:42:35
150/151 LP_315-53-20210104@214348-Eden.fts [TYPE] LIGHT [OBJ] LP_315-53 [RA] 10 16 34.6688 [Dec] +27 51 48.8250 [FIL] GG495 [EXPTIME] 60.0 [Date] 2021-01-04T21:43:48 [Time] 21:43:48
151/151 LP_315-53-20210104@214501-Eden.fts [TYPE] LIGHT [OBJ] LP_315-53 [RA] 10 16 34.6688 [Dec] +27 51 48.8250 [FIL] GG495 [EXPTIME] 60.0 [Date] 2021-01-04T21:45:01 [Time] 21:45:01
... write log file to LOT20210104-LP_315-53_mod.log ...
... finish ...
