-----------------
input parameters
-----------------
['modify_header_name_eden.py', 'LOT20210924_LP-229-30', '20']
Your will modify header for: LP_229-30 [RA] 18 43 22.1255 [Dec] +40 40 21.3389 [Filter] GG495
---------------
folder: LOT20210924_LP-229-30
will update fits in: LOT20210924_LP-229-30_mod
 ---------------------------
 Exame Fits Header for Bias
 ---------------------------
find ./LOT20210924_LP-229-30/bias-dark/ | grep 'fits\|fts'|sort 
found 0 Bias/Dark
no files in ./bias-dark/
 ---------------------------
 Exame Fits Header for Flat
 ---------------------------
find ./LOT20210924_LP-229-30/ | grep flat/ | grep -E 'fits|fts'|sort -t'-' -k2.4,2.6 
found 0 Flat
no files in ./flat/
 ---------------------------
 Exame Fits Header for Additional Dark for Flat
 ---------------------------
find ./LOT20210924_LP-229-30/ | grep flat/ |grep dark| grep -E 'fits|fts'|sort -t'-' -k2.4,2.6 
found 0 Additional Dark for Flat
no additional dark for flat in ./flat/
 ---------------------------
 Modify filename for Science Target
 ---------------------------
... update header ...
1/28 LP_229-30-20210924@143513-Eden.fts [TYPE] LIGHT [OBJ] LP_229-30 [RA] 18 43 22.1255 [Dec] +40 40 21.3389 [FIL] GG495 [EXPTIME] 60.0 [Date] 2021-09-24T14:35:13 [Time] 14:35:13
2/28 LP_229-30-20210924@143627-Eden.fts [TYPE] LIGHT [OBJ] LP_229-30 [RA] 18 43 22.1255 [Dec] +40 40 21.3389 [FIL] GG495 [EXPTIME] 60.0 [Date] 2021-09-24T14:36:27 [Time] 14:36:27
3/28 LP_229-30-20210924@143742-Eden.fts [TYPE] LIGHT [OBJ] LP_229-30 [RA] 18 43 22.1255 [Dec] +40 40 21.3389 [FIL] GG495 [EXPTIME] 60.0 [Date] 2021-09-24T14:37:42 [Time] 14:37:42
4/28 LP_229-30-20210924@143856-Eden.fts [TYPE] LIGHT [OBJ] LP_229-30 [RA] 18 43 22.1255 [Dec] +40 40 21.3389 [FIL] GG495 [EXPTIME] 60.0 [Date] 2021-09-24T14:38:56 [Time] 14:38:56
5/28 LP_229-30-20210924@144010-Eden.fts [TYPE] LIGHT [OBJ] LP_229-30 [RA] 18 43 22.1255 [Dec] +40 40 21.3389 [FIL] GG495 [EXPTIME] 60.0 [Date] 2021-09-24T14:40:10 [Time] 14:40:10
6/28 LP_229-30-20210924@144125-Eden.fts [TYPE] LIGHT [OBJ] LP_229-30 [RA] 18 43 22.1255 [Dec] +40 40 21.3389 [FIL] GG495 [EXPTIME] 60.0 [Date] 2021-09-24T14:41:25 [Time] 14:41:25
7/28 LP_229-30-20210924@144239-Eden.fts [TYPE] LIGHT [OBJ] LP_229-30 [RA] 18 43 22.1255 [Dec] +40 40 21.3389 [FIL] GG495 [EXPTIME] 60.0 [Date] 2021-09-24T14:42:39 [Time] 14:42:39
8/28 LP_229-30-20210924@144354-Eden.fts [TYPE] LIGHT [OBJ] LP_229-30 [RA] 18 43 22.1255 [Dec] +40 40 21.3389 [FIL] GG495 [EXPTIME] 60.0 [Date] 2021-09-24T14:43:54 [Time] 14:43:54
9/28 LP_229-30-20210924@144508-Eden.fts [TYPE] LIGHT [OBJ] LP_229-30 [RA] 18 43 22.1255 [Dec] +40 40 21.3389 [FIL] GG495 [EXPTIME] 60.0 [Date] 2021-09-24T14:45:08 [Time] 14:45:08
10/28 LP_229-30-20210924@144622-Eden.fts [TYPE] LIGHT [OBJ] LP_229-30 [RA] 18 43 22.1255 [Dec] +40 40 21.3389 [FIL] GG495 [EXPTIME] 60.0 [Date] 2021-09-24T14:46:22 [Time] 14:46:22
11/28 LP_229-30-20210924@144736-Eden.fts [TYPE] LIGHT [OBJ] LP_229-30 [RA] 18 43 22.1255 [Dec] +40 40 21.3389 [FIL] GG495 [EXPTIME] 60.0 [Date] 2021-09-24T14:47:36 [Time] 14:47:36
12/28 LP_229-30-20210924@144851-Eden.fts [TYPE] LIGHT [OBJ] LP_229-30 [RA] 18 43 22.1255 [Dec] +40 40 21.3389 [FIL] GG495 [EXPTIME] 60.0 [Date] 2021-09-24T14:48:51 [Time] 14:48:51
13/28 LP_229-30-20210924@145005-Eden.fts [TYPE] LIGHT [OBJ] LP_229-30 [RA] 18 43 22.1255 [Dec] +40 40 21.3389 [FIL] GG495 [EXPTIME] 60.0 [Date] 2021-09-24T14:50:05 [Time] 14:50:05
14/28 LP_229-30-20210924@145119-Eden.fts [TYPE] LIGHT [OBJ] LP_229-30 [RA] 18 43 22.1255 [Dec] +40 40 21.3389 [FIL] GG495 [EXPTIME] 60.0 [Date] 2021-09-24T14:51:19 [Time] 14:51:19
15/28 LP_229-30-20210924@145233-Eden.fts [TYPE] LIGHT [OBJ] LP_229-30 [RA] 18 43 22.1255 [Dec] +40 40 21.3389 [FIL] GG495 [EXPTIME] 60.0 [Date] 2021-09-24T14:52:33 [Time] 14:52:33
16/28 LP_229-30-20210924@145348-Eden.fts [TYPE] LIGHT [OBJ] LP_229-30 [RA] 18 43 22.1255 [Dec] +40 40 21.3389 [FIL] GG495 [EXPTIME] 60.0 [Date] 2021-09-24T14:53:48 [Time] 14:53:48
17/28 LP_229-30-20210924@145502-Eden.fts [TYPE] LIGHT [OBJ] LP_229-30 [RA] 18 43 22.1255 [Dec] +40 40 21.3389 [FIL] GG495 [EXPTIME] 60.0 [Date] 2021-09-24T14:55:02 [Time] 14:55:02
18/28 LP_229-30-20210924@145616-Eden.fts [TYPE] LIGHT [OBJ] LP_229-30 [RA] 18 43 22.1255 [Dec] +40 40 21.3389 [FIL] GG495 [EXPTIME] 60.0 [Date] 2021-09-24T14:56:16 [Time] 14:56:16
19/28 LP_229-30-20210924@145731-Eden.fts [TYPE] LIGHT [OBJ] LP_229-30 [RA] 18 43 22.1255 [Dec] +40 40 21.3389 [FIL] GG495 [EXPTIME] 60.0 [Date] 2021-09-24T14:57:31 [Time] 14:57:31
20/28 LP_229-30-20210924@145845-Eden.fts [TYPE] LIGHT [OBJ] LP_229-30 [RA] 18 43 22.1255 [Dec] +40 40 21.3389 [FIL] GG495 [EXPTIME] 60.0 [Date] 2021-09-24T14:58:45 [Time] 14:58:45
21/28 LP_229-30-20210924@145959-Eden.fts [TYPE] LIGHT [OBJ] LP_229-30 [RA] 18 43 22.1255 [Dec] +40 40 21.3389 [FIL] GG495 [EXPTIME] 60.0 [Date] 2021-09-24T14:59:59 [Time] 14:59:59
22/28 LP_229-30-20210924@150114-Eden.fts [TYPE] LIGHT [OBJ] LP_229-30 [RA] 18 43 22.1255 [Dec] +40 40 21.3389 [FIL] GG495 [EXPTIME] 60.0 [Date] 2021-09-24T15:01:14 [Time] 15:01:14
23/28 LP_229-30-20210924@150227-Eden.fts [TYPE] LIGHT [OBJ] LP_229-30 [RA] 18 43 22.1255 [Dec] +40 40 21.3389 [FIL] GG495 [EXPTIME] 60.0 [Date] 2021-09-24T15:02:27 [Time] 15:02:27
24/28 LP_229-30-20210924@150341-Eden.fts [TYPE] LIGHT [OBJ] LP_229-30 [RA] 18 43 22.1255 [Dec] +40 40 21.3389 [FIL] GG495 [EXPTIME] 60.0 [Date] 2021-09-24T15:03:41 [Time] 15:03:41
25/28 LP_229-30-20210924@150456-Eden.fts [TYPE] LIGHT [OBJ] LP_229-30 [RA] 18 43 22.1255 [Dec] +40 40 21.3389 [FIL] GG495 [EXPTIME] 60.0 [Date] 2021-09-24T15:04:56 [Time] 15:04:56
26/28 LP_229-30-20210924@150611-Eden.fts [TYPE] LIGHT [OBJ] LP_229-30 [RA] 18 43 22.1255 [Dec] +40 40 21.3389 [FIL] GG495 [EXPTIME] 60.0 [Date] 2021-09-24T15:06:11 [Time] 15:06:11
27/28 LP_229-30-20210924@150724-Eden.fts [TYPE] LIGHT [OBJ] LP_229-30 [RA] 18 43 22.1255 [Dec] +40 40 21.3389 [FIL] GG495 [EXPTIME] 60.0 [Date] 2021-09-24T15:07:24 [Time] 15:07:24
28/28 LP_229-30-20210924@150836-Eden.fts [TYPE] LIGHT [OBJ] LP_229-30 [RA] 18 43 22.1255 [Dec] +40 40 21.3389 [FIL] GG495 [EXPTIME] 60.0 [Date] 2021-09-24T15:08:36 [Time] 15:08:36
... write log file to LOT20210924_LP-229-30_mod.log ...
... finish ...
