Bucket successfully loaded! eden-data
260 files found
Storing data to the S3 archive!
Doing a dry run - uploads will not be committed.
Verbose output enabled.
Storing /home/altsai/eden/LOT20210219_2MUCD20596_mod/2MUCD20596-20210219@161736-Eden.fts -> s3://eden-data/RAW/LOT/2MUCD20596/2021-02-19/2MUCD20596-20210219@161736-Eden.fits (1/260) (dry run)
Storing /home/altsai/eden/LOT20210219_2MUCD20596_mod/2MUCD20596-20210219@161847-Eden.fts -> s3://eden-data/RAW/LOT/2MUCD20596/2021-02-19/2MUCD20596-20210219@161847-Eden.fits (2/260) (dry run)
Storing /home/altsai/eden/LOT20210219_2MUCD20596_mod/2MUCD20596-20210219@161959-Eden.fts -> s3://eden-data/RAW/LOT/2MUCD20596/2021-02-19/2MUCD20596-20210219@161959-Eden.fits (3/260) (dry run)
Storing /home/altsai/eden/LOT20210219_2MUCD20596_mod/2MUCD20596-20210219@162111-Eden.fts -> s3://eden-data/RAW/LOT/2MUCD20596/2021-02-19/2MUCD20596-20210219@162111-Eden.fits (4/260) (dry run)
Storing /home/altsai/eden/LOT20210219_2MUCD20596_mod/2MUCD20596-20210219@162222-Eden.fts -> s3://eden-data/RAW/LOT/2MUCD20596/2021-02-19/2MUCD20596-20210219@162222-Eden.fits (5/260) (dry run)
Storing /home/altsai/eden/LOT20210219_2MUCD20596_mod/2MUCD20596-20210219@162333-Eden.fts -> s3://eden-data/RAW/LOT/2MUCD20596/2021-02-19/2MUCD20596-20210219@162333-Eden.fits (6/260) (dry run)
Storing /home/altsai/eden/LOT20210219_2MUCD20596_mod/2MUCD20596-20210219@162444-Eden.fts -> s3://eden-data/RAW/LOT/2MUCD20596/2021-02-19/2MUCD20596-20210219@162444-Eden.fits (7/260) (dry run)
Storing /home/altsai/eden/LOT20210219_2MUCD20596_mod/2MUCD20596-20210219@162556-Eden.fts -> s3://eden-data/RAW/LOT/2MUCD20596/2021-02-19/2MUCD20596-20210219@162556-Eden.fits (8/260) (dry run)
Storing /home/altsai/eden/LOT20210219_2MUCD20596_mod/2MUCD20596-20210219@162708-Eden.fts -> s3://eden-data/RAW/LOT/2MUCD20596/2021-02-19/2MUCD20596-20210219@162708-Eden.fits (9/260) (dry run)
Storing /home/altsai/eden/LOT20210219_2MUCD20596_mod/2MUCD20596-20210219@162818-Eden.fts -> s3://eden-data/RAW/LOT/2MUCD20596/2021-02-19/2MUCD20596-20210219@162818-Eden.fits (10/260) (dry run)
Storing /home/altsai/eden/LOT20210219_2MUCD20596_mod/2MUCD20596-20210219@162930-Eden.fts -> s3://eden-data/RAW/LOT/2MUCD20596/2021-02-19/2MUCD20596-20210219@162930-Eden.fits (11/260) (dry run)
Storing /home/altsai/eden/LOT20210219_2MUCD20596_mod/2MUCD20596-20210219@163041-Eden.fts -> s3://eden-data/RAW/LOT/2MUCD20596/2021-02-19/2MUCD20596-20210219@163041-Eden.fits (12/260) (dry run)
Storing /home/altsai/eden/LOT20210219_2MUCD20596_mod/2MUCD20596-20210219@163153-Eden.fts -> s3://eden-data/RAW/LOT/2MUCD20596/2021-02-19/2MUCD20596-20210219@163153-Eden.fits (13/260) (dry run)
Storing /home/altsai/eden/LOT20210219_2MUCD20596_mod/2MUCD20596-20210219@163303-Eden.fts -> s3://eden-data/RAW/LOT/2MUCD20596/2021-02-19/2MUCD20596-20210219@163303-Eden.fits (14/260) (dry run)
Storing /home/altsai/eden/LOT20210219_2MUCD20596_mod/2MUCD20596-20210219@163414-Eden.fts -> s3://eden-data/RAW/LOT/2MUCD20596/2021-02-19/2MUCD20596-20210219@163414-Eden.fits (15/260) (dry run)
Storing /home/altsai/eden/LOT20210219_2MUCD20596_mod/2MUCD20596-20210219@163525-Eden.fts -> s3://eden-data/RAW/LOT/2MUCD20596/2021-02-19/2MUCD20596-20210219@163525-Eden.fits (16/260) (dry run)
Storing /home/altsai/eden/LOT20210219_2MUCD20596_mod/2MUCD20596-20210219@163636-Eden.fts -> s3://eden-data/RAW/LOT/2MUCD20596/2021-02-19/2MUCD20596-20210219@163636-Eden.fits (17/260) (dry run)
Storing /home/altsai/eden/LOT20210219_2MUCD20596_mod/2MUCD20596-20210219@163748-Eden.fts -> s3://eden-data/RAW/LOT/2MUCD20596/2021-02-19/2MUCD20596-20210219@163748-Eden.fits (18/260) (dry run)
Storing /home/altsai/eden/LOT20210219_2MUCD20596_mod/2MUCD20596-20210219@163900-Eden.fts -> s3://eden-data/RAW/LOT/2MUCD20596/2021-02-19/2MUCD20596-20210219@163900-Eden.fits (19/260) (dry run)
Storing /home/altsai/eden/LOT20210219_2MUCD20596_mod/2MUCD20596-20210219@164011-Eden.fts -> s3://eden-data/RAW/LOT/2MUCD20596/2021-02-19/2MUCD20596-20210219@164011-Eden.fits (20/260) (dry run)
Storing /home/altsai/eden/LOT20210219_2MUCD20596_mod/2MUCD20596-20210219@164122-Eden.fts -> s3://eden-data/RAW/LOT/2MUCD20596/2021-02-19/2MUCD20596-20210219@164122-Eden.fits (21/260) (dry run)
Storing /home/altsai/eden/LOT20210219_2MUCD20596_mod/2MUCD20596-20210219@164234-Eden.fts -> s3://eden-data/RAW/LOT/2MUCD20596/2021-02-19/2MUCD20596-20210219@164234-Eden.fits (22/260) (dry run)
Storing /home/altsai/eden/LOT20210219_2MUCD20596_mod/2MUCD20596-20210219@164345-Eden.fts -> s3://eden-data/RAW/LOT/2MUCD20596/2021-02-19/2MUCD20596-20210219@164345-Eden.fits (23/260) (dry run)
Storing /home/altsai/eden/LOT20210219_2MUCD20596_mod/2MUCD20596-20210219@164456-Eden.fts -> s3://eden-data/RAW/LOT/2MUCD20596/2021-02-19/2MUCD20596-20210219@164456-Eden.fits (24/260) (dry run)
Storing /home/altsai/eden/LOT20210219_2MUCD20596_mod/2MUCD20596-20210219@164607-Eden.fts -> s3://eden-data/RAW/LOT/2MUCD20596/2021-02-19/2MUCD20596-20210219@164607-Eden.fits (25/260) (dry run)
Storing /home/altsai/eden/LOT20210219_2MUCD20596_mod/2MUCD20596-20210219@164718-Eden.fts -> s3://eden-data/RAW/LOT/2MUCD20596/2021-02-19/2MUCD20596-20210219@164718-Eden.fits (26/260) (dry run)
Storing /home/altsai/eden/LOT20210219_2MUCD20596_mod/2MUCD20596-20210219@164829-Eden.fts -> s3://eden-data/RAW/LOT/2MUCD20596/2021-02-19/2MUCD20596-20210219@164829-Eden.fits (27/260) (dry run)
Storing /home/altsai/eden/LOT20210219_2MUCD20596_mod/2MUCD20596-20210219@164940-Eden.fts -> s3://eden-data/RAW/LOT/2MUCD20596/2021-02-19/2MUCD20596-20210219@164940-Eden.fits (28/260) (dry run)
Storing /home/altsai/eden/LOT20210219_2MUCD20596_mod/2MUCD20596-20210219@165747-Eden.fts -> s3://eden-data/RAW/LOT/2MUCD20596/2021-02-19/2MUCD20596-20210219@165747-Eden.fits (29/260) (dry run)
Storing /home/altsai/eden/LOT20210219_2MUCD20596_mod/2MUCD20596-20210219@165858-Eden.fts -> s3://eden-data/RAW/LOT/2MUCD20596/2021-02-19/2MUCD20596-20210219@165858-Eden.fits (30/260) (dry run)
Storing /home/altsai/eden/LOT20210219_2MUCD20596_mod/2MUCD20596-20210219@170009-Eden.fts -> s3://eden-data/RAW/LOT/2MUCD20596/2021-02-19/2MUCD20596-20210219@170009-Eden.fits (31/260) (dry run)
Storing /home/altsai/eden/LOT20210219_2MUCD20596_mod/2MUCD20596-20210219@170120-Eden.fts -> s3://eden-data/RAW/LOT/2MUCD20596/2021-02-19/2MUCD20596-20210219@170120-Eden.fits (32/260) (dry run)
Storing /home/altsai/eden/LOT20210219_2MUCD20596_mod/2MUCD20596-20210219@170231-Eden.fts -> s3://eden-data/RAW/LOT/2MUCD20596/2021-02-19/2MUCD20596-20210219@170231-Eden.fits (33/260) (dry run)
Storing /home/altsai/eden/LOT20210219_2MUCD20596_mod/2MUCD20596-20210219@170342-Eden.fts -> s3://eden-data/RAW/LOT/2MUCD20596/2021-02-19/2MUCD20596-20210219@170342-Eden.fits (34/260) (dry run)
Storing /home/altsai/eden/LOT20210219_2MUCD20596_mod/2MUCD20596-20210219@170453-Eden.fts -> s3://eden-data/RAW/LOT/2MUCD20596/2021-02-19/2MUCD20596-20210219@170453-Eden.fits (35/260) (dry run)
Storing /home/altsai/eden/LOT20210219_2MUCD20596_mod/2MUCD20596-20210219@170605-Eden.fts -> s3://eden-data/RAW/LOT/2MUCD20596/2021-02-19/2MUCD20596-20210219@170605-Eden.fits (36/260) (dry run)
Storing /home/altsai/eden/LOT20210219_2MUCD20596_mod/2MUCD20596-20210219@170716-Eden.fts -> s3://eden-data/RAW/LOT/2MUCD20596/2021-02-19/2MUCD20596-20210219@170716-Eden.fits (37/260) (dry run)
Storing /home/altsai/eden/LOT20210219_2MUCD20596_mod/2MUCD20596-20210219@170827-Eden.fts -> s3://eden-data/RAW/LOT/2MUCD20596/2021-02-19/2MUCD20596-20210219@170827-Eden.fits (38/260) (dry run)
Storing /home/altsai/eden/LOT20210219_2MUCD20596_mod/2MUCD20596-20210219@170938-Eden.fts -> s3://eden-data/RAW/LOT/2MUCD20596/2021-02-19/2MUCD20596-20210219@170938-Eden.fits (39/260) (dry run)
Storing /home/altsai/eden/LOT20210219_2MUCD20596_mod/2MUCD20596-20210219@171049-Eden.fts -> s3://eden-data/RAW/LOT/2MUCD20596/2021-02-19/2MUCD20596-20210219@171049-Eden.fits (40/260) (dry run)
Storing /home/altsai/eden/LOT20210219_2MUCD20596_mod/2MUCD20596-20210219@171201-Eden.fts -> s3://eden-data/RAW/LOT/2MUCD20596/2021-02-19/2MUCD20596-20210219@171201-Eden.fits (41/260) (dry run)
Storing /home/altsai/eden/LOT20210219_2MUCD20596_mod/2MUCD20596-20210219@171312-Eden.fts -> s3://eden-data/RAW/LOT/2MUCD20596/2021-02-19/2MUCD20596-20210219@171312-Eden.fits (42/260) (dry run)
Storing /home/altsai/eden/LOT20210219_2MUCD20596_mod/2MUCD20596-20210219@171423-Eden.fts -> s3://eden-data/RAW/LOT/2MUCD20596/2021-02-19/2MUCD20596-20210219@171423-Eden.fits (43/260) (dry run)
Storing /home/altsai/eden/LOT20210219_2MUCD20596_mod/2MUCD20596-20210219@171534-Eden.fts -> s3://eden-data/RAW/LOT/2MUCD20596/2021-02-19/2MUCD20596-20210219@171534-Eden.fits (44/260) (dry run)
Storing /home/altsai/eden/LOT20210219_2MUCD20596_mod/2MUCD20596-20210219@171645-Eden.fts -> s3://eden-data/RAW/LOT/2MUCD20596/2021-02-19/2MUCD20596-20210219@171645-Eden.fits (45/260) (dry run)
Storing /home/altsai/eden/LOT20210219_2MUCD20596_mod/2MUCD20596-20210219@171757-Eden.fts -> s3://eden-data/RAW/LOT/2MUCD20596/2021-02-19/2MUCD20596-20210219@171757-Eden.fits (46/260) (dry run)
Storing /home/altsai/eden/LOT20210219_2MUCD20596_mod/2MUCD20596-20210219@171908-Eden.fts -> s3://eden-data/RAW/LOT/2MUCD20596/2021-02-19/2MUCD20596-20210219@171908-Eden.fits (47/260) (dry run)
Storing /home/altsai/eden/LOT20210219_2MUCD20596_mod/2MUCD20596-20210219@172020-Eden.fts -> s3://eden-data/RAW/LOT/2MUCD20596/2021-02-19/2MUCD20596-20210219@172020-Eden.fits (48/260) (dry run)
Storing /home/altsai/eden/LOT20210219_2MUCD20596_mod/2MUCD20596-20210219@172132-Eden.fts -> s3://eden-data/RAW/LOT/2MUCD20596/2021-02-19/2MUCD20596-20210219@172132-Eden.fits (49/260) (dry run)
Storing /home/altsai/eden/LOT20210219_2MUCD20596_mod/2MUCD20596-20210219@172243-Eden.fts -> s3://eden-data/RAW/LOT/2MUCD20596/2021-02-19/2MUCD20596-20210219@172243-Eden.fits (50/260) (dry run)
Storing /home/altsai/eden/LOT20210219_2MUCD20596_mod/2MUCD20596-20210219@172355-Eden.fts -> s3://eden-data/RAW/LOT/2MUCD20596/2021-02-19/2MUCD20596-20210219@172355-Eden.fits (51/260) (dry run)
Storing /home/altsai/eden/LOT20210219_2MUCD20596_mod/2MUCD20596-20210219@172506-Eden.fts -> s3://eden-data/RAW/LOT/2MUCD20596/2021-02-19/2MUCD20596-20210219@172506-Eden.fits (52/260) (dry run)
Storing /home/altsai/eden/LOT20210219_2MUCD20596_mod/2MUCD20596-20210219@172618-Eden.fts -> s3://eden-data/RAW/LOT/2MUCD20596/2021-02-19/2MUCD20596-20210219@172618-Eden.fits (53/260) (dry run)
Storing /home/altsai/eden/LOT20210219_2MUCD20596_mod/2MUCD20596-20210219@172729-Eden.fts -> s3://eden-data/RAW/LOT/2MUCD20596/2021-02-19/2MUCD20596-20210219@172729-Eden.fits (54/260) (dry run)
Storing /home/altsai/eden/LOT20210219_2MUCD20596_mod/2MUCD20596-20210219@172841-Eden.fts -> s3://eden-data/RAW/LOT/2MUCD20596/2021-02-19/2MUCD20596-20210219@172841-Eden.fits (55/260) (dry run)
Storing /home/altsai/eden/LOT20210219_2MUCD20596_mod/2MUCD20596-20210219@172953-Eden.fts -> s3://eden-data/RAW/LOT/2MUCD20596/2021-02-19/2MUCD20596-20210219@172953-Eden.fits (56/260) (dry run)
Storing /home/altsai/eden/LOT20210219_2MUCD20596_mod/2MUCD20596-20210219@173104-Eden.fts -> s3://eden-data/RAW/LOT/2MUCD20596/2021-02-19/2MUCD20596-20210219@173104-Eden.fits (57/260) (dry run)
Storing /home/altsai/eden/LOT20210219_2MUCD20596_mod/2MUCD20596-20210219@173215-Eden.fts -> s3://eden-data/RAW/LOT/2MUCD20596/2021-02-19/2MUCD20596-20210219@173215-Eden.fits (58/260) (dry run)
Storing /home/altsai/eden/LOT20210219_2MUCD20596_mod/2MUCD20596-20210219@173327-Eden.fts -> s3://eden-data/RAW/LOT/2MUCD20596/2021-02-19/2MUCD20596-20210219@173327-Eden.fits (59/260) (dry run)
Storing /home/altsai/eden/LOT20210219_2MUCD20596_mod/2MUCD20596-20210219@173439-Eden.fts -> s3://eden-data/RAW/LOT/2MUCD20596/2021-02-19/2MUCD20596-20210219@173439-Eden.fits (60/260) (dry run)
Storing /home/altsai/eden/LOT20210219_2MUCD20596_mod/2MUCD20596-20210219@173550-Eden.fts -> s3://eden-data/RAW/LOT/2MUCD20596/2021-02-19/2MUCD20596-20210219@173550-Eden.fits (61/260) (dry run)
Storing /home/altsai/eden/LOT20210219_2MUCD20596_mod/2MUCD20596-20210219@173701-Eden.fts -> s3://eden-data/RAW/LOT/2MUCD20596/2021-02-19/2MUCD20596-20210219@173701-Eden.fits (62/260) (dry run)
Storing /home/altsai/eden/LOT20210219_2MUCD20596_mod/2MUCD20596-20210219@173812-Eden.fts -> s3://eden-data/RAW/LOT/2MUCD20596/2021-02-19/2MUCD20596-20210219@173812-Eden.fits (63/260) (dry run)
Storing /home/altsai/eden/LOT20210219_2MUCD20596_mod/2MUCD20596-20210219@173924-Eden.fts -> s3://eden-data/RAW/LOT/2MUCD20596/2021-02-19/2MUCD20596-20210219@173924-Eden.fits (64/260) (dry run)
Storing /home/altsai/eden/LOT20210219_2MUCD20596_mod/2MUCD20596-20210219@174035-Eden.fts -> s3://eden-data/RAW/LOT/2MUCD20596/2021-02-19/2MUCD20596-20210219@174035-Eden.fits (65/260) (dry run)
Storing /home/altsai/eden/LOT20210219_2MUCD20596_mod/2MUCD20596-20210219@174146-Eden.fts -> s3://eden-data/RAW/LOT/2MUCD20596/2021-02-19/2MUCD20596-20210219@174146-Eden.fits (66/260) (dry run)
Storing /home/altsai/eden/LOT20210219_2MUCD20596_mod/2MUCD20596-20210219@174257-Eden.fts -> s3://eden-data/RAW/LOT/2MUCD20596/2021-02-19/2MUCD20596-20210219@174257-Eden.fits (67/260) (dry run)
Storing /home/altsai/eden/LOT20210219_2MUCD20596_mod/2MUCD20596-20210219@174409-Eden.fts -> s3://eden-data/RAW/LOT/2MUCD20596/2021-02-19/2MUCD20596-20210219@174409-Eden.fits (68/260) (dry run)
Storing /home/altsai/eden/LOT20210219_2MUCD20596_mod/2MUCD20596-20210219@174521-Eden.fts -> s3://eden-data/RAW/LOT/2MUCD20596/2021-02-19/2MUCD20596-20210219@174521-Eden.fits (69/260) (dry run)
Storing /home/altsai/eden/LOT20210219_2MUCD20596_mod/2MUCD20596-20210219@174632-Eden.fts -> s3://eden-data/RAW/LOT/2MUCD20596/2021-02-19/2MUCD20596-20210219@174632-Eden.fits (70/260) (dry run)
Storing /home/altsai/eden/LOT20210219_2MUCD20596_mod/2MUCD20596-20210219@174744-Eden.fts -> s3://eden-data/RAW/LOT/2MUCD20596/2021-02-19/2MUCD20596-20210219@174744-Eden.fits (71/260) (dry run)
Storing /home/altsai/eden/LOT20210219_2MUCD20596_mod/2MUCD20596-20210219@174856-Eden.fts -> s3://eden-data/RAW/LOT/2MUCD20596/2021-02-19/2MUCD20596-20210219@174856-Eden.fits (72/260) (dry run)
Storing /home/altsai/eden/LOT20210219_2MUCD20596_mod/2MUCD20596-20210219@175008-Eden.fts -> s3://eden-data/RAW/LOT/2MUCD20596/2021-02-19/2MUCD20596-20210219@175008-Eden.fits (73/260) (dry run)
Storing /home/altsai/eden/LOT20210219_2MUCD20596_mod/2MUCD20596-20210219@175119-Eden.fts -> s3://eden-data/RAW/LOT/2MUCD20596/2021-02-19/2MUCD20596-20210219@175119-Eden.fits (74/260) (dry run)
Storing /home/altsai/eden/LOT20210219_2MUCD20596_mod/2MUCD20596-20210219@175231-Eden.fts -> s3://eden-data/RAW/LOT/2MUCD20596/2021-02-19/2MUCD20596-20210219@175231-Eden.fits (75/260) (dry run)
Storing /home/altsai/eden/LOT20210219_2MUCD20596_mod/2MUCD20596-20210219@175342-Eden.fts -> s3://eden-data/RAW/LOT/2MUCD20596/2021-02-19/2MUCD20596-20210219@175342-Eden.fits (76/260) (dry run)
Storing /home/altsai/eden/LOT20210219_2MUCD20596_mod/2MUCD20596-20210219@175453-Eden.fts -> s3://eden-data/RAW/LOT/2MUCD20596/2021-02-19/2MUCD20596-20210219@175453-Eden.fits (77/260) (dry run)
Storing /home/altsai/eden/LOT20210219_2MUCD20596_mod/2MUCD20596-20210219@175605-Eden.fts -> s3://eden-data/RAW/LOT/2MUCD20596/2021-02-19/2MUCD20596-20210219@175605-Eden.fits (78/260) (dry run)
Storing /home/altsai/eden/LOT20210219_2MUCD20596_mod/2MUCD20596-20210219@175716-Eden.fts -> s3://eden-data/RAW/LOT/2MUCD20596/2021-02-19/2MUCD20596-20210219@175716-Eden.fits (79/260) (dry run)
Storing /home/altsai/eden/LOT20210219_2MUCD20596_mod/2MUCD20596-20210219@175827-Eden.fts -> s3://eden-data/RAW/LOT/2MUCD20596/2021-02-19/2MUCD20596-20210219@175827-Eden.fits (80/260) (dry run)
Storing /home/altsai/eden/LOT20210219_2MUCD20596_mod/2MUCD20596-20210219@175938-Eden.fts -> s3://eden-data/RAW/LOT/2MUCD20596/2021-02-19/2MUCD20596-20210219@175938-Eden.fits (81/260) (dry run)
Storing /home/altsai/eden/LOT20210219_2MUCD20596_mod/2MUCD20596-20210219@180049-Eden.fts -> s3://eden-data/RAW/LOT/2MUCD20596/2021-02-19/2MUCD20596-20210219@180049-Eden.fits (82/260) (dry run)
Storing /home/altsai/eden/LOT20210219_2MUCD20596_mod/2MUCD20596-20210219@180201-Eden.fts -> s3://eden-data/RAW/LOT/2MUCD20596/2021-02-19/2MUCD20596-20210219@180201-Eden.fits (83/260) (dry run)
Storing /home/altsai/eden/LOT20210219_2MUCD20596_mod/2MUCD20596-20210219@180312-Eden.fts -> s3://eden-data/RAW/LOT/2MUCD20596/2021-02-19/2MUCD20596-20210219@180312-Eden.fits (84/260) (dry run)
Storing /home/altsai/eden/LOT20210219_2MUCD20596_mod/2MUCD20596-20210219@180424-Eden.fts -> s3://eden-data/RAW/LOT/2MUCD20596/2021-02-19/2MUCD20596-20210219@180424-Eden.fits (85/260) (dry run)
Storing /home/altsai/eden/LOT20210219_2MUCD20596_mod/2MUCD20596-20210219@180536-Eden.fts -> s3://eden-data/RAW/LOT/2MUCD20596/2021-02-19/2MUCD20596-20210219@180536-Eden.fits (86/260) (dry run)
Storing /home/altsai/eden/LOT20210219_2MUCD20596_mod/2MUCD20596-20210219@180647-Eden.fts -> s3://eden-data/RAW/LOT/2MUCD20596/2021-02-19/2MUCD20596-20210219@180647-Eden.fits (87/260) (dry run)
Storing /home/altsai/eden/LOT20210219_2MUCD20596_mod/2MUCD20596-20210219@180758-Eden.fts -> s3://eden-data/RAW/LOT/2MUCD20596/2021-02-19/2MUCD20596-20210219@180758-Eden.fits (88/260) (dry run)
Storing /home/altsai/eden/LOT20210219_2MUCD20596_mod/2MUCD20596-20210219@180909-Eden.fts -> s3://eden-data/RAW/LOT/2MUCD20596/2021-02-19/2MUCD20596-20210219@180909-Eden.fits (89/260) (dry run)
Storing /home/altsai/eden/LOT20210219_2MUCD20596_mod/2MUCD20596-20210219@181021-Eden.fts -> s3://eden-data/RAW/LOT/2MUCD20596/2021-02-19/2MUCD20596-20210219@181021-Eden.fits (90/260) (dry run)
Storing /home/altsai/eden/LOT20210219_2MUCD20596_mod/2MUCD20596-20210219@181132-Eden.fts -> s3://eden-data/RAW/LOT/2MUCD20596/2021-02-19/2MUCD20596-20210219@181132-Eden.fits (91/260) (dry run)
Storing /home/altsai/eden/LOT20210219_2MUCD20596_mod/2MUCD20596-20210219@181242-Eden.fts -> s3://eden-data/RAW/LOT/2MUCD20596/2021-02-19/2MUCD20596-20210219@181242-Eden.fits (92/260) (dry run)
Storing /home/altsai/eden/LOT20210219_2MUCD20596_mod/2MUCD20596-20210219@181354-Eden.fts -> s3://eden-data/RAW/LOT/2MUCD20596/2021-02-19/2MUCD20596-20210219@181354-Eden.fits (93/260) (dry run)
Storing /home/altsai/eden/LOT20210219_2MUCD20596_mod/2MUCD20596-20210219@181506-Eden.fts -> s3://eden-data/RAW/LOT/2MUCD20596/2021-02-19/2MUCD20596-20210219@181506-Eden.fits (94/260) (dry run)
Storing /home/altsai/eden/LOT20210219_2MUCD20596_mod/2MUCD20596-20210219@181617-Eden.fts -> s3://eden-data/RAW/LOT/2MUCD20596/2021-02-19/2MUCD20596-20210219@181617-Eden.fits (95/260) (dry run)
Storing /home/altsai/eden/LOT20210219_2MUCD20596_mod/2MUCD20596-20210219@181728-Eden.fts -> s3://eden-data/RAW/LOT/2MUCD20596/2021-02-19/2MUCD20596-20210219@181728-Eden.fits (96/260) (dry run)
Storing /home/altsai/eden/LOT20210219_2MUCD20596_mod/2MUCD20596-20210219@181840-Eden.fts -> s3://eden-data/RAW/LOT/2MUCD20596/2021-02-19/2MUCD20596-20210219@181840-Eden.fits (97/260) (dry run)
Storing /home/altsai/eden/LOT20210219_2MUCD20596_mod/2MUCD20596-20210219@181951-Eden.fts -> s3://eden-data/RAW/LOT/2MUCD20596/2021-02-19/2MUCD20596-20210219@181951-Eden.fits (98/260) (dry run)
Storing /home/altsai/eden/LOT20210219_2MUCD20596_mod/2MUCD20596-20210219@182103-Eden.fts -> s3://eden-data/RAW/LOT/2MUCD20596/2021-02-19/2MUCD20596-20210219@182103-Eden.fits (99/260) (dry run)
Storing /home/altsai/eden/LOT20210219_2MUCD20596_mod/2MUCD20596-20210219@182214-Eden.fts -> s3://eden-data/RAW/LOT/2MUCD20596/2021-02-19/2MUCD20596-20210219@182214-Eden.fits (100/260) (dry run)
Storing /home/altsai/eden/LOT20210219_2MUCD20596_mod/2MUCD20596-20210219@182324-Eden.fts -> s3://eden-data/RAW/LOT/2MUCD20596/2021-02-19/2MUCD20596-20210219@182324-Eden.fits (101/260) (dry run)
Storing /home/altsai/eden/LOT20210219_2MUCD20596_mod/2MUCD20596-20210219@182436-Eden.fts -> s3://eden-data/RAW/LOT/2MUCD20596/2021-02-19/2MUCD20596-20210219@182436-Eden.fits (102/260) (dry run)
Storing /home/altsai/eden/LOT20210219_2MUCD20596_mod/2MUCD20596-20210219@182548-Eden.fts -> s3://eden-data/RAW/LOT/2MUCD20596/2021-02-19/2MUCD20596-20210219@182548-Eden.fits (103/260) (dry run)
Storing /home/altsai/eden/LOT20210219_2MUCD20596_mod/2MUCD20596-20210219@182659-Eden.fts -> s3://eden-data/RAW/LOT/2MUCD20596/2021-02-19/2MUCD20596-20210219@182659-Eden.fits (104/260) (dry run)
Storing /home/altsai/eden/LOT20210219_2MUCD20596_mod/2MUCD20596-20210219@182811-Eden.fts -> s3://eden-data/RAW/LOT/2MUCD20596/2021-02-19/2MUCD20596-20210219@182811-Eden.fits (105/260) (dry run)
Storing /home/altsai/eden/LOT20210219_2MUCD20596_mod/2MUCD20596-20210219@182923-Eden.fts -> s3://eden-data/RAW/LOT/2MUCD20596/2021-02-19/2MUCD20596-20210219@182923-Eden.fits (106/260) (dry run)
Storing /home/altsai/eden/LOT20210219_2MUCD20596_mod/2MUCD20596-20210219@183035-Eden.fts -> s3://eden-data/RAW/LOT/2MUCD20596/2021-02-19/2MUCD20596-20210219@183035-Eden.fits (107/260) (dry run)
Storing /home/altsai/eden/LOT20210219_2MUCD20596_mod/2MUCD20596-20210219@183146-Eden.fts -> s3://eden-data/RAW/LOT/2MUCD20596/2021-02-19/2MUCD20596-20210219@183146-Eden.fits (108/260) (dry run)
Storing /home/altsai/eden/LOT20210219_2MUCD20596_mod/2MUCD20596-20210219@183258-Eden.fts -> s3://eden-data/RAW/LOT/2MUCD20596/2021-02-19/2MUCD20596-20210219@183258-Eden.fits (109/260) (dry run)
Storing /home/altsai/eden/LOT20210219_2MUCD20596_mod/2MUCD20596-20210219@183409-Eden.fts -> s3://eden-data/RAW/LOT/2MUCD20596/2021-02-19/2MUCD20596-20210219@183409-Eden.fits (110/260) (dry run)
Storing /home/altsai/eden/LOT20210219_2MUCD20596_mod/2MUCD20596-20210219@183521-Eden.fts -> s3://eden-data/RAW/LOT/2MUCD20596/2021-02-19/2MUCD20596-20210219@183521-Eden.fits (111/260) (dry run)
Storing /home/altsai/eden/LOT20210219_2MUCD20596_mod/2MUCD20596-20210219@183632-Eden.fts -> s3://eden-data/RAW/LOT/2MUCD20596/2021-02-19/2MUCD20596-20210219@183632-Eden.fits (112/260) (dry run)
Storing /home/altsai/eden/LOT20210219_2MUCD20596_mod/2MUCD20596-20210219@183744-Eden.fts -> s3://eden-data/RAW/LOT/2MUCD20596/2021-02-19/2MUCD20596-20210219@183744-Eden.fits (113/260) (dry run)
Storing /home/altsai/eden/LOT20210219_2MUCD20596_mod/2MUCD20596-20210219@183856-Eden.fts -> s3://eden-data/RAW/LOT/2MUCD20596/2021-02-19/2MUCD20596-20210219@183856-Eden.fits (114/260) (dry run)
Storing /home/altsai/eden/LOT20210219_2MUCD20596_mod/2MUCD20596-20210219@184008-Eden.fts -> s3://eden-data/RAW/LOT/2MUCD20596/2021-02-19/2MUCD20596-20210219@184008-Eden.fits (115/260) (dry run)
Storing /home/altsai/eden/LOT20210219_2MUCD20596_mod/2MUCD20596-20210219@184119-Eden.fts -> s3://eden-data/RAW/LOT/2MUCD20596/2021-02-19/2MUCD20596-20210219@184119-Eden.fits (116/260) (dry run)
Storing /home/altsai/eden/LOT20210219_2MUCD20596_mod/2MUCD20596-20210219@184231-Eden.fts -> s3://eden-data/RAW/LOT/2MUCD20596/2021-02-19/2MUCD20596-20210219@184231-Eden.fits (117/260) (dry run)
Storing /home/altsai/eden/LOT20210219_2MUCD20596_mod/2MUCD20596-20210219@184342-Eden.fts -> s3://eden-data/RAW/LOT/2MUCD20596/2021-02-19/2MUCD20596-20210219@184342-Eden.fits (118/260) (dry run)
Storing /home/altsai/eden/LOT20210219_2MUCD20596_mod/2MUCD20596-20210219@184454-Eden.fts -> s3://eden-data/RAW/LOT/2MUCD20596/2021-02-19/2MUCD20596-20210219@184454-Eden.fits (119/260) (dry run)
Storing /home/altsai/eden/LOT20210219_2MUCD20596_mod/2MUCD20596-20210219@184605-Eden.fts -> s3://eden-data/RAW/LOT/2MUCD20596/2021-02-19/2MUCD20596-20210219@184605-Eden.fits (120/260) (dry run)
Storing /home/altsai/eden/LOT20210219_2MUCD20596_mod/2MUCD20596-20210219@184717-Eden.fts -> s3://eden-data/RAW/LOT/2MUCD20596/2021-02-19/2MUCD20596-20210219@184717-Eden.fits (121/260) (dry run)
Storing /home/altsai/eden/LOT20210219_2MUCD20596_mod/2MUCD20596-20210219@184828-Eden.fts -> s3://eden-data/RAW/LOT/2MUCD20596/2021-02-19/2MUCD20596-20210219@184828-Eden.fits (122/260) (dry run)
Storing /home/altsai/eden/LOT20210219_2MUCD20596_mod/2MUCD20596-20210219@184939-Eden.fts -> s3://eden-data/RAW/LOT/2MUCD20596/2021-02-19/2MUCD20596-20210219@184939-Eden.fits (123/260) (dry run)
Storing /home/altsai/eden/LOT20210219_2MUCD20596_mod/2MUCD20596-20210219@185051-Eden.fts -> s3://eden-data/RAW/LOT/2MUCD20596/2021-02-19/2MUCD20596-20210219@185051-Eden.fits (124/260) (dry run)
Storing /home/altsai/eden/LOT20210219_2MUCD20596_mod/2MUCD20596-20210219@185202-Eden.fts -> s3://eden-data/RAW/LOT/2MUCD20596/2021-02-19/2MUCD20596-20210219@185202-Eden.fits (125/260) (dry run)
Storing /home/altsai/eden/LOT20210219_2MUCD20596_mod/2MUCD20596-20210219@185313-Eden.fts -> s3://eden-data/RAW/LOT/2MUCD20596/2021-02-19/2MUCD20596-20210219@185313-Eden.fits (126/260) (dry run)
Storing /home/altsai/eden/LOT20210219_2MUCD20596_mod/2MUCD20596-20210219@185425-Eden.fts -> s3://eden-data/RAW/LOT/2MUCD20596/2021-02-19/2MUCD20596-20210219@185425-Eden.fits (127/260) (dry run)
Storing /home/altsai/eden/LOT20210219_2MUCD20596_mod/2MUCD20596-20210219@185536-Eden.fts -> s3://eden-data/RAW/LOT/2MUCD20596/2021-02-19/2MUCD20596-20210219@185536-Eden.fits (128/260) (dry run)
Storing /home/altsai/eden/LOT20210219_2MUCD20596_mod/2MUCD20596-20210219@185647-Eden.fts -> s3://eden-data/RAW/LOT/2MUCD20596/2021-02-19/2MUCD20596-20210219@185647-Eden.fits (129/260) (dry run)
Storing /home/altsai/eden/LOT20210219_2MUCD20596_mod/2MUCD20596-20210219@185758-Eden.fts -> s3://eden-data/RAW/LOT/2MUCD20596/2021-02-19/2MUCD20596-20210219@185758-Eden.fits (130/260) (dry run)
Storing /home/altsai/eden/LOT20210219_2MUCD20596_mod/2MUCD20596-20210219@185909-Eden.fts -> s3://eden-data/RAW/LOT/2MUCD20596/2021-02-19/2MUCD20596-20210219@185909-Eden.fits (131/260) (dry run)
Storing /home/altsai/eden/LOT20210219_2MUCD20596_mod/2MUCD20596-20210219@190020-Eden.fts -> s3://eden-data/RAW/LOT/2MUCD20596/2021-02-19/2MUCD20596-20210219@190020-Eden.fits (132/260) (dry run)
Storing /home/altsai/eden/LOT20210219_2MUCD20596_mod/2MUCD20596-20210219@190131-Eden.fts -> s3://eden-data/RAW/LOT/2MUCD20596/2021-02-19/2MUCD20596-20210219@190131-Eden.fits (133/260) (dry run)
Storing /home/altsai/eden/LOT20210219_2MUCD20596_mod/2MUCD20596-20210219@190242-Eden.fts -> s3://eden-data/RAW/LOT/2MUCD20596/2021-02-19/2MUCD20596-20210219@190242-Eden.fits (134/260) (dry run)
Storing /home/altsai/eden/LOT20210219_2MUCD20596_mod/2MUCD20596-20210219@190353-Eden.fts -> s3://eden-data/RAW/LOT/2MUCD20596/2021-02-19/2MUCD20596-20210219@190353-Eden.fits (135/260) (dry run)
Storing /home/altsai/eden/LOT20210219_2MUCD20596_mod/2MUCD20596-20210219@190504-Eden.fts -> s3://eden-data/RAW/LOT/2MUCD20596/2021-02-19/2MUCD20596-20210219@190504-Eden.fits (136/260) (dry run)
Storing /home/altsai/eden/LOT20210219_2MUCD20596_mod/2MUCD20596-20210219@190617-Eden.fts -> s3://eden-data/RAW/LOT/2MUCD20596/2021-02-19/2MUCD20596-20210219@190617-Eden.fits (137/260) (dry run)
Storing /home/altsai/eden/LOT20210219_2MUCD20596_mod/2MUCD20596-20210219@190728-Eden.fts -> s3://eden-data/RAW/LOT/2MUCD20596/2021-02-19/2MUCD20596-20210219@190728-Eden.fits (138/260) (dry run)
Storing /home/altsai/eden/LOT20210219_2MUCD20596_mod/2MUCD20596-20210219@190840-Eden.fts -> s3://eden-data/RAW/LOT/2MUCD20596/2021-02-19/2MUCD20596-20210219@190840-Eden.fits (139/260) (dry run)
Storing /home/altsai/eden/LOT20210219_2MUCD20596_mod/2MUCD20596-20210219@190952-Eden.fts -> s3://eden-data/RAW/LOT/2MUCD20596/2021-02-19/2MUCD20596-20210219@190952-Eden.fits (140/260) (dry run)
Storing /home/altsai/eden/LOT20210219_2MUCD20596_mod/2MUCD20596-20210219@191102-Eden.fts -> s3://eden-data/RAW/LOT/2MUCD20596/2021-02-19/2MUCD20596-20210219@191102-Eden.fits (141/260) (dry run)
Storing /home/altsai/eden/LOT20210219_2MUCD20596_mod/2MUCD20596-20210219@191213-Eden.fts -> s3://eden-data/RAW/LOT/2MUCD20596/2021-02-19/2MUCD20596-20210219@191213-Eden.fits (142/260) (dry run)
Storing /home/altsai/eden/LOT20210219_2MUCD20596_mod/2MUCD20596-20210219@191325-Eden.fts -> s3://eden-data/RAW/LOT/2MUCD20596/2021-02-19/2MUCD20596-20210219@191325-Eden.fits (143/260) (dry run)
Storing /home/altsai/eden/LOT20210219_2MUCD20596_mod/2MUCD20596-20210219@191436-Eden.fts -> s3://eden-data/RAW/LOT/2MUCD20596/2021-02-19/2MUCD20596-20210219@191436-Eden.fits (144/260) (dry run)
Storing /home/altsai/eden/LOT20210219_2MUCD20596_mod/2MUCD20596-20210219@191547-Eden.fts -> s3://eden-data/RAW/LOT/2MUCD20596/2021-02-19/2MUCD20596-20210219@191547-Eden.fits (145/260) (dry run)
Storing /home/altsai/eden/LOT20210219_2MUCD20596_mod/2MUCD20596-20210219@191659-Eden.fts -> s3://eden-data/RAW/LOT/2MUCD20596/2021-02-19/2MUCD20596-20210219@191659-Eden.fits (146/260) (dry run)
Storing /home/altsai/eden/LOT20210219_2MUCD20596_mod/2MUCD20596-20210219@191810-Eden.fts -> s3://eden-data/RAW/LOT/2MUCD20596/2021-02-19/2MUCD20596-20210219@191810-Eden.fits (147/260) (dry run)
Storing /home/altsai/eden/LOT20210219_2MUCD20596_mod/2MUCD20596-20210219@191922-Eden.fts -> s3://eden-data/RAW/LOT/2MUCD20596/2021-02-19/2MUCD20596-20210219@191922-Eden.fits (148/260) (dry run)
Storing /home/altsai/eden/LOT20210219_2MUCD20596_mod/2MUCD20596-20210219@192033-Eden.fts -> s3://eden-data/RAW/LOT/2MUCD20596/2021-02-19/2MUCD20596-20210219@192033-Eden.fits (149/260) (dry run)
Storing /home/altsai/eden/LOT20210219_2MUCD20596_mod/2MUCD20596-20210219@192144-Eden.fts -> s3://eden-data/RAW/LOT/2MUCD20596/2021-02-19/2MUCD20596-20210219@192144-Eden.fits (150/260) (dry run)
Storing /home/altsai/eden/LOT20210219_2MUCD20596_mod/2MUCD20596-20210219@192256-Eden.fts -> s3://eden-data/RAW/LOT/2MUCD20596/2021-02-19/2MUCD20596-20210219@192256-Eden.fits (151/260) (dry run)
Storing /home/altsai/eden/LOT20210219_2MUCD20596_mod/2MUCD20596-20210219@192407-Eden.fts -> s3://eden-data/RAW/LOT/2MUCD20596/2021-02-19/2MUCD20596-20210219@192407-Eden.fits (152/260) (dry run)
Storing /home/altsai/eden/LOT20210219_2MUCD20596_mod/2MUCD20596-20210219@192518-Eden.fts -> s3://eden-data/RAW/LOT/2MUCD20596/2021-02-19/2MUCD20596-20210219@192518-Eden.fits (153/260) (dry run)
Storing /home/altsai/eden/LOT20210219_2MUCD20596_mod/2MUCD20596-20210219@192630-Eden.fts -> s3://eden-data/RAW/LOT/2MUCD20596/2021-02-19/2MUCD20596-20210219@192630-Eden.fits (154/260) (dry run)
Storing /home/altsai/eden/LOT20210219_2MUCD20596_mod/2MUCD20596-20210219@192741-Eden.fts -> s3://eden-data/RAW/LOT/2MUCD20596/2021-02-19/2MUCD20596-20210219@192741-Eden.fits (155/260) (dry run)
Storing /home/altsai/eden/LOT20210219_2MUCD20596_mod/2MUCD20596-20210219@192853-Eden.fts -> s3://eden-data/RAW/LOT/2MUCD20596/2021-02-19/2MUCD20596-20210219@192853-Eden.fits (156/260) (dry run)
Storing /home/altsai/eden/LOT20210219_2MUCD20596_mod/2MUCD20596-20210219@193005-Eden.fts -> s3://eden-data/RAW/LOT/2MUCD20596/2021-02-19/2MUCD20596-20210219@193005-Eden.fits (157/260) (dry run)
Storing /home/altsai/eden/LOT20210219_2MUCD20596_mod/2MUCD20596-20210219@193116-Eden.fts -> s3://eden-data/RAW/LOT/2MUCD20596/2021-02-19/2MUCD20596-20210219@193116-Eden.fits (158/260) (dry run)
Storing /home/altsai/eden/LOT20210219_2MUCD20596_mod/2MUCD20596-20210219@193227-Eden.fts -> s3://eden-data/RAW/LOT/2MUCD20596/2021-02-19/2MUCD20596-20210219@193227-Eden.fits (159/260) (dry run)
Storing /home/altsai/eden/LOT20210219_2MUCD20596_mod/2MUCD20596-20210219@193338-Eden.fts -> s3://eden-data/RAW/LOT/2MUCD20596/2021-02-19/2MUCD20596-20210219@193338-Eden.fits (160/260) (dry run)
Storing /home/altsai/eden/LOT20210219_2MUCD20596_mod/2MUCD20596-20210219@193449-Eden.fts -> s3://eden-data/RAW/LOT/2MUCD20596/2021-02-19/2MUCD20596-20210219@193449-Eden.fits (161/260) (dry run)
Storing /home/altsai/eden/LOT20210219_2MUCD20596_mod/2MUCD20596-20210219@194255-Eden.fts -> s3://eden-data/RAW/LOT/2MUCD20596/2021-02-19/2MUCD20596-20210219@194255-Eden.fits (162/260) (dry run)
Storing /home/altsai/eden/LOT20210219_2MUCD20596_mod/2MUCD20596-20210219@194407-Eden.fts -> s3://eden-data/RAW/LOT/2MUCD20596/2021-02-19/2MUCD20596-20210219@194407-Eden.fits (163/260) (dry run)
Storing /home/altsai/eden/LOT20210219_2MUCD20596_mod/2MUCD20596-20210219@194518-Eden.fts -> s3://eden-data/RAW/LOT/2MUCD20596/2021-02-19/2MUCD20596-20210219@194518-Eden.fits (164/260) (dry run)
Storing /home/altsai/eden/LOT20210219_2MUCD20596_mod/2MUCD20596-20210219@194631-Eden.fts -> s3://eden-data/RAW/LOT/2MUCD20596/2021-02-19/2MUCD20596-20210219@194631-Eden.fits (165/260) (dry run)
Storing /home/altsai/eden/LOT20210219_2MUCD20596_mod/2MUCD20596-20210219@194742-Eden.fts -> s3://eden-data/RAW/LOT/2MUCD20596/2021-02-19/2MUCD20596-20210219@194742-Eden.fits (166/260) (dry run)
Storing /home/altsai/eden/LOT20210219_2MUCD20596_mod/2MUCD20596-20210219@194853-Eden.fts -> s3://eden-data/RAW/LOT/2MUCD20596/2021-02-19/2MUCD20596-20210219@194853-Eden.fits (167/260) (dry run)
Storing /home/altsai/eden/LOT20210219_2MUCD20596_mod/2MUCD20596-20210219@195005-Eden.fts -> s3://eden-data/RAW/LOT/2MUCD20596/2021-02-19/2MUCD20596-20210219@195005-Eden.fits (168/260) (dry run)
Storing /home/altsai/eden/LOT20210219_2MUCD20596_mod/2MUCD20596-20210219@195117-Eden.fts -> s3://eden-data/RAW/LOT/2MUCD20596/2021-02-19/2MUCD20596-20210219@195117-Eden.fits (169/260) (dry run)
Storing /home/altsai/eden/LOT20210219_2MUCD20596_mod/2MUCD20596-20210219@195228-Eden.fts -> s3://eden-data/RAW/LOT/2MUCD20596/2021-02-19/2MUCD20596-20210219@195228-Eden.fits (170/260) (dry run)
Storing /home/altsai/eden/LOT20210219_2MUCD20596_mod/2MUCD20596-20210219@195339-Eden.fts -> s3://eden-data/RAW/LOT/2MUCD20596/2021-02-19/2MUCD20596-20210219@195339-Eden.fits (171/260) (dry run)
Storing /home/altsai/eden/LOT20210219_2MUCD20596_mod/2MUCD20596-20210219@195450-Eden.fts -> s3://eden-data/RAW/LOT/2MUCD20596/2021-02-19/2MUCD20596-20210219@195450-Eden.fits (172/260) (dry run)
Storing /home/altsai/eden/LOT20210219_2MUCD20596_mod/2MUCD20596-20210219@195602-Eden.fts -> s3://eden-data/RAW/LOT/2MUCD20596/2021-02-19/2MUCD20596-20210219@195602-Eden.fits (173/260) (dry run)
Storing /home/altsai/eden/LOT20210219_2MUCD20596_mod/2MUCD20596-20210219@195713-Eden.fts -> s3://eden-data/RAW/LOT/2MUCD20596/2021-02-19/2MUCD20596-20210219@195713-Eden.fits (174/260) (dry run)
Storing /home/altsai/eden/LOT20210219_2MUCD20596_mod/2MUCD20596-20210219@195824-Eden.fts -> s3://eden-data/RAW/LOT/2MUCD20596/2021-02-19/2MUCD20596-20210219@195824-Eden.fits (175/260) (dry run)
Storing /home/altsai/eden/LOT20210219_2MUCD20596_mod/2MUCD20596-20210219@195935-Eden.fts -> s3://eden-data/RAW/LOT/2MUCD20596/2021-02-19/2MUCD20596-20210219@195935-Eden.fits (176/260) (dry run)
Storing /home/altsai/eden/LOT20210219_2MUCD20596_mod/2MUCD20596-20210219@200046-Eden.fts -> s3://eden-data/RAW/LOT/2MUCD20596/2021-02-19/2MUCD20596-20210219@200046-Eden.fits (177/260) (dry run)
Storing /home/altsai/eden/LOT20210219_2MUCD20596_mod/2MUCD20596-20210219@200156-Eden.fts -> s3://eden-data/RAW/LOT/2MUCD20596/2021-02-19/2MUCD20596-20210219@200156-Eden.fits (178/260) (dry run)
Storing /home/altsai/eden/LOT20210219_2MUCD20596_mod/2MUCD20596-20210219@200308-Eden.fts -> s3://eden-data/RAW/LOT/2MUCD20596/2021-02-19/2MUCD20596-20210219@200308-Eden.fits (179/260) (dry run)
Storing /home/altsai/eden/LOT20210219_2MUCD20596_mod/2MUCD20596-20210219@200420-Eden.fts -> s3://eden-data/RAW/LOT/2MUCD20596/2021-02-19/2MUCD20596-20210219@200420-Eden.fits (180/260) (dry run)
Storing /home/altsai/eden/LOT20210219_2MUCD20596_mod/2MUCD20596-20210219@200531-Eden.fts -> s3://eden-data/RAW/LOT/2MUCD20596/2021-02-19/2MUCD20596-20210219@200531-Eden.fits (181/260) (dry run)
Storing /home/altsai/eden/LOT20210219_2MUCD20596_mod/2MUCD20596-20210219@200642-Eden.fts -> s3://eden-data/RAW/LOT/2MUCD20596/2021-02-19/2MUCD20596-20210219@200642-Eden.fits (182/260) (dry run)
Storing /home/altsai/eden/LOT20210219_2MUCD20596_mod/2MUCD20596-20210219@200753-Eden.fts -> s3://eden-data/RAW/LOT/2MUCD20596/2021-02-19/2MUCD20596-20210219@200753-Eden.fits (183/260) (dry run)
Storing /home/altsai/eden/LOT20210219_2MUCD20596_mod/2MUCD20596-20210219@200906-Eden.fts -> s3://eden-data/RAW/LOT/2MUCD20596/2021-02-19/2MUCD20596-20210219@200906-Eden.fits (184/260) (dry run)
Storing /home/altsai/eden/LOT20210219_2MUCD20596_mod/2MUCD20596-20210219@201016-Eden.fts -> s3://eden-data/RAW/LOT/2MUCD20596/2021-02-19/2MUCD20596-20210219@201016-Eden.fits (185/260) (dry run)
Storing /home/altsai/eden/LOT20210219_2MUCD20596_mod/2MUCD20596-20210219@201127-Eden.fts -> s3://eden-data/RAW/LOT/2MUCD20596/2021-02-19/2MUCD20596-20210219@201127-Eden.fits (186/260) (dry run)
Storing /home/altsai/eden/LOT20210219_2MUCD20596_mod/2MUCD20596-20210219@201239-Eden.fts -> s3://eden-data/RAW/LOT/2MUCD20596/2021-02-19/2MUCD20596-20210219@201239-Eden.fits (187/260) (dry run)
Storing /home/altsai/eden/LOT20210219_2MUCD20596_mod/2MUCD20596-20210219@201350-Eden.fts -> s3://eden-data/RAW/LOT/2MUCD20596/2021-02-19/2MUCD20596-20210219@201350-Eden.fits (188/260) (dry run)
Storing /home/altsai/eden/LOT20210219_2MUCD20596_mod/2MUCD20596-20210219@201501-Eden.fts -> s3://eden-data/RAW/LOT/2MUCD20596/2021-02-19/2MUCD20596-20210219@201501-Eden.fits (189/260) (dry run)
Storing /home/altsai/eden/LOT20210219_2MUCD20596_mod/2MUCD20596-20210219@201612-Eden.fts -> s3://eden-data/RAW/LOT/2MUCD20596/2021-02-19/2MUCD20596-20210219@201612-Eden.fits (190/260) (dry run)
Storing /home/altsai/eden/LOT20210219_2MUCD20596_mod/2MUCD20596-20210219@201724-Eden.fts -> s3://eden-data/RAW/LOT/2MUCD20596/2021-02-19/2MUCD20596-20210219@201724-Eden.fits (191/260) (dry run)
Storing /home/altsai/eden/LOT20210219_2MUCD20596_mod/2MUCD20596-20210219@201835-Eden.fts -> s3://eden-data/RAW/LOT/2MUCD20596/2021-02-19/2MUCD20596-20210219@201835-Eden.fits (192/260) (dry run)
Storing /home/altsai/eden/LOT20210219_2MUCD20596_mod/2MUCD20596-20210219@201946-Eden.fts -> s3://eden-data/RAW/LOT/2MUCD20596/2021-02-19/2MUCD20596-20210219@201946-Eden.fits (193/260) (dry run)
Storing /home/altsai/eden/LOT20210219_2MUCD20596_mod/2MUCD20596-20210219@202057-Eden.fts -> s3://eden-data/RAW/LOT/2MUCD20596/2021-02-19/2MUCD20596-20210219@202057-Eden.fits (194/260) (dry run)
Storing /home/altsai/eden/LOT20210219_2MUCD20596_mod/2MUCD20596-20210219@202208-Eden.fts -> s3://eden-data/RAW/LOT/2MUCD20596/2021-02-19/2MUCD20596-20210219@202208-Eden.fits (195/260) (dry run)
Storing /home/altsai/eden/LOT20210219_2MUCD20596_mod/2MUCD20596-20210219@202320-Eden.fts -> s3://eden-data/RAW/LOT/2MUCD20596/2021-02-19/2MUCD20596-20210219@202320-Eden.fits (196/260) (dry run)
Storing /home/altsai/eden/LOT20210219_2MUCD20596_mod/2MUCD20596-20210219@202431-Eden.fts -> s3://eden-data/RAW/LOT/2MUCD20596/2021-02-19/2MUCD20596-20210219@202431-Eden.fits (197/260) (dry run)
Storing /home/altsai/eden/LOT20210219_2MUCD20596_mod/2MUCD20596-20210219@202542-Eden.fts -> s3://eden-data/RAW/LOT/2MUCD20596/2021-02-19/2MUCD20596-20210219@202542-Eden.fits (198/260) (dry run)
Storing /home/altsai/eden/LOT20210219_2MUCD20596_mod/2MUCD20596-20210219@202653-Eden.fts -> s3://eden-data/RAW/LOT/2MUCD20596/2021-02-19/2MUCD20596-20210219@202653-Eden.fits (199/260) (dry run)
Storing /home/altsai/eden/LOT20210219_2MUCD20596_mod/2MUCD20596-20210219@202803-Eden.fts -> s3://eden-data/RAW/LOT/2MUCD20596/2021-02-19/2MUCD20596-20210219@202803-Eden.fits (200/260) (dry run)
Storing /home/altsai/eden/LOT20210219_2MUCD20596_mod/2MUCD20596-20210219@202915-Eden.fts -> s3://eden-data/RAW/LOT/2MUCD20596/2021-02-19/2MUCD20596-20210219@202915-Eden.fits (201/260) (dry run)
Storing /home/altsai/eden/LOT20210219_2MUCD20596_mod/2MUCD20596-20210219@203026-Eden.fts -> s3://eden-data/RAW/LOT/2MUCD20596/2021-02-19/2MUCD20596-20210219@203026-Eden.fits (202/260) (dry run)
Storing /home/altsai/eden/LOT20210219_2MUCD20596_mod/2MUCD20596-20210219@203137-Eden.fts -> s3://eden-data/RAW/LOT/2MUCD20596/2021-02-19/2MUCD20596-20210219@203137-Eden.fits (203/260) (dry run)
Storing /home/altsai/eden/LOT20210219_2MUCD20596_mod/2MUCD20596-20210219@203248-Eden.fts -> s3://eden-data/RAW/LOT/2MUCD20596/2021-02-19/2MUCD20596-20210219@203248-Eden.fits (204/260) (dry run)
Storing /home/altsai/eden/LOT20210219_2MUCD20596_mod/2MUCD20596-20210219@203359-Eden.fts -> s3://eden-data/RAW/LOT/2MUCD20596/2021-02-19/2MUCD20596-20210219@203359-Eden.fits (205/260) (dry run)
Storing /home/altsai/eden/LOT20210219_2MUCD20596_mod/2MUCD20596-20210219@203510-Eden.fts -> s3://eden-data/RAW/LOT/2MUCD20596/2021-02-19/2MUCD20596-20210219@203510-Eden.fits (206/260) (dry run)
Storing /home/altsai/eden/LOT20210219_2MUCD20596_mod/2MUCD20596-20210219@203622-Eden.fts -> s3://eden-data/RAW/LOT/2MUCD20596/2021-02-19/2MUCD20596-20210219@203622-Eden.fits (207/260) (dry run)
Storing /home/altsai/eden/LOT20210219_2MUCD20596_mod/2MUCD20596-20210219@203734-Eden.fts -> s3://eden-data/RAW/LOT/2MUCD20596/2021-02-19/2MUCD20596-20210219@203734-Eden.fits (208/260) (dry run)
Storing /home/altsai/eden/LOT20210219_2MUCD20596_mod/2MUCD20596-20210219@203846-Eden.fts -> s3://eden-data/RAW/LOT/2MUCD20596/2021-02-19/2MUCD20596-20210219@203846-Eden.fits (209/260) (dry run)
Storing /home/altsai/eden/LOT20210219_2MUCD20596_mod/2MUCD20596-20210219@203957-Eden.fts -> s3://eden-data/RAW/LOT/2MUCD20596/2021-02-19/2MUCD20596-20210219@203957-Eden.fits (210/260) (dry run)
Storing /home/altsai/eden/LOT20210219_2MUCD20596_mod/2MUCD20596-20210219@204109-Eden.fts -> s3://eden-data/RAW/LOT/2MUCD20596/2021-02-19/2MUCD20596-20210219@204109-Eden.fits (211/260) (dry run)
Storing /home/altsai/eden/LOT20210219_2MUCD20596_mod/2MUCD20596-20210219@204220-Eden.fts -> s3://eden-data/RAW/LOT/2MUCD20596/2021-02-19/2MUCD20596-20210219@204220-Eden.fits (212/260) (dry run)
Storing /home/altsai/eden/LOT20210219_2MUCD20596_mod/2MUCD20596-20210219@204331-Eden.fts -> s3://eden-data/RAW/LOT/2MUCD20596/2021-02-19/2MUCD20596-20210219@204331-Eden.fits (213/260) (dry run)
Storing /home/altsai/eden/LOT20210219_2MUCD20596_mod/2MUCD20596-20210219@204442-Eden.fts -> s3://eden-data/RAW/LOT/2MUCD20596/2021-02-19/2MUCD20596-20210219@204442-Eden.fits (214/260) (dry run)
Storing /home/altsai/eden/LOT20210219_2MUCD20596_mod/2MUCD20596-20210219@204553-Eden.fts -> s3://eden-data/RAW/LOT/2MUCD20596/2021-02-19/2MUCD20596-20210219@204553-Eden.fits (215/260) (dry run)
Storing /home/altsai/eden/LOT20210219_2MUCD20596_mod/2MUCD20596-20210219@204704-Eden.fts -> s3://eden-data/RAW/LOT/2MUCD20596/2021-02-19/2MUCD20596-20210219@204704-Eden.fits (216/260) (dry run)
Storing /home/altsai/eden/LOT20210219_2MUCD20596_mod/2MUCD20596-20210219@204815-Eden.fts -> s3://eden-data/RAW/LOT/2MUCD20596/2021-02-19/2MUCD20596-20210219@204815-Eden.fits (217/260) (dry run)
Storing /home/altsai/eden/LOT20210219_2MUCD20596_mod/2MUCD20596-20210219@204926-Eden.fts -> s3://eden-data/RAW/LOT/2MUCD20596/2021-02-19/2MUCD20596-20210219@204926-Eden.fits (218/260) (dry run)
Storing /home/altsai/eden/LOT20210219_2MUCD20596_mod/2MUCD20596-20210219@205037-Eden.fts -> s3://eden-data/RAW/LOT/2MUCD20596/2021-02-19/2MUCD20596-20210219@205037-Eden.fits (219/260) (dry run)
Storing /home/altsai/eden/LOT20210219_2MUCD20596_mod/2MUCD20596-20210219@205148-Eden.fts -> s3://eden-data/RAW/LOT/2MUCD20596/2021-02-19/2MUCD20596-20210219@205148-Eden.fits (220/260) (dry run)
Storing /home/altsai/eden/LOT20210219_2MUCD20596_mod/2MUCD20596-20210219@205259-Eden.fts -> s3://eden-data/RAW/LOT/2MUCD20596/2021-02-19/2MUCD20596-20210219@205259-Eden.fits (221/260) (dry run)
Storing /home/altsai/eden/LOT20210219_2MUCD20596_mod/2MUCD20596-20210219@205411-Eden.fts -> s3://eden-data/RAW/LOT/2MUCD20596/2021-02-19/2MUCD20596-20210219@205411-Eden.fits (222/260) (dry run)
Storing /home/altsai/eden/LOT20210219_2MUCD20596_mod/2MUCD20596-20210219@205522-Eden.fts -> s3://eden-data/RAW/LOT/2MUCD20596/2021-02-19/2MUCD20596-20210219@205522-Eden.fits (223/260) (dry run)
Storing /home/altsai/eden/LOT20210219_2MUCD20596_mod/2MUCD20596-20210219@205632-Eden.fts -> s3://eden-data/RAW/LOT/2MUCD20596/2021-02-19/2MUCD20596-20210219@205632-Eden.fits (224/260) (dry run)
Storing /home/altsai/eden/LOT20210219_2MUCD20596_mod/2MUCD20596-20210219@205744-Eden.fts -> s3://eden-data/RAW/LOT/2MUCD20596/2021-02-19/2MUCD20596-20210219@205744-Eden.fits (225/260) (dry run)
Storing /home/altsai/eden/LOT20210219_2MUCD20596_mod/2MUCD20596-20210219@205856-Eden.fts -> s3://eden-data/RAW/LOT/2MUCD20596/2021-02-19/2MUCD20596-20210219@205856-Eden.fits (226/260) (dry run)
Storing /home/altsai/eden/LOT20210219_2MUCD20596_mod/2MUCD20596-20210219@210007-Eden.fts -> s3://eden-data/RAW/LOT/2MUCD20596/2021-02-19/2MUCD20596-20210219@210007-Eden.fits (227/260) (dry run)
Storing /home/altsai/eden/LOT20210219_2MUCD20596_mod/2MUCD20596-20210219@210118-Eden.fts -> s3://eden-data/RAW/LOT/2MUCD20596/2021-02-19/2MUCD20596-20210219@210118-Eden.fits (228/260) (dry run)
Storing /home/altsai/eden/LOT20210219_2MUCD20596_mod/2MUCD20596-20210219@210230-Eden.fts -> s3://eden-data/RAW/LOT/2MUCD20596/2021-02-19/2MUCD20596-20210219@210230-Eden.fits (229/260) (dry run)
Storing /home/altsai/eden/LOT20210219_2MUCD20596_mod/2MUCD20596-20210219@210342-Eden.fts -> s3://eden-data/RAW/LOT/2MUCD20596/2021-02-19/2MUCD20596-20210219@210342-Eden.fits (230/260) (dry run)
Storing /home/altsai/eden/LOT20210219_2MUCD20596_mod/2MUCD20596-20210219@210452-Eden.fts -> s3://eden-data/RAW/LOT/2MUCD20596/2021-02-19/2MUCD20596-20210219@210452-Eden.fits (231/260) (dry run)
Storing /home/altsai/eden/LOT20210219_2MUCD20596_mod/2MUCD20596-20210219@210604-Eden.fts -> s3://eden-data/RAW/LOT/2MUCD20596/2021-02-19/2MUCD20596-20210219@210604-Eden.fits (232/260) (dry run)
Storing /home/altsai/eden/LOT20210219_2MUCD20596_mod/2MUCD20596-20210219@210715-Eden.fts -> s3://eden-data/RAW/LOT/2MUCD20596/2021-02-19/2MUCD20596-20210219@210715-Eden.fits (233/260) (dry run)
Storing /home/altsai/eden/LOT20210219_2MUCD20596_mod/2MUCD20596-20210219@210826-Eden.fts -> s3://eden-data/RAW/LOT/2MUCD20596/2021-02-19/2MUCD20596-20210219@210826-Eden.fits (234/260) (dry run)
Storing /home/altsai/eden/LOT20210219_2MUCD20596_mod/2MUCD20596-20210219@210938-Eden.fts -> s3://eden-data/RAW/LOT/2MUCD20596/2021-02-19/2MUCD20596-20210219@210938-Eden.fits (235/260) (dry run)
Storing /home/altsai/eden/LOT20210219_2MUCD20596_mod/2MUCD20596-20210219@211049-Eden.fts -> s3://eden-data/RAW/LOT/2MUCD20596/2021-02-19/2MUCD20596-20210219@211049-Eden.fits (236/260) (dry run)
Storing /home/altsai/eden/LOT20210219_2MUCD20596_mod/2MUCD20596-20210219@211200-Eden.fts -> s3://eden-data/RAW/LOT/2MUCD20596/2021-02-19/2MUCD20596-20210219@211200-Eden.fits (237/260) (dry run)
Storing /home/altsai/eden/LOT20210219_2MUCD20596_mod/2MUCD20596-20210219@211312-Eden.fts -> s3://eden-data/RAW/LOT/2MUCD20596/2021-02-19/2MUCD20596-20210219@211312-Eden.fits (238/260) (dry run)
Storing /home/altsai/eden/LOT20210219_2MUCD20596_mod/2MUCD20596-20210219@211422-Eden.fts -> s3://eden-data/RAW/LOT/2MUCD20596/2021-02-19/2MUCD20596-20210219@211422-Eden.fits (239/260) (dry run)
Storing /home/altsai/eden/LOT20210219_2MUCD20596_mod/2MUCD20596-20210219@211534-Eden.fts -> s3://eden-data/RAW/LOT/2MUCD20596/2021-02-19/2MUCD20596-20210219@211534-Eden.fits (240/260) (dry run)
Storing /home/altsai/eden/LOT20210219_2MUCD20596_mod/2MUCD20596-20210219@211645-Eden.fts -> s3://eden-data/RAW/LOT/2MUCD20596/2021-02-19/2MUCD20596-20210219@211645-Eden.fits (241/260) (dry run)
Storing /home/altsai/eden/LOT20210219_2MUCD20596_mod/2MUCD20596-20210219@211756-Eden.fts -> s3://eden-data/RAW/LOT/2MUCD20596/2021-02-19/2MUCD20596-20210219@211756-Eden.fits (242/260) (dry run)
Storing /home/altsai/eden/LOT20210219_2MUCD20596_mod/2MUCD20596-20210219@211908-Eden.fts -> s3://eden-data/RAW/LOT/2MUCD20596/2021-02-19/2MUCD20596-20210219@211908-Eden.fits (243/260) (dry run)
Storing /home/altsai/eden/LOT20210219_2MUCD20596_mod/2MUCD20596-20210219@212019-Eden.fts -> s3://eden-data/RAW/LOT/2MUCD20596/2021-02-19/2MUCD20596-20210219@212019-Eden.fits (244/260) (dry run)
Storing /home/altsai/eden/LOT20210219_2MUCD20596_mod/2MUCD20596-20210219@212130-Eden.fts -> s3://eden-data/RAW/LOT/2MUCD20596/2021-02-19/2MUCD20596-20210219@212130-Eden.fits (245/260) (dry run)
Storing /home/altsai/eden/LOT20210219_2MUCD20596_mod/2MUCD20596-20210219@212241-Eden.fts -> s3://eden-data/RAW/LOT/2MUCD20596/2021-02-19/2MUCD20596-20210219@212241-Eden.fits (246/260) (dry run)
Storing /home/altsai/eden/LOT20210219_2MUCD20596_mod/2MUCD20596-20210219@212354-Eden.fts -> s3://eden-data/RAW/LOT/2MUCD20596/2021-02-19/2MUCD20596-20210219@212354-Eden.fits (247/260) (dry run)
Storing /home/altsai/eden/LOT20210219_2MUCD20596_mod/2MUCD20596-20210219@212506-Eden.fts -> s3://eden-data/RAW/LOT/2MUCD20596/2021-02-19/2MUCD20596-20210219@212506-Eden.fits (248/260) (dry run)
Storing /home/altsai/eden/LOT20210219_2MUCD20596_mod/2MUCD20596-20210219@212617-Eden.fts -> s3://eden-data/RAW/LOT/2MUCD20596/2021-02-19/2MUCD20596-20210219@212617-Eden.fits (249/260) (dry run)
Storing /home/altsai/eden/LOT20210219_2MUCD20596_mod/2MUCD20596-20210219@212728-Eden.fts -> s3://eden-data/RAW/LOT/2MUCD20596/2021-02-19/2MUCD20596-20210219@212728-Eden.fits (250/260) (dry run)
Storing /home/altsai/eden/LOT20210219_2MUCD20596_mod/2MUCD20596-20210219@212839-Eden.fts -> s3://eden-data/RAW/LOT/2MUCD20596/2021-02-19/2MUCD20596-20210219@212839-Eden.fits (251/260) (dry run)
Storing /home/altsai/eden/LOT20210219_2MUCD20596_mod/2MUCD20596-20210219@212951-Eden.fts -> s3://eden-data/RAW/LOT/2MUCD20596/2021-02-19/2MUCD20596-20210219@212951-Eden.fits (252/260) (dry run)
Storing /home/altsai/eden/LOT20210219_2MUCD20596_mod/2MUCD20596-20210219@213102-Eden.fts -> s3://eden-data/RAW/LOT/2MUCD20596/2021-02-19/2MUCD20596-20210219@213102-Eden.fits (253/260) (dry run)
Storing /home/altsai/eden/LOT20210219_2MUCD20596_mod/2MUCD20596-20210219@213213-Eden.fts -> s3://eden-data/RAW/LOT/2MUCD20596/2021-02-19/2MUCD20596-20210219@213213-Eden.fits (254/260) (dry run)
Storing /home/altsai/eden/LOT20210219_2MUCD20596_mod/2MUCD20596-20210219@213325-Eden.fts -> s3://eden-data/RAW/LOT/2MUCD20596/2021-02-19/2MUCD20596-20210219@213325-Eden.fits (255/260) (dry run)
Storing /home/altsai/eden/LOT20210219_2MUCD20596_mod/2MUCD20596-20210219@213436-Eden.fts -> s3://eden-data/RAW/LOT/2MUCD20596/2021-02-19/2MUCD20596-20210219@213436-Eden.fits (256/260) (dry run)
Storing /home/altsai/eden/LOT20210219_2MUCD20596_mod/2MUCD20596-20210219@213548-Eden.fts -> s3://eden-data/RAW/LOT/2MUCD20596/2021-02-19/2MUCD20596-20210219@213548-Eden.fits (257/260) (dry run)
Storing /home/altsai/eden/LOT20210219_2MUCD20596_mod/2MUCD20596-20210219@213659-Eden.fts -> s3://eden-data/RAW/LOT/2MUCD20596/2021-02-19/2MUCD20596-20210219@213659-Eden.fits (258/260) (dry run)
Storing /home/altsai/eden/LOT20210219_2MUCD20596_mod/2MUCD20596-20210219@213812-Eden.fts -> s3://eden-data/RAW/LOT/2MUCD20596/2021-02-19/2MUCD20596-20210219@213812-Eden.fits (259/260) (dry run)
Storing /home/altsai/eden/LOT20210219_2MUCD20596_mod/2MUCD20596-20210219@213923-Eden.fts -> s3://eden-data/RAW/LOT/2MUCD20596/2021-02-19/2MUCD20596-20210219@213923-Eden.fits (260/260) (dry run)

Dry run complete! Run again without --dryrun to commit the changes above.
Stored: 260 files (2.2 GB)
