-----------------
input parameters
-----------------
['modify_header_name_eden.py', 'LOT20210316_LP_315-53', '16']
Your will modify header for: LP_315-53 [RA] 10 16 34.6688 [Dec] +27 51 48.8250 [Filter] GG495
---------------
folder: LOT20210316_LP_315-53
will update fits in: LOT20210316_LP_315-53_mod
 ---------------------------
 Exame Fits Header for Bias
 ---------------------------
find ./LOT20210316_LP_315-53/bias-dark/ | grep 'fits\|fts'|sort 
found 0 Bias/Dark
no files in ./bias-dark/
 ---------------------------
 Exame Fits Header for Flat
 ---------------------------
find ./LOT20210316_LP_315-53/ | grep flat/ | grep -E 'fits|fts'|sort -t'-' -k2.4,2.6 
found 0 Flat
no files in ./flat/
 ---------------------------
 Exame Fits Header for Additional Dark for Flat
 ---------------------------
find ./LOT20210316_LP_315-53/ | grep flat/ |grep dark| grep -E 'fits|fts'|sort -t'-' -k2.4,2.6 
found 0 Additional Dark for Flat
no additional dark for flat in ./flat/
 ---------------------------
 Modify filename for Science Target
 ---------------------------
... update header ...
1/244 LP_315-53-20210316@135230-Eden.fts [TYPE] LIGHT [OBJ] LP_315-53 [RA] 10 16 34.6688 [Dec] +27 51 48.8250 [FIL] GG495 [EXPTIME] 60.0 [Date] 2021-03-16T13:52:30 [Time] 13:52:30
2/244 LP_315-53-20210316@135342-Eden.fts [TYPE] LIGHT [OBJ] LP_315-53 [RA] 10 16 34.6688 [Dec] +27 51 48.8250 [FIL] GG495 [EXPTIME] 60.0 [Date] 2021-03-16T13:53:42 [Time] 13:53:42
3/244 LP_315-53-20210316@135454-Eden.fts [TYPE] LIGHT [OBJ] LP_315-53 [RA] 10 16 34.6688 [Dec] +27 51 48.8250 [FIL] GG495 [EXPTIME] 60.0 [Date] 2021-03-16T13:54:54 [Time] 13:54:54
4/244 LP_315-53-20210316@135607-Eden.fts [TYPE] LIGHT [OBJ] LP_315-53 [RA] 10 16 34.6688 [Dec] +27 51 48.8250 [FIL] GG495 [EXPTIME] 60.0 [Date] 2021-03-16T13:56:07 [Time] 13:56:07
5/244 LP_315-53-20210316@135718-Eden.fts [TYPE] LIGHT [OBJ] LP_315-53 [RA] 10 16 34.6688 [Dec] +27 51 48.8250 [FIL] GG495 [EXPTIME] 60.0 [Date] 2021-03-16T13:57:18 [Time] 13:57:18
6/244 LP_315-53-20210316@135830-Eden.fts [TYPE] LIGHT [OBJ] LP_315-53 [RA] 10 16 34.6688 [Dec] +27 51 48.8250 [FIL] GG495 [EXPTIME] 60.0 [Date] 2021-03-16T13:58:30 [Time] 13:58:30
7/244 LP_315-53-20210316@135942-Eden.fts [TYPE] LIGHT [OBJ] LP_315-53 [RA] 10 16 34.6688 [Dec] +27 51 48.8250 [FIL] GG495 [EXPTIME] 60.0 [Date] 2021-03-16T13:59:42 [Time] 13:59:42
8/244 LP_315-53-20210316@140054-Eden.fts [TYPE] LIGHT [OBJ] LP_315-53 [RA] 10 16 34.6688 [Dec] +27 51 48.8250 [FIL] GG495 [EXPTIME] 60.0 [Date] 2021-03-16T14:00:54 [Time] 14:00:54
9/244 LP_315-53-20210316@140207-Eden.fts [TYPE] LIGHT [OBJ] LP_315-53 [RA] 10 16 34.6688 [Dec] +27 51 48.8250 [FIL] GG495 [EXPTIME] 60.0 [Date] 2021-03-16T14:02:07 [Time] 14:02:07
10/244 LP_315-53-20210316@140319-Eden.fts [TYPE] LIGHT [OBJ] LP_315-53 [RA] 10 16 34.6688 [Dec] +27 51 48.8250 [FIL] GG495 [EXPTIME] 60.0 [Date] 2021-03-16T14:03:19 [Time] 14:03:19
11/244 LP_315-53-20210316@140431-Eden.fts [TYPE] LIGHT [OBJ] LP_315-53 [RA] 10 16 34.6688 [Dec] +27 51 48.8250 [FIL] GG495 [EXPTIME] 60.0 [Date] 2021-03-16T14:04:31 [Time] 14:04:31
12/244 LP_315-53-20210316@140545-Eden.fts [TYPE] LIGHT [OBJ] LP_315-53 [RA] 10 16 34.6688 [Dec] +27 51 48.8250 [FIL] GG495 [EXPTIME] 60.0 [Date] 2021-03-16T14:05:45 [Time] 14:05:45
13/244 LP_315-53-20210316@140657-Eden.fts [TYPE] LIGHT [OBJ] LP_315-53 [RA] 10 16 34.6688 [Dec] +27 51 48.8250 [FIL] GG495 [EXPTIME] 60.0 [Date] 2021-03-16T14:06:57 [Time] 14:06:57
14/244 LP_315-53-20210316@140809-Eden.fts [TYPE] LIGHT [OBJ] LP_315-53 [RA] 10 16 34.6688 [Dec] +27 51 48.8250 [FIL] GG495 [EXPTIME] 60.0 [Date] 2021-03-16T14:08:09 [Time] 14:08:09
15/244 LP_315-53-20210316@140920-Eden.fts [TYPE] LIGHT [OBJ] LP_315-53 [RA] 10 16 34.6688 [Dec] +27 51 48.8250 [FIL] GG495 [EXPTIME] 60.0 [Date] 2021-03-16T14:09:20 [Time] 14:09:20
16/244 LP_315-53-20210316@141032-Eden.fts [TYPE] LIGHT [OBJ] LP_315-53 [RA] 10 16 34.6688 [Dec] +27 51 48.8250 [FIL] GG495 [EXPTIME] 60.0 [Date] 2021-03-16T14:10:32 [Time] 14:10:32
17/244 LP_315-53-20210316@141146-Eden.fts [TYPE] LIGHT [OBJ] LP_315-53 [RA] 10 16 34.6688 [Dec] +27 51 48.8250 [FIL] GG495 [EXPTIME] 60.0 [Date] 2021-03-16T14:11:46 [Time] 14:11:46
18/244 LP_315-53-20210316@141258-Eden.fts [TYPE] LIGHT [OBJ] LP_315-53 [RA] 10 16 34.6688 [Dec] +27 51 48.8250 [FIL] GG495 [EXPTIME] 60.0 [Date] 2021-03-16T14:12:58 [Time] 14:12:58
19/244 LP_315-53-20210316@141410-Eden.fts [TYPE] LIGHT [OBJ] LP_315-53 [RA] 10 16 34.6688 [Dec] +27 51 48.8250 [FIL] GG495 [EXPTIME] 60.0 [Date] 2021-03-16T14:14:10 [Time] 14:14:10
20/244 LP_315-53-20210316@141523-Eden.fts [TYPE] LIGHT [OBJ] LP_315-53 [RA] 10 16 34.6688 [Dec] +27 51 48.8250 [FIL] GG495 [EXPTIME] 60.0 [Date] 2021-03-16T14:15:23 [Time] 14:15:23
21/244 LP_315-53-20210316@141635-Eden.fts [TYPE] LIGHT [OBJ] LP_315-53 [RA] 10 16 34.6688 [Dec] +27 51 48.8250 [FIL] GG495 [EXPTIME] 60.0 [Date] 2021-03-16T14:16:35 [Time] 14:16:35
22/244 LP_315-53-20210316@141747-Eden.fts [TYPE] LIGHT [OBJ] LP_315-53 [RA] 10 16 34.6688 [Dec] +27 51 48.8250 [FIL] GG495 [EXPTIME] 60.0 [Date] 2021-03-16T14:17:47 [Time] 14:17:47
23/244 LP_315-53-20210316@141900-Eden.fts [TYPE] LIGHT [OBJ] LP_315-53 [RA] 10 16 34.6688 [Dec] +27 51 48.8250 [FIL] GG495 [EXPTIME] 60.0 [Date] 2021-03-16T14:19:00 [Time] 14:19:00
24/244 LP_315-53-20210316@142012-Eden.fts [TYPE] LIGHT [OBJ] LP_315-53 [RA] 10 16 34.6688 [Dec] +27 51 48.8250 [FIL] GG495 [EXPTIME] 60.0 [Date] 2021-03-16T14:20:12 [Time] 14:20:12
25/244 LP_315-53-20210316@142124-Eden.fts [TYPE] LIGHT [OBJ] LP_315-53 [RA] 10 16 34.6688 [Dec] +27 51 48.8250 [FIL] GG495 [EXPTIME] 60.0 [Date] 2021-03-16T14:21:24 [Time] 14:21:24
26/244 LP_315-53-20210316@142236-Eden.fts [TYPE] LIGHT [OBJ] LP_315-53 [RA] 10 16 34.6688 [Dec] +27 51 48.8250 [FIL] GG495 [EXPTIME] 60.0 [Date] 2021-03-16T14:22:36 [Time] 14:22:36
27/244 LP_315-53-20210316@142348-Eden.fts [TYPE] LIGHT [OBJ] LP_315-53 [RA] 10 16 34.6688 [Dec] +27 51 48.8250 [FIL] GG495 [EXPTIME] 60.0 [Date] 2021-03-16T14:23:48 [Time] 14:23:48
28/244 LP_315-53-20210316@142459-Eden.fts [TYPE] LIGHT [OBJ] LP_315-53 [RA] 10 16 34.6688 [Dec] +27 51 48.8250 [FIL] GG495 [EXPTIME] 60.0 [Date] 2021-03-16T14:24:59 [Time] 14:24:59
29/244 LP_315-53-20210316@142612-Eden.fts [TYPE] LIGHT [OBJ] LP_315-53 [RA] 10 16 34.6688 [Dec] +27 51 48.8250 [FIL] GG495 [EXPTIME] 60.0 [Date] 2021-03-16T14:26:12 [Time] 14:26:12
30/244 LP_315-53-20210316@142724-Eden.fts [TYPE] LIGHT [OBJ] LP_315-53 [RA] 10 16 34.6688 [Dec] +27 51 48.8250 [FIL] GG495 [EXPTIME] 60.0 [Date] 2021-03-16T14:27:24 [Time] 14:27:24
31/244 LP_315-53-20210316@142837-Eden.fts [TYPE] LIGHT [OBJ] LP_315-53 [RA] 10 16 34.6688 [Dec] +27 51 48.8250 [FIL] GG495 [EXPTIME] 60.0 [Date] 2021-03-16T14:28:37 [Time] 14:28:37
32/244 LP_315-53-20210316@142951-Eden.fts [TYPE] LIGHT [OBJ] LP_315-53 [RA] 10 16 34.6688 [Dec] +27 51 48.8250 [FIL] GG495 [EXPTIME] 60.0 [Date] 2021-03-16T14:29:51 [Time] 14:29:51
33/244 LP_315-53-20210316@143102-Eden.fts [TYPE] LIGHT [OBJ] LP_315-53 [RA] 10 16 34.6688 [Dec] +27 51 48.8250 [FIL] GG495 [EXPTIME] 60.0 [Date] 2021-03-16T14:31:02 [Time] 14:31:02
34/244 LP_315-53-20210316@143214-Eden.fts [TYPE] LIGHT [OBJ] LP_315-53 [RA] 10 16 34.6688 [Dec] +27 51 48.8250 [FIL] GG495 [EXPTIME] 60.0 [Date] 2021-03-16T14:32:14 [Time] 14:32:14
35/244 LP_315-53-20210316@143326-Eden.fts [TYPE] LIGHT [OBJ] LP_315-53 [RA] 10 16 34.6688 [Dec] +27 51 48.8250 [FIL] GG495 [EXPTIME] 60.0 [Date] 2021-03-16T14:33:26 [Time] 14:33:26
36/244 LP_315-53-20210316@143437-Eden.fts [TYPE] LIGHT [OBJ] LP_315-53 [RA] 10 16 34.6688 [Dec] +27 51 48.8250 [FIL] GG495 [EXPTIME] 60.0 [Date] 2021-03-16T14:34:37 [Time] 14:34:37
37/244 LP_315-53-20210316@143549-Eden.fts [TYPE] LIGHT [OBJ] LP_315-53 [RA] 10 16 34.6688 [Dec] +27 51 48.8250 [FIL] GG495 [EXPTIME] 60.0 [Date] 2021-03-16T14:35:49 [Time] 14:35:49
38/244 LP_315-53-20210316@143702-Eden.fts [TYPE] LIGHT [OBJ] LP_315-53 [RA] 10 16 34.6688 [Dec] +27 51 48.8250 [FIL] GG495 [EXPTIME] 60.0 [Date] 2021-03-16T14:37:02 [Time] 14:37:02
39/244 LP_315-53-20210316@143813-Eden.fts [TYPE] LIGHT [OBJ] LP_315-53 [RA] 10 16 34.6688 [Dec] +27 51 48.8250 [FIL] GG495 [EXPTIME] 60.0 [Date] 2021-03-16T14:38:13 [Time] 14:38:13
40/244 LP_315-53-20210316@143927-Eden.fts [TYPE] LIGHT [OBJ] LP_315-53 [RA] 10 16 34.6688 [Dec] +27 51 48.8250 [FIL] GG495 [EXPTIME] 60.0 [Date] 2021-03-16T14:39:27 [Time] 14:39:27
41/244 LP_315-53-20210316@144041-Eden.fts [TYPE] LIGHT [OBJ] LP_315-53 [RA] 10 16 34.6688 [Dec] +27 51 48.8250 [FIL] GG495 [EXPTIME] 60.0 [Date] 2021-03-16T14:40:41 [Time] 14:40:41
42/244 LP_315-53-20210316@144152-Eden.fts [TYPE] LIGHT [OBJ] LP_315-53 [RA] 10 16 34.6688 [Dec] +27 51 48.8250 [FIL] GG495 [EXPTIME] 60.0 [Date] 2021-03-16T14:41:52 [Time] 14:41:52
43/244 LP_315-53-20210316@144305-Eden.fts [TYPE] LIGHT [OBJ] LP_315-53 [RA] 10 16 34.6688 [Dec] +27 51 48.8250 [FIL] GG495 [EXPTIME] 60.0 [Date] 2021-03-16T14:43:05 [Time] 14:43:05
44/244 LP_315-53-20210316@144419-Eden.fts [TYPE] LIGHT [OBJ] LP_315-53 [RA] 10 16 34.6688 [Dec] +27 51 48.8250 [FIL] GG495 [EXPTIME] 60.0 [Date] 2021-03-16T14:44:19 [Time] 14:44:19
45/244 LP_315-53-20210316@144532-Eden.fts [TYPE] LIGHT [OBJ] LP_315-53 [RA] 10 16 34.6688 [Dec] +27 51 48.8250 [FIL] GG495 [EXPTIME] 60.0 [Date] 2021-03-16T14:45:32 [Time] 14:45:32
46/244 LP_315-53-20210316@144644-Eden.fts [TYPE] LIGHT [OBJ] LP_315-53 [RA] 10 16 34.6688 [Dec] +27 51 48.8250 [FIL] GG495 [EXPTIME] 60.0 [Date] 2021-03-16T14:46:44 [Time] 14:46:44
47/244 LP_315-53-20210316@144756-Eden.fts [TYPE] LIGHT [OBJ] LP_315-53 [RA] 10 16 34.6688 [Dec] +27 51 48.8250 [FIL] GG495 [EXPTIME] 60.0 [Date] 2021-03-16T14:47:56 [Time] 14:47:56
48/244 LP_315-53-20210316@144907-Eden.fts [TYPE] LIGHT [OBJ] LP_315-53 [RA] 10 16 34.6688 [Dec] +27 51 48.8250 [FIL] GG495 [EXPTIME] 60.0 [Date] 2021-03-16T14:49:07 [Time] 14:49:07
49/244 LP_315-53-20210316@145019-Eden.fts [TYPE] LIGHT [OBJ] LP_315-53 [RA] 10 16 34.6688 [Dec] +27 51 48.8250 [FIL] GG495 [EXPTIME] 60.0 [Date] 2021-03-16T14:50:19 [Time] 14:50:19
50/244 LP_315-53-20210316@145132-Eden.fts [TYPE] LIGHT [OBJ] LP_315-53 [RA] 10 16 34.6688 [Dec] +27 51 48.8250 [FIL] GG495 [EXPTIME] 60.0 [Date] 2021-03-16T14:51:32 [Time] 14:51:32
51/244 LP_315-53-20210316@145243-Eden.fts [TYPE] LIGHT [OBJ] LP_315-53 [RA] 10 16 34.6688 [Dec] +27 51 48.8250 [FIL] GG495 [EXPTIME] 60.0 [Date] 2021-03-16T14:52:43 [Time] 14:52:43
52/244 LP_315-53-20210316@145357-Eden.fts [TYPE] LIGHT [OBJ] LP_315-53 [RA] 10 16 34.6688 [Dec] +27 51 48.8250 [FIL] GG495 [EXPTIME] 60.0 [Date] 2021-03-16T14:53:57 [Time] 14:53:57
53/244 LP_315-53-20210316@145508-Eden.fts [TYPE] LIGHT [OBJ] LP_315-53 [RA] 10 16 34.6688 [Dec] +27 51 48.8250 [FIL] GG495 [EXPTIME] 60.0 [Date] 2021-03-16T14:55:08 [Time] 14:55:08
54/244 LP_315-53-20210316@145620-Eden.fts [TYPE] LIGHT [OBJ] LP_315-53 [RA] 10 16 34.6688 [Dec] +27 51 48.8250 [FIL] GG495 [EXPTIME] 60.0 [Date] 2021-03-16T14:56:20 [Time] 14:56:20
55/244 LP_315-53-20210316@145732-Eden.fts [TYPE] LIGHT [OBJ] LP_315-53 [RA] 10 16 34.6688 [Dec] +27 51 48.8250 [FIL] GG495 [EXPTIME] 60.0 [Date] 2021-03-16T14:57:32 [Time] 14:57:32
56/244 LP_315-53-20210316@145844-Eden.fts [TYPE] LIGHT [OBJ] LP_315-53 [RA] 10 16 34.6688 [Dec] +27 51 48.8250 [FIL] GG495 [EXPTIME] 60.0 [Date] 2021-03-16T14:58:44 [Time] 14:58:44
57/244 LP_315-53-20210316@145955-Eden.fts [TYPE] LIGHT [OBJ] LP_315-53 [RA] 10 16 34.6688 [Dec] +27 51 48.8250 [FIL] GG495 [EXPTIME] 60.0 [Date] 2021-03-16T14:59:55 [Time] 14:59:55
58/244 LP_315-53-20210316@150108-Eden.fts [TYPE] LIGHT [OBJ] LP_315-53 [RA] 10 16 34.6688 [Dec] +27 51 48.8250 [FIL] GG495 [EXPTIME] 60.0 [Date] 2021-03-16T15:01:08 [Time] 15:01:08
59/244 LP_315-53-20210316@150220-Eden.fts [TYPE] LIGHT [OBJ] LP_315-53 [RA] 10 16 34.6688 [Dec] +27 51 48.8250 [FIL] GG495 [EXPTIME] 60.0 [Date] 2021-03-16T15:02:20 [Time] 15:02:20
60/244 LP_315-53-20210316@150332-Eden.fts [TYPE] LIGHT [OBJ] LP_315-53 [RA] 10 16 34.6688 [Dec] +27 51 48.8250 [FIL] GG495 [EXPTIME] 60.0 [Date] 2021-03-16T15:03:32 [Time] 15:03:32
61/244 LP_315-53-20210316@150443-Eden.fts [TYPE] LIGHT [OBJ] LP_315-53 [RA] 10 16 34.6688 [Dec] +27 51 48.8250 [FIL] GG495 [EXPTIME] 60.0 [Date] 2021-03-16T15:04:43 [Time] 15:04:43
62/244 LP_315-53-20210316@150555-Eden.fts [TYPE] LIGHT [OBJ] LP_315-53 [RA] 10 16 34.6688 [Dec] +27 51 48.8250 [FIL] GG495 [EXPTIME] 60.0 [Date] 2021-03-16T15:05:55 [Time] 15:05:55
63/244 LP_315-53-20210316@150706-Eden.fts [TYPE] LIGHT [OBJ] LP_315-53 [RA] 10 16 34.6688 [Dec] +27 51 48.8250 [FIL] GG495 [EXPTIME] 60.0 [Date] 2021-03-16T15:07:06 [Time] 15:07:06
64/244 LP_315-53-20210316@150819-Eden.fts [TYPE] LIGHT [OBJ] LP_315-53 [RA] 10 16 34.6688 [Dec] +27 51 48.8250 [FIL] GG495 [EXPTIME] 60.0 [Date] 2021-03-16T15:08:19 [Time] 15:08:19
65/244 LP_315-53-20210316@150931-Eden.fts [TYPE] LIGHT [OBJ] LP_315-53 [RA] 10 16 34.6688 [Dec] +27 51 48.8250 [FIL] GG495 [EXPTIME] 60.0 [Date] 2021-03-16T15:09:31 [Time] 15:09:31
66/244 LP_315-53-20210316@151044-Eden.fts [TYPE] LIGHT [OBJ] LP_315-53 [RA] 10 16 34.6688 [Dec] +27 51 48.8250 [FIL] GG495 [EXPTIME] 60.0 [Date] 2021-03-16T15:10:44 [Time] 15:10:44
67/244 LP_315-53-20210316@151157-Eden.fts [TYPE] LIGHT [OBJ] LP_315-53 [RA] 10 16 34.6688 [Dec] +27 51 48.8250 [FIL] GG495 [EXPTIME] 60.0 [Date] 2021-03-16T15:11:57 [Time] 15:11:57
68/244 LP_315-53-20210316@151308-Eden.fts [TYPE] LIGHT [OBJ] LP_315-53 [RA] 10 16 34.6688 [Dec] +27 51 48.8250 [FIL] GG495 [EXPTIME] 60.0 [Date] 2021-03-16T15:13:08 [Time] 15:13:08
69/244 LP_315-53-20210316@151420-Eden.fts [TYPE] LIGHT [OBJ] LP_315-53 [RA] 10 16 34.6688 [Dec] +27 51 48.8250 [FIL] GG495 [EXPTIME] 60.0 [Date] 2021-03-16T15:14:20 [Time] 15:14:20
70/244 LP_315-53-20210316@151535-Eden.fts [TYPE] LIGHT [OBJ] LP_315-53 [RA] 10 16 34.6688 [Dec] +27 51 48.8250 [FIL] GG495 [EXPTIME] 60.0 [Date] 2021-03-16T15:15:35 [Time] 15:15:35
71/244 LP_315-53-20210316@151646-Eden.fts [TYPE] LIGHT [OBJ] LP_315-53 [RA] 10 16 34.6688 [Dec] +27 51 48.8250 [FIL] GG495 [EXPTIME] 60.0 [Date] 2021-03-16T15:16:46 [Time] 15:16:46
72/244 LP_315-53-20210316@151758-Eden.fts [TYPE] LIGHT [OBJ] LP_315-53 [RA] 10 16 34.6688 [Dec] +27 51 48.8250 [FIL] GG495 [EXPTIME] 60.0 [Date] 2021-03-16T15:17:58 [Time] 15:17:58
73/244 LP_315-53-20210316@151910-Eden.fts [TYPE] LIGHT [OBJ] LP_315-53 [RA] 10 16 34.6688 [Dec] +27 51 48.8250 [FIL] GG495 [EXPTIME] 60.0 [Date] 2021-03-16T15:19:10 [Time] 15:19:10
74/244 LP_315-53-20210316@152022-Eden.fts [TYPE] LIGHT [OBJ] LP_315-53 [RA] 10 16 34.6688 [Dec] +27 51 48.8250 [FIL] GG495 [EXPTIME] 60.0 [Date] 2021-03-16T15:20:22 [Time] 15:20:22
75/244 LP_315-53-20210316@152133-Eden.fts [TYPE] LIGHT [OBJ] LP_315-53 [RA] 10 16 34.6688 [Dec] +27 51 48.8250 [FIL] GG495 [EXPTIME] 60.0 [Date] 2021-03-16T15:21:33 [Time] 15:21:33
76/244 LP_315-53-20210316@152246-Eden.fts [TYPE] LIGHT [OBJ] LP_315-53 [RA] 10 16 34.6688 [Dec] +27 51 48.8250 [FIL] GG495 [EXPTIME] 60.0 [Date] 2021-03-16T15:22:46 [Time] 15:22:46
77/244 LP_315-53-20210316@152358-Eden.fts [TYPE] LIGHT [OBJ] LP_315-53 [RA] 10 16 34.6688 [Dec] +27 51 48.8250 [FIL] GG495 [EXPTIME] 60.0 [Date] 2021-03-16T15:23:58 [Time] 15:23:58
78/244 LP_315-53-20210316@152510-Eden.fts [TYPE] LIGHT [OBJ] LP_315-53 [RA] 10 16 34.6688 [Dec] +27 51 48.8250 [FIL] GG495 [EXPTIME] 60.0 [Date] 2021-03-16T15:25:10 [Time] 15:25:10
79/244 LP_315-53-20210316@152623-Eden.fts [TYPE] LIGHT [OBJ] LP_315-53 [RA] 10 16 34.6688 [Dec] +27 51 48.8250 [FIL] GG495 [EXPTIME] 60.0 [Date] 2021-03-16T15:26:23 [Time] 15:26:23
80/244 LP_315-53-20210316@152734-Eden.fts [TYPE] LIGHT [OBJ] LP_315-53 [RA] 10 16 34.6688 [Dec] +27 51 48.8250 [FIL] GG495 [EXPTIME] 60.0 [Date] 2021-03-16T15:27:34 [Time] 15:27:34
81/244 LP_315-53-20210316@152847-Eden.fts [TYPE] LIGHT [OBJ] LP_315-53 [RA] 10 16 34.6688 [Dec] +27 51 48.8250 [FIL] GG495 [EXPTIME] 60.0 [Date] 2021-03-16T15:28:47 [Time] 15:28:47
82/244 LP_315-53-20210316@154047-Eden.fts [TYPE] LIGHT [OBJ] LP_315-53 [RA] 10 16 34.6688 [Dec] +27 51 48.8250 [FIL] GG495 [EXPTIME] 60.0 [Date] 2021-03-16T15:40:47 [Time] 15:40:47
83/244 LP_315-53-20210316@154533-Eden.fts [TYPE] LIGHT [OBJ] LP_315-53 [RA] 10 16 34.6688 [Dec] +27 51 48.8250 [FIL] GG495 [EXPTIME] 60.0 [Date] 2021-03-16T15:45:33 [Time] 15:45:33
84/244 LP_315-53-20210316@154646-Eden.fts [TYPE] LIGHT [OBJ] LP_315-53 [RA] 10 16 34.6688 [Dec] +27 51 48.8250 [FIL] GG495 [EXPTIME] 60.0 [Date] 2021-03-16T15:46:46 [Time] 15:46:46
85/244 LP_315-53-20210316@154757-Eden.fts [TYPE] LIGHT [OBJ] LP_315-53 [RA] 10 16 34.6688 [Dec] +27 51 48.8250 [FIL] GG495 [EXPTIME] 60.0 [Date] 2021-03-16T15:47:57 [Time] 15:47:57
86/244 LP_315-53-20210316@154909-Eden.fts [TYPE] LIGHT [OBJ] LP_315-53 [RA] 10 16 34.6688 [Dec] +27 51 48.8250 [FIL] GG495 [EXPTIME] 60.0 [Date] 2021-03-16T15:49:09 [Time] 15:49:09
87/244 LP_315-53-20210316@155021-Eden.fts [TYPE] LIGHT [OBJ] LP_315-53 [RA] 10 16 34.6688 [Dec] +27 51 48.8250 [FIL] GG495 [EXPTIME] 60.0 [Date] 2021-03-16T15:50:21 [Time] 15:50:21
88/244 LP_315-53-20210316@155133-Eden.fts [TYPE] LIGHT [OBJ] LP_315-53 [RA] 10 16 34.6688 [Dec] +27 51 48.8250 [FIL] GG495 [EXPTIME] 60.0 [Date] 2021-03-16T15:51:33 [Time] 15:51:33
89/244 LP_315-53-20210316@163149-Eden.fts [TYPE] LIGHT [OBJ] LP_315-53 [RA] 10 16 34.6688 [Dec] +27 51 48.8250 [FIL] GG495 [EXPTIME] 60.0 [Date] 2021-03-16T16:31:49 [Time] 16:31:49
90/244 LP_315-53-20210316@163300-Eden.fts [TYPE] LIGHT [OBJ] LP_315-53 [RA] 10 16 34.6688 [Dec] +27 51 48.8250 [FIL] GG495 [EXPTIME] 60.0 [Date] 2021-03-16T16:33:00 [Time] 16:33:00
91/244 LP_315-53-20210316@163413-Eden.fts [TYPE] LIGHT [OBJ] LP_315-53 [RA] 10 16 34.6688 [Dec] +27 51 48.8250 [FIL] GG495 [EXPTIME] 60.0 [Date] 2021-03-16T16:34:13 [Time] 16:34:13
92/244 LP_315-53-20210316@163525-Eden.fts [TYPE] LIGHT [OBJ] LP_315-53 [RA] 10 16 34.6688 [Dec] +27 51 48.8250 [FIL] GG495 [EXPTIME] 60.0 [Date] 2021-03-16T16:35:25 [Time] 16:35:25
93/244 LP_315-53-20210316@163638-Eden.fts [TYPE] LIGHT [OBJ] LP_315-53 [RA] 10 16 34.6688 [Dec] +27 51 48.8250 [FIL] GG495 [EXPTIME] 60.0 [Date] 2021-03-16T16:36:38 [Time] 16:36:38
94/244 LP_315-53-20210316@163751-Eden.fts [TYPE] LIGHT [OBJ] LP_315-53 [RA] 10 16 34.6688 [Dec] +27 51 48.8250 [FIL] GG495 [EXPTIME] 60.0 [Date] 2021-03-16T16:37:51 [Time] 16:37:51
95/244 LP_315-53-20210316@163903-Eden.fts [TYPE] LIGHT [OBJ] LP_315-53 [RA] 10 16 34.6688 [Dec] +27 51 48.8250 [FIL] GG495 [EXPTIME] 60.0 [Date] 2021-03-16T16:39:03 [Time] 16:39:03
96/244 LP_315-53-20210316@164015-Eden.fts [TYPE] LIGHT [OBJ] LP_315-53 [RA] 10 16 34.6688 [Dec] +27 51 48.8250 [FIL] GG495 [EXPTIME] 60.0 [Date] 2021-03-16T16:40:15 [Time] 16:40:15
97/244 LP_315-53-20210316@164127-Eden.fts [TYPE] LIGHT [OBJ] LP_315-53 [RA] 10 16 34.6688 [Dec] +27 51 48.8250 [FIL] GG495 [EXPTIME] 60.0 [Date] 2021-03-16T16:41:27 [Time] 16:41:27
98/244 LP_315-53-20210316@164240-Eden.fts [TYPE] LIGHT [OBJ] LP_315-53 [RA] 10 16 34.6688 [Dec] +27 51 48.8250 [FIL] GG495 [EXPTIME] 60.0 [Date] 2021-03-16T16:42:40 [Time] 16:42:40
99/244 LP_315-53-20210316@164353-Eden.fts [TYPE] LIGHT [OBJ] LP_315-53 [RA] 10 16 34.6688 [Dec] +27 51 48.8250 [FIL] GG495 [EXPTIME] 60.0 [Date] 2021-03-16T16:43:53 [Time] 16:43:53
100/244 LP_315-53-20210316@164507-Eden.fts [TYPE] LIGHT [OBJ] LP_315-53 [RA] 10 16 34.6688 [Dec] +27 51 48.8250 [FIL] GG495 [EXPTIME] 60.0 [Date] 2021-03-16T16:45:07 [Time] 16:45:07
101/244 LP_315-53-20210316@164619-Eden.fts [TYPE] LIGHT [OBJ] LP_315-53 [RA] 10 16 34.6688 [Dec] +27 51 48.8250 [FIL] GG495 [EXPTIME] 60.0 [Date] 2021-03-16T16:46:19 [Time] 16:46:19
102/244 LP_315-53-20210316@164733-Eden.fts [TYPE] LIGHT [OBJ] LP_315-53 [RA] 10 16 34.6688 [Dec] +27 51 48.8250 [FIL] GG495 [EXPTIME] 60.0 [Date] 2021-03-16T16:47:33 [Time] 16:47:33
103/244 LP_315-53-20210316@164845-Eden.fts [TYPE] LIGHT [OBJ] LP_315-53 [RA] 10 16 34.6688 [Dec] +27 51 48.8250 [FIL] GG495 [EXPTIME] 60.0 [Date] 2021-03-16T16:48:45 [Time] 16:48:45
104/244 LP_315-53-20210316@164957-Eden.fts [TYPE] LIGHT [OBJ] LP_315-53 [RA] 10 16 34.6688 [Dec] +27 51 48.8250 [FIL] GG495 [EXPTIME] 60.0 [Date] 2021-03-16T16:49:57 [Time] 16:49:57
105/244 LP_315-53-20210316@165109-Eden.fts [TYPE] LIGHT [OBJ] LP_315-53 [RA] 10 16 34.6688 [Dec] +27 51 48.8250 [FIL] GG495 [EXPTIME] 60.0 [Date] 2021-03-16T16:51:09 [Time] 16:51:09
106/244 LP_315-53-20210316@165221-Eden.fts [TYPE] LIGHT [OBJ] LP_315-53 [RA] 10 16 34.6688 [Dec] +27 51 48.8250 [FIL] GG495 [EXPTIME] 60.0 [Date] 2021-03-16T16:52:21 [Time] 16:52:21
107/244 LP_315-53-20210316@165334-Eden.fts [TYPE] LIGHT [OBJ] LP_315-53 [RA] 10 16 34.6688 [Dec] +27 51 48.8250 [FIL] GG495 [EXPTIME] 60.0 [Date] 2021-03-16T16:53:34 [Time] 16:53:34
108/244 LP_315-53-20210316@165447-Eden.fts [TYPE] LIGHT [OBJ] LP_315-53 [RA] 10 16 34.6688 [Dec] +27 51 48.8250 [FIL] GG495 [EXPTIME] 60.0 [Date] 2021-03-16T16:54:47 [Time] 16:54:47
109/244 LP_315-53-20210316@165559-Eden.fts [TYPE] LIGHT [OBJ] LP_315-53 [RA] 10 16 34.6688 [Dec] +27 51 48.8250 [FIL] GG495 [EXPTIME] 60.0 [Date] 2021-03-16T16:55:59 [Time] 16:55:59
110/244 LP_315-53-20210316@165711-Eden.fts [TYPE] LIGHT [OBJ] LP_315-53 [RA] 10 16 34.6688 [Dec] +27 51 48.8250 [FIL] GG495 [EXPTIME] 60.0 [Date] 2021-03-16T16:57:11 [Time] 16:57:11
111/244 LP_315-53-20210316@165823-Eden.fts [TYPE] LIGHT [OBJ] LP_315-53 [RA] 10 16 34.6688 [Dec] +27 51 48.8250 [FIL] GG495 [EXPTIME] 60.0 [Date] 2021-03-16T16:58:23 [Time] 16:58:23
112/244 LP_315-53-20210316@165934-Eden.fts [TYPE] LIGHT [OBJ] LP_315-53 [RA] 10 16 34.6688 [Dec] +27 51 48.8250 [FIL] GG495 [EXPTIME] 60.0 [Date] 2021-03-16T16:59:34 [Time] 16:59:34
113/244 LP_315-53-20210316@170047-Eden.fts [TYPE] LIGHT [OBJ] LP_315-53 [RA] 10 16 34.6688 [Dec] +27 51 48.8250 [FIL] GG495 [EXPTIME] 60.0 [Date] 2021-03-16T17:00:47 [Time] 17:00:47
114/244 LP_315-53-20210316@170200-Eden.fts [TYPE] LIGHT [OBJ] LP_315-53 [RA] 10 16 34.6688 [Dec] +27 51 48.8250 [FIL] GG495 [EXPTIME] 60.0 [Date] 2021-03-16T17:02:00 [Time] 17:02:00
115/244 LP_315-53-20210316@170312-Eden.fts [TYPE] LIGHT [OBJ] LP_315-53 [RA] 10 16 34.6688 [Dec] +27 51 48.8250 [FIL] GG495 [EXPTIME] 60.0 [Date] 2021-03-16T17:03:12 [Time] 17:03:12
116/244 LP_315-53-20210316@170425-Eden.fts [TYPE] LIGHT [OBJ] LP_315-53 [RA] 10 16 34.6688 [Dec] +27 51 48.8250 [FIL] GG495 [EXPTIME] 60.0 [Date] 2021-03-16T17:04:25 [Time] 17:04:25
117/244 LP_315-53-20210316@170536-Eden.fts [TYPE] LIGHT [OBJ] LP_315-53 [RA] 10 16 34.6688 [Dec] +27 51 48.8250 [FIL] GG495 [EXPTIME] 60.0 [Date] 2021-03-16T17:05:36 [Time] 17:05:36
118/244 LP_315-53-20210316@170647-Eden.fts [TYPE] LIGHT [OBJ] LP_315-53 [RA] 10 16 34.6688 [Dec] +27 51 48.8250 [FIL] GG495 [EXPTIME] 60.0 [Date] 2021-03-16T17:06:47 [Time] 17:06:47
119/244 LP_315-53-20210316@170800-Eden.fts [TYPE] LIGHT [OBJ] LP_315-53 [RA] 10 16 34.6688 [Dec] +27 51 48.8250 [FIL] GG495 [EXPTIME] 60.0 [Date] 2021-03-16T17:08:00 [Time] 17:08:00
120/244 LP_315-53-20210316@170912-Eden.fts [TYPE] LIGHT [OBJ] LP_315-53 [RA] 10 16 34.6688 [Dec] +27 51 48.8250 [FIL] GG495 [EXPTIME] 60.0 [Date] 2021-03-16T17:09:12 [Time] 17:09:12
121/244 LP_315-53-20210316@171025-Eden.fts [TYPE] LIGHT [OBJ] LP_315-53 [RA] 10 16 34.6688 [Dec] +27 51 48.8250 [FIL] GG495 [EXPTIME] 60.0 [Date] 2021-03-16T17:10:25 [Time] 17:10:25
122/244 LP_315-53-20210316@171137-Eden.fts [TYPE] LIGHT [OBJ] LP_315-53 [RA] 10 16 34.6688 [Dec] +27 51 48.8250 [FIL] GG495 [EXPTIME] 60.0 [Date] 2021-03-16T17:11:37 [Time] 17:11:37
123/244 LP_315-53-20210316@171249-Eden.fts [TYPE] LIGHT [OBJ] LP_315-53 [RA] 10 16 34.6688 [Dec] +27 51 48.8250 [FIL] GG495 [EXPTIME] 60.0 [Date] 2021-03-16T17:12:49 [Time] 17:12:49
124/244 LP_315-53-20210316@171400-Eden.fts [TYPE] LIGHT [OBJ] LP_315-53 [RA] 10 16 34.6688 [Dec] +27 51 48.8250 [FIL] GG495 [EXPTIME] 60.0 [Date] 2021-03-16T17:14:00 [Time] 17:14:00
125/244 LP_315-53-20210316@171515-Eden.fts [TYPE] LIGHT [OBJ] LP_315-53 [RA] 10 16 34.6688 [Dec] +27 51 48.8250 [FIL] GG495 [EXPTIME] 60.0 [Date] 2021-03-16T17:15:15 [Time] 17:15:15
126/244 LP_315-53-20210316@171627-Eden.fts [TYPE] LIGHT [OBJ] LP_315-53 [RA] 10 16 34.6688 [Dec] +27 51 48.8250 [FIL] GG495 [EXPTIME] 60.0 [Date] 2021-03-16T17:16:27 [Time] 17:16:27
127/244 LP_315-53-20210316@171738-Eden.fts [TYPE] LIGHT [OBJ] LP_315-53 [RA] 10 16 34.6688 [Dec] +27 51 48.8250 [FIL] GG495 [EXPTIME] 60.0 [Date] 2021-03-16T17:17:38 [Time] 17:17:38
128/244 LP_315-53-20210316@171852-Eden.fts [TYPE] LIGHT [OBJ] LP_315-53 [RA] 10 16 34.6688 [Dec] +27 51 48.8250 [FIL] GG495 [EXPTIME] 60.0 [Date] 2021-03-16T17:18:52 [Time] 17:18:52
129/244 LP_315-53-20210316@172004-Eden.fts [TYPE] LIGHT [OBJ] LP_315-53 [RA] 10 16 34.6688 [Dec] +27 51 48.8250 [FIL] GG495 [EXPTIME] 60.0 [Date] 2021-03-16T17:20:04 [Time] 17:20:04
130/244 LP_315-53-20210316@172117-Eden.fts [TYPE] LIGHT [OBJ] LP_315-53 [RA] 10 16 34.6688 [Dec] +27 51 48.8250 [FIL] GG495 [EXPTIME] 60.0 [Date] 2021-03-16T17:21:17 [Time] 17:21:17
131/244 LP_315-53-20210316@172229-Eden.fts [TYPE] LIGHT [OBJ] LP_315-53 [RA] 10 16 34.6688 [Dec] +27 51 48.8250 [FIL] GG495 [EXPTIME] 60.0 [Date] 2021-03-16T17:22:29 [Time] 17:22:29
132/244 LP_315-53-20210316@172341-Eden.fts [TYPE] LIGHT [OBJ] LP_315-53 [RA] 10 16 34.6688 [Dec] +27 51 48.8250 [FIL] GG495 [EXPTIME] 60.0 [Date] 2021-03-16T17:23:41 [Time] 17:23:41
133/244 LP_315-53-20210316@172452-Eden.fts [TYPE] LIGHT [OBJ] LP_315-53 [RA] 10 16 34.6688 [Dec] +27 51 48.8250 [FIL] GG495 [EXPTIME] 60.0 [Date] 2021-03-16T17:24:52 [Time] 17:24:52
134/244 LP_315-53-20210316@172605-Eden.fts [TYPE] LIGHT [OBJ] LP_315-53 [RA] 10 16 34.6688 [Dec] +27 51 48.8250 [FIL] GG495 [EXPTIME] 60.0 [Date] 2021-03-16T17:26:05 [Time] 17:26:05
135/244 LP_315-53-20210316@172717-Eden.fts [TYPE] LIGHT [OBJ] LP_315-53 [RA] 10 16 34.6688 [Dec] +27 51 48.8250 [FIL] GG495 [EXPTIME] 60.0 [Date] 2021-03-16T17:27:17 [Time] 17:27:17
136/244 LP_315-53-20210316@172829-Eden.fts [TYPE] LIGHT [OBJ] LP_315-53 [RA] 10 16 34.6688 [Dec] +27 51 48.8250 [FIL] GG495 [EXPTIME] 60.0 [Date] 2021-03-16T17:28:29 [Time] 17:28:29
137/244 LP_315-53-20210316@172942-Eden.fts [TYPE] LIGHT [OBJ] LP_315-53 [RA] 10 16 34.6688 [Dec] +27 51 48.8250 [FIL] GG495 [EXPTIME] 60.0 [Date] 2021-03-16T17:29:42 [Time] 17:29:42
138/244 LP_315-53-20210316@173056-Eden.fts [TYPE] LIGHT [OBJ] LP_315-53 [RA] 10 16 34.6688 [Dec] +27 51 48.8250 [FIL] GG495 [EXPTIME] 60.0 [Date] 2021-03-16T17:30:56 [Time] 17:30:56
139/244 LP_315-53-20210316@173208-Eden.fts [TYPE] LIGHT [OBJ] LP_315-53 [RA] 10 16 34.6688 [Dec] +27 51 48.8250 [FIL] GG495 [EXPTIME] 60.0 [Date] 2021-03-16T17:32:08 [Time] 17:32:08
140/244 LP_315-53-20210316@173319-Eden.fts [TYPE] LIGHT [OBJ] LP_315-53 [RA] 10 16 34.6688 [Dec] +27 51 48.8250 [FIL] GG495 [EXPTIME] 60.0 [Date] 2021-03-16T17:33:19 [Time] 17:33:19
141/244 LP_315-53-20210316@173433-Eden.fts [TYPE] LIGHT [OBJ] LP_315-53 [RA] 10 16 34.6688 [Dec] +27 51 48.8250 [FIL] GG495 [EXPTIME] 60.0 [Date] 2021-03-16T17:34:33 [Time] 17:34:33
142/244 LP_315-53-20210316@173545-Eden.fts [TYPE] LIGHT [OBJ] LP_315-53 [RA] 10 16 34.6688 [Dec] +27 51 48.8250 [FIL] GG495 [EXPTIME] 60.0 [Date] 2021-03-16T17:35:45 [Time] 17:35:45
143/244 LP_315-53-20210316@173657-Eden.fts [TYPE] LIGHT [OBJ] LP_315-53 [RA] 10 16 34.6688 [Dec] +27 51 48.8250 [FIL] GG495 [EXPTIME] 60.0 [Date] 2021-03-16T17:36:57 [Time] 17:36:57
144/244 LP_315-53-20210316@173809-Eden.fts [TYPE] LIGHT [OBJ] LP_315-53 [RA] 10 16 34.6688 [Dec] +27 51 48.8250 [FIL] GG495 [EXPTIME] 60.0 [Date] 2021-03-16T17:38:09 [Time] 17:38:09
145/244 LP_315-53-20210316@173921-Eden.fts [TYPE] LIGHT [OBJ] LP_315-53 [RA] 10 16 34.6688 [Dec] +27 51 48.8250 [FIL] GG495 [EXPTIME] 60.0 [Date] 2021-03-16T17:39:21 [Time] 17:39:21
146/244 LP_315-53-20210316@174033-Eden.fts [TYPE] LIGHT [OBJ] LP_315-53 [RA] 10 16 34.6688 [Dec] +27 51 48.8250 [FIL] GG495 [EXPTIME] 60.0 [Date] 2021-03-16T17:40:33 [Time] 17:40:33
147/244 LP_315-53-20210316@174146-Eden.fts [TYPE] LIGHT [OBJ] LP_315-53 [RA] 10 16 34.6688 [Dec] +27 51 48.8250 [FIL] GG495 [EXPTIME] 60.0 [Date] 2021-03-16T17:41:46 [Time] 17:41:46
148/244 LP_315-53-20210316@174300-Eden.fts [TYPE] LIGHT [OBJ] LP_315-53 [RA] 10 16 34.6688 [Dec] +27 51 48.8250 [FIL] GG495 [EXPTIME] 60.0 [Date] 2021-03-16T17:43:00 [Time] 17:43:00
149/244 LP_315-53-20210316@174412-Eden.fts [TYPE] LIGHT [OBJ] LP_315-53 [RA] 10 16 34.6688 [Dec] +27 51 48.8250 [FIL] GG495 [EXPTIME] 60.0 [Date] 2021-03-16T17:44:12 [Time] 17:44:12
150/244 LP_315-53-20210316@174524-Eden.fts [TYPE] LIGHT [OBJ] LP_315-53 [RA] 10 16 34.6688 [Dec] +27 51 48.8250 [FIL] GG495 [EXPTIME] 60.0 [Date] 2021-03-16T17:45:24 [Time] 17:45:24
151/244 LP_315-53-20210316@174636-Eden.fts [TYPE] LIGHT [OBJ] LP_315-53 [RA] 10 16 34.6688 [Dec] +27 51 48.8250 [FIL] GG495 [EXPTIME] 60.0 [Date] 2021-03-16T17:46:36 [Time] 17:46:36
152/244 LP_315-53-20210316@174748-Eden.fts [TYPE] LIGHT [OBJ] LP_315-53 [RA] 10 16 34.6688 [Dec] +27 51 48.8250 [FIL] GG495 [EXPTIME] 60.0 [Date] 2021-03-16T17:47:48 [Time] 17:47:48
153/244 LP_315-53-20210316@174859-Eden.fts [TYPE] LIGHT [OBJ] LP_315-53 [RA] 10 16 34.6688 [Dec] +27 51 48.8250 [FIL] GG495 [EXPTIME] 60.0 [Date] 2021-03-16T17:48:59 [Time] 17:48:59
154/244 LP_315-53-20210316@175011-Eden.fts [TYPE] LIGHT [OBJ] LP_315-53 [RA] 10 16 34.6688 [Dec] +27 51 48.8250 [FIL] GG495 [EXPTIME] 60.0 [Date] 2021-03-16T17:50:11 [Time] 17:50:11
155/244 LP_315-53-20210316@175123-Eden.fts [TYPE] LIGHT [OBJ] LP_315-53 [RA] 10 16 34.6688 [Dec] +27 51 48.8250 [FIL] GG495 [EXPTIME] 60.0 [Date] 2021-03-16T17:51:23 [Time] 17:51:23
156/244 LP_315-53-20210316@175235-Eden.fts [TYPE] LIGHT [OBJ] LP_315-53 [RA] 10 16 34.6688 [Dec] +27 51 48.8250 [FIL] GG495 [EXPTIME] 60.0 [Date] 2021-03-16T17:52:35 [Time] 17:52:35
157/244 LP_315-53-20210316@175348-Eden.fts [TYPE] LIGHT [OBJ] LP_315-53 [RA] 10 16 34.6688 [Dec] +27 51 48.8250 [FIL] GG495 [EXPTIME] 60.0 [Date] 2021-03-16T17:53:48 [Time] 17:53:48
158/244 LP_315-53-20210316@175500-Eden.fts [TYPE] LIGHT [OBJ] LP_315-53 [RA] 10 16 34.6688 [Dec] +27 51 48.8250 [FIL] GG495 [EXPTIME] 60.0 [Date] 2021-03-16T17:55:00 [Time] 17:55:00
159/244 LP_315-53-20210316@175614-Eden.fts [TYPE] LIGHT [OBJ] LP_315-53 [RA] 10 16 34.6688 [Dec] +27 51 48.8250 [FIL] GG495 [EXPTIME] 60.0 [Date] 2021-03-16T17:56:14 [Time] 17:56:14
160/244 LP_315-53-20210316@175726-Eden.fts [TYPE] LIGHT [OBJ] LP_315-53 [RA] 10 16 34.6688 [Dec] +27 51 48.8250 [FIL] GG495 [EXPTIME] 60.0 [Date] 2021-03-16T17:57:26 [Time] 17:57:26
161/244 LP_315-53-20210316@175837-Eden.fts [TYPE] LIGHT [OBJ] LP_315-53 [RA] 10 16 34.6688 [Dec] +27 51 48.8250 [FIL] GG495 [EXPTIME] 60.0 [Date] 2021-03-16T17:58:37 [Time] 17:58:37
162/244 LP_315-53-20210316@175949-Eden.fts [TYPE] LIGHT [OBJ] LP_315-53 [RA] 10 16 34.6688 [Dec] +27 51 48.8250 [FIL] GG495 [EXPTIME] 60.0 [Date] 2021-03-16T17:59:49 [Time] 17:59:49
163/244 LP_315-53-20210316@180101-Eden.fts [TYPE] LIGHT [OBJ] LP_315-53 [RA] 10 16 34.6688 [Dec] +27 51 48.8250 [FIL] GG495 [EXPTIME] 60.0 [Date] 2021-03-16T18:01:01 [Time] 18:01:01
164/244 LP_315-53-20210316@180213-Eden.fts [TYPE] LIGHT [OBJ] LP_315-53 [RA] 10 16 34.6688 [Dec] +27 51 48.8250 [FIL] GG495 [EXPTIME] 60.0 [Date] 2021-03-16T18:02:13 [Time] 18:02:13
165/244 LP_315-53-20210316@180326-Eden.fts [TYPE] LIGHT [OBJ] LP_315-53 [RA] 10 16 34.6688 [Dec] +27 51 48.8250 [FIL] GG495 [EXPTIME] 60.0 [Date] 2021-03-16T18:03:26 [Time] 18:03:26
166/244 LP_315-53-20210316@180438-Eden.fts [TYPE] LIGHT [OBJ] LP_315-53 [RA] 10 16 34.6688 [Dec] +27 51 48.8250 [FIL] GG495 [EXPTIME] 60.0 [Date] 2021-03-16T18:04:38 [Time] 18:04:38
167/244 LP_315-53-20210316@180551-Eden.fts [TYPE] LIGHT [OBJ] LP_315-53 [RA] 10 16 34.6688 [Dec] +27 51 48.8250 [FIL] GG495 [EXPTIME] 60.0 [Date] 2021-03-16T18:05:51 [Time] 18:05:51
168/244 LP_315-53-20210316@180704-Eden.fts [TYPE] LIGHT [OBJ] LP_315-53 [RA] 10 16 34.6688 [Dec] +27 51 48.8250 [FIL] GG495 [EXPTIME] 60.0 [Date] 2021-03-16T18:07:04 [Time] 18:07:04
169/244 LP_315-53-20210316@180817-Eden.fts [TYPE] LIGHT [OBJ] LP_315-53 [RA] 10 16 34.6688 [Dec] +27 51 48.8250 [FIL] GG495 [EXPTIME] 60.0 [Date] 2021-03-16T18:08:17 [Time] 18:08:17
170/244 LP_315-53-20210316@180930-Eden.fts [TYPE] LIGHT [OBJ] LP_315-53 [RA] 10 16 34.6688 [Dec] +27 51 48.8250 [FIL] GG495 [EXPTIME] 60.0 [Date] 2021-03-16T18:09:30 [Time] 18:09:30
171/244 LP_315-53-20210316@181041-Eden.fts [TYPE] LIGHT [OBJ] LP_315-53 [RA] 10 16 34.6688 [Dec] +27 51 48.8250 [FIL] GG495 [EXPTIME] 60.0 [Date] 2021-03-16T18:10:41 [Time] 18:10:41
172/244 LP_315-53-20210316@181153-Eden.fts [TYPE] LIGHT [OBJ] LP_315-53 [RA] 10 16 34.6688 [Dec] +27 51 48.8250 [FIL] GG495 [EXPTIME] 60.0 [Date] 2021-03-16T18:11:53 [Time] 18:11:53
173/244 LP_315-53-20210316@181305-Eden.fts [TYPE] LIGHT [OBJ] LP_315-53 [RA] 10 16 34.6688 [Dec] +27 51 48.8250 [FIL] GG495 [EXPTIME] 60.0 [Date] 2021-03-16T18:13:05 [Time] 18:13:05
174/244 LP_315-53-20210316@181418-Eden.fts [TYPE] LIGHT [OBJ] LP_315-53 [RA] 10 16 34.6688 [Dec] +27 51 48.8250 [FIL] GG495 [EXPTIME] 60.0 [Date] 2021-03-16T18:14:18 [Time] 18:14:18
175/244 LP_315-53-20210316@181530-Eden.fts [TYPE] LIGHT [OBJ] LP_315-53 [RA] 10 16 34.6688 [Dec] +27 51 48.8250 [FIL] GG495 [EXPTIME] 60.0 [Date] 2021-03-16T18:15:30 [Time] 18:15:30
176/244 LP_315-53-20210316@181644-Eden.fts [TYPE] LIGHT [OBJ] LP_315-53 [RA] 10 16 34.6688 [Dec] +27 51 48.8250 [FIL] GG495 [EXPTIME] 60.0 [Date] 2021-03-16T18:16:44 [Time] 18:16:44
177/244 LP_315-53-20210316@181755-Eden.fts [TYPE] LIGHT [OBJ] LP_315-53 [RA] 10 16 34.6688 [Dec] +27 51 48.8250 [FIL] GG495 [EXPTIME] 60.0 [Date] 2021-03-16T18:17:55 [Time] 18:17:55
178/244 LP_315-53-20210316@181907-Eden.fts [TYPE] LIGHT [OBJ] LP_315-53 [RA] 10 16 34.6688 [Dec] +27 51 48.8250 [FIL] GG495 [EXPTIME] 60.0 [Date] 2021-03-16T18:19:07 [Time] 18:19:07
179/244 LP_315-53-20210316@182019-Eden.fts [TYPE] LIGHT [OBJ] LP_315-53 [RA] 10 16 34.6688 [Dec] +27 51 48.8250 [FIL] GG495 [EXPTIME] 60.0 [Date] 2021-03-16T18:20:19 [Time] 18:20:19
180/244 LP_315-53-20210316@182132-Eden.fts [TYPE] LIGHT [OBJ] LP_315-53 [RA] 10 16 34.6688 [Dec] +27 51 48.8250 [FIL] GG495 [EXPTIME] 60.0 [Date] 2021-03-16T18:21:32 [Time] 18:21:32
181/244 LP_315-53-20210316@182244-Eden.fts [TYPE] LIGHT [OBJ] LP_315-53 [RA] 10 16 34.6688 [Dec] +27 51 48.8250 [FIL] GG495 [EXPTIME] 60.0 [Date] 2021-03-16T18:22:44 [Time] 18:22:44
182/244 LP_315-53-20210316@182356-Eden.fts [TYPE] LIGHT [OBJ] LP_315-53 [RA] 10 16 34.6688 [Dec] +27 51 48.8250 [FIL] GG495 [EXPTIME] 60.0 [Date] 2021-03-16T18:23:56 [Time] 18:23:56
183/244 LP_315-53-20210316@182507-Eden.fts [TYPE] LIGHT [OBJ] LP_315-53 [RA] 10 16 34.6688 [Dec] +27 51 48.8250 [FIL] GG495 [EXPTIME] 60.0 [Date] 2021-03-16T18:25:07 [Time] 18:25:07
184/244 LP_315-53-20210316@182620-Eden.fts [TYPE] LIGHT [OBJ] LP_315-53 [RA] 10 16 34.6688 [Dec] +27 51 48.8250 [FIL] GG495 [EXPTIME] 60.0 [Date] 2021-03-16T18:26:20 [Time] 18:26:20
185/244 LP_315-53-20210316@182732-Eden.fts [TYPE] LIGHT [OBJ] LP_315-53 [RA] 10 16 34.6688 [Dec] +27 51 48.8250 [FIL] GG495 [EXPTIME] 60.0 [Date] 2021-03-16T18:27:32 [Time] 18:27:32
186/244 LP_315-53-20210316@182844-Eden.fts [TYPE] LIGHT [OBJ] LP_315-53 [RA] 10 16 34.6688 [Dec] +27 51 48.8250 [FIL] GG495 [EXPTIME] 60.0 [Date] 2021-03-16T18:28:44 [Time] 18:28:44
187/244 LP_315-53-20210316@182956-Eden.fts [TYPE] LIGHT [OBJ] LP_315-53 [RA] 10 16 34.6688 [Dec] +27 51 48.8250 [FIL] GG495 [EXPTIME] 60.0 [Date] 2021-03-16T18:29:56 [Time] 18:29:56
188/244 LP_315-53-20210316@183108-Eden.fts [TYPE] LIGHT [OBJ] LP_315-53 [RA] 10 16 34.6688 [Dec] +27 51 48.8250 [FIL] GG495 [EXPTIME] 60.0 [Date] 2021-03-16T18:31:08 [Time] 18:31:08
189/244 LP_315-53-20210316@183221-Eden.fts [TYPE] LIGHT [OBJ] LP_315-53 [RA] 10 16 34.6688 [Dec] +27 51 48.8250 [FIL] GG495 [EXPTIME] 60.0 [Date] 2021-03-16T18:32:21 [Time] 18:32:21
190/244 LP_315-53-20210316@183333-Eden.fts [TYPE] LIGHT [OBJ] LP_315-53 [RA] 10 16 34.6688 [Dec] +27 51 48.8250 [FIL] GG495 [EXPTIME] 60.0 [Date] 2021-03-16T18:33:33 [Time] 18:33:33
191/244 LP_315-53-20210316@183446-Eden.fts [TYPE] LIGHT [OBJ] LP_315-53 [RA] 10 16 34.6688 [Dec] +27 51 48.8250 [FIL] GG495 [EXPTIME] 60.0 [Date] 2021-03-16T18:34:46 [Time] 18:34:46
192/244 LP_315-53-20210316@183558-Eden.fts [TYPE] LIGHT [OBJ] LP_315-53 [RA] 10 16 34.6688 [Dec] +27 51 48.8250 [FIL] GG495 [EXPTIME] 60.0 [Date] 2021-03-16T18:35:58 [Time] 18:35:58
193/244 LP_315-53-20210316@183710-Eden.fts [TYPE] LIGHT [OBJ] LP_315-53 [RA] 10 16 34.6688 [Dec] +27 51 48.8250 [FIL] GG495 [EXPTIME] 60.0 [Date] 2021-03-16T18:37:10 [Time] 18:37:10
194/244 LP_315-53-20210316@183822-Eden.fts [TYPE] LIGHT [OBJ] LP_315-53 [RA] 10 16 34.6688 [Dec] +27 51 48.8250 [FIL] GG495 [EXPTIME] 60.0 [Date] 2021-03-16T18:38:22 [Time] 18:38:22
195/244 LP_315-53-20210316@183936-Eden.fts [TYPE] LIGHT [OBJ] LP_315-53 [RA] 10 16 34.6688 [Dec] +27 51 48.8250 [FIL] GG495 [EXPTIME] 60.0 [Date] 2021-03-16T18:39:36 [Time] 18:39:36
196/244 LP_315-53-20210316@184049-Eden.fts [TYPE] LIGHT [OBJ] LP_315-53 [RA] 10 16 34.6688 [Dec] +27 51 48.8250 [FIL] GG495 [EXPTIME] 60.0 [Date] 2021-03-16T18:40:49 [Time] 18:40:49
197/244 LP_315-53-20210316@184200-Eden.fts [TYPE] LIGHT [OBJ] LP_315-53 [RA] 10 16 34.6688 [Dec] +27 51 48.8250 [FIL] GG495 [EXPTIME] 60.0 [Date] 2021-03-16T18:42:00 [Time] 18:42:00
198/244 LP_315-53-20210316@184312-Eden.fts [TYPE] LIGHT [OBJ] LP_315-53 [RA] 10 16 34.6688 [Dec] +27 51 48.8250 [FIL] GG495 [EXPTIME] 60.0 [Date] 2021-03-16T18:43:12 [Time] 18:43:12
199/244 LP_315-53-20210316@184426-Eden.fts [TYPE] LIGHT [OBJ] LP_315-53 [RA] 10 16 34.6688 [Dec] +27 51 48.8250 [FIL] GG495 [EXPTIME] 60.0 [Date] 2021-03-16T18:44:26 [Time] 18:44:26
200/244 LP_315-53-20210316@184539-Eden.fts [TYPE] LIGHT [OBJ] LP_315-53 [RA] 10 16 34.6688 [Dec] +27 51 48.8250 [FIL] GG495 [EXPTIME] 60.0 [Date] 2021-03-16T18:45:39 [Time] 18:45:39
201/244 LP_315-53-20210316@184652-Eden.fts [TYPE] LIGHT [OBJ] LP_315-53 [RA] 10 16 34.6688 [Dec] +27 51 48.8250 [FIL] GG495 [EXPTIME] 60.0 [Date] 2021-03-16T18:46:52 [Time] 18:46:52
202/244 LP_315-53-20210316@184804-Eden.fts [TYPE] LIGHT [OBJ] LP_315-53 [RA] 10 16 34.6688 [Dec] +27 51 48.8250 [FIL] GG495 [EXPTIME] 60.0 [Date] 2021-03-16T18:48:04 [Time] 18:48:04
203/244 LP_315-53-20210316@184915-Eden.fts [TYPE] LIGHT [OBJ] LP_315-53 [RA] 10 16 34.6688 [Dec] +27 51 48.8250 [FIL] GG495 [EXPTIME] 60.0 [Date] 2021-03-16T18:49:15 [Time] 18:49:15
204/244 LP_315-53-20210316@185028-Eden.fts [TYPE] LIGHT [OBJ] LP_315-53 [RA] 10 16 34.6688 [Dec] +27 51 48.8250 [FIL] GG495 [EXPTIME] 60.0 [Date] 2021-03-16T18:50:28 [Time] 18:50:28
205/244 LP_315-53-20210316@185140-Eden.fts [TYPE] LIGHT [OBJ] LP_315-53 [RA] 10 16 34.6688 [Dec] +27 51 48.8250 [FIL] GG495 [EXPTIME] 60.0 [Date] 2021-03-16T18:51:40 [Time] 18:51:40
206/244 LP_315-53-20210316@185252-Eden.fts [TYPE] LIGHT [OBJ] LP_315-53 [RA] 10 16 34.6688 [Dec] +27 51 48.8250 [FIL] GG495 [EXPTIME] 60.0 [Date] 2021-03-16T18:52:52 [Time] 18:52:52
207/244 LP_315-53-20210316@185404-Eden.fts [TYPE] LIGHT [OBJ] LP_315-53 [RA] 10 16 34.6688 [Dec] +27 51 48.8250 [FIL] GG495 [EXPTIME] 60.0 [Date] 2021-03-16T18:54:04 [Time] 18:54:04
208/244 LP_315-53-20210316@185516-Eden.fts [TYPE] LIGHT [OBJ] LP_315-53 [RA] 10 16 34.6688 [Dec] +27 51 48.8250 [FIL] GG495 [EXPTIME] 60.0 [Date] 2021-03-16T18:55:16 [Time] 18:55:16
209/244 LP_315-53-20210316@185629-Eden.fts [TYPE] LIGHT [OBJ] LP_315-53 [RA] 10 16 34.6688 [Dec] +27 51 48.8250 [FIL] GG495 [EXPTIME] 60.0 [Date] 2021-03-16T18:56:29 [Time] 18:56:29
210/244 LP_315-53-20210316@185741-Eden.fts [TYPE] LIGHT [OBJ] LP_315-53 [RA] 10 16 34.6688 [Dec] +27 51 48.8250 [FIL] GG495 [EXPTIME] 60.0 [Date] 2021-03-16T18:57:41 [Time] 18:57:41
211/244 LP_315-53-20210316@185855-Eden.fts [TYPE] LIGHT [OBJ] LP_315-53 [RA] 10 16 34.6688 [Dec] +27 51 48.8250 [FIL] GG495 [EXPTIME] 60.0 [Date] 2021-03-16T18:58:55 [Time] 18:58:55
212/244 LP_315-53-20210316@190008-Eden.fts [TYPE] LIGHT [OBJ] LP_315-53 [RA] 10 16 34.6688 [Dec] +27 51 48.8250 [FIL] GG495 [EXPTIME] 60.0 [Date] 2021-03-16T19:00:08 [Time] 19:00:08
213/244 LP_315-53-20210316@190121-Eden.fts [TYPE] LIGHT [OBJ] LP_315-53 [RA] 10 16 34.6688 [Dec] +27 51 48.8250 [FIL] GG495 [EXPTIME] 60.0 [Date] 2021-03-16T19:01:21 [Time] 19:01:21
214/244 LP_315-53-20210316@190234-Eden.fts [TYPE] LIGHT [OBJ] LP_315-53 [RA] 10 16 34.6688 [Dec] +27 51 48.8250 [FIL] GG495 [EXPTIME] 60.0 [Date] 2021-03-16T19:02:34 [Time] 19:02:34
215/244 LP_315-53-20210316@190347-Eden.fts [TYPE] LIGHT [OBJ] LP_315-53 [RA] 10 16 34.6688 [Dec] +27 51 48.8250 [FIL] GG495 [EXPTIME] 60.0 [Date] 2021-03-16T19:03:47 [Time] 19:03:47
216/244 LP_315-53-20210316@190458-Eden.fts [TYPE] LIGHT [OBJ] LP_315-53 [RA] 10 16 34.6688 [Dec] +27 51 48.8250 [FIL] GG495 [EXPTIME] 60.0 [Date] 2021-03-16T19:04:58 [Time] 19:04:58
217/244 LP_315-53-20210316@190611-Eden.fts [TYPE] LIGHT [OBJ] LP_315-53 [RA] 10 16 34.6688 [Dec] +27 51 48.8250 [FIL] GG495 [EXPTIME] 60.0 [Date] 2021-03-16T19:06:11 [Time] 19:06:11
218/244 LP_315-53-20210316@190723-Eden.fts [TYPE] LIGHT [OBJ] LP_315-53 [RA] 10 16 34.6688 [Dec] +27 51 48.8250 [FIL] GG495 [EXPTIME] 60.0 [Date] 2021-03-16T19:07:23 [Time] 19:07:23
219/244 LP_315-53-20210316@190836-Eden.fts [TYPE] LIGHT [OBJ] LP_315-53 [RA] 10 16 34.6688 [Dec] +27 51 48.8250 [FIL] GG495 [EXPTIME] 60.0 [Date] 2021-03-16T19:08:36 [Time] 19:08:36
220/244 LP_315-53-20210316@190950-Eden.fts [TYPE] LIGHT [OBJ] LP_315-53 [RA] 10 16 34.6688 [Dec] +27 51 48.8250 [FIL] GG495 [EXPTIME] 60.0 [Date] 2021-03-16T19:09:50 [Time] 19:09:50
221/244 LP_315-53-20210316@191102-Eden.fts [TYPE] LIGHT [OBJ] LP_315-53 [RA] 10 16 34.6688 [Dec] +27 51 48.8250 [FIL] GG495 [EXPTIME] 60.0 [Date] 2021-03-16T19:11:02 [Time] 19:11:02
222/244 LP_315-53-20210316@191214-Eden.fts [TYPE] LIGHT [OBJ] LP_315-53 [RA] 10 16 34.6688 [Dec] +27 51 48.8250 [FIL] GG495 [EXPTIME] 60.0 [Date] 2021-03-16T19:12:14 [Time] 19:12:14
223/244 LP_315-53-20210316@191326-Eden.fts [TYPE] LIGHT [OBJ] LP_315-53 [RA] 10 16 34.6688 [Dec] +27 51 48.8250 [FIL] GG495 [EXPTIME] 60.0 [Date] 2021-03-16T19:13:26 [Time] 19:13:26
224/244 LP_315-53-20210316@191440-Eden.fts [TYPE] LIGHT [OBJ] LP_315-53 [RA] 10 16 34.6688 [Dec] +27 51 48.8250 [FIL] GG495 [EXPTIME] 60.0 [Date] 2021-03-16T19:14:40 [Time] 19:14:40
225/244 LP_315-53-20210316@191552-Eden.fts [TYPE] LIGHT [OBJ] LP_315-53 [RA] 10 16 34.6688 [Dec] +27 51 48.8250 [FIL] GG495 [EXPTIME] 60.0 [Date] 2021-03-16T19:15:52 [Time] 19:15:52
226/244 LP_315-53-20210316@191705-Eden.fts [TYPE] LIGHT [OBJ] LP_315-53 [RA] 10 16 34.6688 [Dec] +27 51 48.8250 [FIL] GG495 [EXPTIME] 60.0 [Date] 2021-03-16T19:17:05 [Time] 19:17:05
227/244 LP_315-53-20210316@191817-Eden.fts [TYPE] LIGHT [OBJ] LP_315-53 [RA] 10 16 34.6688 [Dec] +27 51 48.8250 [FIL] GG495 [EXPTIME] 60.0 [Date] 2021-03-16T19:18:17 [Time] 19:18:17
228/244 LP_315-53-20210316@191930-Eden.fts [TYPE] LIGHT [OBJ] LP_315-53 [RA] 10 16 34.6688 [Dec] +27 51 48.8250 [FIL] GG495 [EXPTIME] 60.0 [Date] 2021-03-16T19:19:30 [Time] 19:19:30
229/244 LP_315-53-20210316@192043-Eden.fts [TYPE] LIGHT [OBJ] LP_315-53 [RA] 10 16 34.6688 [Dec] +27 51 48.8250 [FIL] GG495 [EXPTIME] 60.0 [Date] 2021-03-16T19:20:43 [Time] 19:20:43
230/244 LP_315-53-20210316@192155-Eden.fts [TYPE] LIGHT [OBJ] LP_315-53 [RA] 10 16 34.6688 [Dec] +27 51 48.8250 [FIL] GG495 [EXPTIME] 60.0 [Date] 2021-03-16T19:21:55 [Time] 19:21:55
231/244 LP_315-53-20210316@192306-Eden.fts [TYPE] LIGHT [OBJ] LP_315-53 [RA] 10 16 34.6688 [Dec] +27 51 48.8250 [FIL] GG495 [EXPTIME] 60.0 [Date] 2021-03-16T19:23:06 [Time] 19:23:06
232/244 LP_315-53-20210316@192418-Eden.fts [TYPE] LIGHT [OBJ] LP_315-53 [RA] 10 16 34.6688 [Dec] +27 51 48.8250 [FIL] GG495 [EXPTIME] 60.0 [Date] 2021-03-16T19:24:18 [Time] 19:24:18
233/244 LP_315-53-20210316@192531-Eden.fts [TYPE] LIGHT [OBJ] LP_315-53 [RA] 10 16 34.6688 [Dec] +27 51 48.8250 [FIL] GG495 [EXPTIME] 60.0 [Date] 2021-03-16T19:25:31 [Time] 19:25:31
234/244 LP_315-53-20210316@192643-Eden.fts [TYPE] LIGHT [OBJ] LP_315-53 [RA] 10 16 34.6688 [Dec] +27 51 48.8250 [FIL] GG495 [EXPTIME] 60.0 [Date] 2021-03-16T19:26:43 [Time] 19:26:43
235/244 LP_315-53-20210316@192755-Eden.fts [TYPE] LIGHT [OBJ] LP_315-53 [RA] 10 16 34.6688 [Dec] +27 51 48.8250 [FIL] GG495 [EXPTIME] 60.0 [Date] 2021-03-16T19:27:55 [Time] 19:27:55
236/244 LP_315-53-20210316@192907-Eden.fts [TYPE] LIGHT [OBJ] LP_315-53 [RA] 10 16 34.6688 [Dec] +27 51 48.8250 [FIL] GG495 [EXPTIME] 60.0 [Date] 2021-03-16T19:29:07 [Time] 19:29:07
237/244 LP_315-53-20210316@193019-Eden.fts [TYPE] LIGHT [OBJ] LP_315-53 [RA] 10 16 34.6688 [Dec] +27 51 48.8250 [FIL] GG495 [EXPTIME] 60.0 [Date] 2021-03-16T19:30:19 [Time] 19:30:19
238/244 LP_315-53-20210316@193131-Eden.fts [TYPE] LIGHT [OBJ] LP_315-53 [RA] 10 16 34.6688 [Dec] +27 51 48.8250 [FIL] GG495 [EXPTIME] 60.0 [Date] 2021-03-16T19:31:31 [Time] 19:31:31
239/244 LP_315-53-20210316@193244-Eden.fts [TYPE] LIGHT [OBJ] LP_315-53 [RA] 10 16 34.6688 [Dec] +27 51 48.8250 [FIL] GG495 [EXPTIME] 60.0 [Date] 2021-03-16T19:32:44 [Time] 19:32:44
240/244 LP_315-53-20210316@193356-Eden.fts [TYPE] LIGHT [OBJ] LP_315-53 [RA] 10 16 34.6688 [Dec] +27 51 48.8250 [FIL] GG495 [EXPTIME] 60.0 [Date] 2021-03-16T19:33:56 [Time] 19:33:56
241/244 LP_315-53-20210316@193508-Eden.fts [TYPE] LIGHT [OBJ] LP_315-53 [RA] 10 16 34.6688 [Dec] +27 51 48.8250 [FIL] GG495 [EXPTIME] 60.0 [Date] 2021-03-16T19:35:08 [Time] 19:35:08
242/244 LP_315-53-20210316@193622-Eden.fts [TYPE] LIGHT [OBJ] LP_315-53 [RA] 10 16 34.6688 [Dec] +27 51 48.8250 [FIL] GG495 [EXPTIME] 60.0 [Date] 2021-03-16T19:36:22 [Time] 19:36:22
243/244 LP_315-53-20210316@193736-Eden.fts [TYPE] LIGHT [OBJ] LP_315-53 [RA] 10 16 34.6688 [Dec] +27 51 48.8250 [FIL] GG495 [EXPTIME] 60.0 [Date] 2021-03-16T19:37:36 [Time] 19:37:36
244/244 LP_315-53-20210316@193847-Eden.fts [TYPE] LIGHT [OBJ] LP_315-53 [RA] 10 16 34.6688 [Dec] +27 51 48.8250 [FIL] GG495 [EXPTIME] 60.0 [Date] 2021-03-16T19:38:47 [Time] 19:38:47
... write log file to LOT20210316_LP_315-53_mod.log ...
... finish ...
