Bucket successfully loaded! eden-data
102 files found
Storing data to the S3 archive!
Doing a dry run - uploads will not be committed.
Verbose output enabled.
Storing LOT20200227-TOI_736_mod/TOI_736-20200227@122808-Eden.fts -> s3://eden-data/RAW/LOT/TOI_736/2020-02-27/TOI_736-20200227@122808-Eden.fits (1/102) (dry run)
Storing LOT20200227-TOI_736_mod/TOI_736-20200227@123618-Eden.fts -> s3://eden-data/RAW/LOT/TOI_736/2020-02-27/TOI_736-20200227@123618-Eden.fits (2/102) (dry run)
Storing LOT20200227-TOI_736_mod/TOI_736-20200227@123745-Eden.fts -> s3://eden-data/RAW/LOT/TOI_736/2020-02-27/TOI_736-20200227@123745-Eden.fits (3/102) (dry run)
Storing LOT20200227-TOI_736_mod/TOI_736-20200227@123858-Eden.fts -> s3://eden-data/RAW/LOT/TOI_736/2020-02-27/TOI_736-20200227@123858-Eden.fits (4/102) (dry run)
Storing LOT20200227-TOI_736_mod/TOI_736-20200227@124013-Eden.fts -> s3://eden-data/RAW/LOT/TOI_736/2020-02-27/TOI_736-20200227@124013-Eden.fits (5/102) (dry run)
Storing LOT20200227-TOI_736_mod/TOI_736-20200227@124127-Eden.fts -> s3://eden-data/RAW/LOT/TOI_736/2020-02-27/TOI_736-20200227@124127-Eden.fits (6/102) (dry run)
Storing LOT20200227-TOI_736_mod/TOI_736-20200227@124239-Eden.fts -> s3://eden-data/RAW/LOT/TOI_736/2020-02-27/TOI_736-20200227@124239-Eden.fits (7/102) (dry run)
Storing LOT20200227-TOI_736_mod/TOI_736-20200227@124358-Eden.fts -> s3://eden-data/RAW/LOT/TOI_736/2020-02-27/TOI_736-20200227@124358-Eden.fits (8/102) (dry run)
Storing LOT20200227-TOI_736_mod/TOI_736-20200227@124512-Eden.fts -> s3://eden-data/RAW/LOT/TOI_736/2020-02-27/TOI_736-20200227@124512-Eden.fits (9/102) (dry run)
Storing LOT20200227-TOI_736_mod/TOI_736-20200227@124625-Eden.fts -> s3://eden-data/RAW/LOT/TOI_736/2020-02-27/TOI_736-20200227@124625-Eden.fits (10/102) (dry run)
Storing LOT20200227-TOI_736_mod/TOI_736-20200227@124738-Eden.fts -> s3://eden-data/RAW/LOT/TOI_736/2020-02-27/TOI_736-20200227@124738-Eden.fits (11/102) (dry run)
Storing LOT20200227-TOI_736_mod/TOI_736-20200227@124853-Eden.fts -> s3://eden-data/RAW/LOT/TOI_736/2020-02-27/TOI_736-20200227@124853-Eden.fits (12/102) (dry run)
Storing LOT20200227-TOI_736_mod/TOI_736-20200227@125007-Eden.fts -> s3://eden-data/RAW/LOT/TOI_736/2020-02-27/TOI_736-20200227@125007-Eden.fits (13/102) (dry run)
Storing LOT20200227-TOI_736_mod/TOI_736-20200227@125122-Eden.fts -> s3://eden-data/RAW/LOT/TOI_736/2020-02-27/TOI_736-20200227@125122-Eden.fits (14/102) (dry run)
Storing LOT20200227-TOI_736_mod/TOI_736-20200227@125239-Eden.fts -> s3://eden-data/RAW/LOT/TOI_736/2020-02-27/TOI_736-20200227@125239-Eden.fits (15/102) (dry run)
Storing LOT20200227-TOI_736_mod/TOI_736-20200227@125354-Eden.fts -> s3://eden-data/RAW/LOT/TOI_736/2020-02-27/TOI_736-20200227@125354-Eden.fits (16/102) (dry run)
Storing LOT20200227-TOI_736_mod/TOI_736-20200227@125509-Eden.fts -> s3://eden-data/RAW/LOT/TOI_736/2020-02-27/TOI_736-20200227@125509-Eden.fits (17/102) (dry run)
Storing LOT20200227-TOI_736_mod/TOI_736-20200227@125624-Eden.fts -> s3://eden-data/RAW/LOT/TOI_736/2020-02-27/TOI_736-20200227@125624-Eden.fits (18/102) (dry run)
Storing LOT20200227-TOI_736_mod/TOI_736-20200227@125741-Eden.fts -> s3://eden-data/RAW/LOT/TOI_736/2020-02-27/TOI_736-20200227@125741-Eden.fits (19/102) (dry run)
Storing LOT20200227-TOI_736_mod/TOI_736-20200227@125855-Eden.fts -> s3://eden-data/RAW/LOT/TOI_736/2020-02-27/TOI_736-20200227@125855-Eden.fits (20/102) (dry run)
Storing LOT20200227-TOI_736_mod/TOI_736-20200227@130013-Eden.fts -> s3://eden-data/RAW/LOT/TOI_736/2020-02-27/TOI_736-20200227@130013-Eden.fits (21/102) (dry run)
Storing LOT20200227-TOI_736_mod/TOI_736-20200227@130128-Eden.fts -> s3://eden-data/RAW/LOT/TOI_736/2020-02-27/TOI_736-20200227@130128-Eden.fits (22/102) (dry run)
Storing LOT20200227-TOI_736_mod/TOI_736-20200227@130241-Eden.fts -> s3://eden-data/RAW/LOT/TOI_736/2020-02-27/TOI_736-20200227@130241-Eden.fits (23/102) (dry run)
Storing LOT20200227-TOI_736_mod/TOI_736-20200227@130358-Eden.fts -> s3://eden-data/RAW/LOT/TOI_736/2020-02-27/TOI_736-20200227@130358-Eden.fits (24/102) (dry run)
Storing LOT20200227-TOI_736_mod/TOI_736-20200227@130511-Eden.fts -> s3://eden-data/RAW/LOT/TOI_736/2020-02-27/TOI_736-20200227@130511-Eden.fits (25/102) (dry run)
Storing LOT20200227-TOI_736_mod/TOI_736-20200227@130628-Eden.fts -> s3://eden-data/RAW/LOT/TOI_736/2020-02-27/TOI_736-20200227@130628-Eden.fits (26/102) (dry run)
Storing LOT20200227-TOI_736_mod/TOI_736-20200227@130743-Eden.fts -> s3://eden-data/RAW/LOT/TOI_736/2020-02-27/TOI_736-20200227@130743-Eden.fits (27/102) (dry run)
Storing LOT20200227-TOI_736_mod/TOI_736-20200227@130858-Eden.fts -> s3://eden-data/RAW/LOT/TOI_736/2020-02-27/TOI_736-20200227@130858-Eden.fits (28/102) (dry run)
Storing LOT20200227-TOI_736_mod/TOI_736-20200227@131013-Eden.fts -> s3://eden-data/RAW/LOT/TOI_736/2020-02-27/TOI_736-20200227@131013-Eden.fits (29/102) (dry run)
Storing LOT20200227-TOI_736_mod/TOI_736-20200227@131128-Eden.fts -> s3://eden-data/RAW/LOT/TOI_736/2020-02-27/TOI_736-20200227@131128-Eden.fits (30/102) (dry run)
Storing LOT20200227-TOI_736_mod/TOI_736-20200227@131244-Eden.fts -> s3://eden-data/RAW/LOT/TOI_736/2020-02-27/TOI_736-20200227@131244-Eden.fits (31/102) (dry run)
Storing LOT20200227-TOI_736_mod/TOI_736-20200227@131401-Eden.fts -> s3://eden-data/RAW/LOT/TOI_736/2020-02-27/TOI_736-20200227@131401-Eden.fits (32/102) (dry run)
Storing LOT20200227-TOI_736_mod/TOI_736-20200227@131516-Eden.fts -> s3://eden-data/RAW/LOT/TOI_736/2020-02-27/TOI_736-20200227@131516-Eden.fits (33/102) (dry run)
Storing LOT20200227-TOI_736_mod/TOI_736-20200227@131630-Eden.fts -> s3://eden-data/RAW/LOT/TOI_736/2020-02-27/TOI_736-20200227@131630-Eden.fits (34/102) (dry run)
Storing LOT20200227-TOI_736_mod/TOI_736-20200227@131743-Eden.fts -> s3://eden-data/RAW/LOT/TOI_736/2020-02-27/TOI_736-20200227@131743-Eden.fits (35/102) (dry run)
Storing LOT20200227-TOI_736_mod/TOI_736-20200227@131858-Eden.fts -> s3://eden-data/RAW/LOT/TOI_736/2020-02-27/TOI_736-20200227@131858-Eden.fits (36/102) (dry run)
Storing LOT20200227-TOI_736_mod/TOI_736-20200227@132014-Eden.fts -> s3://eden-data/RAW/LOT/TOI_736/2020-02-27/TOI_736-20200227@132014-Eden.fits (37/102) (dry run)
Storing LOT20200227-TOI_736_mod/TOI_736-20200227@132130-Eden.fts -> s3://eden-data/RAW/LOT/TOI_736/2020-02-27/TOI_736-20200227@132130-Eden.fits (38/102) (dry run)
Storing LOT20200227-TOI_736_mod/TOI_736-20200227@132245-Eden.fts -> s3://eden-data/RAW/LOT/TOI_736/2020-02-27/TOI_736-20200227@132245-Eden.fits (39/102) (dry run)
Storing LOT20200227-TOI_736_mod/TOI_736-20200227@132401-Eden.fts -> s3://eden-data/RAW/LOT/TOI_736/2020-02-27/TOI_736-20200227@132401-Eden.fits (40/102) (dry run)
Storing LOT20200227-TOI_736_mod/TOI_736-20200227@132516-Eden.fts -> s3://eden-data/RAW/LOT/TOI_736/2020-02-27/TOI_736-20200227@132516-Eden.fits (41/102) (dry run)
Storing LOT20200227-TOI_736_mod/TOI_736-20200227@132631-Eden.fts -> s3://eden-data/RAW/LOT/TOI_736/2020-02-27/TOI_736-20200227@132631-Eden.fits (42/102) (dry run)
Storing LOT20200227-TOI_736_mod/TOI_736-20200227@132747-Eden.fts -> s3://eden-data/RAW/LOT/TOI_736/2020-02-27/TOI_736-20200227@132747-Eden.fits (43/102) (dry run)
Storing LOT20200227-TOI_736_mod/TOI_736-20200227@132902-Eden.fts -> s3://eden-data/RAW/LOT/TOI_736/2020-02-27/TOI_736-20200227@132902-Eden.fits (44/102) (dry run)
Storing LOT20200227-TOI_736_mod/TOI_736-20200227@133017-Eden.fts -> s3://eden-data/RAW/LOT/TOI_736/2020-02-27/TOI_736-20200227@133017-Eden.fits (45/102) (dry run)
Storing LOT20200227-TOI_736_mod/TOI_736-20200227@133132-Eden.fts -> s3://eden-data/RAW/LOT/TOI_736/2020-02-27/TOI_736-20200227@133132-Eden.fits (46/102) (dry run)
Storing LOT20200227-TOI_736_mod/TOI_736-20200227@133248-Eden.fts -> s3://eden-data/RAW/LOT/TOI_736/2020-02-27/TOI_736-20200227@133248-Eden.fits (47/102) (dry run)
Storing LOT20200227-TOI_736_mod/TOI_736-20200227@133403-Eden.fts -> s3://eden-data/RAW/LOT/TOI_736/2020-02-27/TOI_736-20200227@133403-Eden.fits (48/102) (dry run)
Storing LOT20200227-TOI_736_mod/TOI_736-20200227@133518-Eden.fts -> s3://eden-data/RAW/LOT/TOI_736/2020-02-27/TOI_736-20200227@133518-Eden.fits (49/102) (dry run)
Storing LOT20200227-TOI_736_mod/TOI_736-20200227@145232-Eden.fts -> s3://eden-data/RAW/LOT/TOI_736/2020-02-27/TOI_736-20200227@145232-Eden.fits (50/102) (dry run)
Storing LOT20200227-TOI_736_mod/TOI_736-20200227@145630-Eden.fts -> s3://eden-data/RAW/LOT/TOI_736/2020-02-27/TOI_736-20200227@145630-Eden.fits (51/102) (dry run)
Storing LOT20200227-TOI_736_mod/TOI_736-20200227@145757-Eden.fts -> s3://eden-data/RAW/LOT/TOI_736/2020-02-27/TOI_736-20200227@145757-Eden.fits (52/102) (dry run)
Storing LOT20200227-TOI_736_mod/TOI_736-20200227@145911-Eden.fts -> s3://eden-data/RAW/LOT/TOI_736/2020-02-27/TOI_736-20200227@145911-Eden.fits (53/102) (dry run)
Storing LOT20200227-TOI_736_mod/TOI_736-20200227@150026-Eden.fts -> s3://eden-data/RAW/LOT/TOI_736/2020-02-27/TOI_736-20200227@150026-Eden.fits (54/102) (dry run)
Storing LOT20200227-TOI_736_mod/TOI_736-20200227@150141-Eden.fts -> s3://eden-data/RAW/LOT/TOI_736/2020-02-27/TOI_736-20200227@150141-Eden.fits (55/102) (dry run)
Storing LOT20200227-TOI_736_mod/TOI_736-20200227@150255-Eden.fts -> s3://eden-data/RAW/LOT/TOI_736/2020-02-27/TOI_736-20200227@150255-Eden.fits (56/102) (dry run)
Storing LOT20200227-TOI_736_mod/TOI_736-20200227@150409-Eden.fts -> s3://eden-data/RAW/LOT/TOI_736/2020-02-27/TOI_736-20200227@150409-Eden.fits (57/102) (dry run)
Storing LOT20200227-TOI_736_mod/TOI_736-20200227@150524-Eden.fts -> s3://eden-data/RAW/LOT/TOI_736/2020-02-27/TOI_736-20200227@150524-Eden.fits (58/102) (dry run)
Storing LOT20200227-TOI_736_mod/TOI_736-20200227@150641-Eden.fts -> s3://eden-data/RAW/LOT/TOI_736/2020-02-27/TOI_736-20200227@150641-Eden.fits (59/102) (dry run)
Storing LOT20200227-TOI_736_mod/TOI_736-20200227@150757-Eden.fts -> s3://eden-data/RAW/LOT/TOI_736/2020-02-27/TOI_736-20200227@150757-Eden.fits (60/102) (dry run)
Storing LOT20200227-TOI_736_mod/TOI_736-20200227@150914-Eden.fts -> s3://eden-data/RAW/LOT/TOI_736/2020-02-27/TOI_736-20200227@150914-Eden.fits (61/102) (dry run)
Storing LOT20200227-TOI_736_mod/TOI_736-20200227@151029-Eden.fts -> s3://eden-data/RAW/LOT/TOI_736/2020-02-27/TOI_736-20200227@151029-Eden.fits (62/102) (dry run)
Storing LOT20200227-TOI_736_mod/TOI_736-20200227@151144-Eden.fts -> s3://eden-data/RAW/LOT/TOI_736/2020-02-27/TOI_736-20200227@151144-Eden.fits (63/102) (dry run)
Storing LOT20200227-TOI_736_mod/TOI_736-20200227@151259-Eden.fts -> s3://eden-data/RAW/LOT/TOI_736/2020-02-27/TOI_736-20200227@151259-Eden.fits (64/102) (dry run)
Storing LOT20200227-TOI_736_mod/TOI_736-20200227@151414-Eden.fts -> s3://eden-data/RAW/LOT/TOI_736/2020-02-27/TOI_736-20200227@151414-Eden.fits (65/102) (dry run)
Storing LOT20200227-TOI_736_mod/TOI_736-20200227@151529-Eden.fts -> s3://eden-data/RAW/LOT/TOI_736/2020-02-27/TOI_736-20200227@151529-Eden.fits (66/102) (dry run)
Storing LOT20200227-TOI_736_mod/TOI_736-20200227@151644-Eden.fts -> s3://eden-data/RAW/LOT/TOI_736/2020-02-27/TOI_736-20200227@151644-Eden.fits (67/102) (dry run)
Storing LOT20200227-TOI_736_mod/TOI_736-20200227@151801-Eden.fts -> s3://eden-data/RAW/LOT/TOI_736/2020-02-27/TOI_736-20200227@151801-Eden.fits (68/102) (dry run)
Storing LOT20200227-TOI_736_mod/TOI_736-20200227@151915-Eden.fts -> s3://eden-data/RAW/LOT/TOI_736/2020-02-27/TOI_736-20200227@151915-Eden.fits (69/102) (dry run)
Storing LOT20200227-TOI_736_mod/TOI_736-20200227@152031-Eden.fts -> s3://eden-data/RAW/LOT/TOI_736/2020-02-27/TOI_736-20200227@152031-Eden.fits (70/102) (dry run)
Storing LOT20200227-TOI_736_mod/TOI_736-20200227@152145-Eden.fts -> s3://eden-data/RAW/LOT/TOI_736/2020-02-27/TOI_736-20200227@152145-Eden.fits (71/102) (dry run)
Storing LOT20200227-TOI_736_mod/TOI_736-20200227@152301-Eden.fts -> s3://eden-data/RAW/LOT/TOI_736/2020-02-27/TOI_736-20200227@152301-Eden.fits (72/102) (dry run)
Storing LOT20200227-TOI_736_mod/TOI_736-20200227@152415-Eden.fts -> s3://eden-data/RAW/LOT/TOI_736/2020-02-27/TOI_736-20200227@152415-Eden.fits (73/102) (dry run)
Storing LOT20200227-TOI_736_mod/TOI_736-20200227@152530-Eden.fts -> s3://eden-data/RAW/LOT/TOI_736/2020-02-27/TOI_736-20200227@152530-Eden.fits (74/102) (dry run)
Storing LOT20200227-TOI_736_mod/TOI_736-20200227@152645-Eden.fts -> s3://eden-data/RAW/LOT/TOI_736/2020-02-27/TOI_736-20200227@152645-Eden.fits (75/102) (dry run)
Storing LOT20200227-TOI_736_mod/TOI_736-20200227@152800-Eden.fts -> s3://eden-data/RAW/LOT/TOI_736/2020-02-27/TOI_736-20200227@152800-Eden.fits (76/102) (dry run)
Storing LOT20200227-TOI_736_mod/TOI_736-20200227@152915-Eden.fts -> s3://eden-data/RAW/LOT/TOI_736/2020-02-27/TOI_736-20200227@152915-Eden.fits (77/102) (dry run)
Storing LOT20200227-TOI_736_mod/TOI_736-20200227@153032-Eden.fts -> s3://eden-data/RAW/LOT/TOI_736/2020-02-27/TOI_736-20200227@153032-Eden.fits (78/102) (dry run)
Storing LOT20200227-TOI_736_mod/TOI_736-20200227@153147-Eden.fts -> s3://eden-data/RAW/LOT/TOI_736/2020-02-27/TOI_736-20200227@153147-Eden.fits (79/102) (dry run)
Storing LOT20200227-TOI_736_mod/TOI_736-20200227@153300-Eden.fts -> s3://eden-data/RAW/LOT/TOI_736/2020-02-27/TOI_736-20200227@153300-Eden.fits (80/102) (dry run)
Storing LOT20200227-TOI_736_mod/TOI_736-20200227@153415-Eden.fts -> s3://eden-data/RAW/LOT/TOI_736/2020-02-27/TOI_736-20200227@153415-Eden.fits (81/102) (dry run)
Storing LOT20200227-TOI_736_mod/TOI_736-20200227@153530-Eden.fts -> s3://eden-data/RAW/LOT/TOI_736/2020-02-27/TOI_736-20200227@153530-Eden.fits (82/102) (dry run)
Storing LOT20200227-TOI_736_mod/TOI_736-20200227@153645-Eden.fts -> s3://eden-data/RAW/LOT/TOI_736/2020-02-27/TOI_736-20200227@153645-Eden.fits (83/102) (dry run)
Storing LOT20200227-TOI_736_mod/TOI_736-20200227@153759-Eden.fts -> s3://eden-data/RAW/LOT/TOI_736/2020-02-27/TOI_736-20200227@153759-Eden.fits (84/102) (dry run)
Storing LOT20200227-TOI_736_mod/TOI_736-20200227@153914-Eden.fts -> s3://eden-data/RAW/LOT/TOI_736/2020-02-27/TOI_736-20200227@153914-Eden.fits (85/102) (dry run)
Storing LOT20200227-TOI_736_mod/TOI_736-20200227@154030-Eden.fts -> s3://eden-data/RAW/LOT/TOI_736/2020-02-27/TOI_736-20200227@154030-Eden.fits (86/102) (dry run)
Storing LOT20200227-TOI_736_mod/TOI_736-20200227@154145-Eden.fts -> s3://eden-data/RAW/LOT/TOI_736/2020-02-27/TOI_736-20200227@154145-Eden.fits (87/102) (dry run)
Storing LOT20200227-TOI_736_mod/TOI_736-20200227@154259-Eden.fts -> s3://eden-data/RAW/LOT/TOI_736/2020-02-27/TOI_736-20200227@154259-Eden.fits (88/102) (dry run)
Storing LOT20200227-TOI_736_mod/TOI_736-20200227@154415-Eden.fts -> s3://eden-data/RAW/LOT/TOI_736/2020-02-27/TOI_736-20200227@154415-Eden.fits (89/102) (dry run)
Storing LOT20200227-TOI_736_mod/TOI_736-20200227@154530-Eden.fts -> s3://eden-data/RAW/LOT/TOI_736/2020-02-27/TOI_736-20200227@154530-Eden.fits (90/102) (dry run)
Storing LOT20200227-TOI_736_mod/TOI_736-20200227@154645-Eden.fts -> s3://eden-data/RAW/LOT/TOI_736/2020-02-27/TOI_736-20200227@154645-Eden.fits (91/102) (dry run)
Storing LOT20200227-TOI_736_mod/TOI_736-20200227@154801-Eden.fts -> s3://eden-data/RAW/LOT/TOI_736/2020-02-27/TOI_736-20200227@154801-Eden.fits (92/102) (dry run)
Storing LOT20200227-TOI_736_mod/TOI_736-20200227@154916-Eden.fts -> s3://eden-data/RAW/LOT/TOI_736/2020-02-27/TOI_736-20200227@154916-Eden.fits (93/102) (dry run)
Storing LOT20200227-TOI_736_mod/TOI_736-20200227@155031-Eden.fts -> s3://eden-data/RAW/LOT/TOI_736/2020-02-27/TOI_736-20200227@155031-Eden.fits (94/102) (dry run)
Storing LOT20200227-TOI_736_mod/TOI_736-20200227@155145-Eden.fts -> s3://eden-data/RAW/LOT/TOI_736/2020-02-27/TOI_736-20200227@155145-Eden.fits (95/102) (dry run)
Storing LOT20200227-TOI_736_mod/TOI_736-20200227@155259-Eden.fts -> s3://eden-data/RAW/LOT/TOI_736/2020-02-27/TOI_736-20200227@155259-Eden.fits (96/102) (dry run)
Storing LOT20200227-TOI_736_mod/TOI_736-20200227@155415-Eden.fts -> s3://eden-data/RAW/LOT/TOI_736/2020-02-27/TOI_736-20200227@155415-Eden.fits (97/102) (dry run)
Storing LOT20200227-TOI_736_mod/TOI_736-20200227@155530-Eden.fts -> s3://eden-data/RAW/LOT/TOI_736/2020-02-27/TOI_736-20200227@155530-Eden.fits (98/102) (dry run)
Storing LOT20200227-TOI_736_mod/TOI_736-20200227@155644-Eden.fts -> s3://eden-data/RAW/LOT/TOI_736/2020-02-27/TOI_736-20200227@155644-Eden.fits (99/102) (dry run)
Storing LOT20200227-TOI_736_mod/TOI_736-20200227@155759-Eden.fts -> s3://eden-data/RAW/LOT/TOI_736/2020-02-27/TOI_736-20200227@155759-Eden.fits (100/102) (dry run)
Storing LOT20200227-TOI_736_mod/TOI_736-20200227@155915-Eden.fts -> s3://eden-data/RAW/LOT/TOI_736/2020-02-27/TOI_736-20200227@155915-Eden.fits (101/102) (dry run)
Storing LOT20200227-TOI_736_mod/TOI_736-20200227@160029-Eden.fts -> s3://eden-data/RAW/LOT/TOI_736/2020-02-27/TOI_736-20200227@160029-Eden.fits (102/102) (dry run)

Dry run complete! Run again without --dryrun to commit the changes above.
Stored: 102 files (0.9 GB)
