Bucket successfully loaded! eden-data
296 files found
Storing data to the S3 archive!
We can now start uploading the data.
Press return to start the upload, or anything else to abort: Verbose output enabled.
Skipping /home/altsai/eden/LOT20211222_2MASS_J04351612-1606574_mod/2MASS_J04351612-1606574-20211222@110518-Eden.fts -> s3://eden-data/RAW/LOT/2MASS_J04351612-1606574/2021-12-22/2MASS_J04351612-1606574-20211222@110518-Eden.fits (file already exists) (1/296)
Skipping /home/altsai/eden/LOT20211222_2MASS_J04351612-1606574_mod/2MASS_J04351612-1606574-20211222@110634-Eden.fts -> s3://eden-data/RAW/LOT/2MASS_J04351612-1606574/2021-12-22/2MASS_J04351612-1606574-20211222@110634-Eden.fits (file already exists) (2/296)
Skipping /home/altsai/eden/LOT20211222_2MASS_J04351612-1606574_mod/2MASS_J04351612-1606574-20211222@110751-Eden.fts -> s3://eden-data/RAW/LOT/2MASS_J04351612-1606574/2021-12-22/2MASS_J04351612-1606574-20211222@110751-Eden.fits (file already exists) (3/296)
Skipping /home/altsai/eden/LOT20211222_2MASS_J04351612-1606574_mod/2MASS_J04351612-1606574-20211222@110907-Eden.fts -> s3://eden-data/RAW/LOT/2MASS_J04351612-1606574/2021-12-22/2MASS_J04351612-1606574-20211222@110907-Eden.fits (file already exists) (4/296)
Skipping /home/altsai/eden/LOT20211222_2MASS_J04351612-1606574_mod/2MASS_J04351612-1606574-20211222@111023-Eden.fts -> s3://eden-data/RAW/LOT/2MASS_J04351612-1606574/2021-12-22/2MASS_J04351612-1606574-20211222@111023-Eden.fits (file already exists) (5/296)
Skipping /home/altsai/eden/LOT20211222_2MASS_J04351612-1606574_mod/2MASS_J04351612-1606574-20211222@111139-Eden.fts -> s3://eden-data/RAW/LOT/2MASS_J04351612-1606574/2021-12-22/2MASS_J04351612-1606574-20211222@111139-Eden.fits (file already exists) (6/296)
Skipping /home/altsai/eden/LOT20211222_2MASS_J04351612-1606574_mod/2MASS_J04351612-1606574-20211222@111255-Eden.fts -> s3://eden-data/RAW/LOT/2MASS_J04351612-1606574/2021-12-22/2MASS_J04351612-1606574-20211222@111255-Eden.fits (file already exists) (7/296)
Skipping /home/altsai/eden/LOT20211222_2MASS_J04351612-1606574_mod/2MASS_J04351612-1606574-20211222@111410-Eden.fts -> s3://eden-data/RAW/LOT/2MASS_J04351612-1606574/2021-12-22/2MASS_J04351612-1606574-20211222@111410-Eden.fits (file already exists) (8/296)
Skipping /home/altsai/eden/LOT20211222_2MASS_J04351612-1606574_mod/2MASS_J04351612-1606574-20211222@111526-Eden.fts -> s3://eden-data/RAW/LOT/2MASS_J04351612-1606574/2021-12-22/2MASS_J04351612-1606574-20211222@111526-Eden.fits (file already exists) (9/296)
Skipping /home/altsai/eden/LOT20211222_2MASS_J04351612-1606574_mod/2MASS_J04351612-1606574-20211222@111642-Eden.fts -> s3://eden-data/RAW/LOT/2MASS_J04351612-1606574/2021-12-22/2MASS_J04351612-1606574-20211222@111642-Eden.fits (file already exists) (10/296)
Skipping /home/altsai/eden/LOT20211222_2MASS_J04351612-1606574_mod/2MASS_J04351612-1606574-20211222@111759-Eden.fts -> s3://eden-data/RAW/LOT/2MASS_J04351612-1606574/2021-12-22/2MASS_J04351612-1606574-20211222@111759-Eden.fits (file already exists) (11/296)
Skipping /home/altsai/eden/LOT20211222_2MASS_J04351612-1606574_mod/2MASS_J04351612-1606574-20211222@111915-Eden.fts -> s3://eden-data/RAW/LOT/2MASS_J04351612-1606574/2021-12-22/2MASS_J04351612-1606574-20211222@111915-Eden.fits (file already exists) (12/296)
Skipping /home/altsai/eden/LOT20211222_2MASS_J04351612-1606574_mod/2MASS_J04351612-1606574-20211222@112031-Eden.fts -> s3://eden-data/RAW/LOT/2MASS_J04351612-1606574/2021-12-22/2MASS_J04351612-1606574-20211222@112031-Eden.fits (file already exists) (13/296)
Skipping /home/altsai/eden/LOT20211222_2MASS_J04351612-1606574_mod/2MASS_J04351612-1606574-20211222@112148-Eden.fts -> s3://eden-data/RAW/LOT/2MASS_J04351612-1606574/2021-12-22/2MASS_J04351612-1606574-20211222@112148-Eden.fits (file already exists) (14/296)
Skipping /home/altsai/eden/LOT20211222_2MASS_J04351612-1606574_mod/2MASS_J04351612-1606574-20211222@112303-Eden.fts -> s3://eden-data/RAW/LOT/2MASS_J04351612-1606574/2021-12-22/2MASS_J04351612-1606574-20211222@112303-Eden.fits (file already exists) (15/296)
Skipping /home/altsai/eden/LOT20211222_2MASS_J04351612-1606574_mod/2MASS_J04351612-1606574-20211222@112420-Eden.fts -> s3://eden-data/RAW/LOT/2MASS_J04351612-1606574/2021-12-22/2MASS_J04351612-1606574-20211222@112420-Eden.fits (file already exists) (16/296)
Skipping /home/altsai/eden/LOT20211222_2MASS_J04351612-1606574_mod/2MASS_J04351612-1606574-20211222@112535-Eden.fts -> s3://eden-data/RAW/LOT/2MASS_J04351612-1606574/2021-12-22/2MASS_J04351612-1606574-20211222@112535-Eden.fits (file already exists) (17/296)
Skipping /home/altsai/eden/LOT20211222_2MASS_J04351612-1606574_mod/2MASS_J04351612-1606574-20211222@112652-Eden.fts -> s3://eden-data/RAW/LOT/2MASS_J04351612-1606574/2021-12-22/2MASS_J04351612-1606574-20211222@112652-Eden.fits (file already exists) (18/296)
Skipping /home/altsai/eden/LOT20211222_2MASS_J04351612-1606574_mod/2MASS_J04351612-1606574-20211222@112808-Eden.fts -> s3://eden-data/RAW/LOT/2MASS_J04351612-1606574/2021-12-22/2MASS_J04351612-1606574-20211222@112808-Eden.fits (file already exists) (19/296)
Skipping /home/altsai/eden/LOT20211222_2MASS_J04351612-1606574_mod/2MASS_J04351612-1606574-20211222@112924-Eden.fts -> s3://eden-data/RAW/LOT/2MASS_J04351612-1606574/2021-12-22/2MASS_J04351612-1606574-20211222@112924-Eden.fits (file already exists) (20/296)
Skipping /home/altsai/eden/LOT20211222_2MASS_J04351612-1606574_mod/2MASS_J04351612-1606574-20211222@113040-Eden.fts -> s3://eden-data/RAW/LOT/2MASS_J04351612-1606574/2021-12-22/2MASS_J04351612-1606574-20211222@113040-Eden.fits (file already exists) (21/296)
Skipping /home/altsai/eden/LOT20211222_2MASS_J04351612-1606574_mod/2MASS_J04351612-1606574-20211222@113156-Eden.fts -> s3://eden-data/RAW/LOT/2MASS_J04351612-1606574/2021-12-22/2MASS_J04351612-1606574-20211222@113156-Eden.fits (file already exists) (22/296)
Skipping /home/altsai/eden/LOT20211222_2MASS_J04351612-1606574_mod/2MASS_J04351612-1606574-20211222@113311-Eden.fts -> s3://eden-data/RAW/LOT/2MASS_J04351612-1606574/2021-12-22/2MASS_J04351612-1606574-20211222@113311-Eden.fits (file already exists) (23/296)
Skipping /home/altsai/eden/LOT20211222_2MASS_J04351612-1606574_mod/2MASS_J04351612-1606574-20211222@113428-Eden.fts -> s3://eden-data/RAW/LOT/2MASS_J04351612-1606574/2021-12-22/2MASS_J04351612-1606574-20211222@113428-Eden.fits (file already exists) (24/296)
Skipping /home/altsai/eden/LOT20211222_2MASS_J04351612-1606574_mod/2MASS_J04351612-1606574-20211222@113544-Eden.fts -> s3://eden-data/RAW/LOT/2MASS_J04351612-1606574/2021-12-22/2MASS_J04351612-1606574-20211222@113544-Eden.fits (file already exists) (25/296)
Skipping /home/altsai/eden/LOT20211222_2MASS_J04351612-1606574_mod/2MASS_J04351612-1606574-20211222@113701-Eden.fts -> s3://eden-data/RAW/LOT/2MASS_J04351612-1606574/2021-12-22/2MASS_J04351612-1606574-20211222@113701-Eden.fits (file already exists) (26/296)
Skipping /home/altsai/eden/LOT20211222_2MASS_J04351612-1606574_mod/2MASS_J04351612-1606574-20211222@113816-Eden.fts -> s3://eden-data/RAW/LOT/2MASS_J04351612-1606574/2021-12-22/2MASS_J04351612-1606574-20211222@113816-Eden.fits (file already exists) (27/296)
Skipping /home/altsai/eden/LOT20211222_2MASS_J04351612-1606574_mod/2MASS_J04351612-1606574-20211222@114150-Eden.fts -> s3://eden-data/RAW/LOT/2MASS_J04351612-1606574/2021-12-22/2MASS_J04351612-1606574-20211222@114150-Eden.fits (file already exists) (28/296)
Skipping /home/altsai/eden/LOT20211222_2MASS_J04351612-1606574_mod/2MASS_J04351612-1606574-20211222@114305-Eden.fts -> s3://eden-data/RAW/LOT/2MASS_J04351612-1606574/2021-12-22/2MASS_J04351612-1606574-20211222@114305-Eden.fits (file already exists) (29/296)
Skipping /home/altsai/eden/LOT20211222_2MASS_J04351612-1606574_mod/2MASS_J04351612-1606574-20211222@114422-Eden.fts -> s3://eden-data/RAW/LOT/2MASS_J04351612-1606574/2021-12-22/2MASS_J04351612-1606574-20211222@114422-Eden.fits (file already exists) (30/296)
Skipping /home/altsai/eden/LOT20211222_2MASS_J04351612-1606574_mod/2MASS_J04351612-1606574-20211222@114538-Eden.fts -> s3://eden-data/RAW/LOT/2MASS_J04351612-1606574/2021-12-22/2MASS_J04351612-1606574-20211222@114538-Eden.fits (file already exists) (31/296)
Skipping /home/altsai/eden/LOT20211222_2MASS_J04351612-1606574_mod/2MASS_J04351612-1606574-20211222@114655-Eden.fts -> s3://eden-data/RAW/LOT/2MASS_J04351612-1606574/2021-12-22/2MASS_J04351612-1606574-20211222@114655-Eden.fits (file already exists) (32/296)
Skipping /home/altsai/eden/LOT20211222_2MASS_J04351612-1606574_mod/2MASS_J04351612-1606574-20211222@114810-Eden.fts -> s3://eden-data/RAW/LOT/2MASS_J04351612-1606574/2021-12-22/2MASS_J04351612-1606574-20211222@114810-Eden.fits (file already exists) (33/296)
Skipping /home/altsai/eden/LOT20211222_2MASS_J04351612-1606574_mod/2MASS_J04351612-1606574-20211222@114926-Eden.fts -> s3://eden-data/RAW/LOT/2MASS_J04351612-1606574/2021-12-22/2MASS_J04351612-1606574-20211222@114926-Eden.fits (file already exists) (34/296)
Skipping /home/altsai/eden/LOT20211222_2MASS_J04351612-1606574_mod/2MASS_J04351612-1606574-20211222@115041-Eden.fts -> s3://eden-data/RAW/LOT/2MASS_J04351612-1606574/2021-12-22/2MASS_J04351612-1606574-20211222@115041-Eden.fits (file already exists) (35/296)
Skipping /home/altsai/eden/LOT20211222_2MASS_J04351612-1606574_mod/2MASS_J04351612-1606574-20211222@115157-Eden.fts -> s3://eden-data/RAW/LOT/2MASS_J04351612-1606574/2021-12-22/2MASS_J04351612-1606574-20211222@115157-Eden.fits (file already exists) (36/296)
Skipping /home/altsai/eden/LOT20211222_2MASS_J04351612-1606574_mod/2MASS_J04351612-1606574-20211222@115312-Eden.fts -> s3://eden-data/RAW/LOT/2MASS_J04351612-1606574/2021-12-22/2MASS_J04351612-1606574-20211222@115312-Eden.fits (file already exists) (37/296)
Skipping /home/altsai/eden/LOT20211222_2MASS_J04351612-1606574_mod/2MASS_J04351612-1606574-20211222@115428-Eden.fts -> s3://eden-data/RAW/LOT/2MASS_J04351612-1606574/2021-12-22/2MASS_J04351612-1606574-20211222@115428-Eden.fits (file already exists) (38/296)
Skipping /home/altsai/eden/LOT20211222_2MASS_J04351612-1606574_mod/2MASS_J04351612-1606574-20211222@115544-Eden.fts -> s3://eden-data/RAW/LOT/2MASS_J04351612-1606574/2021-12-22/2MASS_J04351612-1606574-20211222@115544-Eden.fits (file already exists) (39/296)
Skipping /home/altsai/eden/LOT20211222_2MASS_J04351612-1606574_mod/2MASS_J04351612-1606574-20211222@115700-Eden.fts -> s3://eden-data/RAW/LOT/2MASS_J04351612-1606574/2021-12-22/2MASS_J04351612-1606574-20211222@115700-Eden.fits (file already exists) (40/296)
Skipping /home/altsai/eden/LOT20211222_2MASS_J04351612-1606574_mod/2MASS_J04351612-1606574-20211222@115816-Eden.fts -> s3://eden-data/RAW/LOT/2MASS_J04351612-1606574/2021-12-22/2MASS_J04351612-1606574-20211222@115816-Eden.fits (file already exists) (41/296)
Skipping /home/altsai/eden/LOT20211222_2MASS_J04351612-1606574_mod/2MASS_J04351612-1606574-20211222@115931-Eden.fts -> s3://eden-data/RAW/LOT/2MASS_J04351612-1606574/2021-12-22/2MASS_J04351612-1606574-20211222@115931-Eden.fits (file already exists) (42/296)
Skipping /home/altsai/eden/LOT20211222_2MASS_J04351612-1606574_mod/2MASS_J04351612-1606574-20211222@120047-Eden.fts -> s3://eden-data/RAW/LOT/2MASS_J04351612-1606574/2021-12-22/2MASS_J04351612-1606574-20211222@120047-Eden.fits (file already exists) (43/296)
Skipping /home/altsai/eden/LOT20211222_2MASS_J04351612-1606574_mod/2MASS_J04351612-1606574-20211222@120203-Eden.fts -> s3://eden-data/RAW/LOT/2MASS_J04351612-1606574/2021-12-22/2MASS_J04351612-1606574-20211222@120203-Eden.fits (file already exists) (44/296)
Skipping /home/altsai/eden/LOT20211222_2MASS_J04351612-1606574_mod/2MASS_J04351612-1606574-20211222@120320-Eden.fts -> s3://eden-data/RAW/LOT/2MASS_J04351612-1606574/2021-12-22/2MASS_J04351612-1606574-20211222@120320-Eden.fits (file already exists) (45/296)
Skipping /home/altsai/eden/LOT20211222_2MASS_J04351612-1606574_mod/2MASS_J04351612-1606574-20211222@120436-Eden.fts -> s3://eden-data/RAW/LOT/2MASS_J04351612-1606574/2021-12-22/2MASS_J04351612-1606574-20211222@120436-Eden.fits (file already exists) (46/296)
Skipping /home/altsai/eden/LOT20211222_2MASS_J04351612-1606574_mod/2MASS_J04351612-1606574-20211222@120552-Eden.fts -> s3://eden-data/RAW/LOT/2MASS_J04351612-1606574/2021-12-22/2MASS_J04351612-1606574-20211222@120552-Eden.fits (file already exists) (47/296)
Skipping /home/altsai/eden/LOT20211222_2MASS_J04351612-1606574_mod/2MASS_J04351612-1606574-20211222@120708-Eden.fts -> s3://eden-data/RAW/LOT/2MASS_J04351612-1606574/2021-12-22/2MASS_J04351612-1606574-20211222@120708-Eden.fits (file already exists) (48/296)
Skipping /home/altsai/eden/LOT20211222_2MASS_J04351612-1606574_mod/2MASS_J04351612-1606574-20211222@120824-Eden.fts -> s3://eden-data/RAW/LOT/2MASS_J04351612-1606574/2021-12-22/2MASS_J04351612-1606574-20211222@120824-Eden.fits (file already exists) (49/296)
Skipping /home/altsai/eden/LOT20211222_2MASS_J04351612-1606574_mod/2MASS_J04351612-1606574-20211222@120939-Eden.fts -> s3://eden-data/RAW/LOT/2MASS_J04351612-1606574/2021-12-22/2MASS_J04351612-1606574-20211222@120939-Eden.fits (file already exists) (50/296)
Skipping /home/altsai/eden/LOT20211222_2MASS_J04351612-1606574_mod/2MASS_J04351612-1606574-20211222@121056-Eden.fts -> s3://eden-data/RAW/LOT/2MASS_J04351612-1606574/2021-12-22/2MASS_J04351612-1606574-20211222@121056-Eden.fits (file already exists) (51/296)
Skipping /home/altsai/eden/LOT20211222_2MASS_J04351612-1606574_mod/2MASS_J04351612-1606574-20211222@121211-Eden.fts -> s3://eden-data/RAW/LOT/2MASS_J04351612-1606574/2021-12-22/2MASS_J04351612-1606574-20211222@121211-Eden.fits (file already exists) (52/296)
Skipping /home/altsai/eden/LOT20211222_2MASS_J04351612-1606574_mod/2MASS_J04351612-1606574-20211222@121327-Eden.fts -> s3://eden-data/RAW/LOT/2MASS_J04351612-1606574/2021-12-22/2MASS_J04351612-1606574-20211222@121327-Eden.fits (file already exists) (53/296)
Skipping /home/altsai/eden/LOT20211222_2MASS_J04351612-1606574_mod/2MASS_J04351612-1606574-20211222@121443-Eden.fts -> s3://eden-data/RAW/LOT/2MASS_J04351612-1606574/2021-12-22/2MASS_J04351612-1606574-20211222@121443-Eden.fits (file already exists) (54/296)
Skipping /home/altsai/eden/LOT20211222_2MASS_J04351612-1606574_mod/2MASS_J04351612-1606574-20211222@121559-Eden.fts -> s3://eden-data/RAW/LOT/2MASS_J04351612-1606574/2021-12-22/2MASS_J04351612-1606574-20211222@121559-Eden.fits (file already exists) (55/296)
Skipping /home/altsai/eden/LOT20211222_2MASS_J04351612-1606574_mod/2MASS_J04351612-1606574-20211222@121715-Eden.fts -> s3://eden-data/RAW/LOT/2MASS_J04351612-1606574/2021-12-22/2MASS_J04351612-1606574-20211222@121715-Eden.fits (file already exists) (56/296)
Skipping /home/altsai/eden/LOT20211222_2MASS_J04351612-1606574_mod/2MASS_J04351612-1606574-20211222@121832-Eden.fts -> s3://eden-data/RAW/LOT/2MASS_J04351612-1606574/2021-12-22/2MASS_J04351612-1606574-20211222@121832-Eden.fits (file already exists) (57/296)
Skipping /home/altsai/eden/LOT20211222_2MASS_J04351612-1606574_mod/2MASS_J04351612-1606574-20211222@121947-Eden.fts -> s3://eden-data/RAW/LOT/2MASS_J04351612-1606574/2021-12-22/2MASS_J04351612-1606574-20211222@121947-Eden.fits (file already exists) (58/296)
Skipping /home/altsai/eden/LOT20211222_2MASS_J04351612-1606574_mod/2MASS_J04351612-1606574-20211222@122104-Eden.fts -> s3://eden-data/RAW/LOT/2MASS_J04351612-1606574/2021-12-22/2MASS_J04351612-1606574-20211222@122104-Eden.fits (file already exists) (59/296)
Skipping /home/altsai/eden/LOT20211222_2MASS_J04351612-1606574_mod/2MASS_J04351612-1606574-20211222@122219-Eden.fts -> s3://eden-data/RAW/LOT/2MASS_J04351612-1606574/2021-12-22/2MASS_J04351612-1606574-20211222@122219-Eden.fits (file already exists) (60/296)
Skipping /home/altsai/eden/LOT20211222_2MASS_J04351612-1606574_mod/2MASS_J04351612-1606574-20211222@122335-Eden.fts -> s3://eden-data/RAW/LOT/2MASS_J04351612-1606574/2021-12-22/2MASS_J04351612-1606574-20211222@122335-Eden.fits (file already exists) (61/296)
Skipping /home/altsai/eden/LOT20211222_2MASS_J04351612-1606574_mod/2MASS_J04351612-1606574-20211222@122451-Eden.fts -> s3://eden-data/RAW/LOT/2MASS_J04351612-1606574/2021-12-22/2MASS_J04351612-1606574-20211222@122451-Eden.fits (file already exists) (62/296)
Skipping /home/altsai/eden/LOT20211222_2MASS_J04351612-1606574_mod/2MASS_J04351612-1606574-20211222@122608-Eden.fts -> s3://eden-data/RAW/LOT/2MASS_J04351612-1606574/2021-12-22/2MASS_J04351612-1606574-20211222@122608-Eden.fits (file already exists) (63/296)
Skipping /home/altsai/eden/LOT20211222_2MASS_J04351612-1606574_mod/2MASS_J04351612-1606574-20211222@122724-Eden.fts -> s3://eden-data/RAW/LOT/2MASS_J04351612-1606574/2021-12-22/2MASS_J04351612-1606574-20211222@122724-Eden.fits (file already exists) (64/296)
Skipping /home/altsai/eden/LOT20211222_2MASS_J04351612-1606574_mod/2MASS_J04351612-1606574-20211222@122839-Eden.fts -> s3://eden-data/RAW/LOT/2MASS_J04351612-1606574/2021-12-22/2MASS_J04351612-1606574-20211222@122839-Eden.fits (file already exists) (65/296)
Skipping /home/altsai/eden/LOT20211222_2MASS_J04351612-1606574_mod/2MASS_J04351612-1606574-20211222@122955-Eden.fts -> s3://eden-data/RAW/LOT/2MASS_J04351612-1606574/2021-12-22/2MASS_J04351612-1606574-20211222@122955-Eden.fits (file already exists) (66/296)
Skipping /home/altsai/eden/LOT20211222_2MASS_J04351612-1606574_mod/2MASS_J04351612-1606574-20211222@123111-Eden.fts -> s3://eden-data/RAW/LOT/2MASS_J04351612-1606574/2021-12-22/2MASS_J04351612-1606574-20211222@123111-Eden.fits (file already exists) (67/296)
Skipping /home/altsai/eden/LOT20211222_2MASS_J04351612-1606574_mod/2MASS_J04351612-1606574-20211222@123227-Eden.fts -> s3://eden-data/RAW/LOT/2MASS_J04351612-1606574/2021-12-22/2MASS_J04351612-1606574-20211222@123227-Eden.fits (file already exists) (68/296)
Skipping /home/altsai/eden/LOT20211222_2MASS_J04351612-1606574_mod/2MASS_J04351612-1606574-20211222@123343-Eden.fts -> s3://eden-data/RAW/LOT/2MASS_J04351612-1606574/2021-12-22/2MASS_J04351612-1606574-20211222@123343-Eden.fits (file already exists) (69/296)
Skipping /home/altsai/eden/LOT20211222_2MASS_J04351612-1606574_mod/2MASS_J04351612-1606574-20211222@123458-Eden.fts -> s3://eden-data/RAW/LOT/2MASS_J04351612-1606574/2021-12-22/2MASS_J04351612-1606574-20211222@123458-Eden.fits (file already exists) (70/296)
Skipping /home/altsai/eden/LOT20211222_2MASS_J04351612-1606574_mod/2MASS_J04351612-1606574-20211222@123613-Eden.fts -> s3://eden-data/RAW/LOT/2MASS_J04351612-1606574/2021-12-22/2MASS_J04351612-1606574-20211222@123613-Eden.fits (file already exists) (71/296)
Skipping /home/altsai/eden/LOT20211222_2MASS_J04351612-1606574_mod/2MASS_J04351612-1606574-20211222@123730-Eden.fts -> s3://eden-data/RAW/LOT/2MASS_J04351612-1606574/2021-12-22/2MASS_J04351612-1606574-20211222@123730-Eden.fits (file already exists) (72/296)
Skipping /home/altsai/eden/LOT20211222_2MASS_J04351612-1606574_mod/2MASS_J04351612-1606574-20211222@123846-Eden.fts -> s3://eden-data/RAW/LOT/2MASS_J04351612-1606574/2021-12-22/2MASS_J04351612-1606574-20211222@123846-Eden.fits (file already exists) (73/296)
Skipping /home/altsai/eden/LOT20211222_2MASS_J04351612-1606574_mod/2MASS_J04351612-1606574-20211222@124003-Eden.fts -> s3://eden-data/RAW/LOT/2MASS_J04351612-1606574/2021-12-22/2MASS_J04351612-1606574-20211222@124003-Eden.fits (file already exists) (74/296)
Skipping /home/altsai/eden/LOT20211222_2MASS_J04351612-1606574_mod/2MASS_J04351612-1606574-20211222@124118-Eden.fts -> s3://eden-data/RAW/LOT/2MASS_J04351612-1606574/2021-12-22/2MASS_J04351612-1606574-20211222@124118-Eden.fits (file already exists) (75/296)
Skipping /home/altsai/eden/LOT20211222_2MASS_J04351612-1606574_mod/2MASS_J04351612-1606574-20211222@124234-Eden.fts -> s3://eden-data/RAW/LOT/2MASS_J04351612-1606574/2021-12-22/2MASS_J04351612-1606574-20211222@124234-Eden.fits (file already exists) (76/296)
Skipping /home/altsai/eden/LOT20211222_2MASS_J04351612-1606574_mod/2MASS_J04351612-1606574-20211222@124351-Eden.fts -> s3://eden-data/RAW/LOT/2MASS_J04351612-1606574/2021-12-22/2MASS_J04351612-1606574-20211222@124351-Eden.fits (file already exists) (77/296)
Skipping /home/altsai/eden/LOT20211222_2MASS_J04351612-1606574_mod/2MASS_J04351612-1606574-20211222@124506-Eden.fts -> s3://eden-data/RAW/LOT/2MASS_J04351612-1606574/2021-12-22/2MASS_J04351612-1606574-20211222@124506-Eden.fits (file already exists) (78/296)
Skipping /home/altsai/eden/LOT20211222_2MASS_J04351612-1606574_mod/2MASS_J04351612-1606574-20211222@124623-Eden.fts -> s3://eden-data/RAW/LOT/2MASS_J04351612-1606574/2021-12-22/2MASS_J04351612-1606574-20211222@124623-Eden.fits (file already exists) (79/296)
Skipping /home/altsai/eden/LOT20211222_2MASS_J04351612-1606574_mod/2MASS_J04351612-1606574-20211222@124738-Eden.fts -> s3://eden-data/RAW/LOT/2MASS_J04351612-1606574/2021-12-22/2MASS_J04351612-1606574-20211222@124738-Eden.fits (file already exists) (80/296)
Skipping /home/altsai/eden/LOT20211222_2MASS_J04351612-1606574_mod/2MASS_J04351612-1606574-20211222@124855-Eden.fts -> s3://eden-data/RAW/LOT/2MASS_J04351612-1606574/2021-12-22/2MASS_J04351612-1606574-20211222@124855-Eden.fits (file already exists) (81/296)
Skipping /home/altsai/eden/LOT20211222_2MASS_J04351612-1606574_mod/2MASS_J04351612-1606574-20211222@125010-Eden.fts -> s3://eden-data/RAW/LOT/2MASS_J04351612-1606574/2021-12-22/2MASS_J04351612-1606574-20211222@125010-Eden.fits (file already exists) (82/296)
Skipping /home/altsai/eden/LOT20211222_2MASS_J04351612-1606574_mod/2MASS_J04351612-1606574-20211222@125126-Eden.fts -> s3://eden-data/RAW/LOT/2MASS_J04351612-1606574/2021-12-22/2MASS_J04351612-1606574-20211222@125126-Eden.fits (file already exists) (83/296)
Skipping /home/altsai/eden/LOT20211222_2MASS_J04351612-1606574_mod/2MASS_J04351612-1606574-20211222@125241-Eden.fts -> s3://eden-data/RAW/LOT/2MASS_J04351612-1606574/2021-12-22/2MASS_J04351612-1606574-20211222@125241-Eden.fits (file already exists) (84/296)
Skipping /home/altsai/eden/LOT20211222_2MASS_J04351612-1606574_mod/2MASS_J04351612-1606574-20211222@125356-Eden.fts -> s3://eden-data/RAW/LOT/2MASS_J04351612-1606574/2021-12-22/2MASS_J04351612-1606574-20211222@125356-Eden.fits (file already exists) (85/296)
Skipping /home/altsai/eden/LOT20211222_2MASS_J04351612-1606574_mod/2MASS_J04351612-1606574-20211222@125512-Eden.fts -> s3://eden-data/RAW/LOT/2MASS_J04351612-1606574/2021-12-22/2MASS_J04351612-1606574-20211222@125512-Eden.fits (file already exists) (86/296)
Skipping /home/altsai/eden/LOT20211222_2MASS_J04351612-1606574_mod/2MASS_J04351612-1606574-20211222@125629-Eden.fts -> s3://eden-data/RAW/LOT/2MASS_J04351612-1606574/2021-12-22/2MASS_J04351612-1606574-20211222@125629-Eden.fits (file already exists) (87/296)
Skipping /home/altsai/eden/LOT20211222_2MASS_J04351612-1606574_mod/2MASS_J04351612-1606574-20211222@125744-Eden.fts -> s3://eden-data/RAW/LOT/2MASS_J04351612-1606574/2021-12-22/2MASS_J04351612-1606574-20211222@125744-Eden.fits (file already exists) (88/296)
Skipping /home/altsai/eden/LOT20211222_2MASS_J04351612-1606574_mod/2MASS_J04351612-1606574-20211222@125900-Eden.fts -> s3://eden-data/RAW/LOT/2MASS_J04351612-1606574/2021-12-22/2MASS_J04351612-1606574-20211222@125900-Eden.fits (file already exists) (89/296)
Skipping /home/altsai/eden/LOT20211222_2MASS_J04351612-1606574_mod/2MASS_J04351612-1606574-20211222@130016-Eden.fts -> s3://eden-data/RAW/LOT/2MASS_J04351612-1606574/2021-12-22/2MASS_J04351612-1606574-20211222@130016-Eden.fits (file already exists) (90/296)
Skipping /home/altsai/eden/LOT20211222_2MASS_J04351612-1606574_mod/2MASS_J04351612-1606574-20211222@130133-Eden.fts -> s3://eden-data/RAW/LOT/2MASS_J04351612-1606574/2021-12-22/2MASS_J04351612-1606574-20211222@130133-Eden.fits (file already exists) (91/296)
Skipping /home/altsai/eden/LOT20211222_2MASS_J04351612-1606574_mod/2MASS_J04351612-1606574-20211222@130249-Eden.fts -> s3://eden-data/RAW/LOT/2MASS_J04351612-1606574/2021-12-22/2MASS_J04351612-1606574-20211222@130249-Eden.fits (file already exists) (92/296)
Skipping /home/altsai/eden/LOT20211222_2MASS_J04351612-1606574_mod/2MASS_J04351612-1606574-20211222@130403-Eden.fts -> s3://eden-data/RAW/LOT/2MASS_J04351612-1606574/2021-12-22/2MASS_J04351612-1606574-20211222@130403-Eden.fits (file already exists) (93/296)
Skipping /home/altsai/eden/LOT20211222_2MASS_J04351612-1606574_mod/2MASS_J04351612-1606574-20211222@130519-Eden.fts -> s3://eden-data/RAW/LOT/2MASS_J04351612-1606574/2021-12-22/2MASS_J04351612-1606574-20211222@130519-Eden.fits (file already exists) (94/296)
Skipping /home/altsai/eden/LOT20211222_2MASS_J04351612-1606574_mod/2MASS_J04351612-1606574-20211222@130635-Eden.fts -> s3://eden-data/RAW/LOT/2MASS_J04351612-1606574/2021-12-22/2MASS_J04351612-1606574-20211222@130635-Eden.fits (file already exists) (95/296)
Skipping /home/altsai/eden/LOT20211222_2MASS_J04351612-1606574_mod/2MASS_J04351612-1606574-20211222@130751-Eden.fts -> s3://eden-data/RAW/LOT/2MASS_J04351612-1606574/2021-12-22/2MASS_J04351612-1606574-20211222@130751-Eden.fits (file already exists) (96/296)
Skipping /home/altsai/eden/LOT20211222_2MASS_J04351612-1606574_mod/2MASS_J04351612-1606574-20211222@130906-Eden.fts -> s3://eden-data/RAW/LOT/2MASS_J04351612-1606574/2021-12-22/2MASS_J04351612-1606574-20211222@130906-Eden.fits (file already exists) (97/296)
Skipping /home/altsai/eden/LOT20211222_2MASS_J04351612-1606574_mod/2MASS_J04351612-1606574-20211222@131023-Eden.fts -> s3://eden-data/RAW/LOT/2MASS_J04351612-1606574/2021-12-22/2MASS_J04351612-1606574-20211222@131023-Eden.fits (file already exists) (98/296)
Skipping /home/altsai/eden/LOT20211222_2MASS_J04351612-1606574_mod/2MASS_J04351612-1606574-20211222@131139-Eden.fts -> s3://eden-data/RAW/LOT/2MASS_J04351612-1606574/2021-12-22/2MASS_J04351612-1606574-20211222@131139-Eden.fits (file already exists) (99/296)
Skipping /home/altsai/eden/LOT20211222_2MASS_J04351612-1606574_mod/2MASS_J04351612-1606574-20211222@131255-Eden.fts -> s3://eden-data/RAW/LOT/2MASS_J04351612-1606574/2021-12-22/2MASS_J04351612-1606574-20211222@131255-Eden.fits (file already exists) (100/296)
Skipping /home/altsai/eden/LOT20211222_2MASS_J04351612-1606574_mod/2MASS_J04351612-1606574-20211222@131412-Eden.fts -> s3://eden-data/RAW/LOT/2MASS_J04351612-1606574/2021-12-22/2MASS_J04351612-1606574-20211222@131412-Eden.fits (file already exists) (101/296)
Skipping /home/altsai/eden/LOT20211222_2MASS_J04351612-1606574_mod/2MASS_J04351612-1606574-20211222@131528-Eden.fts -> s3://eden-data/RAW/LOT/2MASS_J04351612-1606574/2021-12-22/2MASS_J04351612-1606574-20211222@131528-Eden.fits (file already exists) (102/296)
Skipping /home/altsai/eden/LOT20211222_2MASS_J04351612-1606574_mod/2MASS_J04351612-1606574-20211222@131644-Eden.fts -> s3://eden-data/RAW/LOT/2MASS_J04351612-1606574/2021-12-22/2MASS_J04351612-1606574-20211222@131644-Eden.fits (file already exists) (103/296)
Skipping /home/altsai/eden/LOT20211222_2MASS_J04351612-1606574_mod/2MASS_J04351612-1606574-20211222@131800-Eden.fts -> s3://eden-data/RAW/LOT/2MASS_J04351612-1606574/2021-12-22/2MASS_J04351612-1606574-20211222@131800-Eden.fits (file already exists) (104/296)
Skipping /home/altsai/eden/LOT20211222_2MASS_J04351612-1606574_mod/2MASS_J04351612-1606574-20211222@131915-Eden.fts -> s3://eden-data/RAW/LOT/2MASS_J04351612-1606574/2021-12-22/2MASS_J04351612-1606574-20211222@131915-Eden.fits (file already exists) (105/296)
Skipping /home/altsai/eden/LOT20211222_2MASS_J04351612-1606574_mod/2MASS_J04351612-1606574-20211222@132031-Eden.fts -> s3://eden-data/RAW/LOT/2MASS_J04351612-1606574/2021-12-22/2MASS_J04351612-1606574-20211222@132031-Eden.fits (file already exists) (106/296)
Skipping /home/altsai/eden/LOT20211222_2MASS_J04351612-1606574_mod/2MASS_J04351612-1606574-20211222@132147-Eden.fts -> s3://eden-data/RAW/LOT/2MASS_J04351612-1606574/2021-12-22/2MASS_J04351612-1606574-20211222@132147-Eden.fits (file already exists) (107/296)
Skipping /home/altsai/eden/LOT20211222_2MASS_J04351612-1606574_mod/2MASS_J04351612-1606574-20211222@132302-Eden.fts -> s3://eden-data/RAW/LOT/2MASS_J04351612-1606574/2021-12-22/2MASS_J04351612-1606574-20211222@132302-Eden.fits (file already exists) (108/296)
Skipping /home/altsai/eden/LOT20211222_2MASS_J04351612-1606574_mod/2MASS_J04351612-1606574-20211222@132418-Eden.fts -> s3://eden-data/RAW/LOT/2MASS_J04351612-1606574/2021-12-22/2MASS_J04351612-1606574-20211222@132418-Eden.fits (file already exists) (109/296)
Skipping /home/altsai/eden/LOT20211222_2MASS_J04351612-1606574_mod/2MASS_J04351612-1606574-20211222@132534-Eden.fts -> s3://eden-data/RAW/LOT/2MASS_J04351612-1606574/2021-12-22/2MASS_J04351612-1606574-20211222@132534-Eden.fits (file already exists) (110/296)
Skipping /home/altsai/eden/LOT20211222_2MASS_J04351612-1606574_mod/2MASS_J04351612-1606574-20211222@132650-Eden.fts -> s3://eden-data/RAW/LOT/2MASS_J04351612-1606574/2021-12-22/2MASS_J04351612-1606574-20211222@132650-Eden.fits (file already exists) (111/296)
Skipping /home/altsai/eden/LOT20211222_2MASS_J04351612-1606574_mod/2MASS_J04351612-1606574-20211222@132807-Eden.fts -> s3://eden-data/RAW/LOT/2MASS_J04351612-1606574/2021-12-22/2MASS_J04351612-1606574-20211222@132807-Eden.fits (file already exists) (112/296)
Skipping /home/altsai/eden/LOT20211222_2MASS_J04351612-1606574_mod/2MASS_J04351612-1606574-20211222@132923-Eden.fts -> s3://eden-data/RAW/LOT/2MASS_J04351612-1606574/2021-12-22/2MASS_J04351612-1606574-20211222@132923-Eden.fits (file already exists) (113/296)
Skipping /home/altsai/eden/LOT20211222_2MASS_J04351612-1606574_mod/2MASS_J04351612-1606574-20211222@133038-Eden.fts -> s3://eden-data/RAW/LOT/2MASS_J04351612-1606574/2021-12-22/2MASS_J04351612-1606574-20211222@133038-Eden.fits (file already exists) (114/296)
Skipping /home/altsai/eden/LOT20211222_2MASS_J04351612-1606574_mod/2MASS_J04351612-1606574-20211222@133154-Eden.fts -> s3://eden-data/RAW/LOT/2MASS_J04351612-1606574/2021-12-22/2MASS_J04351612-1606574-20211222@133154-Eden.fits (file already exists) (115/296)
Skipping /home/altsai/eden/LOT20211222_2MASS_J04351612-1606574_mod/2MASS_J04351612-1606574-20211222@133310-Eden.fts -> s3://eden-data/RAW/LOT/2MASS_J04351612-1606574/2021-12-22/2MASS_J04351612-1606574-20211222@133310-Eden.fits (file already exists) (116/296)
Skipping /home/altsai/eden/LOT20211222_2MASS_J04351612-1606574_mod/2MASS_J04351612-1606574-20211222@133426-Eden.fts -> s3://eden-data/RAW/LOT/2MASS_J04351612-1606574/2021-12-22/2MASS_J04351612-1606574-20211222@133426-Eden.fits (file already exists) (117/296)
Skipping /home/altsai/eden/LOT20211222_2MASS_J04351612-1606574_mod/2MASS_J04351612-1606574-20211222@133541-Eden.fts -> s3://eden-data/RAW/LOT/2MASS_J04351612-1606574/2021-12-22/2MASS_J04351612-1606574-20211222@133541-Eden.fits (file already exists) (118/296)
Skipping /home/altsai/eden/LOT20211222_2MASS_J04351612-1606574_mod/2MASS_J04351612-1606574-20211222@133658-Eden.fts -> s3://eden-data/RAW/LOT/2MASS_J04351612-1606574/2021-12-22/2MASS_J04351612-1606574-20211222@133658-Eden.fits (file already exists) (119/296)
Skipping /home/altsai/eden/LOT20211222_2MASS_J04351612-1606574_mod/2MASS_J04351612-1606574-20211222@133813-Eden.fts -> s3://eden-data/RAW/LOT/2MASS_J04351612-1606574/2021-12-22/2MASS_J04351612-1606574-20211222@133813-Eden.fits (file already exists) (120/296)
Skipping /home/altsai/eden/LOT20211222_2MASS_J04351612-1606574_mod/2MASS_J04351612-1606574-20211222@133928-Eden.fts -> s3://eden-data/RAW/LOT/2MASS_J04351612-1606574/2021-12-22/2MASS_J04351612-1606574-20211222@133928-Eden.fits (file already exists) (121/296)
Skipping /home/altsai/eden/LOT20211222_2MASS_J04351612-1606574_mod/2MASS_J04351612-1606574-20211222@134044-Eden.fts -> s3://eden-data/RAW/LOT/2MASS_J04351612-1606574/2021-12-22/2MASS_J04351612-1606574-20211222@134044-Eden.fits (file already exists) (122/296)
Skipping /home/altsai/eden/LOT20211222_2MASS_J04351612-1606574_mod/2MASS_J04351612-1606574-20211222@134201-Eden.fts -> s3://eden-data/RAW/LOT/2MASS_J04351612-1606574/2021-12-22/2MASS_J04351612-1606574-20211222@134201-Eden.fits (file already exists) (123/296)
Skipping /home/altsai/eden/LOT20211222_2MASS_J04351612-1606574_mod/2MASS_J04351612-1606574-20211222@134317-Eden.fts -> s3://eden-data/RAW/LOT/2MASS_J04351612-1606574/2021-12-22/2MASS_J04351612-1606574-20211222@134317-Eden.fits (file already exists) (124/296)
Skipping /home/altsai/eden/LOT20211222_2MASS_J04351612-1606574_mod/2MASS_J04351612-1606574-20211222@134433-Eden.fts -> s3://eden-data/RAW/LOT/2MASS_J04351612-1606574/2021-12-22/2MASS_J04351612-1606574-20211222@134433-Eden.fits (file already exists) (125/296)
Skipping /home/altsai/eden/LOT20211222_2MASS_J04351612-1606574_mod/2MASS_J04351612-1606574-20211222@134548-Eden.fts -> s3://eden-data/RAW/LOT/2MASS_J04351612-1606574/2021-12-22/2MASS_J04351612-1606574-20211222@134548-Eden.fits (file already exists) (126/296)
Skipping /home/altsai/eden/LOT20211222_2MASS_J04351612-1606574_mod/2MASS_J04351612-1606574-20211222@134704-Eden.fts -> s3://eden-data/RAW/LOT/2MASS_J04351612-1606574/2021-12-22/2MASS_J04351612-1606574-20211222@134704-Eden.fits (file already exists) (127/296)
Skipping /home/altsai/eden/LOT20211222_2MASS_J04351612-1606574_mod/2MASS_J04351612-1606574-20211222@134819-Eden.fts -> s3://eden-data/RAW/LOT/2MASS_J04351612-1606574/2021-12-22/2MASS_J04351612-1606574-20211222@134819-Eden.fits (file already exists) (128/296)
Skipping /home/altsai/eden/LOT20211222_2MASS_J04351612-1606574_mod/2MASS_J04351612-1606574-20211222@134935-Eden.fts -> s3://eden-data/RAW/LOT/2MASS_J04351612-1606574/2021-12-22/2MASS_J04351612-1606574-20211222@134935-Eden.fits (file already exists) (129/296)
Skipping /home/altsai/eden/LOT20211222_2MASS_J04351612-1606574_mod/2MASS_J04351612-1606574-20211222@135052-Eden.fts -> s3://eden-data/RAW/LOT/2MASS_J04351612-1606574/2021-12-22/2MASS_J04351612-1606574-20211222@135052-Eden.fits (file already exists) (130/296)
Skipping /home/altsai/eden/LOT20211222_2MASS_J04351612-1606574_mod/2MASS_J04351612-1606574-20211222@135207-Eden.fts -> s3://eden-data/RAW/LOT/2MASS_J04351612-1606574/2021-12-22/2MASS_J04351612-1606574-20211222@135207-Eden.fits (file already exists) (131/296)
Skipping /home/altsai/eden/LOT20211222_2MASS_J04351612-1606574_mod/2MASS_J04351612-1606574-20211222@135323-Eden.fts -> s3://eden-data/RAW/LOT/2MASS_J04351612-1606574/2021-12-22/2MASS_J04351612-1606574-20211222@135323-Eden.fits (file already exists) (132/296)
Skipping /home/altsai/eden/LOT20211222_2MASS_J04351612-1606574_mod/2MASS_J04351612-1606574-20211222@135439-Eden.fts -> s3://eden-data/RAW/LOT/2MASS_J04351612-1606574/2021-12-22/2MASS_J04351612-1606574-20211222@135439-Eden.fits (file already exists) (133/296)
Skipping /home/altsai/eden/LOT20211222_2MASS_J04351612-1606574_mod/2MASS_J04351612-1606574-20211222@135556-Eden.fts -> s3://eden-data/RAW/LOT/2MASS_J04351612-1606574/2021-12-22/2MASS_J04351612-1606574-20211222@135556-Eden.fits (file already exists) (134/296)
Skipping /home/altsai/eden/LOT20211222_2MASS_J04351612-1606574_mod/2MASS_J04351612-1606574-20211222@135711-Eden.fts -> s3://eden-data/RAW/LOT/2MASS_J04351612-1606574/2021-12-22/2MASS_J04351612-1606574-20211222@135711-Eden.fits (file already exists) (135/296)
Skipping /home/altsai/eden/LOT20211222_2MASS_J04351612-1606574_mod/2MASS_J04351612-1606574-20211222@135827-Eden.fts -> s3://eden-data/RAW/LOT/2MASS_J04351612-1606574/2021-12-22/2MASS_J04351612-1606574-20211222@135827-Eden.fits (file already exists) (136/296)
Skipping /home/altsai/eden/LOT20211222_2MASS_J04351612-1606574_mod/2MASS_J04351612-1606574-20211222@135943-Eden.fts -> s3://eden-data/RAW/LOT/2MASS_J04351612-1606574/2021-12-22/2MASS_J04351612-1606574-20211222@135943-Eden.fits (file already exists) (137/296)
Skipping /home/altsai/eden/LOT20211222_2MASS_J04351612-1606574_mod/2MASS_J04351612-1606574-20211222@140059-Eden.fts -> s3://eden-data/RAW/LOT/2MASS_J04351612-1606574/2021-12-22/2MASS_J04351612-1606574-20211222@140059-Eden.fits (file already exists) (138/296)
Skipping /home/altsai/eden/LOT20211222_2MASS_J04351612-1606574_mod/2MASS_J04351612-1606574-20211222@140215-Eden.fts -> s3://eden-data/RAW/LOT/2MASS_J04351612-1606574/2021-12-22/2MASS_J04351612-1606574-20211222@140215-Eden.fits (file already exists) (139/296)
Skipping /home/altsai/eden/LOT20211222_2MASS_J04351612-1606574_mod/2MASS_J04351612-1606574-20211222@140331-Eden.fts -> s3://eden-data/RAW/LOT/2MASS_J04351612-1606574/2021-12-22/2MASS_J04351612-1606574-20211222@140331-Eden.fits (file already exists) (140/296)
Skipping /home/altsai/eden/LOT20211222_2MASS_J04351612-1606574_mod/2MASS_J04351612-1606574-20211222@140447-Eden.fts -> s3://eden-data/RAW/LOT/2MASS_J04351612-1606574/2021-12-22/2MASS_J04351612-1606574-20211222@140447-Eden.fits (file already exists) (141/296)
Skipping /home/altsai/eden/LOT20211222_2MASS_J04351612-1606574_mod/2MASS_J04351612-1606574-20211222@140602-Eden.fts -> s3://eden-data/RAW/LOT/2MASS_J04351612-1606574/2021-12-22/2MASS_J04351612-1606574-20211222@140602-Eden.fits (file already exists) (142/296)
Skipping /home/altsai/eden/LOT20211222_2MASS_J04351612-1606574_mod/2MASS_J04351612-1606574-20211222@140718-Eden.fts -> s3://eden-data/RAW/LOT/2MASS_J04351612-1606574/2021-12-22/2MASS_J04351612-1606574-20211222@140718-Eden.fits (file already exists) (143/296)
Skipping /home/altsai/eden/LOT20211222_2MASS_J04351612-1606574_mod/2MASS_J04351612-1606574-20211222@140939-Eden.fts -> s3://eden-data/RAW/LOT/2MASS_J04351612-1606574/2021-12-22/2MASS_J04351612-1606574-20211222@140939-Eden.fits (file already exists) (144/296)
Skipping /home/altsai/eden/LOT20211222_2MASS_J04351612-1606574_mod/2MASS_J04351612-1606574-20211222@141024-Eden.fts -> s3://eden-data/RAW/LOT/2MASS_J04351612-1606574/2021-12-22/2MASS_J04351612-1606574-20211222@141024-Eden.fits (file already exists) (145/296)
Skipping /home/altsai/eden/LOT20211222_2MASS_J04351612-1606574_mod/2MASS_J04351612-1606574-20211222@141110-Eden.fts -> s3://eden-data/RAW/LOT/2MASS_J04351612-1606574/2021-12-22/2MASS_J04351612-1606574-20211222@141110-Eden.fits (file already exists) (146/296)
Skipping /home/altsai/eden/LOT20211222_2MASS_J04351612-1606574_mod/2MASS_J04351612-1606574-20211222@141157-Eden.fts -> s3://eden-data/RAW/LOT/2MASS_J04351612-1606574/2021-12-22/2MASS_J04351612-1606574-20211222@141157-Eden.fits (file already exists) (147/296)
Skipping /home/altsai/eden/LOT20211222_2MASS_J04351612-1606574_mod/2MASS_J04351612-1606574-20211222@141243-Eden.fts -> s3://eden-data/RAW/LOT/2MASS_J04351612-1606574/2021-12-22/2MASS_J04351612-1606574-20211222@141243-Eden.fits (file already exists) (148/296)
Skipping /home/altsai/eden/LOT20211222_2MASS_J04351612-1606574_mod/2MASS_J04351612-1606574-20211222@141330-Eden.fts -> s3://eden-data/RAW/LOT/2MASS_J04351612-1606574/2021-12-22/2MASS_J04351612-1606574-20211222@141330-Eden.fits (file already exists) (149/296)
Skipping /home/altsai/eden/LOT20211222_2MASS_J04351612-1606574_mod/2MASS_J04351612-1606574-20211222@141415-Eden.fts -> s3://eden-data/RAW/LOT/2MASS_J04351612-1606574/2021-12-22/2MASS_J04351612-1606574-20211222@141415-Eden.fits (file already exists) (150/296)
Skipping /home/altsai/eden/LOT20211222_2MASS_J04351612-1606574_mod/2MASS_J04351612-1606574-20211222@141501-Eden.fts -> s3://eden-data/RAW/LOT/2MASS_J04351612-1606574/2021-12-22/2MASS_J04351612-1606574-20211222@141501-Eden.fits (file already exists) (151/296)
Skipping /home/altsai/eden/LOT20211222_2MASS_J04351612-1606574_mod/2MASS_J04351612-1606574-20211222@141547-Eden.fts -> s3://eden-data/RAW/LOT/2MASS_J04351612-1606574/2021-12-22/2MASS_J04351612-1606574-20211222@141547-Eden.fits (file already exists) (152/296)
Skipping /home/altsai/eden/LOT20211222_2MASS_J04351612-1606574_mod/2MASS_J04351612-1606574-20211222@141633-Eden.fts -> s3://eden-data/RAW/LOT/2MASS_J04351612-1606574/2021-12-22/2MASS_J04351612-1606574-20211222@141633-Eden.fits (file already exists) (153/296)
Skipping /home/altsai/eden/LOT20211222_2MASS_J04351612-1606574_mod/2MASS_J04351612-1606574-20211222@141719-Eden.fts -> s3://eden-data/RAW/LOT/2MASS_J04351612-1606574/2021-12-22/2MASS_J04351612-1606574-20211222@141719-Eden.fits (file already exists) (154/296)
Skipping /home/altsai/eden/LOT20211222_2MASS_J04351612-1606574_mod/2MASS_J04351612-1606574-20211222@141806-Eden.fts -> s3://eden-data/RAW/LOT/2MASS_J04351612-1606574/2021-12-22/2MASS_J04351612-1606574-20211222@141806-Eden.fits (file already exists) (155/296)
Skipping /home/altsai/eden/LOT20211222_2MASS_J04351612-1606574_mod/2MASS_J04351612-1606574-20211222@141851-Eden.fts -> s3://eden-data/RAW/LOT/2MASS_J04351612-1606574/2021-12-22/2MASS_J04351612-1606574-20211222@141851-Eden.fits (file already exists) (156/296)
Skipping /home/altsai/eden/LOT20211222_2MASS_J04351612-1606574_mod/2MASS_J04351612-1606574-20211222@141938-Eden.fts -> s3://eden-data/RAW/LOT/2MASS_J04351612-1606574/2021-12-22/2MASS_J04351612-1606574-20211222@141938-Eden.fits (file already exists) (157/296)
Skipping /home/altsai/eden/LOT20211222_2MASS_J04351612-1606574_mod/2MASS_J04351612-1606574-20211222@142024-Eden.fts -> s3://eden-data/RAW/LOT/2MASS_J04351612-1606574/2021-12-22/2MASS_J04351612-1606574-20211222@142024-Eden.fits (file already exists) (158/296)
Skipping /home/altsai/eden/LOT20211222_2MASS_J04351612-1606574_mod/2MASS_J04351612-1606574-20211222@142109-Eden.fts -> s3://eden-data/RAW/LOT/2MASS_J04351612-1606574/2021-12-22/2MASS_J04351612-1606574-20211222@142109-Eden.fits (file already exists) (159/296)
Skipping /home/altsai/eden/LOT20211222_2MASS_J04351612-1606574_mod/2MASS_J04351612-1606574-20211222@142155-Eden.fts -> s3://eden-data/RAW/LOT/2MASS_J04351612-1606574/2021-12-22/2MASS_J04351612-1606574-20211222@142155-Eden.fits (file already exists) (160/296)
Skipping /home/altsai/eden/LOT20211222_2MASS_J04351612-1606574_mod/2MASS_J04351612-1606574-20211222@142241-Eden.fts -> s3://eden-data/RAW/LOT/2MASS_J04351612-1606574/2021-12-22/2MASS_J04351612-1606574-20211222@142241-Eden.fits (file already exists) (161/296)
Skipping /home/altsai/eden/LOT20211222_2MASS_J04351612-1606574_mod/2MASS_J04351612-1606574-20211222@142328-Eden.fts -> s3://eden-data/RAW/LOT/2MASS_J04351612-1606574/2021-12-22/2MASS_J04351612-1606574-20211222@142328-Eden.fits (file already exists) (162/296)
Skipping /home/altsai/eden/LOT20211222_2MASS_J04351612-1606574_mod/2MASS_J04351612-1606574-20211222@142414-Eden.fts -> s3://eden-data/RAW/LOT/2MASS_J04351612-1606574/2021-12-22/2MASS_J04351612-1606574-20211222@142414-Eden.fits (file already exists) (163/296)
Skipping /home/altsai/eden/LOT20211222_2MASS_J04351612-1606574_mod/2MASS_J04351612-1606574-20211222@142500-Eden.fts -> s3://eden-data/RAW/LOT/2MASS_J04351612-1606574/2021-12-22/2MASS_J04351612-1606574-20211222@142500-Eden.fits (file already exists) (164/296)
Skipping /home/altsai/eden/LOT20211222_2MASS_J04351612-1606574_mod/2MASS_J04351612-1606574-20211222@142546-Eden.fts -> s3://eden-data/RAW/LOT/2MASS_J04351612-1606574/2021-12-22/2MASS_J04351612-1606574-20211222@142546-Eden.fits (file already exists) (165/296)
Skipping /home/altsai/eden/LOT20211222_2MASS_J04351612-1606574_mod/2MASS_J04351612-1606574-20211222@142632-Eden.fts -> s3://eden-data/RAW/LOT/2MASS_J04351612-1606574/2021-12-22/2MASS_J04351612-1606574-20211222@142632-Eden.fits (file already exists) (166/296)
Skipping /home/altsai/eden/LOT20211222_2MASS_J04351612-1606574_mod/2MASS_J04351612-1606574-20211222@142718-Eden.fts -> s3://eden-data/RAW/LOT/2MASS_J04351612-1606574/2021-12-22/2MASS_J04351612-1606574-20211222@142718-Eden.fits (file already exists) (167/296)
Skipping /home/altsai/eden/LOT20211222_2MASS_J04351612-1606574_mod/2MASS_J04351612-1606574-20211222@142803-Eden.fts -> s3://eden-data/RAW/LOT/2MASS_J04351612-1606574/2021-12-22/2MASS_J04351612-1606574-20211222@142803-Eden.fits (file already exists) (168/296)
Skipping /home/altsai/eden/LOT20211222_2MASS_J04351612-1606574_mod/2MASS_J04351612-1606574-20211222@142849-Eden.fts -> s3://eden-data/RAW/LOT/2MASS_J04351612-1606574/2021-12-22/2MASS_J04351612-1606574-20211222@142849-Eden.fits (file already exists) (169/296)
Skipping /home/altsai/eden/LOT20211222_2MASS_J04351612-1606574_mod/2MASS_J04351612-1606574-20211222@142935-Eden.fts -> s3://eden-data/RAW/LOT/2MASS_J04351612-1606574/2021-12-22/2MASS_J04351612-1606574-20211222@142935-Eden.fits (file already exists) (170/296)
Skipping /home/altsai/eden/LOT20211222_2MASS_J04351612-1606574_mod/2MASS_J04351612-1606574-20211222@143021-Eden.fts -> s3://eden-data/RAW/LOT/2MASS_J04351612-1606574/2021-12-22/2MASS_J04351612-1606574-20211222@143021-Eden.fits (file already exists) (171/296)
Skipping /home/altsai/eden/LOT20211222_2MASS_J04351612-1606574_mod/2MASS_J04351612-1606574-20211222@143108-Eden.fts -> s3://eden-data/RAW/LOT/2MASS_J04351612-1606574/2021-12-22/2MASS_J04351612-1606574-20211222@143108-Eden.fits (file already exists) (172/296)
Skipping /home/altsai/eden/LOT20211222_2MASS_J04351612-1606574_mod/2MASS_J04351612-1606574-20211222@143154-Eden.fts -> s3://eden-data/RAW/LOT/2MASS_J04351612-1606574/2021-12-22/2MASS_J04351612-1606574-20211222@143154-Eden.fits (file already exists) (173/296)
Skipping /home/altsai/eden/LOT20211222_2MASS_J04351612-1606574_mod/2MASS_J04351612-1606574-20211222@143240-Eden.fts -> s3://eden-data/RAW/LOT/2MASS_J04351612-1606574/2021-12-22/2MASS_J04351612-1606574-20211222@143240-Eden.fits (file already exists) (174/296)
Skipping /home/altsai/eden/LOT20211222_2MASS_J04351612-1606574_mod/2MASS_J04351612-1606574-20211222@143325-Eden.fts -> s3://eden-data/RAW/LOT/2MASS_J04351612-1606574/2021-12-22/2MASS_J04351612-1606574-20211222@143325-Eden.fits (file already exists) (175/296)
Skipping /home/altsai/eden/LOT20211222_2MASS_J04351612-1606574_mod/2MASS_J04351612-1606574-20211222@143412-Eden.fts -> s3://eden-data/RAW/LOT/2MASS_J04351612-1606574/2021-12-22/2MASS_J04351612-1606574-20211222@143412-Eden.fits (file already exists) (176/296)
Skipping /home/altsai/eden/LOT20211222_2MASS_J04351612-1606574_mod/2MASS_J04351612-1606574-20211222@143457-Eden.fts -> s3://eden-data/RAW/LOT/2MASS_J04351612-1606574/2021-12-22/2MASS_J04351612-1606574-20211222@143457-Eden.fits (file already exists) (177/296)
Skipping /home/altsai/eden/LOT20211222_2MASS_J04351612-1606574_mod/2MASS_J04351612-1606574-20211222@143543-Eden.fts -> s3://eden-data/RAW/LOT/2MASS_J04351612-1606574/2021-12-22/2MASS_J04351612-1606574-20211222@143543-Eden.fits (file already exists) (178/296)
Skipping /home/altsai/eden/LOT20211222_2MASS_J04351612-1606574_mod/2MASS_J04351612-1606574-20211222@143628-Eden.fts -> s3://eden-data/RAW/LOT/2MASS_J04351612-1606574/2021-12-22/2MASS_J04351612-1606574-20211222@143628-Eden.fits (file already exists) (179/296)
Skipping /home/altsai/eden/LOT20211222_2MASS_J04351612-1606574_mod/2MASS_J04351612-1606574-20211222@143715-Eden.fts -> s3://eden-data/RAW/LOT/2MASS_J04351612-1606574/2021-12-22/2MASS_J04351612-1606574-20211222@143715-Eden.fits (file already exists) (180/296)
Skipping /home/altsai/eden/LOT20211222_2MASS_J04351612-1606574_mod/2MASS_J04351612-1606574-20211222@143801-Eden.fts -> s3://eden-data/RAW/LOT/2MASS_J04351612-1606574/2021-12-22/2MASS_J04351612-1606574-20211222@143801-Eden.fits (file already exists) (181/296)
Skipping /home/altsai/eden/LOT20211222_2MASS_J04351612-1606574_mod/2MASS_J04351612-1606574-20211222@143848-Eden.fts -> s3://eden-data/RAW/LOT/2MASS_J04351612-1606574/2021-12-22/2MASS_J04351612-1606574-20211222@143848-Eden.fits (file already exists) (182/296)
Skipping /home/altsai/eden/LOT20211222_2MASS_J04351612-1606574_mod/2MASS_J04351612-1606574-20211222@143934-Eden.fts -> s3://eden-data/RAW/LOT/2MASS_J04351612-1606574/2021-12-22/2MASS_J04351612-1606574-20211222@143934-Eden.fits (file already exists) (183/296)
Skipping /home/altsai/eden/LOT20211222_2MASS_J04351612-1606574_mod/2MASS_J04351612-1606574-20211222@144020-Eden.fts -> s3://eden-data/RAW/LOT/2MASS_J04351612-1606574/2021-12-22/2MASS_J04351612-1606574-20211222@144020-Eden.fits (file already exists) (184/296)
Skipping /home/altsai/eden/LOT20211222_2MASS_J04351612-1606574_mod/2MASS_J04351612-1606574-20211222@144106-Eden.fts -> s3://eden-data/RAW/LOT/2MASS_J04351612-1606574/2021-12-22/2MASS_J04351612-1606574-20211222@144106-Eden.fits (file already exists) (185/296)
Skipping /home/altsai/eden/LOT20211222_2MASS_J04351612-1606574_mod/2MASS_J04351612-1606574-20211222@144152-Eden.fts -> s3://eden-data/RAW/LOT/2MASS_J04351612-1606574/2021-12-22/2MASS_J04351612-1606574-20211222@144152-Eden.fits (file already exists) (186/296)
Skipping /home/altsai/eden/LOT20211222_2MASS_J04351612-1606574_mod/2MASS_J04351612-1606574-20211222@144238-Eden.fts -> s3://eden-data/RAW/LOT/2MASS_J04351612-1606574/2021-12-22/2MASS_J04351612-1606574-20211222@144238-Eden.fits (file already exists) (187/296)
Skipping /home/altsai/eden/LOT20211222_2MASS_J04351612-1606574_mod/2MASS_J04351612-1606574-20211222@144324-Eden.fts -> s3://eden-data/RAW/LOT/2MASS_J04351612-1606574/2021-12-22/2MASS_J04351612-1606574-20211222@144324-Eden.fits (file already exists) (188/296)
Skipping /home/altsai/eden/LOT20211222_2MASS_J04351612-1606574_mod/2MASS_J04351612-1606574-20211222@144410-Eden.fts -> s3://eden-data/RAW/LOT/2MASS_J04351612-1606574/2021-12-22/2MASS_J04351612-1606574-20211222@144410-Eden.fits (file already exists) (189/296)
Skipping /home/altsai/eden/LOT20211222_2MASS_J04351612-1606574_mod/2MASS_J04351612-1606574-20211222@144457-Eden.fts -> s3://eden-data/RAW/LOT/2MASS_J04351612-1606574/2021-12-22/2MASS_J04351612-1606574-20211222@144457-Eden.fits (file already exists) (190/296)
Skipping /home/altsai/eden/LOT20211222_2MASS_J04351612-1606574_mod/2MASS_J04351612-1606574-20211222@144543-Eden.fts -> s3://eden-data/RAW/LOT/2MASS_J04351612-1606574/2021-12-22/2MASS_J04351612-1606574-20211222@144543-Eden.fits (file already exists) (191/296)
Skipping /home/altsai/eden/LOT20211222_2MASS_J04351612-1606574_mod/2MASS_J04351612-1606574-20211222@144628-Eden.fts -> s3://eden-data/RAW/LOT/2MASS_J04351612-1606574/2021-12-22/2MASS_J04351612-1606574-20211222@144628-Eden.fits (file already exists) (192/296)
Skipping /home/altsai/eden/LOT20211222_2MASS_J04351612-1606574_mod/2MASS_J04351612-1606574-20211222@144714-Eden.fts -> s3://eden-data/RAW/LOT/2MASS_J04351612-1606574/2021-12-22/2MASS_J04351612-1606574-20211222@144714-Eden.fits (file already exists) (193/296)
Skipping /home/altsai/eden/LOT20211222_2MASS_J04351612-1606574_mod/2MASS_J04351612-1606574-20211222@144800-Eden.fts -> s3://eden-data/RAW/LOT/2MASS_J04351612-1606574/2021-12-22/2MASS_J04351612-1606574-20211222@144800-Eden.fits (file already exists) (194/296)
Skipping /home/altsai/eden/LOT20211222_2MASS_J04351612-1606574_mod/2MASS_J04351612-1606574-20211222@144845-Eden.fts -> s3://eden-data/RAW/LOT/2MASS_J04351612-1606574/2021-12-22/2MASS_J04351612-1606574-20211222@144845-Eden.fits (file already exists) (195/296)
Skipping /home/altsai/eden/LOT20211222_2MASS_J04351612-1606574_mod/2MASS_J04351612-1606574-20211222@144931-Eden.fts -> s3://eden-data/RAW/LOT/2MASS_J04351612-1606574/2021-12-22/2MASS_J04351612-1606574-20211222@144931-Eden.fits (file already exists) (196/296)
Skipping /home/altsai/eden/LOT20211222_2MASS_J04351612-1606574_mod/2MASS_J04351612-1606574-20211222@145017-Eden.fts -> s3://eden-data/RAW/LOT/2MASS_J04351612-1606574/2021-12-22/2MASS_J04351612-1606574-20211222@145017-Eden.fits (file already exists) (197/296)
Skipping /home/altsai/eden/LOT20211222_2MASS_J04351612-1606574_mod/2MASS_J04351612-1606574-20211222@145103-Eden.fts -> s3://eden-data/RAW/LOT/2MASS_J04351612-1606574/2021-12-22/2MASS_J04351612-1606574-20211222@145103-Eden.fits (file already exists) (198/296)
Skipping /home/altsai/eden/LOT20211222_2MASS_J04351612-1606574_mod/2MASS_J04351612-1606574-20211222@145149-Eden.fts -> s3://eden-data/RAW/LOT/2MASS_J04351612-1606574/2021-12-22/2MASS_J04351612-1606574-20211222@145149-Eden.fits (file already exists) (199/296)
Skipping /home/altsai/eden/LOT20211222_2MASS_J04351612-1606574_mod/2MASS_J04351612-1606574-20211222@145235-Eden.fts -> s3://eden-data/RAW/LOT/2MASS_J04351612-1606574/2021-12-22/2MASS_J04351612-1606574-20211222@145235-Eden.fits (file already exists) (200/296)
Skipping /home/altsai/eden/LOT20211222_2MASS_J04351612-1606574_mod/2MASS_J04351612-1606574-20211222@145322-Eden.fts -> s3://eden-data/RAW/LOT/2MASS_J04351612-1606574/2021-12-22/2MASS_J04351612-1606574-20211222@145322-Eden.fits (file already exists) (201/296)
Skipping /home/altsai/eden/LOT20211222_2MASS_J04351612-1606574_mod/2MASS_J04351612-1606574-20211222@145408-Eden.fts -> s3://eden-data/RAW/LOT/2MASS_J04351612-1606574/2021-12-22/2MASS_J04351612-1606574-20211222@145408-Eden.fits (file already exists) (202/296)
Skipping /home/altsai/eden/LOT20211222_2MASS_J04351612-1606574_mod/2MASS_J04351612-1606574-20211222@145453-Eden.fts -> s3://eden-data/RAW/LOT/2MASS_J04351612-1606574/2021-12-22/2MASS_J04351612-1606574-20211222@145453-Eden.fits (file already exists) (203/296)
Skipping /home/altsai/eden/LOT20211222_2MASS_J04351612-1606574_mod/2MASS_J04351612-1606574-20211222@145540-Eden.fts -> s3://eden-data/RAW/LOT/2MASS_J04351612-1606574/2021-12-22/2MASS_J04351612-1606574-20211222@145540-Eden.fits (file already exists) (204/296)
Skipping /home/altsai/eden/LOT20211222_2MASS_J04351612-1606574_mod/2MASS_J04351612-1606574-20211222@145626-Eden.fts -> s3://eden-data/RAW/LOT/2MASS_J04351612-1606574/2021-12-22/2MASS_J04351612-1606574-20211222@145626-Eden.fits (file already exists) (205/296)
Skipping /home/altsai/eden/LOT20211222_2MASS_J04351612-1606574_mod/2MASS_J04351612-1606574-20211222@145712-Eden.fts -> s3://eden-data/RAW/LOT/2MASS_J04351612-1606574/2021-12-22/2MASS_J04351612-1606574-20211222@145712-Eden.fits (file already exists) (206/296)
Skipping /home/altsai/eden/LOT20211222_2MASS_J04351612-1606574_mod/2MASS_J04351612-1606574-20211222@145758-Eden.fts -> s3://eden-data/RAW/LOT/2MASS_J04351612-1606574/2021-12-22/2MASS_J04351612-1606574-20211222@145758-Eden.fits (file already exists) (207/296)
Skipping /home/altsai/eden/LOT20211222_2MASS_J04351612-1606574_mod/2MASS_J04351612-1606574-20211222@145844-Eden.fts -> s3://eden-data/RAW/LOT/2MASS_J04351612-1606574/2021-12-22/2MASS_J04351612-1606574-20211222@145844-Eden.fits (file already exists) (208/296)
Skipping /home/altsai/eden/LOT20211222_2MASS_J04351612-1606574_mod/2MASS_J04351612-1606574-20211222@145931-Eden.fts -> s3://eden-data/RAW/LOT/2MASS_J04351612-1606574/2021-12-22/2MASS_J04351612-1606574-20211222@145931-Eden.fits (file already exists) (209/296)
Skipping /home/altsai/eden/LOT20211222_2MASS_J04351612-1606574_mod/2MASS_J04351612-1606574-20211222@150018-Eden.fts -> s3://eden-data/RAW/LOT/2MASS_J04351612-1606574/2021-12-22/2MASS_J04351612-1606574-20211222@150018-Eden.fits (file already exists) (210/296)
Skipping /home/altsai/eden/LOT20211222_2MASS_J04351612-1606574_mod/2MASS_J04351612-1606574-20211222@150103-Eden.fts -> s3://eden-data/RAW/LOT/2MASS_J04351612-1606574/2021-12-22/2MASS_J04351612-1606574-20211222@150103-Eden.fits (file already exists) (211/296)
Skipping /home/altsai/eden/LOT20211222_2MASS_J04351612-1606574_mod/2MASS_J04351612-1606574-20211222@150149-Eden.fts -> s3://eden-data/RAW/LOT/2MASS_J04351612-1606574/2021-12-22/2MASS_J04351612-1606574-20211222@150149-Eden.fits (file already exists) (212/296)
Skipping /home/altsai/eden/LOT20211222_2MASS_J04351612-1606574_mod/2MASS_J04351612-1606574-20211222@150235-Eden.fts -> s3://eden-data/RAW/LOT/2MASS_J04351612-1606574/2021-12-22/2MASS_J04351612-1606574-20211222@150235-Eden.fits (file already exists) (213/296)
Skipping /home/altsai/eden/LOT20211222_2MASS_J04351612-1606574_mod/2MASS_J04351612-1606574-20211222@150321-Eden.fts -> s3://eden-data/RAW/LOT/2MASS_J04351612-1606574/2021-12-22/2MASS_J04351612-1606574-20211222@150321-Eden.fits (file already exists) (214/296)
Skipping /home/altsai/eden/LOT20211222_2MASS_J04351612-1606574_mod/2MASS_J04351612-1606574-20211222@150407-Eden.fts -> s3://eden-data/RAW/LOT/2MASS_J04351612-1606574/2021-12-22/2MASS_J04351612-1606574-20211222@150407-Eden.fits (file already exists) (215/296)
Skipping /home/altsai/eden/LOT20211222_2MASS_J04351612-1606574_mod/2MASS_J04351612-1606574-20211222@150454-Eden.fts -> s3://eden-data/RAW/LOT/2MASS_J04351612-1606574/2021-12-22/2MASS_J04351612-1606574-20211222@150454-Eden.fits (file already exists) (216/296)
Skipping /home/altsai/eden/LOT20211222_2MASS_J04351612-1606574_mod/2MASS_J04351612-1606574-20211222@150541-Eden.fts -> s3://eden-data/RAW/LOT/2MASS_J04351612-1606574/2021-12-22/2MASS_J04351612-1606574-20211222@150541-Eden.fits (file already exists) (217/296)
Skipping /home/altsai/eden/LOT20211222_2MASS_J04351612-1606574_mod/2MASS_J04351612-1606574-20211222@150627-Eden.fts -> s3://eden-data/RAW/LOT/2MASS_J04351612-1606574/2021-12-22/2MASS_J04351612-1606574-20211222@150627-Eden.fits (file already exists) (218/296)
Skipping /home/altsai/eden/LOT20211222_2MASS_J04351612-1606574_mod/2MASS_J04351612-1606574-20211222@150713-Eden.fts -> s3://eden-data/RAW/LOT/2MASS_J04351612-1606574/2021-12-22/2MASS_J04351612-1606574-20211222@150713-Eden.fits (file already exists) (219/296)
Skipping /home/altsai/eden/LOT20211222_2MASS_J04351612-1606574_mod/2MASS_J04351612-1606574-20211222@150758-Eden.fts -> s3://eden-data/RAW/LOT/2MASS_J04351612-1606574/2021-12-22/2MASS_J04351612-1606574-20211222@150758-Eden.fits (file already exists) (220/296)
Skipping /home/altsai/eden/LOT20211222_2MASS_J04351612-1606574_mod/2MASS_J04351612-1606574-20211222@150844-Eden.fts -> s3://eden-data/RAW/LOT/2MASS_J04351612-1606574/2021-12-22/2MASS_J04351612-1606574-20211222@150844-Eden.fits (file already exists) (221/296)
Skipping /home/altsai/eden/LOT20211222_2MASS_J04351612-1606574_mod/2MASS_J04351612-1606574-20211222@150929-Eden.fts -> s3://eden-data/RAW/LOT/2MASS_J04351612-1606574/2021-12-22/2MASS_J04351612-1606574-20211222@150929-Eden.fits (file already exists) (222/296)
Skipping /home/altsai/eden/LOT20211222_2MASS_J04351612-1606574_mod/2MASS_J04351612-1606574-20211222@151014-Eden.fts -> s3://eden-data/RAW/LOT/2MASS_J04351612-1606574/2021-12-22/2MASS_J04351612-1606574-20211222@151014-Eden.fits (file already exists) (223/296)
Skipping /home/altsai/eden/LOT20211222_2MASS_J04351612-1606574_mod/2MASS_J04351612-1606574-20211222@151101-Eden.fts -> s3://eden-data/RAW/LOT/2MASS_J04351612-1606574/2021-12-22/2MASS_J04351612-1606574-20211222@151101-Eden.fits (file already exists) (224/296)
Skipping /home/altsai/eden/LOT20211222_2MASS_J04351612-1606574_mod/2MASS_J04351612-1606574-20211222@151146-Eden.fts -> s3://eden-data/RAW/LOT/2MASS_J04351612-1606574/2021-12-22/2MASS_J04351612-1606574-20211222@151146-Eden.fits (file already exists) (225/296)
Skipping /home/altsai/eden/LOT20211222_2MASS_J04351612-1606574_mod/2MASS_J04351612-1606574-20211222@151233-Eden.fts -> s3://eden-data/RAW/LOT/2MASS_J04351612-1606574/2021-12-22/2MASS_J04351612-1606574-20211222@151233-Eden.fits (file already exists) (226/296)
Skipping /home/altsai/eden/LOT20211222_2MASS_J04351612-1606574_mod/2MASS_J04351612-1606574-20211222@151319-Eden.fts -> s3://eden-data/RAW/LOT/2MASS_J04351612-1606574/2021-12-22/2MASS_J04351612-1606574-20211222@151319-Eden.fits (file already exists) (227/296)
Skipping /home/altsai/eden/LOT20211222_2MASS_J04351612-1606574_mod/2MASS_J04351612-1606574-20211222@151404-Eden.fts -> s3://eden-data/RAW/LOT/2MASS_J04351612-1606574/2021-12-22/2MASS_J04351612-1606574-20211222@151404-Eden.fits (file already exists) (228/296)
Skipping /home/altsai/eden/LOT20211222_2MASS_J04351612-1606574_mod/2MASS_J04351612-1606574-20211222@151450-Eden.fts -> s3://eden-data/RAW/LOT/2MASS_J04351612-1606574/2021-12-22/2MASS_J04351612-1606574-20211222@151450-Eden.fits (file already exists) (229/296)
Skipping /home/altsai/eden/LOT20211222_2MASS_J04351612-1606574_mod/2MASS_J04351612-1606574-20211222@151536-Eden.fts -> s3://eden-data/RAW/LOT/2MASS_J04351612-1606574/2021-12-22/2MASS_J04351612-1606574-20211222@151536-Eden.fits (file already exists) (230/296)
Skipping /home/altsai/eden/LOT20211222_2MASS_J04351612-1606574_mod/2MASS_J04351612-1606574-20211222@151622-Eden.fts -> s3://eden-data/RAW/LOT/2MASS_J04351612-1606574/2021-12-22/2MASS_J04351612-1606574-20211222@151622-Eden.fits (file already exists) (231/296)
Skipping /home/altsai/eden/LOT20211222_2MASS_J04351612-1606574_mod/2MASS_J04351612-1606574-20211222@151708-Eden.fts -> s3://eden-data/RAW/LOT/2MASS_J04351612-1606574/2021-12-22/2MASS_J04351612-1606574-20211222@151708-Eden.fits (file already exists) (232/296)
Skipping /home/altsai/eden/LOT20211222_2MASS_J04351612-1606574_mod/2MASS_J04351612-1606574-20211222@151754-Eden.fts -> s3://eden-data/RAW/LOT/2MASS_J04351612-1606574/2021-12-22/2MASS_J04351612-1606574-20211222@151754-Eden.fits (file already exists) (233/296)
Skipping /home/altsai/eden/LOT20211222_2MASS_J04351612-1606574_mod/2MASS_J04351612-1606574-20211222@151841-Eden.fts -> s3://eden-data/RAW/LOT/2MASS_J04351612-1606574/2021-12-22/2MASS_J04351612-1606574-20211222@151841-Eden.fits (file already exists) (234/296)
Skipping /home/altsai/eden/LOT20211222_2MASS_J04351612-1606574_mod/2MASS_J04351612-1606574-20211222@151926-Eden.fts -> s3://eden-data/RAW/LOT/2MASS_J04351612-1606574/2021-12-22/2MASS_J04351612-1606574-20211222@151926-Eden.fits (file already exists) (235/296)
Skipping /home/altsai/eden/LOT20211222_2MASS_J04351612-1606574_mod/2MASS_J04351612-1606574-20211222@152013-Eden.fts -> s3://eden-data/RAW/LOT/2MASS_J04351612-1606574/2021-12-22/2MASS_J04351612-1606574-20211222@152013-Eden.fits (file already exists) (236/296)
Skipping /home/altsai/eden/LOT20211222_2MASS_J04351612-1606574_mod/2MASS_J04351612-1606574-20211222@152058-Eden.fts -> s3://eden-data/RAW/LOT/2MASS_J04351612-1606574/2021-12-22/2MASS_J04351612-1606574-20211222@152058-Eden.fits (file already exists) (237/296)
Skipping /home/altsai/eden/LOT20211222_2MASS_J04351612-1606574_mod/2MASS_J04351612-1606574-20211222@152144-Eden.fts -> s3://eden-data/RAW/LOT/2MASS_J04351612-1606574/2021-12-22/2MASS_J04351612-1606574-20211222@152144-Eden.fits (file already exists) (238/296)
Skipping /home/altsai/eden/LOT20211222_2MASS_J04351612-1606574_mod/2MASS_J04351612-1606574-20211222@152230-Eden.fts -> s3://eden-data/RAW/LOT/2MASS_J04351612-1606574/2021-12-22/2MASS_J04351612-1606574-20211222@152230-Eden.fits (file already exists) (239/296)
Skipping /home/altsai/eden/LOT20211222_2MASS_J04351612-1606574_mod/2MASS_J04351612-1606574-20211222@152315-Eden.fts -> s3://eden-data/RAW/LOT/2MASS_J04351612-1606574/2021-12-22/2MASS_J04351612-1606574-20211222@152315-Eden.fits (file already exists) (240/296)
Skipping /home/altsai/eden/LOT20211222_2MASS_J04351612-1606574_mod/2MASS_J04351612-1606574-20211222@152401-Eden.fts -> s3://eden-data/RAW/LOT/2MASS_J04351612-1606574/2021-12-22/2MASS_J04351612-1606574-20211222@152401-Eden.fits (file already exists) (241/296)
Skipping /home/altsai/eden/LOT20211222_2MASS_J04351612-1606574_mod/2MASS_J04351612-1606574-20211222@152448-Eden.fts -> s3://eden-data/RAW/LOT/2MASS_J04351612-1606574/2021-12-22/2MASS_J04351612-1606574-20211222@152448-Eden.fits (file already exists) (242/296)
Skipping /home/altsai/eden/LOT20211222_2MASS_J04351612-1606574_mod/2MASS_J04351612-1606574-20211222@152535-Eden.fts -> s3://eden-data/RAW/LOT/2MASS_J04351612-1606574/2021-12-22/2MASS_J04351612-1606574-20211222@152535-Eden.fits (file already exists) (243/296)
Skipping /home/altsai/eden/LOT20211222_2MASS_J04351612-1606574_mod/2MASS_J04351612-1606574-20211222@152620-Eden.fts -> s3://eden-data/RAW/LOT/2MASS_J04351612-1606574/2021-12-22/2MASS_J04351612-1606574-20211222@152620-Eden.fits (file already exists) (244/296)
Skipping /home/altsai/eden/LOT20211222_2MASS_J04351612-1606574_mod/2MASS_J04351612-1606574-20211222@152706-Eden.fts -> s3://eden-data/RAW/LOT/2MASS_J04351612-1606574/2021-12-22/2MASS_J04351612-1606574-20211222@152706-Eden.fits (file already exists) (245/296)
Skipping /home/altsai/eden/LOT20211222_2MASS_J04351612-1606574_mod/2MASS_J04351612-1606574-20211222@152751-Eden.fts -> s3://eden-data/RAW/LOT/2MASS_J04351612-1606574/2021-12-22/2MASS_J04351612-1606574-20211222@152751-Eden.fits (file already exists) (246/296)
Skipping /home/altsai/eden/LOT20211222_2MASS_J04351612-1606574_mod/2MASS_J04351612-1606574-20211222@152837-Eden.fts -> s3://eden-data/RAW/LOT/2MASS_J04351612-1606574/2021-12-22/2MASS_J04351612-1606574-20211222@152837-Eden.fits (file already exists) (247/296)
Skipping /home/altsai/eden/LOT20211222_2MASS_J04351612-1606574_mod/2MASS_J04351612-1606574-20211222@152923-Eden.fts -> s3://eden-data/RAW/LOT/2MASS_J04351612-1606574/2021-12-22/2MASS_J04351612-1606574-20211222@152923-Eden.fits (file already exists) (248/296)
Skipping /home/altsai/eden/LOT20211222_2MASS_J04351612-1606574_mod/2MASS_J04351612-1606574-20211222@153010-Eden.fts -> s3://eden-data/RAW/LOT/2MASS_J04351612-1606574/2021-12-22/2MASS_J04351612-1606574-20211222@153010-Eden.fits (file already exists) (249/296)
Skipping /home/altsai/eden/LOT20211222_2MASS_J04351612-1606574_mod/2MASS_J04351612-1606574-20211222@153055-Eden.fts -> s3://eden-data/RAW/LOT/2MASS_J04351612-1606574/2021-12-22/2MASS_J04351612-1606574-20211222@153055-Eden.fits (file already exists) (250/296)
Skipping /home/altsai/eden/LOT20211222_2MASS_J04351612-1606574_mod/2MASS_J04351612-1606574-20211222@153141-Eden.fts -> s3://eden-data/RAW/LOT/2MASS_J04351612-1606574/2021-12-22/2MASS_J04351612-1606574-20211222@153141-Eden.fits (file already exists) (251/296)
Skipping /home/altsai/eden/LOT20211222_2MASS_J04351612-1606574_mod/2MASS_J04351612-1606574-20211222@153227-Eden.fts -> s3://eden-data/RAW/LOT/2MASS_J04351612-1606574/2021-12-22/2MASS_J04351612-1606574-20211222@153227-Eden.fits (file already exists) (252/296)
Skipping /home/altsai/eden/LOT20211222_2MASS_J04351612-1606574_mod/2MASS_J04351612-1606574-20211222@153313-Eden.fts -> s3://eden-data/RAW/LOT/2MASS_J04351612-1606574/2021-12-22/2MASS_J04351612-1606574-20211222@153313-Eden.fits (file already exists) (253/296)
Skipping /home/altsai/eden/LOT20211222_2MASS_J04351612-1606574_mod/2MASS_J04351612-1606574-20211222@153400-Eden.fts -> s3://eden-data/RAW/LOT/2MASS_J04351612-1606574/2021-12-22/2MASS_J04351612-1606574-20211222@153400-Eden.fits (file already exists) (254/296)
Skipping /home/altsai/eden/LOT20211222_2MASS_J04351612-1606574_mod/2MASS_J04351612-1606574-20211222@153446-Eden.fts -> s3://eden-data/RAW/LOT/2MASS_J04351612-1606574/2021-12-22/2MASS_J04351612-1606574-20211222@153446-Eden.fits (file already exists) (255/296)
Skipping /home/altsai/eden/LOT20211222_2MASS_J04351612-1606574_mod/2MASS_J04351612-1606574-20211222@153531-Eden.fts -> s3://eden-data/RAW/LOT/2MASS_J04351612-1606574/2021-12-22/2MASS_J04351612-1606574-20211222@153531-Eden.fits (file already exists) (256/296)
Skipping /home/altsai/eden/LOT20211222_2MASS_J04351612-1606574_mod/2MASS_J04351612-1606574-20211222@153618-Eden.fts -> s3://eden-data/RAW/LOT/2MASS_J04351612-1606574/2021-12-22/2MASS_J04351612-1606574-20211222@153618-Eden.fits (file already exists) (257/296)
Skipping /home/altsai/eden/LOT20211222_2MASS_J04351612-1606574_mod/2MASS_J04351612-1606574-20211222@153703-Eden.fts -> s3://eden-data/RAW/LOT/2MASS_J04351612-1606574/2021-12-22/2MASS_J04351612-1606574-20211222@153703-Eden.fits (file already exists) (258/296)
Skipping /home/altsai/eden/LOT20211222_2MASS_J04351612-1606574_mod/2MASS_J04351612-1606574-20211222@153749-Eden.fts -> s3://eden-data/RAW/LOT/2MASS_J04351612-1606574/2021-12-22/2MASS_J04351612-1606574-20211222@153749-Eden.fits (file already exists) (259/296)
Skipping /home/altsai/eden/LOT20211222_2MASS_J04351612-1606574_mod/2MASS_J04351612-1606574-20211222@153834-Eden.fts -> s3://eden-data/RAW/LOT/2MASS_J04351612-1606574/2021-12-22/2MASS_J04351612-1606574-20211222@153834-Eden.fits (file already exists) (260/296)
Skipping /home/altsai/eden/LOT20211222_2MASS_J04351612-1606574_mod/2MASS_J04351612-1606574-20211222@153920-Eden.fts -> s3://eden-data/RAW/LOT/2MASS_J04351612-1606574/2021-12-22/2MASS_J04351612-1606574-20211222@153920-Eden.fits (file already exists) (261/296)
Skipping /home/altsai/eden/LOT20211222_2MASS_J04351612-1606574_mod/2MASS_J04351612-1606574-20211222@154006-Eden.fts -> s3://eden-data/RAW/LOT/2MASS_J04351612-1606574/2021-12-22/2MASS_J04351612-1606574-20211222@154006-Eden.fits (file already exists) (262/296)
Skipping /home/altsai/eden/LOT20211222_2MASS_J04351612-1606574_mod/2MASS_J04351612-1606574-20211222@154052-Eden.fts -> s3://eden-data/RAW/LOT/2MASS_J04351612-1606574/2021-12-22/2MASS_J04351612-1606574-20211222@154052-Eden.fits (file already exists) (263/296)
Skipping /home/altsai/eden/LOT20211222_2MASS_J04351612-1606574_mod/2MASS_J04351612-1606574-20211222@154138-Eden.fts -> s3://eden-data/RAW/LOT/2MASS_J04351612-1606574/2021-12-22/2MASS_J04351612-1606574-20211222@154138-Eden.fits (file already exists) (264/296)
Skipping /home/altsai/eden/LOT20211222_2MASS_J04351612-1606574_mod/2MASS_J04351612-1606574-20211222@154225-Eden.fts -> s3://eden-data/RAW/LOT/2MASS_J04351612-1606574/2021-12-22/2MASS_J04351612-1606574-20211222@154225-Eden.fits (file already exists) (265/296)
Skipping /home/altsai/eden/LOT20211222_2MASS_J04351612-1606574_mod/2MASS_J04351612-1606574-20211222@154311-Eden.fts -> s3://eden-data/RAW/LOT/2MASS_J04351612-1606574/2021-12-22/2MASS_J04351612-1606574-20211222@154311-Eden.fits (file already exists) (266/296)
Skipping /home/altsai/eden/LOT20211222_2MASS_J04351612-1606574_mod/2MASS_J04351612-1606574-20211222@154357-Eden.fts -> s3://eden-data/RAW/LOT/2MASS_J04351612-1606574/2021-12-22/2MASS_J04351612-1606574-20211222@154357-Eden.fits (file already exists) (267/296)
Skipping /home/altsai/eden/LOT20211222_2MASS_J04351612-1606574_mod/2MASS_J04351612-1606574-20211222@154442-Eden.fts -> s3://eden-data/RAW/LOT/2MASS_J04351612-1606574/2021-12-22/2MASS_J04351612-1606574-20211222@154442-Eden.fits (file already exists) (268/296)
Skipping /home/altsai/eden/LOT20211222_2MASS_J04351612-1606574_mod/2MASS_J04351612-1606574-20211222@154529-Eden.fts -> s3://eden-data/RAW/LOT/2MASS_J04351612-1606574/2021-12-22/2MASS_J04351612-1606574-20211222@154529-Eden.fits (file already exists) (269/296)
Skipping /home/altsai/eden/LOT20211222_2MASS_J04351612-1606574_mod/2MASS_J04351612-1606574-20211222@154615-Eden.fts -> s3://eden-data/RAW/LOT/2MASS_J04351612-1606574/2021-12-22/2MASS_J04351612-1606574-20211222@154615-Eden.fits (file already exists) (270/296)
Skipping /home/altsai/eden/LOT20211222_2MASS_J04351612-1606574_mod/2MASS_J04351612-1606574-20211222@154700-Eden.fts -> s3://eden-data/RAW/LOT/2MASS_J04351612-1606574/2021-12-22/2MASS_J04351612-1606574-20211222@154700-Eden.fits (file already exists) (271/296)
Storing /home/altsai/eden/LOT20211222_2MASS_J04351612-1606574_mod/2MASS_J04351612-1606574-20211222@154746-Eden.fts -> s3://eden-data/RAW/LOT/2MASS_J04351612-1606574/2021-12-22/2MASS_J04351612-1606574-20211222@154746-Eden.fits (272/296)
Storing /home/altsai/eden/LOT20211222_2MASS_J04351612-1606574_mod/2MASS_J04351612-1606574-20211222@154831-Eden.fts -> s3://eden-data/RAW/LOT/2MASS_J04351612-1606574/2021-12-22/2MASS_J04351612-1606574-20211222@154831-Eden.fits (273/296)
Storing /home/altsai/eden/LOT20211222_2MASS_J04351612-1606574_mod/2MASS_J04351612-1606574-20211222@154917-Eden.fts -> s3://eden-data/RAW/LOT/2MASS_J04351612-1606574/2021-12-22/2MASS_J04351612-1606574-20211222@154917-Eden.fits (274/296)
Storing /home/altsai/eden/LOT20211222_2MASS_J04351612-1606574_mod/2MASS_J04351612-1606574-20211222@155003-Eden.fts -> s3://eden-data/RAW/LOT/2MASS_J04351612-1606574/2021-12-22/2MASS_J04351612-1606574-20211222@155003-Eden.fits (275/296)
Storing /home/altsai/eden/LOT20211222_2MASS_J04351612-1606574_mod/2MASS_J04351612-1606574-20211222@155049-Eden.fts -> s3://eden-data/RAW/LOT/2MASS_J04351612-1606574/2021-12-22/2MASS_J04351612-1606574-20211222@155049-Eden.fits (276/296)
Storing /home/altsai/eden/LOT20211222_2MASS_J04351612-1606574_mod/2MASS_J04351612-1606574-20211222@155135-Eden.fts -> s3://eden-data/RAW/LOT/2MASS_J04351612-1606574/2021-12-22/2MASS_J04351612-1606574-20211222@155135-Eden.fits (277/296)
Storing /home/altsai/eden/LOT20211222_2MASS_J04351612-1606574_mod/2MASS_J04351612-1606574-20211222@155221-Eden.fts -> s3://eden-data/RAW/LOT/2MASS_J04351612-1606574/2021-12-22/2MASS_J04351612-1606574-20211222@155221-Eden.fits (278/296)
Storing /home/altsai/eden/LOT20211222_2MASS_J04351612-1606574_mod/2MASS_J04351612-1606574-20211222@155307-Eden.fts -> s3://eden-data/RAW/LOT/2MASS_J04351612-1606574/2021-12-22/2MASS_J04351612-1606574-20211222@155307-Eden.fits (279/296)
Storing /home/altsai/eden/LOT20211222_2MASS_J04351612-1606574_mod/2MASS_J04351612-1606574-20211222@155354-Eden.fts -> s3://eden-data/RAW/LOT/2MASS_J04351612-1606574/2021-12-22/2MASS_J04351612-1606574-20211222@155354-Eden.fits (280/296)
Storing /home/altsai/eden/LOT20211222_2MASS_J04351612-1606574_mod/2MASS_J04351612-1606574-20211222@155439-Eden.fts -> s3://eden-data/RAW/LOT/2MASS_J04351612-1606574/2021-12-22/2MASS_J04351612-1606574-20211222@155439-Eden.fits (281/296)
Storing /home/altsai/eden/LOT20211222_2MASS_J04351612-1606574_mod/2MASS_J04351612-1606574-20211222@155525-Eden.fts -> s3://eden-data/RAW/LOT/2MASS_J04351612-1606574/2021-12-22/2MASS_J04351612-1606574-20211222@155525-Eden.fits (282/296)
Storing /home/altsai/eden/LOT20211222_2MASS_J04351612-1606574_mod/2MASS_J04351612-1606574-20211222@155612-Eden.fts -> s3://eden-data/RAW/LOT/2MASS_J04351612-1606574/2021-12-22/2MASS_J04351612-1606574-20211222@155612-Eden.fits (283/296)
Storing /home/altsai/eden/LOT20211222_2MASS_J04351612-1606574_mod/2MASS_J04351612-1606574-20211222@155658-Eden.fts -> s3://eden-data/RAW/LOT/2MASS_J04351612-1606574/2021-12-22/2MASS_J04351612-1606574-20211222@155658-Eden.fits (284/296)
Storing /home/altsai/eden/LOT20211222_2MASS_J04351612-1606574_mod/2MASS_J04351612-1606574-20211222@155743-Eden.fts -> s3://eden-data/RAW/LOT/2MASS_J04351612-1606574/2021-12-22/2MASS_J04351612-1606574-20211222@155743-Eden.fits (285/296)
Storing /home/altsai/eden/LOT20211222_2MASS_J04351612-1606574_mod/2MASS_J04351612-1606574-20211222@155830-Eden.fts -> s3://eden-data/RAW/LOT/2MASS_J04351612-1606574/2021-12-22/2MASS_J04351612-1606574-20211222@155830-Eden.fits (286/296)
Storing /home/altsai/eden/LOT20211222_2MASS_J04351612-1606574_mod/2MASS_J04351612-1606574-20211222@155915-Eden.fts -> s3://eden-data/RAW/LOT/2MASS_J04351612-1606574/2021-12-22/2MASS_J04351612-1606574-20211222@155915-Eden.fits (287/296)
Storing /home/altsai/eden/LOT20211222_2MASS_J04351612-1606574_mod/2MASS_J04351612-1606574-20211222@160001-Eden.fts -> s3://eden-data/RAW/LOT/2MASS_J04351612-1606574/2021-12-22/2MASS_J04351612-1606574-20211222@160001-Eden.fits (288/296)
Storing /home/altsai/eden/LOT20211222_2MASS_J04351612-1606574_mod/2MASS_J04351612-1606574-20211222@160047-Eden.fts -> s3://eden-data/RAW/LOT/2MASS_J04351612-1606574/2021-12-22/2MASS_J04351612-1606574-20211222@160047-Eden.fits (289/296)
Storing /home/altsai/eden/LOT20211222_2MASS_J04351612-1606574_mod/2MASS_J04351612-1606574-20211222@160133-Eden.fts -> s3://eden-data/RAW/LOT/2MASS_J04351612-1606574/2021-12-22/2MASS_J04351612-1606574-20211222@160133-Eden.fits (290/296)
Storing /home/altsai/eden/LOT20211222_2MASS_J04351612-1606574_mod/2MASS_J04351612-1606574-20211222@160219-Eden.fts -> s3://eden-data/RAW/LOT/2MASS_J04351612-1606574/2021-12-22/2MASS_J04351612-1606574-20211222@160219-Eden.fits (291/296)
Storing /home/altsai/eden/LOT20211222_2MASS_J04351612-1606574_mod/2MASS_J04351612-1606574-20211222@160305-Eden.fts -> s3://eden-data/RAW/LOT/2MASS_J04351612-1606574/2021-12-22/2MASS_J04351612-1606574-20211222@160305-Eden.fits (292/296)
Storing /home/altsai/eden/LOT20211222_2MASS_J04351612-1606574_mod/2MASS_J04351612-1606574-20211222@160351-Eden.fts -> s3://eden-data/RAW/LOT/2MASS_J04351612-1606574/2021-12-22/2MASS_J04351612-1606574-20211222@160351-Eden.fits (293/296)
Storing /home/altsai/eden/LOT20211222_2MASS_J04351612-1606574_mod/2MASS_J04351612-1606574-20211222@160438-Eden.fts -> s3://eden-data/RAW/LOT/2MASS_J04351612-1606574/2021-12-22/2MASS_J04351612-1606574-20211222@160438-Eden.fits (294/296)
Storing /home/altsai/eden/LOT20211222_2MASS_J04351612-1606574_mod/2MASS_J04351612-1606574-20211222@160524-Eden.fts -> s3://eden-data/RAW/LOT/2MASS_J04351612-1606574/2021-12-22/2MASS_J04351612-1606574-20211222@160524-Eden.fits (295/296)
Storing /home/altsai/eden/LOT20211222_2MASS_J04351612-1606574_mod/2MASS_J04351612-1606574-20211222@160610-Eden.fts -> s3://eden-data/RAW/LOT/2MASS_J04351612-1606574/2021-12-22/2MASS_J04351612-1606574-20211222@160610-Eden.fits (296/296)

Upload complete!
Stored: 25 files (0.2 GB)
Skipped: 271 files (2.3 GB)
