Bucket successfully loaded! eden-data
49 files found
Storing data to the S3 archive!
We can now start uploading the data.
Press return to start the upload, or anything else to abort: Verbose output enabled.
Storing /home/altsai/eden/LOT20210107_LSPM_J0903+0540_mod/LSPM_J0903+0540-20210107@134034-Eden.fts -> s3://eden-data/RAW/LOT/LSPM_J0903+0540/2021-01-07/LSPM_J0903+0540-20210107@134034-Eden.fits (1/49)
Storing /home/altsai/eden/LOT20210107_LSPM_J0903+0540_mod/LSPM_J0903+0540-20210107@134150-Eden.fts -> s3://eden-data/RAW/LOT/LSPM_J0903+0540/2021-01-07/LSPM_J0903+0540-20210107@134150-Eden.fits (2/49)
Storing /home/altsai/eden/LOT20210107_LSPM_J0903+0540_mod/LSPM_J0903+0540-20210107@134307-Eden.fts -> s3://eden-data/RAW/LOT/LSPM_J0903+0540/2021-01-07/LSPM_J0903+0540-20210107@134307-Eden.fits (3/49)
Storing /home/altsai/eden/LOT20210107_LSPM_J0903+0540_mod/LSPM_J0903+0540-20210107@134423-Eden.fts -> s3://eden-data/RAW/LOT/LSPM_J0903+0540/2021-01-07/LSPM_J0903+0540-20210107@134423-Eden.fits (4/49)
Storing /home/altsai/eden/LOT20210107_LSPM_J0903+0540_mod/LSPM_J0903+0540-20210107@134539-Eden.fts -> s3://eden-data/RAW/LOT/LSPM_J0903+0540/2021-01-07/LSPM_J0903+0540-20210107@134539-Eden.fits (5/49)
Storing /home/altsai/eden/LOT20210107_LSPM_J0903+0540_mod/LSPM_J0903+0540-20210107@134654-Eden.fts -> s3://eden-data/RAW/LOT/LSPM_J0903+0540/2021-01-07/LSPM_J0903+0540-20210107@134654-Eden.fits (6/49)
Storing /home/altsai/eden/LOT20210107_LSPM_J0903+0540_mod/LSPM_J0903+0540-20210107@134811-Eden.fts -> s3://eden-data/RAW/LOT/LSPM_J0903+0540/2021-01-07/LSPM_J0903+0540-20210107@134811-Eden.fits (7/49)
Storing /home/altsai/eden/LOT20210107_LSPM_J0903+0540_mod/LSPM_J0903+0540-20210107@134927-Eden.fts -> s3://eden-data/RAW/LOT/LSPM_J0903+0540/2021-01-07/LSPM_J0903+0540-20210107@134927-Eden.fits (8/49)
Storing /home/altsai/eden/LOT20210107_LSPM_J0903+0540_mod/LSPM_J0903+0540-20210107@135043-Eden.fts -> s3://eden-data/RAW/LOT/LSPM_J0903+0540/2021-01-07/LSPM_J0903+0540-20210107@135043-Eden.fits (9/49)
Storing /home/altsai/eden/LOT20210107_LSPM_J0903+0540_mod/LSPM_J0903+0540-20210107@135157-Eden.fts -> s3://eden-data/RAW/LOT/LSPM_J0903+0540/2021-01-07/LSPM_J0903+0540-20210107@135157-Eden.fits (10/49)
Storing /home/altsai/eden/LOT20210107_LSPM_J0903+0540_mod/LSPM_J0903+0540-20210107@135312-Eden.fts -> s3://eden-data/RAW/LOT/LSPM_J0903+0540/2021-01-07/LSPM_J0903+0540-20210107@135312-Eden.fits (11/49)
Storing /home/altsai/eden/LOT20210107_LSPM_J0903+0540_mod/LSPM_J0903+0540-20210107@135429-Eden.fts -> s3://eden-data/RAW/LOT/LSPM_J0903+0540/2021-01-07/LSPM_J0903+0540-20210107@135429-Eden.fits (12/49)
Storing /home/altsai/eden/LOT20210107_LSPM_J0903+0540_mod/LSPM_J0903+0540-20210107@135543-Eden.fts -> s3://eden-data/RAW/LOT/LSPM_J0903+0540/2021-01-07/LSPM_J0903+0540-20210107@135543-Eden.fits (13/49)
Storing /home/altsai/eden/LOT20210107_LSPM_J0903+0540_mod/LSPM_J0903+0540-20210107@135658-Eden.fts -> s3://eden-data/RAW/LOT/LSPM_J0903+0540/2021-01-07/LSPM_J0903+0540-20210107@135658-Eden.fits (14/49)
Storing /home/altsai/eden/LOT20210107_LSPM_J0903+0540_mod/LSPM_J0903+0540-20210107@135813-Eden.fts -> s3://eden-data/RAW/LOT/LSPM_J0903+0540/2021-01-07/LSPM_J0903+0540-20210107@135813-Eden.fits (15/49)
Storing /home/altsai/eden/LOT20210107_LSPM_J0903+0540_mod/LSPM_J0903+0540-20210107@142148-Eden.fts -> s3://eden-data/RAW/LOT/LSPM_J0903+0540/2021-01-07/LSPM_J0903+0540-20210107@142148-Eden.fits (16/49)
Storing /home/altsai/eden/LOT20210107_LSPM_J0903+0540_mod/LSPM_J0903+0540-20210107@142301-Eden.fts -> s3://eden-data/RAW/LOT/LSPM_J0903+0540/2021-01-07/LSPM_J0903+0540-20210107@142301-Eden.fits (17/49)
Storing /home/altsai/eden/LOT20210107_LSPM_J0903+0540_mod/LSPM_J0903+0540-20210107@142417-Eden.fts -> s3://eden-data/RAW/LOT/LSPM_J0903+0540/2021-01-07/LSPM_J0903+0540-20210107@142417-Eden.fits (18/49)
Storing /home/altsai/eden/LOT20210107_LSPM_J0903+0540_mod/LSPM_J0903+0540-20210107@142531-Eden.fts -> s3://eden-data/RAW/LOT/LSPM_J0903+0540/2021-01-07/LSPM_J0903+0540-20210107@142531-Eden.fits (19/49)
Storing /home/altsai/eden/LOT20210107_LSPM_J0903+0540_mod/LSPM_J0903+0540-20210107@142645-Eden.fts -> s3://eden-data/RAW/LOT/LSPM_J0903+0540/2021-01-07/LSPM_J0903+0540-20210107@142645-Eden.fits (20/49)
Storing /home/altsai/eden/LOT20210107_LSPM_J0903+0540_mod/LSPM_J0903+0540-20210107@142759-Eden.fts -> s3://eden-data/RAW/LOT/LSPM_J0903+0540/2021-01-07/LSPM_J0903+0540-20210107@142759-Eden.fits (21/49)
Storing /home/altsai/eden/LOT20210107_LSPM_J0903+0540_mod/LSPM_J0903+0540-20210107@142916-Eden.fts -> s3://eden-data/RAW/LOT/LSPM_J0903+0540/2021-01-07/LSPM_J0903+0540-20210107@142916-Eden.fits (22/49)
Storing /home/altsai/eden/LOT20210107_LSPM_J0903+0540_mod/LSPM_J0903+0540-20210107@143032-Eden.fts -> s3://eden-data/RAW/LOT/LSPM_J0903+0540/2021-01-07/LSPM_J0903+0540-20210107@143032-Eden.fits (23/49)
Storing /home/altsai/eden/LOT20210107_LSPM_J0903+0540_mod/LSPM_J0903+0540-20210107@143146-Eden.fts -> s3://eden-data/RAW/LOT/LSPM_J0903+0540/2021-01-07/LSPM_J0903+0540-20210107@143146-Eden.fits (24/49)
Storing /home/altsai/eden/LOT20210107_LSPM_J0903+0540_mod/LSPM_J0903+0540-20210107@143302-Eden.fts -> s3://eden-data/RAW/LOT/LSPM_J0903+0540/2021-01-07/LSPM_J0903+0540-20210107@143302-Eden.fits (25/49)
Storing /home/altsai/eden/LOT20210107_LSPM_J0903+0540_mod/LSPM_J0903+0540-20210107@143416-Eden.fts -> s3://eden-data/RAW/LOT/LSPM_J0903+0540/2021-01-07/LSPM_J0903+0540-20210107@143416-Eden.fits (26/49)
Storing /home/altsai/eden/LOT20210107_LSPM_J0903+0540_mod/LSPM_J0903+0540-20210107@143533-Eden.fts -> s3://eden-data/RAW/LOT/LSPM_J0903+0540/2021-01-07/LSPM_J0903+0540-20210107@143533-Eden.fits (27/49)
Storing /home/altsai/eden/LOT20210107_LSPM_J0903+0540_mod/LSPM_J0903+0540-20210107@143648-Eden.fts -> s3://eden-data/RAW/LOT/LSPM_J0903+0540/2021-01-07/LSPM_J0903+0540-20210107@143648-Eden.fits (28/49)
Storing /home/altsai/eden/LOT20210107_LSPM_J0903+0540_mod/LSPM_J0903+0540-20210107@143802-Eden.fts -> s3://eden-data/RAW/LOT/LSPM_J0903+0540/2021-01-07/LSPM_J0903+0540-20210107@143802-Eden.fits (29/49)
Storing /home/altsai/eden/LOT20210107_LSPM_J0903+0540_mod/LSPM_J0903+0540-20210107@143917-Eden.fts -> s3://eden-data/RAW/LOT/LSPM_J0903+0540/2021-01-07/LSPM_J0903+0540-20210107@143917-Eden.fits (30/49)
Storing /home/altsai/eden/LOT20210107_LSPM_J0903+0540_mod/LSPM_J0903+0540-20210107@144032-Eden.fts -> s3://eden-data/RAW/LOT/LSPM_J0903+0540/2021-01-07/LSPM_J0903+0540-20210107@144032-Eden.fits (31/49)
Storing /home/altsai/eden/LOT20210107_LSPM_J0903+0540_mod/LSPM_J0903+0540-20210107@144149-Eden.fts -> s3://eden-data/RAW/LOT/LSPM_J0903+0540/2021-01-07/LSPM_J0903+0540-20210107@144149-Eden.fits (32/49)
Storing /home/altsai/eden/LOT20210107_LSPM_J0903+0540_mod/LSPM_J0903+0540-20210107@144304-Eden.fts -> s3://eden-data/RAW/LOT/LSPM_J0903+0540/2021-01-07/LSPM_J0903+0540-20210107@144304-Eden.fits (33/49)
Storing /home/altsai/eden/LOT20210107_LSPM_J0903+0540_mod/LSPM_J0903+0540-20210107@144420-Eden.fts -> s3://eden-data/RAW/LOT/LSPM_J0903+0540/2021-01-07/LSPM_J0903+0540-20210107@144420-Eden.fits (34/49)
Storing /home/altsai/eden/LOT20210107_LSPM_J0903+0540_mod/LSPM_J0903+0540-20210107@144535-Eden.fts -> s3://eden-data/RAW/LOT/LSPM_J0903+0540/2021-01-07/LSPM_J0903+0540-20210107@144535-Eden.fits (35/49)
Storing /home/altsai/eden/LOT20210107_LSPM_J0903+0540_mod/LSPM_J0903+0540-20210107@144650-Eden.fts -> s3://eden-data/RAW/LOT/LSPM_J0903+0540/2021-01-07/LSPM_J0903+0540-20210107@144650-Eden.fits (36/49)
Storing /home/altsai/eden/LOT20210107_LSPM_J0903+0540_mod/LSPM_J0903+0540-20210107@144805-Eden.fts -> s3://eden-data/RAW/LOT/LSPM_J0903+0540/2021-01-07/LSPM_J0903+0540-20210107@144805-Eden.fits (37/49)
Storing /home/altsai/eden/LOT20210107_LSPM_J0903+0540_mod/LSPM_J0903+0540-20210107@144920-Eden.fts -> s3://eden-data/RAW/LOT/LSPM_J0903+0540/2021-01-07/LSPM_J0903+0540-20210107@144920-Eden.fits (38/49)
Storing /home/altsai/eden/LOT20210107_LSPM_J0903+0540_mod/LSPM_J0903+0540-20210107@145037-Eden.fts -> s3://eden-data/RAW/LOT/LSPM_J0903+0540/2021-01-07/LSPM_J0903+0540-20210107@145037-Eden.fits (39/49)
Storing /home/altsai/eden/LOT20210107_LSPM_J0903+0540_mod/LSPM_J0903+0540-20210107@145152-Eden.fts -> s3://eden-data/RAW/LOT/LSPM_J0903+0540/2021-01-07/LSPM_J0903+0540-20210107@145152-Eden.fits (40/49)
Storing /home/altsai/eden/LOT20210107_LSPM_J0903+0540_mod/LSPM_J0903+0540-20210107@145306-Eden.fts -> s3://eden-data/RAW/LOT/LSPM_J0903+0540/2021-01-07/LSPM_J0903+0540-20210107@145306-Eden.fits (41/49)
Storing /home/altsai/eden/LOT20210107_LSPM_J0903+0540_mod/LSPM_J0903+0540-20210107@145421-Eden.fts -> s3://eden-data/RAW/LOT/LSPM_J0903+0540/2021-01-07/LSPM_J0903+0540-20210107@145421-Eden.fits (42/49)
Storing /home/altsai/eden/LOT20210107_LSPM_J0903+0540_mod/LSPM_J0903+0540-20210107@145535-Eden.fts -> s3://eden-data/RAW/LOT/LSPM_J0903+0540/2021-01-07/LSPM_J0903+0540-20210107@145535-Eden.fits (43/49)
Storing /home/altsai/eden/LOT20210107_LSPM_J0903+0540_mod/LSPM_J0903+0540-20210107@145651-Eden.fts -> s3://eden-data/RAW/LOT/LSPM_J0903+0540/2021-01-07/LSPM_J0903+0540-20210107@145651-Eden.fits (44/49)
Storing /home/altsai/eden/LOT20210107_LSPM_J0903+0540_mod/LSPM_J0903+0540-20210107@145805-Eden.fts -> s3://eden-data/RAW/LOT/LSPM_J0903+0540/2021-01-07/LSPM_J0903+0540-20210107@145805-Eden.fits (45/49)
Storing /home/altsai/eden/LOT20210107_LSPM_J0903+0540_mod/LSPM_J0903+0540-20210107@145922-Eden.fts -> s3://eden-data/RAW/LOT/LSPM_J0903+0540/2021-01-07/LSPM_J0903+0540-20210107@145922-Eden.fits (46/49)
Storing /home/altsai/eden/LOT20210107_LSPM_J0903+0540_mod/LSPM_J0903+0540-20210107@150036-Eden.fts -> s3://eden-data/RAW/LOT/LSPM_J0903+0540/2021-01-07/LSPM_J0903+0540-20210107@150036-Eden.fits (47/49)
Storing /home/altsai/eden/LOT20210107_LSPM_J0903+0540_mod/LSPM_J0903+0540-20210107@150151-Eden.fts -> s3://eden-data/RAW/LOT/LSPM_J0903+0540/2021-01-07/LSPM_J0903+0540-20210107@150151-Eden.fits (48/49)
Storing /home/altsai/eden/LOT20210107_LSPM_J0903+0540_mod/LSPM_J0903+0540-20210107@150306-Eden.fts -> s3://eden-data/RAW/LOT/LSPM_J0903+0540/2021-01-07/LSPM_J0903+0540-20210107@150306-Eden.fits (49/49)

Upload complete!
Stored: 49 files (0.4 GB)
