(asenv) altsai@Hercules:~/eden/edenTransfer$ python store_fits.py --dryrun /home/altsai/eden/LOT20191007_mod/ | tee LOT20191007_dryrun.log

Bucket successfully loaded! eden-data
434 files found
Storing data to the S3 archive!
Doing a dry run - uploads will not be committed.
Verbose output enabled.
Skipping /home/altsai/eden/LOT20191007_mod/20191007-001d5s.fits -> s3://eden-data/Calibrations/LOT/DARK/2019-10-07/20191007-001d5s.fits (file already exists) (1/434) (dry run)
Skipping /home/altsai/eden/LOT20191007_mod/20191007-001eden5s.fits -> s3://eden-data/Calibrations/LOT/FLAT/2019-10-07/20191007-001eden5s.fits (file already exists) (2/434) (dry run)
Skipping /home/altsai/eden/LOT20191007_mod/20191007-001i5s.fits -> s3://eden-data/Calibrations/LOT/FLAT/2019-10-07/20191007-001i5s.fits (file already exists) (3/434) (dry run)
Skipping /home/altsai/eden/LOT20191007_mod/20191007-001r5s.fits -> s3://eden-data/Calibrations/LOT/FLAT/2019-10-07/20191007-001r5s.fits (file already exists) (4/434) (dry run)
Skipping /home/altsai/eden/LOT20191007_mod/20191007-001v5s.fits -> s3://eden-data/Calibrations/LOT/FLAT/2019-10-07/20191007-001v5s.fits (file already exists) (5/434) (dry run)
Skipping /home/altsai/eden/LOT20191007_mod/20191007-002d5s.fits -> s3://eden-data/Calibrations/LOT/DARK/2019-10-07/20191007-002d5s.fits (file already exists) (6/434) (dry run)
Skipping /home/altsai/eden/LOT20191007_mod/20191007-002eden5s.fits -> s3://eden-data/Calibrations/LOT/FLAT/2019-10-07/20191007-002eden5s.fits (file already exists) (7/434) (dry run)
Skipping /home/altsai/eden/LOT20191007_mod/20191007-002i5s.fits -> s3://eden-data/Calibrations/LOT/FLAT/2019-10-07/20191007-002i5s.fits (file already exists) (8/434) (dry run)
Skipping /home/altsai/eden/LOT20191007_mod/20191007-002r5s.fits -> s3://eden-data/Calibrations/LOT/FLAT/2019-10-07/20191007-002r5s.fits (file already exists) (9/434) (dry run)
Skipping /home/altsai/eden/LOT20191007_mod/20191007-002v5s.fits -> s3://eden-data/Calibrations/LOT/FLAT/2019-10-07/20191007-002v5s.fits (file already exists) (10/434) (dry run)
Skipping /home/altsai/eden/LOT20191007_mod/20191007-003d5s.fits -> s3://eden-data/Calibrations/LOT/DARK/2019-10-07/20191007-003d5s.fits (file already exists) (11/434) (dry run)
Skipping /home/altsai/eden/LOT20191007_mod/20191007-003eden5s.fits -> s3://eden-data/Calibrations/LOT/FLAT/2019-10-07/20191007-003eden5s.fits (file already exists) (12/434) (dry run)
Skipping /home/altsai/eden/LOT20191007_mod/20191007-003i5s.fits -> s3://eden-data/Calibrations/LOT/FLAT/2019-10-07/20191007-003i5s.fits (file already exists) (13/434) (dry run)
Skipping /home/altsai/eden/LOT20191007_mod/20191007-003r5s.fits -> s3://eden-data/Calibrations/LOT/FLAT/2019-10-07/20191007-003r5s.fits (file already exists) (14/434) (dry run)
Skipping /home/altsai/eden/LOT20191007_mod/20191007-003v5s.fits -> s3://eden-data/Calibrations/LOT/FLAT/2019-10-07/20191007-003v5s.fits (file already exists) (15/434) (dry run)
Skipping /home/altsai/eden/LOT20191007_mod/20191007-004d5s.fits -> s3://eden-data/Calibrations/LOT/DARK/2019-10-07/20191007-004d5s.fits (file already exists) (16/434) (dry run)
Skipping /home/altsai/eden/LOT20191007_mod/20191007-004eden5s.fits -> s3://eden-data/Calibrations/LOT/FLAT/2019-10-07/20191007-004eden5s.fits (file already exists) (17/434) (dry run)
Skipping /home/altsai/eden/LOT20191007_mod/20191007-004i5s.fits -> s3://eden-data/Calibrations/LOT/FLAT/2019-10-07/20191007-004i5s.fits (file already exists) (18/434) (dry run)
Skipping /home/altsai/eden/LOT20191007_mod/20191007-004r5s.fits -> s3://eden-data/Calibrations/LOT/FLAT/2019-10-07/20191007-004r5s.fits (file already exists) (19/434) (dry run)
Skipping /home/altsai/eden/LOT20191007_mod/20191007-004v5s.fits -> s3://eden-data/Calibrations/LOT/FLAT/2019-10-07/20191007-004v5s.fits (file already exists) (20/434) (dry run)
Skipping /home/altsai/eden/LOT20191007_mod/20191007-005d5s.fits -> s3://eden-data/Calibrations/LOT/DARK/2019-10-07/20191007-005d5s.fits (file already exists) (21/434) (dry run)
Skipping /home/altsai/eden/LOT20191007_mod/20191007-005eden5s.fits -> s3://eden-data/Calibrations/LOT/FLAT/2019-10-07/20191007-005eden5s.fits (file already exists) (22/434) (dry run)
Skipping /home/altsai/eden/LOT20191007_mod/20191007-005i5s.fits -> s3://eden-data/Calibrations/LOT/FLAT/2019-10-07/20191007-005i5s.fits (file already exists) (23/434) (dry run)
Skipping /home/altsai/eden/LOT20191007_mod/20191007-005r5s.fits -> s3://eden-data/Calibrations/LOT/FLAT/2019-10-07/20191007-005r5s.fits (file already exists) (24/434) (dry run)
Skipping /home/altsai/eden/LOT20191007_mod/20191007-005v5s.fits -> s3://eden-data/Calibrations/LOT/FLAT/2019-10-07/20191007-005v5s.fits (file already exists) (25/434) (dry run)
Skipping /home/altsai/eden/LOT20191007_mod/20191007-006d5s.fits -> s3://eden-data/Calibrations/LOT/DARK/2019-10-07/20191007-006d5s.fits (file already exists) (26/434) (dry run)
Skipping /home/altsai/eden/LOT20191007_mod/20191007-006eden5s.fits -> s3://eden-data/Calibrations/LOT/FLAT/2019-10-07/20191007-006eden5s.fits (file already exists) (27/434) (dry run)
Skipping /home/altsai/eden/LOT20191007_mod/20191007-006r5s.fits -> s3://eden-data/Calibrations/LOT/FLAT/2019-10-07/20191007-006r5s.fits (file already exists) (28/434) (dry run)
Skipping /home/altsai/eden/LOT20191007_mod/20191007-006v5s.fits -> s3://eden-data/Calibrations/LOT/FLAT/2019-10-07/20191007-006v5s.fits (file already exists) (29/434) (dry run)
Skipping /home/altsai/eden/LOT20191007_mod/20191007-007d5s.fits -> s3://eden-data/Calibrations/LOT/DARK/2019-10-07/20191007-007d5s.fits (file already exists) (30/434) (dry run)
Skipping /home/altsai/eden/LOT20191007_mod/20191007-007eden5s.fits -> s3://eden-data/Calibrations/LOT/FLAT/2019-10-07/20191007-007eden5s.fits (file already exists) (31/434) (dry run)
Skipping /home/altsai/eden/LOT20191007_mod/20191007-007v5s.fits -> s3://eden-data/Calibrations/LOT/FLAT/2019-10-07/20191007-007v5s.fits (file already exists) (32/434) (dry run)
Skipping /home/altsai/eden/LOT20191007_mod/20191007-008d5s.fits -> s3://eden-data/Calibrations/LOT/DARK/2019-10-07/20191007-008d5s.fits (file already exists) (33/434) (dry run)
Skipping /home/altsai/eden/LOT20191007_mod/20191007-008eden5s.fits -> s3://eden-data/Calibrations/LOT/FLAT/2019-10-07/20191007-008eden5s.fits (file already exists) (34/434) (dry run)
Skipping /home/altsai/eden/LOT20191007_mod/20191007-008v5s.fits -> s3://eden-data/Calibrations/LOT/FLAT/2019-10-07/20191007-008v5s.fits (file already exists) (35/434) (dry run)
Skipping /home/altsai/eden/LOT20191007_mod/20191007-009d5s.fits -> s3://eden-data/Calibrations/LOT/DARK/2019-10-07/20191007-009d5s.fits (file already exists) (36/434) (dry run)
Skipping /home/altsai/eden/LOT20191007_mod/20191007-009eden5s.fits -> s3://eden-data/Calibrations/LOT/FLAT/2019-10-07/20191007-009eden5s.fits (file already exists) (37/434) (dry run)
Skipping /home/altsai/eden/LOT20191007_mod/20191007-009v5s.fits -> s3://eden-data/Calibrations/LOT/FLAT/2019-10-07/20191007-009v5s.fits (file already exists) (38/434) (dry run)
Skipping /home/altsai/eden/LOT20191007_mod/20191007-010d5s.fits -> s3://eden-data/Calibrations/LOT/DARK/2019-10-07/20191007-010d5s.fits (file already exists) (39/434) (dry run)
Skipping /home/altsai/eden/LOT20191007_mod/20191007-010e60s.fits -> s3://eden-data/RAW/LOT/2MUCD10014/2019-10-07/20191007-010e60s.fits (file already exists) (40/434) (dry run)
Skipping /home/altsai/eden/LOT20191007_mod/20191007-010eden5s.fits -> s3://eden-data/Calibrations/LOT/FLAT/2019-10-07/20191007-010eden5s.fits (file already exists) (41/434) (dry run)
Skipping /home/altsai/eden/LOT20191007_mod/20191007-010v5s.fits -> s3://eden-data/Calibrations/LOT/FLAT/2019-10-07/20191007-010v5s.fits (file already exists) (42/434) (dry run)
Skipping /home/altsai/eden/LOT20191007_mod/20191007-011e60s.fits -> s3://eden-data/RAW/LOT/2MUCD10014/2019-10-07/20191007-011e60s.fits (file already exists) (43/434) (dry run)
Skipping /home/altsai/eden/LOT20191007_mod/20191007-011v5s.fits -> s3://eden-data/Calibrations/LOT/FLAT/2019-10-07/20191007-011v5s.fits (file already exists) (44/434) (dry run)
Skipping /home/altsai/eden/LOT20191007_mod/20191007-012e60s.fits -> s3://eden-data/RAW/LOT/2MUCD10014/2019-10-07/20191007-012e60s.fits (file already exists) (45/434) (dry run)
Skipping /home/altsai/eden/LOT20191007_mod/20191007-012v5s.fits -> s3://eden-data/Calibrations/LOT/FLAT/2019-10-07/20191007-012v5s.fits (file already exists) (46/434) (dry run)
Skipping /home/altsai/eden/LOT20191007_mod/20191007-013e60s.fits -> s3://eden-data/RAW/LOT/2MUCD10014/2019-10-07/20191007-013e60s.fits (file already exists) (47/434) (dry run)
Skipping /home/altsai/eden/LOT20191007_mod/20191007-014e60s.fits -> s3://eden-data/RAW/LOT/2MUCD10014/2019-10-07/20191007-014e60s.fits (file already exists) (48/434) (dry run)
Skipping /home/altsai/eden/LOT20191007_mod/20191007-015e60s.fits -> s3://eden-data/RAW/LOT/2MUCD10014/2019-10-07/20191007-015e60s.fits (file already exists) (49/434) (dry run)
Skipping /home/altsai/eden/LOT20191007_mod/20191007-016e60s.fits -> s3://eden-data/RAW/LOT/2MUCD10014/2019-10-07/20191007-016e60s.fits (file already exists) (50/434) (dry run)
Skipping /home/altsai/eden/LOT20191007_mod/20191007-017e60s.fits -> s3://eden-data/RAW/LOT/2MUCD10014/2019-10-07/20191007-017e60s.fits (file already exists) (51/434) (dry run)
Skipping /home/altsai/eden/LOT20191007_mod/20191007-018e60s.fits -> s3://eden-data/RAW/LOT/2MUCD10014/2019-10-07/20191007-018e60s.fits (file already exists) (52/434) (dry run)
Skipping /home/altsai/eden/LOT20191007_mod/20191007-019e60s.fits -> s3://eden-data/RAW/LOT/2MUCD10014/2019-10-07/20191007-019e60s.fits (file already exists) (53/434) (dry run)
Skipping /home/altsai/eden/LOT20191007_mod/20191007-020e60s.fits -> s3://eden-data/RAW/LOT/2MUCD10014/2019-10-07/20191007-020e60s.fits (file already exists) (54/434) (dry run)
Skipping /home/altsai/eden/LOT20191007_mod/20191007-021e60s.fits -> s3://eden-data/RAW/LOT/2MUCD10014/2019-10-07/20191007-021e60s.fits (file already exists) (55/434) (dry run)
Skipping /home/altsai/eden/LOT20191007_mod/20191007-022e60s.fits -> s3://eden-data/RAW/LOT/2MUCD10014/2019-10-07/20191007-022e60s.fits (file already exists) (56/434) (dry run)
Skipping /home/altsai/eden/LOT20191007_mod/20191007-023e60s.fits -> s3://eden-data/RAW/LOT/2MUCD10014/2019-10-07/20191007-023e60s.fits (file already exists) (57/434) (dry run)
Skipping /home/altsai/eden/LOT20191007_mod/20191007-024e60s.fits -> s3://eden-data/RAW/LOT/2MUCD10014/2019-10-07/20191007-024e60s.fits (file already exists) (58/434) (dry run)
Skipping /home/altsai/eden/LOT20191007_mod/20191007-025e60s.fits -> s3://eden-data/RAW/LOT/2MUCD10014/2019-10-07/20191007-025e60s.fits (file already exists) (59/434) (dry run)
Skipping /home/altsai/eden/LOT20191007_mod/20191007-026e60s.fits -> s3://eden-data/RAW/LOT/2MUCD10014/2019-10-07/20191007-026e60s.fits (file already exists) (60/434) (dry run)
Skipping /home/altsai/eden/LOT20191007_mod/20191007-027e60s.fits -> s3://eden-data/RAW/LOT/2MUCD10014/2019-10-07/20191007-027e60s.fits (file already exists) (61/434) (dry run)
Skipping /home/altsai/eden/LOT20191007_mod/20191007-028e60s.fits -> s3://eden-data/RAW/LOT/2MUCD10014/2019-10-07/20191007-028e60s.fits (file already exists) (62/434) (dry run)
Skipping /home/altsai/eden/LOT20191007_mod/2MUCD10014-20191007@120131-Eden.fts -> s3://eden-data/RAW/LOT/2MUCD10014/2019-10-07/2MUCD10014-20191007@120131-Eden.fits (file already exists) (63/434) (dry run)
Skipping /home/altsai/eden/LOT20191007_mod/2MUCD10014-20191007@120254-Eden.fts -> s3://eden-data/RAW/LOT/2MUCD10014/2019-10-07/2MUCD10014-20191007@120254-Eden.fits (file already exists) (64/434) (dry run)
Skipping /home/altsai/eden/LOT20191007_mod/2MUCD10014-20191007@120406-Eden.fts -> s3://eden-data/RAW/LOT/2MUCD10014/2019-10-07/2MUCD10014-20191007@120406-Eden.fits (file already exists) (65/434) (dry run)
Skipping /home/altsai/eden/LOT20191007_mod/2MUCD10014-20191007@120518-Eden.fts -> s3://eden-data/RAW/LOT/2MUCD10014/2019-10-07/2MUCD10014-20191007@120518-Eden.fits (file already exists) (66/434) (dry run)
Skipping /home/altsai/eden/LOT20191007_mod/2MUCD10014-20191007@120630-Eden.fts -> s3://eden-data/RAW/LOT/2MUCD10014/2019-10-07/2MUCD10014-20191007@120630-Eden.fits (file already exists) (67/434) (dry run)
Skipping /home/altsai/eden/LOT20191007_mod/2MUCD10014-20191007@120741-Eden.fts -> s3://eden-data/RAW/LOT/2MUCD10014/2019-10-07/2MUCD10014-20191007@120741-Eden.fits (file already exists) (68/434) (dry run)
Skipping /home/altsai/eden/LOT20191007_mod/2MUCD10014-20191007@120853-Eden.fts -> s3://eden-data/RAW/LOT/2MUCD10014/2019-10-07/2MUCD10014-20191007@120853-Eden.fits (file already exists) (69/434) (dry run)
Skipping /home/altsai/eden/LOT20191007_mod/2MUCD10014-20191007@121005-Eden.fts -> s3://eden-data/RAW/LOT/2MUCD10014/2019-10-07/2MUCD10014-20191007@121005-Eden.fits (file already exists) (70/434) (dry run)
Skipping /home/altsai/eden/LOT20191007_mod/2MUCD10014-20191007@121117-Eden.fts -> s3://eden-data/RAW/LOT/2MUCD10014/2019-10-07/2MUCD10014-20191007@121117-Eden.fits (file already exists) (71/434) (dry run)
Skipping /home/altsai/eden/LOT20191007_mod/2MUCD10014-20191007@121229-Eden.fts -> s3://eden-data/RAW/LOT/2MUCD10014/2019-10-07/2MUCD10014-20191007@121229-Eden.fits (file already exists) (72/434) (dry run)
Skipping /home/altsai/eden/LOT20191007_mod/2MUCD10014-20191007@121340-Eden.fts -> s3://eden-data/RAW/LOT/2MUCD10014/2019-10-07/2MUCD10014-20191007@121340-Eden.fits (file already exists) (73/434) (dry run)
Skipping /home/altsai/eden/LOT20191007_mod/2MUCD10014-20191007@121451-Eden.fts -> s3://eden-data/RAW/LOT/2MUCD10014/2019-10-07/2MUCD10014-20191007@121451-Eden.fits (file already exists) (74/434) (dry run)
Skipping /home/altsai/eden/LOT20191007_mod/2MUCD10014-20191007@121603-Eden.fts -> s3://eden-data/RAW/LOT/2MUCD10014/2019-10-07/2MUCD10014-20191007@121603-Eden.fits (file already exists) (75/434) (dry run)
Skipping /home/altsai/eden/LOT20191007_mod/2MUCD10014-20191007@121715-Eden.fts -> s3://eden-data/RAW/LOT/2MUCD10014/2019-10-07/2MUCD10014-20191007@121715-Eden.fits (file already exists) (76/434) (dry run)
Skipping /home/altsai/eden/LOT20191007_mod/2MUCD10014-20191007@121827-Eden.fts -> s3://eden-data/RAW/LOT/2MUCD10014/2019-10-07/2MUCD10014-20191007@121827-Eden.fits (file already exists) (77/434) (dry run)
Skipping /home/altsai/eden/LOT20191007_mod/2MUCD10014-20191007@121939-Eden.fts -> s3://eden-data/RAW/LOT/2MUCD10014/2019-10-07/2MUCD10014-20191007@121939-Eden.fits (file already exists) (78/434) (dry run)
Skipping /home/altsai/eden/LOT20191007_mod/2MUCD10014-20191007@122051-Eden.fts -> s3://eden-data/RAW/LOT/2MUCD10014/2019-10-07/2MUCD10014-20191007@122051-Eden.fits (file already exists) (79/434) (dry run)
Skipping /home/altsai/eden/LOT20191007_mod/2MUCD10014-20191007@122203-Eden.fts -> s3://eden-data/RAW/LOT/2MUCD10014/2019-10-07/2MUCD10014-20191007@122203-Eden.fits (file already exists) (80/434) (dry run)
Skipping /home/altsai/eden/LOT20191007_mod/2MUCD10014-20191007@122314-Eden.fts -> s3://eden-data/RAW/LOT/2MUCD10014/2019-10-07/2MUCD10014-20191007@122314-Eden.fits (file already exists) (81/434) (dry run)
Skipping /home/altsai/eden/LOT20191007_mod/2MUCD10014-20191007@122426-Eden.fts -> s3://eden-data/RAW/LOT/2MUCD10014/2019-10-07/2MUCD10014-20191007@122426-Eden.fits (file already exists) (82/434) (dry run)
Skipping /home/altsai/eden/LOT20191007_mod/2MUCD10014-20191007@122539-Eden.fts -> s3://eden-data/RAW/LOT/2MUCD10014/2019-10-07/2MUCD10014-20191007@122539-Eden.fits (file already exists) (83/434) (dry run)
Skipping /home/altsai/eden/LOT20191007_mod/2MUCD10014-20191007@122650-Eden.fts -> s3://eden-data/RAW/LOT/2MUCD10014/2019-10-07/2MUCD10014-20191007@122650-Eden.fits (file already exists) (84/434) (dry run)
Skipping /home/altsai/eden/LOT20191007_mod/2MUCD10014-20191007@122802-Eden.fts -> s3://eden-data/RAW/LOT/2MUCD10014/2019-10-07/2MUCD10014-20191007@122802-Eden.fits (file already exists) (85/434) (dry run)
Skipping /home/altsai/eden/LOT20191007_mod/2MUCD10014-20191007@122914-Eden.fts -> s3://eden-data/RAW/LOT/2MUCD10014/2019-10-07/2MUCD10014-20191007@122914-Eden.fits (file already exists) (86/434) (dry run)
Skipping /home/altsai/eden/LOT20191007_mod/2MUCD10014-20191007@123025-Eden.fts -> s3://eden-data/RAW/LOT/2MUCD10014/2019-10-07/2MUCD10014-20191007@123025-Eden.fits (file already exists) (87/434) (dry run)
Skipping /home/altsai/eden/LOT20191007_mod/2MUCD10014-20191007@123137-Eden.fts -> s3://eden-data/RAW/LOT/2MUCD10014/2019-10-07/2MUCD10014-20191007@123137-Eden.fits (file already exists) (88/434) (dry run)
Skipping /home/altsai/eden/LOT20191007_mod/2MUCD10014-20191007@123249-Eden.fts -> s3://eden-data/RAW/LOT/2MUCD10014/2019-10-07/2MUCD10014-20191007@123249-Eden.fits (file already exists) (89/434) (dry run)
Skipping /home/altsai/eden/LOT20191007_mod/2MUCD10014-20191007@123400-Eden.fts -> s3://eden-data/RAW/LOT/2MUCD10014/2019-10-07/2MUCD10014-20191007@123400-Eden.fits (file already exists) (90/434) (dry run)
Skipping /home/altsai/eden/LOT20191007_mod/2MUCD10014-20191007@123512-Eden.fts -> s3://eden-data/RAW/LOT/2MUCD10014/2019-10-07/2MUCD10014-20191007@123512-Eden.fits (file already exists) (91/434) (dry run)
Skipping /home/altsai/eden/LOT20191007_mod/2MUCD10014-20191007@123623-Eden.fts -> s3://eden-data/RAW/LOT/2MUCD10014/2019-10-07/2MUCD10014-20191007@123623-Eden.fits (file already exists) (92/434) (dry run)
Skipping /home/altsai/eden/LOT20191007_mod/2MUCD10014-20191007@123735-Eden.fts -> s3://eden-data/RAW/LOT/2MUCD10014/2019-10-07/2MUCD10014-20191007@123735-Eden.fits (file already exists) (93/434) (dry run)
Skipping /home/altsai/eden/LOT20191007_mod/2MUCD10014-20191007@123846-Eden.fts -> s3://eden-data/RAW/LOT/2MUCD10014/2019-10-07/2MUCD10014-20191007@123846-Eden.fits (file already exists) (94/434) (dry run)
Skipping /home/altsai/eden/LOT20191007_mod/2MUCD10014-20191007@123958-Eden.fts -> s3://eden-data/RAW/LOT/2MUCD10014/2019-10-07/2MUCD10014-20191007@123958-Eden.fits (file already exists) (95/434) (dry run)
Skipping /home/altsai/eden/LOT20191007_mod/2MUCD10014-20191007@124109-Eden.fts -> s3://eden-data/RAW/LOT/2MUCD10014/2019-10-07/2MUCD10014-20191007@124109-Eden.fits (file already exists) (96/434) (dry run)
Skipping /home/altsai/eden/LOT20191007_mod/2MUCD10014-20191007@124220-Eden.fts -> s3://eden-data/RAW/LOT/2MUCD10014/2019-10-07/2MUCD10014-20191007@124220-Eden.fits (file already exists) (97/434) (dry run)
Skipping /home/altsai/eden/LOT20191007_mod/2MUCD10014-20191007@124332-Eden.fts -> s3://eden-data/RAW/LOT/2MUCD10014/2019-10-07/2MUCD10014-20191007@124332-Eden.fits (file already exists) (98/434) (dry run)
Skipping /home/altsai/eden/LOT20191007_mod/2MUCD10014-20191007@124443-Eden.fts -> s3://eden-data/RAW/LOT/2MUCD10014/2019-10-07/2MUCD10014-20191007@124443-Eden.fits (file already exists) (99/434) (dry run)
Skipping /home/altsai/eden/LOT20191007_mod/2MUCD10014-20191007@124555-Eden.fts -> s3://eden-data/RAW/LOT/2MUCD10014/2019-10-07/2MUCD10014-20191007@124555-Eden.fits (file already exists) (100/434) (dry run)
Skipping /home/altsai/eden/LOT20191007_mod/2MUCD10014-20191007@124706-Eden.fts -> s3://eden-data/RAW/LOT/2MUCD10014/2019-10-07/2MUCD10014-20191007@124706-Eden.fits (file already exists) (101/434) (dry run)
Skipping /home/altsai/eden/LOT20191007_mod/2MUCD10014-20191007@124818-Eden.fts -> s3://eden-data/RAW/LOT/2MUCD10014/2019-10-07/2MUCD10014-20191007@124818-Eden.fits (file already exists) (102/434) (dry run)
Skipping /home/altsai/eden/LOT20191007_mod/2MUCD10014-20191007@124930-Eden.fts -> s3://eden-data/RAW/LOT/2MUCD10014/2019-10-07/2MUCD10014-20191007@124930-Eden.fits (file already exists) (103/434) (dry run)
Skipping /home/altsai/eden/LOT20191007_mod/2MUCD10014-20191007@125042-Eden.fts -> s3://eden-data/RAW/LOT/2MUCD10014/2019-10-07/2MUCD10014-20191007@125042-Eden.fits (file already exists) (104/434) (dry run)
Skipping /home/altsai/eden/LOT20191007_mod/2MUCD10014-20191007@125154-Eden.fts -> s3://eden-data/RAW/LOT/2MUCD10014/2019-10-07/2MUCD10014-20191007@125154-Eden.fits (file already exists) (105/434) (dry run)
Skipping /home/altsai/eden/LOT20191007_mod/2MUCD10014-20191007@125305-Eden.fts -> s3://eden-data/RAW/LOT/2MUCD10014/2019-10-07/2MUCD10014-20191007@125305-Eden.fits (file already exists) (106/434) (dry run)
Skipping /home/altsai/eden/LOT20191007_mod/2MUCD10014-20191007@125416-Eden.fts -> s3://eden-data/RAW/LOT/2MUCD10014/2019-10-07/2MUCD10014-20191007@125416-Eden.fits (file already exists) (107/434) (dry run)
Skipping /home/altsai/eden/LOT20191007_mod/2MUCD10014-20191007@125528-Eden.fts -> s3://eden-data/RAW/LOT/2MUCD10014/2019-10-07/2MUCD10014-20191007@125528-Eden.fits (file already exists) (108/434) (dry run)
Skipping /home/altsai/eden/LOT20191007_mod/2MUCD10014-20191007@125640-Eden.fts -> s3://eden-data/RAW/LOT/2MUCD10014/2019-10-07/2MUCD10014-20191007@125640-Eden.fits (file already exists) (109/434) (dry run)
Skipping /home/altsai/eden/LOT20191007_mod/2MUCD10014-20191007@125751-Eden.fts -> s3://eden-data/RAW/LOT/2MUCD10014/2019-10-07/2MUCD10014-20191007@125751-Eden.fits (file already exists) (110/434) (dry run)
Skipping /home/altsai/eden/LOT20191007_mod/2MUCD10014-20191007@125903-Eden.fts -> s3://eden-data/RAW/LOT/2MUCD10014/2019-10-07/2MUCD10014-20191007@125903-Eden.fits (file already exists) (111/434) (dry run)
Skipping /home/altsai/eden/LOT20191007_mod/2MUCD10014-20191007@130015-Eden.fts -> s3://eden-data/RAW/LOT/2MUCD10014/2019-10-07/2MUCD10014-20191007@130015-Eden.fits (file already exists) (112/434) (dry run)
Skipping /home/altsai/eden/LOT20191007_mod/2MUCD10014-20191007@130126-Eden.fts -> s3://eden-data/RAW/LOT/2MUCD10014/2019-10-07/2MUCD10014-20191007@130126-Eden.fits (file already exists) (113/434) (dry run)
Skipping /home/altsai/eden/LOT20191007_mod/2MUCD10014-20191007@130237-Eden.fts -> s3://eden-data/RAW/LOT/2MUCD10014/2019-10-07/2MUCD10014-20191007@130237-Eden.fits (file already exists) (114/434) (dry run)
Skipping /home/altsai/eden/LOT20191007_mod/2MUCD10014-20191007@130349-Eden.fts -> s3://eden-data/RAW/LOT/2MUCD10014/2019-10-07/2MUCD10014-20191007@130349-Eden.fits (file already exists) (115/434) (dry run)
Skipping /home/altsai/eden/LOT20191007_mod/2MUCD10014-20191007@130500-Eden.fts -> s3://eden-data/RAW/LOT/2MUCD10014/2019-10-07/2MUCD10014-20191007@130500-Eden.fits (file already exists) (116/434) (dry run)
Skipping /home/altsai/eden/LOT20191007_mod/2MUCD10014-20191007@130612-Eden.fts -> s3://eden-data/RAW/LOT/2MUCD10014/2019-10-07/2MUCD10014-20191007@130612-Eden.fits (file already exists) (117/434) (dry run)
Skipping /home/altsai/eden/LOT20191007_mod/2MUCD10014-20191007@130723-Eden.fts -> s3://eden-data/RAW/LOT/2MUCD10014/2019-10-07/2MUCD10014-20191007@130723-Eden.fits (file already exists) (118/434) (dry run)
Skipping /home/altsai/eden/LOT20191007_mod/2MUCD10014-20191007@130834-Eden.fts -> s3://eden-data/RAW/LOT/2MUCD10014/2019-10-07/2MUCD10014-20191007@130834-Eden.fits (file already exists) (119/434) (dry run)
Skipping /home/altsai/eden/LOT20191007_mod/2MUCD10014-20191007@130947-Eden.fts -> s3://eden-data/RAW/LOT/2MUCD10014/2019-10-07/2MUCD10014-20191007@130947-Eden.fits (file already exists) (120/434) (dry run)
Skipping /home/altsai/eden/LOT20191007_mod/2MUCD10014-20191007@151951-Eden.fts -> s3://eden-data/RAW/LOT/2MUCD10014/2019-10-07/2MUCD10014-20191007@151951-Eden.fits (file already exists) (121/434) (dry run)
Skipping /home/altsai/eden/LOT20191007_mod/2MUCD10014-20191007@152115-Eden.fts -> s3://eden-data/RAW/LOT/2MUCD10014/2019-10-07/2MUCD10014-20191007@152115-Eden.fits (file already exists) (122/434) (dry run)
Skipping /home/altsai/eden/LOT20191007_mod/2MUCD10014-20191007@152227-Eden.fts -> s3://eden-data/RAW/LOT/2MUCD10014/2019-10-07/2MUCD10014-20191007@152227-Eden.fits (file already exists) (123/434) (dry run)
Skipping /home/altsai/eden/LOT20191007_mod/2MUCD10014-20191007@152338-Eden.fts -> s3://eden-data/RAW/LOT/2MUCD10014/2019-10-07/2MUCD10014-20191007@152338-Eden.fits (file already exists) (124/434) (dry run)
Skipping /home/altsai/eden/LOT20191007_mod/2MUCD10014-20191007@152450-Eden.fts -> s3://eden-data/RAW/LOT/2MUCD10014/2019-10-07/2MUCD10014-20191007@152450-Eden.fits (file already exists) (125/434) (dry run)
Skipping /home/altsai/eden/LOT20191007_mod/2MUCD10014-20191007@152602-Eden.fts -> s3://eden-data/RAW/LOT/2MUCD10014/2019-10-07/2MUCD10014-20191007@152602-Eden.fits (file already exists) (126/434) (dry run)
Skipping /home/altsai/eden/LOT20191007_mod/2MUCD10014-20191007@152713-Eden.fts -> s3://eden-data/RAW/LOT/2MUCD10014/2019-10-07/2MUCD10014-20191007@152713-Eden.fits (file already exists) (127/434) (dry run)
Skipping /home/altsai/eden/LOT20191007_mod/2MUCD10014-20191007@152825-Eden.fts -> s3://eden-data/RAW/LOT/2MUCD10014/2019-10-07/2MUCD10014-20191007@152825-Eden.fits (file already exists) (128/434) (dry run)
Skipping /home/altsai/eden/LOT20191007_mod/2MUCD10014-20191007@152935-Eden.fts -> s3://eden-data/RAW/LOT/2MUCD10014/2019-10-07/2MUCD10014-20191007@152935-Eden.fits (file already exists) (129/434) (dry run)
Skipping /home/altsai/eden/LOT20191007_mod/2MUCD10014-20191007@153047-Eden.fts -> s3://eden-data/RAW/LOT/2MUCD10014/2019-10-07/2MUCD10014-20191007@153047-Eden.fits (file already exists) (130/434) (dry run)
Skipping /home/altsai/eden/LOT20191007_mod/2MUCD10014-20191007@153158-Eden.fts -> s3://eden-data/RAW/LOT/2MUCD10014/2019-10-07/2MUCD10014-20191007@153158-Eden.fits (file already exists) (131/434) (dry run)
Skipping /home/altsai/eden/LOT20191007_mod/2MUCD10014-20191007@153310-Eden.fts -> s3://eden-data/RAW/LOT/2MUCD10014/2019-10-07/2MUCD10014-20191007@153310-Eden.fits (file already exists) (132/434) (dry run)
Skipping /home/altsai/eden/LOT20191007_mod/2MUCD10014-20191007@153421-Eden.fts -> s3://eden-data/RAW/LOT/2MUCD10014/2019-10-07/2MUCD10014-20191007@153421-Eden.fits (file already exists) (133/434) (dry run)
Skipping /home/altsai/eden/LOT20191007_mod/2MUCD10014-20191007@153532-Eden.fts -> s3://eden-data/RAW/LOT/2MUCD10014/2019-10-07/2MUCD10014-20191007@153532-Eden.fits (file already exists) (134/434) (dry run)
Skipping /home/altsai/eden/LOT20191007_mod/2MUCD10014-20191007@153643-Eden.fts -> s3://eden-data/RAW/LOT/2MUCD10014/2019-10-07/2MUCD10014-20191007@153643-Eden.fits (file already exists) (135/434) (dry run)
Skipping /home/altsai/eden/LOT20191007_mod/2MUCD10014-20191007@153754-Eden.fts -> s3://eden-data/RAW/LOT/2MUCD10014/2019-10-07/2MUCD10014-20191007@153754-Eden.fits (file already exists) (136/434) (dry run)
Skipping /home/altsai/eden/LOT20191007_mod/2MUCD10014-20191007@153905-Eden.fts -> s3://eden-data/RAW/LOT/2MUCD10014/2019-10-07/2MUCD10014-20191007@153905-Eden.fits (file already exists) (137/434) (dry run)
Skipping /home/altsai/eden/LOT20191007_mod/2MUCD10014-20191007@154017-Eden.fts -> s3://eden-data/RAW/LOT/2MUCD10014/2019-10-07/2MUCD10014-20191007@154017-Eden.fits (file already exists) (138/434) (dry run)
Skipping /home/altsai/eden/LOT20191007_mod/2MUCD10014-20191007@154129-Eden.fts -> s3://eden-data/RAW/LOT/2MUCD10014/2019-10-07/2MUCD10014-20191007@154129-Eden.fits (file already exists) (139/434) (dry run)
Skipping /home/altsai/eden/LOT20191007_mod/2MUCD10014-20191007@154241-Eden.fts -> s3://eden-data/RAW/LOT/2MUCD10014/2019-10-07/2MUCD10014-20191007@154241-Eden.fits (file already exists) (140/434) (dry run)
Skipping /home/altsai/eden/LOT20191007_mod/2MUCD10014-20191007@154352-Eden.fts -> s3://eden-data/RAW/LOT/2MUCD10014/2019-10-07/2MUCD10014-20191007@154352-Eden.fits (file already exists) (141/434) (dry run)
Skipping /home/altsai/eden/LOT20191007_mod/2MUCD10014-20191007@154504-Eden.fts -> s3://eden-data/RAW/LOT/2MUCD10014/2019-10-07/2MUCD10014-20191007@154504-Eden.fits (file already exists) (142/434) (dry run)
Skipping /home/altsai/eden/LOT20191007_mod/2MUCD10014-20191007@154615-Eden.fts -> s3://eden-data/RAW/LOT/2MUCD10014/2019-10-07/2MUCD10014-20191007@154615-Eden.fits (file already exists) (143/434) (dry run)
Skipping /home/altsai/eden/LOT20191007_mod/2MUCD10014-20191007@154727-Eden.fts -> s3://eden-data/RAW/LOT/2MUCD10014/2019-10-07/2MUCD10014-20191007@154727-Eden.fits (file already exists) (144/434) (dry run)
Skipping /home/altsai/eden/LOT20191007_mod/2MUCD10014-20191007@154838-Eden.fts -> s3://eden-data/RAW/LOT/2MUCD10014/2019-10-07/2MUCD10014-20191007@154838-Eden.fits (file already exists) (145/434) (dry run)
Skipping /home/altsai/eden/LOT20191007_mod/2MUCD10014-20191007@154950-Eden.fts -> s3://eden-data/RAW/LOT/2MUCD10014/2019-10-07/2MUCD10014-20191007@154950-Eden.fits (file already exists) (146/434) (dry run)
Skipping /home/altsai/eden/LOT20191007_mod/2MUCD10014-20191007@155101-Eden.fts -> s3://eden-data/RAW/LOT/2MUCD10014/2019-10-07/2MUCD10014-20191007@155101-Eden.fits (file already exists) (147/434) (dry run)
Skipping /home/altsai/eden/LOT20191007_mod/2MUCD10014-20191007@155213-Eden.fts -> s3://eden-data/RAW/LOT/2MUCD10014/2019-10-07/2MUCD10014-20191007@155213-Eden.fits (file already exists) (148/434) (dry run)
Skipping /home/altsai/eden/LOT20191007_mod/2MUCD10014-20191007@155324-Eden.fts -> s3://eden-data/RAW/LOT/2MUCD10014/2019-10-07/2MUCD10014-20191007@155324-Eden.fits (file already exists) (149/434) (dry run)
Skipping /home/altsai/eden/LOT20191007_mod/2MUCD10014-20191007@155436-Eden.fts -> s3://eden-data/RAW/LOT/2MUCD10014/2019-10-07/2MUCD10014-20191007@155436-Eden.fits (file already exists) (150/434) (dry run)
Skipping /home/altsai/eden/LOT20191007_mod/2MUCD10014-20191007@155547-Eden.fts -> s3://eden-data/RAW/LOT/2MUCD10014/2019-10-07/2MUCD10014-20191007@155547-Eden.fits (file already exists) (151/434) (dry run)
Skipping /home/altsai/eden/LOT20191007_mod/2MUCD10014-20191007@155659-Eden.fts -> s3://eden-data/RAW/LOT/2MUCD10014/2019-10-07/2MUCD10014-20191007@155659-Eden.fits (file already exists) (152/434) (dry run)
Skipping /home/altsai/eden/LOT20191007_mod/2MUCD10014-20191007@155811-Eden.fts -> s3://eden-data/RAW/LOT/2MUCD10014/2019-10-07/2MUCD10014-20191007@155811-Eden.fits (file already exists) (153/434) (dry run)
Skipping /home/altsai/eden/LOT20191007_mod/2MUCD10014-20191007@155923-Eden.fts -> s3://eden-data/RAW/LOT/2MUCD10014/2019-10-07/2MUCD10014-20191007@155923-Eden.fits (file already exists) (154/434) (dry run)
Skipping /home/altsai/eden/LOT20191007_mod/2MUCD10014-20191007@160034-Eden.fts -> s3://eden-data/RAW/LOT/2MUCD10014/2019-10-07/2MUCD10014-20191007@160034-Eden.fits (file already exists) (155/434) (dry run)
Skipping /home/altsai/eden/LOT20191007_mod/2MUCD10014-20191007@160146-Eden.fts -> s3://eden-data/RAW/LOT/2MUCD10014/2019-10-07/2MUCD10014-20191007@160146-Eden.fits (file already exists) (156/434) (dry run)
Skipping /home/altsai/eden/LOT20191007_mod/2MUCD10014-20191007@160257-Eden.fts -> s3://eden-data/RAW/LOT/2MUCD10014/2019-10-07/2MUCD10014-20191007@160257-Eden.fits (file already exists) (157/434) (dry run)
Skipping /home/altsai/eden/LOT20191007_mod/2MUCD10014-20191007@160410-Eden.fts -> s3://eden-data/RAW/LOT/2MUCD10014/2019-10-07/2MUCD10014-20191007@160410-Eden.fits (file already exists) (158/434) (dry run)
Skipping /home/altsai/eden/LOT20191007_mod/2MUCD10014-20191007@160521-Eden.fts -> s3://eden-data/RAW/LOT/2MUCD10014/2019-10-07/2MUCD10014-20191007@160521-Eden.fits (file already exists) (159/434) (dry run)
Skipping /home/altsai/eden/LOT20191007_mod/2MUCD10014-20191007@160633-Eden.fts -> s3://eden-data/RAW/LOT/2MUCD10014/2019-10-07/2MUCD10014-20191007@160633-Eden.fits (file already exists) (160/434) (dry run)
Skipping /home/altsai/eden/LOT20191007_mod/2MUCD10014-20191007@160746-Eden.fts -> s3://eden-data/RAW/LOT/2MUCD10014/2019-10-07/2MUCD10014-20191007@160746-Eden.fits (file already exists) (161/434) (dry run)
Skipping /home/altsai/eden/LOT20191007_mod/2MUCD10014-20191007@160856-Eden.fts -> s3://eden-data/RAW/LOT/2MUCD10014/2019-10-07/2MUCD10014-20191007@160856-Eden.fits (file already exists) (162/434) (dry run)
Skipping /home/altsai/eden/LOT20191007_mod/2MUCD10014-20191007@161008-Eden.fts -> s3://eden-data/RAW/LOT/2MUCD10014/2019-10-07/2MUCD10014-20191007@161008-Eden.fits (file already exists) (163/434) (dry run)
Skipping /home/altsai/eden/LOT20191007_mod/2MUCD10014-20191007@161120-Eden.fts -> s3://eden-data/RAW/LOT/2MUCD10014/2019-10-07/2MUCD10014-20191007@161120-Eden.fits (file already exists) (164/434) (dry run)
Skipping /home/altsai/eden/LOT20191007_mod/2MUCD10014-20191007@161232-Eden.fts -> s3://eden-data/RAW/LOT/2MUCD10014/2019-10-07/2MUCD10014-20191007@161232-Eden.fits (file already exists) (165/434) (dry run)
Skipping /home/altsai/eden/LOT20191007_mod/2MUCD10014-20191007@161343-Eden.fts -> s3://eden-data/RAW/LOT/2MUCD10014/2019-10-07/2MUCD10014-20191007@161343-Eden.fits (file already exists) (166/434) (dry run)
Skipping /home/altsai/eden/LOT20191007_mod/2MUCD10014-20191007@161455-Eden.fts -> s3://eden-data/RAW/LOT/2MUCD10014/2019-10-07/2MUCD10014-20191007@161455-Eden.fits (file already exists) (167/434) (dry run)
Skipping /home/altsai/eden/LOT20191007_mod/2MUCD10014-20191007@161606-Eden.fts -> s3://eden-data/RAW/LOT/2MUCD10014/2019-10-07/2MUCD10014-20191007@161606-Eden.fits (file already exists) (168/434) (dry run)
Skipping /home/altsai/eden/LOT20191007_mod/2MUCD10014-20191007@161719-Eden.fts -> s3://eden-data/RAW/LOT/2MUCD10014/2019-10-07/2MUCD10014-20191007@161719-Eden.fits (file already exists) (169/434) (dry run)
Skipping /home/altsai/eden/LOT20191007_mod/2MUCD10014-20191007@161830-Eden.fts -> s3://eden-data/RAW/LOT/2MUCD10014/2019-10-07/2MUCD10014-20191007@161830-Eden.fits (file already exists) (170/434) (dry run)
Skipping /home/altsai/eden/LOT20191007_mod/2MUCD10014-20191007@161943-Eden.fts -> s3://eden-data/RAW/LOT/2MUCD10014/2019-10-07/2MUCD10014-20191007@161943-Eden.fits (file already exists) (171/434) (dry run)
Skipping /home/altsai/eden/LOT20191007_mod/2MUCD10014-20191007@162054-Eden.fts -> s3://eden-data/RAW/LOT/2MUCD10014/2019-10-07/2MUCD10014-20191007@162054-Eden.fits (file already exists) (172/434) (dry run)
Skipping /home/altsai/eden/LOT20191007_mod/2MUCD10014-20191007@162206-Eden.fts -> s3://eden-data/RAW/LOT/2MUCD10014/2019-10-07/2MUCD10014-20191007@162206-Eden.fits (file already exists) (173/434) (dry run)
Skipping /home/altsai/eden/LOT20191007_mod/2MUCD10014-20191007@162319-Eden.fts -> s3://eden-data/RAW/LOT/2MUCD10014/2019-10-07/2MUCD10014-20191007@162319-Eden.fits (file already exists) (174/434) (dry run)
Skipping /home/altsai/eden/LOT20191007_mod/2MUCD10014-20191007@162430-Eden.fts -> s3://eden-data/RAW/LOT/2MUCD10014/2019-10-07/2MUCD10014-20191007@162430-Eden.fits (file already exists) (175/434) (dry run)
Skipping /home/altsai/eden/LOT20191007_mod/2MUCD10014-20191007@162543-Eden.fts -> s3://eden-data/RAW/LOT/2MUCD10014/2019-10-07/2MUCD10014-20191007@162543-Eden.fits (file already exists) (176/434) (dry run)
Skipping /home/altsai/eden/LOT20191007_mod/2MUCD10014-20191007@162654-Eden.fts -> s3://eden-data/RAW/LOT/2MUCD10014/2019-10-07/2MUCD10014-20191007@162654-Eden.fits (file already exists) (177/434) (dry run)
Skipping /home/altsai/eden/LOT20191007_mod/2MUCD10014-20191007@162807-Eden.fts -> s3://eden-data/RAW/LOT/2MUCD10014/2019-10-07/2MUCD10014-20191007@162807-Eden.fits (file already exists) (178/434) (dry run)
Skipping /home/altsai/eden/LOT20191007_mod/2MUCD10014-20191007@162919-Eden.fts -> s3://eden-data/RAW/LOT/2MUCD10014/2019-10-07/2MUCD10014-20191007@162919-Eden.fits (file already exists) (179/434) (dry run)
Skipping /home/altsai/eden/LOT20191007_mod/2MUCD10014-20191007@163030-Eden.fts -> s3://eden-data/RAW/LOT/2MUCD10014/2019-10-07/2MUCD10014-20191007@163030-Eden.fits (file already exists) (180/434) (dry run)
Skipping /home/altsai/eden/LOT20191007_mod/2MUCD10014-20191007@163143-Eden.fts -> s3://eden-data/RAW/LOT/2MUCD10014/2019-10-07/2MUCD10014-20191007@163143-Eden.fits (file already exists) (181/434) (dry run)
Skipping /home/altsai/eden/LOT20191007_mod/2MUCD10014-20191007@163255-Eden.fts -> s3://eden-data/RAW/LOT/2MUCD10014/2019-10-07/2MUCD10014-20191007@163255-Eden.fits (file already exists) (182/434) (dry run)
Skipping /home/altsai/eden/LOT20191007_mod/2MUCD10014-20191007@163407-Eden.fts -> s3://eden-data/RAW/LOT/2MUCD10014/2019-10-07/2MUCD10014-20191007@163407-Eden.fits (file already exists) (183/434) (dry run)
Skipping /home/altsai/eden/LOT20191007_mod/2MUCD10014-20191007@163518-Eden.fts -> s3://eden-data/RAW/LOT/2MUCD10014/2019-10-07/2MUCD10014-20191007@163518-Eden.fits (file already exists) (184/434) (dry run)
Skipping /home/altsai/eden/LOT20191007_mod/2MUCD10014-20191007@163630-Eden.fts -> s3://eden-data/RAW/LOT/2MUCD10014/2019-10-07/2MUCD10014-20191007@163630-Eden.fits (file already exists) (185/434) (dry run)
Skipping /home/altsai/eden/LOT20191007_mod/2MUCD10014-20191007@163742-Eden.fts -> s3://eden-data/RAW/LOT/2MUCD10014/2019-10-07/2MUCD10014-20191007@163742-Eden.fits (file already exists) (186/434) (dry run)
Skipping /home/altsai/eden/LOT20191007_mod/2MUCD10014-20191007@163854-Eden.fts -> s3://eden-data/RAW/LOT/2MUCD10014/2019-10-07/2MUCD10014-20191007@163854-Eden.fits (file already exists) (187/434) (dry run)
Skipping /home/altsai/eden/LOT20191007_mod/2MUCD10014-20191007@164005-Eden.fts -> s3://eden-data/RAW/LOT/2MUCD10014/2019-10-07/2MUCD10014-20191007@164005-Eden.fits (file already exists) (188/434) (dry run)
Skipping /home/altsai/eden/LOT20191007_mod/2MUCD10014-20191007@164116-Eden.fts -> s3://eden-data/RAW/LOT/2MUCD10014/2019-10-07/2MUCD10014-20191007@164116-Eden.fits (file already exists) (189/434) (dry run)
Skipping /home/altsai/eden/LOT20191007_mod/2MUCD10014-20191007@164227-Eden.fts -> s3://eden-data/RAW/LOT/2MUCD10014/2019-10-07/2MUCD10014-20191007@164227-Eden.fits (file already exists) (190/434) (dry run)
Skipping /home/altsai/eden/LOT20191007_mod/2MUCD10014-20191007@164339-Eden.fts -> s3://eden-data/RAW/LOT/2MUCD10014/2019-10-07/2MUCD10014-20191007@164339-Eden.fits (file already exists) (191/434) (dry run)
Skipping /home/altsai/eden/LOT20191007_mod/2MUCD10014-20191007@164451-Eden.fts -> s3://eden-data/RAW/LOT/2MUCD10014/2019-10-07/2MUCD10014-20191007@164451-Eden.fits (file already exists) (192/434) (dry run)
Skipping /home/altsai/eden/LOT20191007_mod/2MUCD10014-20191007@164603-Eden.fts -> s3://eden-data/RAW/LOT/2MUCD10014/2019-10-07/2MUCD10014-20191007@164603-Eden.fits (file already exists) (193/434) (dry run)
Skipping /home/altsai/eden/LOT20191007_mod/2MUCD10014-20191007@164715-Eden.fts -> s3://eden-data/RAW/LOT/2MUCD10014/2019-10-07/2MUCD10014-20191007@164715-Eden.fits (file already exists) (194/434) (dry run)
Skipping /home/altsai/eden/LOT20191007_mod/2MUCD10014-20191007@164826-Eden.fts -> s3://eden-data/RAW/LOT/2MUCD10014/2019-10-07/2MUCD10014-20191007@164826-Eden.fits (file already exists) (195/434) (dry run)
Skipping /home/altsai/eden/LOT20191007_mod/2MUCD10014-20191007@164937-Eden.fts -> s3://eden-data/RAW/LOT/2MUCD10014/2019-10-07/2MUCD10014-20191007@164937-Eden.fits (file already exists) (196/434) (dry run)
Skipping /home/altsai/eden/LOT20191007_mod/2MUCD10014-20191007@165049-Eden.fts -> s3://eden-data/RAW/LOT/2MUCD10014/2019-10-07/2MUCD10014-20191007@165049-Eden.fits (file already exists) (197/434) (dry run)
Skipping /home/altsai/eden/LOT20191007_mod/2MUCD10014-20191007@165201-Eden.fts -> s3://eden-data/RAW/LOT/2MUCD10014/2019-10-07/2MUCD10014-20191007@165201-Eden.fits (file already exists) (198/434) (dry run)
Skipping /home/altsai/eden/LOT20191007_mod/2MUCD10014-20191007@165313-Eden.fts -> s3://eden-data/RAW/LOT/2MUCD10014/2019-10-07/2MUCD10014-20191007@165313-Eden.fits (file already exists) (199/434) (dry run)
Skipping /home/altsai/eden/LOT20191007_mod/2MUCD10014-20191007@165425-Eden.fts -> s3://eden-data/RAW/LOT/2MUCD10014/2019-10-07/2MUCD10014-20191007@165425-Eden.fits (file already exists) (200/434) (dry run)
Skipping /home/altsai/eden/LOT20191007_mod/2MUCD10014-20191007@165536-Eden.fts -> s3://eden-data/RAW/LOT/2MUCD10014/2019-10-07/2MUCD10014-20191007@165536-Eden.fits (file already exists) (201/434) (dry run)
Skipping /home/altsai/eden/LOT20191007_mod/2MUCD10014-20191007@165648-Eden.fts -> s3://eden-data/RAW/LOT/2MUCD10014/2019-10-07/2MUCD10014-20191007@165648-Eden.fits (file already exists) (202/434) (dry run)
Skipping /home/altsai/eden/LOT20191007_mod/2MUCD10014-20191007@165800-Eden.fts -> s3://eden-data/RAW/LOT/2MUCD10014/2019-10-07/2MUCD10014-20191007@165800-Eden.fits (file already exists) (203/434) (dry run)
Skipping /home/altsai/eden/LOT20191007_mod/2MUCD10014-20191007@165913-Eden.fts -> s3://eden-data/RAW/LOT/2MUCD10014/2019-10-07/2MUCD10014-20191007@165913-Eden.fits (file already exists) (204/434) (dry run)
Skipping /home/altsai/eden/LOT20191007_mod/2MUCD10014-20191007@170024-Eden.fts -> s3://eden-data/RAW/LOT/2MUCD10014/2019-10-07/2MUCD10014-20191007@170024-Eden.fits (file already exists) (205/434) (dry run)
Skipping /home/altsai/eden/LOT20191007_mod/2MUCD10014-20191007@170136-Eden.fts -> s3://eden-data/RAW/LOT/2MUCD10014/2019-10-07/2MUCD10014-20191007@170136-Eden.fits (file already exists) (206/434) (dry run)
Skipping /home/altsai/eden/LOT20191007_mod/2MUCD10014-20191007@170247-Eden.fts -> s3://eden-data/RAW/LOT/2MUCD10014/2019-10-07/2MUCD10014-20191007@170247-Eden.fits (file already exists) (207/434) (dry run)
Skipping /home/altsai/eden/LOT20191007_mod/2MUCD10014-20191007@170358-Eden.fts -> s3://eden-data/RAW/LOT/2MUCD10014/2019-10-07/2MUCD10014-20191007@170358-Eden.fits (file already exists) (208/434) (dry run)
Skipping /home/altsai/eden/LOT20191007_mod/2MUCD10014-20191007@170510-Eden.fts -> s3://eden-data/RAW/LOT/2MUCD10014/2019-10-07/2MUCD10014-20191007@170510-Eden.fits (file already exists) (209/434) (dry run)
Skipping /home/altsai/eden/LOT20191007_mod/2MUCD10014-20191007@170622-Eden.fts -> s3://eden-data/RAW/LOT/2MUCD10014/2019-10-07/2MUCD10014-20191007@170622-Eden.fits (file already exists) (210/434) (dry run)
Skipping /home/altsai/eden/LOT20191007_mod/2MUCD10014-20191007@170734-Eden.fts -> s3://eden-data/RAW/LOT/2MUCD10014/2019-10-07/2MUCD10014-20191007@170734-Eden.fits (file already exists) (211/434) (dry run)
Skipping /home/altsai/eden/LOT20191007_mod/2MUCD10014-20191007@170845-Eden.fts -> s3://eden-data/RAW/LOT/2MUCD10014/2019-10-07/2MUCD10014-20191007@170845-Eden.fits (file already exists) (212/434) (dry run)
Skipping /home/altsai/eden/LOT20191007_mod/2MUCD10014-20191007@170957-Eden.fts -> s3://eden-data/RAW/LOT/2MUCD10014/2019-10-07/2MUCD10014-20191007@170957-Eden.fits (file already exists) (213/434) (dry run)
Skipping /home/altsai/eden/LOT20191007_mod/2MUCD10014-20191007@171110-Eden.fts -> s3://eden-data/RAW/LOT/2MUCD10014/2019-10-07/2MUCD10014-20191007@171110-Eden.fits (file already exists) (214/434) (dry run)
Skipping /home/altsai/eden/LOT20191007_mod/2MUCD10014-20191007@171222-Eden.fts -> s3://eden-data/RAW/LOT/2MUCD10014/2019-10-07/2MUCD10014-20191007@171222-Eden.fits (file already exists) (215/434) (dry run)
Skipping /home/altsai/eden/LOT20191007_mod/2MUCD10014-20191007@171333-Eden.fts -> s3://eden-data/RAW/LOT/2MUCD10014/2019-10-07/2MUCD10014-20191007@171333-Eden.fits (file already exists) (216/434) (dry run)
Skipping /home/altsai/eden/LOT20191007_mod/2MUCD10014-20191007@171444-Eden.fts -> s3://eden-data/RAW/LOT/2MUCD10014/2019-10-07/2MUCD10014-20191007@171444-Eden.fits (file already exists) (217/434) (dry run)
Skipping /home/altsai/eden/LOT20191007_mod/2MUCD10014-20191007@171556-Eden.fts -> s3://eden-data/RAW/LOT/2MUCD10014/2019-10-07/2MUCD10014-20191007@171556-Eden.fits (file already exists) (218/434) (dry run)
Skipping /home/altsai/eden/LOT20191007_mod/2MUCD10014-20191007@171708-Eden.fts -> s3://eden-data/RAW/LOT/2MUCD10014/2019-10-07/2MUCD10014-20191007@171708-Eden.fits (file already exists) (219/434) (dry run)
Skipping /home/altsai/eden/LOT20191007_mod/2MUCD10014-20191007@171819-Eden.fts -> s3://eden-data/RAW/LOT/2MUCD10014/2019-10-07/2MUCD10014-20191007@171819-Eden.fits (file already exists) (220/434) (dry run)
Skipping /home/altsai/eden/LOT20191007_mod/2MUCD10014-20191007@171931-Eden.fts -> s3://eden-data/RAW/LOT/2MUCD10014/2019-10-07/2MUCD10014-20191007@171931-Eden.fits (file already exists) (221/434) (dry run)
Skipping /home/altsai/eden/LOT20191007_mod/2MUCD10014-20191007@172043-Eden.fts -> s3://eden-data/RAW/LOT/2MUCD10014/2019-10-07/2MUCD10014-20191007@172043-Eden.fits (file already exists) (222/434) (dry run)
Skipping /home/altsai/eden/LOT20191007_mod/2MUCD10014-20191007@172155-Eden.fts -> s3://eden-data/RAW/LOT/2MUCD10014/2019-10-07/2MUCD10014-20191007@172155-Eden.fits (file already exists) (223/434) (dry run)
Skipping /home/altsai/eden/LOT20191007_mod/2MUCD10014-20191007@172307-Eden.fts -> s3://eden-data/RAW/LOT/2MUCD10014/2019-10-07/2MUCD10014-20191007@172307-Eden.fits (file already exists) (224/434) (dry run)
Skipping /home/altsai/eden/LOT20191007_mod/2MUCD10014-20191007@172419-Eden.fts -> s3://eden-data/RAW/LOT/2MUCD10014/2019-10-07/2MUCD10014-20191007@172419-Eden.fits (file already exists) (225/434) (dry run)
Skipping /home/altsai/eden/LOT20191007_mod/2MUCD10014-20191007@172531-Eden.fts -> s3://eden-data/RAW/LOT/2MUCD10014/2019-10-07/2MUCD10014-20191007@172531-Eden.fits (file already exists) (226/434) (dry run)
Skipping /home/altsai/eden/LOT20191007_mod/2MUCD10014-20191007@172645-Eden.fts -> s3://eden-data/RAW/LOT/2MUCD10014/2019-10-07/2MUCD10014-20191007@172645-Eden.fits (file already exists) (227/434) (dry run)
Skipping /home/altsai/eden/LOT20191007_mod/2MUCD10014-20191007@172756-Eden.fts -> s3://eden-data/RAW/LOT/2MUCD10014/2019-10-07/2MUCD10014-20191007@172756-Eden.fits (file already exists) (228/434) (dry run)
Skipping /home/altsai/eden/LOT20191007_mod/2MUCD10014-20191007@172907-Eden.fts -> s3://eden-data/RAW/LOT/2MUCD10014/2019-10-07/2MUCD10014-20191007@172907-Eden.fits (file already exists) (229/434) (dry run)
Skipping /home/altsai/eden/LOT20191007_mod/2MUCD10014-20191007@173019-Eden.fts -> s3://eden-data/RAW/LOT/2MUCD10014/2019-10-07/2MUCD10014-20191007@173019-Eden.fits (file already exists) (230/434) (dry run)
Skipping /home/altsai/eden/LOT20191007_mod/2MUCD10014-20191007@173130-Eden.fts -> s3://eden-data/RAW/LOT/2MUCD10014/2019-10-07/2MUCD10014-20191007@173130-Eden.fits (file already exists) (231/434) (dry run)
Skipping /home/altsai/eden/LOT20191007_mod/2MUCD10014-20191007@173242-Eden.fts -> s3://eden-data/RAW/LOT/2MUCD10014/2019-10-07/2MUCD10014-20191007@173242-Eden.fits (file already exists) (232/434) (dry run)
Skipping /home/altsai/eden/LOT20191007_mod/2MUCD10014-20191007@173354-Eden.fts -> s3://eden-data/RAW/LOT/2MUCD10014/2019-10-07/2MUCD10014-20191007@173354-Eden.fits (file already exists) (233/434) (dry run)
Skipping /home/altsai/eden/LOT20191007_mod/2MUCD10014-20191007@173505-Eden.fts -> s3://eden-data/RAW/LOT/2MUCD10014/2019-10-07/2MUCD10014-20191007@173505-Eden.fits (file already exists) (234/434) (dry run)
Skipping /home/altsai/eden/LOT20191007_mod/2MUCD10014-20191007@173617-Eden.fts -> s3://eden-data/RAW/LOT/2MUCD10014/2019-10-07/2MUCD10014-20191007@173617-Eden.fits (file already exists) (235/434) (dry run)
Skipping /home/altsai/eden/LOT20191007_mod/2MUCD10014-20191007@173729-Eden.fts -> s3://eden-data/RAW/LOT/2MUCD10014/2019-10-07/2MUCD10014-20191007@173729-Eden.fits (file already exists) (236/434) (dry run)
Skipping /home/altsai/eden/LOT20191007_mod/2MUCD10014-20191007@173840-Eden.fts -> s3://eden-data/RAW/LOT/2MUCD10014/2019-10-07/2MUCD10014-20191007@173840-Eden.fits (file already exists) (237/434) (dry run)
Skipping /home/altsai/eden/LOT20191007_mod/2MUCD10014-20191007@173952-Eden.fts -> s3://eden-data/RAW/LOT/2MUCD10014/2019-10-07/2MUCD10014-20191007@173952-Eden.fits (file already exists) (238/434) (dry run)
Skipping /home/altsai/eden/LOT20191007_mod/2MUCD10014-20191007@174104-Eden.fts -> s3://eden-data/RAW/LOT/2MUCD10014/2019-10-07/2MUCD10014-20191007@174104-Eden.fits (file already exists) (239/434) (dry run)
Skipping /home/altsai/eden/LOT20191007_mod/2MUCD10014-20191007@174216-Eden.fts -> s3://eden-data/RAW/LOT/2MUCD10014/2019-10-07/2MUCD10014-20191007@174216-Eden.fits (file already exists) (240/434) (dry run)
Skipping /home/altsai/eden/LOT20191007_mod/2MUCD10014-20191007@174328-Eden.fts -> s3://eden-data/RAW/LOT/2MUCD10014/2019-10-07/2MUCD10014-20191007@174328-Eden.fits (file already exists) (241/434) (dry run)
Skipping /home/altsai/eden/LOT20191007_mod/2MUCD10014-20191007@174439-Eden.fts -> s3://eden-data/RAW/LOT/2MUCD10014/2019-10-07/2MUCD10014-20191007@174439-Eden.fits (file already exists) (242/434) (dry run)
Skipping /home/altsai/eden/LOT20191007_mod/2MUCD10014-20191007@174551-Eden.fts -> s3://eden-data/RAW/LOT/2MUCD10014/2019-10-07/2MUCD10014-20191007@174551-Eden.fits (file already exists) (243/434) (dry run)
Skipping /home/altsai/eden/LOT20191007_mod/2MUCD10014-20191007@174703-Eden.fts -> s3://eden-data/RAW/LOT/2MUCD10014/2019-10-07/2MUCD10014-20191007@174703-Eden.fits (file already exists) (244/434) (dry run)
Skipping /home/altsai/eden/LOT20191007_mod/2MUCD10014-20191007@174815-Eden.fts -> s3://eden-data/RAW/LOT/2MUCD10014/2019-10-07/2MUCD10014-20191007@174815-Eden.fits (file already exists) (245/434) (dry run)
Skipping /home/altsai/eden/LOT20191007_mod/2MUCD10014-20191007@174925-Eden.fts -> s3://eden-data/RAW/LOT/2MUCD10014/2019-10-07/2MUCD10014-20191007@174925-Eden.fits (file already exists) (246/434) (dry run)
Skipping /home/altsai/eden/LOT20191007_mod/2MUCD10014-20191007@175037-Eden.fts -> s3://eden-data/RAW/LOT/2MUCD10014/2019-10-07/2MUCD10014-20191007@175037-Eden.fits (file already exists) (247/434) (dry run)
Skipping /home/altsai/eden/LOT20191007_mod/2MUCD10014-20191007@175149-Eden.fts -> s3://eden-data/RAW/LOT/2MUCD10014/2019-10-07/2MUCD10014-20191007@175149-Eden.fits (file already exists) (248/434) (dry run)
Skipping /home/altsai/eden/LOT20191007_mod/2MUCD10014-20191007@175300-Eden.fts -> s3://eden-data/RAW/LOT/2MUCD10014/2019-10-07/2MUCD10014-20191007@175300-Eden.fits (file already exists) (249/434) (dry run)
Skipping /home/altsai/eden/LOT20191007_mod/2MUCD10014-20191007@175412-Eden.fts -> s3://eden-data/RAW/LOT/2MUCD10014/2019-10-07/2MUCD10014-20191007@175412-Eden.fits (file already exists) (250/434) (dry run)
Skipping /home/altsai/eden/LOT20191007_mod/2MUCD10014-20191007@175524-Eden.fts -> s3://eden-data/RAW/LOT/2MUCD10014/2019-10-07/2MUCD10014-20191007@175524-Eden.fits (file already exists) (251/434) (dry run)
Skipping /home/altsai/eden/LOT20191007_mod/2MUCD10014-20191007@175635-Eden.fts -> s3://eden-data/RAW/LOT/2MUCD10014/2019-10-07/2MUCD10014-20191007@175635-Eden.fits (file already exists) (252/434) (dry run)
Skipping /home/altsai/eden/LOT20191007_mod/2MUCD10014-20191007@175747-Eden.fts -> s3://eden-data/RAW/LOT/2MUCD10014/2019-10-07/2MUCD10014-20191007@175747-Eden.fits (file already exists) (253/434) (dry run)
Skipping /home/altsai/eden/LOT20191007_mod/2MUCD10014-20191007@175858-Eden.fts -> s3://eden-data/RAW/LOT/2MUCD10014/2019-10-07/2MUCD10014-20191007@175858-Eden.fits (file already exists) (254/434) (dry run)
Skipping /home/altsai/eden/LOT20191007_mod/2MUCD10014-20191007@180009-Eden.fts -> s3://eden-data/RAW/LOT/2MUCD10014/2019-10-07/2MUCD10014-20191007@180009-Eden.fits (file already exists) (255/434) (dry run)
Skipping /home/altsai/eden/LOT20191007_mod/2MUCD10014-20191007@180121-Eden.fts -> s3://eden-data/RAW/LOT/2MUCD10014/2019-10-07/2MUCD10014-20191007@180121-Eden.fits (file already exists) (256/434) (dry run)
Skipping /home/altsai/eden/LOT20191007_mod/2MUCD10014-20191007@180233-Eden.fts -> s3://eden-data/RAW/LOT/2MUCD10014/2019-10-07/2MUCD10014-20191007@180233-Eden.fits (file already exists) (257/434) (dry run)
Skipping /home/altsai/eden/LOT20191007_mod/2MUCD10014-20191007@180344-Eden.fts -> s3://eden-data/RAW/LOT/2MUCD10014/2019-10-07/2MUCD10014-20191007@180344-Eden.fits (file already exists) (258/434) (dry run)
Skipping /home/altsai/eden/LOT20191007_mod/2MUCD10014-20191007@180457-Eden.fts -> s3://eden-data/RAW/LOT/2MUCD10014/2019-10-07/2MUCD10014-20191007@180457-Eden.fits (file already exists) (259/434) (dry run)
Skipping /home/altsai/eden/LOT20191007_mod/2MUCD10014-20191007@180608-Eden.fts -> s3://eden-data/RAW/LOT/2MUCD10014/2019-10-07/2MUCD10014-20191007@180608-Eden.fits (file already exists) (260/434) (dry run)
Skipping /home/altsai/eden/LOT20191007_mod/2MUCD10014-20191007@180720-Eden.fts -> s3://eden-data/RAW/LOT/2MUCD10014/2019-10-07/2MUCD10014-20191007@180720-Eden.fits (file already exists) (261/434) (dry run)
Skipping /home/altsai/eden/LOT20191007_mod/2MUCD10014-20191007@180832-Eden.fts -> s3://eden-data/RAW/LOT/2MUCD10014/2019-10-07/2MUCD10014-20191007@180832-Eden.fits (file already exists) (262/434) (dry run)
Skipping /home/altsai/eden/LOT20191007_mod/2MUCD10014-20191007@180944-Eden.fts -> s3://eden-data/RAW/LOT/2MUCD10014/2019-10-07/2MUCD10014-20191007@180944-Eden.fits (file already exists) (263/434) (dry run)
Skipping /home/altsai/eden/LOT20191007_mod/2MUCD10014-20191007@181055-Eden.fts -> s3://eden-data/RAW/LOT/2MUCD10014/2019-10-07/2MUCD10014-20191007@181055-Eden.fits (file already exists) (264/434) (dry run)
Skipping /home/altsai/eden/LOT20191007_mod/2MUCD10014-20191007@181206-Eden.fts -> s3://eden-data/RAW/LOT/2MUCD10014/2019-10-07/2MUCD10014-20191007@181206-Eden.fits (file already exists) (265/434) (dry run)
Skipping /home/altsai/eden/LOT20191007_mod/2MUCD10014-20191007@181318-Eden.fts -> s3://eden-data/RAW/LOT/2MUCD10014/2019-10-07/2MUCD10014-20191007@181318-Eden.fits (file already exists) (266/434) (dry run)
Skipping /home/altsai/eden/LOT20191007_mod/2MUCD10014-20191007@181430-Eden.fts -> s3://eden-data/RAW/LOT/2MUCD10014/2019-10-07/2MUCD10014-20191007@181430-Eden.fits (file already exists) (267/434) (dry run)
Skipping /home/altsai/eden/LOT20191007_mod/2MUCD10014-20191007@181541-Eden.fts -> s3://eden-data/RAW/LOT/2MUCD10014/2019-10-07/2MUCD10014-20191007@181541-Eden.fits (file already exists) (268/434) (dry run)
Skipping /home/altsai/eden/LOT20191007_mod/2MUCD10014-20191007@181652-Eden.fts -> s3://eden-data/RAW/LOT/2MUCD10014/2019-10-07/2MUCD10014-20191007@181652-Eden.fits (file already exists) (269/434) (dry run)
Skipping /home/altsai/eden/LOT20191007_mod/2MUCD10014-20191007@181804-Eden.fts -> s3://eden-data/RAW/LOT/2MUCD10014/2019-10-07/2MUCD10014-20191007@181804-Eden.fits (file already exists) (270/434) (dry run)
Skipping /home/altsai/eden/LOT20191007_mod/2MUCD10014-20191007@181915-Eden.fts -> s3://eden-data/RAW/LOT/2MUCD10014/2019-10-07/2MUCD10014-20191007@181915-Eden.fits (file already exists) (271/434) (dry run)
Skipping /home/altsai/eden/LOT20191007_mod/2MUCD10014-20191007@182027-Eden.fts -> s3://eden-data/RAW/LOT/2MUCD10014/2019-10-07/2MUCD10014-20191007@182027-Eden.fits (file already exists) (272/434) (dry run)
Skipping /home/altsai/eden/LOT20191007_mod/2MUCD10014-20191007@182138-Eden.fts -> s3://eden-data/RAW/LOT/2MUCD10014/2019-10-07/2MUCD10014-20191007@182138-Eden.fits (file already exists) (273/434) (dry run)
Skipping /home/altsai/eden/LOT20191007_mod/2MUCD10014-20191007@182250-Eden.fts -> s3://eden-data/RAW/LOT/2MUCD10014/2019-10-07/2MUCD10014-20191007@182250-Eden.fits (file already exists) (274/434) (dry run)
Skipping /home/altsai/eden/LOT20191007_mod/2MUCD10014-20191007@182401-Eden.fts -> s3://eden-data/RAW/LOT/2MUCD10014/2019-10-07/2MUCD10014-20191007@182401-Eden.fits (file already exists) (275/434) (dry run)
Skipping /home/altsai/eden/LOT20191007_mod/2MUCD10014-20191007@182512-Eden.fts -> s3://eden-data/RAW/LOT/2MUCD10014/2019-10-07/2MUCD10014-20191007@182512-Eden.fits (file already exists) (276/434) (dry run)
Skipping /home/altsai/eden/LOT20191007_mod/2MUCD10014-20191007@182624-Eden.fts -> s3://eden-data/RAW/LOT/2MUCD10014/2019-10-07/2MUCD10014-20191007@182624-Eden.fits (file already exists) (277/434) (dry run)
Skipping /home/altsai/eden/LOT20191007_mod/2MUCD10014-20191007@182735-Eden.fts -> s3://eden-data/RAW/LOT/2MUCD10014/2019-10-07/2MUCD10014-20191007@182735-Eden.fits (file already exists) (278/434) (dry run)
Skipping /home/altsai/eden/LOT20191007_mod/2MUCD10014-20191007@182847-Eden.fts -> s3://eden-data/RAW/LOT/2MUCD10014/2019-10-07/2MUCD10014-20191007@182847-Eden.fits (file already exists) (279/434) (dry run)
Skipping /home/altsai/eden/LOT20191007_mod/2MUCD10014-20191007@183000-Eden.fts -> s3://eden-data/RAW/LOT/2MUCD10014/2019-10-07/2MUCD10014-20191007@183000-Eden.fits (file already exists) (280/434) (dry run)
Skipping /home/altsai/eden/LOT20191007_mod/2MUCD10014-20191007@183112-Eden.fts -> s3://eden-data/RAW/LOT/2MUCD10014/2019-10-07/2MUCD10014-20191007@183112-Eden.fits (file already exists) (281/434) (dry run)
Skipping /home/altsai/eden/LOT20191007_mod/2MUCD10014-20191007@183223-Eden.fts -> s3://eden-data/RAW/LOT/2MUCD10014/2019-10-07/2MUCD10014-20191007@183223-Eden.fits (file already exists) (282/434) (dry run)
Skipping /home/altsai/eden/LOT20191007_mod/2MUCD10014-20191007@183336-Eden.fts -> s3://eden-data/RAW/LOT/2MUCD10014/2019-10-07/2MUCD10014-20191007@183336-Eden.fits (file already exists) (283/434) (dry run)
Skipping /home/altsai/eden/LOT20191007_mod/2MUCD10014-20191007@183447-Eden.fts -> s3://eden-data/RAW/LOT/2MUCD10014/2019-10-07/2MUCD10014-20191007@183447-Eden.fits (file already exists) (284/434) (dry run)
Skipping /home/altsai/eden/LOT20191007_mod/2MUCD10014-20191007@183559-Eden.fts -> s3://eden-data/RAW/LOT/2MUCD10014/2019-10-07/2MUCD10014-20191007@183559-Eden.fits (file already exists) (285/434) (dry run)
Skipping /home/altsai/eden/LOT20191007_mod/2MUCD10014-20191007@183710-Eden.fts -> s3://eden-data/RAW/LOT/2MUCD10014/2019-10-07/2MUCD10014-20191007@183710-Eden.fits (file already exists) (286/434) (dry run)
Skipping /home/altsai/eden/LOT20191007_mod/2MUCD10014-20191007@183822-Eden.fts -> s3://eden-data/RAW/LOT/2MUCD10014/2019-10-07/2MUCD10014-20191007@183822-Eden.fits (file already exists) (287/434) (dry run)
Skipping /home/altsai/eden/LOT20191007_mod/2MUCD10014-20191007@183934-Eden.fts -> s3://eden-data/RAW/LOT/2MUCD10014/2019-10-07/2MUCD10014-20191007@183934-Eden.fits (file already exists) (288/434) (dry run)
Skipping /home/altsai/eden/LOT20191007_mod/2MUCD10014-20191007@184046-Eden.fts -> s3://eden-data/RAW/LOT/2MUCD10014/2019-10-07/2MUCD10014-20191007@184046-Eden.fits (file already exists) (289/434) (dry run)
Skipping /home/altsai/eden/LOT20191007_mod/2MUCD10014-20191007@184157-Eden.fts -> s3://eden-data/RAW/LOT/2MUCD10014/2019-10-07/2MUCD10014-20191007@184157-Eden.fits (file already exists) (290/434) (dry run)
Skipping /home/altsai/eden/LOT20191007_mod/2MUCD10014-20191007@184310-Eden.fts -> s3://eden-data/RAW/LOT/2MUCD10014/2019-10-07/2MUCD10014-20191007@184310-Eden.fits (file already exists) (291/434) (dry run)
Skipping /home/altsai/eden/LOT20191007_mod/2MUCD10014-20191007@184421-Eden.fts -> s3://eden-data/RAW/LOT/2MUCD10014/2019-10-07/2MUCD10014-20191007@184421-Eden.fits (file already exists) (292/434) (dry run)
Skipping /home/altsai/eden/LOT20191007_mod/2MUCD10014-20191007@184532-Eden.fts -> s3://eden-data/RAW/LOT/2MUCD10014/2019-10-07/2MUCD10014-20191007@184532-Eden.fits (file already exists) (293/434) (dry run)
Skipping /home/altsai/eden/LOT20191007_mod/2MUCD10014-20191007@184644-Eden.fts -> s3://eden-data/RAW/LOT/2MUCD10014/2019-10-07/2MUCD10014-20191007@184644-Eden.fits (file already exists) (294/434) (dry run)
Skipping /home/altsai/eden/LOT20191007_mod/2MUCD10014-20191007@184755-Eden.fts -> s3://eden-data/RAW/LOT/2MUCD10014/2019-10-07/2MUCD10014-20191007@184755-Eden.fits (file already exists) (295/434) (dry run)
Skipping /home/altsai/eden/LOT20191007_mod/2MUCD10014-20191007@184908-Eden.fts -> s3://eden-data/RAW/LOT/2MUCD10014/2019-10-07/2MUCD10014-20191007@184908-Eden.fits (file already exists) (296/434) (dry run)
Skipping /home/altsai/eden/LOT20191007_mod/2MUCD10014-20191007@185020-Eden.fts -> s3://eden-data/RAW/LOT/2MUCD10014/2019-10-07/2MUCD10014-20191007@185020-Eden.fits (file already exists) (297/434) (dry run)
Skipping /home/altsai/eden/LOT20191007_mod/2MUCD10014-20191007@185133-Eden.fts -> s3://eden-data/RAW/LOT/2MUCD10014/2019-10-07/2MUCD10014-20191007@185133-Eden.fits (file already exists) (298/434) (dry run)
Skipping /home/altsai/eden/LOT20191007_mod/2MUCD10014-20191007@185244-Eden.fts -> s3://eden-data/RAW/LOT/2MUCD10014/2019-10-07/2MUCD10014-20191007@185244-Eden.fits (file already exists) (299/434) (dry run)
Skipping /home/altsai/eden/LOT20191007_mod/2MUCD10014-20191007@185355-Eden.fts -> s3://eden-data/RAW/LOT/2MUCD10014/2019-10-07/2MUCD10014-20191007@185355-Eden.fits (file already exists) (300/434) (dry run)
Skipping /home/altsai/eden/LOT20191007_mod/2MUCD10014-20191007@185506-Eden.fts -> s3://eden-data/RAW/LOT/2MUCD10014/2019-10-07/2MUCD10014-20191007@185506-Eden.fits (file already exists) (301/434) (dry run)
Skipping /home/altsai/eden/LOT20191007_mod/2MUCD10014-20191007@185618-Eden.fts -> s3://eden-data/RAW/LOT/2MUCD10014/2019-10-07/2MUCD10014-20191007@185618-Eden.fits (file already exists) (302/434) (dry run)
Skipping /home/altsai/eden/LOT20191007_mod/2MUCD10014-20191007@185730-Eden.fts -> s3://eden-data/RAW/LOT/2MUCD10014/2019-10-07/2MUCD10014-20191007@185730-Eden.fits (file already exists) (303/434) (dry run)
Skipping /home/altsai/eden/LOT20191007_mod/2MUCD10014-20191007@185842-Eden.fts -> s3://eden-data/RAW/LOT/2MUCD10014/2019-10-07/2MUCD10014-20191007@185842-Eden.fits (file already exists) (304/434) (dry run)
Skipping /home/altsai/eden/LOT20191007_mod/2MUCD10014-20191007@185954-Eden.fts -> s3://eden-data/RAW/LOT/2MUCD10014/2019-10-07/2MUCD10014-20191007@185954-Eden.fits (file already exists) (305/434) (dry run)
Skipping /home/altsai/eden/LOT20191007_mod/2MUCD10014-20191007@190106-Eden.fts -> s3://eden-data/RAW/LOT/2MUCD10014/2019-10-07/2MUCD10014-20191007@190106-Eden.fits (file already exists) (306/434) (dry run)
Skipping /home/altsai/eden/LOT20191007_mod/2MUCD10014-20191007@190218-Eden.fts -> s3://eden-data/RAW/LOT/2MUCD10014/2019-10-07/2MUCD10014-20191007@190218-Eden.fits (file already exists) (307/434) (dry run)
Skipping /home/altsai/eden/LOT20191007_mod/2MUCD10014-20191007@190329-Eden.fts -> s3://eden-data/RAW/LOT/2MUCD10014/2019-10-07/2MUCD10014-20191007@190329-Eden.fits (file already exists) (308/434) (dry run)
Skipping /home/altsai/eden/LOT20191007_mod/2MUCD10014-20191007@190441-Eden.fts -> s3://eden-data/RAW/LOT/2MUCD10014/2019-10-07/2MUCD10014-20191007@190441-Eden.fits (file already exists) (309/434) (dry run)
Skipping /home/altsai/eden/LOT20191007_mod/2MUCD10014-20191007@190552-Eden.fts -> s3://eden-data/RAW/LOT/2MUCD10014/2019-10-07/2MUCD10014-20191007@190552-Eden.fits (file already exists) (310/434) (dry run)
Skipping /home/altsai/eden/LOT20191007_mod/2MUCD10014-20191007@190704-Eden.fts -> s3://eden-data/RAW/LOT/2MUCD10014/2019-10-07/2MUCD10014-20191007@190704-Eden.fits (file already exists) (311/434) (dry run)
Skipping /home/altsai/eden/LOT20191007_mod/2MUCD10014-20191007@190815-Eden.fts -> s3://eden-data/RAW/LOT/2MUCD10014/2019-10-07/2MUCD10014-20191007@190815-Eden.fits (file already exists) (312/434) (dry run)
Skipping /home/altsai/eden/LOT20191007_mod/2MUCD10014-20191007@190927-Eden.fts -> s3://eden-data/RAW/LOT/2MUCD10014/2019-10-07/2MUCD10014-20191007@190927-Eden.fits (file already exists) (313/434) (dry run)
Skipping /home/altsai/eden/LOT20191007_mod/2MUCD10014-20191007@191039-Eden.fts -> s3://eden-data/RAW/LOT/2MUCD10014/2019-10-07/2MUCD10014-20191007@191039-Eden.fits (file already exists) (314/434) (dry run)
Skipping /home/altsai/eden/LOT20191007_mod/2MUCD10014-20191007@191151-Eden.fts -> s3://eden-data/RAW/LOT/2MUCD10014/2019-10-07/2MUCD10014-20191007@191151-Eden.fits (file already exists) (315/434) (dry run)
Skipping /home/altsai/eden/LOT20191007_mod/2MUCD10014-20191007@191303-Eden.fts -> s3://eden-data/RAW/LOT/2MUCD10014/2019-10-07/2MUCD10014-20191007@191303-Eden.fits (file already exists) (316/434) (dry run)
Skipping /home/altsai/eden/LOT20191007_mod/2MUCD10014-20191007@191415-Eden.fts -> s3://eden-data/RAW/LOT/2MUCD10014/2019-10-07/2MUCD10014-20191007@191415-Eden.fits (file already exists) (317/434) (dry run)
Skipping /home/altsai/eden/LOT20191007_mod/2MUCD10014-20191007@191526-Eden.fts -> s3://eden-data/RAW/LOT/2MUCD10014/2019-10-07/2MUCD10014-20191007@191526-Eden.fits (file already exists) (318/434) (dry run)
Skipping /home/altsai/eden/LOT20191007_mod/2MUCD10014-20191007@191637-Eden.fts -> s3://eden-data/RAW/LOT/2MUCD10014/2019-10-07/2MUCD10014-20191007@191637-Eden.fits (file already exists) (319/434) (dry run)
Skipping /home/altsai/eden/LOT20191007_mod/2MUCD10014-20191007@191748-Eden.fts -> s3://eden-data/RAW/LOT/2MUCD10014/2019-10-07/2MUCD10014-20191007@191748-Eden.fits (file already exists) (320/434) (dry run)
Skipping /home/altsai/eden/LOT20191007_mod/2MUCD10014-20191007@191900-Eden.fts -> s3://eden-data/RAW/LOT/2MUCD10014/2019-10-07/2MUCD10014-20191007@191900-Eden.fits (file already exists) (321/434) (dry run)
Skipping /home/altsai/eden/LOT20191007_mod/2MUCD10014-20191007@192012-Eden.fts -> s3://eden-data/RAW/LOT/2MUCD10014/2019-10-07/2MUCD10014-20191007@192012-Eden.fits (file already exists) (322/434) (dry run)
Skipping /home/altsai/eden/LOT20191007_mod/2MUCD10014-20191007@192123-Eden.fts -> s3://eden-data/RAW/LOT/2MUCD10014/2019-10-07/2MUCD10014-20191007@192123-Eden.fits (file already exists) (323/434) (dry run)
Skipping /home/altsai/eden/LOT20191007_mod/2MUCD10014-20191007@192235-Eden.fts -> s3://eden-data/RAW/LOT/2MUCD10014/2019-10-07/2MUCD10014-20191007@192235-Eden.fits (file already exists) (324/434) (dry run)
Skipping /home/altsai/eden/LOT20191007_mod/2MUCD10014-20191007@192346-Eden.fts -> s3://eden-data/RAW/LOT/2MUCD10014/2019-10-07/2MUCD10014-20191007@192346-Eden.fits (file already exists) (325/434) (dry run)
Skipping /home/altsai/eden/LOT20191007_mod/2MUCD10014-20191007@192457-Eden.fts -> s3://eden-data/RAW/LOT/2MUCD10014/2019-10-07/2MUCD10014-20191007@192457-Eden.fits (file already exists) (326/434) (dry run)
Skipping /home/altsai/eden/LOT20191007_mod/2MUCD10014-20191007@192609-Eden.fts -> s3://eden-data/RAW/LOT/2MUCD10014/2019-10-07/2MUCD10014-20191007@192609-Eden.fits (file already exists) (327/434) (dry run)
Skipping /home/altsai/eden/LOT20191007_mod/2MUCD10014-20191007@192721-Eden.fts -> s3://eden-data/RAW/LOT/2MUCD10014/2019-10-07/2MUCD10014-20191007@192721-Eden.fits (file already exists) (328/434) (dry run)
Skipping /home/altsai/eden/LOT20191007_mod/2MUCD10014-20191007@192833-Eden.fts -> s3://eden-data/RAW/LOT/2MUCD10014/2019-10-07/2MUCD10014-20191007@192833-Eden.fits (file already exists) (329/434) (dry run)
Skipping /home/altsai/eden/LOT20191007_mod/2MUCD10014-20191007@192945-Eden.fts -> s3://eden-data/RAW/LOT/2MUCD10014/2019-10-07/2MUCD10014-20191007@192945-Eden.fits (file already exists) (330/434) (dry run)
Skipping /home/altsai/eden/LOT20191007_mod/2MUCD10014-20191007@193056-Eden.fts -> s3://eden-data/RAW/LOT/2MUCD10014/2019-10-07/2MUCD10014-20191007@193056-Eden.fits (file already exists) (331/434) (dry run)
Skipping /home/altsai/eden/LOT20191007_mod/2MUCD10014-20191007@193208-Eden.fts -> s3://eden-data/RAW/LOT/2MUCD10014/2019-10-07/2MUCD10014-20191007@193208-Eden.fits (file already exists) (332/434) (dry run)
Skipping /home/altsai/eden/LOT20191007_mod/2MUCD10014-20191007@193319-Eden.fts -> s3://eden-data/RAW/LOT/2MUCD10014/2019-10-07/2MUCD10014-20191007@193319-Eden.fits (file already exists) (333/434) (dry run)
Skipping /home/altsai/eden/LOT20191007_mod/2MUCD10014-20191007@193432-Eden.fts -> s3://eden-data/RAW/LOT/2MUCD10014/2019-10-07/2MUCD10014-20191007@193432-Eden.fits (file already exists) (334/434) (dry run)
Skipping /home/altsai/eden/LOT20191007_mod/2MUCD10014-20191007@193544-Eden.fts -> s3://eden-data/RAW/LOT/2MUCD10014/2019-10-07/2MUCD10014-20191007@193544-Eden.fits (file already exists) (335/434) (dry run)
Skipping /home/altsai/eden/LOT20191007_mod/2MUCD10014-20191007@193656-Eden.fts -> s3://eden-data/RAW/LOT/2MUCD10014/2019-10-07/2MUCD10014-20191007@193656-Eden.fits (file already exists) (336/434) (dry run)
Skipping /home/altsai/eden/LOT20191007_mod/2MUCD10014-20191007@193807-Eden.fts -> s3://eden-data/RAW/LOT/2MUCD10014/2019-10-07/2MUCD10014-20191007@193807-Eden.fits (file already exists) (337/434) (dry run)
Skipping /home/altsai/eden/LOT20191007_mod/2MUCD10014-20191007@193919-Eden.fts -> s3://eden-data/RAW/LOT/2MUCD10014/2019-10-07/2MUCD10014-20191007@193919-Eden.fits (file already exists) (338/434) (dry run)
Skipping /home/altsai/eden/LOT20191007_mod/2MUCD10014-20191007@194030-Eden.fts -> s3://eden-data/RAW/LOT/2MUCD10014/2019-10-07/2MUCD10014-20191007@194030-Eden.fits (file already exists) (339/434) (dry run)
Skipping /home/altsai/eden/LOT20191007_mod/2MUCD10014-20191007@194143-Eden.fts -> s3://eden-data/RAW/LOT/2MUCD10014/2019-10-07/2MUCD10014-20191007@194143-Eden.fits (file already exists) (340/434) (dry run)
Skipping /home/altsai/eden/LOT20191007_mod/2MUCD10014-20191007@194255-Eden.fts -> s3://eden-data/RAW/LOT/2MUCD10014/2019-10-07/2MUCD10014-20191007@194255-Eden.fits (file already exists) (341/434) (dry run)
Skipping /home/altsai/eden/LOT20191007_mod/2MUCD10014-20191007@194406-Eden.fts -> s3://eden-data/RAW/LOT/2MUCD10014/2019-10-07/2MUCD10014-20191007@194406-Eden.fits (file already exists) (342/434) (dry run)
Skipping /home/altsai/eden/LOT20191007_mod/2MUCD10014-20191007@194519-Eden.fts -> s3://eden-data/RAW/LOT/2MUCD10014/2019-10-07/2MUCD10014-20191007@194519-Eden.fits (file already exists) (343/434) (dry run)
Skipping /home/altsai/eden/LOT20191007_mod/2MUCD10014-20191007@194630-Eden.fts -> s3://eden-data/RAW/LOT/2MUCD10014/2019-10-07/2MUCD10014-20191007@194630-Eden.fits (file already exists) (344/434) (dry run)
Skipping /home/altsai/eden/LOT20191007_mod/2MUCD10014-20191007@194742-Eden.fts -> s3://eden-data/RAW/LOT/2MUCD10014/2019-10-07/2MUCD10014-20191007@194742-Eden.fits (file already exists) (345/434) (dry run)
Skipping /home/altsai/eden/LOT20191007_mod/2MUCD10014-20191007@194853-Eden.fts -> s3://eden-data/RAW/LOT/2MUCD10014/2019-10-07/2MUCD10014-20191007@194853-Eden.fits (file already exists) (346/434) (dry run)
Skipping /home/altsai/eden/LOT20191007_mod/2MUCD10014-20191007@195005-Eden.fts -> s3://eden-data/RAW/LOT/2MUCD10014/2019-10-07/2MUCD10014-20191007@195005-Eden.fits (file already exists) (347/434) (dry run)
Skipping /home/altsai/eden/LOT20191007_mod/2MUCD10014-20191007@195117-Eden.fts -> s3://eden-data/RAW/LOT/2MUCD10014/2019-10-07/2MUCD10014-20191007@195117-Eden.fits (file already exists) (348/434) (dry run)
Skipping /home/altsai/eden/LOT20191007_mod/2MUCD10014-20191007@195230-Eden.fts -> s3://eden-data/RAW/LOT/2MUCD10014/2019-10-07/2MUCD10014-20191007@195230-Eden.fits (file already exists) (349/434) (dry run)
Skipping /home/altsai/eden/LOT20191007_mod/2MUCD10014-20191007@195343-Eden.fts -> s3://eden-data/RAW/LOT/2MUCD10014/2019-10-07/2MUCD10014-20191007@195343-Eden.fits (file already exists) (350/434) (dry run)
Skipping /home/altsai/eden/LOT20191007_mod/2MUCD10014-20191007@195454-Eden.fts -> s3://eden-data/RAW/LOT/2MUCD10014/2019-10-07/2MUCD10014-20191007@195454-Eden.fits (file already exists) (351/434) (dry run)
Skipping /home/altsai/eden/LOT20191007_mod/2MUCD10014-20191007@195605-Eden.fts -> s3://eden-data/RAW/LOT/2MUCD10014/2019-10-07/2MUCD10014-20191007@195605-Eden.fits (file already exists) (352/434) (dry run)
Skipping /home/altsai/eden/LOT20191007_mod/2MUCD10014-20191007@195716-Eden.fts -> s3://eden-data/RAW/LOT/2MUCD10014/2019-10-07/2MUCD10014-20191007@195716-Eden.fits (file already exists) (353/434) (dry run)
Skipping /home/altsai/eden/LOT20191007_mod/2MUCD10014-20191007@195828-Eden.fts -> s3://eden-data/RAW/LOT/2MUCD10014/2019-10-07/2MUCD10014-20191007@195828-Eden.fits (file already exists) (354/434) (dry run)
Skipping /home/altsai/eden/LOT20191007_mod/2MUCD10014-20191007@195939-Eden.fts -> s3://eden-data/RAW/LOT/2MUCD10014/2019-10-07/2MUCD10014-20191007@195939-Eden.fits (file already exists) (355/434) (dry run)
Skipping /home/altsai/eden/LOT20191007_mod/2MUCD10014-20191007@200051-Eden.fts -> s3://eden-data/RAW/LOT/2MUCD10014/2019-10-07/2MUCD10014-20191007@200051-Eden.fits (file already exists) (356/434) (dry run)
Skipping /home/altsai/eden/LOT20191007_mod/2MUCD10014-20191007@200203-Eden.fts -> s3://eden-data/RAW/LOT/2MUCD10014/2019-10-07/2MUCD10014-20191007@200203-Eden.fits (file already exists) (357/434) (dry run)
Skipping /home/altsai/eden/LOT20191007_mod/2MUCD10014-20191007@200315-Eden.fts -> s3://eden-data/RAW/LOT/2MUCD10014/2019-10-07/2MUCD10014-20191007@200315-Eden.fits (file already exists) (358/434) (dry run)
Skipping /home/altsai/eden/LOT20191007_mod/2MUCD10014-20191007@200426-Eden.fts -> s3://eden-data/RAW/LOT/2MUCD10014/2019-10-07/2MUCD10014-20191007@200426-Eden.fits (file already exists) (359/434) (dry run)
Skipping /home/altsai/eden/LOT20191007_mod/2MUCD10014-20191007@200538-Eden.fts -> s3://eden-data/RAW/LOT/2MUCD10014/2019-10-07/2MUCD10014-20191007@200538-Eden.fits (file already exists) (360/434) (dry run)
Skipping /home/altsai/eden/LOT20191007_mod/2MUCD10014-20191007@200649-Eden.fts -> s3://eden-data/RAW/LOT/2MUCD10014/2019-10-07/2MUCD10014-20191007@200649-Eden.fits (file already exists) (361/434) (dry run)
Skipping /home/altsai/eden/LOT20191007_mod/2MUCD10014-20191007@200800-Eden.fts -> s3://eden-data/RAW/LOT/2MUCD10014/2019-10-07/2MUCD10014-20191007@200800-Eden.fits (file already exists) (362/434) (dry run)
Skipping /home/altsai/eden/LOT20191007_mod/2MUCD10014-20191007@200911-Eden.fts -> s3://eden-data/RAW/LOT/2MUCD10014/2019-10-07/2MUCD10014-20191007@200911-Eden.fits (file already exists) (363/434) (dry run)
Skipping /home/altsai/eden/LOT20191007_mod/2MUCD10014-20191007@201022-Eden.fts -> s3://eden-data/RAW/LOT/2MUCD10014/2019-10-07/2MUCD10014-20191007@201022-Eden.fits (file already exists) (364/434) (dry run)
Skipping /home/altsai/eden/LOT20191007_mod/2MUCD10014-20191007@201133-Eden.fts -> s3://eden-data/RAW/LOT/2MUCD10014/2019-10-07/2MUCD10014-20191007@201133-Eden.fits (file already exists) (365/434) (dry run)
Skipping /home/altsai/eden/LOT20191007_mod/2MUCD10014-20191007@201244-Eden.fts -> s3://eden-data/RAW/LOT/2MUCD10014/2019-10-07/2MUCD10014-20191007@201244-Eden.fits (file already exists) (366/434) (dry run)
Skipping /home/altsai/eden/LOT20191007_mod/2MUCD10014-20191007@201354-Eden.fts -> s3://eden-data/RAW/LOT/2MUCD10014/2019-10-07/2MUCD10014-20191007@201354-Eden.fits (file already exists) (367/434) (dry run)
Skipping /home/altsai/eden/LOT20191007_mod/2MUCD10014-20191007@201507-Eden.fts -> s3://eden-data/RAW/LOT/2MUCD10014/2019-10-07/2MUCD10014-20191007@201507-Eden.fits (file already exists) (368/434) (dry run)
Skipping /home/altsai/eden/LOT20191007_mod/2MUCD10014-20191007@201619-Eden.fts -> s3://eden-data/RAW/LOT/2MUCD10014/2019-10-07/2MUCD10014-20191007@201619-Eden.fits (file already exists) (369/434) (dry run)
Skipping /home/altsai/eden/LOT20191007_mod/2MUCD10014-20191007@201731-Eden.fts -> s3://eden-data/RAW/LOT/2MUCD10014/2019-10-07/2MUCD10014-20191007@201731-Eden.fits (file already exists) (370/434) (dry run)
Skipping /home/altsai/eden/LOT20191007_mod/2MUCD10014-20191007@201843-Eden.fts -> s3://eden-data/RAW/LOT/2MUCD10014/2019-10-07/2MUCD10014-20191007@201843-Eden.fits (file already exists) (371/434) (dry run)
Skipping /home/altsai/eden/LOT20191007_mod/2MUCD10014-20191007@201955-Eden.fts -> s3://eden-data/RAW/LOT/2MUCD10014/2019-10-07/2MUCD10014-20191007@201955-Eden.fits (file already exists) (372/434) (dry run)
Skipping /home/altsai/eden/LOT20191007_mod/2MUCD10014-20191007@202106-Eden.fts -> s3://eden-data/RAW/LOT/2MUCD10014/2019-10-07/2MUCD10014-20191007@202106-Eden.fits (file already exists) (373/434) (dry run)
Skipping /home/altsai/eden/LOT20191007_mod/2MUCD10014-20191007@202218-Eden.fts -> s3://eden-data/RAW/LOT/2MUCD10014/2019-10-07/2MUCD10014-20191007@202218-Eden.fits (file already exists) (374/434) (dry run)
Skipping /home/altsai/eden/LOT20191007_mod/2MUCD10014-20191007@202330-Eden.fts -> s3://eden-data/RAW/LOT/2MUCD10014/2019-10-07/2MUCD10014-20191007@202330-Eden.fits (file already exists) (375/434) (dry run)
Skipping /home/altsai/eden/LOT20191007_mod/2MUCD10014-20191007@202441-Eden.fts -> s3://eden-data/RAW/LOT/2MUCD10014/2019-10-07/2MUCD10014-20191007@202441-Eden.fits (file already exists) (376/434) (dry run)
Skipping /home/altsai/eden/LOT20191007_mod/2MUCD10014-20191007@202553-Eden.fts -> s3://eden-data/RAW/LOT/2MUCD10014/2019-10-07/2MUCD10014-20191007@202553-Eden.fits (file already exists) (377/434) (dry run)
Skipping /home/altsai/eden/LOT20191007_mod/2MUCD10014-20191007@202705-Eden.fts -> s3://eden-data/RAW/LOT/2MUCD10014/2019-10-07/2MUCD10014-20191007@202705-Eden.fits (file already exists) (378/434) (dry run)
Skipping /home/altsai/eden/LOT20191007_mod/2MUCD10014-20191007@202816-Eden.fts -> s3://eden-data/RAW/LOT/2MUCD10014/2019-10-07/2MUCD10014-20191007@202816-Eden.fits (file already exists) (379/434) (dry run)
Skipping /home/altsai/eden/LOT20191007_mod/2MUCD10014-20191007@202928-Eden.fts -> s3://eden-data/RAW/LOT/2MUCD10014/2019-10-07/2MUCD10014-20191007@202928-Eden.fits (file already exists) (380/434) (dry run)
Skipping /home/altsai/eden/LOT20191007_mod/2MUCD10014-20191007@203040-Eden.fts -> s3://eden-data/RAW/LOT/2MUCD10014/2019-10-07/2MUCD10014-20191007@203040-Eden.fits (file already exists) (381/434) (dry run)
Skipping /home/altsai/eden/LOT20191007_mod/2MUCD10014-20191007@203151-Eden.fts -> s3://eden-data/RAW/LOT/2MUCD10014/2019-10-07/2MUCD10014-20191007@203151-Eden.fits (file already exists) (382/434) (dry run)
Skipping /home/altsai/eden/LOT20191007_mod/2MUCD10014-20191007@203302-Eden.fts -> s3://eden-data/RAW/LOT/2MUCD10014/2019-10-07/2MUCD10014-20191007@203302-Eden.fits (file already exists) (383/434) (dry run)
Skipping /home/altsai/eden/LOT20191007_mod/2MUCD10014-20191007@203414-Eden.fts -> s3://eden-data/RAW/LOT/2MUCD10014/2019-10-07/2MUCD10014-20191007@203414-Eden.fits (file already exists) (384/434) (dry run)
Skipping /home/altsai/eden/LOT20191007_mod/2MUCD10014-20191007@203525-Eden.fts -> s3://eden-data/RAW/LOT/2MUCD10014/2019-10-07/2MUCD10014-20191007@203525-Eden.fits (file already exists) (385/434) (dry run)
Skipping /home/altsai/eden/LOT20191007_mod/2MUCD10014-20191007@203637-Eden.fts -> s3://eden-data/RAW/LOT/2MUCD10014/2019-10-07/2MUCD10014-20191007@203637-Eden.fits (file already exists) (386/434) (dry run)
Skipping /home/altsai/eden/LOT20191007_mod/2MUCD10014-20191007@203749-Eden.fts -> s3://eden-data/RAW/LOT/2MUCD10014/2019-10-07/2MUCD10014-20191007@203749-Eden.fits (file already exists) (387/434) (dry run)
Skipping /home/altsai/eden/LOT20191007_mod/2MUCD10014-20191007@203900-Eden.fts -> s3://eden-data/RAW/LOT/2MUCD10014/2019-10-07/2MUCD10014-20191007@203900-Eden.fits (file already exists) (388/434) (dry run)
Skipping /home/altsai/eden/LOT20191007_mod/2MUCD10014-20191007@204012-Eden.fts -> s3://eden-data/RAW/LOT/2MUCD10014/2019-10-07/2MUCD10014-20191007@204012-Eden.fits (file already exists) (389/434) (dry run)
Skipping /home/altsai/eden/LOT20191007_mod/2MUCD10014-20191007@204123-Eden.fts -> s3://eden-data/RAW/LOT/2MUCD10014/2019-10-07/2MUCD10014-20191007@204123-Eden.fits (file already exists) (390/434) (dry run)
Skipping /home/altsai/eden/LOT20191007_mod/2MUCD10014-20191007@204235-Eden.fts -> s3://eden-data/RAW/LOT/2MUCD10014/2019-10-07/2MUCD10014-20191007@204235-Eden.fits (file already exists) (391/434) (dry run)
Skipping /home/altsai/eden/LOT20191007_mod/2MUCD10014-20191007@204346-Eden.fts -> s3://eden-data/RAW/LOT/2MUCD10014/2019-10-07/2MUCD10014-20191007@204346-Eden.fits (file already exists) (392/434) (dry run)
Skipping /home/altsai/eden/LOT20191007_mod/2MUCD10014-20191007@204458-Eden.fts -> s3://eden-data/RAW/LOT/2MUCD10014/2019-10-07/2MUCD10014-20191007@204458-Eden.fits (file already exists) (393/434) (dry run)
Skipping /home/altsai/eden/LOT20191007_mod/2MUCD10014-20191007@204609-Eden.fts -> s3://eden-data/RAW/LOT/2MUCD10014/2019-10-07/2MUCD10014-20191007@204609-Eden.fits (file already exists) (394/434) (dry run)
Skipping /home/altsai/eden/LOT20191007_mod/Bias-20191007@205011-000S.fts -> s3://eden-data/Calibrations/LOT/BIAS/2019-10-07/Bias-20191007@205011-000S.fits (file already exists) (395/434) (dry run)
Skipping /home/altsai/eden/LOT20191007_mod/Bias-20191007@205020-000S.fts -> s3://eden-data/Calibrations/LOT/BIAS/2019-10-07/Bias-20191007@205020-000S.fits (file already exists) (396/434) (dry run)
Skipping /home/altsai/eden/LOT20191007_mod/Bias-20191007@205027-000S.fts -> s3://eden-data/Calibrations/LOT/BIAS/2019-10-07/Bias-20191007@205027-000S.fits (file already exists) (397/434) (dry run)
Skipping /home/altsai/eden/LOT20191007_mod/Bias-20191007@205034-000S.fts -> s3://eden-data/Calibrations/LOT/BIAS/2019-10-07/Bias-20191007@205034-000S.fits (file already exists) (398/434) (dry run)
Skipping /home/altsai/eden/LOT20191007_mod/Bias-20191007@205041-000S.fts -> s3://eden-data/Calibrations/LOT/BIAS/2019-10-07/Bias-20191007@205041-000S.fits (file already exists) (399/434) (dry run)
Skipping /home/altsai/eden/LOT20191007_mod/Bias-20191007@205048-000S.fts -> s3://eden-data/Calibrations/LOT/BIAS/2019-10-07/Bias-20191007@205048-000S.fits (file already exists) (400/434) (dry run)
Skipping /home/altsai/eden/LOT20191007_mod/Bias-20191007@205054-000S.fts -> s3://eden-data/Calibrations/LOT/BIAS/2019-10-07/Bias-20191007@205054-000S.fits (file already exists) (401/434) (dry run)
Skipping /home/altsai/eden/LOT20191007_mod/Bias-20191007@205101-000S.fts -> s3://eden-data/Calibrations/LOT/BIAS/2019-10-07/Bias-20191007@205101-000S.fits (file already exists) (402/434) (dry run)
Skipping /home/altsai/eden/LOT20191007_mod/Bias-20191007@205108-000S.fts -> s3://eden-data/Calibrations/LOT/BIAS/2019-10-07/Bias-20191007@205108-000S.fits (file already exists) (403/434) (dry run)
Skipping /home/altsai/eden/LOT20191007_mod/Bias-20191007@205115-000S.fts -> s3://eden-data/Calibrations/LOT/BIAS/2019-10-07/Bias-20191007@205115-000S.fits (file already exists) (404/434) (dry run)
Skipping /home/altsai/eden/LOT20191007_mod/Dark-20191007@205122-300S.fts -> s3://eden-data/Calibrations/LOT/DARK/2019-10-07/Dark-20191007@205122-300S.fits (file already exists) (405/434) (dry run)
Skipping /home/altsai/eden/LOT20191007_mod/Dark-20191007@205629-300S.fts -> s3://eden-data/Calibrations/LOT/DARK/2019-10-07/Dark-20191007@205629-300S.fits (file already exists) (406/434) (dry run)
Skipping /home/altsai/eden/LOT20191007_mod/Dark-20191007@210136-300S.fts -> s3://eden-data/Calibrations/LOT/DARK/2019-10-07/Dark-20191007@210136-300S.fits (file already exists) (407/434) (dry run)
Skipping /home/altsai/eden/LOT20191007_mod/Dark-20191007@210642-300S.fts -> s3://eden-data/Calibrations/LOT/DARK/2019-10-07/Dark-20191007@210642-300S.fits (file already exists) (408/434) (dry run)
Skipping /home/altsai/eden/LOT20191007_mod/Dark-20191007@211149-300S.fts -> s3://eden-data/Calibrations/LOT/DARK/2019-10-07/Dark-20191007@211149-300S.fits (file already exists) (409/434) (dry run)
Skipping /home/altsai/eden/LOT20191007_mod/Dark-20191007@211656-300S.fts -> s3://eden-data/Calibrations/LOT/DARK/2019-10-07/Dark-20191007@211656-300S.fits (file already exists) (410/434) (dry run)
Skipping /home/altsai/eden/LOT20191007_mod/Dark-20191007@212202-300S.fts -> s3://eden-data/Calibrations/LOT/DARK/2019-10-07/Dark-20191007@212202-300S.fits (file already exists) (411/434) (dry run)
Skipping /home/altsai/eden/LOT20191007_mod/Dark-20191007@212709-300S.fts -> s3://eden-data/Calibrations/LOT/DARK/2019-10-07/Dark-20191007@212709-300S.fits (file already exists) (412/434) (dry run)
Skipping /home/altsai/eden/LOT20191007_mod/Dark-20191007@213216-300S.fts -> s3://eden-data/Calibrations/LOT/DARK/2019-10-07/Dark-20191007@213216-300S.fits (file already exists) (413/434) (dry run)
Skipping /home/altsai/eden/LOT20191007_mod/Dark-20191007@213723-300S.fts -> s3://eden-data/Calibrations/LOT/DARK/2019-10-07/Dark-20191007@213723-300S.fits (file already exists) (414/434) (dry run)
Skipping /home/altsai/eden/LOT20191007_mod/Dark-20191007@214231-060S.fts -> s3://eden-data/Calibrations/LOT/DARK/2019-10-07/Dark-20191007@214231-060S.fits (file already exists) (415/434) (dry run)
Skipping /home/altsai/eden/LOT20191007_mod/Dark-20191007@214338-060S.fts -> s3://eden-data/Calibrations/LOT/DARK/2019-10-07/Dark-20191007@214338-060S.fits (file already exists) (416/434) (dry run)
Skipping /home/altsai/eden/LOT20191007_mod/Dark-20191007@214444-060S.fts -> s3://eden-data/Calibrations/LOT/DARK/2019-10-07/Dark-20191007@214444-060S.fits (file already exists) (417/434) (dry run)
Skipping /home/altsai/eden/LOT20191007_mod/Dark-20191007@214551-060S.fts -> s3://eden-data/Calibrations/LOT/DARK/2019-10-07/Dark-20191007@214551-060S.fits (file already exists) (418/434) (dry run)
Skipping /home/altsai/eden/LOT20191007_mod/Dark-20191007@214658-060S.fts -> s3://eden-data/Calibrations/LOT/DARK/2019-10-07/Dark-20191007@214658-060S.fits (file already exists) (419/434) (dry run)
Skipping /home/altsai/eden/LOT20191007_mod/Dark-20191007@214805-060S.fts -> s3://eden-data/Calibrations/LOT/DARK/2019-10-07/Dark-20191007@214805-060S.fits (file already exists) (420/434) (dry run)
Skipping /home/altsai/eden/LOT20191007_mod/Dark-20191007@214911-060S.fts -> s3://eden-data/Calibrations/LOT/DARK/2019-10-07/Dark-20191007@214911-060S.fits (file already exists) (421/434) (dry run)
Skipping /home/altsai/eden/LOT20191007_mod/Dark-20191007@215018-060S.fts -> s3://eden-data/Calibrations/LOT/DARK/2019-10-07/Dark-20191007@215018-060S.fits (file already exists) (422/434) (dry run)
Skipping /home/altsai/eden/LOT20191007_mod/Dark-20191007@215124-060S.fts -> s3://eden-data/Calibrations/LOT/DARK/2019-10-07/Dark-20191007@215124-060S.fits (file already exists) (423/434) (dry run)
Skipping /home/altsai/eden/LOT20191007_mod/Dark-20191007@215231-060S.fts -> s3://eden-data/Calibrations/LOT/DARK/2019-10-07/Dark-20191007@215231-060S.fits (file already exists) (424/434) (dry run)
Skipping /home/altsai/eden/LOT20191007_mod/Dark-20191007@215339-100S.fts -> s3://eden-data/Calibrations/LOT/DARK/2019-10-07/Dark-20191007@215339-100S.fits (file already exists) (425/434) (dry run)
Skipping /home/altsai/eden/LOT20191007_mod/Dark-20191007@215525-100S.fts -> s3://eden-data/Calibrations/LOT/DARK/2019-10-07/Dark-20191007@215525-100S.fits (file already exists) (426/434) (dry run)
Skipping /home/altsai/eden/LOT20191007_mod/Dark-20191007@215712-100S.fts -> s3://eden-data/Calibrations/LOT/DARK/2019-10-07/Dark-20191007@215712-100S.fits (file already exists) (427/434) (dry run)
Skipping /home/altsai/eden/LOT20191007_mod/Dark-20191007@215859-100S.fts -> s3://eden-data/Calibrations/LOT/DARK/2019-10-07/Dark-20191007@215859-100S.fits (file already exists) (428/434) (dry run)
Skipping /home/altsai/eden/LOT20191007_mod/Dark-20191007@220045-100S.fts -> s3://eden-data/Calibrations/LOT/DARK/2019-10-07/Dark-20191007@220045-100S.fits (file already exists) (429/434) (dry run)
Skipping /home/altsai/eden/LOT20191007_mod/Dark-20191007@220232-100S.fts -> s3://eden-data/Calibrations/LOT/DARK/2019-10-07/Dark-20191007@220232-100S.fits (file already exists) (430/434) (dry run)
Skipping /home/altsai/eden/LOT20191007_mod/Dark-20191007@220418-100S.fts -> s3://eden-data/Calibrations/LOT/DARK/2019-10-07/Dark-20191007@220418-100S.fits (file already exists) (431/434) (dry run)
Skipping /home/altsai/eden/LOT20191007_mod/Dark-20191007@220605-100S.fts -> s3://eden-data/Calibrations/LOT/DARK/2019-10-07/Dark-20191007@220605-100S.fits (file already exists) (432/434) (dry run)
Skipping /home/altsai/eden/LOT20191007_mod/Dark-20191007@220751-100S.fts -> s3://eden-data/Calibrations/LOT/DARK/2019-10-07/Dark-20191007@220751-100S.fits (file already exists) (433/434) (dry run)
Skipping /home/altsai/eden/LOT20191007_mod/Dark-20191007@220938-100S.fts -> s3://eden-data/Calibrations/LOT/DARK/2019-10-07/Dark-20191007@220938-100S.fits (file already exists) (434/434) (dry run)

Dry run complete! Run again without --dryrun to commit the changes above.
Stored: 0 files (0.0 GB)
Skipped: 434 files (3.6 GB)
