Bucket successfully loaded! eden-data
254 files found
Storing data to the S3 archive!
Doing a dry run - uploads will not be committed.
Verbose output enabled.
Storing /home/altsai/eden/LOT20220226_2MASS_J14280419+1356137_mod/2MASS_J14280419+1356137-20220226@165031-Eden.fts -> s3://eden-data/RAW/LOT/2MASS_J14280419+1356137/2022-02-26/2MASS_J14280419+1356137-20220226@165031-Eden.fits (1/254) (dry run)
Storing /home/altsai/eden/LOT20220226_2MASS_J14280419+1356137_mod/2MASS_J14280419+1356137-20220226@165148-Eden.fts -> s3://eden-data/RAW/LOT/2MASS_J14280419+1356137/2022-02-26/2MASS_J14280419+1356137-20220226@165148-Eden.fits (2/254) (dry run)
Storing /home/altsai/eden/LOT20220226_2MASS_J14280419+1356137_mod/2MASS_J14280419+1356137-20220226@165304-Eden.fts -> s3://eden-data/RAW/LOT/2MASS_J14280419+1356137/2022-02-26/2MASS_J14280419+1356137-20220226@165304-Eden.fits (3/254) (dry run)
Storing /home/altsai/eden/LOT20220226_2MASS_J14280419+1356137_mod/2MASS_J14280419+1356137-20220226@165421-Eden.fts -> s3://eden-data/RAW/LOT/2MASS_J14280419+1356137/2022-02-26/2MASS_J14280419+1356137-20220226@165421-Eden.fits (4/254) (dry run)
Storing /home/altsai/eden/LOT20220226_2MASS_J14280419+1356137_mod/2MASS_J14280419+1356137-20220226@165538-Eden.fts -> s3://eden-data/RAW/LOT/2MASS_J14280419+1356137/2022-02-26/2MASS_J14280419+1356137-20220226@165538-Eden.fits (5/254) (dry run)
Storing /home/altsai/eden/LOT20220226_2MASS_J14280419+1356137_mod/2MASS_J14280419+1356137-20220226@165656-Eden.fts -> s3://eden-data/RAW/LOT/2MASS_J14280419+1356137/2022-02-26/2MASS_J14280419+1356137-20220226@165656-Eden.fits (6/254) (dry run)
Storing /home/altsai/eden/LOT20220226_2MASS_J14280419+1356137_mod/2MASS_J14280419+1356137-20220226@165812-Eden.fts -> s3://eden-data/RAW/LOT/2MASS_J14280419+1356137/2022-02-26/2MASS_J14280419+1356137-20220226@165812-Eden.fits (7/254) (dry run)
Storing /home/altsai/eden/LOT20220226_2MASS_J14280419+1356137_mod/2MASS_J14280419+1356137-20220226@165928-Eden.fts -> s3://eden-data/RAW/LOT/2MASS_J14280419+1356137/2022-02-26/2MASS_J14280419+1356137-20220226@165928-Eden.fits (8/254) (dry run)
Storing /home/altsai/eden/LOT20220226_2MASS_J14280419+1356137_mod/2MASS_J14280419+1356137-20220226@170045-Eden.fts -> s3://eden-data/RAW/LOT/2MASS_J14280419+1356137/2022-02-26/2MASS_J14280419+1356137-20220226@170045-Eden.fits (9/254) (dry run)
Storing /home/altsai/eden/LOT20220226_2MASS_J14280419+1356137_mod/2MASS_J14280419+1356137-20220226@170201-Eden.fts -> s3://eden-data/RAW/LOT/2MASS_J14280419+1356137/2022-02-26/2MASS_J14280419+1356137-20220226@170201-Eden.fits (10/254) (dry run)
Storing /home/altsai/eden/LOT20220226_2MASS_J14280419+1356137_mod/2MASS_J14280419+1356137-20220226@170317-Eden.fts -> s3://eden-data/RAW/LOT/2MASS_J14280419+1356137/2022-02-26/2MASS_J14280419+1356137-20220226@170317-Eden.fits (11/254) (dry run)
Storing /home/altsai/eden/LOT20220226_2MASS_J14280419+1356137_mod/2MASS_J14280419+1356137-20220226@170434-Eden.fts -> s3://eden-data/RAW/LOT/2MASS_J14280419+1356137/2022-02-26/2MASS_J14280419+1356137-20220226@170434-Eden.fits (12/254) (dry run)
Storing /home/altsai/eden/LOT20220226_2MASS_J14280419+1356137_mod/2MASS_J14280419+1356137-20220226@170550-Eden.fts -> s3://eden-data/RAW/LOT/2MASS_J14280419+1356137/2022-02-26/2MASS_J14280419+1356137-20220226@170550-Eden.fits (13/254) (dry run)
Storing /home/altsai/eden/LOT20220226_2MASS_J14280419+1356137_mod/2MASS_J14280419+1356137-20220226@170708-Eden.fts -> s3://eden-data/RAW/LOT/2MASS_J14280419+1356137/2022-02-26/2MASS_J14280419+1356137-20220226@170708-Eden.fits (14/254) (dry run)
Storing /home/altsai/eden/LOT20220226_2MASS_J14280419+1356137_mod/2MASS_J14280419+1356137-20220226@170825-Eden.fts -> s3://eden-data/RAW/LOT/2MASS_J14280419+1356137/2022-02-26/2MASS_J14280419+1356137-20220226@170825-Eden.fits (15/254) (dry run)
Storing /home/altsai/eden/LOT20220226_2MASS_J14280419+1356137_mod/2MASS_J14280419+1356137-20220226@170941-Eden.fts -> s3://eden-data/RAW/LOT/2MASS_J14280419+1356137/2022-02-26/2MASS_J14280419+1356137-20220226@170941-Eden.fits (16/254) (dry run)
Storing /home/altsai/eden/LOT20220226_2MASS_J14280419+1356137_mod/2MASS_J14280419+1356137-20220226@171057-Eden.fts -> s3://eden-data/RAW/LOT/2MASS_J14280419+1356137/2022-02-26/2MASS_J14280419+1356137-20220226@171057-Eden.fits (17/254) (dry run)
Storing /home/altsai/eden/LOT20220226_2MASS_J14280419+1356137_mod/2MASS_J14280419+1356137-20220226@171214-Eden.fts -> s3://eden-data/RAW/LOT/2MASS_J14280419+1356137/2022-02-26/2MASS_J14280419+1356137-20220226@171214-Eden.fits (18/254) (dry run)
Storing /home/altsai/eden/LOT20220226_2MASS_J14280419+1356137_mod/2MASS_J14280419+1356137-20220226@171330-Eden.fts -> s3://eden-data/RAW/LOT/2MASS_J14280419+1356137/2022-02-26/2MASS_J14280419+1356137-20220226@171330-Eden.fits (19/254) (dry run)
Storing /home/altsai/eden/LOT20220226_2MASS_J14280419+1356137_mod/2MASS_J14280419+1356137-20220226@171447-Eden.fts -> s3://eden-data/RAW/LOT/2MASS_J14280419+1356137/2022-02-26/2MASS_J14280419+1356137-20220226@171447-Eden.fits (20/254) (dry run)
Storing /home/altsai/eden/LOT20220226_2MASS_J14280419+1356137_mod/2MASS_J14280419+1356137-20220226@171603-Eden.fts -> s3://eden-data/RAW/LOT/2MASS_J14280419+1356137/2022-02-26/2MASS_J14280419+1356137-20220226@171603-Eden.fits (21/254) (dry run)
Storing /home/altsai/eden/LOT20220226_2MASS_J14280419+1356137_mod/2MASS_J14280419+1356137-20220226@171721-Eden.fts -> s3://eden-data/RAW/LOT/2MASS_J14280419+1356137/2022-02-26/2MASS_J14280419+1356137-20220226@171721-Eden.fits (22/254) (dry run)
Storing /home/altsai/eden/LOT20220226_2MASS_J14280419+1356137_mod/2MASS_J14280419+1356137-20220226@171837-Eden.fts -> s3://eden-data/RAW/LOT/2MASS_J14280419+1356137/2022-02-26/2MASS_J14280419+1356137-20220226@171837-Eden.fits (23/254) (dry run)
Storing /home/altsai/eden/LOT20220226_2MASS_J14280419+1356137_mod/2MASS_J14280419+1356137-20220226@171954-Eden.fts -> s3://eden-data/RAW/LOT/2MASS_J14280419+1356137/2022-02-26/2MASS_J14280419+1356137-20220226@171954-Eden.fits (24/254) (dry run)
Storing /home/altsai/eden/LOT20220226_2MASS_J14280419+1356137_mod/2MASS_J14280419+1356137-20220226@172110-Eden.fts -> s3://eden-data/RAW/LOT/2MASS_J14280419+1356137/2022-02-26/2MASS_J14280419+1356137-20220226@172110-Eden.fits (25/254) (dry run)
Storing /home/altsai/eden/LOT20220226_2MASS_J14280419+1356137_mod/2MASS_J14280419+1356137-20220226@172227-Eden.fts -> s3://eden-data/RAW/LOT/2MASS_J14280419+1356137/2022-02-26/2MASS_J14280419+1356137-20220226@172227-Eden.fits (26/254) (dry run)
Storing /home/altsai/eden/LOT20220226_2MASS_J14280419+1356137_mod/2MASS_J14280419+1356137-20220226@172344-Eden.fts -> s3://eden-data/RAW/LOT/2MASS_J14280419+1356137/2022-02-26/2MASS_J14280419+1356137-20220226@172344-Eden.fits (27/254) (dry run)
Storing /home/altsai/eden/LOT20220226_2MASS_J14280419+1356137_mod/2MASS_J14280419+1356137-20220226@172500-Eden.fts -> s3://eden-data/RAW/LOT/2MASS_J14280419+1356137/2022-02-26/2MASS_J14280419+1356137-20220226@172500-Eden.fits (28/254) (dry run)
Storing /home/altsai/eden/LOT20220226_2MASS_J14280419+1356137_mod/2MASS_J14280419+1356137-20220226@172617-Eden.fts -> s3://eden-data/RAW/LOT/2MASS_J14280419+1356137/2022-02-26/2MASS_J14280419+1356137-20220226@172617-Eden.fits (29/254) (dry run)
Storing /home/altsai/eden/LOT20220226_2MASS_J14280419+1356137_mod/2MASS_J14280419+1356137-20220226@172734-Eden.fts -> s3://eden-data/RAW/LOT/2MASS_J14280419+1356137/2022-02-26/2MASS_J14280419+1356137-20220226@172734-Eden.fits (30/254) (dry run)
Storing /home/altsai/eden/LOT20220226_2MASS_J14280419+1356137_mod/2MASS_J14280419+1356137-20220226@172850-Eden.fts -> s3://eden-data/RAW/LOT/2MASS_J14280419+1356137/2022-02-26/2MASS_J14280419+1356137-20220226@172850-Eden.fits (31/254) (dry run)
Storing /home/altsai/eden/LOT20220226_2MASS_J14280419+1356137_mod/2MASS_J14280419+1356137-20220226@173008-Eden.fts -> s3://eden-data/RAW/LOT/2MASS_J14280419+1356137/2022-02-26/2MASS_J14280419+1356137-20220226@173008-Eden.fits (32/254) (dry run)
Storing /home/altsai/eden/LOT20220226_2MASS_J14280419+1356137_mod/2MASS_J14280419+1356137-20220226@173124-Eden.fts -> s3://eden-data/RAW/LOT/2MASS_J14280419+1356137/2022-02-26/2MASS_J14280419+1356137-20220226@173124-Eden.fits (33/254) (dry run)
Storing /home/altsai/eden/LOT20220226_2MASS_J14280419+1356137_mod/2MASS_J14280419+1356137-20220226@173240-Eden.fts -> s3://eden-data/RAW/LOT/2MASS_J14280419+1356137/2022-02-26/2MASS_J14280419+1356137-20220226@173240-Eden.fits (34/254) (dry run)
Storing /home/altsai/eden/LOT20220226_2MASS_J14280419+1356137_mod/2MASS_J14280419+1356137-20220226@173357-Eden.fts -> s3://eden-data/RAW/LOT/2MASS_J14280419+1356137/2022-02-26/2MASS_J14280419+1356137-20220226@173357-Eden.fits (35/254) (dry run)
Storing /home/altsai/eden/LOT20220226_2MASS_J14280419+1356137_mod/2MASS_J14280419+1356137-20220226@173514-Eden.fts -> s3://eden-data/RAW/LOT/2MASS_J14280419+1356137/2022-02-26/2MASS_J14280419+1356137-20220226@173514-Eden.fits (36/254) (dry run)
Storing /home/altsai/eden/LOT20220226_2MASS_J14280419+1356137_mod/2MASS_J14280419+1356137-20220226@173630-Eden.fts -> s3://eden-data/RAW/LOT/2MASS_J14280419+1356137/2022-02-26/2MASS_J14280419+1356137-20220226@173630-Eden.fits (37/254) (dry run)
Storing /home/altsai/eden/LOT20220226_2MASS_J14280419+1356137_mod/2MASS_J14280419+1356137-20220226@173746-Eden.fts -> s3://eden-data/RAW/LOT/2MASS_J14280419+1356137/2022-02-26/2MASS_J14280419+1356137-20220226@173746-Eden.fits (38/254) (dry run)
Storing /home/altsai/eden/LOT20220226_2MASS_J14280419+1356137_mod/2MASS_J14280419+1356137-20220226@173902-Eden.fts -> s3://eden-data/RAW/LOT/2MASS_J14280419+1356137/2022-02-26/2MASS_J14280419+1356137-20220226@173902-Eden.fits (39/254) (dry run)
Storing /home/altsai/eden/LOT20220226_2MASS_J14280419+1356137_mod/2MASS_J14280419+1356137-20220226@174018-Eden.fts -> s3://eden-data/RAW/LOT/2MASS_J14280419+1356137/2022-02-26/2MASS_J14280419+1356137-20220226@174018-Eden.fits (40/254) (dry run)
Storing /home/altsai/eden/LOT20220226_2MASS_J14280419+1356137_mod/2MASS_J14280419+1356137-20220226@174134-Eden.fts -> s3://eden-data/RAW/LOT/2MASS_J14280419+1356137/2022-02-26/2MASS_J14280419+1356137-20220226@174134-Eden.fits (41/254) (dry run)
Storing /home/altsai/eden/LOT20220226_2MASS_J14280419+1356137_mod/2MASS_J14280419+1356137-20220226@174251-Eden.fts -> s3://eden-data/RAW/LOT/2MASS_J14280419+1356137/2022-02-26/2MASS_J14280419+1356137-20220226@174251-Eden.fits (42/254) (dry run)
Storing /home/altsai/eden/LOT20220226_2MASS_J14280419+1356137_mod/2MASS_J14280419+1356137-20220226@174408-Eden.fts -> s3://eden-data/RAW/LOT/2MASS_J14280419+1356137/2022-02-26/2MASS_J14280419+1356137-20220226@174408-Eden.fits (43/254) (dry run)
Storing /home/altsai/eden/LOT20220226_2MASS_J14280419+1356137_mod/2MASS_J14280419+1356137-20220226@174525-Eden.fts -> s3://eden-data/RAW/LOT/2MASS_J14280419+1356137/2022-02-26/2MASS_J14280419+1356137-20220226@174525-Eden.fits (44/254) (dry run)
Storing /home/altsai/eden/LOT20220226_2MASS_J14280419+1356137_mod/2MASS_J14280419+1356137-20220226@174642-Eden.fts -> s3://eden-data/RAW/LOT/2MASS_J14280419+1356137/2022-02-26/2MASS_J14280419+1356137-20220226@174642-Eden.fits (45/254) (dry run)
Storing /home/altsai/eden/LOT20220226_2MASS_J14280419+1356137_mod/2MASS_J14280419+1356137-20220226@174758-Eden.fts -> s3://eden-data/RAW/LOT/2MASS_J14280419+1356137/2022-02-26/2MASS_J14280419+1356137-20220226@174758-Eden.fits (46/254) (dry run)
Storing /home/altsai/eden/LOT20220226_2MASS_J14280419+1356137_mod/2MASS_J14280419+1356137-20220226@174914-Eden.fts -> s3://eden-data/RAW/LOT/2MASS_J14280419+1356137/2022-02-26/2MASS_J14280419+1356137-20220226@174914-Eden.fits (47/254) (dry run)
Storing /home/altsai/eden/LOT20220226_2MASS_J14280419+1356137_mod/2MASS_J14280419+1356137-20220226@175031-Eden.fts -> s3://eden-data/RAW/LOT/2MASS_J14280419+1356137/2022-02-26/2MASS_J14280419+1356137-20220226@175031-Eden.fits (48/254) (dry run)
Storing /home/altsai/eden/LOT20220226_2MASS_J14280419+1356137_mod/2MASS_J14280419+1356137-20220226@175146-Eden.fts -> s3://eden-data/RAW/LOT/2MASS_J14280419+1356137/2022-02-26/2MASS_J14280419+1356137-20220226@175146-Eden.fits (49/254) (dry run)
Storing /home/altsai/eden/LOT20220226_2MASS_J14280419+1356137_mod/2MASS_J14280419+1356137-20220226@175304-Eden.fts -> s3://eden-data/RAW/LOT/2MASS_J14280419+1356137/2022-02-26/2MASS_J14280419+1356137-20220226@175304-Eden.fits (50/254) (dry run)
Storing /home/altsai/eden/LOT20220226_2MASS_J14280419+1356137_mod/2MASS_J14280419+1356137-20220226@175420-Eden.fts -> s3://eden-data/RAW/LOT/2MASS_J14280419+1356137/2022-02-26/2MASS_J14280419+1356137-20220226@175420-Eden.fits (51/254) (dry run)
Storing /home/altsai/eden/LOT20220226_2MASS_J14280419+1356137_mod/2MASS_J14280419+1356137-20220226@175536-Eden.fts -> s3://eden-data/RAW/LOT/2MASS_J14280419+1356137/2022-02-26/2MASS_J14280419+1356137-20220226@175536-Eden.fits (52/254) (dry run)
Storing /home/altsai/eden/LOT20220226_2MASS_J14280419+1356137_mod/2MASS_J14280419+1356137-20220226@175654-Eden.fts -> s3://eden-data/RAW/LOT/2MASS_J14280419+1356137/2022-02-26/2MASS_J14280419+1356137-20220226@175654-Eden.fits (53/254) (dry run)
Storing /home/altsai/eden/LOT20220226_2MASS_J14280419+1356137_mod/2MASS_J14280419+1356137-20220226@175811-Eden.fts -> s3://eden-data/RAW/LOT/2MASS_J14280419+1356137/2022-02-26/2MASS_J14280419+1356137-20220226@175811-Eden.fits (54/254) (dry run)
Storing /home/altsai/eden/LOT20220226_2MASS_J14280419+1356137_mod/2MASS_J14280419+1356137-20220226@175928-Eden.fts -> s3://eden-data/RAW/LOT/2MASS_J14280419+1356137/2022-02-26/2MASS_J14280419+1356137-20220226@175928-Eden.fits (55/254) (dry run)
Storing /home/altsai/eden/LOT20220226_2MASS_J14280419+1356137_mod/2MASS_J14280419+1356137-20220226@180047-Eden.fts -> s3://eden-data/RAW/LOT/2MASS_J14280419+1356137/2022-02-26/2MASS_J14280419+1356137-20220226@180047-Eden.fits (56/254) (dry run)
Storing /home/altsai/eden/LOT20220226_2MASS_J14280419+1356137_mod/2MASS_J14280419+1356137-20220226@180203-Eden.fts -> s3://eden-data/RAW/LOT/2MASS_J14280419+1356137/2022-02-26/2MASS_J14280419+1356137-20220226@180203-Eden.fits (57/254) (dry run)
Storing /home/altsai/eden/LOT20220226_2MASS_J14280419+1356137_mod/2MASS_J14280419+1356137-20220226@180319-Eden.fts -> s3://eden-data/RAW/LOT/2MASS_J14280419+1356137/2022-02-26/2MASS_J14280419+1356137-20220226@180319-Eden.fits (58/254) (dry run)
Storing /home/altsai/eden/LOT20220226_2MASS_J14280419+1356137_mod/2MASS_J14280419+1356137-20220226@180436-Eden.fts -> s3://eden-data/RAW/LOT/2MASS_J14280419+1356137/2022-02-26/2MASS_J14280419+1356137-20220226@180436-Eden.fits (59/254) (dry run)
Storing /home/altsai/eden/LOT20220226_2MASS_J14280419+1356137_mod/2MASS_J14280419+1356137-20220226@180552-Eden.fts -> s3://eden-data/RAW/LOT/2MASS_J14280419+1356137/2022-02-26/2MASS_J14280419+1356137-20220226@180552-Eden.fits (60/254) (dry run)
Storing /home/altsai/eden/LOT20220226_2MASS_J14280419+1356137_mod/2MASS_J14280419+1356137-20220226@180709-Eden.fts -> s3://eden-data/RAW/LOT/2MASS_J14280419+1356137/2022-02-26/2MASS_J14280419+1356137-20220226@180709-Eden.fits (61/254) (dry run)
Storing /home/altsai/eden/LOT20220226_2MASS_J14280419+1356137_mod/2MASS_J14280419+1356137-20220226@180826-Eden.fts -> s3://eden-data/RAW/LOT/2MASS_J14280419+1356137/2022-02-26/2MASS_J14280419+1356137-20220226@180826-Eden.fits (62/254) (dry run)
Storing /home/altsai/eden/LOT20220226_2MASS_J14280419+1356137_mod/2MASS_J14280419+1356137-20220226@180942-Eden.fts -> s3://eden-data/RAW/LOT/2MASS_J14280419+1356137/2022-02-26/2MASS_J14280419+1356137-20220226@180942-Eden.fits (63/254) (dry run)
Storing /home/altsai/eden/LOT20220226_2MASS_J14280419+1356137_mod/2MASS_J14280419+1356137-20220226@181100-Eden.fts -> s3://eden-data/RAW/LOT/2MASS_J14280419+1356137/2022-02-26/2MASS_J14280419+1356137-20220226@181100-Eden.fits (64/254) (dry run)
Storing /home/altsai/eden/LOT20220226_2MASS_J14280419+1356137_mod/2MASS_J14280419+1356137-20220226@181216-Eden.fts -> s3://eden-data/RAW/LOT/2MASS_J14280419+1356137/2022-02-26/2MASS_J14280419+1356137-20220226@181216-Eden.fits (65/254) (dry run)
Storing /home/altsai/eden/LOT20220226_2MASS_J14280419+1356137_mod/2MASS_J14280419+1356137-20220226@181332-Eden.fts -> s3://eden-data/RAW/LOT/2MASS_J14280419+1356137/2022-02-26/2MASS_J14280419+1356137-20220226@181332-Eden.fits (66/254) (dry run)
Storing /home/altsai/eden/LOT20220226_2MASS_J14280419+1356137_mod/2MASS_J14280419+1356137-20220226@181449-Eden.fts -> s3://eden-data/RAW/LOT/2MASS_J14280419+1356137/2022-02-26/2MASS_J14280419+1356137-20220226@181449-Eden.fits (67/254) (dry run)
Storing /home/altsai/eden/LOT20220226_2MASS_J14280419+1356137_mod/2MASS_J14280419+1356137-20220226@181606-Eden.fts -> s3://eden-data/RAW/LOT/2MASS_J14280419+1356137/2022-02-26/2MASS_J14280419+1356137-20220226@181606-Eden.fits (68/254) (dry run)
Storing /home/altsai/eden/LOT20220226_2MASS_J14280419+1356137_mod/2MASS_J14280419+1356137-20220226@181723-Eden.fts -> s3://eden-data/RAW/LOT/2MASS_J14280419+1356137/2022-02-26/2MASS_J14280419+1356137-20220226@181723-Eden.fits (69/254) (dry run)
Storing /home/altsai/eden/LOT20220226_2MASS_J14280419+1356137_mod/2MASS_J14280419+1356137-20220226@181839-Eden.fts -> s3://eden-data/RAW/LOT/2MASS_J14280419+1356137/2022-02-26/2MASS_J14280419+1356137-20220226@181839-Eden.fits (70/254) (dry run)
Storing /home/altsai/eden/LOT20220226_2MASS_J14280419+1356137_mod/2MASS_J14280419+1356137-20220226@181957-Eden.fts -> s3://eden-data/RAW/LOT/2MASS_J14280419+1356137/2022-02-26/2MASS_J14280419+1356137-20220226@181957-Eden.fits (71/254) (dry run)
Storing /home/altsai/eden/LOT20220226_2MASS_J14280419+1356137_mod/2MASS_J14280419+1356137-20220226@182114-Eden.fts -> s3://eden-data/RAW/LOT/2MASS_J14280419+1356137/2022-02-26/2MASS_J14280419+1356137-20220226@182114-Eden.fits (72/254) (dry run)
Storing /home/altsai/eden/LOT20220226_2MASS_J14280419+1356137_mod/2MASS_J14280419+1356137-20220226@182232-Eden.fts -> s3://eden-data/RAW/LOT/2MASS_J14280419+1356137/2022-02-26/2MASS_J14280419+1356137-20220226@182232-Eden.fits (73/254) (dry run)
Storing /home/altsai/eden/LOT20220226_2MASS_J14280419+1356137_mod/2MASS_J14280419+1356137-20220226@182348-Eden.fts -> s3://eden-data/RAW/LOT/2MASS_J14280419+1356137/2022-02-26/2MASS_J14280419+1356137-20220226@182348-Eden.fits (74/254) (dry run)
Storing /home/altsai/eden/LOT20220226_2MASS_J14280419+1356137_mod/2MASS_J14280419+1356137-20220226@182504-Eden.fts -> s3://eden-data/RAW/LOT/2MASS_J14280419+1356137/2022-02-26/2MASS_J14280419+1356137-20220226@182504-Eden.fits (75/254) (dry run)
Storing /home/altsai/eden/LOT20220226_2MASS_J14280419+1356137_mod/2MASS_J14280419+1356137-20220226@182620-Eden.fts -> s3://eden-data/RAW/LOT/2MASS_J14280419+1356137/2022-02-26/2MASS_J14280419+1356137-20220226@182620-Eden.fits (76/254) (dry run)
Storing /home/altsai/eden/LOT20220226_2MASS_J14280419+1356137_mod/2MASS_J14280419+1356137-20220226@182736-Eden.fts -> s3://eden-data/RAW/LOT/2MASS_J14280419+1356137/2022-02-26/2MASS_J14280419+1356137-20220226@182736-Eden.fits (77/254) (dry run)
Storing /home/altsai/eden/LOT20220226_2MASS_J14280419+1356137_mod/2MASS_J14280419+1356137-20220226@183335-Eden.fts -> s3://eden-data/RAW/LOT/2MASS_J14280419+1356137/2022-02-26/2MASS_J14280419+1356137-20220226@183335-Eden.fits (78/254) (dry run)
Storing /home/altsai/eden/LOT20220226_2MASS_J14280419+1356137_mod/2MASS_J14280419+1356137-20220226@183450-Eden.fts -> s3://eden-data/RAW/LOT/2MASS_J14280419+1356137/2022-02-26/2MASS_J14280419+1356137-20220226@183450-Eden.fits (79/254) (dry run)
Storing /home/altsai/eden/LOT20220226_2MASS_J14280419+1356137_mod/2MASS_J14280419+1356137-20220226@183606-Eden.fts -> s3://eden-data/RAW/LOT/2MASS_J14280419+1356137/2022-02-26/2MASS_J14280419+1356137-20220226@183606-Eden.fits (80/254) (dry run)
Storing /home/altsai/eden/LOT20220226_2MASS_J14280419+1356137_mod/2MASS_J14280419+1356137-20220226@183723-Eden.fts -> s3://eden-data/RAW/LOT/2MASS_J14280419+1356137/2022-02-26/2MASS_J14280419+1356137-20220226@183723-Eden.fits (81/254) (dry run)
Storing /home/altsai/eden/LOT20220226_2MASS_J14280419+1356137_mod/2MASS_J14280419+1356137-20220226@183839-Eden.fts -> s3://eden-data/RAW/LOT/2MASS_J14280419+1356137/2022-02-26/2MASS_J14280419+1356137-20220226@183839-Eden.fits (82/254) (dry run)
Storing /home/altsai/eden/LOT20220226_2MASS_J14280419+1356137_mod/2MASS_J14280419+1356137-20220226@183956-Eden.fts -> s3://eden-data/RAW/LOT/2MASS_J14280419+1356137/2022-02-26/2MASS_J14280419+1356137-20220226@183956-Eden.fits (83/254) (dry run)
Storing /home/altsai/eden/LOT20220226_2MASS_J14280419+1356137_mod/2MASS_J14280419+1356137-20220226@184113-Eden.fts -> s3://eden-data/RAW/LOT/2MASS_J14280419+1356137/2022-02-26/2MASS_J14280419+1356137-20220226@184113-Eden.fits (84/254) (dry run)
Storing /home/altsai/eden/LOT20220226_2MASS_J14280419+1356137_mod/2MASS_J14280419+1356137-20220226@184230-Eden.fts -> s3://eden-data/RAW/LOT/2MASS_J14280419+1356137/2022-02-26/2MASS_J14280419+1356137-20220226@184230-Eden.fits (85/254) (dry run)
Storing /home/altsai/eden/LOT20220226_2MASS_J14280419+1356137_mod/2MASS_J14280419+1356137-20220226@184347-Eden.fts -> s3://eden-data/RAW/LOT/2MASS_J14280419+1356137/2022-02-26/2MASS_J14280419+1356137-20220226@184347-Eden.fits (86/254) (dry run)
Storing /home/altsai/eden/LOT20220226_2MASS_J14280419+1356137_mod/2MASS_J14280419+1356137-20220226@184504-Eden.fts -> s3://eden-data/RAW/LOT/2MASS_J14280419+1356137/2022-02-26/2MASS_J14280419+1356137-20220226@184504-Eden.fits (87/254) (dry run)
Storing /home/altsai/eden/LOT20220226_2MASS_J14280419+1356137_mod/2MASS_J14280419+1356137-20220226@184621-Eden.fts -> s3://eden-data/RAW/LOT/2MASS_J14280419+1356137/2022-02-26/2MASS_J14280419+1356137-20220226@184621-Eden.fits (88/254) (dry run)
Storing /home/altsai/eden/LOT20220226_2MASS_J14280419+1356137_mod/2MASS_J14280419+1356137-20220226@184738-Eden.fts -> s3://eden-data/RAW/LOT/2MASS_J14280419+1356137/2022-02-26/2MASS_J14280419+1356137-20220226@184738-Eden.fits (89/254) (dry run)
Storing /home/altsai/eden/LOT20220226_2MASS_J14280419+1356137_mod/2MASS_J14280419+1356137-20220226@184856-Eden.fts -> s3://eden-data/RAW/LOT/2MASS_J14280419+1356137/2022-02-26/2MASS_J14280419+1356137-20220226@184856-Eden.fits (90/254) (dry run)
Storing /home/altsai/eden/LOT20220226_2MASS_J14280419+1356137_mod/2MASS_J14280419+1356137-20220226@185012-Eden.fts -> s3://eden-data/RAW/LOT/2MASS_J14280419+1356137/2022-02-26/2MASS_J14280419+1356137-20220226@185012-Eden.fits (91/254) (dry run)
Storing /home/altsai/eden/LOT20220226_2MASS_J14280419+1356137_mod/2MASS_J14280419+1356137-20220226@185129-Eden.fts -> s3://eden-data/RAW/LOT/2MASS_J14280419+1356137/2022-02-26/2MASS_J14280419+1356137-20220226@185129-Eden.fits (92/254) (dry run)
Storing /home/altsai/eden/LOT20220226_2MASS_J14280419+1356137_mod/2MASS_J14280419+1356137-20220226@185244-Eden.fts -> s3://eden-data/RAW/LOT/2MASS_J14280419+1356137/2022-02-26/2MASS_J14280419+1356137-20220226@185244-Eden.fits (93/254) (dry run)
Storing /home/altsai/eden/LOT20220226_2MASS_J14280419+1356137_mod/2MASS_J14280419+1356137-20220226@185400-Eden.fts -> s3://eden-data/RAW/LOT/2MASS_J14280419+1356137/2022-02-26/2MASS_J14280419+1356137-20220226@185400-Eden.fits (94/254) (dry run)
Storing /home/altsai/eden/LOT20220226_2MASS_J14280419+1356137_mod/2MASS_J14280419+1356137-20220226@185517-Eden.fts -> s3://eden-data/RAW/LOT/2MASS_J14280419+1356137/2022-02-26/2MASS_J14280419+1356137-20220226@185517-Eden.fits (95/254) (dry run)
Storing /home/altsai/eden/LOT20220226_2MASS_J14280419+1356137_mod/2MASS_J14280419+1356137-20220226@185633-Eden.fts -> s3://eden-data/RAW/LOT/2MASS_J14280419+1356137/2022-02-26/2MASS_J14280419+1356137-20220226@185633-Eden.fits (96/254) (dry run)
Storing /home/altsai/eden/LOT20220226_2MASS_J14280419+1356137_mod/2MASS_J14280419+1356137-20220226@185749-Eden.fts -> s3://eden-data/RAW/LOT/2MASS_J14280419+1356137/2022-02-26/2MASS_J14280419+1356137-20220226@185749-Eden.fits (97/254) (dry run)
Storing /home/altsai/eden/LOT20220226_2MASS_J14280419+1356137_mod/2MASS_J14280419+1356137-20220226@185906-Eden.fts -> s3://eden-data/RAW/LOT/2MASS_J14280419+1356137/2022-02-26/2MASS_J14280419+1356137-20220226@185906-Eden.fits (98/254) (dry run)
Storing /home/altsai/eden/LOT20220226_2MASS_J14280419+1356137_mod/2MASS_J14280419+1356137-20220226@190022-Eden.fts -> s3://eden-data/RAW/LOT/2MASS_J14280419+1356137/2022-02-26/2MASS_J14280419+1356137-20220226@190022-Eden.fits (99/254) (dry run)
Storing /home/altsai/eden/LOT20220226_2MASS_J14280419+1356137_mod/2MASS_J14280419+1356137-20220226@190137-Eden.fts -> s3://eden-data/RAW/LOT/2MASS_J14280419+1356137/2022-02-26/2MASS_J14280419+1356137-20220226@190137-Eden.fits (100/254) (dry run)
Storing /home/altsai/eden/LOT20220226_2MASS_J14280419+1356137_mod/2MASS_J14280419+1356137-20220226@190251-Eden.fts -> s3://eden-data/RAW/LOT/2MASS_J14280419+1356137/2022-02-26/2MASS_J14280419+1356137-20220226@190251-Eden.fits (101/254) (dry run)
Storing /home/altsai/eden/LOT20220226_2MASS_J14280419+1356137_mod/2MASS_J14280419+1356137-20220226@190404-Eden.fts -> s3://eden-data/RAW/LOT/2MASS_J14280419+1356137/2022-02-26/2MASS_J14280419+1356137-20220226@190404-Eden.fits (102/254) (dry run)
Storing /home/altsai/eden/LOT20220226_2MASS_J14280419+1356137_mod/2MASS_J14280419+1356137-20220226@190518-Eden.fts -> s3://eden-data/RAW/LOT/2MASS_J14280419+1356137/2022-02-26/2MASS_J14280419+1356137-20220226@190518-Eden.fits (103/254) (dry run)
Storing /home/altsai/eden/LOT20220226_2MASS_J14280419+1356137_mod/2MASS_J14280419+1356137-20220226@190632-Eden.fts -> s3://eden-data/RAW/LOT/2MASS_J14280419+1356137/2022-02-26/2MASS_J14280419+1356137-20220226@190632-Eden.fits (104/254) (dry run)
Storing /home/altsai/eden/LOT20220226_2MASS_J14280419+1356137_mod/2MASS_J14280419+1356137-20220226@190746-Eden.fts -> s3://eden-data/RAW/LOT/2MASS_J14280419+1356137/2022-02-26/2MASS_J14280419+1356137-20220226@190746-Eden.fits (105/254) (dry run)
Storing /home/altsai/eden/LOT20220226_2MASS_J14280419+1356137_mod/2MASS_J14280419+1356137-20220226@190900-Eden.fts -> s3://eden-data/RAW/LOT/2MASS_J14280419+1356137/2022-02-26/2MASS_J14280419+1356137-20220226@190900-Eden.fits (106/254) (dry run)
Storing /home/altsai/eden/LOT20220226_2MASS_J14280419+1356137_mod/2MASS_J14280419+1356137-20220226@191014-Eden.fts -> s3://eden-data/RAW/LOT/2MASS_J14280419+1356137/2022-02-26/2MASS_J14280419+1356137-20220226@191014-Eden.fits (107/254) (dry run)
Storing /home/altsai/eden/LOT20220226_2MASS_J14280419+1356137_mod/2MASS_J14280419+1356137-20220226@191127-Eden.fts -> s3://eden-data/RAW/LOT/2MASS_J14280419+1356137/2022-02-26/2MASS_J14280419+1356137-20220226@191127-Eden.fits (108/254) (dry run)
Storing /home/altsai/eden/LOT20220226_2MASS_J14280419+1356137_mod/2MASS_J14280419+1356137-20220226@191241-Eden.fts -> s3://eden-data/RAW/LOT/2MASS_J14280419+1356137/2022-02-26/2MASS_J14280419+1356137-20220226@191241-Eden.fits (109/254) (dry run)
Storing /home/altsai/eden/LOT20220226_2MASS_J14280419+1356137_mod/2MASS_J14280419+1356137-20220226@191355-Eden.fts -> s3://eden-data/RAW/LOT/2MASS_J14280419+1356137/2022-02-26/2MASS_J14280419+1356137-20220226@191355-Eden.fits (110/254) (dry run)
Storing /home/altsai/eden/LOT20220226_2MASS_J14280419+1356137_mod/2MASS_J14280419+1356137-20220226@191509-Eden.fts -> s3://eden-data/RAW/LOT/2MASS_J14280419+1356137/2022-02-26/2MASS_J14280419+1356137-20220226@191509-Eden.fits (111/254) (dry run)
Storing /home/altsai/eden/LOT20220226_2MASS_J14280419+1356137_mod/2MASS_J14280419+1356137-20220226@191623-Eden.fts -> s3://eden-data/RAW/LOT/2MASS_J14280419+1356137/2022-02-26/2MASS_J14280419+1356137-20220226@191623-Eden.fits (112/254) (dry run)
Storing /home/altsai/eden/LOT20220226_2MASS_J14280419+1356137_mod/2MASS_J14280419+1356137-20220226@191737-Eden.fts -> s3://eden-data/RAW/LOT/2MASS_J14280419+1356137/2022-02-26/2MASS_J14280419+1356137-20220226@191737-Eden.fits (113/254) (dry run)
Storing /home/altsai/eden/LOT20220226_2MASS_J14280419+1356137_mod/2MASS_J14280419+1356137-20220226@191852-Eden.fts -> s3://eden-data/RAW/LOT/2MASS_J14280419+1356137/2022-02-26/2MASS_J14280419+1356137-20220226@191852-Eden.fits (114/254) (dry run)
Storing /home/altsai/eden/LOT20220226_2MASS_J14280419+1356137_mod/2MASS_J14280419+1356137-20220226@192005-Eden.fts -> s3://eden-data/RAW/LOT/2MASS_J14280419+1356137/2022-02-26/2MASS_J14280419+1356137-20220226@192005-Eden.fits (115/254) (dry run)
Storing /home/altsai/eden/LOT20220226_2MASS_J14280419+1356137_mod/2MASS_J14280419+1356137-20220226@192119-Eden.fts -> s3://eden-data/RAW/LOT/2MASS_J14280419+1356137/2022-02-26/2MASS_J14280419+1356137-20220226@192119-Eden.fits (116/254) (dry run)
Storing /home/altsai/eden/LOT20220226_2MASS_J14280419+1356137_mod/2MASS_J14280419+1356137-20220226@192233-Eden.fts -> s3://eden-data/RAW/LOT/2MASS_J14280419+1356137/2022-02-26/2MASS_J14280419+1356137-20220226@192233-Eden.fits (117/254) (dry run)
Storing /home/altsai/eden/LOT20220226_2MASS_J14280419+1356137_mod/2MASS_J14280419+1356137-20220226@192347-Eden.fts -> s3://eden-data/RAW/LOT/2MASS_J14280419+1356137/2022-02-26/2MASS_J14280419+1356137-20220226@192347-Eden.fits (118/254) (dry run)
Storing /home/altsai/eden/LOT20220226_2MASS_J14280419+1356137_mod/2MASS_J14280419+1356137-20220226@192501-Eden.fts -> s3://eden-data/RAW/LOT/2MASS_J14280419+1356137/2022-02-26/2MASS_J14280419+1356137-20220226@192501-Eden.fits (119/254) (dry run)
Storing /home/altsai/eden/LOT20220226_2MASS_J14280419+1356137_mod/2MASS_J14280419+1356137-20220226@192616-Eden.fts -> s3://eden-data/RAW/LOT/2MASS_J14280419+1356137/2022-02-26/2MASS_J14280419+1356137-20220226@192616-Eden.fits (120/254) (dry run)
Storing /home/altsai/eden/LOT20220226_2MASS_J14280419+1356137_mod/2MASS_J14280419+1356137-20220226@192731-Eden.fts -> s3://eden-data/RAW/LOT/2MASS_J14280419+1356137/2022-02-26/2MASS_J14280419+1356137-20220226@192731-Eden.fits (121/254) (dry run)
Storing /home/altsai/eden/LOT20220226_2MASS_J14280419+1356137_mod/2MASS_J14280419+1356137-20220226@192844-Eden.fts -> s3://eden-data/RAW/LOT/2MASS_J14280419+1356137/2022-02-26/2MASS_J14280419+1356137-20220226@192844-Eden.fits (122/254) (dry run)
Storing /home/altsai/eden/LOT20220226_2MASS_J14280419+1356137_mod/2MASS_J14280419+1356137-20220226@192957-Eden.fts -> s3://eden-data/RAW/LOT/2MASS_J14280419+1356137/2022-02-26/2MASS_J14280419+1356137-20220226@192957-Eden.fits (123/254) (dry run)
Storing /home/altsai/eden/LOT20220226_2MASS_J14280419+1356137_mod/2MASS_J14280419+1356137-20220226@193111-Eden.fts -> s3://eden-data/RAW/LOT/2MASS_J14280419+1356137/2022-02-26/2MASS_J14280419+1356137-20220226@193111-Eden.fits (124/254) (dry run)
Storing /home/altsai/eden/LOT20220226_2MASS_J14280419+1356137_mod/2MASS_J14280419+1356137-20220226@193224-Eden.fts -> s3://eden-data/RAW/LOT/2MASS_J14280419+1356137/2022-02-26/2MASS_J14280419+1356137-20220226@193224-Eden.fits (125/254) (dry run)
Storing /home/altsai/eden/LOT20220226_2MASS_J14280419+1356137_mod/2MASS_J14280419+1356137-20220226@193338-Eden.fts -> s3://eden-data/RAW/LOT/2MASS_J14280419+1356137/2022-02-26/2MASS_J14280419+1356137-20220226@193338-Eden.fits (126/254) (dry run)
Storing /home/altsai/eden/LOT20220226_2MASS_J14280419+1356137_mod/2MASS_J14280419+1356137-20220226@193452-Eden.fts -> s3://eden-data/RAW/LOT/2MASS_J14280419+1356137/2022-02-26/2MASS_J14280419+1356137-20220226@193452-Eden.fits (127/254) (dry run)
Storing /home/altsai/eden/LOT20220226_2MASS_J14280419+1356137_mod/2MASS_J14280419+1356137-20220226@193607-Eden.fts -> s3://eden-data/RAW/LOT/2MASS_J14280419+1356137/2022-02-26/2MASS_J14280419+1356137-20220226@193607-Eden.fits (128/254) (dry run)
Storing /home/altsai/eden/LOT20220226_2MASS_J14280419+1356137_mod/2MASS_J14280419+1356137-20220226@193722-Eden.fts -> s3://eden-data/RAW/LOT/2MASS_J14280419+1356137/2022-02-26/2MASS_J14280419+1356137-20220226@193722-Eden.fits (129/254) (dry run)
Storing /home/altsai/eden/LOT20220226_2MASS_J14280419+1356137_mod/2MASS_J14280419+1356137-20220226@193835-Eden.fts -> s3://eden-data/RAW/LOT/2MASS_J14280419+1356137/2022-02-26/2MASS_J14280419+1356137-20220226@193835-Eden.fits (130/254) (dry run)
Storing /home/altsai/eden/LOT20220226_2MASS_J14280419+1356137_mod/2MASS_J14280419+1356137-20220226@193951-Eden.fts -> s3://eden-data/RAW/LOT/2MASS_J14280419+1356137/2022-02-26/2MASS_J14280419+1356137-20220226@193951-Eden.fits (131/254) (dry run)
Storing /home/altsai/eden/LOT20220226_2MASS_J14280419+1356137_mod/2MASS_J14280419+1356137-20220226@194107-Eden.fts -> s3://eden-data/RAW/LOT/2MASS_J14280419+1356137/2022-02-26/2MASS_J14280419+1356137-20220226@194107-Eden.fits (132/254) (dry run)
Storing /home/altsai/eden/LOT20220226_2MASS_J14280419+1356137_mod/2MASS_J14280419+1356137-20220226@194221-Eden.fts -> s3://eden-data/RAW/LOT/2MASS_J14280419+1356137/2022-02-26/2MASS_J14280419+1356137-20220226@194221-Eden.fits (133/254) (dry run)
Storing /home/altsai/eden/LOT20220226_2MASS_J14280419+1356137_mod/2MASS_J14280419+1356137-20220226@194335-Eden.fts -> s3://eden-data/RAW/LOT/2MASS_J14280419+1356137/2022-02-26/2MASS_J14280419+1356137-20220226@194335-Eden.fits (134/254) (dry run)
Storing /home/altsai/eden/LOT20220226_2MASS_J14280419+1356137_mod/2MASS_J14280419+1356137-20220226@194449-Eden.fts -> s3://eden-data/RAW/LOT/2MASS_J14280419+1356137/2022-02-26/2MASS_J14280419+1356137-20220226@194449-Eden.fits (135/254) (dry run)
Storing /home/altsai/eden/LOT20220226_2MASS_J14280419+1356137_mod/2MASS_J14280419+1356137-20220226@194604-Eden.fts -> s3://eden-data/RAW/LOT/2MASS_J14280419+1356137/2022-02-26/2MASS_J14280419+1356137-20220226@194604-Eden.fits (136/254) (dry run)
Storing /home/altsai/eden/LOT20220226_2MASS_J14280419+1356137_mod/2MASS_J14280419+1356137-20220226@194720-Eden.fts -> s3://eden-data/RAW/LOT/2MASS_J14280419+1356137/2022-02-26/2MASS_J14280419+1356137-20220226@194720-Eden.fits (137/254) (dry run)
Storing /home/altsai/eden/LOT20220226_2MASS_J14280419+1356137_mod/2MASS_J14280419+1356137-20220226@195055-Eden.fts -> s3://eden-data/RAW/LOT/2MASS_J14280419+1356137/2022-02-26/2MASS_J14280419+1356137-20220226@195055-Eden.fits (138/254) (dry run)
Storing /home/altsai/eden/LOT20220226_2MASS_J14280419+1356137_mod/2MASS_J14280419+1356137-20220226@195211-Eden.fts -> s3://eden-data/RAW/LOT/2MASS_J14280419+1356137/2022-02-26/2MASS_J14280419+1356137-20220226@195211-Eden.fits (139/254) (dry run)
Storing /home/altsai/eden/LOT20220226_2MASS_J14280419+1356137_mod/2MASS_J14280419+1356137-20220226@195329-Eden.fts -> s3://eden-data/RAW/LOT/2MASS_J14280419+1356137/2022-02-26/2MASS_J14280419+1356137-20220226@195329-Eden.fits (140/254) (dry run)
Storing /home/altsai/eden/LOT20220226_2MASS_J14280419+1356137_mod/2MASS_J14280419+1356137-20220226@195446-Eden.fts -> s3://eden-data/RAW/LOT/2MASS_J14280419+1356137/2022-02-26/2MASS_J14280419+1356137-20220226@195446-Eden.fits (141/254) (dry run)
Storing /home/altsai/eden/LOT20220226_2MASS_J14280419+1356137_mod/2MASS_J14280419+1356137-20220226@195601-Eden.fts -> s3://eden-data/RAW/LOT/2MASS_J14280419+1356137/2022-02-26/2MASS_J14280419+1356137-20220226@195601-Eden.fits (142/254) (dry run)
Storing /home/altsai/eden/LOT20220226_2MASS_J14280419+1356137_mod/2MASS_J14280419+1356137-20220226@195716-Eden.fts -> s3://eden-data/RAW/LOT/2MASS_J14280419+1356137/2022-02-26/2MASS_J14280419+1356137-20220226@195716-Eden.fits (143/254) (dry run)
Storing /home/altsai/eden/LOT20220226_2MASS_J14280419+1356137_mod/2MASS_J14280419+1356137-20220226@195829-Eden.fts -> s3://eden-data/RAW/LOT/2MASS_J14280419+1356137/2022-02-26/2MASS_J14280419+1356137-20220226@195829-Eden.fits (144/254) (dry run)
Storing /home/altsai/eden/LOT20220226_2MASS_J14280419+1356137_mod/2MASS_J14280419+1356137-20220226@195944-Eden.fts -> s3://eden-data/RAW/LOT/2MASS_J14280419+1356137/2022-02-26/2MASS_J14280419+1356137-20220226@195944-Eden.fits (145/254) (dry run)
Storing /home/altsai/eden/LOT20220226_2MASS_J14280419+1356137_mod/2MASS_J14280419+1356137-20220226@200058-Eden.fts -> s3://eden-data/RAW/LOT/2MASS_J14280419+1356137/2022-02-26/2MASS_J14280419+1356137-20220226@200058-Eden.fits (146/254) (dry run)
Storing /home/altsai/eden/LOT20220226_2MASS_J14280419+1356137_mod/2MASS_J14280419+1356137-20220226@200212-Eden.fts -> s3://eden-data/RAW/LOT/2MASS_J14280419+1356137/2022-02-26/2MASS_J14280419+1356137-20220226@200212-Eden.fits (147/254) (dry run)
Storing /home/altsai/eden/LOT20220226_2MASS_J14280419+1356137_mod/2MASS_J14280419+1356137-20220226@200326-Eden.fts -> s3://eden-data/RAW/LOT/2MASS_J14280419+1356137/2022-02-26/2MASS_J14280419+1356137-20220226@200326-Eden.fits (148/254) (dry run)
Storing /home/altsai/eden/LOT20220226_2MASS_J14280419+1356137_mod/2MASS_J14280419+1356137-20220226@200441-Eden.fts -> s3://eden-data/RAW/LOT/2MASS_J14280419+1356137/2022-02-26/2MASS_J14280419+1356137-20220226@200441-Eden.fits (149/254) (dry run)
Storing /home/altsai/eden/LOT20220226_2MASS_J14280419+1356137_mod/2MASS_J14280419+1356137-20220226@200555-Eden.fts -> s3://eden-data/RAW/LOT/2MASS_J14280419+1356137/2022-02-26/2MASS_J14280419+1356137-20220226@200555-Eden.fits (150/254) (dry run)
Storing /home/altsai/eden/LOT20220226_2MASS_J14280419+1356137_mod/2MASS_J14280419+1356137-20220226@200709-Eden.fts -> s3://eden-data/RAW/LOT/2MASS_J14280419+1356137/2022-02-26/2MASS_J14280419+1356137-20220226@200709-Eden.fits (151/254) (dry run)
Storing /home/altsai/eden/LOT20220226_2MASS_J14280419+1356137_mod/2MASS_J14280419+1356137-20220226@200823-Eden.fts -> s3://eden-data/RAW/LOT/2MASS_J14280419+1356137/2022-02-26/2MASS_J14280419+1356137-20220226@200823-Eden.fits (152/254) (dry run)
Storing /home/altsai/eden/LOT20220226_2MASS_J14280419+1356137_mod/2MASS_J14280419+1356137-20220226@200937-Eden.fts -> s3://eden-data/RAW/LOT/2MASS_J14280419+1356137/2022-02-26/2MASS_J14280419+1356137-20220226@200937-Eden.fits (153/254) (dry run)
Storing /home/altsai/eden/LOT20220226_2MASS_J14280419+1356137_mod/2MASS_J14280419+1356137-20220226@201051-Eden.fts -> s3://eden-data/RAW/LOT/2MASS_J14280419+1356137/2022-02-26/2MASS_J14280419+1356137-20220226@201051-Eden.fits (154/254) (dry run)
Storing /home/altsai/eden/LOT20220226_2MASS_J14280419+1356137_mod/2MASS_J14280419+1356137-20220226@201206-Eden.fts -> s3://eden-data/RAW/LOT/2MASS_J14280419+1356137/2022-02-26/2MASS_J14280419+1356137-20220226@201206-Eden.fits (155/254) (dry run)
Storing /home/altsai/eden/LOT20220226_2MASS_J14280419+1356137_mod/2MASS_J14280419+1356137-20220226@201320-Eden.fts -> s3://eden-data/RAW/LOT/2MASS_J14280419+1356137/2022-02-26/2MASS_J14280419+1356137-20220226@201320-Eden.fits (156/254) (dry run)
Storing /home/altsai/eden/LOT20220226_2MASS_J14280419+1356137_mod/2MASS_J14280419+1356137-20220226@201435-Eden.fts -> s3://eden-data/RAW/LOT/2MASS_J14280419+1356137/2022-02-26/2MASS_J14280419+1356137-20220226@201435-Eden.fits (157/254) (dry run)
Storing /home/altsai/eden/LOT20220226_2MASS_J14280419+1356137_mod/2MASS_J14280419+1356137-20220226@201551-Eden.fts -> s3://eden-data/RAW/LOT/2MASS_J14280419+1356137/2022-02-26/2MASS_J14280419+1356137-20220226@201551-Eden.fits (158/254) (dry run)
Storing /home/altsai/eden/LOT20220226_2MASS_J14280419+1356137_mod/2MASS_J14280419+1356137-20220226@201706-Eden.fts -> s3://eden-data/RAW/LOT/2MASS_J14280419+1356137/2022-02-26/2MASS_J14280419+1356137-20220226@201706-Eden.fits (159/254) (dry run)
Storing /home/altsai/eden/LOT20220226_2MASS_J14280419+1356137_mod/2MASS_J14280419+1356137-20220226@201820-Eden.fts -> s3://eden-data/RAW/LOT/2MASS_J14280419+1356137/2022-02-26/2MASS_J14280419+1356137-20220226@201820-Eden.fits (160/254) (dry run)
Storing /home/altsai/eden/LOT20220226_2MASS_J14280419+1356137_mod/2MASS_J14280419+1356137-20220226@201935-Eden.fts -> s3://eden-data/RAW/LOT/2MASS_J14280419+1356137/2022-02-26/2MASS_J14280419+1356137-20220226@201935-Eden.fits (161/254) (dry run)
Storing /home/altsai/eden/LOT20220226_2MASS_J14280419+1356137_mod/2MASS_J14280419+1356137-20220226@202049-Eden.fts -> s3://eden-data/RAW/LOT/2MASS_J14280419+1356137/2022-02-26/2MASS_J14280419+1356137-20220226@202049-Eden.fits (162/254) (dry run)
Storing /home/altsai/eden/LOT20220226_2MASS_J14280419+1356137_mod/2MASS_J14280419+1356137-20220226@202202-Eden.fts -> s3://eden-data/RAW/LOT/2MASS_J14280419+1356137/2022-02-26/2MASS_J14280419+1356137-20220226@202202-Eden.fits (163/254) (dry run)
Storing /home/altsai/eden/LOT20220226_2MASS_J14280419+1356137_mod/2MASS_J14280419+1356137-20220226@202317-Eden.fts -> s3://eden-data/RAW/LOT/2MASS_J14280419+1356137/2022-02-26/2MASS_J14280419+1356137-20220226@202317-Eden.fits (164/254) (dry run)
Storing /home/altsai/eden/LOT20220226_2MASS_J14280419+1356137_mod/2MASS_J14280419+1356137-20220226@202431-Eden.fts -> s3://eden-data/RAW/LOT/2MASS_J14280419+1356137/2022-02-26/2MASS_J14280419+1356137-20220226@202431-Eden.fits (165/254) (dry run)
Storing /home/altsai/eden/LOT20220226_2MASS_J14280419+1356137_mod/2MASS_J14280419+1356137-20220226@202544-Eden.fts -> s3://eden-data/RAW/LOT/2MASS_J14280419+1356137/2022-02-26/2MASS_J14280419+1356137-20220226@202544-Eden.fits (166/254) (dry run)
Storing /home/altsai/eden/LOT20220226_2MASS_J14280419+1356137_mod/2MASS_J14280419+1356137-20220226@202700-Eden.fts -> s3://eden-data/RAW/LOT/2MASS_J14280419+1356137/2022-02-26/2MASS_J14280419+1356137-20220226@202700-Eden.fits (167/254) (dry run)
Storing /home/altsai/eden/LOT20220226_2MASS_J14280419+1356137_mod/2MASS_J14280419+1356137-20220226@202813-Eden.fts -> s3://eden-data/RAW/LOT/2MASS_J14280419+1356137/2022-02-26/2MASS_J14280419+1356137-20220226@202813-Eden.fits (168/254) (dry run)
Storing /home/altsai/eden/LOT20220226_2MASS_J14280419+1356137_mod/2MASS_J14280419+1356137-20220226@202926-Eden.fts -> s3://eden-data/RAW/LOT/2MASS_J14280419+1356137/2022-02-26/2MASS_J14280419+1356137-20220226@202926-Eden.fits (169/254) (dry run)
Storing /home/altsai/eden/LOT20220226_2MASS_J14280419+1356137_mod/2MASS_J14280419+1356137-20220226@203040-Eden.fts -> s3://eden-data/RAW/LOT/2MASS_J14280419+1356137/2022-02-26/2MASS_J14280419+1356137-20220226@203040-Eden.fits (170/254) (dry run)
Storing /home/altsai/eden/LOT20220226_2MASS_J14280419+1356137_mod/2MASS_J14280419+1356137-20220226@203154-Eden.fts -> s3://eden-data/RAW/LOT/2MASS_J14280419+1356137/2022-02-26/2MASS_J14280419+1356137-20220226@203154-Eden.fits (171/254) (dry run)
Storing /home/altsai/eden/LOT20220226_2MASS_J14280419+1356137_mod/2MASS_J14280419+1356137-20220226@203308-Eden.fts -> s3://eden-data/RAW/LOT/2MASS_J14280419+1356137/2022-02-26/2MASS_J14280419+1356137-20220226@203308-Eden.fits (172/254) (dry run)
Storing /home/altsai/eden/LOT20220226_2MASS_J14280419+1356137_mod/2MASS_J14280419+1356137-20220226@203422-Eden.fts -> s3://eden-data/RAW/LOT/2MASS_J14280419+1356137/2022-02-26/2MASS_J14280419+1356137-20220226@203422-Eden.fits (173/254) (dry run)
Storing /home/altsai/eden/LOT20220226_2MASS_J14280419+1356137_mod/2MASS_J14280419+1356137-20220226@203536-Eden.fts -> s3://eden-data/RAW/LOT/2MASS_J14280419+1356137/2022-02-26/2MASS_J14280419+1356137-20220226@203536-Eden.fits (174/254) (dry run)
Storing /home/altsai/eden/LOT20220226_2MASS_J14280419+1356137_mod/2MASS_J14280419+1356137-20220226@203650-Eden.fts -> s3://eden-data/RAW/LOT/2MASS_J14280419+1356137/2022-02-26/2MASS_J14280419+1356137-20220226@203650-Eden.fits (175/254) (dry run)
Storing /home/altsai/eden/LOT20220226_2MASS_J14280419+1356137_mod/2MASS_J14280419+1356137-20220226@203805-Eden.fts -> s3://eden-data/RAW/LOT/2MASS_J14280419+1356137/2022-02-26/2MASS_J14280419+1356137-20220226@203805-Eden.fits (176/254) (dry run)
Storing /home/altsai/eden/LOT20220226_2MASS_J14280419+1356137_mod/2MASS_J14280419+1356137-20220226@203919-Eden.fts -> s3://eden-data/RAW/LOT/2MASS_J14280419+1356137/2022-02-26/2MASS_J14280419+1356137-20220226@203919-Eden.fits (177/254) (dry run)
Storing /home/altsai/eden/LOT20220226_2MASS_J14280419+1356137_mod/2MASS_J14280419+1356137-20220226@204033-Eden.fts -> s3://eden-data/RAW/LOT/2MASS_J14280419+1356137/2022-02-26/2MASS_J14280419+1356137-20220226@204033-Eden.fits (178/254) (dry run)
Storing /home/altsai/eden/LOT20220226_2MASS_J14280419+1356137_mod/2MASS_J14280419+1356137-20220226@204147-Eden.fts -> s3://eden-data/RAW/LOT/2MASS_J14280419+1356137/2022-02-26/2MASS_J14280419+1356137-20220226@204147-Eden.fits (179/254) (dry run)
Storing /home/altsai/eden/LOT20220226_2MASS_J14280419+1356137_mod/2MASS_J14280419+1356137-20220226@204301-Eden.fts -> s3://eden-data/RAW/LOT/2MASS_J14280419+1356137/2022-02-26/2MASS_J14280419+1356137-20220226@204301-Eden.fits (180/254) (dry run)
Storing /home/altsai/eden/LOT20220226_2MASS_J14280419+1356137_mod/2MASS_J14280419+1356137-20220226@204415-Eden.fts -> s3://eden-data/RAW/LOT/2MASS_J14280419+1356137/2022-02-26/2MASS_J14280419+1356137-20220226@204415-Eden.fits (181/254) (dry run)
Storing /home/altsai/eden/LOT20220226_2MASS_J14280419+1356137_mod/2MASS_J14280419+1356137-20220226@204529-Eden.fts -> s3://eden-data/RAW/LOT/2MASS_J14280419+1356137/2022-02-26/2MASS_J14280419+1356137-20220226@204529-Eden.fits (182/254) (dry run)
Storing /home/altsai/eden/LOT20220226_2MASS_J14280419+1356137_mod/2MASS_J14280419+1356137-20220226@204643-Eden.fts -> s3://eden-data/RAW/LOT/2MASS_J14280419+1356137/2022-02-26/2MASS_J14280419+1356137-20220226@204643-Eden.fits (183/254) (dry run)
Storing /home/altsai/eden/LOT20220226_2MASS_J14280419+1356137_mod/2MASS_J14280419+1356137-20220226@204757-Eden.fts -> s3://eden-data/RAW/LOT/2MASS_J14280419+1356137/2022-02-26/2MASS_J14280419+1356137-20220226@204757-Eden.fits (184/254) (dry run)
Storing /home/altsai/eden/LOT20220226_2MASS_J14280419+1356137_mod/2MASS_J14280419+1356137-20220226@205133-Eden.fts -> s3://eden-data/RAW/LOT/2MASS_J14280419+1356137/2022-02-26/2MASS_J14280419+1356137-20220226@205133-Eden.fits (185/254) (dry run)
Storing /home/altsai/eden/LOT20220226_2MASS_J14280419+1356137_mod/2MASS_J14280419+1356137-20220226@205251-Eden.fts -> s3://eden-data/RAW/LOT/2MASS_J14280419+1356137/2022-02-26/2MASS_J14280419+1356137-20220226@205251-Eden.fits (186/254) (dry run)
Storing /home/altsai/eden/LOT20220226_2MASS_J14280419+1356137_mod/2MASS_J14280419+1356137-20220226@205407-Eden.fts -> s3://eden-data/RAW/LOT/2MASS_J14280419+1356137/2022-02-26/2MASS_J14280419+1356137-20220226@205407-Eden.fits (187/254) (dry run)
Storing /home/altsai/eden/LOT20220226_2MASS_J14280419+1356137_mod/2MASS_J14280419+1356137-20220226@205524-Eden.fts -> s3://eden-data/RAW/LOT/2MASS_J14280419+1356137/2022-02-26/2MASS_J14280419+1356137-20220226@205524-Eden.fits (188/254) (dry run)
Storing /home/altsai/eden/LOT20220226_2MASS_J14280419+1356137_mod/2MASS_J14280419+1356137-20220226@205641-Eden.fts -> s3://eden-data/RAW/LOT/2MASS_J14280419+1356137/2022-02-26/2MASS_J14280419+1356137-20220226@205641-Eden.fits (189/254) (dry run)
Storing /home/altsai/eden/LOT20220226_2MASS_J14280419+1356137_mod/2MASS_J14280419+1356137-20220226@205759-Eden.fts -> s3://eden-data/RAW/LOT/2MASS_J14280419+1356137/2022-02-26/2MASS_J14280419+1356137-20220226@205759-Eden.fits (190/254) (dry run)
Storing /home/altsai/eden/LOT20220226_2MASS_J14280419+1356137_mod/2MASS_J14280419+1356137-20220226@205916-Eden.fts -> s3://eden-data/RAW/LOT/2MASS_J14280419+1356137/2022-02-26/2MASS_J14280419+1356137-20220226@205916-Eden.fits (191/254) (dry run)
Storing /home/altsai/eden/LOT20220226_2MASS_J14280419+1356137_mod/2MASS_J14280419+1356137-20220226@210032-Eden.fts -> s3://eden-data/RAW/LOT/2MASS_J14280419+1356137/2022-02-26/2MASS_J14280419+1356137-20220226@210032-Eden.fits (192/254) (dry run)
Storing /home/altsai/eden/LOT20220226_2MASS_J14280419+1356137_mod/2MASS_J14280419+1356137-20220226@210148-Eden.fts -> s3://eden-data/RAW/LOT/2MASS_J14280419+1356137/2022-02-26/2MASS_J14280419+1356137-20220226@210148-Eden.fits (193/254) (dry run)
Storing /home/altsai/eden/LOT20220226_2MASS_J14280419+1356137_mod/2MASS_J14280419+1356137-20220226@210304-Eden.fts -> s3://eden-data/RAW/LOT/2MASS_J14280419+1356137/2022-02-26/2MASS_J14280419+1356137-20220226@210304-Eden.fits (194/254) (dry run)
Storing /home/altsai/eden/LOT20220226_2MASS_J14280419+1356137_mod/2MASS_J14280419+1356137-20220226@210422-Eden.fts -> s3://eden-data/RAW/LOT/2MASS_J14280419+1356137/2022-02-26/2MASS_J14280419+1356137-20220226@210422-Eden.fits (195/254) (dry run)
Storing /home/altsai/eden/LOT20220226_2MASS_J14280419+1356137_mod/2MASS_J14280419+1356137-20220226@210538-Eden.fts -> s3://eden-data/RAW/LOT/2MASS_J14280419+1356137/2022-02-26/2MASS_J14280419+1356137-20220226@210538-Eden.fits (196/254) (dry run)
Storing /home/altsai/eden/LOT20220226_2MASS_J14280419+1356137_mod/2MASS_J14280419+1356137-20220226@210654-Eden.fts -> s3://eden-data/RAW/LOT/2MASS_J14280419+1356137/2022-02-26/2MASS_J14280419+1356137-20220226@210654-Eden.fits (197/254) (dry run)
Storing /home/altsai/eden/LOT20220226_2MASS_J14280419+1356137_mod/2MASS_J14280419+1356137-20220226@210811-Eden.fts -> s3://eden-data/RAW/LOT/2MASS_J14280419+1356137/2022-02-26/2MASS_J14280419+1356137-20220226@210811-Eden.fits (198/254) (dry run)
Storing /home/altsai/eden/LOT20220226_2MASS_J14280419+1356137_mod/2MASS_J14280419+1356137-20220226@210926-Eden.fts -> s3://eden-data/RAW/LOT/2MASS_J14280419+1356137/2022-02-26/2MASS_J14280419+1356137-20220226@210926-Eden.fits (199/254) (dry run)
Storing /home/altsai/eden/LOT20220226_2MASS_J14280419+1356137_mod/2MASS_J14280419+1356137-20220226@211043-Eden.fts -> s3://eden-data/RAW/LOT/2MASS_J14280419+1356137/2022-02-26/2MASS_J14280419+1356137-20220226@211043-Eden.fits (200/254) (dry run)
Storing /home/altsai/eden/LOT20220226_2MASS_J14280419+1356137_mod/2MASS_J14280419+1356137-20220226@211200-Eden.fts -> s3://eden-data/RAW/LOT/2MASS_J14280419+1356137/2022-02-26/2MASS_J14280419+1356137-20220226@211200-Eden.fits (201/254) (dry run)
Storing /home/altsai/eden/LOT20220226_2MASS_J14280419+1356137_mod/2MASS_J14280419+1356137-20220226@211316-Eden.fts -> s3://eden-data/RAW/LOT/2MASS_J14280419+1356137/2022-02-26/2MASS_J14280419+1356137-20220226@211316-Eden.fits (202/254) (dry run)
Storing /home/altsai/eden/LOT20220226_2MASS_J14280419+1356137_mod/2MASS_J14280419+1356137-20220226@211434-Eden.fts -> s3://eden-data/RAW/LOT/2MASS_J14280419+1356137/2022-02-26/2MASS_J14280419+1356137-20220226@211434-Eden.fits (203/254) (dry run)
Storing /home/altsai/eden/LOT20220226_2MASS_J14280419+1356137_mod/2MASS_J14280419+1356137-20220226@211550-Eden.fts -> s3://eden-data/RAW/LOT/2MASS_J14280419+1356137/2022-02-26/2MASS_J14280419+1356137-20220226@211550-Eden.fits (204/254) (dry run)
Storing /home/altsai/eden/LOT20220226_2MASS_J14280419+1356137_mod/2MASS_J14280419+1356137-20220226@211705-Eden.fts -> s3://eden-data/RAW/LOT/2MASS_J14280419+1356137/2022-02-26/2MASS_J14280419+1356137-20220226@211705-Eden.fits (205/254) (dry run)
Storing /home/altsai/eden/LOT20220226_2MASS_J14280419+1356137_mod/2MASS_J14280419+1356137-20220226@211820-Eden.fts -> s3://eden-data/RAW/LOT/2MASS_J14280419+1356137/2022-02-26/2MASS_J14280419+1356137-20220226@211820-Eden.fits (206/254) (dry run)
Storing /home/altsai/eden/LOT20220226_2MASS_J14280419+1356137_mod/2MASS_J14280419+1356137-20220226@211937-Eden.fts -> s3://eden-data/RAW/LOT/2MASS_J14280419+1356137/2022-02-26/2MASS_J14280419+1356137-20220226@211937-Eden.fits (207/254) (dry run)
Storing /home/altsai/eden/LOT20220226_2MASS_J14280419+1356137_mod/2MASS_J14280419+1356137-20220226@212053-Eden.fts -> s3://eden-data/RAW/LOT/2MASS_J14280419+1356137/2022-02-26/2MASS_J14280419+1356137-20220226@212053-Eden.fits (208/254) (dry run)
Storing /home/altsai/eden/LOT20220226_2MASS_J14280419+1356137_mod/2MASS_J14280419+1356137-20220226@212210-Eden.fts -> s3://eden-data/RAW/LOT/2MASS_J14280419+1356137/2022-02-26/2MASS_J14280419+1356137-20220226@212210-Eden.fits (209/254) (dry run)
Storing /home/altsai/eden/LOT20220226_2MASS_J14280419+1356137_mod/2MASS_J14280419+1356137-20220226@212326-Eden.fts -> s3://eden-data/RAW/LOT/2MASS_J14280419+1356137/2022-02-26/2MASS_J14280419+1356137-20220226@212326-Eden.fits (210/254) (dry run)
Storing /home/altsai/eden/LOT20220226_2MASS_J14280419+1356137_mod/2MASS_J14280419+1356137-20220226@212442-Eden.fts -> s3://eden-data/RAW/LOT/2MASS_J14280419+1356137/2022-02-26/2MASS_J14280419+1356137-20220226@212442-Eden.fits (211/254) (dry run)
Storing /home/altsai/eden/LOT20220226_2MASS_J14280419+1356137_mod/2MASS_J14280419+1356137-20220226@212558-Eden.fts -> s3://eden-data/RAW/LOT/2MASS_J14280419+1356137/2022-02-26/2MASS_J14280419+1356137-20220226@212558-Eden.fits (212/254) (dry run)
Storing /home/altsai/eden/LOT20220226_2MASS_J14280419+1356137_mod/2MASS_J14280419+1356137-20220226@212715-Eden.fts -> s3://eden-data/RAW/LOT/2MASS_J14280419+1356137/2022-02-26/2MASS_J14280419+1356137-20220226@212715-Eden.fits (213/254) (dry run)
Storing /home/altsai/eden/LOT20220226_2MASS_J14280419+1356137_mod/2MASS_J14280419+1356137-20220226@212830-Eden.fts -> s3://eden-data/RAW/LOT/2MASS_J14280419+1356137/2022-02-26/2MASS_J14280419+1356137-20220226@212830-Eden.fits (214/254) (dry run)
Storing /home/altsai/eden/LOT20220226_2MASS_J14280419+1356137_mod/AutoFlat-20220226@101813-Eden-Bin1-001.fts -> s3://eden-data/Calibrations/LOT/FLAT/2022-02-26/AutoFlat-20220226@101813-Eden-Bin1-001.fits (215/254) (dry run)
Storing /home/altsai/eden/LOT20220226_2MASS_J14280419+1356137_mod/AutoFlat-20220226@101851-Eden-Bin1-002.fts -> s3://eden-data/Calibrations/LOT/FLAT/2022-02-26/AutoFlat-20220226@101851-Eden-Bin1-002.fits (216/254) (dry run)
Storing /home/altsai/eden/LOT20220226_2MASS_J14280419+1356137_mod/AutoFlat-20220226@101902-Eden-Bin1-003.fts -> s3://eden-data/Calibrations/LOT/FLAT/2022-02-26/AutoFlat-20220226@101902-Eden-Bin1-003.fits (217/254) (dry run)
Storing /home/altsai/eden/LOT20220226_2MASS_J14280419+1356137_mod/AutoFlat-20220226@101914-Eden-Bin1-004.fts -> s3://eden-data/Calibrations/LOT/FLAT/2022-02-26/AutoFlat-20220226@101914-Eden-Bin1-004.fits (218/254) (dry run)
Storing /home/altsai/eden/LOT20220226_2MASS_J14280419+1356137_mod/AutoFlat-20220226@101926-Eden-Bin1-005.fts -> s3://eden-data/Calibrations/LOT/FLAT/2022-02-26/AutoFlat-20220226@101926-Eden-Bin1-005.fits (219/254) (dry run)
Storing /home/altsai/eden/LOT20220226_2MASS_J14280419+1356137_mod/AutoFlat-20220226@215029-Eden-Bin1-001.fts -> s3://eden-data/Calibrations/LOT/FLAT/2022-02-26/AutoFlat-20220226@215029-Eden-Bin1-001.fits (220/254) (dry run)
Storing /home/altsai/eden/LOT20220226_2MASS_J14280419+1356137_mod/AutoFlat-20220226@215221-Eden-Bin1-002.fts -> s3://eden-data/Calibrations/LOT/FLAT/2022-02-26/AutoFlat-20220226@215221-Eden-Bin1-002.fits (221/254) (dry run)
Storing /home/altsai/eden/LOT20220226_2MASS_J14280419+1356137_mod/AutoFlat-20220226@215238-Eden-Bin1-003.fts -> s3://eden-data/Calibrations/LOT/FLAT/2022-02-26/AutoFlat-20220226@215238-Eden-Bin1-003.fits (222/254) (dry run)
Storing /home/altsai/eden/LOT20220226_2MASS_J14280419+1356137_mod/AutoFlat-20220226@215255-Eden-Bin1-004.fts -> s3://eden-data/Calibrations/LOT/FLAT/2022-02-26/AutoFlat-20220226@215255-Eden-Bin1-004.fits (223/254) (dry run)
Storing /home/altsai/eden/LOT20220226_2MASS_J14280419+1356137_mod/AutoFlat-20220226@215312-Eden-Bin1-005.fts -> s3://eden-data/Calibrations/LOT/FLAT/2022-02-26/AutoFlat-20220226@215312-Eden-Bin1-005.fits (224/254) (dry run)
Storing /home/altsai/eden/LOT20220226_2MASS_J14280419+1356137_mod/Bias-20220226@224241-000S.fts -> s3://eden-data/Calibrations/LOT/BIAS/2022-02-26/Bias-20220226@224241-000S.fits (225/254) (dry run)
Storing /home/altsai/eden/LOT20220226_2MASS_J14280419+1356137_mod/Bias-20220226@224252-000S.fts -> s3://eden-data/Calibrations/LOT/BIAS/2022-02-26/Bias-20220226@224252-000S.fits (226/254) (dry run)
Storing /home/altsai/eden/LOT20220226_2MASS_J14280419+1356137_mod/Bias-20220226@224259-000S.fts -> s3://eden-data/Calibrations/LOT/BIAS/2022-02-26/Bias-20220226@224259-000S.fits (227/254) (dry run)
Storing /home/altsai/eden/LOT20220226_2MASS_J14280419+1356137_mod/Bias-20220226@224306-000S.fts -> s3://eden-data/Calibrations/LOT/BIAS/2022-02-26/Bias-20220226@224306-000S.fits (228/254) (dry run)
Storing /home/altsai/eden/LOT20220226_2MASS_J14280419+1356137_mod/Bias-20220226@224314-000S.fts -> s3://eden-data/Calibrations/LOT/BIAS/2022-02-26/Bias-20220226@224314-000S.fits (229/254) (dry run)
Storing /home/altsai/eden/LOT20220226_2MASS_J14280419+1356137_mod/Bias-20220226@224321-000S.fts -> s3://eden-data/Calibrations/LOT/BIAS/2022-02-26/Bias-20220226@224321-000S.fits (230/254) (dry run)
Storing /home/altsai/eden/LOT20220226_2MASS_J14280419+1356137_mod/Bias-20220226@224328-000S.fts -> s3://eden-data/Calibrations/LOT/BIAS/2022-02-26/Bias-20220226@224328-000S.fits (231/254) (dry run)
Storing /home/altsai/eden/LOT20220226_2MASS_J14280419+1356137_mod/Bias-20220226@224336-000S.fts -> s3://eden-data/Calibrations/LOT/BIAS/2022-02-26/Bias-20220226@224336-000S.fits (232/254) (dry run)
Storing /home/altsai/eden/LOT20220226_2MASS_J14280419+1356137_mod/Bias-20220226@224343-000S.fts -> s3://eden-data/Calibrations/LOT/BIAS/2022-02-26/Bias-20220226@224343-000S.fits (233/254) (dry run)
Storing /home/altsai/eden/LOT20220226_2MASS_J14280419+1356137_mod/Bias-20220226@224351-000S.fts -> s3://eden-data/Calibrations/LOT/BIAS/2022-02-26/Bias-20220226@224351-000S.fits (234/254) (dry run)
Storing /home/altsai/eden/LOT20220226_2MASS_J14280419+1356137_mod/Dark-20220226@224411-030S.fts -> s3://eden-data/Calibrations/LOT/DARK/2022-02-26/Dark-20220226@224411-030S.fits (235/254) (dry run)
Storing /home/altsai/eden/LOT20220226_2MASS_J14280419+1356137_mod/Dark-20220226@224448-060S.fts -> s3://eden-data/Calibrations/LOT/DARK/2022-02-26/Dark-20220226@224448-060S.fits (236/254) (dry run)
Storing /home/altsai/eden/LOT20220226_2MASS_J14280419+1356137_mod/Dark-20220226@225358-030S.fts -> s3://eden-data/Calibrations/LOT/DARK/2022-02-26/Dark-20220226@225358-030S.fits (237/254) (dry run)
Storing /home/altsai/eden/LOT20220226_2MASS_J14280419+1356137_mod/Dark-20220226@225434-060S.fts -> s3://eden-data/Calibrations/LOT/DARK/2022-02-26/Dark-20220226@225434-060S.fits (238/254) (dry run)
Storing /home/altsai/eden/LOT20220226_2MASS_J14280419+1356137_mod/Dark-20220226@230346-030S.fts -> s3://eden-data/Calibrations/LOT/DARK/2022-02-26/Dark-20220226@230346-030S.fits (239/254) (dry run)
Storing /home/altsai/eden/LOT20220226_2MASS_J14280419+1356137_mod/Dark-20220226@230423-060S.fts -> s3://eden-data/Calibrations/LOT/DARK/2022-02-26/Dark-20220226@230423-060S.fits (240/254) (dry run)
Storing /home/altsai/eden/LOT20220226_2MASS_J14280419+1356137_mod/Dark-20220226@231332-030S.fts -> s3://eden-data/Calibrations/LOT/DARK/2022-02-26/Dark-20220226@231332-030S.fits (241/254) (dry run)
Storing /home/altsai/eden/LOT20220226_2MASS_J14280419+1356137_mod/Dark-20220226@231410-060S.fts -> s3://eden-data/Calibrations/LOT/DARK/2022-02-26/Dark-20220226@231410-060S.fits (242/254) (dry run)
Storing /home/altsai/eden/LOT20220226_2MASS_J14280419+1356137_mod/Dark-20220226@232320-030S.fts -> s3://eden-data/Calibrations/LOT/DARK/2022-02-26/Dark-20220226@232320-030S.fits (243/254) (dry run)
Storing /home/altsai/eden/LOT20220226_2MASS_J14280419+1356137_mod/Dark-20220226@232357-060S.fts -> s3://eden-data/Calibrations/LOT/DARK/2022-02-26/Dark-20220226@232357-060S.fits (244/254) (dry run)
Storing /home/altsai/eden/LOT20220226_2MASS_J14280419+1356137_mod/Dark-20220226@233306-030S.fts -> s3://eden-data/Calibrations/LOT/DARK/2022-02-26/Dark-20220226@233306-030S.fits (245/254) (dry run)
Storing /home/altsai/eden/LOT20220226_2MASS_J14280419+1356137_mod/Dark-20220226@233344-060S.fts -> s3://eden-data/Calibrations/LOT/DARK/2022-02-26/Dark-20220226@233344-060S.fits (246/254) (dry run)
Storing /home/altsai/eden/LOT20220226_2MASS_J14280419+1356137_mod/Dark-20220226@234254-030S.fts -> s3://eden-data/Calibrations/LOT/DARK/2022-02-26/Dark-20220226@234254-030S.fits (247/254) (dry run)
Storing /home/altsai/eden/LOT20220226_2MASS_J14280419+1356137_mod/Dark-20220226@234331-060S.fts -> s3://eden-data/Calibrations/LOT/DARK/2022-02-26/Dark-20220226@234331-060S.fits (248/254) (dry run)
Storing /home/altsai/eden/LOT20220226_2MASS_J14280419+1356137_mod/Dark-20220226@235241-030S.fts -> s3://eden-data/Calibrations/LOT/DARK/2022-02-26/Dark-20220226@235241-030S.fits (249/254) (dry run)
Storing /home/altsai/eden/LOT20220226_2MASS_J14280419+1356137_mod/Dark-20220226@235317-060S.fts -> s3://eden-data/Calibrations/LOT/DARK/2022-02-26/Dark-20220226@235317-060S.fits (250/254) (dry run)
Storing /home/altsai/eden/LOT20220226_2MASS_J14280419+1356137_mod/Dark-20220227@000227-030S.fts -> s3://eden-data/Calibrations/LOT/DARK/2022-02-26/Dark-20220227@000227-030S.fits (251/254) (dry run)
Storing /home/altsai/eden/LOT20220226_2MASS_J14280419+1356137_mod/Dark-20220227@000304-060S.fts -> s3://eden-data/Calibrations/LOT/DARK/2022-02-26/Dark-20220227@000304-060S.fits (252/254) (dry run)
Storing /home/altsai/eden/LOT20220226_2MASS_J14280419+1356137_mod/Dark-20220227@001213-030S.fts -> s3://eden-data/Calibrations/LOT/DARK/2022-02-26/Dark-20220227@001213-030S.fits (253/254) (dry run)
Storing /home/altsai/eden/LOT20220226_2MASS_J14280419+1356137_mod/Dark-20220227@001251-060S.fts -> s3://eden-data/Calibrations/LOT/DARK/2022-02-26/Dark-20220227@001251-060S.fits (254/254) (dry run)

Dry run complete! Run again without --dryrun to commit the changes above.
Stored: 254 files (2.1 GB)
