Bucket successfully loaded! eden-data
126 files found
Storing data to the S3 archive!
We can now start uploading the data.
Press return to start the upload, or anything else to abort: Verbose output enabled.
Storing /home/altsai/eden/LOT20220707_2MASS_J15242475+2925318_mod/2MASS_J15242475+2925318-20220707@131018-Eden.fts -> s3://eden-data/RAW/LOT/2MASS_J15242475+2925318/2022-07-07/2MASS_J15242475+2925318-20220707@131018-Eden.fits (1/126)
Storing /home/altsai/eden/LOT20220707_2MASS_J15242475+2925318_mod/2MASS_J15242475+2925318-20220707@131943-Eden.fts -> s3://eden-data/RAW/LOT/2MASS_J15242475+2925318/2022-07-07/2MASS_J15242475+2925318-20220707@131943-Eden.fits (2/126)
Storing /home/altsai/eden/LOT20220707_2MASS_J15242475+2925318_mod/2MASS_J15242475+2925318-20220707@132100-Eden.fts -> s3://eden-data/RAW/LOT/2MASS_J15242475+2925318/2022-07-07/2MASS_J15242475+2925318-20220707@132100-Eden.fits (3/126)
Storing /home/altsai/eden/LOT20220707_2MASS_J15242475+2925318_mod/2MASS_J15242475+2925318-20220707@132217-Eden.fts -> s3://eden-data/RAW/LOT/2MASS_J15242475+2925318/2022-07-07/2MASS_J15242475+2925318-20220707@132217-Eden.fits (4/126)
Storing /home/altsai/eden/LOT20220707_2MASS_J15242475+2925318_mod/2MASS_J15242475+2925318-20220707@132334-Eden.fts -> s3://eden-data/RAW/LOT/2MASS_J15242475+2925318/2022-07-07/2MASS_J15242475+2925318-20220707@132334-Eden.fits (5/126)
Storing /home/altsai/eden/LOT20220707_2MASS_J15242475+2925318_mod/2MASS_J15242475+2925318-20220707@132452-Eden.fts -> s3://eden-data/RAW/LOT/2MASS_J15242475+2925318/2022-07-07/2MASS_J15242475+2925318-20220707@132452-Eden.fits (6/126)
Storing /home/altsai/eden/LOT20220707_2MASS_J15242475+2925318_mod/2MASS_J15242475+2925318-20220707@132609-Eden.fts -> s3://eden-data/RAW/LOT/2MASS_J15242475+2925318/2022-07-07/2MASS_J15242475+2925318-20220707@132609-Eden.fits (7/126)
Storing /home/altsai/eden/LOT20220707_2MASS_J15242475+2925318_mod/2MASS_J15242475+2925318-20220707@132728-Eden.fts -> s3://eden-data/RAW/LOT/2MASS_J15242475+2925318/2022-07-07/2MASS_J15242475+2925318-20220707@132728-Eden.fits (8/126)
Storing /home/altsai/eden/LOT20220707_2MASS_J15242475+2925318_mod/2MASS_J15242475+2925318-20220707@132843-Eden.fts -> s3://eden-data/RAW/LOT/2MASS_J15242475+2925318/2022-07-07/2MASS_J15242475+2925318-20220707@132843-Eden.fits (9/126)
Storing /home/altsai/eden/LOT20220707_2MASS_J15242475+2925318_mod/2MASS_J15242475+2925318-20220707@133000-Eden.fts -> s3://eden-data/RAW/LOT/2MASS_J15242475+2925318/2022-07-07/2MASS_J15242475+2925318-20220707@133000-Eden.fits (10/126)
Storing /home/altsai/eden/LOT20220707_2MASS_J15242475+2925318_mod/2MASS_J15242475+2925318-20220707@133123-Eden.fts -> s3://eden-data/RAW/LOT/2MASS_J15242475+2925318/2022-07-07/2MASS_J15242475+2925318-20220707@133123-Eden.fits (11/126)
Storing /home/altsai/eden/LOT20220707_2MASS_J15242475+2925318_mod/2MASS_J15242475+2925318-20220707@133238-Eden.fts -> s3://eden-data/RAW/LOT/2MASS_J15242475+2925318/2022-07-07/2MASS_J15242475+2925318-20220707@133238-Eden.fits (12/126)
Storing /home/altsai/eden/LOT20220707_2MASS_J15242475+2925318_mod/2MASS_J15242475+2925318-20220707@133356-Eden.fts -> s3://eden-data/RAW/LOT/2MASS_J15242475+2925318/2022-07-07/2MASS_J15242475+2925318-20220707@133356-Eden.fits (13/126)
Storing /home/altsai/eden/LOT20220707_2MASS_J15242475+2925318_mod/2MASS_J15242475+2925318-20220707@133514-Eden.fts -> s3://eden-data/RAW/LOT/2MASS_J15242475+2925318/2022-07-07/2MASS_J15242475+2925318-20220707@133514-Eden.fits (14/126)
Storing /home/altsai/eden/LOT20220707_2MASS_J15242475+2925318_mod/2MASS_J15242475+2925318-20220707@133632-Eden.fts -> s3://eden-data/RAW/LOT/2MASS_J15242475+2925318/2022-07-07/2MASS_J15242475+2925318-20220707@133632-Eden.fits (15/126)
Storing /home/altsai/eden/LOT20220707_2MASS_J15242475+2925318_mod/2MASS_J15242475+2925318-20220707@133747-Eden.fts -> s3://eden-data/RAW/LOT/2MASS_J15242475+2925318/2022-07-07/2MASS_J15242475+2925318-20220707@133747-Eden.fits (16/126)
Storing /home/altsai/eden/LOT20220707_2MASS_J15242475+2925318_mod/2MASS_J15242475+2925318-20220707@133905-Eden.fts -> s3://eden-data/RAW/LOT/2MASS_J15242475+2925318/2022-07-07/2MASS_J15242475+2925318-20220707@133905-Eden.fits (17/126)
Storing /home/altsai/eden/LOT20220707_2MASS_J15242475+2925318_mod/2MASS_J15242475+2925318-20220707@134022-Eden.fts -> s3://eden-data/RAW/LOT/2MASS_J15242475+2925318/2022-07-07/2MASS_J15242475+2925318-20220707@134022-Eden.fits (18/126)
Storing /home/altsai/eden/LOT20220707_2MASS_J15242475+2925318_mod/2MASS_J15242475+2925318-20220707@134139-Eden.fts -> s3://eden-data/RAW/LOT/2MASS_J15242475+2925318/2022-07-07/2MASS_J15242475+2925318-20220707@134139-Eden.fits (19/126)
Storing /home/altsai/eden/LOT20220707_2MASS_J15242475+2925318_mod/2MASS_J15242475+2925318-20220707@134256-Eden.fts -> s3://eden-data/RAW/LOT/2MASS_J15242475+2925318/2022-07-07/2MASS_J15242475+2925318-20220707@134256-Eden.fits (20/126)
Storing /home/altsai/eden/LOT20220707_2MASS_J15242475+2925318_mod/2MASS_J15242475+2925318-20220707@134418-Eden.fts -> s3://eden-data/RAW/LOT/2MASS_J15242475+2925318/2022-07-07/2MASS_J15242475+2925318-20220707@134418-Eden.fits (21/126)
Storing /home/altsai/eden/LOT20220707_2MASS_J15242475+2925318_mod/2MASS_J15242475+2925318-20220707@134537-Eden.fts -> s3://eden-data/RAW/LOT/2MASS_J15242475+2925318/2022-07-07/2MASS_J15242475+2925318-20220707@134537-Eden.fits (22/126)
Storing /home/altsai/eden/LOT20220707_2MASS_J15242475+2925318_mod/2MASS_J15242475+2925318-20220707@134653-Eden.fts -> s3://eden-data/RAW/LOT/2MASS_J15242475+2925318/2022-07-07/2MASS_J15242475+2925318-20220707@134653-Eden.fits (23/126)
Storing /home/altsai/eden/LOT20220707_2MASS_J15242475+2925318_mod/2MASS_J15242475+2925318-20220707@134811-Eden.fts -> s3://eden-data/RAW/LOT/2MASS_J15242475+2925318/2022-07-07/2MASS_J15242475+2925318-20220707@134811-Eden.fits (24/126)
Storing /home/altsai/eden/LOT20220707_2MASS_J15242475+2925318_mod/2MASS_J15242475+2925318-20220707@134927-Eden.fts -> s3://eden-data/RAW/LOT/2MASS_J15242475+2925318/2022-07-07/2MASS_J15242475+2925318-20220707@134927-Eden.fits (25/126)
Storing /home/altsai/eden/LOT20220707_2MASS_J15242475+2925318_mod/2MASS_J15242475+2925318-20220707@135046-Eden.fts -> s3://eden-data/RAW/LOT/2MASS_J15242475+2925318/2022-07-07/2MASS_J15242475+2925318-20220707@135046-Eden.fits (26/126)
Storing /home/altsai/eden/LOT20220707_2MASS_J15242475+2925318_mod/2MASS_J15242475+2925318-20220707@135201-Eden.fts -> s3://eden-data/RAW/LOT/2MASS_J15242475+2925318/2022-07-07/2MASS_J15242475+2925318-20220707@135201-Eden.fits (27/126)
Storing /home/altsai/eden/LOT20220707_2MASS_J15242475+2925318_mod/2MASS_J15242475+2925318-20220707@135319-Eden.fts -> s3://eden-data/RAW/LOT/2MASS_J15242475+2925318/2022-07-07/2MASS_J15242475+2925318-20220707@135319-Eden.fits (28/126)
Storing /home/altsai/eden/LOT20220707_2MASS_J15242475+2925318_mod/2MASS_J15242475+2925318-20220707@135437-Eden.fts -> s3://eden-data/RAW/LOT/2MASS_J15242475+2925318/2022-07-07/2MASS_J15242475+2925318-20220707@135437-Eden.fits (29/126)
Storing /home/altsai/eden/LOT20220707_2MASS_J15242475+2925318_mod/2MASS_J15242475+2925318-20220707@135554-Eden.fts -> s3://eden-data/RAW/LOT/2MASS_J15242475+2925318/2022-07-07/2MASS_J15242475+2925318-20220707@135554-Eden.fits (30/126)
Storing /home/altsai/eden/LOT20220707_2MASS_J15242475+2925318_mod/2MASS_J15242475+2925318-20220707@135718-Eden.fts -> s3://eden-data/RAW/LOT/2MASS_J15242475+2925318/2022-07-07/2MASS_J15242475+2925318-20220707@135718-Eden.fits (31/126)
Storing /home/altsai/eden/LOT20220707_2MASS_J15242475+2925318_mod/2MASS_J15242475+2925318-20220707@135835-Eden.fts -> s3://eden-data/RAW/LOT/2MASS_J15242475+2925318/2022-07-07/2MASS_J15242475+2925318-20220707@135835-Eden.fits (32/126)
Storing /home/altsai/eden/LOT20220707_2MASS_J15242475+2925318_mod/2MASS_J15242475+2925318-20220707@135953-Eden.fts -> s3://eden-data/RAW/LOT/2MASS_J15242475+2925318/2022-07-07/2MASS_J15242475+2925318-20220707@135953-Eden.fits (33/126)
Storing /home/altsai/eden/LOT20220707_2MASS_J15242475+2925318_mod/2MASS_J15242475+2925318-20220707@140112-Eden.fts -> s3://eden-data/RAW/LOT/2MASS_J15242475+2925318/2022-07-07/2MASS_J15242475+2925318-20220707@140112-Eden.fits (34/126)
Storing /home/altsai/eden/LOT20220707_2MASS_J15242475+2925318_mod/2MASS_J15242475+2925318-20220707@140229-Eden.fts -> s3://eden-data/RAW/LOT/2MASS_J15242475+2925318/2022-07-07/2MASS_J15242475+2925318-20220707@140229-Eden.fits (35/126)
Storing /home/altsai/eden/LOT20220707_2MASS_J15242475+2925318_mod/2MASS_J15242475+2925318-20220707@140348-Eden.fts -> s3://eden-data/RAW/LOT/2MASS_J15242475+2925318/2022-07-07/2MASS_J15242475+2925318-20220707@140348-Eden.fits (36/126)
Storing /home/altsai/eden/LOT20220707_2MASS_J15242475+2925318_mod/2MASS_J15242475+2925318-20220707@140505-Eden.fts -> s3://eden-data/RAW/LOT/2MASS_J15242475+2925318/2022-07-07/2MASS_J15242475+2925318-20220707@140505-Eden.fits (37/126)
Storing /home/altsai/eden/LOT20220707_2MASS_J15242475+2925318_mod/2MASS_J15242475+2925318-20220707@140621-Eden.fts -> s3://eden-data/RAW/LOT/2MASS_J15242475+2925318/2022-07-07/2MASS_J15242475+2925318-20220707@140621-Eden.fits (38/126)
Storing /home/altsai/eden/LOT20220707_2MASS_J15242475+2925318_mod/2MASS_J15242475+2925318-20220707@140738-Eden.fts -> s3://eden-data/RAW/LOT/2MASS_J15242475+2925318/2022-07-07/2MASS_J15242475+2925318-20220707@140738-Eden.fits (39/126)
Storing /home/altsai/eden/LOT20220707_2MASS_J15242475+2925318_mod/2MASS_J15242475+2925318-20220707@140854-Eden.fts -> s3://eden-data/RAW/LOT/2MASS_J15242475+2925318/2022-07-07/2MASS_J15242475+2925318-20220707@140854-Eden.fits (40/126)
Storing /home/altsai/eden/LOT20220707_2MASS_J15242475+2925318_mod/2MASS_J15242475+2925318-20220707@141019-Eden.fts -> s3://eden-data/RAW/LOT/2MASS_J15242475+2925318/2022-07-07/2MASS_J15242475+2925318-20220707@141019-Eden.fits (41/126)
Storing /home/altsai/eden/LOT20220707_2MASS_J15242475+2925318_mod/2MASS_J15242475+2925318-20220707@141136-Eden.fts -> s3://eden-data/RAW/LOT/2MASS_J15242475+2925318/2022-07-07/2MASS_J15242475+2925318-20220707@141136-Eden.fits (42/126)
Storing /home/altsai/eden/LOT20220707_2MASS_J15242475+2925318_mod/2MASS_J15242475+2925318-20220707@141253-Eden.fts -> s3://eden-data/RAW/LOT/2MASS_J15242475+2925318/2022-07-07/2MASS_J15242475+2925318-20220707@141253-Eden.fits (43/126)
Storing /home/altsai/eden/LOT20220707_2MASS_J15242475+2925318_mod/2MASS_J15242475+2925318-20220707@141411-Eden.fts -> s3://eden-data/RAW/LOT/2MASS_J15242475+2925318/2022-07-07/2MASS_J15242475+2925318-20220707@141411-Eden.fits (44/126)
Storing /home/altsai/eden/LOT20220707_2MASS_J15242475+2925318_mod/2MASS_J15242475+2925318-20220707@141529-Eden.fts -> s3://eden-data/RAW/LOT/2MASS_J15242475+2925318/2022-07-07/2MASS_J15242475+2925318-20220707@141529-Eden.fits (45/126)
Storing /home/altsai/eden/LOT20220707_2MASS_J15242475+2925318_mod/2MASS_J15242475+2925318-20220707@141647-Eden.fts -> s3://eden-data/RAW/LOT/2MASS_J15242475+2925318/2022-07-07/2MASS_J15242475+2925318-20220707@141647-Eden.fits (46/126)
Storing /home/altsai/eden/LOT20220707_2MASS_J15242475+2925318_mod/2MASS_J15242475+2925318-20220707@141805-Eden.fts -> s3://eden-data/RAW/LOT/2MASS_J15242475+2925318/2022-07-07/2MASS_J15242475+2925318-20220707@141805-Eden.fits (47/126)
Storing /home/altsai/eden/LOT20220707_2MASS_J15242475+2925318_mod/2MASS_J15242475+2925318-20220707@141922-Eden.fts -> s3://eden-data/RAW/LOT/2MASS_J15242475+2925318/2022-07-07/2MASS_J15242475+2925318-20220707@141922-Eden.fits (48/126)
Storing /home/altsai/eden/LOT20220707_2MASS_J15242475+2925318_mod/2MASS_J15242475+2925318-20220707@142040-Eden.fts -> s3://eden-data/RAW/LOT/2MASS_J15242475+2925318/2022-07-07/2MASS_J15242475+2925318-20220707@142040-Eden.fits (49/126)
Storing /home/altsai/eden/LOT20220707_2MASS_J15242475+2925318_mod/2MASS_J15242475+2925318-20220707@142157-Eden.fts -> s3://eden-data/RAW/LOT/2MASS_J15242475+2925318/2022-07-07/2MASS_J15242475+2925318-20220707@142157-Eden.fits (50/126)
Storing /home/altsai/eden/LOT20220707_2MASS_J15242475+2925318_mod/2MASS_J15242475+2925318-20220707@142317-Eden.fts -> s3://eden-data/RAW/LOT/2MASS_J15242475+2925318/2022-07-07/2MASS_J15242475+2925318-20220707@142317-Eden.fits (51/126)
Storing /home/altsai/eden/LOT20220707_2MASS_J15242475+2925318_mod/2MASS_J15242475+2925318-20220707@142434-Eden.fts -> s3://eden-data/RAW/LOT/2MASS_J15242475+2925318/2022-07-07/2MASS_J15242475+2925318-20220707@142434-Eden.fits (52/126)
Storing /home/altsai/eden/LOT20220707_2MASS_J15242475+2925318_mod/2MASS_J15242475+2925318-20220707@142550-Eden.fts -> s3://eden-data/RAW/LOT/2MASS_J15242475+2925318/2022-07-07/2MASS_J15242475+2925318-20220707@142550-Eden.fits (53/126)
Storing /home/altsai/eden/LOT20220707_2MASS_J15242475+2925318_mod/2MASS_J15242475+2925318-20220707@142707-Eden.fts -> s3://eden-data/RAW/LOT/2MASS_J15242475+2925318/2022-07-07/2MASS_J15242475+2925318-20220707@142707-Eden.fits (54/126)
Storing /home/altsai/eden/LOT20220707_2MASS_J15242475+2925318_mod/2MASS_J15242475+2925318-20220707@142826-Eden.fts -> s3://eden-data/RAW/LOT/2MASS_J15242475+2925318/2022-07-07/2MASS_J15242475+2925318-20220707@142826-Eden.fits (55/126)
Storing /home/altsai/eden/LOT20220707_2MASS_J15242475+2925318_mod/2MASS_J15242475+2925318-20220707@142943-Eden.fts -> s3://eden-data/RAW/LOT/2MASS_J15242475+2925318/2022-07-07/2MASS_J15242475+2925318-20220707@142943-Eden.fits (56/126)
Storing /home/altsai/eden/LOT20220707_2MASS_J15242475+2925318_mod/2MASS_J15242475+2925318-20220707@143100-Eden.fts -> s3://eden-data/RAW/LOT/2MASS_J15242475+2925318/2022-07-07/2MASS_J15242475+2925318-20220707@143100-Eden.fits (57/126)
Storing /home/altsai/eden/LOT20220707_2MASS_J15242475+2925318_mod/2MASS_J15242475+2925318-20220707@143218-Eden.fts -> s3://eden-data/RAW/LOT/2MASS_J15242475+2925318/2022-07-07/2MASS_J15242475+2925318-20220707@143218-Eden.fits (58/126)
Storing /home/altsai/eden/LOT20220707_2MASS_J15242475+2925318_mod/2MASS_J15242475+2925318-20220707@143335-Eden.fts -> s3://eden-data/RAW/LOT/2MASS_J15242475+2925318/2022-07-07/2MASS_J15242475+2925318-20220707@143335-Eden.fits (59/126)
Storing /home/altsai/eden/LOT20220707_2MASS_J15242475+2925318_mod/2MASS_J15242475+2925318-20220707@143452-Eden.fts -> s3://eden-data/RAW/LOT/2MASS_J15242475+2925318/2022-07-07/2MASS_J15242475+2925318-20220707@143452-Eden.fits (60/126)
Storing /home/altsai/eden/LOT20220707_2MASS_J15242475+2925318_mod/2MASS_J15242475+2925318-20220707@143613-Eden.fts -> s3://eden-data/RAW/LOT/2MASS_J15242475+2925318/2022-07-07/2MASS_J15242475+2925318-20220707@143613-Eden.fits (61/126)
Storing /home/altsai/eden/LOT20220707_2MASS_J15242475+2925318_mod/2MASS_J15242475+2925318-20220707@143730-Eden.fts -> s3://eden-data/RAW/LOT/2MASS_J15242475+2925318/2022-07-07/2MASS_J15242475+2925318-20220707@143730-Eden.fits (62/126)
Storing /home/altsai/eden/LOT20220707_2MASS_J15242475+2925318_mod/2MASS_J15242475+2925318-20220707@143847-Eden.fts -> s3://eden-data/RAW/LOT/2MASS_J15242475+2925318/2022-07-07/2MASS_J15242475+2925318-20220707@143847-Eden.fits (63/126)
Storing /home/altsai/eden/LOT20220707_2MASS_J15242475+2925318_mod/2MASS_J15242475+2925318-20220707@144004-Eden.fts -> s3://eden-data/RAW/LOT/2MASS_J15242475+2925318/2022-07-07/2MASS_J15242475+2925318-20220707@144004-Eden.fits (64/126)
Storing /home/altsai/eden/LOT20220707_2MASS_J15242475+2925318_mod/2MASS_J15242475+2925318-20220707@144121-Eden.fts -> s3://eden-data/RAW/LOT/2MASS_J15242475+2925318/2022-07-07/2MASS_J15242475+2925318-20220707@144121-Eden.fits (65/126)
Storing /home/altsai/eden/LOT20220707_2MASS_J15242475+2925318_mod/2MASS_J15242475+2925318-20220707@144238-Eden.fts -> s3://eden-data/RAW/LOT/2MASS_J15242475+2925318/2022-07-07/2MASS_J15242475+2925318-20220707@144238-Eden.fits (66/126)
Storing /home/altsai/eden/LOT20220707_2MASS_J15242475+2925318_mod/2MASS_J15242475+2925318-20220707@144354-Eden.fts -> s3://eden-data/RAW/LOT/2MASS_J15242475+2925318/2022-07-07/2MASS_J15242475+2925318-20220707@144354-Eden.fits (67/126)
Storing /home/altsai/eden/LOT20220707_2MASS_J15242475+2925318_mod/2MASS_J15242475+2925318-20220707@144511-Eden.fts -> s3://eden-data/RAW/LOT/2MASS_J15242475+2925318/2022-07-07/2MASS_J15242475+2925318-20220707@144511-Eden.fits (68/126)
Storing /home/altsai/eden/LOT20220707_2MASS_J15242475+2925318_mod/2MASS_J15242475+2925318-20220707@144628-Eden.fts -> s3://eden-data/RAW/LOT/2MASS_J15242475+2925318/2022-07-07/2MASS_J15242475+2925318-20220707@144628-Eden.fits (69/126)
Storing /home/altsai/eden/LOT20220707_2MASS_J15242475+2925318_mod/2MASS_J15242475+2925318-20220707@144744-Eden.fts -> s3://eden-data/RAW/LOT/2MASS_J15242475+2925318/2022-07-07/2MASS_J15242475+2925318-20220707@144744-Eden.fits (70/126)
Storing /home/altsai/eden/LOT20220707_2MASS_J15242475+2925318_mod/2MASS_J15242475+2925318-20220707@144909-Eden.fts -> s3://eden-data/RAW/LOT/2MASS_J15242475+2925318/2022-07-07/2MASS_J15242475+2925318-20220707@144909-Eden.fits (71/126)
Storing /home/altsai/eden/LOT20220707_2MASS_J15242475+2925318_mod/2MASS_J15242475+2925318-20220707@145025-Eden.fts -> s3://eden-data/RAW/LOT/2MASS_J15242475+2925318/2022-07-07/2MASS_J15242475+2925318-20220707@145025-Eden.fits (72/126)
Storing /home/altsai/eden/LOT20220707_2MASS_J15242475+2925318_mod/2MASS_J15242475+2925318-20220707@145145-Eden.fts -> s3://eden-data/RAW/LOT/2MASS_J15242475+2925318/2022-07-07/2MASS_J15242475+2925318-20220707@145145-Eden.fits (73/126)
Storing /home/altsai/eden/LOT20220707_2MASS_J15242475+2925318_mod/2MASS_J15242475+2925318-20220707@145301-Eden.fts -> s3://eden-data/RAW/LOT/2MASS_J15242475+2925318/2022-07-07/2MASS_J15242475+2925318-20220707@145301-Eden.fits (74/126)
Storing /home/altsai/eden/LOT20220707_2MASS_J15242475+2925318_mod/2MASS_J15242475+2925318-20220707@145418-Eden.fts -> s3://eden-data/RAW/LOT/2MASS_J15242475+2925318/2022-07-07/2MASS_J15242475+2925318-20220707@145418-Eden.fits (75/126)
Storing /home/altsai/eden/LOT20220707_2MASS_J15242475+2925318_mod/2MASS_J15242475+2925318-20220707@145535-Eden.fts -> s3://eden-data/RAW/LOT/2MASS_J15242475+2925318/2022-07-07/2MASS_J15242475+2925318-20220707@145535-Eden.fits (76/126)
Storing /home/altsai/eden/LOT20220707_2MASS_J15242475+2925318_mod/2MASS_J15242475+2925318-20220707@145651-Eden.fts -> s3://eden-data/RAW/LOT/2MASS_J15242475+2925318/2022-07-07/2MASS_J15242475+2925318-20220707@145651-Eden.fits (77/126)
Storing /home/altsai/eden/LOT20220707_2MASS_J15242475+2925318_mod/2MASS_J15242475+2925318-20220707@145809-Eden.fts -> s3://eden-data/RAW/LOT/2MASS_J15242475+2925318/2022-07-07/2MASS_J15242475+2925318-20220707@145809-Eden.fits (78/126)
Storing /home/altsai/eden/LOT20220707_2MASS_J15242475+2925318_mod/2MASS_J15242475+2925318-20220707@145925-Eden.fts -> s3://eden-data/RAW/LOT/2MASS_J15242475+2925318/2022-07-07/2MASS_J15242475+2925318-20220707@145925-Eden.fits (79/126)
Storing /home/altsai/eden/LOT20220707_2MASS_J15242475+2925318_mod/2MASS_J15242475+2925318-20220707@150043-Eden.fts -> s3://eden-data/RAW/LOT/2MASS_J15242475+2925318/2022-07-07/2MASS_J15242475+2925318-20220707@150043-Eden.fits (80/126)
Storing /home/altsai/eden/LOT20220707_2MASS_J15242475+2925318_mod/2MASS_J15242475+2925318-20220707@150205-Eden.fts -> s3://eden-data/RAW/LOT/2MASS_J15242475+2925318/2022-07-07/2MASS_J15242475+2925318-20220707@150205-Eden.fits (81/126)
Storing /home/altsai/eden/LOT20220707_2MASS_J15242475+2925318_mod/2MASS_J15242475+2925318-20220707@150322-Eden.fts -> s3://eden-data/RAW/LOT/2MASS_J15242475+2925318/2022-07-07/2MASS_J15242475+2925318-20220707@150322-Eden.fits (82/126)
Storing /home/altsai/eden/LOT20220707_2MASS_J15242475+2925318_mod/2MASS_J15242475+2925318-20220707@150441-Eden.fts -> s3://eden-data/RAW/LOT/2MASS_J15242475+2925318/2022-07-07/2MASS_J15242475+2925318-20220707@150441-Eden.fits (83/126)
Storing /home/altsai/eden/LOT20220707_2MASS_J15242475+2925318_mod/2MASS_J15242475+2925318-20220707@150557-Eden.fts -> s3://eden-data/RAW/LOT/2MASS_J15242475+2925318/2022-07-07/2MASS_J15242475+2925318-20220707@150557-Eden.fits (84/126)
Storing /home/altsai/eden/LOT20220707_2MASS_J15242475+2925318_mod/2MASS_J15242475+2925318-20220707@150714-Eden.fts -> s3://eden-data/RAW/LOT/2MASS_J15242475+2925318/2022-07-07/2MASS_J15242475+2925318-20220707@150714-Eden.fits (85/126)
Storing /home/altsai/eden/LOT20220707_2MASS_J15242475+2925318_mod/2MASS_J15242475+2925318-20220707@150831-Eden.fts -> s3://eden-data/RAW/LOT/2MASS_J15242475+2925318/2022-07-07/2MASS_J15242475+2925318-20220707@150831-Eden.fits (86/126)
Storing /home/altsai/eden/LOT20220707_2MASS_J15242475+2925318_mod/2MASS_J15242475+2925318-20220707@150947-Eden.fts -> s3://eden-data/RAW/LOT/2MASS_J15242475+2925318/2022-07-07/2MASS_J15242475+2925318-20220707@150947-Eden.fits (87/126)
Storing /home/altsai/eden/LOT20220707_2MASS_J15242475+2925318_mod/2MASS_J15242475+2925318-20220707@151105-Eden.fts -> s3://eden-data/RAW/LOT/2MASS_J15242475+2925318/2022-07-07/2MASS_J15242475+2925318-20220707@151105-Eden.fits (88/126)
Storing /home/altsai/eden/LOT20220707_2MASS_J15242475+2925318_mod/2MASS_J15242475+2925318-20220707@151222-Eden.fts -> s3://eden-data/RAW/LOT/2MASS_J15242475+2925318/2022-07-07/2MASS_J15242475+2925318-20220707@151222-Eden.fits (89/126)
Storing /home/altsai/eden/LOT20220707_2MASS_J15242475+2925318_mod/2MASS_J15242475+2925318-20220707@151336-Eden.fts -> s3://eden-data/RAW/LOT/2MASS_J15242475+2925318/2022-07-07/2MASS_J15242475+2925318-20220707@151336-Eden.fits (90/126)
Storing /home/altsai/eden/LOT20220707_2MASS_J15242475+2925318_mod/2MASS_J15242475+2925318-20220707@151458-Eden.fts -> s3://eden-data/RAW/LOT/2MASS_J15242475+2925318/2022-07-07/2MASS_J15242475+2925318-20220707@151458-Eden.fits (91/126)
Storing /home/altsai/eden/LOT20220707_2MASS_J15242475+2925318_mod/2MASS_J15242475+2925318-20220707@151614-Eden.fts -> s3://eden-data/RAW/LOT/2MASS_J15242475+2925318/2022-07-07/2MASS_J15242475+2925318-20220707@151614-Eden.fits (92/126)
Storing /home/altsai/eden/LOT20220707_2MASS_J15242475+2925318_mod/2MASS_J15242475+2925318-20220707@151731-Eden.fts -> s3://eden-data/RAW/LOT/2MASS_J15242475+2925318/2022-07-07/2MASS_J15242475+2925318-20220707@151731-Eden.fits (93/126)
Storing /home/altsai/eden/LOT20220707_2MASS_J15242475+2925318_mod/2MASS_J15242475+2925318-20220707@151850-Eden.fts -> s3://eden-data/RAW/LOT/2MASS_J15242475+2925318/2022-07-07/2MASS_J15242475+2925318-20220707@151850-Eden.fits (94/126)
Storing /home/altsai/eden/LOT20220707_2MASS_J15242475+2925318_mod/2MASS_J15242475+2925318-20220707@152007-Eden.fts -> s3://eden-data/RAW/LOT/2MASS_J15242475+2925318/2022-07-07/2MASS_J15242475+2925318-20220707@152007-Eden.fits (95/126)
Storing /home/altsai/eden/LOT20220707_2MASS_J15242475+2925318_mod/2MASS_J15242475+2925318-20220707@152124-Eden.fts -> s3://eden-data/RAW/LOT/2MASS_J15242475+2925318/2022-07-07/2MASS_J15242475+2925318-20220707@152124-Eden.fits (96/126)
Storing /home/altsai/eden/LOT20220707_2MASS_J15242475+2925318_mod/2MASS_J15242475+2925318-20220707@152239-Eden.fts -> s3://eden-data/RAW/LOT/2MASS_J15242475+2925318/2022-07-07/2MASS_J15242475+2925318-20220707@152239-Eden.fits (97/126)
Storing /home/altsai/eden/LOT20220707_2MASS_J15242475+2925318_mod/2MASS_J15242475+2925318-20220707@152356-Eden.fts -> s3://eden-data/RAW/LOT/2MASS_J15242475+2925318/2022-07-07/2MASS_J15242475+2925318-20220707@152356-Eden.fits (98/126)
Storing /home/altsai/eden/LOT20220707_2MASS_J15242475+2925318_mod/2MASS_J15242475+2925318-20220707@152513-Eden.fts -> s3://eden-data/RAW/LOT/2MASS_J15242475+2925318/2022-07-07/2MASS_J15242475+2925318-20220707@152513-Eden.fits (99/126)
Storing /home/altsai/eden/LOT20220707_2MASS_J15242475+2925318_mod/2MASS_J15242475+2925318-20220707@152628-Eden.fts -> s3://eden-data/RAW/LOT/2MASS_J15242475+2925318/2022-07-07/2MASS_J15242475+2925318-20220707@152628-Eden.fits (100/126)
Storing /home/altsai/eden/LOT20220707_2MASS_J15242475+2925318_mod/2MASS_J15242475+2925318-20220707@152750-Eden.fts -> s3://eden-data/RAW/LOT/2MASS_J15242475+2925318/2022-07-07/2MASS_J15242475+2925318-20220707@152750-Eden.fits (101/126)
Storing /home/altsai/eden/LOT20220707_2MASS_J15242475+2925318_mod/2MASS_J15242475+2925318-20220707@152907-Eden.fts -> s3://eden-data/RAW/LOT/2MASS_J15242475+2925318/2022-07-07/2MASS_J15242475+2925318-20220707@152907-Eden.fits (102/126)
Storing /home/altsai/eden/LOT20220707_2MASS_J15242475+2925318_mod/2MASS_J15242475+2925318-20220707@153024-Eden.fts -> s3://eden-data/RAW/LOT/2MASS_J15242475+2925318/2022-07-07/2MASS_J15242475+2925318-20220707@153024-Eden.fits (103/126)
Storing /home/altsai/eden/LOT20220707_2MASS_J15242475+2925318_mod/2MASS_J15242475+2925318-20220707@153141-Eden.fts -> s3://eden-data/RAW/LOT/2MASS_J15242475+2925318/2022-07-07/2MASS_J15242475+2925318-20220707@153141-Eden.fits (104/126)
Storing /home/altsai/eden/LOT20220707_2MASS_J15242475+2925318_mod/2MASS_J15242475+2925318-20220707@153301-Eden.fts -> s3://eden-data/RAW/LOT/2MASS_J15242475+2925318/2022-07-07/2MASS_J15242475+2925318-20220707@153301-Eden.fits (105/126)
Storing /home/altsai/eden/LOT20220707_2MASS_J15242475+2925318_mod/2MASS_J15242475+2925318-20220707@153417-Eden.fts -> s3://eden-data/RAW/LOT/2MASS_J15242475+2925318/2022-07-07/2MASS_J15242475+2925318-20220707@153417-Eden.fits (106/126)
Storing /home/altsai/eden/LOT20220707_2MASS_J15242475+2925318_mod/2MASS_J15242475+2925318-20220707@153535-Eden.fts -> s3://eden-data/RAW/LOT/2MASS_J15242475+2925318/2022-07-07/2MASS_J15242475+2925318-20220707@153535-Eden.fits (107/126)
Storing /home/altsai/eden/LOT20220707_2MASS_J15242475+2925318_mod/2MASS_J15242475+2925318-20220707@153651-Eden.fts -> s3://eden-data/RAW/LOT/2MASS_J15242475+2925318/2022-07-07/2MASS_J15242475+2925318-20220707@153651-Eden.fits (108/126)
Storing /home/altsai/eden/LOT20220707_2MASS_J15242475+2925318_mod/2MASS_J15242475+2925318-20220707@153806-Eden.fts -> s3://eden-data/RAW/LOT/2MASS_J15242475+2925318/2022-07-07/2MASS_J15242475+2925318-20220707@153806-Eden.fits (109/126)
Storing /home/altsai/eden/LOT20220707_2MASS_J15242475+2925318_mod/2MASS_J15242475+2925318-20220707@153923-Eden.fts -> s3://eden-data/RAW/LOT/2MASS_J15242475+2925318/2022-07-07/2MASS_J15242475+2925318-20220707@153923-Eden.fits (110/126)
Storing /home/altsai/eden/LOT20220707_2MASS_J15242475+2925318_mod/2MASS_J15242475+2925318-20220707@154045-Eden.fts -> s3://eden-data/RAW/LOT/2MASS_J15242475+2925318/2022-07-07/2MASS_J15242475+2925318-20220707@154045-Eden.fits (111/126)
Storing /home/altsai/eden/LOT20220707_2MASS_J15242475+2925318_mod/2MASS_J15242475+2925318-20220707@154203-Eden.fts -> s3://eden-data/RAW/LOT/2MASS_J15242475+2925318/2022-07-07/2MASS_J15242475+2925318-20220707@154203-Eden.fits (112/126)
Storing /home/altsai/eden/LOT20220707_2MASS_J15242475+2925318_mod/2MASS_J15242475+2925318-20220707@154320-Eden.fts -> s3://eden-data/RAW/LOT/2MASS_J15242475+2925318/2022-07-07/2MASS_J15242475+2925318-20220707@154320-Eden.fits (113/126)
Storing /home/altsai/eden/LOT20220707_2MASS_J15242475+2925318_mod/2MASS_J15242475+2925318-20220707@154437-Eden.fts -> s3://eden-data/RAW/LOT/2MASS_J15242475+2925318/2022-07-07/2MASS_J15242475+2925318-20220707@154437-Eden.fits (114/126)
Storing /home/altsai/eden/LOT20220707_2MASS_J15242475+2925318_mod/2MASS_J15242475+2925318-20220707@154553-Eden.fts -> s3://eden-data/RAW/LOT/2MASS_J15242475+2925318/2022-07-07/2MASS_J15242475+2925318-20220707@154553-Eden.fits (115/126)
Storing /home/altsai/eden/LOT20220707_2MASS_J15242475+2925318_mod/2MASS_J15242475+2925318-20220707@154711-Eden.fts -> s3://eden-data/RAW/LOT/2MASS_J15242475+2925318/2022-07-07/2MASS_J15242475+2925318-20220707@154711-Eden.fits (116/126)
Storing /home/altsai/eden/LOT20220707_2MASS_J15242475+2925318_mod/2MASS_J15242475+2925318-20220707@154830-Eden.fts -> s3://eden-data/RAW/LOT/2MASS_J15242475+2925318/2022-07-07/2MASS_J15242475+2925318-20220707@154830-Eden.fits (117/126)
Storing /home/altsai/eden/LOT20220707_2MASS_J15242475+2925318_mod/2MASS_J15242475+2925318-20220707@154947-Eden.fts -> s3://eden-data/RAW/LOT/2MASS_J15242475+2925318/2022-07-07/2MASS_J15242475+2925318-20220707@154947-Eden.fits (118/126)
Storing /home/altsai/eden/LOT20220707_2MASS_J15242475+2925318_mod/2MASS_J15242475+2925318-20220707@155104-Eden.fts -> s3://eden-data/RAW/LOT/2MASS_J15242475+2925318/2022-07-07/2MASS_J15242475+2925318-20220707@155104-Eden.fits (119/126)
Storing /home/altsai/eden/LOT20220707_2MASS_J15242475+2925318_mod/2MASS_J15242475+2925318-20220707@155221-Eden.fts -> s3://eden-data/RAW/LOT/2MASS_J15242475+2925318/2022-07-07/2MASS_J15242475+2925318-20220707@155221-Eden.fits (120/126)
Storing /home/altsai/eden/LOT20220707_2MASS_J15242475+2925318_mod/2MASS_J15242475+2925318-20220707@155343-Eden.fts -> s3://eden-data/RAW/LOT/2MASS_J15242475+2925318/2022-07-07/2MASS_J15242475+2925318-20220707@155343-Eden.fits (121/126)
Storing /home/altsai/eden/LOT20220707_2MASS_J15242475+2925318_mod/2MASS_J15242475+2925318-20220707@155501-Eden.fts -> s3://eden-data/RAW/LOT/2MASS_J15242475+2925318/2022-07-07/2MASS_J15242475+2925318-20220707@155501-Eden.fits (122/126)
Storing /home/altsai/eden/LOT20220707_2MASS_J15242475+2925318_mod/2MASS_J15242475+2925318-20220707@155618-Eden.fts -> s3://eden-data/RAW/LOT/2MASS_J15242475+2925318/2022-07-07/2MASS_J15242475+2925318-20220707@155618-Eden.fits (123/126)
Storing /home/altsai/eden/LOT20220707_2MASS_J15242475+2925318_mod/2MASS_J15242475+2925318-20220707@155736-Eden.fts -> s3://eden-data/RAW/LOT/2MASS_J15242475+2925318/2022-07-07/2MASS_J15242475+2925318-20220707@155736-Eden.fits (124/126)
Storing /home/altsai/eden/LOT20220707_2MASS_J15242475+2925318_mod/2MASS_J15242475+2925318-20220707@155854-Eden.fts -> s3://eden-data/RAW/LOT/2MASS_J15242475+2925318/2022-07-07/2MASS_J15242475+2925318-20220707@155854-Eden.fits (125/126)
Storing /home/altsai/eden/LOT20220707_2MASS_J15242475+2925318_mod/2MASS_J15242475+2925318-20220707@160010-Eden.fts -> s3://eden-data/RAW/LOT/2MASS_J15242475+2925318/2022-07-07/2MASS_J15242475+2925318-20220707@160010-Eden.fits (126/126)

Upload complete!
Stored: 126 files (1.1 GB)
