-----------------
input parameters
-----------------
['modify_header_name_eden.py', 'LOT20201026_LP_647_13', '21']
Your will modify header for: LP_647-13 [RA] 01 09 51.2023 [Dec] -03 43 26.3911 [Filter] GG495
---------------
folder: LOT20201026_LP_647_13
will update fits in: LOT20201026_LP_647_13_mod
 ---------------------------
 Exame Fits Header for Bias
 ---------------------------
find ./LOT20201026_LP_647_13/bias-dark/ | grep 'fits\|fts'|sort 
found 60 Bias/Dark
1/60 202001026-001bias.fits [TYPE] BIAS [EXPTIME] 0.0
2/60 202001026-001d60s.fits [TYPE] DARK [EXPTIME] 60.0
3/60 202001026-002bias.fits [TYPE] BIAS [EXPTIME] 0.0
4/60 202001026-002d60s.fits [TYPE] DARK [EXPTIME] 60.0
5/60 202001026-003bias.fits [TYPE] BIAS [EXPTIME] 0.0
6/60 202001026-003d60s.fits [TYPE] DARK [EXPTIME] 60.0
7/60 202001026-004bias.fits [TYPE] BIAS [EXPTIME] 0.0
8/60 202001026-004d60s.fits [TYPE] DARK [EXPTIME] 60.0
9/60 202001026-005bias.fits [TYPE] BIAS [EXPTIME] 0.0
10/60 202001026-005d60s.fits [TYPE] DARK [EXPTIME] 60.0
11/60 202001026-006bias.fits [TYPE] BIAS [EXPTIME] 0.0
12/60 202001026-006d60s.fits [TYPE] DARK [EXPTIME] 60.0
13/60 202001026-007bias.fits [TYPE] BIAS [EXPTIME] 0.0
14/60 202001026-007d60s.fits [TYPE] DARK [EXPTIME] 60.0
15/60 202001026-008bias.fits [TYPE] BIAS [EXPTIME] 0.0
16/60 202001026-008d60s.fits [TYPE] DARK [EXPTIME] 60.0
17/60 202001026-009bias.fits [TYPE] BIAS [EXPTIME] 0.0
18/60 202001026-009d60s.fits [TYPE] DARK [EXPTIME] 60.0
19/60 202001026-010bias.fits [TYPE] BIAS [EXPTIME] 0.0
20/60 202001026-010d60s.fits [TYPE] DARK [EXPTIME] 60.0
21/60 Bias-20201026@095132-000S.fts [TYPE] BIAS [EXPTIME] 0.0
22/60 Bias-20201026@095141-000S.fts [TYPE] BIAS [EXPTIME] 0.0
23/60 Bias-20201026@095148-000S.fts [TYPE] BIAS [EXPTIME] 0.0
24/60 Bias-20201026@095154-000S.fts [TYPE] BIAS [EXPTIME] 0.0
25/60 Bias-20201026@095201-000S.fts [TYPE] BIAS [EXPTIME] 0.0
26/60 Bias-20201026@095209-000S.fts [TYPE] BIAS [EXPTIME] 0.0
27/60 Bias-20201026@095216-000S.fts [TYPE] BIAS [EXPTIME] 0.0
28/60 Bias-20201026@095223-000S.fts [TYPE] BIAS [EXPTIME] 0.0
29/60 Bias-20201026@095230-000S.fts [TYPE] BIAS [EXPTIME] 0.0
30/60 Bias-20201026@095237-000S.fts [TYPE] BIAS [EXPTIME] 0.0
31/60 Bias-20201026@095444-000S.fts [TYPE] BIAS [EXPTIME] 0.0
32/60 Bias-20201026@095449-000S.fts [TYPE] BIAS [EXPTIME] 0.0
33/60 Bias-20201026@095452-000S.fts [TYPE] BIAS [EXPTIME] 0.0
34/60 Bias-20201026@095456-000S.fts [TYPE] BIAS [EXPTIME] 0.0
35/60 Bias-20201026@095500-000S.fts [TYPE] BIAS [EXPTIME] 0.0
36/60 Bias-20201026@095503-000S.fts [TYPE] BIAS [EXPTIME] 0.0
37/60 Bias-20201026@095507-000S.fts [TYPE] BIAS [EXPTIME] 0.0
38/60 Bias-20201026@095511-000S.fts [TYPE] BIAS [EXPTIME] 0.0
39/60 Bias-20201026@095514-000S.fts [TYPE] BIAS [EXPTIME] 0.0
40/60 Bias-20201026@095518-000S.fts [TYPE] BIAS [EXPTIME] 0.0
41/60 Dark-20201026@095246-005S.fts [TYPE] DARK [EXPTIME] 5.0
42/60 Dark-20201026@095258-005S.fts [TYPE] DARK [EXPTIME] 5.0
43/60 Dark-20201026@095309-005S.fts [TYPE] DARK [EXPTIME] 5.0
44/60 Dark-20201026@095321-005S.fts [TYPE] DARK [EXPTIME] 5.0
45/60 Dark-20201026@095332-005S.fts [TYPE] DARK [EXPTIME] 5.0
46/60 Dark-20201026@095344-005S.fts [TYPE] DARK [EXPTIME] 5.0
47/60 Dark-20201026@095356-005S.fts [TYPE] DARK [EXPTIME] 5.0
48/60 Dark-20201026@095408-005S.fts [TYPE] DARK [EXPTIME] 5.0
49/60 Dark-20201026@095420-005S.fts [TYPE] DARK [EXPTIME] 5.0
50/60 Dark-20201026@095431-005S.fts [TYPE] DARK [EXPTIME] 5.0
51/60 Dark-20201026@095523-005S.fts [TYPE] DARK [EXPTIME] 5.0
52/60 Dark-20201026@095531-005S.fts [TYPE] DARK [EXPTIME] 5.0
53/60 Dark-20201026@095540-005S.fts [TYPE] DARK [EXPTIME] 5.0
54/60 Dark-20201026@095548-005S.fts [TYPE] DARK [EXPTIME] 5.0
55/60 Dark-20201026@095557-005S.fts [TYPE] DARK [EXPTIME] 5.0
56/60 Dark-20201026@095605-005S.fts [TYPE] DARK [EXPTIME] 5.0
57/60 Dark-20201026@095614-005S.fts [TYPE] DARK [EXPTIME] 5.0
58/60 Dark-20201026@095623-005S.fts [TYPE] DARK [EXPTIME] 5.0
59/60 Dark-20201026@095632-005S.fts [TYPE] DARK [EXPTIME] 5.0
60/60 Dark-20201026@095640-005S.fts [TYPE] DARK [EXPTIME] 5.0
 ---------------------------
 Exame Fits Header for Flat
 ---------------------------
find ./LOT20201026_LP_647_13/ | grep flat/ | grep -E 'fits|fts'|sort -t'-' -k2.4,2.6 
found 5 Flat
1/5 202001026_flat-001Eden.fits [TYPE] FLAT [EXPTIME] 5.0 [FIL] GG495
2/5 202001026_flat-002Eden.fits [TYPE] FLAT [EXPTIME] 5.0 [FIL] GG495
3/5 202001026_flat-003Eden.fits [TYPE] FLAT [EXPTIME] 5.0 [FIL] GG495
4/5 202001026_flat-004Eden.fits [TYPE] FLAT [EXPTIME] 5.0 [FIL] GG495
5/5 202001026_flat-005Eden.fits [TYPE] FLAT [EXPTIME] 5.0 [FIL] GG495
 ---------------------------
 Exame Fits Header for Additional Dark for Flat
 ---------------------------
find ./LOT20201026_LP_647_13/ | grep flat/ |grep dark| grep -E 'fits|fts'|sort -t'-' -k2.4,2.6 
found 0 Additional Dark for Flat
no additional dark for flat in ./flat/
 ---------------------------
 Modify filename for Science Target
 ---------------------------
... update header ...
1/282 LP_647-13-20201026@124836-Eden.fts [TYPE] LIGHT [OBJ] LP_647-13 [RA] 01 09 51.2023 [Dec] -03 43 26.3911 [FIL] GG495 [EXPTIME] 60.0 [Date] 2020-10-26T12:48:36 [Time] 12:48:36
2/282 LP_647-13-20201026@125123-Eden.fts [TYPE] LIGHT [OBJ] LP_647-13 [RA] 01 09 51.2023 [Dec] -03 43 26.3911 [FIL] GG495 [EXPTIME] 60.0 [Date] 2020-10-26T12:51:23 [Time] 12:51:23
3/282 LP_647-13-20201026@125238-Eden.fts [TYPE] LIGHT [OBJ] LP_647-13 [RA] 01 09 51.2023 [Dec] -03 43 26.3911 [FIL] GG495 [EXPTIME] 60.0 [Date] 2020-10-26T12:52:38 [Time] 12:52:38
4/282 LP_647-13-20201026@125351-Eden.fts [TYPE] LIGHT [OBJ] LP_647-13 [RA] 01 09 51.2023 [Dec] -03 43 26.3911 [FIL] GG495 [EXPTIME] 60.0 [Date] 2020-10-26T12:53:51 [Time] 12:53:51
5/282 LP_647-13-20201026@125507-Eden.fts [TYPE] LIGHT [OBJ] LP_647-13 [RA] 01 09 51.2023 [Dec] -03 43 26.3911 [FIL] GG495 [EXPTIME] 60.0 [Date] 2020-10-26T12:55:07 [Time] 12:55:07
6/282 LP_647-13-20201026@125621-Eden.fts [TYPE] LIGHT [OBJ] LP_647-13 [RA] 01 09 51.2023 [Dec] -03 43 26.3911 [FIL] GG495 [EXPTIME] 60.0 [Date] 2020-10-26T12:56:21 [Time] 12:56:21
7/282 LP_647-13-20201026@125736-Eden.fts [TYPE] LIGHT [OBJ] LP_647-13 [RA] 01 09 51.2023 [Dec] -03 43 26.3911 [FIL] GG495 [EXPTIME] 60.0 [Date] 2020-10-26T12:57:36 [Time] 12:57:36
8/282 LP_647-13-20201026@125852-Eden.fts [TYPE] LIGHT [OBJ] LP_647-13 [RA] 01 09 51.2023 [Dec] -03 43 26.3911 [FIL] GG495 [EXPTIME] 60.0 [Date] 2020-10-26T12:58:52 [Time] 12:58:52
9/282 LP_647-13-20201026@130007-Eden.fts [TYPE] LIGHT [OBJ] LP_647-13 [RA] 01 09 51.2023 [Dec] -03 43 26.3911 [FIL] GG495 [EXPTIME] 60.0 [Date] 2020-10-26T13:00:07 [Time] 13:00:07
10/282 LP_647-13-20201026@130121-Eden.fts [TYPE] LIGHT [OBJ] LP_647-13 [RA] 01 09 51.2023 [Dec] -03 43 26.3911 [FIL] GG495 [EXPTIME] 60.0 [Date] 2020-10-26T13:01:21 [Time] 13:01:21
11/282 LP_647-13-20201026@130236-Eden.fts [TYPE] LIGHT [OBJ] LP_647-13 [RA] 01 09 51.2023 [Dec] -03 43 26.3911 [FIL] GG495 [EXPTIME] 60.0 [Date] 2020-10-26T13:02:36 [Time] 13:02:36
12/282 LP_647-13-20201026@130351-Eden.fts [TYPE] LIGHT [OBJ] LP_647-13 [RA] 01 09 51.2023 [Dec] -03 43 26.3911 [FIL] GG495 [EXPTIME] 60.0 [Date] 2020-10-26T13:03:51 [Time] 13:03:51
13/282 LP_647-13-20201026@130505-Eden.fts [TYPE] LIGHT [OBJ] LP_647-13 [RA] 01 09 51.2023 [Dec] -03 43 26.3911 [FIL] GG495 [EXPTIME] 60.0 [Date] 2020-10-26T13:05:05 [Time] 13:05:05
14/282 LP_647-13-20201026@130620-Eden.fts [TYPE] LIGHT [OBJ] LP_647-13 [RA] 01 09 51.2023 [Dec] -03 43 26.3911 [FIL] GG495 [EXPTIME] 60.0 [Date] 2020-10-26T13:06:20 [Time] 13:06:20
15/282 LP_647-13-20201026@130735-Eden.fts [TYPE] LIGHT [OBJ] LP_647-13 [RA] 01 09 51.2023 [Dec] -03 43 26.3911 [FIL] GG495 [EXPTIME] 60.0 [Date] 2020-10-26T13:07:35 [Time] 13:07:35
16/282 LP_647-13-20201026@130850-Eden.fts [TYPE] LIGHT [OBJ] LP_647-13 [RA] 01 09 51.2023 [Dec] -03 43 26.3911 [FIL] GG495 [EXPTIME] 60.0 [Date] 2020-10-26T13:08:50 [Time] 13:08:50
17/282 LP_647-13-20201026@131005-Eden.fts [TYPE] LIGHT [OBJ] LP_647-13 [RA] 01 09 51.2023 [Dec] -03 43 26.3911 [FIL] GG495 [EXPTIME] 60.0 [Date] 2020-10-26T13:10:05 [Time] 13:10:05
18/282 LP_647-13-20201026@131119-Eden.fts [TYPE] LIGHT [OBJ] LP_647-13 [RA] 01 09 51.2023 [Dec] -03 43 26.3911 [FIL] GG495 [EXPTIME] 60.0 [Date] 2020-10-26T13:11:19 [Time] 13:11:19
19/282 LP_647-13-20201026@131235-Eden.fts [TYPE] LIGHT [OBJ] LP_647-13 [RA] 01 09 51.2023 [Dec] -03 43 26.3911 [FIL] GG495 [EXPTIME] 60.0 [Date] 2020-10-26T13:12:35 [Time] 13:12:35
20/282 LP_647-13-20201026@131350-Eden.fts [TYPE] LIGHT [OBJ] LP_647-13 [RA] 01 09 51.2023 [Dec] -03 43 26.3911 [FIL] GG495 [EXPTIME] 60.0 [Date] 2020-10-26T13:13:50 [Time] 13:13:50
21/282 LP_647-13-20201026@131505-Eden.fts [TYPE] LIGHT [OBJ] LP_647-13 [RA] 01 09 51.2023 [Dec] -03 43 26.3911 [FIL] GG495 [EXPTIME] 60.0 [Date] 2020-10-26T13:15:05 [Time] 13:15:05
22/282 LP_647-13-20201026@131619-Eden.fts [TYPE] LIGHT [OBJ] LP_647-13 [RA] 01 09 51.2023 [Dec] -03 43 26.3911 [FIL] GG495 [EXPTIME] 60.0 [Date] 2020-10-26T13:16:19 [Time] 13:16:19
23/282 LP_647-13-20201026@131733-Eden.fts [TYPE] LIGHT [OBJ] LP_647-13 [RA] 01 09 51.2023 [Dec] -03 43 26.3911 [FIL] GG495 [EXPTIME] 60.0 [Date] 2020-10-26T13:17:33 [Time] 13:17:33
24/282 LP_647-13-20201026@131848-Eden.fts [TYPE] LIGHT [OBJ] LP_647-13 [RA] 01 09 51.2023 [Dec] -03 43 26.3911 [FIL] GG495 [EXPTIME] 60.0 [Date] 2020-10-26T13:18:48 [Time] 13:18:48
25/282 LP_647-13-20201026@132003-Eden.fts [TYPE] LIGHT [OBJ] LP_647-13 [RA] 01 09 51.2023 [Dec] -03 43 26.3911 [FIL] GG495 [EXPTIME] 60.0 [Date] 2020-10-26T13:20:03 [Time] 13:20:03
26/282 LP_647-13-20201026@132117-Eden.fts [TYPE] LIGHT [OBJ] LP_647-13 [RA] 01 09 51.2023 [Dec] -03 43 26.3911 [FIL] GG495 [EXPTIME] 60.0 [Date] 2020-10-26T13:21:17 [Time] 13:21:17
27/282 LP_647-13-20201026@132231-Eden.fts [TYPE] LIGHT [OBJ] LP_647-13 [RA] 01 09 51.2023 [Dec] -03 43 26.3911 [FIL] GG495 [EXPTIME] 60.0 [Date] 2020-10-26T13:22:31 [Time] 13:22:31
28/282 LP_647-13-20201026@132345-Eden.fts [TYPE] LIGHT [OBJ] LP_647-13 [RA] 01 09 51.2023 [Dec] -03 43 26.3911 [FIL] GG495 [EXPTIME] 60.0 [Date] 2020-10-26T13:23:45 [Time] 13:23:45
29/282 LP_647-13-20201026@132459-Eden.fts [TYPE] LIGHT [OBJ] LP_647-13 [RA] 01 09 51.2023 [Dec] -03 43 26.3911 [FIL] GG495 [EXPTIME] 60.0 [Date] 2020-10-26T13:24:59 [Time] 13:24:59
30/282 LP_647-13-20201026@132615-Eden.fts [TYPE] LIGHT [OBJ] LP_647-13 [RA] 01 09 51.2023 [Dec] -03 43 26.3911 [FIL] GG495 [EXPTIME] 60.0 [Date] 2020-10-26T13:26:15 [Time] 13:26:15
31/282 LP_647-13-20201026@132729-Eden.fts [TYPE] LIGHT [OBJ] LP_647-13 [RA] 01 09 51.2023 [Dec] -03 43 26.3911 [FIL] GG495 [EXPTIME] 60.0 [Date] 2020-10-26T13:27:29 [Time] 13:27:29
32/282 LP_647-13-20201026@132843-Eden.fts [TYPE] LIGHT [OBJ] LP_647-13 [RA] 01 09 51.2023 [Dec] -03 43 26.3911 [FIL] GG495 [EXPTIME] 60.0 [Date] 2020-10-26T13:28:43 [Time] 13:28:43
33/282 LP_647-13-20201026@132959-Eden.fts [TYPE] LIGHT [OBJ] LP_647-13 [RA] 01 09 51.2023 [Dec] -03 43 26.3911 [FIL] GG495 [EXPTIME] 60.0 [Date] 2020-10-26T13:29:59 [Time] 13:29:59
34/282 LP_647-13-20201026@133114-Eden.fts [TYPE] LIGHT [OBJ] LP_647-13 [RA] 01 09 51.2023 [Dec] -03 43 26.3911 [FIL] GG495 [EXPTIME] 60.0 [Date] 2020-10-26T13:31:14 [Time] 13:31:14
35/282 LP_647-13-20201026@133229-Eden.fts [TYPE] LIGHT [OBJ] LP_647-13 [RA] 01 09 51.2023 [Dec] -03 43 26.3911 [FIL] GG495 [EXPTIME] 60.0 [Date] 2020-10-26T13:32:29 [Time] 13:32:29
36/282 LP_647-13-20201026@133344-Eden.fts [TYPE] LIGHT [OBJ] LP_647-13 [RA] 01 09 51.2023 [Dec] -03 43 26.3911 [FIL] GG495 [EXPTIME] 60.0 [Date] 2020-10-26T13:33:44 [Time] 13:33:44
37/282 LP_647-13-20201026@133459-Eden.fts [TYPE] LIGHT [OBJ] LP_647-13 [RA] 01 09 51.2023 [Dec] -03 43 26.3911 [FIL] GG495 [EXPTIME] 60.0 [Date] 2020-10-26T13:34:59 [Time] 13:34:59
38/282 LP_647-13-20201026@133613-Eden.fts [TYPE] LIGHT [OBJ] LP_647-13 [RA] 01 09 51.2023 [Dec] -03 43 26.3911 [FIL] GG495 [EXPTIME] 60.0 [Date] 2020-10-26T13:36:13 [Time] 13:36:13
39/282 LP_647-13-20201026@133728-Eden.fts [TYPE] LIGHT [OBJ] LP_647-13 [RA] 01 09 51.2023 [Dec] -03 43 26.3911 [FIL] GG495 [EXPTIME] 60.0 [Date] 2020-10-26T13:37:28 [Time] 13:37:28
40/282 LP_647-13-20201026@133844-Eden.fts [TYPE] LIGHT [OBJ] LP_647-13 [RA] 01 09 51.2023 [Dec] -03 43 26.3911 [FIL] GG495 [EXPTIME] 60.0 [Date] 2020-10-26T13:38:44 [Time] 13:38:44
41/282 LP_647-13-20201026@133958-Eden.fts [TYPE] LIGHT [OBJ] LP_647-13 [RA] 01 09 51.2023 [Dec] -03 43 26.3911 [FIL] GG495 [EXPTIME] 60.0 [Date] 2020-10-26T13:39:58 [Time] 13:39:58
42/282 LP_647-13-20201026@134113-Eden.fts [TYPE] LIGHT [OBJ] LP_647-13 [RA] 01 09 51.2023 [Dec] -03 43 26.3911 [FIL] GG495 [EXPTIME] 60.0 [Date] 2020-10-26T13:41:13 [Time] 13:41:13
43/282 LP_647-13-20201026@134227-Eden.fts [TYPE] LIGHT [OBJ] LP_647-13 [RA] 01 09 51.2023 [Dec] -03 43 26.3911 [FIL] GG495 [EXPTIME] 60.0 [Date] 2020-10-26T13:42:27 [Time] 13:42:27
44/282 LP_647-13-20201026@134342-Eden.fts [TYPE] LIGHT [OBJ] LP_647-13 [RA] 01 09 51.2023 [Dec] -03 43 26.3911 [FIL] GG495 [EXPTIME] 60.0 [Date] 2020-10-26T13:43:42 [Time] 13:43:42
45/282 LP_647-13-20201026@134455-Eden.fts [TYPE] LIGHT [OBJ] LP_647-13 [RA] 01 09 51.2023 [Dec] -03 43 26.3911 [FIL] GG495 [EXPTIME] 60.0 [Date] 2020-10-26T13:44:55 [Time] 13:44:55
46/282 LP_647-13-20201026@134611-Eden.fts [TYPE] LIGHT [OBJ] LP_647-13 [RA] 01 09 51.2023 [Dec] -03 43 26.3911 [FIL] GG495 [EXPTIME] 60.0 [Date] 2020-10-26T13:46:11 [Time] 13:46:11
47/282 LP_647-13-20201026@134724-Eden.fts [TYPE] LIGHT [OBJ] LP_647-13 [RA] 01 09 51.2023 [Dec] -03 43 26.3911 [FIL] GG495 [EXPTIME] 60.0 [Date] 2020-10-26T13:47:24 [Time] 13:47:24
48/282 LP_647-13-20201026@134840-Eden.fts [TYPE] LIGHT [OBJ] LP_647-13 [RA] 01 09 51.2023 [Dec] -03 43 26.3911 [FIL] GG495 [EXPTIME] 60.0 [Date] 2020-10-26T13:48:40 [Time] 13:48:40
49/282 LP_647-13-20201026@134955-Eden.fts [TYPE] LIGHT [OBJ] LP_647-13 [RA] 01 09 51.2023 [Dec] -03 43 26.3911 [FIL] GG495 [EXPTIME] 60.0 [Date] 2020-10-26T13:49:55 [Time] 13:49:55
50/282 LP_647-13-20201026@135109-Eden.fts [TYPE] LIGHT [OBJ] LP_647-13 [RA] 01 09 51.2023 [Dec] -03 43 26.3911 [FIL] GG495 [EXPTIME] 60.0 [Date] 2020-10-26T13:51:09 [Time] 13:51:09
51/282 LP_647-13-20201026@135223-Eden.fts [TYPE] LIGHT [OBJ] LP_647-13 [RA] 01 09 51.2023 [Dec] -03 43 26.3911 [FIL] GG495 [EXPTIME] 60.0 [Date] 2020-10-26T13:52:23 [Time] 13:52:23
52/282 LP_647-13-20201026@135338-Eden.fts [TYPE] LIGHT [OBJ] LP_647-13 [RA] 01 09 51.2023 [Dec] -03 43 26.3911 [FIL] GG495 [EXPTIME] 60.0 [Date] 2020-10-26T13:53:38 [Time] 13:53:38
53/282 LP_647-13-20201026@135453-Eden.fts [TYPE] LIGHT [OBJ] LP_647-13 [RA] 01 09 51.2023 [Dec] -03 43 26.3911 [FIL] GG495 [EXPTIME] 60.0 [Date] 2020-10-26T13:54:53 [Time] 13:54:53
54/282 LP_647-13-20201026@135608-Eden.fts [TYPE] LIGHT [OBJ] LP_647-13 [RA] 01 09 51.2023 [Dec] -03 43 26.3911 [FIL] GG495 [EXPTIME] 60.0 [Date] 2020-10-26T13:56:08 [Time] 13:56:08
55/282 LP_647-13-20201026@135723-Eden.fts [TYPE] LIGHT [OBJ] LP_647-13 [RA] 01 09 51.2023 [Dec] -03 43 26.3911 [FIL] GG495 [EXPTIME] 60.0 [Date] 2020-10-26T13:57:23 [Time] 13:57:23
56/282 LP_647-13-20201026@135837-Eden.fts [TYPE] LIGHT [OBJ] LP_647-13 [RA] 01 09 51.2023 [Dec] -03 43 26.3911 [FIL] GG495 [EXPTIME] 60.0 [Date] 2020-10-26T13:58:37 [Time] 13:58:37
57/282 LP_647-13-20201026@135952-Eden.fts [TYPE] LIGHT [OBJ] LP_647-13 [RA] 01 09 51.2023 [Dec] -03 43 26.3911 [FIL] GG495 [EXPTIME] 60.0 [Date] 2020-10-26T13:59:52 [Time] 13:59:52
58/282 LP_647-13-20201026@140107-Eden.fts [TYPE] LIGHT [OBJ] LP_647-13 [RA] 01 09 51.2023 [Dec] -03 43 26.3911 [FIL] GG495 [EXPTIME] 60.0 [Date] 2020-10-26T14:01:07 [Time] 14:01:07
59/282 LP_647-13-20201026@140222-Eden.fts [TYPE] LIGHT [OBJ] LP_647-13 [RA] 01 09 51.2023 [Dec] -03 43 26.3911 [FIL] GG495 [EXPTIME] 60.0 [Date] 2020-10-26T14:02:22 [Time] 14:02:22
60/282 LP_647-13-20201026@140337-Eden.fts [TYPE] LIGHT [OBJ] LP_647-13 [RA] 01 09 51.2023 [Dec] -03 43 26.3911 [FIL] GG495 [EXPTIME] 60.0 [Date] 2020-10-26T14:03:37 [Time] 14:03:37
61/282 LP_647-13-20201026@140451-Eden.fts [TYPE] LIGHT [OBJ] LP_647-13 [RA] 01 09 51.2023 [Dec] -03 43 26.3911 [FIL] GG495 [EXPTIME] 60.0 [Date] 2020-10-26T14:04:51 [Time] 14:04:51
62/282 LP_647-13-20201026@140607-Eden.fts [TYPE] LIGHT [OBJ] LP_647-13 [RA] 01 09 51.2023 [Dec] -03 43 26.3911 [FIL] GG495 [EXPTIME] 60.0 [Date] 2020-10-26T14:06:07 [Time] 14:06:07
63/282 LP_647-13-20201026@140722-Eden.fts [TYPE] LIGHT [OBJ] LP_647-13 [RA] 01 09 51.2023 [Dec] -03 43 26.3911 [FIL] GG495 [EXPTIME] 60.0 [Date] 2020-10-26T14:07:22 [Time] 14:07:22
64/282 LP_647-13-20201026@140836-Eden.fts [TYPE] LIGHT [OBJ] LP_647-13 [RA] 01 09 51.2023 [Dec] -03 43 26.3911 [FIL] GG495 [EXPTIME] 60.0 [Date] 2020-10-26T14:08:36 [Time] 14:08:36
65/282 LP_647-13-20201026@140950-Eden.fts [TYPE] LIGHT [OBJ] LP_647-13 [RA] 01 09 51.2023 [Dec] -03 43 26.3911 [FIL] GG495 [EXPTIME] 60.0 [Date] 2020-10-26T14:09:50 [Time] 14:09:50
66/282 LP_647-13-20201026@141105-Eden.fts [TYPE] LIGHT [OBJ] LP_647-13 [RA] 01 09 51.2023 [Dec] -03 43 26.3911 [FIL] GG495 [EXPTIME] 60.0 [Date] 2020-10-26T14:11:05 [Time] 14:11:05
67/282 LP_647-13-20201026@141220-Eden.fts [TYPE] LIGHT [OBJ] LP_647-13 [RA] 01 09 51.2023 [Dec] -03 43 26.3911 [FIL] GG495 [EXPTIME] 60.0 [Date] 2020-10-26T14:12:20 [Time] 14:12:20
68/282 LP_647-13-20201026@141335-Eden.fts [TYPE] LIGHT [OBJ] LP_647-13 [RA] 01 09 51.2023 [Dec] -03 43 26.3911 [FIL] GG495 [EXPTIME] 60.0 [Date] 2020-10-26T14:13:35 [Time] 14:13:35
69/282 LP_647-13-20201026@141450-Eden.fts [TYPE] LIGHT [OBJ] LP_647-13 [RA] 01 09 51.2023 [Dec] -03 43 26.3911 [FIL] GG495 [EXPTIME] 60.0 [Date] 2020-10-26T14:14:50 [Time] 14:14:50
70/282 LP_647-13-20201026@141605-Eden.fts [TYPE] LIGHT [OBJ] LP_647-13 [RA] 01 09 51.2023 [Dec] -03 43 26.3911 [FIL] GG495 [EXPTIME] 60.0 [Date] 2020-10-26T14:16:05 [Time] 14:16:05
71/282 LP_647-13-20201026@141719-Eden.fts [TYPE] LIGHT [OBJ] LP_647-13 [RA] 01 09 51.2023 [Dec] -03 43 26.3911 [FIL] GG495 [EXPTIME] 60.0 [Date] 2020-10-26T14:17:19 [Time] 14:17:19
72/282 LP_647-13-20201026@141834-Eden.fts [TYPE] LIGHT [OBJ] LP_647-13 [RA] 01 09 51.2023 [Dec] -03 43 26.3911 [FIL] GG495 [EXPTIME] 60.0 [Date] 2020-10-26T14:18:34 [Time] 14:18:34
73/282 LP_647-13-20201026@141947-Eden.fts [TYPE] LIGHT [OBJ] LP_647-13 [RA] 01 09 51.2023 [Dec] -03 43 26.3911 [FIL] GG495 [EXPTIME] 60.0 [Date] 2020-10-26T14:19:47 [Time] 14:19:47
74/282 LP_647-13-20201026@142102-Eden.fts [TYPE] LIGHT [OBJ] LP_647-13 [RA] 01 09 51.2023 [Dec] -03 43 26.3911 [FIL] GG495 [EXPTIME] 60.0 [Date] 2020-10-26T14:21:02 [Time] 14:21:02
75/282 LP_647-13-20201026@142216-Eden.fts [TYPE] LIGHT [OBJ] LP_647-13 [RA] 01 09 51.2023 [Dec] -03 43 26.3911 [FIL] GG495 [EXPTIME] 60.0 [Date] 2020-10-26T14:22:16 [Time] 14:22:16
76/282 LP_647-13-20201026@142332-Eden.fts [TYPE] LIGHT [OBJ] LP_647-13 [RA] 01 09 51.2023 [Dec] -03 43 26.3911 [FIL] GG495 [EXPTIME] 60.0 [Date] 2020-10-26T14:23:32 [Time] 14:23:32
77/282 LP_647-13-20201026@142446-Eden.fts [TYPE] LIGHT [OBJ] LP_647-13 [RA] 01 09 51.2023 [Dec] -03 43 26.3911 [FIL] GG495 [EXPTIME] 60.0 [Date] 2020-10-26T14:24:46 [Time] 14:24:46
78/282 LP_647-13-20201026@142600-Eden.fts [TYPE] LIGHT [OBJ] LP_647-13 [RA] 01 09 51.2023 [Dec] -03 43 26.3911 [FIL] GG495 [EXPTIME] 60.0 [Date] 2020-10-26T14:26:00 [Time] 14:26:00
79/282 LP_647-13-20201026@142713-Eden.fts [TYPE] LIGHT [OBJ] LP_647-13 [RA] 01 09 51.2023 [Dec] -03 43 26.3911 [FIL] GG495 [EXPTIME] 60.0 [Date] 2020-10-26T14:27:13 [Time] 14:27:13
80/282 LP_647-13-20201026@142827-Eden.fts [TYPE] LIGHT [OBJ] LP_647-13 [RA] 01 09 51.2023 [Dec] -03 43 26.3911 [FIL] GG495 [EXPTIME] 60.0 [Date] 2020-10-26T14:28:27 [Time] 14:28:27
81/282 LP_647-13-20201026@143207-Eden.fts [TYPE] LIGHT [OBJ] LP_647-13 [RA] 01 09 51.2023 [Dec] -03 43 26.3911 [FIL] GG495 [EXPTIME] 60.0 [Date] 2020-10-26T14:32:07 [Time] 14:32:07
82/282 LP_647-13-20201026@143322-Eden.fts [TYPE] LIGHT [OBJ] LP_647-13 [RA] 01 09 51.2023 [Dec] -03 43 26.3911 [FIL] GG495 [EXPTIME] 60.0 [Date] 2020-10-26T14:33:22 [Time] 14:33:22
83/282 LP_647-13-20201026@143438-Eden.fts [TYPE] LIGHT [OBJ] LP_647-13 [RA] 01 09 51.2023 [Dec] -03 43 26.3911 [FIL] GG495 [EXPTIME] 60.0 [Date] 2020-10-26T14:34:38 [Time] 14:34:38
84/282 LP_647-13-20201026@143714-Eden.fts [TYPE] LIGHT [OBJ] LP_647-13 [RA] 01 09 51.2023 [Dec] -03 43 26.3911 [FIL] GG495 [EXPTIME] 60.0 [Date] 2020-10-26T14:37:14 [Time] 14:37:14
85/282 LP_647-13-20201026@144250-Eden.fts [TYPE] LIGHT [OBJ] LP_647-13 [RA] 01 09 51.2023 [Dec] -03 43 26.3911 [FIL] GG495 [EXPTIME] 60.0 [Date] 2020-10-26T14:42:50 [Time] 14:42:50
86/282 LP_647-13-20201026@144404-Eden.fts [TYPE] LIGHT [OBJ] LP_647-13 [RA] 01 09 51.2023 [Dec] -03 43 26.3911 [FIL] GG495 [EXPTIME] 60.0 [Date] 2020-10-26T14:44:04 [Time] 14:44:04
87/282 LP_647-13-20201026@144518-Eden.fts [TYPE] LIGHT [OBJ] LP_647-13 [RA] 01 09 51.2023 [Dec] -03 43 26.3911 [FIL] GG495 [EXPTIME] 60.0 [Date] 2020-10-26T14:45:18 [Time] 14:45:18
88/282 LP_647-13-20201026@144632-Eden.fts [TYPE] LIGHT [OBJ] LP_647-13 [RA] 01 09 51.2023 [Dec] -03 43 26.3911 [FIL] GG495 [EXPTIME] 60.0 [Date] 2020-10-26T14:46:32 [Time] 14:46:32
89/282 LP_647-13-20201026@144746-Eden.fts [TYPE] LIGHT [OBJ] LP_647-13 [RA] 01 09 51.2023 [Dec] -03 43 26.3911 [FIL] GG495 [EXPTIME] 60.0 [Date] 2020-10-26T14:47:46 [Time] 14:47:46
90/282 LP_647-13-20201026@144901-Eden.fts [TYPE] LIGHT [OBJ] LP_647-13 [RA] 01 09 51.2023 [Dec] -03 43 26.3911 [FIL] GG495 [EXPTIME] 60.0 [Date] 2020-10-26T14:49:01 [Time] 14:49:01
91/282 LP_647-13-20201026@145015-Eden.fts [TYPE] LIGHT [OBJ] LP_647-13 [RA] 01 09 51.2023 [Dec] -03 43 26.3911 [FIL] GG495 [EXPTIME] 60.0 [Date] 2020-10-26T14:50:15 [Time] 14:50:15
92/282 LP_647-13-20201026@145130-Eden.fts [TYPE] LIGHT [OBJ] LP_647-13 [RA] 01 09 51.2023 [Dec] -03 43 26.3911 [FIL] GG495 [EXPTIME] 60.0 [Date] 2020-10-26T14:51:30 [Time] 14:51:30
93/282 LP_647-13-20201026@145606-Eden.fts [TYPE] LIGHT [OBJ] LP_647-13 [RA] 01 09 51.2023 [Dec] -03 43 26.3911 [FIL] GG495 [EXPTIME] 60.0 [Date] 2020-10-26T14:56:06 [Time] 14:56:06
94/282 LP_647-13-20201026@145721-Eden.fts [TYPE] LIGHT [OBJ] LP_647-13 [RA] 01 09 51.2023 [Dec] -03 43 26.3911 [FIL] GG495 [EXPTIME] 60.0 [Date] 2020-10-26T14:57:21 [Time] 14:57:21
95/282 LP_647-13-20201026@145836-Eden.fts [TYPE] LIGHT [OBJ] LP_647-13 [RA] 01 09 51.2023 [Dec] -03 43 26.3911 [FIL] GG495 [EXPTIME] 60.0 [Date] 2020-10-26T14:58:36 [Time] 14:58:36
96/282 LP_647-13-20201026@145950-Eden.fts [TYPE] LIGHT [OBJ] LP_647-13 [RA] 01 09 51.2023 [Dec] -03 43 26.3911 [FIL] GG495 [EXPTIME] 60.0 [Date] 2020-10-26T14:59:50 [Time] 14:59:50
97/282 LP_647-13-20201026@150104-Eden.fts [TYPE] LIGHT [OBJ] LP_647-13 [RA] 01 09 51.2023 [Dec] -03 43 26.3911 [FIL] GG495 [EXPTIME] 60.0 [Date] 2020-10-26T15:01:04 [Time] 15:01:04
98/282 LP_647-13-20201026@150218-Eden.fts [TYPE] LIGHT [OBJ] LP_647-13 [RA] 01 09 51.2023 [Dec] -03 43 26.3911 [FIL] GG495 [EXPTIME] 60.0 [Date] 2020-10-26T15:02:18 [Time] 15:02:18
99/282 LP_647-13-20201026@150331-Eden.fts [TYPE] LIGHT [OBJ] LP_647-13 [RA] 01 09 51.2023 [Dec] -03 43 26.3911 [FIL] GG495 [EXPTIME] 60.0 [Date] 2020-10-26T15:03:31 [Time] 15:03:31
100/282 LP_647-13-20201026@150446-Eden.fts [TYPE] LIGHT [OBJ] LP_647-13 [RA] 01 09 51.2023 [Dec] -03 43 26.3911 [FIL] GG495 [EXPTIME] 60.0 [Date] 2020-10-26T15:04:46 [Time] 15:04:46
101/282 LP_647-13-20201026@150600-Eden.fts [TYPE] LIGHT [OBJ] LP_647-13 [RA] 01 09 51.2023 [Dec] -03 43 26.3911 [FIL] GG495 [EXPTIME] 60.0 [Date] 2020-10-26T15:06:00 [Time] 15:06:00
102/282 LP_647-13-20201026@150715-Eden.fts [TYPE] LIGHT [OBJ] LP_647-13 [RA] 01 09 51.2023 [Dec] -03 43 26.3911 [FIL] GG495 [EXPTIME] 60.0 [Date] 2020-10-26T15:07:15 [Time] 15:07:15
103/282 LP_647-13-20201026@150830-Eden.fts [TYPE] LIGHT [OBJ] LP_647-13 [RA] 01 09 51.2023 [Dec] -03 43 26.3911 [FIL] GG495 [EXPTIME] 60.0 [Date] 2020-10-26T15:08:30 [Time] 15:08:30
104/282 LP_647-13-20201026@150945-Eden.fts [TYPE] LIGHT [OBJ] LP_647-13 [RA] 01 09 51.2023 [Dec] -03 43 26.3911 [FIL] GG495 [EXPTIME] 60.0 [Date] 2020-10-26T15:09:45 [Time] 15:09:45
105/282 LP_647-13-20201026@151059-Eden.fts [TYPE] LIGHT [OBJ] LP_647-13 [RA] 01 09 51.2023 [Dec] -03 43 26.3911 [FIL] GG495 [EXPTIME] 60.0 [Date] 2020-10-26T15:10:59 [Time] 15:10:59
106/282 LP_647-13-20201026@151212-Eden.fts [TYPE] LIGHT [OBJ] LP_647-13 [RA] 01 09 51.2023 [Dec] -03 43 26.3911 [FIL] GG495 [EXPTIME] 60.0 [Date] 2020-10-26T15:12:12 [Time] 15:12:12
107/282 LP_647-13-20201026@151327-Eden.fts [TYPE] LIGHT [OBJ] LP_647-13 [RA] 01 09 51.2023 [Dec] -03 43 26.3911 [FIL] GG495 [EXPTIME] 60.0 [Date] 2020-10-26T15:13:27 [Time] 15:13:27
108/282 LP_647-13-20201026@151442-Eden.fts [TYPE] LIGHT [OBJ] LP_647-13 [RA] 01 09 51.2023 [Dec] -03 43 26.3911 [FIL] GG495 [EXPTIME] 60.0 [Date] 2020-10-26T15:14:42 [Time] 15:14:42
109/282 LP_647-13-20201026@151556-Eden.fts [TYPE] LIGHT [OBJ] LP_647-13 [RA] 01 09 51.2023 [Dec] -03 43 26.3911 [FIL] GG495 [EXPTIME] 60.0 [Date] 2020-10-26T15:15:56 [Time] 15:15:56
110/282 LP_647-13-20201026@151711-Eden.fts [TYPE] LIGHT [OBJ] LP_647-13 [RA] 01 09 51.2023 [Dec] -03 43 26.3911 [FIL] GG495 [EXPTIME] 60.0 [Date] 2020-10-26T15:17:11 [Time] 15:17:11
111/282 LP_647-13-20201026@151825-Eden.fts [TYPE] LIGHT [OBJ] LP_647-13 [RA] 01 09 51.2023 [Dec] -03 43 26.3911 [FIL] GG495 [EXPTIME] 60.0 [Date] 2020-10-26T15:18:25 [Time] 15:18:25
112/282 LP_647-13-20201026@151939-Eden.fts [TYPE] LIGHT [OBJ] LP_647-13 [RA] 01 09 51.2023 [Dec] -03 43 26.3911 [FIL] GG495 [EXPTIME] 60.0 [Date] 2020-10-26T15:19:39 [Time] 15:19:39
113/282 LP_647-13-20201026@152055-Eden.fts [TYPE] LIGHT [OBJ] LP_647-13 [RA] 01 09 51.2023 [Dec] -03 43 26.3911 [FIL] GG495 [EXPTIME] 60.0 [Date] 2020-10-26T15:20:55 [Time] 15:20:55
114/282 LP_647-13-20201026@152209-Eden.fts [TYPE] LIGHT [OBJ] LP_647-13 [RA] 01 09 51.2023 [Dec] -03 43 26.3911 [FIL] GG495 [EXPTIME] 60.0 [Date] 2020-10-26T15:22:09 [Time] 15:22:09
115/282 LP_647-13-20201026@152324-Eden.fts [TYPE] LIGHT [OBJ] LP_647-13 [RA] 01 09 51.2023 [Dec] -03 43 26.3911 [FIL] GG495 [EXPTIME] 60.0 [Date] 2020-10-26T15:23:24 [Time] 15:23:24
116/282 LP_647-13-20201026@152439-Eden.fts [TYPE] LIGHT [OBJ] LP_647-13 [RA] 01 09 51.2023 [Dec] -03 43 26.3911 [FIL] GG495 [EXPTIME] 60.0 [Date] 2020-10-26T15:24:39 [Time] 15:24:39
117/282 LP_647-13-20201026@152554-Eden.fts [TYPE] LIGHT [OBJ] LP_647-13 [RA] 01 09 51.2023 [Dec] -03 43 26.3911 [FIL] GG495 [EXPTIME] 60.0 [Date] 2020-10-26T15:25:54 [Time] 15:25:54
118/282 LP_647-13-20201026@152710-Eden.fts [TYPE] LIGHT [OBJ] LP_647-13 [RA] 01 09 51.2023 [Dec] -03 43 26.3911 [FIL] GG495 [EXPTIME] 60.0 [Date] 2020-10-26T15:27:10 [Time] 15:27:10
119/282 LP_647-13-20201026@152825-Eden.fts [TYPE] LIGHT [OBJ] LP_647-13 [RA] 01 09 51.2023 [Dec] -03 43 26.3911 [FIL] GG495 [EXPTIME] 60.0 [Date] 2020-10-26T15:28:25 [Time] 15:28:25
120/282 LP_647-13-20201026@152939-Eden.fts [TYPE] LIGHT [OBJ] LP_647-13 [RA] 01 09 51.2023 [Dec] -03 43 26.3911 [FIL] GG495 [EXPTIME] 60.0 [Date] 2020-10-26T15:29:39 [Time] 15:29:39
121/282 LP_647-13-20201026@153053-Eden.fts [TYPE] LIGHT [OBJ] LP_647-13 [RA] 01 09 51.2023 [Dec] -03 43 26.3911 [FIL] GG495 [EXPTIME] 60.0 [Date] 2020-10-26T15:30:53 [Time] 15:30:53
122/282 LP_647-13-20201026@153208-Eden.fts [TYPE] LIGHT [OBJ] LP_647-13 [RA] 01 09 51.2023 [Dec] -03 43 26.3911 [FIL] GG495 [EXPTIME] 60.0 [Date] 2020-10-26T15:32:08 [Time] 15:32:08
123/282 LP_647-13-20201026@153322-Eden.fts [TYPE] LIGHT [OBJ] LP_647-13 [RA] 01 09 51.2023 [Dec] -03 43 26.3911 [FIL] GG495 [EXPTIME] 60.0 [Date] 2020-10-26T15:33:22 [Time] 15:33:22
124/282 LP_647-13-20201026@153437-Eden.fts [TYPE] LIGHT [OBJ] LP_647-13 [RA] 01 09 51.2023 [Dec] -03 43 26.3911 [FIL] GG495 [EXPTIME] 60.0 [Date] 2020-10-26T15:34:37 [Time] 15:34:37
125/282 LP_647-13-20201026@153551-Eden.fts [TYPE] LIGHT [OBJ] LP_647-13 [RA] 01 09 51.2023 [Dec] -03 43 26.3911 [FIL] GG495 [EXPTIME] 60.0 [Date] 2020-10-26T15:35:51 [Time] 15:35:51
126/282 LP_647-13-20201026@153704-Eden.fts [TYPE] LIGHT [OBJ] LP_647-13 [RA] 01 09 51.2023 [Dec] -03 43 26.3911 [FIL] GG495 [EXPTIME] 60.0 [Date] 2020-10-26T15:37:04 [Time] 15:37:04
127/282 LP_647-13-20201026@153819-Eden.fts [TYPE] LIGHT [OBJ] LP_647-13 [RA] 01 09 51.2023 [Dec] -03 43 26.3911 [FIL] GG495 [EXPTIME] 60.0 [Date] 2020-10-26T15:38:19 [Time] 15:38:19
128/282 LP_647-13-20201026@153933-Eden.fts [TYPE] LIGHT [OBJ] LP_647-13 [RA] 01 09 51.2023 [Dec] -03 43 26.3911 [FIL] GG495 [EXPTIME] 60.0 [Date] 2020-10-26T15:39:33 [Time] 15:39:33
129/282 LP_647-13-20201026@154048-Eden.fts [TYPE] LIGHT [OBJ] LP_647-13 [RA] 01 09 51.2023 [Dec] -03 43 26.3911 [FIL] GG495 [EXPTIME] 60.0 [Date] 2020-10-26T15:40:48 [Time] 15:40:48
130/282 LP_647-13-20201026@154202-Eden.fts [TYPE] LIGHT [OBJ] LP_647-13 [RA] 01 09 51.2023 [Dec] -03 43 26.3911 [FIL] GG495 [EXPTIME] 60.0 [Date] 2020-10-26T15:42:02 [Time] 15:42:02
131/282 LP_647-13-20201026@154315-Eden.fts [TYPE] LIGHT [OBJ] LP_647-13 [RA] 01 09 51.2023 [Dec] -03 43 26.3911 [FIL] GG495 [EXPTIME] 60.0 [Date] 2020-10-26T15:43:15 [Time] 15:43:15
132/282 LP_647-13-20201026@154432-Eden.fts [TYPE] LIGHT [OBJ] LP_647-13 [RA] 01 09 51.2023 [Dec] -03 43 26.3911 [FIL] GG495 [EXPTIME] 60.0 [Date] 2020-10-26T15:44:32 [Time] 15:44:32
133/282 LP_647-13-20201026@154546-Eden.fts [TYPE] LIGHT [OBJ] LP_647-13 [RA] 01 09 51.2023 [Dec] -03 43 26.3911 [FIL] GG495 [EXPTIME] 60.0 [Date] 2020-10-26T15:45:46 [Time] 15:45:46
134/282 LP_647-13-20201026@154701-Eden.fts [TYPE] LIGHT [OBJ] LP_647-13 [RA] 01 09 51.2023 [Dec] -03 43 26.3911 [FIL] GG495 [EXPTIME] 60.0 [Date] 2020-10-26T15:47:01 [Time] 15:47:01
135/282 LP_647-13-20201026@154816-Eden.fts [TYPE] LIGHT [OBJ] LP_647-13 [RA] 01 09 51.2023 [Dec] -03 43 26.3911 [FIL] GG495 [EXPTIME] 60.0 [Date] 2020-10-26T15:48:16 [Time] 15:48:16
136/282 LP_647-13-20201026@154930-Eden.fts [TYPE] LIGHT [OBJ] LP_647-13 [RA] 01 09 51.2023 [Dec] -03 43 26.3911 [FIL] GG495 [EXPTIME] 60.0 [Date] 2020-10-26T15:49:30 [Time] 15:49:30
137/282 LP_647-13-20201026@155045-Eden.fts [TYPE] LIGHT [OBJ] LP_647-13 [RA] 01 09 51.2023 [Dec] -03 43 26.3911 [FIL] GG495 [EXPTIME] 60.0 [Date] 2020-10-26T15:50:45 [Time] 15:50:45
138/282 LP_647-13-20201026@155159-Eden.fts [TYPE] LIGHT [OBJ] LP_647-13 [RA] 01 09 51.2023 [Dec] -03 43 26.3911 [FIL] GG495 [EXPTIME] 60.0 [Date] 2020-10-26T15:51:59 [Time] 15:51:59
139/282 LP_647-13-20201026@155315-Eden.fts [TYPE] LIGHT [OBJ] LP_647-13 [RA] 01 09 51.2023 [Dec] -03 43 26.3911 [FIL] GG495 [EXPTIME] 60.0 [Date] 2020-10-26T15:53:15 [Time] 15:53:15
140/282 LP_647-13-20201026@155429-Eden.fts [TYPE] LIGHT [OBJ] LP_647-13 [RA] 01 09 51.2023 [Dec] -03 43 26.3911 [FIL] GG495 [EXPTIME] 60.0 [Date] 2020-10-26T15:54:29 [Time] 15:54:29
141/282 LP_647-13-20201026@155544-Eden.fts [TYPE] LIGHT [OBJ] LP_647-13 [RA] 01 09 51.2023 [Dec] -03 43 26.3911 [FIL] GG495 [EXPTIME] 60.0 [Date] 2020-10-26T15:55:44 [Time] 15:55:44
142/282 LP_647-13-20201026@155659-Eden.fts [TYPE] LIGHT [OBJ] LP_647-13 [RA] 01 09 51.2023 [Dec] -03 43 26.3911 [FIL] GG495 [EXPTIME] 60.0 [Date] 2020-10-26T15:56:59 [Time] 15:56:59
143/282 LP_647-13-20201026@155813-Eden.fts [TYPE] LIGHT [OBJ] LP_647-13 [RA] 01 09 51.2023 [Dec] -03 43 26.3911 [FIL] GG495 [EXPTIME] 60.0 [Date] 2020-10-26T15:58:13 [Time] 15:58:13
144/282 LP_647-13-20201026@155929-Eden.fts [TYPE] LIGHT [OBJ] LP_647-13 [RA] 01 09 51.2023 [Dec] -03 43 26.3911 [FIL] GG495 [EXPTIME] 60.0 [Date] 2020-10-26T15:59:29 [Time] 15:59:29
145/282 LP_647-13-20201026@160043-Eden.fts [TYPE] LIGHT [OBJ] LP_647-13 [RA] 01 09 51.2023 [Dec] -03 43 26.3911 [FIL] GG495 [EXPTIME] 60.0 [Date] 2020-10-26T16:00:43 [Time] 16:00:43
146/282 LP_647-13-20201026@160159-Eden.fts [TYPE] LIGHT [OBJ] LP_647-13 [RA] 01 09 51.2023 [Dec] -03 43 26.3911 [FIL] GG495 [EXPTIME] 60.0 [Date] 2020-10-26T16:01:59 [Time] 16:01:59
147/282 LP_647-13-20201026@160313-Eden.fts [TYPE] LIGHT [OBJ] LP_647-13 [RA] 01 09 51.2023 [Dec] -03 43 26.3911 [FIL] GG495 [EXPTIME] 60.0 [Date] 2020-10-26T16:03:13 [Time] 16:03:13
148/282 LP_647-13-20201026@160427-Eden.fts [TYPE] LIGHT [OBJ] LP_647-13 [RA] 01 09 51.2023 [Dec] -03 43 26.3911 [FIL] GG495 [EXPTIME] 60.0 [Date] 2020-10-26T16:04:27 [Time] 16:04:27
149/282 LP_647-13-20201026@160542-Eden.fts [TYPE] LIGHT [OBJ] LP_647-13 [RA] 01 09 51.2023 [Dec] -03 43 26.3911 [FIL] GG495 [EXPTIME] 60.0 [Date] 2020-10-26T16:05:42 [Time] 16:05:42
150/282 LP_647-13-20201026@160656-Eden.fts [TYPE] LIGHT [OBJ] LP_647-13 [RA] 01 09 51.2023 [Dec] -03 43 26.3911 [FIL] GG495 [EXPTIME] 60.0 [Date] 2020-10-26T16:06:56 [Time] 16:06:56
151/282 LP_647-13-20201026@160812-Eden.fts [TYPE] LIGHT [OBJ] LP_647-13 [RA] 01 09 51.2023 [Dec] -03 43 26.3911 [FIL] GG495 [EXPTIME] 60.0 [Date] 2020-10-26T16:08:12 [Time] 16:08:12
152/282 LP_647-13-20201026@160927-Eden.fts [TYPE] LIGHT [OBJ] LP_647-13 [RA] 01 09 51.2023 [Dec] -03 43 26.3911 [FIL] GG495 [EXPTIME] 60.0 [Date] 2020-10-26T16:09:27 [Time] 16:09:27
153/282 LP_647-13-20201026@161042-Eden.fts [TYPE] LIGHT [OBJ] LP_647-13 [RA] 01 09 51.2023 [Dec] -03 43 26.3911 [FIL] GG495 [EXPTIME] 60.0 [Date] 2020-10-26T16:10:42 [Time] 16:10:42
154/282 LP_647-13-20201026@161157-Eden.fts [TYPE] LIGHT [OBJ] LP_647-13 [RA] 01 09 51.2023 [Dec] -03 43 26.3911 [FIL] GG495 [EXPTIME] 60.0 [Date] 2020-10-26T16:11:57 [Time] 16:11:57
155/282 LP_647-13-20201026@161311-Eden.fts [TYPE] LIGHT [OBJ] LP_647-13 [RA] 01 09 51.2023 [Dec] -03 43 26.3911 [FIL] GG495 [EXPTIME] 60.0 [Date] 2020-10-26T16:13:11 [Time] 16:13:11
156/282 LP_647-13-20201026@161427-Eden.fts [TYPE] LIGHT [OBJ] LP_647-13 [RA] 01 09 51.2023 [Dec] -03 43 26.3911 [FIL] GG495 [EXPTIME] 60.0 [Date] 2020-10-26T16:14:27 [Time] 16:14:27
157/282 LP_647-13-20201026@161541-Eden.fts [TYPE] LIGHT [OBJ] LP_647-13 [RA] 01 09 51.2023 [Dec] -03 43 26.3911 [FIL] GG495 [EXPTIME] 60.0 [Date] 2020-10-26T16:15:41 [Time] 16:15:41
158/282 LP_647-13-20201026@161656-Eden.fts [TYPE] LIGHT [OBJ] LP_647-13 [RA] 01 09 51.2023 [Dec] -03 43 26.3911 [FIL] GG495 [EXPTIME] 60.0 [Date] 2020-10-26T16:16:56 [Time] 16:16:56
159/282 LP_647-13-20201026@161810-Eden.fts [TYPE] LIGHT [OBJ] LP_647-13 [RA] 01 09 51.2023 [Dec] -03 43 26.3911 [FIL] GG495 [EXPTIME] 60.0 [Date] 2020-10-26T16:18:10 [Time] 16:18:10
160/282 LP_647-13-20201026@161927-Eden.fts [TYPE] LIGHT [OBJ] LP_647-13 [RA] 01 09 51.2023 [Dec] -03 43 26.3911 [FIL] GG495 [EXPTIME] 60.0 [Date] 2020-10-26T16:19:27 [Time] 16:19:27
161/282 LP_647-13-20201026@162042-Eden.fts [TYPE] LIGHT [OBJ] LP_647-13 [RA] 01 09 51.2023 [Dec] -03 43 26.3911 [FIL] GG495 [EXPTIME] 60.0 [Date] 2020-10-26T16:20:42 [Time] 16:20:42
162/282 LP_647-13-20201026@162156-Eden.fts [TYPE] LIGHT [OBJ] LP_647-13 [RA] 01 09 51.2023 [Dec] -03 43 26.3911 [FIL] GG495 [EXPTIME] 60.0 [Date] 2020-10-26T16:21:56 [Time] 16:21:56
163/282 LP_647-13-20201026@162310-Eden.fts [TYPE] LIGHT [OBJ] LP_647-13 [RA] 01 09 51.2023 [Dec] -03 43 26.3911 [FIL] GG495 [EXPTIME] 60.0 [Date] 2020-10-26T16:23:10 [Time] 16:23:10
164/282 LP_647-13-20201026@162425-Eden.fts [TYPE] LIGHT [OBJ] LP_647-13 [RA] 01 09 51.2023 [Dec] -03 43 26.3911 [FIL] GG495 [EXPTIME] 60.0 [Date] 2020-10-26T16:24:25 [Time] 16:24:25
165/282 LP_647-13-20201026@162539-Eden.fts [TYPE] LIGHT [OBJ] LP_647-13 [RA] 01 09 51.2023 [Dec] -03 43 26.3911 [FIL] GG495 [EXPTIME] 60.0 [Date] 2020-10-26T16:25:39 [Time] 16:25:39
166/282 LP_647-13-20201026@162654-Eden.fts [TYPE] LIGHT [OBJ] LP_647-13 [RA] 01 09 51.2023 [Dec] -03 43 26.3911 [FIL] GG495 [EXPTIME] 60.0 [Date] 2020-10-26T16:26:54 [Time] 16:26:54
167/282 LP_647-13-20201026@162809-Eden.fts [TYPE] LIGHT [OBJ] LP_647-13 [RA] 01 09 51.2023 [Dec] -03 43 26.3911 [FIL] GG495 [EXPTIME] 60.0 [Date] 2020-10-26T16:28:09 [Time] 16:28:09
168/282 LP_647-13-20201026@162923-Eden.fts [TYPE] LIGHT [OBJ] LP_647-13 [RA] 01 09 51.2023 [Dec] -03 43 26.3911 [FIL] GG495 [EXPTIME] 60.0 [Date] 2020-10-26T16:29:23 [Time] 16:29:23
169/282 LP_647-13-20201026@163038-Eden.fts [TYPE] LIGHT [OBJ] LP_647-13 [RA] 01 09 51.2023 [Dec] -03 43 26.3911 [FIL] GG495 [EXPTIME] 60.0 [Date] 2020-10-26T16:30:38 [Time] 16:30:38
170/282 LP_647-13-20201026@163152-Eden.fts [TYPE] LIGHT [OBJ] LP_647-13 [RA] 01 09 51.2023 [Dec] -03 43 26.3911 [FIL] GG495 [EXPTIME] 60.0 [Date] 2020-10-26T16:31:52 [Time] 16:31:52
171/282 LP_647-13-20201026@163306-Eden.fts [TYPE] LIGHT [OBJ] LP_647-13 [RA] 01 09 51.2023 [Dec] -03 43 26.3911 [FIL] GG495 [EXPTIME] 60.0 [Date] 2020-10-26T16:33:06 [Time] 16:33:06
172/282 LP_647-13-20201026@163421-Eden.fts [TYPE] LIGHT [OBJ] LP_647-13 [RA] 01 09 51.2023 [Dec] -03 43 26.3911 [FIL] GG495 [EXPTIME] 60.0 [Date] 2020-10-26T16:34:21 [Time] 16:34:21
173/282 LP_647-13-20201026@163536-Eden.fts [TYPE] LIGHT [OBJ] LP_647-13 [RA] 01 09 51.2023 [Dec] -03 43 26.3911 [FIL] GG495 [EXPTIME] 60.0 [Date] 2020-10-26T16:35:36 [Time] 16:35:36
174/282 LP_647-13-20201026@163650-Eden.fts [TYPE] LIGHT [OBJ] LP_647-13 [RA] 01 09 51.2023 [Dec] -03 43 26.3911 [FIL] GG495 [EXPTIME] 60.0 [Date] 2020-10-26T16:36:50 [Time] 16:36:50
175/282 LP_647-13-20201026@163804-Eden.fts [TYPE] LIGHT [OBJ] LP_647-13 [RA] 01 09 51.2023 [Dec] -03 43 26.3911 [FIL] GG495 [EXPTIME] 60.0 [Date] 2020-10-26T16:38:04 [Time] 16:38:04
176/282 LP_647-13-20201026@163918-Eden.fts [TYPE] LIGHT [OBJ] LP_647-13 [RA] 01 09 51.2023 [Dec] -03 43 26.3911 [FIL] GG495 [EXPTIME] 60.0 [Date] 2020-10-26T16:39:18 [Time] 16:39:18
177/282 LP_647-13-20201026@164032-Eden.fts [TYPE] LIGHT [OBJ] LP_647-13 [RA] 01 09 51.2023 [Dec] -03 43 26.3911 [FIL] GG495 [EXPTIME] 60.0 [Date] 2020-10-26T16:40:32 [Time] 16:40:32
178/282 LP_647-13-20201026@164147-Eden.fts [TYPE] LIGHT [OBJ] LP_647-13 [RA] 01 09 51.2023 [Dec] -03 43 26.3911 [FIL] GG495 [EXPTIME] 60.0 [Date] 2020-10-26T16:41:47 [Time] 16:41:47
179/282 LP_647-13-20201026@164301-Eden.fts [TYPE] LIGHT [OBJ] LP_647-13 [RA] 01 09 51.2023 [Dec] -03 43 26.3911 [FIL] GG495 [EXPTIME] 60.0 [Date] 2020-10-26T16:43:01 [Time] 16:43:01
180/282 LP_647-13-20201026@164415-Eden.fts [TYPE] LIGHT [OBJ] LP_647-13 [RA] 01 09 51.2023 [Dec] -03 43 26.3911 [FIL] GG495 [EXPTIME] 60.0 [Date] 2020-10-26T16:44:15 [Time] 16:44:15
181/282 LP_647-13-20201026@164530-Eden.fts [TYPE] LIGHT [OBJ] LP_647-13 [RA] 01 09 51.2023 [Dec] -03 43 26.3911 [FIL] GG495 [EXPTIME] 60.0 [Date] 2020-10-26T16:45:30 [Time] 16:45:30
182/282 LP_647-13-20201026@164644-Eden.fts [TYPE] LIGHT [OBJ] LP_647-13 [RA] 01 09 51.2023 [Dec] -03 43 26.3911 [FIL] GG495 [EXPTIME] 60.0 [Date] 2020-10-26T16:46:44 [Time] 16:46:44
183/282 LP_647-13-20201026@164759-Eden.fts [TYPE] LIGHT [OBJ] LP_647-13 [RA] 01 09 51.2023 [Dec] -03 43 26.3911 [FIL] GG495 [EXPTIME] 60.0 [Date] 2020-10-26T16:47:59 [Time] 16:47:59
184/282 LP_647-13-20201026@164913-Eden.fts [TYPE] LIGHT [OBJ] LP_647-13 [RA] 01 09 51.2023 [Dec] -03 43 26.3911 [FIL] GG495 [EXPTIME] 60.0 [Date] 2020-10-26T16:49:13 [Time] 16:49:13
185/282 LP_647-13-20201026@165028-Eden.fts [TYPE] LIGHT [OBJ] LP_647-13 [RA] 01 09 51.2023 [Dec] -03 43 26.3911 [FIL] GG495 [EXPTIME] 60.0 [Date] 2020-10-26T16:50:28 [Time] 16:50:28
186/282 LP_647-13-20201026@165143-Eden.fts [TYPE] LIGHT [OBJ] LP_647-13 [RA] 01 09 51.2023 [Dec] -03 43 26.3911 [FIL] GG495 [EXPTIME] 60.0 [Date] 2020-10-26T16:51:43 [Time] 16:51:43
187/282 LP_647-13-20201026@165259-Eden.fts [TYPE] LIGHT [OBJ] LP_647-13 [RA] 01 09 51.2023 [Dec] -03 43 26.3911 [FIL] GG495 [EXPTIME] 60.0 [Date] 2020-10-26T16:52:59 [Time] 16:52:59
188/282 LP_647-13-20201026@165414-Eden.fts [TYPE] LIGHT [OBJ] LP_647-13 [RA] 01 09 51.2023 [Dec] -03 43 26.3911 [FIL] GG495 [EXPTIME] 60.0 [Date] 2020-10-26T16:54:14 [Time] 16:54:14
189/282 LP_647-13-20201026@165528-Eden.fts [TYPE] LIGHT [OBJ] LP_647-13 [RA] 01 09 51.2023 [Dec] -03 43 26.3911 [FIL] GG495 [EXPTIME] 60.0 [Date] 2020-10-26T16:55:28 [Time] 16:55:28
190/282 LP_647-13-20201026@165644-Eden.fts [TYPE] LIGHT [OBJ] LP_647-13 [RA] 01 09 51.2023 [Dec] -03 43 26.3911 [FIL] GG495 [EXPTIME] 60.0 [Date] 2020-10-26T16:56:44 [Time] 16:56:44
191/282 LP_647-13-20201026@165758-Eden.fts [TYPE] LIGHT [OBJ] LP_647-13 [RA] 01 09 51.2023 [Dec] -03 43 26.3911 [FIL] GG495 [EXPTIME] 60.0 [Date] 2020-10-26T16:57:58 [Time] 16:57:58
192/282 LP_647-13-20201026@165912-Eden.fts [TYPE] LIGHT [OBJ] LP_647-13 [RA] 01 09 51.2023 [Dec] -03 43 26.3911 [FIL] GG495 [EXPTIME] 60.0 [Date] 2020-10-26T16:59:12 [Time] 16:59:12
193/282 LP_647-13-20201026@170028-Eden.fts [TYPE] LIGHT [OBJ] LP_647-13 [RA] 01 09 51.2023 [Dec] -03 43 26.3911 [FIL] GG495 [EXPTIME] 60.0 [Date] 2020-10-26T17:00:28 [Time] 17:00:28
194/282 LP_647-13-20201026@170142-Eden.fts [TYPE] LIGHT [OBJ] LP_647-13 [RA] 01 09 51.2023 [Dec] -03 43 26.3911 [FIL] GG495 [EXPTIME] 60.0 [Date] 2020-10-26T17:01:42 [Time] 17:01:42
195/282 LP_647-13-20201026@170257-Eden.fts [TYPE] LIGHT [OBJ] LP_647-13 [RA] 01 09 51.2023 [Dec] -03 43 26.3911 [FIL] GG495 [EXPTIME] 60.0 [Date] 2020-10-26T17:02:57 [Time] 17:02:57
196/282 LP_647-13-20201026@170411-Eden.fts [TYPE] LIGHT [OBJ] LP_647-13 [RA] 01 09 51.2023 [Dec] -03 43 26.3911 [FIL] GG495 [EXPTIME] 60.0 [Date] 2020-10-26T17:04:11 [Time] 17:04:11
197/282 LP_647-13-20201026@170526-Eden.fts [TYPE] LIGHT [OBJ] LP_647-13 [RA] 01 09 51.2023 [Dec] -03 43 26.3911 [FIL] GG495 [EXPTIME] 60.0 [Date] 2020-10-26T17:05:26 [Time] 17:05:26
198/282 LP_647-13-20201026@170640-Eden.fts [TYPE] LIGHT [OBJ] LP_647-13 [RA] 01 09 51.2023 [Dec] -03 43 26.3911 [FIL] GG495 [EXPTIME] 60.0 [Date] 2020-10-26T17:06:40 [Time] 17:06:40
199/282 LP_647-13-20201026@170755-Eden.fts [TYPE] LIGHT [OBJ] LP_647-13 [RA] 01 09 51.2023 [Dec] -03 43 26.3911 [FIL] GG495 [EXPTIME] 60.0 [Date] 2020-10-26T17:07:55 [Time] 17:07:55
200/282 LP_647-13-20201026@170910-Eden.fts [TYPE] LIGHT [OBJ] LP_647-13 [RA] 01 09 51.2023 [Dec] -03 43 26.3911 [FIL] GG495 [EXPTIME] 60.0 [Date] 2020-10-26T17:09:10 [Time] 17:09:10
201/282 LP_647-13-20201026@171024-Eden.fts [TYPE] LIGHT [OBJ] LP_647-13 [RA] 01 09 51.2023 [Dec] -03 43 26.3911 [FIL] GG495 [EXPTIME] 60.0 [Date] 2020-10-26T17:10:24 [Time] 17:10:24
202/282 LP_647-13-20201026@171138-Eden.fts [TYPE] LIGHT [OBJ] LP_647-13 [RA] 01 09 51.2023 [Dec] -03 43 26.3911 [FIL] GG495 [EXPTIME] 60.0 [Date] 2020-10-26T17:11:38 [Time] 17:11:38
203/282 LP_647-13-20201026@171252-Eden.fts [TYPE] LIGHT [OBJ] LP_647-13 [RA] 01 09 51.2023 [Dec] -03 43 26.3911 [FIL] GG495 [EXPTIME] 60.0 [Date] 2020-10-26T17:12:52 [Time] 17:12:52
204/282 LP_647-13-20201026@171407-Eden.fts [TYPE] LIGHT [OBJ] LP_647-13 [RA] 01 09 51.2023 [Dec] -03 43 26.3911 [FIL] GG495 [EXPTIME] 60.0 [Date] 2020-10-26T17:14:07 [Time] 17:14:07
205/282 LP_647-13-20201026@171521-Eden.fts [TYPE] LIGHT [OBJ] LP_647-13 [RA] 01 09 51.2023 [Dec] -03 43 26.3911 [FIL] GG495 [EXPTIME] 60.0 [Date] 2020-10-26T17:15:21 [Time] 17:15:21
206/282 LP_647-13-20201026@171635-Eden.fts [TYPE] LIGHT [OBJ] LP_647-13 [RA] 01 09 51.2023 [Dec] -03 43 26.3911 [FIL] GG495 [EXPTIME] 60.0 [Date] 2020-10-26T17:16:35 [Time] 17:16:35
207/282 LP_647-13-20201026@171750-Eden.fts [TYPE] LIGHT [OBJ] LP_647-13 [RA] 01 09 51.2023 [Dec] -03 43 26.3911 [FIL] GG495 [EXPTIME] 60.0 [Date] 2020-10-26T17:17:50 [Time] 17:17:50
208/282 LP_647-13-20201026@171905-Eden.fts [TYPE] LIGHT [OBJ] LP_647-13 [RA] 01 09 51.2023 [Dec] -03 43 26.3911 [FIL] GG495 [EXPTIME] 60.0 [Date] 2020-10-26T17:19:05 [Time] 17:19:05
209/282 LP_647-13-20201026@172019-Eden.fts [TYPE] LIGHT [OBJ] LP_647-13 [RA] 01 09 51.2023 [Dec] -03 43 26.3911 [FIL] GG495 [EXPTIME] 60.0 [Date] 2020-10-26T17:20:19 [Time] 17:20:19
210/282 LP_647-13-20201026@172134-Eden.fts [TYPE] LIGHT [OBJ] LP_647-13 [RA] 01 09 51.2023 [Dec] -03 43 26.3911 [FIL] GG495 [EXPTIME] 60.0 [Date] 2020-10-26T17:21:34 [Time] 17:21:34
211/282 LP_647-13-20201026@172248-Eden.fts [TYPE] LIGHT [OBJ] LP_647-13 [RA] 01 09 51.2023 [Dec] -03 43 26.3911 [FIL] GG495 [EXPTIME] 60.0 [Date] 2020-10-26T17:22:48 [Time] 17:22:48
212/282 LP_647-13-20201026@172402-Eden.fts [TYPE] LIGHT [OBJ] LP_647-13 [RA] 01 09 51.2023 [Dec] -03 43 26.3911 [FIL] GG495 [EXPTIME] 60.0 [Date] 2020-10-26T17:24:02 [Time] 17:24:02
213/282 LP_647-13-20201026@172516-Eden.fts [TYPE] LIGHT [OBJ] LP_647-13 [RA] 01 09 51.2023 [Dec] -03 43 26.3911 [FIL] GG495 [EXPTIME] 60.0 [Date] 2020-10-26T17:25:16 [Time] 17:25:16
214/282 LP_647-13-20201026@172630-Eden.fts [TYPE] LIGHT [OBJ] LP_647-13 [RA] 01 09 51.2023 [Dec] -03 43 26.3911 [FIL] GG495 [EXPTIME] 60.0 [Date] 2020-10-26T17:26:30 [Time] 17:26:30
215/282 LP_647-13-20201026@172744-Eden.fts [TYPE] LIGHT [OBJ] LP_647-13 [RA] 01 09 51.2023 [Dec] -03 43 26.3911 [FIL] GG495 [EXPTIME] 60.0 [Date] 2020-10-26T17:27:44 [Time] 17:27:44
216/282 LP_647-13-20201026@172859-Eden.fts [TYPE] LIGHT [OBJ] LP_647-13 [RA] 01 09 51.2023 [Dec] -03 43 26.3911 [FIL] GG495 [EXPTIME] 60.0 [Date] 2020-10-26T17:28:59 [Time] 17:28:59
217/282 LP_647-13-20201026@173014-Eden.fts [TYPE] LIGHT [OBJ] LP_647-13 [RA] 01 09 51.2023 [Dec] -03 43 26.3911 [FIL] GG495 [EXPTIME] 60.0 [Date] 2020-10-26T17:30:14 [Time] 17:30:14
218/282 LP_647-13-20201026@173128-Eden.fts [TYPE] LIGHT [OBJ] LP_647-13 [RA] 01 09 51.2023 [Dec] -03 43 26.3911 [FIL] GG495 [EXPTIME] 60.0 [Date] 2020-10-26T17:31:28 [Time] 17:31:28
219/282 LP_647-13-20201026@173245-Eden.fts [TYPE] LIGHT [OBJ] LP_647-13 [RA] 01 09 51.2023 [Dec] -03 43 26.3911 [FIL] GG495 [EXPTIME] 60.0 [Date] 2020-10-26T17:32:45 [Time] 17:32:45
220/282 LP_647-13-20201026@173400-Eden.fts [TYPE] LIGHT [OBJ] LP_647-13 [RA] 01 09 51.2023 [Dec] -03 43 26.3911 [FIL] GG495 [EXPTIME] 60.0 [Date] 2020-10-26T17:34:00 [Time] 17:34:00
221/282 LP_647-13-20201026@173515-Eden.fts [TYPE] LIGHT [OBJ] LP_647-13 [RA] 01 09 51.2023 [Dec] -03 43 26.3911 [FIL] GG495 [EXPTIME] 60.0 [Date] 2020-10-26T17:35:15 [Time] 17:35:15
222/282 LP_647-13-20201026@173629-Eden.fts [TYPE] LIGHT [OBJ] LP_647-13 [RA] 01 09 51.2023 [Dec] -03 43 26.3911 [FIL] GG495 [EXPTIME] 60.0 [Date] 2020-10-26T17:36:29 [Time] 17:36:29
223/282 LP_647-13-20201026@173743-Eden.fts [TYPE] LIGHT [OBJ] LP_647-13 [RA] 01 09 51.2023 [Dec] -03 43 26.3911 [FIL] GG495 [EXPTIME] 60.0 [Date] 2020-10-26T17:37:43 [Time] 17:37:43
224/282 LP_647-13-20201026@173858-Eden.fts [TYPE] LIGHT [OBJ] LP_647-13 [RA] 01 09 51.2023 [Dec] -03 43 26.3911 [FIL] GG495 [EXPTIME] 60.0 [Date] 2020-10-26T17:38:58 [Time] 17:38:58
225/282 LP_647-13-20201026@174012-Eden.fts [TYPE] LIGHT [OBJ] LP_647-13 [RA] 01 09 51.2023 [Dec] -03 43 26.3911 [FIL] GG495 [EXPTIME] 60.0 [Date] 2020-10-26T17:40:12 [Time] 17:40:12
226/282 LP_647-13-20201026@174127-Eden.fts [TYPE] LIGHT [OBJ] LP_647-13 [RA] 01 09 51.2023 [Dec] -03 43 26.3911 [FIL] GG495 [EXPTIME] 60.0 [Date] 2020-10-26T17:41:27 [Time] 17:41:27
227/282 LP_647-13-20201026@174240-Eden.fts [TYPE] LIGHT [OBJ] LP_647-13 [RA] 01 09 51.2023 [Dec] -03 43 26.3911 [FIL] GG495 [EXPTIME] 60.0 [Date] 2020-10-26T17:42:40 [Time] 17:42:40
228/282 LP_647-13-20201026@174354-Eden.fts [TYPE] LIGHT [OBJ] LP_647-13 [RA] 01 09 51.2023 [Dec] -03 43 26.3911 [FIL] GG495 [EXPTIME] 60.0 [Date] 2020-10-26T17:43:54 [Time] 17:43:54
229/282 LP_647-13-20201026@174508-Eden.fts [TYPE] LIGHT [OBJ] LP_647-13 [RA] 01 09 51.2023 [Dec] -03 43 26.3911 [FIL] GG495 [EXPTIME] 60.0 [Date] 2020-10-26T17:45:08 [Time] 17:45:08
230/282 LP_647-13-20201026@174622-Eden.fts [TYPE] LIGHT [OBJ] LP_647-13 [RA] 01 09 51.2023 [Dec] -03 43 26.3911 [FIL] GG495 [EXPTIME] 60.0 [Date] 2020-10-26T17:46:22 [Time] 17:46:22
231/282 LP_647-13-20201026@174736-Eden.fts [TYPE] LIGHT [OBJ] LP_647-13 [RA] 01 09 51.2023 [Dec] -03 43 26.3911 [FIL] GG495 [EXPTIME] 60.0 [Date] 2020-10-26T17:47:36 [Time] 17:47:36
232/282 LP_647-13-20201026@174850-Eden.fts [TYPE] LIGHT [OBJ] LP_647-13 [RA] 01 09 51.2023 [Dec] -03 43 26.3911 [FIL] GG495 [EXPTIME] 60.0 [Date] 2020-10-26T17:48:50 [Time] 17:48:50
233/282 LP_647-13-20201026@175006-Eden.fts [TYPE] LIGHT [OBJ] LP_647-13 [RA] 01 09 51.2023 [Dec] -03 43 26.3911 [FIL] GG495 [EXPTIME] 60.0 [Date] 2020-10-26T17:50:06 [Time] 17:50:06
234/282 LP_647-13-20201026@175121-Eden.fts [TYPE] LIGHT [OBJ] LP_647-13 [RA] 01 09 51.2023 [Dec] -03 43 26.3911 [FIL] GG495 [EXPTIME] 60.0 [Date] 2020-10-26T17:51:21 [Time] 17:51:21
235/282 LP_647-13-20201026@175236-Eden.fts [TYPE] LIGHT [OBJ] LP_647-13 [RA] 01 09 51.2023 [Dec] -03 43 26.3911 [FIL] GG495 [EXPTIME] 60.0 [Date] 2020-10-26T17:52:36 [Time] 17:52:36
236/282 LP_647-13-20201026@175351-Eden.fts [TYPE] LIGHT [OBJ] LP_647-13 [RA] 01 09 51.2023 [Dec] -03 43 26.3911 [FIL] GG495 [EXPTIME] 60.0 [Date] 2020-10-26T17:53:51 [Time] 17:53:51
237/282 LP_647-13-20201026@175506-Eden.fts [TYPE] LIGHT [OBJ] LP_647-13 [RA] 01 09 51.2023 [Dec] -03 43 26.3911 [FIL] GG495 [EXPTIME] 60.0 [Date] 2020-10-26T17:55:06 [Time] 17:55:06
238/282 LP_647-13-20201026@175621-Eden.fts [TYPE] LIGHT [OBJ] LP_647-13 [RA] 01 09 51.2023 [Dec] -03 43 26.3911 [FIL] GG495 [EXPTIME] 60.0 [Date] 2020-10-26T17:56:21 [Time] 17:56:21
239/282 LP_647-13-20201026@175735-Eden.fts [TYPE] LIGHT [OBJ] LP_647-13 [RA] 01 09 51.2023 [Dec] -03 43 26.3911 [FIL] GG495 [EXPTIME] 60.0 [Date] 2020-10-26T17:57:35 [Time] 17:57:35
240/282 LP_647-13-20201026@175849-Eden.fts [TYPE] LIGHT [OBJ] LP_647-13 [RA] 01 09 51.2023 [Dec] -03 43 26.3911 [FIL] GG495 [EXPTIME] 60.0 [Date] 2020-10-26T17:58:49 [Time] 17:58:49
241/282 LP_647-13-20201026@180004-Eden.fts [TYPE] LIGHT [OBJ] LP_647-13 [RA] 01 09 51.2023 [Dec] -03 43 26.3911 [FIL] GG495 [EXPTIME] 60.0 [Date] 2020-10-26T18:00:04 [Time] 18:00:04
242/282 LP_647-13-20201026@180119-Eden.fts [TYPE] LIGHT [OBJ] LP_647-13 [RA] 01 09 51.2023 [Dec] -03 43 26.3911 [FIL] GG495 [EXPTIME] 60.0 [Date] 2020-10-26T18:01:19 [Time] 18:01:19
243/282 LP_647-13-20201026@180233-Eden.fts [TYPE] LIGHT [OBJ] LP_647-13 [RA] 01 09 51.2023 [Dec] -03 43 26.3911 [FIL] GG495 [EXPTIME] 60.0 [Date] 2020-10-26T18:02:33 [Time] 18:02:33
244/282 LP_647-13-20201026@180347-Eden.fts [TYPE] LIGHT [OBJ] LP_647-13 [RA] 01 09 51.2023 [Dec] -03 43 26.3911 [FIL] GG495 [EXPTIME] 60.0 [Date] 2020-10-26T18:03:47 [Time] 18:03:47
245/282 LP_647-13-20201026@180502-Eden.fts [TYPE] LIGHT [OBJ] LP_647-13 [RA] 01 09 51.2023 [Dec] -03 43 26.3911 [FIL] GG495 [EXPTIME] 60.0 [Date] 2020-10-26T18:05:02 [Time] 18:05:02
246/282 LP_647-13-20201026@180617-Eden.fts [TYPE] LIGHT [OBJ] LP_647-13 [RA] 01 09 51.2023 [Dec] -03 43 26.3911 [FIL] GG495 [EXPTIME] 60.0 [Date] 2020-10-26T18:06:17 [Time] 18:06:17
247/282 LP_647-13-20201026@180731-Eden.fts [TYPE] LIGHT [OBJ] LP_647-13 [RA] 01 09 51.2023 [Dec] -03 43 26.3911 [FIL] GG495 [EXPTIME] 60.0 [Date] 2020-10-26T18:07:31 [Time] 18:07:31
248/282 LP_647-13-20201026@180845-Eden.fts [TYPE] LIGHT [OBJ] LP_647-13 [RA] 01 09 51.2023 [Dec] -03 43 26.3911 [FIL] GG495 [EXPTIME] 60.0 [Date] 2020-10-26T18:08:45 [Time] 18:08:45
249/282 LP_647-13-20201026@181000-Eden.fts [TYPE] LIGHT [OBJ] LP_647-13 [RA] 01 09 51.2023 [Dec] -03 43 26.3911 [FIL] GG495 [EXPTIME] 60.0 [Date] 2020-10-26T18:10:00 [Time] 18:10:00
250/282 LP_647-13-20201026@181113-Eden.fts [TYPE] LIGHT [OBJ] LP_647-13 [RA] 01 09 51.2023 [Dec] -03 43 26.3911 [FIL] GG495 [EXPTIME] 60.0 [Date] 2020-10-26T18:11:13 [Time] 18:11:13
251/282 LP_647-13-20201026@181229-Eden.fts [TYPE] LIGHT [OBJ] LP_647-13 [RA] 01 09 51.2023 [Dec] -03 43 26.3911 [FIL] GG495 [EXPTIME] 60.0 [Date] 2020-10-26T18:12:29 [Time] 18:12:29
252/282 LP_647-13-20201026@181343-Eden.fts [TYPE] LIGHT [OBJ] LP_647-13 [RA] 01 09 51.2023 [Dec] -03 43 26.3911 [FIL] GG495 [EXPTIME] 60.0 [Date] 2020-10-26T18:13:43 [Time] 18:13:43
253/282 LP_647-13-20201026@181459-Eden.fts [TYPE] LIGHT [OBJ] LP_647-13 [RA] 01 09 51.2023 [Dec] -03 43 26.3911 [FIL] GG495 [EXPTIME] 60.0 [Date] 2020-10-26T18:14:59 [Time] 18:14:59
254/282 LP_647-13-20201026@181614-Eden.fts [TYPE] LIGHT [OBJ] LP_647-13 [RA] 01 09 51.2023 [Dec] -03 43 26.3911 [FIL] GG495 [EXPTIME] 60.0 [Date] 2020-10-26T18:16:14 [Time] 18:16:14
255/282 LP_647-13-20201026@181729-Eden.fts [TYPE] LIGHT [OBJ] LP_647-13 [RA] 01 09 51.2023 [Dec] -03 43 26.3911 [FIL] GG495 [EXPTIME] 60.0 [Date] 2020-10-26T18:17:29 [Time] 18:17:29
256/282 LP_647-13-20201026@181844-Eden.fts [TYPE] LIGHT [OBJ] LP_647-13 [RA] 01 09 51.2023 [Dec] -03 43 26.3911 [FIL] GG495 [EXPTIME] 60.0 [Date] 2020-10-26T18:18:44 [Time] 18:18:44
257/282 LP_647-13-20201026@181959-Eden.fts [TYPE] LIGHT [OBJ] LP_647-13 [RA] 01 09 51.2023 [Dec] -03 43 26.3911 [FIL] GG495 [EXPTIME] 60.0 [Date] 2020-10-26T18:19:59 [Time] 18:19:59
258/282 LP_647-13-20201026@182113-Eden.fts [TYPE] LIGHT [OBJ] LP_647-13 [RA] 01 09 51.2023 [Dec] -03 43 26.3911 [FIL] GG495 [EXPTIME] 60.0 [Date] 2020-10-26T18:21:13 [Time] 18:21:13
259/282 LP_647-13-20201026@182228-Eden.fts [TYPE] LIGHT [OBJ] LP_647-13 [RA] 01 09 51.2023 [Dec] -03 43 26.3911 [FIL] GG495 [EXPTIME] 60.0 [Date] 2020-10-26T18:22:28 [Time] 18:22:28
260/282 LP_647-13-20201026@182342-Eden.fts [TYPE] LIGHT [OBJ] LP_647-13 [RA] 01 09 51.2023 [Dec] -03 43 26.3911 [FIL] GG495 [EXPTIME] 60.0 [Date] 2020-10-26T18:23:42 [Time] 18:23:42
261/282 LP_647-13-20201026@182458-Eden.fts [TYPE] LIGHT [OBJ] LP_647-13 [RA] 01 09 51.2023 [Dec] -03 43 26.3911 [FIL] GG495 [EXPTIME] 60.0 [Date] 2020-10-26T18:24:58 [Time] 18:24:58
262/282 LP_647-13-20201026@182613-Eden.fts [TYPE] LIGHT [OBJ] LP_647-13 [RA] 01 09 51.2023 [Dec] -03 43 26.3911 [FIL] GG495 [EXPTIME] 60.0 [Date] 2020-10-26T18:26:13 [Time] 18:26:13
263/282 LP_647-13-20201026@182728-Eden.fts [TYPE] LIGHT [OBJ] LP_647-13 [RA] 01 09 51.2023 [Dec] -03 43 26.3911 [FIL] GG495 [EXPTIME] 60.0 [Date] 2020-10-26T18:27:28 [Time] 18:27:28
264/282 LP_647-13-20201026@182842-Eden.fts [TYPE] LIGHT [OBJ] LP_647-13 [RA] 01 09 51.2023 [Dec] -03 43 26.3911 [FIL] GG495 [EXPTIME] 60.0 [Date] 2020-10-26T18:28:42 [Time] 18:28:42
265/282 LP_647-13-20201026@182956-Eden.fts [TYPE] LIGHT [OBJ] LP_647-13 [RA] 01 09 51.2023 [Dec] -03 43 26.3911 [FIL] GG495 [EXPTIME] 60.0 [Date] 2020-10-26T18:29:56 [Time] 18:29:56
266/282 LP_647-13-20201026@183110-Eden.fts [TYPE] LIGHT [OBJ] LP_647-13 [RA] 01 09 51.2023 [Dec] -03 43 26.3911 [FIL] GG495 [EXPTIME] 60.0 [Date] 2020-10-26T18:31:10 [Time] 18:31:10
267/282 LP_647-13-20201026@183223-Eden.fts [TYPE] LIGHT [OBJ] LP_647-13 [RA] 01 09 51.2023 [Dec] -03 43 26.3911 [FIL] GG495 [EXPTIME] 60.0 [Date] 2020-10-26T18:32:23 [Time] 18:32:23
268/282 LP_647-13-20201026@183337-Eden.fts [TYPE] LIGHT [OBJ] LP_647-13 [RA] 01 09 51.2023 [Dec] -03 43 26.3911 [FIL] GG495 [EXPTIME] 60.0 [Date] 2020-10-26T18:33:37 [Time] 18:33:37
269/282 LP_647-13-20201026@183451-Eden.fts [TYPE] LIGHT [OBJ] LP_647-13 [RA] 01 09 51.2023 [Dec] -03 43 26.3911 [FIL] GG495 [EXPTIME] 60.0 [Date] 2020-10-26T18:34:51 [Time] 18:34:51
270/282 LP_647-13-20201026@183607-Eden.fts [TYPE] LIGHT [OBJ] LP_647-13 [RA] 01 09 51.2023 [Dec] -03 43 26.3911 [FIL] GG495 [EXPTIME] 60.0 [Date] 2020-10-26T18:36:07 [Time] 18:36:07
271/282 LP_647-13-20201026@183722-Eden.fts [TYPE] LIGHT [OBJ] LP_647-13 [RA] 01 09 51.2023 [Dec] -03 43 26.3911 [FIL] GG495 [EXPTIME] 60.0 [Date] 2020-10-26T18:37:22 [Time] 18:37:22
272/282 LP_647-13-20201026@183837-Eden.fts [TYPE] LIGHT [OBJ] LP_647-13 [RA] 01 09 51.2023 [Dec] -03 43 26.3911 [FIL] GG495 [EXPTIME] 60.0 [Date] 2020-10-26T18:38:37 [Time] 18:38:37
273/282 LP_647-13-20201026@183952-Eden.fts [TYPE] LIGHT [OBJ] LP_647-13 [RA] 01 09 51.2023 [Dec] -03 43 26.3911 [FIL] GG495 [EXPTIME] 60.0 [Date] 2020-10-26T18:39:52 [Time] 18:39:52
274/282 LP_647-13-20201026@184107-Eden.fts [TYPE] LIGHT [OBJ] LP_647-13 [RA] 01 09 51.2023 [Dec] -03 43 26.3911 [FIL] GG495 [EXPTIME] 60.0 [Date] 2020-10-26T18:41:07 [Time] 18:41:07
275/282 LP_647-13-20201026@184221-Eden.fts [TYPE] LIGHT [OBJ] LP_647-13 [RA] 01 09 51.2023 [Dec] -03 43 26.3911 [FIL] GG495 [EXPTIME] 60.0 [Date] 2020-10-26T18:42:21 [Time] 18:42:21
276/282 LP_647-13-20201026@184336-Eden.fts [TYPE] LIGHT [OBJ] LP_647-13 [RA] 01 09 51.2023 [Dec] -03 43 26.3911 [FIL] GG495 [EXPTIME] 60.0 [Date] 2020-10-26T18:43:36 [Time] 18:43:36
277/282 LP_647-13-20201026@184450-Eden.fts [TYPE] LIGHT [OBJ] LP_647-13 [RA] 01 09 51.2023 [Dec] -03 43 26.3911 [FIL] GG495 [EXPTIME] 60.0 [Date] 2020-10-26T18:44:50 [Time] 18:44:50
278/282 LP_647-13-20201026@184605-Eden.fts [TYPE] LIGHT [OBJ] LP_647-13 [RA] 01 09 51.2023 [Dec] -03 43 26.3911 [FIL] GG495 [EXPTIME] 60.0 [Date] 2020-10-26T18:46:05 [Time] 18:46:05
279/282 LP_647-13-20201026@184721-Eden.fts [TYPE] LIGHT [OBJ] LP_647-13 [RA] 01 09 51.2023 [Dec] -03 43 26.3911 [FIL] GG495 [EXPTIME] 60.0 [Date] 2020-10-26T18:47:21 [Time] 18:47:21
280/282 LP_647-13-20201026@184836-Eden.fts [TYPE] LIGHT [OBJ] LP_647-13 [RA] 01 09 51.2023 [Dec] -03 43 26.3911 [FIL] GG495 [EXPTIME] 60.0 [Date] 2020-10-26T18:48:36 [Time] 18:48:36
281/282 LP_647-13-20201026@184951-Eden.fts [TYPE] LIGHT [OBJ] LP_647-13 [RA] 01 09 51.2023 [Dec] -03 43 26.3911 [FIL] GG495 [EXPTIME] 60.0 [Date] 2020-10-26T18:49:51 [Time] 18:49:51
282/282 LP_647-13-20201026@185106-Eden.fts [TYPE] LIGHT [OBJ] LP_647-13 [RA] 01 09 51.2023 [Dec] -03 43 26.3911 [FIL] GG495 [EXPTIME] 60.0 [Date] 2020-10-26T18:51:06 [Time] 18:51:06
... write log file to LOT20201026_LP_647_13_mod.log ...
... finish ...
