Bucket successfully loaded! eden-data
303 files found
Storing data to the S3 archive!
Doing a dry run - uploads will not be committed.
Verbose output enabled.
Storing LOT20200503-2MUCD11188_mod/20200503_flat-001eden.fits -> s3://eden-data/Calibrations/LOT/FLAT/2020-05-03/20200503_flat-001eden.fits (1/303) (dry run)
Storing LOT20200503-2MUCD11188_mod/20200503_flat-002eden.fits -> s3://eden-data/Calibrations/LOT/FLAT/2020-05-03/20200503_flat-002eden.fits (2/303) (dry run)
Storing LOT20200503-2MUCD11188_mod/20200503_flat-003eden.fits -> s3://eden-data/Calibrations/LOT/FLAT/2020-05-03/20200503_flat-003eden.fits (3/303) (dry run)
Storing LOT20200503-2MUCD11188_mod/20200503_flat-004eden.fits -> s3://eden-data/Calibrations/LOT/FLAT/2020-05-03/20200503_flat-004eden.fits (4/303) (dry run)
Storing LOT20200503-2MUCD11188_mod/20200503_flat-005eden.fits -> s3://eden-data/Calibrations/LOT/FLAT/2020-05-03/20200503_flat-005eden.fits (5/303) (dry run)
Storing LOT20200503-2MUCD11188_mod/2MUCD11188-20200503@122120-Eden.fts -> s3://eden-data/RAW/LOT/2MUCD11188/2020-05-03/2MUCD11188-20200503@122120-Eden.fits (6/303) (dry run)
Storing LOT20200503-2MUCD11188_mod/2MUCD11188-20200503@122247-Eden.fts -> s3://eden-data/RAW/LOT/2MUCD11188/2020-05-03/2MUCD11188-20200503@122247-Eden.fits (7/303) (dry run)
Storing LOT20200503-2MUCD11188_mod/2MUCD11188-20200503@122402-Eden.fts -> s3://eden-data/RAW/LOT/2MUCD11188/2020-05-03/2MUCD11188-20200503@122402-Eden.fits (8/303) (dry run)
Storing LOT20200503-2MUCD11188_mod/2MUCD11188-20200503@122516-Eden.fts -> s3://eden-data/RAW/LOT/2MUCD11188/2020-05-03/2MUCD11188-20200503@122516-Eden.fits (9/303) (dry run)
Storing LOT20200503-2MUCD11188_mod/2MUCD11188-20200503@122632-Eden.fts -> s3://eden-data/RAW/LOT/2MUCD11188/2020-05-03/2MUCD11188-20200503@122632-Eden.fits (10/303) (dry run)
Storing LOT20200503-2MUCD11188_mod/2MUCD11188-20200503@122747-Eden.fts -> s3://eden-data/RAW/LOT/2MUCD11188/2020-05-03/2MUCD11188-20200503@122747-Eden.fits (11/303) (dry run)
Storing LOT20200503-2MUCD11188_mod/2MUCD11188-20200503@122902-Eden.fts -> s3://eden-data/RAW/LOT/2MUCD11188/2020-05-03/2MUCD11188-20200503@122902-Eden.fits (12/303) (dry run)
Storing LOT20200503-2MUCD11188_mod/2MUCD11188-20200503@123018-Eden.fts -> s3://eden-data/RAW/LOT/2MUCD11188/2020-05-03/2MUCD11188-20200503@123018-Eden.fits (13/303) (dry run)
Storing LOT20200503-2MUCD11188_mod/2MUCD11188-20200503@123134-Eden.fts -> s3://eden-data/RAW/LOT/2MUCD11188/2020-05-03/2MUCD11188-20200503@123134-Eden.fits (14/303) (dry run)
Storing LOT20200503-2MUCD11188_mod/2MUCD11188-20200503@123248-Eden.fts -> s3://eden-data/RAW/LOT/2MUCD11188/2020-05-03/2MUCD11188-20200503@123248-Eden.fits (15/303) (dry run)
Storing LOT20200503-2MUCD11188_mod/2MUCD11188-20200503@123403-Eden.fts -> s3://eden-data/RAW/LOT/2MUCD11188/2020-05-03/2MUCD11188-20200503@123403-Eden.fits (16/303) (dry run)
Storing LOT20200503-2MUCD11188_mod/2MUCD11188-20200503@123517-Eden.fts -> s3://eden-data/RAW/LOT/2MUCD11188/2020-05-03/2MUCD11188-20200503@123517-Eden.fits (17/303) (dry run)
Storing LOT20200503-2MUCD11188_mod/2MUCD11188-20200503@123633-Eden.fts -> s3://eden-data/RAW/LOT/2MUCD11188/2020-05-03/2MUCD11188-20200503@123633-Eden.fits (18/303) (dry run)
Storing LOT20200503-2MUCD11188_mod/2MUCD11188-20200503@123747-Eden.fts -> s3://eden-data/RAW/LOT/2MUCD11188/2020-05-03/2MUCD11188-20200503@123747-Eden.fits (19/303) (dry run)
Storing LOT20200503-2MUCD11188_mod/2MUCD11188-20200503@123901-Eden.fts -> s3://eden-data/RAW/LOT/2MUCD11188/2020-05-03/2MUCD11188-20200503@123901-Eden.fits (20/303) (dry run)
Storing LOT20200503-2MUCD11188_mod/2MUCD11188-20200503@124016-Eden.fts -> s3://eden-data/RAW/LOT/2MUCD11188/2020-05-03/2MUCD11188-20200503@124016-Eden.fits (21/303) (dry run)
Storing LOT20200503-2MUCD11188_mod/2MUCD11188-20200503@124132-Eden.fts -> s3://eden-data/RAW/LOT/2MUCD11188/2020-05-03/2MUCD11188-20200503@124132-Eden.fits (22/303) (dry run)
Storing LOT20200503-2MUCD11188_mod/2MUCD11188-20200503@124247-Eden.fts -> s3://eden-data/RAW/LOT/2MUCD11188/2020-05-03/2MUCD11188-20200503@124247-Eden.fits (23/303) (dry run)
Storing LOT20200503-2MUCD11188_mod/2MUCD11188-20200503@124402-Eden.fts -> s3://eden-data/RAW/LOT/2MUCD11188/2020-05-03/2MUCD11188-20200503@124402-Eden.fits (24/303) (dry run)
Storing LOT20200503-2MUCD11188_mod/2MUCD11188-20200503@124518-Eden.fts -> s3://eden-data/RAW/LOT/2MUCD11188/2020-05-03/2MUCD11188-20200503@124518-Eden.fits (25/303) (dry run)
Storing LOT20200503-2MUCD11188_mod/2MUCD11188-20200503@124634-Eden.fts -> s3://eden-data/RAW/LOT/2MUCD11188/2020-05-03/2MUCD11188-20200503@124634-Eden.fits (26/303) (dry run)
Storing LOT20200503-2MUCD11188_mod/2MUCD11188-20200503@124749-Eden.fts -> s3://eden-data/RAW/LOT/2MUCD11188/2020-05-03/2MUCD11188-20200503@124749-Eden.fits (27/303) (dry run)
Storing LOT20200503-2MUCD11188_mod/2MUCD11188-20200503@124904-Eden.fts -> s3://eden-data/RAW/LOT/2MUCD11188/2020-05-03/2MUCD11188-20200503@124904-Eden.fits (28/303) (dry run)
Storing LOT20200503-2MUCD11188_mod/2MUCD11188-20200503@125018-Eden.fts -> s3://eden-data/RAW/LOT/2MUCD11188/2020-05-03/2MUCD11188-20200503@125018-Eden.fits (29/303) (dry run)
Storing LOT20200503-2MUCD11188_mod/2MUCD11188-20200503@125132-Eden.fts -> s3://eden-data/RAW/LOT/2MUCD11188/2020-05-03/2MUCD11188-20200503@125132-Eden.fits (30/303) (dry run)
Storing LOT20200503-2MUCD11188_mod/2MUCD11188-20200503@125248-Eden.fts -> s3://eden-data/RAW/LOT/2MUCD11188/2020-05-03/2MUCD11188-20200503@125248-Eden.fits (31/303) (dry run)
Storing LOT20200503-2MUCD11188_mod/2MUCD11188-20200503@125403-Eden.fts -> s3://eden-data/RAW/LOT/2MUCD11188/2020-05-03/2MUCD11188-20200503@125403-Eden.fits (32/303) (dry run)
Storing LOT20200503-2MUCD11188_mod/2MUCD11188-20200503@125517-Eden.fts -> s3://eden-data/RAW/LOT/2MUCD11188/2020-05-03/2MUCD11188-20200503@125517-Eden.fits (33/303) (dry run)
Storing LOT20200503-2MUCD11188_mod/2MUCD11188-20200503@125632-Eden.fts -> s3://eden-data/RAW/LOT/2MUCD11188/2020-05-03/2MUCD11188-20200503@125632-Eden.fits (34/303) (dry run)
Storing LOT20200503-2MUCD11188_mod/2MUCD11188-20200503@125746-Eden.fts -> s3://eden-data/RAW/LOT/2MUCD11188/2020-05-03/2MUCD11188-20200503@125746-Eden.fits (35/303) (dry run)
Storing LOT20200503-2MUCD11188_mod/2MUCD11188-20200503@125901-Eden.fts -> s3://eden-data/RAW/LOT/2MUCD11188/2020-05-03/2MUCD11188-20200503@125901-Eden.fits (36/303) (dry run)
Storing LOT20200503-2MUCD11188_mod/2MUCD11188-20200503@130015-Eden.fts -> s3://eden-data/RAW/LOT/2MUCD11188/2020-05-03/2MUCD11188-20200503@130015-Eden.fits (37/303) (dry run)
Storing LOT20200503-2MUCD11188_mod/2MUCD11188-20200503@130129-Eden.fts -> s3://eden-data/RAW/LOT/2MUCD11188/2020-05-03/2MUCD11188-20200503@130129-Eden.fits (38/303) (dry run)
Storing LOT20200503-2MUCD11188_mod/2MUCD11188-20200503@130243-Eden.fts -> s3://eden-data/RAW/LOT/2MUCD11188/2020-05-03/2MUCD11188-20200503@130243-Eden.fits (39/303) (dry run)
Storing LOT20200503-2MUCD11188_mod/2MUCD11188-20200503@130401-Eden.fts -> s3://eden-data/RAW/LOT/2MUCD11188/2020-05-03/2MUCD11188-20200503@130401-Eden.fits (40/303) (dry run)
Storing LOT20200503-2MUCD11188_mod/2MUCD11188-20200503@130514-Eden.fts -> s3://eden-data/RAW/LOT/2MUCD11188/2020-05-03/2MUCD11188-20200503@130514-Eden.fits (41/303) (dry run)
Storing LOT20200503-2MUCD11188_mod/2MUCD11188-20200503@130631-Eden.fts -> s3://eden-data/RAW/LOT/2MUCD11188/2020-05-03/2MUCD11188-20200503@130631-Eden.fits (42/303) (dry run)
Storing LOT20200503-2MUCD11188_mod/2MUCD11188-20200503@130746-Eden.fts -> s3://eden-data/RAW/LOT/2MUCD11188/2020-05-03/2MUCD11188-20200503@130746-Eden.fits (43/303) (dry run)
Storing LOT20200503-2MUCD11188_mod/2MUCD11188-20200503@130901-Eden.fts -> s3://eden-data/RAW/LOT/2MUCD11188/2020-05-03/2MUCD11188-20200503@130901-Eden.fits (44/303) (dry run)
Storing LOT20200503-2MUCD11188_mod/2MUCD11188-20200503@131016-Eden.fts -> s3://eden-data/RAW/LOT/2MUCD11188/2020-05-03/2MUCD11188-20200503@131016-Eden.fits (45/303) (dry run)
Storing LOT20200503-2MUCD11188_mod/2MUCD11188-20200503@131131-Eden.fts -> s3://eden-data/RAW/LOT/2MUCD11188/2020-05-03/2MUCD11188-20200503@131131-Eden.fits (46/303) (dry run)
Storing LOT20200503-2MUCD11188_mod/2MUCD11188-20200503@131246-Eden.fts -> s3://eden-data/RAW/LOT/2MUCD11188/2020-05-03/2MUCD11188-20200503@131246-Eden.fits (47/303) (dry run)
Storing LOT20200503-2MUCD11188_mod/2MUCD11188-20200503@131400-Eden.fts -> s3://eden-data/RAW/LOT/2MUCD11188/2020-05-03/2MUCD11188-20200503@131400-Eden.fits (48/303) (dry run)
Storing LOT20200503-2MUCD11188_mod/2MUCD11188-20200503@131516-Eden.fts -> s3://eden-data/RAW/LOT/2MUCD11188/2020-05-03/2MUCD11188-20200503@131516-Eden.fits (49/303) (dry run)
Storing LOT20200503-2MUCD11188_mod/2MUCD11188-20200503@131629-Eden.fts -> s3://eden-data/RAW/LOT/2MUCD11188/2020-05-03/2MUCD11188-20200503@131629-Eden.fits (50/303) (dry run)
Storing LOT20200503-2MUCD11188_mod/2MUCD11188-20200503@131744-Eden.fts -> s3://eden-data/RAW/LOT/2MUCD11188/2020-05-03/2MUCD11188-20200503@131744-Eden.fits (51/303) (dry run)
Storing LOT20200503-2MUCD11188_mod/2MUCD11188-20200503@131859-Eden.fts -> s3://eden-data/RAW/LOT/2MUCD11188/2020-05-03/2MUCD11188-20200503@131859-Eden.fits (52/303) (dry run)
Storing LOT20200503-2MUCD11188_mod/2MUCD11188-20200503@132014-Eden.fts -> s3://eden-data/RAW/LOT/2MUCD11188/2020-05-03/2MUCD11188-20200503@132014-Eden.fits (53/303) (dry run)
Storing LOT20200503-2MUCD11188_mod/2MUCD11188-20200503@132128-Eden.fts -> s3://eden-data/RAW/LOT/2MUCD11188/2020-05-03/2MUCD11188-20200503@132128-Eden.fits (54/303) (dry run)
Storing LOT20200503-2MUCD11188_mod/2MUCD11188-20200503@132242-Eden.fts -> s3://eden-data/RAW/LOT/2MUCD11188/2020-05-03/2MUCD11188-20200503@132242-Eden.fits (55/303) (dry run)
Storing LOT20200503-2MUCD11188_mod/2MUCD11188-20200503@132357-Eden.fts -> s3://eden-data/RAW/LOT/2MUCD11188/2020-05-03/2MUCD11188-20200503@132357-Eden.fits (56/303) (dry run)
Storing LOT20200503-2MUCD11188_mod/2MUCD11188-20200503@132511-Eden.fts -> s3://eden-data/RAW/LOT/2MUCD11188/2020-05-03/2MUCD11188-20200503@132511-Eden.fits (57/303) (dry run)
Storing LOT20200503-2MUCD11188_mod/2MUCD11188-20200503@132626-Eden.fts -> s3://eden-data/RAW/LOT/2MUCD11188/2020-05-03/2MUCD11188-20200503@132626-Eden.fits (58/303) (dry run)
Storing LOT20200503-2MUCD11188_mod/2MUCD11188-20200503@132741-Eden.fts -> s3://eden-data/RAW/LOT/2MUCD11188/2020-05-03/2MUCD11188-20200503@132741-Eden.fits (59/303) (dry run)
Storing LOT20200503-2MUCD11188_mod/2MUCD11188-20200503@132856-Eden.fts -> s3://eden-data/RAW/LOT/2MUCD11188/2020-05-03/2MUCD11188-20200503@132856-Eden.fits (60/303) (dry run)
Storing LOT20200503-2MUCD11188_mod/2MUCD11188-20200503@133011-Eden.fts -> s3://eden-data/RAW/LOT/2MUCD11188/2020-05-03/2MUCD11188-20200503@133011-Eden.fits (61/303) (dry run)
Storing LOT20200503-2MUCD11188_mod/2MUCD11188-20200503@133125-Eden.fts -> s3://eden-data/RAW/LOT/2MUCD11188/2020-05-03/2MUCD11188-20200503@133125-Eden.fits (62/303) (dry run)
Storing LOT20200503-2MUCD11188_mod/2MUCD11188-20200503@133240-Eden.fts -> s3://eden-data/RAW/LOT/2MUCD11188/2020-05-03/2MUCD11188-20200503@133240-Eden.fits (63/303) (dry run)
Storing LOT20200503-2MUCD11188_mod/2MUCD11188-20200503@133353-Eden.fts -> s3://eden-data/RAW/LOT/2MUCD11188/2020-05-03/2MUCD11188-20200503@133353-Eden.fits (64/303) (dry run)
Storing LOT20200503-2MUCD11188_mod/2MUCD11188-20200503@133509-Eden.fts -> s3://eden-data/RAW/LOT/2MUCD11188/2020-05-03/2MUCD11188-20200503@133509-Eden.fits (65/303) (dry run)
Storing LOT20200503-2MUCD11188_mod/2MUCD11188-20200503@133623-Eden.fts -> s3://eden-data/RAW/LOT/2MUCD11188/2020-05-03/2MUCD11188-20200503@133623-Eden.fits (66/303) (dry run)
Storing LOT20200503-2MUCD11188_mod/2MUCD11188-20200503@133737-Eden.fts -> s3://eden-data/RAW/LOT/2MUCD11188/2020-05-03/2MUCD11188-20200503@133737-Eden.fits (67/303) (dry run)
Storing LOT20200503-2MUCD11188_mod/2MUCD11188-20200503@133851-Eden.fts -> s3://eden-data/RAW/LOT/2MUCD11188/2020-05-03/2MUCD11188-20200503@133851-Eden.fits (68/303) (dry run)
Storing LOT20200503-2MUCD11188_mod/2MUCD11188-20200503@134005-Eden.fts -> s3://eden-data/RAW/LOT/2MUCD11188/2020-05-03/2MUCD11188-20200503@134005-Eden.fits (69/303) (dry run)
Storing LOT20200503-2MUCD11188_mod/2MUCD11188-20200503@134119-Eden.fts -> s3://eden-data/RAW/LOT/2MUCD11188/2020-05-03/2MUCD11188-20200503@134119-Eden.fits (70/303) (dry run)
Storing LOT20200503-2MUCD11188_mod/2MUCD11188-20200503@134234-Eden.fts -> s3://eden-data/RAW/LOT/2MUCD11188/2020-05-03/2MUCD11188-20200503@134234-Eden.fits (71/303) (dry run)
Storing LOT20200503-2MUCD11188_mod/2MUCD11188-20200503@134348-Eden.fts -> s3://eden-data/RAW/LOT/2MUCD11188/2020-05-03/2MUCD11188-20200503@134348-Eden.fits (72/303) (dry run)
Storing LOT20200503-2MUCD11188_mod/2MUCD11188-20200503@134503-Eden.fts -> s3://eden-data/RAW/LOT/2MUCD11188/2020-05-03/2MUCD11188-20200503@134503-Eden.fits (73/303) (dry run)
Storing LOT20200503-2MUCD11188_mod/2MUCD11188-20200503@134617-Eden.fts -> s3://eden-data/RAW/LOT/2MUCD11188/2020-05-03/2MUCD11188-20200503@134617-Eden.fits (74/303) (dry run)
Storing LOT20200503-2MUCD11188_mod/2MUCD11188-20200503@134733-Eden.fts -> s3://eden-data/RAW/LOT/2MUCD11188/2020-05-03/2MUCD11188-20200503@134733-Eden.fits (75/303) (dry run)
Storing LOT20200503-2MUCD11188_mod/2MUCD11188-20200503@134847-Eden.fts -> s3://eden-data/RAW/LOT/2MUCD11188/2020-05-03/2MUCD11188-20200503@134847-Eden.fits (76/303) (dry run)
Storing LOT20200503-2MUCD11188_mod/2MUCD11188-20200503@135001-Eden.fts -> s3://eden-data/RAW/LOT/2MUCD11188/2020-05-03/2MUCD11188-20200503@135001-Eden.fits (77/303) (dry run)
Storing LOT20200503-2MUCD11188_mod/2MUCD11188-20200503@135116-Eden.fts -> s3://eden-data/RAW/LOT/2MUCD11188/2020-05-03/2MUCD11188-20200503@135116-Eden.fits (78/303) (dry run)
Storing LOT20200503-2MUCD11188_mod/2MUCD11188-20200503@135231-Eden.fts -> s3://eden-data/RAW/LOT/2MUCD11188/2020-05-03/2MUCD11188-20200503@135231-Eden.fits (79/303) (dry run)
Storing LOT20200503-2MUCD11188_mod/2MUCD11188-20200503@135345-Eden.fts -> s3://eden-data/RAW/LOT/2MUCD11188/2020-05-03/2MUCD11188-20200503@135345-Eden.fits (80/303) (dry run)
Storing LOT20200503-2MUCD11188_mod/2MUCD11188-20200503@135459-Eden.fts -> s3://eden-data/RAW/LOT/2MUCD11188/2020-05-03/2MUCD11188-20200503@135459-Eden.fits (81/303) (dry run)
Storing LOT20200503-2MUCD11188_mod/2MUCD11188-20200503@135614-Eden.fts -> s3://eden-data/RAW/LOT/2MUCD11188/2020-05-03/2MUCD11188-20200503@135614-Eden.fits (82/303) (dry run)
Storing LOT20200503-2MUCD11188_mod/2MUCD11188-20200503@135728-Eden.fts -> s3://eden-data/RAW/LOT/2MUCD11188/2020-05-03/2MUCD11188-20200503@135728-Eden.fits (83/303) (dry run)
Storing LOT20200503-2MUCD11188_mod/2MUCD11188-20200503@135843-Eden.fts -> s3://eden-data/RAW/LOT/2MUCD11188/2020-05-03/2MUCD11188-20200503@135843-Eden.fits (84/303) (dry run)
Storing LOT20200503-2MUCD11188_mod/2MUCD11188-20200503@135957-Eden.fts -> s3://eden-data/RAW/LOT/2MUCD11188/2020-05-03/2MUCD11188-20200503@135957-Eden.fits (85/303) (dry run)
Storing LOT20200503-2MUCD11188_mod/2MUCD11188-20200503@140111-Eden.fts -> s3://eden-data/RAW/LOT/2MUCD11188/2020-05-03/2MUCD11188-20200503@140111-Eden.fits (86/303) (dry run)
Storing LOT20200503-2MUCD11188_mod/2MUCD11188-20200503@140228-Eden.fts -> s3://eden-data/RAW/LOT/2MUCD11188/2020-05-03/2MUCD11188-20200503@140228-Eden.fits (87/303) (dry run)
Storing LOT20200503-2MUCD11188_mod/2MUCD11188-20200503@140342-Eden.fts -> s3://eden-data/RAW/LOT/2MUCD11188/2020-05-03/2MUCD11188-20200503@140342-Eden.fits (88/303) (dry run)
Storing LOT20200503-2MUCD11188_mod/2MUCD11188-20200503@140458-Eden.fts -> s3://eden-data/RAW/LOT/2MUCD11188/2020-05-03/2MUCD11188-20200503@140458-Eden.fits (89/303) (dry run)
Storing LOT20200503-2MUCD11188_mod/2MUCD11188-20200503@140614-Eden.fts -> s3://eden-data/RAW/LOT/2MUCD11188/2020-05-03/2MUCD11188-20200503@140614-Eden.fits (90/303) (dry run)
Storing LOT20200503-2MUCD11188_mod/2MUCD11188-20200503@140728-Eden.fts -> s3://eden-data/RAW/LOT/2MUCD11188/2020-05-03/2MUCD11188-20200503@140728-Eden.fits (91/303) (dry run)
Storing LOT20200503-2MUCD11188_mod/2MUCD11188-20200503@140843-Eden.fts -> s3://eden-data/RAW/LOT/2MUCD11188/2020-05-03/2MUCD11188-20200503@140843-Eden.fits (92/303) (dry run)
Storing LOT20200503-2MUCD11188_mod/2MUCD11188-20200503@140958-Eden.fts -> s3://eden-data/RAW/LOT/2MUCD11188/2020-05-03/2MUCD11188-20200503@140958-Eden.fits (93/303) (dry run)
Storing LOT20200503-2MUCD11188_mod/2MUCD11188-20200503@141113-Eden.fts -> s3://eden-data/RAW/LOT/2MUCD11188/2020-05-03/2MUCD11188-20200503@141113-Eden.fits (94/303) (dry run)
Storing LOT20200503-2MUCD11188_mod/2MUCD11188-20200503@141227-Eden.fts -> s3://eden-data/RAW/LOT/2MUCD11188/2020-05-03/2MUCD11188-20200503@141227-Eden.fits (95/303) (dry run)
Storing LOT20200503-2MUCD11188_mod/2MUCD11188-20200503@141343-Eden.fts -> s3://eden-data/RAW/LOT/2MUCD11188/2020-05-03/2MUCD11188-20200503@141343-Eden.fits (96/303) (dry run)
Storing LOT20200503-2MUCD11188_mod/2MUCD11188-20200503@141457-Eden.fts -> s3://eden-data/RAW/LOT/2MUCD11188/2020-05-03/2MUCD11188-20200503@141457-Eden.fits (97/303) (dry run)
Storing LOT20200503-2MUCD11188_mod/2MUCD11188-20200503@141612-Eden.fts -> s3://eden-data/RAW/LOT/2MUCD11188/2020-05-03/2MUCD11188-20200503@141612-Eden.fits (98/303) (dry run)
Storing LOT20200503-2MUCD11188_mod/2MUCD11188-20200503@141727-Eden.fts -> s3://eden-data/RAW/LOT/2MUCD11188/2020-05-03/2MUCD11188-20200503@141727-Eden.fits (99/303) (dry run)
Storing LOT20200503-2MUCD11188_mod/2MUCD11188-20200503@141842-Eden.fts -> s3://eden-data/RAW/LOT/2MUCD11188/2020-05-03/2MUCD11188-20200503@141842-Eden.fits (100/303) (dry run)
Storing LOT20200503-2MUCD11188_mod/2MUCD11188-20200503@141956-Eden.fts -> s3://eden-data/RAW/LOT/2MUCD11188/2020-05-03/2MUCD11188-20200503@141956-Eden.fits (101/303) (dry run)
Storing LOT20200503-2MUCD11188_mod/2MUCD11188-20200503@142111-Eden.fts -> s3://eden-data/RAW/LOT/2MUCD11188/2020-05-03/2MUCD11188-20200503@142111-Eden.fits (102/303) (dry run)
Storing LOT20200503-2MUCD11188_mod/2MUCD11188-20200503@142225-Eden.fts -> s3://eden-data/RAW/LOT/2MUCD11188/2020-05-03/2MUCD11188-20200503@142225-Eden.fits (103/303) (dry run)
Storing LOT20200503-2MUCD11188_mod/2MUCD11188-20200503@142340-Eden.fts -> s3://eden-data/RAW/LOT/2MUCD11188/2020-05-03/2MUCD11188-20200503@142340-Eden.fits (104/303) (dry run)
Storing LOT20200503-2MUCD11188_mod/2MUCD11188-20200503@142456-Eden.fts -> s3://eden-data/RAW/LOT/2MUCD11188/2020-05-03/2MUCD11188-20200503@142456-Eden.fits (105/303) (dry run)
Storing LOT20200503-2MUCD11188_mod/2MUCD11188-20200503@142611-Eden.fts -> s3://eden-data/RAW/LOT/2MUCD11188/2020-05-03/2MUCD11188-20200503@142611-Eden.fits (106/303) (dry run)
Storing LOT20200503-2MUCD11188_mod/2MUCD11188-20200503@142725-Eden.fts -> s3://eden-data/RAW/LOT/2MUCD11188/2020-05-03/2MUCD11188-20200503@142725-Eden.fits (107/303) (dry run)
Storing LOT20200503-2MUCD11188_mod/2MUCD11188-20200503@142839-Eden.fts -> s3://eden-data/RAW/LOT/2MUCD11188/2020-05-03/2MUCD11188-20200503@142839-Eden.fits (108/303) (dry run)
Storing LOT20200503-2MUCD11188_mod/2MUCD11188-20200503@142953-Eden.fts -> s3://eden-data/RAW/LOT/2MUCD11188/2020-05-03/2MUCD11188-20200503@142953-Eden.fits (109/303) (dry run)
Storing LOT20200503-2MUCD11188_mod/2MUCD11188-20200503@143110-Eden.fts -> s3://eden-data/RAW/LOT/2MUCD11188/2020-05-03/2MUCD11188-20200503@143110-Eden.fits (110/303) (dry run)
Storing LOT20200503-2MUCD11188_mod/2MUCD11188-20200503@143224-Eden.fts -> s3://eden-data/RAW/LOT/2MUCD11188/2020-05-03/2MUCD11188-20200503@143224-Eden.fits (111/303) (dry run)
Storing LOT20200503-2MUCD11188_mod/2MUCD11188-20200503@143340-Eden.fts -> s3://eden-data/RAW/LOT/2MUCD11188/2020-05-03/2MUCD11188-20200503@143340-Eden.fits (112/303) (dry run)
Storing LOT20200503-2MUCD11188_mod/2MUCD11188-20200503@143454-Eden.fts -> s3://eden-data/RAW/LOT/2MUCD11188/2020-05-03/2MUCD11188-20200503@143454-Eden.fits (113/303) (dry run)
Storing LOT20200503-2MUCD11188_mod/2MUCD11188-20200503@143609-Eden.fts -> s3://eden-data/RAW/LOT/2MUCD11188/2020-05-03/2MUCD11188-20200503@143609-Eden.fits (114/303) (dry run)
Storing LOT20200503-2MUCD11188_mod/2MUCD11188-20200503@143724-Eden.fts -> s3://eden-data/RAW/LOT/2MUCD11188/2020-05-03/2MUCD11188-20200503@143724-Eden.fits (115/303) (dry run)
Storing LOT20200503-2MUCD11188_mod/2MUCD11188-20200503@143838-Eden.fts -> s3://eden-data/RAW/LOT/2MUCD11188/2020-05-03/2MUCD11188-20200503@143838-Eden.fits (116/303) (dry run)
Storing LOT20200503-2MUCD11188_mod/2MUCD11188-20200503@143952-Eden.fts -> s3://eden-data/RAW/LOT/2MUCD11188/2020-05-03/2MUCD11188-20200503@143952-Eden.fits (117/303) (dry run)
Storing LOT20200503-2MUCD11188_mod/2MUCD11188-20200503@144106-Eden.fts -> s3://eden-data/RAW/LOT/2MUCD11188/2020-05-03/2MUCD11188-20200503@144106-Eden.fits (118/303) (dry run)
Storing LOT20200503-2MUCD11188_mod/2MUCD11188-20200503@144221-Eden.fts -> s3://eden-data/RAW/LOT/2MUCD11188/2020-05-03/2MUCD11188-20200503@144221-Eden.fits (119/303) (dry run)
Storing LOT20200503-2MUCD11188_mod/2MUCD11188-20200503@144336-Eden.fts -> s3://eden-data/RAW/LOT/2MUCD11188/2020-05-03/2MUCD11188-20200503@144336-Eden.fits (120/303) (dry run)
Storing LOT20200503-2MUCD11188_mod/2MUCD11188-20200503@144450-Eden.fts -> s3://eden-data/RAW/LOT/2MUCD11188/2020-05-03/2MUCD11188-20200503@144450-Eden.fits (121/303) (dry run)
Storing LOT20200503-2MUCD11188_mod/2MUCD11188-20200503@144604-Eden.fts -> s3://eden-data/RAW/LOT/2MUCD11188/2020-05-03/2MUCD11188-20200503@144604-Eden.fits (122/303) (dry run)
Storing LOT20200503-2MUCD11188_mod/2MUCD11188-20200503@144719-Eden.fts -> s3://eden-data/RAW/LOT/2MUCD11188/2020-05-03/2MUCD11188-20200503@144719-Eden.fits (123/303) (dry run)
Storing LOT20200503-2MUCD11188_mod/2MUCD11188-20200503@144833-Eden.fts -> s3://eden-data/RAW/LOT/2MUCD11188/2020-05-03/2MUCD11188-20200503@144833-Eden.fits (124/303) (dry run)
Storing LOT20200503-2MUCD11188_mod/2MUCD11188-20200503@144947-Eden.fts -> s3://eden-data/RAW/LOT/2MUCD11188/2020-05-03/2MUCD11188-20200503@144947-Eden.fits (125/303) (dry run)
Storing LOT20200503-2MUCD11188_mod/2MUCD11188-20200503@145608-Eden.fts -> s3://eden-data/RAW/LOT/2MUCD11188/2020-05-03/2MUCD11188-20200503@145608-Eden.fits (126/303) (dry run)
Storing LOT20200503-2MUCD11188_mod/2MUCD11188-20200503@145736-Eden.fts -> s3://eden-data/RAW/LOT/2MUCD11188/2020-05-03/2MUCD11188-20200503@145736-Eden.fits (127/303) (dry run)
Storing LOT20200503-2MUCD11188_mod/2MUCD11188-20200503@145851-Eden.fts -> s3://eden-data/RAW/LOT/2MUCD11188/2020-05-03/2MUCD11188-20200503@145851-Eden.fits (128/303) (dry run)
Storing LOT20200503-2MUCD11188_mod/2MUCD11188-20200503@150005-Eden.fts -> s3://eden-data/RAW/LOT/2MUCD11188/2020-05-03/2MUCD11188-20200503@150005-Eden.fits (129/303) (dry run)
Storing LOT20200503-2MUCD11188_mod/2MUCD11188-20200503@150119-Eden.fts -> s3://eden-data/RAW/LOT/2MUCD11188/2020-05-03/2MUCD11188-20200503@150119-Eden.fits (130/303) (dry run)
Storing LOT20200503-2MUCD11188_mod/2MUCD11188-20200503@150234-Eden.fts -> s3://eden-data/RAW/LOT/2MUCD11188/2020-05-03/2MUCD11188-20200503@150234-Eden.fits (131/303) (dry run)
Storing LOT20200503-2MUCD11188_mod/2MUCD11188-20200503@150349-Eden.fts -> s3://eden-data/RAW/LOT/2MUCD11188/2020-05-03/2MUCD11188-20200503@150349-Eden.fits (132/303) (dry run)
Storing LOT20200503-2MUCD11188_mod/2MUCD11188-20200503@150504-Eden.fts -> s3://eden-data/RAW/LOT/2MUCD11188/2020-05-03/2MUCD11188-20200503@150504-Eden.fits (133/303) (dry run)
Storing LOT20200503-2MUCD11188_mod/2MUCD11188-20200503@150618-Eden.fts -> s3://eden-data/RAW/LOT/2MUCD11188/2020-05-03/2MUCD11188-20200503@150618-Eden.fits (134/303) (dry run)
Storing LOT20200503-2MUCD11188_mod/2MUCD11188-20200503@150733-Eden.fts -> s3://eden-data/RAW/LOT/2MUCD11188/2020-05-03/2MUCD11188-20200503@150733-Eden.fits (135/303) (dry run)
Storing LOT20200503-2MUCD11188_mod/2MUCD11188-20200503@150847-Eden.fts -> s3://eden-data/RAW/LOT/2MUCD11188/2020-05-03/2MUCD11188-20200503@150847-Eden.fits (136/303) (dry run)
Storing LOT20200503-2MUCD11188_mod/2MUCD11188-20200503@151002-Eden.fts -> s3://eden-data/RAW/LOT/2MUCD11188/2020-05-03/2MUCD11188-20200503@151002-Eden.fits (137/303) (dry run)
Storing LOT20200503-2MUCD11188_mod/2MUCD11188-20200503@151116-Eden.fts -> s3://eden-data/RAW/LOT/2MUCD11188/2020-05-03/2MUCD11188-20200503@151116-Eden.fits (138/303) (dry run)
Storing LOT20200503-2MUCD11188_mod/2MUCD11188-20200503@151230-Eden.fts -> s3://eden-data/RAW/LOT/2MUCD11188/2020-05-03/2MUCD11188-20200503@151230-Eden.fits (139/303) (dry run)
Storing LOT20200503-2MUCD11188_mod/2MUCD11188-20200503@151345-Eden.fts -> s3://eden-data/RAW/LOT/2MUCD11188/2020-05-03/2MUCD11188-20200503@151345-Eden.fits (140/303) (dry run)
Storing LOT20200503-2MUCD11188_mod/2MUCD11188-20200503@151459-Eden.fts -> s3://eden-data/RAW/LOT/2MUCD11188/2020-05-03/2MUCD11188-20200503@151459-Eden.fits (141/303) (dry run)
Storing LOT20200503-2MUCD11188_mod/2MUCD11188-20200503@151614-Eden.fts -> s3://eden-data/RAW/LOT/2MUCD11188/2020-05-03/2MUCD11188-20200503@151614-Eden.fits (142/303) (dry run)
Storing LOT20200503-2MUCD11188_mod/2MUCD11188-20200503@151728-Eden.fts -> s3://eden-data/RAW/LOT/2MUCD11188/2020-05-03/2MUCD11188-20200503@151728-Eden.fits (143/303) (dry run)
Storing LOT20200503-2MUCD11188_mod/2MUCD11188-20200503@151844-Eden.fts -> s3://eden-data/RAW/LOT/2MUCD11188/2020-05-03/2MUCD11188-20200503@151844-Eden.fits (144/303) (dry run)
Storing LOT20200503-2MUCD11188_mod/2MUCD11188-20200503@151959-Eden.fts -> s3://eden-data/RAW/LOT/2MUCD11188/2020-05-03/2MUCD11188-20200503@151959-Eden.fits (145/303) (dry run)
Storing LOT20200503-2MUCD11188_mod/2MUCD11188-20200503@152114-Eden.fts -> s3://eden-data/RAW/LOT/2MUCD11188/2020-05-03/2MUCD11188-20200503@152114-Eden.fits (146/303) (dry run)
Storing LOT20200503-2MUCD11188_mod/2MUCD11188-20200503@152227-Eden.fts -> s3://eden-data/RAW/LOT/2MUCD11188/2020-05-03/2MUCD11188-20200503@152227-Eden.fits (147/303) (dry run)
Storing LOT20200503-2MUCD11188_mod/2MUCD11188-20200503@152341-Eden.fts -> s3://eden-data/RAW/LOT/2MUCD11188/2020-05-03/2MUCD11188-20200503@152341-Eden.fits (148/303) (dry run)
Storing LOT20200503-2MUCD11188_mod/2MUCD11188-20200503@152456-Eden.fts -> s3://eden-data/RAW/LOT/2MUCD11188/2020-05-03/2MUCD11188-20200503@152456-Eden.fits (149/303) (dry run)
Storing LOT20200503-2MUCD11188_mod/2MUCD11188-20200503@152611-Eden.fts -> s3://eden-data/RAW/LOT/2MUCD11188/2020-05-03/2MUCD11188-20200503@152611-Eden.fits (150/303) (dry run)
Storing LOT20200503-2MUCD11188_mod/2MUCD11188-20200503@152726-Eden.fts -> s3://eden-data/RAW/LOT/2MUCD11188/2020-05-03/2MUCD11188-20200503@152726-Eden.fits (151/303) (dry run)
Storing LOT20200503-2MUCD11188_mod/2MUCD11188-20200503@152841-Eden.fts -> s3://eden-data/RAW/LOT/2MUCD11188/2020-05-03/2MUCD11188-20200503@152841-Eden.fits (152/303) (dry run)
Storing LOT20200503-2MUCD11188_mod/2MUCD11188-20200503@152955-Eden.fts -> s3://eden-data/RAW/LOT/2MUCD11188/2020-05-03/2MUCD11188-20200503@152955-Eden.fits (153/303) (dry run)
Storing LOT20200503-2MUCD11188_mod/2MUCD11188-20200503@153111-Eden.fts -> s3://eden-data/RAW/LOT/2MUCD11188/2020-05-03/2MUCD11188-20200503@153111-Eden.fits (154/303) (dry run)
Storing LOT20200503-2MUCD11188_mod/2MUCD11188-20200503@153226-Eden.fts -> s3://eden-data/RAW/LOT/2MUCD11188/2020-05-03/2MUCD11188-20200503@153226-Eden.fits (155/303) (dry run)
Storing LOT20200503-2MUCD11188_mod/2MUCD11188-20200503@153339-Eden.fts -> s3://eden-data/RAW/LOT/2MUCD11188/2020-05-03/2MUCD11188-20200503@153339-Eden.fits (156/303) (dry run)
Storing LOT20200503-2MUCD11188_mod/2MUCD11188-20200503@153455-Eden.fts -> s3://eden-data/RAW/LOT/2MUCD11188/2020-05-03/2MUCD11188-20200503@153455-Eden.fits (157/303) (dry run)
Storing LOT20200503-2MUCD11188_mod/2MUCD11188-20200503@153608-Eden.fts -> s3://eden-data/RAW/LOT/2MUCD11188/2020-05-03/2MUCD11188-20200503@153608-Eden.fits (158/303) (dry run)
Storing LOT20200503-2MUCD11188_mod/2MUCD11188-20200503@153723-Eden.fts -> s3://eden-data/RAW/LOT/2MUCD11188/2020-05-03/2MUCD11188-20200503@153723-Eden.fits (159/303) (dry run)
Storing LOT20200503-2MUCD11188_mod/2MUCD11188-20200503@153837-Eden.fts -> s3://eden-data/RAW/LOT/2MUCD11188/2020-05-03/2MUCD11188-20200503@153837-Eden.fits (160/303) (dry run)
Storing LOT20200503-2MUCD11188_mod/2MUCD11188-20200503@153952-Eden.fts -> s3://eden-data/RAW/LOT/2MUCD11188/2020-05-03/2MUCD11188-20200503@153952-Eden.fits (161/303) (dry run)
Storing LOT20200503-2MUCD11188_mod/2MUCD11188-20200503@154108-Eden.fts -> s3://eden-data/RAW/LOT/2MUCD11188/2020-05-03/2MUCD11188-20200503@154108-Eden.fits (162/303) (dry run)
Storing LOT20200503-2MUCD11188_mod/2MUCD11188-20200503@154222-Eden.fts -> s3://eden-data/RAW/LOT/2MUCD11188/2020-05-03/2MUCD11188-20200503@154222-Eden.fits (163/303) (dry run)
Storing LOT20200503-2MUCD11188_mod/2MUCD11188-20200503@154336-Eden.fts -> s3://eden-data/RAW/LOT/2MUCD11188/2020-05-03/2MUCD11188-20200503@154336-Eden.fits (164/303) (dry run)
Storing LOT20200503-2MUCD11188_mod/2MUCD11188-20200503@154450-Eden.fts -> s3://eden-data/RAW/LOT/2MUCD11188/2020-05-03/2MUCD11188-20200503@154450-Eden.fits (165/303) (dry run)
Storing LOT20200503-2MUCD11188_mod/2MUCD11188-20200503@154605-Eden.fts -> s3://eden-data/RAW/LOT/2MUCD11188/2020-05-03/2MUCD11188-20200503@154605-Eden.fits (166/303) (dry run)
Storing LOT20200503-2MUCD11188_mod/2MUCD11188-20200503@154720-Eden.fts -> s3://eden-data/RAW/LOT/2MUCD11188/2020-05-03/2MUCD11188-20200503@154720-Eden.fits (167/303) (dry run)
Storing LOT20200503-2MUCD11188_mod/2MUCD11188-20200503@154834-Eden.fts -> s3://eden-data/RAW/LOT/2MUCD11188/2020-05-03/2MUCD11188-20200503@154834-Eden.fits (168/303) (dry run)
Storing LOT20200503-2MUCD11188_mod/2MUCD11188-20200503@154949-Eden.fts -> s3://eden-data/RAW/LOT/2MUCD11188/2020-05-03/2MUCD11188-20200503@154949-Eden.fits (169/303) (dry run)
Storing LOT20200503-2MUCD11188_mod/2MUCD11188-20200503@155103-Eden.fts -> s3://eden-data/RAW/LOT/2MUCD11188/2020-05-03/2MUCD11188-20200503@155103-Eden.fits (170/303) (dry run)
Storing LOT20200503-2MUCD11188_mod/2MUCD11188-20200503@155218-Eden.fts -> s3://eden-data/RAW/LOT/2MUCD11188/2020-05-03/2MUCD11188-20200503@155218-Eden.fits (171/303) (dry run)
Storing LOT20200503-2MUCD11188_mod/2MUCD11188-20200503@155334-Eden.fts -> s3://eden-data/RAW/LOT/2MUCD11188/2020-05-03/2MUCD11188-20200503@155334-Eden.fits (172/303) (dry run)
Storing LOT20200503-2MUCD11188_mod/2MUCD11188-20200503@155450-Eden.fts -> s3://eden-data/RAW/LOT/2MUCD11188/2020-05-03/2MUCD11188-20200503@155450-Eden.fits (173/303) (dry run)
Storing LOT20200503-2MUCD11188_mod/2MUCD11188-20200503@155604-Eden.fts -> s3://eden-data/RAW/LOT/2MUCD11188/2020-05-03/2MUCD11188-20200503@155604-Eden.fits (174/303) (dry run)
Storing LOT20200503-2MUCD11188_mod/2MUCD11188-20200503@155718-Eden.fts -> s3://eden-data/RAW/LOT/2MUCD11188/2020-05-03/2MUCD11188-20200503@155718-Eden.fits (175/303) (dry run)
Storing LOT20200503-2MUCD11188_mod/2MUCD11188-20200503@155834-Eden.fts -> s3://eden-data/RAW/LOT/2MUCD11188/2020-05-03/2MUCD11188-20200503@155834-Eden.fits (176/303) (dry run)
Storing LOT20200503-2MUCD11188_mod/2MUCD11188-20200503@155948-Eden.fts -> s3://eden-data/RAW/LOT/2MUCD11188/2020-05-03/2MUCD11188-20200503@155948-Eden.fits (177/303) (dry run)
Storing LOT20200503-2MUCD11188_mod/2MUCD11188-20200503@160105-Eden.fts -> s3://eden-data/RAW/LOT/2MUCD11188/2020-05-03/2MUCD11188-20200503@160105-Eden.fits (178/303) (dry run)
Storing LOT20200503-2MUCD11188_mod/2MUCD11188-20200503@160220-Eden.fts -> s3://eden-data/RAW/LOT/2MUCD11188/2020-05-03/2MUCD11188-20200503@160220-Eden.fits (179/303) (dry run)
Storing LOT20200503-2MUCD11188_mod/2MUCD11188-20200503@160335-Eden.fts -> s3://eden-data/RAW/LOT/2MUCD11188/2020-05-03/2MUCD11188-20200503@160335-Eden.fits (180/303) (dry run)
Storing LOT20200503-2MUCD11188_mod/2MUCD11188-20200503@160450-Eden.fts -> s3://eden-data/RAW/LOT/2MUCD11188/2020-05-03/2MUCD11188-20200503@160450-Eden.fits (181/303) (dry run)
Storing LOT20200503-2MUCD11188_mod/2MUCD11188-20200503@160604-Eden.fts -> s3://eden-data/RAW/LOT/2MUCD11188/2020-05-03/2MUCD11188-20200503@160604-Eden.fits (182/303) (dry run)
Storing LOT20200503-2MUCD11188_mod/2MUCD11188-20200503@160718-Eden.fts -> s3://eden-data/RAW/LOT/2MUCD11188/2020-05-03/2MUCD11188-20200503@160718-Eden.fits (183/303) (dry run)
Storing LOT20200503-2MUCD11188_mod/2MUCD11188-20200503@160833-Eden.fts -> s3://eden-data/RAW/LOT/2MUCD11188/2020-05-03/2MUCD11188-20200503@160833-Eden.fits (184/303) (dry run)
Storing LOT20200503-2MUCD11188_mod/2MUCD11188-20200503@160947-Eden.fts -> s3://eden-data/RAW/LOT/2MUCD11188/2020-05-03/2MUCD11188-20200503@160947-Eden.fits (185/303) (dry run)
Storing LOT20200503-2MUCD11188_mod/2MUCD11188-20200503@161101-Eden.fts -> s3://eden-data/RAW/LOT/2MUCD11188/2020-05-03/2MUCD11188-20200503@161101-Eden.fits (186/303) (dry run)
Storing LOT20200503-2MUCD11188_mod/2MUCD11188-20200503@161217-Eden.fts -> s3://eden-data/RAW/LOT/2MUCD11188/2020-05-03/2MUCD11188-20200503@161217-Eden.fits (187/303) (dry run)
Storing LOT20200503-2MUCD11188_mod/2MUCD11188-20200503@161331-Eden.fts -> s3://eden-data/RAW/LOT/2MUCD11188/2020-05-03/2MUCD11188-20200503@161331-Eden.fits (188/303) (dry run)
Storing LOT20200503-2MUCD11188_mod/2MUCD11188-20200503@161446-Eden.fts -> s3://eden-data/RAW/LOT/2MUCD11188/2020-05-03/2MUCD11188-20200503@161446-Eden.fits (189/303) (dry run)
Storing LOT20200503-2MUCD11188_mod/2MUCD11188-20200503@161600-Eden.fts -> s3://eden-data/RAW/LOT/2MUCD11188/2020-05-03/2MUCD11188-20200503@161600-Eden.fits (190/303) (dry run)
Storing LOT20200503-2MUCD11188_mod/2MUCD11188-20200503@161715-Eden.fts -> s3://eden-data/RAW/LOT/2MUCD11188/2020-05-03/2MUCD11188-20200503@161715-Eden.fits (191/303) (dry run)
Storing LOT20200503-2MUCD11188_mod/2MUCD11188-20200503@161829-Eden.fts -> s3://eden-data/RAW/LOT/2MUCD11188/2020-05-03/2MUCD11188-20200503@161829-Eden.fits (192/303) (dry run)
Storing LOT20200503-2MUCD11188_mod/2MUCD11188-20200503@161943-Eden.fts -> s3://eden-data/RAW/LOT/2MUCD11188/2020-05-03/2MUCD11188-20200503@161943-Eden.fits (193/303) (dry run)
Storing LOT20200503-2MUCD11188_mod/2MUCD11188-20200503@162058-Eden.fts -> s3://eden-data/RAW/LOT/2MUCD11188/2020-05-03/2MUCD11188-20200503@162058-Eden.fits (194/303) (dry run)
Storing LOT20200503-2MUCD11188_mod/2MUCD11188-20200503@162213-Eden.fts -> s3://eden-data/RAW/LOT/2MUCD11188/2020-05-03/2MUCD11188-20200503@162213-Eden.fits (195/303) (dry run)
Storing LOT20200503-2MUCD11188_mod/2MUCD11188-20200503@162327-Eden.fts -> s3://eden-data/RAW/LOT/2MUCD11188/2020-05-03/2MUCD11188-20200503@162327-Eden.fits (196/303) (dry run)
Storing LOT20200503-2MUCD11188_mod/2MUCD11188-20200503@162441-Eden.fts -> s3://eden-data/RAW/LOT/2MUCD11188/2020-05-03/2MUCD11188-20200503@162441-Eden.fits (197/303) (dry run)
Storing LOT20200503-2MUCD11188_mod/2MUCD11188-20200503@162555-Eden.fts -> s3://eden-data/RAW/LOT/2MUCD11188/2020-05-03/2MUCD11188-20200503@162555-Eden.fits (198/303) (dry run)
Storing LOT20200503-2MUCD11188_mod/2MUCD11188-20200503@162711-Eden.fts -> s3://eden-data/RAW/LOT/2MUCD11188/2020-05-03/2MUCD11188-20200503@162711-Eden.fits (199/303) (dry run)
Storing LOT20200503-2MUCD11188_mod/2MUCD11188-20200503@162825-Eden.fts -> s3://eden-data/RAW/LOT/2MUCD11188/2020-05-03/2MUCD11188-20200503@162825-Eden.fits (200/303) (dry run)
Storing LOT20200503-2MUCD11188_mod/2MUCD11188-20200503@162941-Eden.fts -> s3://eden-data/RAW/LOT/2MUCD11188/2020-05-03/2MUCD11188-20200503@162941-Eden.fits (201/303) (dry run)
Storing LOT20200503-2MUCD11188_mod/2MUCD11188-20200503@163056-Eden.fts -> s3://eden-data/RAW/LOT/2MUCD11188/2020-05-03/2MUCD11188-20200503@163056-Eden.fits (202/303) (dry run)
Storing LOT20200503-2MUCD11188_mod/2MUCD11188-20200503@163210-Eden.fts -> s3://eden-data/RAW/LOT/2MUCD11188/2020-05-03/2MUCD11188-20200503@163210-Eden.fits (203/303) (dry run)
Storing LOT20200503-2MUCD11188_mod/2MUCD11188-20200503@163326-Eden.fts -> s3://eden-data/RAW/LOT/2MUCD11188/2020-05-03/2MUCD11188-20200503@163326-Eden.fits (204/303) (dry run)
Storing LOT20200503-2MUCD11188_mod/2MUCD11188-20200503@163442-Eden.fts -> s3://eden-data/RAW/LOT/2MUCD11188/2020-05-03/2MUCD11188-20200503@163442-Eden.fits (205/303) (dry run)
Storing LOT20200503-2MUCD11188_mod/2MUCD11188-20200503@163555-Eden.fts -> s3://eden-data/RAW/LOT/2MUCD11188/2020-05-03/2MUCD11188-20200503@163555-Eden.fits (206/303) (dry run)
Storing LOT20200503-2MUCD11188_mod/2MUCD11188-20200503@163710-Eden.fts -> s3://eden-data/RAW/LOT/2MUCD11188/2020-05-03/2MUCD11188-20200503@163710-Eden.fits (207/303) (dry run)
Storing LOT20200503-2MUCD11188_mod/2MUCD11188-20200503@163825-Eden.fts -> s3://eden-data/RAW/LOT/2MUCD11188/2020-05-03/2MUCD11188-20200503@163825-Eden.fits (208/303) (dry run)
Storing LOT20200503-2MUCD11188_mod/2MUCD11188-20200503@163940-Eden.fts -> s3://eden-data/RAW/LOT/2MUCD11188/2020-05-03/2MUCD11188-20200503@163940-Eden.fits (209/303) (dry run)
Storing LOT20200503-2MUCD11188_mod/2MUCD11188-20200503@164054-Eden.fts -> s3://eden-data/RAW/LOT/2MUCD11188/2020-05-03/2MUCD11188-20200503@164054-Eden.fits (210/303) (dry run)
Storing LOT20200503-2MUCD11188_mod/2MUCD11188-20200503@164209-Eden.fts -> s3://eden-data/RAW/LOT/2MUCD11188/2020-05-03/2MUCD11188-20200503@164209-Eden.fits (211/303) (dry run)
Storing LOT20200503-2MUCD11188_mod/2MUCD11188-20200503@164323-Eden.fts -> s3://eden-data/RAW/LOT/2MUCD11188/2020-05-03/2MUCD11188-20200503@164323-Eden.fits (212/303) (dry run)
Storing LOT20200503-2MUCD11188_mod/2MUCD11188-20200503@164438-Eden.fts -> s3://eden-data/RAW/LOT/2MUCD11188/2020-05-03/2MUCD11188-20200503@164438-Eden.fits (213/303) (dry run)
Storing LOT20200503-2MUCD11188_mod/2MUCD11188-20200503@164553-Eden.fts -> s3://eden-data/RAW/LOT/2MUCD11188/2020-05-03/2MUCD11188-20200503@164553-Eden.fits (214/303) (dry run)
Storing LOT20200503-2MUCD11188_mod/2MUCD11188-20200503@164708-Eden.fts -> s3://eden-data/RAW/LOT/2MUCD11188/2020-05-03/2MUCD11188-20200503@164708-Eden.fits (215/303) (dry run)
Storing LOT20200503-2MUCD11188_mod/2MUCD11188-20200503@164822-Eden.fts -> s3://eden-data/RAW/LOT/2MUCD11188/2020-05-03/2MUCD11188-20200503@164822-Eden.fits (216/303) (dry run)
Storing LOT20200503-2MUCD11188_mod/2MUCD11188-20200503@164936-Eden.fts -> s3://eden-data/RAW/LOT/2MUCD11188/2020-05-03/2MUCD11188-20200503@164936-Eden.fits (217/303) (dry run)
Storing LOT20200503-2MUCD11188_mod/2MUCD11188-20200503@165052-Eden.fts -> s3://eden-data/RAW/LOT/2MUCD11188/2020-05-03/2MUCD11188-20200503@165052-Eden.fits (218/303) (dry run)
Storing LOT20200503-2MUCD11188_mod/2MUCD11188-20200503@165208-Eden.fts -> s3://eden-data/RAW/LOT/2MUCD11188/2020-05-03/2MUCD11188-20200503@165208-Eden.fits (219/303) (dry run)
Storing LOT20200503-2MUCD11188_mod/2MUCD11188-20200503@165323-Eden.fts -> s3://eden-data/RAW/LOT/2MUCD11188/2020-05-03/2MUCD11188-20200503@165323-Eden.fits (220/303) (dry run)
Storing LOT20200503-2MUCD11188_mod/2MUCD11188-20200503@165437-Eden.fts -> s3://eden-data/RAW/LOT/2MUCD11188/2020-05-03/2MUCD11188-20200503@165437-Eden.fits (221/303) (dry run)
Storing LOT20200503-2MUCD11188_mod/2MUCD11188-20200503@165552-Eden.fts -> s3://eden-data/RAW/LOT/2MUCD11188/2020-05-03/2MUCD11188-20200503@165552-Eden.fits (222/303) (dry run)
Storing LOT20200503-2MUCD11188_mod/2MUCD11188-20200503@165706-Eden.fts -> s3://eden-data/RAW/LOT/2MUCD11188/2020-05-03/2MUCD11188-20200503@165706-Eden.fits (223/303) (dry run)
Storing LOT20200503-2MUCD11188_mod/2MUCD11188-20200503@165820-Eden.fts -> s3://eden-data/RAW/LOT/2MUCD11188/2020-05-03/2MUCD11188-20200503@165820-Eden.fits (224/303) (dry run)
Storing LOT20200503-2MUCD11188_mod/2MUCD11188-20200503@165933-Eden.fts -> s3://eden-data/RAW/LOT/2MUCD11188/2020-05-03/2MUCD11188-20200503@165933-Eden.fits (225/303) (dry run)
Storing LOT20200503-2MUCD11188_mod/2MUCD11188-20200503@170048-Eden.fts -> s3://eden-data/RAW/LOT/2MUCD11188/2020-05-03/2MUCD11188-20200503@170048-Eden.fits (226/303) (dry run)
Storing LOT20200503-2MUCD11188_mod/2MUCD11188-20200503@170201-Eden.fts -> s3://eden-data/RAW/LOT/2MUCD11188/2020-05-03/2MUCD11188-20200503@170201-Eden.fits (227/303) (dry run)
Storing LOT20200503-2MUCD11188_mod/2MUCD11188-20200503@170317-Eden.fts -> s3://eden-data/RAW/LOT/2MUCD11188/2020-05-03/2MUCD11188-20200503@170317-Eden.fits (228/303) (dry run)
Storing LOT20200503-2MUCD11188_mod/2MUCD11188-20200503@170433-Eden.fts -> s3://eden-data/RAW/LOT/2MUCD11188/2020-05-03/2MUCD11188-20200503@170433-Eden.fits (229/303) (dry run)
Storing LOT20200503-2MUCD11188_mod/2MUCD11188-20200503@170548-Eden.fts -> s3://eden-data/RAW/LOT/2MUCD11188/2020-05-03/2MUCD11188-20200503@170548-Eden.fits (230/303) (dry run)
Storing LOT20200503-2MUCD11188_mod/2MUCD11188-20200503@170704-Eden.fts -> s3://eden-data/RAW/LOT/2MUCD11188/2020-05-03/2MUCD11188-20200503@170704-Eden.fits (231/303) (dry run)
Storing LOT20200503-2MUCD11188_mod/2MUCD11188-20200503@170818-Eden.fts -> s3://eden-data/RAW/LOT/2MUCD11188/2020-05-03/2MUCD11188-20200503@170818-Eden.fits (232/303) (dry run)
Storing LOT20200503-2MUCD11188_mod/2MUCD11188-20200503@170933-Eden.fts -> s3://eden-data/RAW/LOT/2MUCD11188/2020-05-03/2MUCD11188-20200503@170933-Eden.fits (233/303) (dry run)
Storing LOT20200503-2MUCD11188_mod/2MUCD11188-20200503@171046-Eden.fts -> s3://eden-data/RAW/LOT/2MUCD11188/2020-05-03/2MUCD11188-20200503@171046-Eden.fits (234/303) (dry run)
Storing LOT20200503-2MUCD11188_mod/2MUCD11188-20200503@171201-Eden.fts -> s3://eden-data/RAW/LOT/2MUCD11188/2020-05-03/2MUCD11188-20200503@171201-Eden.fits (235/303) (dry run)
Storing LOT20200503-2MUCD11188_mod/2MUCD11188-20200503@171316-Eden.fts -> s3://eden-data/RAW/LOT/2MUCD11188/2020-05-03/2MUCD11188-20200503@171316-Eden.fits (236/303) (dry run)
Storing LOT20200503-2MUCD11188_mod/2MUCD11188-20200503@171432-Eden.fts -> s3://eden-data/RAW/LOT/2MUCD11188/2020-05-03/2MUCD11188-20200503@171432-Eden.fits (237/303) (dry run)
Storing LOT20200503-2MUCD11188_mod/2MUCD11188-20200503@171545-Eden.fts -> s3://eden-data/RAW/LOT/2MUCD11188/2020-05-03/2MUCD11188-20200503@171545-Eden.fits (238/303) (dry run)
Storing LOT20200503-2MUCD11188_mod/2MUCD11188-20200503@171700-Eden.fts -> s3://eden-data/RAW/LOT/2MUCD11188/2020-05-03/2MUCD11188-20200503@171700-Eden.fits (239/303) (dry run)
Storing LOT20200503-2MUCD11188_mod/2MUCD11188-20200503@171814-Eden.fts -> s3://eden-data/RAW/LOT/2MUCD11188/2020-05-03/2MUCD11188-20200503@171814-Eden.fits (240/303) (dry run)
Storing LOT20200503-2MUCD11188_mod/2MUCD11188-20200503@171928-Eden.fts -> s3://eden-data/RAW/LOT/2MUCD11188/2020-05-03/2MUCD11188-20200503@171928-Eden.fits (241/303) (dry run)
Storing LOT20200503-2MUCD11188_mod/2MUCD11188-20200503@172043-Eden.fts -> s3://eden-data/RAW/LOT/2MUCD11188/2020-05-03/2MUCD11188-20200503@172043-Eden.fits (242/303) (dry run)
Storing LOT20200503-2MUCD11188_mod/2MUCD11188-20200503@172157-Eden.fts -> s3://eden-data/RAW/LOT/2MUCD11188/2020-05-03/2MUCD11188-20200503@172157-Eden.fits (243/303) (dry run)
Storing LOT20200503-2MUCD11188_mod/2MUCD11188-20200503@172312-Eden.fts -> s3://eden-data/RAW/LOT/2MUCD11188/2020-05-03/2MUCD11188-20200503@172312-Eden.fits (244/303) (dry run)
Storing LOT20200503-2MUCD11188_mod/2MUCD11188-20200503@172426-Eden.fts -> s3://eden-data/RAW/LOT/2MUCD11188/2020-05-03/2MUCD11188-20200503@172426-Eden.fits (245/303) (dry run)
Storing LOT20200503-2MUCD11188_mod/2MUCD11188-20200503@172542-Eden.fts -> s3://eden-data/RAW/LOT/2MUCD11188/2020-05-03/2MUCD11188-20200503@172542-Eden.fits (246/303) (dry run)
Storing LOT20200503-2MUCD11188_mod/2MUCD11188-20200503@172656-Eden.fts -> s3://eden-data/RAW/LOT/2MUCD11188/2020-05-03/2MUCD11188-20200503@172656-Eden.fits (247/303) (dry run)
Storing LOT20200503-2MUCD11188_mod/2MUCD11188-20200503@172810-Eden.fts -> s3://eden-data/RAW/LOT/2MUCD11188/2020-05-03/2MUCD11188-20200503@172810-Eden.fits (248/303) (dry run)
Storing LOT20200503-2MUCD11188_mod/2MUCD11188-20200503@172924-Eden.fts -> s3://eden-data/RAW/LOT/2MUCD11188/2020-05-03/2MUCD11188-20200503@172924-Eden.fits (249/303) (dry run)
Storing LOT20200503-2MUCD11188_mod/2MUCD11188-20200503@173039-Eden.fts -> s3://eden-data/RAW/LOT/2MUCD11188/2020-05-03/2MUCD11188-20200503@173039-Eden.fits (250/303) (dry run)
Storing LOT20200503-2MUCD11188_mod/2MUCD11188-20200503@173153-Eden.fts -> s3://eden-data/RAW/LOT/2MUCD11188/2020-05-03/2MUCD11188-20200503@173153-Eden.fits (251/303) (dry run)
Storing LOT20200503-2MUCD11188_mod/2MUCD11188-20200503@173307-Eden.fts -> s3://eden-data/RAW/LOT/2MUCD11188/2020-05-03/2MUCD11188-20200503@173307-Eden.fits (252/303) (dry run)
Storing LOT20200503-2MUCD11188_mod/2MUCD11188-20200503@173422-Eden.fts -> s3://eden-data/RAW/LOT/2MUCD11188/2020-05-03/2MUCD11188-20200503@173422-Eden.fits (253/303) (dry run)
Storing LOT20200503-2MUCD11188_mod/2MUCD11188-20200503@173537-Eden.fts -> s3://eden-data/RAW/LOT/2MUCD11188/2020-05-03/2MUCD11188-20200503@173537-Eden.fits (254/303) (dry run)
Storing LOT20200503-2MUCD11188_mod/2MUCD11188-20200503@173652-Eden.fts -> s3://eden-data/RAW/LOT/2MUCD11188/2020-05-03/2MUCD11188-20200503@173652-Eden.fits (255/303) (dry run)
Storing LOT20200503-2MUCD11188_mod/2MUCD11188-20200503@173806-Eden.fts -> s3://eden-data/RAW/LOT/2MUCD11188/2020-05-03/2MUCD11188-20200503@173806-Eden.fits (256/303) (dry run)
Storing LOT20200503-2MUCD11188_mod/2MUCD11188-20200503@173920-Eden.fts -> s3://eden-data/RAW/LOT/2MUCD11188/2020-05-03/2MUCD11188-20200503@173920-Eden.fits (257/303) (dry run)
Storing LOT20200503-2MUCD11188_mod/2MUCD11188-20200503@174034-Eden.fts -> s3://eden-data/RAW/LOT/2MUCD11188/2020-05-03/2MUCD11188-20200503@174034-Eden.fits (258/303) (dry run)
Storing LOT20200503-2MUCD11188_mod/2MUCD11188-20200503@174149-Eden.fts -> s3://eden-data/RAW/LOT/2MUCD11188/2020-05-03/2MUCD11188-20200503@174149-Eden.fits (259/303) (dry run)
Storing LOT20200503-2MUCD11188_mod/2MUCD11188-20200503@174302-Eden.fts -> s3://eden-data/RAW/LOT/2MUCD11188/2020-05-03/2MUCD11188-20200503@174302-Eden.fits (260/303) (dry run)
Storing LOT20200503-2MUCD11188_mod/2MUCD11188-20200503@174416-Eden.fts -> s3://eden-data/RAW/LOT/2MUCD11188/2020-05-03/2MUCD11188-20200503@174416-Eden.fits (261/303) (dry run)
Storing LOT20200503-2MUCD11188_mod/2MUCD11188-20200503@174530-Eden.fts -> s3://eden-data/RAW/LOT/2MUCD11188/2020-05-03/2MUCD11188-20200503@174530-Eden.fits (262/303) (dry run)
Storing LOT20200503-2MUCD11188_mod/2MUCD11188-20200503@174644-Eden.fts -> s3://eden-data/RAW/LOT/2MUCD11188/2020-05-03/2MUCD11188-20200503@174644-Eden.fits (263/303) (dry run)
Storing LOT20200503-2MUCD11188_mod/2MUCD11188-20200503@174758-Eden.fts -> s3://eden-data/RAW/LOT/2MUCD11188/2020-05-03/2MUCD11188-20200503@174758-Eden.fits (264/303) (dry run)
Storing LOT20200503-2MUCD11188_mod/2MUCD11188-20200503@174913-Eden.fts -> s3://eden-data/RAW/LOT/2MUCD11188/2020-05-03/2MUCD11188-20200503@174913-Eden.fits (265/303) (dry run)
Storing LOT20200503-2MUCD11188_mod/2MUCD11188-20200503@175029-Eden.fts -> s3://eden-data/RAW/LOT/2MUCD11188/2020-05-03/2MUCD11188-20200503@175029-Eden.fits (266/303) (dry run)
Storing LOT20200503-2MUCD11188_mod/2MUCD11188-20200503@175144-Eden.fts -> s3://eden-data/RAW/LOT/2MUCD11188/2020-05-03/2MUCD11188-20200503@175144-Eden.fits (267/303) (dry run)
Storing LOT20200503-2MUCD11188_mod/2MUCD11188-20200503@175258-Eden.fts -> s3://eden-data/RAW/LOT/2MUCD11188/2020-05-03/2MUCD11188-20200503@175258-Eden.fits (268/303) (dry run)
Storing LOT20200503-2MUCD11188_mod/2MUCD11188-20200503@175414-Eden.fts -> s3://eden-data/RAW/LOT/2MUCD11188/2020-05-03/2MUCD11188-20200503@175414-Eden.fits (269/303) (dry run)
Storing LOT20200503-2MUCD11188_mod/2MUCD11188-20200503@175528-Eden.fts -> s3://eden-data/RAW/LOT/2MUCD11188/2020-05-03/2MUCD11188-20200503@175528-Eden.fits (270/303) (dry run)
Storing LOT20200503-2MUCD11188_mod/2MUCD11188-20200503@175642-Eden.fts -> s3://eden-data/RAW/LOT/2MUCD11188/2020-05-03/2MUCD11188-20200503@175642-Eden.fits (271/303) (dry run)
Storing LOT20200503-2MUCD11188_mod/2MUCD11188-20200503@175756-Eden.fts -> s3://eden-data/RAW/LOT/2MUCD11188/2020-05-03/2MUCD11188-20200503@175756-Eden.fits (272/303) (dry run)
Storing LOT20200503-2MUCD11188_mod/2MUCD11188-20200503@175910-Eden.fts -> s3://eden-data/RAW/LOT/2MUCD11188/2020-05-03/2MUCD11188-20200503@175910-Eden.fits (273/303) (dry run)
Storing LOT20200503-2MUCD11188_mod/Bias-20200503@212239-000S.fts -> s3://eden-data/Calibrations/LOT/BIAS/2020-05-03/Bias-20200503@212239-000S.fits (274/303) (dry run)
Storing LOT20200503-2MUCD11188_mod/Bias-20200503@212248-000S.fts -> s3://eden-data/Calibrations/LOT/BIAS/2020-05-03/Bias-20200503@212248-000S.fits (275/303) (dry run)
Storing LOT20200503-2MUCD11188_mod/Bias-20200503@212251-000S.fts -> s3://eden-data/Calibrations/LOT/BIAS/2020-05-03/Bias-20200503@212251-000S.fits (276/303) (dry run)
Storing LOT20200503-2MUCD11188_mod/Bias-20200503@212255-000S.fts -> s3://eden-data/Calibrations/LOT/BIAS/2020-05-03/Bias-20200503@212255-000S.fits (277/303) (dry run)
Storing LOT20200503-2MUCD11188_mod/Bias-20200503@212259-000S.fts -> s3://eden-data/Calibrations/LOT/BIAS/2020-05-03/Bias-20200503@212259-000S.fits (278/303) (dry run)
Storing LOT20200503-2MUCD11188_mod/Bias-20200503@212303-000S.fts -> s3://eden-data/Calibrations/LOT/BIAS/2020-05-03/Bias-20200503@212303-000S.fits (279/303) (dry run)
Storing LOT20200503-2MUCD11188_mod/Bias-20200503@212307-000S.fts -> s3://eden-data/Calibrations/LOT/BIAS/2020-05-03/Bias-20200503@212307-000S.fits (280/303) (dry run)
Storing LOT20200503-2MUCD11188_mod/Bias-20200503@212310-000S.fts -> s3://eden-data/Calibrations/LOT/BIAS/2020-05-03/Bias-20200503@212310-000S.fits (281/303) (dry run)
Storing LOT20200503-2MUCD11188_mod/Bias-20200503@212314-000S.fts -> s3://eden-data/Calibrations/LOT/BIAS/2020-05-03/Bias-20200503@212314-000S.fits (282/303) (dry run)
Storing LOT20200503-2MUCD11188_mod/Bias-20200503@212318-000S.fts -> s3://eden-data/Calibrations/LOT/BIAS/2020-05-03/Bias-20200503@212318-000S.fits (283/303) (dry run)
Storing LOT20200503-2MUCD11188_mod/Bias-20200503@222326-000S.fts -> s3://eden-data/Calibrations/LOT/BIAS/2020-05-03/Bias-20200503@222326-000S.fits (284/303) (dry run)
Storing LOT20200503-2MUCD11188_mod/Bias-20200503@222334-000S.fts -> s3://eden-data/Calibrations/LOT/BIAS/2020-05-03/Bias-20200503@222334-000S.fits (285/303) (dry run)
Storing LOT20200503-2MUCD11188_mod/Bias-20200503@222341-000S.fts -> s3://eden-data/Calibrations/LOT/BIAS/2020-05-03/Bias-20200503@222341-000S.fits (286/303) (dry run)
Storing LOT20200503-2MUCD11188_mod/Bias-20200503@222349-000S.fts -> s3://eden-data/Calibrations/LOT/BIAS/2020-05-03/Bias-20200503@222349-000S.fits (287/303) (dry run)
Storing LOT20200503-2MUCD11188_mod/Bias-20200503@222355-000S.fts -> s3://eden-data/Calibrations/LOT/BIAS/2020-05-03/Bias-20200503@222355-000S.fits (288/303) (dry run)
Storing LOT20200503-2MUCD11188_mod/Bias-20200503@222402-000S.fts -> s3://eden-data/Calibrations/LOT/BIAS/2020-05-03/Bias-20200503@222402-000S.fits (289/303) (dry run)
Storing LOT20200503-2MUCD11188_mod/Bias-20200503@222410-000S.fts -> s3://eden-data/Calibrations/LOT/BIAS/2020-05-03/Bias-20200503@222410-000S.fits (290/303) (dry run)
Storing LOT20200503-2MUCD11188_mod/Bias-20200503@222416-000S.fts -> s3://eden-data/Calibrations/LOT/BIAS/2020-05-03/Bias-20200503@222416-000S.fits (291/303) (dry run)
Storing LOT20200503-2MUCD11188_mod/Bias-20200503@222423-000S.fts -> s3://eden-data/Calibrations/LOT/BIAS/2020-05-03/Bias-20200503@222423-000S.fits (292/303) (dry run)
Storing LOT20200503-2MUCD11188_mod/Bias-20200503@222429-000S.fts -> s3://eden-data/Calibrations/LOT/BIAS/2020-05-03/Bias-20200503@222429-000S.fits (293/303) (dry run)
Storing LOT20200503-2MUCD11188_mod/Dark-20200503@223540-060S.fts -> s3://eden-data/Calibrations/LOT/DARK/2020-05-03/Dark-20200503@223540-060S.fits (294/303) (dry run)
Storing LOT20200503-2MUCD11188_mod/Dark-20200503@223646-060S.fts -> s3://eden-data/Calibrations/LOT/DARK/2020-05-03/Dark-20200503@223646-060S.fits (295/303) (dry run)
Storing LOT20200503-2MUCD11188_mod/Dark-20200503@223753-060S.fts -> s3://eden-data/Calibrations/LOT/DARK/2020-05-03/Dark-20200503@223753-060S.fits (296/303) (dry run)
Storing LOT20200503-2MUCD11188_mod/Dark-20200503@223901-060S.fts -> s3://eden-data/Calibrations/LOT/DARK/2020-05-03/Dark-20200503@223901-060S.fits (297/303) (dry run)
Storing LOT20200503-2MUCD11188_mod/Dark-20200503@224008-060S.fts -> s3://eden-data/Calibrations/LOT/DARK/2020-05-03/Dark-20200503@224008-060S.fits (298/303) (dry run)
Storing LOT20200503-2MUCD11188_mod/Dark-20200503@224115-060S.fts -> s3://eden-data/Calibrations/LOT/DARK/2020-05-03/Dark-20200503@224115-060S.fits (299/303) (dry run)
Storing LOT20200503-2MUCD11188_mod/Dark-20200503@224222-060S.fts -> s3://eden-data/Calibrations/LOT/DARK/2020-05-03/Dark-20200503@224222-060S.fits (300/303) (dry run)
Storing LOT20200503-2MUCD11188_mod/Dark-20200503@224329-060S.fts -> s3://eden-data/Calibrations/LOT/DARK/2020-05-03/Dark-20200503@224329-060S.fits (301/303) (dry run)
Storing LOT20200503-2MUCD11188_mod/Dark-20200503@224436-060S.fts -> s3://eden-data/Calibrations/LOT/DARK/2020-05-03/Dark-20200503@224436-060S.fits (302/303) (dry run)
Storing LOT20200503-2MUCD11188_mod/Dark-20200503@224543-060S.fts -> s3://eden-data/Calibrations/LOT/DARK/2020-05-03/Dark-20200503@224543-060S.fits (303/303) (dry run)

Dry run complete! Run again without --dryrun to commit the changes above.
Stored: 303 files (2.5 GB)
