Bucket successfully loaded! eden-data
289 files found
Storing data to the S3 archive!
Doing a dry run - uploads will not be committed.
Verbose output enabled.
Storing ../LOT20191027-J0419_mod/Bias-20191027@205910-000S.fts -> s3://eden-data/Calibrations/LOT/BIAS/2019-10-27/Bias-20191027@205910-000S.fits (1/289) (dry run)
Storing ../LOT20191027-J0419_mod/Bias-20191027@205920-000S.fts -> s3://eden-data/Calibrations/LOT/BIAS/2019-10-27/Bias-20191027@205920-000S.fits (2/289) (dry run)
Storing ../LOT20191027-J0419_mod/Bias-20191027@205927-000S.fts -> s3://eden-data/Calibrations/LOT/BIAS/2019-10-27/Bias-20191027@205927-000S.fits (3/289) (dry run)
Storing ../LOT20191027-J0419_mod/Bias-20191027@205934-000S.fts -> s3://eden-data/Calibrations/LOT/BIAS/2019-10-27/Bias-20191027@205934-000S.fits (4/289) (dry run)
Storing ../LOT20191027-J0419_mod/Bias-20191027@205941-000S.fts -> s3://eden-data/Calibrations/LOT/BIAS/2019-10-27/Bias-20191027@205941-000S.fits (5/289) (dry run)
Storing ../LOT20191027-J0419_mod/Bias-20191027@205948-000S.fts -> s3://eden-data/Calibrations/LOT/BIAS/2019-10-27/Bias-20191027@205948-000S.fits (6/289) (dry run)
Storing ../LOT20191027-J0419_mod/Bias-20191027@205955-000S.fts -> s3://eden-data/Calibrations/LOT/BIAS/2019-10-27/Bias-20191027@205955-000S.fits (7/289) (dry run)
Storing ../LOT20191027-J0419_mod/Bias-20191027@210002-000S.fts -> s3://eden-data/Calibrations/LOT/BIAS/2019-10-27/Bias-20191027@210002-000S.fits (8/289) (dry run)
Storing ../LOT20191027-J0419_mod/Bias-20191027@210009-000S.fts -> s3://eden-data/Calibrations/LOT/BIAS/2019-10-27/Bias-20191027@210009-000S.fits (9/289) (dry run)
Storing ../LOT20191027-J0419_mod/Bias-20191027@210016-000S.fts -> s3://eden-data/Calibrations/LOT/BIAS/2019-10-27/Bias-20191027@210016-000S.fits (10/289) (dry run)
Storing ../LOT20191027-J0419_mod/Dark-20191027@210024-100S.fts -> s3://eden-data/Calibrations/LOT/DARK/2019-10-27/Dark-20191027@210024-100S.fits (11/289) (dry run)
Storing ../LOT20191027-J0419_mod/LSPM_J0419+4233-20191027@135435-Eden.fts -> s3://eden-data/RAW/LOT/LSPM_J0419+4233/2019-10-27/LSPM_J0419+4233-20191027@135435-Eden.fits (12/289) (dry run)
Storing ../LOT20191027-J0419_mod/LSPM_J0419+4233-20191027@135559-Eden.fts -> s3://eden-data/RAW/LOT/LSPM_J0419+4233/2019-10-27/LSPM_J0419+4233-20191027@135559-Eden.fits (13/289) (dry run)
Storing ../LOT20191027-J0419_mod/LSPM_J0419+4233-20191027@135711-Eden.fts -> s3://eden-data/RAW/LOT/LSPM_J0419+4233/2019-10-27/LSPM_J0419+4233-20191027@135711-Eden.fits (14/289) (dry run)
Storing ../LOT20191027-J0419_mod/LSPM_J0419+4233-20191027@135824-Eden.fts -> s3://eden-data/RAW/LOT/LSPM_J0419+4233/2019-10-27/LSPM_J0419+4233-20191027@135824-Eden.fits (15/289) (dry run)
Storing ../LOT20191027-J0419_mod/LSPM_J0419+4233-20191027@135936-Eden.fts -> s3://eden-data/RAW/LOT/LSPM_J0419+4233/2019-10-27/LSPM_J0419+4233-20191027@135936-Eden.fits (16/289) (dry run)
Storing ../LOT20191027-J0419_mod/LSPM_J0419+4233-20191027@140050-Eden.fts -> s3://eden-data/RAW/LOT/LSPM_J0419+4233/2019-10-27/LSPM_J0419+4233-20191027@140050-Eden.fits (17/289) (dry run)
Storing ../LOT20191027-J0419_mod/LSPM_J0419+4233-20191027@140202-Eden.fts -> s3://eden-data/RAW/LOT/LSPM_J0419+4233/2019-10-27/LSPM_J0419+4233-20191027@140202-Eden.fits (18/289) (dry run)
Storing ../LOT20191027-J0419_mod/LSPM_J0419+4233-20191027@140314-Eden.fts -> s3://eden-data/RAW/LOT/LSPM_J0419+4233/2019-10-27/LSPM_J0419+4233-20191027@140314-Eden.fits (19/289) (dry run)
Storing ../LOT20191027-J0419_mod/LSPM_J0419+4233-20191027@140426-Eden.fts -> s3://eden-data/RAW/LOT/LSPM_J0419+4233/2019-10-27/LSPM_J0419+4233-20191027@140426-Eden.fits (20/289) (dry run)
Storing ../LOT20191027-J0419_mod/LSPM_J0419+4233-20191027@140539-Eden.fts -> s3://eden-data/RAW/LOT/LSPM_J0419+4233/2019-10-27/LSPM_J0419+4233-20191027@140539-Eden.fits (21/289) (dry run)
Storing ../LOT20191027-J0419_mod/LSPM_J0419+4233-20191027@140650-Eden.fts -> s3://eden-data/RAW/LOT/LSPM_J0419+4233/2019-10-27/LSPM_J0419+4233-20191027@140650-Eden.fits (22/289) (dry run)
Storing ../LOT20191027-J0419_mod/LSPM_J0419+4233-20191027@140802-Eden.fts -> s3://eden-data/RAW/LOT/LSPM_J0419+4233/2019-10-27/LSPM_J0419+4233-20191027@140802-Eden.fits (23/289) (dry run)
Storing ../LOT20191027-J0419_mod/LSPM_J0419+4233-20191027@140914-Eden.fts -> s3://eden-data/RAW/LOT/LSPM_J0419+4233/2019-10-27/LSPM_J0419+4233-20191027@140914-Eden.fits (24/289) (dry run)
Storing ../LOT20191027-J0419_mod/LSPM_J0419+4233-20191027@141026-Eden.fts -> s3://eden-data/RAW/LOT/LSPM_J0419+4233/2019-10-27/LSPM_J0419+4233-20191027@141026-Eden.fits (25/289) (dry run)
Storing ../LOT20191027-J0419_mod/LSPM_J0419+4233-20191027@141137-Eden.fts -> s3://eden-data/RAW/LOT/LSPM_J0419+4233/2019-10-27/LSPM_J0419+4233-20191027@141137-Eden.fits (26/289) (dry run)
Storing ../LOT20191027-J0419_mod/LSPM_J0419+4233-20191027@141249-Eden.fts -> s3://eden-data/RAW/LOT/LSPM_J0419+4233/2019-10-27/LSPM_J0419+4233-20191027@141249-Eden.fits (27/289) (dry run)
Storing ../LOT20191027-J0419_mod/LSPM_J0419+4233-20191027@141402-Eden.fts -> s3://eden-data/RAW/LOT/LSPM_J0419+4233/2019-10-27/LSPM_J0419+4233-20191027@141402-Eden.fits (28/289) (dry run)
Storing ../LOT20191027-J0419_mod/LSPM_J0419+4233-20191027@141513-Eden.fts -> s3://eden-data/RAW/LOT/LSPM_J0419+4233/2019-10-27/LSPM_J0419+4233-20191027@141513-Eden.fits (29/289) (dry run)
Storing ../LOT20191027-J0419_mod/LSPM_J0419+4233-20191027@141625-Eden.fts -> s3://eden-data/RAW/LOT/LSPM_J0419+4233/2019-10-27/LSPM_J0419+4233-20191027@141625-Eden.fits (30/289) (dry run)
Storing ../LOT20191027-J0419_mod/LSPM_J0419+4233-20191027@141737-Eden.fts -> s3://eden-data/RAW/LOT/LSPM_J0419+4233/2019-10-27/LSPM_J0419+4233-20191027@141737-Eden.fits (31/289) (dry run)
Storing ../LOT20191027-J0419_mod/LSPM_J0419+4233-20191027@141849-Eden.fts -> s3://eden-data/RAW/LOT/LSPM_J0419+4233/2019-10-27/LSPM_J0419+4233-20191027@141849-Eden.fits (32/289) (dry run)
Storing ../LOT20191027-J0419_mod/LSPM_J0419+4233-20191027@142001-Eden.fts -> s3://eden-data/RAW/LOT/LSPM_J0419+4233/2019-10-27/LSPM_J0419+4233-20191027@142001-Eden.fits (33/289) (dry run)
Storing ../LOT20191027-J0419_mod/LSPM_J0419+4233-20191027@142113-Eden.fts -> s3://eden-data/RAW/LOT/LSPM_J0419+4233/2019-10-27/LSPM_J0419+4233-20191027@142113-Eden.fits (34/289) (dry run)
Storing ../LOT20191027-J0419_mod/LSPM_J0419+4233-20191027@142224-Eden.fts -> s3://eden-data/RAW/LOT/LSPM_J0419+4233/2019-10-27/LSPM_J0419+4233-20191027@142224-Eden.fits (35/289) (dry run)
Storing ../LOT20191027-J0419_mod/LSPM_J0419+4233-20191027@142336-Eden.fts -> s3://eden-data/RAW/LOT/LSPM_J0419+4233/2019-10-27/LSPM_J0419+4233-20191027@142336-Eden.fits (36/289) (dry run)
Storing ../LOT20191027-J0419_mod/LSPM_J0419+4233-20191027@142449-Eden.fts -> s3://eden-data/RAW/LOT/LSPM_J0419+4233/2019-10-27/LSPM_J0419+4233-20191027@142449-Eden.fits (37/289) (dry run)
Storing ../LOT20191027-J0419_mod/LSPM_J0419+4233-20191027@142601-Eden.fts -> s3://eden-data/RAW/LOT/LSPM_J0419+4233/2019-10-27/LSPM_J0419+4233-20191027@142601-Eden.fits (38/289) (dry run)
Storing ../LOT20191027-J0419_mod/LSPM_J0419+4233-20191027@142714-Eden.fts -> s3://eden-data/RAW/LOT/LSPM_J0419+4233/2019-10-27/LSPM_J0419+4233-20191027@142714-Eden.fits (39/289) (dry run)
Storing ../LOT20191027-J0419_mod/LSPM_J0419+4233-20191027@142826-Eden.fts -> s3://eden-data/RAW/LOT/LSPM_J0419+4233/2019-10-27/LSPM_J0419+4233-20191027@142826-Eden.fits (40/289) (dry run)
Storing ../LOT20191027-J0419_mod/LSPM_J0419+4233-20191027@142938-Eden.fts -> s3://eden-data/RAW/LOT/LSPM_J0419+4233/2019-10-27/LSPM_J0419+4233-20191027@142938-Eden.fits (41/289) (dry run)
Storing ../LOT20191027-J0419_mod/LSPM_J0419+4233-20191027@143050-Eden.fts -> s3://eden-data/RAW/LOT/LSPM_J0419+4233/2019-10-27/LSPM_J0419+4233-20191027@143050-Eden.fits (42/289) (dry run)
Storing ../LOT20191027-J0419_mod/LSPM_J0419+4233-20191027@143203-Eden.fts -> s3://eden-data/RAW/LOT/LSPM_J0419+4233/2019-10-27/LSPM_J0419+4233-20191027@143203-Eden.fits (43/289) (dry run)
Storing ../LOT20191027-J0419_mod/LSPM_J0419+4233-20191027@143314-Eden.fts -> s3://eden-data/RAW/LOT/LSPM_J0419+4233/2019-10-27/LSPM_J0419+4233-20191027@143314-Eden.fits (44/289) (dry run)
Storing ../LOT20191027-J0419_mod/LSPM_J0419+4233-20191027@143426-Eden.fts -> s3://eden-data/RAW/LOT/LSPM_J0419+4233/2019-10-27/LSPM_J0419+4233-20191027@143426-Eden.fits (45/289) (dry run)
Storing ../LOT20191027-J0419_mod/LSPM_J0419+4233-20191027@143538-Eden.fts -> s3://eden-data/RAW/LOT/LSPM_J0419+4233/2019-10-27/LSPM_J0419+4233-20191027@143538-Eden.fits (46/289) (dry run)
Storing ../LOT20191027-J0419_mod/LSPM_J0419+4233-20191027@143650-Eden.fts -> s3://eden-data/RAW/LOT/LSPM_J0419+4233/2019-10-27/LSPM_J0419+4233-20191027@143650-Eden.fits (47/289) (dry run)
Storing ../LOT20191027-J0419_mod/LSPM_J0419+4233-20191027@143802-Eden.fts -> s3://eden-data/RAW/LOT/LSPM_J0419+4233/2019-10-27/LSPM_J0419+4233-20191027@143802-Eden.fits (48/289) (dry run)
Storing ../LOT20191027-J0419_mod/LSPM_J0419+4233-20191027@143915-Eden.fts -> s3://eden-data/RAW/LOT/LSPM_J0419+4233/2019-10-27/LSPM_J0419+4233-20191027@143915-Eden.fits (49/289) (dry run)
Storing ../LOT20191027-J0419_mod/LSPM_J0419+4233-20191027@144026-Eden.fts -> s3://eden-data/RAW/LOT/LSPM_J0419+4233/2019-10-27/LSPM_J0419+4233-20191027@144026-Eden.fits (50/289) (dry run)
Storing ../LOT20191027-J0419_mod/LSPM_J0419+4233-20191027@144138-Eden.fts -> s3://eden-data/RAW/LOT/LSPM_J0419+4233/2019-10-27/LSPM_J0419+4233-20191027@144138-Eden.fits (51/289) (dry run)
Storing ../LOT20191027-J0419_mod/LSPM_J0419+4233-20191027@144250-Eden.fts -> s3://eden-data/RAW/LOT/LSPM_J0419+4233/2019-10-27/LSPM_J0419+4233-20191027@144250-Eden.fits (52/289) (dry run)
Storing ../LOT20191027-J0419_mod/LSPM_J0419+4233-20191027@144402-Eden.fts -> s3://eden-data/RAW/LOT/LSPM_J0419+4233/2019-10-27/LSPM_J0419+4233-20191027@144402-Eden.fits (53/289) (dry run)
Storing ../LOT20191027-J0419_mod/LSPM_J0419+4233-20191027@144514-Eden.fts -> s3://eden-data/RAW/LOT/LSPM_J0419+4233/2019-10-27/LSPM_J0419+4233-20191027@144514-Eden.fits (54/289) (dry run)
Storing ../LOT20191027-J0419_mod/LSPM_J0419+4233-20191027@144627-Eden.fts -> s3://eden-data/RAW/LOT/LSPM_J0419+4233/2019-10-27/LSPM_J0419+4233-20191027@144627-Eden.fits (55/289) (dry run)
Storing ../LOT20191027-J0419_mod/LSPM_J0419+4233-20191027@144738-Eden.fts -> s3://eden-data/RAW/LOT/LSPM_J0419+4233/2019-10-27/LSPM_J0419+4233-20191027@144738-Eden.fits (56/289) (dry run)
Storing ../LOT20191027-J0419_mod/LSPM_J0419+4233-20191027@144849-Eden.fts -> s3://eden-data/RAW/LOT/LSPM_J0419+4233/2019-10-27/LSPM_J0419+4233-20191027@144849-Eden.fits (57/289) (dry run)
Storing ../LOT20191027-J0419_mod/LSPM_J0419+4233-20191027@145003-Eden.fts -> s3://eden-data/RAW/LOT/LSPM_J0419+4233/2019-10-27/LSPM_J0419+4233-20191027@145003-Eden.fits (58/289) (dry run)
Storing ../LOT20191027-J0419_mod/LSPM_J0419+4233-20191027@145114-Eden.fts -> s3://eden-data/RAW/LOT/LSPM_J0419+4233/2019-10-27/LSPM_J0419+4233-20191027@145114-Eden.fits (59/289) (dry run)
Storing ../LOT20191027-J0419_mod/LSPM_J0419+4233-20191027@145225-Eden.fts -> s3://eden-data/RAW/LOT/LSPM_J0419+4233/2019-10-27/LSPM_J0419+4233-20191027@145225-Eden.fits (60/289) (dry run)
Storing ../LOT20191027-J0419_mod/LSPM_J0419+4233-20191027@145337-Eden.fts -> s3://eden-data/RAW/LOT/LSPM_J0419+4233/2019-10-27/LSPM_J0419+4233-20191027@145337-Eden.fits (61/289) (dry run)
Storing ../LOT20191027-J0419_mod/LSPM_J0419+4233-20191027@145449-Eden.fts -> s3://eden-data/RAW/LOT/LSPM_J0419+4233/2019-10-27/LSPM_J0419+4233-20191027@145449-Eden.fits (62/289) (dry run)
Storing ../LOT20191027-J0419_mod/LSPM_J0419+4233-20191027@145600-Eden.fts -> s3://eden-data/RAW/LOT/LSPM_J0419+4233/2019-10-27/LSPM_J0419+4233-20191027@145600-Eden.fits (63/289) (dry run)
Storing ../LOT20191027-J0419_mod/LSPM_J0419+4233-20191027@145712-Eden.fts -> s3://eden-data/RAW/LOT/LSPM_J0419+4233/2019-10-27/LSPM_J0419+4233-20191027@145712-Eden.fits (64/289) (dry run)
Storing ../LOT20191027-J0419_mod/LSPM_J0419+4233-20191027@145823-Eden.fts -> s3://eden-data/RAW/LOT/LSPM_J0419+4233/2019-10-27/LSPM_J0419+4233-20191027@145823-Eden.fits (65/289) (dry run)
Storing ../LOT20191027-J0419_mod/LSPM_J0419+4233-20191027@145935-Eden.fts -> s3://eden-data/RAW/LOT/LSPM_J0419+4233/2019-10-27/LSPM_J0419+4233-20191027@145935-Eden.fits (66/289) (dry run)
Storing ../LOT20191027-J0419_mod/LSPM_J0419+4233-20191027@150047-Eden.fts -> s3://eden-data/RAW/LOT/LSPM_J0419+4233/2019-10-27/LSPM_J0419+4233-20191027@150047-Eden.fits (67/289) (dry run)
Storing ../LOT20191027-J0419_mod/LSPM_J0419+4233-20191027@150158-Eden.fts -> s3://eden-data/RAW/LOT/LSPM_J0419+4233/2019-10-27/LSPM_J0419+4233-20191027@150158-Eden.fits (68/289) (dry run)
Storing ../LOT20191027-J0419_mod/LSPM_J0419+4233-20191027@150310-Eden.fts -> s3://eden-data/RAW/LOT/LSPM_J0419+4233/2019-10-27/LSPM_J0419+4233-20191027@150310-Eden.fits (69/289) (dry run)
Storing ../LOT20191027-J0419_mod/LSPM_J0419+4233-20191027@150422-Eden.fts -> s3://eden-data/RAW/LOT/LSPM_J0419+4233/2019-10-27/LSPM_J0419+4233-20191027@150422-Eden.fits (70/289) (dry run)
Storing ../LOT20191027-J0419_mod/LSPM_J0419+4233-20191027@150534-Eden.fts -> s3://eden-data/RAW/LOT/LSPM_J0419+4233/2019-10-27/LSPM_J0419+4233-20191027@150534-Eden.fits (71/289) (dry run)
Storing ../LOT20191027-J0419_mod/LSPM_J0419+4233-20191027@150645-Eden.fts -> s3://eden-data/RAW/LOT/LSPM_J0419+4233/2019-10-27/LSPM_J0419+4233-20191027@150645-Eden.fits (72/289) (dry run)
Storing ../LOT20191027-J0419_mod/LSPM_J0419+4233-20191027@150934-Eden.fts -> s3://eden-data/RAW/LOT/LSPM_J0419+4233/2019-10-27/LSPM_J0419+4233-20191027@150934-Eden.fits (73/289) (dry run)
Storing ../LOT20191027-J0419_mod/LSPM_J0419+4233-20191027@151056-Eden.fts -> s3://eden-data/RAW/LOT/LSPM_J0419+4233/2019-10-27/LSPM_J0419+4233-20191027@151056-Eden.fits (74/289) (dry run)
Storing ../LOT20191027-J0419_mod/LSPM_J0419+4233-20191027@151557-Eden.fts -> s3://eden-data/RAW/LOT/LSPM_J0419+4233/2019-10-27/LSPM_J0419+4233-20191027@151557-Eden.fits (75/289) (dry run)
Storing ../LOT20191027-J0419_mod/LSPM_J0419+4233-20191027@151724-Eden.fts -> s3://eden-data/RAW/LOT/LSPM_J0419+4233/2019-10-27/LSPM_J0419+4233-20191027@151724-Eden.fits (76/289) (dry run)
Storing ../LOT20191027-J0419_mod/LSPM_J0419+4233-20191027@151838-Eden.fts -> s3://eden-data/RAW/LOT/LSPM_J0419+4233/2019-10-27/LSPM_J0419+4233-20191027@151838-Eden.fits (77/289) (dry run)
Storing ../LOT20191027-J0419_mod/LSPM_J0419+4233-20191027@151953-Eden.fts -> s3://eden-data/RAW/LOT/LSPM_J0419+4233/2019-10-27/LSPM_J0419+4233-20191027@151953-Eden.fits (78/289) (dry run)
Storing ../LOT20191027-J0419_mod/LSPM_J0419+4233-20191027@152108-Eden.fts -> s3://eden-data/RAW/LOT/LSPM_J0419+4233/2019-10-27/LSPM_J0419+4233-20191027@152108-Eden.fits (79/289) (dry run)
Storing ../LOT20191027-J0419_mod/LSPM_J0419+4233-20191027@152222-Eden.fts -> s3://eden-data/RAW/LOT/LSPM_J0419+4233/2019-10-27/LSPM_J0419+4233-20191027@152222-Eden.fits (80/289) (dry run)
Storing ../LOT20191027-J0419_mod/LSPM_J0419+4233-20191027@152336-Eden.fts -> s3://eden-data/RAW/LOT/LSPM_J0419+4233/2019-10-27/LSPM_J0419+4233-20191027@152336-Eden.fits (81/289) (dry run)
Storing ../LOT20191027-J0419_mod/LSPM_J0419+4233-20191027@152451-Eden.fts -> s3://eden-data/RAW/LOT/LSPM_J0419+4233/2019-10-27/LSPM_J0419+4233-20191027@152451-Eden.fits (82/289) (dry run)
Storing ../LOT20191027-J0419_mod/LSPM_J0419+4233-20191027@152608-Eden.fts -> s3://eden-data/RAW/LOT/LSPM_J0419+4233/2019-10-27/LSPM_J0419+4233-20191027@152608-Eden.fits (83/289) (dry run)
Storing ../LOT20191027-J0419_mod/LSPM_J0419+4233-20191027@152723-Eden.fts -> s3://eden-data/RAW/LOT/LSPM_J0419+4233/2019-10-27/LSPM_J0419+4233-20191027@152723-Eden.fits (84/289) (dry run)
Storing ../LOT20191027-J0419_mod/LSPM_J0419+4233-20191027@152839-Eden.fts -> s3://eden-data/RAW/LOT/LSPM_J0419+4233/2019-10-27/LSPM_J0419+4233-20191027@152839-Eden.fits (85/289) (dry run)
Storing ../LOT20191027-J0419_mod/LSPM_J0419+4233-20191027@152953-Eden.fts -> s3://eden-data/RAW/LOT/LSPM_J0419+4233/2019-10-27/LSPM_J0419+4233-20191027@152953-Eden.fits (86/289) (dry run)
Storing ../LOT20191027-J0419_mod/LSPM_J0419+4233-20191027@153109-Eden.fts -> s3://eden-data/RAW/LOT/LSPM_J0419+4233/2019-10-27/LSPM_J0419+4233-20191027@153109-Eden.fits (87/289) (dry run)
Storing ../LOT20191027-J0419_mod/LSPM_J0419+4233-20191027@153224-Eden.fts -> s3://eden-data/RAW/LOT/LSPM_J0419+4233/2019-10-27/LSPM_J0419+4233-20191027@153224-Eden.fits (88/289) (dry run)
Storing ../LOT20191027-J0419_mod/LSPM_J0419+4233-20191027@153340-Eden.fts -> s3://eden-data/RAW/LOT/LSPM_J0419+4233/2019-10-27/LSPM_J0419+4233-20191027@153340-Eden.fits (89/289) (dry run)
Storing ../LOT20191027-J0419_mod/LSPM_J0419+4233-20191027@153454-Eden.fts -> s3://eden-data/RAW/LOT/LSPM_J0419+4233/2019-10-27/LSPM_J0419+4233-20191027@153454-Eden.fits (90/289) (dry run)
Storing ../LOT20191027-J0419_mod/LSPM_J0419+4233-20191027@153607-Eden.fts -> s3://eden-data/RAW/LOT/LSPM_J0419+4233/2019-10-27/LSPM_J0419+4233-20191027@153607-Eden.fits (91/289) (dry run)
Storing ../LOT20191027-J0419_mod/LSPM_J0419+4233-20191027@153724-Eden.fts -> s3://eden-data/RAW/LOT/LSPM_J0419+4233/2019-10-27/LSPM_J0419+4233-20191027@153724-Eden.fits (92/289) (dry run)
Storing ../LOT20191027-J0419_mod/LSPM_J0419+4233-20191027@153838-Eden.fts -> s3://eden-data/RAW/LOT/LSPM_J0419+4233/2019-10-27/LSPM_J0419+4233-20191027@153838-Eden.fits (93/289) (dry run)
Storing ../LOT20191027-J0419_mod/LSPM_J0419+4233-20191027@153954-Eden.fts -> s3://eden-data/RAW/LOT/LSPM_J0419+4233/2019-10-27/LSPM_J0419+4233-20191027@153954-Eden.fits (94/289) (dry run)
Storing ../LOT20191027-J0419_mod/LSPM_J0419+4233-20191027@154108-Eden.fts -> s3://eden-data/RAW/LOT/LSPM_J0419+4233/2019-10-27/LSPM_J0419+4233-20191027@154108-Eden.fits (95/289) (dry run)
Storing ../LOT20191027-J0419_mod/LSPM_J0419+4233-20191027@154223-Eden.fts -> s3://eden-data/RAW/LOT/LSPM_J0419+4233/2019-10-27/LSPM_J0419+4233-20191027@154223-Eden.fits (96/289) (dry run)
Storing ../LOT20191027-J0419_mod/LSPM_J0419+4233-20191027@154339-Eden.fts -> s3://eden-data/RAW/LOT/LSPM_J0419+4233/2019-10-27/LSPM_J0419+4233-20191027@154339-Eden.fits (97/289) (dry run)
Storing ../LOT20191027-J0419_mod/LSPM_J0419+4233-20191027@154453-Eden.fts -> s3://eden-data/RAW/LOT/LSPM_J0419+4233/2019-10-27/LSPM_J0419+4233-20191027@154453-Eden.fits (98/289) (dry run)
Storing ../LOT20191027-J0419_mod/LSPM_J0419+4233-20191027@154607-Eden.fts -> s3://eden-data/RAW/LOT/LSPM_J0419+4233/2019-10-27/LSPM_J0419+4233-20191027@154607-Eden.fits (99/289) (dry run)
Storing ../LOT20191027-J0419_mod/LSPM_J0419+4233-20191027@154721-Eden.fts -> s3://eden-data/RAW/LOT/LSPM_J0419+4233/2019-10-27/LSPM_J0419+4233-20191027@154721-Eden.fits (100/289) (dry run)
Storing ../LOT20191027-J0419_mod/LSPM_J0419+4233-20191027@154836-Eden.fts -> s3://eden-data/RAW/LOT/LSPM_J0419+4233/2019-10-27/LSPM_J0419+4233-20191027@154836-Eden.fits (101/289) (dry run)
Storing ../LOT20191027-J0419_mod/LSPM_J0419+4233-20191027@154950-Eden.fts -> s3://eden-data/RAW/LOT/LSPM_J0419+4233/2019-10-27/LSPM_J0419+4233-20191027@154950-Eden.fits (102/289) (dry run)
Storing ../LOT20191027-J0419_mod/LSPM_J0419+4233-20191027@155105-Eden.fts -> s3://eden-data/RAW/LOT/LSPM_J0419+4233/2019-10-27/LSPM_J0419+4233-20191027@155105-Eden.fits (103/289) (dry run)
Storing ../LOT20191027-J0419_mod/LSPM_J0419+4233-20191027@155220-Eden.fts -> s3://eden-data/RAW/LOT/LSPM_J0419+4233/2019-10-27/LSPM_J0419+4233-20191027@155220-Eden.fits (104/289) (dry run)
Storing ../LOT20191027-J0419_mod/LSPM_J0419+4233-20191027@155335-Eden.fts -> s3://eden-data/RAW/LOT/LSPM_J0419+4233/2019-10-27/LSPM_J0419+4233-20191027@155335-Eden.fits (105/289) (dry run)
Storing ../LOT20191027-J0419_mod/LSPM_J0419+4233-20191027@155450-Eden.fts -> s3://eden-data/RAW/LOT/LSPM_J0419+4233/2019-10-27/LSPM_J0419+4233-20191027@155450-Eden.fits (106/289) (dry run)
Storing ../LOT20191027-J0419_mod/LSPM_J0419+4233-20191027@155605-Eden.fts -> s3://eden-data/RAW/LOT/LSPM_J0419+4233/2019-10-27/LSPM_J0419+4233-20191027@155605-Eden.fits (107/289) (dry run)
Storing ../LOT20191027-J0419_mod/LSPM_J0419+4233-20191027@155720-Eden.fts -> s3://eden-data/RAW/LOT/LSPM_J0419+4233/2019-10-27/LSPM_J0419+4233-20191027@155720-Eden.fits (108/289) (dry run)
Storing ../LOT20191027-J0419_mod/LSPM_J0419+4233-20191027@155834-Eden.fts -> s3://eden-data/RAW/LOT/LSPM_J0419+4233/2019-10-27/LSPM_J0419+4233-20191027@155834-Eden.fits (109/289) (dry run)
Storing ../LOT20191027-J0419_mod/LSPM_J0419+4233-20191027@155949-Eden.fts -> s3://eden-data/RAW/LOT/LSPM_J0419+4233/2019-10-27/LSPM_J0419+4233-20191027@155949-Eden.fits (110/289) (dry run)
Storing ../LOT20191027-J0419_mod/LSPM_J0419+4233-20191027@160105-Eden.fts -> s3://eden-data/RAW/LOT/LSPM_J0419+4233/2019-10-27/LSPM_J0419+4233-20191027@160105-Eden.fits (111/289) (dry run)
Storing ../LOT20191027-J0419_mod/LSPM_J0419+4233-20191027@160220-Eden.fts -> s3://eden-data/RAW/LOT/LSPM_J0419+4233/2019-10-27/LSPM_J0419+4233-20191027@160220-Eden.fits (112/289) (dry run)
Storing ../LOT20191027-J0419_mod/LSPM_J0419+4233-20191027@160336-Eden.fts -> s3://eden-data/RAW/LOT/LSPM_J0419+4233/2019-10-27/LSPM_J0419+4233-20191027@160336-Eden.fits (113/289) (dry run)
Storing ../LOT20191027-J0419_mod/LSPM_J0419+4233-20191027@160450-Eden.fts -> s3://eden-data/RAW/LOT/LSPM_J0419+4233/2019-10-27/LSPM_J0419+4233-20191027@160450-Eden.fits (114/289) (dry run)
Storing ../LOT20191027-J0419_mod/LSPM_J0419+4233-20191027@160605-Eden.fts -> s3://eden-data/RAW/LOT/LSPM_J0419+4233/2019-10-27/LSPM_J0419+4233-20191027@160605-Eden.fits (115/289) (dry run)
Storing ../LOT20191027-J0419_mod/LSPM_J0419+4233-20191027@160719-Eden.fts -> s3://eden-data/RAW/LOT/LSPM_J0419+4233/2019-10-27/LSPM_J0419+4233-20191027@160719-Eden.fits (116/289) (dry run)
Storing ../LOT20191027-J0419_mod/LSPM_J0419+4233-20191027@161151-Eden.fts -> s3://eden-data/RAW/LOT/LSPM_J0419+4233/2019-10-27/LSPM_J0419+4233-20191027@161151-Eden.fits (117/289) (dry run)
Storing ../LOT20191027-J0419_mod/LSPM_J0419+4233-20191027@161318-Eden.fts -> s3://eden-data/RAW/LOT/LSPM_J0419+4233/2019-10-27/LSPM_J0419+4233-20191027@161318-Eden.fits (118/289) (dry run)
Storing ../LOT20191027-J0419_mod/LSPM_J0419+4233-20191027@161433-Eden.fts -> s3://eden-data/RAW/LOT/LSPM_J0419+4233/2019-10-27/LSPM_J0419+4233-20191027@161433-Eden.fits (119/289) (dry run)
Storing ../LOT20191027-J0419_mod/LSPM_J0419+4233-20191027@161547-Eden.fts -> s3://eden-data/RAW/LOT/LSPM_J0419+4233/2019-10-27/LSPM_J0419+4233-20191027@161547-Eden.fits (120/289) (dry run)
Storing ../LOT20191027-J0419_mod/LSPM_J0419+4233-20191027@161701-Eden.fts -> s3://eden-data/RAW/LOT/LSPM_J0419+4233/2019-10-27/LSPM_J0419+4233-20191027@161701-Eden.fits (121/289) (dry run)
Storing ../LOT20191027-J0419_mod/LSPM_J0419+4233-20191027@161816-Eden.fts -> s3://eden-data/RAW/LOT/LSPM_J0419+4233/2019-10-27/LSPM_J0419+4233-20191027@161816-Eden.fits (122/289) (dry run)
Storing ../LOT20191027-J0419_mod/LSPM_J0419+4233-20191027@161931-Eden.fts -> s3://eden-data/RAW/LOT/LSPM_J0419+4233/2019-10-27/LSPM_J0419+4233-20191027@161931-Eden.fits (123/289) (dry run)
Storing ../LOT20191027-J0419_mod/LSPM_J0419+4233-20191027@162046-Eden.fts -> s3://eden-data/RAW/LOT/LSPM_J0419+4233/2019-10-27/LSPM_J0419+4233-20191027@162046-Eden.fits (124/289) (dry run)
Storing ../LOT20191027-J0419_mod/LSPM_J0419+4233-20191027@162200-Eden.fts -> s3://eden-data/RAW/LOT/LSPM_J0419+4233/2019-10-27/LSPM_J0419+4233-20191027@162200-Eden.fits (125/289) (dry run)
Storing ../LOT20191027-J0419_mod/LSPM_J0419+4233-20191027@162314-Eden.fts -> s3://eden-data/RAW/LOT/LSPM_J0419+4233/2019-10-27/LSPM_J0419+4233-20191027@162314-Eden.fits (126/289) (dry run)
Storing ../LOT20191027-J0419_mod/LSPM_J0419+4233-20191027@162428-Eden.fts -> s3://eden-data/RAW/LOT/LSPM_J0419+4233/2019-10-27/LSPM_J0419+4233-20191027@162428-Eden.fits (127/289) (dry run)
Storing ../LOT20191027-J0419_mod/LSPM_J0419+4233-20191027@162545-Eden.fts -> s3://eden-data/RAW/LOT/LSPM_J0419+4233/2019-10-27/LSPM_J0419+4233-20191027@162545-Eden.fits (128/289) (dry run)
Storing ../LOT20191027-J0419_mod/LSPM_J0419+4233-20191027@162659-Eden.fts -> s3://eden-data/RAW/LOT/LSPM_J0419+4233/2019-10-27/LSPM_J0419+4233-20191027@162659-Eden.fits (129/289) (dry run)
Storing ../LOT20191027-J0419_mod/LSPM_J0419+4233-20191027@162814-Eden.fts -> s3://eden-data/RAW/LOT/LSPM_J0419+4233/2019-10-27/LSPM_J0419+4233-20191027@162814-Eden.fits (130/289) (dry run)
Storing ../LOT20191027-J0419_mod/LSPM_J0419+4233-20191027@162928-Eden.fts -> s3://eden-data/RAW/LOT/LSPM_J0419+4233/2019-10-27/LSPM_J0419+4233-20191027@162928-Eden.fits (131/289) (dry run)
Storing ../LOT20191027-J0419_mod/LSPM_J0419+4233-20191027@163043-Eden.fts -> s3://eden-data/RAW/LOT/LSPM_J0419+4233/2019-10-27/LSPM_J0419+4233-20191027@163043-Eden.fits (132/289) (dry run)
Storing ../LOT20191027-J0419_mod/LSPM_J0419+4233-20191027@163157-Eden.fts -> s3://eden-data/RAW/LOT/LSPM_J0419+4233/2019-10-27/LSPM_J0419+4233-20191027@163157-Eden.fits (133/289) (dry run)
Storing ../LOT20191027-J0419_mod/LSPM_J0419+4233-20191027@163312-Eden.fts -> s3://eden-data/RAW/LOT/LSPM_J0419+4233/2019-10-27/LSPM_J0419+4233-20191027@163312-Eden.fits (134/289) (dry run)
Storing ../LOT20191027-J0419_mod/LSPM_J0419+4233-20191027@163426-Eden.fts -> s3://eden-data/RAW/LOT/LSPM_J0419+4233/2019-10-27/LSPM_J0419+4233-20191027@163426-Eden.fits (135/289) (dry run)
Storing ../LOT20191027-J0419_mod/LSPM_J0419+4233-20191027@163541-Eden.fts -> s3://eden-data/RAW/LOT/LSPM_J0419+4233/2019-10-27/LSPM_J0419+4233-20191027@163541-Eden.fits (136/289) (dry run)
Storing ../LOT20191027-J0419_mod/LSPM_J0419+4233-20191027@163656-Eden.fts -> s3://eden-data/RAW/LOT/LSPM_J0419+4233/2019-10-27/LSPM_J0419+4233-20191027@163656-Eden.fits (137/289) (dry run)
Storing ../LOT20191027-J0419_mod/LSPM_J0419+4233-20191027@163810-Eden.fts -> s3://eden-data/RAW/LOT/LSPM_J0419+4233/2019-10-27/LSPM_J0419+4233-20191027@163810-Eden.fits (138/289) (dry run)
Storing ../LOT20191027-J0419_mod/LSPM_J0419+4233-20191027@163926-Eden.fts -> s3://eden-data/RAW/LOT/LSPM_J0419+4233/2019-10-27/LSPM_J0419+4233-20191027@163926-Eden.fits (139/289) (dry run)
Storing ../LOT20191027-J0419_mod/LSPM_J0419+4233-20191027@164040-Eden.fts -> s3://eden-data/RAW/LOT/LSPM_J0419+4233/2019-10-27/LSPM_J0419+4233-20191027@164040-Eden.fits (140/289) (dry run)
Storing ../LOT20191027-J0419_mod/LSPM_J0419+4233-20191027@164155-Eden.fts -> s3://eden-data/RAW/LOT/LSPM_J0419+4233/2019-10-27/LSPM_J0419+4233-20191027@164155-Eden.fits (141/289) (dry run)
Storing ../LOT20191027-J0419_mod/LSPM_J0419+4233-20191027@164310-Eden.fts -> s3://eden-data/RAW/LOT/LSPM_J0419+4233/2019-10-27/LSPM_J0419+4233-20191027@164310-Eden.fits (142/289) (dry run)
Storing ../LOT20191027-J0419_mod/LSPM_J0419+4233-20191027@164425-Eden.fts -> s3://eden-data/RAW/LOT/LSPM_J0419+4233/2019-10-27/LSPM_J0419+4233-20191027@164425-Eden.fits (143/289) (dry run)
Storing ../LOT20191027-J0419_mod/LSPM_J0419+4233-20191027@164539-Eden.fts -> s3://eden-data/RAW/LOT/LSPM_J0419+4233/2019-10-27/LSPM_J0419+4233-20191027@164539-Eden.fits (144/289) (dry run)
Storing ../LOT20191027-J0419_mod/LSPM_J0419+4233-20191027@164653-Eden.fts -> s3://eden-data/RAW/LOT/LSPM_J0419+4233/2019-10-27/LSPM_J0419+4233-20191027@164653-Eden.fits (145/289) (dry run)
Storing ../LOT20191027-J0419_mod/LSPM_J0419+4233-20191027@164807-Eden.fts -> s3://eden-data/RAW/LOT/LSPM_J0419+4233/2019-10-27/LSPM_J0419+4233-20191027@164807-Eden.fits (146/289) (dry run)
Storing ../LOT20191027-J0419_mod/LSPM_J0419+4233-20191027@164922-Eden.fts -> s3://eden-data/RAW/LOT/LSPM_J0419+4233/2019-10-27/LSPM_J0419+4233-20191027@164922-Eden.fits (147/289) (dry run)
Storing ../LOT20191027-J0419_mod/LSPM_J0419+4233-20191027@165036-Eden.fts -> s3://eden-data/RAW/LOT/LSPM_J0419+4233/2019-10-27/LSPM_J0419+4233-20191027@165036-Eden.fits (148/289) (dry run)
Storing ../LOT20191027-J0419_mod/LSPM_J0419+4233-20191027@165150-Eden.fts -> s3://eden-data/RAW/LOT/LSPM_J0419+4233/2019-10-27/LSPM_J0419+4233-20191027@165150-Eden.fits (149/289) (dry run)
Storing ../LOT20191027-J0419_mod/LSPM_J0419+4233-20191027@165307-Eden.fts -> s3://eden-data/RAW/LOT/LSPM_J0419+4233/2019-10-27/LSPM_J0419+4233-20191027@165307-Eden.fits (150/289) (dry run)
Storing ../LOT20191027-J0419_mod/LSPM_J0419+4233-20191027@165422-Eden.fts -> s3://eden-data/RAW/LOT/LSPM_J0419+4233/2019-10-27/LSPM_J0419+4233-20191027@165422-Eden.fits (151/289) (dry run)
Storing ../LOT20191027-J0419_mod/LSPM_J0419+4233-20191027@165536-Eden.fts -> s3://eden-data/RAW/LOT/LSPM_J0419+4233/2019-10-27/LSPM_J0419+4233-20191027@165536-Eden.fits (152/289) (dry run)
Storing ../LOT20191027-J0419_mod/LSPM_J0419+4233-20191027@165652-Eden.fts -> s3://eden-data/RAW/LOT/LSPM_J0419+4233/2019-10-27/LSPM_J0419+4233-20191027@165652-Eden.fits (153/289) (dry run)
Storing ../LOT20191027-J0419_mod/LSPM_J0419+4233-20191027@165807-Eden.fts -> s3://eden-data/RAW/LOT/LSPM_J0419+4233/2019-10-27/LSPM_J0419+4233-20191027@165807-Eden.fits (154/289) (dry run)
Storing ../LOT20191027-J0419_mod/LSPM_J0419+4233-20191027@165924-Eden.fts -> s3://eden-data/RAW/LOT/LSPM_J0419+4233/2019-10-27/LSPM_J0419+4233-20191027@165924-Eden.fits (155/289) (dry run)
Storing ../LOT20191027-J0419_mod/LSPM_J0419+4233-20191027@170039-Eden.fts -> s3://eden-data/RAW/LOT/LSPM_J0419+4233/2019-10-27/LSPM_J0419+4233-20191027@170039-Eden.fits (156/289) (dry run)
Storing ../LOT20191027-J0419_mod/LSPM_J0419+4233-20191027@170154-Eden.fts -> s3://eden-data/RAW/LOT/LSPM_J0419+4233/2019-10-27/LSPM_J0419+4233-20191027@170154-Eden.fits (157/289) (dry run)
Storing ../LOT20191027-J0419_mod/LSPM_J0419+4233-20191027@170309-Eden.fts -> s3://eden-data/RAW/LOT/LSPM_J0419+4233/2019-10-27/LSPM_J0419+4233-20191027@170309-Eden.fits (158/289) (dry run)
Storing ../LOT20191027-J0419_mod/LSPM_J0419+4233-20191027@170423-Eden.fts -> s3://eden-data/RAW/LOT/LSPM_J0419+4233/2019-10-27/LSPM_J0419+4233-20191027@170423-Eden.fits (159/289) (dry run)
Storing ../LOT20191027-J0419_mod/LSPM_J0419+4233-20191027@170538-Eden.fts -> s3://eden-data/RAW/LOT/LSPM_J0419+4233/2019-10-27/LSPM_J0419+4233-20191027@170538-Eden.fits (160/289) (dry run)
Storing ../LOT20191027-J0419_mod/LSPM_J0419+4233-20191027@170652-Eden.fts -> s3://eden-data/RAW/LOT/LSPM_J0419+4233/2019-10-27/LSPM_J0419+4233-20191027@170652-Eden.fits (161/289) (dry run)
Storing ../LOT20191027-J0419_mod/LSPM_J0419+4233-20191027@170806-Eden.fts -> s3://eden-data/RAW/LOT/LSPM_J0419+4233/2019-10-27/LSPM_J0419+4233-20191027@170806-Eden.fits (162/289) (dry run)
Storing ../LOT20191027-J0419_mod/LSPM_J0419+4233-20191027@170923-Eden.fts -> s3://eden-data/RAW/LOT/LSPM_J0419+4233/2019-10-27/LSPM_J0419+4233-20191027@170923-Eden.fits (163/289) (dry run)
Storing ../LOT20191027-J0419_mod/LSPM_J0419+4233-20191027@171037-Eden.fts -> s3://eden-data/RAW/LOT/LSPM_J0419+4233/2019-10-27/LSPM_J0419+4233-20191027@171037-Eden.fits (164/289) (dry run)
Storing ../LOT20191027-J0419_mod/LSPM_J0419+4233-20191027@171153-Eden.fts -> s3://eden-data/RAW/LOT/LSPM_J0419+4233/2019-10-27/LSPM_J0419+4233-20191027@171153-Eden.fits (165/289) (dry run)
Storing ../LOT20191027-J0419_mod/LSPM_J0419+4233-20191027@171308-Eden.fts -> s3://eden-data/RAW/LOT/LSPM_J0419+4233/2019-10-27/LSPM_J0419+4233-20191027@171308-Eden.fits (166/289) (dry run)
Storing ../LOT20191027-J0419_mod/LSPM_J0419+4233-20191027@171423-Eden.fts -> s3://eden-data/RAW/LOT/LSPM_J0419+4233/2019-10-27/LSPM_J0419+4233-20191027@171423-Eden.fits (167/289) (dry run)
Storing ../LOT20191027-J0419_mod/LSPM_J0419+4233-20191027@171537-Eden.fts -> s3://eden-data/RAW/LOT/LSPM_J0419+4233/2019-10-27/LSPM_J0419+4233-20191027@171537-Eden.fits (168/289) (dry run)
Storing ../LOT20191027-J0419_mod/LSPM_J0419+4233-20191027@171652-Eden.fts -> s3://eden-data/RAW/LOT/LSPM_J0419+4233/2019-10-27/LSPM_J0419+4233-20191027@171652-Eden.fits (169/289) (dry run)
Storing ../LOT20191027-J0419_mod/LSPM_J0419+4233-20191027@171809-Eden.fts -> s3://eden-data/RAW/LOT/LSPM_J0419+4233/2019-10-27/LSPM_J0419+4233-20191027@171809-Eden.fits (170/289) (dry run)
Storing ../LOT20191027-J0419_mod/LSPM_J0419+4233-20191027@171922-Eden.fts -> s3://eden-data/RAW/LOT/LSPM_J0419+4233/2019-10-27/LSPM_J0419+4233-20191027@171922-Eden.fits (171/289) (dry run)
Storing ../LOT20191027-J0419_mod/LSPM_J0419+4233-20191027@172037-Eden.fts -> s3://eden-data/RAW/LOT/LSPM_J0419+4233/2019-10-27/LSPM_J0419+4233-20191027@172037-Eden.fits (172/289) (dry run)
Storing ../LOT20191027-J0419_mod/LSPM_J0419+4233-20191027@172152-Eden.fts -> s3://eden-data/RAW/LOT/LSPM_J0419+4233/2019-10-27/LSPM_J0419+4233-20191027@172152-Eden.fits (173/289) (dry run)
Storing ../LOT20191027-J0419_mod/LSPM_J0419+4233-20191027@172306-Eden.fts -> s3://eden-data/RAW/LOT/LSPM_J0419+4233/2019-10-27/LSPM_J0419+4233-20191027@172306-Eden.fits (174/289) (dry run)
Storing ../LOT20191027-J0419_mod/LSPM_J0419+4233-20191027@172420-Eden.fts -> s3://eden-data/RAW/LOT/LSPM_J0419+4233/2019-10-27/LSPM_J0419+4233-20191027@172420-Eden.fits (175/289) (dry run)
Storing ../LOT20191027-J0419_mod/LSPM_J0419+4233-20191027@172536-Eden.fts -> s3://eden-data/RAW/LOT/LSPM_J0419+4233/2019-10-27/LSPM_J0419+4233-20191027@172536-Eden.fits (176/289) (dry run)
Storing ../LOT20191027-J0419_mod/LSPM_J0419+4233-20191027@172652-Eden.fts -> s3://eden-data/RAW/LOT/LSPM_J0419+4233/2019-10-27/LSPM_J0419+4233-20191027@172652-Eden.fits (177/289) (dry run)
Storing ../LOT20191027-J0419_mod/LSPM_J0419+4233-20191027@172807-Eden.fts -> s3://eden-data/RAW/LOT/LSPM_J0419+4233/2019-10-27/LSPM_J0419+4233-20191027@172807-Eden.fits (178/289) (dry run)
Storing ../LOT20191027-J0419_mod/LSPM_J0419+4233-20191027@172922-Eden.fts -> s3://eden-data/RAW/LOT/LSPM_J0419+4233/2019-10-27/LSPM_J0419+4233-20191027@172922-Eden.fits (179/289) (dry run)
Storing ../LOT20191027-J0419_mod/LSPM_J0419+4233-20191027@173036-Eden.fts -> s3://eden-data/RAW/LOT/LSPM_J0419+4233/2019-10-27/LSPM_J0419+4233-20191027@173036-Eden.fits (180/289) (dry run)
Storing ../LOT20191027-J0419_mod/LSPM_J0419+4233-20191027@173150-Eden.fts -> s3://eden-data/RAW/LOT/LSPM_J0419+4233/2019-10-27/LSPM_J0419+4233-20191027@173150-Eden.fits (181/289) (dry run)
Storing ../LOT20191027-J0419_mod/LSPM_J0419+4233-20191027@173305-Eden.fts -> s3://eden-data/RAW/LOT/LSPM_J0419+4233/2019-10-27/LSPM_J0419+4233-20191027@173305-Eden.fits (182/289) (dry run)
Storing ../LOT20191027-J0419_mod/LSPM_J0419+4233-20191027@173421-Eden.fts -> s3://eden-data/RAW/LOT/LSPM_J0419+4233/2019-10-27/LSPM_J0419+4233-20191027@173421-Eden.fits (183/289) (dry run)
Storing ../LOT20191027-J0419_mod/LSPM_J0419+4233-20191027@173535-Eden.fts -> s3://eden-data/RAW/LOT/LSPM_J0419+4233/2019-10-27/LSPM_J0419+4233-20191027@173535-Eden.fits (184/289) (dry run)
Storing ../LOT20191027-J0419_mod/LSPM_J0419+4233-20191027@173650-Eden.fts -> s3://eden-data/RAW/LOT/LSPM_J0419+4233/2019-10-27/LSPM_J0419+4233-20191027@173650-Eden.fits (185/289) (dry run)
Storing ../LOT20191027-J0419_mod/LSPM_J0419+4233-20191027@173804-Eden.fts -> s3://eden-data/RAW/LOT/LSPM_J0419+4233/2019-10-27/LSPM_J0419+4233-20191027@173804-Eden.fits (186/289) (dry run)
Storing ../LOT20191027-J0419_mod/LSPM_J0419+4233-20191027@173920-Eden.fts -> s3://eden-data/RAW/LOT/LSPM_J0419+4233/2019-10-27/LSPM_J0419+4233-20191027@173920-Eden.fits (187/289) (dry run)
Storing ../LOT20191027-J0419_mod/LSPM_J0419+4233-20191027@174035-Eden.fts -> s3://eden-data/RAW/LOT/LSPM_J0419+4233/2019-10-27/LSPM_J0419+4233-20191027@174035-Eden.fits (188/289) (dry run)
Storing ../LOT20191027-J0419_mod/LSPM_J0419+4233-20191027@174150-Eden.fts -> s3://eden-data/RAW/LOT/LSPM_J0419+4233/2019-10-27/LSPM_J0419+4233-20191027@174150-Eden.fits (189/289) (dry run)
Storing ../LOT20191027-J0419_mod/LSPM_J0419+4233-20191027@174305-Eden.fts -> s3://eden-data/RAW/LOT/LSPM_J0419+4233/2019-10-27/LSPM_J0419+4233-20191027@174305-Eden.fits (190/289) (dry run)
Storing ../LOT20191027-J0419_mod/LSPM_J0419+4233-20191027@174420-Eden.fts -> s3://eden-data/RAW/LOT/LSPM_J0419+4233/2019-10-27/LSPM_J0419+4233-20191027@174420-Eden.fits (191/289) (dry run)
Storing ../LOT20191027-J0419_mod/LSPM_J0419+4233-20191027@174848-Eden.fts -> s3://eden-data/RAW/LOT/LSPM_J0419+4233/2019-10-27/LSPM_J0419+4233-20191027@174848-Eden.fits (192/289) (dry run)
Storing ../LOT20191027-J0419_mod/LSPM_J0419+4233-20191027@175016-Eden.fts -> s3://eden-data/RAW/LOT/LSPM_J0419+4233/2019-10-27/LSPM_J0419+4233-20191027@175016-Eden.fits (193/289) (dry run)
Storing ../LOT20191027-J0419_mod/LSPM_J0419+4233-20191027@175130-Eden.fts -> s3://eden-data/RAW/LOT/LSPM_J0419+4233/2019-10-27/LSPM_J0419+4233-20191027@175130-Eden.fits (194/289) (dry run)
Storing ../LOT20191027-J0419_mod/LSPM_J0419+4233-20191027@175244-Eden.fts -> s3://eden-data/RAW/LOT/LSPM_J0419+4233/2019-10-27/LSPM_J0419+4233-20191027@175244-Eden.fits (195/289) (dry run)
Storing ../LOT20191027-J0419_mod/LSPM_J0419+4233-20191027@175359-Eden.fts -> s3://eden-data/RAW/LOT/LSPM_J0419+4233/2019-10-27/LSPM_J0419+4233-20191027@175359-Eden.fits (196/289) (dry run)
Storing ../LOT20191027-J0419_mod/LSPM_J0419+4233-20191027@175513-Eden.fts -> s3://eden-data/RAW/LOT/LSPM_J0419+4233/2019-10-27/LSPM_J0419+4233-20191027@175513-Eden.fits (197/289) (dry run)
Storing ../LOT20191027-J0419_mod/LSPM_J0419+4233-20191027@175627-Eden.fts -> s3://eden-data/RAW/LOT/LSPM_J0419+4233/2019-10-27/LSPM_J0419+4233-20191027@175627-Eden.fits (198/289) (dry run)
Storing ../LOT20191027-J0419_mod/LSPM_J0419+4233-20191027@175741-Eden.fts -> s3://eden-data/RAW/LOT/LSPM_J0419+4233/2019-10-27/LSPM_J0419+4233-20191027@175741-Eden.fits (199/289) (dry run)
Storing ../LOT20191027-J0419_mod/LSPM_J0419+4233-20191027@175856-Eden.fts -> s3://eden-data/RAW/LOT/LSPM_J0419+4233/2019-10-27/LSPM_J0419+4233-20191027@175856-Eden.fits (200/289) (dry run)
Storing ../LOT20191027-J0419_mod/LSPM_J0419+4233-20191027@180010-Eden.fts -> s3://eden-data/RAW/LOT/LSPM_J0419+4233/2019-10-27/LSPM_J0419+4233-20191027@180010-Eden.fits (201/289) (dry run)
Storing ../LOT20191027-J0419_mod/LSPM_J0419+4233-20191027@180125-Eden.fts -> s3://eden-data/RAW/LOT/LSPM_J0419+4233/2019-10-27/LSPM_J0419+4233-20191027@180125-Eden.fits (202/289) (dry run)
Storing ../LOT20191027-J0419_mod/LSPM_J0419+4233-20191027@180241-Eden.fts -> s3://eden-data/RAW/LOT/LSPM_J0419+4233/2019-10-27/LSPM_J0419+4233-20191027@180241-Eden.fits (203/289) (dry run)
Storing ../LOT20191027-J0419_mod/LSPM_J0419+4233-20191027@180356-Eden.fts -> s3://eden-data/RAW/LOT/LSPM_J0419+4233/2019-10-27/LSPM_J0419+4233-20191027@180356-Eden.fits (204/289) (dry run)
Storing ../LOT20191027-J0419_mod/LSPM_J0419+4233-20191027@180509-Eden.fts -> s3://eden-data/RAW/LOT/LSPM_J0419+4233/2019-10-27/LSPM_J0419+4233-20191027@180509-Eden.fits (205/289) (dry run)
Storing ../LOT20191027-J0419_mod/LSPM_J0419+4233-20191027@180624-Eden.fts -> s3://eden-data/RAW/LOT/LSPM_J0419+4233/2019-10-27/LSPM_J0419+4233-20191027@180624-Eden.fits (206/289) (dry run)
Storing ../LOT20191027-J0419_mod/LSPM_J0419+4233-20191027@180737-Eden.fts -> s3://eden-data/RAW/LOT/LSPM_J0419+4233/2019-10-27/LSPM_J0419+4233-20191027@180737-Eden.fits (207/289) (dry run)
Storing ../LOT20191027-J0419_mod/LSPM_J0419+4233-20191027@180851-Eden.fts -> s3://eden-data/RAW/LOT/LSPM_J0419+4233/2019-10-27/LSPM_J0419+4233-20191027@180851-Eden.fits (208/289) (dry run)
Storing ../LOT20191027-J0419_mod/LSPM_J0419+4233-20191027@181004-Eden.fts -> s3://eden-data/RAW/LOT/LSPM_J0419+4233/2019-10-27/LSPM_J0419+4233-20191027@181004-Eden.fits (209/289) (dry run)
Storing ../LOT20191027-J0419_mod/LSPM_J0419+4233-20191027@181119-Eden.fts -> s3://eden-data/RAW/LOT/LSPM_J0419+4233/2019-10-27/LSPM_J0419+4233-20191027@181119-Eden.fits (210/289) (dry run)
Storing ../LOT20191027-J0419_mod/LSPM_J0419+4233-20191027@181233-Eden.fts -> s3://eden-data/RAW/LOT/LSPM_J0419+4233/2019-10-27/LSPM_J0419+4233-20191027@181233-Eden.fits (211/289) (dry run)
Storing ../LOT20191027-J0419_mod/LSPM_J0419+4233-20191027@181347-Eden.fts -> s3://eden-data/RAW/LOT/LSPM_J0419+4233/2019-10-27/LSPM_J0419+4233-20191027@181347-Eden.fits (212/289) (dry run)
Storing ../LOT20191027-J0419_mod/LSPM_J0419+4233-20191027@181501-Eden.fts -> s3://eden-data/RAW/LOT/LSPM_J0419+4233/2019-10-27/LSPM_J0419+4233-20191027@181501-Eden.fits (213/289) (dry run)
Storing ../LOT20191027-J0419_mod/LSPM_J0419+4233-20191027@181617-Eden.fts -> s3://eden-data/RAW/LOT/LSPM_J0419+4233/2019-10-27/LSPM_J0419+4233-20191027@181617-Eden.fits (214/289) (dry run)
Storing ../LOT20191027-J0419_mod/LSPM_J0419+4233-20191027@181731-Eden.fts -> s3://eden-data/RAW/LOT/LSPM_J0419+4233/2019-10-27/LSPM_J0419+4233-20191027@181731-Eden.fits (215/289) (dry run)
Storing ../LOT20191027-J0419_mod/LSPM_J0419+4233-20191027@181844-Eden.fts -> s3://eden-data/RAW/LOT/LSPM_J0419+4233/2019-10-27/LSPM_J0419+4233-20191027@181844-Eden.fits (216/289) (dry run)
Storing ../LOT20191027-J0419_mod/LSPM_J0419+4233-20191027@181958-Eden.fts -> s3://eden-data/RAW/LOT/LSPM_J0419+4233/2019-10-27/LSPM_J0419+4233-20191027@181958-Eden.fits (217/289) (dry run)
Storing ../LOT20191027-J0419_mod/LSPM_J0419+4233-20191027@182112-Eden.fts -> s3://eden-data/RAW/LOT/LSPM_J0419+4233/2019-10-27/LSPM_J0419+4233-20191027@182112-Eden.fits (218/289) (dry run)
Storing ../LOT20191027-J0419_mod/LSPM_J0419+4233-20191027@182226-Eden.fts -> s3://eden-data/RAW/LOT/LSPM_J0419+4233/2019-10-27/LSPM_J0419+4233-20191027@182226-Eden.fits (219/289) (dry run)
Storing ../LOT20191027-J0419_mod/LSPM_J0419+4233-20191027@182340-Eden.fts -> s3://eden-data/RAW/LOT/LSPM_J0419+4233/2019-10-27/LSPM_J0419+4233-20191027@182340-Eden.fits (220/289) (dry run)
Storing ../LOT20191027-J0419_mod/LSPM_J0419+4233-20191027@182454-Eden.fts -> s3://eden-data/RAW/LOT/LSPM_J0419+4233/2019-10-27/LSPM_J0419+4233-20191027@182454-Eden.fits (221/289) (dry run)
Storing ../LOT20191027-J0419_mod/LSPM_J0419+4233-20191027@182607-Eden.fts -> s3://eden-data/RAW/LOT/LSPM_J0419+4233/2019-10-27/LSPM_J0419+4233-20191027@182607-Eden.fits (222/289) (dry run)
Storing ../LOT20191027-J0419_mod/LSPM_J0419+4233-20191027@182722-Eden.fts -> s3://eden-data/RAW/LOT/LSPM_J0419+4233/2019-10-27/LSPM_J0419+4233-20191027@182722-Eden.fits (223/289) (dry run)
Storing ../LOT20191027-J0419_mod/LSPM_J0419+4233-20191027@182837-Eden.fts -> s3://eden-data/RAW/LOT/LSPM_J0419+4233/2019-10-27/LSPM_J0419+4233-20191027@182837-Eden.fits (224/289) (dry run)
Storing ../LOT20191027-J0419_mod/LSPM_J0419+4233-20191027@182952-Eden.fts -> s3://eden-data/RAW/LOT/LSPM_J0419+4233/2019-10-27/LSPM_J0419+4233-20191027@182952-Eden.fits (225/289) (dry run)
Storing ../LOT20191027-J0419_mod/LSPM_J0419+4233-20191027@183106-Eden.fts -> s3://eden-data/RAW/LOT/LSPM_J0419+4233/2019-10-27/LSPM_J0419+4233-20191027@183106-Eden.fits (226/289) (dry run)
Storing ../LOT20191027-J0419_mod/LSPM_J0419+4233-20191027@183220-Eden.fts -> s3://eden-data/RAW/LOT/LSPM_J0419+4233/2019-10-27/LSPM_J0419+4233-20191027@183220-Eden.fits (227/289) (dry run)
Storing ../LOT20191027-J0419_mod/LSPM_J0419+4233-20191027@183334-Eden.fts -> s3://eden-data/RAW/LOT/LSPM_J0419+4233/2019-10-27/LSPM_J0419+4233-20191027@183334-Eden.fits (228/289) (dry run)
Storing ../LOT20191027-J0419_mod/LSPM_J0419+4233-20191027@183449-Eden.fts -> s3://eden-data/RAW/LOT/LSPM_J0419+4233/2019-10-27/LSPM_J0419+4233-20191027@183449-Eden.fits (229/289) (dry run)
Storing ../LOT20191027-J0419_mod/LSPM_J0419+4233-20191027@183603-Eden.fts -> s3://eden-data/RAW/LOT/LSPM_J0419+4233/2019-10-27/LSPM_J0419+4233-20191027@183603-Eden.fits (230/289) (dry run)
Storing ../LOT20191027-J0419_mod/LSPM_J0419+4233-20191027@183718-Eden.fts -> s3://eden-data/RAW/LOT/LSPM_J0419+4233/2019-10-27/LSPM_J0419+4233-20191027@183718-Eden.fits (231/289) (dry run)
Storing ../LOT20191027-J0419_mod/LSPM_J0419+4233-20191027@183832-Eden.fts -> s3://eden-data/RAW/LOT/LSPM_J0419+4233/2019-10-27/LSPM_J0419+4233-20191027@183832-Eden.fits (232/289) (dry run)
Storing ../LOT20191027-J0419_mod/LSPM_J0419+4233-20191027@183947-Eden.fts -> s3://eden-data/RAW/LOT/LSPM_J0419+4233/2019-10-27/LSPM_J0419+4233-20191027@183947-Eden.fits (233/289) (dry run)
Storing ../LOT20191027-J0419_mod/LSPM_J0419+4233-20191027@184100-Eden.fts -> s3://eden-data/RAW/LOT/LSPM_J0419+4233/2019-10-27/LSPM_J0419+4233-20191027@184100-Eden.fits (234/289) (dry run)
Storing ../LOT20191027-J0419_mod/LSPM_J0419+4233-20191027@184214-Eden.fts -> s3://eden-data/RAW/LOT/LSPM_J0419+4233/2019-10-27/LSPM_J0419+4233-20191027@184214-Eden.fits (235/289) (dry run)
Storing ../LOT20191027-J0419_mod/LSPM_J0419+4233-20191027@184328-Eden.fts -> s3://eden-data/RAW/LOT/LSPM_J0419+4233/2019-10-27/LSPM_J0419+4233-20191027@184328-Eden.fits (236/289) (dry run)
Storing ../LOT20191027-J0419_mod/LSPM_J0419+4233-20191027@184443-Eden.fts -> s3://eden-data/RAW/LOT/LSPM_J0419+4233/2019-10-27/LSPM_J0419+4233-20191027@184443-Eden.fits (237/289) (dry run)
Storing ../LOT20191027-J0419_mod/LSPM_J0419+4233-20191027@184559-Eden.fts -> s3://eden-data/RAW/LOT/LSPM_J0419+4233/2019-10-27/LSPM_J0419+4233-20191027@184559-Eden.fits (238/289) (dry run)
Storing ../LOT20191027-J0419_mod/LSPM_J0419+4233-20191027@184714-Eden.fts -> s3://eden-data/RAW/LOT/LSPM_J0419+4233/2019-10-27/LSPM_J0419+4233-20191027@184714-Eden.fits (239/289) (dry run)
Storing ../LOT20191027-J0419_mod/LSPM_J0419+4233-20191027@184830-Eden.fts -> s3://eden-data/RAW/LOT/LSPM_J0419+4233/2019-10-27/LSPM_J0419+4233-20191027@184830-Eden.fits (240/289) (dry run)
Storing ../LOT20191027-J0419_mod/LSPM_J0419+4233-20191027@184944-Eden.fts -> s3://eden-data/RAW/LOT/LSPM_J0419+4233/2019-10-27/LSPM_J0419+4233-20191027@184944-Eden.fits (241/289) (dry run)
Storing ../LOT20191027-J0419_mod/LSPM_J0419+4233-20191027@185101-Eden.fts -> s3://eden-data/RAW/LOT/LSPM_J0419+4233/2019-10-27/LSPM_J0419+4233-20191027@185101-Eden.fits (242/289) (dry run)
Storing ../LOT20191027-J0419_mod/LSPM_J0419+4233-20191027@185215-Eden.fts -> s3://eden-data/RAW/LOT/LSPM_J0419+4233/2019-10-27/LSPM_J0419+4233-20191027@185215-Eden.fits (243/289) (dry run)
Storing ../LOT20191027-J0419_mod/LSPM_J0419+4233-20191027@185329-Eden.fts -> s3://eden-data/RAW/LOT/LSPM_J0419+4233/2019-10-27/LSPM_J0419+4233-20191027@185329-Eden.fits (244/289) (dry run)
Storing ../LOT20191027-J0419_mod/LSPM_J0419+4233-20191027@185444-Eden.fts -> s3://eden-data/RAW/LOT/LSPM_J0419+4233/2019-10-27/LSPM_J0419+4233-20191027@185444-Eden.fits (245/289) (dry run)
Storing ../LOT20191027-J0419_mod/LSPM_J0419+4233-20191027@185558-Eden.fts -> s3://eden-data/RAW/LOT/LSPM_J0419+4233/2019-10-27/LSPM_J0419+4233-20191027@185558-Eden.fits (246/289) (dry run)
Storing ../LOT20191027-J0419_mod/LSPM_J0419+4233-20191027@185713-Eden.fts -> s3://eden-data/RAW/LOT/LSPM_J0419+4233/2019-10-27/LSPM_J0419+4233-20191027@185713-Eden.fits (247/289) (dry run)
Storing ../LOT20191027-J0419_mod/LSPM_J0419+4233-20191027@185827-Eden.fts -> s3://eden-data/RAW/LOT/LSPM_J0419+4233/2019-10-27/LSPM_J0419+4233-20191027@185827-Eden.fits (248/289) (dry run)
Storing ../LOT20191027-J0419_mod/LSPM_J0419+4233-20191027@185943-Eden.fts -> s3://eden-data/RAW/LOT/LSPM_J0419+4233/2019-10-27/LSPM_J0419+4233-20191027@185943-Eden.fits (249/289) (dry run)
Storing ../LOT20191027-J0419_mod/LSPM_J0419+4233-20191027@190057-Eden.fts -> s3://eden-data/RAW/LOT/LSPM_J0419+4233/2019-10-27/LSPM_J0419+4233-20191027@190057-Eden.fits (250/289) (dry run)
Storing ../LOT20191027-J0419_mod/LSPM_J0419+4233-20191027@190213-Eden.fts -> s3://eden-data/RAW/LOT/LSPM_J0419+4233/2019-10-27/LSPM_J0419+4233-20191027@190213-Eden.fits (251/289) (dry run)
Storing ../LOT20191027-J0419_mod/LSPM_J0419+4233-20191027@190329-Eden.fts -> s3://eden-data/RAW/LOT/LSPM_J0419+4233/2019-10-27/LSPM_J0419+4233-20191027@190329-Eden.fits (252/289) (dry run)
Storing ../LOT20191027-J0419_mod/LSPM_J0419+4233-20191027@190444-Eden.fts -> s3://eden-data/RAW/LOT/LSPM_J0419+4233/2019-10-27/LSPM_J0419+4233-20191027@190444-Eden.fits (253/289) (dry run)
Storing ../LOT20191027-J0419_mod/LSPM_J0419+4233-20191027@190558-Eden.fts -> s3://eden-data/RAW/LOT/LSPM_J0419+4233/2019-10-27/LSPM_J0419+4233-20191027@190558-Eden.fits (254/289) (dry run)
Storing ../LOT20191027-J0419_mod/LSPM_J0419+4233-20191027@190712-Eden.fts -> s3://eden-data/RAW/LOT/LSPM_J0419+4233/2019-10-27/LSPM_J0419+4233-20191027@190712-Eden.fits (255/289) (dry run)
Storing ../LOT20191027-J0419_mod/LSPM_J0419+4233-20191027@190828-Eden.fts -> s3://eden-data/RAW/LOT/LSPM_J0419+4233/2019-10-27/LSPM_J0419+4233-20191027@190828-Eden.fits (256/289) (dry run)
Storing ../LOT20191027-J0419_mod/LSPM_J0419+4233-20191027@190944-Eden.fts -> s3://eden-data/RAW/LOT/LSPM_J0419+4233/2019-10-27/LSPM_J0419+4233-20191027@190944-Eden.fits (257/289) (dry run)
Storing ../LOT20191027-J0419_mod/LSPM_J0419+4233-20191027@191057-Eden.fts -> s3://eden-data/RAW/LOT/LSPM_J0419+4233/2019-10-27/LSPM_J0419+4233-20191027@191057-Eden.fits (258/289) (dry run)
Storing ../LOT20191027-J0419_mod/LSPM_J0419+4233-20191027@191211-Eden.fts -> s3://eden-data/RAW/LOT/LSPM_J0419+4233/2019-10-27/LSPM_J0419+4233-20191027@191211-Eden.fits (259/289) (dry run)
Storing ../LOT20191027-J0419_mod/LSPM_J0419+4233-20191027@191326-Eden.fts -> s3://eden-data/RAW/LOT/LSPM_J0419+4233/2019-10-27/LSPM_J0419+4233-20191027@191326-Eden.fits (260/289) (dry run)
Storing ../LOT20191027-J0419_mod/LSPM_J0419+4233-20191027@191443-Eden.fts -> s3://eden-data/RAW/LOT/LSPM_J0419+4233/2019-10-27/LSPM_J0419+4233-20191027@191443-Eden.fits (261/289) (dry run)
Storing ../LOT20191027-J0419_mod/LSPM_J0419+4233-20191027@191558-Eden.fts -> s3://eden-data/RAW/LOT/LSPM_J0419+4233/2019-10-27/LSPM_J0419+4233-20191027@191558-Eden.fits (262/289) (dry run)
Storing ../LOT20191027-J0419_mod/LSPM_J0419+4233-20191027@191712-Eden.fts -> s3://eden-data/RAW/LOT/LSPM_J0419+4233/2019-10-27/LSPM_J0419+4233-20191027@191712-Eden.fits (263/289) (dry run)
Storing ../LOT20191027-J0419_mod/LSPM_J0419+4233-20191027@191829-Eden.fts -> s3://eden-data/RAW/LOT/LSPM_J0419+4233/2019-10-27/LSPM_J0419+4233-20191027@191829-Eden.fits (264/289) (dry run)
Storing ../LOT20191027-J0419_mod/LSPM_J0419+4233-20191027@191943-Eden.fts -> s3://eden-data/RAW/LOT/LSPM_J0419+4233/2019-10-27/LSPM_J0419+4233-20191027@191943-Eden.fits (265/289) (dry run)
Storing ../LOT20191027-J0419_mod/LSPM_J0419+4233-20191027@192057-Eden.fts -> s3://eden-data/RAW/LOT/LSPM_J0419+4233/2019-10-27/LSPM_J0419+4233-20191027@192057-Eden.fits (266/289) (dry run)
Storing ../LOT20191027-J0419_mod/LSPM_J0419+4233-20191027@192211-Eden.fts -> s3://eden-data/RAW/LOT/LSPM_J0419+4233/2019-10-27/LSPM_J0419+4233-20191027@192211-Eden.fits (267/289) (dry run)
Storing ../LOT20191027-J0419_mod/LSPM_J0419+4233-20191027@192326-Eden.fts -> s3://eden-data/RAW/LOT/LSPM_J0419+4233/2019-10-27/LSPM_J0419+4233-20191027@192326-Eden.fits (268/289) (dry run)
Storing ../LOT20191027-J0419_mod/LSPM_J0419+4233-20191027@192439-Eden.fts -> s3://eden-data/RAW/LOT/LSPM_J0419+4233/2019-10-27/LSPM_J0419+4233-20191027@192439-Eden.fits (269/289) (dry run)
Storing ../LOT20191027-J0419_mod/LSPM_J0419+4233-20191027@192553-Eden.fts -> s3://eden-data/RAW/LOT/LSPM_J0419+4233/2019-10-27/LSPM_J0419+4233-20191027@192553-Eden.fits (270/289) (dry run)
Storing ../LOT20191027-J0419_mod/LSPM_J0419+4233-20191027@192707-Eden.fts -> s3://eden-data/RAW/LOT/LSPM_J0419+4233/2019-10-27/LSPM_J0419+4233-20191027@192707-Eden.fits (271/289) (dry run)
Storing ../LOT20191027-J0419_mod/LSPM_J0419+4233-20191027@192820-Eden.fts -> s3://eden-data/RAW/LOT/LSPM_J0419+4233/2019-10-27/LSPM_J0419+4233-20191027@192820-Eden.fits (272/289) (dry run)
Storing ../LOT20191027-J0419_mod/LSPM_J0419+4233-20191027@192935-Eden.fts -> s3://eden-data/RAW/LOT/LSPM_J0419+4233/2019-10-27/LSPM_J0419+4233-20191027@192935-Eden.fits (273/289) (dry run)
Storing ../LOT20191027-J0419_mod/LSPM_J0419+4233-20191027@193051-Eden.fts -> s3://eden-data/RAW/LOT/LSPM_J0419+4233/2019-10-27/LSPM_J0419+4233-20191027@193051-Eden.fits (274/289) (dry run)
Storing ../LOT20191027-J0419_mod/LSPM_J0419+4233-20191027@193204-Eden.fts -> s3://eden-data/RAW/LOT/LSPM_J0419+4233/2019-10-27/LSPM_J0419+4233-20191027@193204-Eden.fits (275/289) (dry run)
Storing ../LOT20191027-J0419_mod/LSPM_J0419+4233-20191027@193319-Eden.fts -> s3://eden-data/RAW/LOT/LSPM_J0419+4233/2019-10-27/LSPM_J0419+4233-20191027@193319-Eden.fits (276/289) (dry run)
Storing ../LOT20191027-J0419_mod/LSPM_J0419+4233-20191027@193432-Eden.fts -> s3://eden-data/RAW/LOT/LSPM_J0419+4233/2019-10-27/LSPM_J0419+4233-20191027@193432-Eden.fits (277/289) (dry run)
Storing ../LOT20191027-J0419_mod/LSPM_J0419+4233-20191027@193547-Eden.fts -> s3://eden-data/RAW/LOT/LSPM_J0419+4233/2019-10-27/LSPM_J0419+4233-20191027@193547-Eden.fits (278/289) (dry run)
Storing ../LOT20191027-J0419_mod/LSPM_J0419+4233-20191027@193702-Eden.fts -> s3://eden-data/RAW/LOT/LSPM_J0419+4233/2019-10-27/LSPM_J0419+4233-20191027@193702-Eden.fits (279/289) (dry run)
Storing ../LOT20191027-J0419_mod/LSPM_J0419+4233-20191027@193815-Eden.fts -> s3://eden-data/RAW/LOT/LSPM_J0419+4233/2019-10-27/LSPM_J0419+4233-20191027@193815-Eden.fits (280/289) (dry run)
Storing ../LOT20191027-J0419_mod/LSPM_J0419+4233-20191027@193930-Eden.fts -> s3://eden-data/RAW/LOT/LSPM_J0419+4233/2019-10-27/LSPM_J0419+4233-20191027@193930-Eden.fits (281/289) (dry run)
Storing ../LOT20191027-J0419_mod/LSPM_J0419+4233-20191027@194043-Eden.fts -> s3://eden-data/RAW/LOT/LSPM_J0419+4233/2019-10-27/LSPM_J0419+4233-20191027@194043-Eden.fits (282/289) (dry run)
Storing ../LOT20191027-J0419_mod/LSPM_J0419+4233-20191027@194158-Eden.fts -> s3://eden-data/RAW/LOT/LSPM_J0419+4233/2019-10-27/LSPM_J0419+4233-20191027@194158-Eden.fits (283/289) (dry run)
Storing ../LOT20191027-J0419_mod/LSPM_J0419+4233-20191027@194314-Eden.fts -> s3://eden-data/RAW/LOT/LSPM_J0419+4233/2019-10-27/LSPM_J0419+4233-20191027@194314-Eden.fits (284/289) (dry run)
Storing ../LOT20191027-J0419_mod/LSPM_J0419+4233-20191027@194429-Eden.fts -> s3://eden-data/RAW/LOT/LSPM_J0419+4233/2019-10-27/LSPM_J0419+4233-20191027@194429-Eden.fits (285/289) (dry run)
Storing ../LOT20191027-J0419_mod/LSPM_J0419+4233-20191027@194542-Eden.fts -> s3://eden-data/RAW/LOT/LSPM_J0419+4233/2019-10-27/LSPM_J0419+4233-20191027@194542-Eden.fits (286/289) (dry run)
Storing ../LOT20191027-J0419_mod/LSPM_J0419+4233-20191027@194656-Eden.fts -> s3://eden-data/RAW/LOT/LSPM_J0419+4233/2019-10-27/LSPM_J0419+4233-20191027@194656-Eden.fits (287/289) (dry run)
Storing ../LOT20191027-J0419_mod/LSPM_J0419+4233-20191027@194811-Eden.fts -> s3://eden-data/RAW/LOT/LSPM_J0419+4233/2019-10-27/LSPM_J0419+4233-20191027@194811-Eden.fits (288/289) (dry run)
Storing ../LOT20191027-J0419_mod/LSPM_J0419+4233-20191027@194926-Eden.fts -> s3://eden-data/RAW/LOT/LSPM_J0419+4233/2019-10-27/LSPM_J0419+4233-20191027@194926-Eden.fits (289/289) (dry run)

Dry run complete! Run again without --dryrun to commit the changes above.
Stored: 289 files (2.4 GB)
