Bucket successfully loaded! eden-data
268 files found
Storing data to the S3 archive!
Doing a dry run - uploads will not be committed.
Verbose output enabled.
Storing /home/altsai/eden/LOT20220103_2MASS_J04351612-1606574_mod/2MASS_J04351612-1606574-20220103@113210-Eden.fts -> s3://eden-data/RAW/LOT/2MASS_J04351612-1606574/2022-01-03/2MASS_J04351612-1606574-20220103@113210-Eden.fits (1/268) (dry run)
Storing /home/altsai/eden/LOT20220103_2MASS_J04351612-1606574_mod/2MASS_J04351612-1606574-20220103@113257-Eden.fts -> s3://eden-data/RAW/LOT/2MASS_J04351612-1606574/2022-01-03/2MASS_J04351612-1606574-20220103@113257-Eden.fits (2/268) (dry run)
Storing /home/altsai/eden/LOT20220103_2MASS_J04351612-1606574_mod/2MASS_J04351612-1606574-20220103@113725-Eden.fts -> s3://eden-data/RAW/LOT/2MASS_J04351612-1606574/2022-01-03/2MASS_J04351612-1606574-20220103@113725-Eden.fits (3/268) (dry run)
Storing /home/altsai/eden/LOT20220103_2MASS_J04351612-1606574_mod/2MASS_J04351612-1606574-20220103@113811-Eden.fts -> s3://eden-data/RAW/LOT/2MASS_J04351612-1606574/2022-01-03/2MASS_J04351612-1606574-20220103@113811-Eden.fits (4/268) (dry run)
Storing /home/altsai/eden/LOT20220103_2MASS_J04351612-1606574_mod/2MASS_J04351612-1606574-20220103@113858-Eden.fts -> s3://eden-data/RAW/LOT/2MASS_J04351612-1606574/2022-01-03/2MASS_J04351612-1606574-20220103@113858-Eden.fits (5/268) (dry run)
Storing /home/altsai/eden/LOT20220103_2MASS_J04351612-1606574_mod/2MASS_J04351612-1606574-20220103@113944-Eden.fts -> s3://eden-data/RAW/LOT/2MASS_J04351612-1606574/2022-01-03/2MASS_J04351612-1606574-20220103@113944-Eden.fits (6/268) (dry run)
Storing /home/altsai/eden/LOT20220103_2MASS_J04351612-1606574_mod/2MASS_J04351612-1606574-20220103@114032-Eden.fts -> s3://eden-data/RAW/LOT/2MASS_J04351612-1606574/2022-01-03/2MASS_J04351612-1606574-20220103@114032-Eden.fits (7/268) (dry run)
Storing /home/altsai/eden/LOT20220103_2MASS_J04351612-1606574_mod/2MASS_J04351612-1606574-20220103@114119-Eden.fts -> s3://eden-data/RAW/LOT/2MASS_J04351612-1606574/2022-01-03/2MASS_J04351612-1606574-20220103@114119-Eden.fits (8/268) (dry run)
Storing /home/altsai/eden/LOT20220103_2MASS_J04351612-1606574_mod/2MASS_J04351612-1606574-20220103@114205-Eden.fts -> s3://eden-data/RAW/LOT/2MASS_J04351612-1606574/2022-01-03/2MASS_J04351612-1606574-20220103@114205-Eden.fits (9/268) (dry run)
Storing /home/altsai/eden/LOT20220103_2MASS_J04351612-1606574_mod/2MASS_J04351612-1606574-20220103@114252-Eden.fts -> s3://eden-data/RAW/LOT/2MASS_J04351612-1606574/2022-01-03/2MASS_J04351612-1606574-20220103@114252-Eden.fits (10/268) (dry run)
Storing /home/altsai/eden/LOT20220103_2MASS_J04351612-1606574_mod/2MASS_J04351612-1606574-20220103@114339-Eden.fts -> s3://eden-data/RAW/LOT/2MASS_J04351612-1606574/2022-01-03/2MASS_J04351612-1606574-20220103@114339-Eden.fits (11/268) (dry run)
Storing /home/altsai/eden/LOT20220103_2MASS_J04351612-1606574_mod/2MASS_J04351612-1606574-20220103@114426-Eden.fts -> s3://eden-data/RAW/LOT/2MASS_J04351612-1606574/2022-01-03/2MASS_J04351612-1606574-20220103@114426-Eden.fits (12/268) (dry run)
Storing /home/altsai/eden/LOT20220103_2MASS_J04351612-1606574_mod/2MASS_J04351612-1606574-20220103@114512-Eden.fts -> s3://eden-data/RAW/LOT/2MASS_J04351612-1606574/2022-01-03/2MASS_J04351612-1606574-20220103@114512-Eden.fits (13/268) (dry run)
Storing /home/altsai/eden/LOT20220103_2MASS_J04351612-1606574_mod/2MASS_J04351612-1606574-20220103@114558-Eden.fts -> s3://eden-data/RAW/LOT/2MASS_J04351612-1606574/2022-01-03/2MASS_J04351612-1606574-20220103@114558-Eden.fits (14/268) (dry run)
Storing /home/altsai/eden/LOT20220103_2MASS_J04351612-1606574_mod/2MASS_J04351612-1606574-20220103@114646-Eden.fts -> s3://eden-data/RAW/LOT/2MASS_J04351612-1606574/2022-01-03/2MASS_J04351612-1606574-20220103@114646-Eden.fits (15/268) (dry run)
Storing /home/altsai/eden/LOT20220103_2MASS_J04351612-1606574_mod/2MASS_J04351612-1606574-20220103@114732-Eden.fts -> s3://eden-data/RAW/LOT/2MASS_J04351612-1606574/2022-01-03/2MASS_J04351612-1606574-20220103@114732-Eden.fits (16/268) (dry run)
Storing /home/altsai/eden/LOT20220103_2MASS_J04351612-1606574_mod/2MASS_J04351612-1606574-20220103@114820-Eden.fts -> s3://eden-data/RAW/LOT/2MASS_J04351612-1606574/2022-01-03/2MASS_J04351612-1606574-20220103@114820-Eden.fits (17/268) (dry run)
Storing /home/altsai/eden/LOT20220103_2MASS_J04351612-1606574_mod/2MASS_J04351612-1606574-20220103@114908-Eden.fts -> s3://eden-data/RAW/LOT/2MASS_J04351612-1606574/2022-01-03/2MASS_J04351612-1606574-20220103@114908-Eden.fits (18/268) (dry run)
Storing /home/altsai/eden/LOT20220103_2MASS_J04351612-1606574_mod/2MASS_J04351612-1606574-20220103@114956-Eden.fts -> s3://eden-data/RAW/LOT/2MASS_J04351612-1606574/2022-01-03/2MASS_J04351612-1606574-20220103@114956-Eden.fits (19/268) (dry run)
Storing /home/altsai/eden/LOT20220103_2MASS_J04351612-1606574_mod/2MASS_J04351612-1606574-20220103@115041-Eden.fts -> s3://eden-data/RAW/LOT/2MASS_J04351612-1606574/2022-01-03/2MASS_J04351612-1606574-20220103@115041-Eden.fits (20/268) (dry run)
Storing /home/altsai/eden/LOT20220103_2MASS_J04351612-1606574_mod/2MASS_J04351612-1606574-20220103@115129-Eden.fts -> s3://eden-data/RAW/LOT/2MASS_J04351612-1606574/2022-01-03/2MASS_J04351612-1606574-20220103@115129-Eden.fits (21/268) (dry run)
Storing /home/altsai/eden/LOT20220103_2MASS_J04351612-1606574_mod/2MASS_J04351612-1606574-20220103@115217-Eden.fts -> s3://eden-data/RAW/LOT/2MASS_J04351612-1606574/2022-01-03/2MASS_J04351612-1606574-20220103@115217-Eden.fits (22/268) (dry run)
Storing /home/altsai/eden/LOT20220103_2MASS_J04351612-1606574_mod/2MASS_J04351612-1606574-20220103@115304-Eden.fts -> s3://eden-data/RAW/LOT/2MASS_J04351612-1606574/2022-01-03/2MASS_J04351612-1606574-20220103@115304-Eden.fits (23/268) (dry run)
Storing /home/altsai/eden/LOT20220103_2MASS_J04351612-1606574_mod/2MASS_J04351612-1606574-20220103@115351-Eden.fts -> s3://eden-data/RAW/LOT/2MASS_J04351612-1606574/2022-01-03/2MASS_J04351612-1606574-20220103@115351-Eden.fits (24/268) (dry run)
Storing /home/altsai/eden/LOT20220103_2MASS_J04351612-1606574_mod/2MASS_J04351612-1606574-20220103@115439-Eden.fts -> s3://eden-data/RAW/LOT/2MASS_J04351612-1606574/2022-01-03/2MASS_J04351612-1606574-20220103@115439-Eden.fits (25/268) (dry run)
Storing /home/altsai/eden/LOT20220103_2MASS_J04351612-1606574_mod/2MASS_J04351612-1606574-20220103@115527-Eden.fts -> s3://eden-data/RAW/LOT/2MASS_J04351612-1606574/2022-01-03/2MASS_J04351612-1606574-20220103@115527-Eden.fits (26/268) (dry run)
Storing /home/altsai/eden/LOT20220103_2MASS_J04351612-1606574_mod/2MASS_J04351612-1606574-20220103@115614-Eden.fts -> s3://eden-data/RAW/LOT/2MASS_J04351612-1606574/2022-01-03/2MASS_J04351612-1606574-20220103@115614-Eden.fits (27/268) (dry run)
Storing /home/altsai/eden/LOT20220103_2MASS_J04351612-1606574_mod/2MASS_J04351612-1606574-20220103@115701-Eden.fts -> s3://eden-data/RAW/LOT/2MASS_J04351612-1606574/2022-01-03/2MASS_J04351612-1606574-20220103@115701-Eden.fits (28/268) (dry run)
Storing /home/altsai/eden/LOT20220103_2MASS_J04351612-1606574_mod/2MASS_J04351612-1606574-20220103@115748-Eden.fts -> s3://eden-data/RAW/LOT/2MASS_J04351612-1606574/2022-01-03/2MASS_J04351612-1606574-20220103@115748-Eden.fits (29/268) (dry run)
Storing /home/altsai/eden/LOT20220103_2MASS_J04351612-1606574_mod/2MASS_J04351612-1606574-20220103@115836-Eden.fts -> s3://eden-data/RAW/LOT/2MASS_J04351612-1606574/2022-01-03/2MASS_J04351612-1606574-20220103@115836-Eden.fits (30/268) (dry run)
Storing /home/altsai/eden/LOT20220103_2MASS_J04351612-1606574_mod/2MASS_J04351612-1606574-20220103@115925-Eden.fts -> s3://eden-data/RAW/LOT/2MASS_J04351612-1606574/2022-01-03/2MASS_J04351612-1606574-20220103@115925-Eden.fits (31/268) (dry run)
Storing /home/altsai/eden/LOT20220103_2MASS_J04351612-1606574_mod/2MASS_J04351612-1606574-20220103@120011-Eden.fts -> s3://eden-data/RAW/LOT/2MASS_J04351612-1606574/2022-01-03/2MASS_J04351612-1606574-20220103@120011-Eden.fits (32/268) (dry run)
Storing /home/altsai/eden/LOT20220103_2MASS_J04351612-1606574_mod/2MASS_J04351612-1606574-20220103@120058-Eden.fts -> s3://eden-data/RAW/LOT/2MASS_J04351612-1606574/2022-01-03/2MASS_J04351612-1606574-20220103@120058-Eden.fits (33/268) (dry run)
Storing /home/altsai/eden/LOT20220103_2MASS_J04351612-1606574_mod/2MASS_J04351612-1606574-20220103@120145-Eden.fts -> s3://eden-data/RAW/LOT/2MASS_J04351612-1606574/2022-01-03/2MASS_J04351612-1606574-20220103@120145-Eden.fits (34/268) (dry run)
Storing /home/altsai/eden/LOT20220103_2MASS_J04351612-1606574_mod/2MASS_J04351612-1606574-20220103@120232-Eden.fts -> s3://eden-data/RAW/LOT/2MASS_J04351612-1606574/2022-01-03/2MASS_J04351612-1606574-20220103@120232-Eden.fits (35/268) (dry run)
Storing /home/altsai/eden/LOT20220103_2MASS_J04351612-1606574_mod/2MASS_J04351612-1606574-20220103@120320-Eden.fts -> s3://eden-data/RAW/LOT/2MASS_J04351612-1606574/2022-01-03/2MASS_J04351612-1606574-20220103@120320-Eden.fits (36/268) (dry run)
Storing /home/altsai/eden/LOT20220103_2MASS_J04351612-1606574_mod/2MASS_J04351612-1606574-20220103@120407-Eden.fts -> s3://eden-data/RAW/LOT/2MASS_J04351612-1606574/2022-01-03/2MASS_J04351612-1606574-20220103@120407-Eden.fits (37/268) (dry run)
Storing /home/altsai/eden/LOT20220103_2MASS_J04351612-1606574_mod/2MASS_J04351612-1606574-20220103@120454-Eden.fts -> s3://eden-data/RAW/LOT/2MASS_J04351612-1606574/2022-01-03/2MASS_J04351612-1606574-20220103@120454-Eden.fits (38/268) (dry run)
Storing /home/altsai/eden/LOT20220103_2MASS_J04351612-1606574_mod/2MASS_J04351612-1606574-20220103@120541-Eden.fts -> s3://eden-data/RAW/LOT/2MASS_J04351612-1606574/2022-01-03/2MASS_J04351612-1606574-20220103@120541-Eden.fits (39/268) (dry run)
Storing /home/altsai/eden/LOT20220103_2MASS_J04351612-1606574_mod/2MASS_J04351612-1606574-20220103@120628-Eden.fts -> s3://eden-data/RAW/LOT/2MASS_J04351612-1606574/2022-01-03/2MASS_J04351612-1606574-20220103@120628-Eden.fits (40/268) (dry run)
Storing /home/altsai/eden/LOT20220103_2MASS_J04351612-1606574_mod/2MASS_J04351612-1606574-20220103@120715-Eden.fts -> s3://eden-data/RAW/LOT/2MASS_J04351612-1606574/2022-01-03/2MASS_J04351612-1606574-20220103@120715-Eden.fits (41/268) (dry run)
Storing /home/altsai/eden/LOT20220103_2MASS_J04351612-1606574_mod/2MASS_J04351612-1606574-20220103@120802-Eden.fts -> s3://eden-data/RAW/LOT/2MASS_J04351612-1606574/2022-01-03/2MASS_J04351612-1606574-20220103@120802-Eden.fits (42/268) (dry run)
Storing /home/altsai/eden/LOT20220103_2MASS_J04351612-1606574_mod/2MASS_J04351612-1606574-20220103@120849-Eden.fts -> s3://eden-data/RAW/LOT/2MASS_J04351612-1606574/2022-01-03/2MASS_J04351612-1606574-20220103@120849-Eden.fits (43/268) (dry run)
Storing /home/altsai/eden/LOT20220103_2MASS_J04351612-1606574_mod/2MASS_J04351612-1606574-20220103@120936-Eden.fts -> s3://eden-data/RAW/LOT/2MASS_J04351612-1606574/2022-01-03/2MASS_J04351612-1606574-20220103@120936-Eden.fits (44/268) (dry run)
Storing /home/altsai/eden/LOT20220103_2MASS_J04351612-1606574_mod/2MASS_J04351612-1606574-20220103@121022-Eden.fts -> s3://eden-data/RAW/LOT/2MASS_J04351612-1606574/2022-01-03/2MASS_J04351612-1606574-20220103@121022-Eden.fits (45/268) (dry run)
Storing /home/altsai/eden/LOT20220103_2MASS_J04351612-1606574_mod/2MASS_J04351612-1606574-20220103@121109-Eden.fts -> s3://eden-data/RAW/LOT/2MASS_J04351612-1606574/2022-01-03/2MASS_J04351612-1606574-20220103@121109-Eden.fits (46/268) (dry run)
Storing /home/altsai/eden/LOT20220103_2MASS_J04351612-1606574_mod/2MASS_J04351612-1606574-20220103@121155-Eden.fts -> s3://eden-data/RAW/LOT/2MASS_J04351612-1606574/2022-01-03/2MASS_J04351612-1606574-20220103@121155-Eden.fits (47/268) (dry run)
Storing /home/altsai/eden/LOT20220103_2MASS_J04351612-1606574_mod/2MASS_J04351612-1606574-20220103@121242-Eden.fts -> s3://eden-data/RAW/LOT/2MASS_J04351612-1606574/2022-01-03/2MASS_J04351612-1606574-20220103@121242-Eden.fits (48/268) (dry run)
Storing /home/altsai/eden/LOT20220103_2MASS_J04351612-1606574_mod/2MASS_J04351612-1606574-20220103@121330-Eden.fts -> s3://eden-data/RAW/LOT/2MASS_J04351612-1606574/2022-01-03/2MASS_J04351612-1606574-20220103@121330-Eden.fits (49/268) (dry run)
Storing /home/altsai/eden/LOT20220103_2MASS_J04351612-1606574_mod/2MASS_J04351612-1606574-20220103@121418-Eden.fts -> s3://eden-data/RAW/LOT/2MASS_J04351612-1606574/2022-01-03/2MASS_J04351612-1606574-20220103@121418-Eden.fits (50/268) (dry run)
Storing /home/altsai/eden/LOT20220103_2MASS_J04351612-1606574_mod/2MASS_J04351612-1606574-20220103@121506-Eden.fts -> s3://eden-data/RAW/LOT/2MASS_J04351612-1606574/2022-01-03/2MASS_J04351612-1606574-20220103@121506-Eden.fits (51/268) (dry run)
Storing /home/altsai/eden/LOT20220103_2MASS_J04351612-1606574_mod/2MASS_J04351612-1606574-20220103@121554-Eden.fts -> s3://eden-data/RAW/LOT/2MASS_J04351612-1606574/2022-01-03/2MASS_J04351612-1606574-20220103@121554-Eden.fits (52/268) (dry run)
Storing /home/altsai/eden/LOT20220103_2MASS_J04351612-1606574_mod/2MASS_J04351612-1606574-20220103@121641-Eden.fts -> s3://eden-data/RAW/LOT/2MASS_J04351612-1606574/2022-01-03/2MASS_J04351612-1606574-20220103@121641-Eden.fits (53/268) (dry run)
Storing /home/altsai/eden/LOT20220103_2MASS_J04351612-1606574_mod/2MASS_J04351612-1606574-20220103@121729-Eden.fts -> s3://eden-data/RAW/LOT/2MASS_J04351612-1606574/2022-01-03/2MASS_J04351612-1606574-20220103@121729-Eden.fits (54/268) (dry run)
Storing /home/altsai/eden/LOT20220103_2MASS_J04351612-1606574_mod/2MASS_J04351612-1606574-20220103@121817-Eden.fts -> s3://eden-data/RAW/LOT/2MASS_J04351612-1606574/2022-01-03/2MASS_J04351612-1606574-20220103@121817-Eden.fits (55/268) (dry run)
Storing /home/altsai/eden/LOT20220103_2MASS_J04351612-1606574_mod/2MASS_J04351612-1606574-20220103@121903-Eden.fts -> s3://eden-data/RAW/LOT/2MASS_J04351612-1606574/2022-01-03/2MASS_J04351612-1606574-20220103@121903-Eden.fits (56/268) (dry run)
Storing /home/altsai/eden/LOT20220103_2MASS_J04351612-1606574_mod/2MASS_J04351612-1606574-20220103@121949-Eden.fts -> s3://eden-data/RAW/LOT/2MASS_J04351612-1606574/2022-01-03/2MASS_J04351612-1606574-20220103@121949-Eden.fits (57/268) (dry run)
Storing /home/altsai/eden/LOT20220103_2MASS_J04351612-1606574_mod/2MASS_J04351612-1606574-20220103@122035-Eden.fts -> s3://eden-data/RAW/LOT/2MASS_J04351612-1606574/2022-01-03/2MASS_J04351612-1606574-20220103@122035-Eden.fits (58/268) (dry run)
Storing /home/altsai/eden/LOT20220103_2MASS_J04351612-1606574_mod/2MASS_J04351612-1606574-20220103@122120-Eden.fts -> s3://eden-data/RAW/LOT/2MASS_J04351612-1606574/2022-01-03/2MASS_J04351612-1606574-20220103@122120-Eden.fits (59/268) (dry run)
Storing /home/altsai/eden/LOT20220103_2MASS_J04351612-1606574_mod/2MASS_J04351612-1606574-20220103@122207-Eden.fts -> s3://eden-data/RAW/LOT/2MASS_J04351612-1606574/2022-01-03/2MASS_J04351612-1606574-20220103@122207-Eden.fits (60/268) (dry run)
Storing /home/altsai/eden/LOT20220103_2MASS_J04351612-1606574_mod/2MASS_J04351612-1606574-20220103@122254-Eden.fts -> s3://eden-data/RAW/LOT/2MASS_J04351612-1606574/2022-01-03/2MASS_J04351612-1606574-20220103@122254-Eden.fits (61/268) (dry run)
Storing /home/altsai/eden/LOT20220103_2MASS_J04351612-1606574_mod/2MASS_J04351612-1606574-20220103@122341-Eden.fts -> s3://eden-data/RAW/LOT/2MASS_J04351612-1606574/2022-01-03/2MASS_J04351612-1606574-20220103@122341-Eden.fits (62/268) (dry run)
Storing /home/altsai/eden/LOT20220103_2MASS_J04351612-1606574_mod/2MASS_J04351612-1606574-20220103@122428-Eden.fts -> s3://eden-data/RAW/LOT/2MASS_J04351612-1606574/2022-01-03/2MASS_J04351612-1606574-20220103@122428-Eden.fits (63/268) (dry run)
Storing /home/altsai/eden/LOT20220103_2MASS_J04351612-1606574_mod/2MASS_J04351612-1606574-20220103@122515-Eden.fts -> s3://eden-data/RAW/LOT/2MASS_J04351612-1606574/2022-01-03/2MASS_J04351612-1606574-20220103@122515-Eden.fits (64/268) (dry run)
Storing /home/altsai/eden/LOT20220103_2MASS_J04351612-1606574_mod/2MASS_J04351612-1606574-20220103@122602-Eden.fts -> s3://eden-data/RAW/LOT/2MASS_J04351612-1606574/2022-01-03/2MASS_J04351612-1606574-20220103@122602-Eden.fits (65/268) (dry run)
Storing /home/altsai/eden/LOT20220103_2MASS_J04351612-1606574_mod/2MASS_J04351612-1606574-20220103@122648-Eden.fts -> s3://eden-data/RAW/LOT/2MASS_J04351612-1606574/2022-01-03/2MASS_J04351612-1606574-20220103@122648-Eden.fits (66/268) (dry run)
Storing /home/altsai/eden/LOT20220103_2MASS_J04351612-1606574_mod/2MASS_J04351612-1606574-20220103@122734-Eden.fts -> s3://eden-data/RAW/LOT/2MASS_J04351612-1606574/2022-01-03/2MASS_J04351612-1606574-20220103@122734-Eden.fits (67/268) (dry run)
Storing /home/altsai/eden/LOT20220103_2MASS_J04351612-1606574_mod/2MASS_J04351612-1606574-20220103@122822-Eden.fts -> s3://eden-data/RAW/LOT/2MASS_J04351612-1606574/2022-01-03/2MASS_J04351612-1606574-20220103@122822-Eden.fits (68/268) (dry run)
Storing /home/altsai/eden/LOT20220103_2MASS_J04351612-1606574_mod/2MASS_J04351612-1606574-20220103@122912-Eden.fts -> s3://eden-data/RAW/LOT/2MASS_J04351612-1606574/2022-01-03/2MASS_J04351612-1606574-20220103@122912-Eden.fits (69/268) (dry run)
Storing /home/altsai/eden/LOT20220103_2MASS_J04351612-1606574_mod/2MASS_J04351612-1606574-20220103@123000-Eden.fts -> s3://eden-data/RAW/LOT/2MASS_J04351612-1606574/2022-01-03/2MASS_J04351612-1606574-20220103@123000-Eden.fits (70/268) (dry run)
Storing /home/altsai/eden/LOT20220103_2MASS_J04351612-1606574_mod/2MASS_J04351612-1606574-20220103@123049-Eden.fts -> s3://eden-data/RAW/LOT/2MASS_J04351612-1606574/2022-01-03/2MASS_J04351612-1606574-20220103@123049-Eden.fits (71/268) (dry run)
Storing /home/altsai/eden/LOT20220103_2MASS_J04351612-1606574_mod/2MASS_J04351612-1606574-20220103@123136-Eden.fts -> s3://eden-data/RAW/LOT/2MASS_J04351612-1606574/2022-01-03/2MASS_J04351612-1606574-20220103@123136-Eden.fits (72/268) (dry run)
Storing /home/altsai/eden/LOT20220103_2MASS_J04351612-1606574_mod/2MASS_J04351612-1606574-20220103@123225-Eden.fts -> s3://eden-data/RAW/LOT/2MASS_J04351612-1606574/2022-01-03/2MASS_J04351612-1606574-20220103@123225-Eden.fits (73/268) (dry run)
Storing /home/altsai/eden/LOT20220103_2MASS_J04351612-1606574_mod/2MASS_J04351612-1606574-20220103@123314-Eden.fts -> s3://eden-data/RAW/LOT/2MASS_J04351612-1606574/2022-01-03/2MASS_J04351612-1606574-20220103@123314-Eden.fits (74/268) (dry run)
Storing /home/altsai/eden/LOT20220103_2MASS_J04351612-1606574_mod/2MASS_J04351612-1606574-20220103@123401-Eden.fts -> s3://eden-data/RAW/LOT/2MASS_J04351612-1606574/2022-01-03/2MASS_J04351612-1606574-20220103@123401-Eden.fits (75/268) (dry run)
Storing /home/altsai/eden/LOT20220103_2MASS_J04351612-1606574_mod/2MASS_J04351612-1606574-20220103@123450-Eden.fts -> s3://eden-data/RAW/LOT/2MASS_J04351612-1606574/2022-01-03/2MASS_J04351612-1606574-20220103@123450-Eden.fits (76/268) (dry run)
Storing /home/altsai/eden/LOT20220103_2MASS_J04351612-1606574_mod/2MASS_J04351612-1606574-20220103@123539-Eden.fts -> s3://eden-data/RAW/LOT/2MASS_J04351612-1606574/2022-01-03/2MASS_J04351612-1606574-20220103@123539-Eden.fits (77/268) (dry run)
Storing /home/altsai/eden/LOT20220103_2MASS_J04351612-1606574_mod/2MASS_J04351612-1606574-20220103@123626-Eden.fts -> s3://eden-data/RAW/LOT/2MASS_J04351612-1606574/2022-01-03/2MASS_J04351612-1606574-20220103@123626-Eden.fits (78/268) (dry run)
Storing /home/altsai/eden/LOT20220103_2MASS_J04351612-1606574_mod/2MASS_J04351612-1606574-20220103@123715-Eden.fts -> s3://eden-data/RAW/LOT/2MASS_J04351612-1606574/2022-01-03/2MASS_J04351612-1606574-20220103@123715-Eden.fits (79/268) (dry run)
Storing /home/altsai/eden/LOT20220103_2MASS_J04351612-1606574_mod/2MASS_J04351612-1606574-20220103@123803-Eden.fts -> s3://eden-data/RAW/LOT/2MASS_J04351612-1606574/2022-01-03/2MASS_J04351612-1606574-20220103@123803-Eden.fits (80/268) (dry run)
Storing /home/altsai/eden/LOT20220103_2MASS_J04351612-1606574_mod/2MASS_J04351612-1606574-20220103@123853-Eden.fts -> s3://eden-data/RAW/LOT/2MASS_J04351612-1606574/2022-01-03/2MASS_J04351612-1606574-20220103@123853-Eden.fits (81/268) (dry run)
Storing /home/altsai/eden/LOT20220103_2MASS_J04351612-1606574_mod/2MASS_J04351612-1606574-20220103@123940-Eden.fts -> s3://eden-data/RAW/LOT/2MASS_J04351612-1606574/2022-01-03/2MASS_J04351612-1606574-20220103@123940-Eden.fits (82/268) (dry run)
Storing /home/altsai/eden/LOT20220103_2MASS_J04351612-1606574_mod/2MASS_J04351612-1606574-20220103@124029-Eden.fts -> s3://eden-data/RAW/LOT/2MASS_J04351612-1606574/2022-01-03/2MASS_J04351612-1606574-20220103@124029-Eden.fits (83/268) (dry run)
Storing /home/altsai/eden/LOT20220103_2MASS_J04351612-1606574_mod/2MASS_J04351612-1606574-20220103@124115-Eden.fts -> s3://eden-data/RAW/LOT/2MASS_J04351612-1606574/2022-01-03/2MASS_J04351612-1606574-20220103@124115-Eden.fits (84/268) (dry run)
Storing /home/altsai/eden/LOT20220103_2MASS_J04351612-1606574_mod/2MASS_J04351612-1606574-20220103@124203-Eden.fts -> s3://eden-data/RAW/LOT/2MASS_J04351612-1606574/2022-01-03/2MASS_J04351612-1606574-20220103@124203-Eden.fits (85/268) (dry run)
Storing /home/altsai/eden/LOT20220103_2MASS_J04351612-1606574_mod/2MASS_J04351612-1606574-20220103@124252-Eden.fts -> s3://eden-data/RAW/LOT/2MASS_J04351612-1606574/2022-01-03/2MASS_J04351612-1606574-20220103@124252-Eden.fits (86/268) (dry run)
Storing /home/altsai/eden/LOT20220103_2MASS_J04351612-1606574_mod/2MASS_J04351612-1606574-20220103@124339-Eden.fts -> s3://eden-data/RAW/LOT/2MASS_J04351612-1606574/2022-01-03/2MASS_J04351612-1606574-20220103@124339-Eden.fits (87/268) (dry run)
Storing /home/altsai/eden/LOT20220103_2MASS_J04351612-1606574_mod/2MASS_J04351612-1606574-20220103@124427-Eden.fts -> s3://eden-data/RAW/LOT/2MASS_J04351612-1606574/2022-01-03/2MASS_J04351612-1606574-20220103@124427-Eden.fits (88/268) (dry run)
Storing /home/altsai/eden/LOT20220103_2MASS_J04351612-1606574_mod/2MASS_J04351612-1606574-20220103@124516-Eden.fts -> s3://eden-data/RAW/LOT/2MASS_J04351612-1606574/2022-01-03/2MASS_J04351612-1606574-20220103@124516-Eden.fits (89/268) (dry run)
Storing /home/altsai/eden/LOT20220103_2MASS_J04351612-1606574_mod/2MASS_J04351612-1606574-20220103@124604-Eden.fts -> s3://eden-data/RAW/LOT/2MASS_J04351612-1606574/2022-01-03/2MASS_J04351612-1606574-20220103@124604-Eden.fits (90/268) (dry run)
Storing /home/altsai/eden/LOT20220103_2MASS_J04351612-1606574_mod/2MASS_J04351612-1606574-20220103@124654-Eden.fts -> s3://eden-data/RAW/LOT/2MASS_J04351612-1606574/2022-01-03/2MASS_J04351612-1606574-20220103@124654-Eden.fits (91/268) (dry run)
Storing /home/altsai/eden/LOT20220103_2MASS_J04351612-1606574_mod/2MASS_J04351612-1606574-20220103@124743-Eden.fts -> s3://eden-data/RAW/LOT/2MASS_J04351612-1606574/2022-01-03/2MASS_J04351612-1606574-20220103@124743-Eden.fits (92/268) (dry run)
Storing /home/altsai/eden/LOT20220103_2MASS_J04351612-1606574_mod/2MASS_J04351612-1606574-20220103@124831-Eden.fts -> s3://eden-data/RAW/LOT/2MASS_J04351612-1606574/2022-01-03/2MASS_J04351612-1606574-20220103@124831-Eden.fits (93/268) (dry run)
Storing /home/altsai/eden/LOT20220103_2MASS_J04351612-1606574_mod/2MASS_J04351612-1606574-20220103@124920-Eden.fts -> s3://eden-data/RAW/LOT/2MASS_J04351612-1606574/2022-01-03/2MASS_J04351612-1606574-20220103@124920-Eden.fits (94/268) (dry run)
Storing /home/altsai/eden/LOT20220103_2MASS_J04351612-1606574_mod/2MASS_J04351612-1606574-20220103@125009-Eden.fts -> s3://eden-data/RAW/LOT/2MASS_J04351612-1606574/2022-01-03/2MASS_J04351612-1606574-20220103@125009-Eden.fits (95/268) (dry run)
Storing /home/altsai/eden/LOT20220103_2MASS_J04351612-1606574_mod/2MASS_J04351612-1606574-20220103@125058-Eden.fts -> s3://eden-data/RAW/LOT/2MASS_J04351612-1606574/2022-01-03/2MASS_J04351612-1606574-20220103@125058-Eden.fits (96/268) (dry run)
Storing /home/altsai/eden/LOT20220103_2MASS_J04351612-1606574_mod/2MASS_J04351612-1606574-20220103@125146-Eden.fts -> s3://eden-data/RAW/LOT/2MASS_J04351612-1606574/2022-01-03/2MASS_J04351612-1606574-20220103@125146-Eden.fits (97/268) (dry run)
Storing /home/altsai/eden/LOT20220103_2MASS_J04351612-1606574_mod/2MASS_J04351612-1606574-20220103@125233-Eden.fts -> s3://eden-data/RAW/LOT/2MASS_J04351612-1606574/2022-01-03/2MASS_J04351612-1606574-20220103@125233-Eden.fits (98/268) (dry run)
Storing /home/altsai/eden/LOT20220103_2MASS_J04351612-1606574_mod/2MASS_J04351612-1606574-20220103@125320-Eden.fts -> s3://eden-data/RAW/LOT/2MASS_J04351612-1606574/2022-01-03/2MASS_J04351612-1606574-20220103@125320-Eden.fits (99/268) (dry run)
Storing /home/altsai/eden/LOT20220103_2MASS_J04351612-1606574_mod/2MASS_J04351612-1606574-20220103@125408-Eden.fts -> s3://eden-data/RAW/LOT/2MASS_J04351612-1606574/2022-01-03/2MASS_J04351612-1606574-20220103@125408-Eden.fits (100/268) (dry run)
Storing /home/altsai/eden/LOT20220103_2MASS_J04351612-1606574_mod/2MASS_J04351612-1606574-20220103@125456-Eden.fts -> s3://eden-data/RAW/LOT/2MASS_J04351612-1606574/2022-01-03/2MASS_J04351612-1606574-20220103@125456-Eden.fits (101/268) (dry run)
Storing /home/altsai/eden/LOT20220103_2MASS_J04351612-1606574_mod/2MASS_J04351612-1606574-20220103@125544-Eden.fts -> s3://eden-data/RAW/LOT/2MASS_J04351612-1606574/2022-01-03/2MASS_J04351612-1606574-20220103@125544-Eden.fits (102/268) (dry run)
Storing /home/altsai/eden/LOT20220103_2MASS_J04351612-1606574_mod/2MASS_J04351612-1606574-20220103@125634-Eden.fts -> s3://eden-data/RAW/LOT/2MASS_J04351612-1606574/2022-01-03/2MASS_J04351612-1606574-20220103@125634-Eden.fits (103/268) (dry run)
Storing /home/altsai/eden/LOT20220103_2MASS_J04351612-1606574_mod/2MASS_J04351612-1606574-20220103@125720-Eden.fts -> s3://eden-data/RAW/LOT/2MASS_J04351612-1606574/2022-01-03/2MASS_J04351612-1606574-20220103@125720-Eden.fits (104/268) (dry run)
Storing /home/altsai/eden/LOT20220103_2MASS_J04351612-1606574_mod/2MASS_J04351612-1606574-20220103@125809-Eden.fts -> s3://eden-data/RAW/LOT/2MASS_J04351612-1606574/2022-01-03/2MASS_J04351612-1606574-20220103@125809-Eden.fits (105/268) (dry run)
Storing /home/altsai/eden/LOT20220103_2MASS_J04351612-1606574_mod/2MASS_J04351612-1606574-20220103@125858-Eden.fts -> s3://eden-data/RAW/LOT/2MASS_J04351612-1606574/2022-01-03/2MASS_J04351612-1606574-20220103@125858-Eden.fits (106/268) (dry run)
Storing /home/altsai/eden/LOT20220103_2MASS_J04351612-1606574_mod/2MASS_J04351612-1606574-20220103@125946-Eden.fts -> s3://eden-data/RAW/LOT/2MASS_J04351612-1606574/2022-01-03/2MASS_J04351612-1606574-20220103@125946-Eden.fits (107/268) (dry run)
Storing /home/altsai/eden/LOT20220103_2MASS_J04351612-1606574_mod/2MASS_J04351612-1606574-20220103@130034-Eden.fts -> s3://eden-data/RAW/LOT/2MASS_J04351612-1606574/2022-01-03/2MASS_J04351612-1606574-20220103@130034-Eden.fits (108/268) (dry run)
Storing /home/altsai/eden/LOT20220103_2MASS_J04351612-1606574_mod/2MASS_J04351612-1606574-20220103@130123-Eden.fts -> s3://eden-data/RAW/LOT/2MASS_J04351612-1606574/2022-01-03/2MASS_J04351612-1606574-20220103@130123-Eden.fits (109/268) (dry run)
Storing /home/altsai/eden/LOT20220103_2MASS_J04351612-1606574_mod/2MASS_J04351612-1606574-20220103@130212-Eden.fts -> s3://eden-data/RAW/LOT/2MASS_J04351612-1606574/2022-01-03/2MASS_J04351612-1606574-20220103@130212-Eden.fits (110/268) (dry run)
Storing /home/altsai/eden/LOT20220103_2MASS_J04351612-1606574_mod/2MASS_J04351612-1606574-20220103@130300-Eden.fts -> s3://eden-data/RAW/LOT/2MASS_J04351612-1606574/2022-01-03/2MASS_J04351612-1606574-20220103@130300-Eden.fits (111/268) (dry run)
Storing /home/altsai/eden/LOT20220103_2MASS_J04351612-1606574_mod/2MASS_J04351612-1606574-20220103@130347-Eden.fts -> s3://eden-data/RAW/LOT/2MASS_J04351612-1606574/2022-01-03/2MASS_J04351612-1606574-20220103@130347-Eden.fits (112/268) (dry run)
Storing /home/altsai/eden/LOT20220103_2MASS_J04351612-1606574_mod/2MASS_J04351612-1606574-20220103@130434-Eden.fts -> s3://eden-data/RAW/LOT/2MASS_J04351612-1606574/2022-01-03/2MASS_J04351612-1606574-20220103@130434-Eden.fits (113/268) (dry run)
Storing /home/altsai/eden/LOT20220103_2MASS_J04351612-1606574_mod/2MASS_J04351612-1606574-20220103@130521-Eden.fts -> s3://eden-data/RAW/LOT/2MASS_J04351612-1606574/2022-01-03/2MASS_J04351612-1606574-20220103@130521-Eden.fits (114/268) (dry run)
Storing /home/altsai/eden/LOT20220103_2MASS_J04351612-1606574_mod/2MASS_J04351612-1606574-20220103@130608-Eden.fts -> s3://eden-data/RAW/LOT/2MASS_J04351612-1606574/2022-01-03/2MASS_J04351612-1606574-20220103@130608-Eden.fits (115/268) (dry run)
Storing /home/altsai/eden/LOT20220103_2MASS_J04351612-1606574_mod/2MASS_J04351612-1606574-20220103@130657-Eden.fts -> s3://eden-data/RAW/LOT/2MASS_J04351612-1606574/2022-01-03/2MASS_J04351612-1606574-20220103@130657-Eden.fits (116/268) (dry run)
Storing /home/altsai/eden/LOT20220103_2MASS_J04351612-1606574_mod/2MASS_J04351612-1606574-20220103@130744-Eden.fts -> s3://eden-data/RAW/LOT/2MASS_J04351612-1606574/2022-01-03/2MASS_J04351612-1606574-20220103@130744-Eden.fits (117/268) (dry run)
Storing /home/altsai/eden/LOT20220103_2MASS_J04351612-1606574_mod/2MASS_J04351612-1606574-20220103@130830-Eden.fts -> s3://eden-data/RAW/LOT/2MASS_J04351612-1606574/2022-01-03/2MASS_J04351612-1606574-20220103@130830-Eden.fits (118/268) (dry run)
Storing /home/altsai/eden/LOT20220103_2MASS_J04351612-1606574_mod/2MASS_J04351612-1606574-20220103@130918-Eden.fts -> s3://eden-data/RAW/LOT/2MASS_J04351612-1606574/2022-01-03/2MASS_J04351612-1606574-20220103@130918-Eden.fits (119/268) (dry run)
Storing /home/altsai/eden/LOT20220103_2MASS_J04351612-1606574_mod/2MASS_J04351612-1606574-20220103@131005-Eden.fts -> s3://eden-data/RAW/LOT/2MASS_J04351612-1606574/2022-01-03/2MASS_J04351612-1606574-20220103@131005-Eden.fits (120/268) (dry run)
Storing /home/altsai/eden/LOT20220103_2MASS_J04351612-1606574_mod/2MASS_J04351612-1606574-20220103@131052-Eden.fts -> s3://eden-data/RAW/LOT/2MASS_J04351612-1606574/2022-01-03/2MASS_J04351612-1606574-20220103@131052-Eden.fits (121/268) (dry run)
Storing /home/altsai/eden/LOT20220103_2MASS_J04351612-1606574_mod/2MASS_J04351612-1606574-20220103@131141-Eden.fts -> s3://eden-data/RAW/LOT/2MASS_J04351612-1606574/2022-01-03/2MASS_J04351612-1606574-20220103@131141-Eden.fits (122/268) (dry run)
Storing /home/altsai/eden/LOT20220103_2MASS_J04351612-1606574_mod/2MASS_J04351612-1606574-20220103@131229-Eden.fts -> s3://eden-data/RAW/LOT/2MASS_J04351612-1606574/2022-01-03/2MASS_J04351612-1606574-20220103@131229-Eden.fits (123/268) (dry run)
Storing /home/altsai/eden/LOT20220103_2MASS_J04351612-1606574_mod/2MASS_J04351612-1606574-20220103@131316-Eden.fts -> s3://eden-data/RAW/LOT/2MASS_J04351612-1606574/2022-01-03/2MASS_J04351612-1606574-20220103@131316-Eden.fits (124/268) (dry run)
Storing /home/altsai/eden/LOT20220103_2MASS_J04351612-1606574_mod/2MASS_J04351612-1606574-20220103@131403-Eden.fts -> s3://eden-data/RAW/LOT/2MASS_J04351612-1606574/2022-01-03/2MASS_J04351612-1606574-20220103@131403-Eden.fits (125/268) (dry run)
Storing /home/altsai/eden/LOT20220103_2MASS_J04351612-1606574_mod/2MASS_J04351612-1606574-20220103@131450-Eden.fts -> s3://eden-data/RAW/LOT/2MASS_J04351612-1606574/2022-01-03/2MASS_J04351612-1606574-20220103@131450-Eden.fits (126/268) (dry run)
Storing /home/altsai/eden/LOT20220103_2MASS_J04351612-1606574_mod/2MASS_J04351612-1606574-20220103@131537-Eden.fts -> s3://eden-data/RAW/LOT/2MASS_J04351612-1606574/2022-01-03/2MASS_J04351612-1606574-20220103@131537-Eden.fits (127/268) (dry run)
Storing /home/altsai/eden/LOT20220103_2MASS_J04351612-1606574_mod/2MASS_J04351612-1606574-20220103@131625-Eden.fts -> s3://eden-data/RAW/LOT/2MASS_J04351612-1606574/2022-01-03/2MASS_J04351612-1606574-20220103@131625-Eden.fits (128/268) (dry run)
Storing /home/altsai/eden/LOT20220103_2MASS_J04351612-1606574_mod/2MASS_J04351612-1606574-20220103@131714-Eden.fts -> s3://eden-data/RAW/LOT/2MASS_J04351612-1606574/2022-01-03/2MASS_J04351612-1606574-20220103@131714-Eden.fits (129/268) (dry run)
Storing /home/altsai/eden/LOT20220103_2MASS_J04351612-1606574_mod/2MASS_J04351612-1606574-20220103@131802-Eden.fts -> s3://eden-data/RAW/LOT/2MASS_J04351612-1606574/2022-01-03/2MASS_J04351612-1606574-20220103@131802-Eden.fits (130/268) (dry run)
Storing /home/altsai/eden/LOT20220103_2MASS_J04351612-1606574_mod/2MASS_J04351612-1606574-20220103@131850-Eden.fts -> s3://eden-data/RAW/LOT/2MASS_J04351612-1606574/2022-01-03/2MASS_J04351612-1606574-20220103@131850-Eden.fits (131/268) (dry run)
Storing /home/altsai/eden/LOT20220103_2MASS_J04351612-1606574_mod/2MASS_J04351612-1606574-20220103@131938-Eden.fts -> s3://eden-data/RAW/LOT/2MASS_J04351612-1606574/2022-01-03/2MASS_J04351612-1606574-20220103@131938-Eden.fits (132/268) (dry run)
Storing /home/altsai/eden/LOT20220103_2MASS_J04351612-1606574_mod/2MASS_J04351612-1606574-20220103@132026-Eden.fts -> s3://eden-data/RAW/LOT/2MASS_J04351612-1606574/2022-01-03/2MASS_J04351612-1606574-20220103@132026-Eden.fits (133/268) (dry run)
Storing /home/altsai/eden/LOT20220103_2MASS_J04351612-1606574_mod/2MASS_J04351612-1606574-20220103@132115-Eden.fts -> s3://eden-data/RAW/LOT/2MASS_J04351612-1606574/2022-01-03/2MASS_J04351612-1606574-20220103@132115-Eden.fits (134/268) (dry run)
Storing /home/altsai/eden/LOT20220103_2MASS_J04351612-1606574_mod/2MASS_J04351612-1606574-20220103@132203-Eden.fts -> s3://eden-data/RAW/LOT/2MASS_J04351612-1606574/2022-01-03/2MASS_J04351612-1606574-20220103@132203-Eden.fits (135/268) (dry run)
Storing /home/altsai/eden/LOT20220103_2MASS_J04351612-1606574_mod/2MASS_J04351612-1606574-20220103@132251-Eden.fts -> s3://eden-data/RAW/LOT/2MASS_J04351612-1606574/2022-01-03/2MASS_J04351612-1606574-20220103@132251-Eden.fits (136/268) (dry run)
Storing /home/altsai/eden/LOT20220103_2MASS_J04351612-1606574_mod/2MASS_J04351612-1606574-20220103@132340-Eden.fts -> s3://eden-data/RAW/LOT/2MASS_J04351612-1606574/2022-01-03/2MASS_J04351612-1606574-20220103@132340-Eden.fits (137/268) (dry run)
Storing /home/altsai/eden/LOT20220103_2MASS_J04351612-1606574_mod/2MASS_J04351612-1606574-20220103@132428-Eden.fts -> s3://eden-data/RAW/LOT/2MASS_J04351612-1606574/2022-01-03/2MASS_J04351612-1606574-20220103@132428-Eden.fits (138/268) (dry run)
Storing /home/altsai/eden/LOT20220103_2MASS_J04351612-1606574_mod/2MASS_J04351612-1606574-20220103@132515-Eden.fts -> s3://eden-data/RAW/LOT/2MASS_J04351612-1606574/2022-01-03/2MASS_J04351612-1606574-20220103@132515-Eden.fits (139/268) (dry run)
Storing /home/altsai/eden/LOT20220103_2MASS_J04351612-1606574_mod/2MASS_J04351612-1606574-20220103@132602-Eden.fts -> s3://eden-data/RAW/LOT/2MASS_J04351612-1606574/2022-01-03/2MASS_J04351612-1606574-20220103@132602-Eden.fits (140/268) (dry run)
Storing /home/altsai/eden/LOT20220103_2MASS_J04351612-1606574_mod/2MASS_J04351612-1606574-20220103@132648-Eden.fts -> s3://eden-data/RAW/LOT/2MASS_J04351612-1606574/2022-01-03/2MASS_J04351612-1606574-20220103@132648-Eden.fits (141/268) (dry run)
Storing /home/altsai/eden/LOT20220103_2MASS_J04351612-1606574_mod/2MASS_J04351612-1606574-20220103@132734-Eden.fts -> s3://eden-data/RAW/LOT/2MASS_J04351612-1606574/2022-01-03/2MASS_J04351612-1606574-20220103@132734-Eden.fits (142/268) (dry run)
Storing /home/altsai/eden/LOT20220103_2MASS_J04351612-1606574_mod/2MASS_J04351612-1606574-20220103@132819-Eden.fts -> s3://eden-data/RAW/LOT/2MASS_J04351612-1606574/2022-01-03/2MASS_J04351612-1606574-20220103@132819-Eden.fits (143/268) (dry run)
Storing /home/altsai/eden/LOT20220103_2MASS_J04351612-1606574_mod/2MASS_J04351612-1606574-20220103@132905-Eden.fts -> s3://eden-data/RAW/LOT/2MASS_J04351612-1606574/2022-01-03/2MASS_J04351612-1606574-20220103@132905-Eden.fits (144/268) (dry run)
Storing /home/altsai/eden/LOT20220103_2MASS_J04351612-1606574_mod/2MASS_J04351612-1606574-20220103@132950-Eden.fts -> s3://eden-data/RAW/LOT/2MASS_J04351612-1606574/2022-01-03/2MASS_J04351612-1606574-20220103@132950-Eden.fits (145/268) (dry run)
Storing /home/altsai/eden/LOT20220103_2MASS_J04351612-1606574_mod/2MASS_J04351612-1606574-20220103@133035-Eden.fts -> s3://eden-data/RAW/LOT/2MASS_J04351612-1606574/2022-01-03/2MASS_J04351612-1606574-20220103@133035-Eden.fits (146/268) (dry run)
Storing /home/altsai/eden/LOT20220103_2MASS_J04351612-1606574_mod/2MASS_J04351612-1606574-20220103@133119-Eden.fts -> s3://eden-data/RAW/LOT/2MASS_J04351612-1606574/2022-01-03/2MASS_J04351612-1606574-20220103@133119-Eden.fits (147/268) (dry run)
Storing /home/altsai/eden/LOT20220103_2MASS_J04351612-1606574_mod/2MASS_J04351612-1606574-20220103@133204-Eden.fts -> s3://eden-data/RAW/LOT/2MASS_J04351612-1606574/2022-01-03/2MASS_J04351612-1606574-20220103@133204-Eden.fits (148/268) (dry run)
Storing /home/altsai/eden/LOT20220103_2MASS_J04351612-1606574_mod/2MASS_J04351612-1606574-20220103@133249-Eden.fts -> s3://eden-data/RAW/LOT/2MASS_J04351612-1606574/2022-01-03/2MASS_J04351612-1606574-20220103@133249-Eden.fits (149/268) (dry run)
Storing /home/altsai/eden/LOT20220103_2MASS_J04351612-1606574_mod/2MASS_J04351612-1606574-20220103@133333-Eden.fts -> s3://eden-data/RAW/LOT/2MASS_J04351612-1606574/2022-01-03/2MASS_J04351612-1606574-20220103@133333-Eden.fits (150/268) (dry run)
Storing /home/altsai/eden/LOT20220103_2MASS_J04351612-1606574_mod/2MASS_J04351612-1606574-20220103@133417-Eden.fts -> s3://eden-data/RAW/LOT/2MASS_J04351612-1606574/2022-01-03/2MASS_J04351612-1606574-20220103@133417-Eden.fits (151/268) (dry run)
Storing /home/altsai/eden/LOT20220103_2MASS_J04351612-1606574_mod/2MASS_J04351612-1606574-20220103@133503-Eden.fts -> s3://eden-data/RAW/LOT/2MASS_J04351612-1606574/2022-01-03/2MASS_J04351612-1606574-20220103@133503-Eden.fits (152/268) (dry run)
Storing /home/altsai/eden/LOT20220103_2MASS_J04351612-1606574_mod/2MASS_J04351612-1606574-20220103@133549-Eden.fts -> s3://eden-data/RAW/LOT/2MASS_J04351612-1606574/2022-01-03/2MASS_J04351612-1606574-20220103@133549-Eden.fits (153/268) (dry run)
Storing /home/altsai/eden/LOT20220103_2MASS_J04351612-1606574_mod/2MASS_J04351612-1606574-20220103@133633-Eden.fts -> s3://eden-data/RAW/LOT/2MASS_J04351612-1606574/2022-01-03/2MASS_J04351612-1606574-20220103@133633-Eden.fits (154/268) (dry run)
Storing /home/altsai/eden/LOT20220103_2MASS_J04351612-1606574_mod/2MASS_J04351612-1606574-20220103@133717-Eden.fts -> s3://eden-data/RAW/LOT/2MASS_J04351612-1606574/2022-01-03/2MASS_J04351612-1606574-20220103@133717-Eden.fits (155/268) (dry run)
Storing /home/altsai/eden/LOT20220103_2MASS_J04351612-1606574_mod/2MASS_J04351612-1606574-20220103@133801-Eden.fts -> s3://eden-data/RAW/LOT/2MASS_J04351612-1606574/2022-01-03/2MASS_J04351612-1606574-20220103@133801-Eden.fits (156/268) (dry run)
Storing /home/altsai/eden/LOT20220103_2MASS_J04351612-1606574_mod/2MASS_J04351612-1606574-20220103@133845-Eden.fts -> s3://eden-data/RAW/LOT/2MASS_J04351612-1606574/2022-01-03/2MASS_J04351612-1606574-20220103@133845-Eden.fits (157/268) (dry run)
Storing /home/altsai/eden/LOT20220103_2MASS_J04351612-1606574_mod/2MASS_J04351612-1606574-20220103@133928-Eden.fts -> s3://eden-data/RAW/LOT/2MASS_J04351612-1606574/2022-01-03/2MASS_J04351612-1606574-20220103@133928-Eden.fits (158/268) (dry run)
Storing /home/altsai/eden/LOT20220103_2MASS_J04351612-1606574_mod/2MASS_J04351612-1606574-20220103@134011-Eden.fts -> s3://eden-data/RAW/LOT/2MASS_J04351612-1606574/2022-01-03/2MASS_J04351612-1606574-20220103@134011-Eden.fits (159/268) (dry run)
Storing /home/altsai/eden/LOT20220103_2MASS_J04351612-1606574_mod/2MASS_J04351612-1606574-20220103@134055-Eden.fts -> s3://eden-data/RAW/LOT/2MASS_J04351612-1606574/2022-01-03/2MASS_J04351612-1606574-20220103@134055-Eden.fits (160/268) (dry run)
Storing /home/altsai/eden/LOT20220103_2MASS_J04351612-1606574_mod/2MASS_J04351612-1606574-20220103@134139-Eden.fts -> s3://eden-data/RAW/LOT/2MASS_J04351612-1606574/2022-01-03/2MASS_J04351612-1606574-20220103@134139-Eden.fits (161/268) (dry run)
Storing /home/altsai/eden/LOT20220103_2MASS_J04351612-1606574_mod/2MASS_J04351612-1606574-20220103@134223-Eden.fts -> s3://eden-data/RAW/LOT/2MASS_J04351612-1606574/2022-01-03/2MASS_J04351612-1606574-20220103@134223-Eden.fits (162/268) (dry run)
Storing /home/altsai/eden/LOT20220103_2MASS_J04351612-1606574_mod/2MASS_J04351612-1606574-20220103@134308-Eden.fts -> s3://eden-data/RAW/LOT/2MASS_J04351612-1606574/2022-01-03/2MASS_J04351612-1606574-20220103@134308-Eden.fits (163/268) (dry run)
Storing /home/altsai/eden/LOT20220103_2MASS_J04351612-1606574_mod/2MASS_J04351612-1606574-20220103@134353-Eden.fts -> s3://eden-data/RAW/LOT/2MASS_J04351612-1606574/2022-01-03/2MASS_J04351612-1606574-20220103@134353-Eden.fits (164/268) (dry run)
Storing /home/altsai/eden/LOT20220103_2MASS_J04351612-1606574_mod/2MASS_J04351612-1606574-20220103@134437-Eden.fts -> s3://eden-data/RAW/LOT/2MASS_J04351612-1606574/2022-01-03/2MASS_J04351612-1606574-20220103@134437-Eden.fits (165/268) (dry run)
Storing /home/altsai/eden/LOT20220103_2MASS_J04351612-1606574_mod/2MASS_J04351612-1606574-20220103@134520-Eden.fts -> s3://eden-data/RAW/LOT/2MASS_J04351612-1606574/2022-01-03/2MASS_J04351612-1606574-20220103@134520-Eden.fits (166/268) (dry run)
Storing /home/altsai/eden/LOT20220103_2MASS_J04351612-1606574_mod/2MASS_J04351612-1606574-20220103@134605-Eden.fts -> s3://eden-data/RAW/LOT/2MASS_J04351612-1606574/2022-01-03/2MASS_J04351612-1606574-20220103@134605-Eden.fits (167/268) (dry run)
Storing /home/altsai/eden/LOT20220103_2MASS_J04351612-1606574_mod/2MASS_J04351612-1606574-20220103@134650-Eden.fts -> s3://eden-data/RAW/LOT/2MASS_J04351612-1606574/2022-01-03/2MASS_J04351612-1606574-20220103@134650-Eden.fits (168/268) (dry run)
Storing /home/altsai/eden/LOT20220103_2MASS_J04351612-1606574_mod/2MASS_J04351612-1606574-20220103@134734-Eden.fts -> s3://eden-data/RAW/LOT/2MASS_J04351612-1606574/2022-01-03/2MASS_J04351612-1606574-20220103@134734-Eden.fits (169/268) (dry run)
Storing /home/altsai/eden/LOT20220103_2MASS_J04351612-1606574_mod/2MASS_J04351612-1606574-20220103@134819-Eden.fts -> s3://eden-data/RAW/LOT/2MASS_J04351612-1606574/2022-01-03/2MASS_J04351612-1606574-20220103@134819-Eden.fits (170/268) (dry run)
Storing /home/altsai/eden/LOT20220103_2MASS_J04351612-1606574_mod/2MASS_J04351612-1606574-20220103@134904-Eden.fts -> s3://eden-data/RAW/LOT/2MASS_J04351612-1606574/2022-01-03/2MASS_J04351612-1606574-20220103@134904-Eden.fits (171/268) (dry run)
Storing /home/altsai/eden/LOT20220103_2MASS_J04351612-1606574_mod/2MASS_J04351612-1606574-20220103@134948-Eden.fts -> s3://eden-data/RAW/LOT/2MASS_J04351612-1606574/2022-01-03/2MASS_J04351612-1606574-20220103@134948-Eden.fits (172/268) (dry run)
Storing /home/altsai/eden/LOT20220103_2MASS_J04351612-1606574_mod/2MASS_J04351612-1606574-20220103@135033-Eden.fts -> s3://eden-data/RAW/LOT/2MASS_J04351612-1606574/2022-01-03/2MASS_J04351612-1606574-20220103@135033-Eden.fits (173/268) (dry run)
Storing /home/altsai/eden/LOT20220103_2MASS_J04351612-1606574_mod/2MASS_J04351612-1606574-20220103@135118-Eden.fts -> s3://eden-data/RAW/LOT/2MASS_J04351612-1606574/2022-01-03/2MASS_J04351612-1606574-20220103@135118-Eden.fits (174/268) (dry run)
Storing /home/altsai/eden/LOT20220103_2MASS_J04351612-1606574_mod/2MASS_J04351612-1606574-20220103@135201-Eden.fts -> s3://eden-data/RAW/LOT/2MASS_J04351612-1606574/2022-01-03/2MASS_J04351612-1606574-20220103@135201-Eden.fits (175/268) (dry run)
Storing /home/altsai/eden/LOT20220103_2MASS_J04351612-1606574_mod/2MASS_J04351612-1606574-20220103@135245-Eden.fts -> s3://eden-data/RAW/LOT/2MASS_J04351612-1606574/2022-01-03/2MASS_J04351612-1606574-20220103@135245-Eden.fits (176/268) (dry run)
Storing /home/altsai/eden/LOT20220103_2MASS_J04351612-1606574_mod/2MASS_J04351612-1606574-20220103@135330-Eden.fts -> s3://eden-data/RAW/LOT/2MASS_J04351612-1606574/2022-01-03/2MASS_J04351612-1606574-20220103@135330-Eden.fits (177/268) (dry run)
Storing /home/altsai/eden/LOT20220103_2MASS_J04351612-1606574_mod/2MASS_J04351612-1606574-20220103@135415-Eden.fts -> s3://eden-data/RAW/LOT/2MASS_J04351612-1606574/2022-01-03/2MASS_J04351612-1606574-20220103@135415-Eden.fits (178/268) (dry run)
Storing /home/altsai/eden/LOT20220103_2MASS_J04351612-1606574_mod/2MASS_J04351612-1606574-20220103@135459-Eden.fts -> s3://eden-data/RAW/LOT/2MASS_J04351612-1606574/2022-01-03/2MASS_J04351612-1606574-20220103@135459-Eden.fits (179/268) (dry run)
Storing /home/altsai/eden/LOT20220103_2MASS_J04351612-1606574_mod/2MASS_J04351612-1606574-20220103@135543-Eden.fts -> s3://eden-data/RAW/LOT/2MASS_J04351612-1606574/2022-01-03/2MASS_J04351612-1606574-20220103@135543-Eden.fits (180/268) (dry run)
Storing /home/altsai/eden/LOT20220103_2MASS_J04351612-1606574_mod/2MASS_J04351612-1606574-20220103@135627-Eden.fts -> s3://eden-data/RAW/LOT/2MASS_J04351612-1606574/2022-01-03/2MASS_J04351612-1606574-20220103@135627-Eden.fits (181/268) (dry run)
Storing /home/altsai/eden/LOT20220103_2MASS_J04351612-1606574_mod/2MASS_J04351612-1606574-20220103@135711-Eden.fts -> s3://eden-data/RAW/LOT/2MASS_J04351612-1606574/2022-01-03/2MASS_J04351612-1606574-20220103@135711-Eden.fits (182/268) (dry run)
Storing /home/altsai/eden/LOT20220103_2MASS_J04351612-1606574_mod/2MASS_J04351612-1606574-20220103@135758-Eden.fts -> s3://eden-data/RAW/LOT/2MASS_J04351612-1606574/2022-01-03/2MASS_J04351612-1606574-20220103@135758-Eden.fits (183/268) (dry run)
Storing /home/altsai/eden/LOT20220103_2MASS_J04351612-1606574_mod/2MASS_J04351612-1606574-20220103@135842-Eden.fts -> s3://eden-data/RAW/LOT/2MASS_J04351612-1606574/2022-01-03/2MASS_J04351612-1606574-20220103@135842-Eden.fits (184/268) (dry run)
Storing /home/altsai/eden/LOT20220103_2MASS_J04351612-1606574_mod/2MASS_J04351612-1606574-20220103@135926-Eden.fts -> s3://eden-data/RAW/LOT/2MASS_J04351612-1606574/2022-01-03/2MASS_J04351612-1606574-20220103@135926-Eden.fits (185/268) (dry run)
Storing /home/altsai/eden/LOT20220103_2MASS_J04351612-1606574_mod/2MASS_J04351612-1606574-20220103@140010-Eden.fts -> s3://eden-data/RAW/LOT/2MASS_J04351612-1606574/2022-01-03/2MASS_J04351612-1606574-20220103@140010-Eden.fits (186/268) (dry run)
Storing /home/altsai/eden/LOT20220103_2MASS_J04351612-1606574_mod/2MASS_J04351612-1606574-20220103@140054-Eden.fts -> s3://eden-data/RAW/LOT/2MASS_J04351612-1606574/2022-01-03/2MASS_J04351612-1606574-20220103@140054-Eden.fits (187/268) (dry run)
Storing /home/altsai/eden/LOT20220103_2MASS_J04351612-1606574_mod/2MASS_J04351612-1606574-20220103@140138-Eden.fts -> s3://eden-data/RAW/LOT/2MASS_J04351612-1606574/2022-01-03/2MASS_J04351612-1606574-20220103@140138-Eden.fits (188/268) (dry run)
Storing /home/altsai/eden/LOT20220103_2MASS_J04351612-1606574_mod/2MASS_J04351612-1606574-20220103@140221-Eden.fts -> s3://eden-data/RAW/LOT/2MASS_J04351612-1606574/2022-01-03/2MASS_J04351612-1606574-20220103@140221-Eden.fits (189/268) (dry run)
Storing /home/altsai/eden/LOT20220103_2MASS_J04351612-1606574_mod/2MASS_J04351612-1606574-20220103@140306-Eden.fts -> s3://eden-data/RAW/LOT/2MASS_J04351612-1606574/2022-01-03/2MASS_J04351612-1606574-20220103@140306-Eden.fits (190/268) (dry run)
Storing /home/altsai/eden/LOT20220103_2MASS_J04351612-1606574_mod/2MASS_J04351612-1606574-20220103@140349-Eden.fts -> s3://eden-data/RAW/LOT/2MASS_J04351612-1606574/2022-01-03/2MASS_J04351612-1606574-20220103@140349-Eden.fits (191/268) (dry run)
Storing /home/altsai/eden/LOT20220103_2MASS_J04351612-1606574_mod/2MASS_J04351612-1606574-20220103@140433-Eden.fts -> s3://eden-data/RAW/LOT/2MASS_J04351612-1606574/2022-01-03/2MASS_J04351612-1606574-20220103@140433-Eden.fits (192/268) (dry run)
Storing /home/altsai/eden/LOT20220103_2MASS_J04351612-1606574_mod/2MASS_J04351612-1606574-20220103@140517-Eden.fts -> s3://eden-data/RAW/LOT/2MASS_J04351612-1606574/2022-01-03/2MASS_J04351612-1606574-20220103@140517-Eden.fits (193/268) (dry run)
Storing /home/altsai/eden/LOT20220103_2MASS_J04351612-1606574_mod/2MASS_J04351612-1606574-20220103@140601-Eden.fts -> s3://eden-data/RAW/LOT/2MASS_J04351612-1606574/2022-01-03/2MASS_J04351612-1606574-20220103@140601-Eden.fits (194/268) (dry run)
Storing /home/altsai/eden/LOT20220103_2MASS_J04351612-1606574_mod/2MASS_J04351612-1606574-20220103@140644-Eden.fts -> s3://eden-data/RAW/LOT/2MASS_J04351612-1606574/2022-01-03/2MASS_J04351612-1606574-20220103@140644-Eden.fits (195/268) (dry run)
Storing /home/altsai/eden/LOT20220103_2MASS_J04351612-1606574_mod/2MASS_J04351612-1606574-20220103@140728-Eden.fts -> s3://eden-data/RAW/LOT/2MASS_J04351612-1606574/2022-01-03/2MASS_J04351612-1606574-20220103@140728-Eden.fits (196/268) (dry run)
Storing /home/altsai/eden/LOT20220103_2MASS_J04351612-1606574_mod/2MASS_J04351612-1606574-20220103@140812-Eden.fts -> s3://eden-data/RAW/LOT/2MASS_J04351612-1606574/2022-01-03/2MASS_J04351612-1606574-20220103@140812-Eden.fits (197/268) (dry run)
Storing /home/altsai/eden/LOT20220103_2MASS_J04351612-1606574_mod/2MASS_J04351612-1606574-20220103@140855-Eden.fts -> s3://eden-data/RAW/LOT/2MASS_J04351612-1606574/2022-01-03/2MASS_J04351612-1606574-20220103@140855-Eden.fits (198/268) (dry run)
Storing /home/altsai/eden/LOT20220103_2MASS_J04351612-1606574_mod/2MASS_J04351612-1606574-20220103@140940-Eden.fts -> s3://eden-data/RAW/LOT/2MASS_J04351612-1606574/2022-01-03/2MASS_J04351612-1606574-20220103@140940-Eden.fits (199/268) (dry run)
Storing /home/altsai/eden/LOT20220103_2MASS_J04351612-1606574_mod/2MASS_J04351612-1606574-20220103@141025-Eden.fts -> s3://eden-data/RAW/LOT/2MASS_J04351612-1606574/2022-01-03/2MASS_J04351612-1606574-20220103@141025-Eden.fits (200/268) (dry run)
Storing /home/altsai/eden/LOT20220103_2MASS_J04351612-1606574_mod/2MASS_J04351612-1606574-20220103@141110-Eden.fts -> s3://eden-data/RAW/LOT/2MASS_J04351612-1606574/2022-01-03/2MASS_J04351612-1606574-20220103@141110-Eden.fits (201/268) (dry run)
Storing /home/altsai/eden/LOT20220103_2MASS_J04351612-1606574_mod/2MASS_J04351612-1606574-20220103@141154-Eden.fts -> s3://eden-data/RAW/LOT/2MASS_J04351612-1606574/2022-01-03/2MASS_J04351612-1606574-20220103@141154-Eden.fits (202/268) (dry run)
Storing /home/altsai/eden/LOT20220103_2MASS_J04351612-1606574_mod/2MASS_J04351612-1606574-20220103@141240-Eden.fts -> s3://eden-data/RAW/LOT/2MASS_J04351612-1606574/2022-01-03/2MASS_J04351612-1606574-20220103@141240-Eden.fits (203/268) (dry run)
Storing /home/altsai/eden/LOT20220103_2MASS_J04351612-1606574_mod/2MASS_J04351612-1606574-20220103@141323-Eden.fts -> s3://eden-data/RAW/LOT/2MASS_J04351612-1606574/2022-01-03/2MASS_J04351612-1606574-20220103@141323-Eden.fits (204/268) (dry run)
Storing /home/altsai/eden/LOT20220103_2MASS_J04351612-1606574_mod/2MASS_J04351612-1606574-20220103@141408-Eden.fts -> s3://eden-data/RAW/LOT/2MASS_J04351612-1606574/2022-01-03/2MASS_J04351612-1606574-20220103@141408-Eden.fits (205/268) (dry run)
Storing /home/altsai/eden/LOT20220103_2MASS_J04351612-1606574_mod/2MASS_J04351612-1606574-20220103@141454-Eden.fts -> s3://eden-data/RAW/LOT/2MASS_J04351612-1606574/2022-01-03/2MASS_J04351612-1606574-20220103@141454-Eden.fits (206/268) (dry run)
Storing /home/altsai/eden/LOT20220103_2MASS_J04351612-1606574_mod/2MASS_J04351612-1606574-20220103@141539-Eden.fts -> s3://eden-data/RAW/LOT/2MASS_J04351612-1606574/2022-01-03/2MASS_J04351612-1606574-20220103@141539-Eden.fits (207/268) (dry run)
Storing /home/altsai/eden/LOT20220103_2MASS_J04351612-1606574_mod/2MASS_J04351612-1606574-20220103@141622-Eden.fts -> s3://eden-data/RAW/LOT/2MASS_J04351612-1606574/2022-01-03/2MASS_J04351612-1606574-20220103@141622-Eden.fits (208/268) (dry run)
Storing /home/altsai/eden/LOT20220103_2MASS_J04351612-1606574_mod/2MASS_J04351612-1606574-20220103@141706-Eden.fts -> s3://eden-data/RAW/LOT/2MASS_J04351612-1606574/2022-01-03/2MASS_J04351612-1606574-20220103@141706-Eden.fits (209/268) (dry run)
Storing /home/altsai/eden/LOT20220103_2MASS_J04351612-1606574_mod/2MASS_J04351612-1606574-20220103@141749-Eden.fts -> s3://eden-data/RAW/LOT/2MASS_J04351612-1606574/2022-01-03/2MASS_J04351612-1606574-20220103@141749-Eden.fits (210/268) (dry run)
Storing /home/altsai/eden/LOT20220103_2MASS_J04351612-1606574_mod/2MASS_J04351612-1606574-20220103@141833-Eden.fts -> s3://eden-data/RAW/LOT/2MASS_J04351612-1606574/2022-01-03/2MASS_J04351612-1606574-20220103@141833-Eden.fits (211/268) (dry run)
Storing /home/altsai/eden/LOT20220103_2MASS_J04351612-1606574_mod/2MASS_J04351612-1606574-20220103@141917-Eden.fts -> s3://eden-data/RAW/LOT/2MASS_J04351612-1606574/2022-01-03/2MASS_J04351612-1606574-20220103@141917-Eden.fits (212/268) (dry run)
Storing /home/altsai/eden/LOT20220103_2MASS_J04351612-1606574_mod/2MASS_J04351612-1606574-20220103@142000-Eden.fts -> s3://eden-data/RAW/LOT/2MASS_J04351612-1606574/2022-01-03/2MASS_J04351612-1606574-20220103@142000-Eden.fits (213/268) (dry run)
Storing /home/altsai/eden/LOT20220103_2MASS_J04351612-1606574_mod/2MASS_J04351612-1606574-20220103@142044-Eden.fts -> s3://eden-data/RAW/LOT/2MASS_J04351612-1606574/2022-01-03/2MASS_J04351612-1606574-20220103@142044-Eden.fits (214/268) (dry run)
Storing /home/altsai/eden/LOT20220103_2MASS_J04351612-1606574_mod/2MASS_J04351612-1606574-20220103@142128-Eden.fts -> s3://eden-data/RAW/LOT/2MASS_J04351612-1606574/2022-01-03/2MASS_J04351612-1606574-20220103@142128-Eden.fits (215/268) (dry run)
Storing /home/altsai/eden/LOT20220103_2MASS_J04351612-1606574_mod/2MASS_J04351612-1606574-20220103@142214-Eden.fts -> s3://eden-data/RAW/LOT/2MASS_J04351612-1606574/2022-01-03/2MASS_J04351612-1606574-20220103@142214-Eden.fits (216/268) (dry run)
Storing /home/altsai/eden/LOT20220103_2MASS_J04351612-1606574_mod/2MASS_J04351612-1606574-20220103@142259-Eden.fts -> s3://eden-data/RAW/LOT/2MASS_J04351612-1606574/2022-01-03/2MASS_J04351612-1606574-20220103@142259-Eden.fits (217/268) (dry run)
Storing /home/altsai/eden/LOT20220103_2MASS_J04351612-1606574_mod/2MASS_J04351612-1606574-20220103@142343-Eden.fts -> s3://eden-data/RAW/LOT/2MASS_J04351612-1606574/2022-01-03/2MASS_J04351612-1606574-20220103@142343-Eden.fits (218/268) (dry run)
Storing /home/altsai/eden/LOT20220103_2MASS_J04351612-1606574_mod/2MASS_J04351612-1606574-20220103@142427-Eden.fts -> s3://eden-data/RAW/LOT/2MASS_J04351612-1606574/2022-01-03/2MASS_J04351612-1606574-20220103@142427-Eden.fits (219/268) (dry run)
Storing /home/altsai/eden/LOT20220103_2MASS_J04351612-1606574_mod/2MASS_J04351612-1606574-20220103@142511-Eden.fts -> s3://eden-data/RAW/LOT/2MASS_J04351612-1606574/2022-01-03/2MASS_J04351612-1606574-20220103@142511-Eden.fits (220/268) (dry run)
Storing /home/altsai/eden/LOT20220103_2MASS_J04351612-1606574_mod/2MASS_J04351612-1606574-20220103@142554-Eden.fts -> s3://eden-data/RAW/LOT/2MASS_J04351612-1606574/2022-01-03/2MASS_J04351612-1606574-20220103@142554-Eden.fits (221/268) (dry run)
Storing /home/altsai/eden/LOT20220103_2MASS_J04351612-1606574_mod/2MASS_J04351612-1606574-20220103@142638-Eden.fts -> s3://eden-data/RAW/LOT/2MASS_J04351612-1606574/2022-01-03/2MASS_J04351612-1606574-20220103@142638-Eden.fits (222/268) (dry run)
Storing /home/altsai/eden/LOT20220103_2MASS_J04351612-1606574_mod/2MASS_J04351612-1606574-20220103@142722-Eden.fts -> s3://eden-data/RAW/LOT/2MASS_J04351612-1606574/2022-01-03/2MASS_J04351612-1606574-20220103@142722-Eden.fits (223/268) (dry run)
Storing /home/altsai/eden/LOT20220103_2MASS_J04351612-1606574_mod/2MASS_J04351612-1606574-20220103@142807-Eden.fts -> s3://eden-data/RAW/LOT/2MASS_J04351612-1606574/2022-01-03/2MASS_J04351612-1606574-20220103@142807-Eden.fits (224/268) (dry run)
Storing /home/altsai/eden/LOT20220103_2MASS_J04351612-1606574_mod/2MASS_J04351612-1606574-20220103@142850-Eden.fts -> s3://eden-data/RAW/LOT/2MASS_J04351612-1606574/2022-01-03/2MASS_J04351612-1606574-20220103@142850-Eden.fits (225/268) (dry run)
Storing /home/altsai/eden/LOT20220103_2MASS_J04351612-1606574_mod/2MASS_J04351612-1606574-20220103@142934-Eden.fts -> s3://eden-data/RAW/LOT/2MASS_J04351612-1606574/2022-01-03/2MASS_J04351612-1606574-20220103@142934-Eden.fits (226/268) (dry run)
Storing /home/altsai/eden/LOT20220103_2MASS_J04351612-1606574_mod/2MASS_J04351612-1606574-20220103@143016-Eden.fts -> s3://eden-data/RAW/LOT/2MASS_J04351612-1606574/2022-01-03/2MASS_J04351612-1606574-20220103@143016-Eden.fits (227/268) (dry run)
Storing /home/altsai/eden/LOT20220103_2MASS_J04351612-1606574_mod/2MASS_J04351612-1606574-20220103@143100-Eden.fts -> s3://eden-data/RAW/LOT/2MASS_J04351612-1606574/2022-01-03/2MASS_J04351612-1606574-20220103@143100-Eden.fits (228/268) (dry run)
Storing /home/altsai/eden/LOT20220103_2MASS_J04351612-1606574_mod/2MASS_J04351612-1606574-20220103@143144-Eden.fts -> s3://eden-data/RAW/LOT/2MASS_J04351612-1606574/2022-01-03/2MASS_J04351612-1606574-20220103@143144-Eden.fits (229/268) (dry run)
Storing /home/altsai/eden/LOT20220103_2MASS_J04351612-1606574_mod/2MASS_J04351612-1606574-20220103@143228-Eden.fts -> s3://eden-data/RAW/LOT/2MASS_J04351612-1606574/2022-01-03/2MASS_J04351612-1606574-20220103@143228-Eden.fits (230/268) (dry run)
Storing /home/altsai/eden/LOT20220103_2MASS_J04351612-1606574_mod/2MASS_J04351612-1606574-20220103@143312-Eden.fts -> s3://eden-data/RAW/LOT/2MASS_J04351612-1606574/2022-01-03/2MASS_J04351612-1606574-20220103@143312-Eden.fits (231/268) (dry run)
Storing /home/altsai/eden/LOT20220103_2MASS_J04351612-1606574_mod/2MASS_J04351612-1606574-20220103@143357-Eden.fts -> s3://eden-data/RAW/LOT/2MASS_J04351612-1606574/2022-01-03/2MASS_J04351612-1606574-20220103@143357-Eden.fits (232/268) (dry run)
Storing /home/altsai/eden/LOT20220103_2MASS_J04351612-1606574_mod/2MASS_J04351612-1606574-20220103@143442-Eden.fts -> s3://eden-data/RAW/LOT/2MASS_J04351612-1606574/2022-01-03/2MASS_J04351612-1606574-20220103@143442-Eden.fits (233/268) (dry run)
Storing /home/altsai/eden/LOT20220103_2MASS_J04351612-1606574_mod/2MASS_J04351612-1606574-20220103@143525-Eden.fts -> s3://eden-data/RAW/LOT/2MASS_J04351612-1606574/2022-01-03/2MASS_J04351612-1606574-20220103@143525-Eden.fits (234/268) (dry run)
Storing /home/altsai/eden/LOT20220103_2MASS_J04351612-1606574_mod/2MASS_J04351612-1606574-20220103@143608-Eden.fts -> s3://eden-data/RAW/LOT/2MASS_J04351612-1606574/2022-01-03/2MASS_J04351612-1606574-20220103@143608-Eden.fits (235/268) (dry run)
Storing /home/altsai/eden/LOT20220103_2MASS_J04351612-1606574_mod/2MASS_J04351612-1606574-20220103@143652-Eden.fts -> s3://eden-data/RAW/LOT/2MASS_J04351612-1606574/2022-01-03/2MASS_J04351612-1606574-20220103@143652-Eden.fits (236/268) (dry run)
Storing /home/altsai/eden/LOT20220103_2MASS_J04351612-1606574_mod/2MASS_J04351612-1606574-20220103@143735-Eden.fts -> s3://eden-data/RAW/LOT/2MASS_J04351612-1606574/2022-01-03/2MASS_J04351612-1606574-20220103@143735-Eden.fits (237/268) (dry run)
Storing /home/altsai/eden/LOT20220103_2MASS_J04351612-1606574_mod/2MASS_J04351612-1606574-20220103@143820-Eden.fts -> s3://eden-data/RAW/LOT/2MASS_J04351612-1606574/2022-01-03/2MASS_J04351612-1606574-20220103@143820-Eden.fits (238/268) (dry run)
Storing /home/altsai/eden/LOT20220103_2MASS_J04351612-1606574_mod/2MASS_J04351612-1606574-20220103@143906-Eden.fts -> s3://eden-data/RAW/LOT/2MASS_J04351612-1606574/2022-01-03/2MASS_J04351612-1606574-20220103@143906-Eden.fits (239/268) (dry run)
Storing /home/altsai/eden/LOT20220103_2MASS_J04351612-1606574_mod/2MASS_J04351612-1606574-20220103@143949-Eden.fts -> s3://eden-data/RAW/LOT/2MASS_J04351612-1606574/2022-01-03/2MASS_J04351612-1606574-20220103@143949-Eden.fits (240/268) (dry run)
Storing /home/altsai/eden/LOT20220103_2MASS_J04351612-1606574_mod/2MASS_J04351612-1606574-20220103@144033-Eden.fts -> s3://eden-data/RAW/LOT/2MASS_J04351612-1606574/2022-01-03/2MASS_J04351612-1606574-20220103@144033-Eden.fits (241/268) (dry run)
Storing /home/altsai/eden/LOT20220103_2MASS_J04351612-1606574_mod/2MASS_J04351612-1606574-20220103@144117-Eden.fts -> s3://eden-data/RAW/LOT/2MASS_J04351612-1606574/2022-01-03/2MASS_J04351612-1606574-20220103@144117-Eden.fits (242/268) (dry run)
Storing /home/altsai/eden/LOT20220103_2MASS_J04351612-1606574_mod/2MASS_J04351612-1606574-20220103@144203-Eden.fts -> s3://eden-data/RAW/LOT/2MASS_J04351612-1606574/2022-01-03/2MASS_J04351612-1606574-20220103@144203-Eden.fits (243/268) (dry run)
Storing /home/altsai/eden/LOT20220103_2MASS_J04351612-1606574_mod/2MASS_J04351612-1606574-20220103@144247-Eden.fts -> s3://eden-data/RAW/LOT/2MASS_J04351612-1606574/2022-01-03/2MASS_J04351612-1606574-20220103@144247-Eden.fits (244/268) (dry run)
Storing /home/altsai/eden/LOT20220103_2MASS_J04351612-1606574_mod/2MASS_J04351612-1606574-20220103@144331-Eden.fts -> s3://eden-data/RAW/LOT/2MASS_J04351612-1606574/2022-01-03/2MASS_J04351612-1606574-20220103@144331-Eden.fits (245/268) (dry run)
Storing /home/altsai/eden/LOT20220103_2MASS_J04351612-1606574_mod/2MASS_J04351612-1606574-20220103@144415-Eden.fts -> s3://eden-data/RAW/LOT/2MASS_J04351612-1606574/2022-01-03/2MASS_J04351612-1606574-20220103@144415-Eden.fits (246/268) (dry run)
Storing /home/altsai/eden/LOT20220103_2MASS_J04351612-1606574_mod/2MASS_J04351612-1606574-20220103@144459-Eden.fts -> s3://eden-data/RAW/LOT/2MASS_J04351612-1606574/2022-01-03/2MASS_J04351612-1606574-20220103@144459-Eden.fits (247/268) (dry run)
Storing /home/altsai/eden/LOT20220103_2MASS_J04351612-1606574_mod/2MASS_J04351612-1606574-20220103@144542-Eden.fts -> s3://eden-data/RAW/LOT/2MASS_J04351612-1606574/2022-01-03/2MASS_J04351612-1606574-20220103@144542-Eden.fits (248/268) (dry run)
Storing /home/altsai/eden/LOT20220103_2MASS_J04351612-1606574_mod/2MASS_J04351612-1606574-20220103@144627-Eden.fts -> s3://eden-data/RAW/LOT/2MASS_J04351612-1606574/2022-01-03/2MASS_J04351612-1606574-20220103@144627-Eden.fits (249/268) (dry run)
Storing /home/altsai/eden/LOT20220103_2MASS_J04351612-1606574_mod/2MASS_J04351612-1606574-20220103@144711-Eden.fts -> s3://eden-data/RAW/LOT/2MASS_J04351612-1606574/2022-01-03/2MASS_J04351612-1606574-20220103@144711-Eden.fits (250/268) (dry run)
Storing /home/altsai/eden/LOT20220103_2MASS_J04351612-1606574_mod/2MASS_J04351612-1606574-20220103@144754-Eden.fts -> s3://eden-data/RAW/LOT/2MASS_J04351612-1606574/2022-01-03/2MASS_J04351612-1606574-20220103@144754-Eden.fits (251/268) (dry run)
Storing /home/altsai/eden/LOT20220103_2MASS_J04351612-1606574_mod/2MASS_J04351612-1606574-20220103@144839-Eden.fts -> s3://eden-data/RAW/LOT/2MASS_J04351612-1606574/2022-01-03/2MASS_J04351612-1606574-20220103@144839-Eden.fits (252/268) (dry run)
Storing /home/altsai/eden/LOT20220103_2MASS_J04351612-1606574_mod/2MASS_J04351612-1606574-20220103@144922-Eden.fts -> s3://eden-data/RAW/LOT/2MASS_J04351612-1606574/2022-01-03/2MASS_J04351612-1606574-20220103@144922-Eden.fits (253/268) (dry run)
Storing /home/altsai/eden/LOT20220103_2MASS_J04351612-1606574_mod/2MASS_J04351612-1606574-20220103@145007-Eden.fts -> s3://eden-data/RAW/LOT/2MASS_J04351612-1606574/2022-01-03/2MASS_J04351612-1606574-20220103@145007-Eden.fits (254/268) (dry run)
Storing /home/altsai/eden/LOT20220103_2MASS_J04351612-1606574_mod/2MASS_J04351612-1606574-20220103@145051-Eden.fts -> s3://eden-data/RAW/LOT/2MASS_J04351612-1606574/2022-01-03/2MASS_J04351612-1606574-20220103@145051-Eden.fits (255/268) (dry run)
Storing /home/altsai/eden/LOT20220103_2MASS_J04351612-1606574_mod/2MASS_J04351612-1606574-20220103@145137-Eden.fts -> s3://eden-data/RAW/LOT/2MASS_J04351612-1606574/2022-01-03/2MASS_J04351612-1606574-20220103@145137-Eden.fits (256/268) (dry run)
Storing /home/altsai/eden/LOT20220103_2MASS_J04351612-1606574_mod/2MASS_J04351612-1606574-20220103@145221-Eden.fts -> s3://eden-data/RAW/LOT/2MASS_J04351612-1606574/2022-01-03/2MASS_J04351612-1606574-20220103@145221-Eden.fits (257/268) (dry run)
Storing /home/altsai/eden/LOT20220103_2MASS_J04351612-1606574_mod/2MASS_J04351612-1606574-20220103@145305-Eden.fts -> s3://eden-data/RAW/LOT/2MASS_J04351612-1606574/2022-01-03/2MASS_J04351612-1606574-20220103@145305-Eden.fits (258/268) (dry run)
Storing /home/altsai/eden/LOT20220103_2MASS_J04351612-1606574_mod/2MASS_J04351612-1606574-20220103@145349-Eden.fts -> s3://eden-data/RAW/LOT/2MASS_J04351612-1606574/2022-01-03/2MASS_J04351612-1606574-20220103@145349-Eden.fits (259/268) (dry run)
Storing /home/altsai/eden/LOT20220103_2MASS_J04351612-1606574_mod/2MASS_J04351612-1606574-20220103@145432-Eden.fts -> s3://eden-data/RAW/LOT/2MASS_J04351612-1606574/2022-01-03/2MASS_J04351612-1606574-20220103@145432-Eden.fits (260/268) (dry run)
Storing /home/altsai/eden/LOT20220103_2MASS_J04351612-1606574_mod/2MASS_J04351612-1606574-20220103@145516-Eden.fts -> s3://eden-data/RAW/LOT/2MASS_J04351612-1606574/2022-01-03/2MASS_J04351612-1606574-20220103@145516-Eden.fits (261/268) (dry run)
Storing /home/altsai/eden/LOT20220103_2MASS_J04351612-1606574_mod/2MASS_J04351612-1606574-20220103@145600-Eden.fts -> s3://eden-data/RAW/LOT/2MASS_J04351612-1606574/2022-01-03/2MASS_J04351612-1606574-20220103@145600-Eden.fits (262/268) (dry run)
Storing /home/altsai/eden/LOT20220103_2MASS_J04351612-1606574_mod/2MASS_J04351612-1606574-20220103@145644-Eden.fts -> s3://eden-data/RAW/LOT/2MASS_J04351612-1606574/2022-01-03/2MASS_J04351612-1606574-20220103@145644-Eden.fits (263/268) (dry run)
Storing /home/altsai/eden/LOT20220103_2MASS_J04351612-1606574_mod/2MASS_J04351612-1606574-20220103@145728-Eden.fts -> s3://eden-data/RAW/LOT/2MASS_J04351612-1606574/2022-01-03/2MASS_J04351612-1606574-20220103@145728-Eden.fits (264/268) (dry run)
Storing /home/altsai/eden/LOT20220103_2MASS_J04351612-1606574_mod/2MASS_J04351612-1606574-20220103@145811-Eden.fts -> s3://eden-data/RAW/LOT/2MASS_J04351612-1606574/2022-01-03/2MASS_J04351612-1606574-20220103@145811-Eden.fits (265/268) (dry run)
Storing /home/altsai/eden/LOT20220103_2MASS_J04351612-1606574_mod/2MASS_J04351612-1606574-20220103@145856-Eden.fts -> s3://eden-data/RAW/LOT/2MASS_J04351612-1606574/2022-01-03/2MASS_J04351612-1606574-20220103@145856-Eden.fits (266/268) (dry run)
Storing /home/altsai/eden/LOT20220103_2MASS_J04351612-1606574_mod/2MASS_J04351612-1606574-20220103@145939-Eden.fts -> s3://eden-data/RAW/LOT/2MASS_J04351612-1606574/2022-01-03/2MASS_J04351612-1606574-20220103@145939-Eden.fits (267/268) (dry run)
Storing /home/altsai/eden/LOT20220103_2MASS_J04351612-1606574_mod/2MASS_J04351612-1606574-20220103@150023-Eden.fts -> s3://eden-data/RAW/LOT/2MASS_J04351612-1606574/2022-01-03/2MASS_J04351612-1606574-20220103@150023-Eden.fits (268/268) (dry run)

Dry run complete! Run again without --dryrun to commit the changes above.
Stored: 268 files (2.3 GB)
