Bucket successfully loaded! eden-data
86 files found
Storing data to the S3 archive!
We can now start uploading the data.
Press return to start the upload, or anything else to abort: Verbose output enabled.
Storing /home/altsai/eden/LOT20210316_LSPM_J0419+4233_mod/20210316-001d10s.fits -> s3://eden-data/Calibrations/LOT/DARK/2021-03-16/20210316-001d10s.fits (1/86)
Skipping /home/altsai/eden/LOT20210316_LSPM_J0419+4233_mod/20210316-001eden.fits -> s3://eden-data/Calibrations/LOT/FLAT/2021-03-16/20210316-001eden.fits (file already exists) (2/86)
Skipping /home/altsai/eden/LOT20210316_LSPM_J0419+4233_mod/20210316-002eden.fits -> s3://eden-data/Calibrations/LOT/FLAT/2021-03-16/20210316-002eden.fits (file already exists) (3/86)
Skipping /home/altsai/eden/LOT20210316_LSPM_J0419+4233_mod/20210316-003eden.fits -> s3://eden-data/Calibrations/LOT/FLAT/2021-03-16/20210316-003eden.fits (file already exists) (4/86)
Skipping /home/altsai/eden/LOT20210316_LSPM_J0419+4233_mod/20210316-004eden.fits -> s3://eden-data/Calibrations/LOT/FLAT/2021-03-16/20210316-004eden.fits (file already exists) (5/86)
Skipping /home/altsai/eden/LOT20210316_LSPM_J0419+4233_mod/20210316-005eden.fits -> s3://eden-data/Calibrations/LOT/FLAT/2021-03-16/20210316-005eden.fits (file already exists) (6/86)
Skipping /home/altsai/eden/LOT20210316_LSPM_J0419+4233_mod/20210316-006eden.fits -> s3://eden-data/Calibrations/LOT/FLAT/2021-03-16/20210316-006eden.fits (file already exists) (7/86)
Skipping /home/altsai/eden/LOT20210316_LSPM_J0419+4233_mod/20210316-007eden.fits -> s3://eden-data/Calibrations/LOT/FLAT/2021-03-16/20210316-007eden.fits (file already exists) (8/86)
Skipping /home/altsai/eden/LOT20210316_LSPM_J0419+4233_mod/20210316-008eden.fits -> s3://eden-data/Calibrations/LOT/FLAT/2021-03-16/20210316-008eden.fits (file already exists) (9/86)
Skipping /home/altsai/eden/LOT20210316_LSPM_J0419+4233_mod/20210316-009eden.fits -> s3://eden-data/Calibrations/LOT/FLAT/2021-03-16/20210316-009eden.fits (file already exists) (10/86)
Skipping /home/altsai/eden/LOT20210316_LSPM_J0419+4233_mod/20210316-010eden.fits -> s3://eden-data/Calibrations/LOT/FLAT/2021-03-16/20210316-010eden.fits (file already exists) (11/86)
Skipping /home/altsai/eden/LOT20210316_LSPM_J0419+4233_mod/Bias-20210316@204547-000S.fts -> s3://eden-data/Calibrations/LOT/BIAS/2021-03-16/Bias-20210316@204547-000S.fits (file already exists) (12/86)
Skipping /home/altsai/eden/LOT20210316_LSPM_J0419+4233_mod/Bias-20210316@204559-000S.fts -> s3://eden-data/Calibrations/LOT/BIAS/2021-03-16/Bias-20210316@204559-000S.fits (file already exists) (13/86)
Skipping /home/altsai/eden/LOT20210316_LSPM_J0419+4233_mod/Bias-20210316@204606-000S.fts -> s3://eden-data/Calibrations/LOT/BIAS/2021-03-16/Bias-20210316@204606-000S.fits (file already exists) (14/86)
Skipping /home/altsai/eden/LOT20210316_LSPM_J0419+4233_mod/Bias-20210316@204613-000S.fts -> s3://eden-data/Calibrations/LOT/BIAS/2021-03-16/Bias-20210316@204613-000S.fits (file already exists) (15/86)
Skipping /home/altsai/eden/LOT20210316_LSPM_J0419+4233_mod/Bias-20210316@204620-000S.fts -> s3://eden-data/Calibrations/LOT/BIAS/2021-03-16/Bias-20210316@204620-000S.fits (file already exists) (16/86)
Skipping /home/altsai/eden/LOT20210316_LSPM_J0419+4233_mod/Bias-20210316@204627-000S.fts -> s3://eden-data/Calibrations/LOT/BIAS/2021-03-16/Bias-20210316@204627-000S.fits (file already exists) (17/86)
Skipping /home/altsai/eden/LOT20210316_LSPM_J0419+4233_mod/Bias-20210316@204633-000S.fts -> s3://eden-data/Calibrations/LOT/BIAS/2021-03-16/Bias-20210316@204633-000S.fits (file already exists) (18/86)
Skipping /home/altsai/eden/LOT20210316_LSPM_J0419+4233_mod/Bias-20210316@204641-000S.fts -> s3://eden-data/Calibrations/LOT/BIAS/2021-03-16/Bias-20210316@204641-000S.fits (file already exists) (19/86)
Skipping /home/altsai/eden/LOT20210316_LSPM_J0419+4233_mod/Bias-20210316@204647-000S.fts -> s3://eden-data/Calibrations/LOT/BIAS/2021-03-16/Bias-20210316@204647-000S.fits (file already exists) (20/86)
Skipping /home/altsai/eden/LOT20210316_LSPM_J0419+4233_mod/Bias-20210316@204654-000S.fts -> s3://eden-data/Calibrations/LOT/BIAS/2021-03-16/Bias-20210316@204654-000S.fits (file already exists) (21/86)
Skipping /home/altsai/eden/LOT20210316_LSPM_J0419+4233_mod/Dark-20210316@204701-060S.fts -> s3://eden-data/Calibrations/LOT/DARK/2021-03-16/Dark-20210316@204701-060S.fits (file already exists) (22/86)
Skipping /home/altsai/eden/LOT20210316_LSPM_J0419+4233_mod/Dark-20210316@204808-060S.fts -> s3://eden-data/Calibrations/LOT/DARK/2021-03-16/Dark-20210316@204808-060S.fits (file already exists) (23/86)
Skipping /home/altsai/eden/LOT20210316_LSPM_J0419+4233_mod/Dark-20210316@204915-060S.fts -> s3://eden-data/Calibrations/LOT/DARK/2021-03-16/Dark-20210316@204915-060S.fits (file already exists) (24/86)
Skipping /home/altsai/eden/LOT20210316_LSPM_J0419+4233_mod/Dark-20210316@205023-060S.fts -> s3://eden-data/Calibrations/LOT/DARK/2021-03-16/Dark-20210316@205023-060S.fits (file already exists) (25/86)
Skipping /home/altsai/eden/LOT20210316_LSPM_J0419+4233_mod/Dark-20210316@205130-060S.fts -> s3://eden-data/Calibrations/LOT/DARK/2021-03-16/Dark-20210316@205130-060S.fits (file already exists) (26/86)
Skipping /home/altsai/eden/LOT20210316_LSPM_J0419+4233_mod/Dark-20210316@205237-060S.fts -> s3://eden-data/Calibrations/LOT/DARK/2021-03-16/Dark-20210316@205237-060S.fits (file already exists) (27/86)
Skipping /home/altsai/eden/LOT20210316_LSPM_J0419+4233_mod/Dark-20210316@205344-060S.fts -> s3://eden-data/Calibrations/LOT/DARK/2021-03-16/Dark-20210316@205344-060S.fits (file already exists) (28/86)
Skipping /home/altsai/eden/LOT20210316_LSPM_J0419+4233_mod/Dark-20210316@205451-060S.fts -> s3://eden-data/Calibrations/LOT/DARK/2021-03-16/Dark-20210316@205451-060S.fits (file already exists) (29/86)
Skipping /home/altsai/eden/LOT20210316_LSPM_J0419+4233_mod/Dark-20210316@205558-060S.fts -> s3://eden-data/Calibrations/LOT/DARK/2021-03-16/Dark-20210316@205558-060S.fits (file already exists) (30/86)
Skipping /home/altsai/eden/LOT20210316_LSPM_J0419+4233_mod/Dark-20210316@205705-060S.fts -> s3://eden-data/Calibrations/LOT/DARK/2021-03-16/Dark-20210316@205705-060S.fits (file already exists) (31/86)
Skipping /home/altsai/eden/LOT20210316_LSPM_J0419+4233_mod/LSPM_J0419+4233-20210316@121435-Eden.fts -> s3://eden-data/RAW/LOT/LSPM_J0419+4233/2021-03-16/LSPM_J0419+4233-20210316@121435-Eden.fits (file already exists) (32/86)
Skipping /home/altsai/eden/LOT20210316_LSPM_J0419+4233_mod/LSPM_J0419+4233-20210316@121546-Eden.fts -> s3://eden-data/RAW/LOT/LSPM_J0419+4233/2021-03-16/LSPM_J0419+4233-20210316@121546-Eden.fits (file already exists) (33/86)
Skipping /home/altsai/eden/LOT20210316_LSPM_J0419+4233_mod/LSPM_J0419+4233-20210316@121659-Eden.fts -> s3://eden-data/RAW/LOT/LSPM_J0419+4233/2021-03-16/LSPM_J0419+4233-20210316@121659-Eden.fits (file already exists) (34/86)
Skipping /home/altsai/eden/LOT20210316_LSPM_J0419+4233_mod/LSPM_J0419+4233-20210316@121811-Eden.fts -> s3://eden-data/RAW/LOT/LSPM_J0419+4233/2021-03-16/LSPM_J0419+4233-20210316@121811-Eden.fits (file already exists) (35/86)
Skipping /home/altsai/eden/LOT20210316_LSPM_J0419+4233_mod/LSPM_J0419+4233-20210316@121923-Eden.fts -> s3://eden-data/RAW/LOT/LSPM_J0419+4233/2021-03-16/LSPM_J0419+4233-20210316@121923-Eden.fits (file already exists) (36/86)
Skipping /home/altsai/eden/LOT20210316_LSPM_J0419+4233_mod/LSPM_J0419+4233-20210316@122035-Eden.fts -> s3://eden-data/RAW/LOT/LSPM_J0419+4233/2021-03-16/LSPM_J0419+4233-20210316@122035-Eden.fits (file already exists) (37/86)
Skipping /home/altsai/eden/LOT20210316_LSPM_J0419+4233_mod/LSPM_J0419+4233-20210316@122147-Eden.fts -> s3://eden-data/RAW/LOT/LSPM_J0419+4233/2021-03-16/LSPM_J0419+4233-20210316@122147-Eden.fits (file already exists) (38/86)
Skipping /home/altsai/eden/LOT20210316_LSPM_J0419+4233_mod/LSPM_J0419+4233-20210316@122300-Eden.fts -> s3://eden-data/RAW/LOT/LSPM_J0419+4233/2021-03-16/LSPM_J0419+4233-20210316@122300-Eden.fits (file already exists) (39/86)
Skipping /home/altsai/eden/LOT20210316_LSPM_J0419+4233_mod/LSPM_J0419+4233-20210316@122412-Eden.fts -> s3://eden-data/RAW/LOT/LSPM_J0419+4233/2021-03-16/LSPM_J0419+4233-20210316@122412-Eden.fits (file already exists) (40/86)
Skipping /home/altsai/eden/LOT20210316_LSPM_J0419+4233_mod/LSPM_J0419+4233-20210316@122524-Eden.fts -> s3://eden-data/RAW/LOT/LSPM_J0419+4233/2021-03-16/LSPM_J0419+4233-20210316@122524-Eden.fits (file already exists) (41/86)
Skipping /home/altsai/eden/LOT20210316_LSPM_J0419+4233_mod/LSPM_J0419+4233-20210316@122638-Eden.fts -> s3://eden-data/RAW/LOT/LSPM_J0419+4233/2021-03-16/LSPM_J0419+4233-20210316@122638-Eden.fits (file already exists) (42/86)
Skipping /home/altsai/eden/LOT20210316_LSPM_J0419+4233_mod/LSPM_J0419+4233-20210316@122750-Eden.fts -> s3://eden-data/RAW/LOT/LSPM_J0419+4233/2021-03-16/LSPM_J0419+4233-20210316@122750-Eden.fits (file already exists) (43/86)
Skipping /home/altsai/eden/LOT20210316_LSPM_J0419+4233_mod/LSPM_J0419+4233-20210316@122901-Eden.fts -> s3://eden-data/RAW/LOT/LSPM_J0419+4233/2021-03-16/LSPM_J0419+4233-20210316@122901-Eden.fits (file already exists) (44/86)
Skipping /home/altsai/eden/LOT20210316_LSPM_J0419+4233_mod/LSPM_J0419+4233-20210316@123015-Eden.fts -> s3://eden-data/RAW/LOT/LSPM_J0419+4233/2021-03-16/LSPM_J0419+4233-20210316@123015-Eden.fits (file already exists) (45/86)
Skipping /home/altsai/eden/LOT20210316_LSPM_J0419+4233_mod/LSPM_J0419+4233-20210316@123128-Eden.fts -> s3://eden-data/RAW/LOT/LSPM_J0419+4233/2021-03-16/LSPM_J0419+4233-20210316@123128-Eden.fits (file already exists) (46/86)
Skipping /home/altsai/eden/LOT20210316_LSPM_J0419+4233_mod/LSPM_J0419+4233-20210316@123240-Eden.fts -> s3://eden-data/RAW/LOT/LSPM_J0419+4233/2021-03-16/LSPM_J0419+4233-20210316@123240-Eden.fits (file already exists) (47/86)
Skipping /home/altsai/eden/LOT20210316_LSPM_J0419+4233_mod/LSPM_J0419+4233-20210316@123352-Eden.fts -> s3://eden-data/RAW/LOT/LSPM_J0419+4233/2021-03-16/LSPM_J0419+4233-20210316@123352-Eden.fits (file already exists) (48/86)
Skipping /home/altsai/eden/LOT20210316_LSPM_J0419+4233_mod/LSPM_J0419+4233-20210316@123504-Eden.fts -> s3://eden-data/RAW/LOT/LSPM_J0419+4233/2021-03-16/LSPM_J0419+4233-20210316@123504-Eden.fits (file already exists) (49/86)
Skipping /home/altsai/eden/LOT20210316_LSPM_J0419+4233_mod/LSPM_J0419+4233-20210316@123616-Eden.fts -> s3://eden-data/RAW/LOT/LSPM_J0419+4233/2021-03-16/LSPM_J0419+4233-20210316@123616-Eden.fits (file already exists) (50/86)
Skipping /home/altsai/eden/LOT20210316_LSPM_J0419+4233_mod/LSPM_J0419+4233-20210316@123727-Eden.fts -> s3://eden-data/RAW/LOT/LSPM_J0419+4233/2021-03-16/LSPM_J0419+4233-20210316@123727-Eden.fits (file already exists) (51/86)
Skipping /home/altsai/eden/LOT20210316_LSPM_J0419+4233_mod/LSPM_J0419+4233-20210316@123839-Eden.fts -> s3://eden-data/RAW/LOT/LSPM_J0419+4233/2021-03-16/LSPM_J0419+4233-20210316@123839-Eden.fits (file already exists) (52/86)
Skipping /home/altsai/eden/LOT20210316_LSPM_J0419+4233_mod/LSPM_J0419+4233-20210316@123951-Eden.fts -> s3://eden-data/RAW/LOT/LSPM_J0419+4233/2021-03-16/LSPM_J0419+4233-20210316@123951-Eden.fits (file already exists) (53/86)
Skipping /home/altsai/eden/LOT20210316_LSPM_J0419+4233_mod/LSPM_J0419+4233-20210316@124102-Eden.fts -> s3://eden-data/RAW/LOT/LSPM_J0419+4233/2021-03-16/LSPM_J0419+4233-20210316@124102-Eden.fits (file already exists) (54/86)
Skipping /home/altsai/eden/LOT20210316_LSPM_J0419+4233_mod/LSPM_J0419+4233-20210316@124214-Eden.fts -> s3://eden-data/RAW/LOT/LSPM_J0419+4233/2021-03-16/LSPM_J0419+4233-20210316@124214-Eden.fits (file already exists) (55/86)
Skipping /home/altsai/eden/LOT20210316_LSPM_J0419+4233_mod/LSPM_J0419+4233-20210316@124326-Eden.fts -> s3://eden-data/RAW/LOT/LSPM_J0419+4233/2021-03-16/LSPM_J0419+4233-20210316@124326-Eden.fits (file already exists) (56/86)
Skipping /home/altsai/eden/LOT20210316_LSPM_J0419+4233_mod/LSPM_J0419+4233-20210316@124438-Eden.fts -> s3://eden-data/RAW/LOT/LSPM_J0419+4233/2021-03-16/LSPM_J0419+4233-20210316@124438-Eden.fits (file already exists) (57/86)
Skipping /home/altsai/eden/LOT20210316_LSPM_J0419+4233_mod/LSPM_J0419+4233-20210316@124551-Eden.fts -> s3://eden-data/RAW/LOT/LSPM_J0419+4233/2021-03-16/LSPM_J0419+4233-20210316@124551-Eden.fits (file already exists) (58/86)
Skipping /home/altsai/eden/LOT20210316_LSPM_J0419+4233_mod/LSPM_J0419+4233-20210316@124703-Eden.fts -> s3://eden-data/RAW/LOT/LSPM_J0419+4233/2021-03-16/LSPM_J0419+4233-20210316@124703-Eden.fits (file already exists) (59/86)
Skipping /home/altsai/eden/LOT20210316_LSPM_J0419+4233_mod/LSPM_J0419+4233-20210316@124815-Eden.fts -> s3://eden-data/RAW/LOT/LSPM_J0419+4233/2021-03-16/LSPM_J0419+4233-20210316@124815-Eden.fits (file already exists) (60/86)
Skipping /home/altsai/eden/LOT20210316_LSPM_J0419+4233_mod/LSPM_J0419+4233-20210316@124928-Eden.fts -> s3://eden-data/RAW/LOT/LSPM_J0419+4233/2021-03-16/LSPM_J0419+4233-20210316@124928-Eden.fits (file already exists) (61/86)
Skipping /home/altsai/eden/LOT20210316_LSPM_J0419+4233_mod/LSPM_J0419+4233-20210316@125040-Eden.fts -> s3://eden-data/RAW/LOT/LSPM_J0419+4233/2021-03-16/LSPM_J0419+4233-20210316@125040-Eden.fits (file already exists) (62/86)
Skipping /home/altsai/eden/LOT20210316_LSPM_J0419+4233_mod/LSPM_J0419+4233-20210316@125152-Eden.fts -> s3://eden-data/RAW/LOT/LSPM_J0419+4233/2021-03-16/LSPM_J0419+4233-20210316@125152-Eden.fits (file already exists) (63/86)
Skipping /home/altsai/eden/LOT20210316_LSPM_J0419+4233_mod/LSPM_J0419+4233-20210316@125305-Eden.fts -> s3://eden-data/RAW/LOT/LSPM_J0419+4233/2021-03-16/LSPM_J0419+4233-20210316@125305-Eden.fits (file already exists) (64/86)
Skipping /home/altsai/eden/LOT20210316_LSPM_J0419+4233_mod/LSPM_J0419+4233-20210316@125417-Eden.fts -> s3://eden-data/RAW/LOT/LSPM_J0419+4233/2021-03-16/LSPM_J0419+4233-20210316@125417-Eden.fits (file already exists) (65/86)
Skipping /home/altsai/eden/LOT20210316_LSPM_J0419+4233_mod/LSPM_J0419+4233-20210316@125530-Eden.fts -> s3://eden-data/RAW/LOT/LSPM_J0419+4233/2021-03-16/LSPM_J0419+4233-20210316@125530-Eden.fits (file already exists) (66/86)
Skipping /home/altsai/eden/LOT20210316_LSPM_J0419+4233_mod/LSPM_J0419+4233-20210316@125642-Eden.fts -> s3://eden-data/RAW/LOT/LSPM_J0419+4233/2021-03-16/LSPM_J0419+4233-20210316@125642-Eden.fits (file already exists) (67/86)
Skipping /home/altsai/eden/LOT20210316_LSPM_J0419+4233_mod/LSPM_J0419+4233-20210316@131835-Eden.fts -> s3://eden-data/RAW/LOT/LSPM_J0419+4233/2021-03-16/LSPM_J0419+4233-20210316@131835-Eden.fits (file already exists) (68/86)
Skipping /home/altsai/eden/LOT20210316_LSPM_J0419+4233_mod/LSPM_J0419+4233-20210316@131947-Eden.fts -> s3://eden-data/RAW/LOT/LSPM_J0419+4233/2021-03-16/LSPM_J0419+4233-20210316@131947-Eden.fits (file already exists) (69/86)
Skipping /home/altsai/eden/LOT20210316_LSPM_J0419+4233_mod/LSPM_J0419+4233-20210316@132059-Eden.fts -> s3://eden-data/RAW/LOT/LSPM_J0419+4233/2021-03-16/LSPM_J0419+4233-20210316@132059-Eden.fits (file already exists) (70/86)
Skipping /home/altsai/eden/LOT20210316_LSPM_J0419+4233_mod/LSPM_J0419+4233-20210316@132211-Eden.fts -> s3://eden-data/RAW/LOT/LSPM_J0419+4233/2021-03-16/LSPM_J0419+4233-20210316@132211-Eden.fits (file already exists) (71/86)
Skipping /home/altsai/eden/LOT20210316_LSPM_J0419+4233_mod/LSPM_J0419+4233-20210316@132324-Eden.fts -> s3://eden-data/RAW/LOT/LSPM_J0419+4233/2021-03-16/LSPM_J0419+4233-20210316@132324-Eden.fits (file already exists) (72/86)
Skipping /home/altsai/eden/LOT20210316_LSPM_J0419+4233_mod/LSPM_J0419+4233-20210316@132437-Eden.fts -> s3://eden-data/RAW/LOT/LSPM_J0419+4233/2021-03-16/LSPM_J0419+4233-20210316@132437-Eden.fits (file already exists) (73/86)
Skipping /home/altsai/eden/LOT20210316_LSPM_J0419+4233_mod/LSPM_J0419+4233-20210316@132548-Eden.fts -> s3://eden-data/RAW/LOT/LSPM_J0419+4233/2021-03-16/LSPM_J0419+4233-20210316@132548-Eden.fits (file already exists) (74/86)
Skipping /home/altsai/eden/LOT20210316_LSPM_J0419+4233_mod/LSPM_J0419+4233-20210316@132701-Eden.fts -> s3://eden-data/RAW/LOT/LSPM_J0419+4233/2021-03-16/LSPM_J0419+4233-20210316@132701-Eden.fits (file already exists) (75/86)
Skipping /home/altsai/eden/LOT20210316_LSPM_J0419+4233_mod/LSPM_J0419+4233-20210316@132813-Eden.fts -> s3://eden-data/RAW/LOT/LSPM_J0419+4233/2021-03-16/LSPM_J0419+4233-20210316@132813-Eden.fits (file already exists) (76/86)
Skipping /home/altsai/eden/LOT20210316_LSPM_J0419+4233_mod/LSPM_J0419+4233-20210316@132924-Eden.fts -> s3://eden-data/RAW/LOT/LSPM_J0419+4233/2021-03-16/LSPM_J0419+4233-20210316@132924-Eden.fits (file already exists) (77/86)
Skipping /home/altsai/eden/LOT20210316_LSPM_J0419+4233_mod/LSPM_J0419+4233-20210316@133036-Eden.fts -> s3://eden-data/RAW/LOT/LSPM_J0419+4233/2021-03-16/LSPM_J0419+4233-20210316@133036-Eden.fits (file already exists) (78/86)
Skipping /home/altsai/eden/LOT20210316_LSPM_J0419+4233_mod/LSPM_J0419+4233-20210316@133148-Eden.fts -> s3://eden-data/RAW/LOT/LSPM_J0419+4233/2021-03-16/LSPM_J0419+4233-20210316@133148-Eden.fits (file already exists) (79/86)
Skipping /home/altsai/eden/LOT20210316_LSPM_J0419+4233_mod/LSPM_J0419+4233-20210316@133300-Eden.fts -> s3://eden-data/RAW/LOT/LSPM_J0419+4233/2021-03-16/LSPM_J0419+4233-20210316@133300-Eden.fits (file already exists) (80/86)
Skipping /home/altsai/eden/LOT20210316_LSPM_J0419+4233_mod/LSPM_J0419+4233-20210316@133413-Eden.fts -> s3://eden-data/RAW/LOT/LSPM_J0419+4233/2021-03-16/LSPM_J0419+4233-20210316@133413-Eden.fits (file already exists) (81/86)
Skipping /home/altsai/eden/LOT20210316_LSPM_J0419+4233_mod/LSPM_J0419+4233-20210316@133525-Eden.fts -> s3://eden-data/RAW/LOT/LSPM_J0419+4233/2021-03-16/LSPM_J0419+4233-20210316@133525-Eden.fits (file already exists) (82/86)
Skipping /home/altsai/eden/LOT20210316_LSPM_J0419+4233_mod/LSPM_J0419+4233-20210316@133637-Eden.fts -> s3://eden-data/RAW/LOT/LSPM_J0419+4233/2021-03-16/LSPM_J0419+4233-20210316@133637-Eden.fits (file already exists) (83/86)
Skipping /home/altsai/eden/LOT20210316_LSPM_J0419+4233_mod/LSPM_J0419+4233-20210316@133749-Eden.fts -> s3://eden-data/RAW/LOT/LSPM_J0419+4233/2021-03-16/LSPM_J0419+4233-20210316@133749-Eden.fits (file already exists) (84/86)
Skipping /home/altsai/eden/LOT20210316_LSPM_J0419+4233_mod/LSPM_J0419+4233-20210316@133900-Eden.fts -> s3://eden-data/RAW/LOT/LSPM_J0419+4233/2021-03-16/LSPM_J0419+4233-20210316@133900-Eden.fits (file already exists) (85/86)
Skipping /home/altsai/eden/LOT20210316_LSPM_J0419+4233_mod/LSPM_J0419+4233-20210316@134014-Eden.fts -> s3://eden-data/RAW/LOT/LSPM_J0419+4233/2021-03-16/LSPM_J0419+4233-20210316@134014-Eden.fits (file already exists) (86/86)

Upload complete!
Stored: 1 files (0.0 GB)
Skipped: 85 files (0.7 GB)
