-----------------
input parameters
-----------------
['modify_header_name_eden.py', 'LOT20211229_2MASS_J08533619-0329321', '31']
Your will modify header for: 2MASS_J08533619-0329321 [RA] 08 53 36.1607 [Dec] -03 29 32.2013 [Filter] GG495
---------------
folder: LOT20211229_2MASS_J08533619-0329321
will update fits in: LOT20211229_2MASS_J08533619-0329321_mod
 ---------------------------
 Exame Fits Header for Bias
 ---------------------------
find ./LOT20211229_2MASS_J08533619-0329321/bias-dark/ | grep 'fits\|fts'|sort 
found 60 Bias/Dark
1/60 Bias-20211229@221747-000S.fts [TYPE] BIAS [EXPTIME] 0.0
2/60 Bias-20211229@221755-000S.fts [TYPE] BIAS [EXPTIME] 0.0
3/60 Bias-20211229@221803-000S.fts [TYPE] BIAS [EXPTIME] 0.0
4/60 Bias-20211229@221810-000S.fts [TYPE] BIAS [EXPTIME] 0.0
5/60 Bias-20211229@221817-000S.fts [TYPE] BIAS [EXPTIME] 0.0
6/60 Bias-20211229@221825-000S.fts [TYPE] BIAS [EXPTIME] 0.0
7/60 Bias-20211229@221832-000S.fts [TYPE] BIAS [EXPTIME] 0.0
8/60 Bias-20211229@221839-000S.fts [TYPE] BIAS [EXPTIME] 0.0
9/60 Bias-20211229@221846-000S.fts [TYPE] BIAS [EXPTIME] 0.0
10/60 Bias-20211229@221854-000S.fts [TYPE] BIAS [EXPTIME] 0.0
11/60 Dark-20211229@221902-030S.fts [TYPE] DARK [EXPTIME] 30.0
12/60 Dark-20211229@221939-030S.fts [TYPE] DARK [EXPTIME] 30.0
13/60 Dark-20211229@222015-030S.fts [TYPE] DARK [EXPTIME] 30.0
14/60 Dark-20211229@222052-030S.fts [TYPE] DARK [EXPTIME] 30.0
15/60 Dark-20211229@222130-030S.fts [TYPE] DARK [EXPTIME] 30.0
16/60 Dark-20211229@222206-030S.fts [TYPE] DARK [EXPTIME] 30.0
17/60 Dark-20211229@222244-030S.fts [TYPE] DARK [EXPTIME] 30.0
18/60 Dark-20211229@222321-030S.fts [TYPE] DARK [EXPTIME] 30.0
19/60 Dark-20211229@222357-030S.fts [TYPE] DARK [EXPTIME] 30.0
20/60 Dark-20211229@222434-030S.fts [TYPE] DARK [EXPTIME] 30.0
21/60 Dark-20211229@222512-060S.fts [TYPE] DARK [EXPTIME] 60.0
22/60 Dark-20211229@222620-060S.fts [TYPE] DARK [EXPTIME] 60.0
23/60 Dark-20211229@222726-060S.fts [TYPE] DARK [EXPTIME] 60.0
24/60 Dark-20211229@222834-060S.fts [TYPE] DARK [EXPTIME] 60.0
25/60 Dark-20211229@222941-060S.fts [TYPE] DARK [EXPTIME] 60.0
26/60 Dark-20211229@223047-060S.fts [TYPE] DARK [EXPTIME] 60.0
27/60 Dark-20211229@223155-060S.fts [TYPE] DARK [EXPTIME] 60.0
28/60 Dark-20211229@223302-060S.fts [TYPE] DARK [EXPTIME] 60.0
29/60 Dark-20211229@223409-060S.fts [TYPE] DARK [EXPTIME] 60.0
30/60 Dark-20211229@223516-060S.fts [TYPE] DARK [EXPTIME] 60.0
31/60 Dark-20211229@223625-120S.fts [TYPE] DARK [EXPTIME] 120.0
32/60 Dark-20211229@223832-120S.fts [TYPE] DARK [EXPTIME] 120.0
33/60 Dark-20211229@224039-120S.fts [TYPE] DARK [EXPTIME] 120.0
34/60 Dark-20211229@224246-120S.fts [TYPE] DARK [EXPTIME] 120.0
35/60 Dark-20211229@224453-120S.fts [TYPE] DARK [EXPTIME] 120.0
36/60 Dark-20211229@224659-120S.fts [TYPE] DARK [EXPTIME] 120.0
37/60 Dark-20211229@224906-120S.fts [TYPE] DARK [EXPTIME] 120.0
38/60 Dark-20211229@225113-120S.fts [TYPE] DARK [EXPTIME] 120.0
39/60 Dark-20211229@225319-120S.fts [TYPE] DARK [EXPTIME] 120.0
40/60 Dark-20211229@225526-120S.fts [TYPE] DARK [EXPTIME] 120.0
41/60 Dark-20211229@225734-240S.fts [TYPE] DARK [EXPTIME] 240.0
42/60 Dark-20211229@230140-240S.fts [TYPE] DARK [EXPTIME] 240.0
43/60 Dark-20211229@230547-240S.fts [TYPE] DARK [EXPTIME] 240.0
44/60 Dark-20211229@230954-240S.fts [TYPE] DARK [EXPTIME] 240.0
45/60 Dark-20211229@231401-240S.fts [TYPE] DARK [EXPTIME] 240.0
46/60 Dark-20211229@231808-240S.fts [TYPE] DARK [EXPTIME] 240.0
47/60 Dark-20211229@232215-240S.fts [TYPE] DARK [EXPTIME] 240.0
48/60 Dark-20211229@232623-240S.fts [TYPE] DARK [EXPTIME] 240.0
49/60 Dark-20211229@233030-240S.fts [TYPE] DARK [EXPTIME] 240.0
50/60 Dark-20211229@233437-240S.fts [TYPE] DARK [EXPTIME] 240.0
51/60 Dark-20211229@233845-360S.fts [TYPE] DARK [EXPTIME] 360.0
52/60 Dark-20211229@234452-360S.fts [TYPE] DARK [EXPTIME] 360.0
53/60 Dark-20211229@235058-360S.fts [TYPE] DARK [EXPTIME] 360.0
54/60 Dark-20211229@235705-360S.fts [TYPE] DARK [EXPTIME] 360.0
55/60 Dark-20211230@000312-360S.fts [TYPE] DARK [EXPTIME] 360.0
56/60 Dark-20211230@000919-360S.fts [TYPE] DARK [EXPTIME] 360.0
57/60 Dark-20211230@001526-360S.fts [TYPE] DARK [EXPTIME] 360.0
58/60 Dark-20211230@002134-360S.fts [TYPE] DARK [EXPTIME] 360.0
59/60 Dark-20211230@002741-360S.fts [TYPE] DARK [EXPTIME] 360.0
60/60 Dark-20211230@003349-360S.fts [TYPE] DARK [EXPTIME] 360.0
 ---------------------------
 Exame Fits Header for Flat
 ---------------------------
find ./LOT20211229_2MASS_J08533619-0329321/ | grep flat/ | grep -E 'fits|fts'|sort -t'-' -k2.4,2.6 
found 25 Flat
1/25 AutoFlat-20211229@092729-zp_Astrodon_2019-Bin1-001.fts [TYPE] FLAT [EXPTIME] 1.0 [FIL] zp_Astrodon_2019
2/25 AutoFlat-20211229@093221-zp_Astrodon_2019-Bin1-002.fts [TYPE] FLAT [EXPTIME] 1.0 [FIL] zp_Astrodon_2019
3/25 AutoFlat-20211229@093233-zp_Astrodon_2019-Bin1-003.fts [TYPE] FLAT [EXPTIME] 1.0 [FIL] zp_Astrodon_2019
4/25 AutoFlat-20211229@093245-zp_Astrodon_2019-Bin1-004.fts [TYPE] FLAT [EXPTIME] 1.0 [FIL] zp_Astrodon_2019
5/25 AutoFlat-20211229@093257-zp_Astrodon_2019-Bin1-005.fts [TYPE] FLAT [EXPTIME] 1.0 [FIL] zp_Astrodon_2019
6/25 AutoFlat-20211229@093319-ip_Astrodon_2019-Bin1-001.fts [TYPE] FLAT [EXPTIME] 1.0 [FIL] ip_Astrodon_2019
7/25 AutoFlat-20211229@093718-ip_Astrodon_2019-Bin1-002.fts [TYPE] FLAT [EXPTIME] 1.0 [FIL] ip_Astrodon_2019
8/25 AutoFlat-20211229@093729-ip_Astrodon_2019-Bin1-003.fts [TYPE] FLAT [EXPTIME] 1.0 [FIL] ip_Astrodon_2019
9/25 AutoFlat-20211229@093742-ip_Astrodon_2019-Bin1-004.fts [TYPE] FLAT [EXPTIME] 1.0 [FIL] ip_Astrodon_2019
10/25 AutoFlat-20211229@093753-ip_Astrodon_2019-Bin1-005.fts [TYPE] FLAT [EXPTIME] 1.0 [FIL] ip_Astrodon_2019
11/25 AutoFlat-20211229@093815-rp_Astrodon_2019-Bin1-001.fts [TYPE] FLAT [EXPTIME] 1.0 [FIL] rp_Astrodon_2019
12/25 AutoFlat-20211229@093837-rp_Astrodon_2019-Bin1-002.fts [TYPE] FLAT [EXPTIME] 1.0 [FIL] rp_Astrodon_2019
13/25 AutoFlat-20211229@093849-rp_Astrodon_2019-Bin1-003.fts [TYPE] FLAT [EXPTIME] 1.0 [FIL] rp_Astrodon_2019
14/25 AutoFlat-20211229@093901-rp_Astrodon_2019-Bin1-004.fts [TYPE] FLAT [EXPTIME] 1.0 [FIL] rp_Astrodon_2019
15/25 AutoFlat-20211229@093914-rp_Astrodon_2019-Bin1-005.fts [TYPE] FLAT [EXPTIME] 1.0 [FIL] rp_Astrodon_2019
16/25 AutoFlat-20211229@093934-gp_Astrodon_2019-Bin1-001.fts [TYPE] FLAT [EXPTIME] 1.37 [FIL] gp_Astrodon_2019
17/25 AutoFlat-20211229@093956-gp_Astrodon_2019-Bin1-002.fts [TYPE] FLAT [EXPTIME] 1.46 [FIL] gp_Astrodon_2019
18/25 AutoFlat-20211229@094009-gp_Astrodon_2019-Bin1-003.fts [TYPE] FLAT [EXPTIME] 1.55 [FIL] gp_Astrodon_2019
19/25 AutoFlat-20211229@094021-gp_Astrodon_2019-Bin1-004.fts [TYPE] FLAT [EXPTIME] 1.64 [FIL] gp_Astrodon_2019
20/25 AutoFlat-20211229@094034-gp_Astrodon_2019-Bin1-005.fts [TYPE] FLAT [EXPTIME] 1.73 [FIL] gp_Astrodon_2019
21/25 AutoFlat-20211229@094102-Eden-Bin1-001.fts [TYPE] FLAT [EXPTIME] 1.0 [FIL] GG495
22/25 AutoFlat-20211229@094139-Eden-Bin1-002.fts [TYPE] FLAT [EXPTIME] 1.0 [FIL] GG495
23/25 AutoFlat-20211229@094151-Eden-Bin1-003.fts [TYPE] FLAT [EXPTIME] 1.0 [FIL] GG495
24/25 AutoFlat-20211229@094202-Eden-Bin1-004.fts [TYPE] FLAT [EXPTIME] 1.0 [FIL] GG495
25/25 AutoFlat-20211229@094215-Eden-Bin1-005.fts [TYPE] FLAT [EXPTIME] 1.0 [FIL] GG495
 ---------------------------
 Exame Fits Header for Additional Dark for Flat
 ---------------------------
find ./LOT20211229_2MASS_J08533619-0329321/ | grep flat/ |grep dark| grep -E 'fits|fts'|sort -t'-' -k2.4,2.6 
found 0 Additional Dark for Flat
no additional dark for flat in ./flat/
 ---------------------------
 Modify filename for Science Target
 ---------------------------
... update header ...
1/267 2MASS_J08533619-0329321-20211229@160740-Eden.fts [TYPE] LIGHT [OBJ] 2MASS_J08533619-0329321 [RA] 08 53 36.1607 [Dec] -03 29 32.2013 [FIL] GG495 [EXPTIME] 60.0 [Date] 2021-12-29T16:07:40 [Time] 16:07:40
2/267 2MASS_J08533619-0329321-20211229@160858-Eden.fts [TYPE] LIGHT [OBJ] 2MASS_J08533619-0329321 [RA] 08 53 36.1607 [Dec] -03 29 32.2013 [FIL] GG495 [EXPTIME] 60.0 [Date] 2021-12-29T16:08:58 [Time] 16:08:58
3/267 2MASS_J08533619-0329321-20211229@161015-Eden.fts [TYPE] LIGHT [OBJ] 2MASS_J08533619-0329321 [RA] 08 53 36.1607 [Dec] -03 29 32.2013 [FIL] GG495 [EXPTIME] 60.0 [Date] 2021-12-29T16:10:15 [Time] 16:10:15
4/267 2MASS_J08533619-0329321-20211229@161132-Eden.fts [TYPE] LIGHT [OBJ] 2MASS_J08533619-0329321 [RA] 08 53 36.1607 [Dec] -03 29 32.2013 [FIL] GG495 [EXPTIME] 60.0 [Date] 2021-12-29T16:11:32 [Time] 16:11:32
5/267 2MASS_J08533619-0329321-20211229@161249-Eden.fts [TYPE] LIGHT [OBJ] 2MASS_J08533619-0329321 [RA] 08 53 36.1607 [Dec] -03 29 32.2013 [FIL] GG495 [EXPTIME] 60.0 [Date] 2021-12-29T16:12:49 [Time] 16:12:49
6/267 2MASS_J08533619-0329321-20211229@161405-Eden.fts [TYPE] LIGHT [OBJ] 2MASS_J08533619-0329321 [RA] 08 53 36.1607 [Dec] -03 29 32.2013 [FIL] GG495 [EXPTIME] 60.0 [Date] 2021-12-29T16:14:05 [Time] 16:14:05
7/267 2MASS_J08533619-0329321-20211229@161523-Eden.fts [TYPE] LIGHT [OBJ] 2MASS_J08533619-0329321 [RA] 08 53 36.1607 [Dec] -03 29 32.2013 [FIL] GG495 [EXPTIME] 60.0 [Date] 2021-12-29T16:15:23 [Time] 16:15:23
8/267 2MASS_J08533619-0329321-20211229@161640-Eden.fts [TYPE] LIGHT [OBJ] 2MASS_J08533619-0329321 [RA] 08 53 36.1607 [Dec] -03 29 32.2013 [FIL] GG495 [EXPTIME] 60.0 [Date] 2021-12-29T16:16:40 [Time] 16:16:40
9/267 2MASS_J08533619-0329321-20211229@161758-Eden.fts [TYPE] LIGHT [OBJ] 2MASS_J08533619-0329321 [RA] 08 53 36.1607 [Dec] -03 29 32.2013 [FIL] GG495 [EXPTIME] 60.0 [Date] 2021-12-29T16:17:58 [Time] 16:17:58
10/267 2MASS_J08533619-0329321-20211229@161918-Eden.fts [TYPE] LIGHT [OBJ] 2MASS_J08533619-0329321 [RA] 08 53 36.1607 [Dec] -03 29 32.2013 [FIL] GG495 [EXPTIME] 60.0 [Date] 2021-12-29T16:19:18 [Time] 16:19:18
11/267 2MASS_J08533619-0329321-20211229@162035-Eden.fts [TYPE] LIGHT [OBJ] 2MASS_J08533619-0329321 [RA] 08 53 36.1607 [Dec] -03 29 32.2013 [FIL] GG495 [EXPTIME] 60.0 [Date] 2021-12-29T16:20:35 [Time] 16:20:35
12/267 2MASS_J08533619-0329321-20211229@162151-Eden.fts [TYPE] LIGHT [OBJ] 2MASS_J08533619-0329321 [RA] 08 53 36.1607 [Dec] -03 29 32.2013 [FIL] GG495 [EXPTIME] 60.0 [Date] 2021-12-29T16:21:51 [Time] 16:21:51
13/267 2MASS_J08533619-0329321-20211229@162309-Eden.fts [TYPE] LIGHT [OBJ] 2MASS_J08533619-0329321 [RA] 08 53 36.1607 [Dec] -03 29 32.2013 [FIL] GG495 [EXPTIME] 60.0 [Date] 2021-12-29T16:23:09 [Time] 16:23:09
14/267 2MASS_J08533619-0329321-20211229@162426-Eden.fts [TYPE] LIGHT [OBJ] 2MASS_J08533619-0329321 [RA] 08 53 36.1607 [Dec] -03 29 32.2013 [FIL] GG495 [EXPTIME] 60.0 [Date] 2021-12-29T16:24:26 [Time] 16:24:26
15/267 2MASS_J08533619-0329321-20211229@162545-Eden.fts [TYPE] LIGHT [OBJ] 2MASS_J08533619-0329321 [RA] 08 53 36.1607 [Dec] -03 29 32.2013 [FIL] GG495 [EXPTIME] 60.0 [Date] 2021-12-29T16:25:45 [Time] 16:25:45
16/267 2MASS_J08533619-0329321-20211229@162703-Eden.fts [TYPE] LIGHT [OBJ] 2MASS_J08533619-0329321 [RA] 08 53 36.1607 [Dec] -03 29 32.2013 [FIL] GG495 [EXPTIME] 60.0 [Date] 2021-12-29T16:27:03 [Time] 16:27:03
17/267 2MASS_J08533619-0329321-20211229@162819-Eden.fts [TYPE] LIGHT [OBJ] 2MASS_J08533619-0329321 [RA] 08 53 36.1607 [Dec] -03 29 32.2013 [FIL] GG495 [EXPTIME] 60.0 [Date] 2021-12-29T16:28:19 [Time] 16:28:19
18/267 2MASS_J08533619-0329321-20211229@162937-Eden.fts [TYPE] LIGHT [OBJ] 2MASS_J08533619-0329321 [RA] 08 53 36.1607 [Dec] -03 29 32.2013 [FIL] GG495 [EXPTIME] 60.0 [Date] 2021-12-29T16:29:37 [Time] 16:29:37
19/267 2MASS_J08533619-0329321-20211229@163055-Eden.fts [TYPE] LIGHT [OBJ] 2MASS_J08533619-0329321 [RA] 08 53 36.1607 [Dec] -03 29 32.2013 [FIL] GG495 [EXPTIME] 60.0 [Date] 2021-12-29T16:30:55 [Time] 16:30:55
20/267 2MASS_J08533619-0329321-20211229@163211-Eden.fts [TYPE] LIGHT [OBJ] 2MASS_J08533619-0329321 [RA] 08 53 36.1607 [Dec] -03 29 32.2013 [FIL] GG495 [EXPTIME] 60.0 [Date] 2021-12-29T16:32:11 [Time] 16:32:11
21/267 2MASS_J08533619-0329321-20211229@163328-Eden.fts [TYPE] LIGHT [OBJ] 2MASS_J08533619-0329321 [RA] 08 53 36.1607 [Dec] -03 29 32.2013 [FIL] GG495 [EXPTIME] 60.0 [Date] 2021-12-29T16:33:28 [Time] 16:33:28
22/267 2MASS_J08533619-0329321-20211229@163446-Eden.fts [TYPE] LIGHT [OBJ] 2MASS_J08533619-0329321 [RA] 08 53 36.1607 [Dec] -03 29 32.2013 [FIL] GG495 [EXPTIME] 60.0 [Date] 2021-12-29T16:34:46 [Time] 16:34:46
23/267 2MASS_J08533619-0329321-20211229@163603-Eden.fts [TYPE] LIGHT [OBJ] 2MASS_J08533619-0329321 [RA] 08 53 36.1607 [Dec] -03 29 32.2013 [FIL] GG495 [EXPTIME] 60.0 [Date] 2021-12-29T16:36:03 [Time] 16:36:03
24/267 2MASS_J08533619-0329321-20211229@163721-Eden.fts [TYPE] LIGHT [OBJ] 2MASS_J08533619-0329321 [RA] 08 53 36.1607 [Dec] -03 29 32.2013 [FIL] GG495 [EXPTIME] 60.0 [Date] 2021-12-29T16:37:21 [Time] 16:37:21
25/267 2MASS_J08533619-0329321-20211229@163838-Eden.fts [TYPE] LIGHT [OBJ] 2MASS_J08533619-0329321 [RA] 08 53 36.1607 [Dec] -03 29 32.2013 [FIL] GG495 [EXPTIME] 60.0 [Date] 2021-12-29T16:38:38 [Time] 16:38:38
26/267 2MASS_J08533619-0329321-20211229@163955-Eden.fts [TYPE] LIGHT [OBJ] 2MASS_J08533619-0329321 [RA] 08 53 36.1607 [Dec] -03 29 32.2013 [FIL] GG495 [EXPTIME] 60.0 [Date] 2021-12-29T16:39:55 [Time] 16:39:55
27/267 2MASS_J08533619-0329321-20211229@164111-Eden.fts [TYPE] LIGHT [OBJ] 2MASS_J08533619-0329321 [RA] 08 53 36.1607 [Dec] -03 29 32.2013 [FIL] GG495 [EXPTIME] 60.0 [Date] 2021-12-29T16:41:11 [Time] 16:41:11
28/267 2MASS_J08533619-0329321-20211229@164227-Eden.fts [TYPE] LIGHT [OBJ] 2MASS_J08533619-0329321 [RA] 08 53 36.1607 [Dec] -03 29 32.2013 [FIL] GG495 [EXPTIME] 60.0 [Date] 2021-12-29T16:42:27 [Time] 16:42:27
29/267 2MASS_J08533619-0329321-20211229@164344-Eden.fts [TYPE] LIGHT [OBJ] 2MASS_J08533619-0329321 [RA] 08 53 36.1607 [Dec] -03 29 32.2013 [FIL] GG495 [EXPTIME] 60.0 [Date] 2021-12-29T16:43:44 [Time] 16:43:44
30/267 2MASS_J08533619-0329321-20211229@164501-Eden.fts [TYPE] LIGHT [OBJ] 2MASS_J08533619-0329321 [RA] 08 53 36.1607 [Dec] -03 29 32.2013 [FIL] GG495 [EXPTIME] 60.0 [Date] 2021-12-29T16:45:01 [Time] 16:45:01
31/267 2MASS_J08533619-0329321-20211229@164618-Eden.fts [TYPE] LIGHT [OBJ] 2MASS_J08533619-0329321 [RA] 08 53 36.1607 [Dec] -03 29 32.2013 [FIL] GG495 [EXPTIME] 60.0 [Date] 2021-12-29T16:46:18 [Time] 16:46:18
32/267 2MASS_J08533619-0329321-20211229@164735-Eden.fts [TYPE] LIGHT [OBJ] 2MASS_J08533619-0329321 [RA] 08 53 36.1607 [Dec] -03 29 32.2013 [FIL] GG495 [EXPTIME] 60.0 [Date] 2021-12-29T16:47:35 [Time] 16:47:35
33/267 2MASS_J08533619-0329321-20211229@164853-Eden.fts [TYPE] LIGHT [OBJ] 2MASS_J08533619-0329321 [RA] 08 53 36.1607 [Dec] -03 29 32.2013 [FIL] GG495 [EXPTIME] 60.0 [Date] 2021-12-29T16:48:53 [Time] 16:48:53
34/267 2MASS_J08533619-0329321-20211229@165010-Eden.fts [TYPE] LIGHT [OBJ] 2MASS_J08533619-0329321 [RA] 08 53 36.1607 [Dec] -03 29 32.2013 [FIL] GG495 [EXPTIME] 60.0 [Date] 2021-12-29T16:50:10 [Time] 16:50:10
35/267 2MASS_J08533619-0329321-20211229@165127-Eden.fts [TYPE] LIGHT [OBJ] 2MASS_J08533619-0329321 [RA] 08 53 36.1607 [Dec] -03 29 32.2013 [FIL] GG495 [EXPTIME] 60.0 [Date] 2021-12-29T16:51:27 [Time] 16:51:27
36/267 2MASS_J08533619-0329321-20211229@165242-Eden.fts [TYPE] LIGHT [OBJ] 2MASS_J08533619-0329321 [RA] 08 53 36.1607 [Dec] -03 29 32.2013 [FIL] GG495 [EXPTIME] 60.0 [Date] 2021-12-29T16:52:42 [Time] 16:52:42
37/267 2MASS_J08533619-0329321-20211229@165358-Eden.fts [TYPE] LIGHT [OBJ] 2MASS_J08533619-0329321 [RA] 08 53 36.1607 [Dec] -03 29 32.2013 [FIL] GG495 [EXPTIME] 60.0 [Date] 2021-12-29T16:53:58 [Time] 16:53:58
38/267 2MASS_J08533619-0329321-20211229@165516-Eden.fts [TYPE] LIGHT [OBJ] 2MASS_J08533619-0329321 [RA] 08 53 36.1607 [Dec] -03 29 32.2013 [FIL] GG495 [EXPTIME] 60.0 [Date] 2021-12-29T16:55:16 [Time] 16:55:16
39/267 2MASS_J08533619-0329321-20211229@165633-Eden.fts [TYPE] LIGHT [OBJ] 2MASS_J08533619-0329321 [RA] 08 53 36.1607 [Dec] -03 29 32.2013 [FIL] GG495 [EXPTIME] 60.0 [Date] 2021-12-29T16:56:33 [Time] 16:56:33
40/267 2MASS_J08533619-0329321-20211229@165750-Eden.fts [TYPE] LIGHT [OBJ] 2MASS_J08533619-0329321 [RA] 08 53 36.1607 [Dec] -03 29 32.2013 [FIL] GG495 [EXPTIME] 60.0 [Date] 2021-12-29T16:57:50 [Time] 16:57:50
41/267 2MASS_J08533619-0329321-20211229@165907-Eden.fts [TYPE] LIGHT [OBJ] 2MASS_J08533619-0329321 [RA] 08 53 36.1607 [Dec] -03 29 32.2013 [FIL] GG495 [EXPTIME] 60.0 [Date] 2021-12-29T16:59:07 [Time] 16:59:07
42/267 2MASS_J08533619-0329321-20211229@170024-Eden.fts [TYPE] LIGHT [OBJ] 2MASS_J08533619-0329321 [RA] 08 53 36.1607 [Dec] -03 29 32.2013 [FIL] GG495 [EXPTIME] 60.0 [Date] 2021-12-29T17:00:24 [Time] 17:00:24
43/267 2MASS_J08533619-0329321-20211229@170141-Eden.fts [TYPE] LIGHT [OBJ] 2MASS_J08533619-0329321 [RA] 08 53 36.1607 [Dec] -03 29 32.2013 [FIL] GG495 [EXPTIME] 60.0 [Date] 2021-12-29T17:01:41 [Time] 17:01:41
44/267 2MASS_J08533619-0329321-20211229@170256-Eden.fts [TYPE] LIGHT [OBJ] 2MASS_J08533619-0329321 [RA] 08 53 36.1607 [Dec] -03 29 32.2013 [FIL] GG495 [EXPTIME] 60.0 [Date] 2021-12-29T17:02:56 [Time] 17:02:56
45/267 2MASS_J08533619-0329321-20211229@170413-Eden.fts [TYPE] LIGHT [OBJ] 2MASS_J08533619-0329321 [RA] 08 53 36.1607 [Dec] -03 29 32.2013 [FIL] GG495 [EXPTIME] 60.0 [Date] 2021-12-29T17:04:13 [Time] 17:04:13
46/267 2MASS_J08533619-0329321-20211229@170530-Eden.fts [TYPE] LIGHT [OBJ] 2MASS_J08533619-0329321 [RA] 08 53 36.1607 [Dec] -03 29 32.2013 [FIL] GG495 [EXPTIME] 60.0 [Date] 2021-12-29T17:05:30 [Time] 17:05:30
47/267 2MASS_J08533619-0329321-20211229@170646-Eden.fts [TYPE] LIGHT [OBJ] 2MASS_J08533619-0329321 [RA] 08 53 36.1607 [Dec] -03 29 32.2013 [FIL] GG495 [EXPTIME] 60.0 [Date] 2021-12-29T17:06:46 [Time] 17:06:46
48/267 2MASS_J08533619-0329321-20211229@170803-Eden.fts [TYPE] LIGHT [OBJ] 2MASS_J08533619-0329321 [RA] 08 53 36.1607 [Dec] -03 29 32.2013 [FIL] GG495 [EXPTIME] 60.0 [Date] 2021-12-29T17:08:03 [Time] 17:08:03
49/267 2MASS_J08533619-0329321-20211229@170920-Eden.fts [TYPE] LIGHT [OBJ] 2MASS_J08533619-0329321 [RA] 08 53 36.1607 [Dec] -03 29 32.2013 [FIL] GG495 [EXPTIME] 60.0 [Date] 2021-12-29T17:09:20 [Time] 17:09:20
50/267 2MASS_J08533619-0329321-20211229@171037-Eden.fts [TYPE] LIGHT [OBJ] 2MASS_J08533619-0329321 [RA] 08 53 36.1607 [Dec] -03 29 32.2013 [FIL] GG495 [EXPTIME] 60.0 [Date] 2021-12-29T17:10:37 [Time] 17:10:37
51/267 2MASS_J08533619-0329321-20211229@171154-Eden.fts [TYPE] LIGHT [OBJ] 2MASS_J08533619-0329321 [RA] 08 53 36.1607 [Dec] -03 29 32.2013 [FIL] GG495 [EXPTIME] 60.0 [Date] 2021-12-29T17:11:54 [Time] 17:11:54
52/267 2MASS_J08533619-0329321-20211229@171311-Eden.fts [TYPE] LIGHT [OBJ] 2MASS_J08533619-0329321 [RA] 08 53 36.1607 [Dec] -03 29 32.2013 [FIL] GG495 [EXPTIME] 60.0 [Date] 2021-12-29T17:13:11 [Time] 17:13:11
53/267 2MASS_J08533619-0329321-20211229@171429-Eden.fts [TYPE] LIGHT [OBJ] 2MASS_J08533619-0329321 [RA] 08 53 36.1607 [Dec] -03 29 32.2013 [FIL] GG495 [EXPTIME] 60.0 [Date] 2021-12-29T17:14:29 [Time] 17:14:29
54/267 2MASS_J08533619-0329321-20211229@171546-Eden.fts [TYPE] LIGHT [OBJ] 2MASS_J08533619-0329321 [RA] 08 53 36.1607 [Dec] -03 29 32.2013 [FIL] GG495 [EXPTIME] 60.0 [Date] 2021-12-29T17:15:46 [Time] 17:15:46
55/267 2MASS_J08533619-0329321-20211229@171703-Eden.fts [TYPE] LIGHT [OBJ] 2MASS_J08533619-0329321 [RA] 08 53 36.1607 [Dec] -03 29 32.2013 [FIL] GG495 [EXPTIME] 60.0 [Date] 2021-12-29T17:17:03 [Time] 17:17:03
56/267 2MASS_J08533619-0329321-20211229@171820-Eden.fts [TYPE] LIGHT [OBJ] 2MASS_J08533619-0329321 [RA] 08 53 36.1607 [Dec] -03 29 32.2013 [FIL] GG495 [EXPTIME] 60.0 [Date] 2021-12-29T17:18:20 [Time] 17:18:20
57/267 2MASS_J08533619-0329321-20211229@171935-Eden.fts [TYPE] LIGHT [OBJ] 2MASS_J08533619-0329321 [RA] 08 53 36.1607 [Dec] -03 29 32.2013 [FIL] GG495 [EXPTIME] 60.0 [Date] 2021-12-29T17:19:35 [Time] 17:19:35
58/267 2MASS_J08533619-0329321-20211229@172051-Eden.fts [TYPE] LIGHT [OBJ] 2MASS_J08533619-0329321 [RA] 08 53 36.1607 [Dec] -03 29 32.2013 [FIL] GG495 [EXPTIME] 60.0 [Date] 2021-12-29T17:20:51 [Time] 17:20:51
59/267 2MASS_J08533619-0329321-20211229@172210-Eden.fts [TYPE] LIGHT [OBJ] 2MASS_J08533619-0329321 [RA] 08 53 36.1607 [Dec] -03 29 32.2013 [FIL] GG495 [EXPTIME] 60.0 [Date] 2021-12-29T17:22:10 [Time] 17:22:10
60/267 2MASS_J08533619-0329321-20211229@172327-Eden.fts [TYPE] LIGHT [OBJ] 2MASS_J08533619-0329321 [RA] 08 53 36.1607 [Dec] -03 29 32.2013 [FIL] GG495 [EXPTIME] 60.0 [Date] 2021-12-29T17:23:27 [Time] 17:23:27
61/267 2MASS_J08533619-0329321-20211229@172445-Eden.fts [TYPE] LIGHT [OBJ] 2MASS_J08533619-0329321 [RA] 08 53 36.1607 [Dec] -03 29 32.2013 [FIL] GG495 [EXPTIME] 60.0 [Date] 2021-12-29T17:24:45 [Time] 17:24:45
62/267 2MASS_J08533619-0329321-20211229@172601-Eden.fts [TYPE] LIGHT [OBJ] 2MASS_J08533619-0329321 [RA] 08 53 36.1607 [Dec] -03 29 32.2013 [FIL] GG495 [EXPTIME] 60.0 [Date] 2021-12-29T17:26:01 [Time] 17:26:01
63/267 2MASS_J08533619-0329321-20211229@172718-Eden.fts [TYPE] LIGHT [OBJ] 2MASS_J08533619-0329321 [RA] 08 53 36.1607 [Dec] -03 29 32.2013 [FIL] GG495 [EXPTIME] 60.0 [Date] 2021-12-29T17:27:18 [Time] 17:27:18
64/267 2MASS_J08533619-0329321-20211229@172835-Eden.fts [TYPE] LIGHT [OBJ] 2MASS_J08533619-0329321 [RA] 08 53 36.1607 [Dec] -03 29 32.2013 [FIL] GG495 [EXPTIME] 60.0 [Date] 2021-12-29T17:28:35 [Time] 17:28:35
65/267 2MASS_J08533619-0329321-20211229@172954-Eden.fts [TYPE] LIGHT [OBJ] 2MASS_J08533619-0329321 [RA] 08 53 36.1607 [Dec] -03 29 32.2013 [FIL] GG495 [EXPTIME] 60.0 [Date] 2021-12-29T17:29:54 [Time] 17:29:54
66/267 2MASS_J08533619-0329321-20211229@173111-Eden.fts [TYPE] LIGHT [OBJ] 2MASS_J08533619-0329321 [RA] 08 53 36.1607 [Dec] -03 29 32.2013 [FIL] GG495 [EXPTIME] 60.0 [Date] 2021-12-29T17:31:11 [Time] 17:31:11
67/267 2MASS_J08533619-0329321-20211229@173228-Eden.fts [TYPE] LIGHT [OBJ] 2MASS_J08533619-0329321 [RA] 08 53 36.1607 [Dec] -03 29 32.2013 [FIL] GG495 [EXPTIME] 60.0 [Date] 2021-12-29T17:32:28 [Time] 17:32:28
68/267 2MASS_J08533619-0329321-20211229@173344-Eden.fts [TYPE] LIGHT [OBJ] 2MASS_J08533619-0329321 [RA] 08 53 36.1607 [Dec] -03 29 32.2013 [FIL] GG495 [EXPTIME] 60.0 [Date] 2021-12-29T17:33:44 [Time] 17:33:44
69/267 2MASS_J08533619-0329321-20211229@173500-Eden.fts [TYPE] LIGHT [OBJ] 2MASS_J08533619-0329321 [RA] 08 53 36.1607 [Dec] -03 29 32.2013 [FIL] GG495 [EXPTIME] 60.0 [Date] 2021-12-29T17:35:00 [Time] 17:35:00
70/267 2MASS_J08533619-0329321-20211229@173616-Eden.fts [TYPE] LIGHT [OBJ] 2MASS_J08533619-0329321 [RA] 08 53 36.1607 [Dec] -03 29 32.2013 [FIL] GG495 [EXPTIME] 60.0 [Date] 2021-12-29T17:36:16 [Time] 17:36:16
71/267 2MASS_J08533619-0329321-20211229@173732-Eden.fts [TYPE] LIGHT [OBJ] 2MASS_J08533619-0329321 [RA] 08 53 36.1607 [Dec] -03 29 32.2013 [FIL] GG495 [EXPTIME] 60.0 [Date] 2021-12-29T17:37:32 [Time] 17:37:32
72/267 2MASS_J08533619-0329321-20211229@173849-Eden.fts [TYPE] LIGHT [OBJ] 2MASS_J08533619-0329321 [RA] 08 53 36.1607 [Dec] -03 29 32.2013 [FIL] GG495 [EXPTIME] 60.0 [Date] 2021-12-29T17:38:49 [Time] 17:38:49
73/267 2MASS_J08533619-0329321-20211229@174005-Eden.fts [TYPE] LIGHT [OBJ] 2MASS_J08533619-0329321 [RA] 08 53 36.1607 [Dec] -03 29 32.2013 [FIL] GG495 [EXPTIME] 60.0 [Date] 2021-12-29T17:40:05 [Time] 17:40:05
74/267 2MASS_J08533619-0329321-20211229@174122-Eden.fts [TYPE] LIGHT [OBJ] 2MASS_J08533619-0329321 [RA] 08 53 36.1607 [Dec] -03 29 32.2013 [FIL] GG495 [EXPTIME] 60.0 [Date] 2021-12-29T17:41:22 [Time] 17:41:22
75/267 2MASS_J08533619-0329321-20211229@174240-Eden.fts [TYPE] LIGHT [OBJ] 2MASS_J08533619-0329321 [RA] 08 53 36.1607 [Dec] -03 29 32.2013 [FIL] GG495 [EXPTIME] 60.0 [Date] 2021-12-29T17:42:40 [Time] 17:42:40
76/267 2MASS_J08533619-0329321-20211229@174357-Eden.fts [TYPE] LIGHT [OBJ] 2MASS_J08533619-0329321 [RA] 08 53 36.1607 [Dec] -03 29 32.2013 [FIL] GG495 [EXPTIME] 60.0 [Date] 2021-12-29T17:43:57 [Time] 17:43:57
77/267 2MASS_J08533619-0329321-20211229@174514-Eden.fts [TYPE] LIGHT [OBJ] 2MASS_J08533619-0329321 [RA] 08 53 36.1607 [Dec] -03 29 32.2013 [FIL] GG495 [EXPTIME] 60.0 [Date] 2021-12-29T17:45:14 [Time] 17:45:14
78/267 2MASS_J08533619-0329321-20211229@174632-Eden.fts [TYPE] LIGHT [OBJ] 2MASS_J08533619-0329321 [RA] 08 53 36.1607 [Dec] -03 29 32.2013 [FIL] GG495 [EXPTIME] 60.0 [Date] 2021-12-29T17:46:32 [Time] 17:46:32
79/267 2MASS_J08533619-0329321-20211229@174749-Eden.fts [TYPE] LIGHT [OBJ] 2MASS_J08533619-0329321 [RA] 08 53 36.1607 [Dec] -03 29 32.2013 [FIL] GG495 [EXPTIME] 60.0 [Date] 2021-12-29T17:47:49 [Time] 17:47:49
80/267 2MASS_J08533619-0329321-20211229@174906-Eden.fts [TYPE] LIGHT [OBJ] 2MASS_J08533619-0329321 [RA] 08 53 36.1607 [Dec] -03 29 32.2013 [FIL] GG495 [EXPTIME] 60.0 [Date] 2021-12-29T17:49:06 [Time] 17:49:06
81/267 2MASS_J08533619-0329321-20211229@175021-Eden.fts [TYPE] LIGHT [OBJ] 2MASS_J08533619-0329321 [RA] 08 53 36.1607 [Dec] -03 29 32.2013 [FIL] GG495 [EXPTIME] 60.0 [Date] 2021-12-29T17:50:21 [Time] 17:50:21
82/267 2MASS_J08533619-0329321-20211229@175137-Eden.fts [TYPE] LIGHT [OBJ] 2MASS_J08533619-0329321 [RA] 08 53 36.1607 [Dec] -03 29 32.2013 [FIL] GG495 [EXPTIME] 60.0 [Date] 2021-12-29T17:51:37 [Time] 17:51:37
83/267 2MASS_J08533619-0329321-20211229@175253-Eden.fts [TYPE] LIGHT [OBJ] 2MASS_J08533619-0329321 [RA] 08 53 36.1607 [Dec] -03 29 32.2013 [FIL] GG495 [EXPTIME] 60.0 [Date] 2021-12-29T17:52:53 [Time] 17:52:53
84/267 2MASS_J08533619-0329321-20211229@175412-Eden.fts [TYPE] LIGHT [OBJ] 2MASS_J08533619-0329321 [RA] 08 53 36.1607 [Dec] -03 29 32.2013 [FIL] GG495 [EXPTIME] 60.0 [Date] 2021-12-29T17:54:12 [Time] 17:54:12
85/267 2MASS_J08533619-0329321-20211229@175530-Eden.fts [TYPE] LIGHT [OBJ] 2MASS_J08533619-0329321 [RA] 08 53 36.1607 [Dec] -03 29 32.2013 [FIL] GG495 [EXPTIME] 60.0 [Date] 2021-12-29T17:55:30 [Time] 17:55:30
86/267 2MASS_J08533619-0329321-20211229@175645-Eden.fts [TYPE] LIGHT [OBJ] 2MASS_J08533619-0329321 [RA] 08 53 36.1607 [Dec] -03 29 32.2013 [FIL] GG495 [EXPTIME] 60.0 [Date] 2021-12-29T17:56:45 [Time] 17:56:45
87/267 2MASS_J08533619-0329321-20211229@175801-Eden.fts [TYPE] LIGHT [OBJ] 2MASS_J08533619-0329321 [RA] 08 53 36.1607 [Dec] -03 29 32.2013 [FIL] GG495 [EXPTIME] 60.0 [Date] 2021-12-29T17:58:01 [Time] 17:58:01
88/267 2MASS_J08533619-0329321-20211229@175917-Eden.fts [TYPE] LIGHT [OBJ] 2MASS_J08533619-0329321 [RA] 08 53 36.1607 [Dec] -03 29 32.2013 [FIL] GG495 [EXPTIME] 60.0 [Date] 2021-12-29T17:59:17 [Time] 17:59:17
89/267 2MASS_J08533619-0329321-20211229@180034-Eden.fts [TYPE] LIGHT [OBJ] 2MASS_J08533619-0329321 [RA] 08 53 36.1607 [Dec] -03 29 32.2013 [FIL] GG495 [EXPTIME] 60.0 [Date] 2021-12-29T18:00:34 [Time] 18:00:34
90/267 2MASS_J08533619-0329321-20211229@180150-Eden.fts [TYPE] LIGHT [OBJ] 2MASS_J08533619-0329321 [RA] 08 53 36.1607 [Dec] -03 29 32.2013 [FIL] GG495 [EXPTIME] 60.0 [Date] 2021-12-29T18:01:50 [Time] 18:01:50
91/267 2MASS_J08533619-0329321-20211229@180307-Eden.fts [TYPE] LIGHT [OBJ] 2MASS_J08533619-0329321 [RA] 08 53 36.1607 [Dec] -03 29 32.2013 [FIL] GG495 [EXPTIME] 60.0 [Date] 2021-12-29T18:03:07 [Time] 18:03:07
92/267 2MASS_J08533619-0329321-20211229@180423-Eden.fts [TYPE] LIGHT [OBJ] 2MASS_J08533619-0329321 [RA] 08 53 36.1607 [Dec] -03 29 32.2013 [FIL] GG495 [EXPTIME] 60.0 [Date] 2021-12-29T18:04:23 [Time] 18:04:23
93/267 2MASS_J08533619-0329321-20211229@180540-Eden.fts [TYPE] LIGHT [OBJ] 2MASS_J08533619-0329321 [RA] 08 53 36.1607 [Dec] -03 29 32.2013 [FIL] GG495 [EXPTIME] 60.0 [Date] 2021-12-29T18:05:40 [Time] 18:05:40
94/267 2MASS_J08533619-0329321-20211229@180657-Eden.fts [TYPE] LIGHT [OBJ] 2MASS_J08533619-0329321 [RA] 08 53 36.1607 [Dec] -03 29 32.2013 [FIL] GG495 [EXPTIME] 60.0 [Date] 2021-12-29T18:06:57 [Time] 18:06:57
95/267 2MASS_J08533619-0329321-20211229@180813-Eden.fts [TYPE] LIGHT [OBJ] 2MASS_J08533619-0329321 [RA] 08 53 36.1607 [Dec] -03 29 32.2013 [FIL] GG495 [EXPTIME] 60.0 [Date] 2021-12-29T18:08:13 [Time] 18:08:13
96/267 2MASS_J08533619-0329321-20211229@180930-Eden.fts [TYPE] LIGHT [OBJ] 2MASS_J08533619-0329321 [RA] 08 53 36.1607 [Dec] -03 29 32.2013 [FIL] GG495 [EXPTIME] 60.0 [Date] 2021-12-29T18:09:30 [Time] 18:09:30
97/267 2MASS_J08533619-0329321-20211229@181048-Eden.fts [TYPE] LIGHT [OBJ] 2MASS_J08533619-0329321 [RA] 08 53 36.1607 [Dec] -03 29 32.2013 [FIL] GG495 [EXPTIME] 60.0 [Date] 2021-12-29T18:10:48 [Time] 18:10:48
98/267 2MASS_J08533619-0329321-20211229@181205-Eden.fts [TYPE] LIGHT [OBJ] 2MASS_J08533619-0329321 [RA] 08 53 36.1607 [Dec] -03 29 32.2013 [FIL] GG495 [EXPTIME] 60.0 [Date] 2021-12-29T18:12:05 [Time] 18:12:05
99/267 2MASS_J08533619-0329321-20211229@181322-Eden.fts [TYPE] LIGHT [OBJ] 2MASS_J08533619-0329321 [RA] 08 53 36.1607 [Dec] -03 29 32.2013 [FIL] GG495 [EXPTIME] 60.0 [Date] 2021-12-29T18:13:22 [Time] 18:13:22
100/267 2MASS_J08533619-0329321-20211229@181439-Eden.fts [TYPE] LIGHT [OBJ] 2MASS_J08533619-0329321 [RA] 08 53 36.1607 [Dec] -03 29 32.2013 [FIL] GG495 [EXPTIME] 60.0 [Date] 2021-12-29T18:14:39 [Time] 18:14:39
101/267 2MASS_J08533619-0329321-20211229@181556-Eden.fts [TYPE] LIGHT [OBJ] 2MASS_J08533619-0329321 [RA] 08 53 36.1607 [Dec] -03 29 32.2013 [FIL] GG495 [EXPTIME] 60.0 [Date] 2021-12-29T18:15:56 [Time] 18:15:56
102/267 2MASS_J08533619-0329321-20211229@181715-Eden.fts [TYPE] LIGHT [OBJ] 2MASS_J08533619-0329321 [RA] 08 53 36.1607 [Dec] -03 29 32.2013 [FIL] GG495 [EXPTIME] 60.0 [Date] 2021-12-29T18:17:15 [Time] 18:17:15
103/267 2MASS_J08533619-0329321-20211229@181832-Eden.fts [TYPE] LIGHT [OBJ] 2MASS_J08533619-0329321 [RA] 08 53 36.1607 [Dec] -03 29 32.2013 [FIL] GG495 [EXPTIME] 60.0 [Date] 2021-12-29T18:18:32 [Time] 18:18:32
104/267 2MASS_J08533619-0329321-20211229@181950-Eden.fts [TYPE] LIGHT [OBJ] 2MASS_J08533619-0329321 [RA] 08 53 36.1607 [Dec] -03 29 32.2013 [FIL] GG495 [EXPTIME] 60.0 [Date] 2021-12-29T18:19:50 [Time] 18:19:50
105/267 2MASS_J08533619-0329321-20211229@182107-Eden.fts [TYPE] LIGHT [OBJ] 2MASS_J08533619-0329321 [RA] 08 53 36.1607 [Dec] -03 29 32.2013 [FIL] GG495 [EXPTIME] 60.0 [Date] 2021-12-29T18:21:07 [Time] 18:21:07
106/267 2MASS_J08533619-0329321-20211229@182225-Eden.fts [TYPE] LIGHT [OBJ] 2MASS_J08533619-0329321 [RA] 08 53 36.1607 [Dec] -03 29 32.2013 [FIL] GG495 [EXPTIME] 60.0 [Date] 2021-12-29T18:22:25 [Time] 18:22:25
107/267 2MASS_J08533619-0329321-20211229@182342-Eden.fts [TYPE] LIGHT [OBJ] 2MASS_J08533619-0329321 [RA] 08 53 36.1607 [Dec] -03 29 32.2013 [FIL] GG495 [EXPTIME] 60.0 [Date] 2021-12-29T18:23:42 [Time] 18:23:42
108/267 2MASS_J08533619-0329321-20211229@182500-Eden.fts [TYPE] LIGHT [OBJ] 2MASS_J08533619-0329321 [RA] 08 53 36.1607 [Dec] -03 29 32.2013 [FIL] GG495 [EXPTIME] 60.0 [Date] 2021-12-29T18:25:00 [Time] 18:25:00
109/267 2MASS_J08533619-0329321-20211229@182616-Eden.fts [TYPE] LIGHT [OBJ] 2MASS_J08533619-0329321 [RA] 08 53 36.1607 [Dec] -03 29 32.2013 [FIL] GG495 [EXPTIME] 60.0 [Date] 2021-12-29T18:26:16 [Time] 18:26:16
110/267 2MASS_J08533619-0329321-20211229@182732-Eden.fts [TYPE] LIGHT [OBJ] 2MASS_J08533619-0329321 [RA] 08 53 36.1607 [Dec] -03 29 32.2013 [FIL] GG495 [EXPTIME] 60.0 [Date] 2021-12-29T18:27:32 [Time] 18:27:32
111/267 2MASS_J08533619-0329321-20211229@182849-Eden.fts [TYPE] LIGHT [OBJ] 2MASS_J08533619-0329321 [RA] 08 53 36.1607 [Dec] -03 29 32.2013 [FIL] GG495 [EXPTIME] 60.0 [Date] 2021-12-29T18:28:49 [Time] 18:28:49
112/267 2MASS_J08533619-0329321-20211229@183006-Eden.fts [TYPE] LIGHT [OBJ] 2MASS_J08533619-0329321 [RA] 08 53 36.1607 [Dec] -03 29 32.2013 [FIL] GG495 [EXPTIME] 60.0 [Date] 2021-12-29T18:30:06 [Time] 18:30:06
113/267 2MASS_J08533619-0329321-20211229@183123-Eden.fts [TYPE] LIGHT [OBJ] 2MASS_J08533619-0329321 [RA] 08 53 36.1607 [Dec] -03 29 32.2013 [FIL] GG495 [EXPTIME] 60.0 [Date] 2021-12-29T18:31:23 [Time] 18:31:23
114/267 2MASS_J08533619-0329321-20211229@183239-Eden.fts [TYPE] LIGHT [OBJ] 2MASS_J08533619-0329321 [RA] 08 53 36.1607 [Dec] -03 29 32.2013 [FIL] GG495 [EXPTIME] 60.0 [Date] 2021-12-29T18:32:39 [Time] 18:32:39
115/267 2MASS_J08533619-0329321-20211229@183357-Eden.fts [TYPE] LIGHT [OBJ] 2MASS_J08533619-0329321 [RA] 08 53 36.1607 [Dec] -03 29 32.2013 [FIL] GG495 [EXPTIME] 60.0 [Date] 2021-12-29T18:33:57 [Time] 18:33:57
116/267 2MASS_J08533619-0329321-20211229@183514-Eden.fts [TYPE] LIGHT [OBJ] 2MASS_J08533619-0329321 [RA] 08 53 36.1607 [Dec] -03 29 32.2013 [FIL] GG495 [EXPTIME] 60.0 [Date] 2021-12-29T18:35:14 [Time] 18:35:14
117/267 2MASS_J08533619-0329321-20211229@183631-Eden.fts [TYPE] LIGHT [OBJ] 2MASS_J08533619-0329321 [RA] 08 53 36.1607 [Dec] -03 29 32.2013 [FIL] GG495 [EXPTIME] 60.0 [Date] 2021-12-29T18:36:31 [Time] 18:36:31
118/267 2MASS_J08533619-0329321-20211229@183748-Eden.fts [TYPE] LIGHT [OBJ] 2MASS_J08533619-0329321 [RA] 08 53 36.1607 [Dec] -03 29 32.2013 [FIL] GG495 [EXPTIME] 60.0 [Date] 2021-12-29T18:37:48 [Time] 18:37:48
119/267 2MASS_J08533619-0329321-20211229@183905-Eden.fts [TYPE] LIGHT [OBJ] 2MASS_J08533619-0329321 [RA] 08 53 36.1607 [Dec] -03 29 32.2013 [FIL] GG495 [EXPTIME] 60.0 [Date] 2021-12-29T18:39:05 [Time] 18:39:05
120/267 2MASS_J08533619-0329321-20211229@184023-Eden.fts [TYPE] LIGHT [OBJ] 2MASS_J08533619-0329321 [RA] 08 53 36.1607 [Dec] -03 29 32.2013 [FIL] GG495 [EXPTIME] 60.0 [Date] 2021-12-29T18:40:23 [Time] 18:40:23
121/267 2MASS_J08533619-0329321-20211229@184140-Eden.fts [TYPE] LIGHT [OBJ] 2MASS_J08533619-0329321 [RA] 08 53 36.1607 [Dec] -03 29 32.2013 [FIL] GG495 [EXPTIME] 60.0 [Date] 2021-12-29T18:41:40 [Time] 18:41:40
122/267 2MASS_J08533619-0329321-20211229@184257-Eden.fts [TYPE] LIGHT [OBJ] 2MASS_J08533619-0329321 [RA] 08 53 36.1607 [Dec] -03 29 32.2013 [FIL] GG495 [EXPTIME] 60.0 [Date] 2021-12-29T18:42:57 [Time] 18:42:57
123/267 2MASS_J08533619-0329321-20211229@184414-Eden.fts [TYPE] LIGHT [OBJ] 2MASS_J08533619-0329321 [RA] 08 53 36.1607 [Dec] -03 29 32.2013 [FIL] GG495 [EXPTIME] 60.0 [Date] 2021-12-29T18:44:14 [Time] 18:44:14
124/267 2MASS_J08533619-0329321-20211229@184530-Eden.fts [TYPE] LIGHT [OBJ] 2MASS_J08533619-0329321 [RA] 08 53 36.1607 [Dec] -03 29 32.2013 [FIL] GG495 [EXPTIME] 60.0 [Date] 2021-12-29T18:45:30 [Time] 18:45:30
125/267 2MASS_J08533619-0329321-20211229@184647-Eden.fts [TYPE] LIGHT [OBJ] 2MASS_J08533619-0329321 [RA] 08 53 36.1607 [Dec] -03 29 32.2013 [FIL] GG495 [EXPTIME] 60.0 [Date] 2021-12-29T18:46:47 [Time] 18:46:47
126/267 2MASS_J08533619-0329321-20211229@184803-Eden.fts [TYPE] LIGHT [OBJ] 2MASS_J08533619-0329321 [RA] 08 53 36.1607 [Dec] -03 29 32.2013 [FIL] GG495 [EXPTIME] 60.0 [Date] 2021-12-29T18:48:03 [Time] 18:48:03
127/267 2MASS_J08533619-0329321-20211229@184920-Eden.fts [TYPE] LIGHT [OBJ] 2MASS_J08533619-0329321 [RA] 08 53 36.1607 [Dec] -03 29 32.2013 [FIL] GG495 [EXPTIME] 60.0 [Date] 2021-12-29T18:49:20 [Time] 18:49:20
128/267 2MASS_J08533619-0329321-20211229@185036-Eden.fts [TYPE] LIGHT [OBJ] 2MASS_J08533619-0329321 [RA] 08 53 36.1607 [Dec] -03 29 32.2013 [FIL] GG495 [EXPTIME] 60.0 [Date] 2021-12-29T18:50:36 [Time] 18:50:36
129/267 2MASS_J08533619-0329321-20211229@185153-Eden.fts [TYPE] LIGHT [OBJ] 2MASS_J08533619-0329321 [RA] 08 53 36.1607 [Dec] -03 29 32.2013 [FIL] GG495 [EXPTIME] 60.0 [Date] 2021-12-29T18:51:53 [Time] 18:51:53
130/267 2MASS_J08533619-0329321-20211229@185309-Eden.fts [TYPE] LIGHT [OBJ] 2MASS_J08533619-0329321 [RA] 08 53 36.1607 [Dec] -03 29 32.2013 [FIL] GG495 [EXPTIME] 60.0 [Date] 2021-12-29T18:53:09 [Time] 18:53:09
131/267 2MASS_J08533619-0329321-20211229@185426-Eden.fts [TYPE] LIGHT [OBJ] 2MASS_J08533619-0329321 [RA] 08 53 36.1607 [Dec] -03 29 32.2013 [FIL] GG495 [EXPTIME] 60.0 [Date] 2021-12-29T18:54:26 [Time] 18:54:26
132/267 2MASS_J08533619-0329321-20211229@185543-Eden.fts [TYPE] LIGHT [OBJ] 2MASS_J08533619-0329321 [RA] 08 53 36.1607 [Dec] -03 29 32.2013 [FIL] GG495 [EXPTIME] 60.0 [Date] 2021-12-29T18:55:43 [Time] 18:55:43
133/267 2MASS_J08533619-0329321-20211229@185701-Eden.fts [TYPE] LIGHT [OBJ] 2MASS_J08533619-0329321 [RA] 08 53 36.1607 [Dec] -03 29 32.2013 [FIL] GG495 [EXPTIME] 60.0 [Date] 2021-12-29T18:57:01 [Time] 18:57:01
134/267 2MASS_J08533619-0329321-20211229@185817-Eden.fts [TYPE] LIGHT [OBJ] 2MASS_J08533619-0329321 [RA] 08 53 36.1607 [Dec] -03 29 32.2013 [FIL] GG495 [EXPTIME] 60.0 [Date] 2021-12-29T18:58:17 [Time] 18:58:17
135/267 2MASS_J08533619-0329321-20211229@185934-Eden.fts [TYPE] LIGHT [OBJ] 2MASS_J08533619-0329321 [RA] 08 53 36.1607 [Dec] -03 29 32.2013 [FIL] GG495 [EXPTIME] 60.0 [Date] 2021-12-29T18:59:34 [Time] 18:59:34
136/267 2MASS_J08533619-0329321-20211229@190051-Eden.fts [TYPE] LIGHT [OBJ] 2MASS_J08533619-0329321 [RA] 08 53 36.1607 [Dec] -03 29 32.2013 [FIL] GG495 [EXPTIME] 60.0 [Date] 2021-12-29T19:00:51 [Time] 19:00:51
137/267 2MASS_J08533619-0329321-20211229@190208-Eden.fts [TYPE] LIGHT [OBJ] 2MASS_J08533619-0329321 [RA] 08 53 36.1607 [Dec] -03 29 32.2013 [FIL] GG495 [EXPTIME] 60.0 [Date] 2021-12-29T19:02:08 [Time] 19:02:08
138/267 2MASS_J08533619-0329321-20211229@190324-Eden.fts [TYPE] LIGHT [OBJ] 2MASS_J08533619-0329321 [RA] 08 53 36.1607 [Dec] -03 29 32.2013 [FIL] GG495 [EXPTIME] 60.0 [Date] 2021-12-29T19:03:24 [Time] 19:03:24
139/267 2MASS_J08533619-0329321-20211229@190441-Eden.fts [TYPE] LIGHT [OBJ] 2MASS_J08533619-0329321 [RA] 08 53 36.1607 [Dec] -03 29 32.2013 [FIL] GG495 [EXPTIME] 60.0 [Date] 2021-12-29T19:04:41 [Time] 19:04:41
140/267 2MASS_J08533619-0329321-20211229@190558-Eden.fts [TYPE] LIGHT [OBJ] 2MASS_J08533619-0329321 [RA] 08 53 36.1607 [Dec] -03 29 32.2013 [FIL] GG495 [EXPTIME] 60.0 [Date] 2021-12-29T19:05:58 [Time] 19:05:58
141/267 2MASS_J08533619-0329321-20211229@190716-Eden.fts [TYPE] LIGHT [OBJ] 2MASS_J08533619-0329321 [RA] 08 53 36.1607 [Dec] -03 29 32.2013 [FIL] GG495 [EXPTIME] 60.0 [Date] 2021-12-29T19:07:16 [Time] 19:07:16
142/267 2MASS_J08533619-0329321-20211229@190833-Eden.fts [TYPE] LIGHT [OBJ] 2MASS_J08533619-0329321 [RA] 08 53 36.1607 [Dec] -03 29 32.2013 [FIL] GG495 [EXPTIME] 60.0 [Date] 2021-12-29T19:08:33 [Time] 19:08:33
143/267 2MASS_J08533619-0329321-20211229@190950-Eden.fts [TYPE] LIGHT [OBJ] 2MASS_J08533619-0329321 [RA] 08 53 36.1607 [Dec] -03 29 32.2013 [FIL] GG495 [EXPTIME] 60.0 [Date] 2021-12-29T19:09:50 [Time] 19:09:50
144/267 2MASS_J08533619-0329321-20211229@191107-Eden.fts [TYPE] LIGHT [OBJ] 2MASS_J08533619-0329321 [RA] 08 53 36.1607 [Dec] -03 29 32.2013 [FIL] GG495 [EXPTIME] 60.0 [Date] 2021-12-29T19:11:07 [Time] 19:11:07
145/267 2MASS_J08533619-0329321-20211229@191224-Eden.fts [TYPE] LIGHT [OBJ] 2MASS_J08533619-0329321 [RA] 08 53 36.1607 [Dec] -03 29 32.2013 [FIL] GG495 [EXPTIME] 60.0 [Date] 2021-12-29T19:12:24 [Time] 19:12:24
146/267 2MASS_J08533619-0329321-20211229@191342-Eden.fts [TYPE] LIGHT [OBJ] 2MASS_J08533619-0329321 [RA] 08 53 36.1607 [Dec] -03 29 32.2013 [FIL] GG495 [EXPTIME] 60.0 [Date] 2021-12-29T19:13:42 [Time] 19:13:42
147/267 2MASS_J08533619-0329321-20211229@191501-Eden.fts [TYPE] LIGHT [OBJ] 2MASS_J08533619-0329321 [RA] 08 53 36.1607 [Dec] -03 29 32.2013 [FIL] GG495 [EXPTIME] 60.0 [Date] 2021-12-29T19:15:01 [Time] 19:15:01
148/267 2MASS_J08533619-0329321-20211229@191618-Eden.fts [TYPE] LIGHT [OBJ] 2MASS_J08533619-0329321 [RA] 08 53 36.1607 [Dec] -03 29 32.2013 [FIL] GG495 [EXPTIME] 60.0 [Date] 2021-12-29T19:16:18 [Time] 19:16:18
149/267 2MASS_J08533619-0329321-20211229@191735-Eden.fts [TYPE] LIGHT [OBJ] 2MASS_J08533619-0329321 [RA] 08 53 36.1607 [Dec] -03 29 32.2013 [FIL] GG495 [EXPTIME] 60.0 [Date] 2021-12-29T19:17:35 [Time] 19:17:35
150/267 2MASS_J08533619-0329321-20211229@191853-Eden.fts [TYPE] LIGHT [OBJ] 2MASS_J08533619-0329321 [RA] 08 53 36.1607 [Dec] -03 29 32.2013 [FIL] GG495 [EXPTIME] 60.0 [Date] 2021-12-29T19:18:53 [Time] 19:18:53
151/267 2MASS_J08533619-0329321-20211229@192009-Eden.fts [TYPE] LIGHT [OBJ] 2MASS_J08533619-0329321 [RA] 08 53 36.1607 [Dec] -03 29 32.2013 [FIL] GG495 [EXPTIME] 60.0 [Date] 2021-12-29T19:20:09 [Time] 19:20:09
152/267 2MASS_J08533619-0329321-20211229@192128-Eden.fts [TYPE] LIGHT [OBJ] 2MASS_J08533619-0329321 [RA] 08 53 36.1607 [Dec] -03 29 32.2013 [FIL] GG495 [EXPTIME] 60.0 [Date] 2021-12-29T19:21:28 [Time] 19:21:28
153/267 2MASS_J08533619-0329321-20211229@192244-Eden.fts [TYPE] LIGHT [OBJ] 2MASS_J08533619-0329321 [RA] 08 53 36.1607 [Dec] -03 29 32.2013 [FIL] GG495 [EXPTIME] 60.0 [Date] 2021-12-29T19:22:44 [Time] 19:22:44
154/267 2MASS_J08533619-0329321-20211229@192402-Eden.fts [TYPE] LIGHT [OBJ] 2MASS_J08533619-0329321 [RA] 08 53 36.1607 [Dec] -03 29 32.2013 [FIL] GG495 [EXPTIME] 60.0 [Date] 2021-12-29T19:24:02 [Time] 19:24:02
155/267 2MASS_J08533619-0329321-20211229@192518-Eden.fts [TYPE] LIGHT [OBJ] 2MASS_J08533619-0329321 [RA] 08 53 36.1607 [Dec] -03 29 32.2013 [FIL] GG495 [EXPTIME] 60.0 [Date] 2021-12-29T19:25:18 [Time] 19:25:18
156/267 2MASS_J08533619-0329321-20211229@192636-Eden.fts [TYPE] LIGHT [OBJ] 2MASS_J08533619-0329321 [RA] 08 53 36.1607 [Dec] -03 29 32.2013 [FIL] GG495 [EXPTIME] 60.0 [Date] 2021-12-29T19:26:36 [Time] 19:26:36
157/267 2MASS_J08533619-0329321-20211229@192754-Eden.fts [TYPE] LIGHT [OBJ] 2MASS_J08533619-0329321 [RA] 08 53 36.1607 [Dec] -03 29 32.2013 [FIL] GG495 [EXPTIME] 60.0 [Date] 2021-12-29T19:27:54 [Time] 19:27:54
158/267 2MASS_J08533619-0329321-20211229@192911-Eden.fts [TYPE] LIGHT [OBJ] 2MASS_J08533619-0329321 [RA] 08 53 36.1607 [Dec] -03 29 32.2013 [FIL] GG495 [EXPTIME] 60.0 [Date] 2021-12-29T19:29:11 [Time] 19:29:11
159/267 2MASS_J08533619-0329321-20211229@193029-Eden.fts [TYPE] LIGHT [OBJ] 2MASS_J08533619-0329321 [RA] 08 53 36.1607 [Dec] -03 29 32.2013 [FIL] GG495 [EXPTIME] 60.0 [Date] 2021-12-29T19:30:29 [Time] 19:30:29
160/267 2MASS_J08533619-0329321-20211229@193147-Eden.fts [TYPE] LIGHT [OBJ] 2MASS_J08533619-0329321 [RA] 08 53 36.1607 [Dec] -03 29 32.2013 [FIL] GG495 [EXPTIME] 60.0 [Date] 2021-12-29T19:31:47 [Time] 19:31:47
161/267 2MASS_J08533619-0329321-20211229@193304-Eden.fts [TYPE] LIGHT [OBJ] 2MASS_J08533619-0329321 [RA] 08 53 36.1607 [Dec] -03 29 32.2013 [FIL] GG495 [EXPTIME] 60.0 [Date] 2021-12-29T19:33:04 [Time] 19:33:04
162/267 2MASS_J08533619-0329321-20211229@193420-Eden.fts [TYPE] LIGHT [OBJ] 2MASS_J08533619-0329321 [RA] 08 53 36.1607 [Dec] -03 29 32.2013 [FIL] GG495 [EXPTIME] 60.0 [Date] 2021-12-29T19:34:20 [Time] 19:34:20
163/267 2MASS_J08533619-0329321-20211229@193539-Eden.fts [TYPE] LIGHT [OBJ] 2MASS_J08533619-0329321 [RA] 08 53 36.1607 [Dec] -03 29 32.2013 [FIL] GG495 [EXPTIME] 60.0 [Date] 2021-12-29T19:35:39 [Time] 19:35:39
164/267 2MASS_J08533619-0329321-20211229@193657-Eden.fts [TYPE] LIGHT [OBJ] 2MASS_J08533619-0329321 [RA] 08 53 36.1607 [Dec] -03 29 32.2013 [FIL] GG495 [EXPTIME] 60.0 [Date] 2021-12-29T19:36:57 [Time] 19:36:57
165/267 2MASS_J08533619-0329321-20211229@193813-Eden.fts [TYPE] LIGHT [OBJ] 2MASS_J08533619-0329321 [RA] 08 53 36.1607 [Dec] -03 29 32.2013 [FIL] GG495 [EXPTIME] 60.0 [Date] 2021-12-29T19:38:13 [Time] 19:38:13
166/267 2MASS_J08533619-0329321-20211229@193930-Eden.fts [TYPE] LIGHT [OBJ] 2MASS_J08533619-0329321 [RA] 08 53 36.1607 [Dec] -03 29 32.2013 [FIL] GG495 [EXPTIME] 60.0 [Date] 2021-12-29T19:39:30 [Time] 19:39:30
167/267 2MASS_J08533619-0329321-20211229@194048-Eden.fts [TYPE] LIGHT [OBJ] 2MASS_J08533619-0329321 [RA] 08 53 36.1607 [Dec] -03 29 32.2013 [FIL] GG495 [EXPTIME] 60.0 [Date] 2021-12-29T19:40:48 [Time] 19:40:48
168/267 2MASS_J08533619-0329321-20211229@194205-Eden.fts [TYPE] LIGHT [OBJ] 2MASS_J08533619-0329321 [RA] 08 53 36.1607 [Dec] -03 29 32.2013 [FIL] GG495 [EXPTIME] 60.0 [Date] 2021-12-29T19:42:05 [Time] 19:42:05
169/267 2MASS_J08533619-0329321-20211229@194323-Eden.fts [TYPE] LIGHT [OBJ] 2MASS_J08533619-0329321 [RA] 08 53 36.1607 [Dec] -03 29 32.2013 [FIL] GG495 [EXPTIME] 60.0 [Date] 2021-12-29T19:43:23 [Time] 19:43:23
170/267 2MASS_J08533619-0329321-20211229@194440-Eden.fts [TYPE] LIGHT [OBJ] 2MASS_J08533619-0329321 [RA] 08 53 36.1607 [Dec] -03 29 32.2013 [FIL] GG495 [EXPTIME] 60.0 [Date] 2021-12-29T19:44:40 [Time] 19:44:40
171/267 2MASS_J08533619-0329321-20211229@194557-Eden.fts [TYPE] LIGHT [OBJ] 2MASS_J08533619-0329321 [RA] 08 53 36.1607 [Dec] -03 29 32.2013 [FIL] GG495 [EXPTIME] 60.0 [Date] 2021-12-29T19:45:57 [Time] 19:45:57
172/267 2MASS_J08533619-0329321-20211229@194713-Eden.fts [TYPE] LIGHT [OBJ] 2MASS_J08533619-0329321 [RA] 08 53 36.1607 [Dec] -03 29 32.2013 [FIL] GG495 [EXPTIME] 60.0 [Date] 2021-12-29T19:47:13 [Time] 19:47:13
173/267 2MASS_J08533619-0329321-20211229@194832-Eden.fts [TYPE] LIGHT [OBJ] 2MASS_J08533619-0329321 [RA] 08 53 36.1607 [Dec] -03 29 32.2013 [FIL] GG495 [EXPTIME] 60.0 [Date] 2021-12-29T19:48:32 [Time] 19:48:32
174/267 2MASS_J08533619-0329321-20211229@194949-Eden.fts [TYPE] LIGHT [OBJ] 2MASS_J08533619-0329321 [RA] 08 53 36.1607 [Dec] -03 29 32.2013 [FIL] GG495 [EXPTIME] 60.0 [Date] 2021-12-29T19:49:49 [Time] 19:49:49
175/267 2MASS_J08533619-0329321-20211229@195106-Eden.fts [TYPE] LIGHT [OBJ] 2MASS_J08533619-0329321 [RA] 08 53 36.1607 [Dec] -03 29 32.2013 [FIL] GG495 [EXPTIME] 60.0 [Date] 2021-12-29T19:51:06 [Time] 19:51:06
176/267 2MASS_J08533619-0329321-20211229@195222-Eden.fts [TYPE] LIGHT [OBJ] 2MASS_J08533619-0329321 [RA] 08 53 36.1607 [Dec] -03 29 32.2013 [FIL] GG495 [EXPTIME] 60.0 [Date] 2021-12-29T19:52:22 [Time] 19:52:22
177/267 2MASS_J08533619-0329321-20211229@195339-Eden.fts [TYPE] LIGHT [OBJ] 2MASS_J08533619-0329321 [RA] 08 53 36.1607 [Dec] -03 29 32.2013 [FIL] GG495 [EXPTIME] 60.0 [Date] 2021-12-29T19:53:39 [Time] 19:53:39
178/267 2MASS_J08533619-0329321-20211229@195456-Eden.fts [TYPE] LIGHT [OBJ] 2MASS_J08533619-0329321 [RA] 08 53 36.1607 [Dec] -03 29 32.2013 [FIL] GG495 [EXPTIME] 60.0 [Date] 2021-12-29T19:54:56 [Time] 19:54:56
179/267 2MASS_J08533619-0329321-20211229@195612-Eden.fts [TYPE] LIGHT [OBJ] 2MASS_J08533619-0329321 [RA] 08 53 36.1607 [Dec] -03 29 32.2013 [FIL] GG495 [EXPTIME] 60.0 [Date] 2021-12-29T19:56:12 [Time] 19:56:12
180/267 2MASS_J08533619-0329321-20211229@195731-Eden.fts [TYPE] LIGHT [OBJ] 2MASS_J08533619-0329321 [RA] 08 53 36.1607 [Dec] -03 29 32.2013 [FIL] GG495 [EXPTIME] 60.0 [Date] 2021-12-29T19:57:31 [Time] 19:57:31
181/267 2MASS_J08533619-0329321-20211229@195848-Eden.fts [TYPE] LIGHT [OBJ] 2MASS_J08533619-0329321 [RA] 08 53 36.1607 [Dec] -03 29 32.2013 [FIL] GG495 [EXPTIME] 60.0 [Date] 2021-12-29T19:58:48 [Time] 19:58:48
182/267 2MASS_J08533619-0329321-20211229@200005-Eden.fts [TYPE] LIGHT [OBJ] 2MASS_J08533619-0329321 [RA] 08 53 36.1607 [Dec] -03 29 32.2013 [FIL] GG495 [EXPTIME] 60.0 [Date] 2021-12-29T20:00:05 [Time] 20:00:05
183/267 2MASS_J08533619-0329321-20211229@200121-Eden.fts [TYPE] LIGHT [OBJ] 2MASS_J08533619-0329321 [RA] 08 53 36.1607 [Dec] -03 29 32.2013 [FIL] GG495 [EXPTIME] 60.0 [Date] 2021-12-29T20:01:21 [Time] 20:01:21
184/267 2MASS_J08533619-0329321-20211229@200238-Eden.fts [TYPE] LIGHT [OBJ] 2MASS_J08533619-0329321 [RA] 08 53 36.1607 [Dec] -03 29 32.2013 [FIL] GG495 [EXPTIME] 60.0 [Date] 2021-12-29T20:02:38 [Time] 20:02:38
185/267 2MASS_J08533619-0329321-20211229@200355-Eden.fts [TYPE] LIGHT [OBJ] 2MASS_J08533619-0329321 [RA] 08 53 36.1607 [Dec] -03 29 32.2013 [FIL] GG495 [EXPTIME] 60.0 [Date] 2021-12-29T20:03:55 [Time] 20:03:55
186/267 2MASS_J08533619-0329321-20211229@200514-Eden.fts [TYPE] LIGHT [OBJ] 2MASS_J08533619-0329321 [RA] 08 53 36.1607 [Dec] -03 29 32.2013 [FIL] GG495 [EXPTIME] 60.0 [Date] 2021-12-29T20:05:14 [Time] 20:05:14
187/267 2MASS_J08533619-0329321-20211229@200631-Eden.fts [TYPE] LIGHT [OBJ] 2MASS_J08533619-0329321 [RA] 08 53 36.1607 [Dec] -03 29 32.2013 [FIL] GG495 [EXPTIME] 60.0 [Date] 2021-12-29T20:06:31 [Time] 20:06:31
188/267 2MASS_J08533619-0329321-20211229@200747-Eden.fts [TYPE] LIGHT [OBJ] 2MASS_J08533619-0329321 [RA] 08 53 36.1607 [Dec] -03 29 32.2013 [FIL] GG495 [EXPTIME] 60.0 [Date] 2021-12-29T20:07:47 [Time] 20:07:47
189/267 2MASS_J08533619-0329321-20211229@200903-Eden.fts [TYPE] LIGHT [OBJ] 2MASS_J08533619-0329321 [RA] 08 53 36.1607 [Dec] -03 29 32.2013 [FIL] GG495 [EXPTIME] 60.0 [Date] 2021-12-29T20:09:03 [Time] 20:09:03
190/267 2MASS_J08533619-0329321-20211229@201019-Eden.fts [TYPE] LIGHT [OBJ] 2MASS_J08533619-0329321 [RA] 08 53 36.1607 [Dec] -03 29 32.2013 [FIL] GG495 [EXPTIME] 60.0 [Date] 2021-12-29T20:10:19 [Time] 20:10:19
191/267 2MASS_J08533619-0329321-20211229@201136-Eden.fts [TYPE] LIGHT [OBJ] 2MASS_J08533619-0329321 [RA] 08 53 36.1607 [Dec] -03 29 32.2013 [FIL] GG495 [EXPTIME] 60.0 [Date] 2021-12-29T20:11:36 [Time] 20:11:36
192/267 2MASS_J08533619-0329321-20211229@201254-Eden.fts [TYPE] LIGHT [OBJ] 2MASS_J08533619-0329321 [RA] 08 53 36.1607 [Dec] -03 29 32.2013 [FIL] GG495 [EXPTIME] 60.0 [Date] 2021-12-29T20:12:54 [Time] 20:12:54
193/267 2MASS_J08533619-0329321-20211229@201410-Eden.fts [TYPE] LIGHT [OBJ] 2MASS_J08533619-0329321 [RA] 08 53 36.1607 [Dec] -03 29 32.2013 [FIL] GG495 [EXPTIME] 60.0 [Date] 2021-12-29T20:14:10 [Time] 20:14:10
194/267 2MASS_J08533619-0329321-20211229@201526-Eden.fts [TYPE] LIGHT [OBJ] 2MASS_J08533619-0329321 [RA] 08 53 36.1607 [Dec] -03 29 32.2013 [FIL] GG495 [EXPTIME] 60.0 [Date] 2021-12-29T20:15:26 [Time] 20:15:26
195/267 2MASS_J08533619-0329321-20211229@201644-Eden.fts [TYPE] LIGHT [OBJ] 2MASS_J08533619-0329321 [RA] 08 53 36.1607 [Dec] -03 29 32.2013 [FIL] GG495 [EXPTIME] 60.0 [Date] 2021-12-29T20:16:44 [Time] 20:16:44
196/267 2MASS_J08533619-0329321-20211229@201801-Eden.fts [TYPE] LIGHT [OBJ] 2MASS_J08533619-0329321 [RA] 08 53 36.1607 [Dec] -03 29 32.2013 [FIL] GG495 [EXPTIME] 60.0 [Date] 2021-12-29T20:18:01 [Time] 20:18:01
197/267 2MASS_J08533619-0329321-20211229@201918-Eden.fts [TYPE] LIGHT [OBJ] 2MASS_J08533619-0329321 [RA] 08 53 36.1607 [Dec] -03 29 32.2013 [FIL] GG495 [EXPTIME] 60.0 [Date] 2021-12-29T20:19:18 [Time] 20:19:18
198/267 2MASS_J08533619-0329321-20211229@202036-Eden.fts [TYPE] LIGHT [OBJ] 2MASS_J08533619-0329321 [RA] 08 53 36.1607 [Dec] -03 29 32.2013 [FIL] GG495 [EXPTIME] 60.0 [Date] 2021-12-29T20:20:36 [Time] 20:20:36
199/267 2MASS_J08533619-0329321-20211229@202153-Eden.fts [TYPE] LIGHT [OBJ] 2MASS_J08533619-0329321 [RA] 08 53 36.1607 [Dec] -03 29 32.2013 [FIL] GG495 [EXPTIME] 60.0 [Date] 2021-12-29T20:21:53 [Time] 20:21:53
200/267 2MASS_J08533619-0329321-20211229@202309-Eden.fts [TYPE] LIGHT [OBJ] 2MASS_J08533619-0329321 [RA] 08 53 36.1607 [Dec] -03 29 32.2013 [FIL] GG495 [EXPTIME] 60.0 [Date] 2021-12-29T20:23:09 [Time] 20:23:09
201/267 2MASS_J08533619-0329321-20211229@202427-Eden.fts [TYPE] LIGHT [OBJ] 2MASS_J08533619-0329321 [RA] 08 53 36.1607 [Dec] -03 29 32.2013 [FIL] GG495 [EXPTIME] 60.0 [Date] 2021-12-29T20:24:27 [Time] 20:24:27
202/267 2MASS_J08533619-0329321-20211229@202545-Eden.fts [TYPE] LIGHT [OBJ] 2MASS_J08533619-0329321 [RA] 08 53 36.1607 [Dec] -03 29 32.2013 [FIL] GG495 [EXPTIME] 60.0 [Date] 2021-12-29T20:25:45 [Time] 20:25:45
203/267 2MASS_J08533619-0329321-20211229@202702-Eden.fts [TYPE] LIGHT [OBJ] 2MASS_J08533619-0329321 [RA] 08 53 36.1607 [Dec] -03 29 32.2013 [FIL] GG495 [EXPTIME] 60.0 [Date] 2021-12-29T20:27:02 [Time] 20:27:02
204/267 2MASS_J08533619-0329321-20211229@202819-Eden.fts [TYPE] LIGHT [OBJ] 2MASS_J08533619-0329321 [RA] 08 53 36.1607 [Dec] -03 29 32.2013 [FIL] GG495 [EXPTIME] 60.0 [Date] 2021-12-29T20:28:19 [Time] 20:28:19
205/267 2MASS_J08533619-0329321-20211229@202937-Eden.fts [TYPE] LIGHT [OBJ] 2MASS_J08533619-0329321 [RA] 08 53 36.1607 [Dec] -03 29 32.2013 [FIL] GG495 [EXPTIME] 60.0 [Date] 2021-12-29T20:29:37 [Time] 20:29:37
206/267 2MASS_J08533619-0329321-20211229@203054-Eden.fts [TYPE] LIGHT [OBJ] 2MASS_J08533619-0329321 [RA] 08 53 36.1607 [Dec] -03 29 32.2013 [FIL] GG495 [EXPTIME] 60.0 [Date] 2021-12-29T20:30:54 [Time] 20:30:54
207/267 2MASS_J08533619-0329321-20211229@203210-Eden.fts [TYPE] LIGHT [OBJ] 2MASS_J08533619-0329321 [RA] 08 53 36.1607 [Dec] -03 29 32.2013 [FIL] GG495 [EXPTIME] 60.0 [Date] 2021-12-29T20:32:10 [Time] 20:32:10
208/267 2MASS_J08533619-0329321-20211229@203326-Eden.fts [TYPE] LIGHT [OBJ] 2MASS_J08533619-0329321 [RA] 08 53 36.1607 [Dec] -03 29 32.2013 [FIL] GG495 [EXPTIME] 60.0 [Date] 2021-12-29T20:33:26 [Time] 20:33:26
209/267 2MASS_J08533619-0329321-20211229@203442-Eden.fts [TYPE] LIGHT [OBJ] 2MASS_J08533619-0329321 [RA] 08 53 36.1607 [Dec] -03 29 32.2013 [FIL] GG495 [EXPTIME] 60.0 [Date] 2021-12-29T20:34:42 [Time] 20:34:42
210/267 2MASS_J08533619-0329321-20211229@203558-Eden.fts [TYPE] LIGHT [OBJ] 2MASS_J08533619-0329321 [RA] 08 53 36.1607 [Dec] -03 29 32.2013 [FIL] GG495 [EXPTIME] 60.0 [Date] 2021-12-29T20:35:58 [Time] 20:35:58
211/267 2MASS_J08533619-0329321-20211229@203714-Eden.fts [TYPE] LIGHT [OBJ] 2MASS_J08533619-0329321 [RA] 08 53 36.1607 [Dec] -03 29 32.2013 [FIL] GG495 [EXPTIME] 60.0 [Date] 2021-12-29T20:37:14 [Time] 20:37:14
212/267 2MASS_J08533619-0329321-20211229@203830-Eden.fts [TYPE] LIGHT [OBJ] 2MASS_J08533619-0329321 [RA] 08 53 36.1607 [Dec] -03 29 32.2013 [FIL] GG495 [EXPTIME] 60.0 [Date] 2021-12-29T20:38:30 [Time] 20:38:30
213/267 2MASS_J08533619-0329321-20211229@203947-Eden.fts [TYPE] LIGHT [OBJ] 2MASS_J08533619-0329321 [RA] 08 53 36.1607 [Dec] -03 29 32.2013 [FIL] GG495 [EXPTIME] 60.0 [Date] 2021-12-29T20:39:47 [Time] 20:39:47
214/267 2MASS_J08533619-0329321-20211229@204105-Eden.fts [TYPE] LIGHT [OBJ] 2MASS_J08533619-0329321 [RA] 08 53 36.1607 [Dec] -03 29 32.2013 [FIL] GG495 [EXPTIME] 60.0 [Date] 2021-12-29T20:41:05 [Time] 20:41:05
215/267 2MASS_J08533619-0329321-20211229@204222-Eden.fts [TYPE] LIGHT [OBJ] 2MASS_J08533619-0329321 [RA] 08 53 36.1607 [Dec] -03 29 32.2013 [FIL] GG495 [EXPTIME] 60.0 [Date] 2021-12-29T20:42:22 [Time] 20:42:22
216/267 2MASS_J08533619-0329321-20211229@204339-Eden.fts [TYPE] LIGHT [OBJ] 2MASS_J08533619-0329321 [RA] 08 53 36.1607 [Dec] -03 29 32.2013 [FIL] GG495 [EXPTIME] 60.0 [Date] 2021-12-29T20:43:39 [Time] 20:43:39
217/267 2MASS_J08533619-0329321-20211229@204455-Eden.fts [TYPE] LIGHT [OBJ] 2MASS_J08533619-0329321 [RA] 08 53 36.1607 [Dec] -03 29 32.2013 [FIL] GG495 [EXPTIME] 60.0 [Date] 2021-12-29T20:44:55 [Time] 20:44:55
218/267 2MASS_J08533619-0329321-20211229@204611-Eden.fts [TYPE] LIGHT [OBJ] 2MASS_J08533619-0329321 [RA] 08 53 36.1607 [Dec] -03 29 32.2013 [FIL] GG495 [EXPTIME] 60.0 [Date] 2021-12-29T20:46:11 [Time] 20:46:11
219/267 2MASS_J08533619-0329321-20211229@204728-Eden.fts [TYPE] LIGHT [OBJ] 2MASS_J08533619-0329321 [RA] 08 53 36.1607 [Dec] -03 29 32.2013 [FIL] GG495 [EXPTIME] 60.0 [Date] 2021-12-29T20:47:28 [Time] 20:47:28
220/267 2MASS_J08533619-0329321-20211229@204845-Eden.fts [TYPE] LIGHT [OBJ] 2MASS_J08533619-0329321 [RA] 08 53 36.1607 [Dec] -03 29 32.2013 [FIL] GG495 [EXPTIME] 60.0 [Date] 2021-12-29T20:48:45 [Time] 20:48:45
221/267 2MASS_J08533619-0329321-20211229@205002-Eden.fts [TYPE] LIGHT [OBJ] 2MASS_J08533619-0329321 [RA] 08 53 36.1607 [Dec] -03 29 32.2013 [FIL] GG495 [EXPTIME] 60.0 [Date] 2021-12-29T20:50:02 [Time] 20:50:02
222/267 2MASS_J08533619-0329321-20211229@205118-Eden.fts [TYPE] LIGHT [OBJ] 2MASS_J08533619-0329321 [RA] 08 53 36.1607 [Dec] -03 29 32.2013 [FIL] GG495 [EXPTIME] 60.0 [Date] 2021-12-29T20:51:18 [Time] 20:51:18
223/267 2MASS_J08533619-0329321-20211229@205235-Eden.fts [TYPE] LIGHT [OBJ] 2MASS_J08533619-0329321 [RA] 08 53 36.1607 [Dec] -03 29 32.2013 [FIL] GG495 [EXPTIME] 60.0 [Date] 2021-12-29T20:52:35 [Time] 20:52:35
224/267 2MASS_J08533619-0329321-20211229@205352-Eden.fts [TYPE] LIGHT [OBJ] 2MASS_J08533619-0329321 [RA] 08 53 36.1607 [Dec] -03 29 32.2013 [FIL] GG495 [EXPTIME] 60.0 [Date] 2021-12-29T20:53:52 [Time] 20:53:52
225/267 2MASS_J08533619-0329321-20211229@205508-Eden.fts [TYPE] LIGHT [OBJ] 2MASS_J08533619-0329321 [RA] 08 53 36.1607 [Dec] -03 29 32.2013 [FIL] GG495 [EXPTIME] 60.0 [Date] 2021-12-29T20:55:08 [Time] 20:55:08
226/267 2MASS_J08533619-0329321-20211229@205625-Eden.fts [TYPE] LIGHT [OBJ] 2MASS_J08533619-0329321 [RA] 08 53 36.1607 [Dec] -03 29 32.2013 [FIL] GG495 [EXPTIME] 60.0 [Date] 2021-12-29T20:56:25 [Time] 20:56:25
227/267 2MASS_J08533619-0329321-20211229@205742-Eden.fts [TYPE] LIGHT [OBJ] 2MASS_J08533619-0329321 [RA] 08 53 36.1607 [Dec] -03 29 32.2013 [FIL] GG495 [EXPTIME] 60.0 [Date] 2021-12-29T20:57:42 [Time] 20:57:42
228/267 2MASS_J08533619-0329321-20211229@205859-Eden.fts [TYPE] LIGHT [OBJ] 2MASS_J08533619-0329321 [RA] 08 53 36.1607 [Dec] -03 29 32.2013 [FIL] GG495 [EXPTIME] 60.0 [Date] 2021-12-29T20:58:59 [Time] 20:58:59
229/267 2MASS_J08533619-0329321-20211229@210017-Eden.fts [TYPE] LIGHT [OBJ] 2MASS_J08533619-0329321 [RA] 08 53 36.1607 [Dec] -03 29 32.2013 [FIL] GG495 [EXPTIME] 60.0 [Date] 2021-12-29T21:00:17 [Time] 21:00:17
230/267 2MASS_J08533619-0329321-20211229@210133-Eden.fts [TYPE] LIGHT [OBJ] 2MASS_J08533619-0329321 [RA] 08 53 36.1607 [Dec] -03 29 32.2013 [FIL] GG495 [EXPTIME] 60.0 [Date] 2021-12-29T21:01:33 [Time] 21:01:33
231/267 2MASS_J08533619-0329321-20211229@210250-Eden.fts [TYPE] LIGHT [OBJ] 2MASS_J08533619-0329321 [RA] 08 53 36.1607 [Dec] -03 29 32.2013 [FIL] GG495 [EXPTIME] 60.0 [Date] 2021-12-29T21:02:50 [Time] 21:02:50
232/267 2MASS_J08533619-0329321-20211229@210406-Eden.fts [TYPE] LIGHT [OBJ] 2MASS_J08533619-0329321 [RA] 08 53 36.1607 [Dec] -03 29 32.2013 [FIL] GG495 [EXPTIME] 60.0 [Date] 2021-12-29T21:04:06 [Time] 21:04:06
233/267 2MASS_J08533619-0329321-20211229@210524-Eden.fts [TYPE] LIGHT [OBJ] 2MASS_J08533619-0329321 [RA] 08 53 36.1607 [Dec] -03 29 32.2013 [FIL] GG495 [EXPTIME] 60.0 [Date] 2021-12-29T21:05:24 [Time] 21:05:24
234/267 2MASS_J08533619-0329321-20211229@210641-Eden.fts [TYPE] LIGHT [OBJ] 2MASS_J08533619-0329321 [RA] 08 53 36.1607 [Dec] -03 29 32.2013 [FIL] GG495 [EXPTIME] 60.0 [Date] 2021-12-29T21:06:41 [Time] 21:06:41
235/267 2MASS_J08533619-0329321-20211229@210758-Eden.fts [TYPE] LIGHT [OBJ] 2MASS_J08533619-0329321 [RA] 08 53 36.1607 [Dec] -03 29 32.2013 [FIL] GG495 [EXPTIME] 60.0 [Date] 2021-12-29T21:07:58 [Time] 21:07:58
236/267 2MASS_J08533619-0329321-20211229@210914-Eden.fts [TYPE] LIGHT [OBJ] 2MASS_J08533619-0329321 [RA] 08 53 36.1607 [Dec] -03 29 32.2013 [FIL] GG495 [EXPTIME] 60.0 [Date] 2021-12-29T21:09:14 [Time] 21:09:14
237/267 2MASS_J08533619-0329321-20211229@211032-Eden.fts [TYPE] LIGHT [OBJ] 2MASS_J08533619-0329321 [RA] 08 53 36.1607 [Dec] -03 29 32.2013 [FIL] GG495 [EXPTIME] 60.0 [Date] 2021-12-29T21:10:32 [Time] 21:10:32
238/267 2MASS_J08533619-0329321-20211229@211148-Eden.fts [TYPE] LIGHT [OBJ] 2MASS_J08533619-0329321 [RA] 08 53 36.1607 [Dec] -03 29 32.2013 [FIL] GG495 [EXPTIME] 60.0 [Date] 2021-12-29T21:11:48 [Time] 21:11:48
239/267 2MASS_J08533619-0329321-20211229@211304-Eden.fts [TYPE] LIGHT [OBJ] 2MASS_J08533619-0329321 [RA] 08 53 36.1607 [Dec] -03 29 32.2013 [FIL] GG495 [EXPTIME] 60.0 [Date] 2021-12-29T21:13:04 [Time] 21:13:04
240/267 2MASS_J08533619-0329321-20211229@211420-Eden.fts [TYPE] LIGHT [OBJ] 2MASS_J08533619-0329321 [RA] 08 53 36.1607 [Dec] -03 29 32.2013 [FIL] GG495 [EXPTIME] 60.0 [Date] 2021-12-29T21:14:20 [Time] 21:14:20
241/267 2MASS_J08533619-0329321-20211229@211537-Eden.fts [TYPE] LIGHT [OBJ] 2MASS_J08533619-0329321 [RA] 08 53 36.1607 [Dec] -03 29 32.2013 [FIL] GG495 [EXPTIME] 60.0 [Date] 2021-12-29T21:15:37 [Time] 21:15:37
242/267 2MASS_J08533619-0329321-20211229@211653-Eden.fts [TYPE] LIGHT [OBJ] 2MASS_J08533619-0329321 [RA] 08 53 36.1607 [Dec] -03 29 32.2013 [FIL] GG495 [EXPTIME] 60.0 [Date] 2021-12-29T21:16:53 [Time] 21:16:53
243/267 2MASS_J08533619-0329321-20211229@211811-Eden.fts [TYPE] LIGHT [OBJ] 2MASS_J08533619-0329321 [RA] 08 53 36.1607 [Dec] -03 29 32.2013 [FIL] GG495 [EXPTIME] 60.0 [Date] 2021-12-29T21:18:11 [Time] 21:18:11
244/267 2MASS_J08533619-0329321-20211229@211927-Eden.fts [TYPE] LIGHT [OBJ] 2MASS_J08533619-0329321 [RA] 08 53 36.1607 [Dec] -03 29 32.2013 [FIL] GG495 [EXPTIME] 60.0 [Date] 2021-12-29T21:19:27 [Time] 21:19:27
245/267 2MASS_J08533619-0329321-20211229@212044-Eden.fts [TYPE] LIGHT [OBJ] 2MASS_J08533619-0329321 [RA] 08 53 36.1607 [Dec] -03 29 32.2013 [FIL] GG495 [EXPTIME] 60.0 [Date] 2021-12-29T21:20:44 [Time] 21:20:44
246/267 2MASS_J08533619-0329321-20211229@212201-Eden.fts [TYPE] LIGHT [OBJ] 2MASS_J08533619-0329321 [RA] 08 53 36.1607 [Dec] -03 29 32.2013 [FIL] GG495 [EXPTIME] 60.0 [Date] 2021-12-29T21:22:01 [Time] 21:22:01
247/267 2MASS_J08533619-0329321-20211229@212319-Eden.fts [TYPE] LIGHT [OBJ] 2MASS_J08533619-0329321 [RA] 08 53 36.1607 [Dec] -03 29 32.2013 [FIL] GG495 [EXPTIME] 60.0 [Date] 2021-12-29T21:23:19 [Time] 21:23:19
248/267 2MASS_J08533619-0329321-20211229@212435-Eden.fts [TYPE] LIGHT [OBJ] 2MASS_J08533619-0329321 [RA] 08 53 36.1607 [Dec] -03 29 32.2013 [FIL] GG495 [EXPTIME] 60.0 [Date] 2021-12-29T21:24:35 [Time] 21:24:35
249/267 2MASS_J08533619-0329321-20211229@212553-Eden.fts [TYPE] LIGHT [OBJ] 2MASS_J08533619-0329321 [RA] 08 53 36.1607 [Dec] -03 29 32.2013 [FIL] GG495 [EXPTIME] 60.0 [Date] 2021-12-29T21:25:53 [Time] 21:25:53
250/267 2MASS_J08533619-0329321-20211229@212708-Eden.fts [TYPE] LIGHT [OBJ] 2MASS_J08533619-0329321 [RA] 08 53 36.1607 [Dec] -03 29 32.2013 [FIL] GG495 [EXPTIME] 60.0 [Date] 2021-12-29T21:27:08 [Time] 21:27:08
251/267 2MASS_J08533619-0329321-20211229@212824-Eden.fts [TYPE] LIGHT [OBJ] 2MASS_J08533619-0329321 [RA] 08 53 36.1607 [Dec] -03 29 32.2013 [FIL] GG495 [EXPTIME] 60.0 [Date] 2021-12-29T21:28:24 [Time] 21:28:24
252/267 2MASS_J08533619-0329321-20211229@212940-Eden.fts [TYPE] LIGHT [OBJ] 2MASS_J08533619-0329321 [RA] 08 53 36.1607 [Dec] -03 29 32.2013 [FIL] GG495 [EXPTIME] 60.0 [Date] 2021-12-29T21:29:40 [Time] 21:29:40
253/267 2MASS_J08533619-0329321-20211229@213056-Eden.fts [TYPE] LIGHT [OBJ] 2MASS_J08533619-0329321 [RA] 08 53 36.1607 [Dec] -03 29 32.2013 [FIL] GG495 [EXPTIME] 60.0 [Date] 2021-12-29T21:30:56 [Time] 21:30:56
254/267 2MASS_J08533619-0329321-20211229@213212-Eden.fts [TYPE] LIGHT [OBJ] 2MASS_J08533619-0329321 [RA] 08 53 36.1607 [Dec] -03 29 32.2013 [FIL] GG495 [EXPTIME] 60.0 [Date] 2021-12-29T21:32:12 [Time] 21:32:12
255/267 2MASS_J08533619-0329321-20211229@213330-Eden.fts [TYPE] LIGHT [OBJ] 2MASS_J08533619-0329321 [RA] 08 53 36.1607 [Dec] -03 29 32.2013 [FIL] GG495 [EXPTIME] 60.0 [Date] 2021-12-29T21:33:30 [Time] 21:33:30
256/267 2MASS_J08533619-0329321-20211229@213446-Eden.fts [TYPE] LIGHT [OBJ] 2MASS_J08533619-0329321 [RA] 08 53 36.1607 [Dec] -03 29 32.2013 [FIL] GG495 [EXPTIME] 60.0 [Date] 2021-12-29T21:34:46 [Time] 21:34:46
257/267 2MASS_J08533619-0329321-20211229@213603-Eden.fts [TYPE] LIGHT [OBJ] 2MASS_J08533619-0329321 [RA] 08 53 36.1607 [Dec] -03 29 32.2013 [FIL] GG495 [EXPTIME] 60.0 [Date] 2021-12-29T21:36:03 [Time] 21:36:03
258/267 2MASS_J08533619-0329321-20211229@213719-Eden.fts [TYPE] LIGHT [OBJ] 2MASS_J08533619-0329321 [RA] 08 53 36.1607 [Dec] -03 29 32.2013 [FIL] GG495 [EXPTIME] 60.0 [Date] 2021-12-29T21:37:19 [Time] 21:37:19
259/267 2MASS_J08533619-0329321-20211229@213836-Eden.fts [TYPE] LIGHT [OBJ] 2MASS_J08533619-0329321 [RA] 08 53 36.1607 [Dec] -03 29 32.2013 [FIL] GG495 [EXPTIME] 60.0 [Date] 2021-12-29T21:38:36 [Time] 21:38:36
260/267 2MASS_J08533619-0329321-20211229@213955-Eden.fts [TYPE] LIGHT [OBJ] 2MASS_J08533619-0329321 [RA] 08 53 36.1607 [Dec] -03 29 32.2013 [FIL] GG495 [EXPTIME] 60.0 [Date] 2021-12-29T21:39:55 [Time] 21:39:55
261/267 2MASS_J08533619-0329321-20211229@214112-Eden.fts [TYPE] LIGHT [OBJ] 2MASS_J08533619-0329321 [RA] 08 53 36.1607 [Dec] -03 29 32.2013 [FIL] GG495 [EXPTIME] 60.0 [Date] 2021-12-29T21:41:12 [Time] 21:41:12
262/267 2MASS_J08533619-0329321-20211229@214229-Eden.fts [TYPE] LIGHT [OBJ] 2MASS_J08533619-0329321 [RA] 08 53 36.1607 [Dec] -03 29 32.2013 [FIL] GG495 [EXPTIME] 60.0 [Date] 2021-12-29T21:42:29 [Time] 21:42:29
263/267 2MASS_J08533619-0329321-20211229@214346-Eden.fts [TYPE] LIGHT [OBJ] 2MASS_J08533619-0329321 [RA] 08 53 36.1607 [Dec] -03 29 32.2013 [FIL] GG495 [EXPTIME] 60.0 [Date] 2021-12-29T21:43:46 [Time] 21:43:46
264/267 2MASS_J08533619-0329321-20211229@214502-Eden.fts [TYPE] LIGHT [OBJ] 2MASS_J08533619-0329321 [RA] 08 53 36.1607 [Dec] -03 29 32.2013 [FIL] GG495 [EXPTIME] 60.0 [Date] 2021-12-29T21:45:02 [Time] 21:45:02
265/267 2MASS_J08533619-0329321-20211229@214620-Eden.fts [TYPE] LIGHT [OBJ] 2MASS_J08533619-0329321 [RA] 08 53 36.1607 [Dec] -03 29 32.2013 [FIL] GG495 [EXPTIME] 60.0 [Date] 2021-12-29T21:46:20 [Time] 21:46:20
266/267 2MASS_J08533619-0329321-20211229@214737-Eden.fts [TYPE] LIGHT [OBJ] 2MASS_J08533619-0329321 [RA] 08 53 36.1607 [Dec] -03 29 32.2013 [FIL] GG495 [EXPTIME] 60.0 [Date] 2021-12-29T21:47:37 [Time] 21:47:37
267/267 2MASS_J08533619-0329321-20211229@214854-Eden.fts [TYPE] LIGHT [OBJ] 2MASS_J08533619-0329321 [RA] 08 53 36.1607 [Dec] -03 29 32.2013 [FIL] GG495 [EXPTIME] 60.0 [Date] 2021-12-29T21:48:54 [Time] 21:48:54
... write log file to LOT20211229_2MASS_J08533619-0329321_mod.log ...
... finish ...
