-----------------
input parameters
-----------------
['modify_header_eden.py']
Your will modify header for: LSPM_J0124+6819 [RA] 01 24 23.2347 [Dec] +68 19 31.2137 [Filter] GG495
---------------
folder: LOT20191106_J0124_cloud
will update fits in: LOT20191106_J0124_cloud_mod
 ---------------------------
 Exame Fits Header for Bias
 ---------------------------
find ./LOT20191106_J0124_cloud/bias-dark/ | grep 'fits\|fts'|sort 
found 0 Bias/Dark
no files in ./bias-dark/
 ---------------------------
 Exame Fits Header for Flat
 ---------------------------
find ./LOT20191106_J0124_cloud/ | grep flat/ |grep eden| grep -E 'fits|fts'|sort -t'-' -k2.4,2.6 
found 0 Flat
no files in ./flat/
 ---------------------------
 Update Fits Header for Science Target
 ---------------------------
find ./LOT20191106_J0124_cloud/wchen/ | cut -d / -f1-4| grep 'fits\|fts'  |sort -t'@' -k2
found 90 Target

... update header ...
1/90 J0124-20191106@103717-Eden.fts [TYPE] LIGHT [OBJ] LSPM_J0124+6819 [RA] 01 24 23.2347 [Dec] +68 19 31.2137 [FIL] GG495 [EXPTIME] 60.0 [Date] 2019-11-06T10:37:32 [Time] 10:37:32
2/90 J0124-20191106@103847-Eden.fts [TYPE] LIGHT [OBJ] LSPM_J0124+6819 [RA] 01 24 23.2347 [Dec] +68 19 31.2137 [FIL] GG495 [EXPTIME] 60.0 [Date] 2019-11-06T10:38:47 [Time] 10:38:47
3/90 J0124-20191106@104003-Eden.fts [TYPE] LIGHT [OBJ] LSPM_J0124+6819 [RA] 01 24 23.2347 [Dec] +68 19 31.2137 [FIL] GG495 [EXPTIME] 60.0 [Date] 2019-11-06T10:40:03 [Time] 10:40:03
4/90 J0124-20191106@104117-Eden.fts [TYPE] LIGHT [OBJ] LSPM_J0124+6819 [RA] 01 24 23.2347 [Dec] +68 19 31.2137 [FIL] GG495 [EXPTIME] 60.0 [Date] 2019-11-06T10:41:18 [Time] 10:41:18
5/90 J0124-20191106@104233-Eden.fts [TYPE] LIGHT [OBJ] LSPM_J0124+6819 [RA] 01 24 23.2347 [Dec] +68 19 31.2137 [FIL] GG495 [EXPTIME] 60.0 [Date] 2019-11-06T10:42:34 [Time] 10:42:34
6/90 J0124-20191106@104348-Eden.fts [TYPE] LIGHT [OBJ] LSPM_J0124+6819 [RA] 01 24 23.2347 [Dec] +68 19 31.2137 [FIL] GG495 [EXPTIME] 60.0 [Date] 2019-11-06T10:43:49 [Time] 10:43:49
7/90 J0124-20191106@104503-Eden.fts [TYPE] LIGHT [OBJ] LSPM_J0124+6819 [RA] 01 24 23.2347 [Dec] +68 19 31.2137 [FIL] GG495 [EXPTIME] 60.0 [Date] 2019-11-06T10:45:04 [Time] 10:45:04
8/90 J0124-20191106@104619-Eden.fts [TYPE] LIGHT [OBJ] LSPM_J0124+6819 [RA] 01 24 23.2347 [Dec] +68 19 31.2137 [FIL] GG495 [EXPTIME] 60.0 [Date] 2019-11-06T10:46:19 [Time] 10:46:19
9/90 J0124-20191106@104733-Eden.fts [TYPE] LIGHT [OBJ] LSPM_J0124+6819 [RA] 01 24 23.2347 [Dec] +68 19 31.2137 [FIL] GG495 [EXPTIME] 60.0 [Date] 2019-11-06T10:47:33 [Time] 10:47:33
10/90 J0124-20191106@104847-Eden.fts [TYPE] LIGHT [OBJ] LSPM_J0124+6819 [RA] 01 24 23.2347 [Dec] +68 19 31.2137 [FIL] GG495 [EXPTIME] 60.0 [Date] 2019-11-06T10:48:48 [Time] 10:48:48
11/90 J0124-20191106@105001-Eden.fts [TYPE] LIGHT [OBJ] LSPM_J0124+6819 [RA] 01 24 23.2347 [Dec] +68 19 31.2137 [FIL] GG495 [EXPTIME] 60.0 [Date] 2019-11-06T10:50:02 [Time] 10:50:02
12/90 J0124-20191106@105117-Eden.fts [TYPE] LIGHT [OBJ] LSPM_J0124+6819 [RA] 01 24 23.2347 [Dec] +68 19 31.2137 [FIL] GG495 [EXPTIME] 60.0 [Date] 2019-11-06T10:51:17 [Time] 10:51:17
13/90 J0124-20191106@105231-Eden.fts [TYPE] LIGHT [OBJ] LSPM_J0124+6819 [RA] 01 24 23.2347 [Dec] +68 19 31.2137 [FIL] GG495 [EXPTIME] 60.0 [Date] 2019-11-06T10:52:31 [Time] 10:52:31
14/90 J0124-20191106@105345-Eden.fts [TYPE] LIGHT [OBJ] LSPM_J0124+6819 [RA] 01 24 23.2347 [Dec] +68 19 31.2137 [FIL] GG495 [EXPTIME] 60.0 [Date] 2019-11-06T10:53:46 [Time] 10:53:46
15/90 J0124-20191106@105459-Eden.fts [TYPE] LIGHT [OBJ] LSPM_J0124+6819 [RA] 01 24 23.2347 [Dec] +68 19 31.2137 [FIL] GG495 [EXPTIME] 60.0 [Date] 2019-11-06T10:55:00 [Time] 10:55:00
16/90 J0124-20191106@105614-Eden.fts [TYPE] LIGHT [OBJ] LSPM_J0124+6819 [RA] 01 24 23.2347 [Dec] +68 19 31.2137 [FIL] GG495 [EXPTIME] 60.0 [Date] 2019-11-06T10:56:14 [Time] 10:56:14
17/90 J0124-20191106@105728-Eden.fts [TYPE] LIGHT [OBJ] LSPM_J0124+6819 [RA] 01 24 23.2347 [Dec] +68 19 31.2137 [FIL] GG495 [EXPTIME] 60.0 [Date] 2019-11-06T10:57:28 [Time] 10:57:28
18/90 J0124-20191106@105843-Eden.fts [TYPE] LIGHT [OBJ] LSPM_J0124+6819 [RA] 01 24 23.2347 [Dec] +68 19 31.2137 [FIL] GG495 [EXPTIME] 60.0 [Date] 2019-11-06T10:58:43 [Time] 10:58:43
19/90 J0124-20191106@105957-Eden.fts [TYPE] LIGHT [OBJ] LSPM_J0124+6819 [RA] 01 24 23.2347 [Dec] +68 19 31.2137 [FIL] GG495 [EXPTIME] 60.0 [Date] 2019-11-06T10:59:58 [Time] 10:59:58
20/90 J0124-20191106@110112-Eden.fts [TYPE] LIGHT [OBJ] LSPM_J0124+6819 [RA] 01 24 23.2347 [Dec] +68 19 31.2137 [FIL] GG495 [EXPTIME] 60.0 [Date] 2019-11-06T11:01:13 [Time] 11:01:13
21/90 J0124-20191106@110227-Eden.fts [TYPE] LIGHT [OBJ] LSPM_J0124+6819 [RA] 01 24 23.2347 [Dec] +68 19 31.2137 [FIL] GG495 [EXPTIME] 60.0 [Date] 2019-11-06T11:02:28 [Time] 11:02:28
22/90 J0124-20191106@110342-Eden.fts [TYPE] LIGHT [OBJ] LSPM_J0124+6819 [RA] 01 24 23.2347 [Dec] +68 19 31.2137 [FIL] GG495 [EXPTIME] 60.0 [Date] 2019-11-06T11:03:42 [Time] 11:03:42
23/90 J0124-20191106@110456-Eden.fts [TYPE] LIGHT [OBJ] LSPM_J0124+6819 [RA] 01 24 23.2347 [Dec] +68 19 31.2137 [FIL] GG495 [EXPTIME] 60.0 [Date] 2019-11-06T11:04:56 [Time] 11:04:56
24/90 J0124-20191106@110609-Eden.fts [TYPE] LIGHT [OBJ] LSPM_J0124+6819 [RA] 01 24 23.2347 [Dec] +68 19 31.2137 [FIL] GG495 [EXPTIME] 60.0 [Date] 2019-11-06T11:06:10 [Time] 11:06:10
25/90 J0124-20191106@110724-Eden.fts [TYPE] LIGHT [OBJ] LSPM_J0124+6819 [RA] 01 24 23.2347 [Dec] +68 19 31.2137 [FIL] GG495 [EXPTIME] 60.0 [Date] 2019-11-06T11:07:24 [Time] 11:07:24
26/90 J0124-20191106@110839-Eden.fts [TYPE] LIGHT [OBJ] LSPM_J0124+6819 [RA] 01 24 23.2347 [Dec] +68 19 31.2137 [FIL] GG495 [EXPTIME] 60.0 [Date] 2019-11-06T11:08:41 [Time] 11:08:41
27/90 J0124-20191106@110955-Eden.fts [TYPE] LIGHT [OBJ] LSPM_J0124+6819 [RA] 01 24 23.2347 [Dec] +68 19 31.2137 [FIL] GG495 [EXPTIME] 60.0 [Date] 2019-11-06T11:09:55 [Time] 11:09:55
28/90 J0124-20191106@111109-Eden.fts [TYPE] LIGHT [OBJ] LSPM_J0124+6819 [RA] 01 24 23.2347 [Dec] +68 19 31.2137 [FIL] GG495 [EXPTIME] 60.0 [Date] 2019-11-06T11:11:09 [Time] 11:11:09
29/90 J0124-20191106@111224-Eden.fts [TYPE] LIGHT [OBJ] LSPM_J0124+6819 [RA] 01 24 23.2347 [Dec] +68 19 31.2137 [FIL] GG495 [EXPTIME] 60.0 [Date] 2019-11-06T11:12:24 [Time] 11:12:24
30/90 J0124-20191106@111339-Eden.fts [TYPE] LIGHT [OBJ] LSPM_J0124+6819 [RA] 01 24 23.2347 [Dec] +68 19 31.2137 [FIL] GG495 [EXPTIME] 60.0 [Date] 2019-11-06T11:13:39 [Time] 11:13:39
31/90 J0124-20191106@111453-Eden.fts [TYPE] LIGHT [OBJ] LSPM_J0124+6819 [RA] 01 24 23.2347 [Dec] +68 19 31.2137 [FIL] GG495 [EXPTIME] 60.0 [Date] 2019-11-06T11:14:54 [Time] 11:14:54
32/90 J0124-20191106@111607-Eden.fts [TYPE] LIGHT [OBJ] LSPM_J0124+6819 [RA] 01 24 23.2347 [Dec] +68 19 31.2137 [FIL] GG495 [EXPTIME] 60.0 [Date] 2019-11-06T11:16:08 [Time] 11:16:08
33/90 J0124-20191106@111722-Eden.fts [TYPE] LIGHT [OBJ] LSPM_J0124+6819 [RA] 01 24 23.2347 [Dec] +68 19 31.2137 [FIL] GG495 [EXPTIME] 60.0 [Date] 2019-11-06T11:17:22 [Time] 11:17:22
34/90 J0124-20191106@111836-Eden.fts [TYPE] LIGHT [OBJ] LSPM_J0124+6819 [RA] 01 24 23.2347 [Dec] +68 19 31.2137 [FIL] GG495 [EXPTIME] 60.0 [Date] 2019-11-06T11:18:37 [Time] 11:18:37
35/90 J0124-20191106@111951-Eden.fts [TYPE] LIGHT [OBJ] LSPM_J0124+6819 [RA] 01 24 23.2347 [Dec] +68 19 31.2137 [FIL] GG495 [EXPTIME] 60.0 [Date] 2019-11-06T11:19:51 [Time] 11:19:51
36/90 J0124-20191106@112107-Eden.fts [TYPE] LIGHT [OBJ] LSPM_J0124+6819 [RA] 01 24 23.2347 [Dec] +68 19 31.2137 [FIL] GG495 [EXPTIME] 60.0 [Date] 2019-11-06T11:21:08 [Time] 11:21:08
37/90 J0124-20191106@112221-Eden.fts [TYPE] LIGHT [OBJ] LSPM_J0124+6819 [RA] 01 24 23.2347 [Dec] +68 19 31.2137 [FIL] GG495 [EXPTIME] 60.0 [Date] 2019-11-06T11:22:21 [Time] 11:22:21
38/90 J0124-20191106@112335-Eden.fts [TYPE] LIGHT [OBJ] LSPM_J0124+6819 [RA] 01 24 23.2347 [Dec] +68 19 31.2137 [FIL] GG495 [EXPTIME] 60.0 [Date] 2019-11-06T11:23:36 [Time] 11:23:36
39/90 J0124-20191106@112450-Eden.fts [TYPE] LIGHT [OBJ] LSPM_J0124+6819 [RA] 01 24 23.2347 [Dec] +68 19 31.2137 [FIL] GG495 [EXPTIME] 60.0 [Date] 2019-11-06T11:24:50 [Time] 11:24:50
40/90 J0124-20191106@112604-Eden.fts [TYPE] LIGHT [OBJ] LSPM_J0124+6819 [RA] 01 24 23.2347 [Dec] +68 19 31.2137 [FIL] GG495 [EXPTIME] 60.0 [Date] 2019-11-06T11:26:05 [Time] 11:26:05
41/90 J0124-20191106@112719-Eden.fts [TYPE] LIGHT [OBJ] LSPM_J0124+6819 [RA] 01 24 23.2347 [Dec] +68 19 31.2137 [FIL] GG495 [EXPTIME] 60.0 [Date] 2019-11-06T11:27:19 [Time] 11:27:19
42/90 J0124-20191106@112834-Eden.fts [TYPE] LIGHT [OBJ] LSPM_J0124+6819 [RA] 01 24 23.2347 [Dec] +68 19 31.2137 [FIL] GG495 [EXPTIME] 60.0 [Date] 2019-11-06T11:28:35 [Time] 11:28:35
43/90 J0124-20191106@112949-Eden.fts [TYPE] LIGHT [OBJ] LSPM_J0124+6819 [RA] 01 24 23.2347 [Dec] +68 19 31.2137 [FIL] GG495 [EXPTIME] 60.0 [Date] 2019-11-06T11:29:49 [Time] 11:29:49
44/90 J0124-20191106@113103-Eden.fts [TYPE] LIGHT [OBJ] LSPM_J0124+6819 [RA] 01 24 23.2347 [Dec] +68 19 31.2137 [FIL] GG495 [EXPTIME] 60.0 [Date] 2019-11-06T11:31:03 [Time] 11:31:03
45/90 J0124-20191106@113218-Eden.fts [TYPE] LIGHT [OBJ] LSPM_J0124+6819 [RA] 01 24 23.2347 [Dec] +68 19 31.2137 [FIL] GG495 [EXPTIME] 60.0 [Date] 2019-11-06T11:32:19 [Time] 11:32:19
46/90 J0124-20191106@113333-Eden.fts [TYPE] LIGHT [OBJ] LSPM_J0124+6819 [RA] 01 24 23.2347 [Dec] +68 19 31.2137 [FIL] GG495 [EXPTIME] 60.0 [Date] 2019-11-06T11:33:34 [Time] 11:33:34
47/90 J0124-20191106@113448-Eden.fts [TYPE] LIGHT [OBJ] LSPM_J0124+6819 [RA] 01 24 23.2347 [Dec] +68 19 31.2137 [FIL] GG495 [EXPTIME] 60.0 [Date] 2019-11-06T11:34:49 [Time] 11:34:49
48/90 J0124-20191106@113604-Eden.fts [TYPE] LIGHT [OBJ] LSPM_J0124+6819 [RA] 01 24 23.2347 [Dec] +68 19 31.2137 [FIL] GG495 [EXPTIME] 60.0 [Date] 2019-11-06T11:36:04 [Time] 11:36:04
49/90 J0124-20191106@113720-Eden.fts [TYPE] LIGHT [OBJ] LSPM_J0124+6819 [RA] 01 24 23.2347 [Dec] +68 19 31.2137 [FIL] GG495 [EXPTIME] 60.0 [Date] 2019-11-06T11:37:20 [Time] 11:37:20
50/90 J0124-20191106@113834-Eden.fts [TYPE] LIGHT [OBJ] LSPM_J0124+6819 [RA] 01 24 23.2347 [Dec] +68 19 31.2137 [FIL] GG495 [EXPTIME] 60.0 [Date] 2019-11-06T11:38:34 [Time] 11:38:34
51/90 J0124-20191106@113949-Eden.fts [TYPE] LIGHT [OBJ] LSPM_J0124+6819 [RA] 01 24 23.2347 [Dec] +68 19 31.2137 [FIL] GG495 [EXPTIME] 60.0 [Date] 2019-11-06T11:39:49 [Time] 11:39:49
52/90 J0124-20191106@114104-Eden.fts [TYPE] LIGHT [OBJ] LSPM_J0124+6819 [RA] 01 24 23.2347 [Dec] +68 19 31.2137 [FIL] GG495 [EXPTIME] 60.0 [Date] 2019-11-06T11:41:04 [Time] 11:41:04
53/90 J0124-20191106@114219-Eden.fts [TYPE] LIGHT [OBJ] LSPM_J0124+6819 [RA] 01 24 23.2347 [Dec] +68 19 31.2137 [FIL] GG495 [EXPTIME] 60.0 [Date] 2019-11-06T11:42:19 [Time] 11:42:19
54/90 J0124-20191106@114334-Eden.fts [TYPE] LIGHT [OBJ] LSPM_J0124+6819 [RA] 01 24 23.2347 [Dec] +68 19 31.2137 [FIL] GG495 [EXPTIME] 60.0 [Date] 2019-11-06T11:43:34 [Time] 11:43:34
55/90 J0124-20191106@114449-Eden.fts [TYPE] LIGHT [OBJ] LSPM_J0124+6819 [RA] 01 24 23.2347 [Dec] +68 19 31.2137 [FIL] GG495 [EXPTIME] 60.0 [Date] 2019-11-06T11:44:49 [Time] 11:44:49
56/90 J0124-20191106@114603-Eden.fts [TYPE] LIGHT [OBJ] LSPM_J0124+6819 [RA] 01 24 23.2347 [Dec] +68 19 31.2137 [FIL] GG495 [EXPTIME] 60.0 [Date] 2019-11-06T11:46:03 [Time] 11:46:03
57/90 J0124-20191106@114717-Eden.fts [TYPE] LIGHT [OBJ] LSPM_J0124+6819 [RA] 01 24 23.2347 [Dec] +68 19 31.2137 [FIL] GG495 [EXPTIME] 60.0 [Date] 2019-11-06T11:47:18 [Time] 11:47:18
58/90 J0124-20191106@114834-Eden.fts [TYPE] LIGHT [OBJ] LSPM_J0124+6819 [RA] 01 24 23.2347 [Dec] +68 19 31.2137 [FIL] GG495 [EXPTIME] 60.0 [Date] 2019-11-06T11:48:35 [Time] 11:48:35
59/90 J0124-20191106@114949-Eden.fts [TYPE] LIGHT [OBJ] LSPM_J0124+6819 [RA] 01 24 23.2347 [Dec] +68 19 31.2137 [FIL] GG495 [EXPTIME] 60.0 [Date] 2019-11-06T11:49:50 [Time] 11:49:50
60/90 J0124-20191106@115104-Eden.fts [TYPE] LIGHT [OBJ] LSPM_J0124+6819 [RA] 01 24 23.2347 [Dec] +68 19 31.2137 [FIL] GG495 [EXPTIME] 60.0 [Date] 2019-11-06T11:51:05 [Time] 11:51:05
61/90 J0124-20191106@115219-Eden.fts [TYPE] LIGHT [OBJ] LSPM_J0124+6819 [RA] 01 24 23.2347 [Dec] +68 19 31.2137 [FIL] GG495 [EXPTIME] 60.0 [Date] 2019-11-06T11:52:20 [Time] 11:52:20
62/90 J0124-20191106@115334-Eden.fts [TYPE] LIGHT [OBJ] LSPM_J0124+6819 [RA] 01 24 23.2347 [Dec] +68 19 31.2137 [FIL] GG495 [EXPTIME] 60.0 [Date] 2019-11-06T11:53:35 [Time] 11:53:35
63/90 J0124-20191106@115450-Eden.fts [TYPE] LIGHT [OBJ] LSPM_J0124+6819 [RA] 01 24 23.2347 [Dec] +68 19 31.2137 [FIL] GG495 [EXPTIME] 60.0 [Date] 2019-11-06T11:54:50 [Time] 11:54:50
64/90 J0124-20191106@115604-Eden.fts [TYPE] LIGHT [OBJ] LSPM_J0124+6819 [RA] 01 24 23.2347 [Dec] +68 19 31.2137 [FIL] GG495 [EXPTIME] 60.0 [Date] 2019-11-06T11:56:05 [Time] 11:56:05
65/90 J0124-20191106@115718-Eden.fts [TYPE] LIGHT [OBJ] LSPM_J0124+6819 [RA] 01 24 23.2347 [Dec] +68 19 31.2137 [FIL] GG495 [EXPTIME] 60.0 [Date] 2019-11-06T11:57:19 [Time] 11:57:19
66/90 J0124-20191106@115833-Eden.fts [TYPE] LIGHT [OBJ] LSPM_J0124+6819 [RA] 01 24 23.2347 [Dec] +68 19 31.2137 [FIL] GG495 [EXPTIME] 60.0 [Date] 2019-11-06T11:58:33 [Time] 11:58:33
67/90 J0124-20191106@115948-Eden.fts [TYPE] LIGHT [OBJ] LSPM_J0124+6819 [RA] 01 24 23.2347 [Dec] +68 19 31.2137 [FIL] GG495 [EXPTIME] 60.0 [Date] 2019-11-06T11:59:49 [Time] 11:59:49
68/90 J0124-20191106@120103-Eden.fts [TYPE] LIGHT [OBJ] LSPM_J0124+6819 [RA] 01 24 23.2347 [Dec] +68 19 31.2137 [FIL] GG495 [EXPTIME] 60.0 [Date] 2019-11-06T12:01:03 [Time] 12:01:03
69/90 J0124-20191106@120217-Eden.fts [TYPE] LIGHT [OBJ] LSPM_J0124+6819 [RA] 01 24 23.2347 [Dec] +68 19 31.2137 [FIL] GG495 [EXPTIME] 60.0 [Date] 2019-11-06T12:02:18 [Time] 12:02:18
70/90 J0124-20191106@120331-Eden.fts [TYPE] LIGHT [OBJ] LSPM_J0124+6819 [RA] 01 24 23.2347 [Dec] +68 19 31.2137 [FIL] GG495 [EXPTIME] 60.0 [Date] 2019-11-06T12:03:32 [Time] 12:03:32
71/90 J0124-20191106@120446-Eden.fts [TYPE] LIGHT [OBJ] LSPM_J0124+6819 [RA] 01 24 23.2347 [Dec] +68 19 31.2137 [FIL] GG495 [EXPTIME] 60.0 [Date] 2019-11-06T12:04:47 [Time] 12:04:47
72/90 J0124-20191106@120601-Eden.fts [TYPE] LIGHT [OBJ] LSPM_J0124+6819 [RA] 01 24 23.2347 [Dec] +68 19 31.2137 [FIL] GG495 [EXPTIME] 60.0 [Date] 2019-11-06T12:06:02 [Time] 12:06:02
73/90 J0124-20191106@120716-Eden.fts [TYPE] LIGHT [OBJ] LSPM_J0124+6819 [RA] 01 24 23.2347 [Dec] +68 19 31.2137 [FIL] GG495 [EXPTIME] 60.0 [Date] 2019-11-06T12:07:16 [Time] 12:07:16
74/90 J0124-20191106@120831-Eden.fts [TYPE] LIGHT [OBJ] LSPM_J0124+6819 [RA] 01 24 23.2347 [Dec] +68 19 31.2137 [FIL] GG495 [EXPTIME] 60.0 [Date] 2019-11-06T12:08:31 [Time] 12:08:31
75/90 J0124-20191106@120945-Eden.fts [TYPE] LIGHT [OBJ] LSPM_J0124+6819 [RA] 01 24 23.2347 [Dec] +68 19 31.2137 [FIL] GG495 [EXPTIME] 60.0 [Date] 2019-11-06T12:09:45 [Time] 12:09:45
76/90 J0124-20191106@121059-Eden.fts [TYPE] LIGHT [OBJ] LSPM_J0124+6819 [RA] 01 24 23.2347 [Dec] +68 19 31.2137 [FIL] GG495 [EXPTIME] 60.0 [Date] 2019-11-06T12:11:00 [Time] 12:11:00
77/90 J0124-20191106@121213-Eden.fts [TYPE] LIGHT [OBJ] LSPM_J0124+6819 [RA] 01 24 23.2347 [Dec] +68 19 31.2137 [FIL] GG495 [EXPTIME] 60.0 [Date] 2019-11-06T12:12:14 [Time] 12:12:14
78/90 J0124-20191106@121329-Eden.fts [TYPE] LIGHT [OBJ] LSPM_J0124+6819 [RA] 01 24 23.2347 [Dec] +68 19 31.2137 [FIL] GG495 [EXPTIME] 60.0 [Date] 2019-11-06T12:13:29 [Time] 12:13:29
79/90 J0124-20191106@121443-Eden.fts [TYPE] LIGHT [OBJ] LSPM_J0124+6819 [RA] 01 24 23.2347 [Dec] +68 19 31.2137 [FIL] GG495 [EXPTIME] 60.0 [Date] 2019-11-06T12:14:44 [Time] 12:14:44
80/90 J0124-20191106@121557-Eden.fts [TYPE] LIGHT [OBJ] LSPM_J0124+6819 [RA] 01 24 23.2347 [Dec] +68 19 31.2137 [FIL] GG495 [EXPTIME] 60.0 [Date] 2019-11-06T12:15:58 [Time] 12:15:58
81/90 J0124-20191106@121712-Eden.fts [TYPE] LIGHT [OBJ] LSPM_J0124+6819 [RA] 01 24 23.2347 [Dec] +68 19 31.2137 [FIL] GG495 [EXPTIME] 60.0 [Date] 2019-11-06T12:17:12 [Time] 12:17:12
82/90 J0124-20191106@121826-Eden.fts [TYPE] LIGHT [OBJ] LSPM_J0124+6819 [RA] 01 24 23.2347 [Dec] +68 19 31.2137 [FIL] GG495 [EXPTIME] 60.0 [Date] 2019-11-06T12:18:26 [Time] 12:18:26
83/90 J0124-20191106@121940-Eden.fts [TYPE] LIGHT [OBJ] LSPM_J0124+6819 [RA] 01 24 23.2347 [Dec] +68 19 31.2137 [FIL] GG495 [EXPTIME] 60.0 [Date] 2019-11-06T12:19:41 [Time] 12:19:41
84/90 J0124-20191106@122055-Eden.fts [TYPE] LIGHT [OBJ] LSPM_J0124+6819 [RA] 01 24 23.2347 [Dec] +68 19 31.2137 [FIL] GG495 [EXPTIME] 60.0 [Date] 2019-11-06T12:20:56 [Time] 12:20:56
85/90 J0124-20191106@122210-Eden.fts [TYPE] LIGHT [OBJ] LSPM_J0124+6819 [RA] 01 24 23.2347 [Dec] +68 19 31.2137 [FIL] GG495 [EXPTIME] 60.0 [Date] 2019-11-06T12:22:11 [Time] 12:22:11
86/90 J0124-20191106@122326-Eden.fts [TYPE] LIGHT [OBJ] LSPM_J0124+6819 [RA] 01 24 23.2347 [Dec] +68 19 31.2137 [FIL] GG495 [EXPTIME] 60.0 [Date] 2019-11-06T12:23:27 [Time] 12:23:27
87/90 J0124-20191106@122441-Eden.fts [TYPE] LIGHT [OBJ] LSPM_J0124+6819 [RA] 01 24 23.2347 [Dec] +68 19 31.2137 [FIL] GG495 [EXPTIME] 60.0 [Date] 2019-11-06T12:24:42 [Time] 12:24:42
88/90 J0124-20191106@122555-Eden.fts [TYPE] LIGHT [OBJ] LSPM_J0124+6819 [RA] 01 24 23.2347 [Dec] +68 19 31.2137 [FIL] GG495 [EXPTIME] 60.0 [Date] 2019-11-06T12:25:56 [Time] 12:25:56
89/90 J0124-20191106@122710-Eden.fts [TYPE] LIGHT [OBJ] LSPM_J0124+6819 [RA] 01 24 23.2347 [Dec] +68 19 31.2137 [FIL] GG495 [EXPTIME] 60.0 [Date] 2019-11-06T12:27:10 [Time] 12:27:10
90/90 J0124-20191106@122825-Eden.fts [TYPE] LIGHT [OBJ] LSPM_J0124+6819 [RA] 01 24 23.2347 [Dec] +68 19 31.2137 [FIL] GG495 [EXPTIME] 60.0 [Date] 2019-11-06T12:28:25 [Time] 12:28:25
... move updated fits files to LOT20191106_J0124_cloud_mod/ ...
... finish ...
