-----------------
input parameters
-----------------
['modify_header_name_eden.py', 'LOT20220705_2MASS_J20443743+1517352', '41']
Your will modify header for: 2MASS_J20443743+1517352 [RA] 20 44 37.4803 [Dec] +15 17 34.7815 [Filter] GG495
---------------
folder: LOT20220705_2MASS_J20443743+1517352
will update fits in: LOT20220705_2MASS_J20443743+1517352_mod
 ---------------------------
 Exame Fits Header for Bias
 ---------------------------
find ./LOT20220705_2MASS_J20443743+1517352/bias-dark/ | grep 'fits\|fts'|sort 
found 0 Bias/Dark
no files in ./bias-dark/
 ---------------------------
 Exame Fits Header for Flat
 ---------------------------
find ./LOT20220705_2MASS_J20443743+1517352/ | grep flat/ | grep -E 'fits|fts'|sort -t'-' -k2.4,2.6 
found 0 Flat
no files in ./flat/
 ---------------------------
 Exame Fits Header for Additional Dark for Flat
 ---------------------------
find ./LOT20220705_2MASS_J20443743+1517352/ | grep flat/ |grep dark| grep -E 'fits|fts'|sort -t'-' -k2.4,2.6 
found 0 Additional Dark for Flat
no additional dark for flat in ./flat/
 ---------------------------
 Modify filename for Science Target
 ---------------------------
... update header ...
1/154 2MASS_J20443743+1517352-20220705@162343-Eden.fts [TYPE] LIGHT [OBJ] 2MASS_J20443743+1517352 [RA] 20 44 37.4803 [Dec] +15 17 34.7815 [FIL] GG495 [EXPTIME] 60.0 [Date] 2022-07-05T16:23:43 [Time] 16:23:43
2/154 2MASS_J20443743+1517352-20220705@162501-Eden.fts [TYPE] LIGHT [OBJ] 2MASS_J20443743+1517352 [RA] 20 44 37.4803 [Dec] +15 17 34.7815 [FIL] GG495 [EXPTIME] 60.0 [Date] 2022-07-05T16:25:01 [Time] 16:25:01
3/154 2MASS_J20443743+1517352-20220705@162834-Eden.fts [TYPE] LIGHT [OBJ] 2MASS_J20443743+1517352 [RA] 20 44 37.4803 [Dec] +15 17 34.7815 [FIL] GG495 [EXPTIME] 60.0 [Date] 2022-07-05T16:28:34 [Time] 16:28:34
4/154 2MASS_J20443743+1517352-20220705@162952-Eden.fts [TYPE] LIGHT [OBJ] 2MASS_J20443743+1517352 [RA] 20 44 37.4803 [Dec] +15 17 34.7815 [FIL] GG495 [EXPTIME] 60.0 [Date] 2022-07-05T16:29:52 [Time] 16:29:52
5/154 2MASS_J20443743+1517352-20220705@163109-Eden.fts [TYPE] LIGHT [OBJ] 2MASS_J20443743+1517352 [RA] 20 44 37.4803 [Dec] +15 17 34.7815 [FIL] GG495 [EXPTIME] 60.0 [Date] 2022-07-05T16:31:09 [Time] 16:31:09
6/154 2MASS_J20443743+1517352-20220705@163226-Eden.fts [TYPE] LIGHT [OBJ] 2MASS_J20443743+1517352 [RA] 20 44 37.4803 [Dec] +15 17 34.7815 [FIL] GG495 [EXPTIME] 60.0 [Date] 2022-07-05T16:32:26 [Time] 16:32:26
7/154 2MASS_J20443743+1517352-20220705@163343-Eden.fts [TYPE] LIGHT [OBJ] 2MASS_J20443743+1517352 [RA] 20 44 37.4803 [Dec] +15 17 34.7815 [FIL] GG495 [EXPTIME] 60.0 [Date] 2022-07-05T16:33:43 [Time] 16:33:43
8/154 2MASS_J20443743+1517352-20220705@163500-Eden.fts [TYPE] LIGHT [OBJ] 2MASS_J20443743+1517352 [RA] 20 44 37.4803 [Dec] +15 17 34.7815 [FIL] GG495 [EXPTIME] 60.0 [Date] 2022-07-05T16:35:00 [Time] 16:35:00
9/154 2MASS_J20443743+1517352-20220705@163617-Eden.fts [TYPE] LIGHT [OBJ] 2MASS_J20443743+1517352 [RA] 20 44 37.4803 [Dec] +15 17 34.7815 [FIL] GG495 [EXPTIME] 60.0 [Date] 2022-07-05T16:36:17 [Time] 16:36:17
10/154 2MASS_J20443743+1517352-20220705@163735-Eden.fts [TYPE] LIGHT [OBJ] 2MASS_J20443743+1517352 [RA] 20 44 37.4803 [Dec] +15 17 34.7815 [FIL] GG495 [EXPTIME] 60.0 [Date] 2022-07-05T16:37:35 [Time] 16:37:35
11/154 2MASS_J20443743+1517352-20220705@163857-Eden.fts [TYPE] LIGHT [OBJ] 2MASS_J20443743+1517352 [RA] 20 44 37.4803 [Dec] +15 17 34.7815 [FIL] GG495 [EXPTIME] 60.0 [Date] 2022-07-05T16:38:57 [Time] 16:38:57
12/154 2MASS_J20443743+1517352-20220705@164014-Eden.fts [TYPE] LIGHT [OBJ] 2MASS_J20443743+1517352 [RA] 20 44 37.4803 [Dec] +15 17 34.7815 [FIL] GG495 [EXPTIME] 60.0 [Date] 2022-07-05T16:40:14 [Time] 16:40:14
13/154 2MASS_J20443743+1517352-20220705@164131-Eden.fts [TYPE] LIGHT [OBJ] 2MASS_J20443743+1517352 [RA] 20 44 37.4803 [Dec] +15 17 34.7815 [FIL] GG495 [EXPTIME] 60.0 [Date] 2022-07-05T16:41:31 [Time] 16:41:31
14/154 2MASS_J20443743+1517352-20220705@164249-Eden.fts [TYPE] LIGHT [OBJ] 2MASS_J20443743+1517352 [RA] 20 44 37.4803 [Dec] +15 17 34.7815 [FIL] GG495 [EXPTIME] 60.0 [Date] 2022-07-05T16:42:49 [Time] 16:42:49
15/154 2MASS_J20443743+1517352-20220705@164406-Eden.fts [TYPE] LIGHT [OBJ] 2MASS_J20443743+1517352 [RA] 20 44 37.4803 [Dec] +15 17 34.7815 [FIL] GG495 [EXPTIME] 60.0 [Date] 2022-07-05T16:44:06 [Time] 16:44:06
16/154 2MASS_J20443743+1517352-20220705@164523-Eden.fts [TYPE] LIGHT [OBJ] 2MASS_J20443743+1517352 [RA] 20 44 37.4803 [Dec] +15 17 34.7815 [FIL] GG495 [EXPTIME] 60.0 [Date] 2022-07-05T16:45:23 [Time] 16:45:23
17/154 2MASS_J20443743+1517352-20220705@164640-Eden.fts [TYPE] LIGHT [OBJ] 2MASS_J20443743+1517352 [RA] 20 44 37.4803 [Dec] +15 17 34.7815 [FIL] GG495 [EXPTIME] 60.0 [Date] 2022-07-05T16:46:40 [Time] 16:46:40
18/154 2MASS_J20443743+1517352-20220705@164758-Eden.fts [TYPE] LIGHT [OBJ] 2MASS_J20443743+1517352 [RA] 20 44 37.4803 [Dec] +15 17 34.7815 [FIL] GG495 [EXPTIME] 60.0 [Date] 2022-07-05T16:47:58 [Time] 16:47:58
19/154 2MASS_J20443743+1517352-20220705@164915-Eden.fts [TYPE] LIGHT [OBJ] 2MASS_J20443743+1517352 [RA] 20 44 37.4803 [Dec] +15 17 34.7815 [FIL] GG495 [EXPTIME] 60.0 [Date] 2022-07-05T16:49:15 [Time] 16:49:15
20/154 2MASS_J20443743+1517352-20220705@165032-Eden.fts [TYPE] LIGHT [OBJ] 2MASS_J20443743+1517352 [RA] 20 44 37.4803 [Dec] +15 17 34.7815 [FIL] GG495 [EXPTIME] 60.0 [Date] 2022-07-05T16:50:32 [Time] 16:50:32
21/154 2MASS_J20443743+1517352-20220705@165154-Eden.fts [TYPE] LIGHT [OBJ] 2MASS_J20443743+1517352 [RA] 20 44 37.4803 [Dec] +15 17 34.7815 [FIL] GG495 [EXPTIME] 60.0 [Date] 2022-07-05T16:51:54 [Time] 16:51:54
22/154 2MASS_J20443743+1517352-20220705@165312-Eden.fts [TYPE] LIGHT [OBJ] 2MASS_J20443743+1517352 [RA] 20 44 37.4803 [Dec] +15 17 34.7815 [FIL] GG495 [EXPTIME] 60.0 [Date] 2022-07-05T16:53:12 [Time] 16:53:12
23/154 2MASS_J20443743+1517352-20220705@165429-Eden.fts [TYPE] LIGHT [OBJ] 2MASS_J20443743+1517352 [RA] 20 44 37.4803 [Dec] +15 17 34.7815 [FIL] GG495 [EXPTIME] 60.0 [Date] 2022-07-05T16:54:29 [Time] 16:54:29
24/154 2MASS_J20443743+1517352-20220705@165547-Eden.fts [TYPE] LIGHT [OBJ] 2MASS_J20443743+1517352 [RA] 20 44 37.4803 [Dec] +15 17 34.7815 [FIL] GG495 [EXPTIME] 60.0 [Date] 2022-07-05T16:55:47 [Time] 16:55:47
25/154 2MASS_J20443743+1517352-20220705@165704-Eden.fts [TYPE] LIGHT [OBJ] 2MASS_J20443743+1517352 [RA] 20 44 37.4803 [Dec] +15 17 34.7815 [FIL] GG495 [EXPTIME] 60.0 [Date] 2022-07-05T16:57:04 [Time] 16:57:04
26/154 2MASS_J20443743+1517352-20220705@165821-Eden.fts [TYPE] LIGHT [OBJ] 2MASS_J20443743+1517352 [RA] 20 44 37.4803 [Dec] +15 17 34.7815 [FIL] GG495 [EXPTIME] 60.0 [Date] 2022-07-05T16:58:21 [Time] 16:58:21
27/154 2MASS_J20443743+1517352-20220705@165939-Eden.fts [TYPE] LIGHT [OBJ] 2MASS_J20443743+1517352 [RA] 20 44 37.4803 [Dec] +15 17 34.7815 [FIL] GG495 [EXPTIME] 60.0 [Date] 2022-07-05T16:59:39 [Time] 16:59:39
28/154 2MASS_J20443743+1517352-20220705@170057-Eden.fts [TYPE] LIGHT [OBJ] 2MASS_J20443743+1517352 [RA] 20 44 37.4803 [Dec] +15 17 34.7815 [FIL] GG495 [EXPTIME] 60.0 [Date] 2022-07-05T17:00:57 [Time] 17:00:57
29/154 2MASS_J20443743+1517352-20220705@170214-Eden.fts [TYPE] LIGHT [OBJ] 2MASS_J20443743+1517352 [RA] 20 44 37.4803 [Dec] +15 17 34.7815 [FIL] GG495 [EXPTIME] 60.0 [Date] 2022-07-05T17:02:14 [Time] 17:02:14
30/154 2MASS_J20443743+1517352-20220705@170332-Eden.fts [TYPE] LIGHT [OBJ] 2MASS_J20443743+1517352 [RA] 20 44 37.4803 [Dec] +15 17 34.7815 [FIL] GG495 [EXPTIME] 60.0 [Date] 2022-07-05T17:03:32 [Time] 17:03:32
31/154 2MASS_J20443743+1517352-20220705@170454-Eden.fts [TYPE] LIGHT [OBJ] 2MASS_J20443743+1517352 [RA] 20 44 37.4803 [Dec] +15 17 34.7815 [FIL] GG495 [EXPTIME] 60.0 [Date] 2022-07-05T17:04:54 [Time] 17:04:54
32/154 2MASS_J20443743+1517352-20220705@170611-Eden.fts [TYPE] LIGHT [OBJ] 2MASS_J20443743+1517352 [RA] 20 44 37.4803 [Dec] +15 17 34.7815 [FIL] GG495 [EXPTIME] 60.0 [Date] 2022-07-05T17:06:11 [Time] 17:06:11
33/154 2MASS_J20443743+1517352-20220705@170728-Eden.fts [TYPE] LIGHT [OBJ] 2MASS_J20443743+1517352 [RA] 20 44 37.4803 [Dec] +15 17 34.7815 [FIL] GG495 [EXPTIME] 60.0 [Date] 2022-07-05T17:07:28 [Time] 17:07:28
34/154 2MASS_J20443743+1517352-20220705@170845-Eden.fts [TYPE] LIGHT [OBJ] 2MASS_J20443743+1517352 [RA] 20 44 37.4803 [Dec] +15 17 34.7815 [FIL] GG495 [EXPTIME] 60.0 [Date] 2022-07-05T17:08:45 [Time] 17:08:45
35/154 2MASS_J20443743+1517352-20220705@171002-Eden.fts [TYPE] LIGHT [OBJ] 2MASS_J20443743+1517352 [RA] 20 44 37.4803 [Dec] +15 17 34.7815 [FIL] GG495 [EXPTIME] 60.0 [Date] 2022-07-05T17:10:02 [Time] 17:10:02
36/154 2MASS_J20443743+1517352-20220705@171119-Eden.fts [TYPE] LIGHT [OBJ] 2MASS_J20443743+1517352 [RA] 20 44 37.4803 [Dec] +15 17 34.7815 [FIL] GG495 [EXPTIME] 60.0 [Date] 2022-07-05T17:11:19 [Time] 17:11:19
37/154 2MASS_J20443743+1517352-20220705@171235-Eden.fts [TYPE] LIGHT [OBJ] 2MASS_J20443743+1517352 [RA] 20 44 37.4803 [Dec] +15 17 34.7815 [FIL] GG495 [EXPTIME] 60.0 [Date] 2022-07-05T17:12:35 [Time] 17:12:35
38/154 2MASS_J20443743+1517352-20220705@171352-Eden.fts [TYPE] LIGHT [OBJ] 2MASS_J20443743+1517352 [RA] 20 44 37.4803 [Dec] +15 17 34.7815 [FIL] GG495 [EXPTIME] 60.0 [Date] 2022-07-05T17:13:52 [Time] 17:13:52
39/154 2MASS_J20443743+1517352-20220705@171510-Eden.fts [TYPE] LIGHT [OBJ] 2MASS_J20443743+1517352 [RA] 20 44 37.4803 [Dec] +15 17 34.7815 [FIL] GG495 [EXPTIME] 60.0 [Date] 2022-07-05T17:15:10 [Time] 17:15:10
40/154 2MASS_J20443743+1517352-20220705@171628-Eden.fts [TYPE] LIGHT [OBJ] 2MASS_J20443743+1517352 [RA] 20 44 37.4803 [Dec] +15 17 34.7815 [FIL] GG495 [EXPTIME] 60.0 [Date] 2022-07-05T17:16:28 [Time] 17:16:28
41/154 2MASS_J20443743+1517352-20220705@171750-Eden.fts [TYPE] LIGHT [OBJ] 2MASS_J20443743+1517352 [RA] 20 44 37.4803 [Dec] +15 17 34.7815 [FIL] GG495 [EXPTIME] 60.0 [Date] 2022-07-05T17:17:50 [Time] 17:17:50
42/154 2MASS_J20443743+1517352-20220705@171907-Eden.fts [TYPE] LIGHT [OBJ] 2MASS_J20443743+1517352 [RA] 20 44 37.4803 [Dec] +15 17 34.7815 [FIL] GG495 [EXPTIME] 60.0 [Date] 2022-07-05T17:19:07 [Time] 17:19:07
43/154 2MASS_J20443743+1517352-20220705@172024-Eden.fts [TYPE] LIGHT [OBJ] 2MASS_J20443743+1517352 [RA] 20 44 37.4803 [Dec] +15 17 34.7815 [FIL] GG495 [EXPTIME] 60.0 [Date] 2022-07-05T17:20:24 [Time] 17:20:24
44/154 2MASS_J20443743+1517352-20220705@172142-Eden.fts [TYPE] LIGHT [OBJ] 2MASS_J20443743+1517352 [RA] 20 44 37.4803 [Dec] +15 17 34.7815 [FIL] GG495 [EXPTIME] 60.0 [Date] 2022-07-05T17:21:42 [Time] 17:21:42
45/154 2MASS_J20443743+1517352-20220705@172259-Eden.fts [TYPE] LIGHT [OBJ] 2MASS_J20443743+1517352 [RA] 20 44 37.4803 [Dec] +15 17 34.7815 [FIL] GG495 [EXPTIME] 60.0 [Date] 2022-07-05T17:22:59 [Time] 17:22:59
46/154 2MASS_J20443743+1517352-20220705@172417-Eden.fts [TYPE] LIGHT [OBJ] 2MASS_J20443743+1517352 [RA] 20 44 37.4803 [Dec] +15 17 34.7815 [FIL] GG495 [EXPTIME] 60.0 [Date] 2022-07-05T17:24:17 [Time] 17:24:17
47/154 2MASS_J20443743+1517352-20220705@172535-Eden.fts [TYPE] LIGHT [OBJ] 2MASS_J20443743+1517352 [RA] 20 44 37.4803 [Dec] +15 17 34.7815 [FIL] GG495 [EXPTIME] 60.0 [Date] 2022-07-05T17:25:35 [Time] 17:25:35
48/154 2MASS_J20443743+1517352-20220705@172653-Eden.fts [TYPE] LIGHT [OBJ] 2MASS_J20443743+1517352 [RA] 20 44 37.4803 [Dec] +15 17 34.7815 [FIL] GG495 [EXPTIME] 60.0 [Date] 2022-07-05T17:26:53 [Time] 17:26:53
49/154 2MASS_J20443743+1517352-20220705@172810-Eden.fts [TYPE] LIGHT [OBJ] 2MASS_J20443743+1517352 [RA] 20 44 37.4803 [Dec] +15 17 34.7815 [FIL] GG495 [EXPTIME] 60.0 [Date] 2022-07-05T17:28:10 [Time] 17:28:10
50/154 2MASS_J20443743+1517352-20220705@172927-Eden.fts [TYPE] LIGHT [OBJ] 2MASS_J20443743+1517352 [RA] 20 44 37.4803 [Dec] +15 17 34.7815 [FIL] GG495 [EXPTIME] 60.0 [Date] 2022-07-05T17:29:27 [Time] 17:29:27
51/154 2MASS_J20443743+1517352-20220705@173049-Eden.fts [TYPE] LIGHT [OBJ] 2MASS_J20443743+1517352 [RA] 20 44 37.4803 [Dec] +15 17 34.7815 [FIL] GG495 [EXPTIME] 60.0 [Date] 2022-07-05T17:30:49 [Time] 17:30:49
52/154 2MASS_J20443743+1517352-20220705@173207-Eden.fts [TYPE] LIGHT [OBJ] 2MASS_J20443743+1517352 [RA] 20 44 37.4803 [Dec] +15 17 34.7815 [FIL] GG495 [EXPTIME] 60.0 [Date] 2022-07-05T17:32:07 [Time] 17:32:07
53/154 2MASS_J20443743+1517352-20220705@173325-Eden.fts [TYPE] LIGHT [OBJ] 2MASS_J20443743+1517352 [RA] 20 44 37.4803 [Dec] +15 17 34.7815 [FIL] GG495 [EXPTIME] 60.0 [Date] 2022-07-05T17:33:25 [Time] 17:33:25
54/154 2MASS_J20443743+1517352-20220705@173443-Eden.fts [TYPE] LIGHT [OBJ] 2MASS_J20443743+1517352 [RA] 20 44 37.4803 [Dec] +15 17 34.7815 [FIL] GG495 [EXPTIME] 60.0 [Date] 2022-07-05T17:34:43 [Time] 17:34:43
55/154 2MASS_J20443743+1517352-20220705@173601-Eden.fts [TYPE] LIGHT [OBJ] 2MASS_J20443743+1517352 [RA] 20 44 37.4803 [Dec] +15 17 34.7815 [FIL] GG495 [EXPTIME] 60.0 [Date] 2022-07-05T17:36:01 [Time] 17:36:01
56/154 2MASS_J20443743+1517352-20220705@174013-Eden.fts [TYPE] LIGHT [OBJ] 2MASS_J20443743+1517352 [RA] 20 44 37.4803 [Dec] +15 17 34.7815 [FIL] GG495 [EXPTIME] 60.0 [Date] 2022-07-05T17:40:13 [Time] 17:40:13
57/154 2MASS_J20443743+1517352-20220705@174132-Eden.fts [TYPE] LIGHT [OBJ] 2MASS_J20443743+1517352 [RA] 20 44 37.4803 [Dec] +15 17 34.7815 [FIL] GG495 [EXPTIME] 60.0 [Date] 2022-07-05T17:41:32 [Time] 17:41:32
58/154 2MASS_J20443743+1517352-20220705@174249-Eden.fts [TYPE] LIGHT [OBJ] 2MASS_J20443743+1517352 [RA] 20 44 37.4803 [Dec] +15 17 34.7815 [FIL] GG495 [EXPTIME] 60.0 [Date] 2022-07-05T17:42:49 [Time] 17:42:49
59/154 2MASS_J20443743+1517352-20220705@174405-Eden.fts [TYPE] LIGHT [OBJ] 2MASS_J20443743+1517352 [RA] 20 44 37.4803 [Dec] +15 17 34.7815 [FIL] GG495 [EXPTIME] 60.0 [Date] 2022-07-05T17:44:05 [Time] 17:44:05
60/154 2MASS_J20443743+1517352-20220705@174523-Eden.fts [TYPE] LIGHT [OBJ] 2MASS_J20443743+1517352 [RA] 20 44 37.4803 [Dec] +15 17 34.7815 [FIL] GG495 [EXPTIME] 60.0 [Date] 2022-07-05T17:45:23 [Time] 17:45:23
61/154 2MASS_J20443743+1517352-20220705@174641-Eden.fts [TYPE] LIGHT [OBJ] 2MASS_J20443743+1517352 [RA] 20 44 37.4803 [Dec] +15 17 34.7815 [FIL] GG495 [EXPTIME] 60.0 [Date] 2022-07-05T17:46:41 [Time] 17:46:41
62/154 2MASS_J20443743+1517352-20220705@174758-Eden.fts [TYPE] LIGHT [OBJ] 2MASS_J20443743+1517352 [RA] 20 44 37.4803 [Dec] +15 17 34.7815 [FIL] GG495 [EXPTIME] 60.0 [Date] 2022-07-05T17:47:58 [Time] 17:47:58
63/154 2MASS_J20443743+1517352-20220705@174915-Eden.fts [TYPE] LIGHT [OBJ] 2MASS_J20443743+1517352 [RA] 20 44 37.4803 [Dec] +15 17 34.7815 [FIL] GG495 [EXPTIME] 60.0 [Date] 2022-07-05T17:49:15 [Time] 17:49:15
64/154 2MASS_J20443743+1517352-20220705@175032-Eden.fts [TYPE] LIGHT [OBJ] 2MASS_J20443743+1517352 [RA] 20 44 37.4803 [Dec] +15 17 34.7815 [FIL] GG495 [EXPTIME] 60.0 [Date] 2022-07-05T17:50:32 [Time] 17:50:32
65/154 2MASS_J20443743+1517352-20220705@175150-Eden.fts [TYPE] LIGHT [OBJ] 2MASS_J20443743+1517352 [RA] 20 44 37.4803 [Dec] +15 17 34.7815 [FIL] GG495 [EXPTIME] 60.0 [Date] 2022-07-05T17:51:50 [Time] 17:51:50
66/154 2MASS_J20443743+1517352-20220705@175312-Eden.fts [TYPE] LIGHT [OBJ] 2MASS_J20443743+1517352 [RA] 20 44 37.4803 [Dec] +15 17 34.7815 [FIL] GG495 [EXPTIME] 60.0 [Date] 2022-07-05T17:53:12 [Time] 17:53:12
67/154 2MASS_J20443743+1517352-20220705@175430-Eden.fts [TYPE] LIGHT [OBJ] 2MASS_J20443743+1517352 [RA] 20 44 37.4803 [Dec] +15 17 34.7815 [FIL] GG495 [EXPTIME] 60.0 [Date] 2022-07-05T17:54:30 [Time] 17:54:30
68/154 2MASS_J20443743+1517352-20220705@175548-Eden.fts [TYPE] LIGHT [OBJ] 2MASS_J20443743+1517352 [RA] 20 44 37.4803 [Dec] +15 17 34.7815 [FIL] GG495 [EXPTIME] 60.0 [Date] 2022-07-05T17:55:48 [Time] 17:55:48
69/154 2MASS_J20443743+1517352-20220705@175706-Eden.fts [TYPE] LIGHT [OBJ] 2MASS_J20443743+1517352 [RA] 20 44 37.4803 [Dec] +15 17 34.7815 [FIL] GG495 [EXPTIME] 60.0 [Date] 2022-07-05T17:57:06 [Time] 17:57:06
70/154 2MASS_J20443743+1517352-20220705@175823-Eden.fts [TYPE] LIGHT [OBJ] 2MASS_J20443743+1517352 [RA] 20 44 37.4803 [Dec] +15 17 34.7815 [FIL] GG495 [EXPTIME] 60.0 [Date] 2022-07-05T17:58:23 [Time] 17:58:23
71/154 2MASS_J20443743+1517352-20220705@175940-Eden.fts [TYPE] LIGHT [OBJ] 2MASS_J20443743+1517352 [RA] 20 44 37.4803 [Dec] +15 17 34.7815 [FIL] GG495 [EXPTIME] 60.0 [Date] 2022-07-05T17:59:40 [Time] 17:59:40
72/154 2MASS_J20443743+1517352-20220705@180057-Eden.fts [TYPE] LIGHT [OBJ] 2MASS_J20443743+1517352 [RA] 20 44 37.4803 [Dec] +15 17 34.7815 [FIL] GG495 [EXPTIME] 60.0 [Date] 2022-07-05T18:00:57 [Time] 18:00:57
73/154 2MASS_J20443743+1517352-20220705@180214-Eden.fts [TYPE] LIGHT [OBJ] 2MASS_J20443743+1517352 [RA] 20 44 37.4803 [Dec] +15 17 34.7815 [FIL] GG495 [EXPTIME] 60.0 [Date] 2022-07-05T18:02:14 [Time] 18:02:14
74/154 2MASS_J20443743+1517352-20220705@180331-Eden.fts [TYPE] LIGHT [OBJ] 2MASS_J20443743+1517352 [RA] 20 44 37.4803 [Dec] +15 17 34.7815 [FIL] GG495 [EXPTIME] 60.0 [Date] 2022-07-05T18:03:31 [Time] 18:03:31
75/154 2MASS_J20443743+1517352-20220705@180448-Eden.fts [TYPE] LIGHT [OBJ] 2MASS_J20443743+1517352 [RA] 20 44 37.4803 [Dec] +15 17 34.7815 [FIL] GG495 [EXPTIME] 60.0 [Date] 2022-07-05T18:04:48 [Time] 18:04:48
76/154 2MASS_J20443743+1517352-20220705@181030-Eden.fts [TYPE] LIGHT [OBJ] 2MASS_J20443743+1517352 [RA] 20 44 37.4803 [Dec] +15 17 34.7815 [FIL] GG495 [EXPTIME] 60.0 [Date] 2022-07-05T18:10:30 [Time] 18:10:30
77/154 2MASS_J20443743+1517352-20220705@181149-Eden.fts [TYPE] LIGHT [OBJ] 2MASS_J20443743+1517352 [RA] 20 44 37.4803 [Dec] +15 17 34.7815 [FIL] GG495 [EXPTIME] 60.0 [Date] 2022-07-05T18:11:49 [Time] 18:11:49
78/154 2MASS_J20443743+1517352-20220705@181306-Eden.fts [TYPE] LIGHT [OBJ] 2MASS_J20443743+1517352 [RA] 20 44 37.4803 [Dec] +15 17 34.7815 [FIL] GG495 [EXPTIME] 60.0 [Date] 2022-07-05T18:13:06 [Time] 18:13:06
79/154 2MASS_J20443743+1517352-20220705@181423-Eden.fts [TYPE] LIGHT [OBJ] 2MASS_J20443743+1517352 [RA] 20 44 37.4803 [Dec] +15 17 34.7815 [FIL] GG495 [EXPTIME] 60.0 [Date] 2022-07-05T18:14:23 [Time] 18:14:23
80/154 2MASS_J20443743+1517352-20220705@181744-Eden.fts [TYPE] LIGHT [OBJ] 2MASS_J20443743+1517352 [RA] 20 44 37.4803 [Dec] +15 17 34.7815 [FIL] GG495 [EXPTIME] 60.0 [Date] 2022-07-05T18:17:44 [Time] 18:17:44
81/154 2MASS_J20443743+1517352-20220705@182136-Eden.fts [TYPE] LIGHT [OBJ] 2MASS_J20443743+1517352 [RA] 20 44 37.4803 [Dec] +15 17 34.7815 [FIL] GG495 [EXPTIME] 60.0 [Date] 2022-07-05T18:21:36 [Time] 18:21:36
82/154 2MASS_J20443743+1517352-20220705@182435-Eden.fts [TYPE] LIGHT [OBJ] 2MASS_J20443743+1517352 [RA] 20 44 37.4803 [Dec] +15 17 34.7815 [FIL] GG495 [EXPTIME] 60.0 [Date] 2022-07-05T18:24:35 [Time] 18:24:35
83/154 2MASS_J20443743+1517352-20220705@182553-Eden.fts [TYPE] LIGHT [OBJ] 2MASS_J20443743+1517352 [RA] 20 44 37.4803 [Dec] +15 17 34.7815 [FIL] GG495 [EXPTIME] 60.0 [Date] 2022-07-05T18:25:53 [Time] 18:25:53
84/154 2MASS_J20443743+1517352-20220705@182711-Eden.fts [TYPE] LIGHT [OBJ] 2MASS_J20443743+1517352 [RA] 20 44 37.4803 [Dec] +15 17 34.7815 [FIL] GG495 [EXPTIME] 60.0 [Date] 2022-07-05T18:27:11 [Time] 18:27:11
85/154 2MASS_J20443743+1517352-20220705@182827-Eden.fts [TYPE] LIGHT [OBJ] 2MASS_J20443743+1517352 [RA] 20 44 37.4803 [Dec] +15 17 34.7815 [FIL] GG495 [EXPTIME] 60.0 [Date] 2022-07-05T18:28:27 [Time] 18:28:27
86/154 2MASS_J20443743+1517352-20220705@182951-Eden.fts [TYPE] LIGHT [OBJ] 2MASS_J20443743+1517352 [RA] 20 44 37.4803 [Dec] +15 17 34.7815 [FIL] GG495 [EXPTIME] 60.0 [Date] 2022-07-05T18:29:51 [Time] 18:29:51
87/154 2MASS_J20443743+1517352-20220705@183108-Eden.fts [TYPE] LIGHT [OBJ] 2MASS_J20443743+1517352 [RA] 20 44 37.4803 [Dec] +15 17 34.7815 [FIL] GG495 [EXPTIME] 60.0 [Date] 2022-07-05T18:31:08 [Time] 18:31:08
88/154 2MASS_J20443743+1517352-20220705@183226-Eden.fts [TYPE] LIGHT [OBJ] 2MASS_J20443743+1517352 [RA] 20 44 37.4803 [Dec] +15 17 34.7815 [FIL] GG495 [EXPTIME] 60.0 [Date] 2022-07-05T18:32:26 [Time] 18:32:26
89/154 2MASS_J20443743+1517352-20220705@183343-Eden.fts [TYPE] LIGHT [OBJ] 2MASS_J20443743+1517352 [RA] 20 44 37.4803 [Dec] +15 17 34.7815 [FIL] GG495 [EXPTIME] 60.0 [Date] 2022-07-05T18:33:43 [Time] 18:33:43
90/154 2MASS_J20443743+1517352-20220705@183503-Eden.fts [TYPE] LIGHT [OBJ] 2MASS_J20443743+1517352 [RA] 20 44 37.4803 [Dec] +15 17 34.7815 [FIL] GG495 [EXPTIME] 60.0 [Date] 2022-07-05T18:35:03 [Time] 18:35:03
91/154 2MASS_J20443743+1517352-20220705@183620-Eden.fts [TYPE] LIGHT [OBJ] 2MASS_J20443743+1517352 [RA] 20 44 37.4803 [Dec] +15 17 34.7815 [FIL] GG495 [EXPTIME] 60.0 [Date] 2022-07-05T18:36:20 [Time] 18:36:20
92/154 2MASS_J20443743+1517352-20220705@183736-Eden.fts [TYPE] LIGHT [OBJ] 2MASS_J20443743+1517352 [RA] 20 44 37.4803 [Dec] +15 17 34.7815 [FIL] GG495 [EXPTIME] 60.0 [Date] 2022-07-05T18:37:36 [Time] 18:37:36
93/154 2MASS_J20443743+1517352-20220705@183853-Eden.fts [TYPE] LIGHT [OBJ] 2MASS_J20443743+1517352 [RA] 20 44 37.4803 [Dec] +15 17 34.7815 [FIL] GG495 [EXPTIME] 60.0 [Date] 2022-07-05T18:38:53 [Time] 18:38:53
94/154 2MASS_J20443743+1517352-20220705@184011-Eden.fts [TYPE] LIGHT [OBJ] 2MASS_J20443743+1517352 [RA] 20 44 37.4803 [Dec] +15 17 34.7815 [FIL] GG495 [EXPTIME] 60.0 [Date] 2022-07-05T18:40:11 [Time] 18:40:11
95/154 2MASS_J20443743+1517352-20220705@184129-Eden.fts [TYPE] LIGHT [OBJ] 2MASS_J20443743+1517352 [RA] 20 44 37.4803 [Dec] +15 17 34.7815 [FIL] GG495 [EXPTIME] 60.0 [Date] 2022-07-05T18:41:29 [Time] 18:41:29
96/154 2MASS_J20443743+1517352-20220705@184251-Eden.fts [TYPE] LIGHT [OBJ] 2MASS_J20443743+1517352 [RA] 20 44 37.4803 [Dec] +15 17 34.7815 [FIL] GG495 [EXPTIME] 60.0 [Date] 2022-07-05T18:42:51 [Time] 18:42:51
97/154 2MASS_J20443743+1517352-20220705@184408-Eden.fts [TYPE] LIGHT [OBJ] 2MASS_J20443743+1517352 [RA] 20 44 37.4803 [Dec] +15 17 34.7815 [FIL] GG495 [EXPTIME] 60.0 [Date] 2022-07-05T18:44:08 [Time] 18:44:08
98/154 2MASS_J20443743+1517352-20220705@184525-Eden.fts [TYPE] LIGHT [OBJ] 2MASS_J20443743+1517352 [RA] 20 44 37.4803 [Dec] +15 17 34.7815 [FIL] GG495 [EXPTIME] 60.0 [Date] 2022-07-05T18:45:25 [Time] 18:45:25
99/154 2MASS_J20443743+1517352-20220705@184643-Eden.fts [TYPE] LIGHT [OBJ] 2MASS_J20443743+1517352 [RA] 20 44 37.4803 [Dec] +15 17 34.7815 [FIL] GG495 [EXPTIME] 60.0 [Date] 2022-07-05T18:46:43 [Time] 18:46:43
100/154 2MASS_J20443743+1517352-20220705@184759-Eden.fts [TYPE] LIGHT [OBJ] 2MASS_J20443743+1517352 [RA] 20 44 37.4803 [Dec] +15 17 34.7815 [FIL] GG495 [EXPTIME] 60.0 [Date] 2022-07-05T18:47:59 [Time] 18:47:59
101/154 2MASS_J20443743+1517352-20220705@184917-Eden.fts [TYPE] LIGHT [OBJ] 2MASS_J20443743+1517352 [RA] 20 44 37.4803 [Dec] +15 17 34.7815 [FIL] GG495 [EXPTIME] 60.0 [Date] 2022-07-05T18:49:17 [Time] 18:49:17
102/154 2MASS_J20443743+1517352-20220705@185035-Eden.fts [TYPE] LIGHT [OBJ] 2MASS_J20443743+1517352 [RA] 20 44 37.4803 [Dec] +15 17 34.7815 [FIL] GG495 [EXPTIME] 60.0 [Date] 2022-07-05T18:50:35 [Time] 18:50:35
103/154 2MASS_J20443743+1517352-20220705@185153-Eden.fts [TYPE] LIGHT [OBJ] 2MASS_J20443743+1517352 [RA] 20 44 37.4803 [Dec] +15 17 34.7815 [FIL] GG495 [EXPTIME] 60.0 [Date] 2022-07-05T18:51:53 [Time] 18:51:53
104/154 2MASS_J20443743+1517352-20220705@185310-Eden.fts [TYPE] LIGHT [OBJ] 2MASS_J20443743+1517352 [RA] 20 44 37.4803 [Dec] +15 17 34.7815 [FIL] GG495 [EXPTIME] 60.0 [Date] 2022-07-05T18:53:10 [Time] 18:53:10
105/154 2MASS_J20443743+1517352-20220705@185427-Eden.fts [TYPE] LIGHT [OBJ] 2MASS_J20443743+1517352 [RA] 20 44 37.4803 [Dec] +15 17 34.7815 [FIL] GG495 [EXPTIME] 60.0 [Date] 2022-07-05T18:54:27 [Time] 18:54:27
106/154 2MASS_J20443743+1517352-20220705@185549-Eden.fts [TYPE] LIGHT [OBJ] 2MASS_J20443743+1517352 [RA] 20 44 37.4803 [Dec] +15 17 34.7815 [FIL] GG495 [EXPTIME] 60.0 [Date] 2022-07-05T18:55:49 [Time] 18:55:49
107/154 2MASS_J20443743+1517352-20220705@185707-Eden.fts [TYPE] LIGHT [OBJ] 2MASS_J20443743+1517352 [RA] 20 44 37.4803 [Dec] +15 17 34.7815 [FIL] GG495 [EXPTIME] 60.0 [Date] 2022-07-05T18:57:07 [Time] 18:57:07
108/154 2MASS_J20443743+1517352-20220705@185824-Eden.fts [TYPE] LIGHT [OBJ] 2MASS_J20443743+1517352 [RA] 20 44 37.4803 [Dec] +15 17 34.7815 [FIL] GG495 [EXPTIME] 60.0 [Date] 2022-07-05T18:58:24 [Time] 18:58:24
109/154 2MASS_J20443743+1517352-20220705@185941-Eden.fts [TYPE] LIGHT [OBJ] 2MASS_J20443743+1517352 [RA] 20 44 37.4803 [Dec] +15 17 34.7815 [FIL] GG495 [EXPTIME] 60.0 [Date] 2022-07-05T18:59:41 [Time] 18:59:41
110/154 2MASS_J20443743+1517352-20220705@190058-Eden.fts [TYPE] LIGHT [OBJ] 2MASS_J20443743+1517352 [RA] 20 44 37.4803 [Dec] +15 17 34.7815 [FIL] GG495 [EXPTIME] 60.0 [Date] 2022-07-05T19:00:58 [Time] 19:00:58
111/154 2MASS_J20443743+1517352-20220705@190215-Eden.fts [TYPE] LIGHT [OBJ] 2MASS_J20443743+1517352 [RA] 20 44 37.4803 [Dec] +15 17 34.7815 [FIL] GG495 [EXPTIME] 60.0 [Date] 2022-07-05T19:02:15 [Time] 19:02:15
112/154 2MASS_J20443743+1517352-20220705@190332-Eden.fts [TYPE] LIGHT [OBJ] 2MASS_J20443743+1517352 [RA] 20 44 37.4803 [Dec] +15 17 34.7815 [FIL] GG495 [EXPTIME] 60.0 [Date] 2022-07-05T19:03:32 [Time] 19:03:32
113/154 2MASS_J20443743+1517352-20220705@190450-Eden.fts [TYPE] LIGHT [OBJ] 2MASS_J20443743+1517352 [RA] 20 44 37.4803 [Dec] +15 17 34.7815 [FIL] GG495 [EXPTIME] 60.0 [Date] 2022-07-05T19:04:50 [Time] 19:04:50
114/154 2MASS_J20443743+1517352-20220705@190608-Eden.fts [TYPE] LIGHT [OBJ] 2MASS_J20443743+1517352 [RA] 20 44 37.4803 [Dec] +15 17 34.7815 [FIL] GG495 [EXPTIME] 60.0 [Date] 2022-07-05T19:06:08 [Time] 19:06:08
115/154 2MASS_J20443743+1517352-20220705@190725-Eden.fts [TYPE] LIGHT [OBJ] 2MASS_J20443743+1517352 [RA] 20 44 37.4803 [Dec] +15 17 34.7815 [FIL] GG495 [EXPTIME] 60.0 [Date] 2022-07-05T19:07:25 [Time] 19:07:25
116/154 2MASS_J20443743+1517352-20220705@190847-Eden.fts [TYPE] LIGHT [OBJ] 2MASS_J20443743+1517352 [RA] 20 44 37.4803 [Dec] +15 17 34.7815 [FIL] GG495 [EXPTIME] 60.0 [Date] 2022-07-05T19:08:47 [Time] 19:08:47
117/154 2MASS_J20443743+1517352-20220705@191004-Eden.fts [TYPE] LIGHT [OBJ] 2MASS_J20443743+1517352 [RA] 20 44 37.4803 [Dec] +15 17 34.7815 [FIL] GG495 [EXPTIME] 60.0 [Date] 2022-07-05T19:10:04 [Time] 19:10:04
118/154 2MASS_J20443743+1517352-20220705@191122-Eden.fts [TYPE] LIGHT [OBJ] 2MASS_J20443743+1517352 [RA] 20 44 37.4803 [Dec] +15 17 34.7815 [FIL] GG495 [EXPTIME] 60.0 [Date] 2022-07-05T19:11:22 [Time] 19:11:22
119/154 2MASS_J20443743+1517352-20220705@191239-Eden.fts [TYPE] LIGHT [OBJ] 2MASS_J20443743+1517352 [RA] 20 44 37.4803 [Dec] +15 17 34.7815 [FIL] GG495 [EXPTIME] 60.0 [Date] 2022-07-05T19:12:39 [Time] 19:12:39
120/154 2MASS_J20443743+1517352-20220705@191357-Eden.fts [TYPE] LIGHT [OBJ] 2MASS_J20443743+1517352 [RA] 20 44 37.4803 [Dec] +15 17 34.7815 [FIL] GG495 [EXPTIME] 60.0 [Date] 2022-07-05T19:13:57 [Time] 19:13:57
121/154 2MASS_J20443743+1517352-20220705@191514-Eden.fts [TYPE] LIGHT [OBJ] 2MASS_J20443743+1517352 [RA] 20 44 37.4803 [Dec] +15 17 34.7815 [FIL] GG495 [EXPTIME] 60.0 [Date] 2022-07-05T19:15:14 [Time] 19:15:14
122/154 2MASS_J20443743+1517352-20220705@191631-Eden.fts [TYPE] LIGHT [OBJ] 2MASS_J20443743+1517352 [RA] 20 44 37.4803 [Dec] +15 17 34.7815 [FIL] GG495 [EXPTIME] 60.0 [Date] 2022-07-05T19:16:31 [Time] 19:16:31
123/154 2MASS_J20443743+1517352-20220705@191748-Eden.fts [TYPE] LIGHT [OBJ] 2MASS_J20443743+1517352 [RA] 20 44 37.4803 [Dec] +15 17 34.7815 [FIL] GG495 [EXPTIME] 60.0 [Date] 2022-07-05T19:17:48 [Time] 19:17:48
124/154 2MASS_J20443743+1517352-20220705@191906-Eden.fts [TYPE] LIGHT [OBJ] 2MASS_J20443743+1517352 [RA] 20 44 37.4803 [Dec] +15 17 34.7815 [FIL] GG495 [EXPTIME] 60.0 [Date] 2022-07-05T19:19:06 [Time] 19:19:06
125/154 2MASS_J20443743+1517352-20220705@192024-Eden.fts [TYPE] LIGHT [OBJ] 2MASS_J20443743+1517352 [RA] 20 44 37.4803 [Dec] +15 17 34.7815 [FIL] GG495 [EXPTIME] 60.0 [Date] 2022-07-05T19:20:24 [Time] 19:20:24
126/154 2MASS_J20443743+1517352-20220705@192146-Eden.fts [TYPE] LIGHT [OBJ] 2MASS_J20443743+1517352 [RA] 20 44 37.4803 [Dec] +15 17 34.7815 [FIL] GG495 [EXPTIME] 60.0 [Date] 2022-07-05T19:21:46 [Time] 19:21:46
127/154 2MASS_J20443743+1517352-20220705@192303-Eden.fts [TYPE] LIGHT [OBJ] 2MASS_J20443743+1517352 [RA] 20 44 37.4803 [Dec] +15 17 34.7815 [FIL] GG495 [EXPTIME] 60.0 [Date] 2022-07-05T19:23:03 [Time] 19:23:03
128/154 2MASS_J20443743+1517352-20220705@192419-Eden.fts [TYPE] LIGHT [OBJ] 2MASS_J20443743+1517352 [RA] 20 44 37.4803 [Dec] +15 17 34.7815 [FIL] GG495 [EXPTIME] 60.0 [Date] 2022-07-05T19:24:19 [Time] 19:24:19
129/154 2MASS_J20443743+1517352-20220705@192537-Eden.fts [TYPE] LIGHT [OBJ] 2MASS_J20443743+1517352 [RA] 20 44 37.4803 [Dec] +15 17 34.7815 [FIL] GG495 [EXPTIME] 60.0 [Date] 2022-07-05T19:25:37 [Time] 19:25:37
130/154 2MASS_J20443743+1517352-20220705@192655-Eden.fts [TYPE] LIGHT [OBJ] 2MASS_J20443743+1517352 [RA] 20 44 37.4803 [Dec] +15 17 34.7815 [FIL] GG495 [EXPTIME] 60.0 [Date] 2022-07-05T19:26:55 [Time] 19:26:55
131/154 2MASS_J20443743+1517352-20220705@192811-Eden.fts [TYPE] LIGHT [OBJ] 2MASS_J20443743+1517352 [RA] 20 44 37.4803 [Dec] +15 17 34.7815 [FIL] GG495 [EXPTIME] 60.0 [Date] 2022-07-05T19:28:11 [Time] 19:28:11
132/154 2MASS_J20443743+1517352-20220705@192928-Eden.fts [TYPE] LIGHT [OBJ] 2MASS_J20443743+1517352 [RA] 20 44 37.4803 [Dec] +15 17 34.7815 [FIL] GG495 [EXPTIME] 60.0 [Date] 2022-07-05T19:29:28 [Time] 19:29:28
133/154 2MASS_J20443743+1517352-20220705@193045-Eden.fts [TYPE] LIGHT [OBJ] 2MASS_J20443743+1517352 [RA] 20 44 37.4803 [Dec] +15 17 34.7815 [FIL] GG495 [EXPTIME] 60.0 [Date] 2022-07-05T19:30:45 [Time] 19:30:45
134/154 2MASS_J20443743+1517352-20220705@193720-Eden.fts [TYPE] LIGHT [OBJ] 2MASS_J20443743+1517352 [RA] 20 44 37.4803 [Dec] +15 17 34.7815 [FIL] GG495 [EXPTIME] 60.0 [Date] 2022-07-05T19:37:20 [Time] 19:37:20
135/154 2MASS_J20443743+1517352-20220705@193838-Eden.fts [TYPE] LIGHT [OBJ] 2MASS_J20443743+1517352 [RA] 20 44 37.4803 [Dec] +15 17 34.7815 [FIL] GG495 [EXPTIME] 60.0 [Date] 2022-07-05T19:38:38 [Time] 19:38:38
136/154 2MASS_J20443743+1517352-20220705@194000-Eden.fts [TYPE] LIGHT [OBJ] 2MASS_J20443743+1517352 [RA] 20 44 37.4803 [Dec] +15 17 34.7815 [FIL] GG495 [EXPTIME] 60.0 [Date] 2022-07-05T19:40:00 [Time] 19:40:00
137/154 2MASS_J20443743+1517352-20220705@194410-Eden.fts [TYPE] LIGHT [OBJ] 2MASS_J20443743+1517352 [RA] 20 44 37.4803 [Dec] +15 17 34.7815 [FIL] GG495 [EXPTIME] 60.0 [Date] 2022-07-05T19:44:10 [Time] 19:44:10
138/154 2MASS_J20443743+1517352-20220705@194528-Eden.fts [TYPE] LIGHT [OBJ] 2MASS_J20443743+1517352 [RA] 20 44 37.4803 [Dec] +15 17 34.7815 [FIL] GG495 [EXPTIME] 60.0 [Date] 2022-07-05T19:45:28 [Time] 19:45:28
139/154 2MASS_J20443743+1517352-20220705@194646-Eden.fts [TYPE] LIGHT [OBJ] 2MASS_J20443743+1517352 [RA] 20 44 37.4803 [Dec] +15 17 34.7815 [FIL] GG495 [EXPTIME] 60.0 [Date] 2022-07-05T19:46:46 [Time] 19:46:46
140/154 2MASS_J20443743+1517352-20220705@194803-Eden.fts [TYPE] LIGHT [OBJ] 2MASS_J20443743+1517352 [RA] 20 44 37.4803 [Dec] +15 17 34.7815 [FIL] GG495 [EXPTIME] 60.0 [Date] 2022-07-05T19:48:03 [Time] 19:48:03
141/154 2MASS_J20443743+1517352-20220705@194921-Eden.fts [TYPE] LIGHT [OBJ] 2MASS_J20443743+1517352 [RA] 20 44 37.4803 [Dec] +15 17 34.7815 [FIL] GG495 [EXPTIME] 60.0 [Date] 2022-07-05T19:49:21 [Time] 19:49:21
142/154 2MASS_J20443743+1517352-20220705@195038-Eden.fts [TYPE] LIGHT [OBJ] 2MASS_J20443743+1517352 [RA] 20 44 37.4803 [Dec] +15 17 34.7815 [FIL] GG495 [EXPTIME] 60.0 [Date] 2022-07-05T19:50:38 [Time] 19:50:38
143/154 2MASS_J20443743+1517352-20220705@195156-Eden.fts [TYPE] LIGHT [OBJ] 2MASS_J20443743+1517352 [RA] 20 44 37.4803 [Dec] +15 17 34.7815 [FIL] GG495 [EXPTIME] 60.0 [Date] 2022-07-05T19:51:56 [Time] 19:51:56
144/154 2MASS_J20443743+1517352-20220705@195313-Eden.fts [TYPE] LIGHT [OBJ] 2MASS_J20443743+1517352 [RA] 20 44 37.4803 [Dec] +15 17 34.7815 [FIL] GG495 [EXPTIME] 60.0 [Date] 2022-07-05T19:53:13 [Time] 19:53:13
145/154 2MASS_J20443743+1517352-20220705@195430-Eden.fts [TYPE] LIGHT [OBJ] 2MASS_J20443743+1517352 [RA] 20 44 37.4803 [Dec] +15 17 34.7815 [FIL] GG495 [EXPTIME] 60.0 [Date] 2022-07-05T19:54:30 [Time] 19:54:30
146/154 2MASS_J20443743+1517352-20220705@195552-Eden.fts [TYPE] LIGHT [OBJ] 2MASS_J20443743+1517352 [RA] 20 44 37.4803 [Dec] +15 17 34.7815 [FIL] GG495 [EXPTIME] 60.0 [Date] 2022-07-05T19:55:52 [Time] 19:55:52
147/154 2MASS_J20443743+1517352-20220705@195708-Eden.fts [TYPE] LIGHT [OBJ] 2MASS_J20443743+1517352 [RA] 20 44 37.4803 [Dec] +15 17 34.7815 [FIL] GG495 [EXPTIME] 60.0 [Date] 2022-07-05T19:57:08 [Time] 19:57:08
148/154 2MASS_J20443743+1517352-20220705@195825-Eden.fts [TYPE] LIGHT [OBJ] 2MASS_J20443743+1517352 [RA] 20 44 37.4803 [Dec] +15 17 34.7815 [FIL] GG495 [EXPTIME] 60.0 [Date] 2022-07-05T19:58:25 [Time] 19:58:25
149/154 2MASS_J20443743+1517352-20220705@195942-Eden.fts [TYPE] LIGHT [OBJ] 2MASS_J20443743+1517352 [RA] 20 44 37.4803 [Dec] +15 17 34.7815 [FIL] GG495 [EXPTIME] 60.0 [Date] 2022-07-05T19:59:42 [Time] 19:59:42
150/154 2MASS_J20443743+1517352-20220705@200059-Eden.fts [TYPE] LIGHT [OBJ] 2MASS_J20443743+1517352 [RA] 20 44 37.4803 [Dec] +15 17 34.7815 [FIL] GG495 [EXPTIME] 60.0 [Date] 2022-07-05T20:00:59 [Time] 20:00:59
151/154 2MASS_J20443743+1517352-20220705@200216-Eden.fts [TYPE] LIGHT [OBJ] 2MASS_J20443743+1517352 [RA] 20 44 37.4803 [Dec] +15 17 34.7815 [FIL] GG495 [EXPTIME] 60.0 [Date] 2022-07-05T20:02:16 [Time] 20:02:16
152/154 2MASS_J20443743+1517352-20220705@200334-Eden.fts [TYPE] LIGHT [OBJ] 2MASS_J20443743+1517352 [RA] 20 44 37.4803 [Dec] +15 17 34.7815 [FIL] GG495 [EXPTIME] 60.0 [Date] 2022-07-05T20:03:34 [Time] 20:03:34
153/154 2MASS_J20443743+1517352-20220705@200451-Eden.fts [TYPE] LIGHT [OBJ] 2MASS_J20443743+1517352 [RA] 20 44 37.4803 [Dec] +15 17 34.7815 [FIL] GG495 [EXPTIME] 60.0 [Date] 2022-07-05T20:04:51 [Time] 20:04:51
154/154 2MASS_J20443743+1517352-20220705@200608-Eden.fts [TYPE] LIGHT [OBJ] 2MASS_J20443743+1517352 [RA] 20 44 37.4803 [Dec] +15 17 34.7815 [FIL] GG495 [EXPTIME] 60.0 [Date] 2022-07-05T20:06:08 [Time] 20:06:08
... write log file to LOT20220705_2MASS_J20443743+1517352_mod.log ...
... finish ...
