Bucket successfully loaded! eden-data
274 files found
Storing data to the S3 archive!
Doing a dry run - uploads will not be committed.
Verbose output enabled.
Storing LOT20200612-LP_335-12_mod/LP_335-12-20200612@135417-Eden.fts -> s3://eden-data/RAW/LOT/LP_335-12/2020-06-12/LP_335-12-20200612@135417-Eden.fits (1/274) (dry run)
Storing LOT20200612-LP_335-12_mod/LP_335-12-20200612@140016-Eden.fts -> s3://eden-data/RAW/LOT/LP_335-12/2020-06-12/LP_335-12-20200612@140016-Eden.fits (2/274) (dry run)
Storing LOT20200612-LP_335-12_mod/LP_335-12-20200612@140127-Eden.fts -> s3://eden-data/RAW/LOT/LP_335-12/2020-06-12/LP_335-12-20200612@140127-Eden.fits (3/274) (dry run)
Storing LOT20200612-LP_335-12_mod/LP_335-12-20200612@140238-Eden.fts -> s3://eden-data/RAW/LOT/LP_335-12/2020-06-12/LP_335-12-20200612@140238-Eden.fits (4/274) (dry run)
Storing LOT20200612-LP_335-12_mod/LP_335-12-20200612@140349-Eden.fts -> s3://eden-data/RAW/LOT/LP_335-12/2020-06-12/LP_335-12-20200612@140349-Eden.fits (5/274) (dry run)
Storing LOT20200612-LP_335-12_mod/LP_335-12-20200612@140501-Eden.fts -> s3://eden-data/RAW/LOT/LP_335-12/2020-06-12/LP_335-12-20200612@140501-Eden.fits (6/274) (dry run)
Storing LOT20200612-LP_335-12_mod/LP_335-12-20200612@140613-Eden.fts -> s3://eden-data/RAW/LOT/LP_335-12/2020-06-12/LP_335-12-20200612@140613-Eden.fits (7/274) (dry run)
Storing LOT20200612-LP_335-12_mod/LP_335-12-20200612@140725-Eden.fts -> s3://eden-data/RAW/LOT/LP_335-12/2020-06-12/LP_335-12-20200612@140725-Eden.fits (8/274) (dry run)
Storing LOT20200612-LP_335-12_mod/LP_335-12-20200612@140837-Eden.fts -> s3://eden-data/RAW/LOT/LP_335-12/2020-06-12/LP_335-12-20200612@140837-Eden.fits (9/274) (dry run)
Storing LOT20200612-LP_335-12_mod/LP_335-12-20200612@140951-Eden.fts -> s3://eden-data/RAW/LOT/LP_335-12/2020-06-12/LP_335-12-20200612@140951-Eden.fits (10/274) (dry run)
Storing LOT20200612-LP_335-12_mod/LP_335-12-20200612@141103-Eden.fts -> s3://eden-data/RAW/LOT/LP_335-12/2020-06-12/LP_335-12-20200612@141103-Eden.fits (11/274) (dry run)
Storing LOT20200612-LP_335-12_mod/LP_335-12-20200612@141215-Eden.fts -> s3://eden-data/RAW/LOT/LP_335-12/2020-06-12/LP_335-12-20200612@141215-Eden.fits (12/274) (dry run)
Storing LOT20200612-LP_335-12_mod/LP_335-12-20200612@141328-Eden.fts -> s3://eden-data/RAW/LOT/LP_335-12/2020-06-12/LP_335-12-20200612@141328-Eden.fits (13/274) (dry run)
Storing LOT20200612-LP_335-12_mod/LP_335-12-20200612@141441-Eden.fts -> s3://eden-data/RAW/LOT/LP_335-12/2020-06-12/LP_335-12-20200612@141441-Eden.fits (14/274) (dry run)
Storing LOT20200612-LP_335-12_mod/LP_335-12-20200612@141554-Eden.fts -> s3://eden-data/RAW/LOT/LP_335-12/2020-06-12/LP_335-12-20200612@141554-Eden.fits (15/274) (dry run)
Storing LOT20200612-LP_335-12_mod/LP_335-12-20200612@141707-Eden.fts -> s3://eden-data/RAW/LOT/LP_335-12/2020-06-12/LP_335-12-20200612@141707-Eden.fits (16/274) (dry run)
Storing LOT20200612-LP_335-12_mod/LP_335-12-20200612@141821-Eden.fts -> s3://eden-data/RAW/LOT/LP_335-12/2020-06-12/LP_335-12-20200612@141821-Eden.fits (17/274) (dry run)
Storing LOT20200612-LP_335-12_mod/LP_335-12-20200612@141935-Eden.fts -> s3://eden-data/RAW/LOT/LP_335-12/2020-06-12/LP_335-12-20200612@141935-Eden.fits (18/274) (dry run)
Storing LOT20200612-LP_335-12_mod/LP_335-12-20200612@142047-Eden.fts -> s3://eden-data/RAW/LOT/LP_335-12/2020-06-12/LP_335-12-20200612@142047-Eden.fits (19/274) (dry run)
Storing LOT20200612-LP_335-12_mod/LP_335-12-20200612@142159-Eden.fts -> s3://eden-data/RAW/LOT/LP_335-12/2020-06-12/LP_335-12-20200612@142159-Eden.fits (20/274) (dry run)
Storing LOT20200612-LP_335-12_mod/LP_335-12-20200612@142311-Eden.fts -> s3://eden-data/RAW/LOT/LP_335-12/2020-06-12/LP_335-12-20200612@142311-Eden.fits (21/274) (dry run)
Storing LOT20200612-LP_335-12_mod/LP_335-12-20200612@142425-Eden.fts -> s3://eden-data/RAW/LOT/LP_335-12/2020-06-12/LP_335-12-20200612@142425-Eden.fits (22/274) (dry run)
Storing LOT20200612-LP_335-12_mod/LP_335-12-20200612@142538-Eden.fts -> s3://eden-data/RAW/LOT/LP_335-12/2020-06-12/LP_335-12-20200612@142538-Eden.fits (23/274) (dry run)
Storing LOT20200612-LP_335-12_mod/LP_335-12-20200612@142650-Eden.fts -> s3://eden-data/RAW/LOT/LP_335-12/2020-06-12/LP_335-12-20200612@142650-Eden.fits (24/274) (dry run)
Storing LOT20200612-LP_335-12_mod/LP_335-12-20200612@142802-Eden.fts -> s3://eden-data/RAW/LOT/LP_335-12/2020-06-12/LP_335-12-20200612@142802-Eden.fits (25/274) (dry run)
Storing LOT20200612-LP_335-12_mod/LP_335-12-20200612@142915-Eden.fts -> s3://eden-data/RAW/LOT/LP_335-12/2020-06-12/LP_335-12-20200612@142915-Eden.fits (26/274) (dry run)
Storing LOT20200612-LP_335-12_mod/LP_335-12-20200612@143027-Eden.fts -> s3://eden-data/RAW/LOT/LP_335-12/2020-06-12/LP_335-12-20200612@143027-Eden.fits (27/274) (dry run)
Storing LOT20200612-LP_335-12_mod/LP_335-12-20200612@143139-Eden.fts -> s3://eden-data/RAW/LOT/LP_335-12/2020-06-12/LP_335-12-20200612@143139-Eden.fits (28/274) (dry run)
Storing LOT20200612-LP_335-12_mod/LP_335-12-20200612@143252-Eden.fts -> s3://eden-data/RAW/LOT/LP_335-12/2020-06-12/LP_335-12-20200612@143252-Eden.fits (29/274) (dry run)
Storing LOT20200612-LP_335-12_mod/LP_335-12-20200612@143405-Eden.fts -> s3://eden-data/RAW/LOT/LP_335-12/2020-06-12/LP_335-12-20200612@143405-Eden.fits (30/274) (dry run)
Storing LOT20200612-LP_335-12_mod/LP_335-12-20200612@143518-Eden.fts -> s3://eden-data/RAW/LOT/LP_335-12/2020-06-12/LP_335-12-20200612@143518-Eden.fits (31/274) (dry run)
Storing LOT20200612-LP_335-12_mod/LP_335-12-20200612@143631-Eden.fts -> s3://eden-data/RAW/LOT/LP_335-12/2020-06-12/LP_335-12-20200612@143631-Eden.fits (32/274) (dry run)
Storing LOT20200612-LP_335-12_mod/LP_335-12-20200612@143744-Eden.fts -> s3://eden-data/RAW/LOT/LP_335-12/2020-06-12/LP_335-12-20200612@143744-Eden.fits (33/274) (dry run)
Storing LOT20200612-LP_335-12_mod/LP_335-12-20200612@143856-Eden.fts -> s3://eden-data/RAW/LOT/LP_335-12/2020-06-12/LP_335-12-20200612@143856-Eden.fits (34/274) (dry run)
Storing LOT20200612-LP_335-12_mod/LP_335-12-20200612@144007-Eden.fts -> s3://eden-data/RAW/LOT/LP_335-12/2020-06-12/LP_335-12-20200612@144007-Eden.fits (35/274) (dry run)
Storing LOT20200612-LP_335-12_mod/LP_335-12-20200612@144119-Eden.fts -> s3://eden-data/RAW/LOT/LP_335-12/2020-06-12/LP_335-12-20200612@144119-Eden.fits (36/274) (dry run)
Storing LOT20200612-LP_335-12_mod/LP_335-12-20200612@144231-Eden.fts -> s3://eden-data/RAW/LOT/LP_335-12/2020-06-12/LP_335-12-20200612@144231-Eden.fits (37/274) (dry run)
Storing LOT20200612-LP_335-12_mod/LP_335-12-20200612@144343-Eden.fts -> s3://eden-data/RAW/LOT/LP_335-12/2020-06-12/LP_335-12-20200612@144343-Eden.fits (38/274) (dry run)
Storing LOT20200612-LP_335-12_mod/LP_335-12-20200612@144456-Eden.fts -> s3://eden-data/RAW/LOT/LP_335-12/2020-06-12/LP_335-12-20200612@144456-Eden.fits (39/274) (dry run)
Storing LOT20200612-LP_335-12_mod/LP_335-12-20200612@144608-Eden.fts -> s3://eden-data/RAW/LOT/LP_335-12/2020-06-12/LP_335-12-20200612@144608-Eden.fits (40/274) (dry run)
Storing LOT20200612-LP_335-12_mod/LP_335-12-20200612@144722-Eden.fts -> s3://eden-data/RAW/LOT/LP_335-12/2020-06-12/LP_335-12-20200612@144722-Eden.fits (41/274) (dry run)
Storing LOT20200612-LP_335-12_mod/LP_335-12-20200612@144835-Eden.fts -> s3://eden-data/RAW/LOT/LP_335-12/2020-06-12/LP_335-12-20200612@144835-Eden.fits (42/274) (dry run)
Storing LOT20200612-LP_335-12_mod/LP_335-12-20200612@144947-Eden.fts -> s3://eden-data/RAW/LOT/LP_335-12/2020-06-12/LP_335-12-20200612@144947-Eden.fits (43/274) (dry run)
Storing LOT20200612-LP_335-12_mod/LP_335-12-20200612@145058-Eden.fts -> s3://eden-data/RAW/LOT/LP_335-12/2020-06-12/LP_335-12-20200612@145058-Eden.fits (44/274) (dry run)
Storing LOT20200612-LP_335-12_mod/LP_335-12-20200612@145210-Eden.fts -> s3://eden-data/RAW/LOT/LP_335-12/2020-06-12/LP_335-12-20200612@145210-Eden.fits (45/274) (dry run)
Storing LOT20200612-LP_335-12_mod/LP_335-12-20200612@145322-Eden.fts -> s3://eden-data/RAW/LOT/LP_335-12/2020-06-12/LP_335-12-20200612@145322-Eden.fits (46/274) (dry run)
Storing LOT20200612-LP_335-12_mod/LP_335-12-20200612@145433-Eden.fts -> s3://eden-data/RAW/LOT/LP_335-12/2020-06-12/LP_335-12-20200612@145433-Eden.fits (47/274) (dry run)
Storing LOT20200612-LP_335-12_mod/LP_335-12-20200612@145546-Eden.fts -> s3://eden-data/RAW/LOT/LP_335-12/2020-06-12/LP_335-12-20200612@145546-Eden.fits (48/274) (dry run)
Storing LOT20200612-LP_335-12_mod/LP_335-12-20200612@145700-Eden.fts -> s3://eden-data/RAW/LOT/LP_335-12/2020-06-12/LP_335-12-20200612@145700-Eden.fits (49/274) (dry run)
Storing LOT20200612-LP_335-12_mod/LP_335-12-20200612@145812-Eden.fts -> s3://eden-data/RAW/LOT/LP_335-12/2020-06-12/LP_335-12-20200612@145812-Eden.fits (50/274) (dry run)
Storing LOT20200612-LP_335-12_mod/LP_335-12-20200612@145924-Eden.fts -> s3://eden-data/RAW/LOT/LP_335-12/2020-06-12/LP_335-12-20200612@145924-Eden.fits (51/274) (dry run)
Storing LOT20200612-LP_335-12_mod/LP_335-12-20200612@150035-Eden.fts -> s3://eden-data/RAW/LOT/LP_335-12/2020-06-12/LP_335-12-20200612@150035-Eden.fits (52/274) (dry run)
Storing LOT20200612-LP_335-12_mod/LP_335-12-20200612@150148-Eden.fts -> s3://eden-data/RAW/LOT/LP_335-12/2020-06-12/LP_335-12-20200612@150148-Eden.fits (53/274) (dry run)
Storing LOT20200612-LP_335-12_mod/LP_335-12-20200612@150301-Eden.fts -> s3://eden-data/RAW/LOT/LP_335-12/2020-06-12/LP_335-12-20200612@150301-Eden.fits (54/274) (dry run)
Storing LOT20200612-LP_335-12_mod/LP_335-12-20200612@150413-Eden.fts -> s3://eden-data/RAW/LOT/LP_335-12/2020-06-12/LP_335-12-20200612@150413-Eden.fits (55/274) (dry run)
Storing LOT20200612-LP_335-12_mod/LP_335-12-20200612@150526-Eden.fts -> s3://eden-data/RAW/LOT/LP_335-12/2020-06-12/LP_335-12-20200612@150526-Eden.fits (56/274) (dry run)
Storing LOT20200612-LP_335-12_mod/LP_335-12-20200612@150638-Eden.fts -> s3://eden-data/RAW/LOT/LP_335-12/2020-06-12/LP_335-12-20200612@150638-Eden.fits (57/274) (dry run)
Storing LOT20200612-LP_335-12_mod/LP_335-12-20200612@150750-Eden.fts -> s3://eden-data/RAW/LOT/LP_335-12/2020-06-12/LP_335-12-20200612@150750-Eden.fits (58/274) (dry run)
Storing LOT20200612-LP_335-12_mod/LP_335-12-20200612@150902-Eden.fts -> s3://eden-data/RAW/LOT/LP_335-12/2020-06-12/LP_335-12-20200612@150902-Eden.fits (59/274) (dry run)
Storing LOT20200612-LP_335-12_mod/LP_335-12-20200612@151015-Eden.fts -> s3://eden-data/RAW/LOT/LP_335-12/2020-06-12/LP_335-12-20200612@151015-Eden.fits (60/274) (dry run)
Storing LOT20200612-LP_335-12_mod/LP_335-12-20200612@151128-Eden.fts -> s3://eden-data/RAW/LOT/LP_335-12/2020-06-12/LP_335-12-20200612@151128-Eden.fits (61/274) (dry run)
Storing LOT20200612-LP_335-12_mod/LP_335-12-20200612@151240-Eden.fts -> s3://eden-data/RAW/LOT/LP_335-12/2020-06-12/LP_335-12-20200612@151240-Eden.fits (62/274) (dry run)
Storing LOT20200612-LP_335-12_mod/LP_335-12-20200612@151352-Eden.fts -> s3://eden-data/RAW/LOT/LP_335-12/2020-06-12/LP_335-12-20200612@151352-Eden.fits (63/274) (dry run)
Storing LOT20200612-LP_335-12_mod/LP_335-12-20200612@151505-Eden.fts -> s3://eden-data/RAW/LOT/LP_335-12/2020-06-12/LP_335-12-20200612@151505-Eden.fits (64/274) (dry run)
Storing LOT20200612-LP_335-12_mod/LP_335-12-20200612@151618-Eden.fts -> s3://eden-data/RAW/LOT/LP_335-12/2020-06-12/LP_335-12-20200612@151618-Eden.fits (65/274) (dry run)
Storing LOT20200612-LP_335-12_mod/LP_335-12-20200612@151729-Eden.fts -> s3://eden-data/RAW/LOT/LP_335-12/2020-06-12/LP_335-12-20200612@151729-Eden.fits (66/274) (dry run)
Storing LOT20200612-LP_335-12_mod/LP_335-12-20200612@151842-Eden.fts -> s3://eden-data/RAW/LOT/LP_335-12/2020-06-12/LP_335-12-20200612@151842-Eden.fits (67/274) (dry run)
Storing LOT20200612-LP_335-12_mod/LP_335-12-20200612@151954-Eden.fts -> s3://eden-data/RAW/LOT/LP_335-12/2020-06-12/LP_335-12-20200612@151954-Eden.fits (68/274) (dry run)
Storing LOT20200612-LP_335-12_mod/LP_335-12-20200612@152106-Eden.fts -> s3://eden-data/RAW/LOT/LP_335-12/2020-06-12/LP_335-12-20200612@152106-Eden.fits (69/274) (dry run)
Storing LOT20200612-LP_335-12_mod/LP_335-12-20200612@152218-Eden.fts -> s3://eden-data/RAW/LOT/LP_335-12/2020-06-12/LP_335-12-20200612@152218-Eden.fits (70/274) (dry run)
Storing LOT20200612-LP_335-12_mod/LP_335-12-20200612@152332-Eden.fts -> s3://eden-data/RAW/LOT/LP_335-12/2020-06-12/LP_335-12-20200612@152332-Eden.fits (71/274) (dry run)
Storing LOT20200612-LP_335-12_mod/LP_335-12-20200612@152444-Eden.fts -> s3://eden-data/RAW/LOT/LP_335-12/2020-06-12/LP_335-12-20200612@152444-Eden.fits (72/274) (dry run)
Storing LOT20200612-LP_335-12_mod/LP_335-12-20200612@152556-Eden.fts -> s3://eden-data/RAW/LOT/LP_335-12/2020-06-12/LP_335-12-20200612@152556-Eden.fits (73/274) (dry run)
Storing LOT20200612-LP_335-12_mod/LP_335-12-20200612@152708-Eden.fts -> s3://eden-data/RAW/LOT/LP_335-12/2020-06-12/LP_335-12-20200612@152708-Eden.fits (74/274) (dry run)
Storing LOT20200612-LP_335-12_mod/LP_335-12-20200612@152820-Eden.fts -> s3://eden-data/RAW/LOT/LP_335-12/2020-06-12/LP_335-12-20200612@152820-Eden.fits (75/274) (dry run)
Storing LOT20200612-LP_335-12_mod/LP_335-12-20200612@152933-Eden.fts -> s3://eden-data/RAW/LOT/LP_335-12/2020-06-12/LP_335-12-20200612@152933-Eden.fits (76/274) (dry run)
Storing LOT20200612-LP_335-12_mod/LP_335-12-20200612@153044-Eden.fts -> s3://eden-data/RAW/LOT/LP_335-12/2020-06-12/LP_335-12-20200612@153044-Eden.fits (77/274) (dry run)
Storing LOT20200612-LP_335-12_mod/LP_335-12-20200612@153156-Eden.fts -> s3://eden-data/RAW/LOT/LP_335-12/2020-06-12/LP_335-12-20200612@153156-Eden.fits (78/274) (dry run)
Storing LOT20200612-LP_335-12_mod/LP_335-12-20200612@153308-Eden.fts -> s3://eden-data/RAW/LOT/LP_335-12/2020-06-12/LP_335-12-20200612@153308-Eden.fits (79/274) (dry run)
Storing LOT20200612-LP_335-12_mod/LP_335-12-20200612@153420-Eden.fts -> s3://eden-data/RAW/LOT/LP_335-12/2020-06-12/LP_335-12-20200612@153420-Eden.fits (80/274) (dry run)
Storing LOT20200612-LP_335-12_mod/LP_335-12-20200612@153533-Eden.fts -> s3://eden-data/RAW/LOT/LP_335-12/2020-06-12/LP_335-12-20200612@153533-Eden.fits (81/274) (dry run)
Storing LOT20200612-LP_335-12_mod/LP_335-12-20200612@153646-Eden.fts -> s3://eden-data/RAW/LOT/LP_335-12/2020-06-12/LP_335-12-20200612@153646-Eden.fits (82/274) (dry run)
Storing LOT20200612-LP_335-12_mod/LP_335-12-20200612@153759-Eden.fts -> s3://eden-data/RAW/LOT/LP_335-12/2020-06-12/LP_335-12-20200612@153759-Eden.fits (83/274) (dry run)
Storing LOT20200612-LP_335-12_mod/LP_335-12-20200612@153911-Eden.fts -> s3://eden-data/RAW/LOT/LP_335-12/2020-06-12/LP_335-12-20200612@153911-Eden.fits (84/274) (dry run)
Storing LOT20200612-LP_335-12_mod/LP_335-12-20200612@154024-Eden.fts -> s3://eden-data/RAW/LOT/LP_335-12/2020-06-12/LP_335-12-20200612@154024-Eden.fits (85/274) (dry run)
Storing LOT20200612-LP_335-12_mod/LP_335-12-20200612@154137-Eden.fts -> s3://eden-data/RAW/LOT/LP_335-12/2020-06-12/LP_335-12-20200612@154137-Eden.fits (86/274) (dry run)
Storing LOT20200612-LP_335-12_mod/LP_335-12-20200612@154250-Eden.fts -> s3://eden-data/RAW/LOT/LP_335-12/2020-06-12/LP_335-12-20200612@154250-Eden.fits (87/274) (dry run)
Storing LOT20200612-LP_335-12_mod/LP_335-12-20200612@154403-Eden.fts -> s3://eden-data/RAW/LOT/LP_335-12/2020-06-12/LP_335-12-20200612@154403-Eden.fits (88/274) (dry run)
Storing LOT20200612-LP_335-12_mod/LP_335-12-20200612@154516-Eden.fts -> s3://eden-data/RAW/LOT/LP_335-12/2020-06-12/LP_335-12-20200612@154516-Eden.fits (89/274) (dry run)
Storing LOT20200612-LP_335-12_mod/LP_335-12-20200612@154628-Eden.fts -> s3://eden-data/RAW/LOT/LP_335-12/2020-06-12/LP_335-12-20200612@154628-Eden.fits (90/274) (dry run)
Storing LOT20200612-LP_335-12_mod/LP_335-12-20200612@154740-Eden.fts -> s3://eden-data/RAW/LOT/LP_335-12/2020-06-12/LP_335-12-20200612@154740-Eden.fits (91/274) (dry run)
Storing LOT20200612-LP_335-12_mod/LP_335-12-20200612@154853-Eden.fts -> s3://eden-data/RAW/LOT/LP_335-12/2020-06-12/LP_335-12-20200612@154853-Eden.fits (92/274) (dry run)
Storing LOT20200612-LP_335-12_mod/LP_335-12-20200612@155004-Eden.fts -> s3://eden-data/RAW/LOT/LP_335-12/2020-06-12/LP_335-12-20200612@155004-Eden.fits (93/274) (dry run)
Storing LOT20200612-LP_335-12_mod/LP_335-12-20200612@155119-Eden.fts -> s3://eden-data/RAW/LOT/LP_335-12/2020-06-12/LP_335-12-20200612@155119-Eden.fits (94/274) (dry run)
Storing LOT20200612-LP_335-12_mod/LP_335-12-20200612@155231-Eden.fts -> s3://eden-data/RAW/LOT/LP_335-12/2020-06-12/LP_335-12-20200612@155231-Eden.fits (95/274) (dry run)
Storing LOT20200612-LP_335-12_mod/LP_335-12-20200612@155344-Eden.fts -> s3://eden-data/RAW/LOT/LP_335-12/2020-06-12/LP_335-12-20200612@155344-Eden.fits (96/274) (dry run)
Storing LOT20200612-LP_335-12_mod/LP_335-12-20200612@155457-Eden.fts -> s3://eden-data/RAW/LOT/LP_335-12/2020-06-12/LP_335-12-20200612@155457-Eden.fits (97/274) (dry run)
Storing LOT20200612-LP_335-12_mod/LP_335-12-20200612@155609-Eden.fts -> s3://eden-data/RAW/LOT/LP_335-12/2020-06-12/LP_335-12-20200612@155609-Eden.fits (98/274) (dry run)
Storing LOT20200612-LP_335-12_mod/LP_335-12-20200612@155722-Eden.fts -> s3://eden-data/RAW/LOT/LP_335-12/2020-06-12/LP_335-12-20200612@155722-Eden.fits (99/274) (dry run)
Storing LOT20200612-LP_335-12_mod/LP_335-12-20200612@155834-Eden.fts -> s3://eden-data/RAW/LOT/LP_335-12/2020-06-12/LP_335-12-20200612@155834-Eden.fits (100/274) (dry run)
Storing LOT20200612-LP_335-12_mod/LP_335-12-20200612@155948-Eden.fts -> s3://eden-data/RAW/LOT/LP_335-12/2020-06-12/LP_335-12-20200612@155948-Eden.fits (101/274) (dry run)
Storing LOT20200612-LP_335-12_mod/LP_335-12-20200612@160100-Eden.fts -> s3://eden-data/RAW/LOT/LP_335-12/2020-06-12/LP_335-12-20200612@160100-Eden.fits (102/274) (dry run)
Storing LOT20200612-LP_335-12_mod/LP_335-12-20200612@160212-Eden.fts -> s3://eden-data/RAW/LOT/LP_335-12/2020-06-12/LP_335-12-20200612@160212-Eden.fits (103/274) (dry run)
Storing LOT20200612-LP_335-12_mod/LP_335-12-20200612@160324-Eden.fts -> s3://eden-data/RAW/LOT/LP_335-12/2020-06-12/LP_335-12-20200612@160324-Eden.fits (104/274) (dry run)
Storing LOT20200612-LP_335-12_mod/LP_335-12-20200612@160437-Eden.fts -> s3://eden-data/RAW/LOT/LP_335-12/2020-06-12/LP_335-12-20200612@160437-Eden.fits (105/274) (dry run)
Storing LOT20200612-LP_335-12_mod/LP_335-12-20200612@160549-Eden.fts -> s3://eden-data/RAW/LOT/LP_335-12/2020-06-12/LP_335-12-20200612@160549-Eden.fits (106/274) (dry run)
Storing LOT20200612-LP_335-12_mod/LP_335-12-20200612@160701-Eden.fts -> s3://eden-data/RAW/LOT/LP_335-12/2020-06-12/LP_335-12-20200612@160701-Eden.fits (107/274) (dry run)
Storing LOT20200612-LP_335-12_mod/LP_335-12-20200612@160813-Eden.fts -> s3://eden-data/RAW/LOT/LP_335-12/2020-06-12/LP_335-12-20200612@160813-Eden.fits (108/274) (dry run)
Storing LOT20200612-LP_335-12_mod/LP_335-12-20200612@160925-Eden.fts -> s3://eden-data/RAW/LOT/LP_335-12/2020-06-12/LP_335-12-20200612@160925-Eden.fits (109/274) (dry run)
Storing LOT20200612-LP_335-12_mod/LP_335-12-20200612@161037-Eden.fts -> s3://eden-data/RAW/LOT/LP_335-12/2020-06-12/LP_335-12-20200612@161037-Eden.fits (110/274) (dry run)
Storing LOT20200612-LP_335-12_mod/LP_335-12-20200612@161151-Eden.fts -> s3://eden-data/RAW/LOT/LP_335-12/2020-06-12/LP_335-12-20200612@161151-Eden.fits (111/274) (dry run)
Storing LOT20200612-LP_335-12_mod/LP_335-12-20200612@161303-Eden.fts -> s3://eden-data/RAW/LOT/LP_335-12/2020-06-12/LP_335-12-20200612@161303-Eden.fits (112/274) (dry run)
Storing LOT20200612-LP_335-12_mod/LP_335-12-20200612@161415-Eden.fts -> s3://eden-data/RAW/LOT/LP_335-12/2020-06-12/LP_335-12-20200612@161415-Eden.fits (113/274) (dry run)
Storing LOT20200612-LP_335-12_mod/LP_335-12-20200612@161527-Eden.fts -> s3://eden-data/RAW/LOT/LP_335-12/2020-06-12/LP_335-12-20200612@161527-Eden.fits (114/274) (dry run)
Storing LOT20200612-LP_335-12_mod/LP_335-12-20200612@161641-Eden.fts -> s3://eden-data/RAW/LOT/LP_335-12/2020-06-12/LP_335-12-20200612@161641-Eden.fits (115/274) (dry run)
Storing LOT20200612-LP_335-12_mod/LP_335-12-20200612@161753-Eden.fts -> s3://eden-data/RAW/LOT/LP_335-12/2020-06-12/LP_335-12-20200612@161753-Eden.fits (116/274) (dry run)
Storing LOT20200612-LP_335-12_mod/LP_335-12-20200612@161905-Eden.fts -> s3://eden-data/RAW/LOT/LP_335-12/2020-06-12/LP_335-12-20200612@161905-Eden.fits (117/274) (dry run)
Storing LOT20200612-LP_335-12_mod/LP_335-12-20200612@162017-Eden.fts -> s3://eden-data/RAW/LOT/LP_335-12/2020-06-12/LP_335-12-20200612@162017-Eden.fits (118/274) (dry run)
Storing LOT20200612-LP_335-12_mod/LP_335-12-20200612@162128-Eden.fts -> s3://eden-data/RAW/LOT/LP_335-12/2020-06-12/LP_335-12-20200612@162128-Eden.fits (119/274) (dry run)
Storing LOT20200612-LP_335-12_mod/LP_335-12-20200612@162240-Eden.fts -> s3://eden-data/RAW/LOT/LP_335-12/2020-06-12/LP_335-12-20200612@162240-Eden.fits (120/274) (dry run)
Storing LOT20200612-LP_335-12_mod/LP_335-12-20200612@162353-Eden.fts -> s3://eden-data/RAW/LOT/LP_335-12/2020-06-12/LP_335-12-20200612@162353-Eden.fits (121/274) (dry run)
Storing LOT20200612-LP_335-12_mod/LP_335-12-20200612@162507-Eden.fts -> s3://eden-data/RAW/LOT/LP_335-12/2020-06-12/LP_335-12-20200612@162507-Eden.fits (122/274) (dry run)
Storing LOT20200612-LP_335-12_mod/LP_335-12-20200612@162619-Eden.fts -> s3://eden-data/RAW/LOT/LP_335-12/2020-06-12/LP_335-12-20200612@162619-Eden.fits (123/274) (dry run)
Storing LOT20200612-LP_335-12_mod/LP_335-12-20200612@162732-Eden.fts -> s3://eden-data/RAW/LOT/LP_335-12/2020-06-12/LP_335-12-20200612@162732-Eden.fits (124/274) (dry run)
Storing LOT20200612-LP_335-12_mod/LP_335-12-20200612@162843-Eden.fts -> s3://eden-data/RAW/LOT/LP_335-12/2020-06-12/LP_335-12-20200612@162843-Eden.fits (125/274) (dry run)
Storing LOT20200612-LP_335-12_mod/LP_335-12-20200612@162956-Eden.fts -> s3://eden-data/RAW/LOT/LP_335-12/2020-06-12/LP_335-12-20200612@162956-Eden.fits (126/274) (dry run)
Storing LOT20200612-LP_335-12_mod/LP_335-12-20200612@163108-Eden.fts -> s3://eden-data/RAW/LOT/LP_335-12/2020-06-12/LP_335-12-20200612@163108-Eden.fits (127/274) (dry run)
Storing LOT20200612-LP_335-12_mod/LP_335-12-20200612@163221-Eden.fts -> s3://eden-data/RAW/LOT/LP_335-12/2020-06-12/LP_335-12-20200612@163221-Eden.fits (128/274) (dry run)
Storing LOT20200612-LP_335-12_mod/LP_335-12-20200612@163333-Eden.fts -> s3://eden-data/RAW/LOT/LP_335-12/2020-06-12/LP_335-12-20200612@163333-Eden.fits (129/274) (dry run)
Storing LOT20200612-LP_335-12_mod/LP_335-12-20200612@163445-Eden.fts -> s3://eden-data/RAW/LOT/LP_335-12/2020-06-12/LP_335-12-20200612@163445-Eden.fits (130/274) (dry run)
Storing LOT20200612-LP_335-12_mod/LP_335-12-20200612@163558-Eden.fts -> s3://eden-data/RAW/LOT/LP_335-12/2020-06-12/LP_335-12-20200612@163558-Eden.fits (131/274) (dry run)
Storing LOT20200612-LP_335-12_mod/LP_335-12-20200612@163712-Eden.fts -> s3://eden-data/RAW/LOT/LP_335-12/2020-06-12/LP_335-12-20200612@163712-Eden.fits (132/274) (dry run)
Storing LOT20200612-LP_335-12_mod/LP_335-12-20200612@163825-Eden.fts -> s3://eden-data/RAW/LOT/LP_335-12/2020-06-12/LP_335-12-20200612@163825-Eden.fits (133/274) (dry run)
Storing LOT20200612-LP_335-12_mod/LP_335-12-20200612@163938-Eden.fts -> s3://eden-data/RAW/LOT/LP_335-12/2020-06-12/LP_335-12-20200612@163938-Eden.fits (134/274) (dry run)
Storing LOT20200612-LP_335-12_mod/LP_335-12-20200612@164051-Eden.fts -> s3://eden-data/RAW/LOT/LP_335-12/2020-06-12/LP_335-12-20200612@164051-Eden.fits (135/274) (dry run)
Storing LOT20200612-LP_335-12_mod/LP_335-12-20200612@164203-Eden.fts -> s3://eden-data/RAW/LOT/LP_335-12/2020-06-12/LP_335-12-20200612@164203-Eden.fits (136/274) (dry run)
Storing LOT20200612-LP_335-12_mod/LP_335-12-20200612@164315-Eden.fts -> s3://eden-data/RAW/LOT/LP_335-12/2020-06-12/LP_335-12-20200612@164315-Eden.fits (137/274) (dry run)
Storing LOT20200612-LP_335-12_mod/LP_335-12-20200612@164428-Eden.fts -> s3://eden-data/RAW/LOT/LP_335-12/2020-06-12/LP_335-12-20200612@164428-Eden.fits (138/274) (dry run)
Storing LOT20200612-LP_335-12_mod/LP_335-12-20200612@164539-Eden.fts -> s3://eden-data/RAW/LOT/LP_335-12/2020-06-12/LP_335-12-20200612@164539-Eden.fits (139/274) (dry run)
Storing LOT20200612-LP_335-12_mod/LP_335-12-20200612@164651-Eden.fts -> s3://eden-data/RAW/LOT/LP_335-12/2020-06-12/LP_335-12-20200612@164651-Eden.fits (140/274) (dry run)
Storing LOT20200612-LP_335-12_mod/LP_335-12-20200612@164805-Eden.fts -> s3://eden-data/RAW/LOT/LP_335-12/2020-06-12/LP_335-12-20200612@164805-Eden.fits (141/274) (dry run)
Storing LOT20200612-LP_335-12_mod/LP_335-12-20200612@164916-Eden.fts -> s3://eden-data/RAW/LOT/LP_335-12/2020-06-12/LP_335-12-20200612@164916-Eden.fits (142/274) (dry run)
Storing LOT20200612-LP_335-12_mod/LP_335-12-20200612@165028-Eden.fts -> s3://eden-data/RAW/LOT/LP_335-12/2020-06-12/LP_335-12-20200612@165028-Eden.fits (143/274) (dry run)
Storing LOT20200612-LP_335-12_mod/LP_335-12-20200612@165140-Eden.fts -> s3://eden-data/RAW/LOT/LP_335-12/2020-06-12/LP_335-12-20200612@165140-Eden.fits (144/274) (dry run)
Storing LOT20200612-LP_335-12_mod/LP_335-12-20200612@165251-Eden.fts -> s3://eden-data/RAW/LOT/LP_335-12/2020-06-12/LP_335-12-20200612@165251-Eden.fits (145/274) (dry run)
Storing LOT20200612-LP_335-12_mod/LP_335-12-20200612@165404-Eden.fts -> s3://eden-data/RAW/LOT/LP_335-12/2020-06-12/LP_335-12-20200612@165404-Eden.fits (146/274) (dry run)
Storing LOT20200612-LP_335-12_mod/LP_335-12-20200612@165519-Eden.fts -> s3://eden-data/RAW/LOT/LP_335-12/2020-06-12/LP_335-12-20200612@165519-Eden.fits (147/274) (dry run)
Storing LOT20200612-LP_335-12_mod/LP_335-12-20200612@165631-Eden.fts -> s3://eden-data/RAW/LOT/LP_335-12/2020-06-12/LP_335-12-20200612@165631-Eden.fits (148/274) (dry run)
Storing LOT20200612-LP_335-12_mod/LP_335-12-20200612@165743-Eden.fts -> s3://eden-data/RAW/LOT/LP_335-12/2020-06-12/LP_335-12-20200612@165743-Eden.fits (149/274) (dry run)
Storing LOT20200612-LP_335-12_mod/LP_335-12-20200612@165855-Eden.fts -> s3://eden-data/RAW/LOT/LP_335-12/2020-06-12/LP_335-12-20200612@165855-Eden.fits (150/274) (dry run)
Storing LOT20200612-LP_335-12_mod/LP_335-12-20200612@170008-Eden.fts -> s3://eden-data/RAW/LOT/LP_335-12/2020-06-12/LP_335-12-20200612@170008-Eden.fits (151/274) (dry run)
Storing LOT20200612-LP_335-12_mod/LP_335-12-20200612@170120-Eden.fts -> s3://eden-data/RAW/LOT/LP_335-12/2020-06-12/LP_335-12-20200612@170120-Eden.fits (152/274) (dry run)
Storing LOT20200612-LP_335-12_mod/LP_335-12-20200612@170232-Eden.fts -> s3://eden-data/RAW/LOT/LP_335-12/2020-06-12/LP_335-12-20200612@170232-Eden.fits (153/274) (dry run)
Storing LOT20200612-LP_335-12_mod/LP_335-12-20200612@170344-Eden.fts -> s3://eden-data/RAW/LOT/LP_335-12/2020-06-12/LP_335-12-20200612@170344-Eden.fits (154/274) (dry run)
Storing LOT20200612-LP_335-12_mod/LP_335-12-20200612@170457-Eden.fts -> s3://eden-data/RAW/LOT/LP_335-12/2020-06-12/LP_335-12-20200612@170457-Eden.fits (155/274) (dry run)
Storing LOT20200612-LP_335-12_mod/LP_335-12-20200612@170609-Eden.fts -> s3://eden-data/RAW/LOT/LP_335-12/2020-06-12/LP_335-12-20200612@170609-Eden.fits (156/274) (dry run)
Storing LOT20200612-LP_335-12_mod/LP_335-12-20200612@170722-Eden.fts -> s3://eden-data/RAW/LOT/LP_335-12/2020-06-12/LP_335-12-20200612@170722-Eden.fits (157/274) (dry run)
Storing LOT20200612-LP_335-12_mod/LP_335-12-20200612@170833-Eden.fts -> s3://eden-data/RAW/LOT/LP_335-12/2020-06-12/LP_335-12-20200612@170833-Eden.fits (158/274) (dry run)
Storing LOT20200612-LP_335-12_mod/LP_335-12-20200612@170947-Eden.fts -> s3://eden-data/RAW/LOT/LP_335-12/2020-06-12/LP_335-12-20200612@170947-Eden.fits (159/274) (dry run)
Storing LOT20200612-LP_335-12_mod/LP_335-12-20200612@171059-Eden.fts -> s3://eden-data/RAW/LOT/LP_335-12/2020-06-12/LP_335-12-20200612@171059-Eden.fits (160/274) (dry run)
Storing LOT20200612-LP_335-12_mod/LP_335-12-20200612@171210-Eden.fts -> s3://eden-data/RAW/LOT/LP_335-12/2020-06-12/LP_335-12-20200612@171210-Eden.fits (161/274) (dry run)
Storing LOT20200612-LP_335-12_mod/LP_335-12-20200612@171322-Eden.fts -> s3://eden-data/RAW/LOT/LP_335-12/2020-06-12/LP_335-12-20200612@171322-Eden.fits (162/274) (dry run)
Storing LOT20200612-LP_335-12_mod/LP_335-12-20200612@171435-Eden.fts -> s3://eden-data/RAW/LOT/LP_335-12/2020-06-12/LP_335-12-20200612@171435-Eden.fits (163/274) (dry run)
Storing LOT20200612-LP_335-12_mod/LP_335-12-20200612@171547-Eden.fts -> s3://eden-data/RAW/LOT/LP_335-12/2020-06-12/LP_335-12-20200612@171547-Eden.fits (164/274) (dry run)
Storing LOT20200612-LP_335-12_mod/LP_335-12-20200612@171659-Eden.fts -> s3://eden-data/RAW/LOT/LP_335-12/2020-06-12/LP_335-12-20200612@171659-Eden.fits (165/274) (dry run)
Storing LOT20200612-LP_335-12_mod/LP_335-12-20200612@171811-Eden.fts -> s3://eden-data/RAW/LOT/LP_335-12/2020-06-12/LP_335-12-20200612@171811-Eden.fits (166/274) (dry run)
Storing LOT20200612-LP_335-12_mod/LP_335-12-20200612@171923-Eden.fts -> s3://eden-data/RAW/LOT/LP_335-12/2020-06-12/LP_335-12-20200612@171923-Eden.fits (167/274) (dry run)
Storing LOT20200612-LP_335-12_mod/LP_335-12-20200612@172034-Eden.fts -> s3://eden-data/RAW/LOT/LP_335-12/2020-06-12/LP_335-12-20200612@172034-Eden.fits (168/274) (dry run)
Storing LOT20200612-LP_335-12_mod/LP_335-12-20200612@172147-Eden.fts -> s3://eden-data/RAW/LOT/LP_335-12/2020-06-12/LP_335-12-20200612@172147-Eden.fits (169/274) (dry run)
Storing LOT20200612-LP_335-12_mod/LP_335-12-20200612@172259-Eden.fts -> s3://eden-data/RAW/LOT/LP_335-12/2020-06-12/LP_335-12-20200612@172259-Eden.fits (170/274) (dry run)
Storing LOT20200612-LP_335-12_mod/LP_335-12-20200612@172411-Eden.fts -> s3://eden-data/RAW/LOT/LP_335-12/2020-06-12/LP_335-12-20200612@172411-Eden.fits (171/274) (dry run)
Storing LOT20200612-LP_335-12_mod/LP_335-12-20200612@172525-Eden.fts -> s3://eden-data/RAW/LOT/LP_335-12/2020-06-12/LP_335-12-20200612@172525-Eden.fits (172/274) (dry run)
Storing LOT20200612-LP_335-12_mod/LP_335-12-20200612@172637-Eden.fts -> s3://eden-data/RAW/LOT/LP_335-12/2020-06-12/LP_335-12-20200612@172637-Eden.fits (173/274) (dry run)
Storing LOT20200612-LP_335-12_mod/LP_335-12-20200612@172749-Eden.fts -> s3://eden-data/RAW/LOT/LP_335-12/2020-06-12/LP_335-12-20200612@172749-Eden.fits (174/274) (dry run)
Storing LOT20200612-LP_335-12_mod/LP_335-12-20200612@172902-Eden.fts -> s3://eden-data/RAW/LOT/LP_335-12/2020-06-12/LP_335-12-20200612@172902-Eden.fits (175/274) (dry run)
Storing LOT20200612-LP_335-12_mod/LP_335-12-20200612@173014-Eden.fts -> s3://eden-data/RAW/LOT/LP_335-12/2020-06-12/LP_335-12-20200612@173014-Eden.fits (176/274) (dry run)
Storing LOT20200612-LP_335-12_mod/LP_335-12-20200612@173127-Eden.fts -> s3://eden-data/RAW/LOT/LP_335-12/2020-06-12/LP_335-12-20200612@173127-Eden.fits (177/274) (dry run)
Storing LOT20200612-LP_335-12_mod/LP_335-12-20200612@173238-Eden.fts -> s3://eden-data/RAW/LOT/LP_335-12/2020-06-12/LP_335-12-20200612@173238-Eden.fits (178/274) (dry run)
Storing LOT20200612-LP_335-12_mod/LP_335-12-20200612@173350-Eden.fts -> s3://eden-data/RAW/LOT/LP_335-12/2020-06-12/LP_335-12-20200612@173350-Eden.fits (179/274) (dry run)
Storing LOT20200612-LP_335-12_mod/LP_335-12-20200612@173503-Eden.fts -> s3://eden-data/RAW/LOT/LP_335-12/2020-06-12/LP_335-12-20200612@173503-Eden.fits (180/274) (dry run)
Storing LOT20200612-LP_335-12_mod/LP_335-12-20200612@173615-Eden.fts -> s3://eden-data/RAW/LOT/LP_335-12/2020-06-12/LP_335-12-20200612@173615-Eden.fits (181/274) (dry run)
Storing LOT20200612-LP_335-12_mod/LP_335-12-20200612@173727-Eden.fts -> s3://eden-data/RAW/LOT/LP_335-12/2020-06-12/LP_335-12-20200612@173727-Eden.fits (182/274) (dry run)
Storing LOT20200612-LP_335-12_mod/LP_335-12-20200612@173839-Eden.fts -> s3://eden-data/RAW/LOT/LP_335-12/2020-06-12/LP_335-12-20200612@173839-Eden.fits (183/274) (dry run)
Storing LOT20200612-LP_335-12_mod/LP_335-12-20200612@173951-Eden.fts -> s3://eden-data/RAW/LOT/LP_335-12/2020-06-12/LP_335-12-20200612@173951-Eden.fits (184/274) (dry run)
Storing LOT20200612-LP_335-12_mod/LP_335-12-20200612@174103-Eden.fts -> s3://eden-data/RAW/LOT/LP_335-12/2020-06-12/LP_335-12-20200612@174103-Eden.fits (185/274) (dry run)
Storing LOT20200612-LP_335-12_mod/LP_335-12-20200612@174215-Eden.fts -> s3://eden-data/RAW/LOT/LP_335-12/2020-06-12/LP_335-12-20200612@174215-Eden.fits (186/274) (dry run)
Storing LOT20200612-LP_335-12_mod/LP_335-12-20200612@174329-Eden.fts -> s3://eden-data/RAW/LOT/LP_335-12/2020-06-12/LP_335-12-20200612@174329-Eden.fits (187/274) (dry run)
Storing LOT20200612-LP_335-12_mod/LP_335-12-20200612@174442-Eden.fts -> s3://eden-data/RAW/LOT/LP_335-12/2020-06-12/LP_335-12-20200612@174442-Eden.fits (188/274) (dry run)
Storing LOT20200612-LP_335-12_mod/LP_335-12-20200612@174553-Eden.fts -> s3://eden-data/RAW/LOT/LP_335-12/2020-06-12/LP_335-12-20200612@174553-Eden.fits (189/274) (dry run)
Storing LOT20200612-LP_335-12_mod/LP_335-12-20200612@174706-Eden.fts -> s3://eden-data/RAW/LOT/LP_335-12/2020-06-12/LP_335-12-20200612@174706-Eden.fits (190/274) (dry run)
Storing LOT20200612-LP_335-12_mod/LP_335-12-20200612@174817-Eden.fts -> s3://eden-data/RAW/LOT/LP_335-12/2020-06-12/LP_335-12-20200612@174817-Eden.fits (191/274) (dry run)
Storing LOT20200612-LP_335-12_mod/LP_335-12-20200612@174930-Eden.fts -> s3://eden-data/RAW/LOT/LP_335-12/2020-06-12/LP_335-12-20200612@174930-Eden.fits (192/274) (dry run)
Storing LOT20200612-LP_335-12_mod/LP_335-12-20200612@175042-Eden.fts -> s3://eden-data/RAW/LOT/LP_335-12/2020-06-12/LP_335-12-20200612@175042-Eden.fits (193/274) (dry run)
Storing LOT20200612-LP_335-12_mod/LP_335-12-20200612@175155-Eden.fts -> s3://eden-data/RAW/LOT/LP_335-12/2020-06-12/LP_335-12-20200612@175155-Eden.fits (194/274) (dry run)
Storing LOT20200612-LP_335-12_mod/LP_335-12-20200612@175307-Eden.fts -> s3://eden-data/RAW/LOT/LP_335-12/2020-06-12/LP_335-12-20200612@175307-Eden.fits (195/274) (dry run)
Storing LOT20200612-LP_335-12_mod/LP_335-12-20200612@175418-Eden.fts -> s3://eden-data/RAW/LOT/LP_335-12/2020-06-12/LP_335-12-20200612@175418-Eden.fits (196/274) (dry run)
Storing LOT20200612-LP_335-12_mod/LP_335-12-20200612@175530-Eden.fts -> s3://eden-data/RAW/LOT/LP_335-12/2020-06-12/LP_335-12-20200612@175530-Eden.fits (197/274) (dry run)
Storing LOT20200612-LP_335-12_mod/LP_335-12-20200612@175643-Eden.fts -> s3://eden-data/RAW/LOT/LP_335-12/2020-06-12/LP_335-12-20200612@175643-Eden.fits (198/274) (dry run)
Storing LOT20200612-LP_335-12_mod/LP_335-12-20200612@175757-Eden.fts -> s3://eden-data/RAW/LOT/LP_335-12/2020-06-12/LP_335-12-20200612@175757-Eden.fits (199/274) (dry run)
Storing LOT20200612-LP_335-12_mod/LP_335-12-20200612@175908-Eden.fts -> s3://eden-data/RAW/LOT/LP_335-12/2020-06-12/LP_335-12-20200612@175908-Eden.fits (200/274) (dry run)
Storing LOT20200612-LP_335-12_mod/LP_335-12-20200612@180022-Eden.fts -> s3://eden-data/RAW/LOT/LP_335-12/2020-06-12/LP_335-12-20200612@180022-Eden.fits (201/274) (dry run)
Storing LOT20200612-LP_335-12_mod/LP_335-12-20200612@180133-Eden.fts -> s3://eden-data/RAW/LOT/LP_335-12/2020-06-12/LP_335-12-20200612@180133-Eden.fits (202/274) (dry run)
Storing LOT20200612-LP_335-12_mod/LP_335-12-20200612@180245-Eden.fts -> s3://eden-data/RAW/LOT/LP_335-12/2020-06-12/LP_335-12-20200612@180245-Eden.fits (203/274) (dry run)
Storing LOT20200612-LP_335-12_mod/LP_335-12-20200612@180357-Eden.fts -> s3://eden-data/RAW/LOT/LP_335-12/2020-06-12/LP_335-12-20200612@180357-Eden.fits (204/274) (dry run)
Storing LOT20200612-LP_335-12_mod/LP_335-12-20200612@180510-Eden.fts -> s3://eden-data/RAW/LOT/LP_335-12/2020-06-12/LP_335-12-20200612@180510-Eden.fits (205/274) (dry run)
Storing LOT20200612-LP_335-12_mod/LP_335-12-20200612@180622-Eden.fts -> s3://eden-data/RAW/LOT/LP_335-12/2020-06-12/LP_335-12-20200612@180622-Eden.fits (206/274) (dry run)
Storing LOT20200612-LP_335-12_mod/LP_335-12-20200612@180734-Eden.fts -> s3://eden-data/RAW/LOT/LP_335-12/2020-06-12/LP_335-12-20200612@180734-Eden.fits (207/274) (dry run)
Storing LOT20200612-LP_335-12_mod/LP_335-12-20200612@180845-Eden.fts -> s3://eden-data/RAW/LOT/LP_335-12/2020-06-12/LP_335-12-20200612@180845-Eden.fits (208/274) (dry run)
Storing LOT20200612-LP_335-12_mod/LP_335-12-20200612@180959-Eden.fts -> s3://eden-data/RAW/LOT/LP_335-12/2020-06-12/LP_335-12-20200612@180959-Eden.fits (209/274) (dry run)
Storing LOT20200612-LP_335-12_mod/LP_335-12-20200612@181111-Eden.fts -> s3://eden-data/RAW/LOT/LP_335-12/2020-06-12/LP_335-12-20200612@181111-Eden.fits (210/274) (dry run)
Storing LOT20200612-LP_335-12_mod/LP_335-12-20200612@181224-Eden.fts -> s3://eden-data/RAW/LOT/LP_335-12/2020-06-12/LP_335-12-20200612@181224-Eden.fits (211/274) (dry run)
Storing LOT20200612-LP_335-12_mod/LP_335-12-20200612@181336-Eden.fts -> s3://eden-data/RAW/LOT/LP_335-12/2020-06-12/LP_335-12-20200612@181336-Eden.fits (212/274) (dry run)
Storing LOT20200612-LP_335-12_mod/LP_335-12-20200612@181448-Eden.fts -> s3://eden-data/RAW/LOT/LP_335-12/2020-06-12/LP_335-12-20200612@181448-Eden.fits (213/274) (dry run)
Storing LOT20200612-LP_335-12_mod/LP_335-12-20200612@181601-Eden.fts -> s3://eden-data/RAW/LOT/LP_335-12/2020-06-12/LP_335-12-20200612@181601-Eden.fits (214/274) (dry run)
Storing LOT20200612-LP_335-12_mod/LP_335-12-20200612@181714-Eden.fts -> s3://eden-data/RAW/LOT/LP_335-12/2020-06-12/LP_335-12-20200612@181714-Eden.fits (215/274) (dry run)
Storing LOT20200612-LP_335-12_mod/LP_335-12-20200612@181826-Eden.fts -> s3://eden-data/RAW/LOT/LP_335-12/2020-06-12/LP_335-12-20200612@181826-Eden.fits (216/274) (dry run)
Storing LOT20200612-LP_335-12_mod/LP_335-12-20200612@181939-Eden.fts -> s3://eden-data/RAW/LOT/LP_335-12/2020-06-12/LP_335-12-20200612@181939-Eden.fits (217/274) (dry run)
Storing LOT20200612-LP_335-12_mod/LP_335-12-20200612@182051-Eden.fts -> s3://eden-data/RAW/LOT/LP_335-12/2020-06-12/LP_335-12-20200612@182051-Eden.fits (218/274) (dry run)
Storing LOT20200612-LP_335-12_mod/LP_335-12-20200612@182203-Eden.fts -> s3://eden-data/RAW/LOT/LP_335-12/2020-06-12/LP_335-12-20200612@182203-Eden.fits (219/274) (dry run)
Storing LOT20200612-LP_335-12_mod/LP_335-12-20200612@182314-Eden.fts -> s3://eden-data/RAW/LOT/LP_335-12/2020-06-12/LP_335-12-20200612@182314-Eden.fits (220/274) (dry run)
Storing LOT20200612-LP_335-12_mod/LP_335-12-20200612@182426-Eden.fts -> s3://eden-data/RAW/LOT/LP_335-12/2020-06-12/LP_335-12-20200612@182426-Eden.fits (221/274) (dry run)
Storing LOT20200612-LP_335-12_mod/LP_335-12-20200612@182539-Eden.fts -> s3://eden-data/RAW/LOT/LP_335-12/2020-06-12/LP_335-12-20200612@182539-Eden.fits (222/274) (dry run)
Storing LOT20200612-LP_335-12_mod/LP_335-12-20200612@182651-Eden.fts -> s3://eden-data/RAW/LOT/LP_335-12/2020-06-12/LP_335-12-20200612@182651-Eden.fits (223/274) (dry run)
Storing LOT20200612-LP_335-12_mod/LP_335-12-20200612@182804-Eden.fts -> s3://eden-data/RAW/LOT/LP_335-12/2020-06-12/LP_335-12-20200612@182804-Eden.fits (224/274) (dry run)
Storing LOT20200612-LP_335-12_mod/LP_335-12-20200612@182916-Eden.fts -> s3://eden-data/RAW/LOT/LP_335-12/2020-06-12/LP_335-12-20200612@182916-Eden.fits (225/274) (dry run)
Storing LOT20200612-LP_335-12_mod/LP_335-12-20200612@183028-Eden.fts -> s3://eden-data/RAW/LOT/LP_335-12/2020-06-12/LP_335-12-20200612@183028-Eden.fits (226/274) (dry run)
Storing LOT20200612-LP_335-12_mod/LP_335-12-20200612@183141-Eden.fts -> s3://eden-data/RAW/LOT/LP_335-12/2020-06-12/LP_335-12-20200612@183141-Eden.fits (227/274) (dry run)
Storing LOT20200612-LP_335-12_mod/LP_335-12-20200612@183253-Eden.fts -> s3://eden-data/RAW/LOT/LP_335-12/2020-06-12/LP_335-12-20200612@183253-Eden.fits (228/274) (dry run)
Storing LOT20200612-LP_335-12_mod/LP_335-12-20200612@183405-Eden.fts -> s3://eden-data/RAW/LOT/LP_335-12/2020-06-12/LP_335-12-20200612@183405-Eden.fits (229/274) (dry run)
Storing LOT20200612-LP_335-12_mod/LP_335-12-20200612@183517-Eden.fts -> s3://eden-data/RAW/LOT/LP_335-12/2020-06-12/LP_335-12-20200612@183517-Eden.fits (230/274) (dry run)
Storing LOT20200612-LP_335-12_mod/LP_335-12-20200612@183629-Eden.fts -> s3://eden-data/RAW/LOT/LP_335-12/2020-06-12/LP_335-12-20200612@183629-Eden.fits (231/274) (dry run)
Storing LOT20200612-LP_335-12_mod/LP_335-12-20200612@183741-Eden.fts -> s3://eden-data/RAW/LOT/LP_335-12/2020-06-12/LP_335-12-20200612@183741-Eden.fits (232/274) (dry run)
Storing LOT20200612-LP_335-12_mod/LP_335-12-20200612@183852-Eden.fts -> s3://eden-data/RAW/LOT/LP_335-12/2020-06-12/LP_335-12-20200612@183852-Eden.fits (233/274) (dry run)
Storing LOT20200612-LP_335-12_mod/LP_335-12-20200612@184003-Eden.fts -> s3://eden-data/RAW/LOT/LP_335-12/2020-06-12/LP_335-12-20200612@184003-Eden.fits (234/274) (dry run)
Storing LOT20200612-LP_335-12_mod/LP_335-12-20200612@184117-Eden.fts -> s3://eden-data/RAW/LOT/LP_335-12/2020-06-12/LP_335-12-20200612@184117-Eden.fits (235/274) (dry run)
Storing LOT20200612-LP_335-12_mod/LP_335-12-20200612@184229-Eden.fts -> s3://eden-data/RAW/LOT/LP_335-12/2020-06-12/LP_335-12-20200612@184229-Eden.fits (236/274) (dry run)
Storing LOT20200612-LP_335-12_mod/LP_335-12-20200612@184342-Eden.fts -> s3://eden-data/RAW/LOT/LP_335-12/2020-06-12/LP_335-12-20200612@184342-Eden.fits (237/274) (dry run)
Storing LOT20200612-LP_335-12_mod/LP_335-12-20200612@184454-Eden.fts -> s3://eden-data/RAW/LOT/LP_335-12/2020-06-12/LP_335-12-20200612@184454-Eden.fits (238/274) (dry run)
Storing LOT20200612-LP_335-12_mod/LP_335-12-20200612@184607-Eden.fts -> s3://eden-data/RAW/LOT/LP_335-12/2020-06-12/LP_335-12-20200612@184607-Eden.fits (239/274) (dry run)
Storing LOT20200612-LP_335-12_mod/LP_335-12-20200612@184720-Eden.fts -> s3://eden-data/RAW/LOT/LP_335-12/2020-06-12/LP_335-12-20200612@184720-Eden.fits (240/274) (dry run)
Storing LOT20200612-LP_335-12_mod/LP_335-12-20200612@184832-Eden.fts -> s3://eden-data/RAW/LOT/LP_335-12/2020-06-12/LP_335-12-20200612@184832-Eden.fits (241/274) (dry run)
Storing LOT20200612-LP_335-12_mod/LP_335-12-20200612@184944-Eden.fts -> s3://eden-data/RAW/LOT/LP_335-12/2020-06-12/LP_335-12-20200612@184944-Eden.fits (242/274) (dry run)
Storing LOT20200612-LP_335-12_mod/LP_335-12-20200612@185056-Eden.fts -> s3://eden-data/RAW/LOT/LP_335-12/2020-06-12/LP_335-12-20200612@185056-Eden.fits (243/274) (dry run)
Storing LOT20200612-LP_335-12_mod/LP_335-12-20200612@185208-Eden.fts -> s3://eden-data/RAW/LOT/LP_335-12/2020-06-12/LP_335-12-20200612@185208-Eden.fits (244/274) (dry run)
Storing LOT20200612-LP_335-12_mod/LP_335-12-20200612@185320-Eden.fts -> s3://eden-data/RAW/LOT/LP_335-12/2020-06-12/LP_335-12-20200612@185320-Eden.fits (245/274) (dry run)
Storing LOT20200612-LP_335-12_mod/LP_335-12-20200612@185432-Eden.fts -> s3://eden-data/RAW/LOT/LP_335-12/2020-06-12/LP_335-12-20200612@185432-Eden.fits (246/274) (dry run)
Storing LOT20200612-LP_335-12_mod/LP_335-12-20200612@185545-Eden.fts -> s3://eden-data/RAW/LOT/LP_335-12/2020-06-12/LP_335-12-20200612@185545-Eden.fits (247/274) (dry run)
Storing LOT20200612-LP_335-12_mod/LP_335-12-20200612@185657-Eden.fts -> s3://eden-data/RAW/LOT/LP_335-12/2020-06-12/LP_335-12-20200612@185657-Eden.fits (248/274) (dry run)
Storing LOT20200612-LP_335-12_mod/LP_335-12-20200612@185809-Eden.fts -> s3://eden-data/RAW/LOT/LP_335-12/2020-06-12/LP_335-12-20200612@185809-Eden.fits (249/274) (dry run)
Storing LOT20200612-LP_335-12_mod/LP_335-12-20200612@185920-Eden.fts -> s3://eden-data/RAW/LOT/LP_335-12/2020-06-12/LP_335-12-20200612@185920-Eden.fits (250/274) (dry run)
Storing LOT20200612-LP_335-12_mod/LP_335-12-20200612@190033-Eden.fts -> s3://eden-data/RAW/LOT/LP_335-12/2020-06-12/LP_335-12-20200612@190033-Eden.fits (251/274) (dry run)
Storing LOT20200612-LP_335-12_mod/LP_335-12-20200612@190146-Eden.fts -> s3://eden-data/RAW/LOT/LP_335-12/2020-06-12/LP_335-12-20200612@190146-Eden.fits (252/274) (dry run)
Storing LOT20200612-LP_335-12_mod/LP_335-12-20200612@190258-Eden.fts -> s3://eden-data/RAW/LOT/LP_335-12/2020-06-12/LP_335-12-20200612@190258-Eden.fits (253/274) (dry run)
Storing LOT20200612-LP_335-12_mod/LP_335-12-20200612@190410-Eden.fts -> s3://eden-data/RAW/LOT/LP_335-12/2020-06-12/LP_335-12-20200612@190410-Eden.fits (254/274) (dry run)
Storing LOT20200612-LP_335-12_mod/LP_335-12-20200612@190522-Eden.fts -> s3://eden-data/RAW/LOT/LP_335-12/2020-06-12/LP_335-12-20200612@190522-Eden.fits (255/274) (dry run)
Storing LOT20200612-LP_335-12_mod/LP_335-12-20200612@190634-Eden.fts -> s3://eden-data/RAW/LOT/LP_335-12/2020-06-12/LP_335-12-20200612@190634-Eden.fits (256/274) (dry run)
Storing LOT20200612-LP_335-12_mod/LP_335-12-20200612@190747-Eden.fts -> s3://eden-data/RAW/LOT/LP_335-12/2020-06-12/LP_335-12-20200612@190747-Eden.fits (257/274) (dry run)
Storing LOT20200612-LP_335-12_mod/LP_335-12-20200612@190900-Eden.fts -> s3://eden-data/RAW/LOT/LP_335-12/2020-06-12/LP_335-12-20200612@190900-Eden.fits (258/274) (dry run)
Storing LOT20200612-LP_335-12_mod/LP_335-12-20200612@191013-Eden.fts -> s3://eden-data/RAW/LOT/LP_335-12/2020-06-12/LP_335-12-20200612@191013-Eden.fits (259/274) (dry run)
Storing LOT20200612-LP_335-12_mod/LP_335-12-20200612@191127-Eden.fts -> s3://eden-data/RAW/LOT/LP_335-12/2020-06-12/LP_335-12-20200612@191127-Eden.fits (260/274) (dry run)
Storing LOT20200612-LP_335-12_mod/LP_335-12-20200612@191240-Eden.fts -> s3://eden-data/RAW/LOT/LP_335-12/2020-06-12/LP_335-12-20200612@191240-Eden.fits (261/274) (dry run)
Storing LOT20200612-LP_335-12_mod/LP_335-12-20200612@191354-Eden.fts -> s3://eden-data/RAW/LOT/LP_335-12/2020-06-12/LP_335-12-20200612@191354-Eden.fits (262/274) (dry run)
Storing LOT20200612-LP_335-12_mod/LP_335-12-20200612@191507-Eden.fts -> s3://eden-data/RAW/LOT/LP_335-12/2020-06-12/LP_335-12-20200612@191507-Eden.fits (263/274) (dry run)
Storing LOT20200612-LP_335-12_mod/LP_335-12-20200612@191620-Eden.fts -> s3://eden-data/RAW/LOT/LP_335-12/2020-06-12/LP_335-12-20200612@191620-Eden.fits (264/274) (dry run)
Storing LOT20200612-LP_335-12_mod/LP_335-12-20200612@191733-Eden.fts -> s3://eden-data/RAW/LOT/LP_335-12/2020-06-12/LP_335-12-20200612@191733-Eden.fits (265/274) (dry run)
Storing LOT20200612-LP_335-12_mod/LP_335-12-20200612@191845-Eden.fts -> s3://eden-data/RAW/LOT/LP_335-12/2020-06-12/LP_335-12-20200612@191845-Eden.fits (266/274) (dry run)
Storing LOT20200612-LP_335-12_mod/LP_335-12-20200612@191957-Eden.fts -> s3://eden-data/RAW/LOT/LP_335-12/2020-06-12/LP_335-12-20200612@191957-Eden.fits (267/274) (dry run)
Storing LOT20200612-LP_335-12_mod/LP_335-12-20200612@192109-Eden.fts -> s3://eden-data/RAW/LOT/LP_335-12/2020-06-12/LP_335-12-20200612@192109-Eden.fits (268/274) (dry run)
Storing LOT20200612-LP_335-12_mod/LP_335-12-20200612@192222-Eden.fts -> s3://eden-data/RAW/LOT/LP_335-12/2020-06-12/LP_335-12-20200612@192222-Eden.fits (269/274) (dry run)
Storing LOT20200612-LP_335-12_mod/LP_335-12-20200612@192334-Eden.fts -> s3://eden-data/RAW/LOT/LP_335-12/2020-06-12/LP_335-12-20200612@192334-Eden.fits (270/274) (dry run)
Storing LOT20200612-LP_335-12_mod/LP_335-12-20200612@192446-Eden.fts -> s3://eden-data/RAW/LOT/LP_335-12/2020-06-12/LP_335-12-20200612@192446-Eden.fits (271/274) (dry run)
Storing LOT20200612-LP_335-12_mod/LP_335-12-20200612@192557-Eden.fts -> s3://eden-data/RAW/LOT/LP_335-12/2020-06-12/LP_335-12-20200612@192557-Eden.fits (272/274) (dry run)
Storing LOT20200612-LP_335-12_mod/LP_335-12-20200612@192709-Eden.fts -> s3://eden-data/RAW/LOT/LP_335-12/2020-06-12/LP_335-12-20200612@192709-Eden.fits (273/274) (dry run)
Storing LOT20200612-LP_335-12_mod/LP_335-12-20200612@192822-Eden.fts -> s3://eden-data/RAW/LOT/LP_335-12/2020-06-12/LP_335-12-20200612@192822-Eden.fits (274/274) (dry run)

Dry run complete! Run again without --dryrun to commit the changes above.
Stored: 274 files (2.3 GB)
