-----------------
input parameters
-----------------
['modify_header_name_eden.py', 'LOT20210506_LP_220-13', '28']
Your will modify header for: LP_220-13 [RA] 13 56 41.4636 [Dec] +43 42 59.1835 [Filter] GG495
---------------
folder: LOT20210506_LP_220-13
will update fits in: LOT20210506_LP_220-13_mod
 ---------------------------
 Exame Fits Header for Bias
 ---------------------------
find ./LOT20210506_LP_220-13/bias-dark/ | grep 'fits\|fts'|sort 
found 0 Bias/Dark
no files in ./bias-dark/
 ---------------------------
 Exame Fits Header for Flat
 ---------------------------
find ./LOT20210506_LP_220-13/ | grep flat/ | grep -E 'fits|fts'|sort -t'-' -k2.4,2.6 
found 0 Flat
no files in ./flat/
 ---------------------------
 Exame Fits Header for Additional Dark for Flat
 ---------------------------
find ./LOT20210506_LP_220-13/ | grep flat/ |grep dark| grep -E 'fits|fts'|sort -t'-' -k2.4,2.6 
found 0 Additional Dark for Flat
no additional dark for flat in ./flat/
 ---------------------------
 Modify filename for Science Target
 ---------------------------
... update header ...
1/196 LP_220-13-20210506@162433-Eden.fts [TYPE] LIGHT [OBJ] LP_220-13 [RA] 13 56 41.4636 [Dec] +43 42 59.1835 [FIL] GG495 [EXPTIME] 60.0 [Date] 2021-05-06T16:24:33 [Time] 16:24:33
2/196 LP_220-13-20210506@162546-Eden.fts [TYPE] LIGHT [OBJ] LP_220-13 [RA] 13 56 41.4636 [Dec] +43 42 59.1835 [FIL] GG495 [EXPTIME] 60.0 [Date] 2021-05-06T16:25:46 [Time] 16:25:46
3/196 LP_220-13-20210506@162658-Eden.fts [TYPE] LIGHT [OBJ] LP_220-13 [RA] 13 56 41.4636 [Dec] +43 42 59.1835 [FIL] GG495 [EXPTIME] 60.0 [Date] 2021-05-06T16:26:58 [Time] 16:26:58
4/196 LP_220-13-20210506@162811-Eden.fts [TYPE] LIGHT [OBJ] LP_220-13 [RA] 13 56 41.4636 [Dec] +43 42 59.1835 [FIL] GG495 [EXPTIME] 60.0 [Date] 2021-05-06T16:28:11 [Time] 16:28:11
5/196 LP_220-13-20210506@162922-Eden.fts [TYPE] LIGHT [OBJ] LP_220-13 [RA] 13 56 41.4636 [Dec] +43 42 59.1835 [FIL] GG495 [EXPTIME] 60.0 [Date] 2021-05-06T16:29:22 [Time] 16:29:22
6/196 LP_220-13-20210506@163036-Eden.fts [TYPE] LIGHT [OBJ] LP_220-13 [RA] 13 56 41.4636 [Dec] +43 42 59.1835 [FIL] GG495 [EXPTIME] 60.0 [Date] 2021-05-06T16:30:36 [Time] 16:30:36
7/196 LP_220-13-20210506@163149-Eden.fts [TYPE] LIGHT [OBJ] LP_220-13 [RA] 13 56 41.4636 [Dec] +43 42 59.1835 [FIL] GG495 [EXPTIME] 60.0 [Date] 2021-05-06T16:31:49 [Time] 16:31:49
8/196 LP_220-13-20210506@163301-Eden.fts [TYPE] LIGHT [OBJ] LP_220-13 [RA] 13 56 41.4636 [Dec] +43 42 59.1835 [FIL] GG495 [EXPTIME] 60.0 [Date] 2021-05-06T16:33:01 [Time] 16:33:01
9/196 LP_220-13-20210506@163416-Eden.fts [TYPE] LIGHT [OBJ] LP_220-13 [RA] 13 56 41.4636 [Dec] +43 42 59.1835 [FIL] GG495 [EXPTIME] 60.0 [Date] 2021-05-06T16:34:16 [Time] 16:34:16
10/196 LP_220-13-20210506@163527-Eden.fts [TYPE] LIGHT [OBJ] LP_220-13 [RA] 13 56 41.4636 [Dec] +43 42 59.1835 [FIL] GG495 [EXPTIME] 60.0 [Date] 2021-05-06T16:35:27 [Time] 16:35:27
11/196 LP_220-13-20210506@163640-Eden.fts [TYPE] LIGHT [OBJ] LP_220-13 [RA] 13 56 41.4636 [Dec] +43 42 59.1835 [FIL] GG495 [EXPTIME] 60.0 [Date] 2021-05-06T16:36:40 [Time] 16:36:40
12/196 LP_220-13-20210506@163752-Eden.fts [TYPE] LIGHT [OBJ] LP_220-13 [RA] 13 56 41.4636 [Dec] +43 42 59.1835 [FIL] GG495 [EXPTIME] 60.0 [Date] 2021-05-06T16:37:52 [Time] 16:37:52
13/196 LP_220-13-20210506@163904-Eden.fts [TYPE] LIGHT [OBJ] LP_220-13 [RA] 13 56 41.4636 [Dec] +43 42 59.1835 [FIL] GG495 [EXPTIME] 60.0 [Date] 2021-05-06T16:39:04 [Time] 16:39:04
14/196 LP_220-13-20210506@164015-Eden.fts [TYPE] LIGHT [OBJ] LP_220-13 [RA] 13 56 41.4636 [Dec] +43 42 59.1835 [FIL] GG495 [EXPTIME] 60.0 [Date] 2021-05-06T16:40:15 [Time] 16:40:15
15/196 LP_220-13-20210506@164128-Eden.fts [TYPE] LIGHT [OBJ] LP_220-13 [RA] 13 56 41.4636 [Dec] +43 42 59.1835 [FIL] GG495 [EXPTIME] 60.0 [Date] 2021-05-06T16:41:28 [Time] 16:41:28
16/196 LP_220-13-20210506@164240-Eden.fts [TYPE] LIGHT [OBJ] LP_220-13 [RA] 13 56 41.4636 [Dec] +43 42 59.1835 [FIL] GG495 [EXPTIME] 60.0 [Date] 2021-05-06T16:42:40 [Time] 16:42:40
17/196 LP_220-13-20210506@164353-Eden.fts [TYPE] LIGHT [OBJ] LP_220-13 [RA] 13 56 41.4636 [Dec] +43 42 59.1835 [FIL] GG495 [EXPTIME] 60.0 [Date] 2021-05-06T16:43:53 [Time] 16:43:53
18/196 LP_220-13-20210506@164505-Eden.fts [TYPE] LIGHT [OBJ] LP_220-13 [RA] 13 56 41.4636 [Dec] +43 42 59.1835 [FIL] GG495 [EXPTIME] 60.0 [Date] 2021-05-06T16:45:05 [Time] 16:45:05
19/196 LP_220-13-20210506@164617-Eden.fts [TYPE] LIGHT [OBJ] LP_220-13 [RA] 13 56 41.4636 [Dec] +43 42 59.1835 [FIL] GG495 [EXPTIME] 60.0 [Date] 2021-05-06T16:46:17 [Time] 16:46:17
20/196 LP_220-13-20210506@164730-Eden.fts [TYPE] LIGHT [OBJ] LP_220-13 [RA] 13 56 41.4636 [Dec] +43 42 59.1835 [FIL] GG495 [EXPTIME] 60.0 [Date] 2021-05-06T16:47:30 [Time] 16:47:30
21/196 LP_220-13-20210506@164842-Eden.fts [TYPE] LIGHT [OBJ] LP_220-13 [RA] 13 56 41.4636 [Dec] +43 42 59.1835 [FIL] GG495 [EXPTIME] 60.0 [Date] 2021-05-06T16:48:42 [Time] 16:48:42
22/196 LP_220-13-20210506@164955-Eden.fts [TYPE] LIGHT [OBJ] LP_220-13 [RA] 13 56 41.4636 [Dec] +43 42 59.1835 [FIL] GG495 [EXPTIME] 60.0 [Date] 2021-05-06T16:49:55 [Time] 16:49:55
23/196 LP_220-13-20210506@165108-Eden.fts [TYPE] LIGHT [OBJ] LP_220-13 [RA] 13 56 41.4636 [Dec] +43 42 59.1835 [FIL] GG495 [EXPTIME] 60.0 [Date] 2021-05-06T16:51:08 [Time] 16:51:08
24/196 LP_220-13-20210506@165219-Eden.fts [TYPE] LIGHT [OBJ] LP_220-13 [RA] 13 56 41.4636 [Dec] +43 42 59.1835 [FIL] GG495 [EXPTIME] 60.0 [Date] 2021-05-06T16:52:19 [Time] 16:52:19
25/196 LP_220-13-20210506@165331-Eden.fts [TYPE] LIGHT [OBJ] LP_220-13 [RA] 13 56 41.4636 [Dec] +43 42 59.1835 [FIL] GG495 [EXPTIME] 60.0 [Date] 2021-05-06T16:53:31 [Time] 16:53:31
26/196 LP_220-13-20210506@165444-Eden.fts [TYPE] LIGHT [OBJ] LP_220-13 [RA] 13 56 41.4636 [Dec] +43 42 59.1835 [FIL] GG495 [EXPTIME] 60.0 [Date] 2021-05-06T16:54:44 [Time] 16:54:44
27/196 LP_220-13-20210506@165556-Eden.fts [TYPE] LIGHT [OBJ] LP_220-13 [RA] 13 56 41.4636 [Dec] +43 42 59.1835 [FIL] GG495 [EXPTIME] 60.0 [Date] 2021-05-06T16:55:56 [Time] 16:55:56
28/196 LP_220-13-20210506@165710-Eden.fts [TYPE] LIGHT [OBJ] LP_220-13 [RA] 13 56 41.4636 [Dec] +43 42 59.1835 [FIL] GG495 [EXPTIME] 60.0 [Date] 2021-05-06T16:57:10 [Time] 16:57:10
29/196 LP_220-13-20210506@165822-Eden.fts [TYPE] LIGHT [OBJ] LP_220-13 [RA] 13 56 41.4636 [Dec] +43 42 59.1835 [FIL] GG495 [EXPTIME] 60.0 [Date] 2021-05-06T16:58:22 [Time] 16:58:22
30/196 LP_220-13-20210506@165934-Eden.fts [TYPE] LIGHT [OBJ] LP_220-13 [RA] 13 56 41.4636 [Dec] +43 42 59.1835 [FIL] GG495 [EXPTIME] 60.0 [Date] 2021-05-06T16:59:34 [Time] 16:59:34
31/196 LP_220-13-20210506@170045-Eden.fts [TYPE] LIGHT [OBJ] LP_220-13 [RA] 13 56 41.4636 [Dec] +43 42 59.1835 [FIL] GG495 [EXPTIME] 60.0 [Date] 2021-05-06T17:00:45 [Time] 17:00:45
32/196 LP_220-13-20210506@170157-Eden.fts [TYPE] LIGHT [OBJ] LP_220-13 [RA] 13 56 41.4636 [Dec] +43 42 59.1835 [FIL] GG495 [EXPTIME] 60.0 [Date] 2021-05-06T17:01:57 [Time] 17:01:57
33/196 LP_220-13-20210506@170309-Eden.fts [TYPE] LIGHT [OBJ] LP_220-13 [RA] 13 56 41.4636 [Dec] +43 42 59.1835 [FIL] GG495 [EXPTIME] 60.0 [Date] 2021-05-06T17:03:09 [Time] 17:03:09
34/196 LP_220-13-20210506@170423-Eden.fts [TYPE] LIGHT [OBJ] LP_220-13 [RA] 13 56 41.4636 [Dec] +43 42 59.1835 [FIL] GG495 [EXPTIME] 60.0 [Date] 2021-05-06T17:04:23 [Time] 17:04:23
35/196 LP_220-13-20210506@170535-Eden.fts [TYPE] LIGHT [OBJ] LP_220-13 [RA] 13 56 41.4636 [Dec] +43 42 59.1835 [FIL] GG495 [EXPTIME] 60.0 [Date] 2021-05-06T17:05:35 [Time] 17:05:35
36/196 LP_220-13-20210506@170647-Eden.fts [TYPE] LIGHT [OBJ] LP_220-13 [RA] 13 56 41.4636 [Dec] +43 42 59.1835 [FIL] GG495 [EXPTIME] 60.0 [Date] 2021-05-06T17:06:47 [Time] 17:06:47
37/196 LP_220-13-20210506@170759-Eden.fts [TYPE] LIGHT [OBJ] LP_220-13 [RA] 13 56 41.4636 [Dec] +43 42 59.1835 [FIL] GG495 [EXPTIME] 60.0 [Date] 2021-05-06T17:07:59 [Time] 17:07:59
38/196 LP_220-13-20210506@170912-Eden.fts [TYPE] LIGHT [OBJ] LP_220-13 [RA] 13 56 41.4636 [Dec] +43 42 59.1835 [FIL] GG495 [EXPTIME] 60.0 [Date] 2021-05-06T17:09:12 [Time] 17:09:12
39/196 LP_220-13-20210506@171023-Eden.fts [TYPE] LIGHT [OBJ] LP_220-13 [RA] 13 56 41.4636 [Dec] +43 42 59.1835 [FIL] GG495 [EXPTIME] 60.0 [Date] 2021-05-06T17:10:23 [Time] 17:10:23
40/196 LP_220-13-20210506@171136-Eden.fts [TYPE] LIGHT [OBJ] LP_220-13 [RA] 13 56 41.4636 [Dec] +43 42 59.1835 [FIL] GG495 [EXPTIME] 60.0 [Date] 2021-05-06T17:11:36 [Time] 17:11:36
41/196 LP_220-13-20210506@171248-Eden.fts [TYPE] LIGHT [OBJ] LP_220-13 [RA] 13 56 41.4636 [Dec] +43 42 59.1835 [FIL] GG495 [EXPTIME] 60.0 [Date] 2021-05-06T17:12:48 [Time] 17:12:48
42/196 LP_220-13-20210506@171400-Eden.fts [TYPE] LIGHT [OBJ] LP_220-13 [RA] 13 56 41.4636 [Dec] +43 42 59.1835 [FIL] GG495 [EXPTIME] 60.0 [Date] 2021-05-06T17:14:00 [Time] 17:14:00
43/196 LP_220-13-20210506@171512-Eden.fts [TYPE] LIGHT [OBJ] LP_220-13 [RA] 13 56 41.4636 [Dec] +43 42 59.1835 [FIL] GG495 [EXPTIME] 60.0 [Date] 2021-05-06T17:15:12 [Time] 17:15:12
44/196 LP_220-13-20210506@171624-Eden.fts [TYPE] LIGHT [OBJ] LP_220-13 [RA] 13 56 41.4636 [Dec] +43 42 59.1835 [FIL] GG495 [EXPTIME] 60.0 [Date] 2021-05-06T17:16:24 [Time] 17:16:24
45/196 LP_220-13-20210506@171736-Eden.fts [TYPE] LIGHT [OBJ] LP_220-13 [RA] 13 56 41.4636 [Dec] +43 42 59.1835 [FIL] GG495 [EXPTIME] 60.0 [Date] 2021-05-06T17:17:36 [Time] 17:17:36
46/196 LP_220-13-20210506@171849-Eden.fts [TYPE] LIGHT [OBJ] LP_220-13 [RA] 13 56 41.4636 [Dec] +43 42 59.1835 [FIL] GG495 [EXPTIME] 60.0 [Date] 2021-05-06T17:18:49 [Time] 17:18:49
47/196 LP_220-13-20210506@172001-Eden.fts [TYPE] LIGHT [OBJ] LP_220-13 [RA] 13 56 41.4636 [Dec] +43 42 59.1835 [FIL] GG495 [EXPTIME] 60.0 [Date] 2021-05-06T17:20:01 [Time] 17:20:01
48/196 LP_220-13-20210506@172113-Eden.fts [TYPE] LIGHT [OBJ] LP_220-13 [RA] 13 56 41.4636 [Dec] +43 42 59.1835 [FIL] GG495 [EXPTIME] 60.0 [Date] 2021-05-06T17:21:13 [Time] 17:21:13
49/196 LP_220-13-20210506@172227-Eden.fts [TYPE] LIGHT [OBJ] LP_220-13 [RA] 13 56 41.4636 [Dec] +43 42 59.1835 [FIL] GG495 [EXPTIME] 60.0 [Date] 2021-05-06T17:22:27 [Time] 17:22:27
50/196 LP_220-13-20210506@172340-Eden.fts [TYPE] LIGHT [OBJ] LP_220-13 [RA] 13 56 41.4636 [Dec] +43 42 59.1835 [FIL] GG495 [EXPTIME] 60.0 [Date] 2021-05-06T17:23:40 [Time] 17:23:40
51/196 LP_220-13-20210506@172452-Eden.fts [TYPE] LIGHT [OBJ] LP_220-13 [RA] 13 56 41.4636 [Dec] +43 42 59.1835 [FIL] GG495 [EXPTIME] 60.0 [Date] 2021-05-06T17:24:52 [Time] 17:24:52
52/196 LP_220-13-20210506@172605-Eden.fts [TYPE] LIGHT [OBJ] LP_220-13 [RA] 13 56 41.4636 [Dec] +43 42 59.1835 [FIL] GG495 [EXPTIME] 60.0 [Date] 2021-05-06T17:26:05 [Time] 17:26:05
53/196 LP_220-13-20210506@172718-Eden.fts [TYPE] LIGHT [OBJ] LP_220-13 [RA] 13 56 41.4636 [Dec] +43 42 59.1835 [FIL] GG495 [EXPTIME] 60.0 [Date] 2021-05-06T17:27:18 [Time] 17:27:18
54/196 LP_220-13-20210506@172831-Eden.fts [TYPE] LIGHT [OBJ] LP_220-13 [RA] 13 56 41.4636 [Dec] +43 42 59.1835 [FIL] GG495 [EXPTIME] 60.0 [Date] 2021-05-06T17:28:31 [Time] 17:28:31
55/196 LP_220-13-20210506@172943-Eden.fts [TYPE] LIGHT [OBJ] LP_220-13 [RA] 13 56 41.4636 [Dec] +43 42 59.1835 [FIL] GG495 [EXPTIME] 60.0 [Date] 2021-05-06T17:29:43 [Time] 17:29:43
56/196 LP_220-13-20210506@173056-Eden.fts [TYPE] LIGHT [OBJ] LP_220-13 [RA] 13 56 41.4636 [Dec] +43 42 59.1835 [FIL] GG495 [EXPTIME] 60.0 [Date] 2021-05-06T17:30:56 [Time] 17:30:56
57/196 LP_220-13-20210506@173208-Eden.fts [TYPE] LIGHT [OBJ] LP_220-13 [RA] 13 56 41.4636 [Dec] +43 42 59.1835 [FIL] GG495 [EXPTIME] 60.0 [Date] 2021-05-06T17:32:08 [Time] 17:32:08
58/196 LP_220-13-20210506@173321-Eden.fts [TYPE] LIGHT [OBJ] LP_220-13 [RA] 13 56 41.4636 [Dec] +43 42 59.1835 [FIL] GG495 [EXPTIME] 60.0 [Date] 2021-05-06T17:33:21 [Time] 17:33:21
59/196 LP_220-13-20210506@173433-Eden.fts [TYPE] LIGHT [OBJ] LP_220-13 [RA] 13 56 41.4636 [Dec] +43 42 59.1835 [FIL] GG495 [EXPTIME] 60.0 [Date] 2021-05-06T17:34:33 [Time] 17:34:33
60/196 LP_220-13-20210506@173546-Eden.fts [TYPE] LIGHT [OBJ] LP_220-13 [RA] 13 56 41.4636 [Dec] +43 42 59.1835 [FIL] GG495 [EXPTIME] 60.0 [Date] 2021-05-06T17:35:46 [Time] 17:35:46
61/196 LP_220-13-20210506@173659-Eden.fts [TYPE] LIGHT [OBJ] LP_220-13 [RA] 13 56 41.4636 [Dec] +43 42 59.1835 [FIL] GG495 [EXPTIME] 60.0 [Date] 2021-05-06T17:36:59 [Time] 17:36:59
62/196 LP_220-13-20210506@173810-Eden.fts [TYPE] LIGHT [OBJ] LP_220-13 [RA] 13 56 41.4636 [Dec] +43 42 59.1835 [FIL] GG495 [EXPTIME] 60.0 [Date] 2021-05-06T17:38:10 [Time] 17:38:10
63/196 LP_220-13-20210506@173923-Eden.fts [TYPE] LIGHT [OBJ] LP_220-13 [RA] 13 56 41.4636 [Dec] +43 42 59.1835 [FIL] GG495 [EXPTIME] 60.0 [Date] 2021-05-06T17:39:23 [Time] 17:39:23
64/196 LP_220-13-20210506@174036-Eden.fts [TYPE] LIGHT [OBJ] LP_220-13 [RA] 13 56 41.4636 [Dec] +43 42 59.1835 [FIL] GG495 [EXPTIME] 60.0 [Date] 2021-05-06T17:40:36 [Time] 17:40:36
65/196 LP_220-13-20210506@174148-Eden.fts [TYPE] LIGHT [OBJ] LP_220-13 [RA] 13 56 41.4636 [Dec] +43 42 59.1835 [FIL] GG495 [EXPTIME] 60.0 [Date] 2021-05-06T17:41:48 [Time] 17:41:48
66/196 LP_220-13-20210506@174303-Eden.fts [TYPE] LIGHT [OBJ] LP_220-13 [RA] 13 56 41.4636 [Dec] +43 42 59.1835 [FIL] GG495 [EXPTIME] 60.0 [Date] 2021-05-06T17:43:03 [Time] 17:43:03
67/196 LP_220-13-20210506@174415-Eden.fts [TYPE] LIGHT [OBJ] LP_220-13 [RA] 13 56 41.4636 [Dec] +43 42 59.1835 [FIL] GG495 [EXPTIME] 60.0 [Date] 2021-05-06T17:44:15 [Time] 17:44:15
68/196 LP_220-13-20210506@174528-Eden.fts [TYPE] LIGHT [OBJ] LP_220-13 [RA] 13 56 41.4636 [Dec] +43 42 59.1835 [FIL] GG495 [EXPTIME] 60.0 [Date] 2021-05-06T17:45:28 [Time] 17:45:28
69/196 LP_220-13-20210506@174640-Eden.fts [TYPE] LIGHT [OBJ] LP_220-13 [RA] 13 56 41.4636 [Dec] +43 42 59.1835 [FIL] GG495 [EXPTIME] 60.0 [Date] 2021-05-06T17:46:40 [Time] 17:46:40
70/196 LP_220-13-20210506@174752-Eden.fts [TYPE] LIGHT [OBJ] LP_220-13 [RA] 13 56 41.4636 [Dec] +43 42 59.1835 [FIL] GG495 [EXPTIME] 60.0 [Date] 2021-05-06T17:47:52 [Time] 17:47:52
71/196 LP_220-13-20210506@174904-Eden.fts [TYPE] LIGHT [OBJ] LP_220-13 [RA] 13 56 41.4636 [Dec] +43 42 59.1835 [FIL] GG495 [EXPTIME] 60.0 [Date] 2021-05-06T17:49:04 [Time] 17:49:04
72/196 LP_220-13-20210506@175017-Eden.fts [TYPE] LIGHT [OBJ] LP_220-13 [RA] 13 56 41.4636 [Dec] +43 42 59.1835 [FIL] GG495 [EXPTIME] 60.0 [Date] 2021-05-06T17:50:17 [Time] 17:50:17
73/196 LP_220-13-20210506@175130-Eden.fts [TYPE] LIGHT [OBJ] LP_220-13 [RA] 13 56 41.4636 [Dec] +43 42 59.1835 [FIL] GG495 [EXPTIME] 60.0 [Date] 2021-05-06T17:51:30 [Time] 17:51:30
74/196 LP_220-13-20210506@175243-Eden.fts [TYPE] LIGHT [OBJ] LP_220-13 [RA] 13 56 41.4636 [Dec] +43 42 59.1835 [FIL] GG495 [EXPTIME] 60.0 [Date] 2021-05-06T17:52:43 [Time] 17:52:43
75/196 LP_220-13-20210506@175355-Eden.fts [TYPE] LIGHT [OBJ] LP_220-13 [RA] 13 56 41.4636 [Dec] +43 42 59.1835 [FIL] GG495 [EXPTIME] 60.0 [Date] 2021-05-06T17:53:55 [Time] 17:53:55
76/196 LP_220-13-20210506@175508-Eden.fts [TYPE] LIGHT [OBJ] LP_220-13 [RA] 13 56 41.4636 [Dec] +43 42 59.1835 [FIL] GG495 [EXPTIME] 60.0 [Date] 2021-05-06T17:55:08 [Time] 17:55:08
77/196 LP_220-13-20210506@175621-Eden.fts [TYPE] LIGHT [OBJ] LP_220-13 [RA] 13 56 41.4636 [Dec] +43 42 59.1835 [FIL] GG495 [EXPTIME] 60.0 [Date] 2021-05-06T17:56:21 [Time] 17:56:21
78/196 LP_220-13-20210506@175733-Eden.fts [TYPE] LIGHT [OBJ] LP_220-13 [RA] 13 56 41.4636 [Dec] +43 42 59.1835 [FIL] GG495 [EXPTIME] 60.0 [Date] 2021-05-06T17:57:33 [Time] 17:57:33
79/196 LP_220-13-20210506@175845-Eden.fts [TYPE] LIGHT [OBJ] LP_220-13 [RA] 13 56 41.4636 [Dec] +43 42 59.1835 [FIL] GG495 [EXPTIME] 60.0 [Date] 2021-05-06T17:58:45 [Time] 17:58:45
80/196 LP_220-13-20210506@175957-Eden.fts [TYPE] LIGHT [OBJ] LP_220-13 [RA] 13 56 41.4636 [Dec] +43 42 59.1835 [FIL] GG495 [EXPTIME] 60.0 [Date] 2021-05-06T17:59:57 [Time] 17:59:57
81/196 LP_220-13-20210506@180110-Eden.fts [TYPE] LIGHT [OBJ] LP_220-13 [RA] 13 56 41.4636 [Dec] +43 42 59.1835 [FIL] GG495 [EXPTIME] 60.0 [Date] 2021-05-06T18:01:10 [Time] 18:01:10
82/196 LP_220-13-20210506@180222-Eden.fts [TYPE] LIGHT [OBJ] LP_220-13 [RA] 13 56 41.4636 [Dec] +43 42 59.1835 [FIL] GG495 [EXPTIME] 60.0 [Date] 2021-05-06T18:02:22 [Time] 18:02:22
83/196 LP_220-13-20210506@180334-Eden.fts [TYPE] LIGHT [OBJ] LP_220-13 [RA] 13 56 41.4636 [Dec] +43 42 59.1835 [FIL] GG495 [EXPTIME] 60.0 [Date] 2021-05-06T18:03:34 [Time] 18:03:34
84/196 LP_220-13-20210506@180446-Eden.fts [TYPE] LIGHT [OBJ] LP_220-13 [RA] 13 56 41.4636 [Dec] +43 42 59.1835 [FIL] GG495 [EXPTIME] 60.0 [Date] 2021-05-06T18:04:46 [Time] 18:04:46
85/196 LP_220-13-20210506@180558-Eden.fts [TYPE] LIGHT [OBJ] LP_220-13 [RA] 13 56 41.4636 [Dec] +43 42 59.1835 [FIL] GG495 [EXPTIME] 60.0 [Date] 2021-05-06T18:05:58 [Time] 18:05:58
86/196 LP_220-13-20210506@180710-Eden.fts [TYPE] LIGHT [OBJ] LP_220-13 [RA] 13 56 41.4636 [Dec] +43 42 59.1835 [FIL] GG495 [EXPTIME] 60.0 [Date] 2021-05-06T18:07:10 [Time] 18:07:10
87/196 LP_220-13-20210506@180822-Eden.fts [TYPE] LIGHT [OBJ] LP_220-13 [RA] 13 56 41.4636 [Dec] +43 42 59.1835 [FIL] GG495 [EXPTIME] 60.0 [Date] 2021-05-06T18:08:22 [Time] 18:08:22
88/196 LP_220-13-20210506@180935-Eden.fts [TYPE] LIGHT [OBJ] LP_220-13 [RA] 13 56 41.4636 [Dec] +43 42 59.1835 [FIL] GG495 [EXPTIME] 60.0 [Date] 2021-05-06T18:09:35 [Time] 18:09:35
89/196 LP_220-13-20210506@181048-Eden.fts [TYPE] LIGHT [OBJ] LP_220-13 [RA] 13 56 41.4636 [Dec] +43 42 59.1835 [FIL] GG495 [EXPTIME] 60.0 [Date] 2021-05-06T18:10:48 [Time] 18:10:48
90/196 LP_220-13-20210506@181159-Eden.fts [TYPE] LIGHT [OBJ] LP_220-13 [RA] 13 56 41.4636 [Dec] +43 42 59.1835 [FIL] GG495 [EXPTIME] 60.0 [Date] 2021-05-06T18:11:59 [Time] 18:11:59
91/196 LP_220-13-20210506@181312-Eden.fts [TYPE] LIGHT [OBJ] LP_220-13 [RA] 13 56 41.4636 [Dec] +43 42 59.1835 [FIL] GG495 [EXPTIME] 60.0 [Date] 2021-05-06T18:13:12 [Time] 18:13:12
92/196 LP_220-13-20210506@181424-Eden.fts [TYPE] LIGHT [OBJ] LP_220-13 [RA] 13 56 41.4636 [Dec] +43 42 59.1835 [FIL] GG495 [EXPTIME] 60.0 [Date] 2021-05-06T18:14:24 [Time] 18:14:24
93/196 LP_220-13-20210506@181537-Eden.fts [TYPE] LIGHT [OBJ] LP_220-13 [RA] 13 56 41.4636 [Dec] +43 42 59.1835 [FIL] GG495 [EXPTIME] 60.0 [Date] 2021-05-06T18:15:37 [Time] 18:15:37
94/196 LP_220-13-20210506@181650-Eden.fts [TYPE] LIGHT [OBJ] LP_220-13 [RA] 13 56 41.4636 [Dec] +43 42 59.1835 [FIL] GG495 [EXPTIME] 60.0 [Date] 2021-05-06T18:16:50 [Time] 18:16:50
95/196 LP_220-13-20210506@181804-Eden.fts [TYPE] LIGHT [OBJ] LP_220-13 [RA] 13 56 41.4636 [Dec] +43 42 59.1835 [FIL] GG495 [EXPTIME] 60.0 [Date] 2021-05-06T18:18:04 [Time] 18:18:04
96/196 LP_220-13-20210506@181916-Eden.fts [TYPE] LIGHT [OBJ] LP_220-13 [RA] 13 56 41.4636 [Dec] +43 42 59.1835 [FIL] GG495 [EXPTIME] 60.0 [Date] 2021-05-06T18:19:16 [Time] 18:19:16
97/196 LP_220-13-20210506@182030-Eden.fts [TYPE] LIGHT [OBJ] LP_220-13 [RA] 13 56 41.4636 [Dec] +43 42 59.1835 [FIL] GG495 [EXPTIME] 60.0 [Date] 2021-05-06T18:20:30 [Time] 18:20:30
98/196 LP_220-13-20210506@182142-Eden.fts [TYPE] LIGHT [OBJ] LP_220-13 [RA] 13 56 41.4636 [Dec] +43 42 59.1835 [FIL] GG495 [EXPTIME] 60.0 [Date] 2021-05-06T18:21:42 [Time] 18:21:42
99/196 LP_220-13-20210506@182254-Eden.fts [TYPE] LIGHT [OBJ] LP_220-13 [RA] 13 56 41.4636 [Dec] +43 42 59.1835 [FIL] GG495 [EXPTIME] 60.0 [Date] 2021-05-06T18:22:54 [Time] 18:22:54
100/196 LP_220-13-20210506@182407-Eden.fts [TYPE] LIGHT [OBJ] LP_220-13 [RA] 13 56 41.4636 [Dec] +43 42 59.1835 [FIL] GG495 [EXPTIME] 60.0 [Date] 2021-05-06T18:24:07 [Time] 18:24:07
101/196 LP_220-13-20210506@182520-Eden.fts [TYPE] LIGHT [OBJ] LP_220-13 [RA] 13 56 41.4636 [Dec] +43 42 59.1835 [FIL] GG495 [EXPTIME] 60.0 [Date] 2021-05-06T18:25:20 [Time] 18:25:20
102/196 LP_220-13-20210506@182631-Eden.fts [TYPE] LIGHT [OBJ] LP_220-13 [RA] 13 56 41.4636 [Dec] +43 42 59.1835 [FIL] GG495 [EXPTIME] 60.0 [Date] 2021-05-06T18:26:31 [Time] 18:26:31
103/196 LP_220-13-20210506@182744-Eden.fts [TYPE] LIGHT [OBJ] LP_220-13 [RA] 13 56 41.4636 [Dec] +43 42 59.1835 [FIL] GG495 [EXPTIME] 60.0 [Date] 2021-05-06T18:27:44 [Time] 18:27:44
104/196 LP_220-13-20210506@182855-Eden.fts [TYPE] LIGHT [OBJ] LP_220-13 [RA] 13 56 41.4636 [Dec] +43 42 59.1835 [FIL] GG495 [EXPTIME] 60.0 [Date] 2021-05-06T18:28:55 [Time] 18:28:55
105/196 LP_220-13-20210506@183007-Eden.fts [TYPE] LIGHT [OBJ] LP_220-13 [RA] 13 56 41.4636 [Dec] +43 42 59.1835 [FIL] GG495 [EXPTIME] 60.0 [Date] 2021-05-06T18:30:07 [Time] 18:30:07
106/196 LP_220-13-20210506@183119-Eden.fts [TYPE] LIGHT [OBJ] LP_220-13 [RA] 13 56 41.4636 [Dec] +43 42 59.1835 [FIL] GG495 [EXPTIME] 60.0 [Date] 2021-05-06T18:31:19 [Time] 18:31:19
107/196 LP_220-13-20210506@183232-Eden.fts [TYPE] LIGHT [OBJ] LP_220-13 [RA] 13 56 41.4636 [Dec] +43 42 59.1835 [FIL] GG495 [EXPTIME] 60.0 [Date] 2021-05-06T18:32:32 [Time] 18:32:32
108/196 LP_220-13-20210506@183344-Eden.fts [TYPE] LIGHT [OBJ] LP_220-13 [RA] 13 56 41.4636 [Dec] +43 42 59.1835 [FIL] GG495 [EXPTIME] 60.0 [Date] 2021-05-06T18:33:44 [Time] 18:33:44
109/196 LP_220-13-20210506@183457-Eden.fts [TYPE] LIGHT [OBJ] LP_220-13 [RA] 13 56 41.4636 [Dec] +43 42 59.1835 [FIL] GG495 [EXPTIME] 60.0 [Date] 2021-05-06T18:34:57 [Time] 18:34:57
110/196 LP_220-13-20210506@183610-Eden.fts [TYPE] LIGHT [OBJ] LP_220-13 [RA] 13 56 41.4636 [Dec] +43 42 59.1835 [FIL] GG495 [EXPTIME] 60.0 [Date] 2021-05-06T18:36:10 [Time] 18:36:10
111/196 LP_220-13-20210506@183722-Eden.fts [TYPE] LIGHT [OBJ] LP_220-13 [RA] 13 56 41.4636 [Dec] +43 42 59.1835 [FIL] GG495 [EXPTIME] 60.0 [Date] 2021-05-06T18:37:22 [Time] 18:37:22
112/196 LP_220-13-20210506@183834-Eden.fts [TYPE] LIGHT [OBJ] LP_220-13 [RA] 13 56 41.4636 [Dec] +43 42 59.1835 [FIL] GG495 [EXPTIME] 60.0 [Date] 2021-05-06T18:38:34 [Time] 18:38:34
113/196 LP_220-13-20210506@183946-Eden.fts [TYPE] LIGHT [OBJ] LP_220-13 [RA] 13 56 41.4636 [Dec] +43 42 59.1835 [FIL] GG495 [EXPTIME] 60.0 [Date] 2021-05-06T18:39:46 [Time] 18:39:46
114/196 LP_220-13-20210506@184058-Eden.fts [TYPE] LIGHT [OBJ] LP_220-13 [RA] 13 56 41.4636 [Dec] +43 42 59.1835 [FIL] GG495 [EXPTIME] 60.0 [Date] 2021-05-06T18:40:58 [Time] 18:40:58
115/196 LP_220-13-20210506@184210-Eden.fts [TYPE] LIGHT [OBJ] LP_220-13 [RA] 13 56 41.4636 [Dec] +43 42 59.1835 [FIL] GG495 [EXPTIME] 60.0 [Date] 2021-05-06T18:42:10 [Time] 18:42:10
116/196 LP_220-13-20210506@184324-Eden.fts [TYPE] LIGHT [OBJ] LP_220-13 [RA] 13 56 41.4636 [Dec] +43 42 59.1835 [FIL] GG495 [EXPTIME] 60.0 [Date] 2021-05-06T18:43:24 [Time] 18:43:24
117/196 LP_220-13-20210506@184436-Eden.fts [TYPE] LIGHT [OBJ] LP_220-13 [RA] 13 56 41.4636 [Dec] +43 42 59.1835 [FIL] GG495 [EXPTIME] 60.0 [Date] 2021-05-06T18:44:36 [Time] 18:44:36
118/196 LP_220-13-20210506@184549-Eden.fts [TYPE] LIGHT [OBJ] LP_220-13 [RA] 13 56 41.4636 [Dec] +43 42 59.1835 [FIL] GG495 [EXPTIME] 60.0 [Date] 2021-05-06T18:45:49 [Time] 18:45:49
119/196 LP_220-13-20210506@184702-Eden.fts [TYPE] LIGHT [OBJ] LP_220-13 [RA] 13 56 41.4636 [Dec] +43 42 59.1835 [FIL] GG495 [EXPTIME] 60.0 [Date] 2021-05-06T18:47:02 [Time] 18:47:02
120/196 LP_220-13-20210506@184817-Eden.fts [TYPE] LIGHT [OBJ] LP_220-13 [RA] 13 56 41.4636 [Dec] +43 42 59.1835 [FIL] GG495 [EXPTIME] 60.0 [Date] 2021-05-06T18:48:17 [Time] 18:48:17
121/196 LP_220-13-20210506@184930-Eden.fts [TYPE] LIGHT [OBJ] LP_220-13 [RA] 13 56 41.4636 [Dec] +43 42 59.1835 [FIL] GG495 [EXPTIME] 60.0 [Date] 2021-05-06T18:49:30 [Time] 18:49:30
122/196 LP_220-13-20210506@185042-Eden.fts [TYPE] LIGHT [OBJ] LP_220-13 [RA] 13 56 41.4636 [Dec] +43 42 59.1835 [FIL] GG495 [EXPTIME] 60.0 [Date] 2021-05-06T18:50:42 [Time] 18:50:42
123/196 LP_220-13-20210506@185154-Eden.fts [TYPE] LIGHT [OBJ] LP_220-13 [RA] 13 56 41.4636 [Dec] +43 42 59.1835 [FIL] GG495 [EXPTIME] 60.0 [Date] 2021-05-06T18:51:54 [Time] 18:51:54
124/196 LP_220-13-20210506@185305-Eden.fts [TYPE] LIGHT [OBJ] LP_220-13 [RA] 13 56 41.4636 [Dec] +43 42 59.1835 [FIL] GG495 [EXPTIME] 60.0 [Date] 2021-05-06T18:53:05 [Time] 18:53:05
125/196 LP_220-13-20210506@185417-Eden.fts [TYPE] LIGHT [OBJ] LP_220-13 [RA] 13 56 41.4636 [Dec] +43 42 59.1835 [FIL] GG495 [EXPTIME] 60.0 [Date] 2021-05-06T18:54:17 [Time] 18:54:17
126/196 LP_220-13-20210506@185530-Eden.fts [TYPE] LIGHT [OBJ] LP_220-13 [RA] 13 56 41.4636 [Dec] +43 42 59.1835 [FIL] GG495 [EXPTIME] 60.0 [Date] 2021-05-06T18:55:30 [Time] 18:55:30
127/196 LP_220-13-20210506@185643-Eden.fts [TYPE] LIGHT [OBJ] LP_220-13 [RA] 13 56 41.4636 [Dec] +43 42 59.1835 [FIL] GG495 [EXPTIME] 60.0 [Date] 2021-05-06T18:56:43 [Time] 18:56:43
128/196 LP_220-13-20210506@185754-Eden.fts [TYPE] LIGHT [OBJ] LP_220-13 [RA] 13 56 41.4636 [Dec] +43 42 59.1835 [FIL] GG495 [EXPTIME] 60.0 [Date] 2021-05-06T18:57:54 [Time] 18:57:54
129/196 LP_220-13-20210506@185906-Eden.fts [TYPE] LIGHT [OBJ] LP_220-13 [RA] 13 56 41.4636 [Dec] +43 42 59.1835 [FIL] GG495 [EXPTIME] 60.0 [Date] 2021-05-06T18:59:06 [Time] 18:59:06
130/196 LP_220-13-20210506@190018-Eden.fts [TYPE] LIGHT [OBJ] LP_220-13 [RA] 13 56 41.4636 [Dec] +43 42 59.1835 [FIL] GG495 [EXPTIME] 60.0 [Date] 2021-05-06T19:00:18 [Time] 19:00:18
131/196 LP_220-13-20210506@190130-Eden.fts [TYPE] LIGHT [OBJ] LP_220-13 [RA] 13 56 41.4636 [Dec] +43 42 59.1835 [FIL] GG495 [EXPTIME] 60.0 [Date] 2021-05-06T19:01:30 [Time] 19:01:30
132/196 LP_220-13-20210506@190243-Eden.fts [TYPE] LIGHT [OBJ] LP_220-13 [RA] 13 56 41.4636 [Dec] +43 42 59.1835 [FIL] GG495 [EXPTIME] 60.0 [Date] 2021-05-06T19:02:43 [Time] 19:02:43
133/196 LP_220-13-20210506@190357-Eden.fts [TYPE] LIGHT [OBJ] LP_220-13 [RA] 13 56 41.4636 [Dec] +43 42 59.1835 [FIL] GG495 [EXPTIME] 60.0 [Date] 2021-05-06T19:03:57 [Time] 19:03:57
134/196 LP_220-13-20210506@190510-Eden.fts [TYPE] LIGHT [OBJ] LP_220-13 [RA] 13 56 41.4636 [Dec] +43 42 59.1835 [FIL] GG495 [EXPTIME] 60.0 [Date] 2021-05-06T19:05:10 [Time] 19:05:10
135/196 LP_220-13-20210506@190622-Eden.fts [TYPE] LIGHT [OBJ] LP_220-13 [RA] 13 56 41.4636 [Dec] +43 42 59.1835 [FIL] GG495 [EXPTIME] 60.0 [Date] 2021-05-06T19:06:22 [Time] 19:06:22
136/196 LP_220-13-20210506@190734-Eden.fts [TYPE] LIGHT [OBJ] LP_220-13 [RA] 13 56 41.4636 [Dec] +43 42 59.1835 [FIL] GG495 [EXPTIME] 60.0 [Date] 2021-05-06T19:07:34 [Time] 19:07:34
137/196 LP_220-13-20210506@190847-Eden.fts [TYPE] LIGHT [OBJ] LP_220-13 [RA] 13 56 41.4636 [Dec] +43 42 59.1835 [FIL] GG495 [EXPTIME] 60.0 [Date] 2021-05-06T19:08:47 [Time] 19:08:47
138/196 LP_220-13-20210506@190959-Eden.fts [TYPE] LIGHT [OBJ] LP_220-13 [RA] 13 56 41.4636 [Dec] +43 42 59.1835 [FIL] GG495 [EXPTIME] 60.0 [Date] 2021-05-06T19:09:59 [Time] 19:09:59
139/196 LP_220-13-20210506@191112-Eden.fts [TYPE] LIGHT [OBJ] LP_220-13 [RA] 13 56 41.4636 [Dec] +43 42 59.1835 [FIL] GG495 [EXPTIME] 60.0 [Date] 2021-05-06T19:11:12 [Time] 19:11:12
140/196 LP_220-13-20210506@191225-Eden.fts [TYPE] LIGHT [OBJ] LP_220-13 [RA] 13 56 41.4636 [Dec] +43 42 59.1835 [FIL] GG495 [EXPTIME] 60.0 [Date] 2021-05-06T19:12:25 [Time] 19:12:25
141/196 LP_220-13-20210506@191337-Eden.fts [TYPE] LIGHT [OBJ] LP_220-13 [RA] 13 56 41.4636 [Dec] +43 42 59.1835 [FIL] GG495 [EXPTIME] 60.0 [Date] 2021-05-06T19:13:37 [Time] 19:13:37
142/196 LP_220-13-20210506@191449-Eden.fts [TYPE] LIGHT [OBJ] LP_220-13 [RA] 13 56 41.4636 [Dec] +43 42 59.1835 [FIL] GG495 [EXPTIME] 60.0 [Date] 2021-05-06T19:14:49 [Time] 19:14:49
143/196 LP_220-13-20210506@191601-Eden.fts [TYPE] LIGHT [OBJ] LP_220-13 [RA] 13 56 41.4636 [Dec] +43 42 59.1835 [FIL] GG495 [EXPTIME] 60.0 [Date] 2021-05-06T19:16:01 [Time] 19:16:01
144/196 LP_220-13-20210506@191713-Eden.fts [TYPE] LIGHT [OBJ] LP_220-13 [RA] 13 56 41.4636 [Dec] +43 42 59.1835 [FIL] GG495 [EXPTIME] 60.0 [Date] 2021-05-06T19:17:13 [Time] 19:17:13
145/196 LP_220-13-20210506@191825-Eden.fts [TYPE] LIGHT [OBJ] LP_220-13 [RA] 13 56 41.4636 [Dec] +43 42 59.1835 [FIL] GG495 [EXPTIME] 60.0 [Date] 2021-05-06T19:18:25 [Time] 19:18:25
146/196 LP_220-13-20210506@191937-Eden.fts [TYPE] LIGHT [OBJ] LP_220-13 [RA] 13 56 41.4636 [Dec] +43 42 59.1835 [FIL] GG495 [EXPTIME] 60.0 [Date] 2021-05-06T19:19:37 [Time] 19:19:37
147/196 LP_220-13-20210506@192049-Eden.fts [TYPE] LIGHT [OBJ] LP_220-13 [RA] 13 56 41.4636 [Dec] +43 42 59.1835 [FIL] GG495 [EXPTIME] 60.0 [Date] 2021-05-06T19:20:49 [Time] 19:20:49
148/196 LP_220-13-20210506@192201-Eden.fts [TYPE] LIGHT [OBJ] LP_220-13 [RA] 13 56 41.4636 [Dec] +43 42 59.1835 [FIL] GG495 [EXPTIME] 60.0 [Date] 2021-05-06T19:22:01 [Time] 19:22:01
149/196 LP_220-13-20210506@192315-Eden.fts [TYPE] LIGHT [OBJ] LP_220-13 [RA] 13 56 41.4636 [Dec] +43 42 59.1835 [FIL] GG495 [EXPTIME] 60.0 [Date] 2021-05-06T19:23:15 [Time] 19:23:15
150/196 LP_220-13-20210506@192428-Eden.fts [TYPE] LIGHT [OBJ] LP_220-13 [RA] 13 56 41.4636 [Dec] +43 42 59.1835 [FIL] GG495 [EXPTIME] 60.0 [Date] 2021-05-06T19:24:28 [Time] 19:24:28
151/196 LP_220-13-20210506@192540-Eden.fts [TYPE] LIGHT [OBJ] LP_220-13 [RA] 13 56 41.4636 [Dec] +43 42 59.1835 [FIL] GG495 [EXPTIME] 60.0 [Date] 2021-05-06T19:25:40 [Time] 19:25:40
152/196 LP_220-13-20210506@192654-Eden.fts [TYPE] LIGHT [OBJ] LP_220-13 [RA] 13 56 41.4636 [Dec] +43 42 59.1835 [FIL] GG495 [EXPTIME] 60.0 [Date] 2021-05-06T19:26:54 [Time] 19:26:54
153/196 LP_220-13-20210506@192806-Eden.fts [TYPE] LIGHT [OBJ] LP_220-13 [RA] 13 56 41.4636 [Dec] +43 42 59.1835 [FIL] GG495 [EXPTIME] 60.0 [Date] 2021-05-06T19:28:06 [Time] 19:28:06
154/196 LP_220-13-20210506@192918-Eden.fts [TYPE] LIGHT [OBJ] LP_220-13 [RA] 13 56 41.4636 [Dec] +43 42 59.1835 [FIL] GG495 [EXPTIME] 60.0 [Date] 2021-05-06T19:29:18 [Time] 19:29:18
155/196 LP_220-13-20210506@193031-Eden.fts [TYPE] LIGHT [OBJ] LP_220-13 [RA] 13 56 41.4636 [Dec] +43 42 59.1835 [FIL] GG495 [EXPTIME] 60.0 [Date] 2021-05-06T19:30:31 [Time] 19:30:31
156/196 LP_220-13-20210506@193142-Eden.fts [TYPE] LIGHT [OBJ] LP_220-13 [RA] 13 56 41.4636 [Dec] +43 42 59.1835 [FIL] GG495 [EXPTIME] 60.0 [Date] 2021-05-06T19:31:42 [Time] 19:31:42
157/196 LP_220-13-20210506@193254-Eden.fts [TYPE] LIGHT [OBJ] LP_220-13 [RA] 13 56 41.4636 [Dec] +43 42 59.1835 [FIL] GG495 [EXPTIME] 60.0 [Date] 2021-05-06T19:32:54 [Time] 19:32:54
158/196 LP_220-13-20210506@193407-Eden.fts [TYPE] LIGHT [OBJ] LP_220-13 [RA] 13 56 41.4636 [Dec] +43 42 59.1835 [FIL] GG495 [EXPTIME] 60.0 [Date] 2021-05-06T19:34:07 [Time] 19:34:07
159/196 LP_220-13-20210506@193518-Eden.fts [TYPE] LIGHT [OBJ] LP_220-13 [RA] 13 56 41.4636 [Dec] +43 42 59.1835 [FIL] GG495 [EXPTIME] 60.0 [Date] 2021-05-06T19:35:18 [Time] 19:35:18
160/196 LP_220-13-20210506@193630-Eden.fts [TYPE] LIGHT [OBJ] LP_220-13 [RA] 13 56 41.4636 [Dec] +43 42 59.1835 [FIL] GG495 [EXPTIME] 60.0 [Date] 2021-05-06T19:36:30 [Time] 19:36:30
161/196 LP_220-13-20210506@193742-Eden.fts [TYPE] LIGHT [OBJ] LP_220-13 [RA] 13 56 41.4636 [Dec] +43 42 59.1835 [FIL] GG495 [EXPTIME] 60.0 [Date] 2021-05-06T19:37:42 [Time] 19:37:42
162/196 LP_220-13-20210506@193854-Eden.fts [TYPE] LIGHT [OBJ] LP_220-13 [RA] 13 56 41.4636 [Dec] +43 42 59.1835 [FIL] GG495 [EXPTIME] 60.0 [Date] 2021-05-06T19:38:54 [Time] 19:38:54
163/196 LP_220-13-20210506@194006-Eden.fts [TYPE] LIGHT [OBJ] LP_220-13 [RA] 13 56 41.4636 [Dec] +43 42 59.1835 [FIL] GG495 [EXPTIME] 60.0 [Date] 2021-05-06T19:40:06 [Time] 19:40:06
164/196 LP_220-13-20210506@194119-Eden.fts [TYPE] LIGHT [OBJ] LP_220-13 [RA] 13 56 41.4636 [Dec] +43 42 59.1835 [FIL] GG495 [EXPTIME] 60.0 [Date] 2021-05-06T19:41:19 [Time] 19:41:19
165/196 LP_220-13-20210506@194231-Eden.fts [TYPE] LIGHT [OBJ] LP_220-13 [RA] 13 56 41.4636 [Dec] +43 42 59.1835 [FIL] GG495 [EXPTIME] 60.0 [Date] 2021-05-06T19:42:31 [Time] 19:42:31
166/196 LP_220-13-20210506@194344-Eden.fts [TYPE] LIGHT [OBJ] LP_220-13 [RA] 13 56 41.4636 [Dec] +43 42 59.1835 [FIL] GG495 [EXPTIME] 60.0 [Date] 2021-05-06T19:43:44 [Time] 19:43:44
167/196 LP_220-13-20210506@194457-Eden.fts [TYPE] LIGHT [OBJ] LP_220-13 [RA] 13 56 41.4636 [Dec] +43 42 59.1835 [FIL] GG495 [EXPTIME] 60.0 [Date] 2021-05-06T19:44:57 [Time] 19:44:57
168/196 LP_220-13-20210506@194609-Eden.fts [TYPE] LIGHT [OBJ] LP_220-13 [RA] 13 56 41.4636 [Dec] +43 42 59.1835 [FIL] GG495 [EXPTIME] 60.0 [Date] 2021-05-06T19:46:09 [Time] 19:46:09
169/196 LP_220-13-20210506@194721-Eden.fts [TYPE] LIGHT [OBJ] LP_220-13 [RA] 13 56 41.4636 [Dec] +43 42 59.1835 [FIL] GG495 [EXPTIME] 60.0 [Date] 2021-05-06T19:47:21 [Time] 19:47:21
170/196 LP_220-13-20210506@194833-Eden.fts [TYPE] LIGHT [OBJ] LP_220-13 [RA] 13 56 41.4636 [Dec] +43 42 59.1835 [FIL] GG495 [EXPTIME] 60.0 [Date] 2021-05-06T19:48:33 [Time] 19:48:33
171/196 LP_220-13-20210506@194945-Eden.fts [TYPE] LIGHT [OBJ] LP_220-13 [RA] 13 56 41.4636 [Dec] +43 42 59.1835 [FIL] GG495 [EXPTIME] 60.0 [Date] 2021-05-06T19:49:45 [Time] 19:49:45
172/196 LP_220-13-20210506@195057-Eden.fts [TYPE] LIGHT [OBJ] LP_220-13 [RA] 13 56 41.4636 [Dec] +43 42 59.1835 [FIL] GG495 [EXPTIME] 60.0 [Date] 2021-05-06T19:50:57 [Time] 19:50:57
173/196 LP_220-13-20210506@195209-Eden.fts [TYPE] LIGHT [OBJ] LP_220-13 [RA] 13 56 41.4636 [Dec] +43 42 59.1835 [FIL] GG495 [EXPTIME] 60.0 [Date] 2021-05-06T19:52:09 [Time] 19:52:09
174/196 LP_220-13-20210506@195322-Eden.fts [TYPE] LIGHT [OBJ] LP_220-13 [RA] 13 56 41.4636 [Dec] +43 42 59.1835 [FIL] GG495 [EXPTIME] 60.0 [Date] 2021-05-06T19:53:22 [Time] 19:53:22
175/196 LP_220-13-20210506@195434-Eden.fts [TYPE] LIGHT [OBJ] LP_220-13 [RA] 13 56 41.4636 [Dec] +43 42 59.1835 [FIL] GG495 [EXPTIME] 60.0 [Date] 2021-05-06T19:54:34 [Time] 19:54:34
176/196 LP_220-13-20210506@195546-Eden.fts [TYPE] LIGHT [OBJ] LP_220-13 [RA] 13 56 41.4636 [Dec] +43 42 59.1835 [FIL] GG495 [EXPTIME] 60.0 [Date] 2021-05-06T19:55:46 [Time] 19:55:46
177/196 LP_220-13-20210506@195659-Eden.fts [TYPE] LIGHT [OBJ] LP_220-13 [RA] 13 56 41.4636 [Dec] +43 42 59.1835 [FIL] GG495 [EXPTIME] 60.0 [Date] 2021-05-06T19:56:59 [Time] 19:56:59
178/196 LP_220-13-20210506@195812-Eden.fts [TYPE] LIGHT [OBJ] LP_220-13 [RA] 13 56 41.4636 [Dec] +43 42 59.1835 [FIL] GG495 [EXPTIME] 60.0 [Date] 2021-05-06T19:58:12 [Time] 19:58:12
179/196 LP_220-13-20210506@195925-Eden.fts [TYPE] LIGHT [OBJ] LP_220-13 [RA] 13 56 41.4636 [Dec] +43 42 59.1835 [FIL] GG495 [EXPTIME] 60.0 [Date] 2021-05-06T19:59:25 [Time] 19:59:25
180/196 LP_220-13-20210506@200038-Eden.fts [TYPE] LIGHT [OBJ] LP_220-13 [RA] 13 56 41.4636 [Dec] +43 42 59.1835 [FIL] GG495 [EXPTIME] 60.0 [Date] 2021-05-06T20:00:38 [Time] 20:00:38
181/196 LP_220-13-20210506@200150-Eden.fts [TYPE] LIGHT [OBJ] LP_220-13 [RA] 13 56 41.4636 [Dec] +43 42 59.1835 [FIL] GG495 [EXPTIME] 60.0 [Date] 2021-05-06T20:01:50 [Time] 20:01:50
182/196 LP_220-13-20210506@200302-Eden.fts [TYPE] LIGHT [OBJ] LP_220-13 [RA] 13 56 41.4636 [Dec] +43 42 59.1835 [FIL] GG495 [EXPTIME] 60.0 [Date] 2021-05-06T20:03:02 [Time] 20:03:02
183/196 LP_220-13-20210506@200414-Eden.fts [TYPE] LIGHT [OBJ] LP_220-13 [RA] 13 56 41.4636 [Dec] +43 42 59.1835 [FIL] GG495 [EXPTIME] 60.0 [Date] 2021-05-06T20:04:14 [Time] 20:04:14
184/196 LP_220-13-20210506@200525-Eden.fts [TYPE] LIGHT [OBJ] LP_220-13 [RA] 13 56 41.4636 [Dec] +43 42 59.1835 [FIL] GG495 [EXPTIME] 60.0 [Date] 2021-05-06T20:05:25 [Time] 20:05:25
185/196 LP_220-13-20210506@200637-Eden.fts [TYPE] LIGHT [OBJ] LP_220-13 [RA] 13 56 41.4636 [Dec] +43 42 59.1835 [FIL] GG495 [EXPTIME] 60.0 [Date] 2021-05-06T20:06:37 [Time] 20:06:37
186/196 LP_220-13-20210506@200750-Eden.fts [TYPE] LIGHT [OBJ] LP_220-13 [RA] 13 56 41.4636 [Dec] +43 42 59.1835 [FIL] GG495 [EXPTIME] 60.0 [Date] 2021-05-06T20:07:50 [Time] 20:07:50
187/196 LP_220-13-20210506@200902-Eden.fts [TYPE] LIGHT [OBJ] LP_220-13 [RA] 13 56 41.4636 [Dec] +43 42 59.1835 [FIL] GG495 [EXPTIME] 60.0 [Date] 2021-05-06T20:09:02 [Time] 20:09:02
188/196 LP_220-13-20210506@201015-Eden.fts [TYPE] LIGHT [OBJ] LP_220-13 [RA] 13 56 41.4636 [Dec] +43 42 59.1835 [FIL] GG495 [EXPTIME] 60.0 [Date] 2021-05-06T20:10:15 [Time] 20:10:15
189/196 LP_220-13-20210506@201127-Eden.fts [TYPE] LIGHT [OBJ] LP_220-13 [RA] 13 56 41.4636 [Dec] +43 42 59.1835 [FIL] GG495 [EXPTIME] 60.0 [Date] 2021-05-06T20:11:27 [Time] 20:11:27
190/196 LP_220-13-20210506@201240-Eden.fts [TYPE] LIGHT [OBJ] LP_220-13 [RA] 13 56 41.4636 [Dec] +43 42 59.1835 [FIL] GG495 [EXPTIME] 60.0 [Date] 2021-05-06T20:12:40 [Time] 20:12:40
191/196 LP_220-13-20210506@201352-Eden.fts [TYPE] LIGHT [OBJ] LP_220-13 [RA] 13 56 41.4636 [Dec] +43 42 59.1835 [FIL] GG495 [EXPTIME] 60.0 [Date] 2021-05-06T20:13:52 [Time] 20:13:52
192/196 LP_220-13-20210506@201506-Eden.fts [TYPE] LIGHT [OBJ] LP_220-13 [RA] 13 56 41.4636 [Dec] +43 42 59.1835 [FIL] GG495 [EXPTIME] 60.0 [Date] 2021-05-06T20:15:06 [Time] 20:15:06
193/196 LP_220-13-20210506@201619-Eden.fts [TYPE] LIGHT [OBJ] LP_220-13 [RA] 13 56 41.4636 [Dec] +43 42 59.1835 [FIL] GG495 [EXPTIME] 60.0 [Date] 2021-05-06T20:16:19 [Time] 20:16:19
194/196 LP_220-13-20210506@201731-Eden.fts [TYPE] LIGHT [OBJ] LP_220-13 [RA] 13 56 41.4636 [Dec] +43 42 59.1835 [FIL] GG495 [EXPTIME] 60.0 [Date] 2021-05-06T20:17:31 [Time] 20:17:31
195/196 LP_220-13-20210506@201843-Eden.fts [TYPE] LIGHT [OBJ] LP_220-13 [RA] 13 56 41.4636 [Dec] +43 42 59.1835 [FIL] GG495 [EXPTIME] 60.0 [Date] 2021-05-06T20:18:43 [Time] 20:18:43
196/196 LP_220-13-20210506@201955-Eden.fts [TYPE] LIGHT [OBJ] LP_220-13 [RA] 13 56 41.4636 [Dec] +43 42 59.1835 [FIL] GG495 [EXPTIME] 60.0 [Date] 2021-05-06T20:19:55 [Time] 20:19:55
... write log file to LOT20210506_LP_220-13_mod.log ...
... finish ...
