(asenv) altsai@Hercules:~/eden$ python edenTransfer/store_fits.py --verbose --overwrite LOT20191022-J0419_mod
Bucket successfully loaded! eden-data
109 files found
Storing data to the S3 archive!
We can now start uploading the data.
Press return to start the upload, or anything else to abort: 
Verbose output enabled.
Storing LOT20191022-J0419_mod/LSPM_J0419+4233-20191022@132832-Eden.fts -> s3://eden-data/RAW/LOT/LSPM_J0419+4233/2019-10-22/LSPM_J0419+4233-20191022@132832-Eden.fits (1/109)
Storing LOT20191022-J0419_mod/LSPM_J0419+4233-20191022@132957-Eden.fts -> s3://eden-data/RAW/LOT/LSPM_J0419+4233/2019-10-22/LSPM_J0419+4233-20191022@132957-Eden.fits (2/109)
Storing LOT20191022-J0419_mod/LSPM_J0419+4233-20191022@133108-Eden.fts -> s3://eden-data/RAW/LOT/LSPM_J0419+4233/2019-10-22/LSPM_J0419+4233-20191022@133108-Eden.fits (3/109)
Storing LOT20191022-J0419_mod/LSPM_J0419+4233-20191022@133221-Eden.fts -> s3://eden-data/RAW/LOT/LSPM_J0419+4233/2019-10-22/LSPM_J0419+4233-20191022@133221-Eden.fits (4/109)
Storing LOT20191022-J0419_mod/LSPM_J0419+4233-20191022@133332-Eden.fts -> s3://eden-data/RAW/LOT/LSPM_J0419+4233/2019-10-22/LSPM_J0419+4233-20191022@133332-Eden.fits (5/109)
Storing LOT20191022-J0419_mod/LSPM_J0419+4233-20191022@133444-Eden.fts -> s3://eden-data/RAW/LOT/LSPM_J0419+4233/2019-10-22/LSPM_J0419+4233-20191022@133444-Eden.fits (6/109)
Storing LOT20191022-J0419_mod/LSPM_J0419+4233-20191022@133556-Eden.fts -> s3://eden-data/RAW/LOT/LSPM_J0419+4233/2019-10-22/LSPM_J0419+4233-20191022@133556-Eden.fits (7/109)
Storing LOT20191022-J0419_mod/LSPM_J0419+4233-20191022@133708-Eden.fts -> s3://eden-data/RAW/LOT/LSPM_J0419+4233/2019-10-22/LSPM_J0419+4233-20191022@133708-Eden.fits (8/109)
Storing LOT20191022-J0419_mod/LSPM_J0419+4233-20191022@133821-Eden.fts -> s3://eden-data/RAW/LOT/LSPM_J0419+4233/2019-10-22/LSPM_J0419+4233-20191022@133821-Eden.fits (9/109)
Storing LOT20191022-J0419_mod/LSPM_J0419+4233-20191022@133934-Eden.fts -> s3://eden-data/RAW/LOT/LSPM_J0419+4233/2019-10-22/LSPM_J0419+4233-20191022@133934-Eden.fits (10/109)
Storing LOT20191022-J0419_mod/LSPM_J0419+4233-20191022@134045-Eden.fts -> s3://eden-data/RAW/LOT/LSPM_J0419+4233/2019-10-22/LSPM_J0419+4233-20191022@134045-Eden.fits (11/109)
Storing LOT20191022-J0419_mod/LSPM_J0419+4233-20191022@134158-Eden.fts -> s3://eden-data/RAW/LOT/LSPM_J0419+4233/2019-10-22/LSPM_J0419+4233-20191022@134158-Eden.fits (12/109)
Storing LOT20191022-J0419_mod/LSPM_J0419+4233-20191022@134309-Eden.fts -> s3://eden-data/RAW/LOT/LSPM_J0419+4233/2019-10-22/LSPM_J0419+4233-20191022@134309-Eden.fits (13/109)
Storing LOT20191022-J0419_mod/LSPM_J0419+4233-20191022@134422-Eden.fts -> s3://eden-data/RAW/LOT/LSPM_J0419+4233/2019-10-22/LSPM_J0419+4233-20191022@134422-Eden.fits (14/109)
Storing LOT20191022-J0419_mod/LSPM_J0419+4233-20191022@134533-Eden.fts -> s3://eden-data/RAW/LOT/LSPM_J0419+4233/2019-10-22/LSPM_J0419+4233-20191022@134533-Eden.fits (15/109)
Storing LOT20191022-J0419_mod/LSPM_J0419+4233-20191022@134647-Eden.fts -> s3://eden-data/RAW/LOT/LSPM_J0419+4233/2019-10-22/LSPM_J0419+4233-20191022@134647-Eden.fits (16/109)
Storing LOT20191022-J0419_mod/LSPM_J0419+4233-20191022@134758-Eden.fts -> s3://eden-data/RAW/LOT/LSPM_J0419+4233/2019-10-22/LSPM_J0419+4233-20191022@134758-Eden.fits (17/109)
Storing LOT20191022-J0419_mod/LSPM_J0419+4233-20191022@134910-Eden.fts -> s3://eden-data/RAW/LOT/LSPM_J0419+4233/2019-10-22/LSPM_J0419+4233-20191022@134910-Eden.fits (18/109)
Storing LOT20191022-J0419_mod/LSPM_J0419+4233-20191022@135022-Eden.fts -> s3://eden-data/RAW/LOT/LSPM_J0419+4233/2019-10-22/LSPM_J0419+4233-20191022@135022-Eden.fits (19/109)
Storing LOT20191022-J0419_mod/LSPM_J0419+4233-20191022@135133-Eden.fts -> s3://eden-data/RAW/LOT/LSPM_J0419+4233/2019-10-22/LSPM_J0419+4233-20191022@135133-Eden.fits (20/109)
Storing LOT20191022-J0419_mod/LSPM_J0419+4233-20191022@135244-Eden.fts -> s3://eden-data/RAW/LOT/LSPM_J0419+4233/2019-10-22/LSPM_J0419+4233-20191022@135244-Eden.fits (21/109)
Storing LOT20191022-J0419_mod/LSPM_J0419+4233-20191022@135355-Eden.fts -> s3://eden-data/RAW/LOT/LSPM_J0419+4233/2019-10-22/LSPM_J0419+4233-20191022@135355-Eden.fits (22/109)
Storing LOT20191022-J0419_mod/LSPM_J0419+4233-20191022@135506-Eden.fts -> s3://eden-data/RAW/LOT/LSPM_J0419+4233/2019-10-22/LSPM_J0419+4233-20191022@135506-Eden.fits (23/109)
Storing LOT20191022-J0419_mod/LSPM_J0419+4233-20191022@135619-Eden.fts -> s3://eden-data/RAW/LOT/LSPM_J0419+4233/2019-10-22/LSPM_J0419+4233-20191022@135619-Eden.fits (24/109)
Storing LOT20191022-J0419_mod/LSPM_J0419+4233-20191022@135730-Eden.fts -> s3://eden-data/RAW/LOT/LSPM_J0419+4233/2019-10-22/LSPM_J0419+4233-20191022@135730-Eden.fits (25/109)
Storing LOT20191022-J0419_mod/LSPM_J0419+4233-20191022@135841-Eden.fts -> s3://eden-data/RAW/LOT/LSPM_J0419+4233/2019-10-22/LSPM_J0419+4233-20191022@135841-Eden.fits (26/109)
Storing LOT20191022-J0419_mod/LSPM_J0419+4233-20191022@135953-Eden.fts -> s3://eden-data/RAW/LOT/LSPM_J0419+4233/2019-10-22/LSPM_J0419+4233-20191022@135953-Eden.fits (27/109)
Storing LOT20191022-J0419_mod/LSPM_J0419+4233-20191022@140105-Eden.fts -> s3://eden-data/RAW/LOT/LSPM_J0419+4233/2019-10-22/LSPM_J0419+4233-20191022@140105-Eden.fits (28/109)
Storing LOT20191022-J0419_mod/LSPM_J0419+4233-20191022@140217-Eden.fts -> s3://eden-data/RAW/LOT/LSPM_J0419+4233/2019-10-22/LSPM_J0419+4233-20191022@140217-Eden.fits (29/109)
Storing LOT20191022-J0419_mod/LSPM_J0419+4233-20191022@140328-Eden.fts -> s3://eden-data/RAW/LOT/LSPM_J0419+4233/2019-10-22/LSPM_J0419+4233-20191022@140328-Eden.fits (30/109)
Storing LOT20191022-J0419_mod/LSPM_J0419+4233-20191022@140440-Eden.fts -> s3://eden-data/RAW/LOT/LSPM_J0419+4233/2019-10-22/LSPM_J0419+4233-20191022@140440-Eden.fits (31/109)
Storing LOT20191022-J0419_mod/LSPM_J0419+4233-20191022@140553-Eden.fts -> s3://eden-data/RAW/LOT/LSPM_J0419+4233/2019-10-22/LSPM_J0419+4233-20191022@140553-Eden.fits (32/109)
Storing LOT20191022-J0419_mod/LSPM_J0419+4233-20191022@140705-Eden.fts -> s3://eden-data/RAW/LOT/LSPM_J0419+4233/2019-10-22/LSPM_J0419+4233-20191022@140705-Eden.fits (33/109)
Storing LOT20191022-J0419_mod/LSPM_J0419+4233-20191022@140816-Eden.fts -> s3://eden-data/RAW/LOT/LSPM_J0419+4233/2019-10-22/LSPM_J0419+4233-20191022@140816-Eden.fits (34/109)
Storing LOT20191022-J0419_mod/LSPM_J0419+4233-20191022@140929-Eden.fts -> s3://eden-data/RAW/LOT/LSPM_J0419+4233/2019-10-22/LSPM_J0419+4233-20191022@140929-Eden.fits (35/109)
Storing LOT20191022-J0419_mod/LSPM_J0419+4233-20191022@141040-Eden.fts -> s3://eden-data/RAW/LOT/LSPM_J0419+4233/2019-10-22/LSPM_J0419+4233-20191022@141040-Eden.fits (36/109)
Storing LOT20191022-J0419_mod/LSPM_J0419+4233-20191022@141152-Eden.fts -> s3://eden-data/RAW/LOT/LSPM_J0419+4233/2019-10-22/LSPM_J0419+4233-20191022@141152-Eden.fits (37/109)
Storing LOT20191022-J0419_mod/LSPM_J0419+4233-20191022@141304-Eden.fts -> s3://eden-data/RAW/LOT/LSPM_J0419+4233/2019-10-22/LSPM_J0419+4233-20191022@141304-Eden.fits (38/109)
Storing LOT20191022-J0419_mod/LSPM_J0419+4233-20191022@141415-Eden.fts -> s3://eden-data/RAW/LOT/LSPM_J0419+4233/2019-10-22/LSPM_J0419+4233-20191022@141415-Eden.fits (39/109)
Storing LOT20191022-J0419_mod/LSPM_J0419+4233-20191022@141526-Eden.fts -> s3://eden-data/RAW/LOT/LSPM_J0419+4233/2019-10-22/LSPM_J0419+4233-20191022@141526-Eden.fits (40/109)
Storing LOT20191022-J0419_mod/LSPM_J0419+4233-20191022@141639-Eden.fts -> s3://eden-data/RAW/LOT/LSPM_J0419+4233/2019-10-22/LSPM_J0419+4233-20191022@141639-Eden.fits (41/109)
Storing LOT20191022-J0419_mod/LSPM_J0419+4233-20191022@141750-Eden.fts -> s3://eden-data/RAW/LOT/LSPM_J0419+4233/2019-10-22/LSPM_J0419+4233-20191022@141750-Eden.fits (42/109)
Storing LOT20191022-J0419_mod/LSPM_J0419+4233-20191022@141902-Eden.fts -> s3://eden-data/RAW/LOT/LSPM_J0419+4233/2019-10-22/LSPM_J0419+4233-20191022@141902-Eden.fits (43/109)
Storing LOT20191022-J0419_mod/LSPM_J0419+4233-20191022@142013-Eden.fts -> s3://eden-data/RAW/LOT/LSPM_J0419+4233/2019-10-22/LSPM_J0419+4233-20191022@142013-Eden.fits (44/109)
Storing LOT20191022-J0419_mod/LSPM_J0419+4233-20191022@142125-Eden.fts -> s3://eden-data/RAW/LOT/LSPM_J0419+4233/2019-10-22/LSPM_J0419+4233-20191022@142125-Eden.fits (45/109)
Storing LOT20191022-J0419_mod/LSPM_J0419+4233-20191022@142238-Eden.fts -> s3://eden-data/RAW/LOT/LSPM_J0419+4233/2019-10-22/LSPM_J0419+4233-20191022@142238-Eden.fits (46/109)
Storing LOT20191022-J0419_mod/LSPM_J0419+4233-20191022@142350-Eden.fts -> s3://eden-data/RAW/LOT/LSPM_J0419+4233/2019-10-22/LSPM_J0419+4233-20191022@142350-Eden.fits (47/109)
Storing LOT20191022-J0419_mod/LSPM_J0419+4233-20191022@142501-Eden.fts -> s3://eden-data/RAW/LOT/LSPM_J0419+4233/2019-10-22/LSPM_J0419+4233-20191022@142501-Eden.fits (48/109)
Storing LOT20191022-J0419_mod/LSPM_J0419+4233-20191022@142612-Eden.fts -> s3://eden-data/RAW/LOT/LSPM_J0419+4233/2019-10-22/LSPM_J0419+4233-20191022@142612-Eden.fits (49/109)
Storing LOT20191022-J0419_mod/LSPM_J0419+4233-20191022@142724-Eden.fts -> s3://eden-data/RAW/LOT/LSPM_J0419+4233/2019-10-22/LSPM_J0419+4233-20191022@142724-Eden.fits (50/109)
Storing LOT20191022-J0419_mod/LSPM_J0419+4233-20191022@142835-Eden.fts -> s3://eden-data/RAW/LOT/LSPM_J0419+4233/2019-10-22/LSPM_J0419+4233-20191022@142835-Eden.fits (51/109)
Storing LOT20191022-J0419_mod/LSPM_J0419+4233-20191022@142948-Eden.fts -> s3://eden-data/RAW/LOT/LSPM_J0419+4233/2019-10-22/LSPM_J0419+4233-20191022@142948-Eden.fits (52/109)
Storing LOT20191022-J0419_mod/LSPM_J0419+4233-20191022@143059-Eden.fts -> s3://eden-data/RAW/LOT/LSPM_J0419+4233/2019-10-22/LSPM_J0419+4233-20191022@143059-Eden.fits (53/109)
Storing LOT20191022-J0419_mod/LSPM_J0419+4233-20191022@143211-Eden.fts -> s3://eden-data/RAW/LOT/LSPM_J0419+4233/2019-10-22/LSPM_J0419+4233-20191022@143211-Eden.fits (54/109)
Storing LOT20191022-J0419_mod/LSPM_J0419+4233-20191022@143323-Eden.fts -> s3://eden-data/RAW/LOT/LSPM_J0419+4233/2019-10-22/LSPM_J0419+4233-20191022@143323-Eden.fits (55/109)
Storing LOT20191022-J0419_mod/LSPM_J0419+4233-20191022@143435-Eden.fts -> s3://eden-data/RAW/LOT/LSPM_J0419+4233/2019-10-22/LSPM_J0419+4233-20191022@143435-Eden.fits (56/109)
Storing LOT20191022-J0419_mod/LSPM_J0419+4233-20191022@143548-Eden.fts -> s3://eden-data/RAW/LOT/LSPM_J0419+4233/2019-10-22/LSPM_J0419+4233-20191022@143548-Eden.fits (57/109)
Storing LOT20191022-J0419_mod/LSPM_J0419+4233-20191022@143659-Eden.fts -> s3://eden-data/RAW/LOT/LSPM_J0419+4233/2019-10-22/LSPM_J0419+4233-20191022@143659-Eden.fits (58/109)
Storing LOT20191022-J0419_mod/LSPM_J0419+4233-20191022@143811-Eden.fts -> s3://eden-data/RAW/LOT/LSPM_J0419+4233/2019-10-22/LSPM_J0419+4233-20191022@143811-Eden.fits (59/109)
Storing LOT20191022-J0419_mod/LSPM_J0419+4233-20191022@143923-Eden.fts -> s3://eden-data/RAW/LOT/LSPM_J0419+4233/2019-10-22/LSPM_J0419+4233-20191022@143923-Eden.fits (60/109)
Storing LOT20191022-J0419_mod/LSPM_J0419+4233-20191022@144034-Eden.fts -> s3://eden-data/RAW/LOT/LSPM_J0419+4233/2019-10-22/LSPM_J0419+4233-20191022@144034-Eden.fits (61/109)
Storing LOT20191022-J0419_mod/LSPM_J0419+4233-20191022@144147-Eden.fts -> s3://eden-data/RAW/LOT/LSPM_J0419+4233/2019-10-22/LSPM_J0419+4233-20191022@144147-Eden.fits (62/109)
Storing LOT20191022-J0419_mod/LSPM_J0419+4233-20191022@145527-Eden.fts -> s3://eden-data/RAW/LOT/LSPM_J0419+4233/2019-10-22/LSPM_J0419+4233-20191022@145527-Eden.fits (63/109)
Storing LOT20191022-J0419_mod/LSPM_J0419+4233-20191022@145638-Eden.fts -> s3://eden-data/RAW/LOT/LSPM_J0419+4233/2019-10-22/LSPM_J0419+4233-20191022@145638-Eden.fits (64/109)
Storing LOT20191022-J0419_mod/LSPM_J0419+4233-20191022@145750-Eden.fts -> s3://eden-data/RAW/LOT/LSPM_J0419+4233/2019-10-22/LSPM_J0419+4233-20191022@145750-Eden.fits (65/109)
Storing LOT20191022-J0419_mod/LSPM_J0419+4233-20191022@145902-Eden.fts -> s3://eden-data/RAW/LOT/LSPM_J0419+4233/2019-10-22/LSPM_J0419+4233-20191022@145902-Eden.fits (66/109)
Storing LOT20191022-J0419_mod/LSPM_J0419+4233-20191022@150013-Eden.fts -> s3://eden-data/RAW/LOT/LSPM_J0419+4233/2019-10-22/LSPM_J0419+4233-20191022@150013-Eden.fits (67/109)
Storing LOT20191022-J0419_mod/LSPM_J0419+4233-20191022@150126-Eden.fts -> s3://eden-data/RAW/LOT/LSPM_J0419+4233/2019-10-22/LSPM_J0419+4233-20191022@150126-Eden.fits (68/109)
Storing LOT20191022-J0419_mod/LSPM_J0419+4233-20191022@150237-Eden.fts -> s3://eden-data/RAW/LOT/LSPM_J0419+4233/2019-10-22/LSPM_J0419+4233-20191022@150237-Eden.fits (69/109)
Storing LOT20191022-J0419_mod/LSPM_J0419+4233-20191022@150348-Eden.fts -> s3://eden-data/RAW/LOT/LSPM_J0419+4233/2019-10-22/LSPM_J0419+4233-20191022@150348-Eden.fits (70/109)
Storing LOT20191022-J0419_mod/LSPM_J0419+4233-20191022@150500-Eden.fts -> s3://eden-data/RAW/LOT/LSPM_J0419+4233/2019-10-22/LSPM_J0419+4233-20191022@150500-Eden.fits (71/109)
Storing LOT20191022-J0419_mod/LSPM_J0419+4233-20191022@150612-Eden.fts -> s3://eden-data/RAW/LOT/LSPM_J0419+4233/2019-10-22/LSPM_J0419+4233-20191022@150612-Eden.fits (72/109)
Storing LOT20191022-J0419_mod/LSPM_J0419+4233-20191022@150724-Eden.fts -> s3://eden-data/RAW/LOT/LSPM_J0419+4233/2019-10-22/LSPM_J0419+4233-20191022@150724-Eden.fits (73/109)
Storing LOT20191022-J0419_mod/LSPM_J0419+4233-20191022@150835-Eden.fts -> s3://eden-data/RAW/LOT/LSPM_J0419+4233/2019-10-22/LSPM_J0419+4233-20191022@150835-Eden.fits (74/109)
Storing LOT20191022-J0419_mod/LSPM_J0419+4233-20191022@150948-Eden.fts -> s3://eden-data/RAW/LOT/LSPM_J0419+4233/2019-10-22/LSPM_J0419+4233-20191022@150948-Eden.fits (75/109)
Storing LOT20191022-J0419_mod/LSPM_J0419+4233-20191022@151100-Eden.fts -> s3://eden-data/RAW/LOT/LSPM_J0419+4233/2019-10-22/LSPM_J0419+4233-20191022@151100-Eden.fits (76/109)
Storing LOT20191022-J0419_mod/LSPM_J0419+4233-20191022@151211-Eden.fts -> s3://eden-data/RAW/LOT/LSPM_J0419+4233/2019-10-22/LSPM_J0419+4233-20191022@151211-Eden.fits (77/109)
Storing LOT20191022-J0419_mod/LSPM_J0419+4233-20191022@151323-Eden.fts -> s3://eden-data/RAW/LOT/LSPM_J0419+4233/2019-10-22/LSPM_J0419+4233-20191022@151323-Eden.fits (78/109)
Storing LOT20191022-J0419_mod/LSPM_J0419+4233-20191022@151434-Eden.fts -> s3://eden-data/RAW/LOT/LSPM_J0419+4233/2019-10-22/LSPM_J0419+4233-20191022@151434-Eden.fits (79/109)
Storing LOT20191022-J0419_mod/LSPM_J0419+4233-20191022@151547-Eden.fts -> s3://eden-data/RAW/LOT/LSPM_J0419+4233/2019-10-22/LSPM_J0419+4233-20191022@151547-Eden.fits (80/109)
Storing LOT20191022-J0419_mod/LSPM_J0419+4233-20191022@151658-Eden.fts -> s3://eden-data/RAW/LOT/LSPM_J0419+4233/2019-10-22/LSPM_J0419+4233-20191022@151658-Eden.fits (81/109)
Storing LOT20191022-J0419_mod/LSPM_J0419+4233-20191022@151810-Eden.fts -> s3://eden-data/RAW/LOT/LSPM_J0419+4233/2019-10-22/LSPM_J0419+4233-20191022@151810-Eden.fits (82/109)
Storing LOT20191022-J0419_mod/LSPM_J0419+4233-20191022@151921-Eden.fts -> s3://eden-data/RAW/LOT/LSPM_J0419+4233/2019-10-22/LSPM_J0419+4233-20191022@151921-Eden.fits (83/109)
Storing LOT20191022-J0419_mod/LSPM_J0419+4233-20191022@152034-Eden.fts -> s3://eden-data/RAW/LOT/LSPM_J0419+4233/2019-10-22/LSPM_J0419+4233-20191022@152034-Eden.fits (84/109)
Storing LOT20191022-J0419_mod/LSPM_J0419+4233-20191022@152145-Eden.fts -> s3://eden-data/RAW/LOT/LSPM_J0419+4233/2019-10-22/LSPM_J0419+4233-20191022@152145-Eden.fits (85/109)
Storing LOT20191022-J0419_mod/LSPM_J0419+4233-20191022@152256-Eden.fts -> s3://eden-data/RAW/LOT/LSPM_J0419+4233/2019-10-22/LSPM_J0419+4233-20191022@152256-Eden.fits (86/109)
Storing LOT20191022-J0419_mod/LSPM_J0419+4233-20191022@152408-Eden.fts -> s3://eden-data/RAW/LOT/LSPM_J0419+4233/2019-10-22/LSPM_J0419+4233-20191022@152408-Eden.fits (87/109)
Storing LOT20191022-J0419_mod/LSPM_J0419+4233-20191022@152520-Eden.fts -> s3://eden-data/RAW/LOT/LSPM_J0419+4233/2019-10-22/LSPM_J0419+4233-20191022@152520-Eden.fits (88/109)
Storing LOT20191022-J0419_mod/LSPM_J0419+4233-20191022@152632-Eden.fts -> s3://eden-data/RAW/LOT/LSPM_J0419+4233/2019-10-22/LSPM_J0419+4233-20191022@152632-Eden.fits (89/109)
Storing LOT20191022-J0419_mod/LSPM_J0419+4233-20191022@152743-Eden.fts -> s3://eden-data/RAW/LOT/LSPM_J0419+4233/2019-10-22/LSPM_J0419+4233-20191022@152743-Eden.fits (90/109)
Storing LOT20191022-J0419_mod/LSPM_J0419+4233-20191022@152854-Eden.fts -> s3://eden-data/RAW/LOT/LSPM_J0419+4233/2019-10-22/LSPM_J0419+4233-20191022@152854-Eden.fits (91/109)
Storing LOT20191022-J0419_mod/LSPM_J0419+4233-20191022@153006-Eden.fts -> s3://eden-data/RAW/LOT/LSPM_J0419+4233/2019-10-22/LSPM_J0419+4233-20191022@153006-Eden.fits (92/109)
Storing LOT20191022-J0419_mod/LSPM_J0419+4233-20191022@153118-Eden.fts -> s3://eden-data/RAW/LOT/LSPM_J0419+4233/2019-10-22/LSPM_J0419+4233-20191022@153118-Eden.fits (93/109)
Storing LOT20191022-J0419_mod/LSPM_J0419+4233-20191022@153231-Eden.fts -> s3://eden-data/RAW/LOT/LSPM_J0419+4233/2019-10-22/LSPM_J0419+4233-20191022@153231-Eden.fits (94/109)
Storing LOT20191022-J0419_mod/LSPM_J0419+4233-20191022@153342-Eden.fts -> s3://eden-data/RAW/LOT/LSPM_J0419+4233/2019-10-22/LSPM_J0419+4233-20191022@153342-Eden.fits (95/109)
Storing LOT20191022-J0419_mod/LSPM_J0419+4233-20191022@153455-Eden.fts -> s3://eden-data/RAW/LOT/LSPM_J0419+4233/2019-10-22/LSPM_J0419+4233-20191022@153455-Eden.fits (96/109)
Storing LOT20191022-J0419_mod/LSPM_J0419+4233-20191022@153607-Eden.fts -> s3://eden-data/RAW/LOT/LSPM_J0419+4233/2019-10-22/LSPM_J0419+4233-20191022@153607-Eden.fits (97/109)
Storing LOT20191022-J0419_mod/LSPM_J0419+4233-20191022@153718-Eden.fts -> s3://eden-data/RAW/LOT/LSPM_J0419+4233/2019-10-22/LSPM_J0419+4233-20191022@153718-Eden.fits (98/109)
Storing LOT20191022-J0419_mod/LSPM_J0419+4233-20191022@153829-Eden.fts -> s3://eden-data/RAW/LOT/LSPM_J0419+4233/2019-10-22/LSPM_J0419+4233-20191022@153829-Eden.fits (99/109)
Storing LOT20191022-J0419_mod/LSPM_J0419+4233-20191022@153941-Eden.fts -> s3://eden-data/RAW/LOT/LSPM_J0419+4233/2019-10-22/LSPM_J0419+4233-20191022@153941-Eden.fits (100/109)
Storing LOT20191022-J0419_mod/LSPM_J0419+4233-20191022@154052-Eden.fts -> s3://eden-data/RAW/LOT/LSPM_J0419+4233/2019-10-22/LSPM_J0419+4233-20191022@154052-Eden.fits (101/109)
Storing LOT20191022-J0419_mod/LSPM_J0419+4233-20191022@154204-Eden.fts -> s3://eden-data/RAW/LOT/LSPM_J0419+4233/2019-10-22/LSPM_J0419+4233-20191022@154204-Eden.fits (102/109)
Storing LOT20191022-J0419_mod/LSPM_J0419+4233-20191022@154317-Eden.fts -> s3://eden-data/RAW/LOT/LSPM_J0419+4233/2019-10-22/LSPM_J0419+4233-20191022@154317-Eden.fits (103/109)
Storing LOT20191022-J0419_mod/LSPM_J0419+4233-20191022@154428-Eden.fts -> s3://eden-data/RAW/LOT/LSPM_J0419+4233/2019-10-22/LSPM_J0419+4233-20191022@154428-Eden.fits (104/109)
Storing LOT20191022-J0419_mod/LSPM_J0419+4233-20191022@154539-Eden.fts -> s3://eden-data/RAW/LOT/LSPM_J0419+4233/2019-10-22/LSPM_J0419+4233-20191022@154539-Eden.fits (105/109)
Storing LOT20191022-J0419_mod/LSPM_J0419+4233-20191022@154651-Eden.fts -> s3://eden-data/RAW/LOT/LSPM_J0419+4233/2019-10-22/LSPM_J0419+4233-20191022@154651-Eden.fits (106/109)
Storing LOT20191022-J0419_mod/LSPM_J0419+4233-20191022@154805-Eden.fts -> s3://eden-data/RAW/LOT/LSPM_J0419+4233/2019-10-22/LSPM_J0419+4233-20191022@154805-Eden.fits (107/109)
Storing LOT20191022-J0419_mod/LSPM_J0419+4233-20191022@154918-Eden.fts -> s3://eden-data/RAW/LOT/LSPM_J0419+4233/2019-10-22/LSPM_J0419+4233-20191022@154918-Eden.fits (108/109)
Storing LOT20191022-J0419_mod/LSPM_J0419+4233-20191022@155030-Eden.fts -> s3://eden-data/RAW/LOT/LSPM_J0419+4233/2019-10-22/LSPM_J0419+4233-20191022@155030-Eden.fits (109/109)

Upload complete!
Stored: 109 files (0.9 GB)

