Bucket successfully loaded! eden-data
367 files found
Storing data to the S3 archive!
Doing a dry run - uploads will not be committed.
Verbose output enabled.
Storing LOT20200214_mod/Bias-20200214@222127-000S.fts -> s3://eden-data/Calibrations/LOT/BIAS/2020-02-14/Bias-20200214@222127-000S.fits (1/367) (dry run)
Storing LOT20200214_mod/Bias-20200214@222136-000S.fts -> s3://eden-data/Calibrations/LOT/BIAS/2020-02-14/Bias-20200214@222136-000S.fits (2/367) (dry run)
Storing LOT20200214_mod/Bias-20200214@222143-000S.fts -> s3://eden-data/Calibrations/LOT/BIAS/2020-02-14/Bias-20200214@222143-000S.fits (3/367) (dry run)
Storing LOT20200214_mod/Bias-20200214@222150-000S.fts -> s3://eden-data/Calibrations/LOT/BIAS/2020-02-14/Bias-20200214@222150-000S.fits (4/367) (dry run)
Storing LOT20200214_mod/Bias-20200214@222157-000S.fts -> s3://eden-data/Calibrations/LOT/BIAS/2020-02-14/Bias-20200214@222157-000S.fits (5/367) (dry run)
Storing LOT20200214_mod/Bias-20200214@222204-000S.fts -> s3://eden-data/Calibrations/LOT/BIAS/2020-02-14/Bias-20200214@222204-000S.fits (6/367) (dry run)
Storing LOT20200214_mod/Bias-20200214@222212-000S.fts -> s3://eden-data/Calibrations/LOT/BIAS/2020-02-14/Bias-20200214@222212-000S.fits (7/367) (dry run)
Storing LOT20200214_mod/Bias-20200214@222218-000S.fts -> s3://eden-data/Calibrations/LOT/BIAS/2020-02-14/Bias-20200214@222218-000S.fits (8/367) (dry run)
Storing LOT20200214_mod/Bias-20200214@222224-000S.fts -> s3://eden-data/Calibrations/LOT/BIAS/2020-02-14/Bias-20200214@222224-000S.fits (9/367) (dry run)
Storing LOT20200214_mod/Bias-20200214@222231-000S.fts -> s3://eden-data/Calibrations/LOT/BIAS/2020-02-14/Bias-20200214@222231-000S.fits (10/367) (dry run)
Storing LOT20200214_mod/Dark-20200214@222239-005S.fts -> s3://eden-data/Calibrations/LOT/DARK/2020-02-14/Dark-20200214@222239-005S.fits (11/367) (dry run)
Storing LOT20200214_mod/Dark-20200214@222251-005S.fts -> s3://eden-data/Calibrations/LOT/DARK/2020-02-14/Dark-20200214@222251-005S.fits (12/367) (dry run)
Storing LOT20200214_mod/Dark-20200214@222303-005S.fts -> s3://eden-data/Calibrations/LOT/DARK/2020-02-14/Dark-20200214@222303-005S.fits (13/367) (dry run)
Storing LOT20200214_mod/Dark-20200214@222315-005S.fts -> s3://eden-data/Calibrations/LOT/DARK/2020-02-14/Dark-20200214@222315-005S.fits (14/367) (dry run)
Storing LOT20200214_mod/Dark-20200214@222327-005S.fts -> s3://eden-data/Calibrations/LOT/DARK/2020-02-14/Dark-20200214@222327-005S.fits (15/367) (dry run)
Storing LOT20200214_mod/Dark-20200214@222338-005S.fts -> s3://eden-data/Calibrations/LOT/DARK/2020-02-14/Dark-20200214@222338-005S.fits (16/367) (dry run)
Storing LOT20200214_mod/Dark-20200214@222351-005S.fts -> s3://eden-data/Calibrations/LOT/DARK/2020-02-14/Dark-20200214@222351-005S.fits (17/367) (dry run)
Storing LOT20200214_mod/Dark-20200214@222403-005S.fts -> s3://eden-data/Calibrations/LOT/DARK/2020-02-14/Dark-20200214@222403-005S.fits (18/367) (dry run)
Storing LOT20200214_mod/Dark-20200214@222415-005S.fts -> s3://eden-data/Calibrations/LOT/DARK/2020-02-14/Dark-20200214@222415-005S.fits (19/367) (dry run)
Storing LOT20200214_mod/Dark-20200214@222427-005S.fts -> s3://eden-data/Calibrations/LOT/DARK/2020-02-14/Dark-20200214@222427-005S.fits (20/367) (dry run)
Storing LOT20200214_mod/Dark-20200214@222440-060S.fts -> s3://eden-data/Calibrations/LOT/DARK/2020-02-14/Dark-20200214@222440-060S.fits (21/367) (dry run)
Storing LOT20200214_mod/Dark-20200214@222546-060S.fts -> s3://eden-data/Calibrations/LOT/DARK/2020-02-14/Dark-20200214@222546-060S.fits (22/367) (dry run)
Storing LOT20200214_mod/Dark-20200214@222653-060S.fts -> s3://eden-data/Calibrations/LOT/DARK/2020-02-14/Dark-20200214@222653-060S.fits (23/367) (dry run)
Storing LOT20200214_mod/Dark-20200214@222800-060S.fts -> s3://eden-data/Calibrations/LOT/DARK/2020-02-14/Dark-20200214@222800-060S.fits (24/367) (dry run)
Storing LOT20200214_mod/Dark-20200214@222907-060S.fts -> s3://eden-data/Calibrations/LOT/DARK/2020-02-14/Dark-20200214@222907-060S.fits (25/367) (dry run)
Storing LOT20200214_mod/Dark-20200214@223014-060S.fts -> s3://eden-data/Calibrations/LOT/DARK/2020-02-14/Dark-20200214@223014-060S.fits (26/367) (dry run)
Storing LOT20200214_mod/Dark-20200214@223121-060S.fts -> s3://eden-data/Calibrations/LOT/DARK/2020-02-14/Dark-20200214@223121-060S.fits (27/367) (dry run)
Storing LOT20200214_mod/Dark-20200214@223228-060S.fts -> s3://eden-data/Calibrations/LOT/DARK/2020-02-14/Dark-20200214@223228-060S.fits (28/367) (dry run)
Storing LOT20200214_mod/Dark-20200214@223334-060S.fts -> s3://eden-data/Calibrations/LOT/DARK/2020-02-14/Dark-20200214@223334-060S.fits (29/367) (dry run)
Storing LOT20200214_mod/Dark-20200214@223441-060S.fts -> s3://eden-data/Calibrations/LOT/DARK/2020-02-14/Dark-20200214@223441-060S.fits (30/367) (dry run)
Storing LOT20200214_mod/Dark-20200214@223549-240S.fts -> s3://eden-data/Calibrations/LOT/DARK/2020-02-14/Dark-20200214@223549-240S.fits (31/367) (dry run)
Storing LOT20200214_mod/Dark-20200214@223956-240S.fts -> s3://eden-data/Calibrations/LOT/DARK/2020-02-14/Dark-20200214@223956-240S.fits (32/367) (dry run)
Storing LOT20200214_mod/Dark-20200214@224403-240S.fts -> s3://eden-data/Calibrations/LOT/DARK/2020-02-14/Dark-20200214@224403-240S.fits (33/367) (dry run)
Storing LOT20200214_mod/Dark-20200214@224810-240S.fts -> s3://eden-data/Calibrations/LOT/DARK/2020-02-14/Dark-20200214@224810-240S.fits (34/367) (dry run)
Storing LOT20200214_mod/Dark-20200214@225217-240S.fts -> s3://eden-data/Calibrations/LOT/DARK/2020-02-14/Dark-20200214@225217-240S.fits (35/367) (dry run)
Storing LOT20200214_mod/Dark-20200214@225626-240S.fts -> s3://eden-data/Calibrations/LOT/DARK/2020-02-14/Dark-20200214@225626-240S.fits (36/367) (dry run)
Storing LOT20200214_mod/Dark-20200214@230032-240S.fts -> s3://eden-data/Calibrations/LOT/DARK/2020-02-14/Dark-20200214@230032-240S.fits (37/367) (dry run)
Storing LOT20200214_mod/Dark-20200214@230439-240S.fts -> s3://eden-data/Calibrations/LOT/DARK/2020-02-14/Dark-20200214@230439-240S.fits (38/367) (dry run)
Storing LOT20200214_mod/Dark-20200214@230845-240S.fts -> s3://eden-data/Calibrations/LOT/DARK/2020-02-14/Dark-20200214@230845-240S.fits (39/367) (dry run)
Storing LOT20200214_mod/Dark-20200214@231253-240S.fts -> s3://eden-data/Calibrations/LOT/DARK/2020-02-14/Dark-20200214@231253-240S.fits (40/367) (dry run)
Storing LOT20200214_mod/LSPM_J1055+0808-20200214@142235-Eden.fts -> s3://eden-data/RAW/LOT/LSPM_J1055+0808/2020-02-14/LSPM_J1055+0808-20200214@142235-Eden.fits (41/367) (dry run)
Storing LOT20200214_mod/LSPM_J1055+0808-20200214@142401-Eden.fts -> s3://eden-data/RAW/LOT/LSPM_J1055+0808/2020-02-14/LSPM_J1055+0808-20200214@142401-Eden.fits (42/367) (dry run)
Storing LOT20200214_mod/LSPM_J1055+0808-20200214@142515-Eden.fts -> s3://eden-data/RAW/LOT/LSPM_J1055+0808/2020-02-14/LSPM_J1055+0808-20200214@142515-Eden.fits (43/367) (dry run)
Storing LOT20200214_mod/LSPM_J1055+0808-20200214@142630-Eden.fts -> s3://eden-data/RAW/LOT/LSPM_J1055+0808/2020-02-14/LSPM_J1055+0808-20200214@142630-Eden.fits (44/367) (dry run)
Storing LOT20200214_mod/LSPM_J1055+0808-20200214@142744-Eden.fts -> s3://eden-data/RAW/LOT/LSPM_J1055+0808/2020-02-14/LSPM_J1055+0808-20200214@142744-Eden.fits (45/367) (dry run)
Storing LOT20200214_mod/LSPM_J1055+0808-20200214@142858-Eden.fts -> s3://eden-data/RAW/LOT/LSPM_J1055+0808/2020-02-14/LSPM_J1055+0808-20200214@142858-Eden.fits (46/367) (dry run)
Storing LOT20200214_mod/LSPM_J1055+0808-20200214@143012-Eden.fts -> s3://eden-data/RAW/LOT/LSPM_J1055+0808/2020-02-14/LSPM_J1055+0808-20200214@143012-Eden.fits (47/367) (dry run)
Storing LOT20200214_mod/LSPM_J1055+0808-20200214@143126-Eden.fts -> s3://eden-data/RAW/LOT/LSPM_J1055+0808/2020-02-14/LSPM_J1055+0808-20200214@143126-Eden.fits (48/367) (dry run)
Storing LOT20200214_mod/LSPM_J1055+0808-20200214@143240-Eden.fts -> s3://eden-data/RAW/LOT/LSPM_J1055+0808/2020-02-14/LSPM_J1055+0808-20200214@143240-Eden.fits (49/367) (dry run)
Storing LOT20200214_mod/LSPM_J1055+0808-20200214@143355-Eden.fts -> s3://eden-data/RAW/LOT/LSPM_J1055+0808/2020-02-14/LSPM_J1055+0808-20200214@143355-Eden.fits (50/367) (dry run)
Storing LOT20200214_mod/LSPM_J1055+0808-20200214@143509-Eden.fts -> s3://eden-data/RAW/LOT/LSPM_J1055+0808/2020-02-14/LSPM_J1055+0808-20200214@143509-Eden.fits (51/367) (dry run)
Storing LOT20200214_mod/LSPM_J1055+0808-20200214@143624-Eden.fts -> s3://eden-data/RAW/LOT/LSPM_J1055+0808/2020-02-14/LSPM_J1055+0808-20200214@143624-Eden.fits (52/367) (dry run)
Storing LOT20200214_mod/LSPM_J1055+0808-20200214@144443-Eden.fts -> s3://eden-data/RAW/LOT/LSPM_J1055+0808/2020-02-14/LSPM_J1055+0808-20200214@144443-Eden.fits (53/367) (dry run)
Storing LOT20200214_mod/LSPM_J1055+0808-20200214@144611-Eden.fts -> s3://eden-data/RAW/LOT/LSPM_J1055+0808/2020-02-14/LSPM_J1055+0808-20200214@144611-Eden.fits (54/367) (dry run)
Storing LOT20200214_mod/LSPM_J1055+0808-20200214@144726-Eden.fts -> s3://eden-data/RAW/LOT/LSPM_J1055+0808/2020-02-14/LSPM_J1055+0808-20200214@144726-Eden.fits (55/367) (dry run)
Storing LOT20200214_mod/LSPM_J1055+0808-20200214@144840-Eden.fts -> s3://eden-data/RAW/LOT/LSPM_J1055+0808/2020-02-14/LSPM_J1055+0808-20200214@144840-Eden.fits (56/367) (dry run)
Storing LOT20200214_mod/LSPM_J1055+0808-20200214@145944-Eden.fts -> s3://eden-data/RAW/LOT/LSPM_J1055+0808/2020-02-14/LSPM_J1055+0808-20200214@145944-Eden.fits (57/367) (dry run)
Storing LOT20200214_mod/LSPM_J1055+0808-20200214@150111-Eden.fts -> s3://eden-data/RAW/LOT/LSPM_J1055+0808/2020-02-14/LSPM_J1055+0808-20200214@150111-Eden.fits (58/367) (dry run)
Storing LOT20200214_mod/LSPM_J1055+0808-20200214@150227-Eden.fts -> s3://eden-data/RAW/LOT/LSPM_J1055+0808/2020-02-14/LSPM_J1055+0808-20200214@150227-Eden.fits (59/367) (dry run)
Storing LOT20200214_mod/LSPM_J1055+0808-20200214@150342-Eden.fts -> s3://eden-data/RAW/LOT/LSPM_J1055+0808/2020-02-14/LSPM_J1055+0808-20200214@150342-Eden.fits (60/367) (dry run)
Storing LOT20200214_mod/LSPM_J1055+0808-20200214@150458-Eden.fts -> s3://eden-data/RAW/LOT/LSPM_J1055+0808/2020-02-14/LSPM_J1055+0808-20200214@150458-Eden.fits (61/367) (dry run)
Storing LOT20200214_mod/LSPM_J1055+0808-20200214@150613-Eden.fts -> s3://eden-data/RAW/LOT/LSPM_J1055+0808/2020-02-14/LSPM_J1055+0808-20200214@150613-Eden.fits (62/367) (dry run)
Storing LOT20200214_mod/LSPM_J1055+0808-20200214@150727-Eden.fts -> s3://eden-data/RAW/LOT/LSPM_J1055+0808/2020-02-14/LSPM_J1055+0808-20200214@150727-Eden.fits (63/367) (dry run)
Storing LOT20200214_mod/LSPM_J1055+0808-20200214@150842-Eden.fts -> s3://eden-data/RAW/LOT/LSPM_J1055+0808/2020-02-14/LSPM_J1055+0808-20200214@150842-Eden.fits (64/367) (dry run)
Storing LOT20200214_mod/LSPM_J1055+0808-20200214@150956-Eden.fts -> s3://eden-data/RAW/LOT/LSPM_J1055+0808/2020-02-14/LSPM_J1055+0808-20200214@150956-Eden.fits (65/367) (dry run)
Storing LOT20200214_mod/LSPM_J1055+0808-20200214@151111-Eden.fts -> s3://eden-data/RAW/LOT/LSPM_J1055+0808/2020-02-14/LSPM_J1055+0808-20200214@151111-Eden.fits (66/367) (dry run)
Storing LOT20200214_mod/LSPM_J1055+0808-20200214@151224-Eden.fts -> s3://eden-data/RAW/LOT/LSPM_J1055+0808/2020-02-14/LSPM_J1055+0808-20200214@151224-Eden.fits (67/367) (dry run)
Storing LOT20200214_mod/LSPM_J1055+0808-20200214@151340-Eden.fts -> s3://eden-data/RAW/LOT/LSPM_J1055+0808/2020-02-14/LSPM_J1055+0808-20200214@151340-Eden.fits (68/367) (dry run)
Storing LOT20200214_mod/LSPM_J1055+0808-20200214@151454-Eden.fts -> s3://eden-data/RAW/LOT/LSPM_J1055+0808/2020-02-14/LSPM_J1055+0808-20200214@151454-Eden.fits (69/367) (dry run)
Storing LOT20200214_mod/LSPM_J1055+0808-20200214@151609-Eden.fts -> s3://eden-data/RAW/LOT/LSPM_J1055+0808/2020-02-14/LSPM_J1055+0808-20200214@151609-Eden.fits (70/367) (dry run)
Storing LOT20200214_mod/LSPM_J1055+0808-20200214@151728-Eden.fts -> s3://eden-data/RAW/LOT/LSPM_J1055+0808/2020-02-14/LSPM_J1055+0808-20200214@151728-Eden.fits (71/367) (dry run)
Storing LOT20200214_mod/LSPM_J1055+0808-20200214@151842-Eden.fts -> s3://eden-data/RAW/LOT/LSPM_J1055+0808/2020-02-14/LSPM_J1055+0808-20200214@151842-Eden.fits (72/367) (dry run)
Storing LOT20200214_mod/LSPM_J1055+0808-20200214@151958-Eden.fts -> s3://eden-data/RAW/LOT/LSPM_J1055+0808/2020-02-14/LSPM_J1055+0808-20200214@151958-Eden.fits (73/367) (dry run)
Storing LOT20200214_mod/LSPM_J1055+0808-20200214@152114-Eden.fts -> s3://eden-data/RAW/LOT/LSPM_J1055+0808/2020-02-14/LSPM_J1055+0808-20200214@152114-Eden.fits (74/367) (dry run)
Storing LOT20200214_mod/LSPM_J1055+0808-20200214@152229-Eden.fts -> s3://eden-data/RAW/LOT/LSPM_J1055+0808/2020-02-14/LSPM_J1055+0808-20200214@152229-Eden.fits (75/367) (dry run)
Storing LOT20200214_mod/LSPM_J1055+0808-20200214@152344-Eden.fts -> s3://eden-data/RAW/LOT/LSPM_J1055+0808/2020-02-14/LSPM_J1055+0808-20200214@152344-Eden.fits (76/367) (dry run)
Storing LOT20200214_mod/LSPM_J1055+0808-20200214@152500-Eden.fts -> s3://eden-data/RAW/LOT/LSPM_J1055+0808/2020-02-14/LSPM_J1055+0808-20200214@152500-Eden.fits (77/367) (dry run)
Storing LOT20200214_mod/LSPM_J1055+0808-20200214@152614-Eden.fts -> s3://eden-data/RAW/LOT/LSPM_J1055+0808/2020-02-14/LSPM_J1055+0808-20200214@152614-Eden.fits (78/367) (dry run)
Storing LOT20200214_mod/LSPM_J1055+0808-20200214@152729-Eden.fts -> s3://eden-data/RAW/LOT/LSPM_J1055+0808/2020-02-14/LSPM_J1055+0808-20200214@152729-Eden.fits (79/367) (dry run)
Storing LOT20200214_mod/LSPM_J1055+0808-20200214@152846-Eden.fts -> s3://eden-data/RAW/LOT/LSPM_J1055+0808/2020-02-14/LSPM_J1055+0808-20200214@152846-Eden.fits (80/367) (dry run)
Storing LOT20200214_mod/LSPM_J1055+0808-20200214@153002-Eden.fts -> s3://eden-data/RAW/LOT/LSPM_J1055+0808/2020-02-14/LSPM_J1055+0808-20200214@153002-Eden.fits (81/367) (dry run)
Storing LOT20200214_mod/LSPM_J1055+0808-20200214@153116-Eden.fts -> s3://eden-data/RAW/LOT/LSPM_J1055+0808/2020-02-14/LSPM_J1055+0808-20200214@153116-Eden.fits (82/367) (dry run)
Storing LOT20200214_mod/LSPM_J1055+0808-20200214@153231-Eden.fts -> s3://eden-data/RAW/LOT/LSPM_J1055+0808/2020-02-14/LSPM_J1055+0808-20200214@153231-Eden.fits (83/367) (dry run)
Storing LOT20200214_mod/LSPM_J1055+0808-20200214@153345-Eden.fts -> s3://eden-data/RAW/LOT/LSPM_J1055+0808/2020-02-14/LSPM_J1055+0808-20200214@153345-Eden.fits (84/367) (dry run)
Storing LOT20200214_mod/LSPM_J1055+0808-20200214@153502-Eden.fts -> s3://eden-data/RAW/LOT/LSPM_J1055+0808/2020-02-14/LSPM_J1055+0808-20200214@153502-Eden.fits (85/367) (dry run)
Storing LOT20200214_mod/LSPM_J1055+0808-20200214@153618-Eden.fts -> s3://eden-data/RAW/LOT/LSPM_J1055+0808/2020-02-14/LSPM_J1055+0808-20200214@153618-Eden.fits (86/367) (dry run)
Storing LOT20200214_mod/LSPM_J1055+0808-20200214@153734-Eden.fts -> s3://eden-data/RAW/LOT/LSPM_J1055+0808/2020-02-14/LSPM_J1055+0808-20200214@153734-Eden.fits (87/367) (dry run)
Storing LOT20200214_mod/LSPM_J1055+0808-20200214@153851-Eden.fts -> s3://eden-data/RAW/LOT/LSPM_J1055+0808/2020-02-14/LSPM_J1055+0808-20200214@153851-Eden.fits (88/367) (dry run)
Storing LOT20200214_mod/LSPM_J1055+0808-20200214@154007-Eden.fts -> s3://eden-data/RAW/LOT/LSPM_J1055+0808/2020-02-14/LSPM_J1055+0808-20200214@154007-Eden.fits (89/367) (dry run)
Storing LOT20200214_mod/LSPM_J1055+0808-20200214@154122-Eden.fts -> s3://eden-data/RAW/LOT/LSPM_J1055+0808/2020-02-14/LSPM_J1055+0808-20200214@154122-Eden.fits (90/367) (dry run)
Storing LOT20200214_mod/LSPM_J1055+0808-20200214@154237-Eden.fts -> s3://eden-data/RAW/LOT/LSPM_J1055+0808/2020-02-14/LSPM_J1055+0808-20200214@154237-Eden.fits (91/367) (dry run)
Storing LOT20200214_mod/LSPM_J1055+0808-20200214@154353-Eden.fts -> s3://eden-data/RAW/LOT/LSPM_J1055+0808/2020-02-14/LSPM_J1055+0808-20200214@154353-Eden.fits (92/367) (dry run)
Storing LOT20200214_mod/LSPM_J1055+0808-20200214@154508-Eden.fts -> s3://eden-data/RAW/LOT/LSPM_J1055+0808/2020-02-14/LSPM_J1055+0808-20200214@154508-Eden.fits (93/367) (dry run)
Storing LOT20200214_mod/LSPM_J1055+0808-20200214@154624-Eden.fts -> s3://eden-data/RAW/LOT/LSPM_J1055+0808/2020-02-14/LSPM_J1055+0808-20200214@154624-Eden.fits (94/367) (dry run)
Storing LOT20200214_mod/LSPM_J1055+0808-20200214@154740-Eden.fts -> s3://eden-data/RAW/LOT/LSPM_J1055+0808/2020-02-14/LSPM_J1055+0808-20200214@154740-Eden.fits (95/367) (dry run)
Storing LOT20200214_mod/LSPM_J1055+0808-20200214@154855-Eden.fts -> s3://eden-data/RAW/LOT/LSPM_J1055+0808/2020-02-14/LSPM_J1055+0808-20200214@154855-Eden.fits (96/367) (dry run)
Storing LOT20200214_mod/LSPM_J1055+0808-20200214@155011-Eden.fts -> s3://eden-data/RAW/LOT/LSPM_J1055+0808/2020-02-14/LSPM_J1055+0808-20200214@155011-Eden.fits (97/367) (dry run)
Storing LOT20200214_mod/LSPM_J1055+0808-20200214@155126-Eden.fts -> s3://eden-data/RAW/LOT/LSPM_J1055+0808/2020-02-14/LSPM_J1055+0808-20200214@155126-Eden.fits (98/367) (dry run)
Storing LOT20200214_mod/LSPM_J1055+0808-20200214@155242-Eden.fts -> s3://eden-data/RAW/LOT/LSPM_J1055+0808/2020-02-14/LSPM_J1055+0808-20200214@155242-Eden.fits (99/367) (dry run)
Storing LOT20200214_mod/LSPM_J1055+0808-20200214@155358-Eden.fts -> s3://eden-data/RAW/LOT/LSPM_J1055+0808/2020-02-14/LSPM_J1055+0808-20200214@155358-Eden.fits (100/367) (dry run)
Storing LOT20200214_mod/LSPM_J1055+0808-20200214@155515-Eden.fts -> s3://eden-data/RAW/LOT/LSPM_J1055+0808/2020-02-14/LSPM_J1055+0808-20200214@155515-Eden.fits (101/367) (dry run)
Storing LOT20200214_mod/LSPM_J1055+0808-20200214@155630-Eden.fts -> s3://eden-data/RAW/LOT/LSPM_J1055+0808/2020-02-14/LSPM_J1055+0808-20200214@155630-Eden.fits (102/367) (dry run)
Storing LOT20200214_mod/LSPM_J1055+0808-20200214@155746-Eden.fts -> s3://eden-data/RAW/LOT/LSPM_J1055+0808/2020-02-14/LSPM_J1055+0808-20200214@155746-Eden.fits (103/367) (dry run)
Storing LOT20200214_mod/LSPM_J1055+0808-20200214@155901-Eden.fts -> s3://eden-data/RAW/LOT/LSPM_J1055+0808/2020-02-14/LSPM_J1055+0808-20200214@155901-Eden.fits (104/367) (dry run)
Storing LOT20200214_mod/LSPM_J1055+0808-20200214@160015-Eden.fts -> s3://eden-data/RAW/LOT/LSPM_J1055+0808/2020-02-14/LSPM_J1055+0808-20200214@160015-Eden.fits (105/367) (dry run)
Storing LOT20200214_mod/LSPM_J1055+0808-20200214@160130-Eden.fts -> s3://eden-data/RAW/LOT/LSPM_J1055+0808/2020-02-14/LSPM_J1055+0808-20200214@160130-Eden.fits (106/367) (dry run)
Storing LOT20200214_mod/LSPM_J1055+0808-20200214@160247-Eden.fts -> s3://eden-data/RAW/LOT/LSPM_J1055+0808/2020-02-14/LSPM_J1055+0808-20200214@160247-Eden.fits (107/367) (dry run)
Storing LOT20200214_mod/LSPM_J1055+0808-20200214@160404-Eden.fts -> s3://eden-data/RAW/LOT/LSPM_J1055+0808/2020-02-14/LSPM_J1055+0808-20200214@160404-Eden.fits (108/367) (dry run)
Storing LOT20200214_mod/LSPM_J1055+0808-20200214@160518-Eden.fts -> s3://eden-data/RAW/LOT/LSPM_J1055+0808/2020-02-14/LSPM_J1055+0808-20200214@160518-Eden.fits (109/367) (dry run)
Storing LOT20200214_mod/LSPM_J1055+0808-20200214@160633-Eden.fts -> s3://eden-data/RAW/LOT/LSPM_J1055+0808/2020-02-14/LSPM_J1055+0808-20200214@160633-Eden.fits (110/367) (dry run)
Storing LOT20200214_mod/LSPM_J1055+0808-20200214@160750-Eden.fts -> s3://eden-data/RAW/LOT/LSPM_J1055+0808/2020-02-14/LSPM_J1055+0808-20200214@160750-Eden.fits (111/367) (dry run)
Storing LOT20200214_mod/LSPM_J1055+0808-20200214@160906-Eden.fts -> s3://eden-data/RAW/LOT/LSPM_J1055+0808/2020-02-14/LSPM_J1055+0808-20200214@160906-Eden.fits (112/367) (dry run)
Storing LOT20200214_mod/LSPM_J1055+0808-20200214@161023-Eden.fts -> s3://eden-data/RAW/LOT/LSPM_J1055+0808/2020-02-14/LSPM_J1055+0808-20200214@161023-Eden.fits (113/367) (dry run)
Storing LOT20200214_mod/LSPM_J1055+0808-20200214@161137-Eden.fts -> s3://eden-data/RAW/LOT/LSPM_J1055+0808/2020-02-14/LSPM_J1055+0808-20200214@161137-Eden.fits (114/367) (dry run)
Storing LOT20200214_mod/LSPM_J1055+0808-20200214@161251-Eden.fts -> s3://eden-data/RAW/LOT/LSPM_J1055+0808/2020-02-14/LSPM_J1055+0808-20200214@161251-Eden.fits (115/367) (dry run)
Storing LOT20200214_mod/LSPM_J1055+0808-20200214@161407-Eden.fts -> s3://eden-data/RAW/LOT/LSPM_J1055+0808/2020-02-14/LSPM_J1055+0808-20200214@161407-Eden.fits (116/367) (dry run)
Storing LOT20200214_mod/LSPM_J1055+0808-20200214@161523-Eden.fts -> s3://eden-data/RAW/LOT/LSPM_J1055+0808/2020-02-14/LSPM_J1055+0808-20200214@161523-Eden.fits (117/367) (dry run)
Storing LOT20200214_mod/LSPM_J1055+0808-20200214@161639-Eden.fts -> s3://eden-data/RAW/LOT/LSPM_J1055+0808/2020-02-14/LSPM_J1055+0808-20200214@161639-Eden.fits (118/367) (dry run)
Storing LOT20200214_mod/LSPM_J1055+0808-20200214@161754-Eden.fts -> s3://eden-data/RAW/LOT/LSPM_J1055+0808/2020-02-14/LSPM_J1055+0808-20200214@161754-Eden.fits (119/367) (dry run)
Storing LOT20200214_mod/LSPM_J1055+0808-20200214@161911-Eden.fts -> s3://eden-data/RAW/LOT/LSPM_J1055+0808/2020-02-14/LSPM_J1055+0808-20200214@161911-Eden.fits (120/367) (dry run)
Storing LOT20200214_mod/LSPM_J1055+0808-20200214@162028-Eden.fts -> s3://eden-data/RAW/LOT/LSPM_J1055+0808/2020-02-14/LSPM_J1055+0808-20200214@162028-Eden.fits (121/367) (dry run)
Storing LOT20200214_mod/LSPM_J1055+0808-20200214@162143-Eden.fts -> s3://eden-data/RAW/LOT/LSPM_J1055+0808/2020-02-14/LSPM_J1055+0808-20200214@162143-Eden.fits (122/367) (dry run)
Storing LOT20200214_mod/LSPM_J1055+0808-20200214@162258-Eden.fts -> s3://eden-data/RAW/LOT/LSPM_J1055+0808/2020-02-14/LSPM_J1055+0808-20200214@162258-Eden.fits (123/367) (dry run)
Storing LOT20200214_mod/LSPM_J1055+0808-20200214@162412-Eden.fts -> s3://eden-data/RAW/LOT/LSPM_J1055+0808/2020-02-14/LSPM_J1055+0808-20200214@162412-Eden.fits (124/367) (dry run)
Storing LOT20200214_mod/LSPM_J1055+0808-20200214@162527-Eden.fts -> s3://eden-data/RAW/LOT/LSPM_J1055+0808/2020-02-14/LSPM_J1055+0808-20200214@162527-Eden.fits (125/367) (dry run)
Storing LOT20200214_mod/LSPM_J1055+0808-20200214@162643-Eden.fts -> s3://eden-data/RAW/LOT/LSPM_J1055+0808/2020-02-14/LSPM_J1055+0808-20200214@162643-Eden.fits (126/367) (dry run)
Storing LOT20200214_mod/LSPM_J1055+0808-20200214@162757-Eden.fts -> s3://eden-data/RAW/LOT/LSPM_J1055+0808/2020-02-14/LSPM_J1055+0808-20200214@162757-Eden.fits (127/367) (dry run)
Storing LOT20200214_mod/LSPM_J1055+0808-20200214@162911-Eden.fts -> s3://eden-data/RAW/LOT/LSPM_J1055+0808/2020-02-14/LSPM_J1055+0808-20200214@162911-Eden.fits (128/367) (dry run)
Storing LOT20200214_mod/LSPM_J1055+0808-20200214@163026-Eden.fts -> s3://eden-data/RAW/LOT/LSPM_J1055+0808/2020-02-14/LSPM_J1055+0808-20200214@163026-Eden.fits (129/367) (dry run)
Storing LOT20200214_mod/LSPM_J1055+0808-20200214@163142-Eden.fts -> s3://eden-data/RAW/LOT/LSPM_J1055+0808/2020-02-14/LSPM_J1055+0808-20200214@163142-Eden.fits (130/367) (dry run)
Storing LOT20200214_mod/LSPM_J1055+0808-20200214@163258-Eden.fts -> s3://eden-data/RAW/LOT/LSPM_J1055+0808/2020-02-14/LSPM_J1055+0808-20200214@163258-Eden.fits (131/367) (dry run)
Storing LOT20200214_mod/LSPM_J1055+0808-20200214@163414-Eden.fts -> s3://eden-data/RAW/LOT/LSPM_J1055+0808/2020-02-14/LSPM_J1055+0808-20200214@163414-Eden.fits (132/367) (dry run)
Storing LOT20200214_mod/LSPM_J1055+0808-20200214@163528-Eden.fts -> s3://eden-data/RAW/LOT/LSPM_J1055+0808/2020-02-14/LSPM_J1055+0808-20200214@163528-Eden.fits (133/367) (dry run)
Storing LOT20200214_mod/LSPM_J1055+0808-20200214@163645-Eden.fts -> s3://eden-data/RAW/LOT/LSPM_J1055+0808/2020-02-14/LSPM_J1055+0808-20200214@163645-Eden.fits (134/367) (dry run)
Storing LOT20200214_mod/LSPM_J1055+0808-20200214@163759-Eden.fts -> s3://eden-data/RAW/LOT/LSPM_J1055+0808/2020-02-14/LSPM_J1055+0808-20200214@163759-Eden.fits (135/367) (dry run)
Storing LOT20200214_mod/LSPM_J1055+0808-20200214@163913-Eden.fts -> s3://eden-data/RAW/LOT/LSPM_J1055+0808/2020-02-14/LSPM_J1055+0808-20200214@163913-Eden.fits (136/367) (dry run)
Storing LOT20200214_mod/LSPM_J1055+0808-20200214@164030-Eden.fts -> s3://eden-data/RAW/LOT/LSPM_J1055+0808/2020-02-14/LSPM_J1055+0808-20200214@164030-Eden.fits (137/367) (dry run)
Storing LOT20200214_mod/LSPM_J1055+0808-20200214@164144-Eden.fts -> s3://eden-data/RAW/LOT/LSPM_J1055+0808/2020-02-14/LSPM_J1055+0808-20200214@164144-Eden.fits (138/367) (dry run)
Storing LOT20200214_mod/LSPM_J1055+0808-20200214@164259-Eden.fts -> s3://eden-data/RAW/LOT/LSPM_J1055+0808/2020-02-14/LSPM_J1055+0808-20200214@164259-Eden.fits (139/367) (dry run)
Storing LOT20200214_mod/LSPM_J1055+0808-20200214@164417-Eden.fts -> s3://eden-data/RAW/LOT/LSPM_J1055+0808/2020-02-14/LSPM_J1055+0808-20200214@164417-Eden.fits (140/367) (dry run)
Storing LOT20200214_mod/LSPM_J1055+0808-20200214@164531-Eden.fts -> s3://eden-data/RAW/LOT/LSPM_J1055+0808/2020-02-14/LSPM_J1055+0808-20200214@164531-Eden.fits (141/367) (dry run)
Storing LOT20200214_mod/LSPM_J1055+0808-20200214@164647-Eden.fts -> s3://eden-data/RAW/LOT/LSPM_J1055+0808/2020-02-14/LSPM_J1055+0808-20200214@164647-Eden.fits (142/367) (dry run)
Storing LOT20200214_mod/LSPM_J1055+0808-20200214@164802-Eden.fts -> s3://eden-data/RAW/LOT/LSPM_J1055+0808/2020-02-14/LSPM_J1055+0808-20200214@164802-Eden.fits (143/367) (dry run)
Storing LOT20200214_mod/LSPM_J1055+0808-20200214@164916-Eden.fts -> s3://eden-data/RAW/LOT/LSPM_J1055+0808/2020-02-14/LSPM_J1055+0808-20200214@164916-Eden.fits (144/367) (dry run)
Storing LOT20200214_mod/LSPM_J1055+0808-20200214@165030-Eden.fts -> s3://eden-data/RAW/LOT/LSPM_J1055+0808/2020-02-14/LSPM_J1055+0808-20200214@165030-Eden.fits (145/367) (dry run)
Storing LOT20200214_mod/LSPM_J1055+0808-20200214@165146-Eden.fts -> s3://eden-data/RAW/LOT/LSPM_J1055+0808/2020-02-14/LSPM_J1055+0808-20200214@165146-Eden.fits (146/367) (dry run)
Storing LOT20200214_mod/LSPM_J1055+0808-20200214@165301-Eden.fts -> s3://eden-data/RAW/LOT/LSPM_J1055+0808/2020-02-14/LSPM_J1055+0808-20200214@165301-Eden.fits (147/367) (dry run)
Storing LOT20200214_mod/LSPM_J1055+0808-20200214@165416-Eden.fts -> s3://eden-data/RAW/LOT/LSPM_J1055+0808/2020-02-14/LSPM_J1055+0808-20200214@165416-Eden.fits (148/367) (dry run)
Storing LOT20200214_mod/LSPM_J1055+0808-20200214@165532-Eden.fts -> s3://eden-data/RAW/LOT/LSPM_J1055+0808/2020-02-14/LSPM_J1055+0808-20200214@165532-Eden.fits (149/367) (dry run)
Storing LOT20200214_mod/LSPM_J1055+0808-20200214@165646-Eden.fts -> s3://eden-data/RAW/LOT/LSPM_J1055+0808/2020-02-14/LSPM_J1055+0808-20200214@165646-Eden.fits (150/367) (dry run)
Storing LOT20200214_mod/LSPM_J1055+0808-20200214@165802-Eden.fts -> s3://eden-data/RAW/LOT/LSPM_J1055+0808/2020-02-14/LSPM_J1055+0808-20200214@165802-Eden.fits (151/367) (dry run)
Storing LOT20200214_mod/LSPM_J1055+0808-20200214@165918-Eden.fts -> s3://eden-data/RAW/LOT/LSPM_J1055+0808/2020-02-14/LSPM_J1055+0808-20200214@165918-Eden.fits (152/367) (dry run)
Storing LOT20200214_mod/LSPM_J1055+0808-20200214@170035-Eden.fts -> s3://eden-data/RAW/LOT/LSPM_J1055+0808/2020-02-14/LSPM_J1055+0808-20200214@170035-Eden.fits (153/367) (dry run)
Storing LOT20200214_mod/LSPM_J1055+0808-20200214@170151-Eden.fts -> s3://eden-data/RAW/LOT/LSPM_J1055+0808/2020-02-14/LSPM_J1055+0808-20200214@170151-Eden.fits (154/367) (dry run)
Storing LOT20200214_mod/LSPM_J1055+0808-20200214@170308-Eden.fts -> s3://eden-data/RAW/LOT/LSPM_J1055+0808/2020-02-14/LSPM_J1055+0808-20200214@170308-Eden.fits (155/367) (dry run)
Storing LOT20200214_mod/LSPM_J1055+0808-20200214@170424-Eden.fts -> s3://eden-data/RAW/LOT/LSPM_J1055+0808/2020-02-14/LSPM_J1055+0808-20200214@170424-Eden.fits (156/367) (dry run)
Storing LOT20200214_mod/LSPM_J1055+0808-20200214@170540-Eden.fts -> s3://eden-data/RAW/LOT/LSPM_J1055+0808/2020-02-14/LSPM_J1055+0808-20200214@170540-Eden.fits (157/367) (dry run)
Storing LOT20200214_mod/LSPM_J1055+0808-20200214@170656-Eden.fts -> s3://eden-data/RAW/LOT/LSPM_J1055+0808/2020-02-14/LSPM_J1055+0808-20200214@170656-Eden.fits (158/367) (dry run)
Storing LOT20200214_mod/LSPM_J1055+0808-20200214@170810-Eden.fts -> s3://eden-data/RAW/LOT/LSPM_J1055+0808/2020-02-14/LSPM_J1055+0808-20200214@170810-Eden.fits (159/367) (dry run)
Storing LOT20200214_mod/LSPM_J1055+0808-20200214@170926-Eden.fts -> s3://eden-data/RAW/LOT/LSPM_J1055+0808/2020-02-14/LSPM_J1055+0808-20200214@170926-Eden.fits (160/367) (dry run)
Storing LOT20200214_mod/LSPM_J1055+0808-20200214@171041-Eden.fts -> s3://eden-data/RAW/LOT/LSPM_J1055+0808/2020-02-14/LSPM_J1055+0808-20200214@171041-Eden.fits (161/367) (dry run)
Storing LOT20200214_mod/LSPM_J1055+0808-20200214@171155-Eden.fts -> s3://eden-data/RAW/LOT/LSPM_J1055+0808/2020-02-14/LSPM_J1055+0808-20200214@171155-Eden.fits (162/367) (dry run)
Storing LOT20200214_mod/LSPM_J1055+0808-20200214@171616-Eden.fts -> s3://eden-data/RAW/LOT/LSPM_J1055+0808/2020-02-14/LSPM_J1055+0808-20200214@171616-Eden.fits (163/367) (dry run)
Storing LOT20200214_mod/LSPM_J1055+0808-20200214@171743-Eden.fts -> s3://eden-data/RAW/LOT/LSPM_J1055+0808/2020-02-14/LSPM_J1055+0808-20200214@171743-Eden.fits (164/367) (dry run)
Storing LOT20200214_mod/LSPM_J1055+0808-20200214@171900-Eden.fts -> s3://eden-data/RAW/LOT/LSPM_J1055+0808/2020-02-14/LSPM_J1055+0808-20200214@171900-Eden.fits (165/367) (dry run)
Storing LOT20200214_mod/LSPM_J1055+0808-20200214@172016-Eden.fts -> s3://eden-data/RAW/LOT/LSPM_J1055+0808/2020-02-14/LSPM_J1055+0808-20200214@172016-Eden.fits (166/367) (dry run)
Storing LOT20200214_mod/LSPM_J1055+0808-20200214@172130-Eden.fts -> s3://eden-data/RAW/LOT/LSPM_J1055+0808/2020-02-14/LSPM_J1055+0808-20200214@172130-Eden.fits (167/367) (dry run)
Storing LOT20200214_mod/LSPM_J1055+0808-20200214@172245-Eden.fts -> s3://eden-data/RAW/LOT/LSPM_J1055+0808/2020-02-14/LSPM_J1055+0808-20200214@172245-Eden.fits (168/367) (dry run)
Storing LOT20200214_mod/LSPM_J1055+0808-20200214@172400-Eden.fts -> s3://eden-data/RAW/LOT/LSPM_J1055+0808/2020-02-14/LSPM_J1055+0808-20200214@172400-Eden.fits (169/367) (dry run)
Storing LOT20200214_mod/LSPM_J1055+0808-20200214@172516-Eden.fts -> s3://eden-data/RAW/LOT/LSPM_J1055+0808/2020-02-14/LSPM_J1055+0808-20200214@172516-Eden.fits (170/367) (dry run)
Storing LOT20200214_mod/LSPM_J1055+0808-20200214@172631-Eden.fts -> s3://eden-data/RAW/LOT/LSPM_J1055+0808/2020-02-14/LSPM_J1055+0808-20200214@172631-Eden.fits (171/367) (dry run)
Storing LOT20200214_mod/LSPM_J1055+0808-20200214@172746-Eden.fts -> s3://eden-data/RAW/LOT/LSPM_J1055+0808/2020-02-14/LSPM_J1055+0808-20200214@172746-Eden.fits (172/367) (dry run)
Storing LOT20200214_mod/LSPM_J1055+0808-20200214@172901-Eden.fts -> s3://eden-data/RAW/LOT/LSPM_J1055+0808/2020-02-14/LSPM_J1055+0808-20200214@172901-Eden.fits (173/367) (dry run)
Storing LOT20200214_mod/LSPM_J1055+0808-20200214@173016-Eden.fts -> s3://eden-data/RAW/LOT/LSPM_J1055+0808/2020-02-14/LSPM_J1055+0808-20200214@173016-Eden.fits (174/367) (dry run)
Storing LOT20200214_mod/LSPM_J1055+0808-20200214@173130-Eden.fts -> s3://eden-data/RAW/LOT/LSPM_J1055+0808/2020-02-14/LSPM_J1055+0808-20200214@173130-Eden.fits (175/367) (dry run)
Storing LOT20200214_mod/LSPM_J1055+0808-20200214@173245-Eden.fts -> s3://eden-data/RAW/LOT/LSPM_J1055+0808/2020-02-14/LSPM_J1055+0808-20200214@173245-Eden.fits (176/367) (dry run)
Storing LOT20200214_mod/LSPM_J1055+0808-20200214@173400-Eden.fts -> s3://eden-data/RAW/LOT/LSPM_J1055+0808/2020-02-14/LSPM_J1055+0808-20200214@173400-Eden.fits (177/367) (dry run)
Storing LOT20200214_mod/LSPM_J1055+0808-20200214@173515-Eden.fts -> s3://eden-data/RAW/LOT/LSPM_J1055+0808/2020-02-14/LSPM_J1055+0808-20200214@173515-Eden.fits (178/367) (dry run)
Storing LOT20200214_mod/LSPM_J1055+0808-20200214@173630-Eden.fts -> s3://eden-data/RAW/LOT/LSPM_J1055+0808/2020-02-14/LSPM_J1055+0808-20200214@173630-Eden.fits (179/367) (dry run)
Storing LOT20200214_mod/LSPM_J1055+0808-20200214@173745-Eden.fts -> s3://eden-data/RAW/LOT/LSPM_J1055+0808/2020-02-14/LSPM_J1055+0808-20200214@173745-Eden.fits (180/367) (dry run)
Storing LOT20200214_mod/LSPM_J1055+0808-20200214@173900-Eden.fts -> s3://eden-data/RAW/LOT/LSPM_J1055+0808/2020-02-14/LSPM_J1055+0808-20200214@173900-Eden.fits (181/367) (dry run)
Storing LOT20200214_mod/LSPM_J1055+0808-20200214@174014-Eden.fts -> s3://eden-data/RAW/LOT/LSPM_J1055+0808/2020-02-14/LSPM_J1055+0808-20200214@174014-Eden.fits (182/367) (dry run)
Storing LOT20200214_mod/LSPM_J1055+0808-20200214@174129-Eden.fts -> s3://eden-data/RAW/LOT/LSPM_J1055+0808/2020-02-14/LSPM_J1055+0808-20200214@174129-Eden.fits (183/367) (dry run)
Storing LOT20200214_mod/LSPM_J1055+0808-20200214@174243-Eden.fts -> s3://eden-data/RAW/LOT/LSPM_J1055+0808/2020-02-14/LSPM_J1055+0808-20200214@174243-Eden.fits (184/367) (dry run)
Storing LOT20200214_mod/LSPM_J1055+0808-20200214@174358-Eden.fts -> s3://eden-data/RAW/LOT/LSPM_J1055+0808/2020-02-14/LSPM_J1055+0808-20200214@174358-Eden.fits (185/367) (dry run)
Storing LOT20200214_mod/LSPM_J1055+0808-20200214@174514-Eden.fts -> s3://eden-data/RAW/LOT/LSPM_J1055+0808/2020-02-14/LSPM_J1055+0808-20200214@174514-Eden.fits (186/367) (dry run)
Storing LOT20200214_mod/LSPM_J1055+0808-20200214@174629-Eden.fts -> s3://eden-data/RAW/LOT/LSPM_J1055+0808/2020-02-14/LSPM_J1055+0808-20200214@174629-Eden.fits (187/367) (dry run)
Storing LOT20200214_mod/LSPM_J1055+0808-20200214@174743-Eden.fts -> s3://eden-data/RAW/LOT/LSPM_J1055+0808/2020-02-14/LSPM_J1055+0808-20200214@174743-Eden.fits (188/367) (dry run)
Storing LOT20200214_mod/LSPM_J1055+0808-20200214@174859-Eden.fts -> s3://eden-data/RAW/LOT/LSPM_J1055+0808/2020-02-14/LSPM_J1055+0808-20200214@174859-Eden.fits (189/367) (dry run)
Storing LOT20200214_mod/LSPM_J1055+0808-20200214@175013-Eden.fts -> s3://eden-data/RAW/LOT/LSPM_J1055+0808/2020-02-14/LSPM_J1055+0808-20200214@175013-Eden.fits (190/367) (dry run)
Storing LOT20200214_mod/LSPM_J1055+0808-20200214@175128-Eden.fts -> s3://eden-data/RAW/LOT/LSPM_J1055+0808/2020-02-14/LSPM_J1055+0808-20200214@175128-Eden.fits (191/367) (dry run)
Storing LOT20200214_mod/LSPM_J1055+0808-20200214@175243-Eden.fts -> s3://eden-data/RAW/LOT/LSPM_J1055+0808/2020-02-14/LSPM_J1055+0808-20200214@175243-Eden.fits (192/367) (dry run)
Storing LOT20200214_mod/LSPM_J1055+0808-20200214@175357-Eden.fts -> s3://eden-data/RAW/LOT/LSPM_J1055+0808/2020-02-14/LSPM_J1055+0808-20200214@175357-Eden.fits (193/367) (dry run)
Storing LOT20200214_mod/LSPM_J1055+0808-20200214@175512-Eden.fts -> s3://eden-data/RAW/LOT/LSPM_J1055+0808/2020-02-14/LSPM_J1055+0808-20200214@175512-Eden.fits (194/367) (dry run)
Storing LOT20200214_mod/LSPM_J1055+0808-20200214@175626-Eden.fts -> s3://eden-data/RAW/LOT/LSPM_J1055+0808/2020-02-14/LSPM_J1055+0808-20200214@175626-Eden.fits (195/367) (dry run)
Storing LOT20200214_mod/LSPM_J1055+0808-20200214@175741-Eden.fts -> s3://eden-data/RAW/LOT/LSPM_J1055+0808/2020-02-14/LSPM_J1055+0808-20200214@175741-Eden.fits (196/367) (dry run)
Storing LOT20200214_mod/LSPM_J1055+0808-20200214@175858-Eden.fts -> s3://eden-data/RAW/LOT/LSPM_J1055+0808/2020-02-14/LSPM_J1055+0808-20200214@175858-Eden.fits (197/367) (dry run)
Storing LOT20200214_mod/LSPM_J1055+0808-20200214@180014-Eden.fts -> s3://eden-data/RAW/LOT/LSPM_J1055+0808/2020-02-14/LSPM_J1055+0808-20200214@180014-Eden.fits (198/367) (dry run)
Storing LOT20200214_mod/LSPM_J1055+0808-20200214@180128-Eden.fts -> s3://eden-data/RAW/LOT/LSPM_J1055+0808/2020-02-14/LSPM_J1055+0808-20200214@180128-Eden.fits (199/367) (dry run)
Storing LOT20200214_mod/LSPM_J1055+0808-20200214@180243-Eden.fts -> s3://eden-data/RAW/LOT/LSPM_J1055+0808/2020-02-14/LSPM_J1055+0808-20200214@180243-Eden.fits (200/367) (dry run)
Storing LOT20200214_mod/LSPM_J1055+0808-20200214@180358-Eden.fts -> s3://eden-data/RAW/LOT/LSPM_J1055+0808/2020-02-14/LSPM_J1055+0808-20200214@180358-Eden.fits (201/367) (dry run)
Storing LOT20200214_mod/LSPM_J1055+0808-20200214@180512-Eden.fts -> s3://eden-data/RAW/LOT/LSPM_J1055+0808/2020-02-14/LSPM_J1055+0808-20200214@180512-Eden.fits (202/367) (dry run)
Storing LOT20200214_mod/LSPM_J1055+0808-20200214@180626-Eden.fts -> s3://eden-data/RAW/LOT/LSPM_J1055+0808/2020-02-14/LSPM_J1055+0808-20200214@180626-Eden.fits (203/367) (dry run)
Storing LOT20200214_mod/LSPM_J1055+0808-20200214@180741-Eden.fts -> s3://eden-data/RAW/LOT/LSPM_J1055+0808/2020-02-14/LSPM_J1055+0808-20200214@180741-Eden.fits (204/367) (dry run)
Storing LOT20200214_mod/LSPM_J1055+0808-20200214@180855-Eden.fts -> s3://eden-data/RAW/LOT/LSPM_J1055+0808/2020-02-14/LSPM_J1055+0808-20200214@180855-Eden.fits (205/367) (dry run)
Storing LOT20200214_mod/LSPM_J1055+0808-20200214@181011-Eden.fts -> s3://eden-data/RAW/LOT/LSPM_J1055+0808/2020-02-14/LSPM_J1055+0808-20200214@181011-Eden.fits (206/367) (dry run)
Storing LOT20200214_mod/LSPM_J1055+0808-20200214@181125-Eden.fts -> s3://eden-data/RAW/LOT/LSPM_J1055+0808/2020-02-14/LSPM_J1055+0808-20200214@181125-Eden.fits (207/367) (dry run)
Storing LOT20200214_mod/LSPM_J1055+0808-20200214@181243-Eden.fts -> s3://eden-data/RAW/LOT/LSPM_J1055+0808/2020-02-14/LSPM_J1055+0808-20200214@181243-Eden.fits (208/367) (dry run)
Storing LOT20200214_mod/LSPM_J1055+0808-20200214@181357-Eden.fts -> s3://eden-data/RAW/LOT/LSPM_J1055+0808/2020-02-14/LSPM_J1055+0808-20200214@181357-Eden.fits (209/367) (dry run)
Storing LOT20200214_mod/LSPM_J1055+0808-20200214@181511-Eden.fts -> s3://eden-data/RAW/LOT/LSPM_J1055+0808/2020-02-14/LSPM_J1055+0808-20200214@181511-Eden.fits (210/367) (dry run)
Storing LOT20200214_mod/LSPM_J1055+0808-20200214@181625-Eden.fts -> s3://eden-data/RAW/LOT/LSPM_J1055+0808/2020-02-14/LSPM_J1055+0808-20200214@181625-Eden.fits (211/367) (dry run)
Storing LOT20200214_mod/LSPM_J1055+0808-20200214@181740-Eden.fts -> s3://eden-data/RAW/LOT/LSPM_J1055+0808/2020-02-14/LSPM_J1055+0808-20200214@181740-Eden.fits (212/367) (dry run)
Storing LOT20200214_mod/LSPM_J1055+0808-20200214@181855-Eden.fts -> s3://eden-data/RAW/LOT/LSPM_J1055+0808/2020-02-14/LSPM_J1055+0808-20200214@181855-Eden.fits (213/367) (dry run)
Storing LOT20200214_mod/LSPM_J1055+0808-20200214@182009-Eden.fts -> s3://eden-data/RAW/LOT/LSPM_J1055+0808/2020-02-14/LSPM_J1055+0808-20200214@182009-Eden.fits (214/367) (dry run)
Storing LOT20200214_mod/LSPM_J1055+0808-20200214@182124-Eden.fts -> s3://eden-data/RAW/LOT/LSPM_J1055+0808/2020-02-14/LSPM_J1055+0808-20200214@182124-Eden.fits (215/367) (dry run)
Storing LOT20200214_mod/LSPM_J1055+0808-20200214@182238-Eden.fts -> s3://eden-data/RAW/LOT/LSPM_J1055+0808/2020-02-14/LSPM_J1055+0808-20200214@182238-Eden.fits (216/367) (dry run)
Storing LOT20200214_mod/LSPM_J1055+0808-20200214@182356-Eden.fts -> s3://eden-data/RAW/LOT/LSPM_J1055+0808/2020-02-14/LSPM_J1055+0808-20200214@182356-Eden.fits (217/367) (dry run)
Storing LOT20200214_mod/LSPM_J1055+0808-20200214@182511-Eden.fts -> s3://eden-data/RAW/LOT/LSPM_J1055+0808/2020-02-14/LSPM_J1055+0808-20200214@182511-Eden.fits (218/367) (dry run)
Storing LOT20200214_mod/LSPM_J1055+0808-20200214@182625-Eden.fts -> s3://eden-data/RAW/LOT/LSPM_J1055+0808/2020-02-14/LSPM_J1055+0808-20200214@182625-Eden.fits (219/367) (dry run)
Storing LOT20200214_mod/LSPM_J1055+0808-20200214@182739-Eden.fts -> s3://eden-data/RAW/LOT/LSPM_J1055+0808/2020-02-14/LSPM_J1055+0808-20200214@182739-Eden.fits (220/367) (dry run)
Storing LOT20200214_mod/LSPM_J1055+0808-20200214@182854-Eden.fts -> s3://eden-data/RAW/LOT/LSPM_J1055+0808/2020-02-14/LSPM_J1055+0808-20200214@182854-Eden.fits (221/367) (dry run)
Storing LOT20200214_mod/LSPM_J1055+0808-20200214@183011-Eden.fts -> s3://eden-data/RAW/LOT/LSPM_J1055+0808/2020-02-14/LSPM_J1055+0808-20200214@183011-Eden.fits (222/367) (dry run)
Storing LOT20200214_mod/LSPM_J1055+0808-20200214@183125-Eden.fts -> s3://eden-data/RAW/LOT/LSPM_J1055+0808/2020-02-14/LSPM_J1055+0808-20200214@183125-Eden.fits (223/367) (dry run)
Storing LOT20200214_mod/LSPM_J1055+0808-20200214@183240-Eden.fts -> s3://eden-data/RAW/LOT/LSPM_J1055+0808/2020-02-14/LSPM_J1055+0808-20200214@183240-Eden.fits (224/367) (dry run)
Storing LOT20200214_mod/LSPM_J1055+0808-20200214@183355-Eden.fts -> s3://eden-data/RAW/LOT/LSPM_J1055+0808/2020-02-14/LSPM_J1055+0808-20200214@183355-Eden.fits (225/367) (dry run)
Storing LOT20200214_mod/LSPM_J1055+0808-20200214@183510-Eden.fts -> s3://eden-data/RAW/LOT/LSPM_J1055+0808/2020-02-14/LSPM_J1055+0808-20200214@183510-Eden.fits (226/367) (dry run)
Storing LOT20200214_mod/LSPM_J1055+0808-20200214@183625-Eden.fts -> s3://eden-data/RAW/LOT/LSPM_J1055+0808/2020-02-14/LSPM_J1055+0808-20200214@183625-Eden.fits (227/367) (dry run)
Storing LOT20200214_mod/LSPM_J1055+0808-20200214@183741-Eden.fts -> s3://eden-data/RAW/LOT/LSPM_J1055+0808/2020-02-14/LSPM_J1055+0808-20200214@183741-Eden.fits (228/367) (dry run)
Storing LOT20200214_mod/LSPM_J1055+0808-20200214@183859-Eden.fts -> s3://eden-data/RAW/LOT/LSPM_J1055+0808/2020-02-14/LSPM_J1055+0808-20200214@183859-Eden.fits (229/367) (dry run)
Storing LOT20200214_mod/LSPM_J1055+0808-20200214@184014-Eden.fts -> s3://eden-data/RAW/LOT/LSPM_J1055+0808/2020-02-14/LSPM_J1055+0808-20200214@184014-Eden.fits (230/367) (dry run)
Storing LOT20200214_mod/LSPM_J1055+0808-20200214@184128-Eden.fts -> s3://eden-data/RAW/LOT/LSPM_J1055+0808/2020-02-14/LSPM_J1055+0808-20200214@184128-Eden.fits (231/367) (dry run)
Storing LOT20200214_mod/LSPM_J1055+0808-20200214@184243-Eden.fts -> s3://eden-data/RAW/LOT/LSPM_J1055+0808/2020-02-14/LSPM_J1055+0808-20200214@184243-Eden.fits (232/367) (dry run)
Storing LOT20200214_mod/LSPM_J1055+0808-20200214@184358-Eden.fts -> s3://eden-data/RAW/LOT/LSPM_J1055+0808/2020-02-14/LSPM_J1055+0808-20200214@184358-Eden.fits (233/367) (dry run)
Storing LOT20200214_mod/LSPM_J1055+0808-20200214@184512-Eden.fts -> s3://eden-data/RAW/LOT/LSPM_J1055+0808/2020-02-14/LSPM_J1055+0808-20200214@184512-Eden.fits (234/367) (dry run)
Storing LOT20200214_mod/LSPM_J1055+0808-20200214@184628-Eden.fts -> s3://eden-data/RAW/LOT/LSPM_J1055+0808/2020-02-14/LSPM_J1055+0808-20200214@184628-Eden.fits (235/367) (dry run)
Storing LOT20200214_mod/LSPM_J1055+0808-20200214@184743-Eden.fts -> s3://eden-data/RAW/LOT/LSPM_J1055+0808/2020-02-14/LSPM_J1055+0808-20200214@184743-Eden.fits (236/367) (dry run)
Storing LOT20200214_mod/LSPM_J1055+0808-20200214@184858-Eden.fts -> s3://eden-data/RAW/LOT/LSPM_J1055+0808/2020-02-14/LSPM_J1055+0808-20200214@184858-Eden.fits (237/367) (dry run)
Storing LOT20200214_mod/LSPM_J1055+0808-20200214@185012-Eden.fts -> s3://eden-data/RAW/LOT/LSPM_J1055+0808/2020-02-14/LSPM_J1055+0808-20200214@185012-Eden.fits (238/367) (dry run)
Storing LOT20200214_mod/LSPM_J1055+0808-20200214@185128-Eden.fts -> s3://eden-data/RAW/LOT/LSPM_J1055+0808/2020-02-14/LSPM_J1055+0808-20200214@185128-Eden.fits (239/367) (dry run)
Storing LOT20200214_mod/LSPM_J1055+0808-20200214@185243-Eden.fts -> s3://eden-data/RAW/LOT/LSPM_J1055+0808/2020-02-14/LSPM_J1055+0808-20200214@185243-Eden.fits (240/367) (dry run)
Storing LOT20200214_mod/LSPM_J1055+0808-20200214@185357-Eden.fts -> s3://eden-data/RAW/LOT/LSPM_J1055+0808/2020-02-14/LSPM_J1055+0808-20200214@185357-Eden.fits (241/367) (dry run)
Storing LOT20200214_mod/LSPM_J1055+0808-20200214@185512-Eden.fts -> s3://eden-data/RAW/LOT/LSPM_J1055+0808/2020-02-14/LSPM_J1055+0808-20200214@185512-Eden.fits (242/367) (dry run)
Storing LOT20200214_mod/LSPM_J1055+0808-20200214@185626-Eden.fts -> s3://eden-data/RAW/LOT/LSPM_J1055+0808/2020-02-14/LSPM_J1055+0808-20200214@185626-Eden.fits (243/367) (dry run)
Storing LOT20200214_mod/LSPM_J1055+0808-20200214@185742-Eden.fts -> s3://eden-data/RAW/LOT/LSPM_J1055+0808/2020-02-14/LSPM_J1055+0808-20200214@185742-Eden.fits (244/367) (dry run)
Storing LOT20200214_mod/LSPM_J1055+0808-20200214@185857-Eden.fts -> s3://eden-data/RAW/LOT/LSPM_J1055+0808/2020-02-14/LSPM_J1055+0808-20200214@185857-Eden.fits (245/367) (dry run)
Storing LOT20200214_mod/LSPM_J1055+0808-20200214@190011-Eden.fts -> s3://eden-data/RAW/LOT/LSPM_J1055+0808/2020-02-14/LSPM_J1055+0808-20200214@190011-Eden.fits (246/367) (dry run)
Storing LOT20200214_mod/LSPM_J1055+0808-20200214@190126-Eden.fts -> s3://eden-data/RAW/LOT/LSPM_J1055+0808/2020-02-14/LSPM_J1055+0808-20200214@190126-Eden.fits (247/367) (dry run)
Storing LOT20200214_mod/LSPM_J1055+0808-20200214@190240-Eden.fts -> s3://eden-data/RAW/LOT/LSPM_J1055+0808/2020-02-14/LSPM_J1055+0808-20200214@190240-Eden.fits (248/367) (dry run)
Storing LOT20200214_mod/LSPM_J1055+0808-20200214@190355-Eden.fts -> s3://eden-data/RAW/LOT/LSPM_J1055+0808/2020-02-14/LSPM_J1055+0808-20200214@190355-Eden.fits (249/367) (dry run)
Storing LOT20200214_mod/LSPM_J1055+0808-20200214@190508-Eden.fts -> s3://eden-data/RAW/LOT/LSPM_J1055+0808/2020-02-14/LSPM_J1055+0808-20200214@190508-Eden.fits (250/367) (dry run)
Storing LOT20200214_mod/LSPM_J1055+0808-20200214@190623-Eden.fts -> s3://eden-data/RAW/LOT/LSPM_J1055+0808/2020-02-14/LSPM_J1055+0808-20200214@190623-Eden.fits (251/367) (dry run)
Storing LOT20200214_mod/LSPM_J1055+0808-20200214@190738-Eden.fts -> s3://eden-data/RAW/LOT/LSPM_J1055+0808/2020-02-14/LSPM_J1055+0808-20200214@190738-Eden.fits (252/367) (dry run)
Storing LOT20200214_mod/LSPM_J1055+0808-20200214@190852-Eden.fts -> s3://eden-data/RAW/LOT/LSPM_J1055+0808/2020-02-14/LSPM_J1055+0808-20200214@190852-Eden.fits (253/367) (dry run)
Storing LOT20200214_mod/LSPM_J1055+0808-20200214@191007-Eden.fts -> s3://eden-data/RAW/LOT/LSPM_J1055+0808/2020-02-14/LSPM_J1055+0808-20200214@191007-Eden.fits (254/367) (dry run)
Storing LOT20200214_mod/LSPM_J1055+0808-20200214@191122-Eden.fts -> s3://eden-data/RAW/LOT/LSPM_J1055+0808/2020-02-14/LSPM_J1055+0808-20200214@191122-Eden.fits (255/367) (dry run)
Storing LOT20200214_mod/LSPM_J1055+0808-20200214@191236-Eden.fts -> s3://eden-data/RAW/LOT/LSPM_J1055+0808/2020-02-14/LSPM_J1055+0808-20200214@191236-Eden.fits (256/367) (dry run)
Storing LOT20200214_mod/LSPM_J1055+0808-20200214@191350-Eden.fts -> s3://eden-data/RAW/LOT/LSPM_J1055+0808/2020-02-14/LSPM_J1055+0808-20200214@191350-Eden.fits (257/367) (dry run)
Storing LOT20200214_mod/LSPM_J1055+0808-20200214@191504-Eden.fts -> s3://eden-data/RAW/LOT/LSPM_J1055+0808/2020-02-14/LSPM_J1055+0808-20200214@191504-Eden.fits (258/367) (dry run)
Storing LOT20200214_mod/LSPM_J1055+0808-20200214@191619-Eden.fts -> s3://eden-data/RAW/LOT/LSPM_J1055+0808/2020-02-14/LSPM_J1055+0808-20200214@191619-Eden.fits (259/367) (dry run)
Storing LOT20200214_mod/LSPM_J1055+0808-20200214@191735-Eden.fts -> s3://eden-data/RAW/LOT/LSPM_J1055+0808/2020-02-14/LSPM_J1055+0808-20200214@191735-Eden.fits (260/367) (dry run)
Storing LOT20200214_mod/LSPM_J1055+0808-20200214@191851-Eden.fts -> s3://eden-data/RAW/LOT/LSPM_J1055+0808/2020-02-14/LSPM_J1055+0808-20200214@191851-Eden.fits (261/367) (dry run)
Storing LOT20200214_mod/LSPM_J1055+0808-20200214@192006-Eden.fts -> s3://eden-data/RAW/LOT/LSPM_J1055+0808/2020-02-14/LSPM_J1055+0808-20200214@192006-Eden.fits (262/367) (dry run)
Storing LOT20200214_mod/LSPM_J1055+0808-20200214@192121-Eden.fts -> s3://eden-data/RAW/LOT/LSPM_J1055+0808/2020-02-14/LSPM_J1055+0808-20200214@192121-Eden.fits (263/367) (dry run)
Storing LOT20200214_mod/LSPM_J1055+0808-20200214@192235-Eden.fts -> s3://eden-data/RAW/LOT/LSPM_J1055+0808/2020-02-14/LSPM_J1055+0808-20200214@192235-Eden.fits (264/367) (dry run)
Storing LOT20200214_mod/LSPM_J1055+0808-20200214@192349-Eden.fts -> s3://eden-data/RAW/LOT/LSPM_J1055+0808/2020-02-14/LSPM_J1055+0808-20200214@192349-Eden.fits (265/367) (dry run)
Storing LOT20200214_mod/LSPM_J1055+0808-20200214@192504-Eden.fts -> s3://eden-data/RAW/LOT/LSPM_J1055+0808/2020-02-14/LSPM_J1055+0808-20200214@192504-Eden.fits (266/367) (dry run)
Storing LOT20200214_mod/LSPM_J1055+0808-20200214@192619-Eden.fts -> s3://eden-data/RAW/LOT/LSPM_J1055+0808/2020-02-14/LSPM_J1055+0808-20200214@192619-Eden.fits (267/367) (dry run)
Storing LOT20200214_mod/LSPM_J1055+0808-20200214@192734-Eden.fts -> s3://eden-data/RAW/LOT/LSPM_J1055+0808/2020-02-14/LSPM_J1055+0808-20200214@192734-Eden.fits (268/367) (dry run)
Storing LOT20200214_mod/LSPM_J1055+0808-20200214@192849-Eden.fts -> s3://eden-data/RAW/LOT/LSPM_J1055+0808/2020-02-14/LSPM_J1055+0808-20200214@192849-Eden.fits (269/367) (dry run)
Storing LOT20200214_mod/LSPM_J1055+0808-20200214@193003-Eden.fts -> s3://eden-data/RAW/LOT/LSPM_J1055+0808/2020-02-14/LSPM_J1055+0808-20200214@193003-Eden.fits (270/367) (dry run)
Storing LOT20200214_mod/LSPM_J1055+0808-20200214@193119-Eden.fts -> s3://eden-data/RAW/LOT/LSPM_J1055+0808/2020-02-14/LSPM_J1055+0808-20200214@193119-Eden.fits (271/367) (dry run)
Storing LOT20200214_mod/LSPM_J1055+0808-20200214@193233-Eden.fts -> s3://eden-data/RAW/LOT/LSPM_J1055+0808/2020-02-14/LSPM_J1055+0808-20200214@193233-Eden.fits (272/367) (dry run)
Storing LOT20200214_mod/LSPM_J1055+0808-20200214@193348-Eden.fts -> s3://eden-data/RAW/LOT/LSPM_J1055+0808/2020-02-14/LSPM_J1055+0808-20200214@193348-Eden.fits (273/367) (dry run)
Storing LOT20200214_mod/LSPM_J1055+0808-20200214@193502-Eden.fts -> s3://eden-data/RAW/LOT/LSPM_J1055+0808/2020-02-14/LSPM_J1055+0808-20200214@193502-Eden.fits (274/367) (dry run)
Storing LOT20200214_mod/LSPM_J1055+0808-20200214@193616-Eden.fts -> s3://eden-data/RAW/LOT/LSPM_J1055+0808/2020-02-14/LSPM_J1055+0808-20200214@193616-Eden.fits (275/367) (dry run)
Storing LOT20200214_mod/LSPM_J1055+0808-20200214@193732-Eden.fts -> s3://eden-data/RAW/LOT/LSPM_J1055+0808/2020-02-14/LSPM_J1055+0808-20200214@193732-Eden.fits (276/367) (dry run)
Storing LOT20200214_mod/LSPM_J1055+0808-20200214@193847-Eden.fts -> s3://eden-data/RAW/LOT/LSPM_J1055+0808/2020-02-14/LSPM_J1055+0808-20200214@193847-Eden.fits (277/367) (dry run)
Storing LOT20200214_mod/LSPM_J1055+0808-20200214@194001-Eden.fts -> s3://eden-data/RAW/LOT/LSPM_J1055+0808/2020-02-14/LSPM_J1055+0808-20200214@194001-Eden.fits (278/367) (dry run)
Storing LOT20200214_mod/LSPM_J1055+0808-20200214@194116-Eden.fts -> s3://eden-data/RAW/LOT/LSPM_J1055+0808/2020-02-14/LSPM_J1055+0808-20200214@194116-Eden.fits (279/367) (dry run)
Storing LOT20200214_mod/LSPM_J1055+0808-20200214@194231-Eden.fts -> s3://eden-data/RAW/LOT/LSPM_J1055+0808/2020-02-14/LSPM_J1055+0808-20200214@194231-Eden.fits (280/367) (dry run)
Storing LOT20200214_mod/LSPM_J1055+0808-20200214@194345-Eden.fts -> s3://eden-data/RAW/LOT/LSPM_J1055+0808/2020-02-14/LSPM_J1055+0808-20200214@194345-Eden.fits (281/367) (dry run)
Storing LOT20200214_mod/LSPM_J1055+0808-20200214@194500-Eden.fts -> s3://eden-data/RAW/LOT/LSPM_J1055+0808/2020-02-14/LSPM_J1055+0808-20200214@194500-Eden.fits (282/367) (dry run)
Storing LOT20200214_mod/LSPM_J1055+0808-20200214@194614-Eden.fts -> s3://eden-data/RAW/LOT/LSPM_J1055+0808/2020-02-14/LSPM_J1055+0808-20200214@194614-Eden.fits (283/367) (dry run)
Storing LOT20200214_mod/LSPM_J1055+0808-20200214@194731-Eden.fts -> s3://eden-data/RAW/LOT/LSPM_J1055+0808/2020-02-14/LSPM_J1055+0808-20200214@194731-Eden.fits (284/367) (dry run)
Storing LOT20200214_mod/LSPM_J1055+0808-20200214@194846-Eden.fts -> s3://eden-data/RAW/LOT/LSPM_J1055+0808/2020-02-14/LSPM_J1055+0808-20200214@194846-Eden.fits (285/367) (dry run)
Storing LOT20200214_mod/LSPM_J1055+0808-20200214@195001-Eden.fts -> s3://eden-data/RAW/LOT/LSPM_J1055+0808/2020-02-14/LSPM_J1055+0808-20200214@195001-Eden.fits (286/367) (dry run)
Storing LOT20200214_mod/LSPM_J1055+0808-20200214@195116-Eden.fts -> s3://eden-data/RAW/LOT/LSPM_J1055+0808/2020-02-14/LSPM_J1055+0808-20200214@195116-Eden.fits (287/367) (dry run)
Storing LOT20200214_mod/LSPM_J1055+0808-20200214@195231-Eden.fts -> s3://eden-data/RAW/LOT/LSPM_J1055+0808/2020-02-14/LSPM_J1055+0808-20200214@195231-Eden.fits (288/367) (dry run)
Storing LOT20200214_mod/LSPM_J1055+0808-20200214@195345-Eden.fts -> s3://eden-data/RAW/LOT/LSPM_J1055+0808/2020-02-14/LSPM_J1055+0808-20200214@195345-Eden.fits (289/367) (dry run)
Storing LOT20200214_mod/LSPM_J1055+0808-20200214@195500-Eden.fts -> s3://eden-data/RAW/LOT/LSPM_J1055+0808/2020-02-14/LSPM_J1055+0808-20200214@195500-Eden.fits (290/367) (dry run)
Storing LOT20200214_mod/LSPM_J1055+0808-20200214@195614-Eden.fts -> s3://eden-data/RAW/LOT/LSPM_J1055+0808/2020-02-14/LSPM_J1055+0808-20200214@195614-Eden.fits (291/367) (dry run)
Storing LOT20200214_mod/LSPM_J1055+0808-20200214@195728-Eden.fts -> s3://eden-data/RAW/LOT/LSPM_J1055+0808/2020-02-14/LSPM_J1055+0808-20200214@195728-Eden.fits (292/367) (dry run)
Storing LOT20200214_mod/LSPM_J1055+0808-20200214@195842-Eden.fts -> s3://eden-data/RAW/LOT/LSPM_J1055+0808/2020-02-14/LSPM_J1055+0808-20200214@195842-Eden.fits (293/367) (dry run)
Storing LOT20200214_mod/LSPM_J1055+0808-20200214@195956-Eden.fts -> s3://eden-data/RAW/LOT/LSPM_J1055+0808/2020-02-14/LSPM_J1055+0808-20200214@195956-Eden.fits (294/367) (dry run)
Storing LOT20200214_mod/LSPM_J1055+0808-20200214@200111-Eden.fts -> s3://eden-data/RAW/LOT/LSPM_J1055+0808/2020-02-14/LSPM_J1055+0808-20200214@200111-Eden.fits (295/367) (dry run)
Storing LOT20200214_mod/LSPM_J1055+0808-20200214@200225-Eden.fts -> s3://eden-data/RAW/LOT/LSPM_J1055+0808/2020-02-14/LSPM_J1055+0808-20200214@200225-Eden.fits (296/367) (dry run)
Storing LOT20200214_mod/LSPM_J1055+0808-20200214@200339-Eden.fts -> s3://eden-data/RAW/LOT/LSPM_J1055+0808/2020-02-14/LSPM_J1055+0808-20200214@200339-Eden.fits (297/367) (dry run)
Storing LOT20200214_mod/LSPM_J1055+0808-20200214@200454-Eden.fts -> s3://eden-data/RAW/LOT/LSPM_J1055+0808/2020-02-14/LSPM_J1055+0808-20200214@200454-Eden.fits (298/367) (dry run)
Storing LOT20200214_mod/LSPM_J1055+0808-20200214@200609-Eden.fts -> s3://eden-data/RAW/LOT/LSPM_J1055+0808/2020-02-14/LSPM_J1055+0808-20200214@200609-Eden.fits (299/367) (dry run)
Storing LOT20200214_mod/LSPM_J1055+0808-20200214@200724-Eden.fts -> s3://eden-data/RAW/LOT/LSPM_J1055+0808/2020-02-14/LSPM_J1055+0808-20200214@200724-Eden.fits (300/367) (dry run)
Storing LOT20200214_mod/LSPM_J1055+0808-20200214@200838-Eden.fts -> s3://eden-data/RAW/LOT/LSPM_J1055+0808/2020-02-14/LSPM_J1055+0808-20200214@200838-Eden.fits (301/367) (dry run)
Storing LOT20200214_mod/LSPM_J1055+0808-20200214@200952-Eden.fts -> s3://eden-data/RAW/LOT/LSPM_J1055+0808/2020-02-14/LSPM_J1055+0808-20200214@200952-Eden.fits (302/367) (dry run)
Storing LOT20200214_mod/LSPM_J1055+0808-20200214@201106-Eden.fts -> s3://eden-data/RAW/LOT/LSPM_J1055+0808/2020-02-14/LSPM_J1055+0808-20200214@201106-Eden.fits (303/367) (dry run)
Storing LOT20200214_mod/LSPM_J1055+0808-20200214@201221-Eden.fts -> s3://eden-data/RAW/LOT/LSPM_J1055+0808/2020-02-14/LSPM_J1055+0808-20200214@201221-Eden.fits (304/367) (dry run)
Storing LOT20200214_mod/LSPM_J1055+0808-20200214@201336-Eden.fts -> s3://eden-data/RAW/LOT/LSPM_J1055+0808/2020-02-14/LSPM_J1055+0808-20200214@201336-Eden.fits (305/367) (dry run)
Storing LOT20200214_mod/LSPM_J1055+0808-20200214@201450-Eden.fts -> s3://eden-data/RAW/LOT/LSPM_J1055+0808/2020-02-14/LSPM_J1055+0808-20200214@201450-Eden.fits (306/367) (dry run)
Storing LOT20200214_mod/LSPM_J1055+0808-20200214@201605-Eden.fts -> s3://eden-data/RAW/LOT/LSPM_J1055+0808/2020-02-14/LSPM_J1055+0808-20200214@201605-Eden.fits (307/367) (dry run)
Storing LOT20200214_mod/LSPM_J1055+0808-20200214@201722-Eden.fts -> s3://eden-data/RAW/LOT/LSPM_J1055+0808/2020-02-14/LSPM_J1055+0808-20200214@201722-Eden.fits (308/367) (dry run)
Storing LOT20200214_mod/LSPM_J1055+0808-20200214@201837-Eden.fts -> s3://eden-data/RAW/LOT/LSPM_J1055+0808/2020-02-14/LSPM_J1055+0808-20200214@201837-Eden.fits (309/367) (dry run)
Storing LOT20200214_mod/LSPM_J1055+0808-20200214@201951-Eden.fts -> s3://eden-data/RAW/LOT/LSPM_J1055+0808/2020-02-14/LSPM_J1055+0808-20200214@201951-Eden.fits (310/367) (dry run)
Storing LOT20200214_mod/LSPM_J1055+0808-20200214@202107-Eden.fts -> s3://eden-data/RAW/LOT/LSPM_J1055+0808/2020-02-14/LSPM_J1055+0808-20200214@202107-Eden.fits (311/367) (dry run)
Storing LOT20200214_mod/LSPM_J1055+0808-20200214@202221-Eden.fts -> s3://eden-data/RAW/LOT/LSPM_J1055+0808/2020-02-14/LSPM_J1055+0808-20200214@202221-Eden.fits (312/367) (dry run)
Storing LOT20200214_mod/LSPM_J1055+0808-20200214@202336-Eden.fts -> s3://eden-data/RAW/LOT/LSPM_J1055+0808/2020-02-14/LSPM_J1055+0808-20200214@202336-Eden.fits (313/367) (dry run)
Storing LOT20200214_mod/LSPM_J1055+0808-20200214@202450-Eden.fts -> s3://eden-data/RAW/LOT/LSPM_J1055+0808/2020-02-14/LSPM_J1055+0808-20200214@202450-Eden.fits (314/367) (dry run)
Storing LOT20200214_mod/LSPM_J1055+0808-20200214@202605-Eden.fts -> s3://eden-data/RAW/LOT/LSPM_J1055+0808/2020-02-14/LSPM_J1055+0808-20200214@202605-Eden.fits (315/367) (dry run)
Storing LOT20200214_mod/LSPM_J1055+0808-20200214@202720-Eden.fts -> s3://eden-data/RAW/LOT/LSPM_J1055+0808/2020-02-14/LSPM_J1055+0808-20200214@202720-Eden.fits (316/367) (dry run)
Storing LOT20200214_mod/LSPM_J1055+0808-20200214@202834-Eden.fts -> s3://eden-data/RAW/LOT/LSPM_J1055+0808/2020-02-14/LSPM_J1055+0808-20200214@202834-Eden.fits (317/367) (dry run)
Storing LOT20200214_mod/LSPM_J1055+0808-20200214@202949-Eden.fts -> s3://eden-data/RAW/LOT/LSPM_J1055+0808/2020-02-14/LSPM_J1055+0808-20200214@202949-Eden.fits (318/367) (dry run)
Storing LOT20200214_mod/LSPM_J1055+0808-20200214@203104-Eden.fts -> s3://eden-data/RAW/LOT/LSPM_J1055+0808/2020-02-14/LSPM_J1055+0808-20200214@203104-Eden.fits (319/367) (dry run)
Storing LOT20200214_mod/LSPM_J1055+0808-20200214@203219-Eden.fts -> s3://eden-data/RAW/LOT/LSPM_J1055+0808/2020-02-14/LSPM_J1055+0808-20200214@203219-Eden.fits (320/367) (dry run)
Storing LOT20200214_mod/LSPM_J1055+0808-20200214@203332-Eden.fts -> s3://eden-data/RAW/LOT/LSPM_J1055+0808/2020-02-14/LSPM_J1055+0808-20200214@203332-Eden.fits (321/367) (dry run)
Storing LOT20200214_mod/LSPM_J1055+0808-20200214@203446-Eden.fts -> s3://eden-data/RAW/LOT/LSPM_J1055+0808/2020-02-14/LSPM_J1055+0808-20200214@203446-Eden.fits (322/367) (dry run)
Storing LOT20200214_mod/LSPM_J1055+0808-20200214@203601-Eden.fts -> s3://eden-data/RAW/LOT/LSPM_J1055+0808/2020-02-14/LSPM_J1055+0808-20200214@203601-Eden.fits (323/367) (dry run)
Storing LOT20200214_mod/LSPM_J1055+0808-20200214@203715-Eden.fts -> s3://eden-data/RAW/LOT/LSPM_J1055+0808/2020-02-14/LSPM_J1055+0808-20200214@203715-Eden.fits (324/367) (dry run)
Storing LOT20200214_mod/LSPM_J1055+0808-20200214@203830-Eden.fts -> s3://eden-data/RAW/LOT/LSPM_J1055+0808/2020-02-14/LSPM_J1055+0808-20200214@203830-Eden.fits (325/367) (dry run)
Storing LOT20200214_mod/LSPM_J1055+0808-20200214@203944-Eden.fts -> s3://eden-data/RAW/LOT/LSPM_J1055+0808/2020-02-14/LSPM_J1055+0808-20200214@203944-Eden.fits (326/367) (dry run)
Storing LOT20200214_mod/LSPM_J1055+0808-20200214@204058-Eden.fts -> s3://eden-data/RAW/LOT/LSPM_J1055+0808/2020-02-14/LSPM_J1055+0808-20200214@204058-Eden.fits (327/367) (dry run)
Storing LOT20200214_mod/LSPM_J1055+0808-20200214@204214-Eden.fts -> s3://eden-data/RAW/LOT/LSPM_J1055+0808/2020-02-14/LSPM_J1055+0808-20200214@204214-Eden.fits (328/367) (dry run)
Storing LOT20200214_mod/LSPM_J1055+0808-20200214@204327-Eden.fts -> s3://eden-data/RAW/LOT/LSPM_J1055+0808/2020-02-14/LSPM_J1055+0808-20200214@204327-Eden.fits (329/367) (dry run)
Storing LOT20200214_mod/LSPM_J1055+0808-20200214@204442-Eden.fts -> s3://eden-data/RAW/LOT/LSPM_J1055+0808/2020-02-14/LSPM_J1055+0808-20200214@204442-Eden.fits (330/367) (dry run)
Storing LOT20200214_mod/LSPM_J1055+0808-20200214@204558-Eden.fts -> s3://eden-data/RAW/LOT/LSPM_J1055+0808/2020-02-14/LSPM_J1055+0808-20200214@204558-Eden.fits (331/367) (dry run)
Storing LOT20200214_mod/LSPM_J1055+0808-20200214@204713-Eden.fts -> s3://eden-data/RAW/LOT/LSPM_J1055+0808/2020-02-14/LSPM_J1055+0808-20200214@204713-Eden.fits (332/367) (dry run)
Storing LOT20200214_mod/LSPM_J1055+0808-20200214@204827-Eden.fts -> s3://eden-data/RAW/LOT/LSPM_J1055+0808/2020-02-14/LSPM_J1055+0808-20200214@204827-Eden.fits (333/367) (dry run)
Storing LOT20200214_mod/LSPM_J1055+0808-20200214@204942-Eden.fts -> s3://eden-data/RAW/LOT/LSPM_J1055+0808/2020-02-14/LSPM_J1055+0808-20200214@204942-Eden.fits (334/367) (dry run)
Storing LOT20200214_mod/LSPM_J1055+0808-20200214@205058-Eden.fts -> s3://eden-data/RAW/LOT/LSPM_J1055+0808/2020-02-14/LSPM_J1055+0808-20200214@205058-Eden.fits (335/367) (dry run)
Storing LOT20200214_mod/LSPM_J1055+0808-20200214@205212-Eden.fts -> s3://eden-data/RAW/LOT/LSPM_J1055+0808/2020-02-14/LSPM_J1055+0808-20200214@205212-Eden.fits (336/367) (dry run)
Storing LOT20200214_mod/LSPM_J1055+0808-20200214@205328-Eden.fts -> s3://eden-data/RAW/LOT/LSPM_J1055+0808/2020-02-14/LSPM_J1055+0808-20200214@205328-Eden.fits (337/367) (dry run)
Storing LOT20200214_mod/LSPM_J1055+0808-20200214@205443-Eden.fts -> s3://eden-data/RAW/LOT/LSPM_J1055+0808/2020-02-14/LSPM_J1055+0808-20200214@205443-Eden.fits (338/367) (dry run)
Storing LOT20200214_mod/LSPM_J1055+0808-20200214@205558-Eden.fts -> s3://eden-data/RAW/LOT/LSPM_J1055+0808/2020-02-14/LSPM_J1055+0808-20200214@205558-Eden.fits (339/367) (dry run)
Storing LOT20200214_mod/LSPM_J1055+0808-20200214@205711-Eden.fts -> s3://eden-data/RAW/LOT/LSPM_J1055+0808/2020-02-14/LSPM_J1055+0808-20200214@205711-Eden.fits (340/367) (dry run)
Storing LOT20200214_mod/LSPM_J1055+0808-20200214@205826-Eden.fts -> s3://eden-data/RAW/LOT/LSPM_J1055+0808/2020-02-14/LSPM_J1055+0808-20200214@205826-Eden.fits (341/367) (dry run)
Storing LOT20200214_mod/LSPM_J1055+0808-20200214@205942-Eden.fts -> s3://eden-data/RAW/LOT/LSPM_J1055+0808/2020-02-14/LSPM_J1055+0808-20200214@205942-Eden.fits (342/367) (dry run)
Storing LOT20200214_mod/LSPM_J1055+0808-20200214@210056-Eden.fts -> s3://eden-data/RAW/LOT/LSPM_J1055+0808/2020-02-14/LSPM_J1055+0808-20200214@210056-Eden.fits (343/367) (dry run)
Storing LOT20200214_mod/LSPM_J1055+0808-20200214@210211-Eden.fts -> s3://eden-data/RAW/LOT/LSPM_J1055+0808/2020-02-14/LSPM_J1055+0808-20200214@210211-Eden.fits (344/367) (dry run)
Storing LOT20200214_mod/LSPM_J1055+0808-20200214@210325-Eden.fts -> s3://eden-data/RAW/LOT/LSPM_J1055+0808/2020-02-14/LSPM_J1055+0808-20200214@210325-Eden.fits (345/367) (dry run)
Storing LOT20200214_mod/LSPM_J1055+0808-20200214@210440-Eden.fts -> s3://eden-data/RAW/LOT/LSPM_J1055+0808/2020-02-14/LSPM_J1055+0808-20200214@210440-Eden.fits (346/367) (dry run)
Storing LOT20200214_mod/LSPM_J1055+0808-20200214@210555-Eden.fts -> s3://eden-data/RAW/LOT/LSPM_J1055+0808/2020-02-14/LSPM_J1055+0808-20200214@210555-Eden.fits (347/367) (dry run)
Storing LOT20200214_mod/LSPM_J1055+0808-20200214@210709-Eden.fts -> s3://eden-data/RAW/LOT/LSPM_J1055+0808/2020-02-14/LSPM_J1055+0808-20200214@210709-Eden.fits (348/367) (dry run)
Storing LOT20200214_mod/LSPM_J1055+0808-20200214@210823-Eden.fts -> s3://eden-data/RAW/LOT/LSPM_J1055+0808/2020-02-14/LSPM_J1055+0808-20200214@210823-Eden.fits (349/367) (dry run)
Storing LOT20200214_mod/LSPM_J1055+0808-20200214@210937-Eden.fts -> s3://eden-data/RAW/LOT/LSPM_J1055+0808/2020-02-14/LSPM_J1055+0808-20200214@210937-Eden.fits (350/367) (dry run)
Storing LOT20200214_mod/LSPM_J1055+0808-20200214@211053-Eden.fts -> s3://eden-data/RAW/LOT/LSPM_J1055+0808/2020-02-14/LSPM_J1055+0808-20200214@211053-Eden.fits (351/367) (dry run)
Storing LOT20200214_mod/LSPM_J1055+0808-20200214@211209-Eden.fts -> s3://eden-data/RAW/LOT/LSPM_J1055+0808/2020-02-14/LSPM_J1055+0808-20200214@211209-Eden.fits (352/367) (dry run)
Storing LOT20200214_mod/LSPM_J1055+0808-20200214@211324-Eden.fts -> s3://eden-data/RAW/LOT/LSPM_J1055+0808/2020-02-14/LSPM_J1055+0808-20200214@211324-Eden.fits (353/367) (dry run)
Storing LOT20200214_mod/LSPM_J1055+0808-20200214@211439-Eden.fts -> s3://eden-data/RAW/LOT/LSPM_J1055+0808/2020-02-14/LSPM_J1055+0808-20200214@211439-Eden.fits (354/367) (dry run)
Storing LOT20200214_mod/LSPM_J1055+0808-20200214@211553-Eden.fts -> s3://eden-data/RAW/LOT/LSPM_J1055+0808/2020-02-14/LSPM_J1055+0808-20200214@211553-Eden.fits (355/367) (dry run)
Storing LOT20200214_mod/LSPM_J1055+0808-20200214@211708-Eden.fts -> s3://eden-data/RAW/LOT/LSPM_J1055+0808/2020-02-14/LSPM_J1055+0808-20200214@211708-Eden.fits (356/367) (dry run)
Storing LOT20200214_mod/LSPM_J1055+0808-20200214@211822-Eden.fts -> s3://eden-data/RAW/LOT/LSPM_J1055+0808/2020-02-14/LSPM_J1055+0808-20200214@211822-Eden.fits (357/367) (dry run)
Storing LOT20200214_mod/LSPM_J1055+0808-20200214@211938-Eden.fts -> s3://eden-data/RAW/LOT/LSPM_J1055+0808/2020-02-14/LSPM_J1055+0808-20200214@211938-Eden.fits (358/367) (dry run)
Storing LOT20200214_mod/LSPM_J1055+0808-20200214@212052-Eden.fts -> s3://eden-data/RAW/LOT/LSPM_J1055+0808/2020-02-14/LSPM_J1055+0808-20200214@212052-Eden.fits (359/367) (dry run)
Storing LOT20200214_mod/LSPM_J1055+0808-20200214@212206-Eden.fts -> s3://eden-data/RAW/LOT/LSPM_J1055+0808/2020-02-14/LSPM_J1055+0808-20200214@212206-Eden.fits (360/367) (dry run)
Storing LOT20200214_mod/LSPM_J1055+0808-20200214@212321-Eden.fts -> s3://eden-data/RAW/LOT/LSPM_J1055+0808/2020-02-14/LSPM_J1055+0808-20200214@212321-Eden.fits (361/367) (dry run)
Storing LOT20200214_mod/LSPM_J1055+0808-20200214@212438-Eden.fts -> s3://eden-data/RAW/LOT/LSPM_J1055+0808/2020-02-14/LSPM_J1055+0808-20200214@212438-Eden.fits (362/367) (dry run)
Storing LOT20200214_mod/LSPM_J1055+0808-20200214@212552-Eden.fts -> s3://eden-data/RAW/LOT/LSPM_J1055+0808/2020-02-14/LSPM_J1055+0808-20200214@212552-Eden.fits (363/367) (dry run)
Storing LOT20200214_mod/LSPM_J1055+0808-20200214@212707-Eden.fts -> s3://eden-data/RAW/LOT/LSPM_J1055+0808/2020-02-14/LSPM_J1055+0808-20200214@212707-Eden.fits (364/367) (dry run)
Storing LOT20200214_mod/LSPM_J1055+0808-20200214@212822-Eden.fts -> s3://eden-data/RAW/LOT/LSPM_J1055+0808/2020-02-14/LSPM_J1055+0808-20200214@212822-Eden.fits (365/367) (dry run)
Storing LOT20200214_mod/LSPM_J1055+0808-20200214@212936-Eden.fts -> s3://eden-data/RAW/LOT/LSPM_J1055+0808/2020-02-14/LSPM_J1055+0808-20200214@212936-Eden.fits (366/367) (dry run)
Storing LOT20200214_mod/LSPM_J1055+0808-20200214@213051-Eden.fts -> s3://eden-data/RAW/LOT/LSPM_J1055+0808/2020-02-14/LSPM_J1055+0808-20200214@213051-Eden.fits (367/367) (dry run)

Dry run complete! Run again without --dryrun to commit the changes above.
Stored: 367 files (3.1 GB)
