-----------------
input parameters
-----------------
['modify_header_name_eden.py', 'LOT20210318_LP_315-53', '16']
Your will modify header for: LP_315-53 [RA] 10 16 34.6688 [Dec] +27 51 48.8250 [Filter] GG495
---------------
folder: LOT20210318_LP_315-53
will update fits in: LOT20210318_LP_315-53_mod
 ---------------------------
 Exame Fits Header for Bias
 ---------------------------
find ./LOT20210318_LP_315-53/bias-dark/ | grep 'fits\|fts'|sort 
found 80 Bias/Dark
1/80 Bias-20210318@211356-000S.fts [TYPE] BIAS [EXPTIME] 0.0
2/80 Bias-20210318@211407-000S.fts [TYPE] BIAS [EXPTIME] 0.0
3/80 Bias-20210318@211413-000S.fts [TYPE] BIAS [EXPTIME] 0.0
4/80 Bias-20210318@211421-000S.fts [TYPE] BIAS [EXPTIME] 0.0
5/80 Bias-20210318@211427-000S.fts [TYPE] BIAS [EXPTIME] 0.0
6/80 Bias-20210318@211434-000S.fts [TYPE] BIAS [EXPTIME] 0.0
7/80 Bias-20210318@211441-000S.fts [TYPE] BIAS [EXPTIME] 0.0
8/80 Bias-20210318@211450-000S.fts [TYPE] BIAS [EXPTIME] 0.0
9/80 Bias-20210318@211456-000S.fts [TYPE] BIAS [EXPTIME] 0.0
10/80 Bias-20210318@211504-000S.fts [TYPE] BIAS [EXPTIME] 0.0
11/80 Dark-20210318@211512-030S.fts [TYPE] DARK [EXPTIME] 30.0
12/80 Dark-20210318@211549-030S.fts [TYPE] DARK [EXPTIME] 30.0
13/80 Dark-20210318@211626-030S.fts [TYPE] DARK [EXPTIME] 30.0
14/80 Dark-20210318@211704-030S.fts [TYPE] DARK [EXPTIME] 30.0
15/80 Dark-20210318@211742-030S.fts [TYPE] DARK [EXPTIME] 30.0
16/80 Dark-20210318@211819-030S.fts [TYPE] DARK [EXPTIME] 30.0
17/80 Dark-20210318@211856-030S.fts [TYPE] DARK [EXPTIME] 30.0
18/80 Dark-20210318@211932-030S.fts [TYPE] DARK [EXPTIME] 30.0
19/80 Dark-20210318@212009-030S.fts [TYPE] DARK [EXPTIME] 30.0
20/80 Dark-20210318@212047-030S.fts [TYPE] DARK [EXPTIME] 30.0
21/80 Dark-20210318@212124-060S.fts [TYPE] DARK [EXPTIME] 60.0
22/80 Dark-20210318@212231-060S.fts [TYPE] DARK [EXPTIME] 60.0
23/80 Dark-20210318@212337-060S.fts [TYPE] DARK [EXPTIME] 60.0
24/80 Dark-20210318@212444-060S.fts [TYPE] DARK [EXPTIME] 60.0
25/80 Dark-20210318@212552-060S.fts [TYPE] DARK [EXPTIME] 60.0
26/80 Dark-20210318@212700-060S.fts [TYPE] DARK [EXPTIME] 60.0
27/80 Dark-20210318@212807-060S.fts [TYPE] DARK [EXPTIME] 60.0
28/80 Dark-20210318@212914-060S.fts [TYPE] DARK [EXPTIME] 60.0
29/80 Dark-20210318@213021-060S.fts [TYPE] DARK [EXPTIME] 60.0
30/80 Dark-20210318@213127-060S.fts [TYPE] DARK [EXPTIME] 60.0
31/80 Dark-20210318@213236-120S.fts [TYPE] DARK [EXPTIME] 120.0
32/80 Dark-20210318@213443-120S.fts [TYPE] DARK [EXPTIME] 120.0
33/80 Dark-20210318@213649-120S.fts [TYPE] DARK [EXPTIME] 120.0
34/80 Dark-20210318@213856-120S.fts [TYPE] DARK [EXPTIME] 120.0
35/80 Dark-20210318@214104-120S.fts [TYPE] DARK [EXPTIME] 120.0
36/80 Dark-20210318@214312-120S.fts [TYPE] DARK [EXPTIME] 120.0
37/80 Dark-20210318@214520-120S.fts [TYPE] DARK [EXPTIME] 120.0
38/80 Dark-20210318@214727-120S.fts [TYPE] DARK [EXPTIME] 120.0
39/80 Dark-20210318@214934-120S.fts [TYPE] DARK [EXPTIME] 120.0
40/80 Dark-20210318@215141-120S.fts [TYPE] DARK [EXPTIME] 120.0
41/80 Dark-20210318@215348-240S.fts [TYPE] DARK [EXPTIME] 240.0
42/80 Dark-20210318@215755-240S.fts [TYPE] DARK [EXPTIME] 240.0
43/80 Dark-20210318@220203-240S.fts [TYPE] DARK [EXPTIME] 240.0
44/80 Dark-20210318@220610-240S.fts [TYPE] DARK [EXPTIME] 240.0
45/80 Dark-20210318@221017-240S.fts [TYPE] DARK [EXPTIME] 240.0
46/80 Dark-20210318@221424-240S.fts [TYPE] DARK [EXPTIME] 240.0
47/80 Dark-20210318@221833-240S.fts [TYPE] DARK [EXPTIME] 240.0
48/80 Dark-20210318@222240-240S.fts [TYPE] DARK [EXPTIME] 240.0
49/80 Dark-20210318@222646-240S.fts [TYPE] DARK [EXPTIME] 240.0
50/80 Dark-20210318@223053-240S.fts [TYPE] DARK [EXPTIME] 240.0
51/80 Dark-20210318@223501-360S.fts [TYPE] DARK [EXPTIME] 360.0
52/80 Dark-20210318@224108-360S.fts [TYPE] DARK [EXPTIME] 360.0
53/80 Dark-20210318@224714-360S.fts [TYPE] DARK [EXPTIME] 360.0
54/80 Dark-20210318@225322-360S.fts [TYPE] DARK [EXPTIME] 360.0
55/80 Dark-20210318@225928-360S.fts [TYPE] DARK [EXPTIME] 360.0
56/80 Dark-20210318@230535-360S.fts [TYPE] DARK [EXPTIME] 360.0
57/80 Dark-20210318@231142-360S.fts [TYPE] DARK [EXPTIME] 360.0
58/80 Dark-20210318@231749-360S.fts [TYPE] DARK [EXPTIME] 360.0
59/80 Dark-20210318@232355-360S.fts [TYPE] DARK [EXPTIME] 360.0
60/80 Dark-20210318@233002-360S.fts [TYPE] DARK [EXPTIME] 360.0
61/80 Dark-20210318@233609-300S.fts [TYPE] DARK [EXPTIME] 300.0
62/80 Dark-20210318@234117-300S.fts [TYPE] DARK [EXPTIME] 300.0
63/80 Dark-20210318@234625-300S.fts [TYPE] DARK [EXPTIME] 300.0
64/80 Dark-20210318@235132-300S.fts [TYPE] DARK [EXPTIME] 300.0
65/80 Dark-20210318@235638-300S.fts [TYPE] DARK [EXPTIME] 300.0
66/80 Dark-20210319@000146-300S.fts [TYPE] DARK [EXPTIME] 300.0
67/80 Dark-20210319@000653-300S.fts [TYPE] DARK [EXPTIME] 300.0
68/80 Dark-20210319@001201-300S.fts [TYPE] DARK [EXPTIME] 300.0
69/80 Dark-20210319@001708-300S.fts [TYPE] DARK [EXPTIME] 300.0
70/80 Dark-20210319@002215-300S.fts [TYPE] DARK [EXPTIME] 300.0
71/80 Dark-20210319@002725-150S.fts [TYPE] DARK [EXPTIME] 150.0
72/80 Dark-20210319@003001-150S.fts [TYPE] DARK [EXPTIME] 150.0
73/80 Dark-20210319@003238-150S.fts [TYPE] DARK [EXPTIME] 150.0
74/80 Dark-20210319@003515-150S.fts [TYPE] DARK [EXPTIME] 150.0
75/80 Dark-20210319@003752-150S.fts [TYPE] DARK [EXPTIME] 150.0
76/80 Dark-20210319@004029-150S.fts [TYPE] DARK [EXPTIME] 150.0
77/80 Dark-20210319@004306-150S.fts [TYPE] DARK [EXPTIME] 150.0
78/80 Dark-20210319@004544-150S.fts [TYPE] DARK [EXPTIME] 150.0
79/80 Dark-20210319@004821-150S.fts [TYPE] DARK [EXPTIME] 150.0
80/80 Dark-20210319@005058-150S.fts [TYPE] DARK [EXPTIME] 150.0
 ---------------------------
 Exame Fits Header for Flat
 ---------------------------
find ./LOT20210318_LP_315-53/ | grep flat/ | grep -E 'fits|fts'|sort -t'-' -k2.4,2.6 
found 0 Flat
no files in ./flat/
 ---------------------------
 Exame Fits Header for Additional Dark for Flat
 ---------------------------
find ./LOT20210318_LP_315-53/ | grep flat/ |grep dark| grep -E 'fits|fts'|sort -t'-' -k2.4,2.6 
found 0 Additional Dark for Flat
no additional dark for flat in ./flat/
 ---------------------------
 Modify filename for Science Target
 ---------------------------
... update header ...
1/206 LP_315-53-20210318@150942-Eden.fts [TYPE] LIGHT [OBJ] LP_315-53 [RA] 10 16 34.6688 [Dec] +27 51 48.8250 [FIL] GG495 [EXPTIME] 60.0 [Date] 2021-03-18T15:09:42 [Time] 15:09:42
2/206 LP_315-53-20210318@151054-Eden.fts [TYPE] LIGHT [OBJ] LP_315-53 [RA] 10 16 34.6688 [Dec] +27 51 48.8250 [FIL] GG495 [EXPTIME] 60.0 [Date] 2021-03-18T15:10:54 [Time] 15:10:54
3/206 LP_315-53-20210318@151206-Eden.fts [TYPE] LIGHT [OBJ] LP_315-53 [RA] 10 16 34.6688 [Dec] +27 51 48.8250 [FIL] GG495 [EXPTIME] 60.0 [Date] 2021-03-18T15:12:06 [Time] 15:12:06
4/206 LP_315-53-20210318@151318-Eden.fts [TYPE] LIGHT [OBJ] LP_315-53 [RA] 10 16 34.6688 [Dec] +27 51 48.8250 [FIL] GG495 [EXPTIME] 60.0 [Date] 2021-03-18T15:13:18 [Time] 15:13:18
5/206 LP_315-53-20210318@151429-Eden.fts [TYPE] LIGHT [OBJ] LP_315-53 [RA] 10 16 34.6688 [Dec] +27 51 48.8250 [FIL] GG495 [EXPTIME] 60.0 [Date] 2021-03-18T15:14:29 [Time] 15:14:29
6/206 LP_315-53-20210318@151541-Eden.fts [TYPE] LIGHT [OBJ] LP_315-53 [RA] 10 16 34.6688 [Dec] +27 51 48.8250 [FIL] GG495 [EXPTIME] 60.0 [Date] 2021-03-18T15:15:41 [Time] 15:15:41
7/206 LP_315-53-20210318@151653-Eden.fts [TYPE] LIGHT [OBJ] LP_315-53 [RA] 10 16 34.6688 [Dec] +27 51 48.8250 [FIL] GG495 [EXPTIME] 60.0 [Date] 2021-03-18T15:16:53 [Time] 15:16:53
8/206 LP_315-53-20210318@151805-Eden.fts [TYPE] LIGHT [OBJ] LP_315-53 [RA] 10 16 34.6688 [Dec] +27 51 48.8250 [FIL] GG495 [EXPTIME] 60.0 [Date] 2021-03-18T15:18:05 [Time] 15:18:05
9/206 LP_315-53-20210318@151917-Eden.fts [TYPE] LIGHT [OBJ] LP_315-53 [RA] 10 16 34.6688 [Dec] +27 51 48.8250 [FIL] GG495 [EXPTIME] 60.0 [Date] 2021-03-18T15:19:17 [Time] 15:19:17
10/206 LP_315-53-20210318@152028-Eden.fts [TYPE] LIGHT [OBJ] LP_315-53 [RA] 10 16 34.6688 [Dec] +27 51 48.8250 [FIL] GG495 [EXPTIME] 60.0 [Date] 2021-03-18T15:20:28 [Time] 15:20:28
11/206 LP_315-53-20210318@152140-Eden.fts [TYPE] LIGHT [OBJ] LP_315-53 [RA] 10 16 34.6688 [Dec] +27 51 48.8250 [FIL] GG495 [EXPTIME] 60.0 [Date] 2021-03-18T15:21:40 [Time] 15:21:40
12/206 LP_315-53-20210318@152252-Eden.fts [TYPE] LIGHT [OBJ] LP_315-53 [RA] 10 16 34.6688 [Dec] +27 51 48.8250 [FIL] GG495 [EXPTIME] 60.0 [Date] 2021-03-18T15:22:52 [Time] 15:22:52
13/206 LP_315-53-20210318@152404-Eden.fts [TYPE] LIGHT [OBJ] LP_315-53 [RA] 10 16 34.6688 [Dec] +27 51 48.8250 [FIL] GG495 [EXPTIME] 60.0 [Date] 2021-03-18T15:24:04 [Time] 15:24:04
14/206 LP_315-53-20210318@152517-Eden.fts [TYPE] LIGHT [OBJ] LP_315-53 [RA] 10 16 34.6688 [Dec] +27 51 48.8250 [FIL] GG495 [EXPTIME] 60.0 [Date] 2021-03-18T15:25:17 [Time] 15:25:17
15/206 LP_315-53-20210318@152630-Eden.fts [TYPE] LIGHT [OBJ] LP_315-53 [RA] 10 16 34.6688 [Dec] +27 51 48.8250 [FIL] GG495 [EXPTIME] 60.0 [Date] 2021-03-18T15:26:30 [Time] 15:26:30
16/206 LP_315-53-20210318@152743-Eden.fts [TYPE] LIGHT [OBJ] LP_315-53 [RA] 10 16 34.6688 [Dec] +27 51 48.8250 [FIL] GG495 [EXPTIME] 60.0 [Date] 2021-03-18T15:27:43 [Time] 15:27:43
17/206 LP_315-53-20210318@152854-Eden.fts [TYPE] LIGHT [OBJ] LP_315-53 [RA] 10 16 34.6688 [Dec] +27 51 48.8250 [FIL] GG495 [EXPTIME] 60.0 [Date] 2021-03-18T15:28:54 [Time] 15:28:54
18/206 LP_315-53-20210318@153007-Eden.fts [TYPE] LIGHT [OBJ] LP_315-53 [RA] 10 16 34.6688 [Dec] +27 51 48.8250 [FIL] GG495 [EXPTIME] 60.0 [Date] 2021-03-18T15:30:07 [Time] 15:30:07
19/206 LP_315-53-20210318@153120-Eden.fts [TYPE] LIGHT [OBJ] LP_315-53 [RA] 10 16 34.6688 [Dec] +27 51 48.8250 [FIL] GG495 [EXPTIME] 60.0 [Date] 2021-03-18T15:31:20 [Time] 15:31:20
20/206 LP_315-53-20210318@153231-Eden.fts [TYPE] LIGHT [OBJ] LP_315-53 [RA] 10 16 34.6688 [Dec] +27 51 48.8250 [FIL] GG495 [EXPTIME] 60.0 [Date] 2021-03-18T15:32:31 [Time] 15:32:31
21/206 LP_315-53-20210318@153343-Eden.fts [TYPE] LIGHT [OBJ] LP_315-53 [RA] 10 16 34.6688 [Dec] +27 51 48.8250 [FIL] GG495 [EXPTIME] 60.0 [Date] 2021-03-18T15:33:43 [Time] 15:33:43
22/206 LP_315-53-20210318@153456-Eden.fts [TYPE] LIGHT [OBJ] LP_315-53 [RA] 10 16 34.6688 [Dec] +27 51 48.8250 [FIL] GG495 [EXPTIME] 60.0 [Date] 2021-03-18T15:34:56 [Time] 15:34:56
23/206 LP_315-53-20210318@153609-Eden.fts [TYPE] LIGHT [OBJ] LP_315-53 [RA] 10 16 34.6688 [Dec] +27 51 48.8250 [FIL] GG495 [EXPTIME] 60.0 [Date] 2021-03-18T15:36:09 [Time] 15:36:09
24/206 LP_315-53-20210318@153720-Eden.fts [TYPE] LIGHT [OBJ] LP_315-53 [RA] 10 16 34.6688 [Dec] +27 51 48.8250 [FIL] GG495 [EXPTIME] 60.0 [Date] 2021-03-18T15:37:20 [Time] 15:37:20
25/206 LP_315-53-20210318@153834-Eden.fts [TYPE] LIGHT [OBJ] LP_315-53 [RA] 10 16 34.6688 [Dec] +27 51 48.8250 [FIL] GG495 [EXPTIME] 60.0 [Date] 2021-03-18T15:38:34 [Time] 15:38:34
26/206 LP_315-53-20210318@153947-Eden.fts [TYPE] LIGHT [OBJ] LP_315-53 [RA] 10 16 34.6688 [Dec] +27 51 48.8250 [FIL] GG495 [EXPTIME] 60.0 [Date] 2021-03-18T15:39:47 [Time] 15:39:47
27/206 LP_315-53-20210318@154059-Eden.fts [TYPE] LIGHT [OBJ] LP_315-53 [RA] 10 16 34.6688 [Dec] +27 51 48.8250 [FIL] GG495 [EXPTIME] 60.0 [Date] 2021-03-18T15:40:59 [Time] 15:40:59
28/206 LP_315-53-20210318@154212-Eden.fts [TYPE] LIGHT [OBJ] LP_315-53 [RA] 10 16 34.6688 [Dec] +27 51 48.8250 [FIL] GG495 [EXPTIME] 60.0 [Date] 2021-03-18T15:42:12 [Time] 15:42:12
29/206 LP_315-53-20210318@154325-Eden.fts [TYPE] LIGHT [OBJ] LP_315-53 [RA] 10 16 34.6688 [Dec] +27 51 48.8250 [FIL] GG495 [EXPTIME] 60.0 [Date] 2021-03-18T15:43:25 [Time] 15:43:25
30/206 LP_315-53-20210318@154437-Eden.fts [TYPE] LIGHT [OBJ] LP_315-53 [RA] 10 16 34.6688 [Dec] +27 51 48.8250 [FIL] GG495 [EXPTIME] 60.0 [Date] 2021-03-18T15:44:37 [Time] 15:44:37
31/206 LP_315-53-20210318@154548-Eden.fts [TYPE] LIGHT [OBJ] LP_315-53 [RA] 10 16 34.6688 [Dec] +27 51 48.8250 [FIL] GG495 [EXPTIME] 60.0 [Date] 2021-03-18T15:45:48 [Time] 15:45:48
32/206 LP_315-53-20210318@154659-Eden.fts [TYPE] LIGHT [OBJ] LP_315-53 [RA] 10 16 34.6688 [Dec] +27 51 48.8250 [FIL] GG495 [EXPTIME] 60.0 [Date] 2021-03-18T15:46:59 [Time] 15:46:59
33/206 LP_315-53-20210318@154811-Eden.fts [TYPE] LIGHT [OBJ] LP_315-53 [RA] 10 16 34.6688 [Dec] +27 51 48.8250 [FIL] GG495 [EXPTIME] 60.0 [Date] 2021-03-18T15:48:11 [Time] 15:48:11
34/206 LP_315-53-20210318@154924-Eden.fts [TYPE] LIGHT [OBJ] LP_315-53 [RA] 10 16 34.6688 [Dec] +27 51 48.8250 [FIL] GG495 [EXPTIME] 60.0 [Date] 2021-03-18T15:49:24 [Time] 15:49:24
35/206 LP_315-53-20210318@155037-Eden.fts [TYPE] LIGHT [OBJ] LP_315-53 [RA] 10 16 34.6688 [Dec] +27 51 48.8250 [FIL] GG495 [EXPTIME] 60.0 [Date] 2021-03-18T15:50:37 [Time] 15:50:37
36/206 LP_315-53-20210318@155150-Eden.fts [TYPE] LIGHT [OBJ] LP_315-53 [RA] 10 16 34.6688 [Dec] +27 51 48.8250 [FIL] GG495 [EXPTIME] 60.0 [Date] 2021-03-18T15:51:50 [Time] 15:51:50
37/206 LP_315-53-20210318@155302-Eden.fts [TYPE] LIGHT [OBJ] LP_315-53 [RA] 10 16 34.6688 [Dec] +27 51 48.8250 [FIL] GG495 [EXPTIME] 60.0 [Date] 2021-03-18T15:53:02 [Time] 15:53:02
38/206 LP_315-53-20210318@155414-Eden.fts [TYPE] LIGHT [OBJ] LP_315-53 [RA] 10 16 34.6688 [Dec] +27 51 48.8250 [FIL] GG495 [EXPTIME] 60.0 [Date] 2021-03-18T15:54:14 [Time] 15:54:14
39/206 LP_315-53-20210318@155526-Eden.fts [TYPE] LIGHT [OBJ] LP_315-53 [RA] 10 16 34.6688 [Dec] +27 51 48.8250 [FIL] GG495 [EXPTIME] 60.0 [Date] 2021-03-18T15:55:26 [Time] 15:55:26
40/206 LP_315-53-20210318@155638-Eden.fts [TYPE] LIGHT [OBJ] LP_315-53 [RA] 10 16 34.6688 [Dec] +27 51 48.8250 [FIL] GG495 [EXPTIME] 60.0 [Date] 2021-03-18T15:56:38 [Time] 15:56:38
41/206 LP_315-53-20210318@155749-Eden.fts [TYPE] LIGHT [OBJ] LP_315-53 [RA] 10 16 34.6688 [Dec] +27 51 48.8250 [FIL] GG495 [EXPTIME] 60.0 [Date] 2021-03-18T15:57:49 [Time] 15:57:49
42/206 LP_315-53-20210318@155901-Eden.fts [TYPE] LIGHT [OBJ] LP_315-53 [RA] 10 16 34.6688 [Dec] +27 51 48.8250 [FIL] GG495 [EXPTIME] 60.0 [Date] 2021-03-18T15:59:01 [Time] 15:59:01
43/206 LP_315-53-20210318@160013-Eden.fts [TYPE] LIGHT [OBJ] LP_315-53 [RA] 10 16 34.6688 [Dec] +27 51 48.8250 [FIL] GG495 [EXPTIME] 60.0 [Date] 2021-03-18T16:00:13 [Time] 16:00:13
44/206 LP_315-53-20210318@160125-Eden.fts [TYPE] LIGHT [OBJ] LP_315-53 [RA] 10 16 34.6688 [Dec] +27 51 48.8250 [FIL] GG495 [EXPTIME] 60.0 [Date] 2021-03-18T16:01:25 [Time] 16:01:25
45/206 LP_315-53-20210318@160238-Eden.fts [TYPE] LIGHT [OBJ] LP_315-53 [RA] 10 16 34.6688 [Dec] +27 51 48.8250 [FIL] GG495 [EXPTIME] 60.0 [Date] 2021-03-18T16:02:38 [Time] 16:02:38
46/206 LP_315-53-20210318@160349-Eden.fts [TYPE] LIGHT [OBJ] LP_315-53 [RA] 10 16 34.6688 [Dec] +27 51 48.8250 [FIL] GG495 [EXPTIME] 60.0 [Date] 2021-03-18T16:03:49 [Time] 16:03:49
47/206 LP_315-53-20210318@160502-Eden.fts [TYPE] LIGHT [OBJ] LP_315-53 [RA] 10 16 34.6688 [Dec] +27 51 48.8250 [FIL] GG495 [EXPTIME] 60.0 [Date] 2021-03-18T16:05:02 [Time] 16:05:02
48/206 LP_315-53-20210318@160615-Eden.fts [TYPE] LIGHT [OBJ] LP_315-53 [RA] 10 16 34.6688 [Dec] +27 51 48.8250 [FIL] GG495 [EXPTIME] 60.0 [Date] 2021-03-18T16:06:15 [Time] 16:06:15
49/206 LP_315-53-20210318@160729-Eden.fts [TYPE] LIGHT [OBJ] LP_315-53 [RA] 10 16 34.6688 [Dec] +27 51 48.8250 [FIL] GG495 [EXPTIME] 60.0 [Date] 2021-03-18T16:07:29 [Time] 16:07:29
50/206 LP_315-53-20210318@160842-Eden.fts [TYPE] LIGHT [OBJ] LP_315-53 [RA] 10 16 34.6688 [Dec] +27 51 48.8250 [FIL] GG495 [EXPTIME] 60.0 [Date] 2021-03-18T16:08:42 [Time] 16:08:42
51/206 LP_315-53-20210318@160953-Eden.fts [TYPE] LIGHT [OBJ] LP_315-53 [RA] 10 16 34.6688 [Dec] +27 51 48.8250 [FIL] GG495 [EXPTIME] 60.0 [Date] 2021-03-18T16:09:53 [Time] 16:09:53
52/206 LP_315-53-20210318@161105-Eden.fts [TYPE] LIGHT [OBJ] LP_315-53 [RA] 10 16 34.6688 [Dec] +27 51 48.8250 [FIL] GG495 [EXPTIME] 60.0 [Date] 2021-03-18T16:11:05 [Time] 16:11:05
53/206 LP_315-53-20210318@161218-Eden.fts [TYPE] LIGHT [OBJ] LP_315-53 [RA] 10 16 34.6688 [Dec] +27 51 48.8250 [FIL] GG495 [EXPTIME] 60.0 [Date] 2021-03-18T16:12:18 [Time] 16:12:18
54/206 LP_315-53-20210318@161332-Eden.fts [TYPE] LIGHT [OBJ] LP_315-53 [RA] 10 16 34.6688 [Dec] +27 51 48.8250 [FIL] GG495 [EXPTIME] 60.0 [Date] 2021-03-18T16:13:32 [Time] 16:13:32
55/206 LP_315-53-20210318@161445-Eden.fts [TYPE] LIGHT [OBJ] LP_315-53 [RA] 10 16 34.6688 [Dec] +27 51 48.8250 [FIL] GG495 [EXPTIME] 60.0 [Date] 2021-03-18T16:14:45 [Time] 16:14:45
56/206 LP_315-53-20210318@161558-Eden.fts [TYPE] LIGHT [OBJ] LP_315-53 [RA] 10 16 34.6688 [Dec] +27 51 48.8250 [FIL] GG495 [EXPTIME] 60.0 [Date] 2021-03-18T16:15:58 [Time] 16:15:58
57/206 LP_315-53-20210318@161710-Eden.fts [TYPE] LIGHT [OBJ] LP_315-53 [RA] 10 16 34.6688 [Dec] +27 51 48.8250 [FIL] GG495 [EXPTIME] 60.0 [Date] 2021-03-18T16:17:10 [Time] 16:17:10
58/206 LP_315-53-20210318@161822-Eden.fts [TYPE] LIGHT [OBJ] LP_315-53 [RA] 10 16 34.6688 [Dec] +27 51 48.8250 [FIL] GG495 [EXPTIME] 60.0 [Date] 2021-03-18T16:18:22 [Time] 16:18:22
59/206 LP_315-53-20210318@161935-Eden.fts [TYPE] LIGHT [OBJ] LP_315-53 [RA] 10 16 34.6688 [Dec] +27 51 48.8250 [FIL] GG495 [EXPTIME] 60.0 [Date] 2021-03-18T16:19:35 [Time] 16:19:35
60/206 LP_315-53-20210318@162049-Eden.fts [TYPE] LIGHT [OBJ] LP_315-53 [RA] 10 16 34.6688 [Dec] +27 51 48.8250 [FIL] GG495 [EXPTIME] 60.0 [Date] 2021-03-18T16:20:49 [Time] 16:20:49
61/206 LP_315-53-20210318@162204-Eden.fts [TYPE] LIGHT [OBJ] LP_315-53 [RA] 10 16 34.6688 [Dec] +27 51 48.8250 [FIL] GG495 [EXPTIME] 60.0 [Date] 2021-03-18T16:22:04 [Time] 16:22:04
62/206 LP_315-53-20210318@162316-Eden.fts [TYPE] LIGHT [OBJ] LP_315-53 [RA] 10 16 34.6688 [Dec] +27 51 48.8250 [FIL] GG495 [EXPTIME] 60.0 [Date] 2021-03-18T16:23:16 [Time] 16:23:16
63/206 LP_315-53-20210318@162429-Eden.fts [TYPE] LIGHT [OBJ] LP_315-53 [RA] 10 16 34.6688 [Dec] +27 51 48.8250 [FIL] GG495 [EXPTIME] 60.0 [Date] 2021-03-18T16:24:29 [Time] 16:24:29
64/206 LP_315-53-20210318@162542-Eden.fts [TYPE] LIGHT [OBJ] LP_315-53 [RA] 10 16 34.6688 [Dec] +27 51 48.8250 [FIL] GG495 [EXPTIME] 60.0 [Date] 2021-03-18T16:25:42 [Time] 16:25:42
65/206 LP_315-53-20210318@162653-Eden.fts [TYPE] LIGHT [OBJ] LP_315-53 [RA] 10 16 34.6688 [Dec] +27 51 48.8250 [FIL] GG495 [EXPTIME] 60.0 [Date] 2021-03-18T16:26:53 [Time] 16:26:53
66/206 LP_315-53-20210318@162805-Eden.fts [TYPE] LIGHT [OBJ] LP_315-53 [RA] 10 16 34.6688 [Dec] +27 51 48.8250 [FIL] GG495 [EXPTIME] 60.0 [Date] 2021-03-18T16:28:05 [Time] 16:28:05
67/206 LP_315-53-20210318@162917-Eden.fts [TYPE] LIGHT [OBJ] LP_315-53 [RA] 10 16 34.6688 [Dec] +27 51 48.8250 [FIL] GG495 [EXPTIME] 60.0 [Date] 2021-03-18T16:29:17 [Time] 16:29:17
68/206 LP_315-53-20210318@163029-Eden.fts [TYPE] LIGHT [OBJ] LP_315-53 [RA] 10 16 34.6688 [Dec] +27 51 48.8250 [FIL] GG495 [EXPTIME] 60.0 [Date] 2021-03-18T16:30:29 [Time] 16:30:29
69/206 LP_315-53-20210318@163141-Eden.fts [TYPE] LIGHT [OBJ] LP_315-53 [RA] 10 16 34.6688 [Dec] +27 51 48.8250 [FIL] GG495 [EXPTIME] 60.0 [Date] 2021-03-18T16:31:41 [Time] 16:31:41
70/206 LP_315-53-20210318@163255-Eden.fts [TYPE] LIGHT [OBJ] LP_315-53 [RA] 10 16 34.6688 [Dec] +27 51 48.8250 [FIL] GG495 [EXPTIME] 60.0 [Date] 2021-03-18T16:32:55 [Time] 16:32:55
71/206 LP_315-53-20210318@163406-Eden.fts [TYPE] LIGHT [OBJ] LP_315-53 [RA] 10 16 34.6688 [Dec] +27 51 48.8250 [FIL] GG495 [EXPTIME] 60.0 [Date] 2021-03-18T16:34:06 [Time] 16:34:06
72/206 LP_315-53-20210318@163520-Eden.fts [TYPE] LIGHT [OBJ] LP_315-53 [RA] 10 16 34.6688 [Dec] +27 51 48.8250 [FIL] GG495 [EXPTIME] 60.0 [Date] 2021-03-18T16:35:20 [Time] 16:35:20
73/206 LP_315-53-20210318@163631-Eden.fts [TYPE] LIGHT [OBJ] LP_315-53 [RA] 10 16 34.6688 [Dec] +27 51 48.8250 [FIL] GG495 [EXPTIME] 60.0 [Date] 2021-03-18T16:36:31 [Time] 16:36:31
74/206 LP_315-53-20210318@163743-Eden.fts [TYPE] LIGHT [OBJ] LP_315-53 [RA] 10 16 34.6688 [Dec] +27 51 48.8250 [FIL] GG495 [EXPTIME] 60.0 [Date] 2021-03-18T16:37:43 [Time] 16:37:43
75/206 LP_315-53-20210318@163856-Eden.fts [TYPE] LIGHT [OBJ] LP_315-53 [RA] 10 16 34.6688 [Dec] +27 51 48.8250 [FIL] GG495 [EXPTIME] 60.0 [Date] 2021-03-18T16:38:56 [Time] 16:38:56
76/206 LP_315-53-20210318@164008-Eden.fts [TYPE] LIGHT [OBJ] LP_315-53 [RA] 10 16 34.6688 [Dec] +27 51 48.8250 [FIL] GG495 [EXPTIME] 60.0 [Date] 2021-03-18T16:40:08 [Time] 16:40:08
77/206 LP_315-53-20210318@164121-Eden.fts [TYPE] LIGHT [OBJ] LP_315-53 [RA] 10 16 34.6688 [Dec] +27 51 48.8250 [FIL] GG495 [EXPTIME] 60.0 [Date] 2021-03-18T16:41:21 [Time] 16:41:21
78/206 LP_315-53-20210318@164234-Eden.fts [TYPE] LIGHT [OBJ] LP_315-53 [RA] 10 16 34.6688 [Dec] +27 51 48.8250 [FIL] GG495 [EXPTIME] 60.0 [Date] 2021-03-18T16:42:34 [Time] 16:42:34
79/206 LP_315-53-20210318@164346-Eden.fts [TYPE] LIGHT [OBJ] LP_315-53 [RA] 10 16 34.6688 [Dec] +27 51 48.8250 [FIL] GG495 [EXPTIME] 60.0 [Date] 2021-03-18T16:43:46 [Time] 16:43:46
80/206 LP_315-53-20210318@164500-Eden.fts [TYPE] LIGHT [OBJ] LP_315-53 [RA] 10 16 34.6688 [Dec] +27 51 48.8250 [FIL] GG495 [EXPTIME] 60.0 [Date] 2021-03-18T16:45:00 [Time] 16:45:00
81/206 LP_315-53-20210318@164611-Eden.fts [TYPE] LIGHT [OBJ] LP_315-53 [RA] 10 16 34.6688 [Dec] +27 51 48.8250 [FIL] GG495 [EXPTIME] 60.0 [Date] 2021-03-18T16:46:11 [Time] 16:46:11
82/206 LP_315-53-20210318@164724-Eden.fts [TYPE] LIGHT [OBJ] LP_315-53 [RA] 10 16 34.6688 [Dec] +27 51 48.8250 [FIL] GG495 [EXPTIME] 60.0 [Date] 2021-03-18T16:47:24 [Time] 16:47:24
83/206 LP_315-53-20210318@164836-Eden.fts [TYPE] LIGHT [OBJ] LP_315-53 [RA] 10 16 34.6688 [Dec] +27 51 48.8250 [FIL] GG495 [EXPTIME] 60.0 [Date] 2021-03-18T16:48:36 [Time] 16:48:36
84/206 LP_315-53-20210318@164948-Eden.fts [TYPE] LIGHT [OBJ] LP_315-53 [RA] 10 16 34.6688 [Dec] +27 51 48.8250 [FIL] GG495 [EXPTIME] 60.0 [Date] 2021-03-18T16:49:48 [Time] 16:49:48
85/206 LP_315-53-20210318@165100-Eden.fts [TYPE] LIGHT [OBJ] LP_315-53 [RA] 10 16 34.6688 [Dec] +27 51 48.8250 [FIL] GG495 [EXPTIME] 60.0 [Date] 2021-03-18T16:51:00 [Time] 16:51:00
86/206 LP_315-53-20210318@165211-Eden.fts [TYPE] LIGHT [OBJ] LP_315-53 [RA] 10 16 34.6688 [Dec] +27 51 48.8250 [FIL] GG495 [EXPTIME] 60.0 [Date] 2021-03-18T16:52:11 [Time] 16:52:11
87/206 LP_315-53-20210318@165323-Eden.fts [TYPE] LIGHT [OBJ] LP_315-53 [RA] 10 16 34.6688 [Dec] +27 51 48.8250 [FIL] GG495 [EXPTIME] 60.0 [Date] 2021-03-18T16:53:23 [Time] 16:53:23
88/206 LP_315-53-20210318@165434-Eden.fts [TYPE] LIGHT [OBJ] LP_315-53 [RA] 10 16 34.6688 [Dec] +27 51 48.8250 [FIL] GG495 [EXPTIME] 60.0 [Date] 2021-03-18T16:54:34 [Time] 16:54:34
89/206 LP_315-53-20210318@165548-Eden.fts [TYPE] LIGHT [OBJ] LP_315-53 [RA] 10 16 34.6688 [Dec] +27 51 48.8250 [FIL] GG495 [EXPTIME] 60.0 [Date] 2021-03-18T16:55:48 [Time] 16:55:48
90/206 LP_315-53-20210318@165700-Eden.fts [TYPE] LIGHT [OBJ] LP_315-53 [RA] 10 16 34.6688 [Dec] +27 51 48.8250 [FIL] GG495 [EXPTIME] 60.0 [Date] 2021-03-18T16:57:00 [Time] 16:57:00
91/206 LP_315-53-20210318@165811-Eden.fts [TYPE] LIGHT [OBJ] LP_315-53 [RA] 10 16 34.6688 [Dec] +27 51 48.8250 [FIL] GG495 [EXPTIME] 60.0 [Date] 2021-03-18T16:58:11 [Time] 16:58:11
92/206 LP_315-53-20210318@165923-Eden.fts [TYPE] LIGHT [OBJ] LP_315-53 [RA] 10 16 34.6688 [Dec] +27 51 48.8250 [FIL] GG495 [EXPTIME] 60.0 [Date] 2021-03-18T16:59:23 [Time] 16:59:23
93/206 LP_315-53-20210318@170036-Eden.fts [TYPE] LIGHT [OBJ] LP_315-53 [RA] 10 16 34.6688 [Dec] +27 51 48.8250 [FIL] GG495 [EXPTIME] 60.0 [Date] 2021-03-18T17:00:36 [Time] 17:00:36
94/206 LP_315-53-20210318@170148-Eden.fts [TYPE] LIGHT [OBJ] LP_315-53 [RA] 10 16 34.6688 [Dec] +27 51 48.8250 [FIL] GG495 [EXPTIME] 60.0 [Date] 2021-03-18T17:01:48 [Time] 17:01:48
95/206 LP_315-53-20210318@170301-Eden.fts [TYPE] LIGHT [OBJ] LP_315-53 [RA] 10 16 34.6688 [Dec] +27 51 48.8250 [FIL] GG495 [EXPTIME] 60.0 [Date] 2021-03-18T17:03:01 [Time] 17:03:01
96/206 LP_315-53-20210318@170413-Eden.fts [TYPE] LIGHT [OBJ] LP_315-53 [RA] 10 16 34.6688 [Dec] +27 51 48.8250 [FIL] GG495 [EXPTIME] 60.0 [Date] 2021-03-18T17:04:13 [Time] 17:04:13
97/206 LP_315-53-20210318@170524-Eden.fts [TYPE] LIGHT [OBJ] LP_315-53 [RA] 10 16 34.6688 [Dec] +27 51 48.8250 [FIL] GG495 [EXPTIME] 60.0 [Date] 2021-03-18T17:05:24 [Time] 17:05:24
98/206 LP_315-53-20210318@170637-Eden.fts [TYPE] LIGHT [OBJ] LP_315-53 [RA] 10 16 34.6688 [Dec] +27 51 48.8250 [FIL] GG495 [EXPTIME] 60.0 [Date] 2021-03-18T17:06:37 [Time] 17:06:37
99/206 LP_315-53-20210318@170750-Eden.fts [TYPE] LIGHT [OBJ] LP_315-53 [RA] 10 16 34.6688 [Dec] +27 51 48.8250 [FIL] GG495 [EXPTIME] 60.0 [Date] 2021-03-18T17:07:50 [Time] 17:07:50
100/206 LP_315-53-20210318@170903-Eden.fts [TYPE] LIGHT [OBJ] LP_315-53 [RA] 10 16 34.6688 [Dec] +27 51 48.8250 [FIL] GG495 [EXPTIME] 60.0 [Date] 2021-03-18T17:09:03 [Time] 17:09:03
101/206 LP_315-53-20210318@171015-Eden.fts [TYPE] LIGHT [OBJ] LP_315-53 [RA] 10 16 34.6688 [Dec] +27 51 48.8250 [FIL] GG495 [EXPTIME] 60.0 [Date] 2021-03-18T17:10:15 [Time] 17:10:15
102/206 LP_315-53-20210318@171127-Eden.fts [TYPE] LIGHT [OBJ] LP_315-53 [RA] 10 16 34.6688 [Dec] +27 51 48.8250 [FIL] GG495 [EXPTIME] 60.0 [Date] 2021-03-18T17:11:27 [Time] 17:11:27
103/206 LP_315-53-20210318@171239-Eden.fts [TYPE] LIGHT [OBJ] LP_315-53 [RA] 10 16 34.6688 [Dec] +27 51 48.8250 [FIL] GG495 [EXPTIME] 60.0 [Date] 2021-03-18T17:12:39 [Time] 17:12:39
104/206 LP_315-53-20210318@171857-Eden.fts [TYPE] LIGHT [OBJ] LP_315-53 [RA] 10 16 34.6688 [Dec] +27 51 48.8250 [FIL] GG495 [EXPTIME] 60.0 [Date] 2021-03-18T17:18:57 [Time] 17:18:57
105/206 LP_315-53-20210318@172008-Eden.fts [TYPE] LIGHT [OBJ] LP_315-53 [RA] 10 16 34.6688 [Dec] +27 51 48.8250 [FIL] GG495 [EXPTIME] 60.0 [Date] 2021-03-18T17:20:08 [Time] 17:20:08
106/206 LP_315-53-20210318@172120-Eden.fts [TYPE] LIGHT [OBJ] LP_315-53 [RA] 10 16 34.6688 [Dec] +27 51 48.8250 [FIL] GG495 [EXPTIME] 60.0 [Date] 2021-03-18T17:21:20 [Time] 17:21:20
107/206 LP_315-53-20210318@172232-Eden.fts [TYPE] LIGHT [OBJ] LP_315-53 [RA] 10 16 34.6688 [Dec] +27 51 48.8250 [FIL] GG495 [EXPTIME] 60.0 [Date] 2021-03-18T17:22:32 [Time] 17:22:32
108/206 LP_315-53-20210318@172344-Eden.fts [TYPE] LIGHT [OBJ] LP_315-53 [RA] 10 16 34.6688 [Dec] +27 51 48.8250 [FIL] GG495 [EXPTIME] 60.0 [Date] 2021-03-18T17:23:44 [Time] 17:23:44
109/206 LP_315-53-20210318@172456-Eden.fts [TYPE] LIGHT [OBJ] LP_315-53 [RA] 10 16 34.6688 [Dec] +27 51 48.8250 [FIL] GG495 [EXPTIME] 60.0 [Date] 2021-03-18T17:24:56 [Time] 17:24:56
110/206 LP_315-53-20210318@172609-Eden.fts [TYPE] LIGHT [OBJ] LP_315-53 [RA] 10 16 34.6688 [Dec] +27 51 48.8250 [FIL] GG495 [EXPTIME] 60.0 [Date] 2021-03-18T17:26:09 [Time] 17:26:09
111/206 LP_315-53-20210318@172722-Eden.fts [TYPE] LIGHT [OBJ] LP_315-53 [RA] 10 16 34.6688 [Dec] +27 51 48.8250 [FIL] GG495 [EXPTIME] 60.0 [Date] 2021-03-18T17:27:22 [Time] 17:27:22
112/206 LP_315-53-20210318@172834-Eden.fts [TYPE] LIGHT [OBJ] LP_315-53 [RA] 10 16 34.6688 [Dec] +27 51 48.8250 [FIL] GG495 [EXPTIME] 60.0 [Date] 2021-03-18T17:28:34 [Time] 17:28:34
113/206 LP_315-53-20210318@172946-Eden.fts [TYPE] LIGHT [OBJ] LP_315-53 [RA] 10 16 34.6688 [Dec] +27 51 48.8250 [FIL] GG495 [EXPTIME] 60.0 [Date] 2021-03-18T17:29:46 [Time] 17:29:46
114/206 LP_315-53-20210318@173058-Eden.fts [TYPE] LIGHT [OBJ] LP_315-53 [RA] 10 16 34.6688 [Dec] +27 51 48.8250 [FIL] GG495 [EXPTIME] 60.0 [Date] 2021-03-18T17:30:58 [Time] 17:30:58
115/206 LP_315-53-20210318@173211-Eden.fts [TYPE] LIGHT [OBJ] LP_315-53 [RA] 10 16 34.6688 [Dec] +27 51 48.8250 [FIL] GG495 [EXPTIME] 60.0 [Date] 2021-03-18T17:32:11 [Time] 17:32:11
116/206 LP_315-53-20210318@173324-Eden.fts [TYPE] LIGHT [OBJ] LP_315-53 [RA] 10 16 34.6688 [Dec] +27 51 48.8250 [FIL] GG495 [EXPTIME] 60.0 [Date] 2021-03-18T17:33:24 [Time] 17:33:24
117/206 LP_315-53-20210318@173436-Eden.fts [TYPE] LIGHT [OBJ] LP_315-53 [RA] 10 16 34.6688 [Dec] +27 51 48.8250 [FIL] GG495 [EXPTIME] 60.0 [Date] 2021-03-18T17:34:36 [Time] 17:34:36
118/206 LP_315-53-20210318@173549-Eden.fts [TYPE] LIGHT [OBJ] LP_315-53 [RA] 10 16 34.6688 [Dec] +27 51 48.8250 [FIL] GG495 [EXPTIME] 60.0 [Date] 2021-03-18T17:35:49 [Time] 17:35:49
119/206 LP_315-53-20210318@173701-Eden.fts [TYPE] LIGHT [OBJ] LP_315-53 [RA] 10 16 34.6688 [Dec] +27 51 48.8250 [FIL] GG495 [EXPTIME] 60.0 [Date] 2021-03-18T17:37:01 [Time] 17:37:01
120/206 LP_315-53-20210318@173813-Eden.fts [TYPE] LIGHT [OBJ] LP_315-53 [RA] 10 16 34.6688 [Dec] +27 51 48.8250 [FIL] GG495 [EXPTIME] 60.0 [Date] 2021-03-18T17:38:13 [Time] 17:38:13
121/206 LP_315-53-20210318@173925-Eden.fts [TYPE] LIGHT [OBJ] LP_315-53 [RA] 10 16 34.6688 [Dec] +27 51 48.8250 [FIL] GG495 [EXPTIME] 60.0 [Date] 2021-03-18T17:39:25 [Time] 17:39:25
122/206 LP_315-53-20210318@174037-Eden.fts [TYPE] LIGHT [OBJ] LP_315-53 [RA] 10 16 34.6688 [Dec] +27 51 48.8250 [FIL] GG495 [EXPTIME] 60.0 [Date] 2021-03-18T17:40:37 [Time] 17:40:37
123/206 LP_315-53-20210318@174149-Eden.fts [TYPE] LIGHT [OBJ] LP_315-53 [RA] 10 16 34.6688 [Dec] +27 51 48.8250 [FIL] GG495 [EXPTIME] 60.0 [Date] 2021-03-18T17:41:49 [Time] 17:41:49
124/206 LP_315-53-20210318@174302-Eden.fts [TYPE] LIGHT [OBJ] LP_315-53 [RA] 10 16 34.6688 [Dec] +27 51 48.8250 [FIL] GG495 [EXPTIME] 60.0 [Date] 2021-03-18T17:43:02 [Time] 17:43:02
125/206 LP_315-53-20210318@174414-Eden.fts [TYPE] LIGHT [OBJ] LP_315-53 [RA] 10 16 34.6688 [Dec] +27 51 48.8250 [FIL] GG495 [EXPTIME] 60.0 [Date] 2021-03-18T17:44:14 [Time] 17:44:14
126/206 LP_315-53-20210318@174526-Eden.fts [TYPE] LIGHT [OBJ] LP_315-53 [RA] 10 16 34.6688 [Dec] +27 51 48.8250 [FIL] GG495 [EXPTIME] 60.0 [Date] 2021-03-18T17:45:26 [Time] 17:45:26
127/206 LP_315-53-20210318@174640-Eden.fts [TYPE] LIGHT [OBJ] LP_315-53 [RA] 10 16 34.6688 [Dec] +27 51 48.8250 [FIL] GG495 [EXPTIME] 60.0 [Date] 2021-03-18T17:46:40 [Time] 17:46:40
128/206 LP_315-53-20210318@174751-Eden.fts [TYPE] LIGHT [OBJ] LP_315-53 [RA] 10 16 34.6688 [Dec] +27 51 48.8250 [FIL] GG495 [EXPTIME] 60.0 [Date] 2021-03-18T17:47:51 [Time] 17:47:51
129/206 LP_315-53-20210318@174903-Eden.fts [TYPE] LIGHT [OBJ] LP_315-53 [RA] 10 16 34.6688 [Dec] +27 51 48.8250 [FIL] GG495 [EXPTIME] 60.0 [Date] 2021-03-18T17:49:03 [Time] 17:49:03
130/206 LP_315-53-20210318@175015-Eden.fts [TYPE] LIGHT [OBJ] LP_315-53 [RA] 10 16 34.6688 [Dec] +27 51 48.8250 [FIL] GG495 [EXPTIME] 60.0 [Date] 2021-03-18T17:50:15 [Time] 17:50:15
131/206 LP_315-53-20210318@175127-Eden.fts [TYPE] LIGHT [OBJ] LP_315-53 [RA] 10 16 34.6688 [Dec] +27 51 48.8250 [FIL] GG495 [EXPTIME] 60.0 [Date] 2021-03-18T17:51:27 [Time] 17:51:27
132/206 LP_315-53-20210318@175238-Eden.fts [TYPE] LIGHT [OBJ] LP_315-53 [RA] 10 16 34.6688 [Dec] +27 51 48.8250 [FIL] GG495 [EXPTIME] 60.0 [Date] 2021-03-18T17:52:38 [Time] 17:52:38
133/206 LP_315-53-20210318@175351-Eden.fts [TYPE] LIGHT [OBJ] LP_315-53 [RA] 10 16 34.6688 [Dec] +27 51 48.8250 [FIL] GG495 [EXPTIME] 60.0 [Date] 2021-03-18T17:53:51 [Time] 17:53:51
134/206 LP_315-53-20210318@175503-Eden.fts [TYPE] LIGHT [OBJ] LP_315-53 [RA] 10 16 34.6688 [Dec] +27 51 48.8250 [FIL] GG495 [EXPTIME] 60.0 [Date] 2021-03-18T17:55:03 [Time] 17:55:03
135/206 LP_315-53-20210318@175617-Eden.fts [TYPE] LIGHT [OBJ] LP_315-53 [RA] 10 16 34.6688 [Dec] +27 51 48.8250 [FIL] GG495 [EXPTIME] 60.0 [Date] 2021-03-18T17:56:17 [Time] 17:56:17
136/206 LP_315-53-20210318@175730-Eden.fts [TYPE] LIGHT [OBJ] LP_315-53 [RA] 10 16 34.6688 [Dec] +27 51 48.8250 [FIL] GG495 [EXPTIME] 60.0 [Date] 2021-03-18T17:57:30 [Time] 17:57:30
137/206 LP_315-53-20210318@175843-Eden.fts [TYPE] LIGHT [OBJ] LP_315-53 [RA] 10 16 34.6688 [Dec] +27 51 48.8250 [FIL] GG495 [EXPTIME] 60.0 [Date] 2021-03-18T17:58:43 [Time] 17:58:43
138/206 LP_315-53-20210318@175955-Eden.fts [TYPE] LIGHT [OBJ] LP_315-53 [RA] 10 16 34.6688 [Dec] +27 51 48.8250 [FIL] GG495 [EXPTIME] 60.0 [Date] 2021-03-18T17:59:55 [Time] 17:59:55
139/206 LP_315-53-20210318@180106-Eden.fts [TYPE] LIGHT [OBJ] LP_315-53 [RA] 10 16 34.6688 [Dec] +27 51 48.8250 [FIL] GG495 [EXPTIME] 60.0 [Date] 2021-03-18T18:01:06 [Time] 18:01:06
140/206 LP_315-53-20210318@180219-Eden.fts [TYPE] LIGHT [OBJ] LP_315-53 [RA] 10 16 34.6688 [Dec] +27 51 48.8250 [FIL] GG495 [EXPTIME] 60.0 [Date] 2021-03-18T18:02:19 [Time] 18:02:19
141/206 LP_315-53-20210318@180329-Eden.fts [TYPE] LIGHT [OBJ] LP_315-53 [RA] 10 16 34.6688 [Dec] +27 51 48.8250 [FIL] GG495 [EXPTIME] 60.0 [Date] 2021-03-18T18:03:29 [Time] 18:03:29
142/206 LP_315-53-20210318@180443-Eden.fts [TYPE] LIGHT [OBJ] LP_315-53 [RA] 10 16 34.6688 [Dec] +27 51 48.8250 [FIL] GG495 [EXPTIME] 60.0 [Date] 2021-03-18T18:04:43 [Time] 18:04:43
143/206 LP_315-53-20210318@180555-Eden.fts [TYPE] LIGHT [OBJ] LP_315-53 [RA] 10 16 34.6688 [Dec] +27 51 48.8250 [FIL] GG495 [EXPTIME] 60.0 [Date] 2021-03-18T18:05:55 [Time] 18:05:55
144/206 LP_315-53-20210318@180706-Eden.fts [TYPE] LIGHT [OBJ] LP_315-53 [RA] 10 16 34.6688 [Dec] +27 51 48.8250 [FIL] GG495 [EXPTIME] 60.0 [Date] 2021-03-18T18:07:06 [Time] 18:07:06
145/206 LP_315-53-20210318@180818-Eden.fts [TYPE] LIGHT [OBJ] LP_315-53 [RA] 10 16 34.6688 [Dec] +27 51 48.8250 [FIL] GG495 [EXPTIME] 60.0 [Date] 2021-03-18T18:08:18 [Time] 18:08:18
146/206 LP_315-53-20210318@182728-Eden.fts [TYPE] LIGHT [OBJ] LP_315-53 [RA] 10 16 34.6688 [Dec] +27 51 48.8250 [FIL] GG495 [EXPTIME] 60.0 [Date] 2021-03-18T18:27:28 [Time] 18:27:28
147/206 LP_315-53-20210318@182839-Eden.fts [TYPE] LIGHT [OBJ] LP_315-53 [RA] 10 16 34.6688 [Dec] +27 51 48.8250 [FIL] GG495 [EXPTIME] 60.0 [Date] 2021-03-18T18:28:39 [Time] 18:28:39
148/206 LP_315-53-20210318@182953-Eden.fts [TYPE] LIGHT [OBJ] LP_315-53 [RA] 10 16 34.6688 [Dec] +27 51 48.8250 [FIL] GG495 [EXPTIME] 60.0 [Date] 2021-03-18T18:29:53 [Time] 18:29:53
149/206 LP_315-53-20210318@183106-Eden.fts [TYPE] LIGHT [OBJ] LP_315-53 [RA] 10 16 34.6688 [Dec] +27 51 48.8250 [FIL] GG495 [EXPTIME] 60.0 [Date] 2021-03-18T18:31:06 [Time] 18:31:06
150/206 LP_315-53-20210318@183217-Eden.fts [TYPE] LIGHT [OBJ] LP_315-53 [RA] 10 16 34.6688 [Dec] +27 51 48.8250 [FIL] GG495 [EXPTIME] 60.0 [Date] 2021-03-18T18:32:17 [Time] 18:32:17
151/206 LP_315-53-20210318@183328-Eden.fts [TYPE] LIGHT [OBJ] LP_315-53 [RA] 10 16 34.6688 [Dec] +27 51 48.8250 [FIL] GG495 [EXPTIME] 60.0 [Date] 2021-03-18T18:33:28 [Time] 18:33:28
152/206 LP_315-53-20210318@183441-Eden.fts [TYPE] LIGHT [OBJ] LP_315-53 [RA] 10 16 34.6688 [Dec] +27 51 48.8250 [FIL] GG495 [EXPTIME] 60.0 [Date] 2021-03-18T18:34:41 [Time] 18:34:41
153/206 LP_315-53-20210318@183553-Eden.fts [TYPE] LIGHT [OBJ] LP_315-53 [RA] 10 16 34.6688 [Dec] +27 51 48.8250 [FIL] GG495 [EXPTIME] 60.0 [Date] 2021-03-18T18:35:53 [Time] 18:35:53
154/206 LP_315-53-20210318@183706-Eden.fts [TYPE] LIGHT [OBJ] LP_315-53 [RA] 10 16 34.6688 [Dec] +27 51 48.8250 [FIL] GG495 [EXPTIME] 60.0 [Date] 2021-03-18T18:37:06 [Time] 18:37:06
155/206 LP_315-53-20210318@183819-Eden.fts [TYPE] LIGHT [OBJ] LP_315-53 [RA] 10 16 34.6688 [Dec] +27 51 48.8250 [FIL] GG495 [EXPTIME] 60.0 [Date] 2021-03-18T18:38:19 [Time] 18:38:19
156/206 LP_315-53-20210318@183931-Eden.fts [TYPE] LIGHT [OBJ] LP_315-53 [RA] 10 16 34.6688 [Dec] +27 51 48.8250 [FIL] GG495 [EXPTIME] 60.0 [Date] 2021-03-18T18:39:31 [Time] 18:39:31
157/206 LP_315-53-20210318@184043-Eden.fts [TYPE] LIGHT [OBJ] LP_315-53 [RA] 10 16 34.6688 [Dec] +27 51 48.8250 [FIL] GG495 [EXPTIME] 60.0 [Date] 2021-03-18T18:40:43 [Time] 18:40:43
158/206 LP_315-53-20210318@184156-Eden.fts [TYPE] LIGHT [OBJ] LP_315-53 [RA] 10 16 34.6688 [Dec] +27 51 48.8250 [FIL] GG495 [EXPTIME] 60.0 [Date] 2021-03-18T18:41:56 [Time] 18:41:56
159/206 LP_315-53-20210318@184308-Eden.fts [TYPE] LIGHT [OBJ] LP_315-53 [RA] 10 16 34.6688 [Dec] +27 51 48.8250 [FIL] GG495 [EXPTIME] 60.0 [Date] 2021-03-18T18:43:08 [Time] 18:43:08
160/206 LP_315-53-20210318@184421-Eden.fts [TYPE] LIGHT [OBJ] LP_315-53 [RA] 10 16 34.6688 [Dec] +27 51 48.8250 [FIL] GG495 [EXPTIME] 60.0 [Date] 2021-03-18T18:44:21 [Time] 18:44:21
161/206 LP_315-53-20210318@184534-Eden.fts [TYPE] LIGHT [OBJ] LP_315-53 [RA] 10 16 34.6688 [Dec] +27 51 48.8250 [FIL] GG495 [EXPTIME] 60.0 [Date] 2021-03-18T18:45:34 [Time] 18:45:34
162/206 LP_315-53-20210318@184646-Eden.fts [TYPE] LIGHT [OBJ] LP_315-53 [RA] 10 16 34.6688 [Dec] +27 51 48.8250 [FIL] GG495 [EXPTIME] 60.0 [Date] 2021-03-18T18:46:46 [Time] 18:46:46
163/206 LP_315-53-20210318@184758-Eden.fts [TYPE] LIGHT [OBJ] LP_315-53 [RA] 10 16 34.6688 [Dec] +27 51 48.8250 [FIL] GG495 [EXPTIME] 60.0 [Date] 2021-03-18T18:47:58 [Time] 18:47:58
164/206 LP_315-53-20210318@184911-Eden.fts [TYPE] LIGHT [OBJ] LP_315-53 [RA] 10 16 34.6688 [Dec] +27 51 48.8250 [FIL] GG495 [EXPTIME] 60.0 [Date] 2021-03-18T18:49:11 [Time] 18:49:11
165/206 LP_315-53-20210318@185025-Eden.fts [TYPE] LIGHT [OBJ] LP_315-53 [RA] 10 16 34.6688 [Dec] +27 51 48.8250 [FIL] GG495 [EXPTIME] 60.0 [Date] 2021-03-18T18:50:25 [Time] 18:50:25
166/206 LP_315-53-20210318@185139-Eden.fts [TYPE] LIGHT [OBJ] LP_315-53 [RA] 10 16 34.6688 [Dec] +27 51 48.8250 [FIL] GG495 [EXPTIME] 60.0 [Date] 2021-03-18T18:51:39 [Time] 18:51:39
167/206 LP_315-53-20210318@185252-Eden.fts [TYPE] LIGHT [OBJ] LP_315-53 [RA] 10 16 34.6688 [Dec] +27 51 48.8250 [FIL] GG495 [EXPTIME] 60.0 [Date] 2021-03-18T18:52:52 [Time] 18:52:52
168/206 LP_315-53-20210318@185404-Eden.fts [TYPE] LIGHT [OBJ] LP_315-53 [RA] 10 16 34.6688 [Dec] +27 51 48.8250 [FIL] GG495 [EXPTIME] 60.0 [Date] 2021-03-18T18:54:04 [Time] 18:54:04
169/206 LP_315-53-20210318@185517-Eden.fts [TYPE] LIGHT [OBJ] LP_315-53 [RA] 10 16 34.6688 [Dec] +27 51 48.8250 [FIL] GG495 [EXPTIME] 60.0 [Date] 2021-03-18T18:55:17 [Time] 18:55:17
170/206 LP_315-53-20210318@185630-Eden.fts [TYPE] LIGHT [OBJ] LP_315-53 [RA] 10 16 34.6688 [Dec] +27 51 48.8250 [FIL] GG495 [EXPTIME] 60.0 [Date] 2021-03-18T18:56:30 [Time] 18:56:30
171/206 LP_315-53-20210318@185742-Eden.fts [TYPE] LIGHT [OBJ] LP_315-53 [RA] 10 16 34.6688 [Dec] +27 51 48.8250 [FIL] GG495 [EXPTIME] 60.0 [Date] 2021-03-18T18:57:42 [Time] 18:57:42
172/206 LP_315-53-20210318@185855-Eden.fts [TYPE] LIGHT [OBJ] LP_315-53 [RA] 10 16 34.6688 [Dec] +27 51 48.8250 [FIL] GG495 [EXPTIME] 60.0 [Date] 2021-03-18T18:58:55 [Time] 18:58:55
173/206 LP_315-53-20210318@190007-Eden.fts [TYPE] LIGHT [OBJ] LP_315-53 [RA] 10 16 34.6688 [Dec] +27 51 48.8250 [FIL] GG495 [EXPTIME] 60.0 [Date] 2021-03-18T19:00:07 [Time] 19:00:07
174/206 LP_315-53-20210318@190119-Eden.fts [TYPE] LIGHT [OBJ] LP_315-53 [RA] 10 16 34.6688 [Dec] +27 51 48.8250 [FIL] GG495 [EXPTIME] 60.0 [Date] 2021-03-18T19:01:19 [Time] 19:01:19
175/206 LP_315-53-20210318@190230-Eden.fts [TYPE] LIGHT [OBJ] LP_315-53 [RA] 10 16 34.6688 [Dec] +27 51 48.8250 [FIL] GG495 [EXPTIME] 60.0 [Date] 2021-03-18T19:02:30 [Time] 19:02:30
176/206 LP_315-53-20210318@190344-Eden.fts [TYPE] LIGHT [OBJ] LP_315-53 [RA] 10 16 34.6688 [Dec] +27 51 48.8250 [FIL] GG495 [EXPTIME] 60.0 [Date] 2021-03-18T19:03:44 [Time] 19:03:44
177/206 LP_315-53-20210318@190455-Eden.fts [TYPE] LIGHT [OBJ] LP_315-53 [RA] 10 16 34.6688 [Dec] +27 51 48.8250 [FIL] GG495 [EXPTIME] 60.0 [Date] 2021-03-18T19:04:55 [Time] 19:04:55
178/206 LP_315-53-20210318@190609-Eden.fts [TYPE] LIGHT [OBJ] LP_315-53 [RA] 10 16 34.6688 [Dec] +27 51 48.8250 [FIL] GG495 [EXPTIME] 60.0 [Date] 2021-03-18T19:06:09 [Time] 19:06:09
179/206 LP_315-53-20210318@190721-Eden.fts [TYPE] LIGHT [OBJ] LP_315-53 [RA] 10 16 34.6688 [Dec] +27 51 48.8250 [FIL] GG495 [EXPTIME] 60.0 [Date] 2021-03-18T19:07:21 [Time] 19:07:21
180/206 LP_315-53-20210318@190833-Eden.fts [TYPE] LIGHT [OBJ] LP_315-53 [RA] 10 16 34.6688 [Dec] +27 51 48.8250 [FIL] GG495 [EXPTIME] 60.0 [Date] 2021-03-18T19:08:33 [Time] 19:08:33
181/206 LP_315-53-20210318@190945-Eden.fts [TYPE] LIGHT [OBJ] LP_315-53 [RA] 10 16 34.6688 [Dec] +27 51 48.8250 [FIL] GG495 [EXPTIME] 60.0 [Date] 2021-03-18T19:09:45 [Time] 19:09:45
182/206 LP_315-53-20210318@191057-Eden.fts [TYPE] LIGHT [OBJ] LP_315-53 [RA] 10 16 34.6688 [Dec] +27 51 48.8250 [FIL] GG495 [EXPTIME] 60.0 [Date] 2021-03-18T19:10:57 [Time] 19:10:57
183/206 LP_315-53-20210318@191209-Eden.fts [TYPE] LIGHT [OBJ] LP_315-53 [RA] 10 16 34.6688 [Dec] +27 51 48.8250 [FIL] GG495 [EXPTIME] 60.0 [Date] 2021-03-18T19:12:09 [Time] 19:12:09
184/206 LP_315-53-20210318@191320-Eden.fts [TYPE] LIGHT [OBJ] LP_315-53 [RA] 10 16 34.6688 [Dec] +27 51 48.8250 [FIL] GG495 [EXPTIME] 60.0 [Date] 2021-03-18T19:13:20 [Time] 19:13:20
185/206 LP_315-53-20210318@191433-Eden.fts [TYPE] LIGHT [OBJ] LP_315-53 [RA] 10 16 34.6688 [Dec] +27 51 48.8250 [FIL] GG495 [EXPTIME] 60.0 [Date] 2021-03-18T19:14:33 [Time] 19:14:33
186/206 LP_315-53-20210318@191545-Eden.fts [TYPE] LIGHT [OBJ] LP_315-53 [RA] 10 16 34.6688 [Dec] +27 51 48.8250 [FIL] GG495 [EXPTIME] 60.0 [Date] 2021-03-18T19:15:45 [Time] 19:15:45
187/206 LP_315-53-20210318@191657-Eden.fts [TYPE] LIGHT [OBJ] LP_315-53 [RA] 10 16 34.6688 [Dec] +27 51 48.8250 [FIL] GG495 [EXPTIME] 60.0 [Date] 2021-03-18T19:16:57 [Time] 19:16:57
188/206 LP_315-53-20210318@191809-Eden.fts [TYPE] LIGHT [OBJ] LP_315-53 [RA] 10 16 34.6688 [Dec] +27 51 48.8250 [FIL] GG495 [EXPTIME] 60.0 [Date] 2021-03-18T19:18:09 [Time] 19:18:09
189/206 LP_315-53-20210318@191920-Eden.fts [TYPE] LIGHT [OBJ] LP_315-53 [RA] 10 16 34.6688 [Dec] +27 51 48.8250 [FIL] GG495 [EXPTIME] 60.0 [Date] 2021-03-18T19:19:20 [Time] 19:19:20
190/206 LP_315-53-20210318@192033-Eden.fts [TYPE] LIGHT [OBJ] LP_315-53 [RA] 10 16 34.6688 [Dec] +27 51 48.8250 [FIL] GG495 [EXPTIME] 60.0 [Date] 2021-03-18T19:20:33 [Time] 19:20:33
191/206 LP_315-53-20210318@192146-Eden.fts [TYPE] LIGHT [OBJ] LP_315-53 [RA] 10 16 34.6688 [Dec] +27 51 48.8250 [FIL] GG495 [EXPTIME] 60.0 [Date] 2021-03-18T19:21:46 [Time] 19:21:46
192/206 LP_315-53-20210318@192258-Eden.fts [TYPE] LIGHT [OBJ] LP_315-53 [RA] 10 16 34.6688 [Dec] +27 51 48.8250 [FIL] GG495 [EXPTIME] 60.0 [Date] 2021-03-18T19:22:58 [Time] 19:22:58
193/206 LP_315-53-20210318@192410-Eden.fts [TYPE] LIGHT [OBJ] LP_315-53 [RA] 10 16 34.6688 [Dec] +27 51 48.8250 [FIL] GG495 [EXPTIME] 60.0 [Date] 2021-03-18T19:24:10 [Time] 19:24:10
194/206 LP_315-53-20210318@192522-Eden.fts [TYPE] LIGHT [OBJ] LP_315-53 [RA] 10 16 34.6688 [Dec] +27 51 48.8250 [FIL] GG495 [EXPTIME] 60.0 [Date] 2021-03-18T19:25:22 [Time] 19:25:22
195/206 LP_315-53-20210318@192634-Eden.fts [TYPE] LIGHT [OBJ] LP_315-53 [RA] 10 16 34.6688 [Dec] +27 51 48.8250 [FIL] GG495 [EXPTIME] 60.0 [Date] 2021-03-18T19:26:34 [Time] 19:26:34
196/206 LP_315-53-20210318@192745-Eden.fts [TYPE] LIGHT [OBJ] LP_315-53 [RA] 10 16 34.6688 [Dec] +27 51 48.8250 [FIL] GG495 [EXPTIME] 60.0 [Date] 2021-03-18T19:27:45 [Time] 19:27:45
197/206 LP_315-53-20210318@192858-Eden.fts [TYPE] LIGHT [OBJ] LP_315-53 [RA] 10 16 34.6688 [Dec] +27 51 48.8250 [FIL] GG495 [EXPTIME] 60.0 [Date] 2021-03-18T19:28:58 [Time] 19:28:58
198/206 LP_315-53-20210318@193009-Eden.fts [TYPE] LIGHT [OBJ] LP_315-53 [RA] 10 16 34.6688 [Dec] +27 51 48.8250 [FIL] GG495 [EXPTIME] 60.0 [Date] 2021-03-18T19:30:09 [Time] 19:30:09
199/206 LP_315-53-20210318@193123-Eden.fts [TYPE] LIGHT [OBJ] LP_315-53 [RA] 10 16 34.6688 [Dec] +27 51 48.8250 [FIL] GG495 [EXPTIME] 60.0 [Date] 2021-03-18T19:31:23 [Time] 19:31:23
200/206 LP_315-53-20210318@193235-Eden.fts [TYPE] LIGHT [OBJ] LP_315-53 [RA] 10 16 34.6688 [Dec] +27 51 48.8250 [FIL] GG495 [EXPTIME] 60.0 [Date] 2021-03-18T19:32:35 [Time] 19:32:35
201/206 LP_315-53-20210318@193347-Eden.fts [TYPE] LIGHT [OBJ] LP_315-53 [RA] 10 16 34.6688 [Dec] +27 51 48.8250 [FIL] GG495 [EXPTIME] 60.0 [Date] 2021-03-18T19:33:47 [Time] 19:33:47
202/206 LP_315-53-20210318@193500-Eden.fts [TYPE] LIGHT [OBJ] LP_315-53 [RA] 10 16 34.6688 [Dec] +27 51 48.8250 [FIL] GG495 [EXPTIME] 60.0 [Date] 2021-03-18T19:35:00 [Time] 19:35:00
203/206 LP_315-53-20210318@193613-Eden.fts [TYPE] LIGHT [OBJ] LP_315-53 [RA] 10 16 34.6688 [Dec] +27 51 48.8250 [FIL] GG495 [EXPTIME] 60.0 [Date] 2021-03-18T19:36:13 [Time] 19:36:13
204/206 LP_315-53-20210318@193727-Eden.fts [TYPE] LIGHT [OBJ] LP_315-53 [RA] 10 16 34.6688 [Dec] +27 51 48.8250 [FIL] GG495 [EXPTIME] 60.0 [Date] 2021-03-18T19:37:27 [Time] 19:37:27
205/206 LP_315-53-20210318@193838-Eden.fts [TYPE] LIGHT [OBJ] LP_315-53 [RA] 10 16 34.6688 [Dec] +27 51 48.8250 [FIL] GG495 [EXPTIME] 60.0 [Date] 2021-03-18T19:38:38 [Time] 19:38:38
206/206 LP_315-53-20210318@193951-Eden.fts [TYPE] LIGHT [OBJ] LP_315-53 [RA] 10 16 34.6688 [Dec] +27 51 48.8250 [FIL] GG495 [EXPTIME] 60.0 [Date] 2021-03-18T19:39:51 [Time] 19:39:51
... write log file to LOT20210318_LP_315-53_mod.log ...
... finish ...
