Bucket successfully loaded! eden-data
44 files found
Storing data to the S3 archive!
Doing a dry run - uploads will not be committed.
Verbose output enabled.
Storing /home/altsai/eden/LOT20201025_LP_229_30_mod/LP_229-30-20201025@104036-Eden.fts -> s3://eden-data/RAW/LOT/LP_229-30/2020-10-25/LP_229-30-20201025@104036-Eden.fits (1/44) (dry run)
Storing /home/altsai/eden/LOT20201025_LP_229_30_mod/LP_229-30-20201025@104150-Eden.fts -> s3://eden-data/RAW/LOT/LP_229-30/2020-10-25/LP_229-30-20201025@104150-Eden.fits (2/44) (dry run)
Storing /home/altsai/eden/LOT20201025_LP_229_30_mod/LP_229-30-20201025@104305-Eden.fts -> s3://eden-data/RAW/LOT/LP_229-30/2020-10-25/LP_229-30-20201025@104305-Eden.fits (3/44) (dry run)
Storing /home/altsai/eden/LOT20201025_LP_229_30_mod/LP_229-30-20201025@104419-Eden.fts -> s3://eden-data/RAW/LOT/LP_229-30/2020-10-25/LP_229-30-20201025@104419-Eden.fits (4/44) (dry run)
Storing /home/altsai/eden/LOT20201025_LP_229_30_mod/LP_229-30-20201025@104533-Eden.fts -> s3://eden-data/RAW/LOT/LP_229-30/2020-10-25/LP_229-30-20201025@104533-Eden.fits (5/44) (dry run)
Storing /home/altsai/eden/LOT20201025_LP_229_30_mod/LP_229-30-20201025@105056-Eden.fts -> s3://eden-data/RAW/LOT/LP_229-30/2020-10-25/LP_229-30-20201025@105056-Eden.fits (6/44) (dry run)
Storing /home/altsai/eden/LOT20201025_LP_229_30_mod/LP_229-30-20201025@105210-Eden.fts -> s3://eden-data/RAW/LOT/LP_229-30/2020-10-25/LP_229-30-20201025@105210-Eden.fits (7/44) (dry run)
Storing /home/altsai/eden/LOT20201025_LP_229_30_mod/LP_229-30-20201025@105328-Eden.fts -> s3://eden-data/RAW/LOT/LP_229-30/2020-10-25/LP_229-30-20201025@105328-Eden.fits (8/44) (dry run)
Storing /home/altsai/eden/LOT20201025_LP_229_30_mod/LP_229-30-20201025@105445-Eden.fts -> s3://eden-data/RAW/LOT/LP_229-30/2020-10-25/LP_229-30-20201025@105445-Eden.fits (9/44) (dry run)
Storing /home/altsai/eden/LOT20201025_LP_229_30_mod/LP_229-30-20201025@105600-Eden.fts -> s3://eden-data/RAW/LOT/LP_229-30/2020-10-25/LP_229-30-20201025@105600-Eden.fits (10/44) (dry run)
Storing /home/altsai/eden/LOT20201025_LP_229_30_mod/LP_229-30-20201025@105717-Eden.fts -> s3://eden-data/RAW/LOT/LP_229-30/2020-10-25/LP_229-30-20201025@105717-Eden.fits (11/44) (dry run)
Storing /home/altsai/eden/LOT20201025_LP_229_30_mod/LP_229-30-20201025@105832-Eden.fts -> s3://eden-data/RAW/LOT/LP_229-30/2020-10-25/LP_229-30-20201025@105832-Eden.fits (12/44) (dry run)
Storing /home/altsai/eden/LOT20201025_LP_229_30_mod/LP_229-30-20201025@105949-Eden.fts -> s3://eden-data/RAW/LOT/LP_229-30/2020-10-25/LP_229-30-20201025@105949-Eden.fits (13/44) (dry run)
Storing /home/altsai/eden/LOT20201025_LP_229_30_mod/LP_229-30-20201025@110104-Eden.fts -> s3://eden-data/RAW/LOT/LP_229-30/2020-10-25/LP_229-30-20201025@110104-Eden.fits (14/44) (dry run)
Storing /home/altsai/eden/LOT20201025_LP_229_30_mod/LP_229-30-20201025@110220-Eden.fts -> s3://eden-data/RAW/LOT/LP_229-30/2020-10-25/LP_229-30-20201025@110220-Eden.fits (15/44) (dry run)
Storing /home/altsai/eden/LOT20201025_LP_229_30_mod/LP_229-30-20201025@110335-Eden.fts -> s3://eden-data/RAW/LOT/LP_229-30/2020-10-25/LP_229-30-20201025@110335-Eden.fits (16/44) (dry run)
Storing /home/altsai/eden/LOT20201025_LP_229_30_mod/LP_229-30-20201025@110451-Eden.fts -> s3://eden-data/RAW/LOT/LP_229-30/2020-10-25/LP_229-30-20201025@110451-Eden.fits (17/44) (dry run)
Storing /home/altsai/eden/LOT20201025_LP_229_30_mod/LP_229-30-20201025@110610-Eden.fts -> s3://eden-data/RAW/LOT/LP_229-30/2020-10-25/LP_229-30-20201025@110610-Eden.fits (18/44) (dry run)
Storing /home/altsai/eden/LOT20201025_LP_229_30_mod/LP_229-30-20201025@110727-Eden.fts -> s3://eden-data/RAW/LOT/LP_229-30/2020-10-25/LP_229-30-20201025@110727-Eden.fits (19/44) (dry run)
Storing /home/altsai/eden/LOT20201025_LP_229_30_mod/LP_229-30-20201025@110843-Eden.fts -> s3://eden-data/RAW/LOT/LP_229-30/2020-10-25/LP_229-30-20201025@110843-Eden.fits (20/44) (dry run)
Storing /home/altsai/eden/LOT20201025_LP_229_30_mod/LP_229-30-20201025@111000-Eden.fts -> s3://eden-data/RAW/LOT/LP_229-30/2020-10-25/LP_229-30-20201025@111000-Eden.fits (21/44) (dry run)
Storing /home/altsai/eden/LOT20201025_LP_229_30_mod/LP_229-30-20201025@111115-Eden.fts -> s3://eden-data/RAW/LOT/LP_229-30/2020-10-25/LP_229-30-20201025@111115-Eden.fits (22/44) (dry run)
Storing /home/altsai/eden/LOT20201025_LP_229_30_mod/LP_229-30-20201025@111233-Eden.fts -> s3://eden-data/RAW/LOT/LP_229-30/2020-10-25/LP_229-30-20201025@111233-Eden.fits (23/44) (dry run)
Storing /home/altsai/eden/LOT20201025_LP_229_30_mod/LP_229-30-20201025@111349-Eden.fts -> s3://eden-data/RAW/LOT/LP_229-30/2020-10-25/LP_229-30-20201025@111349-Eden.fits (24/44) (dry run)
Storing /home/altsai/eden/LOT20201025_LP_229_30_mod/LP_229-30-20201025@111507-Eden.fts -> s3://eden-data/RAW/LOT/LP_229-30/2020-10-25/LP_229-30-20201025@111507-Eden.fits (25/44) (dry run)
Storing /home/altsai/eden/LOT20201025_LP_229_30_mod/LP_229-30-20201025@111623-Eden.fts -> s3://eden-data/RAW/LOT/LP_229-30/2020-10-25/LP_229-30-20201025@111623-Eden.fits (26/44) (dry run)
Storing /home/altsai/eden/LOT20201025_LP_229_30_mod/LP_229-30-20201025@111739-Eden.fts -> s3://eden-data/RAW/LOT/LP_229-30/2020-10-25/LP_229-30-20201025@111739-Eden.fits (27/44) (dry run)
Storing /home/altsai/eden/LOT20201025_LP_229_30_mod/LP_229-30-20201025@111855-Eden.fts -> s3://eden-data/RAW/LOT/LP_229-30/2020-10-25/LP_229-30-20201025@111855-Eden.fits (28/44) (dry run)
Storing /home/altsai/eden/LOT20201025_LP_229_30_mod/LP_229-30-20201025@112012-Eden.fts -> s3://eden-data/RAW/LOT/LP_229-30/2020-10-25/LP_229-30-20201025@112012-Eden.fits (29/44) (dry run)
Storing /home/altsai/eden/LOT20201025_LP_229_30_mod/LP_229-30-20201025@112129-Eden.fts -> s3://eden-data/RAW/LOT/LP_229-30/2020-10-25/LP_229-30-20201025@112129-Eden.fits (30/44) (dry run)
Storing /home/altsai/eden/LOT20201025_LP_229_30_mod/LP_229-30-20201025@112244-Eden.fts -> s3://eden-data/RAW/LOT/LP_229-30/2020-10-25/LP_229-30-20201025@112244-Eden.fits (31/44) (dry run)
Storing /home/altsai/eden/LOT20201025_LP_229_30_mod/LP_229-30-20201025@112400-Eden.fts -> s3://eden-data/RAW/LOT/LP_229-30/2020-10-25/LP_229-30-20201025@112400-Eden.fits (32/44) (dry run)
Storing /home/altsai/eden/LOT20201025_LP_229_30_mod/LP_229-30-20201025@112516-Eden.fts -> s3://eden-data/RAW/LOT/LP_229-30/2020-10-25/LP_229-30-20201025@112516-Eden.fits (33/44) (dry run)
Storing /home/altsai/eden/LOT20201025_LP_229_30_mod/LP_229-30-20201025@112632-Eden.fts -> s3://eden-data/RAW/LOT/LP_229-30/2020-10-25/LP_229-30-20201025@112632-Eden.fits (34/44) (dry run)
Storing /home/altsai/eden/LOT20201025_LP_229_30_mod/LP_229-30-20201025@112748-Eden.fts -> s3://eden-data/RAW/LOT/LP_229-30/2020-10-25/LP_229-30-20201025@112748-Eden.fits (35/44) (dry run)
Storing /home/altsai/eden/LOT20201025_LP_229_30_mod/LP_229-30-20201025@112907-Eden.fts -> s3://eden-data/RAW/LOT/LP_229-30/2020-10-25/LP_229-30-20201025@112907-Eden.fits (36/44) (dry run)
Storing /home/altsai/eden/LOT20201025_LP_229_30_mod/LP_229-30-20201025@113021-Eden.fts -> s3://eden-data/RAW/LOT/LP_229-30/2020-10-25/LP_229-30-20201025@113021-Eden.fits (37/44) (dry run)
Storing /home/altsai/eden/LOT20201025_LP_229_30_mod/LP_229-30-20201025@113136-Eden.fts -> s3://eden-data/RAW/LOT/LP_229-30/2020-10-25/LP_229-30-20201025@113136-Eden.fits (38/44) (dry run)
Storing /home/altsai/eden/LOT20201025_LP_229_30_mod/LP_229-30-20201025@113252-Eden.fts -> s3://eden-data/RAW/LOT/LP_229-30/2020-10-25/LP_229-30-20201025@113252-Eden.fits (39/44) (dry run)
Storing /home/altsai/eden/LOT20201025_LP_229_30_mod/LP_229-30-20201025@113412-Eden.fts -> s3://eden-data/RAW/LOT/LP_229-30/2020-10-25/LP_229-30-20201025@113412-Eden.fits (40/44) (dry run)
Storing /home/altsai/eden/LOT20201025_LP_229_30_mod/LP_229-30-20201025@113527-Eden.fts -> s3://eden-data/RAW/LOT/LP_229-30/2020-10-25/LP_229-30-20201025@113527-Eden.fits (41/44) (dry run)
Storing /home/altsai/eden/LOT20201025_LP_229_30_mod/LP_229-30-20201025@113644-Eden.fts -> s3://eden-data/RAW/LOT/LP_229-30/2020-10-25/LP_229-30-20201025@113644-Eden.fits (42/44) (dry run)
Storing /home/altsai/eden/LOT20201025_LP_229_30_mod/LP_229-30-20201025@113800-Eden.fts -> s3://eden-data/RAW/LOT/LP_229-30/2020-10-25/LP_229-30-20201025@113800-Eden.fits (43/44) (dry run)
Storing /home/altsai/eden/LOT20201025_LP_229_30_mod/LP_229-30-20201025@113915-Eden.fts -> s3://eden-data/RAW/LOT/LP_229-30/2020-10-25/LP_229-30-20201025@113915-Eden.fits (44/44) (dry run)

Dry run complete! Run again without --dryrun to commit the changes above.
Stored: 44 files (0.4 GB)
