Bucket successfully loaded! eden-data
193 files found
Storing data to the S3 archive!
We can now start uploading the data.
Press return to start the upload, or anything else to abort: Verbose output enabled.
Storing /home/altsai/eden/LOT20210925_GJ1083_mod/20210925_flat-001eden.fits -> s3://eden-data/Calibrations/LOT/FLAT/2021-09-25/20210925_flat-001eden.fits (1/193)
Storing /home/altsai/eden/LOT20210925_GJ1083_mod/20210925_flat-002eden.fits -> s3://eden-data/Calibrations/LOT/FLAT/2021-09-25/20210925_flat-002eden.fits (2/193)
Storing /home/altsai/eden/LOT20210925_GJ1083_mod/20210925_flat-003eden.fits -> s3://eden-data/Calibrations/LOT/FLAT/2021-09-25/20210925_flat-003eden.fits (3/193)
Storing /home/altsai/eden/LOT20210925_GJ1083_mod/20210925_flat-004eden.fits -> s3://eden-data/Calibrations/LOT/FLAT/2021-09-25/20210925_flat-004eden.fits (4/193)
Storing /home/altsai/eden/LOT20210925_GJ1083_mod/20210925_flat-005eden.fits -> s3://eden-data/Calibrations/LOT/FLAT/2021-09-25/20210925_flat-005eden.fits (5/193)
Storing /home/altsai/eden/LOT20210925_GJ1083_mod/20210925_flat-006eden.fits -> s3://eden-data/Calibrations/LOT/FLAT/2021-09-25/20210925_flat-006eden.fits (6/193)
Storing /home/altsai/eden/LOT20210925_GJ1083_mod/Bias-20210925@213905-000S.fts -> s3://eden-data/Calibrations/LOT/BIAS/2021-09-25/Bias-20210925@213905-000S.fits (7/193)
Storing /home/altsai/eden/LOT20210925_GJ1083_mod/Bias-20210925@213913-000S.fts -> s3://eden-data/Calibrations/LOT/BIAS/2021-09-25/Bias-20210925@213913-000S.fits (8/193)
Storing /home/altsai/eden/LOT20210925_GJ1083_mod/Bias-20210925@213920-000S.fts -> s3://eden-data/Calibrations/LOT/BIAS/2021-09-25/Bias-20210925@213920-000S.fits (9/193)
Storing /home/altsai/eden/LOT20210925_GJ1083_mod/Bias-20210925@213927-000S.fts -> s3://eden-data/Calibrations/LOT/BIAS/2021-09-25/Bias-20210925@213927-000S.fits (10/193)
Storing /home/altsai/eden/LOT20210925_GJ1083_mod/Bias-20210925@213934-000S.fts -> s3://eden-data/Calibrations/LOT/BIAS/2021-09-25/Bias-20210925@213934-000S.fits (11/193)
Storing /home/altsai/eden/LOT20210925_GJ1083_mod/Bias-20210925@213941-000S.fts -> s3://eden-data/Calibrations/LOT/BIAS/2021-09-25/Bias-20210925@213941-000S.fits (12/193)
Storing /home/altsai/eden/LOT20210925_GJ1083_mod/Bias-20210925@213949-000S.fts -> s3://eden-data/Calibrations/LOT/BIAS/2021-09-25/Bias-20210925@213949-000S.fits (13/193)
Storing /home/altsai/eden/LOT20210925_GJ1083_mod/Bias-20210925@213956-000S.fts -> s3://eden-data/Calibrations/LOT/BIAS/2021-09-25/Bias-20210925@213956-000S.fits (14/193)
Storing /home/altsai/eden/LOT20210925_GJ1083_mod/Bias-20210925@214003-000S.fts -> s3://eden-data/Calibrations/LOT/BIAS/2021-09-25/Bias-20210925@214003-000S.fits (15/193)
Storing /home/altsai/eden/LOT20210925_GJ1083_mod/Bias-20210925@214009-000S.fts -> s3://eden-data/Calibrations/LOT/BIAS/2021-09-25/Bias-20210925@214009-000S.fits (16/193)
Storing /home/altsai/eden/LOT20210925_GJ1083_mod/Dark-20210925@214510-060S.fts -> s3://eden-data/Calibrations/LOT/DARK/2021-09-25/Dark-20210925@214510-060S.fits (17/193)
Storing /home/altsai/eden/LOT20210925_GJ1083_mod/Dark-20210925@214616-060S.fts -> s3://eden-data/Calibrations/LOT/DARK/2021-09-25/Dark-20210925@214616-060S.fits (18/193)
Storing /home/altsai/eden/LOT20210925_GJ1083_mod/Dark-20210925@214723-060S.fts -> s3://eden-data/Calibrations/LOT/DARK/2021-09-25/Dark-20210925@214723-060S.fits (19/193)
Storing /home/altsai/eden/LOT20210925_GJ1083_mod/Dark-20210925@214830-060S.fts -> s3://eden-data/Calibrations/LOT/DARK/2021-09-25/Dark-20210925@214830-060S.fits (20/193)
Storing /home/altsai/eden/LOT20210925_GJ1083_mod/Dark-20210925@214937-060S.fts -> s3://eden-data/Calibrations/LOT/DARK/2021-09-25/Dark-20210925@214937-060S.fits (21/193)
Storing /home/altsai/eden/LOT20210925_GJ1083_mod/Dark-20210925@215043-060S.fts -> s3://eden-data/Calibrations/LOT/DARK/2021-09-25/Dark-20210925@215043-060S.fits (22/193)
Storing /home/altsai/eden/LOT20210925_GJ1083_mod/Dark-20210925@215150-060S.fts -> s3://eden-data/Calibrations/LOT/DARK/2021-09-25/Dark-20210925@215150-060S.fits (23/193)
Storing /home/altsai/eden/LOT20210925_GJ1083_mod/Dark-20210925@215257-060S.fts -> s3://eden-data/Calibrations/LOT/DARK/2021-09-25/Dark-20210925@215257-060S.fits (24/193)
Storing /home/altsai/eden/LOT20210925_GJ1083_mod/Dark-20210925@215404-060S.fts -> s3://eden-data/Calibrations/LOT/DARK/2021-09-25/Dark-20210925@215404-060S.fits (25/193)
Storing /home/altsai/eden/LOT20210925_GJ1083_mod/Dark-20210925@215511-060S.fts -> s3://eden-data/Calibrations/LOT/DARK/2021-09-25/Dark-20210925@215511-060S.fits (26/193)
Storing /home/altsai/eden/LOT20210925_GJ1083_mod/GJ_1083-20210925@172331-Eden.fts -> s3://eden-data/RAW/LOT/GJ_1083/2021-09-25/GJ_1083-20210925@172331-Eden.fits (27/193)
Storing /home/altsai/eden/LOT20210925_GJ1083_mod/GJ_1083-20210925@172445-Eden.fts -> s3://eden-data/RAW/LOT/GJ_1083/2021-09-25/GJ_1083-20210925@172445-Eden.fits (28/193)
Storing /home/altsai/eden/LOT20210925_GJ1083_mod/GJ_1083-20210925@174256-Eden.fts -> s3://eden-data/RAW/LOT/GJ_1083/2021-09-25/GJ_1083-20210925@174256-Eden.fits (29/193)
Storing /home/altsai/eden/LOT20210925_GJ1083_mod/GJ_1083-20210925@174410-Eden.fts -> s3://eden-data/RAW/LOT/GJ_1083/2021-09-25/GJ_1083-20210925@174410-Eden.fits (30/193)
Storing /home/altsai/eden/LOT20210925_GJ1083_mod/GJ_1083-20210925@174524-Eden.fts -> s3://eden-data/RAW/LOT/GJ_1083/2021-09-25/GJ_1083-20210925@174524-Eden.fits (31/193)
Storing /home/altsai/eden/LOT20210925_GJ1083_mod/GJ_1083-20210925@174639-Eden.fts -> s3://eden-data/RAW/LOT/GJ_1083/2021-09-25/GJ_1083-20210925@174639-Eden.fits (32/193)
Storing /home/altsai/eden/LOT20210925_GJ1083_mod/GJ_1083-20210925@174753-Eden.fts -> s3://eden-data/RAW/LOT/GJ_1083/2021-09-25/GJ_1083-20210925@174753-Eden.fits (33/193)
Storing /home/altsai/eden/LOT20210925_GJ1083_mod/GJ_1083-20210925@174907-Eden.fts -> s3://eden-data/RAW/LOT/GJ_1083/2021-09-25/GJ_1083-20210925@174907-Eden.fits (34/193)
Storing /home/altsai/eden/LOT20210925_GJ1083_mod/GJ_1083-20210925@175022-Eden.fts -> s3://eden-data/RAW/LOT/GJ_1083/2021-09-25/GJ_1083-20210925@175022-Eden.fits (35/193)
Storing /home/altsai/eden/LOT20210925_GJ1083_mod/GJ_1083-20210925@175136-Eden.fts -> s3://eden-data/RAW/LOT/GJ_1083/2021-09-25/GJ_1083-20210925@175136-Eden.fits (36/193)
Storing /home/altsai/eden/LOT20210925_GJ1083_mod/GJ_1083-20210925@175250-Eden.fts -> s3://eden-data/RAW/LOT/GJ_1083/2021-09-25/GJ_1083-20210925@175250-Eden.fits (37/193)
Storing /home/altsai/eden/LOT20210925_GJ1083_mod/GJ_1083-20210925@175405-Eden.fts -> s3://eden-data/RAW/LOT/GJ_1083/2021-09-25/GJ_1083-20210925@175405-Eden.fits (38/193)
Storing /home/altsai/eden/LOT20210925_GJ1083_mod/GJ_1083-20210925@175519-Eden.fts -> s3://eden-data/RAW/LOT/GJ_1083/2021-09-25/GJ_1083-20210925@175519-Eden.fits (39/193)
Storing /home/altsai/eden/LOT20210925_GJ1083_mod/GJ_1083-20210925@175633-Eden.fts -> s3://eden-data/RAW/LOT/GJ_1083/2021-09-25/GJ_1083-20210925@175633-Eden.fits (40/193)
Storing /home/altsai/eden/LOT20210925_GJ1083_mod/GJ_1083-20210925@175749-Eden.fts -> s3://eden-data/RAW/LOT/GJ_1083/2021-09-25/GJ_1083-20210925@175749-Eden.fits (41/193)
Storing /home/altsai/eden/LOT20210925_GJ1083_mod/GJ_1083-20210925@175903-Eden.fts -> s3://eden-data/RAW/LOT/GJ_1083/2021-09-25/GJ_1083-20210925@175903-Eden.fits (42/193)
Storing /home/altsai/eden/LOT20210925_GJ1083_mod/GJ_1083-20210925@180019-Eden.fts -> s3://eden-data/RAW/LOT/GJ_1083/2021-09-25/GJ_1083-20210925@180019-Eden.fits (43/193)
Storing /home/altsai/eden/LOT20210925_GJ1083_mod/GJ_1083-20210925@180133-Eden.fts -> s3://eden-data/RAW/LOT/GJ_1083/2021-09-25/GJ_1083-20210925@180133-Eden.fits (44/193)
Storing /home/altsai/eden/LOT20210925_GJ1083_mod/GJ_1083-20210925@180248-Eden.fts -> s3://eden-data/RAW/LOT/GJ_1083/2021-09-25/GJ_1083-20210925@180248-Eden.fits (45/193)
Storing /home/altsai/eden/LOT20210925_GJ1083_mod/GJ_1083-20210925@180402-Eden.fts -> s3://eden-data/RAW/LOT/GJ_1083/2021-09-25/GJ_1083-20210925@180402-Eden.fits (46/193)
Storing /home/altsai/eden/LOT20210925_GJ1083_mod/GJ_1083-20210925@180517-Eden.fts -> s3://eden-data/RAW/LOT/GJ_1083/2021-09-25/GJ_1083-20210925@180517-Eden.fits (47/193)
Storing /home/altsai/eden/LOT20210925_GJ1083_mod/GJ_1083-20210925@180631-Eden.fts -> s3://eden-data/RAW/LOT/GJ_1083/2021-09-25/GJ_1083-20210925@180631-Eden.fits (48/193)
Storing /home/altsai/eden/LOT20210925_GJ1083_mod/GJ_1083-20210925@180745-Eden.fts -> s3://eden-data/RAW/LOT/GJ_1083/2021-09-25/GJ_1083-20210925@180745-Eden.fits (49/193)
Storing /home/altsai/eden/LOT20210925_GJ1083_mod/GJ_1083-20210925@180901-Eden.fts -> s3://eden-data/RAW/LOT/GJ_1083/2021-09-25/GJ_1083-20210925@180901-Eden.fits (50/193)
Storing /home/altsai/eden/LOT20210925_GJ1083_mod/GJ_1083-20210925@181015-Eden.fts -> s3://eden-data/RAW/LOT/GJ_1083/2021-09-25/GJ_1083-20210925@181015-Eden.fits (51/193)
Storing /home/altsai/eden/LOT20210925_GJ1083_mod/GJ_1083-20210925@181131-Eden.fts -> s3://eden-data/RAW/LOT/GJ_1083/2021-09-25/GJ_1083-20210925@181131-Eden.fits (52/193)
Storing /home/altsai/eden/LOT20210925_GJ1083_mod/GJ_1083-20210925@181246-Eden.fts -> s3://eden-data/RAW/LOT/GJ_1083/2021-09-25/GJ_1083-20210925@181246-Eden.fits (53/193)
Storing /home/altsai/eden/LOT20210925_GJ1083_mod/GJ_1083-20210925@181402-Eden.fts -> s3://eden-data/RAW/LOT/GJ_1083/2021-09-25/GJ_1083-20210925@181402-Eden.fits (54/193)
Storing /home/altsai/eden/LOT20210925_GJ1083_mod/GJ_1083-20210925@181516-Eden.fts -> s3://eden-data/RAW/LOT/GJ_1083/2021-09-25/GJ_1083-20210925@181516-Eden.fits (55/193)
Storing /home/altsai/eden/LOT20210925_GJ1083_mod/GJ_1083-20210925@181631-Eden.fts -> s3://eden-data/RAW/LOT/GJ_1083/2021-09-25/GJ_1083-20210925@181631-Eden.fits (56/193)
Storing /home/altsai/eden/LOT20210925_GJ1083_mod/GJ_1083-20210925@181745-Eden.fts -> s3://eden-data/RAW/LOT/GJ_1083/2021-09-25/GJ_1083-20210925@181745-Eden.fits (57/193)
Storing /home/altsai/eden/LOT20210925_GJ1083_mod/GJ_1083-20210925@181900-Eden.fts -> s3://eden-data/RAW/LOT/GJ_1083/2021-09-25/GJ_1083-20210925@181900-Eden.fits (58/193)
Storing /home/altsai/eden/LOT20210925_GJ1083_mod/GJ_1083-20210925@182014-Eden.fts -> s3://eden-data/RAW/LOT/GJ_1083/2021-09-25/GJ_1083-20210925@182014-Eden.fits (59/193)
Storing /home/altsai/eden/LOT20210925_GJ1083_mod/GJ_1083-20210925@182129-Eden.fts -> s3://eden-data/RAW/LOT/GJ_1083/2021-09-25/GJ_1083-20210925@182129-Eden.fits (60/193)
Storing /home/altsai/eden/LOT20210925_GJ1083_mod/GJ_1083-20210925@182244-Eden.fts -> s3://eden-data/RAW/LOT/GJ_1083/2021-09-25/GJ_1083-20210925@182244-Eden.fits (61/193)
Storing /home/altsai/eden/LOT20210925_GJ1083_mod/GJ_1083-20210925@182359-Eden.fts -> s3://eden-data/RAW/LOT/GJ_1083/2021-09-25/GJ_1083-20210925@182359-Eden.fits (62/193)
Storing /home/altsai/eden/LOT20210925_GJ1083_mod/GJ_1083-20210925@182514-Eden.fts -> s3://eden-data/RAW/LOT/GJ_1083/2021-09-25/GJ_1083-20210925@182514-Eden.fits (63/193)
Storing /home/altsai/eden/LOT20210925_GJ1083_mod/GJ_1083-20210925@182629-Eden.fts -> s3://eden-data/RAW/LOT/GJ_1083/2021-09-25/GJ_1083-20210925@182629-Eden.fits (64/193)
Storing /home/altsai/eden/LOT20210925_GJ1083_mod/GJ_1083-20210925@182744-Eden.fts -> s3://eden-data/RAW/LOT/GJ_1083/2021-09-25/GJ_1083-20210925@182744-Eden.fits (65/193)
Storing /home/altsai/eden/LOT20210925_GJ1083_mod/GJ_1083-20210925@182859-Eden.fts -> s3://eden-data/RAW/LOT/GJ_1083/2021-09-25/GJ_1083-20210925@182859-Eden.fits (66/193)
Storing /home/altsai/eden/LOT20210925_GJ1083_mod/GJ_1083-20210925@183014-Eden.fts -> s3://eden-data/RAW/LOT/GJ_1083/2021-09-25/GJ_1083-20210925@183014-Eden.fits (67/193)
Storing /home/altsai/eden/LOT20210925_GJ1083_mod/GJ_1083-20210925@183128-Eden.fts -> s3://eden-data/RAW/LOT/GJ_1083/2021-09-25/GJ_1083-20210925@183128-Eden.fits (68/193)
Storing /home/altsai/eden/LOT20210925_GJ1083_mod/GJ_1083-20210925@183243-Eden.fts -> s3://eden-data/RAW/LOT/GJ_1083/2021-09-25/GJ_1083-20210925@183243-Eden.fits (69/193)
Storing /home/altsai/eden/LOT20210925_GJ1083_mod/GJ_1083-20210925@183358-Eden.fts -> s3://eden-data/RAW/LOT/GJ_1083/2021-09-25/GJ_1083-20210925@183358-Eden.fits (70/193)
Storing /home/altsai/eden/LOT20210925_GJ1083_mod/GJ_1083-20210925@183513-Eden.fts -> s3://eden-data/RAW/LOT/GJ_1083/2021-09-25/GJ_1083-20210925@183513-Eden.fits (71/193)
Storing /home/altsai/eden/LOT20210925_GJ1083_mod/GJ_1083-20210925@183628-Eden.fts -> s3://eden-data/RAW/LOT/GJ_1083/2021-09-25/GJ_1083-20210925@183628-Eden.fits (72/193)
Storing /home/altsai/eden/LOT20210925_GJ1083_mod/GJ_1083-20210925@183743-Eden.fts -> s3://eden-data/RAW/LOT/GJ_1083/2021-09-25/GJ_1083-20210925@183743-Eden.fits (73/193)
Storing /home/altsai/eden/LOT20210925_GJ1083_mod/GJ_1083-20210925@183857-Eden.fts -> s3://eden-data/RAW/LOT/GJ_1083/2021-09-25/GJ_1083-20210925@183857-Eden.fits (74/193)
Storing /home/altsai/eden/LOT20210925_GJ1083_mod/GJ_1083-20210925@184011-Eden.fts -> s3://eden-data/RAW/LOT/GJ_1083/2021-09-25/GJ_1083-20210925@184011-Eden.fits (75/193)
Storing /home/altsai/eden/LOT20210925_GJ1083_mod/GJ_1083-20210925@184126-Eden.fts -> s3://eden-data/RAW/LOT/GJ_1083/2021-09-25/GJ_1083-20210925@184126-Eden.fits (76/193)
Storing /home/altsai/eden/LOT20210925_GJ1083_mod/GJ_1083-20210925@184241-Eden.fts -> s3://eden-data/RAW/LOT/GJ_1083/2021-09-25/GJ_1083-20210925@184241-Eden.fits (77/193)
Storing /home/altsai/eden/LOT20210925_GJ1083_mod/GJ_1083-20210925@184356-Eden.fts -> s3://eden-data/RAW/LOT/GJ_1083/2021-09-25/GJ_1083-20210925@184356-Eden.fits (78/193)
Storing /home/altsai/eden/LOT20210925_GJ1083_mod/GJ_1083-20210925@184510-Eden.fts -> s3://eden-data/RAW/LOT/GJ_1083/2021-09-25/GJ_1083-20210925@184510-Eden.fits (79/193)
Storing /home/altsai/eden/LOT20210925_GJ1083_mod/GJ_1083-20210925@184625-Eden.fts -> s3://eden-data/RAW/LOT/GJ_1083/2021-09-25/GJ_1083-20210925@184625-Eden.fits (80/193)
Storing /home/altsai/eden/LOT20210925_GJ1083_mod/GJ_1083-20210925@184740-Eden.fts -> s3://eden-data/RAW/LOT/GJ_1083/2021-09-25/GJ_1083-20210925@184740-Eden.fits (81/193)
Storing /home/altsai/eden/LOT20210925_GJ1083_mod/GJ_1083-20210925@184855-Eden.fts -> s3://eden-data/RAW/LOT/GJ_1083/2021-09-25/GJ_1083-20210925@184855-Eden.fits (82/193)
Storing /home/altsai/eden/LOT20210925_GJ1083_mod/GJ_1083-20210925@185010-Eden.fts -> s3://eden-data/RAW/LOT/GJ_1083/2021-09-25/GJ_1083-20210925@185010-Eden.fits (83/193)
Storing /home/altsai/eden/LOT20210925_GJ1083_mod/GJ_1083-20210925@185124-Eden.fts -> s3://eden-data/RAW/LOT/GJ_1083/2021-09-25/GJ_1083-20210925@185124-Eden.fits (84/193)
Storing /home/altsai/eden/LOT20210925_GJ1083_mod/GJ_1083-20210925@185239-Eden.fts -> s3://eden-data/RAW/LOT/GJ_1083/2021-09-25/GJ_1083-20210925@185239-Eden.fits (85/193)
Storing /home/altsai/eden/LOT20210925_GJ1083_mod/GJ_1083-20210925@185354-Eden.fts -> s3://eden-data/RAW/LOT/GJ_1083/2021-09-25/GJ_1083-20210925@185354-Eden.fits (86/193)
Storing /home/altsai/eden/LOT20210925_GJ1083_mod/GJ_1083-20210925@185509-Eden.fts -> s3://eden-data/RAW/LOT/GJ_1083/2021-09-25/GJ_1083-20210925@185509-Eden.fits (87/193)
Storing /home/altsai/eden/LOT20210925_GJ1083_mod/GJ_1083-20210925@185624-Eden.fts -> s3://eden-data/RAW/LOT/GJ_1083/2021-09-25/GJ_1083-20210925@185624-Eden.fits (88/193)
Storing /home/altsai/eden/LOT20210925_GJ1083_mod/GJ_1083-20210925@185738-Eden.fts -> s3://eden-data/RAW/LOT/GJ_1083/2021-09-25/GJ_1083-20210925@185738-Eden.fits (89/193)
Storing /home/altsai/eden/LOT20210925_GJ1083_mod/GJ_1083-20210925@185852-Eden.fts -> s3://eden-data/RAW/LOT/GJ_1083/2021-09-25/GJ_1083-20210925@185852-Eden.fits (90/193)
Storing /home/altsai/eden/LOT20210925_GJ1083_mod/GJ_1083-20210925@190006-Eden.fts -> s3://eden-data/RAW/LOT/GJ_1083/2021-09-25/GJ_1083-20210925@190006-Eden.fits (91/193)
Storing /home/altsai/eden/LOT20210925_GJ1083_mod/GJ_1083-20210925@190121-Eden.fts -> s3://eden-data/RAW/LOT/GJ_1083/2021-09-25/GJ_1083-20210925@190121-Eden.fits (92/193)
Storing /home/altsai/eden/LOT20210925_GJ1083_mod/GJ_1083-20210925@190236-Eden.fts -> s3://eden-data/RAW/LOT/GJ_1083/2021-09-25/GJ_1083-20210925@190236-Eden.fits (93/193)
Storing /home/altsai/eden/LOT20210925_GJ1083_mod/GJ_1083-20210925@190351-Eden.fts -> s3://eden-data/RAW/LOT/GJ_1083/2021-09-25/GJ_1083-20210925@190351-Eden.fits (94/193)
Storing /home/altsai/eden/LOT20210925_GJ1083_mod/GJ_1083-20210925@190505-Eden.fts -> s3://eden-data/RAW/LOT/GJ_1083/2021-09-25/GJ_1083-20210925@190505-Eden.fits (95/193)
Storing /home/altsai/eden/LOT20210925_GJ1083_mod/GJ_1083-20210925@190619-Eden.fts -> s3://eden-data/RAW/LOT/GJ_1083/2021-09-25/GJ_1083-20210925@190619-Eden.fits (96/193)
Storing /home/altsai/eden/LOT20210925_GJ1083_mod/GJ_1083-20210925@190734-Eden.fts -> s3://eden-data/RAW/LOT/GJ_1083/2021-09-25/GJ_1083-20210925@190734-Eden.fits (97/193)
Storing /home/altsai/eden/LOT20210925_GJ1083_mod/GJ_1083-20210925@190848-Eden.fts -> s3://eden-data/RAW/LOT/GJ_1083/2021-09-25/GJ_1083-20210925@190848-Eden.fits (98/193)
Storing /home/altsai/eden/LOT20210925_GJ1083_mod/GJ_1083-20210925@191002-Eden.fts -> s3://eden-data/RAW/LOT/GJ_1083/2021-09-25/GJ_1083-20210925@191002-Eden.fits (99/193)
Storing /home/altsai/eden/LOT20210925_GJ1083_mod/GJ_1083-20210925@191117-Eden.fts -> s3://eden-data/RAW/LOT/GJ_1083/2021-09-25/GJ_1083-20210925@191117-Eden.fits (100/193)
Storing /home/altsai/eden/LOT20210925_GJ1083_mod/GJ_1083-20210925@191232-Eden.fts -> s3://eden-data/RAW/LOT/GJ_1083/2021-09-25/GJ_1083-20210925@191232-Eden.fits (101/193)
Storing /home/altsai/eden/LOT20210925_GJ1083_mod/GJ_1083-20210925@191347-Eden.fts -> s3://eden-data/RAW/LOT/GJ_1083/2021-09-25/GJ_1083-20210925@191347-Eden.fits (102/193)
Storing /home/altsai/eden/LOT20210925_GJ1083_mod/GJ_1083-20210925@191502-Eden.fts -> s3://eden-data/RAW/LOT/GJ_1083/2021-09-25/GJ_1083-20210925@191502-Eden.fits (103/193)
Storing /home/altsai/eden/LOT20210925_GJ1083_mod/GJ_1083-20210925@191616-Eden.fts -> s3://eden-data/RAW/LOT/GJ_1083/2021-09-25/GJ_1083-20210925@191616-Eden.fits (104/193)
Storing /home/altsai/eden/LOT20210925_GJ1083_mod/GJ_1083-20210925@191731-Eden.fts -> s3://eden-data/RAW/LOT/GJ_1083/2021-09-25/GJ_1083-20210925@191731-Eden.fits (105/193)
Storing /home/altsai/eden/LOT20210925_GJ1083_mod/GJ_1083-20210925@191846-Eden.fts -> s3://eden-data/RAW/LOT/GJ_1083/2021-09-25/GJ_1083-20210925@191846-Eden.fits (106/193)
Storing /home/altsai/eden/LOT20210925_GJ1083_mod/GJ_1083-20210925@192002-Eden.fts -> s3://eden-data/RAW/LOT/GJ_1083/2021-09-25/GJ_1083-20210925@192002-Eden.fits (107/193)
Storing /home/altsai/eden/LOT20210925_GJ1083_mod/GJ_1083-20210925@192116-Eden.fts -> s3://eden-data/RAW/LOT/GJ_1083/2021-09-25/GJ_1083-20210925@192116-Eden.fits (108/193)
Storing /home/altsai/eden/LOT20210925_GJ1083_mod/GJ_1083-20210925@192231-Eden.fts -> s3://eden-data/RAW/LOT/GJ_1083/2021-09-25/GJ_1083-20210925@192231-Eden.fits (109/193)
Storing /home/altsai/eden/LOT20210925_GJ1083_mod/GJ_1083-20210925@192345-Eden.fts -> s3://eden-data/RAW/LOT/GJ_1083/2021-09-25/GJ_1083-20210925@192345-Eden.fits (110/193)
Storing /home/altsai/eden/LOT20210925_GJ1083_mod/GJ_1083-20210925@192501-Eden.fts -> s3://eden-data/RAW/LOT/GJ_1083/2021-09-25/GJ_1083-20210925@192501-Eden.fits (111/193)
Storing /home/altsai/eden/LOT20210925_GJ1083_mod/GJ_1083-20210925@192616-Eden.fts -> s3://eden-data/RAW/LOT/GJ_1083/2021-09-25/GJ_1083-20210925@192616-Eden.fits (112/193)
Storing /home/altsai/eden/LOT20210925_GJ1083_mod/GJ_1083-20210925@192732-Eden.fts -> s3://eden-data/RAW/LOT/GJ_1083/2021-09-25/GJ_1083-20210925@192732-Eden.fits (113/193)
Storing /home/altsai/eden/LOT20210925_GJ1083_mod/GJ_1083-20210925@192846-Eden.fts -> s3://eden-data/RAW/LOT/GJ_1083/2021-09-25/GJ_1083-20210925@192846-Eden.fits (114/193)
Storing /home/altsai/eden/LOT20210925_GJ1083_mod/GJ_1083-20210925@193000-Eden.fts -> s3://eden-data/RAW/LOT/GJ_1083/2021-09-25/GJ_1083-20210925@193000-Eden.fits (115/193)
Storing /home/altsai/eden/LOT20210925_GJ1083_mod/GJ_1083-20210925@193115-Eden.fts -> s3://eden-data/RAW/LOT/GJ_1083/2021-09-25/GJ_1083-20210925@193115-Eden.fits (116/193)
Storing /home/altsai/eden/LOT20210925_GJ1083_mod/GJ_1083-20210925@193229-Eden.fts -> s3://eden-data/RAW/LOT/GJ_1083/2021-09-25/GJ_1083-20210925@193229-Eden.fits (117/193)
Storing /home/altsai/eden/LOT20210925_GJ1083_mod/GJ_1083-20210925@193344-Eden.fts -> s3://eden-data/RAW/LOT/GJ_1083/2021-09-25/GJ_1083-20210925@193344-Eden.fits (118/193)
Storing /home/altsai/eden/LOT20210925_GJ1083_mod/GJ_1083-20210925@193458-Eden.fts -> s3://eden-data/RAW/LOT/GJ_1083/2021-09-25/GJ_1083-20210925@193458-Eden.fits (119/193)
Storing /home/altsai/eden/LOT20210925_GJ1083_mod/GJ_1083-20210925@193943-Eden.fts -> s3://eden-data/RAW/LOT/GJ_1083/2021-09-25/GJ_1083-20210925@193943-Eden.fits (120/193)
Storing /home/altsai/eden/LOT20210925_GJ1083_mod/GJ_1083-20210925@194059-Eden.fts -> s3://eden-data/RAW/LOT/GJ_1083/2021-09-25/GJ_1083-20210925@194059-Eden.fits (121/193)
Storing /home/altsai/eden/LOT20210925_GJ1083_mod/GJ_1083-20210925@194213-Eden.fts -> s3://eden-data/RAW/LOT/GJ_1083/2021-09-25/GJ_1083-20210925@194213-Eden.fits (122/193)
Storing /home/altsai/eden/LOT20210925_GJ1083_mod/GJ_1083-20210925@194328-Eden.fts -> s3://eden-data/RAW/LOT/GJ_1083/2021-09-25/GJ_1083-20210925@194328-Eden.fits (123/193)
Storing /home/altsai/eden/LOT20210925_GJ1083_mod/GJ_1083-20210925@194443-Eden.fts -> s3://eden-data/RAW/LOT/GJ_1083/2021-09-25/GJ_1083-20210925@194443-Eden.fits (124/193)
Storing /home/altsai/eden/LOT20210925_GJ1083_mod/GJ_1083-20210925@194557-Eden.fts -> s3://eden-data/RAW/LOT/GJ_1083/2021-09-25/GJ_1083-20210925@194557-Eden.fits (125/193)
Storing /home/altsai/eden/LOT20210925_GJ1083_mod/GJ_1083-20210925@194711-Eden.fts -> s3://eden-data/RAW/LOT/GJ_1083/2021-09-25/GJ_1083-20210925@194711-Eden.fits (126/193)
Storing /home/altsai/eden/LOT20210925_GJ1083_mod/GJ_1083-20210925@194826-Eden.fts -> s3://eden-data/RAW/LOT/GJ_1083/2021-09-25/GJ_1083-20210925@194826-Eden.fits (127/193)
Storing /home/altsai/eden/LOT20210925_GJ1083_mod/GJ_1083-20210925@194940-Eden.fts -> s3://eden-data/RAW/LOT/GJ_1083/2021-09-25/GJ_1083-20210925@194940-Eden.fits (128/193)
Storing /home/altsai/eden/LOT20210925_GJ1083_mod/GJ_1083-20210925@195055-Eden.fts -> s3://eden-data/RAW/LOT/GJ_1083/2021-09-25/GJ_1083-20210925@195055-Eden.fits (129/193)
Storing /home/altsai/eden/LOT20210925_GJ1083_mod/GJ_1083-20210925@195209-Eden.fts -> s3://eden-data/RAW/LOT/GJ_1083/2021-09-25/GJ_1083-20210925@195209-Eden.fits (130/193)
Storing /home/altsai/eden/LOT20210925_GJ1083_mod/GJ_1083-20210925@195325-Eden.fts -> s3://eden-data/RAW/LOT/GJ_1083/2021-09-25/GJ_1083-20210925@195325-Eden.fits (131/193)
Storing /home/altsai/eden/LOT20210925_GJ1083_mod/GJ_1083-20210925@195440-Eden.fts -> s3://eden-data/RAW/LOT/GJ_1083/2021-09-25/GJ_1083-20210925@195440-Eden.fits (132/193)
Storing /home/altsai/eden/LOT20210925_GJ1083_mod/GJ_1083-20210925@195554-Eden.fts -> s3://eden-data/RAW/LOT/GJ_1083/2021-09-25/GJ_1083-20210925@195554-Eden.fits (133/193)
Storing /home/altsai/eden/LOT20210925_GJ1083_mod/GJ_1083-20210925@195710-Eden.fts -> s3://eden-data/RAW/LOT/GJ_1083/2021-09-25/GJ_1083-20210925@195710-Eden.fits (134/193)
Storing /home/altsai/eden/LOT20210925_GJ1083_mod/GJ_1083-20210925@195825-Eden.fts -> s3://eden-data/RAW/LOT/GJ_1083/2021-09-25/GJ_1083-20210925@195825-Eden.fits (135/193)
Storing /home/altsai/eden/LOT20210925_GJ1083_mod/GJ_1083-20210925@195939-Eden.fts -> s3://eden-data/RAW/LOT/GJ_1083/2021-09-25/GJ_1083-20210925@195939-Eden.fits (136/193)
Storing /home/altsai/eden/LOT20210925_GJ1083_mod/GJ_1083-20210925@200054-Eden.fts -> s3://eden-data/RAW/LOT/GJ_1083/2021-09-25/GJ_1083-20210925@200054-Eden.fits (137/193)
Storing /home/altsai/eden/LOT20210925_GJ1083_mod/GJ_1083-20210925@200209-Eden.fts -> s3://eden-data/RAW/LOT/GJ_1083/2021-09-25/GJ_1083-20210925@200209-Eden.fits (138/193)
Storing /home/altsai/eden/LOT20210925_GJ1083_mod/GJ_1083-20210925@200323-Eden.fts -> s3://eden-data/RAW/LOT/GJ_1083/2021-09-25/GJ_1083-20210925@200323-Eden.fits (139/193)
Storing /home/altsai/eden/LOT20210925_GJ1083_mod/GJ_1083-20210925@200438-Eden.fts -> s3://eden-data/RAW/LOT/GJ_1083/2021-09-25/GJ_1083-20210925@200438-Eden.fits (140/193)
Storing /home/altsai/eden/LOT20210925_GJ1083_mod/GJ_1083-20210925@200552-Eden.fts -> s3://eden-data/RAW/LOT/GJ_1083/2021-09-25/GJ_1083-20210925@200552-Eden.fits (141/193)
Storing /home/altsai/eden/LOT20210925_GJ1083_mod/GJ_1083-20210925@200708-Eden.fts -> s3://eden-data/RAW/LOT/GJ_1083/2021-09-25/GJ_1083-20210925@200708-Eden.fits (142/193)
Storing /home/altsai/eden/LOT20210925_GJ1083_mod/GJ_1083-20210925@200822-Eden.fts -> s3://eden-data/RAW/LOT/GJ_1083/2021-09-25/GJ_1083-20210925@200822-Eden.fits (143/193)
Storing /home/altsai/eden/LOT20210925_GJ1083_mod/GJ_1083-20210925@200937-Eden.fts -> s3://eden-data/RAW/LOT/GJ_1083/2021-09-25/GJ_1083-20210925@200937-Eden.fits (144/193)
Storing /home/altsai/eden/LOT20210925_GJ1083_mod/GJ_1083-20210925@201053-Eden.fts -> s3://eden-data/RAW/LOT/GJ_1083/2021-09-25/GJ_1083-20210925@201053-Eden.fits (145/193)
Storing /home/altsai/eden/LOT20210925_GJ1083_mod/GJ_1083-20210925@201207-Eden.fts -> s3://eden-data/RAW/LOT/GJ_1083/2021-09-25/GJ_1083-20210925@201207-Eden.fits (146/193)
Storing /home/altsai/eden/LOT20210925_GJ1083_mod/GJ_1083-20210925@201322-Eden.fts -> s3://eden-data/RAW/LOT/GJ_1083/2021-09-25/GJ_1083-20210925@201322-Eden.fits (147/193)
Storing /home/altsai/eden/LOT20210925_GJ1083_mod/GJ_1083-20210925@201437-Eden.fts -> s3://eden-data/RAW/LOT/GJ_1083/2021-09-25/GJ_1083-20210925@201437-Eden.fits (148/193)
Storing /home/altsai/eden/LOT20210925_GJ1083_mod/GJ_1083-20210925@201552-Eden.fts -> s3://eden-data/RAW/LOT/GJ_1083/2021-09-25/GJ_1083-20210925@201552-Eden.fits (149/193)
Storing /home/altsai/eden/LOT20210925_GJ1083_mod/GJ_1083-20210925@201706-Eden.fts -> s3://eden-data/RAW/LOT/GJ_1083/2021-09-25/GJ_1083-20210925@201706-Eden.fits (150/193)
Storing /home/altsai/eden/LOT20210925_GJ1083_mod/GJ_1083-20210925@201821-Eden.fts -> s3://eden-data/RAW/LOT/GJ_1083/2021-09-25/GJ_1083-20210925@201821-Eden.fits (151/193)
Storing /home/altsai/eden/LOT20210925_GJ1083_mod/GJ_1083-20210925@201936-Eden.fts -> s3://eden-data/RAW/LOT/GJ_1083/2021-09-25/GJ_1083-20210925@201936-Eden.fits (152/193)
Storing /home/altsai/eden/LOT20210925_GJ1083_mod/GJ_1083-20210925@202050-Eden.fts -> s3://eden-data/RAW/LOT/GJ_1083/2021-09-25/GJ_1083-20210925@202050-Eden.fits (153/193)
Storing /home/altsai/eden/LOT20210925_GJ1083_mod/GJ_1083-20210925@202205-Eden.fts -> s3://eden-data/RAW/LOT/GJ_1083/2021-09-25/GJ_1083-20210925@202205-Eden.fits (154/193)
Storing /home/altsai/eden/LOT20210925_GJ1083_mod/GJ_1083-20210925@202320-Eden.fts -> s3://eden-data/RAW/LOT/GJ_1083/2021-09-25/GJ_1083-20210925@202320-Eden.fits (155/193)
Storing /home/altsai/eden/LOT20210925_GJ1083_mod/GJ_1083-20210925@202435-Eden.fts -> s3://eden-data/RAW/LOT/GJ_1083/2021-09-25/GJ_1083-20210925@202435-Eden.fits (156/193)
Storing /home/altsai/eden/LOT20210925_GJ1083_mod/GJ_1083-20210925@202550-Eden.fts -> s3://eden-data/RAW/LOT/GJ_1083/2021-09-25/GJ_1083-20210925@202550-Eden.fits (157/193)
Storing /home/altsai/eden/LOT20210925_GJ1083_mod/GJ_1083-20210925@202706-Eden.fts -> s3://eden-data/RAW/LOT/GJ_1083/2021-09-25/GJ_1083-20210925@202706-Eden.fits (158/193)
Storing /home/altsai/eden/LOT20210925_GJ1083_mod/GJ_1083-20210925@202820-Eden.fts -> s3://eden-data/RAW/LOT/GJ_1083/2021-09-25/GJ_1083-20210925@202820-Eden.fits (159/193)
Storing /home/altsai/eden/LOT20210925_GJ1083_mod/GJ_1083-20210925@202935-Eden.fts -> s3://eden-data/RAW/LOT/GJ_1083/2021-09-25/GJ_1083-20210925@202935-Eden.fits (160/193)
Storing /home/altsai/eden/LOT20210925_GJ1083_mod/GJ_1083-20210925@203049-Eden.fts -> s3://eden-data/RAW/LOT/GJ_1083/2021-09-25/GJ_1083-20210925@203049-Eden.fits (161/193)
Storing /home/altsai/eden/LOT20210925_GJ1083_mod/GJ_1083-20210925@203204-Eden.fts -> s3://eden-data/RAW/LOT/GJ_1083/2021-09-25/GJ_1083-20210925@203204-Eden.fits (162/193)
Storing /home/altsai/eden/LOT20210925_GJ1083_mod/GJ_1083-20210925@203318-Eden.fts -> s3://eden-data/RAW/LOT/GJ_1083/2021-09-25/GJ_1083-20210925@203318-Eden.fits (163/193)
Storing /home/altsai/eden/LOT20210925_GJ1083_mod/GJ_1083-20210925@203433-Eden.fts -> s3://eden-data/RAW/LOT/GJ_1083/2021-09-25/GJ_1083-20210925@203433-Eden.fits (164/193)
Storing /home/altsai/eden/LOT20210925_GJ1083_mod/GJ_1083-20210925@203547-Eden.fts -> s3://eden-data/RAW/LOT/GJ_1083/2021-09-25/GJ_1083-20210925@203547-Eden.fits (165/193)
Storing /home/altsai/eden/LOT20210925_GJ1083_mod/GJ_1083-20210925@203702-Eden.fts -> s3://eden-data/RAW/LOT/GJ_1083/2021-09-25/GJ_1083-20210925@203702-Eden.fits (166/193)
Storing /home/altsai/eden/LOT20210925_GJ1083_mod/GJ_1083-20210925@203817-Eden.fts -> s3://eden-data/RAW/LOT/GJ_1083/2021-09-25/GJ_1083-20210925@203817-Eden.fits (167/193)
Storing /home/altsai/eden/LOT20210925_GJ1083_mod/GJ_1083-20210925@203932-Eden.fts -> s3://eden-data/RAW/LOT/GJ_1083/2021-09-25/GJ_1083-20210925@203932-Eden.fits (168/193)
Storing /home/altsai/eden/LOT20210925_GJ1083_mod/GJ_1083-20210925@204047-Eden.fts -> s3://eden-data/RAW/LOT/GJ_1083/2021-09-25/GJ_1083-20210925@204047-Eden.fits (169/193)
Storing /home/altsai/eden/LOT20210925_GJ1083_mod/GJ_1083-20210925@204201-Eden.fts -> s3://eden-data/RAW/LOT/GJ_1083/2021-09-25/GJ_1083-20210925@204201-Eden.fits (170/193)
Storing /home/altsai/eden/LOT20210925_GJ1083_mod/GJ_1083-20210925@204316-Eden.fts -> s3://eden-data/RAW/LOT/GJ_1083/2021-09-25/GJ_1083-20210925@204316-Eden.fits (171/193)
Storing /home/altsai/eden/LOT20210925_GJ1083_mod/GJ_1083-20210925@204431-Eden.fts -> s3://eden-data/RAW/LOT/GJ_1083/2021-09-25/GJ_1083-20210925@204431-Eden.fits (172/193)
Storing /home/altsai/eden/LOT20210925_GJ1083_mod/GJ_1083-20210925@204544-Eden.fts -> s3://eden-data/RAW/LOT/GJ_1083/2021-09-25/GJ_1083-20210925@204544-Eden.fits (173/193)
Storing /home/altsai/eden/LOT20210925_GJ1083_mod/GJ_1083-20210925@204659-Eden.fts -> s3://eden-data/RAW/LOT/GJ_1083/2021-09-25/GJ_1083-20210925@204659-Eden.fits (174/193)
Storing /home/altsai/eden/LOT20210925_GJ1083_mod/GJ_1083-20210925@204813-Eden.fts -> s3://eden-data/RAW/LOT/GJ_1083/2021-09-25/GJ_1083-20210925@204813-Eden.fits (175/193)
Storing /home/altsai/eden/LOT20210925_GJ1083_mod/GJ_1083-20210925@204928-Eden.fts -> s3://eden-data/RAW/LOT/GJ_1083/2021-09-25/GJ_1083-20210925@204928-Eden.fits (176/193)
Storing /home/altsai/eden/LOT20210925_GJ1083_mod/GJ_1083-20210925@205042-Eden.fts -> s3://eden-data/RAW/LOT/GJ_1083/2021-09-25/GJ_1083-20210925@205042-Eden.fits (177/193)
Storing /home/altsai/eden/LOT20210925_GJ1083_mod/GJ_1083-20210925@205158-Eden.fts -> s3://eden-data/RAW/LOT/GJ_1083/2021-09-25/GJ_1083-20210925@205158-Eden.fits (178/193)
Storing /home/altsai/eden/LOT20210925_GJ1083_mod/GJ_1083-20210925@205312-Eden.fts -> s3://eden-data/RAW/LOT/GJ_1083/2021-09-25/GJ_1083-20210925@205312-Eden.fits (179/193)
Storing /home/altsai/eden/LOT20210925_GJ1083_mod/GJ_1083-20210925@205426-Eden.fts -> s3://eden-data/RAW/LOT/GJ_1083/2021-09-25/GJ_1083-20210925@205426-Eden.fits (180/193)
Storing /home/altsai/eden/LOT20210925_GJ1083_mod/GJ_1083-20210925@205541-Eden.fts -> s3://eden-data/RAW/LOT/GJ_1083/2021-09-25/GJ_1083-20210925@205541-Eden.fits (181/193)
Storing /home/altsai/eden/LOT20210925_GJ1083_mod/GJ_1083-20210925@205656-Eden.fts -> s3://eden-data/RAW/LOT/GJ_1083/2021-09-25/GJ_1083-20210925@205656-Eden.fits (182/193)
Storing /home/altsai/eden/LOT20210925_GJ1083_mod/GJ_1083-20210925@205812-Eden.fts -> s3://eden-data/RAW/LOT/GJ_1083/2021-09-25/GJ_1083-20210925@205812-Eden.fits (183/193)
Storing /home/altsai/eden/LOT20210925_GJ1083_mod/GJ_1083-20210925@205928-Eden.fts -> s3://eden-data/RAW/LOT/GJ_1083/2021-09-25/GJ_1083-20210925@205928-Eden.fits (184/193)
Storing /home/altsai/eden/LOT20210925_GJ1083_mod/GJ_1083-20210925@210043-Eden.fts -> s3://eden-data/RAW/LOT/GJ_1083/2021-09-25/GJ_1083-20210925@210043-Eden.fits (185/193)
Storing /home/altsai/eden/LOT20210925_GJ1083_mod/GJ_1083-20210925@210159-Eden.fts -> s3://eden-data/RAW/LOT/GJ_1083/2021-09-25/GJ_1083-20210925@210159-Eden.fits (186/193)
Storing /home/altsai/eden/LOT20210925_GJ1083_mod/GJ_1083-20210925@210314-Eden.fts -> s3://eden-data/RAW/LOT/GJ_1083/2021-09-25/GJ_1083-20210925@210314-Eden.fits (187/193)
Storing /home/altsai/eden/LOT20210925_GJ1083_mod/GJ_1083-20210925@210429-Eden.fts -> s3://eden-data/RAW/LOT/GJ_1083/2021-09-25/GJ_1083-20210925@210429-Eden.fits (188/193)
Storing /home/altsai/eden/LOT20210925_GJ1083_mod/GJ_1083-20210925@210544-Eden.fts -> s3://eden-data/RAW/LOT/GJ_1083/2021-09-25/GJ_1083-20210925@210544-Eden.fits (189/193)
Storing /home/altsai/eden/LOT20210925_GJ1083_mod/GJ_1083-20210925@210658-Eden.fts -> s3://eden-data/RAW/LOT/GJ_1083/2021-09-25/GJ_1083-20210925@210658-Eden.fits (190/193)
Storing /home/altsai/eden/LOT20210925_GJ1083_mod/GJ_1083-20210925@210814-Eden.fts -> s3://eden-data/RAW/LOT/GJ_1083/2021-09-25/GJ_1083-20210925@210814-Eden.fits (191/193)
Storing /home/altsai/eden/LOT20210925_GJ1083_mod/GJ_1083-20210925@210931-Eden.fts -> s3://eden-data/RAW/LOT/GJ_1083/2021-09-25/GJ_1083-20210925@210931-Eden.fits (192/193)
Storing /home/altsai/eden/LOT20210925_GJ1083_mod/GJ_1083-20210925@211046-Eden.fts -> s3://eden-data/RAW/LOT/GJ_1083/2021-09-25/GJ_1083-20210925@211046-Eden.fits (193/193)

Upload complete!
Stored: 193 files (1.6 GB)
