-----------------
input parameters
-----------------
['modify_header_name_eden.py', 'LOT20200920_no_eden', '20']
Your will modify header for: LP_229-30 [RA] 18 43 22.1255 [Dec] +40 40 21.3389 [Filter] GG495
---------------
folder: LOT20200920_no_eden
will update fits in: LOT20200920_no_eden_mod
 ---------------------------
 Exame Fits Header for Bias
 ---------------------------
find ./LOT20200920_no_eden/bias-dark/ | grep 'fits\|fts'|sort 
found 80 Bias/Dark
1/80 Bias-20200920@213905-000S.fts [TYPE] BIAS [EXPTIME] 0.0
2/80 Bias-20200920@213915-000S.fts [TYPE] BIAS [EXPTIME] 0.0
3/80 Bias-20200920@213922-000S.fts [TYPE] BIAS [EXPTIME] 0.0
4/80 Bias-20200920@213929-000S.fts [TYPE] BIAS [EXPTIME] 0.0
5/80 Bias-20200920@213936-000S.fts [TYPE] BIAS [EXPTIME] 0.0
6/80 Bias-20200920@213943-000S.fts [TYPE] BIAS [EXPTIME] 0.0
7/80 Bias-20200920@213951-000S.fts [TYPE] BIAS [EXPTIME] 0.0
8/80 Bias-20200920@213958-000S.fts [TYPE] BIAS [EXPTIME] 0.0
9/80 Bias-20200920@214005-000S.fts [TYPE] BIAS [EXPTIME] 0.0
10/80 Bias-20200920@214012-000S.fts [TYPE] BIAS [EXPTIME] 0.0
11/80 Dark-20200920@214019-005S.fts [TYPE] DARK [EXPTIME] 5.0
12/80 Dark-20200920@214031-005S.fts [TYPE] DARK [EXPTIME] 5.0
13/80 Dark-20200920@214043-005S.fts [TYPE] DARK [EXPTIME] 5.0
14/80 Dark-20200920@214054-005S.fts [TYPE] DARK [EXPTIME] 5.0
15/80 Dark-20200920@214106-005S.fts [TYPE] DARK [EXPTIME] 5.0
16/80 Dark-20200920@214117-005S.fts [TYPE] DARK [EXPTIME] 5.0
17/80 Dark-20200920@214129-005S.fts [TYPE] DARK [EXPTIME] 5.0
18/80 Dark-20200920@214141-005S.fts [TYPE] DARK [EXPTIME] 5.0
19/80 Dark-20200920@214153-005S.fts [TYPE] DARK [EXPTIME] 5.0
20/80 Dark-20200920@214205-005S.fts [TYPE] DARK [EXPTIME] 5.0
21/80 Dark-20200920@214218-120S.fts [TYPE] DARK [EXPTIME] 120.0
22/80 Dark-20200920@214425-120S.fts [TYPE] DARK [EXPTIME] 120.0
23/80 Dark-20200920@214633-120S.fts [TYPE] DARK [EXPTIME] 120.0
24/80 Dark-20200920@214839-120S.fts [TYPE] DARK [EXPTIME] 120.0
25/80 Dark-20200920@215047-120S.fts [TYPE] DARK [EXPTIME] 120.0
26/80 Dark-20200920@215254-120S.fts [TYPE] DARK [EXPTIME] 120.0
27/80 Dark-20200920@215501-120S.fts [TYPE] DARK [EXPTIME] 120.0
28/80 Dark-20200920@215707-120S.fts [TYPE] DARK [EXPTIME] 120.0
29/80 Dark-20200920@215915-120S.fts [TYPE] DARK [EXPTIME] 120.0
30/80 Dark-20200920@220122-120S.fts [TYPE] DARK [EXPTIME] 120.0
31/80 Dark-20200920@220329-180S.fts [TYPE] DARK [EXPTIME] 180.0
32/80 Dark-20200920@220636-180S.fts [TYPE] DARK [EXPTIME] 180.0
33/80 Dark-20200920@220942-180S.fts [TYPE] DARK [EXPTIME] 180.0
34/80 Dark-20200920@221249-180S.fts [TYPE] DARK [EXPTIME] 180.0
35/80 Dark-20200920@221556-180S.fts [TYPE] DARK [EXPTIME] 180.0
36/80 Dark-20200920@221903-180S.fts [TYPE] DARK [EXPTIME] 180.0
37/80 Dark-20200920@222210-180S.fts [TYPE] DARK [EXPTIME] 180.0
38/80 Dark-20200920@222517-180S.fts [TYPE] DARK [EXPTIME] 180.0
39/80 Dark-20200920@222824-180S.fts [TYPE] DARK [EXPTIME] 180.0
40/80 Dark-20200920@223131-180S.fts [TYPE] DARK [EXPTIME] 180.0
41/80 Dark-20200920@223440-240S.fts [TYPE] DARK [EXPTIME] 240.0
42/80 Dark-20200920@223847-240S.fts [TYPE] DARK [EXPTIME] 240.0
43/80 Dark-20200920@224253-240S.fts [TYPE] DARK [EXPTIME] 240.0
44/80 Dark-20200920@224701-240S.fts [TYPE] DARK [EXPTIME] 240.0
45/80 Dark-20200920@225107-240S.fts [TYPE] DARK [EXPTIME] 240.0
46/80 Dark-20200920@225515-240S.fts [TYPE] DARK [EXPTIME] 240.0
47/80 Dark-20200920@225922-240S.fts [TYPE] DARK [EXPTIME] 240.0
48/80 Dark-20200920@230329-240S.fts [TYPE] DARK [EXPTIME] 240.0
49/80 Dark-20200920@230736-240S.fts [TYPE] DARK [EXPTIME] 240.0
50/80 Dark-20200920@231143-240S.fts [TYPE] DARK [EXPTIME] 240.0
51/80 Dark-20200920@231551-300S.fts [TYPE] DARK [EXPTIME] 300.0
52/80 Dark-20200920@232058-300S.fts [TYPE] DARK [EXPTIME] 300.0
53/80 Dark-20200920@232605-300S.fts [TYPE] DARK [EXPTIME] 300.0
54/80 Dark-20200920@233112-300S.fts [TYPE] DARK [EXPTIME] 300.0
55/80 Dark-20200920@233619-300S.fts [TYPE] DARK [EXPTIME] 300.0
56/80 Dark-20200920@234126-300S.fts [TYPE] DARK [EXPTIME] 300.0
57/80 Dark-20200920@234633-300S.fts [TYPE] DARK [EXPTIME] 300.0
58/80 Dark-20200920@235139-300S.fts [TYPE] DARK [EXPTIME] 300.0
59/80 Dark-20200920@235646-300S.fts [TYPE] DARK [EXPTIME] 300.0
60/80 Dark-20200921@000153-300S.fts [TYPE] DARK [EXPTIME] 300.0
61/80 Dark-20200921@000701-360S.fts [TYPE] DARK [EXPTIME] 360.0
62/80 Dark-20200921@001307-360S.fts [TYPE] DARK [EXPTIME] 360.0
63/80 Dark-20200921@001915-360S.fts [TYPE] DARK [EXPTIME] 360.0
64/80 Dark-20200921@002522-360S.fts [TYPE] DARK [EXPTIME] 360.0
65/80 Dark-20200921@003128-360S.fts [TYPE] DARK [EXPTIME] 360.0
66/80 Dark-20200921@003735-360S.fts [TYPE] DARK [EXPTIME] 360.0
67/80 Dark-20200921@004343-360S.fts [TYPE] DARK [EXPTIME] 360.0
68/80 Dark-20200921@004950-360S.fts [TYPE] DARK [EXPTIME] 360.0
69/80 Dark-20200921@005557-360S.fts [TYPE] DARK [EXPTIME] 360.0
70/80 Dark-20200921@010203-360S.fts [TYPE] DARK [EXPTIME] 360.0
71/80 Dark-20200921@010812-480S.fts [TYPE] DARK [EXPTIME] 480.0
72/80 Dark-20200921@011618-480S.fts [TYPE] DARK [EXPTIME] 480.0
73/80 Dark-20200921@012425-480S.fts [TYPE] DARK [EXPTIME] 480.0
74/80 Dark-20200921@013232-480S.fts [TYPE] DARK [EXPTIME] 480.0
75/80 Dark-20200921@014039-480S.fts [TYPE] DARK [EXPTIME] 480.0
76/80 Dark-20200921@014846-480S.fts [TYPE] DARK [EXPTIME] 480.0
77/80 Dark-20200921@015654-480S.fts [TYPE] DARK [EXPTIME] 480.0
78/80 Dark-20200921@020500-480S.fts [TYPE] DARK [EXPTIME] 480.0
79/80 Dark-20200921@021307-480S.fts [TYPE] DARK [EXPTIME] 480.0
80/80 Dark-20200921@022114-480S.fts [TYPE] DARK [EXPTIME] 480.0
 ---------------------------
 Exame Fits Header for Flat
 ---------------------------
find ./LOT20200920_no_eden/ | grep flat/ | grep -E 'fits|fts'|sort -t'-' -k2.4,2.6 
found 58 Flat
1/58 202000920_skyflat-001B.fits [TYPE] FLAT [EXPTIME] 5.0 [FIL] B_319144
2/58 202000920_skyflat-002B.fits [TYPE] FLAT [EXPTIME] 5.0 [FIL] B_319144
3/58 202000920_skyflat-003B.fits [TYPE] FLAT [EXPTIME] 5.0 [FIL] B_319144
4/58 202000920_skyflat-004B.fits [TYPE] FLAT [EXPTIME] 5.0 [FIL] B_319144
5/58 202000920_skyflat-005B.fits [TYPE] FLAT [EXPTIME] 5.0 [FIL] B_319144
6/58 202000920_skyflat-001eden.fits [TYPE] FLAT [EXPTIME] 5.0 [FIL] GG495
7/58 202000920_skyflat-002eden.fits [TYPE] FLAT [EXPTIME] 5.0 [FIL] GG495
8/58 202000920_skyflat-003eden.fits [TYPE] FLAT [EXPTIME] 5.0 [FIL] GG495
9/58 202000920_skyflat-004eden.fits [TYPE] FLAT [EXPTIME] 5.0 [FIL] GG495
10/58 202000920_skyflat-005eden.fits [TYPE] FLAT [EXPTIME] 5.0 [FIL] GG495
11/58 202000920_skyflat-006eden.fits [TYPE] FLAT [EXPTIME] 5.0 [FIL] GG495
12/58 202000920_skyflat-007eden.fits [TYPE] FLAT [EXPTIME] 5.0 [FIL] GG495
13/58 202000920_skyflat-008eden.fits [TYPE] FLAT [EXPTIME] 5.0 [FIL] GG495
14/58 202000920_skyflat-009eden.fits [TYPE] FLAT [EXPTIME] 5.0 [FIL] GG495
15/58 202000920_skyflat-010eden.fits [TYPE] FLAT [EXPTIME] 5.0 [FIL] GG495
16/58 202000920_skyflat-001gp.fits [TYPE] FLAT [EXPTIME] 5.0 [FIL] gp_Astrodon_2019
17/58 202000920_skyflat-002gp.fits [TYPE] FLAT [EXPTIME] 5.0 [FIL] gp_Astrodon_2019
18/58 202000920_skyflat-003gp.fits [TYPE] FLAT [EXPTIME] 5.0 [FIL] gp_Astrodon_2019
19/58 202000920_skyflat-004gp.fits [TYPE] FLAT [EXPTIME] 5.0 [FIL] gp_Astrodon_2019
20/58 202000920_skyflat-005gp.fits [TYPE] FLAT [EXPTIME] 5.0 [FIL] gp_Astrodon_2019
21/58 202000920_skyflat-006gp.fits [TYPE] FLAT [EXPTIME] 5.0 [FIL] gp_Astrodon_2019
22/58 202000920_skyflat-007gp.fits [TYPE] FLAT [EXPTIME] 5.0 [FIL] gp_Astrodon_2019
23/58 202000920_skyflat-008gp.fits [TYPE] FLAT [EXPTIME] 5.0 [FIL] gp_Astrodon_2019
24/58 202000920_skyflat-009gp.fits [TYPE] FLAT [EXPTIME] 5.0 [FIL] gp_Astrodon_2019
25/58 202000920_skyflat-010gp.fits [TYPE] FLAT [EXPTIME] 5.0 [FIL] gp_Astrodon_2019
26/58 202000920_skyflat-001I.fits [TYPE] FLAT [EXPTIME] 5.0 [FIL] I_10349
27/58 202000920_skyflat-002I.fits [TYPE] FLAT [EXPTIME] 5.0 [FIL] I_10349
28/58 202000920_skyflat-003I.fits [TYPE] FLAT [EXPTIME] 5.0 [FIL] I_10349
29/58 202000920_skyflat-004I.fits [TYPE] FLAT [EXPTIME] 5.0 [FIL] I_10349
30/58 202000920_skyflat-005I.fits [TYPE] FLAT [EXPTIME] 5.0 [FIL] I_10349
31/58 202000920_skyflat-001ip.fits [TYPE] FLAT [EXPTIME] 5.0 [FIL] ip_Astrodon_2019
32/58 202000920_skyflat-002ip.fits [TYPE] FLAT [EXPTIME] 5.0 [FIL] ip_Astrodon_2019
33/58 202000920_skyflat-003ip.fits [TYPE] FLAT [EXPTIME] 5.0 [FIL] ip_Astrodon_2019
34/58 202000920_skyflat-004ip.fits [TYPE] FLAT [EXPTIME] 5.0 [FIL] ip_Astrodon_2019
35/58 202000920_skyflat-005ip.fits [TYPE] FLAT [EXPTIME] 5.0 [FIL] ip_Astrodon_2019
36/58 202000920_skyflat-001R.fits [TYPE] FLAT [EXPTIME] 5.0 [FIL] R_10349
37/58 202000920_skyflat-002R.fits [TYPE] FLAT [EXPTIME] 5.0 [FIL] R_10349
38/58 202000920_skyflat-003R.fits [TYPE] FLAT [EXPTIME] 5.0 [FIL] R_10349
39/58 202000920_skyflat-004R.fits [TYPE] FLAT [EXPTIME] 5.0 [FIL] R_10349
40/58 202000920_skyflat-005R.fits [TYPE] FLAT [EXPTIME] 5.0 [FIL] R_10349
41/58 202000920_skyflat-001rp.fits [TYPE] FLAT [EXPTIME] 5.0 [FIL] rp_Astrodon_2019
42/58 202000920_skyflat-002rp.fits [TYPE] FLAT [EXPTIME] 5.0 [FIL] rp_Astrodon_2019
43/58 202000920_skyflat-003rp.fits [TYPE] FLAT [EXPTIME] 5.0 [FIL] rp_Astrodon_2019
44/58 202000920_skyflat-004rp.fits [TYPE] FLAT [EXPTIME] 5.0 [FIL] rp_Astrodon_2019
45/58 202000920_skyflat-005rp.fits [TYPE] FLAT [EXPTIME] 5.0 [FIL] rp_Astrodon_2019
46/58 202000920_skyflat-006rp.fits [TYPE] FLAT [EXPTIME] 5.0 [FIL] rp_Astrodon_2019
47/58 202000920_skyflat-007rp.fits [TYPE] FLAT [EXPTIME] 5.0 [FIL] rp_Astrodon_2019
48/58 202000920_skyflat-008rp.fits [TYPE] FLAT [EXPTIME] 5.0 [FIL] rp_Astrodon_2019
49/58 202000920_skyflat-001V.fits [TYPE] FLAT [EXPTIME] 5.0 [FIL] V_319142
50/58 202000920_skyflat-002V.fits [TYPE] FLAT [EXPTIME] 5.0 [FIL] V_319142
51/58 202000920_skyflat-003V.fits [TYPE] FLAT [EXPTIME] 5.0 [FIL] V_319142
52/58 202000920_skyflat-004V.fits [TYPE] FLAT [EXPTIME] 5.0 [FIL] V_319142
53/58 202000920_skyflat-005V.fits [TYPE] FLAT [EXPTIME] 5.0 [FIL] V_319142
54/58 202000920_skyflat-001zp.fits [TYPE] FLAT [EXPTIME] 5.0 [FIL] zp_Astrodon_2019
55/58 202000920_skyflat-002zp.fits [TYPE] FLAT [EXPTIME] 5.0 [FIL] zp_Astrodon_2019
56/58 202000920_skyflat-003zp.fits [TYPE] FLAT [EXPTIME] 5.0 [FIL] zp_Astrodon_2019
57/58 202000920_skyflat-004zp.fits [TYPE] FLAT [EXPTIME] 5.0 [FIL] zp_Astrodon_2019
58/58 202000920_skyflat-005zp.fits [TYPE] FLAT [EXPTIME] 5.0 [FIL] zp_Astrodon_2019
 ---------------------------
 Exame Fits Header for Additional Dark for Flat
 ---------------------------
find ./LOT20200920_no_eden/ | grep flat/ |grep dark| grep -E 'fits|fts'|sort -t'-' -k2.4,2.6 
found 0 Additional Dark for Flat
no additional dark for flat in ./flat/
 ---------------------------
 Modify filename for Science Target
 ---------------------------
... update header ...
... write log file to LOT20200920_no_eden_mod.log ...
... finish ...
