-----------------
input parameters
-----------------
['modify_header_eden.py', 'LOT20200227-LSPM_J1055+0808', '12']
Your will modify header for: LSPM_J1055+0808 [RA] 10 55 47.3424 [Dec] +08 08 42.9329 [Filter] GG495
---------------
folder: LOT20200227-LSPM_J1055+0808
will update fits in: LOT20200227-LSPM_J1055+0808_mod
 ---------------------------
 Exame Fits Header for Bias
 ---------------------------
find ./LOT20200227-LSPM_J1055+0808/bias-dark/ | grep 'fits\|fts'|sort 
found 20 Bias/Dark
1/20 Bias-20200227@211214-000S.fts [TYPE] BIAS [EXPTIME] 0.0
2/20 Bias-20200227@211223-000S.fts [TYPE] BIAS [EXPTIME] 0.0
3/20 Bias-20200227@211230-000S.fts [TYPE] BIAS [EXPTIME] 0.0
4/20 Bias-20200227@211237-000S.fts [TYPE] BIAS [EXPTIME] 0.0
5/20 Bias-20200227@211244-000S.fts [TYPE] BIAS [EXPTIME] 0.0
6/20 Bias-20200227@211251-000S.fts [TYPE] BIAS [EXPTIME] 0.0
7/20 Bias-20200227@211258-000S.fts [TYPE] BIAS [EXPTIME] 0.0
8/20 Bias-20200227@211306-000S.fts [TYPE] BIAS [EXPTIME] 0.0
9/20 Bias-20200227@211313-000S.fts [TYPE] BIAS [EXPTIME] 0.0
10/20 Bias-20200227@211319-000S.fts [TYPE] BIAS [EXPTIME] 0.0
11/20 Dark-20200227@211328-060S.fts [TYPE] DARK [EXPTIME] 60.0
12/20 Dark-20200227@211435-060S.fts [TYPE] DARK [EXPTIME] 60.0
13/20 Dark-20200227@211542-060S.fts [TYPE] DARK [EXPTIME] 60.0
14/20 Dark-20200227@211649-060S.fts [TYPE] DARK [EXPTIME] 60.0
15/20 Dark-20200227@211755-060S.fts [TYPE] DARK [EXPTIME] 60.0
16/20 Dark-20200227@211902-060S.fts [TYPE] DARK [EXPTIME] 60.0
17/20 Dark-20200227@212009-060S.fts [TYPE] DARK [EXPTIME] 60.0
18/20 Dark-20200227@212116-060S.fts [TYPE] DARK [EXPTIME] 60.0
19/20 Dark-20200227@212223-060S.fts [TYPE] DARK [EXPTIME] 60.0
20/20 Dark-20200227@212330-060S.fts [TYPE] DARK [EXPTIME] 60.0
 ---------------------------
 Exame Fits Header for Flat
 ---------------------------
find ./LOT20200227-LSPM_J1055+0808/ | grep flat/ |grep eden| grep -E 'fits|fts'|sort -t'-' -k2.4,2.6 
found 0 Flat
no files in ./flat/
 ---------------------------
 Update Fits Header for Science Target
 ---------------------------
find ./LOT20200227-LSPM_J1055+0808/wchen/ | cut -d / -f1-4| grep 'fits\|fts'  |sort -t'@' -k2
found 232 Target

... update header ...
1/232 LSPM_J1055+0808-20200227@160429-Eden.fts [TYPE] LIGHT [OBJ] LSPM_J1055+0808 [RA] 10 55 47.3424 [Dec] +08 08 42.9329 [FIL] GG495 [EXPTIME] 60.0 [Date] 2020-02-27T16:04:41 [Time] 16:04:41
2/232 LSPM_J1055+0808-20200227@161507-Eden.fts [TYPE] LIGHT [OBJ] LSPM_J1055+0808 [RA] 10 55 47.3424 [Dec] +08 08 42.9329 [FIL] GG495 [EXPTIME] 60.0 [Date] 2020-02-27T16:15:19 [Time] 16:15:19
3/232 LSPM_J1055+0808-20200227@161632-Eden.fts [TYPE] LIGHT [OBJ] LSPM_J1055+0808 [RA] 10 55 47.3424 [Dec] +08 08 42.9329 [FIL] GG495 [EXPTIME] 60.0 [Date] 2020-02-27T16:16:34 [Time] 16:16:34
4/232 LSPM_J1055+0808-20200227@161749-Eden.fts [TYPE] LIGHT [OBJ] LSPM_J1055+0808 [RA] 10 55 47.3424 [Dec] +08 08 42.9329 [FIL] GG495 [EXPTIME] 60.0 [Date] 2020-02-27T16:17:49 [Time] 16:17:49
5/232 LSPM_J1055+0808-20200227@161904-Eden.fts [TYPE] LIGHT [OBJ] LSPM_J1055+0808 [RA] 10 55 47.3424 [Dec] +08 08 42.9329 [FIL] GG495 [EXPTIME] 60.0 [Date] 2020-02-27T16:19:04 [Time] 16:19:04
6/232 LSPM_J1055+0808-20200227@162019-Eden.fts [TYPE] LIGHT [OBJ] LSPM_J1055+0808 [RA] 10 55 47.3424 [Dec] +08 08 42.9329 [FIL] GG495 [EXPTIME] 60.0 [Date] 2020-02-27T16:20:19 [Time] 16:20:19
7/232 LSPM_J1055+0808-20200227@162132-Eden.fts [TYPE] LIGHT [OBJ] LSPM_J1055+0808 [RA] 10 55 47.3424 [Dec] +08 08 42.9329 [FIL] GG495 [EXPTIME] 60.0 [Date] 2020-02-27T16:21:33 [Time] 16:21:33
8/232 LSPM_J1055+0808-20200227@162249-Eden.fts [TYPE] LIGHT [OBJ] LSPM_J1055+0808 [RA] 10 55 47.3424 [Dec] +08 08 42.9329 [FIL] GG495 [EXPTIME] 60.0 [Date] 2020-02-27T16:22:49 [Time] 16:22:49
9/232 LSPM_J1055+0808-20200227@162404-Eden.fts [TYPE] LIGHT [OBJ] LSPM_J1055+0808 [RA] 10 55 47.3424 [Dec] +08 08 42.9329 [FIL] GG495 [EXPTIME] 60.0 [Date] 2020-02-27T16:24:05 [Time] 16:24:05
10/232 LSPM_J1055+0808-20200227@162519-Eden.fts [TYPE] LIGHT [OBJ] LSPM_J1055+0808 [RA] 10 55 47.3424 [Dec] +08 08 42.9329 [FIL] GG495 [EXPTIME] 60.0 [Date] 2020-02-27T16:25:20 [Time] 16:25:20
11/232 LSPM_J1055+0808-20200227@162633-Eden.fts [TYPE] LIGHT [OBJ] LSPM_J1055+0808 [RA] 10 55 47.3424 [Dec] +08 08 42.9329 [FIL] GG495 [EXPTIME] 60.0 [Date] 2020-02-27T16:26:33 [Time] 16:26:33
12/232 LSPM_J1055+0808-20200227@162747-Eden.fts [TYPE] LIGHT [OBJ] LSPM_J1055+0808 [RA] 10 55 47.3424 [Dec] +08 08 42.9329 [FIL] GG495 [EXPTIME] 60.0 [Date] 2020-02-27T16:27:48 [Time] 16:27:48
13/232 LSPM_J1055+0808-20200227@162902-Eden.fts [TYPE] LIGHT [OBJ] LSPM_J1055+0808 [RA] 10 55 47.3424 [Dec] +08 08 42.9329 [FIL] GG495 [EXPTIME] 60.0 [Date] 2020-02-27T16:29:02 [Time] 16:29:02
14/232 LSPM_J1055+0808-20200227@163016-Eden.fts [TYPE] LIGHT [OBJ] LSPM_J1055+0808 [RA] 10 55 47.3424 [Dec] +08 08 42.9329 [FIL] GG495 [EXPTIME] 60.0 [Date] 2020-02-27T16:30:17 [Time] 16:30:17
15/232 LSPM_J1055+0808-20200227@163131-Eden.fts [TYPE] LIGHT [OBJ] LSPM_J1055+0808 [RA] 10 55 47.3424 [Dec] +08 08 42.9329 [FIL] GG495 [EXPTIME] 60.0 [Date] 2020-02-27T16:31:31 [Time] 16:31:31
16/232 LSPM_J1055+0808-20200227@163246-Eden.fts [TYPE] LIGHT [OBJ] LSPM_J1055+0808 [RA] 10 55 47.3424 [Dec] +08 08 42.9329 [FIL] GG495 [EXPTIME] 60.0 [Date] 2020-02-27T16:32:47 [Time] 16:32:47
17/232 LSPM_J1055+0808-20200227@163401-Eden.fts [TYPE] LIGHT [OBJ] LSPM_J1055+0808 [RA] 10 55 47.3424 [Dec] +08 08 42.9329 [FIL] GG495 [EXPTIME] 60.0 [Date] 2020-02-27T16:34:02 [Time] 16:34:02
18/232 LSPM_J1055+0808-20200227@163515-Eden.fts [TYPE] LIGHT [OBJ] LSPM_J1055+0808 [RA] 10 55 47.3424 [Dec] +08 08 42.9329 [FIL] GG495 [EXPTIME] 60.0 [Date] 2020-02-27T16:35:16 [Time] 16:35:16
19/232 LSPM_J1055+0808-20200227@163630-Eden.fts [TYPE] LIGHT [OBJ] LSPM_J1055+0808 [RA] 10 55 47.3424 [Dec] +08 08 42.9329 [FIL] GG495 [EXPTIME] 60.0 [Date] 2020-02-27T16:36:31 [Time] 16:36:31
20/232 LSPM_J1055+0808-20200227@163745-Eden.fts [TYPE] LIGHT [OBJ] LSPM_J1055+0808 [RA] 10 55 47.3424 [Dec] +08 08 42.9329 [FIL] GG495 [EXPTIME] 60.0 [Date] 2020-02-27T16:37:45 [Time] 16:37:45
21/232 LSPM_J1055+0808-20200227@163859-Eden.fts [TYPE] LIGHT [OBJ] LSPM_J1055+0808 [RA] 10 55 47.3424 [Dec] +08 08 42.9329 [FIL] GG495 [EXPTIME] 60.0 [Date] 2020-02-27T16:39:00 [Time] 16:39:00
22/232 LSPM_J1055+0808-20200227@164014-Eden.fts [TYPE] LIGHT [OBJ] LSPM_J1055+0808 [RA] 10 55 47.3424 [Dec] +08 08 42.9329 [FIL] GG495 [EXPTIME] 60.0 [Date] 2020-02-27T16:40:14 [Time] 16:40:14
23/232 LSPM_J1055+0808-20200227@164129-Eden.fts [TYPE] LIGHT [OBJ] LSPM_J1055+0808 [RA] 10 55 47.3424 [Dec] +08 08 42.9329 [FIL] GG495 [EXPTIME] 60.0 [Date] 2020-02-27T16:41:30 [Time] 16:41:30
24/232 LSPM_J1055+0808-20200227@164243-Eden.fts [TYPE] LIGHT [OBJ] LSPM_J1055+0808 [RA] 10 55 47.3424 [Dec] +08 08 42.9329 [FIL] GG495 [EXPTIME] 60.0 [Date] 2020-02-27T16:42:44 [Time] 16:42:44
25/232 LSPM_J1055+0808-20200227@164359-Eden.fts [TYPE] LIGHT [OBJ] LSPM_J1055+0808 [RA] 10 55 47.3424 [Dec] +08 08 42.9329 [FIL] GG495 [EXPTIME] 60.0 [Date] 2020-02-27T16:43:59 [Time] 16:43:59
26/232 LSPM_J1055+0808-20200227@164514-Eden.fts [TYPE] LIGHT [OBJ] LSPM_J1055+0808 [RA] 10 55 47.3424 [Dec] +08 08 42.9329 [FIL] GG495 [EXPTIME] 60.0 [Date] 2020-02-27T16:45:14 [Time] 16:45:14
27/232 LSPM_J1055+0808-20200227@164628-Eden.fts [TYPE] LIGHT [OBJ] LSPM_J1055+0808 [RA] 10 55 47.3424 [Dec] +08 08 42.9329 [FIL] GG495 [EXPTIME] 60.0 [Date] 2020-02-27T16:46:28 [Time] 16:46:28
28/232 LSPM_J1055+0808-20200227@164742-Eden.fts [TYPE] LIGHT [OBJ] LSPM_J1055+0808 [RA] 10 55 47.3424 [Dec] +08 08 42.9329 [FIL] GG495 [EXPTIME] 60.0 [Date] 2020-02-27T16:47:43 [Time] 16:47:43
29/232 LSPM_J1055+0808-20200227@164857-Eden.fts [TYPE] LIGHT [OBJ] LSPM_J1055+0808 [RA] 10 55 47.3424 [Dec] +08 08 42.9329 [FIL] GG495 [EXPTIME] 60.0 [Date] 2020-02-27T16:48:57 [Time] 16:48:57
30/232 LSPM_J1055+0808-20200227@165011-Eden.fts [TYPE] LIGHT [OBJ] LSPM_J1055+0808 [RA] 10 55 47.3424 [Dec] +08 08 42.9329 [FIL] GG495 [EXPTIME] 60.0 [Date] 2020-02-27T16:50:11 [Time] 16:50:11
31/232 LSPM_J1055+0808-20200227@165125-Eden.fts [TYPE] LIGHT [OBJ] LSPM_J1055+0808 [RA] 10 55 47.3424 [Dec] +08 08 42.9329 [FIL] GG495 [EXPTIME] 60.0 [Date] 2020-02-27T16:51:26 [Time] 16:51:26
32/232 LSPM_J1055+0808-20200227@165241-Eden.fts [TYPE] LIGHT [OBJ] LSPM_J1055+0808 [RA] 10 55 47.3424 [Dec] +08 08 42.9329 [FIL] GG495 [EXPTIME] 60.0 [Date] 2020-02-27T16:52:41 [Time] 16:52:41
33/232 LSPM_J1055+0808-20200227@165354-Eden.fts [TYPE] LIGHT [OBJ] LSPM_J1055+0808 [RA] 10 55 47.3424 [Dec] +08 08 42.9329 [FIL] GG495 [EXPTIME] 60.0 [Date] 2020-02-27T16:53:55 [Time] 16:53:55
34/232 LSPM_J1055+0808-20200227@165509-Eden.fts [TYPE] LIGHT [OBJ] LSPM_J1055+0808 [RA] 10 55 47.3424 [Dec] +08 08 42.9329 [FIL] GG495 [EXPTIME] 60.0 [Date] 2020-02-27T16:55:09 [Time] 16:55:09
35/232 LSPM_J1055+0808-20200227@165624-Eden.fts [TYPE] LIGHT [OBJ] LSPM_J1055+0808 [RA] 10 55 47.3424 [Dec] +08 08 42.9329 [FIL] GG495 [EXPTIME] 60.0 [Date] 2020-02-27T16:56:25 [Time] 16:56:25
36/232 LSPM_J1055+0808-20200227@165738-Eden.fts [TYPE] LIGHT [OBJ] LSPM_J1055+0808 [RA] 10 55 47.3424 [Dec] +08 08 42.9329 [FIL] GG495 [EXPTIME] 60.0 [Date] 2020-02-27T16:57:39 [Time] 16:57:39
37/232 LSPM_J1055+0808-20200227@165853-Eden.fts [TYPE] LIGHT [OBJ] LSPM_J1055+0808 [RA] 10 55 47.3424 [Dec] +08 08 42.9329 [FIL] GG495 [EXPTIME] 60.0 [Date] 2020-02-27T16:58:53 [Time] 16:58:53
38/232 LSPM_J1055+0808-20200227@170007-Eden.fts [TYPE] LIGHT [OBJ] LSPM_J1055+0808 [RA] 10 55 47.3424 [Dec] +08 08 42.9329 [FIL] GG495 [EXPTIME] 60.0 [Date] 2020-02-27T17:00:08 [Time] 17:00:08
39/232 LSPM_J1055+0808-20200227@170122-Eden.fts [TYPE] LIGHT [OBJ] LSPM_J1055+0808 [RA] 10 55 47.3424 [Dec] +08 08 42.9329 [FIL] GG495 [EXPTIME] 60.0 [Date] 2020-02-27T17:01:23 [Time] 17:01:23
40/232 LSPM_J1055+0808-20200227@170237-Eden.fts [TYPE] LIGHT [OBJ] LSPM_J1055+0808 [RA] 10 55 47.3424 [Dec] +08 08 42.9329 [FIL] GG495 [EXPTIME] 60.0 [Date] 2020-02-27T17:02:37 [Time] 17:02:37
41/232 LSPM_J1055+0808-20200227@170351-Eden.fts [TYPE] LIGHT [OBJ] LSPM_J1055+0808 [RA] 10 55 47.3424 [Dec] +08 08 42.9329 [FIL] GG495 [EXPTIME] 60.0 [Date] 2020-02-27T17:03:52 [Time] 17:03:52
42/232 LSPM_J1055+0808-20200227@170507-Eden.fts [TYPE] LIGHT [OBJ] LSPM_J1055+0808 [RA] 10 55 47.3424 [Dec] +08 08 42.9329 [FIL] GG495 [EXPTIME] 60.0 [Date] 2020-02-27T17:05:07 [Time] 17:05:07
43/232 LSPM_J1055+0808-20200227@170621-Eden.fts [TYPE] LIGHT [OBJ] LSPM_J1055+0808 [RA] 10 55 47.3424 [Dec] +08 08 42.9329 [FIL] GG495 [EXPTIME] 60.0 [Date] 2020-02-27T17:06:21 [Time] 17:06:21
44/232 LSPM_J1055+0808-20200227@170736-Eden.fts [TYPE] LIGHT [OBJ] LSPM_J1055+0808 [RA] 10 55 47.3424 [Dec] +08 08 42.9329 [FIL] GG495 [EXPTIME] 60.0 [Date] 2020-02-27T17:07:37 [Time] 17:07:37
45/232 LSPM_J1055+0808-20200227@170851-Eden.fts [TYPE] LIGHT [OBJ] LSPM_J1055+0808 [RA] 10 55 47.3424 [Dec] +08 08 42.9329 [FIL] GG495 [EXPTIME] 60.0 [Date] 2020-02-27T17:08:52 [Time] 17:08:52
46/232 LSPM_J1055+0808-20200227@171007-Eden.fts [TYPE] LIGHT [OBJ] LSPM_J1055+0808 [RA] 10 55 47.3424 [Dec] +08 08 42.9329 [FIL] GG495 [EXPTIME] 60.0 [Date] 2020-02-27T17:10:07 [Time] 17:10:07
47/232 LSPM_J1055+0808-20200227@171122-Eden.fts [TYPE] LIGHT [OBJ] LSPM_J1055+0808 [RA] 10 55 47.3424 [Dec] +08 08 42.9329 [FIL] GG495 [EXPTIME] 60.0 [Date] 2020-02-27T17:11:22 [Time] 17:11:22
48/232 LSPM_J1055+0808-20200227@171236-Eden.fts [TYPE] LIGHT [OBJ] LSPM_J1055+0808 [RA] 10 55 47.3424 [Dec] +08 08 42.9329 [FIL] GG495 [EXPTIME] 60.0 [Date] 2020-02-27T17:12:36 [Time] 17:12:36
49/232 LSPM_J1055+0808-20200227@171351-Eden.fts [TYPE] LIGHT [OBJ] LSPM_J1055+0808 [RA] 10 55 47.3424 [Dec] +08 08 42.9329 [FIL] GG495 [EXPTIME] 60.0 [Date] 2020-02-27T17:13:51 [Time] 17:13:51
50/232 LSPM_J1055+0808-20200227@171506-Eden.fts [TYPE] LIGHT [OBJ] LSPM_J1055+0808 [RA] 10 55 47.3424 [Dec] +08 08 42.9329 [FIL] GG495 [EXPTIME] 60.0 [Date] 2020-02-27T17:15:07 [Time] 17:15:07
51/232 LSPM_J1055+0808-20200227@171623-Eden.fts [TYPE] LIGHT [OBJ] LSPM_J1055+0808 [RA] 10 55 47.3424 [Dec] +08 08 42.9329 [FIL] GG495 [EXPTIME] 60.0 [Date] 2020-02-27T17:16:25 [Time] 17:16:25
52/232 LSPM_J1055+0808-20200227@171739-Eden.fts [TYPE] LIGHT [OBJ] LSPM_J1055+0808 [RA] 10 55 47.3424 [Dec] +08 08 42.9329 [FIL] GG495 [EXPTIME] 60.0 [Date] 2020-02-27T17:17:39 [Time] 17:17:39
53/232 LSPM_J1055+0808-20200227@171853-Eden.fts [TYPE] LIGHT [OBJ] LSPM_J1055+0808 [RA] 10 55 47.3424 [Dec] +08 08 42.9329 [FIL] GG495 [EXPTIME] 60.0 [Date] 2020-02-27T17:18:53 [Time] 17:18:53
54/232 LSPM_J1055+0808-20200227@172007-Eden.fts [TYPE] LIGHT [OBJ] LSPM_J1055+0808 [RA] 10 55 47.3424 [Dec] +08 08 42.9329 [FIL] GG495 [EXPTIME] 60.0 [Date] 2020-02-27T17:20:07 [Time] 17:20:07
55/232 LSPM_J1055+0808-20200227@172121-Eden.fts [TYPE] LIGHT [OBJ] LSPM_J1055+0808 [RA] 10 55 47.3424 [Dec] +08 08 42.9329 [FIL] GG495 [EXPTIME] 60.0 [Date] 2020-02-27T17:21:21 [Time] 17:21:21
56/232 LSPM_J1055+0808-20200227@172236-Eden.fts [TYPE] LIGHT [OBJ] LSPM_J1055+0808 [RA] 10 55 47.3424 [Dec] +08 08 42.9329 [FIL] GG495 [EXPTIME] 60.0 [Date] 2020-02-27T17:22:37 [Time] 17:22:37
57/232 LSPM_J1055+0808-20200227@172351-Eden.fts [TYPE] LIGHT [OBJ] LSPM_J1055+0808 [RA] 10 55 47.3424 [Dec] +08 08 42.9329 [FIL] GG495 [EXPTIME] 60.0 [Date] 2020-02-27T17:23:51 [Time] 17:23:51
58/232 LSPM_J1055+0808-20200227@172505-Eden.fts [TYPE] LIGHT [OBJ] LSPM_J1055+0808 [RA] 10 55 47.3424 [Dec] +08 08 42.9329 [FIL] GG495 [EXPTIME] 60.0 [Date] 2020-02-27T17:25:06 [Time] 17:25:06
59/232 LSPM_J1055+0808-20200227@172619-Eden.fts [TYPE] LIGHT [OBJ] LSPM_J1055+0808 [RA] 10 55 47.3424 [Dec] +08 08 42.9329 [FIL] GG495 [EXPTIME] 60.0 [Date] 2020-02-27T17:26:20 [Time] 17:26:20
60/232 LSPM_J1055+0808-20200227@172735-Eden.fts [TYPE] LIGHT [OBJ] LSPM_J1055+0808 [RA] 10 55 47.3424 [Dec] +08 08 42.9329 [FIL] GG495 [EXPTIME] 60.0 [Date] 2020-02-27T17:27:35 [Time] 17:27:35
61/232 LSPM_J1055+0808-20200227@172851-Eden.fts [TYPE] LIGHT [OBJ] LSPM_J1055+0808 [RA] 10 55 47.3424 [Dec] +08 08 42.9329 [FIL] GG495 [EXPTIME] 60.0 [Date] 2020-02-27T17:28:51 [Time] 17:28:51
62/232 LSPM_J1055+0808-20200227@173006-Eden.fts [TYPE] LIGHT [OBJ] LSPM_J1055+0808 [RA] 10 55 47.3424 [Dec] +08 08 42.9329 [FIL] GG495 [EXPTIME] 60.0 [Date] 2020-02-27T17:30:06 [Time] 17:30:06
63/232 LSPM_J1055+0808-20200227@173121-Eden.fts [TYPE] LIGHT [OBJ] LSPM_J1055+0808 [RA] 10 55 47.3424 [Dec] +08 08 42.9329 [FIL] GG495 [EXPTIME] 60.0 [Date] 2020-02-27T17:31:21 [Time] 17:31:21
64/232 LSPM_J1055+0808-20200227@173236-Eden.fts [TYPE] LIGHT [OBJ] LSPM_J1055+0808 [RA] 10 55 47.3424 [Dec] +08 08 42.9329 [FIL] GG495 [EXPTIME] 60.0 [Date] 2020-02-27T17:32:36 [Time] 17:32:36
65/232 LSPM_J1055+0808-20200227@173350-Eden.fts [TYPE] LIGHT [OBJ] LSPM_J1055+0808 [RA] 10 55 47.3424 [Dec] +08 08 42.9329 [FIL] GG495 [EXPTIME] 60.0 [Date] 2020-02-27T17:33:50 [Time] 17:33:50
66/232 LSPM_J1055+0808-20200227@173505-Eden.fts [TYPE] LIGHT [OBJ] LSPM_J1055+0808 [RA] 10 55 47.3424 [Dec] +08 08 42.9329 [FIL] GG495 [EXPTIME] 60.0 [Date] 2020-02-27T17:35:06 [Time] 17:35:06
67/232 LSPM_J1055+0808-20200227@173619-Eden.fts [TYPE] LIGHT [OBJ] LSPM_J1055+0808 [RA] 10 55 47.3424 [Dec] +08 08 42.9329 [FIL] GG495 [EXPTIME] 60.0 [Date] 2020-02-27T17:36:20 [Time] 17:36:20
68/232 LSPM_J1055+0808-20200227@173735-Eden.fts [TYPE] LIGHT [OBJ] LSPM_J1055+0808 [RA] 10 55 47.3424 [Dec] +08 08 42.9329 [FIL] GG495 [EXPTIME] 60.0 [Date] 2020-02-27T17:37:35 [Time] 17:37:35
69/232 LSPM_J1055+0808-20200227@173849-Eden.fts [TYPE] LIGHT [OBJ] LSPM_J1055+0808 [RA] 10 55 47.3424 [Dec] +08 08 42.9329 [FIL] GG495 [EXPTIME] 60.0 [Date] 2020-02-27T17:38:50 [Time] 17:38:50
70/232 LSPM_J1055+0808-20200227@174006-Eden.fts [TYPE] LIGHT [OBJ] LSPM_J1055+0808 [RA] 10 55 47.3424 [Dec] +08 08 42.9329 [FIL] GG495 [EXPTIME] 60.0 [Date] 2020-02-27T17:40:06 [Time] 17:40:06
71/232 LSPM_J1055+0808-20200227@174120-Eden.fts [TYPE] LIGHT [OBJ] LSPM_J1055+0808 [RA] 10 55 47.3424 [Dec] +08 08 42.9329 [FIL] GG495 [EXPTIME] 60.0 [Date] 2020-02-27T17:41:20 [Time] 17:41:20
72/232 LSPM_J1055+0808-20200227@174235-Eden.fts [TYPE] LIGHT [OBJ] LSPM_J1055+0808 [RA] 10 55 47.3424 [Dec] +08 08 42.9329 [FIL] GG495 [EXPTIME] 60.0 [Date] 2020-02-27T17:42:35 [Time] 17:42:35
73/232 LSPM_J1055+0808-20200227@174350-Eden.fts [TYPE] LIGHT [OBJ] LSPM_J1055+0808 [RA] 10 55 47.3424 [Dec] +08 08 42.9329 [FIL] GG495 [EXPTIME] 60.0 [Date] 2020-02-27T17:43:51 [Time] 17:43:51
74/232 LSPM_J1055+0808-20200227@174506-Eden.fts [TYPE] LIGHT [OBJ] LSPM_J1055+0808 [RA] 10 55 47.3424 [Dec] +08 08 42.9329 [FIL] GG495 [EXPTIME] 60.0 [Date] 2020-02-27T17:45:06 [Time] 17:45:06
75/232 LSPM_J1055+0808-20200227@174621-Eden.fts [TYPE] LIGHT [OBJ] LSPM_J1055+0808 [RA] 10 55 47.3424 [Dec] +08 08 42.9329 [FIL] GG495 [EXPTIME] 60.0 [Date] 2020-02-27T17:46:21 [Time] 17:46:21
76/232 LSPM_J1055+0808-20200227@174735-Eden.fts [TYPE] LIGHT [OBJ] LSPM_J1055+0808 [RA] 10 55 47.3424 [Dec] +08 08 42.9329 [FIL] GG495 [EXPTIME] 60.0 [Date] 2020-02-27T17:47:36 [Time] 17:47:36
77/232 LSPM_J1055+0808-20200227@174850-Eden.fts [TYPE] LIGHT [OBJ] LSPM_J1055+0808 [RA] 10 55 47.3424 [Dec] +08 08 42.9329 [FIL] GG495 [EXPTIME] 60.0 [Date] 2020-02-27T17:48:50 [Time] 17:48:50
78/232 LSPM_J1055+0808-20200227@175006-Eden.fts [TYPE] LIGHT [OBJ] LSPM_J1055+0808 [RA] 10 55 47.3424 [Dec] +08 08 42.9329 [FIL] GG495 [EXPTIME] 60.0 [Date] 2020-02-27T17:50:06 [Time] 17:50:06
79/232 LSPM_J1055+0808-20200227@175122-Eden.fts [TYPE] LIGHT [OBJ] LSPM_J1055+0808 [RA] 10 55 47.3424 [Dec] +08 08 42.9329 [FIL] GG495 [EXPTIME] 60.0 [Date] 2020-02-27T17:51:23 [Time] 17:51:23
80/232 LSPM_J1055+0808-20200227@175237-Eden.fts [TYPE] LIGHT [OBJ] LSPM_J1055+0808 [RA] 10 55 47.3424 [Dec] +08 08 42.9329 [FIL] GG495 [EXPTIME] 60.0 [Date] 2020-02-27T17:52:37 [Time] 17:52:37
81/232 LSPM_J1055+0808-20200227@175352-Eden.fts [TYPE] LIGHT [OBJ] LSPM_J1055+0808 [RA] 10 55 47.3424 [Dec] +08 08 42.9329 [FIL] GG495 [EXPTIME] 60.0 [Date] 2020-02-27T17:53:52 [Time] 17:53:52
82/232 LSPM_J1055+0808-20200227@175507-Eden.fts [TYPE] LIGHT [OBJ] LSPM_J1055+0808 [RA] 10 55 47.3424 [Dec] +08 08 42.9329 [FIL] GG495 [EXPTIME] 60.0 [Date] 2020-02-27T17:55:08 [Time] 17:55:08
83/232 LSPM_J1055+0808-20200227@175622-Eden.fts [TYPE] LIGHT [OBJ] LSPM_J1055+0808 [RA] 10 55 47.3424 [Dec] +08 08 42.9329 [FIL] GG495 [EXPTIME] 60.0 [Date] 2020-02-27T17:56:23 [Time] 17:56:23
84/232 LSPM_J1055+0808-20200227@175736-Eden.fts [TYPE] LIGHT [OBJ] LSPM_J1055+0808 [RA] 10 55 47.3424 [Dec] +08 08 42.9329 [FIL] GG495 [EXPTIME] 60.0 [Date] 2020-02-27T17:57:36 [Time] 17:57:36
85/232 LSPM_J1055+0808-20200227@175850-Eden.fts [TYPE] LIGHT [OBJ] LSPM_J1055+0808 [RA] 10 55 47.3424 [Dec] +08 08 42.9329 [FIL] GG495 [EXPTIME] 60.0 [Date] 2020-02-27T17:58:50 [Time] 17:58:50
86/232 LSPM_J1055+0808-20200227@180004-Eden.fts [TYPE] LIGHT [OBJ] LSPM_J1055+0808 [RA] 10 55 47.3424 [Dec] +08 08 42.9329 [FIL] GG495 [EXPTIME] 60.0 [Date] 2020-02-27T18:00:04 [Time] 18:00:04
87/232 LSPM_J1055+0808-20200227@180118-Eden.fts [TYPE] LIGHT [OBJ] LSPM_J1055+0808 [RA] 10 55 47.3424 [Dec] +08 08 42.9329 [FIL] GG495 [EXPTIME] 60.0 [Date] 2020-02-27T18:01:19 [Time] 18:01:19
88/232 LSPM_J1055+0808-20200227@180234-Eden.fts [TYPE] LIGHT [OBJ] LSPM_J1055+0808 [RA] 10 55 47.3424 [Dec] +08 08 42.9329 [FIL] GG495 [EXPTIME] 60.0 [Date] 2020-02-27T18:02:34 [Time] 18:02:34
89/232 LSPM_J1055+0808-20200227@180348-Eden.fts [TYPE] LIGHT [OBJ] LSPM_J1055+0808 [RA] 10 55 47.3424 [Dec] +08 08 42.9329 [FIL] GG495 [EXPTIME] 60.0 [Date] 2020-02-27T18:03:51 [Time] 18:03:51
90/232 LSPM_J1055+0808-20200227@180505-Eden.fts [TYPE] LIGHT [OBJ] LSPM_J1055+0808 [RA] 10 55 47.3424 [Dec] +08 08 42.9329 [FIL] GG495 [EXPTIME] 60.0 [Date] 2020-02-27T18:05:06 [Time] 18:05:06
91/232 LSPM_J1055+0808-20200227@180619-Eden.fts [TYPE] LIGHT [OBJ] LSPM_J1055+0808 [RA] 10 55 47.3424 [Dec] +08 08 42.9329 [FIL] GG495 [EXPTIME] 60.0 [Date] 2020-02-27T18:06:19 [Time] 18:06:19
92/232 LSPM_J1055+0808-20200227@180736-Eden.fts [TYPE] LIGHT [OBJ] LSPM_J1055+0808 [RA] 10 55 47.3424 [Dec] +08 08 42.9329 [FIL] GG495 [EXPTIME] 60.0 [Date] 2020-02-27T18:07:36 [Time] 18:07:36
93/232 LSPM_J1055+0808-20200227@180850-Eden.fts [TYPE] LIGHT [OBJ] LSPM_J1055+0808 [RA] 10 55 47.3424 [Dec] +08 08 42.9329 [FIL] GG495 [EXPTIME] 60.0 [Date] 2020-02-27T18:08:50 [Time] 18:08:50
94/232 LSPM_J1055+0808-20200227@181004-Eden.fts [TYPE] LIGHT [OBJ] LSPM_J1055+0808 [RA] 10 55 47.3424 [Dec] +08 08 42.9329 [FIL] GG495 [EXPTIME] 60.0 [Date] 2020-02-27T18:10:04 [Time] 18:10:04
95/232 LSPM_J1055+0808-20200227@181120-Eden.fts [TYPE] LIGHT [OBJ] LSPM_J1055+0808 [RA] 10 55 47.3424 [Dec] +08 08 42.9329 [FIL] GG495 [EXPTIME] 60.0 [Date] 2020-02-27T18:11:21 [Time] 18:11:21
96/232 LSPM_J1055+0808-20200227@181235-Eden.fts [TYPE] LIGHT [OBJ] LSPM_J1055+0808 [RA] 10 55 47.3424 [Dec] +08 08 42.9329 [FIL] GG495 [EXPTIME] 60.0 [Date] 2020-02-27T18:12:36 [Time] 18:12:36
97/232 LSPM_J1055+0808-20200227@181351-Eden.fts [TYPE] LIGHT [OBJ] LSPM_J1055+0808 [RA] 10 55 47.3424 [Dec] +08 08 42.9329 [FIL] GG495 [EXPTIME] 60.0 [Date] 2020-02-27T18:13:51 [Time] 18:13:51
98/232 LSPM_J1055+0808-20200227@181505-Eden.fts [TYPE] LIGHT [OBJ] LSPM_J1055+0808 [RA] 10 55 47.3424 [Dec] +08 08 42.9329 [FIL] GG495 [EXPTIME] 60.0 [Date] 2020-02-27T18:15:05 [Time] 18:15:05
99/232 LSPM_J1055+0808-20200227@181618-Eden.fts [TYPE] LIGHT [OBJ] LSPM_J1055+0808 [RA] 10 55 47.3424 [Dec] +08 08 42.9329 [FIL] GG495 [EXPTIME] 60.0 [Date] 2020-02-27T18:16:18 [Time] 18:16:18
100/232 LSPM_J1055+0808-20200227@181731-Eden.fts [TYPE] LIGHT [OBJ] LSPM_J1055+0808 [RA] 10 55 47.3424 [Dec] +08 08 42.9329 [FIL] GG495 [EXPTIME] 60.0 [Date] 2020-02-27T18:17:31 [Time] 18:17:31
101/232 LSPM_J1055+0808-20200227@181845-Eden.fts [TYPE] LIGHT [OBJ] LSPM_J1055+0808 [RA] 10 55 47.3424 [Dec] +08 08 42.9329 [FIL] GG495 [EXPTIME] 60.0 [Date] 2020-02-27T18:18:46 [Time] 18:18:46
102/232 LSPM_J1055+0808-20200227@182000-Eden.fts [TYPE] LIGHT [OBJ] LSPM_J1055+0808 [RA] 10 55 47.3424 [Dec] +08 08 42.9329 [FIL] GG495 [EXPTIME] 60.0 [Date] 2020-02-27T18:20:01 [Time] 18:20:01
103/232 LSPM_J1055+0808-20200227@182115-Eden.fts [TYPE] LIGHT [OBJ] LSPM_J1055+0808 [RA] 10 55 47.3424 [Dec] +08 08 42.9329 [FIL] GG495 [EXPTIME] 60.0 [Date] 2020-02-27T18:21:15 [Time] 18:21:15
104/232 LSPM_J1055+0808-20200227@182229-Eden.fts [TYPE] LIGHT [OBJ] LSPM_J1055+0808 [RA] 10 55 47.3424 [Dec] +08 08 42.9329 [FIL] GG495 [EXPTIME] 60.0 [Date] 2020-02-27T18:22:29 [Time] 18:22:29
105/232 LSPM_J1055+0808-20200227@182344-Eden.fts [TYPE] LIGHT [OBJ] LSPM_J1055+0808 [RA] 10 55 47.3424 [Dec] +08 08 42.9329 [FIL] GG495 [EXPTIME] 60.0 [Date] 2020-02-27T18:23:45 [Time] 18:23:45
106/232 LSPM_J1055+0808-20200227@182501-Eden.fts [TYPE] LIGHT [OBJ] LSPM_J1055+0808 [RA] 10 55 47.3424 [Dec] +08 08 42.9329 [FIL] GG495 [EXPTIME] 60.0 [Date] 2020-02-27T18:25:01 [Time] 18:25:01
107/232 LSPM_J1055+0808-20200227@182616-Eden.fts [TYPE] LIGHT [OBJ] LSPM_J1055+0808 [RA] 10 55 47.3424 [Dec] +08 08 42.9329 [FIL] GG495 [EXPTIME] 60.0 [Date] 2020-02-27T18:26:16 [Time] 18:26:16
108/232 LSPM_J1055+0808-20200227@182730-Eden.fts [TYPE] LIGHT [OBJ] LSPM_J1055+0808 [RA] 10 55 47.3424 [Dec] +08 08 42.9329 [FIL] GG495 [EXPTIME] 60.0 [Date] 2020-02-27T18:27:30 [Time] 18:27:30
109/232 LSPM_J1055+0808-20200227@182843-Eden.fts [TYPE] LIGHT [OBJ] LSPM_J1055+0808 [RA] 10 55 47.3424 [Dec] +08 08 42.9329 [FIL] GG495 [EXPTIME] 60.0 [Date] 2020-02-27T18:28:44 [Time] 18:28:44
110/232 LSPM_J1055+0808-20200227@182958-Eden.fts [TYPE] LIGHT [OBJ] LSPM_J1055+0808 [RA] 10 55 47.3424 [Dec] +08 08 42.9329 [FIL] GG495 [EXPTIME] 60.0 [Date] 2020-02-27T18:29:58 [Time] 18:29:58
111/232 LSPM_J1055+0808-20200227@183113-Eden.fts [TYPE] LIGHT [OBJ] LSPM_J1055+0808 [RA] 10 55 47.3424 [Dec] +08 08 42.9329 [FIL] GG495 [EXPTIME] 60.0 [Date] 2020-02-27T18:31:13 [Time] 18:31:13
112/232 LSPM_J1055+0808-20200227@183228-Eden.fts [TYPE] LIGHT [OBJ] LSPM_J1055+0808 [RA] 10 55 47.3424 [Dec] +08 08 42.9329 [FIL] GG495 [EXPTIME] 60.0 [Date] 2020-02-27T18:32:28 [Time] 18:32:28
113/232 LSPM_J1055+0808-20200227@183342-Eden.fts [TYPE] LIGHT [OBJ] LSPM_J1055+0808 [RA] 10 55 47.3424 [Dec] +08 08 42.9329 [FIL] GG495 [EXPTIME] 60.0 [Date] 2020-02-27T18:33:42 [Time] 18:33:42
114/232 LSPM_J1055+0808-20200227@183457-Eden.fts [TYPE] LIGHT [OBJ] LSPM_J1055+0808 [RA] 10 55 47.3424 [Dec] +08 08 42.9329 [FIL] GG495 [EXPTIME] 60.0 [Date] 2020-02-27T18:34:57 [Time] 18:34:57
115/232 LSPM_J1055+0808-20200227@183613-Eden.fts [TYPE] LIGHT [OBJ] LSPM_J1055+0808 [RA] 10 55 47.3424 [Dec] +08 08 42.9329 [FIL] GG495 [EXPTIME] 60.0 [Date] 2020-02-27T18:36:13 [Time] 18:36:13
116/232 LSPM_J1055+0808-20200227@183727-Eden.fts [TYPE] LIGHT [OBJ] LSPM_J1055+0808 [RA] 10 55 47.3424 [Dec] +08 08 42.9329 [FIL] GG495 [EXPTIME] 60.0 [Date] 2020-02-27T18:37:28 [Time] 18:37:28
117/232 LSPM_J1055+0808-20200227@183842-Eden.fts [TYPE] LIGHT [OBJ] LSPM_J1055+0808 [RA] 10 55 47.3424 [Dec] +08 08 42.9329 [FIL] GG495 [EXPTIME] 60.0 [Date] 2020-02-27T18:38:42 [Time] 18:38:42
118/232 LSPM_J1055+0808-20200227@183957-Eden.fts [TYPE] LIGHT [OBJ] LSPM_J1055+0808 [RA] 10 55 47.3424 [Dec] +08 08 42.9329 [FIL] GG495 [EXPTIME] 60.0 [Date] 2020-02-27T18:39:57 [Time] 18:39:57
119/232 LSPM_J1055+0808-20200227@184112-Eden.fts [TYPE] LIGHT [OBJ] LSPM_J1055+0808 [RA] 10 55 47.3424 [Dec] +08 08 42.9329 [FIL] GG495 [EXPTIME] 60.0 [Date] 2020-02-27T18:41:13 [Time] 18:41:13
120/232 LSPM_J1055+0808-20200227@184226-Eden.fts [TYPE] LIGHT [OBJ] LSPM_J1055+0808 [RA] 10 55 47.3424 [Dec] +08 08 42.9329 [FIL] GG495 [EXPTIME] 60.0 [Date] 2020-02-27T18:42:26 [Time] 18:42:26
121/232 LSPM_J1055+0808-20200227@184340-Eden.fts [TYPE] LIGHT [OBJ] LSPM_J1055+0808 [RA] 10 55 47.3424 [Dec] +08 08 42.9329 [FIL] GG495 [EXPTIME] 60.0 [Date] 2020-02-27T18:43:41 [Time] 18:43:41
122/232 LSPM_J1055+0808-20200227@184454-Eden.fts [TYPE] LIGHT [OBJ] LSPM_J1055+0808 [RA] 10 55 47.3424 [Dec] +08 08 42.9329 [FIL] GG495 [EXPTIME] 60.0 [Date] 2020-02-27T18:44:55 [Time] 18:44:55
123/232 LSPM_J1055+0808-20200227@184610-Eden.fts [TYPE] LIGHT [OBJ] LSPM_J1055+0808 [RA] 10 55 47.3424 [Dec] +08 08 42.9329 [FIL] GG495 [EXPTIME] 60.0 [Date] 2020-02-27T18:46:10 [Time] 18:46:10
124/232 LSPM_J1055+0808-20200227@184725-Eden.fts [TYPE] LIGHT [OBJ] LSPM_J1055+0808 [RA] 10 55 47.3424 [Dec] +08 08 42.9329 [FIL] GG495 [EXPTIME] 60.0 [Date] 2020-02-27T18:47:25 [Time] 18:47:25
125/232 LSPM_J1055+0808-20200227@184840-Eden.fts [TYPE] LIGHT [OBJ] LSPM_J1055+0808 [RA] 10 55 47.3424 [Dec] +08 08 42.9329 [FIL] GG495 [EXPTIME] 60.0 [Date] 2020-02-27T18:48:41 [Time] 18:48:41
126/232 LSPM_J1055+0808-20200227@184956-Eden.fts [TYPE] LIGHT [OBJ] LSPM_J1055+0808 [RA] 10 55 47.3424 [Dec] +08 08 42.9329 [FIL] GG495 [EXPTIME] 60.0 [Date] 2020-02-27T18:49:56 [Time] 18:49:56
127/232 LSPM_J1055+0808-20200227@185110-Eden.fts [TYPE] LIGHT [OBJ] LSPM_J1055+0808 [RA] 10 55 47.3424 [Dec] +08 08 42.9329 [FIL] GG495 [EXPTIME] 60.0 [Date] 2020-02-27T18:51:10 [Time] 18:51:10
128/232 LSPM_J1055+0808-20200227@185225-Eden.fts [TYPE] LIGHT [OBJ] LSPM_J1055+0808 [RA] 10 55 47.3424 [Dec] +08 08 42.9329 [FIL] GG495 [EXPTIME] 60.0 [Date] 2020-02-27T18:52:25 [Time] 18:52:25
129/232 LSPM_J1055+0808-20200227@185339-Eden.fts [TYPE] LIGHT [OBJ] LSPM_J1055+0808 [RA] 10 55 47.3424 [Dec] +08 08 42.9329 [FIL] GG495 [EXPTIME] 60.0 [Date] 2020-02-27T18:53:40 [Time] 18:53:40
130/232 LSPM_J1055+0808-20200227@185454-Eden.fts [TYPE] LIGHT [OBJ] LSPM_J1055+0808 [RA] 10 55 47.3424 [Dec] +08 08 42.9329 [FIL] GG495 [EXPTIME] 60.0 [Date] 2020-02-27T18:54:54 [Time] 18:54:54
131/232 LSPM_J1055+0808-20200227@185608-Eden.fts [TYPE] LIGHT [OBJ] LSPM_J1055+0808 [RA] 10 55 47.3424 [Dec] +08 08 42.9329 [FIL] GG495 [EXPTIME] 60.0 [Date] 2020-02-27T18:56:08 [Time] 18:56:08
132/232 LSPM_J1055+0808-20200227@185722-Eden.fts [TYPE] LIGHT [OBJ] LSPM_J1055+0808 [RA] 10 55 47.3424 [Dec] +08 08 42.9329 [FIL] GG495 [EXPTIME] 60.0 [Date] 2020-02-27T18:57:22 [Time] 18:57:22
133/232 LSPM_J1055+0808-20200227@185837-Eden.fts [TYPE] LIGHT [OBJ] LSPM_J1055+0808 [RA] 10 55 47.3424 [Dec] +08 08 42.9329 [FIL] GG495 [EXPTIME] 60.0 [Date] 2020-02-27T18:58:37 [Time] 18:58:37
134/232 LSPM_J1055+0808-20200227@185953-Eden.fts [TYPE] LIGHT [OBJ] LSPM_J1055+0808 [RA] 10 55 47.3424 [Dec] +08 08 42.9329 [FIL] GG495 [EXPTIME] 60.0 [Date] 2020-02-27T18:59:53 [Time] 18:59:53
135/232 LSPM_J1055+0808-20200227@190108-Eden.fts [TYPE] LIGHT [OBJ] LSPM_J1055+0808 [RA] 10 55 47.3424 [Dec] +08 08 42.9329 [FIL] GG495 [EXPTIME] 60.0 [Date] 2020-02-27T19:01:08 [Time] 19:01:08
136/232 LSPM_J1055+0808-20200227@190222-Eden.fts [TYPE] LIGHT [OBJ] LSPM_J1055+0808 [RA] 10 55 47.3424 [Dec] +08 08 42.9329 [FIL] GG495 [EXPTIME] 60.0 [Date] 2020-02-27T19:02:23 [Time] 19:02:23
137/232 LSPM_J1055+0808-20200227@190336-Eden.fts [TYPE] LIGHT [OBJ] LSPM_J1055+0808 [RA] 10 55 47.3424 [Dec] +08 08 42.9329 [FIL] GG495 [EXPTIME] 60.0 [Date] 2020-02-27T19:03:37 [Time] 19:03:37
138/232 LSPM_J1055+0808-20200227@190451-Eden.fts [TYPE] LIGHT [OBJ] LSPM_J1055+0808 [RA] 10 55 47.3424 [Dec] +08 08 42.9329 [FIL] GG495 [EXPTIME] 60.0 [Date] 2020-02-27T19:04:52 [Time] 19:04:52
139/232 LSPM_J1055+0808-20200227@190606-Eden.fts [TYPE] LIGHT [OBJ] LSPM_J1055+0808 [RA] 10 55 47.3424 [Dec] +08 08 42.9329 [FIL] GG495 [EXPTIME] 60.0 [Date] 2020-02-27T19:06:06 [Time] 19:06:06
140/232 LSPM_J1055+0808-20200227@190721-Eden.fts [TYPE] LIGHT [OBJ] LSPM_J1055+0808 [RA] 10 55 47.3424 [Dec] +08 08 42.9329 [FIL] GG495 [EXPTIME] 60.0 [Date] 2020-02-27T19:07:21 [Time] 19:07:21
141/232 LSPM_J1055+0808-20200227@190836-Eden.fts [TYPE] LIGHT [OBJ] LSPM_J1055+0808 [RA] 10 55 47.3424 [Dec] +08 08 42.9329 [FIL] GG495 [EXPTIME] 60.0 [Date] 2020-02-27T19:08:36 [Time] 19:08:36
142/232 LSPM_J1055+0808-20200227@190949-Eden.fts [TYPE] LIGHT [OBJ] LSPM_J1055+0808 [RA] 10 55 47.3424 [Dec] +08 08 42.9329 [FIL] GG495 [EXPTIME] 60.0 [Date] 2020-02-27T19:09:49 [Time] 19:09:49
143/232 LSPM_J1055+0808-20200227@191106-Eden.fts [TYPE] LIGHT [OBJ] LSPM_J1055+0808 [RA] 10 55 47.3424 [Dec] +08 08 42.9329 [FIL] GG495 [EXPTIME] 60.0 [Date] 2020-02-27T19:11:06 [Time] 19:11:06
144/232 LSPM_J1055+0808-20200227@191219-Eden.fts [TYPE] LIGHT [OBJ] LSPM_J1055+0808 [RA] 10 55 47.3424 [Dec] +08 08 42.9329 [FIL] GG495 [EXPTIME] 60.0 [Date] 2020-02-27T19:12:20 [Time] 19:12:20
145/232 LSPM_J1055+0808-20200227@191334-Eden.fts [TYPE] LIGHT [OBJ] LSPM_J1055+0808 [RA] 10 55 47.3424 [Dec] +08 08 42.9329 [FIL] GG495 [EXPTIME] 60.0 [Date] 2020-02-27T19:13:34 [Time] 19:13:34
146/232 LSPM_J1055+0808-20200227@191449-Eden.fts [TYPE] LIGHT [OBJ] LSPM_J1055+0808 [RA] 10 55 47.3424 [Dec] +08 08 42.9329 [FIL] GG495 [EXPTIME] 60.0 [Date] 2020-02-27T19:14:49 [Time] 19:14:49
147/232 LSPM_J1055+0808-20200227@191603-Eden.fts [TYPE] LIGHT [OBJ] LSPM_J1055+0808 [RA] 10 55 47.3424 [Dec] +08 08 42.9329 [FIL] GG495 [EXPTIME] 60.0 [Date] 2020-02-27T19:16:03 [Time] 19:16:03
148/232 LSPM_J1055+0808-20200227@191717-Eden.fts [TYPE] LIGHT [OBJ] LSPM_J1055+0808 [RA] 10 55 47.3424 [Dec] +08 08 42.9329 [FIL] GG495 [EXPTIME] 60.0 [Date] 2020-02-27T19:17:17 [Time] 19:17:17
149/232 LSPM_J1055+0808-20200227@191831-Eden.fts [TYPE] LIGHT [OBJ] LSPM_J1055+0808 [RA] 10 55 47.3424 [Dec] +08 08 42.9329 [FIL] GG495 [EXPTIME] 60.0 [Date] 2020-02-27T19:18:31 [Time] 19:18:31
150/232 LSPM_J1055+0808-20200227@191946-Eden.fts [TYPE] LIGHT [OBJ] LSPM_J1055+0808 [RA] 10 55 47.3424 [Dec] +08 08 42.9329 [FIL] GG495 [EXPTIME] 60.0 [Date] 2020-02-27T19:19:47 [Time] 19:19:47
151/232 LSPM_J1055+0808-20200227@192101-Eden.fts [TYPE] LIGHT [OBJ] LSPM_J1055+0808 [RA] 10 55 47.3424 [Dec] +08 08 42.9329 [FIL] GG495 [EXPTIME] 60.0 [Date] 2020-02-27T19:21:02 [Time] 19:21:02
152/232 LSPM_J1055+0808-20200227@192218-Eden.fts [TYPE] LIGHT [OBJ] LSPM_J1055+0808 [RA] 10 55 47.3424 [Dec] +08 08 42.9329 [FIL] GG495 [EXPTIME] 60.0 [Date] 2020-02-27T19:22:19 [Time] 19:22:19
153/232 LSPM_J1055+0808-20200227@192333-Eden.fts [TYPE] LIGHT [OBJ] LSPM_J1055+0808 [RA] 10 55 47.3424 [Dec] +08 08 42.9329 [FIL] GG495 [EXPTIME] 60.0 [Date] 2020-02-27T19:23:33 [Time] 19:23:33
154/232 LSPM_J1055+0808-20200227@192446-Eden.fts [TYPE] LIGHT [OBJ] LSPM_J1055+0808 [RA] 10 55 47.3424 [Dec] +08 08 42.9329 [FIL] GG495 [EXPTIME] 60.0 [Date] 2020-02-27T19:24:47 [Time] 19:24:47
155/232 LSPM_J1055+0808-20200227@192601-Eden.fts [TYPE] LIGHT [OBJ] LSPM_J1055+0808 [RA] 10 55 47.3424 [Dec] +08 08 42.9329 [FIL] GG495 [EXPTIME] 60.0 [Date] 2020-02-27T19:26:01 [Time] 19:26:01
156/232 LSPM_J1055+0808-20200227@192715-Eden.fts [TYPE] LIGHT [OBJ] LSPM_J1055+0808 [RA] 10 55 47.3424 [Dec] +08 08 42.9329 [FIL] GG495 [EXPTIME] 60.0 [Date] 2020-02-27T19:27:16 [Time] 19:27:16
157/232 LSPM_J1055+0808-20200227@192830-Eden.fts [TYPE] LIGHT [OBJ] LSPM_J1055+0808 [RA] 10 55 47.3424 [Dec] +08 08 42.9329 [FIL] GG495 [EXPTIME] 60.0 [Date] 2020-02-27T19:28:30 [Time] 19:28:30
158/232 LSPM_J1055+0808-20200227@192944-Eden.fts [TYPE] LIGHT [OBJ] LSPM_J1055+0808 [RA] 10 55 47.3424 [Dec] +08 08 42.9329 [FIL] GG495 [EXPTIME] 60.0 [Date] 2020-02-27T19:29:44 [Time] 19:29:44
159/232 LSPM_J1055+0808-20200227@193059-Eden.fts [TYPE] LIGHT [OBJ] LSPM_J1055+0808 [RA] 10 55 47.3424 [Dec] +08 08 42.9329 [FIL] GG495 [EXPTIME] 60.0 [Date] 2020-02-27T19:30:59 [Time] 19:30:59
160/232 LSPM_J1055+0808-20200227@193213-Eden.fts [TYPE] LIGHT [OBJ] LSPM_J1055+0808 [RA] 10 55 47.3424 [Dec] +08 08 42.9329 [FIL] GG495 [EXPTIME] 60.0 [Date] 2020-02-27T19:32:13 [Time] 19:32:13
161/232 LSPM_J1055+0808-20200227@193329-Eden.fts [TYPE] LIGHT [OBJ] LSPM_J1055+0808 [RA] 10 55 47.3424 [Dec] +08 08 42.9329 [FIL] GG495 [EXPTIME] 60.0 [Date] 2020-02-27T19:33:29 [Time] 19:33:29
162/232 LSPM_J1055+0808-20200227@193443-Eden.fts [TYPE] LIGHT [OBJ] LSPM_J1055+0808 [RA] 10 55 47.3424 [Dec] +08 08 42.9329 [FIL] GG495 [EXPTIME] 60.0 [Date] 2020-02-27T19:34:44 [Time] 19:34:44
163/232 LSPM_J1055+0808-20200227@193559-Eden.fts [TYPE] LIGHT [OBJ] LSPM_J1055+0808 [RA] 10 55 47.3424 [Dec] +08 08 42.9329 [FIL] GG495 [EXPTIME] 60.0 [Date] 2020-02-27T19:35:59 [Time] 19:35:59
164/232 LSPM_J1055+0808-20200227@193714-Eden.fts [TYPE] LIGHT [OBJ] LSPM_J1055+0808 [RA] 10 55 47.3424 [Dec] +08 08 42.9329 [FIL] GG495 [EXPTIME] 60.0 [Date] 2020-02-27T19:37:14 [Time] 19:37:14
165/232 LSPM_J1055+0808-20200227@193828-Eden.fts [TYPE] LIGHT [OBJ] LSPM_J1055+0808 [RA] 10 55 47.3424 [Dec] +08 08 42.9329 [FIL] GG495 [EXPTIME] 60.0 [Date] 2020-02-27T19:38:28 [Time] 19:38:28
166/232 LSPM_J1055+0808-20200227@193942-Eden.fts [TYPE] LIGHT [OBJ] LSPM_J1055+0808 [RA] 10 55 47.3424 [Dec] +08 08 42.9329 [FIL] GG495 [EXPTIME] 60.0 [Date] 2020-02-27T19:39:43 [Time] 19:39:43
167/232 LSPM_J1055+0808-20200227@194057-Eden.fts [TYPE] LIGHT [OBJ] LSPM_J1055+0808 [RA] 10 55 47.3424 [Dec] +08 08 42.9329 [FIL] GG495 [EXPTIME] 60.0 [Date] 2020-02-27T19:40:58 [Time] 19:40:58
168/232 LSPM_J1055+0808-20200227@194212-Eden.fts [TYPE] LIGHT [OBJ] LSPM_J1055+0808 [RA] 10 55 47.3424 [Dec] +08 08 42.9329 [FIL] GG495 [EXPTIME] 60.0 [Date] 2020-02-27T19:42:12 [Time] 19:42:12
169/232 LSPM_J1055+0808-20200227@194328-Eden.fts [TYPE] LIGHT [OBJ] LSPM_J1055+0808 [RA] 10 55 47.3424 [Dec] +08 08 42.9329 [FIL] GG495 [EXPTIME] 60.0 [Date] 2020-02-27T19:43:28 [Time] 19:43:28
170/232 LSPM_J1055+0808-20200227@194443-Eden.fts [TYPE] LIGHT [OBJ] LSPM_J1055+0808 [RA] 10 55 47.3424 [Dec] +08 08 42.9329 [FIL] GG495 [EXPTIME] 60.0 [Date] 2020-02-27T19:44:43 [Time] 19:44:43
171/232 LSPM_J1055+0808-20200227@194559-Eden.fts [TYPE] LIGHT [OBJ] LSPM_J1055+0808 [RA] 10 55 47.3424 [Dec] +08 08 42.9329 [FIL] GG495 [EXPTIME] 60.0 [Date] 2020-02-27T19:46:00 [Time] 19:46:00
172/232 LSPM_J1055+0808-20200227@194714-Eden.fts [TYPE] LIGHT [OBJ] LSPM_J1055+0808 [RA] 10 55 47.3424 [Dec] +08 08 42.9329 [FIL] GG495 [EXPTIME] 60.0 [Date] 2020-02-27T19:47:14 [Time] 19:47:14
173/232 LSPM_J1055+0808-20200227@194828-Eden.fts [TYPE] LIGHT [OBJ] LSPM_J1055+0808 [RA] 10 55 47.3424 [Dec] +08 08 42.9329 [FIL] GG495 [EXPTIME] 60.0 [Date] 2020-02-27T19:48:29 [Time] 19:48:29
174/232 LSPM_J1055+0808-20200227@194944-Eden.fts [TYPE] LIGHT [OBJ] LSPM_J1055+0808 [RA] 10 55 47.3424 [Dec] +08 08 42.9329 [FIL] GG495 [EXPTIME] 60.0 [Date] 2020-02-27T19:49:44 [Time] 19:49:44
175/232 LSPM_J1055+0808-20200227@195059-Eden.fts [TYPE] LIGHT [OBJ] LSPM_J1055+0808 [RA] 10 55 47.3424 [Dec] +08 08 42.9329 [FIL] GG495 [EXPTIME] 60.0 [Date] 2020-02-27T19:50:59 [Time] 19:50:59
176/232 LSPM_J1055+0808-20200227@195213-Eden.fts [TYPE] LIGHT [OBJ] LSPM_J1055+0808 [RA] 10 55 47.3424 [Dec] +08 08 42.9329 [FIL] GG495 [EXPTIME] 60.0 [Date] 2020-02-27T19:52:14 [Time] 19:52:14
177/232 LSPM_J1055+0808-20200227@195327-Eden.fts [TYPE] LIGHT [OBJ] LSPM_J1055+0808 [RA] 10 55 47.3424 [Dec] +08 08 42.9329 [FIL] GG495 [EXPTIME] 60.0 [Date] 2020-02-27T19:53:27 [Time] 19:53:27
178/232 LSPM_J1055+0808-20200227@195442-Eden.fts [TYPE] LIGHT [OBJ] LSPM_J1055+0808 [RA] 10 55 47.3424 [Dec] +08 08 42.9329 [FIL] GG495 [EXPTIME] 60.0 [Date] 2020-02-27T19:54:42 [Time] 19:54:42
179/232 LSPM_J1055+0808-20200227@195555-Eden.fts [TYPE] LIGHT [OBJ] LSPM_J1055+0808 [RA] 10 55 47.3424 [Dec] +08 08 42.9329 [FIL] GG495 [EXPTIME] 60.0 [Date] 2020-02-27T19:55:56 [Time] 19:55:56
180/232 LSPM_J1055+0808-20200227@195712-Eden.fts [TYPE] LIGHT [OBJ] LSPM_J1055+0808 [RA] 10 55 47.3424 [Dec] +08 08 42.9329 [FIL] GG495 [EXPTIME] 60.0 [Date] 2020-02-27T19:57:12 [Time] 19:57:12
181/232 LSPM_J1055+0808-20200227@195826-Eden.fts [TYPE] LIGHT [OBJ] LSPM_J1055+0808 [RA] 10 55 47.3424 [Dec] +08 08 42.9329 [FIL] GG495 [EXPTIME] 60.0 [Date] 2020-02-27T19:58:26 [Time] 19:58:26
182/232 LSPM_J1055+0808-20200227@195940-Eden.fts [TYPE] LIGHT [OBJ] LSPM_J1055+0808 [RA] 10 55 47.3424 [Dec] +08 08 42.9329 [FIL] GG495 [EXPTIME] 60.0 [Date] 2020-02-27T19:59:40 [Time] 19:59:40
183/232 LSPM_J1055+0808-20200227@200054-Eden.fts [TYPE] LIGHT [OBJ] LSPM_J1055+0808 [RA] 10 55 47.3424 [Dec] +08 08 42.9329 [FIL] GG495 [EXPTIME] 60.0 [Date] 2020-02-27T20:00:54 [Time] 20:00:54
184/232 LSPM_J1055+0808-20200227@200208-Eden.fts [TYPE] LIGHT [OBJ] LSPM_J1055+0808 [RA] 10 55 47.3424 [Dec] +08 08 42.9329 [FIL] GG495 [EXPTIME] 60.0 [Date] 2020-02-27T20:02:09 [Time] 20:02:09
185/232 LSPM_J1055+0808-20200227@200324-Eden.fts [TYPE] LIGHT [OBJ] LSPM_J1055+0808 [RA] 10 55 47.3424 [Dec] +08 08 42.9329 [FIL] GG495 [EXPTIME] 60.0 [Date] 2020-02-27T20:03:24 [Time] 20:03:24
186/232 LSPM_J1055+0808-20200227@200439-Eden.fts [TYPE] LIGHT [OBJ] LSPM_J1055+0808 [RA] 10 55 47.3424 [Dec] +08 08 42.9329 [FIL] GG495 [EXPTIME] 60.0 [Date] 2020-02-27T20:04:39 [Time] 20:04:39
187/232 LSPM_J1055+0808-20200227@200553-Eden.fts [TYPE] LIGHT [OBJ] LSPM_J1055+0808 [RA] 10 55 47.3424 [Dec] +08 08 42.9329 [FIL] GG495 [EXPTIME] 60.0 [Date] 2020-02-27T20:05:54 [Time] 20:05:54
188/232 LSPM_J1055+0808-20200227@200708-Eden.fts [TYPE] LIGHT [OBJ] LSPM_J1055+0808 [RA] 10 55 47.3424 [Dec] +08 08 42.9329 [FIL] GG495 [EXPTIME] 60.0 [Date] 2020-02-27T20:07:10 [Time] 20:07:10
189/232 LSPM_J1055+0808-20200227@200824-Eden.fts [TYPE] LIGHT [OBJ] LSPM_J1055+0808 [RA] 10 55 47.3424 [Dec] +08 08 42.9329 [FIL] GG495 [EXPTIME] 60.0 [Date] 2020-02-27T20:08:25 [Time] 20:08:25
190/232 LSPM_J1055+0808-20200227@200938-Eden.fts [TYPE] LIGHT [OBJ] LSPM_J1055+0808 [RA] 10 55 47.3424 [Dec] +08 08 42.9329 [FIL] GG495 [EXPTIME] 60.0 [Date] 2020-02-27T20:09:39 [Time] 20:09:39
191/232 LSPM_J1055+0808-20200227@201052-Eden.fts [TYPE] LIGHT [OBJ] LSPM_J1055+0808 [RA] 10 55 47.3424 [Dec] +08 08 42.9329 [FIL] GG495 [EXPTIME] 60.0 [Date] 2020-02-27T20:10:53 [Time] 20:10:53
192/232 LSPM_J1055+0808-20200227@201207-Eden.fts [TYPE] LIGHT [OBJ] LSPM_J1055+0808 [RA] 10 55 47.3424 [Dec] +08 08 42.9329 [FIL] GG495 [EXPTIME] 60.0 [Date] 2020-02-27T20:12:08 [Time] 20:12:08
193/232 LSPM_J1055+0808-20200227@201322-Eden.fts [TYPE] LIGHT [OBJ] LSPM_J1055+0808 [RA] 10 55 47.3424 [Dec] +08 08 42.9329 [FIL] GG495 [EXPTIME] 60.0 [Date] 2020-02-27T20:13:23 [Time] 20:13:23
194/232 LSPM_J1055+0808-20200227@201437-Eden.fts [TYPE] LIGHT [OBJ] LSPM_J1055+0808 [RA] 10 55 47.3424 [Dec] +08 08 42.9329 [FIL] GG495 [EXPTIME] 60.0 [Date] 2020-02-27T20:14:37 [Time] 20:14:37
195/232 LSPM_J1055+0808-20200227@201552-Eden.fts [TYPE] LIGHT [OBJ] LSPM_J1055+0808 [RA] 10 55 47.3424 [Dec] +08 08 42.9329 [FIL] GG495 [EXPTIME] 60.0 [Date] 2020-02-27T20:15:52 [Time] 20:15:52
196/232 LSPM_J1055+0808-20200227@201706-Eden.fts [TYPE] LIGHT [OBJ] LSPM_J1055+0808 [RA] 10 55 47.3424 [Dec] +08 08 42.9329 [FIL] GG495 [EXPTIME] 60.0 [Date] 2020-02-27T20:17:07 [Time] 20:17:07
197/232 LSPM_J1055+0808-20200227@201822-Eden.fts [TYPE] LIGHT [OBJ] LSPM_J1055+0808 [RA] 10 55 47.3424 [Dec] +08 08 42.9329 [FIL] GG495 [EXPTIME] 60.0 [Date] 2020-02-27T20:18:22 [Time] 20:18:22
198/232 LSPM_J1055+0808-20200227@201937-Eden.fts [TYPE] LIGHT [OBJ] LSPM_J1055+0808 [RA] 10 55 47.3424 [Dec] +08 08 42.9329 [FIL] GG495 [EXPTIME] 60.0 [Date] 2020-02-27T20:19:38 [Time] 20:19:38
199/232 LSPM_J1055+0808-20200227@202051-Eden.fts [TYPE] LIGHT [OBJ] LSPM_J1055+0808 [RA] 10 55 47.3424 [Dec] +08 08 42.9329 [FIL] GG495 [EXPTIME] 60.0 [Date] 2020-02-27T20:20:51 [Time] 20:20:51
200/232 LSPM_J1055+0808-20200227@202205-Eden.fts [TYPE] LIGHT [OBJ] LSPM_J1055+0808 [RA] 10 55 47.3424 [Dec] +08 08 42.9329 [FIL] GG495 [EXPTIME] 60.0 [Date] 2020-02-27T20:22:06 [Time] 20:22:06
201/232 LSPM_J1055+0808-20200227@202320-Eden.fts [TYPE] LIGHT [OBJ] LSPM_J1055+0808 [RA] 10 55 47.3424 [Dec] +08 08 42.9329 [FIL] GG495 [EXPTIME] 60.0 [Date] 2020-02-27T20:23:21 [Time] 20:23:21
202/232 LSPM_J1055+0808-20200227@202433-Eden.fts [TYPE] LIGHT [OBJ] LSPM_J1055+0808 [RA] 10 55 47.3424 [Dec] +08 08 42.9329 [FIL] GG495 [EXPTIME] 60.0 [Date] 2020-02-27T20:24:34 [Time] 20:24:34
203/232 LSPM_J1055+0808-20200227@202548-Eden.fts [TYPE] LIGHT [OBJ] LSPM_J1055+0808 [RA] 10 55 47.3424 [Dec] +08 08 42.9329 [FIL] GG495 [EXPTIME] 60.0 [Date] 2020-02-27T20:25:48 [Time] 20:25:48
204/232 LSPM_J1055+0808-20200227@202701-Eden.fts [TYPE] LIGHT [OBJ] LSPM_J1055+0808 [RA] 10 55 47.3424 [Dec] +08 08 42.9329 [FIL] GG495 [EXPTIME] 60.0 [Date] 2020-02-27T20:27:02 [Time] 20:27:02
205/232 LSPM_J1055+0808-20200227@202817-Eden.fts [TYPE] LIGHT [OBJ] LSPM_J1055+0808 [RA] 10 55 47.3424 [Dec] +08 08 42.9329 [FIL] GG495 [EXPTIME] 60.0 [Date] 2020-02-27T20:28:17 [Time] 20:28:17
206/232 LSPM_J1055+0808-20200227@202931-Eden.fts [TYPE] LIGHT [OBJ] LSPM_J1055+0808 [RA] 10 55 47.3424 [Dec] +08 08 42.9329 [FIL] GG495 [EXPTIME] 60.0 [Date] 2020-02-27T20:29:31 [Time] 20:29:31
207/232 LSPM_J1055+0808-20200227@203046-Eden.fts [TYPE] LIGHT [OBJ] LSPM_J1055+0808 [RA] 10 55 47.3424 [Dec] +08 08 42.9329 [FIL] GG495 [EXPTIME] 60.0 [Date] 2020-02-27T20:30:47 [Time] 20:30:47
208/232 LSPM_J1055+0808-20200227@203202-Eden.fts [TYPE] LIGHT [OBJ] LSPM_J1055+0808 [RA] 10 55 47.3424 [Dec] +08 08 42.9329 [FIL] GG495 [EXPTIME] 60.0 [Date] 2020-02-27T20:32:03 [Time] 20:32:03
209/232 LSPM_J1055+0808-20200227@203317-Eden.fts [TYPE] LIGHT [OBJ] LSPM_J1055+0808 [RA] 10 55 47.3424 [Dec] +08 08 42.9329 [FIL] GG495 [EXPTIME] 60.0 [Date] 2020-02-27T20:33:17 [Time] 20:33:17
210/232 LSPM_J1055+0808-20200227@203432-Eden.fts [TYPE] LIGHT [OBJ] LSPM_J1055+0808 [RA] 10 55 47.3424 [Dec] +08 08 42.9329 [FIL] GG495 [EXPTIME] 60.0 [Date] 2020-02-27T20:34:32 [Time] 20:34:32
211/232 LSPM_J1055+0808-20200227@203545-Eden.fts [TYPE] LIGHT [OBJ] LSPM_J1055+0808 [RA] 10 55 47.3424 [Dec] +08 08 42.9329 [FIL] GG495 [EXPTIME] 60.0 [Date] 2020-02-27T20:35:46 [Time] 20:35:46
212/232 LSPM_J1055+0808-20200227@203659-Eden.fts [TYPE] LIGHT [OBJ] LSPM_J1055+0808 [RA] 10 55 47.3424 [Dec] +08 08 42.9329 [FIL] GG495 [EXPTIME] 60.0 [Date] 2020-02-27T20:37:00 [Time] 20:37:00
213/232 LSPM_J1055+0808-20200227@203813-Eden.fts [TYPE] LIGHT [OBJ] LSPM_J1055+0808 [RA] 10 55 47.3424 [Dec] +08 08 42.9329 [FIL] GG495 [EXPTIME] 60.0 [Date] 2020-02-27T20:38:14 [Time] 20:38:14
214/232 LSPM_J1055+0808-20200227@203927-Eden.fts [TYPE] LIGHT [OBJ] LSPM_J1055+0808 [RA] 10 55 47.3424 [Dec] +08 08 42.9329 [FIL] GG495 [EXPTIME] 60.0 [Date] 2020-02-27T20:39:27 [Time] 20:39:27
215/232 LSPM_J1055+0808-20200227@204041-Eden.fts [TYPE] LIGHT [OBJ] LSPM_J1055+0808 [RA] 10 55 47.3424 [Dec] +08 08 42.9329 [FIL] GG495 [EXPTIME] 60.0 [Date] 2020-02-27T20:40:41 [Time] 20:40:41
216/232 LSPM_J1055+0808-20200227@204155-Eden.fts [TYPE] LIGHT [OBJ] LSPM_J1055+0808 [RA] 10 55 47.3424 [Dec] +08 08 42.9329 [FIL] GG495 [EXPTIME] 60.0 [Date] 2020-02-27T20:41:56 [Time] 20:41:56
217/232 LSPM_J1055+0808-20200227@204310-Eden.fts [TYPE] LIGHT [OBJ] LSPM_J1055+0808 [RA] 10 55 47.3424 [Dec] +08 08 42.9329 [FIL] GG495 [EXPTIME] 60.0 [Date] 2020-02-27T20:43:11 [Time] 20:43:11
218/232 LSPM_J1055+0808-20200227@204425-Eden.fts [TYPE] LIGHT [OBJ] LSPM_J1055+0808 [RA] 10 55 47.3424 [Dec] +08 08 42.9329 [FIL] GG495 [EXPTIME] 60.0 [Date] 2020-02-27T20:44:25 [Time] 20:44:25
219/232 LSPM_J1055+0808-20200227@204539-Eden.fts [TYPE] LIGHT [OBJ] LSPM_J1055+0808 [RA] 10 55 47.3424 [Dec] +08 08 42.9329 [FIL] GG495 [EXPTIME] 60.0 [Date] 2020-02-27T20:45:39 [Time] 20:45:39
220/232 LSPM_J1055+0808-20200227@204653-Eden.fts [TYPE] LIGHT [OBJ] LSPM_J1055+0808 [RA] 10 55 47.3424 [Dec] +08 08 42.9329 [FIL] GG495 [EXPTIME] 60.0 [Date] 2020-02-27T20:46:53 [Time] 20:46:53
221/232 LSPM_J1055+0808-20200227@204808-Eden.fts [TYPE] LIGHT [OBJ] LSPM_J1055+0808 [RA] 10 55 47.3424 [Dec] +08 08 42.9329 [FIL] GG495 [EXPTIME] 60.0 [Date] 2020-02-27T20:48:08 [Time] 20:48:08
222/232 LSPM_J1055+0808-20200227@204922-Eden.fts [TYPE] LIGHT [OBJ] LSPM_J1055+0808 [RA] 10 55 47.3424 [Dec] +08 08 42.9329 [FIL] GG495 [EXPTIME] 60.0 [Date] 2020-02-27T20:49:22 [Time] 20:49:22
223/232 LSPM_J1055+0808-20200227@205036-Eden.fts [TYPE] LIGHT [OBJ] LSPM_J1055+0808 [RA] 10 55 47.3424 [Dec] +08 08 42.9329 [FIL] GG495 [EXPTIME] 60.0 [Date] 2020-02-27T20:50:36 [Time] 20:50:36
224/232 LSPM_J1055+0808-20200227@205151-Eden.fts [TYPE] LIGHT [OBJ] LSPM_J1055+0808 [RA] 10 55 47.3424 [Dec] +08 08 42.9329 [FIL] GG495 [EXPTIME] 60.0 [Date] 2020-02-27T20:51:51 [Time] 20:51:51
225/232 LSPM_J1055+0808-20200227@205306-Eden.fts [TYPE] LIGHT [OBJ] LSPM_J1055+0808 [RA] 10 55 47.3424 [Dec] +08 08 42.9329 [FIL] GG495 [EXPTIME] 60.0 [Date] 2020-02-27T20:53:06 [Time] 20:53:06
226/232 LSPM_J1055+0808-20200227@205421-Eden.fts [TYPE] LIGHT [OBJ] LSPM_J1055+0808 [RA] 10 55 47.3424 [Dec] +08 08 42.9329 [FIL] GG495 [EXPTIME] 60.0 [Date] 2020-02-27T20:54:22 [Time] 20:54:22
227/232 LSPM_J1055+0808-20200227@205536-Eden.fts [TYPE] LIGHT [OBJ] LSPM_J1055+0808 [RA] 10 55 47.3424 [Dec] +08 08 42.9329 [FIL] GG495 [EXPTIME] 60.0 [Date] 2020-02-27T20:55:36 [Time] 20:55:36
228/232 LSPM_J1055+0808-20200227@205650-Eden.fts [TYPE] LIGHT [OBJ] LSPM_J1055+0808 [RA] 10 55 47.3424 [Dec] +08 08 42.9329 [FIL] GG495 [EXPTIME] 60.0 [Date] 2020-02-27T20:56:50 [Time] 20:56:50
229/232 LSPM_J1055+0808-20200227@205804-Eden.fts [TYPE] LIGHT [OBJ] LSPM_J1055+0808 [RA] 10 55 47.3424 [Dec] +08 08 42.9329 [FIL] GG495 [EXPTIME] 60.0 [Date] 2020-02-27T20:58:04 [Time] 20:58:04
230/232 LSPM_J1055+0808-20200227@205917-Eden.fts [TYPE] LIGHT [OBJ] LSPM_J1055+0808 [RA] 10 55 47.3424 [Dec] +08 08 42.9329 [FIL] GG495 [EXPTIME] 60.0 [Date] 2020-02-27T20:59:18 [Time] 20:59:18
231/232 LSPM_J1055+0808-20200227@210032-Eden.fts [TYPE] LIGHT [OBJ] LSPM_J1055+0808 [RA] 10 55 47.3424 [Dec] +08 08 42.9329 [FIL] GG495 [EXPTIME] 60.0 [Date] 2020-02-27T21:00:33 [Time] 21:00:33
232/232 LSPM_J1055+0808-20200227@210146-Eden.fts [TYPE] LIGHT [OBJ] LSPM_J1055+0808 [RA] 10 55 47.3424 [Dec] +08 08 42.9329 [FIL] GG495 [EXPTIME] 60.0 [Date] 2020-02-27T21:01:47 [Time] 21:01:47
... write log file to LOT20200227-LSPM_J1055+0808_mod.log ...
... finish ...
