Bucket successfully loaded! eden-data
329 files found
Storing data to the S3 archive!
We can now start uploading the data.
Press return to start the upload, or anything else to abort: Verbose output enabled.
Storing /home/altsai/eden/LOT20220101_2MASS_J04402325-0530082_mod/2MASS_J04402325-0530082-20220101@115643-Eden.fts -> s3://eden-data/RAW/LOT/2MASS_J04402325-0530082/2022-01-01/2MASS_J04402325-0530082-20220101@115643-Eden.fits (1/329)
Storing /home/altsai/eden/LOT20220101_2MASS_J04402325-0530082_mod/2MASS_J04402325-0530082-20220101@115729-Eden.fts -> s3://eden-data/RAW/LOT/2MASS_J04402325-0530082/2022-01-01/2MASS_J04402325-0530082-20220101@115729-Eden.fits (2/329)
Storing /home/altsai/eden/LOT20220101_2MASS_J04402325-0530082_mod/2MASS_J04402325-0530082-20220101@115815-Eden.fts -> s3://eden-data/RAW/LOT/2MASS_J04402325-0530082/2022-01-01/2MASS_J04402325-0530082-20220101@115815-Eden.fits (3/329)
Storing /home/altsai/eden/LOT20220101_2MASS_J04402325-0530082_mod/2MASS_J04402325-0530082-20220101@115901-Eden.fts -> s3://eden-data/RAW/LOT/2MASS_J04402325-0530082/2022-01-01/2MASS_J04402325-0530082-20220101@115901-Eden.fits (4/329)
Storing /home/altsai/eden/LOT20220101_2MASS_J04402325-0530082_mod/2MASS_J04402325-0530082-20220101@115947-Eden.fts -> s3://eden-data/RAW/LOT/2MASS_J04402325-0530082/2022-01-01/2MASS_J04402325-0530082-20220101@115947-Eden.fits (5/329)
Storing /home/altsai/eden/LOT20220101_2MASS_J04402325-0530082_mod/2MASS_J04402325-0530082-20220101@120035-Eden.fts -> s3://eden-data/RAW/LOT/2MASS_J04402325-0530082/2022-01-01/2MASS_J04402325-0530082-20220101@120035-Eden.fits (6/329)
Storing /home/altsai/eden/LOT20220101_2MASS_J04402325-0530082_mod/2MASS_J04402325-0530082-20220101@120122-Eden.fts -> s3://eden-data/RAW/LOT/2MASS_J04402325-0530082/2022-01-01/2MASS_J04402325-0530082-20220101@120122-Eden.fits (7/329)
Storing /home/altsai/eden/LOT20220101_2MASS_J04402325-0530082_mod/2MASS_J04402325-0530082-20220101@120209-Eden.fts -> s3://eden-data/RAW/LOT/2MASS_J04402325-0530082/2022-01-01/2MASS_J04402325-0530082-20220101@120209-Eden.fits (8/329)
Storing /home/altsai/eden/LOT20220101_2MASS_J04402325-0530082_mod/2MASS_J04402325-0530082-20220101@120258-Eden.fts -> s3://eden-data/RAW/LOT/2MASS_J04402325-0530082/2022-01-01/2MASS_J04402325-0530082-20220101@120258-Eden.fits (9/329)
Storing /home/altsai/eden/LOT20220101_2MASS_J04402325-0530082_mod/2MASS_J04402325-0530082-20220101@120344-Eden.fts -> s3://eden-data/RAW/LOT/2MASS_J04402325-0530082/2022-01-01/2MASS_J04402325-0530082-20220101@120344-Eden.fits (10/329)
Storing /home/altsai/eden/LOT20220101_2MASS_J04402325-0530082_mod/2MASS_J04402325-0530082-20220101@120431-Eden.fts -> s3://eden-data/RAW/LOT/2MASS_J04402325-0530082/2022-01-01/2MASS_J04402325-0530082-20220101@120431-Eden.fits (11/329)
Storing /home/altsai/eden/LOT20220101_2MASS_J04402325-0530082_mod/2MASS_J04402325-0530082-20220101@120517-Eden.fts -> s3://eden-data/RAW/LOT/2MASS_J04402325-0530082/2022-01-01/2MASS_J04402325-0530082-20220101@120517-Eden.fits (12/329)
Storing /home/altsai/eden/LOT20220101_2MASS_J04402325-0530082_mod/2MASS_J04402325-0530082-20220101@120603-Eden.fts -> s3://eden-data/RAW/LOT/2MASS_J04402325-0530082/2022-01-01/2MASS_J04402325-0530082-20220101@120603-Eden.fits (13/329)
Storing /home/altsai/eden/LOT20220101_2MASS_J04402325-0530082_mod/2MASS_J04402325-0530082-20220101@120651-Eden.fts -> s3://eden-data/RAW/LOT/2MASS_J04402325-0530082/2022-01-01/2MASS_J04402325-0530082-20220101@120651-Eden.fits (14/329)
Storing /home/altsai/eden/LOT20220101_2MASS_J04402325-0530082_mod/2MASS_J04402325-0530082-20220101@120737-Eden.fts -> s3://eden-data/RAW/LOT/2MASS_J04402325-0530082/2022-01-01/2MASS_J04402325-0530082-20220101@120737-Eden.fits (15/329)
Storing /home/altsai/eden/LOT20220101_2MASS_J04402325-0530082_mod/2MASS_J04402325-0530082-20220101@120825-Eden.fts -> s3://eden-data/RAW/LOT/2MASS_J04402325-0530082/2022-01-01/2MASS_J04402325-0530082-20220101@120825-Eden.fits (16/329)
Storing /home/altsai/eden/LOT20220101_2MASS_J04402325-0530082_mod/2MASS_J04402325-0530082-20220101@120913-Eden.fts -> s3://eden-data/RAW/LOT/2MASS_J04402325-0530082/2022-01-01/2MASS_J04402325-0530082-20220101@120913-Eden.fits (17/329)
Storing /home/altsai/eden/LOT20220101_2MASS_J04402325-0530082_mod/2MASS_J04402325-0530082-20220101@120959-Eden.fts -> s3://eden-data/RAW/LOT/2MASS_J04402325-0530082/2022-01-01/2MASS_J04402325-0530082-20220101@120959-Eden.fits (18/329)
Storing /home/altsai/eden/LOT20220101_2MASS_J04402325-0530082_mod/2MASS_J04402325-0530082-20220101@121044-Eden.fts -> s3://eden-data/RAW/LOT/2MASS_J04402325-0530082/2022-01-01/2MASS_J04402325-0530082-20220101@121044-Eden.fits (19/329)
Storing /home/altsai/eden/LOT20220101_2MASS_J04402325-0530082_mod/2MASS_J04402325-0530082-20220101@121131-Eden.fts -> s3://eden-data/RAW/LOT/2MASS_J04402325-0530082/2022-01-01/2MASS_J04402325-0530082-20220101@121131-Eden.fits (20/329)
Storing /home/altsai/eden/LOT20220101_2MASS_J04402325-0530082_mod/2MASS_J04402325-0530082-20220101@121218-Eden.fts -> s3://eden-data/RAW/LOT/2MASS_J04402325-0530082/2022-01-01/2MASS_J04402325-0530082-20220101@121218-Eden.fits (21/329)
Storing /home/altsai/eden/LOT20220101_2MASS_J04402325-0530082_mod/2MASS_J04402325-0530082-20220101@121305-Eden.fts -> s3://eden-data/RAW/LOT/2MASS_J04402325-0530082/2022-01-01/2MASS_J04402325-0530082-20220101@121305-Eden.fits (22/329)
Storing /home/altsai/eden/LOT20220101_2MASS_J04402325-0530082_mod/2MASS_J04402325-0530082-20220101@121352-Eden.fts -> s3://eden-data/RAW/LOT/2MASS_J04402325-0530082/2022-01-01/2MASS_J04402325-0530082-20220101@121352-Eden.fits (23/329)
Storing /home/altsai/eden/LOT20220101_2MASS_J04402325-0530082_mod/2MASS_J04402325-0530082-20220101@121439-Eden.fts -> s3://eden-data/RAW/LOT/2MASS_J04402325-0530082/2022-01-01/2MASS_J04402325-0530082-20220101@121439-Eden.fits (24/329)
Storing /home/altsai/eden/LOT20220101_2MASS_J04402325-0530082_mod/2MASS_J04402325-0530082-20220101@121525-Eden.fts -> s3://eden-data/RAW/LOT/2MASS_J04402325-0530082/2022-01-01/2MASS_J04402325-0530082-20220101@121525-Eden.fits (25/329)
Storing /home/altsai/eden/LOT20220101_2MASS_J04402325-0530082_mod/2MASS_J04402325-0530082-20220101@121611-Eden.fts -> s3://eden-data/RAW/LOT/2MASS_J04402325-0530082/2022-01-01/2MASS_J04402325-0530082-20220101@121611-Eden.fits (26/329)
Storing /home/altsai/eden/LOT20220101_2MASS_J04402325-0530082_mod/2MASS_J04402325-0530082-20220101@121658-Eden.fts -> s3://eden-data/RAW/LOT/2MASS_J04402325-0530082/2022-01-01/2MASS_J04402325-0530082-20220101@121658-Eden.fits (27/329)
Storing /home/altsai/eden/LOT20220101_2MASS_J04402325-0530082_mod/2MASS_J04402325-0530082-20220101@121743-Eden.fts -> s3://eden-data/RAW/LOT/2MASS_J04402325-0530082/2022-01-01/2MASS_J04402325-0530082-20220101@121743-Eden.fits (28/329)
Storing /home/altsai/eden/LOT20220101_2MASS_J04402325-0530082_mod/2MASS_J04402325-0530082-20220101@121829-Eden.fts -> s3://eden-data/RAW/LOT/2MASS_J04402325-0530082/2022-01-01/2MASS_J04402325-0530082-20220101@121829-Eden.fits (29/329)
Storing /home/altsai/eden/LOT20220101_2MASS_J04402325-0530082_mod/2MASS_J04402325-0530082-20220101@121915-Eden.fts -> s3://eden-data/RAW/LOT/2MASS_J04402325-0530082/2022-01-01/2MASS_J04402325-0530082-20220101@121915-Eden.fits (30/329)
Storing /home/altsai/eden/LOT20220101_2MASS_J04402325-0530082_mod/2MASS_J04402325-0530082-20220101@122001-Eden.fts -> s3://eden-data/RAW/LOT/2MASS_J04402325-0530082/2022-01-01/2MASS_J04402325-0530082-20220101@122001-Eden.fits (31/329)
Storing /home/altsai/eden/LOT20220101_2MASS_J04402325-0530082_mod/2MASS_J04402325-0530082-20220101@122049-Eden.fts -> s3://eden-data/RAW/LOT/2MASS_J04402325-0530082/2022-01-01/2MASS_J04402325-0530082-20220101@122049-Eden.fits (32/329)
Storing /home/altsai/eden/LOT20220101_2MASS_J04402325-0530082_mod/2MASS_J04402325-0530082-20220101@122135-Eden.fts -> s3://eden-data/RAW/LOT/2MASS_J04402325-0530082/2022-01-01/2MASS_J04402325-0530082-20220101@122135-Eden.fits (33/329)
Storing /home/altsai/eden/LOT20220101_2MASS_J04402325-0530082_mod/2MASS_J04402325-0530082-20220101@122222-Eden.fts -> s3://eden-data/RAW/LOT/2MASS_J04402325-0530082/2022-01-01/2MASS_J04402325-0530082-20220101@122222-Eden.fits (34/329)
Storing /home/altsai/eden/LOT20220101_2MASS_J04402325-0530082_mod/2MASS_J04402325-0530082-20220101@122310-Eden.fts -> s3://eden-data/RAW/LOT/2MASS_J04402325-0530082/2022-01-01/2MASS_J04402325-0530082-20220101@122310-Eden.fits (35/329)
Storing /home/altsai/eden/LOT20220101_2MASS_J04402325-0530082_mod/2MASS_J04402325-0530082-20220101@122357-Eden.fts -> s3://eden-data/RAW/LOT/2MASS_J04402325-0530082/2022-01-01/2MASS_J04402325-0530082-20220101@122357-Eden.fits (36/329)
Storing /home/altsai/eden/LOT20220101_2MASS_J04402325-0530082_mod/2MASS_J04402325-0530082-20220101@122443-Eden.fts -> s3://eden-data/RAW/LOT/2MASS_J04402325-0530082/2022-01-01/2MASS_J04402325-0530082-20220101@122443-Eden.fits (37/329)
Storing /home/altsai/eden/LOT20220101_2MASS_J04402325-0530082_mod/2MASS_J04402325-0530082-20220101@122530-Eden.fts -> s3://eden-data/RAW/LOT/2MASS_J04402325-0530082/2022-01-01/2MASS_J04402325-0530082-20220101@122530-Eden.fits (38/329)
Storing /home/altsai/eden/LOT20220101_2MASS_J04402325-0530082_mod/2MASS_J04402325-0530082-20220101@122616-Eden.fts -> s3://eden-data/RAW/LOT/2MASS_J04402325-0530082/2022-01-01/2MASS_J04402325-0530082-20220101@122616-Eden.fits (39/329)
Storing /home/altsai/eden/LOT20220101_2MASS_J04402325-0530082_mod/2MASS_J04402325-0530082-20220101@122702-Eden.fts -> s3://eden-data/RAW/LOT/2MASS_J04402325-0530082/2022-01-01/2MASS_J04402325-0530082-20220101@122702-Eden.fits (40/329)
Storing /home/altsai/eden/LOT20220101_2MASS_J04402325-0530082_mod/2MASS_J04402325-0530082-20220101@122748-Eden.fts -> s3://eden-data/RAW/LOT/2MASS_J04402325-0530082/2022-01-01/2MASS_J04402325-0530082-20220101@122748-Eden.fits (41/329)
Storing /home/altsai/eden/LOT20220101_2MASS_J04402325-0530082_mod/2MASS_J04402325-0530082-20220101@122834-Eden.fts -> s3://eden-data/RAW/LOT/2MASS_J04402325-0530082/2022-01-01/2MASS_J04402325-0530082-20220101@122834-Eden.fits (42/329)
Storing /home/altsai/eden/LOT20220101_2MASS_J04402325-0530082_mod/2MASS_J04402325-0530082-20220101@122921-Eden.fts -> s3://eden-data/RAW/LOT/2MASS_J04402325-0530082/2022-01-01/2MASS_J04402325-0530082-20220101@122921-Eden.fits (43/329)
Storing /home/altsai/eden/LOT20220101_2MASS_J04402325-0530082_mod/2MASS_J04402325-0530082-20220101@123007-Eden.fts -> s3://eden-data/RAW/LOT/2MASS_J04402325-0530082/2022-01-01/2MASS_J04402325-0530082-20220101@123007-Eden.fits (44/329)
Storing /home/altsai/eden/LOT20220101_2MASS_J04402325-0530082_mod/2MASS_J04402325-0530082-20220101@123053-Eden.fts -> s3://eden-data/RAW/LOT/2MASS_J04402325-0530082/2022-01-01/2MASS_J04402325-0530082-20220101@123053-Eden.fits (45/329)
Storing /home/altsai/eden/LOT20220101_2MASS_J04402325-0530082_mod/2MASS_J04402325-0530082-20220101@123139-Eden.fts -> s3://eden-data/RAW/LOT/2MASS_J04402325-0530082/2022-01-01/2MASS_J04402325-0530082-20220101@123139-Eden.fits (46/329)
Storing /home/altsai/eden/LOT20220101_2MASS_J04402325-0530082_mod/2MASS_J04402325-0530082-20220101@123226-Eden.fts -> s3://eden-data/RAW/LOT/2MASS_J04402325-0530082/2022-01-01/2MASS_J04402325-0530082-20220101@123226-Eden.fits (47/329)
Storing /home/altsai/eden/LOT20220101_2MASS_J04402325-0530082_mod/2MASS_J04402325-0530082-20220101@123314-Eden.fts -> s3://eden-data/RAW/LOT/2MASS_J04402325-0530082/2022-01-01/2MASS_J04402325-0530082-20220101@123314-Eden.fits (48/329)
Storing /home/altsai/eden/LOT20220101_2MASS_J04402325-0530082_mod/2MASS_J04402325-0530082-20220101@123400-Eden.fts -> s3://eden-data/RAW/LOT/2MASS_J04402325-0530082/2022-01-01/2MASS_J04402325-0530082-20220101@123400-Eden.fits (49/329)
Storing /home/altsai/eden/LOT20220101_2MASS_J04402325-0530082_mod/2MASS_J04402325-0530082-20220101@123447-Eden.fts -> s3://eden-data/RAW/LOT/2MASS_J04402325-0530082/2022-01-01/2MASS_J04402325-0530082-20220101@123447-Eden.fits (50/329)
Storing /home/altsai/eden/LOT20220101_2MASS_J04402325-0530082_mod/2MASS_J04402325-0530082-20220101@123533-Eden.fts -> s3://eden-data/RAW/LOT/2MASS_J04402325-0530082/2022-01-01/2MASS_J04402325-0530082-20220101@123533-Eden.fits (51/329)
Storing /home/altsai/eden/LOT20220101_2MASS_J04402325-0530082_mod/2MASS_J04402325-0530082-20220101@123620-Eden.fts -> s3://eden-data/RAW/LOT/2MASS_J04402325-0530082/2022-01-01/2MASS_J04402325-0530082-20220101@123620-Eden.fits (52/329)
Storing /home/altsai/eden/LOT20220101_2MASS_J04402325-0530082_mod/2MASS_J04402325-0530082-20220101@123707-Eden.fts -> s3://eden-data/RAW/LOT/2MASS_J04402325-0530082/2022-01-01/2MASS_J04402325-0530082-20220101@123707-Eden.fits (53/329)
Storing /home/altsai/eden/LOT20220101_2MASS_J04402325-0530082_mod/2MASS_J04402325-0530082-20220101@123755-Eden.fts -> s3://eden-data/RAW/LOT/2MASS_J04402325-0530082/2022-01-01/2MASS_J04402325-0530082-20220101@123755-Eden.fits (54/329)
Storing /home/altsai/eden/LOT20220101_2MASS_J04402325-0530082_mod/2MASS_J04402325-0530082-20220101@123841-Eden.fts -> s3://eden-data/RAW/LOT/2MASS_J04402325-0530082/2022-01-01/2MASS_J04402325-0530082-20220101@123841-Eden.fits (55/329)
Storing /home/altsai/eden/LOT20220101_2MASS_J04402325-0530082_mod/2MASS_J04402325-0530082-20220101@123927-Eden.fts -> s3://eden-data/RAW/LOT/2MASS_J04402325-0530082/2022-01-01/2MASS_J04402325-0530082-20220101@123927-Eden.fits (56/329)
Storing /home/altsai/eden/LOT20220101_2MASS_J04402325-0530082_mod/2MASS_J04402325-0530082-20220101@124013-Eden.fts -> s3://eden-data/RAW/LOT/2MASS_J04402325-0530082/2022-01-01/2MASS_J04402325-0530082-20220101@124013-Eden.fits (57/329)
Storing /home/altsai/eden/LOT20220101_2MASS_J04402325-0530082_mod/2MASS_J04402325-0530082-20220101@124059-Eden.fts -> s3://eden-data/RAW/LOT/2MASS_J04402325-0530082/2022-01-01/2MASS_J04402325-0530082-20220101@124059-Eden.fits (58/329)
Storing /home/altsai/eden/LOT20220101_2MASS_J04402325-0530082_mod/2MASS_J04402325-0530082-20220101@124147-Eden.fts -> s3://eden-data/RAW/LOT/2MASS_J04402325-0530082/2022-01-01/2MASS_J04402325-0530082-20220101@124147-Eden.fits (59/329)
Storing /home/altsai/eden/LOT20220101_2MASS_J04402325-0530082_mod/2MASS_J04402325-0530082-20220101@124233-Eden.fts -> s3://eden-data/RAW/LOT/2MASS_J04402325-0530082/2022-01-01/2MASS_J04402325-0530082-20220101@124233-Eden.fits (60/329)
Storing /home/altsai/eden/LOT20220101_2MASS_J04402325-0530082_mod/2MASS_J04402325-0530082-20220101@124320-Eden.fts -> s3://eden-data/RAW/LOT/2MASS_J04402325-0530082/2022-01-01/2MASS_J04402325-0530082-20220101@124320-Eden.fits (61/329)
Storing /home/altsai/eden/LOT20220101_2MASS_J04402325-0530082_mod/2MASS_J04402325-0530082-20220101@124407-Eden.fts -> s3://eden-data/RAW/LOT/2MASS_J04402325-0530082/2022-01-01/2MASS_J04402325-0530082-20220101@124407-Eden.fits (62/329)
Storing /home/altsai/eden/LOT20220101_2MASS_J04402325-0530082_mod/2MASS_J04402325-0530082-20220101@124454-Eden.fts -> s3://eden-data/RAW/LOT/2MASS_J04402325-0530082/2022-01-01/2MASS_J04402325-0530082-20220101@124454-Eden.fits (63/329)
Storing /home/altsai/eden/LOT20220101_2MASS_J04402325-0530082_mod/2MASS_J04402325-0530082-20220101@124541-Eden.fts -> s3://eden-data/RAW/LOT/2MASS_J04402325-0530082/2022-01-01/2MASS_J04402325-0530082-20220101@124541-Eden.fits (64/329)
Storing /home/altsai/eden/LOT20220101_2MASS_J04402325-0530082_mod/2MASS_J04402325-0530082-20220101@124628-Eden.fts -> s3://eden-data/RAW/LOT/2MASS_J04402325-0530082/2022-01-01/2MASS_J04402325-0530082-20220101@124628-Eden.fits (65/329)
Storing /home/altsai/eden/LOT20220101_2MASS_J04402325-0530082_mod/2MASS_J04402325-0530082-20220101@124714-Eden.fts -> s3://eden-data/RAW/LOT/2MASS_J04402325-0530082/2022-01-01/2MASS_J04402325-0530082-20220101@124714-Eden.fits (66/329)
Storing /home/altsai/eden/LOT20220101_2MASS_J04402325-0530082_mod/2MASS_J04402325-0530082-20220101@124759-Eden.fts -> s3://eden-data/RAW/LOT/2MASS_J04402325-0530082/2022-01-01/2MASS_J04402325-0530082-20220101@124759-Eden.fits (67/329)
Storing /home/altsai/eden/LOT20220101_2MASS_J04402325-0530082_mod/2MASS_J04402325-0530082-20220101@124846-Eden.fts -> s3://eden-data/RAW/LOT/2MASS_J04402325-0530082/2022-01-01/2MASS_J04402325-0530082-20220101@124846-Eden.fits (68/329)
Storing /home/altsai/eden/LOT20220101_2MASS_J04402325-0530082_mod/2MASS_J04402325-0530082-20220101@124933-Eden.fts -> s3://eden-data/RAW/LOT/2MASS_J04402325-0530082/2022-01-01/2MASS_J04402325-0530082-20220101@124933-Eden.fits (69/329)
Storing /home/altsai/eden/LOT20220101_2MASS_J04402325-0530082_mod/2MASS_J04402325-0530082-20220101@125020-Eden.fts -> s3://eden-data/RAW/LOT/2MASS_J04402325-0530082/2022-01-01/2MASS_J04402325-0530082-20220101@125020-Eden.fits (70/329)
Storing /home/altsai/eden/LOT20220101_2MASS_J04402325-0530082_mod/2MASS_J04402325-0530082-20220101@125107-Eden.fts -> s3://eden-data/RAW/LOT/2MASS_J04402325-0530082/2022-01-01/2MASS_J04402325-0530082-20220101@125107-Eden.fits (71/329)
Storing /home/altsai/eden/LOT20220101_2MASS_J04402325-0530082_mod/2MASS_J04402325-0530082-20220101@125153-Eden.fts -> s3://eden-data/RAW/LOT/2MASS_J04402325-0530082/2022-01-01/2MASS_J04402325-0530082-20220101@125153-Eden.fits (72/329)
Storing /home/altsai/eden/LOT20220101_2MASS_J04402325-0530082_mod/2MASS_J04402325-0530082-20220101@125240-Eden.fts -> s3://eden-data/RAW/LOT/2MASS_J04402325-0530082/2022-01-01/2MASS_J04402325-0530082-20220101@125240-Eden.fits (73/329)
Storing /home/altsai/eden/LOT20220101_2MASS_J04402325-0530082_mod/2MASS_J04402325-0530082-20220101@125327-Eden.fts -> s3://eden-data/RAW/LOT/2MASS_J04402325-0530082/2022-01-01/2MASS_J04402325-0530082-20220101@125327-Eden.fits (74/329)
Storing /home/altsai/eden/LOT20220101_2MASS_J04402325-0530082_mod/2MASS_J04402325-0530082-20220101@125413-Eden.fts -> s3://eden-data/RAW/LOT/2MASS_J04402325-0530082/2022-01-01/2MASS_J04402325-0530082-20220101@125413-Eden.fits (75/329)
Storing /home/altsai/eden/LOT20220101_2MASS_J04402325-0530082_mod/2MASS_J04402325-0530082-20220101@125501-Eden.fts -> s3://eden-data/RAW/LOT/2MASS_J04402325-0530082/2022-01-01/2MASS_J04402325-0530082-20220101@125501-Eden.fits (76/329)
Storing /home/altsai/eden/LOT20220101_2MASS_J04402325-0530082_mod/2MASS_J04402325-0530082-20220101@125546-Eden.fts -> s3://eden-data/RAW/LOT/2MASS_J04402325-0530082/2022-01-01/2MASS_J04402325-0530082-20220101@125546-Eden.fits (77/329)
Storing /home/altsai/eden/LOT20220101_2MASS_J04402325-0530082_mod/2MASS_J04402325-0530082-20220101@125633-Eden.fts -> s3://eden-data/RAW/LOT/2MASS_J04402325-0530082/2022-01-01/2MASS_J04402325-0530082-20220101@125633-Eden.fits (78/329)
Storing /home/altsai/eden/LOT20220101_2MASS_J04402325-0530082_mod/2MASS_J04402325-0530082-20220101@125718-Eden.fts -> s3://eden-data/RAW/LOT/2MASS_J04402325-0530082/2022-01-01/2MASS_J04402325-0530082-20220101@125718-Eden.fits (79/329)
Storing /home/altsai/eden/LOT20220101_2MASS_J04402325-0530082_mod/2MASS_J04402325-0530082-20220101@125807-Eden.fts -> s3://eden-data/RAW/LOT/2MASS_J04402325-0530082/2022-01-01/2MASS_J04402325-0530082-20220101@125807-Eden.fits (80/329)
Storing /home/altsai/eden/LOT20220101_2MASS_J04402325-0530082_mod/2MASS_J04402325-0530082-20220101@125853-Eden.fts -> s3://eden-data/RAW/LOT/2MASS_J04402325-0530082/2022-01-01/2MASS_J04402325-0530082-20220101@125853-Eden.fits (81/329)
Storing /home/altsai/eden/LOT20220101_2MASS_J04402325-0530082_mod/2MASS_J04402325-0530082-20220101@125940-Eden.fts -> s3://eden-data/RAW/LOT/2MASS_J04402325-0530082/2022-01-01/2MASS_J04402325-0530082-20220101@125940-Eden.fits (82/329)
Storing /home/altsai/eden/LOT20220101_2MASS_J04402325-0530082_mod/2MASS_J04402325-0530082-20220101@130026-Eden.fts -> s3://eden-data/RAW/LOT/2MASS_J04402325-0530082/2022-01-01/2MASS_J04402325-0530082-20220101@130026-Eden.fits (83/329)
Storing /home/altsai/eden/LOT20220101_2MASS_J04402325-0530082_mod/2MASS_J04402325-0530082-20220101@130111-Eden.fts -> s3://eden-data/RAW/LOT/2MASS_J04402325-0530082/2022-01-01/2MASS_J04402325-0530082-20220101@130111-Eden.fits (84/329)
Storing /home/altsai/eden/LOT20220101_2MASS_J04402325-0530082_mod/2MASS_J04402325-0530082-20220101@130158-Eden.fts -> s3://eden-data/RAW/LOT/2MASS_J04402325-0530082/2022-01-01/2MASS_J04402325-0530082-20220101@130158-Eden.fits (85/329)
Storing /home/altsai/eden/LOT20220101_2MASS_J04402325-0530082_mod/2MASS_J04402325-0530082-20220101@130244-Eden.fts -> s3://eden-data/RAW/LOT/2MASS_J04402325-0530082/2022-01-01/2MASS_J04402325-0530082-20220101@130244-Eden.fits (86/329)
Storing /home/altsai/eden/LOT20220101_2MASS_J04402325-0530082_mod/2MASS_J04402325-0530082-20220101@130330-Eden.fts -> s3://eden-data/RAW/LOT/2MASS_J04402325-0530082/2022-01-01/2MASS_J04402325-0530082-20220101@130330-Eden.fits (87/329)
Storing /home/altsai/eden/LOT20220101_2MASS_J04402325-0530082_mod/2MASS_J04402325-0530082-20220101@130416-Eden.fts -> s3://eden-data/RAW/LOT/2MASS_J04402325-0530082/2022-01-01/2MASS_J04402325-0530082-20220101@130416-Eden.fits (88/329)
Storing /home/altsai/eden/LOT20220101_2MASS_J04402325-0530082_mod/2MASS_J04402325-0530082-20220101@130502-Eden.fts -> s3://eden-data/RAW/LOT/2MASS_J04402325-0530082/2022-01-01/2MASS_J04402325-0530082-20220101@130502-Eden.fits (89/329)
Storing /home/altsai/eden/LOT20220101_2MASS_J04402325-0530082_mod/2MASS_J04402325-0530082-20220101@130549-Eden.fts -> s3://eden-data/RAW/LOT/2MASS_J04402325-0530082/2022-01-01/2MASS_J04402325-0530082-20220101@130549-Eden.fits (90/329)
Storing /home/altsai/eden/LOT20220101_2MASS_J04402325-0530082_mod/2MASS_J04402325-0530082-20220101@130635-Eden.fts -> s3://eden-data/RAW/LOT/2MASS_J04402325-0530082/2022-01-01/2MASS_J04402325-0530082-20220101@130635-Eden.fits (91/329)
Storing /home/altsai/eden/LOT20220101_2MASS_J04402325-0530082_mod/2MASS_J04402325-0530082-20220101@130721-Eden.fts -> s3://eden-data/RAW/LOT/2MASS_J04402325-0530082/2022-01-01/2MASS_J04402325-0530082-20220101@130721-Eden.fits (92/329)
Storing /home/altsai/eden/LOT20220101_2MASS_J04402325-0530082_mod/2MASS_J04402325-0530082-20220101@130807-Eden.fts -> s3://eden-data/RAW/LOT/2MASS_J04402325-0530082/2022-01-01/2MASS_J04402325-0530082-20220101@130807-Eden.fits (93/329)
Storing /home/altsai/eden/LOT20220101_2MASS_J04402325-0530082_mod/2MASS_J04402325-0530082-20220101@130853-Eden.fts -> s3://eden-data/RAW/LOT/2MASS_J04402325-0530082/2022-01-01/2MASS_J04402325-0530082-20220101@130853-Eden.fits (94/329)
Storing /home/altsai/eden/LOT20220101_2MASS_J04402325-0530082_mod/2MASS_J04402325-0530082-20220101@130941-Eden.fts -> s3://eden-data/RAW/LOT/2MASS_J04402325-0530082/2022-01-01/2MASS_J04402325-0530082-20220101@130941-Eden.fits (95/329)
Storing /home/altsai/eden/LOT20220101_2MASS_J04402325-0530082_mod/2MASS_J04402325-0530082-20220101@131027-Eden.fts -> s3://eden-data/RAW/LOT/2MASS_J04402325-0530082/2022-01-01/2MASS_J04402325-0530082-20220101@131027-Eden.fits (96/329)
Storing /home/altsai/eden/LOT20220101_2MASS_J04402325-0530082_mod/2MASS_J04402325-0530082-20220101@131114-Eden.fts -> s3://eden-data/RAW/LOT/2MASS_J04402325-0530082/2022-01-01/2MASS_J04402325-0530082-20220101@131114-Eden.fits (97/329)
Storing /home/altsai/eden/LOT20220101_2MASS_J04402325-0530082_mod/2MASS_J04402325-0530082-20220101@131201-Eden.fts -> s3://eden-data/RAW/LOT/2MASS_J04402325-0530082/2022-01-01/2MASS_J04402325-0530082-20220101@131201-Eden.fits (98/329)
Storing /home/altsai/eden/LOT20220101_2MASS_J04402325-0530082_mod/2MASS_J04402325-0530082-20220101@131247-Eden.fts -> s3://eden-data/RAW/LOT/2MASS_J04402325-0530082/2022-01-01/2MASS_J04402325-0530082-20220101@131247-Eden.fits (99/329)
Storing /home/altsai/eden/LOT20220101_2MASS_J04402325-0530082_mod/2MASS_J04402325-0530082-20220101@131334-Eden.fts -> s3://eden-data/RAW/LOT/2MASS_J04402325-0530082/2022-01-01/2MASS_J04402325-0530082-20220101@131334-Eden.fits (100/329)
Storing /home/altsai/eden/LOT20220101_2MASS_J04402325-0530082_mod/2MASS_J04402325-0530082-20220101@131421-Eden.fts -> s3://eden-data/RAW/LOT/2MASS_J04402325-0530082/2022-01-01/2MASS_J04402325-0530082-20220101@131421-Eden.fits (101/329)
Storing /home/altsai/eden/LOT20220101_2MASS_J04402325-0530082_mod/2MASS_J04402325-0530082-20220101@131508-Eden.fts -> s3://eden-data/RAW/LOT/2MASS_J04402325-0530082/2022-01-01/2MASS_J04402325-0530082-20220101@131508-Eden.fits (102/329)
Storing /home/altsai/eden/LOT20220101_2MASS_J04402325-0530082_mod/2MASS_J04402325-0530082-20220101@131554-Eden.fts -> s3://eden-data/RAW/LOT/2MASS_J04402325-0530082/2022-01-01/2MASS_J04402325-0530082-20220101@131554-Eden.fits (103/329)
Storing /home/altsai/eden/LOT20220101_2MASS_J04402325-0530082_mod/2MASS_J04402325-0530082-20220101@131640-Eden.fts -> s3://eden-data/RAW/LOT/2MASS_J04402325-0530082/2022-01-01/2MASS_J04402325-0530082-20220101@131640-Eden.fits (104/329)
Storing /home/altsai/eden/LOT20220101_2MASS_J04402325-0530082_mod/2MASS_J04402325-0530082-20220101@131727-Eden.fts -> s3://eden-data/RAW/LOT/2MASS_J04402325-0530082/2022-01-01/2MASS_J04402325-0530082-20220101@131727-Eden.fits (105/329)
Storing /home/altsai/eden/LOT20220101_2MASS_J04402325-0530082_mod/2MASS_J04402325-0530082-20220101@131813-Eden.fts -> s3://eden-data/RAW/LOT/2MASS_J04402325-0530082/2022-01-01/2MASS_J04402325-0530082-20220101@131813-Eden.fits (106/329)
Storing /home/altsai/eden/LOT20220101_2MASS_J04402325-0530082_mod/2MASS_J04402325-0530082-20220101@131859-Eden.fts -> s3://eden-data/RAW/LOT/2MASS_J04402325-0530082/2022-01-01/2MASS_J04402325-0530082-20220101@131859-Eden.fits (107/329)
Storing /home/altsai/eden/LOT20220101_2MASS_J04402325-0530082_mod/2MASS_J04402325-0530082-20220101@131945-Eden.fts -> s3://eden-data/RAW/LOT/2MASS_J04402325-0530082/2022-01-01/2MASS_J04402325-0530082-20220101@131945-Eden.fits (108/329)
Storing /home/altsai/eden/LOT20220101_2MASS_J04402325-0530082_mod/2MASS_J04402325-0530082-20220101@132032-Eden.fts -> s3://eden-data/RAW/LOT/2MASS_J04402325-0530082/2022-01-01/2MASS_J04402325-0530082-20220101@132032-Eden.fits (109/329)
Storing /home/altsai/eden/LOT20220101_2MASS_J04402325-0530082_mod/2MASS_J04402325-0530082-20220101@132119-Eden.fts -> s3://eden-data/RAW/LOT/2MASS_J04402325-0530082/2022-01-01/2MASS_J04402325-0530082-20220101@132119-Eden.fits (110/329)
Storing /home/altsai/eden/LOT20220101_2MASS_J04402325-0530082_mod/2MASS_J04402325-0530082-20220101@132205-Eden.fts -> s3://eden-data/RAW/LOT/2MASS_J04402325-0530082/2022-01-01/2MASS_J04402325-0530082-20220101@132205-Eden.fits (111/329)
Storing /home/altsai/eden/LOT20220101_2MASS_J04402325-0530082_mod/2MASS_J04402325-0530082-20220101@132251-Eden.fts -> s3://eden-data/RAW/LOT/2MASS_J04402325-0530082/2022-01-01/2MASS_J04402325-0530082-20220101@132251-Eden.fits (112/329)
Storing /home/altsai/eden/LOT20220101_2MASS_J04402325-0530082_mod/2MASS_J04402325-0530082-20220101@132337-Eden.fts -> s3://eden-data/RAW/LOT/2MASS_J04402325-0530082/2022-01-01/2MASS_J04402325-0530082-20220101@132337-Eden.fits (113/329)
Storing /home/altsai/eden/LOT20220101_2MASS_J04402325-0530082_mod/2MASS_J04402325-0530082-20220101@132424-Eden.fts -> s3://eden-data/RAW/LOT/2MASS_J04402325-0530082/2022-01-01/2MASS_J04402325-0530082-20220101@132424-Eden.fits (114/329)
Storing /home/altsai/eden/LOT20220101_2MASS_J04402325-0530082_mod/2MASS_J04402325-0530082-20220101@132511-Eden.fts -> s3://eden-data/RAW/LOT/2MASS_J04402325-0530082/2022-01-01/2MASS_J04402325-0530082-20220101@132511-Eden.fits (115/329)
Storing /home/altsai/eden/LOT20220101_2MASS_J04402325-0530082_mod/2MASS_J04402325-0530082-20220101@132557-Eden.fts -> s3://eden-data/RAW/LOT/2MASS_J04402325-0530082/2022-01-01/2MASS_J04402325-0530082-20220101@132557-Eden.fits (116/329)
Storing /home/altsai/eden/LOT20220101_2MASS_J04402325-0530082_mod/2MASS_J04402325-0530082-20220101@132644-Eden.fts -> s3://eden-data/RAW/LOT/2MASS_J04402325-0530082/2022-01-01/2MASS_J04402325-0530082-20220101@132644-Eden.fits (117/329)
Storing /home/altsai/eden/LOT20220101_2MASS_J04402325-0530082_mod/2MASS_J04402325-0530082-20220101@132730-Eden.fts -> s3://eden-data/RAW/LOT/2MASS_J04402325-0530082/2022-01-01/2MASS_J04402325-0530082-20220101@132730-Eden.fits (118/329)
Storing /home/altsai/eden/LOT20220101_2MASS_J04402325-0530082_mod/2MASS_J04402325-0530082-20220101@132817-Eden.fts -> s3://eden-data/RAW/LOT/2MASS_J04402325-0530082/2022-01-01/2MASS_J04402325-0530082-20220101@132817-Eden.fits (119/329)
Storing /home/altsai/eden/LOT20220101_2MASS_J04402325-0530082_mod/2MASS_J04402325-0530082-20220101@132904-Eden.fts -> s3://eden-data/RAW/LOT/2MASS_J04402325-0530082/2022-01-01/2MASS_J04402325-0530082-20220101@132904-Eden.fits (120/329)
Storing /home/altsai/eden/LOT20220101_2MASS_J04402325-0530082_mod/2MASS_J04402325-0530082-20220101@132950-Eden.fts -> s3://eden-data/RAW/LOT/2MASS_J04402325-0530082/2022-01-01/2MASS_J04402325-0530082-20220101@132950-Eden.fits (121/329)
Storing /home/altsai/eden/LOT20220101_2MASS_J04402325-0530082_mod/2MASS_J04402325-0530082-20220101@133038-Eden.fts -> s3://eden-data/RAW/LOT/2MASS_J04402325-0530082/2022-01-01/2MASS_J04402325-0530082-20220101@133038-Eden.fits (122/329)
Storing /home/altsai/eden/LOT20220101_2MASS_J04402325-0530082_mod/2MASS_J04402325-0530082-20220101@133124-Eden.fts -> s3://eden-data/RAW/LOT/2MASS_J04402325-0530082/2022-01-01/2MASS_J04402325-0530082-20220101@133124-Eden.fits (123/329)
Storing /home/altsai/eden/LOT20220101_2MASS_J04402325-0530082_mod/2MASS_J04402325-0530082-20220101@133210-Eden.fts -> s3://eden-data/RAW/LOT/2MASS_J04402325-0530082/2022-01-01/2MASS_J04402325-0530082-20220101@133210-Eden.fits (124/329)
Storing /home/altsai/eden/LOT20220101_2MASS_J04402325-0530082_mod/2MASS_J04402325-0530082-20220101@133257-Eden.fts -> s3://eden-data/RAW/LOT/2MASS_J04402325-0530082/2022-01-01/2MASS_J04402325-0530082-20220101@133257-Eden.fits (125/329)
Storing /home/altsai/eden/LOT20220101_2MASS_J04402325-0530082_mod/2MASS_J04402325-0530082-20220101@133343-Eden.fts -> s3://eden-data/RAW/LOT/2MASS_J04402325-0530082/2022-01-01/2MASS_J04402325-0530082-20220101@133343-Eden.fits (126/329)
Storing /home/altsai/eden/LOT20220101_2MASS_J04402325-0530082_mod/2MASS_J04402325-0530082-20220101@133429-Eden.fts -> s3://eden-data/RAW/LOT/2MASS_J04402325-0530082/2022-01-01/2MASS_J04402325-0530082-20220101@133429-Eden.fits (127/329)
Storing /home/altsai/eden/LOT20220101_2MASS_J04402325-0530082_mod/2MASS_J04402325-0530082-20220101@133515-Eden.fts -> s3://eden-data/RAW/LOT/2MASS_J04402325-0530082/2022-01-01/2MASS_J04402325-0530082-20220101@133515-Eden.fits (128/329)
Storing /home/altsai/eden/LOT20220101_2MASS_J04402325-0530082_mod/2MASS_J04402325-0530082-20220101@133603-Eden.fts -> s3://eden-data/RAW/LOT/2MASS_J04402325-0530082/2022-01-01/2MASS_J04402325-0530082-20220101@133603-Eden.fits (129/329)
Storing /home/altsai/eden/LOT20220101_2MASS_J04402325-0530082_mod/2MASS_J04402325-0530082-20220101@133650-Eden.fts -> s3://eden-data/RAW/LOT/2MASS_J04402325-0530082/2022-01-01/2MASS_J04402325-0530082-20220101@133650-Eden.fits (130/329)
Storing /home/altsai/eden/LOT20220101_2MASS_J04402325-0530082_mod/2MASS_J04402325-0530082-20220101@133736-Eden.fts -> s3://eden-data/RAW/LOT/2MASS_J04402325-0530082/2022-01-01/2MASS_J04402325-0530082-20220101@133736-Eden.fits (131/329)
Storing /home/altsai/eden/LOT20220101_2MASS_J04402325-0530082_mod/2MASS_J04402325-0530082-20220101@133822-Eden.fts -> s3://eden-data/RAW/LOT/2MASS_J04402325-0530082/2022-01-01/2MASS_J04402325-0530082-20220101@133822-Eden.fits (132/329)
Storing /home/altsai/eden/LOT20220101_2MASS_J04402325-0530082_mod/2MASS_J04402325-0530082-20220101@133910-Eden.fts -> s3://eden-data/RAW/LOT/2MASS_J04402325-0530082/2022-01-01/2MASS_J04402325-0530082-20220101@133910-Eden.fits (133/329)
Storing /home/altsai/eden/LOT20220101_2MASS_J04402325-0530082_mod/2MASS_J04402325-0530082-20220101@133957-Eden.fts -> s3://eden-data/RAW/LOT/2MASS_J04402325-0530082/2022-01-01/2MASS_J04402325-0530082-20220101@133957-Eden.fits (134/329)
Storing /home/altsai/eden/LOT20220101_2MASS_J04402325-0530082_mod/2MASS_J04402325-0530082-20220101@134044-Eden.fts -> s3://eden-data/RAW/LOT/2MASS_J04402325-0530082/2022-01-01/2MASS_J04402325-0530082-20220101@134044-Eden.fits (135/329)
Storing /home/altsai/eden/LOT20220101_2MASS_J04402325-0530082_mod/2MASS_J04402325-0530082-20220101@134130-Eden.fts -> s3://eden-data/RAW/LOT/2MASS_J04402325-0530082/2022-01-01/2MASS_J04402325-0530082-20220101@134130-Eden.fits (136/329)
Storing /home/altsai/eden/LOT20220101_2MASS_J04402325-0530082_mod/2MASS_J04402325-0530082-20220101@134216-Eden.fts -> s3://eden-data/RAW/LOT/2MASS_J04402325-0530082/2022-01-01/2MASS_J04402325-0530082-20220101@134216-Eden.fits (137/329)
Storing /home/altsai/eden/LOT20220101_2MASS_J04402325-0530082_mod/2MASS_J04402325-0530082-20220101@134303-Eden.fts -> s3://eden-data/RAW/LOT/2MASS_J04402325-0530082/2022-01-01/2MASS_J04402325-0530082-20220101@134303-Eden.fits (138/329)
Storing /home/altsai/eden/LOT20220101_2MASS_J04402325-0530082_mod/2MASS_J04402325-0530082-20220101@134349-Eden.fts -> s3://eden-data/RAW/LOT/2MASS_J04402325-0530082/2022-01-01/2MASS_J04402325-0530082-20220101@134349-Eden.fits (139/329)
Storing /home/altsai/eden/LOT20220101_2MASS_J04402325-0530082_mod/2MASS_J04402325-0530082-20220101@134435-Eden.fts -> s3://eden-data/RAW/LOT/2MASS_J04402325-0530082/2022-01-01/2MASS_J04402325-0530082-20220101@134435-Eden.fits (140/329)
Storing /home/altsai/eden/LOT20220101_2MASS_J04402325-0530082_mod/2MASS_J04402325-0530082-20220101@134522-Eden.fts -> s3://eden-data/RAW/LOT/2MASS_J04402325-0530082/2022-01-01/2MASS_J04402325-0530082-20220101@134522-Eden.fits (141/329)
Storing /home/altsai/eden/LOT20220101_2MASS_J04402325-0530082_mod/2MASS_J04402325-0530082-20220101@134609-Eden.fts -> s3://eden-data/RAW/LOT/2MASS_J04402325-0530082/2022-01-01/2MASS_J04402325-0530082-20220101@134609-Eden.fits (142/329)
Storing /home/altsai/eden/LOT20220101_2MASS_J04402325-0530082_mod/2MASS_J04402325-0530082-20220101@134655-Eden.fts -> s3://eden-data/RAW/LOT/2MASS_J04402325-0530082/2022-01-01/2MASS_J04402325-0530082-20220101@134655-Eden.fits (143/329)
Storing /home/altsai/eden/LOT20220101_2MASS_J04402325-0530082_mod/2MASS_J04402325-0530082-20220101@134741-Eden.fts -> s3://eden-data/RAW/LOT/2MASS_J04402325-0530082/2022-01-01/2MASS_J04402325-0530082-20220101@134741-Eden.fits (144/329)
Storing /home/altsai/eden/LOT20220101_2MASS_J04402325-0530082_mod/2MASS_J04402325-0530082-20220101@134827-Eden.fts -> s3://eden-data/RAW/LOT/2MASS_J04402325-0530082/2022-01-01/2MASS_J04402325-0530082-20220101@134827-Eden.fits (145/329)
Storing /home/altsai/eden/LOT20220101_2MASS_J04402325-0530082_mod/2MASS_J04402325-0530082-20220101@134913-Eden.fts -> s3://eden-data/RAW/LOT/2MASS_J04402325-0530082/2022-01-01/2MASS_J04402325-0530082-20220101@134913-Eden.fits (146/329)
Storing /home/altsai/eden/LOT20220101_2MASS_J04402325-0530082_mod/2MASS_J04402325-0530082-20220101@135001-Eden.fts -> s3://eden-data/RAW/LOT/2MASS_J04402325-0530082/2022-01-01/2MASS_J04402325-0530082-20220101@135001-Eden.fits (147/329)
Storing /home/altsai/eden/LOT20220101_2MASS_J04402325-0530082_mod/2MASS_J04402325-0530082-20220101@135048-Eden.fts -> s3://eden-data/RAW/LOT/2MASS_J04402325-0530082/2022-01-01/2MASS_J04402325-0530082-20220101@135048-Eden.fits (148/329)
Storing /home/altsai/eden/LOT20220101_2MASS_J04402325-0530082_mod/2MASS_J04402325-0530082-20220101@135135-Eden.fts -> s3://eden-data/RAW/LOT/2MASS_J04402325-0530082/2022-01-01/2MASS_J04402325-0530082-20220101@135135-Eden.fits (149/329)
Storing /home/altsai/eden/LOT20220101_2MASS_J04402325-0530082_mod/2MASS_J04402325-0530082-20220101@135221-Eden.fts -> s3://eden-data/RAW/LOT/2MASS_J04402325-0530082/2022-01-01/2MASS_J04402325-0530082-20220101@135221-Eden.fits (150/329)
Storing /home/altsai/eden/LOT20220101_2MASS_J04402325-0530082_mod/2MASS_J04402325-0530082-20220101@135308-Eden.fts -> s3://eden-data/RAW/LOT/2MASS_J04402325-0530082/2022-01-01/2MASS_J04402325-0530082-20220101@135308-Eden.fits (151/329)
Storing /home/altsai/eden/LOT20220101_2MASS_J04402325-0530082_mod/2MASS_J04402325-0530082-20220101@135354-Eden.fts -> s3://eden-data/RAW/LOT/2MASS_J04402325-0530082/2022-01-01/2MASS_J04402325-0530082-20220101@135354-Eden.fits (152/329)
Storing /home/altsai/eden/LOT20220101_2MASS_J04402325-0530082_mod/2MASS_J04402325-0530082-20220101@135442-Eden.fts -> s3://eden-data/RAW/LOT/2MASS_J04402325-0530082/2022-01-01/2MASS_J04402325-0530082-20220101@135442-Eden.fits (153/329)
Storing /home/altsai/eden/LOT20220101_2MASS_J04402325-0530082_mod/2MASS_J04402325-0530082-20220101@135529-Eden.fts -> s3://eden-data/RAW/LOT/2MASS_J04402325-0530082/2022-01-01/2MASS_J04402325-0530082-20220101@135529-Eden.fits (154/329)
Storing /home/altsai/eden/LOT20220101_2MASS_J04402325-0530082_mod/2MASS_J04402325-0530082-20220101@135616-Eden.fts -> s3://eden-data/RAW/LOT/2MASS_J04402325-0530082/2022-01-01/2MASS_J04402325-0530082-20220101@135616-Eden.fits (155/329)
Storing /home/altsai/eden/LOT20220101_2MASS_J04402325-0530082_mod/2MASS_J04402325-0530082-20220101@135703-Eden.fts -> s3://eden-data/RAW/LOT/2MASS_J04402325-0530082/2022-01-01/2MASS_J04402325-0530082-20220101@135703-Eden.fits (156/329)
Storing /home/altsai/eden/LOT20220101_2MASS_J04402325-0530082_mod/2MASS_J04402325-0530082-20220101@135748-Eden.fts -> s3://eden-data/RAW/LOT/2MASS_J04402325-0530082/2022-01-01/2MASS_J04402325-0530082-20220101@135748-Eden.fits (157/329)
Storing /home/altsai/eden/LOT20220101_2MASS_J04402325-0530082_mod/2MASS_J04402325-0530082-20220101@135835-Eden.fts -> s3://eden-data/RAW/LOT/2MASS_J04402325-0530082/2022-01-01/2MASS_J04402325-0530082-20220101@135835-Eden.fits (158/329)
Storing /home/altsai/eden/LOT20220101_2MASS_J04402325-0530082_mod/2MASS_J04402325-0530082-20220101@135922-Eden.fts -> s3://eden-data/RAW/LOT/2MASS_J04402325-0530082/2022-01-01/2MASS_J04402325-0530082-20220101@135922-Eden.fits (159/329)
Storing /home/altsai/eden/LOT20220101_2MASS_J04402325-0530082_mod/2MASS_J04402325-0530082-20220101@140008-Eden.fts -> s3://eden-data/RAW/LOT/2MASS_J04402325-0530082/2022-01-01/2MASS_J04402325-0530082-20220101@140008-Eden.fits (160/329)
Storing /home/altsai/eden/LOT20220101_2MASS_J04402325-0530082_mod/2MASS_J04402325-0530082-20220101@140055-Eden.fts -> s3://eden-data/RAW/LOT/2MASS_J04402325-0530082/2022-01-01/2MASS_J04402325-0530082-20220101@140055-Eden.fits (161/329)
Storing /home/altsai/eden/LOT20220101_2MASS_J04402325-0530082_mod/2MASS_J04402325-0530082-20220101@140142-Eden.fts -> s3://eden-data/RAW/LOT/2MASS_J04402325-0530082/2022-01-01/2MASS_J04402325-0530082-20220101@140142-Eden.fits (162/329)
Storing /home/altsai/eden/LOT20220101_2MASS_J04402325-0530082_mod/2MASS_J04402325-0530082-20220101@140229-Eden.fts -> s3://eden-data/RAW/LOT/2MASS_J04402325-0530082/2022-01-01/2MASS_J04402325-0530082-20220101@140229-Eden.fits (163/329)
Storing /home/altsai/eden/LOT20220101_2MASS_J04402325-0530082_mod/2MASS_J04402325-0530082-20220101@140317-Eden.fts -> s3://eden-data/RAW/LOT/2MASS_J04402325-0530082/2022-01-01/2MASS_J04402325-0530082-20220101@140317-Eden.fits (164/329)
Storing /home/altsai/eden/LOT20220101_2MASS_J04402325-0530082_mod/2MASS_J04402325-0530082-20220101@140404-Eden.fts -> s3://eden-data/RAW/LOT/2MASS_J04402325-0530082/2022-01-01/2MASS_J04402325-0530082-20220101@140404-Eden.fits (165/329)
Storing /home/altsai/eden/LOT20220101_2MASS_J04402325-0530082_mod/2MASS_J04402325-0530082-20220101@140450-Eden.fts -> s3://eden-data/RAW/LOT/2MASS_J04402325-0530082/2022-01-01/2MASS_J04402325-0530082-20220101@140450-Eden.fits (166/329)
Storing /home/altsai/eden/LOT20220101_2MASS_J04402325-0530082_mod/2MASS_J04402325-0530082-20220101@140537-Eden.fts -> s3://eden-data/RAW/LOT/2MASS_J04402325-0530082/2022-01-01/2MASS_J04402325-0530082-20220101@140537-Eden.fits (167/329)
Storing /home/altsai/eden/LOT20220101_2MASS_J04402325-0530082_mod/2MASS_J04402325-0530082-20220101@140624-Eden.fts -> s3://eden-data/RAW/LOT/2MASS_J04402325-0530082/2022-01-01/2MASS_J04402325-0530082-20220101@140624-Eden.fits (168/329)
Storing /home/altsai/eden/LOT20220101_2MASS_J04402325-0530082_mod/2MASS_J04402325-0530082-20220101@140710-Eden.fts -> s3://eden-data/RAW/LOT/2MASS_J04402325-0530082/2022-01-01/2MASS_J04402325-0530082-20220101@140710-Eden.fits (169/329)
Storing /home/altsai/eden/LOT20220101_2MASS_J04402325-0530082_mod/2MASS_J04402325-0530082-20220101@140758-Eden.fts -> s3://eden-data/RAW/LOT/2MASS_J04402325-0530082/2022-01-01/2MASS_J04402325-0530082-20220101@140758-Eden.fits (170/329)
Storing /home/altsai/eden/LOT20220101_2MASS_J04402325-0530082_mod/2MASS_J04402325-0530082-20220101@140844-Eden.fts -> s3://eden-data/RAW/LOT/2MASS_J04402325-0530082/2022-01-01/2MASS_J04402325-0530082-20220101@140844-Eden.fits (171/329)
Storing /home/altsai/eden/LOT20220101_2MASS_J04402325-0530082_mod/2MASS_J04402325-0530082-20220101@140932-Eden.fts -> s3://eden-data/RAW/LOT/2MASS_J04402325-0530082/2022-01-01/2MASS_J04402325-0530082-20220101@140932-Eden.fits (172/329)
Storing /home/altsai/eden/LOT20220101_2MASS_J04402325-0530082_mod/2MASS_J04402325-0530082-20220101@141019-Eden.fts -> s3://eden-data/RAW/LOT/2MASS_J04402325-0530082/2022-01-01/2MASS_J04402325-0530082-20220101@141019-Eden.fits (173/329)
Storing /home/altsai/eden/LOT20220101_2MASS_J04402325-0530082_mod/2MASS_J04402325-0530082-20220101@141106-Eden.fts -> s3://eden-data/RAW/LOT/2MASS_J04402325-0530082/2022-01-01/2MASS_J04402325-0530082-20220101@141106-Eden.fits (174/329)
Storing /home/altsai/eden/LOT20220101_2MASS_J04402325-0530082_mod/2MASS_J04402325-0530082-20220101@141152-Eden.fts -> s3://eden-data/RAW/LOT/2MASS_J04402325-0530082/2022-01-01/2MASS_J04402325-0530082-20220101@141152-Eden.fits (175/329)
Storing /home/altsai/eden/LOT20220101_2MASS_J04402325-0530082_mod/2MASS_J04402325-0530082-20220101@141238-Eden.fts -> s3://eden-data/RAW/LOT/2MASS_J04402325-0530082/2022-01-01/2MASS_J04402325-0530082-20220101@141238-Eden.fits (176/329)
Storing /home/altsai/eden/LOT20220101_2MASS_J04402325-0530082_mod/2MASS_J04402325-0530082-20220101@141325-Eden.fts -> s3://eden-data/RAW/LOT/2MASS_J04402325-0530082/2022-01-01/2MASS_J04402325-0530082-20220101@141325-Eden.fits (177/329)
Storing /home/altsai/eden/LOT20220101_2MASS_J04402325-0530082_mod/2MASS_J04402325-0530082-20220101@141411-Eden.fts -> s3://eden-data/RAW/LOT/2MASS_J04402325-0530082/2022-01-01/2MASS_J04402325-0530082-20220101@141411-Eden.fits (178/329)
Storing /home/altsai/eden/LOT20220101_2MASS_J04402325-0530082_mod/2MASS_J04402325-0530082-20220101@141458-Eden.fts -> s3://eden-data/RAW/LOT/2MASS_J04402325-0530082/2022-01-01/2MASS_J04402325-0530082-20220101@141458-Eden.fits (179/329)
Storing /home/altsai/eden/LOT20220101_2MASS_J04402325-0530082_mod/2MASS_J04402325-0530082-20220101@141545-Eden.fts -> s3://eden-data/RAW/LOT/2MASS_J04402325-0530082/2022-01-01/2MASS_J04402325-0530082-20220101@141545-Eden.fits (180/329)
Storing /home/altsai/eden/LOT20220101_2MASS_J04402325-0530082_mod/2MASS_J04402325-0530082-20220101@141631-Eden.fts -> s3://eden-data/RAW/LOT/2MASS_J04402325-0530082/2022-01-01/2MASS_J04402325-0530082-20220101@141631-Eden.fits (181/329)
Storing /home/altsai/eden/LOT20220101_2MASS_J04402325-0530082_mod/2MASS_J04402325-0530082-20220101@141718-Eden.fts -> s3://eden-data/RAW/LOT/2MASS_J04402325-0530082/2022-01-01/2MASS_J04402325-0530082-20220101@141718-Eden.fits (182/329)
Storing /home/altsai/eden/LOT20220101_2MASS_J04402325-0530082_mod/2MASS_J04402325-0530082-20220101@141805-Eden.fts -> s3://eden-data/RAW/LOT/2MASS_J04402325-0530082/2022-01-01/2MASS_J04402325-0530082-20220101@141805-Eden.fits (183/329)
Storing /home/altsai/eden/LOT20220101_2MASS_J04402325-0530082_mod/2MASS_J04402325-0530082-20220101@141852-Eden.fts -> s3://eden-data/RAW/LOT/2MASS_J04402325-0530082/2022-01-01/2MASS_J04402325-0530082-20220101@141852-Eden.fits (184/329)
Storing /home/altsai/eden/LOT20220101_2MASS_J04402325-0530082_mod/2MASS_J04402325-0530082-20220101@141938-Eden.fts -> s3://eden-data/RAW/LOT/2MASS_J04402325-0530082/2022-01-01/2MASS_J04402325-0530082-20220101@141938-Eden.fits (185/329)
Storing /home/altsai/eden/LOT20220101_2MASS_J04402325-0530082_mod/2MASS_J04402325-0530082-20220101@142024-Eden.fts -> s3://eden-data/RAW/LOT/2MASS_J04402325-0530082/2022-01-01/2MASS_J04402325-0530082-20220101@142024-Eden.fits (186/329)
Storing /home/altsai/eden/LOT20220101_2MASS_J04402325-0530082_mod/2MASS_J04402325-0530082-20220101@142112-Eden.fts -> s3://eden-data/RAW/LOT/2MASS_J04402325-0530082/2022-01-01/2MASS_J04402325-0530082-20220101@142112-Eden.fits (187/329)
Storing /home/altsai/eden/LOT20220101_2MASS_J04402325-0530082_mod/2MASS_J04402325-0530082-20220101@142158-Eden.fts -> s3://eden-data/RAW/LOT/2MASS_J04402325-0530082/2022-01-01/2MASS_J04402325-0530082-20220101@142158-Eden.fits (188/329)
Storing /home/altsai/eden/LOT20220101_2MASS_J04402325-0530082_mod/2MASS_J04402325-0530082-20220101@142246-Eden.fts -> s3://eden-data/RAW/LOT/2MASS_J04402325-0530082/2022-01-01/2MASS_J04402325-0530082-20220101@142246-Eden.fits (189/329)
Storing /home/altsai/eden/LOT20220101_2MASS_J04402325-0530082_mod/2MASS_J04402325-0530082-20220101@142333-Eden.fts -> s3://eden-data/RAW/LOT/2MASS_J04402325-0530082/2022-01-01/2MASS_J04402325-0530082-20220101@142333-Eden.fits (190/329)
Storing /home/altsai/eden/LOT20220101_2MASS_J04402325-0530082_mod/2MASS_J04402325-0530082-20220101@142419-Eden.fts -> s3://eden-data/RAW/LOT/2MASS_J04402325-0530082/2022-01-01/2MASS_J04402325-0530082-20220101@142419-Eden.fits (191/329)
Storing /home/altsai/eden/LOT20220101_2MASS_J04402325-0530082_mod/2MASS_J04402325-0530082-20220101@142506-Eden.fts -> s3://eden-data/RAW/LOT/2MASS_J04402325-0530082/2022-01-01/2MASS_J04402325-0530082-20220101@142506-Eden.fits (192/329)
Storing /home/altsai/eden/LOT20220101_2MASS_J04402325-0530082_mod/2MASS_J04402325-0530082-20220101@142552-Eden.fts -> s3://eden-data/RAW/LOT/2MASS_J04402325-0530082/2022-01-01/2MASS_J04402325-0530082-20220101@142552-Eden.fits (193/329)
Storing /home/altsai/eden/LOT20220101_2MASS_J04402325-0530082_mod/2MASS_J04402325-0530082-20220101@142640-Eden.fts -> s3://eden-data/RAW/LOT/2MASS_J04402325-0530082/2022-01-01/2MASS_J04402325-0530082-20220101@142640-Eden.fits (194/329)
Storing /home/altsai/eden/LOT20220101_2MASS_J04402325-0530082_mod/2MASS_J04402325-0530082-20220101@142726-Eden.fts -> s3://eden-data/RAW/LOT/2MASS_J04402325-0530082/2022-01-01/2MASS_J04402325-0530082-20220101@142726-Eden.fits (195/329)
Storing /home/altsai/eden/LOT20220101_2MASS_J04402325-0530082_mod/2MASS_J04402325-0530082-20220101@142812-Eden.fts -> s3://eden-data/RAW/LOT/2MASS_J04402325-0530082/2022-01-01/2MASS_J04402325-0530082-20220101@142812-Eden.fits (196/329)
Storing /home/altsai/eden/LOT20220101_2MASS_J04402325-0530082_mod/2MASS_J04402325-0530082-20220101@142858-Eden.fts -> s3://eden-data/RAW/LOT/2MASS_J04402325-0530082/2022-01-01/2MASS_J04402325-0530082-20220101@142858-Eden.fits (197/329)
Storing /home/altsai/eden/LOT20220101_2MASS_J04402325-0530082_mod/2MASS_J04402325-0530082-20220101@142945-Eden.fts -> s3://eden-data/RAW/LOT/2MASS_J04402325-0530082/2022-01-01/2MASS_J04402325-0530082-20220101@142945-Eden.fits (198/329)
Storing /home/altsai/eden/LOT20220101_2MASS_J04402325-0530082_mod/2MASS_J04402325-0530082-20220101@143030-Eden.fts -> s3://eden-data/RAW/LOT/2MASS_J04402325-0530082/2022-01-01/2MASS_J04402325-0530082-20220101@143030-Eden.fits (199/329)
Storing /home/altsai/eden/LOT20220101_2MASS_J04402325-0530082_mod/2MASS_J04402325-0530082-20220101@143118-Eden.fts -> s3://eden-data/RAW/LOT/2MASS_J04402325-0530082/2022-01-01/2MASS_J04402325-0530082-20220101@143118-Eden.fits (200/329)
Storing /home/altsai/eden/LOT20220101_2MASS_J04402325-0530082_mod/2MASS_J04402325-0530082-20220101@143205-Eden.fts -> s3://eden-data/RAW/LOT/2MASS_J04402325-0530082/2022-01-01/2MASS_J04402325-0530082-20220101@143205-Eden.fits (201/329)
Storing /home/altsai/eden/LOT20220101_2MASS_J04402325-0530082_mod/2MASS_J04402325-0530082-20220101@143253-Eden.fts -> s3://eden-data/RAW/LOT/2MASS_J04402325-0530082/2022-01-01/2MASS_J04402325-0530082-20220101@143253-Eden.fits (202/329)
Storing /home/altsai/eden/LOT20220101_2MASS_J04402325-0530082_mod/2MASS_J04402325-0530082-20220101@143341-Eden.fts -> s3://eden-data/RAW/LOT/2MASS_J04402325-0530082/2022-01-01/2MASS_J04402325-0530082-20220101@143341-Eden.fits (203/329)
Storing /home/altsai/eden/LOT20220101_2MASS_J04402325-0530082_mod/2MASS_J04402325-0530082-20220101@143428-Eden.fts -> s3://eden-data/RAW/LOT/2MASS_J04402325-0530082/2022-01-01/2MASS_J04402325-0530082-20220101@143428-Eden.fits (204/329)
Storing /home/altsai/eden/LOT20220101_2MASS_J04402325-0530082_mod/2MASS_J04402325-0530082-20220101@143514-Eden.fts -> s3://eden-data/RAW/LOT/2MASS_J04402325-0530082/2022-01-01/2MASS_J04402325-0530082-20220101@143514-Eden.fits (205/329)
Storing /home/altsai/eden/LOT20220101_2MASS_J04402325-0530082_mod/2MASS_J04402325-0530082-20220101@143601-Eden.fts -> s3://eden-data/RAW/LOT/2MASS_J04402325-0530082/2022-01-01/2MASS_J04402325-0530082-20220101@143601-Eden.fits (206/329)
Storing /home/altsai/eden/LOT20220101_2MASS_J04402325-0530082_mod/2MASS_J04402325-0530082-20220101@143648-Eden.fts -> s3://eden-data/RAW/LOT/2MASS_J04402325-0530082/2022-01-01/2MASS_J04402325-0530082-20220101@143648-Eden.fits (207/329)
Storing /home/altsai/eden/LOT20220101_2MASS_J04402325-0530082_mod/2MASS_J04402325-0530082-20220101@143734-Eden.fts -> s3://eden-data/RAW/LOT/2MASS_J04402325-0530082/2022-01-01/2MASS_J04402325-0530082-20220101@143734-Eden.fits (208/329)
Storing /home/altsai/eden/LOT20220101_2MASS_J04402325-0530082_mod/2MASS_J04402325-0530082-20220101@143821-Eden.fts -> s3://eden-data/RAW/LOT/2MASS_J04402325-0530082/2022-01-01/2MASS_J04402325-0530082-20220101@143821-Eden.fits (209/329)
Storing /home/altsai/eden/LOT20220101_2MASS_J04402325-0530082_mod/2MASS_J04402325-0530082-20220101@143909-Eden.fts -> s3://eden-data/RAW/LOT/2MASS_J04402325-0530082/2022-01-01/2MASS_J04402325-0530082-20220101@143909-Eden.fits (210/329)
Storing /home/altsai/eden/LOT20220101_2MASS_J04402325-0530082_mod/2MASS_J04402325-0530082-20220101@143956-Eden.fts -> s3://eden-data/RAW/LOT/2MASS_J04402325-0530082/2022-01-01/2MASS_J04402325-0530082-20220101@143956-Eden.fits (211/329)
Storing /home/altsai/eden/LOT20220101_2MASS_J04402325-0530082_mod/2MASS_J04402325-0530082-20220101@144043-Eden.fts -> s3://eden-data/RAW/LOT/2MASS_J04402325-0530082/2022-01-01/2MASS_J04402325-0530082-20220101@144043-Eden.fits (212/329)
Storing /home/altsai/eden/LOT20220101_2MASS_J04402325-0530082_mod/2MASS_J04402325-0530082-20220101@144130-Eden.fts -> s3://eden-data/RAW/LOT/2MASS_J04402325-0530082/2022-01-01/2MASS_J04402325-0530082-20220101@144130-Eden.fits (213/329)
Storing /home/altsai/eden/LOT20220101_2MASS_J04402325-0530082_mod/2MASS_J04402325-0530082-20220101@144216-Eden.fts -> s3://eden-data/RAW/LOT/2MASS_J04402325-0530082/2022-01-01/2MASS_J04402325-0530082-20220101@144216-Eden.fits (214/329)
Storing /home/altsai/eden/LOT20220101_2MASS_J04402325-0530082_mod/2MASS_J04402325-0530082-20220101@144302-Eden.fts -> s3://eden-data/RAW/LOT/2MASS_J04402325-0530082/2022-01-01/2MASS_J04402325-0530082-20220101@144302-Eden.fits (215/329)
Storing /home/altsai/eden/LOT20220101_2MASS_J04402325-0530082_mod/2MASS_J04402325-0530082-20220101@144348-Eden.fts -> s3://eden-data/RAW/LOT/2MASS_J04402325-0530082/2022-01-01/2MASS_J04402325-0530082-20220101@144348-Eden.fits (216/329)
Storing /home/altsai/eden/LOT20220101_2MASS_J04402325-0530082_mod/2MASS_J04402325-0530082-20220101@144434-Eden.fts -> s3://eden-data/RAW/LOT/2MASS_J04402325-0530082/2022-01-01/2MASS_J04402325-0530082-20220101@144434-Eden.fits (217/329)
Storing /home/altsai/eden/LOT20220101_2MASS_J04402325-0530082_mod/2MASS_J04402325-0530082-20220101@144521-Eden.fts -> s3://eden-data/RAW/LOT/2MASS_J04402325-0530082/2022-01-01/2MASS_J04402325-0530082-20220101@144521-Eden.fits (218/329)
Storing /home/altsai/eden/LOT20220101_2MASS_J04402325-0530082_mod/2MASS_J04402325-0530082-20220101@144607-Eden.fts -> s3://eden-data/RAW/LOT/2MASS_J04402325-0530082/2022-01-01/2MASS_J04402325-0530082-20220101@144607-Eden.fits (219/329)
Storing /home/altsai/eden/LOT20220101_2MASS_J04402325-0530082_mod/2MASS_J04402325-0530082-20220101@144654-Eden.fts -> s3://eden-data/RAW/LOT/2MASS_J04402325-0530082/2022-01-01/2MASS_J04402325-0530082-20220101@144654-Eden.fits (220/329)
Storing /home/altsai/eden/LOT20220101_2MASS_J04402325-0530082_mod/2MASS_J04402325-0530082-20220101@144741-Eden.fts -> s3://eden-data/RAW/LOT/2MASS_J04402325-0530082/2022-01-01/2MASS_J04402325-0530082-20220101@144741-Eden.fits (221/329)
Storing /home/altsai/eden/LOT20220101_2MASS_J04402325-0530082_mod/2MASS_J04402325-0530082-20220101@144828-Eden.fts -> s3://eden-data/RAW/LOT/2MASS_J04402325-0530082/2022-01-01/2MASS_J04402325-0530082-20220101@144828-Eden.fits (222/329)
Storing /home/altsai/eden/LOT20220101_2MASS_J04402325-0530082_mod/2MASS_J04402325-0530082-20220101@144913-Eden.fts -> s3://eden-data/RAW/LOT/2MASS_J04402325-0530082/2022-01-01/2MASS_J04402325-0530082-20220101@144913-Eden.fits (223/329)
Storing /home/altsai/eden/LOT20220101_2MASS_J04402325-0530082_mod/2MASS_J04402325-0530082-20220101@144959-Eden.fts -> s3://eden-data/RAW/LOT/2MASS_J04402325-0530082/2022-01-01/2MASS_J04402325-0530082-20220101@144959-Eden.fits (224/329)
Storing /home/altsai/eden/LOT20220101_2MASS_J04402325-0530082_mod/2MASS_J04402325-0530082-20220101@145046-Eden.fts -> s3://eden-data/RAW/LOT/2MASS_J04402325-0530082/2022-01-01/2MASS_J04402325-0530082-20220101@145046-Eden.fits (225/329)
Storing /home/altsai/eden/LOT20220101_2MASS_J04402325-0530082_mod/2MASS_J04402325-0530082-20220101@145134-Eden.fts -> s3://eden-data/RAW/LOT/2MASS_J04402325-0530082/2022-01-01/2MASS_J04402325-0530082-20220101@145134-Eden.fits (226/329)
Storing /home/altsai/eden/LOT20220101_2MASS_J04402325-0530082_mod/2MASS_J04402325-0530082-20220101@145221-Eden.fts -> s3://eden-data/RAW/LOT/2MASS_J04402325-0530082/2022-01-01/2MASS_J04402325-0530082-20220101@145221-Eden.fits (227/329)
Storing /home/altsai/eden/LOT20220101_2MASS_J04402325-0530082_mod/2MASS_J04402325-0530082-20220101@145308-Eden.fts -> s3://eden-data/RAW/LOT/2MASS_J04402325-0530082/2022-01-01/2MASS_J04402325-0530082-20220101@145308-Eden.fits (228/329)
Storing /home/altsai/eden/LOT20220101_2MASS_J04402325-0530082_mod/2MASS_J04402325-0530082-20220101@145355-Eden.fts -> s3://eden-data/RAW/LOT/2MASS_J04402325-0530082/2022-01-01/2MASS_J04402325-0530082-20220101@145355-Eden.fits (229/329)
Storing /home/altsai/eden/LOT20220101_2MASS_J04402325-0530082_mod/2MASS_J04402325-0530082-20220101@145441-Eden.fts -> s3://eden-data/RAW/LOT/2MASS_J04402325-0530082/2022-01-01/2MASS_J04402325-0530082-20220101@145441-Eden.fits (230/329)
Storing /home/altsai/eden/LOT20220101_2MASS_J04402325-0530082_mod/2MASS_J04402325-0530082-20220101@145528-Eden.fts -> s3://eden-data/RAW/LOT/2MASS_J04402325-0530082/2022-01-01/2MASS_J04402325-0530082-20220101@145528-Eden.fits (231/329)
Storing /home/altsai/eden/LOT20220101_2MASS_J04402325-0530082_mod/2MASS_J04402325-0530082-20220101@145616-Eden.fts -> s3://eden-data/RAW/LOT/2MASS_J04402325-0530082/2022-01-01/2MASS_J04402325-0530082-20220101@145616-Eden.fits (232/329)
Storing /home/altsai/eden/LOT20220101_2MASS_J04402325-0530082_mod/2MASS_J04402325-0530082-20220101@145703-Eden.fts -> s3://eden-data/RAW/LOT/2MASS_J04402325-0530082/2022-01-01/2MASS_J04402325-0530082-20220101@145703-Eden.fits (233/329)
Storing /home/altsai/eden/LOT20220101_2MASS_J04402325-0530082_mod/2MASS_J04402325-0530082-20220101@145749-Eden.fts -> s3://eden-data/RAW/LOT/2MASS_J04402325-0530082/2022-01-01/2MASS_J04402325-0530082-20220101@145749-Eden.fits (234/329)
Storing /home/altsai/eden/LOT20220101_2MASS_J04402325-0530082_mod/2MASS_J04402325-0530082-20220101@145836-Eden.fts -> s3://eden-data/RAW/LOT/2MASS_J04402325-0530082/2022-01-01/2MASS_J04402325-0530082-20220101@145836-Eden.fits (235/329)
Storing /home/altsai/eden/LOT20220101_2MASS_J04402325-0530082_mod/2MASS_J04402325-0530082-20220101@145924-Eden.fts -> s3://eden-data/RAW/LOT/2MASS_J04402325-0530082/2022-01-01/2MASS_J04402325-0530082-20220101@145924-Eden.fits (236/329)
Storing /home/altsai/eden/LOT20220101_2MASS_J04402325-0530082_mod/2MASS_J04402325-0530082-20220101@150010-Eden.fts -> s3://eden-data/RAW/LOT/2MASS_J04402325-0530082/2022-01-01/2MASS_J04402325-0530082-20220101@150010-Eden.fits (237/329)
Storing /home/altsai/eden/LOT20220101_2MASS_J04402325-0530082_mod/2MASS_J04402325-0530082-20220101@150057-Eden.fts -> s3://eden-data/RAW/LOT/2MASS_J04402325-0530082/2022-01-01/2MASS_J04402325-0530082-20220101@150057-Eden.fits (238/329)
Storing /home/altsai/eden/LOT20220101_2MASS_J04402325-0530082_mod/2MASS_J04402325-0530082-20220101@150143-Eden.fts -> s3://eden-data/RAW/LOT/2MASS_J04402325-0530082/2022-01-01/2MASS_J04402325-0530082-20220101@150143-Eden.fits (239/329)
Storing /home/altsai/eden/LOT20220101_2MASS_J04402325-0530082_mod/2MASS_J04402325-0530082-20220101@150231-Eden.fts -> s3://eden-data/RAW/LOT/2MASS_J04402325-0530082/2022-01-01/2MASS_J04402325-0530082-20220101@150231-Eden.fits (240/329)
Storing /home/altsai/eden/LOT20220101_2MASS_J04402325-0530082_mod/2MASS_J04402325-0530082-20220101@150318-Eden.fts -> s3://eden-data/RAW/LOT/2MASS_J04402325-0530082/2022-01-01/2MASS_J04402325-0530082-20220101@150318-Eden.fits (241/329)
Storing /home/altsai/eden/LOT20220101_2MASS_J04402325-0530082_mod/2MASS_J04402325-0530082-20220101@150405-Eden.fts -> s3://eden-data/RAW/LOT/2MASS_J04402325-0530082/2022-01-01/2MASS_J04402325-0530082-20220101@150405-Eden.fits (242/329)
Storing /home/altsai/eden/LOT20220101_2MASS_J04402325-0530082_mod/2MASS_J04402325-0530082-20220101@150452-Eden.fts -> s3://eden-data/RAW/LOT/2MASS_J04402325-0530082/2022-01-01/2MASS_J04402325-0530082-20220101@150452-Eden.fits (243/329)
Storing /home/altsai/eden/LOT20220101_2MASS_J04402325-0530082_mod/2MASS_J04402325-0530082-20220101@150538-Eden.fts -> s3://eden-data/RAW/LOT/2MASS_J04402325-0530082/2022-01-01/2MASS_J04402325-0530082-20220101@150538-Eden.fits (244/329)
Storing /home/altsai/eden/LOT20220101_2MASS_J04402325-0530082_mod/2MASS_J04402325-0530082-20220101@150626-Eden.fts -> s3://eden-data/RAW/LOT/2MASS_J04402325-0530082/2022-01-01/2MASS_J04402325-0530082-20220101@150626-Eden.fits (245/329)
Storing /home/altsai/eden/LOT20220101_2MASS_J04402325-0530082_mod/2MASS_J04402325-0530082-20220101@150713-Eden.fts -> s3://eden-data/RAW/LOT/2MASS_J04402325-0530082/2022-01-01/2MASS_J04402325-0530082-20220101@150713-Eden.fits (246/329)
Storing /home/altsai/eden/LOT20220101_2MASS_J04402325-0530082_mod/2MASS_J04402325-0530082-20220101@150801-Eden.fts -> s3://eden-data/RAW/LOT/2MASS_J04402325-0530082/2022-01-01/2MASS_J04402325-0530082-20220101@150801-Eden.fits (247/329)
Storing /home/altsai/eden/LOT20220101_2MASS_J04402325-0530082_mod/2MASS_J04402325-0530082-20220101@150848-Eden.fts -> s3://eden-data/RAW/LOT/2MASS_J04402325-0530082/2022-01-01/2MASS_J04402325-0530082-20220101@150848-Eden.fits (248/329)
Storing /home/altsai/eden/LOT20220101_2MASS_J04402325-0530082_mod/2MASS_J04402325-0530082-20220101@150934-Eden.fts -> s3://eden-data/RAW/LOT/2MASS_J04402325-0530082/2022-01-01/2MASS_J04402325-0530082-20220101@150934-Eden.fits (249/329)
Storing /home/altsai/eden/LOT20220101_2MASS_J04402325-0530082_mod/2MASS_J04402325-0530082-20220101@151021-Eden.fts -> s3://eden-data/RAW/LOT/2MASS_J04402325-0530082/2022-01-01/2MASS_J04402325-0530082-20220101@151021-Eden.fits (250/329)
Storing /home/altsai/eden/LOT20220101_2MASS_J04402325-0530082_mod/2MASS_J04402325-0530082-20220101@151107-Eden.fts -> s3://eden-data/RAW/LOT/2MASS_J04402325-0530082/2022-01-01/2MASS_J04402325-0530082-20220101@151107-Eden.fits (251/329)
Storing /home/altsai/eden/LOT20220101_2MASS_J04402325-0530082_mod/2MASS_J04402325-0530082-20220101@151153-Eden.fts -> s3://eden-data/RAW/LOT/2MASS_J04402325-0530082/2022-01-01/2MASS_J04402325-0530082-20220101@151153-Eden.fits (252/329)
Storing /home/altsai/eden/LOT20220101_2MASS_J04402325-0530082_mod/2MASS_J04402325-0530082-20220101@151239-Eden.fts -> s3://eden-data/RAW/LOT/2MASS_J04402325-0530082/2022-01-01/2MASS_J04402325-0530082-20220101@151239-Eden.fits (253/329)
Storing /home/altsai/eden/LOT20220101_2MASS_J04402325-0530082_mod/2MASS_J04402325-0530082-20220101@151325-Eden.fts -> s3://eden-data/RAW/LOT/2MASS_J04402325-0530082/2022-01-01/2MASS_J04402325-0530082-20220101@151325-Eden.fits (254/329)
Storing /home/altsai/eden/LOT20220101_2MASS_J04402325-0530082_mod/2MASS_J04402325-0530082-20220101@151411-Eden.fts -> s3://eden-data/RAW/LOT/2MASS_J04402325-0530082/2022-01-01/2MASS_J04402325-0530082-20220101@151411-Eden.fits (255/329)
Storing /home/altsai/eden/LOT20220101_2MASS_J04402325-0530082_mod/2MASS_J04402325-0530082-20220101@151458-Eden.fts -> s3://eden-data/RAW/LOT/2MASS_J04402325-0530082/2022-01-01/2MASS_J04402325-0530082-20220101@151458-Eden.fits (256/329)
Storing /home/altsai/eden/LOT20220101_2MASS_J04402325-0530082_mod/2MASS_J04402325-0530082-20220101@151544-Eden.fts -> s3://eden-data/RAW/LOT/2MASS_J04402325-0530082/2022-01-01/2MASS_J04402325-0530082-20220101@151544-Eden.fits (257/329)
Storing /home/altsai/eden/LOT20220101_2MASS_J04402325-0530082_mod/2MASS_J04402325-0530082-20220101@151630-Eden.fts -> s3://eden-data/RAW/LOT/2MASS_J04402325-0530082/2022-01-01/2MASS_J04402325-0530082-20220101@151630-Eden.fits (258/329)
Storing /home/altsai/eden/LOT20220101_2MASS_J04402325-0530082_mod/2MASS_J04402325-0530082-20220101@151717-Eden.fts -> s3://eden-data/RAW/LOT/2MASS_J04402325-0530082/2022-01-01/2MASS_J04402325-0530082-20220101@151717-Eden.fits (259/329)
Storing /home/altsai/eden/LOT20220101_2MASS_J04402325-0530082_mod/2MASS_J04402325-0530082-20220101@151803-Eden.fts -> s3://eden-data/RAW/LOT/2MASS_J04402325-0530082/2022-01-01/2MASS_J04402325-0530082-20220101@151803-Eden.fits (260/329)
Storing /home/altsai/eden/LOT20220101_2MASS_J04402325-0530082_mod/2MASS_J04402325-0530082-20220101@151850-Eden.fts -> s3://eden-data/RAW/LOT/2MASS_J04402325-0530082/2022-01-01/2MASS_J04402325-0530082-20220101@151850-Eden.fits (261/329)
Storing /home/altsai/eden/LOT20220101_2MASS_J04402325-0530082_mod/2MASS_J04402325-0530082-20220101@151936-Eden.fts -> s3://eden-data/RAW/LOT/2MASS_J04402325-0530082/2022-01-01/2MASS_J04402325-0530082-20220101@151936-Eden.fits (262/329)
Storing /home/altsai/eden/LOT20220101_2MASS_J04402325-0530082_mod/2MASS_J04402325-0530082-20220101@152022-Eden.fts -> s3://eden-data/RAW/LOT/2MASS_J04402325-0530082/2022-01-01/2MASS_J04402325-0530082-20220101@152022-Eden.fits (263/329)
Storing /home/altsai/eden/LOT20220101_2MASS_J04402325-0530082_mod/2MASS_J04402325-0530082-20220101@152109-Eden.fts -> s3://eden-data/RAW/LOT/2MASS_J04402325-0530082/2022-01-01/2MASS_J04402325-0530082-20220101@152109-Eden.fits (264/329)
Storing /home/altsai/eden/LOT20220101_2MASS_J04402325-0530082_mod/2MASS_J04402325-0530082-20220101@152154-Eden.fts -> s3://eden-data/RAW/LOT/2MASS_J04402325-0530082/2022-01-01/2MASS_J04402325-0530082-20220101@152154-Eden.fits (265/329)
Storing /home/altsai/eden/LOT20220101_2MASS_J04402325-0530082_mod/2MASS_J04402325-0530082-20220101@152240-Eden.fts -> s3://eden-data/RAW/LOT/2MASS_J04402325-0530082/2022-01-01/2MASS_J04402325-0530082-20220101@152240-Eden.fits (266/329)
Storing /home/altsai/eden/LOT20220101_2MASS_J04402325-0530082_mod/2MASS_J04402325-0530082-20220101@152326-Eden.fts -> s3://eden-data/RAW/LOT/2MASS_J04402325-0530082/2022-01-01/2MASS_J04402325-0530082-20220101@152326-Eden.fits (267/329)
Storing /home/altsai/eden/LOT20220101_2MASS_J04402325-0530082_mod/2MASS_J04402325-0530082-20220101@152412-Eden.fts -> s3://eden-data/RAW/LOT/2MASS_J04402325-0530082/2022-01-01/2MASS_J04402325-0530082-20220101@152412-Eden.fits (268/329)
Storing /home/altsai/eden/LOT20220101_2MASS_J04402325-0530082_mod/2MASS_J04402325-0530082-20220101@152458-Eden.fts -> s3://eden-data/RAW/LOT/2MASS_J04402325-0530082/2022-01-01/2MASS_J04402325-0530082-20220101@152458-Eden.fits (269/329)
Storing /home/altsai/eden/LOT20220101_2MASS_J04402325-0530082_mod/2MASS_J04402325-0530082-20220101@152546-Eden.fts -> s3://eden-data/RAW/LOT/2MASS_J04402325-0530082/2022-01-01/2MASS_J04402325-0530082-20220101@152546-Eden.fits (270/329)
Storing /home/altsai/eden/LOT20220101_2MASS_J04402325-0530082_mod/2MASS_J04402325-0530082-20220101@152633-Eden.fts -> s3://eden-data/RAW/LOT/2MASS_J04402325-0530082/2022-01-01/2MASS_J04402325-0530082-20220101@152633-Eden.fits (271/329)
Storing /home/altsai/eden/LOT20220101_2MASS_J04402325-0530082_mod/2MASS_J04402325-0530082-20220101@152719-Eden.fts -> s3://eden-data/RAW/LOT/2MASS_J04402325-0530082/2022-01-01/2MASS_J04402325-0530082-20220101@152719-Eden.fits (272/329)
Storing /home/altsai/eden/LOT20220101_2MASS_J04402325-0530082_mod/2MASS_J04402325-0530082-20220101@152806-Eden.fts -> s3://eden-data/RAW/LOT/2MASS_J04402325-0530082/2022-01-01/2MASS_J04402325-0530082-20220101@152806-Eden.fits (273/329)
Storing /home/altsai/eden/LOT20220101_2MASS_J04402325-0530082_mod/2MASS_J04402325-0530082-20220101@152853-Eden.fts -> s3://eden-data/RAW/LOT/2MASS_J04402325-0530082/2022-01-01/2MASS_J04402325-0530082-20220101@152853-Eden.fits (274/329)
Storing /home/altsai/eden/LOT20220101_2MASS_J04402325-0530082_mod/2MASS_J04402325-0530082-20220101@152940-Eden.fts -> s3://eden-data/RAW/LOT/2MASS_J04402325-0530082/2022-01-01/2MASS_J04402325-0530082-20220101@152940-Eden.fits (275/329)
Storing /home/altsai/eden/LOT20220101_2MASS_J04402325-0530082_mod/2MASS_J04402325-0530082-20220101@153027-Eden.fts -> s3://eden-data/RAW/LOT/2MASS_J04402325-0530082/2022-01-01/2MASS_J04402325-0530082-20220101@153027-Eden.fits (276/329)
Storing /home/altsai/eden/LOT20220101_2MASS_J04402325-0530082_mod/2MASS_J04402325-0530082-20220101@153112-Eden.fts -> s3://eden-data/RAW/LOT/2MASS_J04402325-0530082/2022-01-01/2MASS_J04402325-0530082-20220101@153112-Eden.fits (277/329)
Storing /home/altsai/eden/LOT20220101_2MASS_J04402325-0530082_mod/2MASS_J04402325-0530082-20220101@153158-Eden.fts -> s3://eden-data/RAW/LOT/2MASS_J04402325-0530082/2022-01-01/2MASS_J04402325-0530082-20220101@153158-Eden.fits (278/329)
Storing /home/altsai/eden/LOT20220101_2MASS_J04402325-0530082_mod/2MASS_J04402325-0530082-20220101@153245-Eden.fts -> s3://eden-data/RAW/LOT/2MASS_J04402325-0530082/2022-01-01/2MASS_J04402325-0530082-20220101@153245-Eden.fits (279/329)
Storing /home/altsai/eden/LOT20220101_2MASS_J04402325-0530082_mod/2MASS_J04402325-0530082-20220101@153331-Eden.fts -> s3://eden-data/RAW/LOT/2MASS_J04402325-0530082/2022-01-01/2MASS_J04402325-0530082-20220101@153331-Eden.fits (280/329)
Storing /home/altsai/eden/LOT20220101_2MASS_J04402325-0530082_mod/2MASS_J04402325-0530082-20220101@153418-Eden.fts -> s3://eden-data/RAW/LOT/2MASS_J04402325-0530082/2022-01-01/2MASS_J04402325-0530082-20220101@153418-Eden.fits (281/329)
Storing /home/altsai/eden/LOT20220101_2MASS_J04402325-0530082_mod/2MASS_J04402325-0530082-20220101@153504-Eden.fts -> s3://eden-data/RAW/LOT/2MASS_J04402325-0530082/2022-01-01/2MASS_J04402325-0530082-20220101@153504-Eden.fits (282/329)
Storing /home/altsai/eden/LOT20220101_2MASS_J04402325-0530082_mod/2MASS_J04402325-0530082-20220101@153550-Eden.fts -> s3://eden-data/RAW/LOT/2MASS_J04402325-0530082/2022-01-01/2MASS_J04402325-0530082-20220101@153550-Eden.fits (283/329)
Storing /home/altsai/eden/LOT20220101_2MASS_J04402325-0530082_mod/2MASS_J04402325-0530082-20220101@153637-Eden.fts -> s3://eden-data/RAW/LOT/2MASS_J04402325-0530082/2022-01-01/2MASS_J04402325-0530082-20220101@153637-Eden.fits (284/329)
Storing /home/altsai/eden/LOT20220101_2MASS_J04402325-0530082_mod/2MASS_J04402325-0530082-20220101@153723-Eden.fts -> s3://eden-data/RAW/LOT/2MASS_J04402325-0530082/2022-01-01/2MASS_J04402325-0530082-20220101@153723-Eden.fits (285/329)
Storing /home/altsai/eden/LOT20220101_2MASS_J04402325-0530082_mod/2MASS_J04402325-0530082-20220101@153810-Eden.fts -> s3://eden-data/RAW/LOT/2MASS_J04402325-0530082/2022-01-01/2MASS_J04402325-0530082-20220101@153810-Eden.fits (286/329)
Storing /home/altsai/eden/LOT20220101_2MASS_J04402325-0530082_mod/2MASS_J04402325-0530082-20220101@153858-Eden.fts -> s3://eden-data/RAW/LOT/2MASS_J04402325-0530082/2022-01-01/2MASS_J04402325-0530082-20220101@153858-Eden.fits (287/329)
Storing /home/altsai/eden/LOT20220101_2MASS_J04402325-0530082_mod/2MASS_J04402325-0530082-20220101@153945-Eden.fts -> s3://eden-data/RAW/LOT/2MASS_J04402325-0530082/2022-01-01/2MASS_J04402325-0530082-20220101@153945-Eden.fits (288/329)
Storing /home/altsai/eden/LOT20220101_2MASS_J04402325-0530082_mod/2MASS_J04402325-0530082-20220101@154032-Eden.fts -> s3://eden-data/RAW/LOT/2MASS_J04402325-0530082/2022-01-01/2MASS_J04402325-0530082-20220101@154032-Eden.fits (289/329)
Storing /home/altsai/eden/LOT20220101_2MASS_J04402325-0530082_mod/2MASS_J04402325-0530082-20220101@154118-Eden.fts -> s3://eden-data/RAW/LOT/2MASS_J04402325-0530082/2022-01-01/2MASS_J04402325-0530082-20220101@154118-Eden.fits (290/329)
Storing /home/altsai/eden/LOT20220101_2MASS_J04402325-0530082_mod/2MASS_J04402325-0530082-20220101@154205-Eden.fts -> s3://eden-data/RAW/LOT/2MASS_J04402325-0530082/2022-01-01/2MASS_J04402325-0530082-20220101@154205-Eden.fits (291/329)
Storing /home/altsai/eden/LOT20220101_2MASS_J04402325-0530082_mod/2MASS_J04402325-0530082-20220101@154252-Eden.fts -> s3://eden-data/RAW/LOT/2MASS_J04402325-0530082/2022-01-01/2MASS_J04402325-0530082-20220101@154252-Eden.fits (292/329)
Storing /home/altsai/eden/LOT20220101_2MASS_J04402325-0530082_mod/2MASS_J04402325-0530082-20220101@154339-Eden.fts -> s3://eden-data/RAW/LOT/2MASS_J04402325-0530082/2022-01-01/2MASS_J04402325-0530082-20220101@154339-Eden.fits (293/329)
Storing /home/altsai/eden/LOT20220101_2MASS_J04402325-0530082_mod/2MASS_J04402325-0530082-20220101@154425-Eden.fts -> s3://eden-data/RAW/LOT/2MASS_J04402325-0530082/2022-01-01/2MASS_J04402325-0530082-20220101@154425-Eden.fits (294/329)
Storing /home/altsai/eden/LOT20220101_2MASS_J04402325-0530082_mod/2MASS_J04402325-0530082-20220101@154510-Eden.fts -> s3://eden-data/RAW/LOT/2MASS_J04402325-0530082/2022-01-01/2MASS_J04402325-0530082-20220101@154510-Eden.fits (295/329)
Storing /home/altsai/eden/LOT20220101_2MASS_J04402325-0530082_mod/2MASS_J04402325-0530082-20220101@154557-Eden.fts -> s3://eden-data/RAW/LOT/2MASS_J04402325-0530082/2022-01-01/2MASS_J04402325-0530082-20220101@154557-Eden.fits (296/329)
Storing /home/altsai/eden/LOT20220101_2MASS_J04402325-0530082_mod/2MASS_J04402325-0530082-20220101@154643-Eden.fts -> s3://eden-data/RAW/LOT/2MASS_J04402325-0530082/2022-01-01/2MASS_J04402325-0530082-20220101@154643-Eden.fits (297/329)
Storing /home/altsai/eden/LOT20220101_2MASS_J04402325-0530082_mod/2MASS_J04402325-0530082-20220101@154729-Eden.fts -> s3://eden-data/RAW/LOT/2MASS_J04402325-0530082/2022-01-01/2MASS_J04402325-0530082-20220101@154729-Eden.fits (298/329)
Storing /home/altsai/eden/LOT20220101_2MASS_J04402325-0530082_mod/2MASS_J04402325-0530082-20220101@154815-Eden.fts -> s3://eden-data/RAW/LOT/2MASS_J04402325-0530082/2022-01-01/2MASS_J04402325-0530082-20220101@154815-Eden.fits (299/329)
Storing /home/altsai/eden/LOT20220101_2MASS_J04402325-0530082_mod/2MASS_J04402325-0530082-20220101@154902-Eden.fts -> s3://eden-data/RAW/LOT/2MASS_J04402325-0530082/2022-01-01/2MASS_J04402325-0530082-20220101@154902-Eden.fits (300/329)
Storing /home/altsai/eden/LOT20220101_2MASS_J04402325-0530082_mod/2MASS_J04402325-0530082-20220101@154949-Eden.fts -> s3://eden-data/RAW/LOT/2MASS_J04402325-0530082/2022-01-01/2MASS_J04402325-0530082-20220101@154949-Eden.fits (301/329)
Storing /home/altsai/eden/LOT20220101_2MASS_J04402325-0530082_mod/2MASS_J04402325-0530082-20220101@155036-Eden.fts -> s3://eden-data/RAW/LOT/2MASS_J04402325-0530082/2022-01-01/2MASS_J04402325-0530082-20220101@155036-Eden.fits (302/329)
Storing /home/altsai/eden/LOT20220101_2MASS_J04402325-0530082_mod/2MASS_J04402325-0530082-20220101@155122-Eden.fts -> s3://eden-data/RAW/LOT/2MASS_J04402325-0530082/2022-01-01/2MASS_J04402325-0530082-20220101@155122-Eden.fits (303/329)
Storing /home/altsai/eden/LOT20220101_2MASS_J04402325-0530082_mod/2MASS_J04402325-0530082-20220101@155208-Eden.fts -> s3://eden-data/RAW/LOT/2MASS_J04402325-0530082/2022-01-01/2MASS_J04402325-0530082-20220101@155208-Eden.fits (304/329)
Storing /home/altsai/eden/LOT20220101_2MASS_J04402325-0530082_mod/2MASS_J04402325-0530082-20220101@155255-Eden.fts -> s3://eden-data/RAW/LOT/2MASS_J04402325-0530082/2022-01-01/2MASS_J04402325-0530082-20220101@155255-Eden.fits (305/329)
Storing /home/altsai/eden/LOT20220101_2MASS_J04402325-0530082_mod/2MASS_J04402325-0530082-20220101@155342-Eden.fts -> s3://eden-data/RAW/LOT/2MASS_J04402325-0530082/2022-01-01/2MASS_J04402325-0530082-20220101@155342-Eden.fits (306/329)
Storing /home/altsai/eden/LOT20220101_2MASS_J04402325-0530082_mod/2MASS_J04402325-0530082-20220101@155428-Eden.fts -> s3://eden-data/RAW/LOT/2MASS_J04402325-0530082/2022-01-01/2MASS_J04402325-0530082-20220101@155428-Eden.fits (307/329)
Storing /home/altsai/eden/LOT20220101_2MASS_J04402325-0530082_mod/2MASS_J04402325-0530082-20220101@155514-Eden.fts -> s3://eden-data/RAW/LOT/2MASS_J04402325-0530082/2022-01-01/2MASS_J04402325-0530082-20220101@155514-Eden.fits (308/329)
Storing /home/altsai/eden/LOT20220101_2MASS_J04402325-0530082_mod/2MASS_J04402325-0530082-20220101@155602-Eden.fts -> s3://eden-data/RAW/LOT/2MASS_J04402325-0530082/2022-01-01/2MASS_J04402325-0530082-20220101@155602-Eden.fits (309/329)
Storing /home/altsai/eden/LOT20220101_2MASS_J04402325-0530082_mod/2MASS_J04402325-0530082-20220101@155650-Eden.fts -> s3://eden-data/RAW/LOT/2MASS_J04402325-0530082/2022-01-01/2MASS_J04402325-0530082-20220101@155650-Eden.fits (310/329)
Storing /home/altsai/eden/LOT20220101_2MASS_J04402325-0530082_mod/2MASS_J04402325-0530082-20220101@155737-Eden.fts -> s3://eden-data/RAW/LOT/2MASS_J04402325-0530082/2022-01-01/2MASS_J04402325-0530082-20220101@155737-Eden.fits (311/329)
Storing /home/altsai/eden/LOT20220101_2MASS_J04402325-0530082_mod/2MASS_J04402325-0530082-20220101@155824-Eden.fts -> s3://eden-data/RAW/LOT/2MASS_J04402325-0530082/2022-01-01/2MASS_J04402325-0530082-20220101@155824-Eden.fits (312/329)
Storing /home/altsai/eden/LOT20220101_2MASS_J04402325-0530082_mod/2MASS_J04402325-0530082-20220101@155910-Eden.fts -> s3://eden-data/RAW/LOT/2MASS_J04402325-0530082/2022-01-01/2MASS_J04402325-0530082-20220101@155910-Eden.fits (313/329)
Storing /home/altsai/eden/LOT20220101_2MASS_J04402325-0530082_mod/2MASS_J04402325-0530082-20220101@155957-Eden.fts -> s3://eden-data/RAW/LOT/2MASS_J04402325-0530082/2022-01-01/2MASS_J04402325-0530082-20220101@155957-Eden.fits (314/329)
Storing /home/altsai/eden/LOT20220101_2MASS_J04402325-0530082_mod/2MASS_J04402325-0530082-20220101@160045-Eden.fts -> s3://eden-data/RAW/LOT/2MASS_J04402325-0530082/2022-01-01/2MASS_J04402325-0530082-20220101@160045-Eden.fits (315/329)
Storing /home/altsai/eden/LOT20220101_2MASS_J04402325-0530082_mod/2MASS_J04402325-0530082-20220101@160135-Eden.fts -> s3://eden-data/RAW/LOT/2MASS_J04402325-0530082/2022-01-01/2MASS_J04402325-0530082-20220101@160135-Eden.fits (316/329)
Storing /home/altsai/eden/LOT20220101_2MASS_J04402325-0530082_mod/2MASS_J04402325-0530082-20220101@160221-Eden.fts -> s3://eden-data/RAW/LOT/2MASS_J04402325-0530082/2022-01-01/2MASS_J04402325-0530082-20220101@160221-Eden.fits (317/329)
Storing /home/altsai/eden/LOT20220101_2MASS_J04402325-0530082_mod/2MASS_J04402325-0530082-20220101@160308-Eden.fts -> s3://eden-data/RAW/LOT/2MASS_J04402325-0530082/2022-01-01/2MASS_J04402325-0530082-20220101@160308-Eden.fits (318/329)
Storing /home/altsai/eden/LOT20220101_2MASS_J04402325-0530082_mod/2MASS_J04402325-0530082-20220101@160354-Eden.fts -> s3://eden-data/RAW/LOT/2MASS_J04402325-0530082/2022-01-01/2MASS_J04402325-0530082-20220101@160354-Eden.fits (319/329)
Storing /home/altsai/eden/LOT20220101_2MASS_J04402325-0530082_mod/2MASS_J04402325-0530082-20220101@160440-Eden.fts -> s3://eden-data/RAW/LOT/2MASS_J04402325-0530082/2022-01-01/2MASS_J04402325-0530082-20220101@160440-Eden.fits (320/329)
Storing /home/altsai/eden/LOT20220101_2MASS_J04402325-0530082_mod/2MASS_J04402325-0530082-20220101@160527-Eden.fts -> s3://eden-data/RAW/LOT/2MASS_J04402325-0530082/2022-01-01/2MASS_J04402325-0530082-20220101@160527-Eden.fits (321/329)
Storing /home/altsai/eden/LOT20220101_2MASS_J04402325-0530082_mod/2MASS_J04402325-0530082-20220101@160615-Eden.fts -> s3://eden-data/RAW/LOT/2MASS_J04402325-0530082/2022-01-01/2MASS_J04402325-0530082-20220101@160615-Eden.fits (322/329)
Storing /home/altsai/eden/LOT20220101_2MASS_J04402325-0530082_mod/2MASS_J04402325-0530082-20220101@160702-Eden.fts -> s3://eden-data/RAW/LOT/2MASS_J04402325-0530082/2022-01-01/2MASS_J04402325-0530082-20220101@160702-Eden.fits (323/329)
Storing /home/altsai/eden/LOT20220101_2MASS_J04402325-0530082_mod/2MASS_J04402325-0530082-20220101@160748-Eden.fts -> s3://eden-data/RAW/LOT/2MASS_J04402325-0530082/2022-01-01/2MASS_J04402325-0530082-20220101@160748-Eden.fits (324/329)
Storing /home/altsai/eden/LOT20220101_2MASS_J04402325-0530082_mod/2MASS_J04402325-0530082-20220101@160834-Eden.fts -> s3://eden-data/RAW/LOT/2MASS_J04402325-0530082/2022-01-01/2MASS_J04402325-0530082-20220101@160834-Eden.fits (325/329)
Storing /home/altsai/eden/LOT20220101_2MASS_J04402325-0530082_mod/2MASS_J04402325-0530082-20220101@160921-Eden.fts -> s3://eden-data/RAW/LOT/2MASS_J04402325-0530082/2022-01-01/2MASS_J04402325-0530082-20220101@160921-Eden.fits (326/329)
Storing /home/altsai/eden/LOT20220101_2MASS_J04402325-0530082_mod/2MASS_J04402325-0530082-20220101@161008-Eden.fts -> s3://eden-data/RAW/LOT/2MASS_J04402325-0530082/2022-01-01/2MASS_J04402325-0530082-20220101@161008-Eden.fits (327/329)
Storing /home/altsai/eden/LOT20220101_2MASS_J04402325-0530082_mod/2MASS_J04402325-0530082-20220101@161054-Eden.fts -> s3://eden-data/RAW/LOT/2MASS_J04402325-0530082/2022-01-01/2MASS_J04402325-0530082-20220101@161054-Eden.fits (328/329)
Storing /home/altsai/eden/LOT20220101_2MASS_J04402325-0530082_mod/2MASS_J04402325-0530082-20220101@161141-Eden.fts -> s3://eden-data/RAW/LOT/2MASS_J04402325-0530082/2022-01-01/2MASS_J04402325-0530082-20220101@161141-Eden.fits (329/329)

Upload complete!
Stored: 329 files (2.8 GB)
