Bucket successfully loaded! eden-data
65 files found
Storing data to the S3 archive!
We can now start uploading the data.
Press return to start the upload, or anything else to abort: Verbose output enabled.
Storing LOT20191229_mod/20191229-001Eden.fits -> s3://eden-data/RAW/LOT/LSPM_J0510+2714/2019-12-29/20191229-001Eden.fits (1/65)
Storing LOT20191229_mod/20191229-001bias.fits -> s3://eden-data/Calibrations/LOT/BIAS/2019-12-29/20191229-001bias.fits (2/65)
Storing LOT20191229_mod/20191229-001d30s.fits -> s3://eden-data/Calibrations/LOT/DARK/2019-12-29/20191229-001d30s.fits (3/65)
Storing LOT20191229_mod/20191229-002Eden.fits -> s3://eden-data/RAW/LOT/LSPM_J0510+2714/2019-12-29/20191229-002Eden.fits (4/65)
Storing LOT20191229_mod/20191229-002bias.fits -> s3://eden-data/Calibrations/LOT/BIAS/2019-12-29/20191229-002bias.fits (5/65)
Storing LOT20191229_mod/20191229-002d30s.fits -> s3://eden-data/Calibrations/LOT/DARK/2019-12-29/20191229-002d30s.fits (6/65)
Storing LOT20191229_mod/20191229-003Eden.fits -> s3://eden-data/RAW/LOT/LSPM_J0510+2714/2019-12-29/20191229-003Eden.fits (7/65)
Storing LOT20191229_mod/20191229-003bias.fits -> s3://eden-data/Calibrations/LOT/BIAS/2019-12-29/20191229-003bias.fits (8/65)
Storing LOT20191229_mod/20191229-003d30s.fits -> s3://eden-data/Calibrations/LOT/DARK/2019-12-29/20191229-003d30s.fits (9/65)
Storing LOT20191229_mod/20191229-004Eden.fits -> s3://eden-data/RAW/LOT/LSPM_J0510+2714/2019-12-29/20191229-004Eden.fits (10/65)
Storing LOT20191229_mod/20191229-004bias.fits -> s3://eden-data/Calibrations/LOT/BIAS/2019-12-29/20191229-004bias.fits (11/65)
Storing LOT20191229_mod/20191229-004d30s.fits -> s3://eden-data/Calibrations/LOT/DARK/2019-12-29/20191229-004d30s.fits (12/65)
Storing LOT20191229_mod/20191229-005Eden.fits -> s3://eden-data/RAW/LOT/LSPM_J0510+2714/2019-12-29/20191229-005Eden.fits (13/65)
Storing LOT20191229_mod/20191229-005bias.fits -> s3://eden-data/Calibrations/LOT/BIAS/2019-12-29/20191229-005bias.fits (14/65)
Storing LOT20191229_mod/20191229-005d30s.fits -> s3://eden-data/Calibrations/LOT/DARK/2019-12-29/20191229-005d30s.fits (15/65)
Storing LOT20191229_mod/20191229-006Eden.fits -> s3://eden-data/RAW/LOT/LSPM_J0510+2714/2019-12-29/20191229-006Eden.fits (16/65)
Storing LOT20191229_mod/20191229-006bias.fits -> s3://eden-data/Calibrations/LOT/BIAS/2019-12-29/20191229-006bias.fits (17/65)
Storing LOT20191229_mod/20191229-006d30s.fits -> s3://eden-data/Calibrations/LOT/DARK/2019-12-29/20191229-006d30s.fits (18/65)
Storing LOT20191229_mod/20191229-007Eden.fits -> s3://eden-data/RAW/LOT/LSPM_J0510+2714/2019-12-29/20191229-007Eden.fits (19/65)
Storing LOT20191229_mod/20191229-007bias.fits -> s3://eden-data/Calibrations/LOT/BIAS/2019-12-29/20191229-007bias.fits (20/65)
Storing LOT20191229_mod/20191229-007d30s.fits -> s3://eden-data/Calibrations/LOT/DARK/2019-12-29/20191229-007d30s.fits (21/65)
Storing LOT20191229_mod/20191229-008Eden.fits -> s3://eden-data/RAW/LOT/LSPM_J0510+2714/2019-12-29/20191229-008Eden.fits (22/65)
Storing LOT20191229_mod/20191229-008bias.fits -> s3://eden-data/Calibrations/LOT/BIAS/2019-12-29/20191229-008bias.fits (23/65)
Storing LOT20191229_mod/20191229-008d30s.fits -> s3://eden-data/Calibrations/LOT/DARK/2019-12-29/20191229-008d30s.fits (24/65)
Storing LOT20191229_mod/20191229-009Eden.fits -> s3://eden-data/RAW/LOT/LSPM_J0510+2714/2019-12-29/20191229-009Eden.fits (25/65)
Storing LOT20191229_mod/20191229-009bias.fits -> s3://eden-data/Calibrations/LOT/BIAS/2019-12-29/20191229-009bias.fits (26/65)
Storing LOT20191229_mod/20191229-009d30s.fits -> s3://eden-data/Calibrations/LOT/DARK/2019-12-29/20191229-009d30s.fits (27/65)
Storing LOT20191229_mod/20191229-010Eden.fits -> s3://eden-data/RAW/LOT/LSPM_J0510+2714/2019-12-29/20191229-010Eden.fits (28/65)
Storing LOT20191229_mod/20191229-010bias.fits -> s3://eden-data/Calibrations/LOT/BIAS/2019-12-29/20191229-010bias.fits (29/65)
Storing LOT20191229_mod/20191229-010d30s.fits -> s3://eden-data/Calibrations/LOT/DARK/2019-12-29/20191229-010d30s.fits (30/65)
Storing LOT20191229_mod/20191229-011Eden.fits -> s3://eden-data/RAW/LOT/LSPM_J0510+2714/2019-12-29/20191229-011Eden.fits (31/65)
Storing LOT20191229_mod/20191229-012Eden.fits -> s3://eden-data/RAW/LOT/LSPM_J0510+2714/2019-12-29/20191229-012Eden.fits (32/65)
Storing LOT20191229_mod/20191229-013Eden.fits -> s3://eden-data/RAW/LOT/LSPM_J0510+2714/2019-12-29/20191229-013Eden.fits (33/65)
Storing LOT20191229_mod/20191229-014Eden.fits -> s3://eden-data/RAW/LOT/LSPM_J0510+2714/2019-12-29/20191229-014Eden.fits (34/65)
Storing LOT20191229_mod/20191229-015Eden.fits -> s3://eden-data/RAW/LOT/LSPM_J0510+2714/2019-12-29/20191229-015Eden.fits (35/65)
Storing LOT20191229_mod/20191229-016Eden.fits -> s3://eden-data/RAW/LOT/LSPM_J0510+2714/2019-12-29/20191229-016Eden.fits (36/65)
Storing LOT20191229_mod/20191229-017Eden.fits -> s3://eden-data/RAW/LOT/LSPM_J0510+2714/2019-12-29/20191229-017Eden.fits (37/65)
Storing LOT20191229_mod/20191229-018Eden.fits -> s3://eden-data/RAW/LOT/LSPM_J0510+2714/2019-12-29/20191229-018Eden.fits (38/65)
Storing LOT20191229_mod/20191229-019Eden.fits -> s3://eden-data/RAW/LOT/LSPM_J0510+2714/2019-12-29/20191229-019Eden.fits (39/65)
Storing LOT20191229_mod/20191229-020Eden.fits -> s3://eden-data/RAW/LOT/LSPM_J0510+2714/2019-12-29/20191229-020Eden.fits (40/65)
Storing LOT20191229_mod/20191229-021Eden.fits -> s3://eden-data/RAW/LOT/LSPM_J0510+2714/2019-12-29/20191229-021Eden.fits (41/65)
Storing LOT20191229_mod/20191229-022Eden.fits -> s3://eden-data/RAW/LOT/LSPM_J0510+2714/2019-12-29/20191229-022Eden.fits (42/65)
Storing LOT20191229_mod/20191229-023Eden.fits -> s3://eden-data/RAW/LOT/LSPM_J0510+2714/2019-12-29/20191229-023Eden.fits (43/65)
Storing LOT20191229_mod/20191229-024Eden.fits -> s3://eden-data/RAW/LOT/LSPM_J0510+2714/2019-12-29/20191229-024Eden.fits (44/65)
Storing LOT20191229_mod/20191229-025Eden.fits -> s3://eden-data/RAW/LOT/LSPM_J0510+2714/2019-12-29/20191229-025Eden.fits (45/65)
Storing LOT20191229_mod/20191229-026Eden.fits -> s3://eden-data/RAW/LOT/LSPM_J0510+2714/2019-12-29/20191229-026Eden.fits (46/65)
Storing LOT20191229_mod/20191229-027Eden.fits -> s3://eden-data/RAW/LOT/LSPM_J0510+2714/2019-12-29/20191229-027Eden.fits (47/65)
Storing LOT20191229_mod/20191229-028Eden.fits -> s3://eden-data/RAW/LOT/LSPM_J0510+2714/2019-12-29/20191229-028Eden.fits (48/65)
Storing LOT20191229_mod/20191229-029Eden.fits -> s3://eden-data/RAW/LOT/LSPM_J0510+2714/2019-12-29/20191229-029Eden.fits (49/65)
Storing LOT20191229_mod/20191229-030Eden.fits -> s3://eden-data/RAW/LOT/LSPM_J0510+2714/2019-12-29/20191229-030Eden.fits (50/65)
Storing LOT20191229_mod/20191229-031Eden.fits -> s3://eden-data/RAW/LOT/LSPM_J0510+2714/2019-12-29/20191229-031Eden.fits (51/65)
Storing LOT20191229_mod/20191229-032Eden.fits -> s3://eden-data/RAW/LOT/LSPM_J0510+2714/2019-12-29/20191229-032Eden.fits (52/65)
Storing LOT20191229_mod/20191229-033Eden.fits -> s3://eden-data/RAW/LOT/LSPM_J0510+2714/2019-12-29/20191229-033Eden.fits (53/65)
Storing LOT20191229_mod/20191229-034Eden.fits -> s3://eden-data/RAW/LOT/LSPM_J0510+2714/2019-12-29/20191229-034Eden.fits (54/65)
Storing LOT20191229_mod/20191229-035Eden.fits -> s3://eden-data/RAW/LOT/LSPM_J0510+2714/2019-12-29/20191229-035Eden.fits (55/65)
Storing LOT20191229_mod/20191229-036Eden.fits -> s3://eden-data/RAW/LOT/LSPM_J0510+2714/2019-12-29/20191229-036Eden.fits (56/65)
Storing LOT20191229_mod/20191229-037Eden.fits -> s3://eden-data/RAW/LOT/LSPM_J0510+2714/2019-12-29/20191229-037Eden.fits (57/65)
Storing LOT20191229_mod/20191229-038Eden.fits -> s3://eden-data/RAW/LOT/LSPM_J0510+2714/2019-12-29/20191229-038Eden.fits (58/65)
Storing LOT20191229_mod/20191229-039Eden.fits -> s3://eden-data/RAW/LOT/LSPM_J0510+2714/2019-12-29/20191229-039Eden.fits (59/65)
Storing LOT20191229_mod/20191229-040Eden.fits -> s3://eden-data/RAW/LOT/LSPM_J0510+2714/2019-12-29/20191229-040Eden.fits (60/65)
Storing LOT20191229_mod/20191229-041Eden.fits -> s3://eden-data/RAW/LOT/LSPM_J0510+2714/2019-12-29/20191229-041Eden.fits (61/65)
Storing LOT20191229_mod/20191229-042Eden.fits -> s3://eden-data/RAW/LOT/LSPM_J0510+2714/2019-12-29/20191229-042Eden.fits (62/65)
Storing LOT20191229_mod/20191229-043Eden.fits -> s3://eden-data/RAW/LOT/LSPM_J0510+2714/2019-12-29/20191229-043Eden.fits (63/65)
Storing LOT20191229_mod/20191229-044Eden.fits -> s3://eden-data/RAW/LOT/LSPM_J0510+2714/2019-12-29/20191229-044Eden.fits (64/65)
Storing LOT20191229_mod/20191229-045Eden.fits -> s3://eden-data/RAW/LOT/LSPM_J0510+2714/2019-12-29/20191229-045Eden.fits (65/65)

Upload complete!
Stored: 65 files (0.5 GB)
