Bucket successfully loaded! eden-data
154 files found
Storing data to the S3 archive!
Doing a dry run - uploads will not be committed.
Verbose output enabled.
Storing /home/altsai/eden/LOT20210923_GJ1083_mod/Bias-20210923@211006-000S.fts -> s3://eden-data/Calibrations/LOT/BIAS/2021-09-23/Bias-20210923@211006-000S.fits (1/154) (dry run)
Storing /home/altsai/eden/LOT20210923_GJ1083_mod/Bias-20210923@211016-000S.fts -> s3://eden-data/Calibrations/LOT/BIAS/2021-09-23/Bias-20210923@211016-000S.fits (2/154) (dry run)
Storing /home/altsai/eden/LOT20210923_GJ1083_mod/Bias-20210923@211023-000S.fts -> s3://eden-data/Calibrations/LOT/BIAS/2021-09-23/Bias-20210923@211023-000S.fits (3/154) (dry run)
Storing /home/altsai/eden/LOT20210923_GJ1083_mod/Bias-20210923@211030-000S.fts -> s3://eden-data/Calibrations/LOT/BIAS/2021-09-23/Bias-20210923@211030-000S.fits (4/154) (dry run)
Storing /home/altsai/eden/LOT20210923_GJ1083_mod/Bias-20210923@211038-000S.fts -> s3://eden-data/Calibrations/LOT/BIAS/2021-09-23/Bias-20210923@211038-000S.fits (5/154) (dry run)
Storing /home/altsai/eden/LOT20210923_GJ1083_mod/Bias-20210923@211044-000S.fts -> s3://eden-data/Calibrations/LOT/BIAS/2021-09-23/Bias-20210923@211044-000S.fits (6/154) (dry run)
Storing /home/altsai/eden/LOT20210923_GJ1083_mod/Bias-20210923@211050-000S.fts -> s3://eden-data/Calibrations/LOT/BIAS/2021-09-23/Bias-20210923@211050-000S.fits (7/154) (dry run)
Storing /home/altsai/eden/LOT20210923_GJ1083_mod/Bias-20210923@211057-000S.fts -> s3://eden-data/Calibrations/LOT/BIAS/2021-09-23/Bias-20210923@211057-000S.fits (8/154) (dry run)
Storing /home/altsai/eden/LOT20210923_GJ1083_mod/Bias-20210923@211104-000S.fts -> s3://eden-data/Calibrations/LOT/BIAS/2021-09-23/Bias-20210923@211104-000S.fits (9/154) (dry run)
Storing /home/altsai/eden/LOT20210923_GJ1083_mod/Bias-20210923@211110-000S.fts -> s3://eden-data/Calibrations/LOT/BIAS/2021-09-23/Bias-20210923@211110-000S.fits (10/154) (dry run)
Storing /home/altsai/eden/LOT20210923_GJ1083_mod/Dark-20210923@211321-060S.fts -> s3://eden-data/Calibrations/LOT/DARK/2021-09-23/Dark-20210923@211321-060S.fits (11/154) (dry run)
Storing /home/altsai/eden/LOT20210923_GJ1083_mod/Dark-20210923@211428-060S.fts -> s3://eden-data/Calibrations/LOT/DARK/2021-09-23/Dark-20210923@211428-060S.fits (12/154) (dry run)
Storing /home/altsai/eden/LOT20210923_GJ1083_mod/Dark-20210923@211535-060S.fts -> s3://eden-data/Calibrations/LOT/DARK/2021-09-23/Dark-20210923@211535-060S.fits (13/154) (dry run)
Storing /home/altsai/eden/LOT20210923_GJ1083_mod/Dark-20210923@211642-060S.fts -> s3://eden-data/Calibrations/LOT/DARK/2021-09-23/Dark-20210923@211642-060S.fits (14/154) (dry run)
Storing /home/altsai/eden/LOT20210923_GJ1083_mod/Dark-20210923@211750-060S.fts -> s3://eden-data/Calibrations/LOT/DARK/2021-09-23/Dark-20210923@211750-060S.fits (15/154) (dry run)
Storing /home/altsai/eden/LOT20210923_GJ1083_mod/Dark-20210923@211856-060S.fts -> s3://eden-data/Calibrations/LOT/DARK/2021-09-23/Dark-20210923@211856-060S.fits (16/154) (dry run)
Storing /home/altsai/eden/LOT20210923_GJ1083_mod/Dark-20210923@212003-060S.fts -> s3://eden-data/Calibrations/LOT/DARK/2021-09-23/Dark-20210923@212003-060S.fits (17/154) (dry run)
Storing /home/altsai/eden/LOT20210923_GJ1083_mod/Dark-20210923@212110-060S.fts -> s3://eden-data/Calibrations/LOT/DARK/2021-09-23/Dark-20210923@212110-060S.fits (18/154) (dry run)
Storing /home/altsai/eden/LOT20210923_GJ1083_mod/Dark-20210923@212217-060S.fts -> s3://eden-data/Calibrations/LOT/DARK/2021-09-23/Dark-20210923@212217-060S.fits (19/154) (dry run)
Storing /home/altsai/eden/LOT20210923_GJ1083_mod/Dark-20210923@212324-060S.fts -> s3://eden-data/Calibrations/LOT/DARK/2021-09-23/Dark-20210923@212324-060S.fits (20/154) (dry run)
Storing /home/altsai/eden/LOT20210923_GJ1083_mod/Dark-20210923@220601-300S.fts -> s3://eden-data/Calibrations/LOT/DARK/2021-09-23/Dark-20210923@220601-300S.fits (21/154) (dry run)
Storing /home/altsai/eden/LOT20210923_GJ1083_mod/GJ_1083-20210923@170734-Eden.fts -> s3://eden-data/RAW/LOT/GJ_1083/2021-09-23/GJ_1083-20210923@170734-Eden.fits (22/154) (dry run)
Storing /home/altsai/eden/LOT20210923_GJ1083_mod/GJ_1083-20210923@170850-Eden.fts -> s3://eden-data/RAW/LOT/GJ_1083/2021-09-23/GJ_1083-20210923@170850-Eden.fits (23/154) (dry run)
Storing /home/altsai/eden/LOT20210923_GJ1083_mod/GJ_1083-20210923@171008-Eden.fts -> s3://eden-data/RAW/LOT/GJ_1083/2021-09-23/GJ_1083-20210923@171008-Eden.fits (24/154) (dry run)
Storing /home/altsai/eden/LOT20210923_GJ1083_mod/GJ_1083-20210923@171124-Eden.fts -> s3://eden-data/RAW/LOT/GJ_1083/2021-09-23/GJ_1083-20210923@171124-Eden.fits (25/154) (dry run)
Storing /home/altsai/eden/LOT20210923_GJ1083_mod/GJ_1083-20210923@171239-Eden.fts -> s3://eden-data/RAW/LOT/GJ_1083/2021-09-23/GJ_1083-20210923@171239-Eden.fits (26/154) (dry run)
Storing /home/altsai/eden/LOT20210923_GJ1083_mod/GJ_1083-20210923@171357-Eden.fts -> s3://eden-data/RAW/LOT/GJ_1083/2021-09-23/GJ_1083-20210923@171357-Eden.fits (27/154) (dry run)
Storing /home/altsai/eden/LOT20210923_GJ1083_mod/GJ_1083-20210923@171511-Eden.fts -> s3://eden-data/RAW/LOT/GJ_1083/2021-09-23/GJ_1083-20210923@171511-Eden.fits (28/154) (dry run)
Storing /home/altsai/eden/LOT20210923_GJ1083_mod/GJ_1083-20210923@171628-Eden.fts -> s3://eden-data/RAW/LOT/GJ_1083/2021-09-23/GJ_1083-20210923@171628-Eden.fits (29/154) (dry run)
Storing /home/altsai/eden/LOT20210923_GJ1083_mod/GJ_1083-20210923@171745-Eden.fts -> s3://eden-data/RAW/LOT/GJ_1083/2021-09-23/GJ_1083-20210923@171745-Eden.fits (30/154) (dry run)
Storing /home/altsai/eden/LOT20210923_GJ1083_mod/GJ_1083-20210923@171901-Eden.fts -> s3://eden-data/RAW/LOT/GJ_1083/2021-09-23/GJ_1083-20210923@171901-Eden.fits (31/154) (dry run)
Storing /home/altsai/eden/LOT20210923_GJ1083_mod/GJ_1083-20210923@172018-Eden.fts -> s3://eden-data/RAW/LOT/GJ_1083/2021-09-23/GJ_1083-20210923@172018-Eden.fits (32/154) (dry run)
Storing /home/altsai/eden/LOT20210923_GJ1083_mod/GJ_1083-20210923@172135-Eden.fts -> s3://eden-data/RAW/LOT/GJ_1083/2021-09-23/GJ_1083-20210923@172135-Eden.fits (33/154) (dry run)
Storing /home/altsai/eden/LOT20210923_GJ1083_mod/GJ_1083-20210923@172250-Eden.fts -> s3://eden-data/RAW/LOT/GJ_1083/2021-09-23/GJ_1083-20210923@172250-Eden.fits (34/154) (dry run)
Storing /home/altsai/eden/LOT20210923_GJ1083_mod/GJ_1083-20210923@172405-Eden.fts -> s3://eden-data/RAW/LOT/GJ_1083/2021-09-23/GJ_1083-20210923@172405-Eden.fits (35/154) (dry run)
Storing /home/altsai/eden/LOT20210923_GJ1083_mod/GJ_1083-20210923@172520-Eden.fts -> s3://eden-data/RAW/LOT/GJ_1083/2021-09-23/GJ_1083-20210923@172520-Eden.fits (36/154) (dry run)
Storing /home/altsai/eden/LOT20210923_GJ1083_mod/GJ_1083-20210923@172637-Eden.fts -> s3://eden-data/RAW/LOT/GJ_1083/2021-09-23/GJ_1083-20210923@172637-Eden.fits (37/154) (dry run)
Storing /home/altsai/eden/LOT20210923_GJ1083_mod/GJ_1083-20210923@172753-Eden.fts -> s3://eden-data/RAW/LOT/GJ_1083/2021-09-23/GJ_1083-20210923@172753-Eden.fits (38/154) (dry run)
Storing /home/altsai/eden/LOT20210923_GJ1083_mod/GJ_1083-20210923@172910-Eden.fts -> s3://eden-data/RAW/LOT/GJ_1083/2021-09-23/GJ_1083-20210923@172910-Eden.fits (39/154) (dry run)
Storing /home/altsai/eden/LOT20210923_GJ1083_mod/GJ_1083-20210923@173025-Eden.fts -> s3://eden-data/RAW/LOT/GJ_1083/2021-09-23/GJ_1083-20210923@173025-Eden.fits (40/154) (dry run)
Storing /home/altsai/eden/LOT20210923_GJ1083_mod/GJ_1083-20210923@173143-Eden.fts -> s3://eden-data/RAW/LOT/GJ_1083/2021-09-23/GJ_1083-20210923@173143-Eden.fits (41/154) (dry run)
Storing /home/altsai/eden/LOT20210923_GJ1083_mod/GJ_1083-20210923@173257-Eden.fts -> s3://eden-data/RAW/LOT/GJ_1083/2021-09-23/GJ_1083-20210923@173257-Eden.fits (42/154) (dry run)
Storing /home/altsai/eden/LOT20210923_GJ1083_mod/GJ_1083-20210923@173413-Eden.fts -> s3://eden-data/RAW/LOT/GJ_1083/2021-09-23/GJ_1083-20210923@173413-Eden.fits (43/154) (dry run)
Storing /home/altsai/eden/LOT20210923_GJ1083_mod/GJ_1083-20210923@173527-Eden.fts -> s3://eden-data/RAW/LOT/GJ_1083/2021-09-23/GJ_1083-20210923@173527-Eden.fits (44/154) (dry run)
Storing /home/altsai/eden/LOT20210923_GJ1083_mod/GJ_1083-20210923@173642-Eden.fts -> s3://eden-data/RAW/LOT/GJ_1083/2021-09-23/GJ_1083-20210923@173642-Eden.fits (45/154) (dry run)
Storing /home/altsai/eden/LOT20210923_GJ1083_mod/GJ_1083-20210923@173758-Eden.fts -> s3://eden-data/RAW/LOT/GJ_1083/2021-09-23/GJ_1083-20210923@173758-Eden.fits (46/154) (dry run)
Storing /home/altsai/eden/LOT20210923_GJ1083_mod/GJ_1083-20210923@173913-Eden.fts -> s3://eden-data/RAW/LOT/GJ_1083/2021-09-23/GJ_1083-20210923@173913-Eden.fits (47/154) (dry run)
Storing /home/altsai/eden/LOT20210923_GJ1083_mod/GJ_1083-20210923@174030-Eden.fts -> s3://eden-data/RAW/LOT/GJ_1083/2021-09-23/GJ_1083-20210923@174030-Eden.fits (48/154) (dry run)
Storing /home/altsai/eden/LOT20210923_GJ1083_mod/GJ_1083-20210923@174146-Eden.fts -> s3://eden-data/RAW/LOT/GJ_1083/2021-09-23/GJ_1083-20210923@174146-Eden.fits (49/154) (dry run)
Storing /home/altsai/eden/LOT20210923_GJ1083_mod/GJ_1083-20210923@174302-Eden.fts -> s3://eden-data/RAW/LOT/GJ_1083/2021-09-23/GJ_1083-20210923@174302-Eden.fits (50/154) (dry run)
Storing /home/altsai/eden/LOT20210923_GJ1083_mod/GJ_1083-20210923@174418-Eden.fts -> s3://eden-data/RAW/LOT/GJ_1083/2021-09-23/GJ_1083-20210923@174418-Eden.fits (51/154) (dry run)
Storing /home/altsai/eden/LOT20210923_GJ1083_mod/GJ_1083-20210923@174535-Eden.fts -> s3://eden-data/RAW/LOT/GJ_1083/2021-09-23/GJ_1083-20210923@174535-Eden.fits (52/154) (dry run)
Storing /home/altsai/eden/LOT20210923_GJ1083_mod/GJ_1083-20210923@174651-Eden.fts -> s3://eden-data/RAW/LOT/GJ_1083/2021-09-23/GJ_1083-20210923@174651-Eden.fits (53/154) (dry run)
Storing /home/altsai/eden/LOT20210923_GJ1083_mod/GJ_1083-20210923@174807-Eden.fts -> s3://eden-data/RAW/LOT/GJ_1083/2021-09-23/GJ_1083-20210923@174807-Eden.fits (54/154) (dry run)
Storing /home/altsai/eden/LOT20210923_GJ1083_mod/GJ_1083-20210923@174923-Eden.fts -> s3://eden-data/RAW/LOT/GJ_1083/2021-09-23/GJ_1083-20210923@174923-Eden.fits (55/154) (dry run)
Storing /home/altsai/eden/LOT20210923_GJ1083_mod/GJ_1083-20210923@175039-Eden.fts -> s3://eden-data/RAW/LOT/GJ_1083/2021-09-23/GJ_1083-20210923@175039-Eden.fits (56/154) (dry run)
Storing /home/altsai/eden/LOT20210923_GJ1083_mod/GJ_1083-20210923@175155-Eden.fts -> s3://eden-data/RAW/LOT/GJ_1083/2021-09-23/GJ_1083-20210923@175155-Eden.fits (57/154) (dry run)
Storing /home/altsai/eden/LOT20210923_GJ1083_mod/GJ_1083-20210923@175309-Eden.fts -> s3://eden-data/RAW/LOT/GJ_1083/2021-09-23/GJ_1083-20210923@175309-Eden.fits (58/154) (dry run)
Storing /home/altsai/eden/LOT20210923_GJ1083_mod/GJ_1083-20210923@175424-Eden.fts -> s3://eden-data/RAW/LOT/GJ_1083/2021-09-23/GJ_1083-20210923@175424-Eden.fits (59/154) (dry run)
Storing /home/altsai/eden/LOT20210923_GJ1083_mod/GJ_1083-20210923@175541-Eden.fts -> s3://eden-data/RAW/LOT/GJ_1083/2021-09-23/GJ_1083-20210923@175541-Eden.fits (60/154) (dry run)
Storing /home/altsai/eden/LOT20210923_GJ1083_mod/GJ_1083-20210923@175658-Eden.fts -> s3://eden-data/RAW/LOT/GJ_1083/2021-09-23/GJ_1083-20210923@175658-Eden.fits (61/154) (dry run)
Storing /home/altsai/eden/LOT20210923_GJ1083_mod/GJ_1083-20210923@175814-Eden.fts -> s3://eden-data/RAW/LOT/GJ_1083/2021-09-23/GJ_1083-20210923@175814-Eden.fits (62/154) (dry run)
Storing /home/altsai/eden/LOT20210923_GJ1083_mod/GJ_1083-20210923@175930-Eden.fts -> s3://eden-data/RAW/LOT/GJ_1083/2021-09-23/GJ_1083-20210923@175930-Eden.fits (63/154) (dry run)
Storing /home/altsai/eden/LOT20210923_GJ1083_mod/GJ_1083-20210923@180048-Eden.fts -> s3://eden-data/RAW/LOT/GJ_1083/2021-09-23/GJ_1083-20210923@180048-Eden.fits (64/154) (dry run)
Storing /home/altsai/eden/LOT20210923_GJ1083_mod/GJ_1083-20210923@180204-Eden.fts -> s3://eden-data/RAW/LOT/GJ_1083/2021-09-23/GJ_1083-20210923@180204-Eden.fits (65/154) (dry run)
Storing /home/altsai/eden/LOT20210923_GJ1083_mod/GJ_1083-20210923@180320-Eden.fts -> s3://eden-data/RAW/LOT/GJ_1083/2021-09-23/GJ_1083-20210923@180320-Eden.fits (66/154) (dry run)
Storing /home/altsai/eden/LOT20210923_GJ1083_mod/GJ_1083-20210923@180435-Eden.fts -> s3://eden-data/RAW/LOT/GJ_1083/2021-09-23/GJ_1083-20210923@180435-Eden.fits (67/154) (dry run)
Storing /home/altsai/eden/LOT20210923_GJ1083_mod/GJ_1083-20210923@180551-Eden.fts -> s3://eden-data/RAW/LOT/GJ_1083/2021-09-23/GJ_1083-20210923@180551-Eden.fits (68/154) (dry run)
Storing /home/altsai/eden/LOT20210923_GJ1083_mod/GJ_1083-20210923@180708-Eden.fts -> s3://eden-data/RAW/LOT/GJ_1083/2021-09-23/GJ_1083-20210923@180708-Eden.fits (69/154) (dry run)
Storing /home/altsai/eden/LOT20210923_GJ1083_mod/GJ_1083-20210923@180824-Eden.fts -> s3://eden-data/RAW/LOT/GJ_1083/2021-09-23/GJ_1083-20210923@180824-Eden.fits (70/154) (dry run)
Storing /home/altsai/eden/LOT20210923_GJ1083_mod/GJ_1083-20210923@180942-Eden.fts -> s3://eden-data/RAW/LOT/GJ_1083/2021-09-23/GJ_1083-20210923@180942-Eden.fits (71/154) (dry run)
Storing /home/altsai/eden/LOT20210923_GJ1083_mod/GJ_1083-20210923@181058-Eden.fts -> s3://eden-data/RAW/LOT/GJ_1083/2021-09-23/GJ_1083-20210923@181058-Eden.fits (72/154) (dry run)
Storing /home/altsai/eden/LOT20210923_GJ1083_mod/GJ_1083-20210923@181214-Eden.fts -> s3://eden-data/RAW/LOT/GJ_1083/2021-09-23/GJ_1083-20210923@181214-Eden.fits (73/154) (dry run)
Storing /home/altsai/eden/LOT20210923_GJ1083_mod/GJ_1083-20210923@181329-Eden.fts -> s3://eden-data/RAW/LOT/GJ_1083/2021-09-23/GJ_1083-20210923@181329-Eden.fits (74/154) (dry run)
Storing /home/altsai/eden/LOT20210923_GJ1083_mod/GJ_1083-20210923@181444-Eden.fts -> s3://eden-data/RAW/LOT/GJ_1083/2021-09-23/GJ_1083-20210923@181444-Eden.fits (75/154) (dry run)
Storing /home/altsai/eden/LOT20210923_GJ1083_mod/GJ_1083-20210923@181600-Eden.fts -> s3://eden-data/RAW/LOT/GJ_1083/2021-09-23/GJ_1083-20210923@181600-Eden.fits (76/154) (dry run)
Storing /home/altsai/eden/LOT20210923_GJ1083_mod/GJ_1083-20210923@181716-Eden.fts -> s3://eden-data/RAW/LOT/GJ_1083/2021-09-23/GJ_1083-20210923@181716-Eden.fits (77/154) (dry run)
Storing /home/altsai/eden/LOT20210923_GJ1083_mod/GJ_1083-20210923@181831-Eden.fts -> s3://eden-data/RAW/LOT/GJ_1083/2021-09-23/GJ_1083-20210923@181831-Eden.fits (78/154) (dry run)
Storing /home/altsai/eden/LOT20210923_GJ1083_mod/GJ_1083-20210923@181947-Eden.fts -> s3://eden-data/RAW/LOT/GJ_1083/2021-09-23/GJ_1083-20210923@181947-Eden.fits (79/154) (dry run)
Storing /home/altsai/eden/LOT20210923_GJ1083_mod/GJ_1083-20210923@182103-Eden.fts -> s3://eden-data/RAW/LOT/GJ_1083/2021-09-23/GJ_1083-20210923@182103-Eden.fits (80/154) (dry run)
Storing /home/altsai/eden/LOT20210923_GJ1083_mod/GJ_1083-20210923@182219-Eden.fts -> s3://eden-data/RAW/LOT/GJ_1083/2021-09-23/GJ_1083-20210923@182219-Eden.fits (81/154) (dry run)
Storing /home/altsai/eden/LOT20210923_GJ1083_mod/GJ_1083-20210923@182335-Eden.fts -> s3://eden-data/RAW/LOT/GJ_1083/2021-09-23/GJ_1083-20210923@182335-Eden.fits (82/154) (dry run)
Storing /home/altsai/eden/LOT20210923_GJ1083_mod/GJ_1083-20210923@182452-Eden.fts -> s3://eden-data/RAW/LOT/GJ_1083/2021-09-23/GJ_1083-20210923@182452-Eden.fits (83/154) (dry run)
Storing /home/altsai/eden/LOT20210923_GJ1083_mod/GJ_1083-20210923@182611-Eden.fts -> s3://eden-data/RAW/LOT/GJ_1083/2021-09-23/GJ_1083-20210923@182611-Eden.fits (84/154) (dry run)
Storing /home/altsai/eden/LOT20210923_GJ1083_mod/GJ_1083-20210923@182726-Eden.fts -> s3://eden-data/RAW/LOT/GJ_1083/2021-09-23/GJ_1083-20210923@182726-Eden.fits (85/154) (dry run)
Storing /home/altsai/eden/LOT20210923_GJ1083_mod/GJ_1083-20210923@182842-Eden.fts -> s3://eden-data/RAW/LOT/GJ_1083/2021-09-23/GJ_1083-20210923@182842-Eden.fits (86/154) (dry run)
Storing /home/altsai/eden/LOT20210923_GJ1083_mod/GJ_1083-20210923@182958-Eden.fts -> s3://eden-data/RAW/LOT/GJ_1083/2021-09-23/GJ_1083-20210923@182958-Eden.fits (87/154) (dry run)
Storing /home/altsai/eden/LOT20210923_GJ1083_mod/GJ_1083-20210923@183115-Eden.fts -> s3://eden-data/RAW/LOT/GJ_1083/2021-09-23/GJ_1083-20210923@183115-Eden.fits (88/154) (dry run)
Storing /home/altsai/eden/LOT20210923_GJ1083_mod/GJ_1083-20210923@183230-Eden.fts -> s3://eden-data/RAW/LOT/GJ_1083/2021-09-23/GJ_1083-20210923@183230-Eden.fits (89/154) (dry run)
Storing /home/altsai/eden/LOT20210923_GJ1083_mod/GJ_1083-20210923@183347-Eden.fts -> s3://eden-data/RAW/LOT/GJ_1083/2021-09-23/GJ_1083-20210923@183347-Eden.fits (90/154) (dry run)
Storing /home/altsai/eden/LOT20210923_GJ1083_mod/GJ_1083-20210923@183504-Eden.fts -> s3://eden-data/RAW/LOT/GJ_1083/2021-09-23/GJ_1083-20210923@183504-Eden.fits (91/154) (dry run)
Storing /home/altsai/eden/LOT20210923_GJ1083_mod/GJ_1083-20210923@183618-Eden.fts -> s3://eden-data/RAW/LOT/GJ_1083/2021-09-23/GJ_1083-20210923@183618-Eden.fits (92/154) (dry run)
Storing /home/altsai/eden/LOT20210923_GJ1083_mod/GJ_1083-20210923@183734-Eden.fts -> s3://eden-data/RAW/LOT/GJ_1083/2021-09-23/GJ_1083-20210923@183734-Eden.fits (93/154) (dry run)
Storing /home/altsai/eden/LOT20210923_GJ1083_mod/GJ_1083-20210923@183851-Eden.fts -> s3://eden-data/RAW/LOT/GJ_1083/2021-09-23/GJ_1083-20210923@183851-Eden.fits (94/154) (dry run)
Storing /home/altsai/eden/LOT20210923_GJ1083_mod/GJ_1083-20210923@184008-Eden.fts -> s3://eden-data/RAW/LOT/GJ_1083/2021-09-23/GJ_1083-20210923@184008-Eden.fits (95/154) (dry run)
Storing /home/altsai/eden/LOT20210923_GJ1083_mod/GJ_1083-20210923@184125-Eden.fts -> s3://eden-data/RAW/LOT/GJ_1083/2021-09-23/GJ_1083-20210923@184125-Eden.fits (96/154) (dry run)
Storing /home/altsai/eden/LOT20210923_GJ1083_mod/GJ_1083-20210923@184240-Eden.fts -> s3://eden-data/RAW/LOT/GJ_1083/2021-09-23/GJ_1083-20210923@184240-Eden.fits (97/154) (dry run)
Storing /home/altsai/eden/LOT20210923_GJ1083_mod/GJ_1083-20210923@184355-Eden.fts -> s3://eden-data/RAW/LOT/GJ_1083/2021-09-23/GJ_1083-20210923@184355-Eden.fits (98/154) (dry run)
Storing /home/altsai/eden/LOT20210923_GJ1083_mod/GJ_1083-20210923@184512-Eden.fts -> s3://eden-data/RAW/LOT/GJ_1083/2021-09-23/GJ_1083-20210923@184512-Eden.fits (99/154) (dry run)
Storing /home/altsai/eden/LOT20210923_GJ1083_mod/GJ_1083-20210923@184627-Eden.fts -> s3://eden-data/RAW/LOT/GJ_1083/2021-09-23/GJ_1083-20210923@184627-Eden.fits (100/154) (dry run)
Storing /home/altsai/eden/LOT20210923_GJ1083_mod/GJ_1083-20210923@184743-Eden.fts -> s3://eden-data/RAW/LOT/GJ_1083/2021-09-23/GJ_1083-20210923@184743-Eden.fits (101/154) (dry run)
Storing /home/altsai/eden/LOT20210923_GJ1083_mod/GJ_1083-20210923@184900-Eden.fts -> s3://eden-data/RAW/LOT/GJ_1083/2021-09-23/GJ_1083-20210923@184900-Eden.fits (102/154) (dry run)
Storing /home/altsai/eden/LOT20210923_GJ1083_mod/GJ_1083-20210923@185015-Eden.fts -> s3://eden-data/RAW/LOT/GJ_1083/2021-09-23/GJ_1083-20210923@185015-Eden.fits (103/154) (dry run)
Storing /home/altsai/eden/LOT20210923_GJ1083_mod/GJ_1083-20210923@185134-Eden.fts -> s3://eden-data/RAW/LOT/GJ_1083/2021-09-23/GJ_1083-20210923@185134-Eden.fits (104/154) (dry run)
Storing /home/altsai/eden/LOT20210923_GJ1083_mod/GJ_1083-20210923@185250-Eden.fts -> s3://eden-data/RAW/LOT/GJ_1083/2021-09-23/GJ_1083-20210923@185250-Eden.fits (105/154) (dry run)
Storing /home/altsai/eden/LOT20210923_GJ1083_mod/GJ_1083-20210923@185406-Eden.fts -> s3://eden-data/RAW/LOT/GJ_1083/2021-09-23/GJ_1083-20210923@185406-Eden.fits (106/154) (dry run)
Storing /home/altsai/eden/LOT20210923_GJ1083_mod/GJ_1083-20210923@185521-Eden.fts -> s3://eden-data/RAW/LOT/GJ_1083/2021-09-23/GJ_1083-20210923@185521-Eden.fits (107/154) (dry run)
Storing /home/altsai/eden/LOT20210923_GJ1083_mod/GJ_1083-20210923@185638-Eden.fts -> s3://eden-data/RAW/LOT/GJ_1083/2021-09-23/GJ_1083-20210923@185638-Eden.fits (108/154) (dry run)
Storing /home/altsai/eden/LOT20210923_GJ1083_mod/GJ_1083-20210923@185754-Eden.fts -> s3://eden-data/RAW/LOT/GJ_1083/2021-09-23/GJ_1083-20210923@185754-Eden.fits (109/154) (dry run)
Storing /home/altsai/eden/LOT20210923_GJ1083_mod/GJ_1083-20210923@185911-Eden.fts -> s3://eden-data/RAW/LOT/GJ_1083/2021-09-23/GJ_1083-20210923@185911-Eden.fits (110/154) (dry run)
Storing /home/altsai/eden/LOT20210923_GJ1083_mod/GJ_1083-20210923@190028-Eden.fts -> s3://eden-data/RAW/LOT/GJ_1083/2021-09-23/GJ_1083-20210923@190028-Eden.fits (111/154) (dry run)
Storing /home/altsai/eden/LOT20210923_GJ1083_mod/GJ_1083-20210923@190144-Eden.fts -> s3://eden-data/RAW/LOT/GJ_1083/2021-09-23/GJ_1083-20210923@190144-Eden.fits (112/154) (dry run)
Storing /home/altsai/eden/LOT20210923_GJ1083_mod/GJ_1083-20210923@190301-Eden.fts -> s3://eden-data/RAW/LOT/GJ_1083/2021-09-23/GJ_1083-20210923@190301-Eden.fits (113/154) (dry run)
Storing /home/altsai/eden/LOT20210923_GJ1083_mod/GJ_1083-20210923@190418-Eden.fts -> s3://eden-data/RAW/LOT/GJ_1083/2021-09-23/GJ_1083-20210923@190418-Eden.fits (114/154) (dry run)
Storing /home/altsai/eden/LOT20210923_GJ1083_mod/GJ_1083-20210923@190535-Eden.fts -> s3://eden-data/RAW/LOT/GJ_1083/2021-09-23/GJ_1083-20210923@190535-Eden.fits (115/154) (dry run)
Storing /home/altsai/eden/LOT20210923_GJ1083_mod/GJ_1083-20210923@190653-Eden.fts -> s3://eden-data/RAW/LOT/GJ_1083/2021-09-23/GJ_1083-20210923@190653-Eden.fits (116/154) (dry run)
Storing /home/altsai/eden/LOT20210923_GJ1083_mod/GJ_1083-20210923@190808-Eden.fts -> s3://eden-data/RAW/LOT/GJ_1083/2021-09-23/GJ_1083-20210923@190808-Eden.fits (117/154) (dry run)
Storing /home/altsai/eden/LOT20210923_GJ1083_mod/GJ_1083-20210923@190924-Eden.fts -> s3://eden-data/RAW/LOT/GJ_1083/2021-09-23/GJ_1083-20210923@190924-Eden.fits (118/154) (dry run)
Storing /home/altsai/eden/LOT20210923_GJ1083_mod/GJ_1083-20210923@191040-Eden.fts -> s3://eden-data/RAW/LOT/GJ_1083/2021-09-23/GJ_1083-20210923@191040-Eden.fits (119/154) (dry run)
Storing /home/altsai/eden/LOT20210923_GJ1083_mod/GJ_1083-20210923@191155-Eden.fts -> s3://eden-data/RAW/LOT/GJ_1083/2021-09-23/GJ_1083-20210923@191155-Eden.fits (120/154) (dry run)
Storing /home/altsai/eden/LOT20210923_GJ1083_mod/GJ_1083-20210923@191311-Eden.fts -> s3://eden-data/RAW/LOT/GJ_1083/2021-09-23/GJ_1083-20210923@191311-Eden.fits (121/154) (dry run)
Storing /home/altsai/eden/LOT20210923_GJ1083_mod/GJ_1083-20210923@191806-Eden.fts -> s3://eden-data/RAW/LOT/GJ_1083/2021-09-23/GJ_1083-20210923@191806-Eden.fits (122/154) (dry run)
Storing /home/altsai/eden/LOT20210923_GJ1083_mod/GJ_1083-20210923@191922-Eden.fts -> s3://eden-data/RAW/LOT/GJ_1083/2021-09-23/GJ_1083-20210923@191922-Eden.fits (123/154) (dry run)
Storing /home/altsai/eden/LOT20210923_GJ1083_mod/GJ_1083-20210923@192038-Eden.fts -> s3://eden-data/RAW/LOT/GJ_1083/2021-09-23/GJ_1083-20210923@192038-Eden.fits (124/154) (dry run)
Storing /home/altsai/eden/LOT20210923_GJ1083_mod/GJ_1083-20210923@192156-Eden.fts -> s3://eden-data/RAW/LOT/GJ_1083/2021-09-23/GJ_1083-20210923@192156-Eden.fits (125/154) (dry run)
Storing /home/altsai/eden/LOT20210923_GJ1083_mod/GJ_1083-20210923@192312-Eden.fts -> s3://eden-data/RAW/LOT/GJ_1083/2021-09-23/GJ_1083-20210923@192312-Eden.fits (126/154) (dry run)
Storing /home/altsai/eden/LOT20210923_GJ1083_mod/GJ_1083-20210923@192429-Eden.fts -> s3://eden-data/RAW/LOT/GJ_1083/2021-09-23/GJ_1083-20210923@192429-Eden.fits (127/154) (dry run)
Storing /home/altsai/eden/LOT20210923_GJ1083_mod/GJ_1083-20210923@192547-Eden.fts -> s3://eden-data/RAW/LOT/GJ_1083/2021-09-23/GJ_1083-20210923@192547-Eden.fits (128/154) (dry run)
Storing /home/altsai/eden/LOT20210923_GJ1083_mod/GJ_1083-20210923@192704-Eden.fts -> s3://eden-data/RAW/LOT/GJ_1083/2021-09-23/GJ_1083-20210923@192704-Eden.fits (129/154) (dry run)
Storing /home/altsai/eden/LOT20210923_GJ1083_mod/GJ_1083-20210923@192820-Eden.fts -> s3://eden-data/RAW/LOT/GJ_1083/2021-09-23/GJ_1083-20210923@192820-Eden.fits (130/154) (dry run)
Storing /home/altsai/eden/LOT20210923_GJ1083_mod/GJ_1083-20210923@192937-Eden.fts -> s3://eden-data/RAW/LOT/GJ_1083/2021-09-23/GJ_1083-20210923@192937-Eden.fits (131/154) (dry run)
Storing /home/altsai/eden/LOT20210923_GJ1083_mod/GJ_1083-20210923@193054-Eden.fts -> s3://eden-data/RAW/LOT/GJ_1083/2021-09-23/GJ_1083-20210923@193054-Eden.fits (132/154) (dry run)
Storing /home/altsai/eden/LOT20210923_GJ1083_mod/GJ_1083-20210923@193212-Eden.fts -> s3://eden-data/RAW/LOT/GJ_1083/2021-09-23/GJ_1083-20210923@193212-Eden.fits (133/154) (dry run)
Storing /home/altsai/eden/LOT20210923_GJ1083_mod/GJ_1083-20210923@193329-Eden.fts -> s3://eden-data/RAW/LOT/GJ_1083/2021-09-23/GJ_1083-20210923@193329-Eden.fits (134/154) (dry run)
Storing /home/altsai/eden/LOT20210923_GJ1083_mod/GJ_1083-20210923@193444-Eden.fts -> s3://eden-data/RAW/LOT/GJ_1083/2021-09-23/GJ_1083-20210923@193444-Eden.fits (135/154) (dry run)
Storing /home/altsai/eden/LOT20210923_GJ1083_mod/GJ_1083-20210923@193559-Eden.fts -> s3://eden-data/RAW/LOT/GJ_1083/2021-09-23/GJ_1083-20210923@193559-Eden.fits (136/154) (dry run)
Storing /home/altsai/eden/LOT20210923_GJ1083_mod/GJ_1083-20210923@193718-Eden.fts -> s3://eden-data/RAW/LOT/GJ_1083/2021-09-23/GJ_1083-20210923@193718-Eden.fits (137/154) (dry run)
Storing /home/altsai/eden/LOT20210923_GJ1083_mod/GJ_1083-20210923@193834-Eden.fts -> s3://eden-data/RAW/LOT/GJ_1083/2021-09-23/GJ_1083-20210923@193834-Eden.fits (138/154) (dry run)
Storing /home/altsai/eden/LOT20210923_GJ1083_mod/GJ_1083-20210923@193951-Eden.fts -> s3://eden-data/RAW/LOT/GJ_1083/2021-09-23/GJ_1083-20210923@193951-Eden.fits (139/154) (dry run)
Storing /home/altsai/eden/LOT20210923_GJ1083_mod/GJ_1083-20210923@194250-Eden.fts -> s3://eden-data/RAW/LOT/GJ_1083/2021-09-23/GJ_1083-20210923@194250-Eden.fits (140/154) (dry run)
Storing /home/altsai/eden/LOT20210923_GJ1083_mod/GJ_1083-20210923@194408-Eden.fts -> s3://eden-data/RAW/LOT/GJ_1083/2021-09-23/GJ_1083-20210923@194408-Eden.fits (141/154) (dry run)
Storing /home/altsai/eden/LOT20210923_GJ1083_mod/GJ_1083-20210923@194524-Eden.fts -> s3://eden-data/RAW/LOT/GJ_1083/2021-09-23/GJ_1083-20210923@194524-Eden.fits (142/154) (dry run)
Storing /home/altsai/eden/LOT20210923_GJ1083_mod/GJ_1083-20210923@194641-Eden.fts -> s3://eden-data/RAW/LOT/GJ_1083/2021-09-23/GJ_1083-20210923@194641-Eden.fits (143/154) (dry run)
Storing /home/altsai/eden/LOT20210923_GJ1083_mod/GJ_1083-20210923@194757-Eden.fts -> s3://eden-data/RAW/LOT/GJ_1083/2021-09-23/GJ_1083-20210923@194757-Eden.fits (144/154) (dry run)
Storing /home/altsai/eden/LOT20210923_GJ1083_mod/GJ_1083-20210923@194913-Eden.fts -> s3://eden-data/RAW/LOT/GJ_1083/2021-09-23/GJ_1083-20210923@194913-Eden.fits (145/154) (dry run)
Storing /home/altsai/eden/LOT20210923_GJ1083_mod/GJ_1083-20210923@195029-Eden.fts -> s3://eden-data/RAW/LOT/GJ_1083/2021-09-23/GJ_1083-20210923@195029-Eden.fits (146/154) (dry run)
Storing /home/altsai/eden/LOT20210923_GJ1083_mod/GJ_1083-20210923@195146-Eden.fts -> s3://eden-data/RAW/LOT/GJ_1083/2021-09-23/GJ_1083-20210923@195146-Eden.fits (147/154) (dry run)
Storing /home/altsai/eden/LOT20210923_GJ1083_mod/GJ_1083-20210923@195304-Eden.fts -> s3://eden-data/RAW/LOT/GJ_1083/2021-09-23/GJ_1083-20210923@195304-Eden.fits (148/154) (dry run)
Storing /home/altsai/eden/LOT20210923_GJ1083_mod/GJ_1083-20210923@195420-Eden.fts -> s3://eden-data/RAW/LOT/GJ_1083/2021-09-23/GJ_1083-20210923@195420-Eden.fits (149/154) (dry run)
Storing /home/altsai/eden/LOT20210923_GJ1083_mod/GJ_1083-20210923@195538-Eden.fts -> s3://eden-data/RAW/LOT/GJ_1083/2021-09-23/GJ_1083-20210923@195538-Eden.fits (150/154) (dry run)
Storing /home/altsai/eden/LOT20210923_GJ1083_mod/GJ_1083-20210923@195653-Eden.fts -> s3://eden-data/RAW/LOT/GJ_1083/2021-09-23/GJ_1083-20210923@195653-Eden.fits (151/154) (dry run)
Storing /home/altsai/eden/LOT20210923_GJ1083_mod/GJ_1083-20210923@195808-Eden.fts -> s3://eden-data/RAW/LOT/GJ_1083/2021-09-23/GJ_1083-20210923@195808-Eden.fits (152/154) (dry run)
Storing /home/altsai/eden/LOT20210923_GJ1083_mod/GJ_1083-20210923@195924-Eden.fts -> s3://eden-data/RAW/LOT/GJ_1083/2021-09-23/GJ_1083-20210923@195924-Eden.fits (153/154) (dry run)
Storing /home/altsai/eden/LOT20210923_GJ1083_mod/GJ_1083-20210923@200039-Eden.fts -> s3://eden-data/RAW/LOT/GJ_1083/2021-09-23/GJ_1083-20210923@200039-Eden.fits (154/154) (dry run)

Dry run complete! Run again without --dryrun to commit the changes above.
Stored: 154 files (1.3 GB)
