-----------------
input parameters
-----------------
['modify_header_name_eden.py', 'LOT20201201_LP_315', '16']
Your will modify header for: LP_315-53 [RA] 10 16 34.6688 [Dec] +27 51 48.8250 [Filter] GG495
---------------
folder: LOT20201201_LP_315
will update fits in: LOT20201201_LP_315_mod
 ---------------------------
 Exame Fits Header for Bias
 ---------------------------
find ./LOT20201201_LP_315/bias-dark/ | grep 'fits\|fts'|sort 
found 20 Bias/Dark
1/20 Bias-20201201@212734-000S.fts [TYPE] BIAS [EXPTIME] 0.0
2/20 Bias-20201201@212743-000S.fts [TYPE] BIAS [EXPTIME] 0.0
3/20 Bias-20201201@212749-000S.fts [TYPE] BIAS [EXPTIME] 0.0
4/20 Bias-20201201@212757-000S.fts [TYPE] BIAS [EXPTIME] 0.0
5/20 Bias-20201201@212804-000S.fts [TYPE] BIAS [EXPTIME] 0.0
6/20 Bias-20201201@212811-000S.fts [TYPE] BIAS [EXPTIME] 0.0
7/20 Bias-20201201@212819-000S.fts [TYPE] BIAS [EXPTIME] 0.0
8/20 Bias-20201201@212826-000S.fts [TYPE] BIAS [EXPTIME] 0.0
9/20 Bias-20201201@212834-000S.fts [TYPE] BIAS [EXPTIME] 0.0
10/20 Bias-20201201@212841-000S.fts [TYPE] BIAS [EXPTIME] 0.0
11/20 Dark-20201201@212849-060S.fts [TYPE] DARK [EXPTIME] 60.0
12/20 Dark-20201201@212955-060S.fts [TYPE] DARK [EXPTIME] 60.0
13/20 Dark-20201201@213103-060S.fts [TYPE] DARK [EXPTIME] 60.0
14/20 Dark-20201201@213210-060S.fts [TYPE] DARK [EXPTIME] 60.0
15/20 Dark-20201201@213317-060S.fts [TYPE] DARK [EXPTIME] 60.0
16/20 Dark-20201201@213424-060S.fts [TYPE] DARK [EXPTIME] 60.0
17/20 Dark-20201201@213531-060S.fts [TYPE] DARK [EXPTIME] 60.0
18/20 Dark-20201201@213638-060S.fts [TYPE] DARK [EXPTIME] 60.0
19/20 Dark-20201201@213745-060S.fts [TYPE] DARK [EXPTIME] 60.0
20/20 Dark-20201201@213852-060S.fts [TYPE] DARK [EXPTIME] 60.0
 ---------------------------
 Exame Fits Header for Flat
 ---------------------------
find ./LOT20201201_LP_315/ | grep flat/ | grep -E 'fits|fts'|sort -t'-' -k2.4,2.6 
found 0 Flat
no files in ./flat/
 ---------------------------
 Exame Fits Header for Additional Dark for Flat
 ---------------------------
find ./LOT20201201_LP_315/ | grep flat/ |grep dark| grep -E 'fits|fts'|sort -t'-' -k2.4,2.6 
found 0 Additional Dark for Flat
no additional dark for flat in ./flat/
 ---------------------------
 Modify filename for Science Target
 ---------------------------
... update header ...
1/17 LP_315-53-20201201@210237-Eden.fts [TYPE] LIGHT [OBJ] LP_315-53 [RA] 10 16 34.6688 [Dec] +27 51 48.8250 [FIL] GG495 [EXPTIME] 60.0 [Date] 2020-12-01T21:02:37 [Time] 21:02:37
2/17 LP_315-53-20201201@210352-Eden.fts [TYPE] LIGHT [OBJ] LP_315-53 [RA] 10 16 34.6688 [Dec] +27 51 48.8250 [FIL] GG495 [EXPTIME] 60.0 [Date] 2020-12-01T21:03:52 [Time] 21:03:52
3/17 LP_315-53-20201201@210508-Eden.fts [TYPE] LIGHT [OBJ] LP_315-53 [RA] 10 16 34.6688 [Dec] +27 51 48.8250 [FIL] GG495 [EXPTIME] 60.0 [Date] 2020-12-01T21:05:08 [Time] 21:05:08
4/17 LP_315-53-20201201@210622-Eden.fts [TYPE] LIGHT [OBJ] LP_315-53 [RA] 10 16 34.6688 [Dec] +27 51 48.8250 [FIL] GG495 [EXPTIME] 60.0 [Date] 2020-12-01T21:06:22 [Time] 21:06:22
5/17 LP_315-53-20201201@210736-Eden.fts [TYPE] LIGHT [OBJ] LP_315-53 [RA] 10 16 34.6688 [Dec] +27 51 48.8250 [FIL] GG495 [EXPTIME] 60.0 [Date] 2020-12-01T21:07:36 [Time] 21:07:36
6/17 LP_315-53-20201201@210852-Eden.fts [TYPE] LIGHT [OBJ] LP_315-53 [RA] 10 16 34.6688 [Dec] +27 51 48.8250 [FIL] GG495 [EXPTIME] 60.0 [Date] 2020-12-01T21:08:52 [Time] 21:08:52
7/17 LP_315-53-20201201@211007-Eden.fts [TYPE] LIGHT [OBJ] LP_315-53 [RA] 10 16 34.6688 [Dec] +27 51 48.8250 [FIL] GG495 [EXPTIME] 60.0 [Date] 2020-12-01T21:10:07 [Time] 21:10:07
8/17 LP_315-53-20201201@211122-Eden.fts [TYPE] LIGHT [OBJ] LP_315-53 [RA] 10 16 34.6688 [Dec] +27 51 48.8250 [FIL] GG495 [EXPTIME] 60.0 [Date] 2020-12-01T21:11:22 [Time] 21:11:22
9/17 LP_315-53-20201201@211237-Eden.fts [TYPE] LIGHT [OBJ] LP_315-53 [RA] 10 16 34.6688 [Dec] +27 51 48.8250 [FIL] GG495 [EXPTIME] 60.0 [Date] 2020-12-01T21:12:37 [Time] 21:12:37
10/17 LP_315-53-20201201@211353-Eden.fts [TYPE] LIGHT [OBJ] LP_315-53 [RA] 10 16 34.6688 [Dec] +27 51 48.8250 [FIL] GG495 [EXPTIME] 60.0 [Date] 2020-12-01T21:13:53 [Time] 21:13:53
11/17 LP_315-53-20201201@211509-Eden.fts [TYPE] LIGHT [OBJ] LP_315-53 [RA] 10 16 34.6688 [Dec] +27 51 48.8250 [FIL] GG495 [EXPTIME] 60.0 [Date] 2020-12-01T21:15:09 [Time] 21:15:09
12/17 LP_315-53-20201201@211626-Eden.fts [TYPE] LIGHT [OBJ] LP_315-53 [RA] 10 16 34.6688 [Dec] +27 51 48.8250 [FIL] GG495 [EXPTIME] 60.0 [Date] 2020-12-01T21:16:26 [Time] 21:16:26
13/17 LP_315-53-20201201@211740-Eden.fts [TYPE] LIGHT [OBJ] LP_315-53 [RA] 10 16 34.6688 [Dec] +27 51 48.8250 [FIL] GG495 [EXPTIME] 60.0 [Date] 2020-12-01T21:17:40 [Time] 21:17:40
14/17 LP_315-53-20201201@211856-Eden.fts [TYPE] LIGHT [OBJ] LP_315-53 [RA] 10 16 34.6688 [Dec] +27 51 48.8250 [FIL] GG495 [EXPTIME] 60.0 [Date] 2020-12-01T21:18:56 [Time] 21:18:56
15/17 LP_315-53-20201201@212011-Eden.fts [TYPE] LIGHT [OBJ] LP_315-53 [RA] 10 16 34.6688 [Dec] +27 51 48.8250 [FIL] GG495 [EXPTIME] 60.0 [Date] 2020-12-01T21:20:11 [Time] 21:20:11
16/17 LP_315-53-20201201@212125-Eden.fts [TYPE] LIGHT [OBJ] LP_315-53 [RA] 10 16 34.6688 [Dec] +27 51 48.8250 [FIL] GG495 [EXPTIME] 60.0 [Date] 2020-12-01T21:21:25 [Time] 21:21:25
17/17 LP_315-53-20201201@212240-Eden.fts [TYPE] LIGHT [OBJ] LP_315-53 [RA] 10 16 34.6688 [Dec] +27 51 48.8250 [FIL] GG495 [EXPTIME] 60.0 [Date] 2020-12-01T21:22:40 [Time] 21:22:40
... write log file to LOT20201201_LP_315_mod.log ...
... finish ...
