-----------------
input parameters
-----------------
['modify_header_eden.py', 'LOT20200501-2MUCD11188', '15']
Your will modify header for: 2MUCD11188 [RA] 14 03 22.2917 [Dec] +30 07 54.6373 [Filter] GG495
---------------
folder: LOT20200501-2MUCD11188
will update fits in: LOT20200501-2MUCD11188_mod
 ---------------------------
 Exame Fits Header for Bias
 ---------------------------
find ./LOT20200501-2MUCD11188/bias-dark/ | grep 'fits\|fts'|sort 
found 63 Bias/Dark
1/63 20200501-001bias-1.fits [TYPE] BIAS [EXPTIME] 0.0
2/63 20200501-001bias.fits [TYPE] BIAS [EXPTIME] 0.0
3/63 20200501-001d60s.fits [TYPE] DARK [EXPTIME] 60.0
4/63 20200501-002bias-1.fits [TYPE] BIAS [EXPTIME] 0.0
5/63 20200501-002bias.fits [TYPE] BIAS [EXPTIME] 0.0
6/63 20200501-002d300s-1.fits [TYPE] DARK [EXPTIME] 300.0
7/63 20200501-002d300s.fits [TYPE] DARK [EXPTIME] 300.0
8/63 20200501-002d360s.fits [TYPE] DARK [EXPTIME] 360.0
9/63 20200501-002d60s.fits [TYPE] DARK [EXPTIME] 60.0
10/63 20200501-003bias-1.fits [TYPE] BIAS [EXPTIME] 0.0
11/63 20200501-003bias.fits [TYPE] BIAS [EXPTIME] 0.0
12/63 20200501-003d300s-1.fits [TYPE] DARK [EXPTIME] 300.0
13/63 20200501-003d300s.fits [TYPE] DARK [EXPTIME] 300.0
14/63 20200501-003d360s.fits [TYPE] DARK [EXPTIME] 360.0
15/63 20200501-003d60s.fits [TYPE] DARK [EXPTIME] 60.0
16/63 20200501-004bias-1.fits [TYPE] BIAS [EXPTIME] 0.0
17/63 20200501-004bias.fits [TYPE] BIAS [EXPTIME] 0.0
18/63 20200501-004d300s-1.fits [TYPE] DARK [EXPTIME] 300.0
19/63 20200501-004d300s.fits [TYPE] DARK [EXPTIME] 300.0
20/63 20200501-004d360s.fits [TYPE] DARK [EXPTIME] 360.0
21/63 20200501-004d60s.fits [TYPE] DARK [EXPTIME] 60.0
22/63 20200501-005bias-1.fits [TYPE] BIAS [EXPTIME] 0.0
23/63 20200501-005bias.fits [TYPE] BIAS [EXPTIME] 0.0
24/63 20200501-005d300s-1.fits [TYPE] DARK [EXPTIME] 300.0
25/63 20200501-005d300s.fits [TYPE] DARK [EXPTIME] 300.0
26/63 20200501-005d360s.fits [TYPE] DARK [EXPTIME] 360.0
27/63 20200501-005d60s.fits [TYPE] DARK [EXPTIME] 60.0
28/63 20200501-006bias-1.fits [TYPE] BIAS [EXPTIME] 0.0
29/63 20200501-006bias.fits [TYPE] BIAS [EXPTIME] 0.0
30/63 20200501-006d300s-1.fits [TYPE] DARK [EXPTIME] 300.0
31/63 20200501-006d300s.fits [TYPE] DARK [EXPTIME] 300.0
32/63 20200501-006d360s.fits [TYPE] DARK [EXPTIME] 360.0
33/63 20200501-006d60s.fits [TYPE] DARK [EXPTIME] 60.0
34/63 20200501-007bias-1.fits [TYPE] BIAS [EXPTIME] 0.0
35/63 20200501-007bias.fits [TYPE] BIAS [EXPTIME] 0.0
36/63 20200501-007d300s-1.fits [TYPE] DARK [EXPTIME] 300.0
37/63 20200501-007d300s.fits [TYPE] DARK [EXPTIME] 300.0
38/63 20200501-007d360s.fits [TYPE] DARK [EXPTIME] 360.0
39/63 20200501-007d60s.fits [TYPE] DARK [EXPTIME] 60.0
40/63 20200501-008bias-1.fits [TYPE] BIAS [EXPTIME] 0.0
41/63 20200501-008bias.fits [TYPE] BIAS [EXPTIME] 0.0
42/63 20200501-008d300s-1.fits [TYPE] DARK [EXPTIME] 300.0
43/63 20200501-008d300s.fits [TYPE] DARK [EXPTIME] 300.0
44/63 20200501-008d360s.fits [TYPE] DARK [EXPTIME] 360.0
45/63 20200501-008d60s.fits [TYPE] DARK [EXPTIME] 60.0
46/63 20200501-009bias-1.fits [TYPE] BIAS [EXPTIME] 0.0
47/63 20200501-009bias.fits [TYPE] BIAS [EXPTIME] 0.0
48/63 20200501-009d300s-1.fits [TYPE] DARK [EXPTIME] 300.0
49/63 20200501-009d300s.fits [TYPE] DARK [EXPTIME] 300.0
50/63 20200501-009d360s.fits [TYPE] DARK [EXPTIME] 360.0
51/63 20200501-009d60s.fits [TYPE] DARK [EXPTIME] 60.0
52/63 20200501-010bias-1.fits [TYPE] BIAS [EXPTIME] 0.0
53/63 20200501-010bias.fits [TYPE] BIAS [EXPTIME] 0.0
54/63 20200501-010d300s-1.fits [TYPE] DARK [EXPTIME] 300.0
55/63 20200501-010d300s.fits [TYPE] DARK [EXPTIME] 300.0
56/63 20200501-010d360s.fits [TYPE] DARK [EXPTIME] 360.0
57/63 20200501-010d60s.fits [TYPE] DARK [EXPTIME] 60.0
58/63 20200501-011bias-1.fits [TYPE] BIAS [EXPTIME] 0.0
59/63 20200501-011bias.fits [TYPE] BIAS [EXPTIME] 0.0
60/63 20200501-011d300s-1.fits [TYPE] DARK [EXPTIME] 300.0
61/63 20200501-011d300s.fits [TYPE] DARK [EXPTIME] 300.0
62/63 20200501-011d360s.fits [TYPE] DARK [EXPTIME] 360.0
63/63 20200501-011d60s.fits [TYPE] DARK [EXPTIME] 60.0
 ---------------------------
 Exame Fits Header for Flat
 ---------------------------
find ./LOT20200501-2MUCD11188/ | grep flat/ |grep eden| grep -E 'fits|fts'|sort -t'-' -k2.4,2.6 
found 5 Flat
1/5 20200501-001eden.fits [TYPE] FLAT [EXPTIME] 10.0 [FIL] GG495
2/5 20200501-002eden.fits [TYPE] FLAT [EXPTIME] 10.0 [FIL] GG495
3/5 20200501-003eden.fits [TYPE] FLAT [EXPTIME] 10.0 [FIL] GG495
4/5 20200501-004eden.fits [TYPE] FLAT [EXPTIME] 10.0 [FIL] GG495
5/5 20200501-005eden.fits [TYPE] FLAT [EXPTIME] 10.0 [FIL] GG495
 ---------------------------
 Update Fits Header for Science Target
 ---------------------------
find ./LOT20200501-2MUCD11188/wchen/ | cut -d / -f1-4| grep 'fits\|fts'  |sort -t'@' -k2
found 109 Target

... update header ...
1/109 2MUCD11188-20200501@120512-Eden.fts [TYPE] LIGHT [OBJ] 2MUCD11188 [RA] 14 03 22.2917 [Dec] +30 07 54.6373 [FIL] GG495 [EXPTIME] 60.0 [Date] 2020-05-01T12:05:27 [Time] 12:05:27
2/109 2MUCD11188-20200501@120642-Eden.fts [TYPE] LIGHT [OBJ] 2MUCD11188 [RA] 14 03 22.2917 [Dec] +30 07 54.6373 [FIL] GG495 [EXPTIME] 60.0 [Date] 2020-05-01T12:06:42 [Time] 12:06:42
3/109 2MUCD11188-20200501@120757-Eden.fts [TYPE] LIGHT [OBJ] 2MUCD11188 [RA] 14 03 22.2917 [Dec] +30 07 54.6373 [FIL] GG495 [EXPTIME] 60.0 [Date] 2020-05-01T12:07:57 [Time] 12:07:57
4/109 2MUCD11188-20200501@120911-Eden.fts [TYPE] LIGHT [OBJ] 2MUCD11188 [RA] 14 03 22.2917 [Dec] +30 07 54.6373 [FIL] GG495 [EXPTIME] 60.0 [Date] 2020-05-01T12:09:11 [Time] 12:09:11
5/109 2MUCD11188-20200501@121026-Eden.fts [TYPE] LIGHT [OBJ] 2MUCD11188 [RA] 14 03 22.2917 [Dec] +30 07 54.6373 [FIL] GG495 [EXPTIME] 60.0 [Date] 2020-05-01T12:10:27 [Time] 12:10:27
6/109 2MUCD11188-20200501@121140-Eden.fts [TYPE] LIGHT [OBJ] 2MUCD11188 [RA] 14 03 22.2917 [Dec] +30 07 54.6373 [FIL] GG495 [EXPTIME] 60.0 [Date] 2020-05-01T12:11:41 [Time] 12:11:41
7/109 2MUCD11188-20200501@121255-Eden.fts [TYPE] LIGHT [OBJ] 2MUCD11188 [RA] 14 03 22.2917 [Dec] +30 07 54.6373 [FIL] GG495 [EXPTIME] 60.0 [Date] 2020-05-01T12:12:56 [Time] 12:12:56
8/109 2MUCD11188-20200501@121409-Eden.fts [TYPE] LIGHT [OBJ] 2MUCD11188 [RA] 14 03 22.2917 [Dec] +30 07 54.6373 [FIL] GG495 [EXPTIME] 60.0 [Date] 2020-05-01T12:14:09 [Time] 12:14:09
9/109 2MUCD11188-20200501@121524-Eden.fts [TYPE] LIGHT [OBJ] 2MUCD11188 [RA] 14 03 22.2917 [Dec] +30 07 54.6373 [FIL] GG495 [EXPTIME] 60.0 [Date] 2020-05-01T12:15:24 [Time] 12:15:24
10/109 2MUCD11188-20200501@121638-Eden.fts [TYPE] LIGHT [OBJ] 2MUCD11188 [RA] 14 03 22.2917 [Dec] +30 07 54.6373 [FIL] GG495 [EXPTIME] 60.0 [Date] 2020-05-01T12:16:38 [Time] 12:16:38
11/109 2MUCD11188-20200501@121752-Eden.fts [TYPE] LIGHT [OBJ] 2MUCD11188 [RA] 14 03 22.2917 [Dec] +30 07 54.6373 [FIL] GG495 [EXPTIME] 60.0 [Date] 2020-05-01T12:17:53 [Time] 12:17:53
12/109 2MUCD11188-20200501@121907-Eden.fts [TYPE] LIGHT [OBJ] 2MUCD11188 [RA] 14 03 22.2917 [Dec] +30 07 54.6373 [FIL] GG495 [EXPTIME] 60.0 [Date] 2020-05-01T12:19:07 [Time] 12:19:07
13/109 2MUCD11188-20200501@122022-Eden.fts [TYPE] LIGHT [OBJ] 2MUCD11188 [RA] 14 03 22.2917 [Dec] +30 07 54.6373 [FIL] GG495 [EXPTIME] 60.0 [Date] 2020-05-01T12:20:22 [Time] 12:20:22
14/109 2MUCD11188-20200501@122639-Eden.fts [TYPE] LIGHT [OBJ] 2MUCD11188 [RA] 14 03 22.2917 [Dec] +30 07 54.6373 [FIL] GG495 [EXPTIME] 60.0 [Date] 2020-05-01T12:26:52 [Time] 12:26:52
15/109 2MUCD11188-20200501@122806-Eden.fts [TYPE] LIGHT [OBJ] 2MUCD11188 [RA] 14 03 22.2917 [Dec] +30 07 54.6373 [FIL] GG495 [EXPTIME] 60.0 [Date] 2020-05-01T12:28:06 [Time] 12:28:06
16/109 2MUCD11188-20200501@122920-Eden.fts [TYPE] LIGHT [OBJ] 2MUCD11188 [RA] 14 03 22.2917 [Dec] +30 07 54.6373 [FIL] GG495 [EXPTIME] 60.0 [Date] 2020-05-01T12:29:21 [Time] 12:29:21
17/109 2MUCD11188-20200501@123035-Eden.fts [TYPE] LIGHT [OBJ] 2MUCD11188 [RA] 14 03 22.2917 [Dec] +30 07 54.6373 [FIL] GG495 [EXPTIME] 60.0 [Date] 2020-05-01T12:30:35 [Time] 12:30:35
18/109 2MUCD11188-20200501@123150-Eden.fts [TYPE] LIGHT [OBJ] 2MUCD11188 [RA] 14 03 22.2917 [Dec] +30 07 54.6373 [FIL] GG495 [EXPTIME] 60.0 [Date] 2020-05-01T12:31:50 [Time] 12:31:50
19/109 2MUCD11188-20200501@123305-Eden.fts [TYPE] LIGHT [OBJ] 2MUCD11188 [RA] 14 03 22.2917 [Dec] +30 07 54.6373 [FIL] GG495 [EXPTIME] 60.0 [Date] 2020-05-01T12:33:05 [Time] 12:33:05
20/109 2MUCD11188-20200501@123419-Eden.fts [TYPE] LIGHT [OBJ] 2MUCD11188 [RA] 14 03 22.2917 [Dec] +30 07 54.6373 [FIL] GG495 [EXPTIME] 60.0 [Date] 2020-05-01T12:34:19 [Time] 12:34:19
21/109 2MUCD11188-20200501@123533-Eden.fts [TYPE] LIGHT [OBJ] 2MUCD11188 [RA] 14 03 22.2917 [Dec] +30 07 54.6373 [FIL] GG495 [EXPTIME] 60.0 [Date] 2020-05-01T12:35:34 [Time] 12:35:34
22/109 2MUCD11188-20200501@123649-Eden.fts [TYPE] LIGHT [OBJ] 2MUCD11188 [RA] 14 03 22.2917 [Dec] +30 07 54.6373 [FIL] GG495 [EXPTIME] 60.0 [Date] 2020-05-01T12:36:49 [Time] 12:36:49
23/109 2MUCD11188-20200501@123803-Eden.fts [TYPE] LIGHT [OBJ] 2MUCD11188 [RA] 14 03 22.2917 [Dec] +30 07 54.6373 [FIL] GG495 [EXPTIME] 60.0 [Date] 2020-05-01T12:38:04 [Time] 12:38:04
24/109 2MUCD11188-20200501@123919-Eden.fts [TYPE] LIGHT [OBJ] 2MUCD11188 [RA] 14 03 22.2917 [Dec] +30 07 54.6373 [FIL] GG495 [EXPTIME] 60.0 [Date] 2020-05-01T12:39:20 [Time] 12:39:20
25/109 2MUCD11188-20200501@124035-Eden.fts [TYPE] LIGHT [OBJ] 2MUCD11188 [RA] 14 03 22.2917 [Dec] +30 07 54.6373 [FIL] GG495 [EXPTIME] 60.0 [Date] 2020-05-01T12:40:36 [Time] 12:40:36
26/109 2MUCD11188-20200501@124151-Eden.fts [TYPE] LIGHT [OBJ] 2MUCD11188 [RA] 14 03 22.2917 [Dec] +30 07 54.6373 [FIL] GG495 [EXPTIME] 60.0 [Date] 2020-05-01T12:41:52 [Time] 12:41:52
27/109 2MUCD11188-20200501@124307-Eden.fts [TYPE] LIGHT [OBJ] 2MUCD11188 [RA] 14 03 22.2917 [Dec] +30 07 54.6373 [FIL] GG495 [EXPTIME] 60.0 [Date] 2020-05-01T12:43:08 [Time] 12:43:08
28/109 2MUCD11188-20200501@124422-Eden.fts [TYPE] LIGHT [OBJ] 2MUCD11188 [RA] 14 03 22.2917 [Dec] +30 07 54.6373 [FIL] GG495 [EXPTIME] 60.0 [Date] 2020-05-01T12:44:22 [Time] 12:44:22
29/109 2MUCD11188-20200501@124537-Eden.fts [TYPE] LIGHT [OBJ] 2MUCD11188 [RA] 14 03 22.2917 [Dec] +30 07 54.6373 [FIL] GG495 [EXPTIME] 60.0 [Date] 2020-05-01T12:45:37 [Time] 12:45:37
30/109 2MUCD11188-20200501@124651-Eden.fts [TYPE] LIGHT [OBJ] 2MUCD11188 [RA] 14 03 22.2917 [Dec] +30 07 54.6373 [FIL] GG495 [EXPTIME] 60.0 [Date] 2020-05-01T12:46:53 [Time] 12:46:53
31/109 2MUCD11188-20200501@124808-Eden.fts [TYPE] LIGHT [OBJ] 2MUCD11188 [RA] 14 03 22.2917 [Dec] +30 07 54.6373 [FIL] GG495 [EXPTIME] 60.0 [Date] 2020-05-01T12:48:08 [Time] 12:48:08
32/109 2MUCD11188-20200501@124922-Eden.fts [TYPE] LIGHT [OBJ] 2MUCD11188 [RA] 14 03 22.2917 [Dec] +30 07 54.6373 [FIL] GG495 [EXPTIME] 60.0 [Date] 2020-05-01T12:49:22 [Time] 12:49:22
33/109 2MUCD11188-20200501@125037-Eden.fts [TYPE] LIGHT [OBJ] 2MUCD11188 [RA] 14 03 22.2917 [Dec] +30 07 54.6373 [FIL] GG495 [EXPTIME] 60.0 [Date] 2020-05-01T12:50:37 [Time] 12:50:37
34/109 2MUCD11188-20200501@125152-Eden.fts [TYPE] LIGHT [OBJ] 2MUCD11188 [RA] 14 03 22.2917 [Dec] +30 07 54.6373 [FIL] GG495 [EXPTIME] 60.0 [Date] 2020-05-01T12:51:52 [Time] 12:51:52
35/109 2MUCD11188-20200501@125306-Eden.fts [TYPE] LIGHT [OBJ] 2MUCD11188 [RA] 14 03 22.2917 [Dec] +30 07 54.6373 [FIL] GG495 [EXPTIME] 60.0 [Date] 2020-05-01T12:53:06 [Time] 12:53:06
36/109 2MUCD11188-20200501@125421-Eden.fts [TYPE] LIGHT [OBJ] 2MUCD11188 [RA] 14 03 22.2917 [Dec] +30 07 54.6373 [FIL] GG495 [EXPTIME] 60.0 [Date] 2020-05-01T12:54:21 [Time] 12:54:21
37/109 2MUCD11188-20200501@125534-Eden.fts [TYPE] LIGHT [OBJ] 2MUCD11188 [RA] 14 03 22.2917 [Dec] +30 07 54.6373 [FIL] GG495 [EXPTIME] 60.0 [Date] 2020-05-01T12:55:35 [Time] 12:55:35
38/109 2MUCD11188-20200501@125650-Eden.fts [TYPE] LIGHT [OBJ] 2MUCD11188 [RA] 14 03 22.2917 [Dec] +30 07 54.6373 [FIL] GG495 [EXPTIME] 60.0 [Date] 2020-05-01T12:56:50 [Time] 12:56:50
39/109 2MUCD11188-20200501@125804-Eden.fts [TYPE] LIGHT [OBJ] 2MUCD11188 [RA] 14 03 22.2917 [Dec] +30 07 54.6373 [FIL] GG495 [EXPTIME] 60.0 [Date] 2020-05-01T12:58:05 [Time] 12:58:05
40/109 2MUCD11188-20200501@125921-Eden.fts [TYPE] LIGHT [OBJ] 2MUCD11188 [RA] 14 03 22.2917 [Dec] +30 07 54.6373 [FIL] GG495 [EXPTIME] 60.0 [Date] 2020-05-01T12:59:22 [Time] 12:59:22
41/109 2MUCD11188-20200501@130037-Eden.fts [TYPE] LIGHT [OBJ] 2MUCD11188 [RA] 14 03 22.2917 [Dec] +30 07 54.6373 [FIL] GG495 [EXPTIME] 60.0 [Date] 2020-05-01T13:00:37 [Time] 13:00:37
42/109 2MUCD11188-20200501@130152-Eden.fts [TYPE] LIGHT [OBJ] 2MUCD11188 [RA] 14 03 22.2917 [Dec] +30 07 54.6373 [FIL] GG495 [EXPTIME] 60.0 [Date] 2020-05-01T13:01:52 [Time] 13:01:52
43/109 2MUCD11188-20200501@130308-Eden.fts [TYPE] LIGHT [OBJ] 2MUCD11188 [RA] 14 03 22.2917 [Dec] +30 07 54.6373 [FIL] GG495 [EXPTIME] 60.0 [Date] 2020-05-01T13:03:08 [Time] 13:03:08
44/109 2MUCD11188-20200501@130422-Eden.fts [TYPE] LIGHT [OBJ] 2MUCD11188 [RA] 14 03 22.2917 [Dec] +30 07 54.6373 [FIL] GG495 [EXPTIME] 60.0 [Date] 2020-05-01T13:04:22 [Time] 13:04:22
45/109 2MUCD11188-20200501@130537-Eden.fts [TYPE] LIGHT [OBJ] 2MUCD11188 [RA] 14 03 22.2917 [Dec] +30 07 54.6373 [FIL] GG495 [EXPTIME] 60.0 [Date] 2020-05-01T13:05:37 [Time] 13:05:37
46/109 2MUCD11188-20200501@130651-Eden.fts [TYPE] LIGHT [OBJ] 2MUCD11188 [RA] 14 03 22.2917 [Dec] +30 07 54.6373 [FIL] GG495 [EXPTIME] 60.0 [Date] 2020-05-01T13:06:51 [Time] 13:06:51
47/109 2MUCD11188-20200501@130806-Eden.fts [TYPE] LIGHT [OBJ] 2MUCD11188 [RA] 14 03 22.2917 [Dec] +30 07 54.6373 [FIL] GG495 [EXPTIME] 60.0 [Date] 2020-05-01T13:08:07 [Time] 13:08:07
48/109 2MUCD11188-20200501@130923-Eden.fts [TYPE] LIGHT [OBJ] 2MUCD11188 [RA] 14 03 22.2917 [Dec] +30 07 54.6373 [FIL] GG495 [EXPTIME] 60.0 [Date] 2020-05-01T13:09:23 [Time] 13:09:23
49/109 2MUCD11188-20200501@131037-Eden.fts [TYPE] LIGHT [OBJ] 2MUCD11188 [RA] 14 03 22.2917 [Dec] +30 07 54.6373 [FIL] GG495 [EXPTIME] 60.0 [Date] 2020-05-01T13:10:38 [Time] 13:10:38
50/109 2MUCD11188-20200501@131152-Eden.fts [TYPE] LIGHT [OBJ] 2MUCD11188 [RA] 14 03 22.2917 [Dec] +30 07 54.6373 [FIL] GG495 [EXPTIME] 60.0 [Date] 2020-05-01T13:11:52 [Time] 13:11:52
51/109 2MUCD11188-20200501@131306-Eden.fts [TYPE] LIGHT [OBJ] 2MUCD11188 [RA] 14 03 22.2917 [Dec] +30 07 54.6373 [FIL] GG495 [EXPTIME] 60.0 [Date] 2020-05-01T13:13:07 [Time] 13:13:07
52/109 2MUCD11188-20200501@131421-Eden.fts [TYPE] LIGHT [OBJ] 2MUCD11188 [RA] 14 03 22.2917 [Dec] +30 07 54.6373 [FIL] GG495 [EXPTIME] 60.0 [Date] 2020-05-01T13:14:22 [Time] 13:14:22
53/109 2MUCD11188-20200501@131537-Eden.fts [TYPE] LIGHT [OBJ] 2MUCD11188 [RA] 14 03 22.2917 [Dec] +30 07 54.6373 [FIL] GG495 [EXPTIME] 60.0 [Date] 2020-05-01T13:15:37 [Time] 13:15:37
54/109 2MUCD11188-20200501@131651-Eden.fts [TYPE] LIGHT [OBJ] 2MUCD11188 [RA] 14 03 22.2917 [Dec] +30 07 54.6373 [FIL] GG495 [EXPTIME] 60.0 [Date] 2020-05-01T13:16:52 [Time] 13:16:52
55/109 2MUCD11188-20200501@131805-Eden.fts [TYPE] LIGHT [OBJ] 2MUCD11188 [RA] 14 03 22.2917 [Dec] +30 07 54.6373 [FIL] GG495 [EXPTIME] 60.0 [Date] 2020-05-01T13:18:06 [Time] 13:18:06
56/109 2MUCD11188-20200501@131921-Eden.fts [TYPE] LIGHT [OBJ] 2MUCD11188 [RA] 14 03 22.2917 [Dec] +30 07 54.6373 [FIL] GG495 [EXPTIME] 60.0 [Date] 2020-05-01T13:19:21 [Time] 13:19:21
57/109 2MUCD11188-20200501@132036-Eden.fts [TYPE] LIGHT [OBJ] 2MUCD11188 [RA] 14 03 22.2917 [Dec] +30 07 54.6373 [FIL] GG495 [EXPTIME] 60.0 [Date] 2020-05-01T13:20:36 [Time] 13:20:36
58/109 2MUCD11188-20200501@132152-Eden.fts [TYPE] LIGHT [OBJ] 2MUCD11188 [RA] 14 03 22.2917 [Dec] +30 07 54.6373 [FIL] GG495 [EXPTIME] 60.0 [Date] 2020-05-01T13:21:52 [Time] 13:21:52
59/109 2MUCD11188-20200501@132307-Eden.fts [TYPE] LIGHT [OBJ] 2MUCD11188 [RA] 14 03 22.2917 [Dec] +30 07 54.6373 [FIL] GG495 [EXPTIME] 60.0 [Date] 2020-05-01T13:23:08 [Time] 13:23:08
60/109 2MUCD11188-20200501@132422-Eden.fts [TYPE] LIGHT [OBJ] 2MUCD11188 [RA] 14 03 22.2917 [Dec] +30 07 54.6373 [FIL] GG495 [EXPTIME] 60.0 [Date] 2020-05-01T13:24:22 [Time] 13:24:22
61/109 2MUCD11188-20200501@132536-Eden.fts [TYPE] LIGHT [OBJ] 2MUCD11188 [RA] 14 03 22.2917 [Dec] +30 07 54.6373 [FIL] GG495 [EXPTIME] 60.0 [Date] 2020-05-01T13:25:39 [Time] 13:25:39
62/109 2MUCD11188-20200501@132653-Eden.fts [TYPE] LIGHT [OBJ] 2MUCD11188 [RA] 14 03 22.2917 [Dec] +30 07 54.6373 [FIL] GG495 [EXPTIME] 60.0 [Date] 2020-05-01T13:26:53 [Time] 13:26:53
63/109 2MUCD11188-20200501@132808-Eden.fts [TYPE] LIGHT [OBJ] 2MUCD11188 [RA] 14 03 22.2917 [Dec] +30 07 54.6373 [FIL] GG495 [EXPTIME] 60.0 [Date] 2020-05-01T13:28:08 [Time] 13:28:08
64/109 2MUCD11188-20200501@132921-Eden.fts [TYPE] LIGHT [OBJ] 2MUCD11188 [RA] 14 03 22.2917 [Dec] +30 07 54.6373 [FIL] GG495 [EXPTIME] 60.0 [Date] 2020-05-01T13:29:22 [Time] 13:29:22
65/109 2MUCD11188-20200501@133036-Eden.fts [TYPE] LIGHT [OBJ] 2MUCD11188 [RA] 14 03 22.2917 [Dec] +30 07 54.6373 [FIL] GG495 [EXPTIME] 60.0 [Date] 2020-05-01T13:30:37 [Time] 13:30:37
66/109 2MUCD11188-20200501@133151-Eden.fts [TYPE] LIGHT [OBJ] 2MUCD11188 [RA] 14 03 22.2917 [Dec] +30 07 54.6373 [FIL] GG495 [EXPTIME] 60.0 [Date] 2020-05-01T13:31:52 [Time] 13:31:52
67/109 2MUCD11188-20200501@133305-Eden.fts [TYPE] LIGHT [OBJ] 2MUCD11188 [RA] 14 03 22.2917 [Dec] +30 07 54.6373 [FIL] GG495 [EXPTIME] 60.0 [Date] 2020-05-01T13:33:05 [Time] 13:33:05
68/109 2MUCD11188-20200501@133419-Eden.fts [TYPE] LIGHT [OBJ] 2MUCD11188 [RA] 14 03 22.2917 [Dec] +30 07 54.6373 [FIL] GG495 [EXPTIME] 60.0 [Date] 2020-05-01T13:34:20 [Time] 13:34:20
69/109 2MUCD11188-20200501@133534-Eden.fts [TYPE] LIGHT [OBJ] 2MUCD11188 [RA] 14 03 22.2917 [Dec] +30 07 54.6373 [FIL] GG495 [EXPTIME] 60.0 [Date] 2020-05-01T13:35:34 [Time] 13:35:34
70/109 2MUCD11188-20200501@133648-Eden.fts [TYPE] LIGHT [OBJ] 2MUCD11188 [RA] 14 03 22.2917 [Dec] +30 07 54.6373 [FIL] GG495 [EXPTIME] 60.0 [Date] 2020-05-01T13:36:48 [Time] 13:36:48
71/109 2MUCD11188-20200501@133802-Eden.fts [TYPE] LIGHT [OBJ] 2MUCD11188 [RA] 14 03 22.2917 [Dec] +30 07 54.6373 [FIL] GG495 [EXPTIME] 60.0 [Date] 2020-05-01T13:38:03 [Time] 13:38:03
72/109 2MUCD11188-20200501@133917-Eden.fts [TYPE] LIGHT [OBJ] 2MUCD11188 [RA] 14 03 22.2917 [Dec] +30 07 54.6373 [FIL] GG495 [EXPTIME] 60.0 [Date] 2020-05-01T13:39:18 [Time] 13:39:18
73/109 2MUCD11188-20200501@134033-Eden.fts [TYPE] LIGHT [OBJ] 2MUCD11188 [RA] 14 03 22.2917 [Dec] +30 07 54.6373 [FIL] GG495 [EXPTIME] 60.0 [Date] 2020-05-01T13:40:33 [Time] 13:40:33
74/109 2MUCD11188-20200501@134150-Eden.fts [TYPE] LIGHT [OBJ] 2MUCD11188 [RA] 14 03 22.2917 [Dec] +30 07 54.6373 [FIL] GG495 [EXPTIME] 60.0 [Date] 2020-05-01T13:41:50 [Time] 13:41:50
75/109 2MUCD11188-20200501@134303-Eden.fts [TYPE] LIGHT [OBJ] 2MUCD11188 [RA] 14 03 22.2917 [Dec] +30 07 54.6373 [FIL] GG495 [EXPTIME] 60.0 [Date] 2020-05-01T13:43:04 [Time] 13:43:04
76/109 2MUCD11188-20200501@134417-Eden.fts [TYPE] LIGHT [OBJ] 2MUCD11188 [RA] 14 03 22.2917 [Dec] +30 07 54.6373 [FIL] GG495 [EXPTIME] 60.0 [Date] 2020-05-01T13:44:18 [Time] 13:44:18
77/109 2MUCD11188-20200501@134532-Eden.fts [TYPE] LIGHT [OBJ] 2MUCD11188 [RA] 14 03 22.2917 [Dec] +30 07 54.6373 [FIL] GG495 [EXPTIME] 60.0 [Date] 2020-05-01T13:45:32 [Time] 13:45:32
78/109 2MUCD11188-20200501@134646-Eden.fts [TYPE] LIGHT [OBJ] 2MUCD11188 [RA] 14 03 22.2917 [Dec] +30 07 54.6373 [FIL] GG495 [EXPTIME] 60.0 [Date] 2020-05-01T13:46:46 [Time] 13:46:46
79/109 2MUCD11188-20200501@134800-Eden.fts [TYPE] LIGHT [OBJ] 2MUCD11188 [RA] 14 03 22.2917 [Dec] +30 07 54.6373 [FIL] GG495 [EXPTIME] 60.0 [Date] 2020-05-01T13:48:00 [Time] 13:48:00
80/109 2MUCD11188-20200501@134915-Eden.fts [TYPE] LIGHT [OBJ] 2MUCD11188 [RA] 14 03 22.2917 [Dec] +30 07 54.6373 [FIL] GG495 [EXPTIME] 60.0 [Date] 2020-05-01T13:49:16 [Time] 13:49:16
81/109 2MUCD11188-20200501@135030-Eden.fts [TYPE] LIGHT [OBJ] 2MUCD11188 [RA] 14 03 22.2917 [Dec] +30 07 54.6373 [FIL] GG495 [EXPTIME] 60.0 [Date] 2020-05-01T13:50:31 [Time] 13:50:31
82/109 2MUCD11188-20200501@135146-Eden.fts [TYPE] LIGHT [OBJ] 2MUCD11188 [RA] 14 03 22.2917 [Dec] +30 07 54.6373 [FIL] GG495 [EXPTIME] 60.0 [Date] 2020-05-01T13:51:46 [Time] 13:51:46
83/109 2MUCD11188-20200501@135300-Eden.fts [TYPE] LIGHT [OBJ] 2MUCD11188 [RA] 14 03 22.2917 [Dec] +30 07 54.6373 [FIL] GG495 [EXPTIME] 60.0 [Date] 2020-05-01T13:53:00 [Time] 13:53:00
84/109 2MUCD11188-20200501@135414-Eden.fts [TYPE] LIGHT [OBJ] 2MUCD11188 [RA] 14 03 22.2917 [Dec] +30 07 54.6373 [FIL] GG495 [EXPTIME] 60.0 [Date] 2020-05-01T13:54:14 [Time] 13:54:14
85/109 2MUCD11188-20200501@135528-Eden.fts [TYPE] LIGHT [OBJ] 2MUCD11188 [RA] 14 03 22.2917 [Dec] +30 07 54.6373 [FIL] GG495 [EXPTIME] 60.0 [Date] 2020-05-01T13:55:29 [Time] 13:55:29
86/109 2MUCD11188-20200501@135643-Eden.fts [TYPE] LIGHT [OBJ] 2MUCD11188 [RA] 14 03 22.2917 [Dec] +30 07 54.6373 [FIL] GG495 [EXPTIME] 60.0 [Date] 2020-05-01T13:56:44 [Time] 13:56:44
87/109 2MUCD11188-20200501@135800-Eden.fts [TYPE] LIGHT [OBJ] 2MUCD11188 [RA] 14 03 22.2917 [Dec] +30 07 54.6373 [FIL] GG495 [EXPTIME] 60.0 [Date] 2020-05-01T13:58:00 [Time] 13:58:00
88/109 2MUCD11188-20200501@135914-Eden.fts [TYPE] LIGHT [OBJ] 2MUCD11188 [RA] 14 03 22.2917 [Dec] +30 07 54.6373 [FIL] GG495 [EXPTIME] 60.0 [Date] 2020-05-01T13:59:14 [Time] 13:59:14
89/109 2MUCD11188-20200501@140029-Eden.fts [TYPE] LIGHT [OBJ] 2MUCD11188 [RA] 14 03 22.2917 [Dec] +30 07 54.6373 [FIL] GG495 [EXPTIME] 60.0 [Date] 2020-05-01T14:00:30 [Time] 14:00:30
90/109 2MUCD11188-20200501@140145-Eden.fts [TYPE] LIGHT [OBJ] 2MUCD11188 [RA] 14 03 22.2917 [Dec] +30 07 54.6373 [FIL] GG495 [EXPTIME] 60.0 [Date] 2020-05-01T14:01:46 [Time] 14:01:46
91/109 2MUCD11188-20200501@140259-Eden.fts [TYPE] LIGHT [OBJ] 2MUCD11188 [RA] 14 03 22.2917 [Dec] +30 07 54.6373 [FIL] GG495 [EXPTIME] 60.0 [Date] 2020-05-01T14:03:00 [Time] 14:03:00
92/109 2MUCD11188-20200501@140414-Eden.fts [TYPE] LIGHT [OBJ] 2MUCD11188 [RA] 14 03 22.2917 [Dec] +30 07 54.6373 [FIL] GG495 [EXPTIME] 60.0 [Date] 2020-05-01T14:04:16 [Time] 14:04:16
93/109 2MUCD11188-20200501@140532-Eden.fts [TYPE] LIGHT [OBJ] 2MUCD11188 [RA] 14 03 22.2917 [Dec] +30 07 54.6373 [FIL] GG495 [EXPTIME] 60.0 [Date] 2020-05-01T14:05:32 [Time] 14:05:32
94/109 2MUCD11188-20200501@140646-Eden.fts [TYPE] LIGHT [OBJ] 2MUCD11188 [RA] 14 03 22.2917 [Dec] +30 07 54.6373 [FIL] GG495 [EXPTIME] 60.0 [Date] 2020-05-01T14:06:47 [Time] 14:06:47
95/109 2MUCD11188-20200501@140801-Eden.fts [TYPE] LIGHT [OBJ] 2MUCD11188 [RA] 14 03 22.2917 [Dec] +30 07 54.6373 [FIL] GG495 [EXPTIME] 60.0 [Date] 2020-05-01T14:08:01 [Time] 14:08:01
96/109 2MUCD11188-20200501@140916-Eden.fts [TYPE] LIGHT [OBJ] 2MUCD11188 [RA] 14 03 22.2917 [Dec] +30 07 54.6373 [FIL] GG495 [EXPTIME] 60.0 [Date] 2020-05-01T14:09:16 [Time] 14:09:16
97/109 2MUCD11188-20200501@141030-Eden.fts [TYPE] LIGHT [OBJ] 2MUCD11188 [RA] 14 03 22.2917 [Dec] +30 07 54.6373 [FIL] GG495 [EXPTIME] 60.0 [Date] 2020-05-01T14:10:31 [Time] 14:10:31
98/109 2MUCD11188-20200501@141145-Eden.fts [TYPE] LIGHT [OBJ] 2MUCD11188 [RA] 14 03 22.2917 [Dec] +30 07 54.6373 [FIL] GG495 [EXPTIME] 60.0 [Date] 2020-05-01T14:11:45 [Time] 14:11:45
99/109 2MUCD11188-20200501@141259-Eden.fts [TYPE] LIGHT [OBJ] 2MUCD11188 [RA] 14 03 22.2917 [Dec] +30 07 54.6373 [FIL] GG495 [EXPTIME] 60.0 [Date] 2020-05-01T14:13:00 [Time] 14:13:00
100/109 2MUCD11188-20200501@141414-Eden.fts [TYPE] LIGHT [OBJ] 2MUCD11188 [RA] 14 03 22.2917 [Dec] +30 07 54.6373 [FIL] GG495 [EXPTIME] 60.0 [Date] 2020-05-01T14:14:15 [Time] 14:14:15
101/109 2MUCD11188-20200501@141529-Eden.fts [TYPE] LIGHT [OBJ] 2MUCD11188 [RA] 14 03 22.2917 [Dec] +30 07 54.6373 [FIL] GG495 [EXPTIME] 60.0 [Date] 2020-05-01T14:15:30 [Time] 14:15:30
102/109 2MUCD11188-20200501@141644-Eden.fts [TYPE] LIGHT [OBJ] 2MUCD11188 [RA] 14 03 22.2917 [Dec] +30 07 54.6373 [FIL] GG495 [EXPTIME] 60.0 [Date] 2020-05-01T14:16:44 [Time] 14:16:44
103/109 2MUCD11188-20200501@141757-Eden.fts [TYPE] LIGHT [OBJ] 2MUCD11188 [RA] 14 03 22.2917 [Dec] +30 07 54.6373 [FIL] GG495 [EXPTIME] 60.0 [Date] 2020-05-01T14:17:58 [Time] 14:17:58
104/109 2MUCD11188-20200501@141912-Eden.fts [TYPE] LIGHT [OBJ] 2MUCD11188 [RA] 14 03 22.2917 [Dec] +30 07 54.6373 [FIL] GG495 [EXPTIME] 60.0 [Date] 2020-05-01T14:19:13 [Time] 14:19:13
105/109 2MUCD11188-20200501@142027-Eden.fts [TYPE] LIGHT [OBJ] 2MUCD11188 [RA] 14 03 22.2917 [Dec] +30 07 54.6373 [FIL] GG495 [EXPTIME] 60.0 [Date] 2020-05-01T14:20:27 [Time] 14:20:27
106/109 2MUCD11188-20200501@142142-Eden.fts [TYPE] LIGHT [OBJ] 2MUCD11188 [RA] 14 03 22.2917 [Dec] +30 07 54.6373 [FIL] GG495 [EXPTIME] 60.0 [Date] 2020-05-01T14:21:44 [Time] 14:21:44
107/109 2MUCD11188-20200501@142257-Eden.fts [TYPE] LIGHT [OBJ] 2MUCD11188 [RA] 14 03 22.2917 [Dec] +30 07 54.6373 [FIL] GG495 [EXPTIME] 60.0 [Date] 2020-05-01T14:22:57 [Time] 14:22:57
108/109 2MUCD11188-20200501@142411-Eden.fts [TYPE] LIGHT [OBJ] 2MUCD11188 [RA] 14 03 22.2917 [Dec] +30 07 54.6373 [FIL] GG495 [EXPTIME] 60.0 [Date] 2020-05-01T14:24:12 [Time] 14:24:12
109/109 2MUCD11188-20200501@142525-Eden.fts [TYPE] LIGHT [OBJ] 2MUCD11188 [RA] 14 03 22.2917 [Dec] +30 07 54.6373 [FIL] GG495 [EXPTIME] 60.0 [Date] 2020-05-01T14:25:26 [Time] 14:25:26
... write log file to LOT20200501-2MUCD11188_mod.log ...
... finish ...
