-----------------
input parameters
-----------------
['/home/altsai/eden/modify_header_eden.py']
Your will modify header for: 2MUCD10014 [RA] 00 19 45.8356 [Dec] +52 13 17.5840 [Filter] GG495
---------------
folder: LOT20190920
will update fits in: LOT20190920_mod
 ---------------------------
 Exame Fits Header for Bias
 ---------------------------
find ./LOT20190920/bias-dark/ | grep 'fits\|fts'|sort 
found 60 Bias
1 Bias-20190920@201618-000S.fts [TYPE] BIAS [EXPTIME] 0.0
2 Bias-20190920@201627-000S.fts [TYPE] BIAS [EXPTIME] 0.0
3 Bias-20190920@201633-000S.fts [TYPE] BIAS [EXPTIME] 0.0
4 Bias-20190920@201640-000S.fts [TYPE] BIAS [EXPTIME] 0.0
5 Bias-20190920@201647-000S.fts [TYPE] BIAS [EXPTIME] 0.0
6 Bias-20190920@201654-000S.fts [TYPE] BIAS [EXPTIME] 0.0
7 Bias-20190920@201701-000S.fts [TYPE] BIAS [EXPTIME] 0.0
8 Bias-20190920@201708-000S.fts [TYPE] BIAS [EXPTIME] 0.0
9 Bias-20190920@201715-000S.fts [TYPE] BIAS [EXPTIME] 0.0
10 Bias-20190920@201722-000S.fts [TYPE] BIAS [EXPTIME] 0.0
11 Dark-20190920@201730-005S.fts [TYPE] DARK [EXPTIME] 5.0
12 Dark-20190920@201741-005S.fts [TYPE] DARK [EXPTIME] 5.0
13 Dark-20190920@201753-005S.fts [TYPE] DARK [EXPTIME] 5.0
14 Dark-20190920@201805-005S.fts [TYPE] DARK [EXPTIME] 5.0
15 Dark-20190920@201817-005S.fts [TYPE] DARK [EXPTIME] 5.0
16 Dark-20190920@201830-005S.fts [TYPE] DARK [EXPTIME] 5.0
17 Dark-20190920@201841-005S.fts [TYPE] DARK [EXPTIME] 5.0
18 Dark-20190920@201853-005S.fts [TYPE] DARK [EXPTIME] 5.0
19 Dark-20190920@201905-005S.fts [TYPE] DARK [EXPTIME] 5.0
20 Dark-20190920@201917-005S.fts [TYPE] DARK [EXPTIME] 5.0
21 Dark-20190920@201930-010S.fts [TYPE] DARK [EXPTIME] 10.0
22 Dark-20190920@201947-010S.fts [TYPE] DARK [EXPTIME] 10.0
23 Dark-20190920@202004-010S.fts [TYPE] DARK [EXPTIME] 10.0
24 Dark-20190920@202020-010S.fts [TYPE] DARK [EXPTIME] 10.0
25 Dark-20190920@202037-010S.fts [TYPE] DARK [EXPTIME] 10.0
26 Dark-20190920@202054-010S.fts [TYPE] DARK [EXPTIME] 10.0
27 Dark-20190920@202111-010S.fts [TYPE] DARK [EXPTIME] 10.0
28 Dark-20190920@202127-010S.fts [TYPE] DARK [EXPTIME] 10.0
29 Dark-20190920@202144-010S.fts [TYPE] DARK [EXPTIME] 10.0
30 Dark-20190920@202201-010S.fts [TYPE] DARK [EXPTIME] 10.0
31 Dark-20190920@202219-020S.fts [TYPE] DARK [EXPTIME] 20.0
32 Dark-20190920@202245-020S.fts [TYPE] DARK [EXPTIME] 20.0
33 Dark-20190920@202312-020S.fts [TYPE] DARK [EXPTIME] 20.0
34 Dark-20190920@202339-020S.fts [TYPE] DARK [EXPTIME] 20.0
35 Dark-20190920@202405-020S.fts [TYPE] DARK [EXPTIME] 20.0
36 Dark-20190920@202432-020S.fts [TYPE] DARK [EXPTIME] 20.0
37 Dark-20190920@202458-020S.fts [TYPE] DARK [EXPTIME] 20.0
38 Dark-20190920@202525-020S.fts [TYPE] DARK [EXPTIME] 20.0
39 Dark-20190920@202552-020S.fts [TYPE] DARK [EXPTIME] 20.0
40 Dark-20190920@202619-020S.fts [TYPE] DARK [EXPTIME] 20.0
41 Dark-20190920@202647-090S.fts [TYPE] DARK [EXPTIME] 90.0
42 Dark-20190920@202823-090S.fts [TYPE] DARK [EXPTIME] 90.0
43 Dark-20190920@203000-090S.fts [TYPE] DARK [EXPTIME] 90.0
44 Dark-20190920@203138-090S.fts [TYPE] DARK [EXPTIME] 90.0
45 Dark-20190920@203315-090S.fts [TYPE] DARK [EXPTIME] 90.0
46 Dark-20190920@203451-090S.fts [TYPE] DARK [EXPTIME] 90.0
47 Dark-20190920@203628-090S.fts [TYPE] DARK [EXPTIME] 90.0
48 Dark-20190920@203805-090S.fts [TYPE] DARK [EXPTIME] 90.0
49 Dark-20190920@203942-090S.fts [TYPE] DARK [EXPTIME] 90.0
50 Dark-20190920@204119-090S.fts [TYPE] DARK [EXPTIME] 90.0
51 Dark-20190920@204256-060S.fts [TYPE] DARK [EXPTIME] 60.0
52 Dark-20190920@204403-060S.fts [TYPE] DARK [EXPTIME] 60.0
53 Dark-20190920@204510-060S.fts [TYPE] DARK [EXPTIME] 60.0
54 Dark-20190920@204616-060S.fts [TYPE] DARK [EXPTIME] 60.0
55 Dark-20190920@204724-060S.fts [TYPE] DARK [EXPTIME] 60.0
56 Dark-20190920@204830-060S.fts [TYPE] DARK [EXPTIME] 60.0
57 Dark-20190920@204937-060S.fts [TYPE] DARK [EXPTIME] 60.0
58 Dark-20190920@205044-060S.fts [TYPE] DARK [EXPTIME] 60.0
59 Dark-20190920@205150-060S.fts [TYPE] DARK [EXPTIME] 60.0
60 Dark-20190920@205258-060S.fts [TYPE] DARK [EXPTIME] 60.0
 ---------------------------
 Exame Fits Header for Flat
 ---------------------------
find ./LOT20190920/ | grep flat/ | grep -E 'fits|fts'|sort -t'-' -k2.4,2.6 
found 132 Flat
1 20190920_domeflat-001b.fits [TYPE] FLAT [EXPTIME] 5.0 [FIL] B_319144
2 20190920_domeflat-002b.fits [TYPE] FLAT [EXPTIME] 5.0 [FIL] B_319144
3 20190920_domeflat-003b.fits [TYPE] FLAT [EXPTIME] 5.0 [FIL] B_319144
4 20190920_domeflat-004b.fits [TYPE] FLAT [EXPTIME] 5.0 [FIL] B_319144
5 20190920_domeflat-005b.fits [TYPE] FLAT [EXPTIME] 5.0 [FIL] B_319144
6 20190920_domeflat-006b.fits [TYPE] FLAT [EXPTIME] 5.0 [FIL] B_319144
7 20190920_domeflat-007b.fits [TYPE] FLAT [EXPTIME] 5.0 [FIL] B_319144
8 20190920_domeflat-008b.fits [TYPE] FLAT [EXPTIME] 5.0 [FIL] B_319144
9 20190920_domeflat-009b.fits [TYPE] FLAT [EXPTIME] 5.0 [FIL] B_319144
10 20190920_domeflat-010b.fits [TYPE] FLAT [EXPTIME] 5.0 [FIL] B_319144
11 20190920_domeflat-001eden.fits [TYPE] FLAT [EXPTIME] 5.0 [FIL] GG495
12 20190920_domeflat-002eden.fits [TYPE] FLAT [EXPTIME] 5.0 [FIL] GG495
13 20190920_domeflat-003eden.fits [TYPE] FLAT [EXPTIME] 5.0 [FIL] GG495
14 20190920_domeflat-004eden.fits [TYPE] FLAT [EXPTIME] 5.0 [FIL] GG495
15 20190920_domeflat-005eden.fits [TYPE] FLAT [EXPTIME] 5.0 [FIL] GG495
16 20190920_domeflat-006eden.fits [TYPE] FLAT [EXPTIME] 5.0 [FIL] GG495
17 20190920_domeflat-007eden.fits [TYPE] FLAT [EXPTIME] 5.0 [FIL] GG495
18 20190920_domeflat-008eden.fits [TYPE] FLAT [EXPTIME] 5.0 [FIL] GG495
19 20190920_domeflat-009eden.fits [TYPE] FLAT [EXPTIME] 5.0 [FIL] GG495
20 20190920_domeflat-010eden.fits [TYPE] FLAT [EXPTIME] 5.0 [FIL] GG495
21 20190920_domeflat-001gp.fits [TYPE] FLAT [EXPTIME] 5.0 [FIL] gp_Astrodon_2019
22 20190920_domeflat-002gp.fits [TYPE] FLAT [EXPTIME] 5.0 [FIL] gp_Astrodon_2019
23 20190920_domeflat-003gp.fits [TYPE] FLAT [EXPTIME] 5.0 [FIL] gp_Astrodon_2019
24 20190920_domeflat-004gp.fits [TYPE] FLAT [EXPTIME] 5.0 [FIL] gp_Astrodon_2019
25 20190920_domeflat-005gp.fits [TYPE] FLAT [EXPTIME] 5.0 [FIL] gp_Astrodon_2019
26 20190920_domeflat-006gp.fits [TYPE] FLAT [EXPTIME] 5.0 [FIL] gp_Astrodon_2019
27 20190920_domeflat-007gp.fits [TYPE] FLAT [EXPTIME] 5.0 [FIL] gp_Astrodon_2019
28 20190920_domeflat-008gp.fits [TYPE] FLAT [EXPTIME] 5.0 [FIL] gp_Astrodon_2019
29 20190920_domeflat-009gp.fits [TYPE] FLAT [EXPTIME] 5.0 [FIL] gp_Astrodon_2019
30 20190920_domeflat-010gp.fits [TYPE] FLAT [EXPTIME] 5.0 [FIL] gp_Astrodon_2019
31 20190920_domeflat-001ha.fits [TYPE] FLAT [EXPTIME] 20.0 [FIL] ha_6563_30
32 20190920_domeflat-002ha.fits [TYPE] FLAT [EXPTIME] 20.0 [FIL] ha_6563_30
33 20190920_domeflat-003ha.fits [TYPE] FLAT [EXPTIME] 20.0 [FIL] ha_6563_30
34 20190920_domeflat-004ha.fits [TYPE] FLAT [EXPTIME] 20.0 [FIL] ha_6563_30
35 20190920_domeflat-005ha.fits [TYPE] FLAT [EXPTIME] 20.0 [FIL] ha_6563_30
36 20190920_domeflat-006ha.fits [TYPE] FLAT [EXPTIME] 20.0 [FIL] ha_6563_30
37 20190920_domeflat-007ha.fits [TYPE] FLAT [EXPTIME] 20.0 [FIL] ha_6563_30
38 20190920_domeflat-008ha.fits [TYPE] FLAT [EXPTIME] 20.0 [FIL] ha_6563_30
39 20190920_domeflat-009ha.fits [TYPE] FLAT [EXPTIME] 20.0 [FIL] ha_6563_30
40 20190920_domeflat-010ha.fits [TYPE] FLAT [EXPTIME] 20.0 [FIL] ha_6563_30
41 20190920_domeflat-001i.fits [TYPE] FLAT [EXPTIME] 5.0 [FIL] I_10349
42 20190920_domeflat-002i.fits [TYPE] FLAT [EXPTIME] 5.0 [FIL] I_10349
43 20190920_domeflat-003i.fits [TYPE] FLAT [EXPTIME] 5.0 [FIL] I_10349
44 20190920_domeflat-004i.fits [TYPE] FLAT [EXPTIME] 5.0 [FIL] I_10349
45 20190920_domeflat-005i.fits [TYPE] FLAT [EXPTIME] 5.0 [FIL] I_10349
46 20190920_domeflat-006i.fits [TYPE] FLAT [EXPTIME] 5.0 [FIL] I_10349
47 20190920_domeflat-007i.fits [TYPE] FLAT [EXPTIME] 5.0 [FIL] I_10349
48 20190920_domeflat-008i.fits [TYPE] FLAT [EXPTIME] 5.0 [FIL] I_10349
49 20190920_domeflat-009i.fits [TYPE] FLAT [EXPTIME] 5.0 [FIL] I_10349
50 20190920_domeflat-010i.fits [TYPE] FLAT [EXPTIME] 5.0 [FIL] I_10349
51 20190920_domeflat-001ip.fits [TYPE] FLAT [EXPTIME] 5.0 [FIL] ip_Astrodon_2019
52 20190920_domeflat-002ip.fits [TYPE] FLAT [EXPTIME] 5.0 [FIL] ip_Astrodon_2019
53 20190920_domeflat-003ip.fits [TYPE] FLAT [EXPTIME] 5.0 [FIL] ip_Astrodon_2019
54 20190920_domeflat-004ip.fits [TYPE] FLAT [EXPTIME] 5.0 [FIL] ip_Astrodon_2019
55 20190920_domeflat-005ip.fits [TYPE] FLAT [EXPTIME] 5.0 [FIL] ip_Astrodon_2019
56 20190920_domeflat-006ip.fits [TYPE] FLAT [EXPTIME] 5.0 [FIL] ip_Astrodon_2019
57 20190920_domeflat-007ip.fits [TYPE] FLAT [EXPTIME] 5.0 [FIL] ip_Astrodon_2019
58 20190920_domeflat-008ip.fits [TYPE] FLAT [EXPTIME] 5.0 [FIL] ip_Astrodon_2019
59 20190920_domeflat-009ip.fits [TYPE] FLAT [EXPTIME] 5.0 [FIL] ip_Astrodon_2019
60 20190920_domeflat-010ip.fits [TYPE] FLAT [EXPTIME] 5.0 [FIL] ip_Astrodon_2019
61 20190920_domeflat-001r.fits [TYPE] FLAT [EXPTIME] 5.0 [FIL] R_10349
62 20190920_domeflat-002r.fits [TYPE] FLAT [EXPTIME] 5.0 [FIL] R_10349
63 20190920_domeflat-003r.fits [TYPE] FLAT [EXPTIME] 5.0 [FIL] R_10349
64 20190920_domeflat-004r.fits [TYPE] FLAT [EXPTIME] 5.0 [FIL] R_10349
65 20190920_domeflat-005r.fits [TYPE] FLAT [EXPTIME] 5.0 [FIL] R_10349
66 20190920_domeflat-006r.fits [TYPE] FLAT [EXPTIME] 5.0 [FIL] R_10349
67 20190920_domeflat-007r.fits [TYPE] FLAT [EXPTIME] 5.0 [FIL] R_10349
68 20190920_domeflat-008r.fits [TYPE] FLAT [EXPTIME] 5.0 [FIL] R_10349
69 20190920_domeflat-009r.fits [TYPE] FLAT [EXPTIME] 5.0 [FIL] R_10349
70 20190920_domeflat-010r.fits [TYPE] FLAT [EXPTIME] 5.0 [FIL] R_10349
71 20190920_domeflat-001rp.fits [TYPE] FLAT [EXPTIME] 5.0 [FIL] rp_Astrodon_2019
72 20190920_domeflat-002rp.fits [TYPE] FLAT [EXPTIME] 5.0 [FIL] rp_Astrodon_2019
73 20190920_domeflat-003rp.fits [TYPE] FLAT [EXPTIME] 5.0 [FIL] rp_Astrodon_2019
74 20190920_domeflat-004rp.fits [TYPE] FLAT [EXPTIME] 5.0 [FIL] rp_Astrodon_2019
75 20190920_domeflat-005rp.fits [TYPE] FLAT [EXPTIME] 5.0 [FIL] rp_Astrodon_2019
76 20190920_domeflat-006rp.fits [TYPE] FLAT [EXPTIME] 5.0 [FIL] rp_Astrodon_2019
77 20190920_domeflat-007rp.fits [TYPE] FLAT [EXPTIME] 5.0 [FIL] rp_Astrodon_2019
78 20190920_domeflat-008rp.fits [TYPE] FLAT [EXPTIME] 5.0 [FIL] rp_Astrodon_2019
79 20190920_domeflat-009rp.fits [TYPE] FLAT [EXPTIME] 5.0 [FIL] rp_Astrodon_2019
80 20190920_domeflat-010rp.fits [TYPE] FLAT [EXPTIME] 5.0 [FIL] rp_Astrodon_2019
81 20190920_domeflat-001u.fits [TYPE] FLAT [EXPTIME] 20.0 [FIL] U_Astrodon_2019
82 20190920_domeflat-002u.fits [TYPE] FLAT [EXPTIME] 20.0 [FIL] U_Astrodon_2019
83 20190920_domeflat-003u.fits [TYPE] FLAT [EXPTIME] 20.0 [FIL] U_Astrodon_2019
84 20190920_domeflat-004u.fits [TYPE] FLAT [EXPTIME] 20.0 [FIL] U_Astrodon_2019
85 20190920_domeflat-005u.fits [TYPE] FLAT [EXPTIME] 20.0 [FIL] U_Astrodon_2019
86 20190920_domeflat-006u.fits [TYPE] FLAT [EXPTIME] 20.0 [FIL] U_Astrodon_2019
87 20190920_domeflat-007u.fits [TYPE] FLAT [EXPTIME] 20.0 [FIL] U_Astrodon_2019
88 20190920_domeflat-008u.fits [TYPE] FLAT [EXPTIME] 20.0 [FIL] U_Astrodon_2019
89 20190920_domeflat-009u.fits [TYPE] FLAT [EXPTIME] 20.0 [FIL] U_Astrodon_2019
90 20190920_domeflat-010u.fits [TYPE] FLAT [EXPTIME] 20.0 [FIL] U_Astrodon_2019
91 20190920_domeflat-011u.fits [TYPE] FLAT [EXPTIME] 20.0 [FIL] U_Astrodon_2019
92 20190920_domeflat-001up.fits [TYPE] FLAT [EXPTIME] 60.0 [FIL] up_Astrodon_2017
93 20190920_domeflat-002up.fits [TYPE] FLAT [EXPTIME] 90.0 [FIL] up_Astrodon_2017
94 20190920_domeflat-003up.fits [TYPE] FLAT [EXPTIME] 90.0 [FIL] up_Astrodon_2017
95 20190920_domeflat-004up.fits [TYPE] FLAT [EXPTIME] 90.0 [FIL] up_Astrodon_2017
96 20190920_domeflat-005up.fits [TYPE] FLAT [EXPTIME] 90.0 [FIL] up_Astrodon_2017
97 20190920_domeflat-006up.fits [TYPE] FLAT [EXPTIME] 90.0 [FIL] up_Astrodon_2017
98 20190920_domeflat-007up.fits [TYPE] FLAT [EXPTIME] 90.0 [FIL] up_Astrodon_2017
99 20190920_domeflat-008up.fits [TYPE] FLAT [EXPTIME] 90.0 [FIL] up_Astrodon_2017
100 20190920_domeflat-009up.fits [TYPE] FLAT [EXPTIME] 90.0 [FIL] up_Astrodon_2017
101 20190920_domeflat-010up.fits [TYPE] FLAT [EXPTIME] 90.0 [FIL] up_Astrodon_2017
102 20190920_domeflat-011up.fits [TYPE] FLAT [EXPTIME] 90.0 [FIL] up_Astrodon_2017
103 20190920_domeflat-002v.fits [TYPE] FLAT [EXPTIME] 10.0 [FIL] V_319142
104 20190920_domeflat-003v.fits [TYPE] FLAT [EXPTIME] 10.0 [FIL] V_319142
105 20190920_domeflat-004v.fits [TYPE] FLAT [EXPTIME] 10.0 [FIL] V_319142
106 20190920_domeflat-005v.fits [TYPE] FLAT [EXPTIME] 10.0 [FIL] V_319142
107 20190920_domeflat-006v.fits [TYPE] FLAT [EXPTIME] 10.0 [FIL] V_319142
108 20190920_domeflat-007v.fits [TYPE] FLAT [EXPTIME] 10.0 [FIL] V_319142
109 20190920_domeflat-008v.fits [TYPE] FLAT [EXPTIME] 10.0 [FIL] V_319142
110 20190920_domeflat-009v.fits [TYPE] FLAT [EXPTIME] 10.0 [FIL] V_319142
111 20190920_domeflat-010v.fits [TYPE] FLAT [EXPTIME] 10.0 [FIL] V_319142
112 20190920_domeflat-011v.fits [TYPE] FLAT [EXPTIME] 10.0 [FIL] V_319142
113 20190920_domeflat-001xx.fits [TYPE] FLAT [EXPTIME] 5.0 [FIL] NoFilter-A0
114 20190920_domeflat-002xx.fits [TYPE] FLAT [EXPTIME] 5.0 [FIL] NoFilter-A0
115 20190920_domeflat-003xx.fits [TYPE] FLAT [EXPTIME] 5.0 [FIL] NoFilter-A0
116 20190920_domeflat-004xx.fits [TYPE] FLAT [EXPTIME] 5.0 [FIL] NoFilter-A0
117 20190920_domeflat-005xx.fits [TYPE] FLAT [EXPTIME] 5.0 [FIL] NoFilter-A0
118 20190920_domeflat-006xx.fits [TYPE] FLAT [EXPTIME] 5.0 [FIL] NoFilter-A0
119 20190920_domeflat-007xx.fits [TYPE] FLAT [EXPTIME] 5.0 [FIL] NoFilter-A0
120 20190920_domeflat-008xx.fits [TYPE] FLAT [EXPTIME] 5.0 [FIL] NoFilter-A0
121 20190920_domeflat-009xx.fits [TYPE] FLAT [EXPTIME] 5.0 [FIL] NoFilter-A0
122 20190920_domeflat-010xx.fits [TYPE] FLAT [EXPTIME] 5.0 [FIL] NoFilter-A0
123 20190920_domeflat-001zp.fits [TYPE] FLAT [EXPTIME] 5.0 [FIL] zp_Astrodon_2019
124 20190920_domeflat-002zp.fits [TYPE] FLAT [EXPTIME] 5.0 [FIL] zp_Astrodon_2019
125 20190920_domeflat-003zp.fits [TYPE] FLAT [EXPTIME] 5.0 [FIL] zp_Astrodon_2019
126 20190920_domeflat-004zp.fits [TYPE] FLAT [EXPTIME] 5.0 [FIL] zp_Astrodon_2019
127 20190920_domeflat-005zp.fits [TYPE] FLAT [EXPTIME] 5.0 [FIL] zp_Astrodon_2019
128 20190920_domeflat-006zp.fits [TYPE] FLAT [EXPTIME] 5.0 [FIL] zp_Astrodon_2019
129 20190920_domeflat-007zp.fits [TYPE] FLAT [EXPTIME] 5.0 [FIL] zp_Astrodon_2019
130 20190920_domeflat-008zp.fits [TYPE] FLAT [EXPTIME] 5.0 [FIL] zp_Astrodon_2019
131 20190920_domeflat-009zp.fits [TYPE] FLAT [EXPTIME] 5.0 [FIL] zp_Astrodon_2019
132 20190920_domeflat-010zp.fits [TYPE] FLAT [EXPTIME] 5.0 [FIL] zp_Astrodon_2019
 ---------------------------
 Update Fits Header for Science Target
 ---------------------------
find ./LOT20190920/wchen/ | grep 'fits\|fts'  |sort -t'@' -k2
found 55 Target

...update header...
1 2MUCD10014-20190920@140438-Eden.fts [TYPE] LIGHT [OBJ] 2MUCD10014 [RA] 00 19 45.8356 [Dec] +52 13 17.5840 [FIL] GG495 [EXPTIME] 60.0 [Date] 2019-09-20T14:04:52 [Time] 14:04:52
2 2MUCD10014-20190920@140604-Eden.fts [TYPE] LIGHT [OBJ] 2MUCD10014 [RA] 00 19 45.8356 [Dec] +52 13 17.5840 [FIL] GG495 [EXPTIME] 60.0 [Date] 2019-09-20T14:06:05 [Time] 14:06:05
3 2MUCD10014-20190920@140715-Eden.fts [TYPE] LIGHT [OBJ] 2MUCD10014 [RA] 00 19 45.8356 [Dec] +52 13 17.5840 [FIL] GG495 [EXPTIME] 60.0 [Date] 2019-09-20T14:07:16 [Time] 14:07:16
4 2MUCD10014-20190920@140827-Eden.fts [TYPE] LIGHT [OBJ] 2MUCD10014 [RA] 00 19 45.8356 [Dec] +52 13 17.5840 [FIL] GG495 [EXPTIME] 60.0 [Date] 2019-09-20T14:08:28 [Time] 14:08:28
5 2MUCD10014-20190920@140939-Eden.fts [TYPE] LIGHT [OBJ] 2MUCD10014 [RA] 00 19 45.8356 [Dec] +52 13 17.5840 [FIL] GG495 [EXPTIME] 60.0 [Date] 2019-09-20T14:09:40 [Time] 14:09:40
6 2MUCD10014-20190920@141051-Eden.fts [TYPE] LIGHT [OBJ] 2MUCD10014 [RA] 00 19 45.8356 [Dec] +52 13 17.5840 [FIL] GG495 [EXPTIME] 60.0 [Date] 2019-09-20T14:10:52 [Time] 14:10:52
7 2MUCD10014-20190920@141203-Eden.fts [TYPE] LIGHT [OBJ] 2MUCD10014 [RA] 00 19 45.8356 [Dec] +52 13 17.5840 [FIL] GG495 [EXPTIME] 60.0 [Date] 2019-09-20T14:12:03 [Time] 14:12:03
8 2MUCD10014-20190920@141314-Eden.fts [TYPE] LIGHT [OBJ] 2MUCD10014 [RA] 00 19 45.8356 [Dec] +52 13 17.5840 [FIL] GG495 [EXPTIME] 60.0 [Date] 2019-09-20T14:13:15 [Time] 14:13:15
9 2MUCD10014-20190920@141426-Eden.fts [TYPE] LIGHT [OBJ] 2MUCD10014 [RA] 00 19 45.8356 [Dec] +52 13 17.5840 [FIL] GG495 [EXPTIME] 60.0 [Date] 2019-09-20T14:14:26 [Time] 14:14:26
10 2MUCD10014-20190920@143115-Eden.fts [TYPE] LIGHT [OBJ] 2MUCD10014 [RA] 00 19 45.8356 [Dec] +52 13 17.5840 [FIL] GG495 [EXPTIME] 60.0 [Date] 2019-09-20T14:31:27 [Time] 14:31:27
11 2MUCD10014-20190920@143239-Eden.fts [TYPE] LIGHT [OBJ] 2MUCD10014 [RA] 00 19 45.8356 [Dec] +52 13 17.5840 [FIL] GG495 [EXPTIME] 60.0 [Date] 2019-09-20T14:32:40 [Time] 14:32:40
12 2MUCD10014-20190920@143351-Eden.fts [TYPE] LIGHT [OBJ] 2MUCD10014 [RA] 00 19 45.8356 [Dec] +52 13 17.5840 [FIL] GG495 [EXPTIME] 60.0 [Date] 2019-09-20T14:33:51 [Time] 14:33:51
13 2MUCD10014-20190920@143502-Eden.fts [TYPE] LIGHT [OBJ] 2MUCD10014 [RA] 00 19 45.8356 [Dec] +52 13 17.5840 [FIL] GG495 [EXPTIME] 60.0 [Date] 2019-09-20T14:35:03 [Time] 14:35:03
14 2MUCD10014-20190920@143613-Eden.fts [TYPE] LIGHT [OBJ] 2MUCD10014 [RA] 00 19 45.8356 [Dec] +52 13 17.5840 [FIL] GG495 [EXPTIME] 60.0 [Date] 2019-09-20T14:36:14 [Time] 14:36:14
15 2MUCD10014-20190920@143725-Eden.fts [TYPE] LIGHT [OBJ] 2MUCD10014 [RA] 00 19 45.8356 [Dec] +52 13 17.5840 [FIL] GG495 [EXPTIME] 60.0 [Date] 2019-09-20T14:37:25 [Time] 14:37:25
16 2MUCD10014-20190920@143837-Eden.fts [TYPE] LIGHT [OBJ] 2MUCD10014 [RA] 00 19 45.8356 [Dec] +52 13 17.5840 [FIL] GG495 [EXPTIME] 60.0 [Date] 2019-09-20T14:38:38 [Time] 14:38:38
17 2MUCD10014-20190920@143949-Eden.fts [TYPE] LIGHT [OBJ] 2MUCD10014 [RA] 00 19 45.8356 [Dec] +52 13 17.5840 [FIL] GG495 [EXPTIME] 60.0 [Date] 2019-09-20T14:39:49 [Time] 14:39:49
18 2MUCD10014-20190920@144149-Eden.fts [TYPE] LIGHT [OBJ] 2MUCD10014 [RA] 00 19 45.8356 [Dec] +52 13 17.5840 [FIL] GG495 [EXPTIME] 60.0 [Date] 2019-09-20T14:41:50 [Time] 14:41:50
19 2MUCD10014-20190920@144301-Eden.fts [TYPE] LIGHT [OBJ] 2MUCD10014 [RA] 00 19 45.8356 [Dec] +52 13 17.5840 [FIL] GG495 [EXPTIME] 60.0 [Date] 2019-09-20T14:43:01 [Time] 14:43:01
20 2MUCD10014-20190920@144417-Eden.fts [TYPE] LIGHT [OBJ] 2MUCD10014 [RA] 00 19 45.8356 [Dec] +52 13 17.5840 [FIL] GG495 [EXPTIME] 60.0 [Date] 2019-09-20T14:44:18 [Time] 14:44:18
21 2MUCD10014-20190920@144529-Eden.fts [TYPE] LIGHT [OBJ] 2MUCD10014 [RA] 00 19 45.8356 [Dec] +52 13 17.5840 [FIL] GG495 [EXPTIME] 60.0 [Date] 2019-09-20T14:45:30 [Time] 14:45:30
22 2MUCD10014-20190920@144640-Eden.fts [TYPE] LIGHT [OBJ] 2MUCD10014 [RA] 00 19 45.8356 [Dec] +52 13 17.5840 [FIL] GG495 [EXPTIME] 60.0 [Date] 2019-09-20T14:46:41 [Time] 14:46:41
23 2MUCD10014-20190920@144752-Eden.fts [TYPE] LIGHT [OBJ] 2MUCD10014 [RA] 00 19 45.8356 [Dec] +52 13 17.5840 [FIL] GG495 [EXPTIME] 60.0 [Date] 2019-09-20T14:47:53 [Time] 14:47:53
24 2MUCD10014-20190920@144905-Eden.fts [TYPE] LIGHT [OBJ] 2MUCD10014 [RA] 00 19 45.8356 [Dec] +52 13 17.5840 [FIL] GG495 [EXPTIME] 60.0 [Date] 2019-09-20T14:49:05 [Time] 14:49:05
25 2MUCD10014-20190920@145017-Eden.fts [TYPE] LIGHT [OBJ] 2MUCD10014 [RA] 00 19 45.8356 [Dec] +52 13 17.5840 [FIL] GG495 [EXPTIME] 60.0 [Date] 2019-09-20T14:50:17 [Time] 14:50:17
26 2MUCD10014-20190920@145128-Eden.fts [TYPE] LIGHT [OBJ] 2MUCD10014 [RA] 00 19 45.8356 [Dec] +52 13 17.5840 [FIL] GG495 [EXPTIME] 60.0 [Date] 2019-09-20T14:51:29 [Time] 14:51:29
27 2MUCD10014-20190920@145240-Eden.fts [TYPE] LIGHT [OBJ] 2MUCD10014 [RA] 00 19 45.8356 [Dec] +52 13 17.5840 [FIL] GG495 [EXPTIME] 60.0 [Date] 2019-09-20T14:52:40 [Time] 14:52:40
28 2MUCD10014-20190920@145350-Eden.fts [TYPE] LIGHT [OBJ] 2MUCD10014 [RA] 00 19 45.8356 [Dec] +52 13 17.5840 [FIL] GG495 [EXPTIME] 60.0 [Date] 2019-09-20T14:53:51 [Time] 14:53:51
29 2MUCD10014-20190920@145503-Eden.fts [TYPE] LIGHT [OBJ] 2MUCD10014 [RA] 00 19 45.8356 [Dec] +52 13 17.5840 [FIL] GG495 [EXPTIME] 60.0 [Date] 2019-09-20T14:55:03 [Time] 14:55:03
30 2MUCD10014-20190920@145616-Eden.fts [TYPE] LIGHT [OBJ] 2MUCD10014 [RA] 00 19 45.8356 [Dec] +52 13 17.5840 [FIL] GG495 [EXPTIME] 60.0 [Date] 2019-09-20T14:56:16 [Time] 14:56:16
31 2MUCD10014-20190920@145813-Eden.fts [TYPE] LIGHT [OBJ] 2MUCD10014 [RA] 00 19 45.8356 [Dec] +52 13 17.5840 [FIL] GG495 [EXPTIME] 60.0 [Date] 2019-09-20T14:58:15 [Time] 14:58:15
32 2MUCD10014-20190920@145926-Eden.fts [TYPE] LIGHT [OBJ] 2MUCD10014 [RA] 00 19 45.8356 [Dec] +52 13 17.5840 [FIL] GG495 [EXPTIME] 60.0 [Date] 2019-09-20T14:59:27 [Time] 14:59:27
33 2MUCD10014-20190920@150049-Eden.fts [TYPE] LIGHT [OBJ] 2MUCD10014 [RA] 00 19 45.8356 [Dec] +52 13 17.5840 [FIL] GG495 [EXPTIME] 60.0 [Date] 2019-09-20T15:00:49 [Time] 15:00:49
34 2MUCD10014-20190920@150200-Eden.fts [TYPE] LIGHT [OBJ] 2MUCD10014 [RA] 00 19 45.8356 [Dec] +52 13 17.5840 [FIL] GG495 [EXPTIME] 60.0 [Date] 2019-09-20T15:02:01 [Time] 15:02:01
35 2MUCD10014-20190920@150323-Eden.fts [TYPE] LIGHT [OBJ] 2MUCD10014 [RA] 00 19 45.8356 [Dec] +52 13 17.5840 [FIL] GG495 [EXPTIME] 60.0 [Date] 2019-09-20T15:03:24 [Time] 15:03:24
36 2MUCD10014-20190920@192508-Eden.fts [TYPE] LIGHT [OBJ] 2MUCD10014 [RA] 00 19 45.8356 [Dec] +52 13 17.5840 [FIL] GG495 [EXPTIME] 60.0 [Date] 2019-09-20T19:25:21 [Time] 19:25:21
37 2MUCD10014-20190920@192632-Eden.fts [TYPE] LIGHT [OBJ] 2MUCD10014 [RA] 00 19 45.8356 [Dec] +52 13 17.5840 [FIL] GG495 [EXPTIME] 60.0 [Date] 2019-09-20T19:26:32 [Time] 19:26:32
38 2MUCD10014-20190920@192743-Eden.fts [TYPE] LIGHT [OBJ] 2MUCD10014 [RA] 00 19 45.8356 [Dec] +52 13 17.5840 [FIL] GG495 [EXPTIME] 60.0 [Date] 2019-09-20T19:27:45 [Time] 19:27:45
39 2MUCD10014-20190920@192856-Eden.fts [TYPE] LIGHT [OBJ] 2MUCD10014 [RA] 00 19 45.8356 [Dec] +52 13 17.5840 [FIL] GG495 [EXPTIME] 60.0 [Date] 2019-09-20T19:28:56 [Time] 19:28:56
40 2MUCD10014-20190920@193008-Eden.fts [TYPE] LIGHT [OBJ] 2MUCD10014 [RA] 00 19 45.8356 [Dec] +52 13 17.5840 [FIL] GG495 [EXPTIME] 60.0 [Date] 2019-09-20T19:30:08 [Time] 19:30:08
41 2MUCD10014-20190920@193119-Eden.fts [TYPE] LIGHT [OBJ] 2MUCD10014 [RA] 00 19 45.8356 [Dec] +52 13 17.5840 [FIL] GG495 [EXPTIME] 60.0 [Date] 2019-09-20T19:31:19 [Time] 19:31:19
42 2MUCD10014-20190920@193230-Eden.fts [TYPE] LIGHT [OBJ] 2MUCD10014 [RA] 00 19 45.8356 [Dec] +52 13 17.5840 [FIL] GG495 [EXPTIME] 60.0 [Date] 2019-09-20T19:32:30 [Time] 19:32:30
43 2MUCD10014-20190920@193342-Eden.fts [TYPE] LIGHT [OBJ] 2MUCD10014 [RA] 00 19 45.8356 [Dec] +52 13 17.5840 [FIL] GG495 [EXPTIME] 60.0 [Date] 2019-09-20T19:33:42 [Time] 19:33:42
44 2MUCD10014-20190920@193453-Eden.fts [TYPE] LIGHT [OBJ] 2MUCD10014 [RA] 00 19 45.8356 [Dec] +52 13 17.5840 [FIL] GG495 [EXPTIME] 60.0 [Date] 2019-09-20T19:34:53 [Time] 19:34:53
45 2MUCD10014-20190920@193604-Eden.fts [TYPE] LIGHT [OBJ] 2MUCD10014 [RA] 00 19 45.8356 [Dec] +52 13 17.5840 [FIL] GG495 [EXPTIME] 60.0 [Date] 2019-09-20T19:36:05 [Time] 19:36:05
46 2MUCD10014-20190920@193715-Eden.fts [TYPE] LIGHT [OBJ] 2MUCD10014 [RA] 00 19 45.8356 [Dec] +52 13 17.5840 [FIL] GG495 [EXPTIME] 60.0 [Date] 2019-09-20T19:37:16 [Time] 19:37:16
47 2MUCD10014-20190920@193827-Eden.fts [TYPE] LIGHT [OBJ] 2MUCD10014 [RA] 00 19 45.8356 [Dec] +52 13 17.5840 [FIL] GG495 [EXPTIME] 60.0 [Date] 2019-09-20T19:38:27 [Time] 19:38:27
48 2MUCD10014-20190920@193940-Eden.fts [TYPE] LIGHT [OBJ] 2MUCD10014 [RA] 00 19 45.8356 [Dec] +52 13 17.5840 [FIL] GG495 [EXPTIME] 60.0 [Date] 2019-09-20T19:39:40 [Time] 19:39:40
49 2MUCD10014-20190920@194052-Eden.fts [TYPE] LIGHT [OBJ] 2MUCD10014 [RA] 00 19 45.8356 [Dec] +52 13 17.5840 [FIL] GG495 [EXPTIME] 60.0 [Date] 2019-09-20T19:40:52 [Time] 19:40:52
50 2MUCD10014-20190920@194204-Eden.fts [TYPE] LIGHT [OBJ] 2MUCD10014 [RA] 00 19 45.8356 [Dec] +52 13 17.5840 [FIL] GG495 [EXPTIME] 60.0 [Date] 2019-09-20T19:42:05 [Time] 19:42:05
51 2MUCD10014-20190920@194316-Eden.fts [TYPE] LIGHT [OBJ] 2MUCD10014 [RA] 00 19 45.8356 [Dec] +52 13 17.5840 [FIL] GG495 [EXPTIME] 60.0 [Date] 2019-09-20T19:43:16 [Time] 19:43:16
52 2MUCD10014-20190920@194427-Eden.fts [TYPE] LIGHT [OBJ] 2MUCD10014 [RA] 00 19 45.8356 [Dec] +52 13 17.5840 [FIL] GG495 [EXPTIME] 60.0 [Date] 2019-09-20T19:44:27 [Time] 19:44:27
53 2MUCD10014-20190920@194540-Eden.fts [TYPE] LIGHT [OBJ] 2MUCD10014 [RA] 00 19 45.8356 [Dec] +52 13 17.5840 [FIL] GG495 [EXPTIME] 60.0 [Date] 2019-09-20T19:45:42 [Time] 19:45:42
54 2MUCD10014-20190920@194653-Eden.fts [TYPE] LIGHT [OBJ] 2MUCD10014 [RA] 00 19 45.8356 [Dec] +52 13 17.5840 [FIL] GG495 [EXPTIME] 60.0 [Date] 2019-09-20T19:46:53 [Time] 19:46:53
55 2MUCD10014-20190920@194804-Eden.fts [TYPE] LIGHT [OBJ] 2MUCD10014 [RA] 00 19 45.8356 [Dec] +52 13 17.5840 [FIL] GG495 [EXPTIME] 60.0 [Date] 2019-09-20T19:48:05 [Time] 19:48:05
...move updated fits files to LOT20190920_mod/...
...finish...
