Bucket successfully loaded! eden-data
100 files found
Storing data to the S3 archive!
Doing a dry run - uploads will not be committed.
Verbose output enabled.
Storing LOT20191028_mod/Bias-20191028@214501-000S.fts -> s3://eden-data/Calibrations/LOT/BIAS/2019-10-28/Bias-20191028@214501-000S.fits (1/100) (dry run)
Storing LOT20191028_mod/Bias-20191028@214509-000S.fts -> s3://eden-data/Calibrations/LOT/BIAS/2019-10-28/Bias-20191028@214509-000S.fits (2/100) (dry run)
Storing LOT20191028_mod/Bias-20191028@214516-000S.fts -> s3://eden-data/Calibrations/LOT/BIAS/2019-10-28/Bias-20191028@214516-000S.fits (3/100) (dry run)
Storing LOT20191028_mod/Bias-20191028@214523-000S.fts -> s3://eden-data/Calibrations/LOT/BIAS/2019-10-28/Bias-20191028@214523-000S.fits (4/100) (dry run)
Storing LOT20191028_mod/Bias-20191028@214530-000S.fts -> s3://eden-data/Calibrations/LOT/BIAS/2019-10-28/Bias-20191028@214530-000S.fits (5/100) (dry run)
Storing LOT20191028_mod/Bias-20191028@214537-000S.fts -> s3://eden-data/Calibrations/LOT/BIAS/2019-10-28/Bias-20191028@214537-000S.fits (6/100) (dry run)
Storing LOT20191028_mod/Bias-20191028@214544-000S.fts -> s3://eden-data/Calibrations/LOT/BIAS/2019-10-28/Bias-20191028@214544-000S.fits (7/100) (dry run)
Storing LOT20191028_mod/Bias-20191028@214551-000S.fts -> s3://eden-data/Calibrations/LOT/BIAS/2019-10-28/Bias-20191028@214551-000S.fits (8/100) (dry run)
Storing LOT20191028_mod/Bias-20191028@214558-000S.fts -> s3://eden-data/Calibrations/LOT/BIAS/2019-10-28/Bias-20191028@214558-000S.fits (9/100) (dry run)
Storing LOT20191028_mod/Bias-20191028@214605-000S.fts -> s3://eden-data/Calibrations/LOT/BIAS/2019-10-28/Bias-20191028@214605-000S.fits (10/100) (dry run)
Storing LOT20191028_mod/Dark-20191028@214613-005S.fts -> s3://eden-data/Calibrations/LOT/DARK/2019-10-28/Dark-20191028@214613-005S.fits (11/100) (dry run)
Storing LOT20191028_mod/Dark-20191028@214625-005S.fts -> s3://eden-data/Calibrations/LOT/DARK/2019-10-28/Dark-20191028@214625-005S.fits (12/100) (dry run)
Storing LOT20191028_mod/Dark-20191028@214637-005S.fts -> s3://eden-data/Calibrations/LOT/DARK/2019-10-28/Dark-20191028@214637-005S.fits (13/100) (dry run)
Storing LOT20191028_mod/Dark-20191028@214649-005S.fts -> s3://eden-data/Calibrations/LOT/DARK/2019-10-28/Dark-20191028@214649-005S.fits (14/100) (dry run)
Storing LOT20191028_mod/Dark-20191028@214701-005S.fts -> s3://eden-data/Calibrations/LOT/DARK/2019-10-28/Dark-20191028@214701-005S.fits (15/100) (dry run)
Storing LOT20191028_mod/Dark-20191028@214713-005S.fts -> s3://eden-data/Calibrations/LOT/DARK/2019-10-28/Dark-20191028@214713-005S.fits (16/100) (dry run)
Storing LOT20191028_mod/Dark-20191028@214724-005S.fts -> s3://eden-data/Calibrations/LOT/DARK/2019-10-28/Dark-20191028@214724-005S.fits (17/100) (dry run)
Storing LOT20191028_mod/Dark-20191028@214736-005S.fts -> s3://eden-data/Calibrations/LOT/DARK/2019-10-28/Dark-20191028@214736-005S.fits (18/100) (dry run)
Storing LOT20191028_mod/Dark-20191028@214748-005S.fts -> s3://eden-data/Calibrations/LOT/DARK/2019-10-28/Dark-20191028@214748-005S.fits (19/100) (dry run)
Storing LOT20191028_mod/Dark-20191028@214800-005S.fts -> s3://eden-data/Calibrations/LOT/DARK/2019-10-28/Dark-20191028@214800-005S.fits (20/100) (dry run)
Storing LOT20191028_mod/Dark-20191028@214812-015S.fts -> s3://eden-data/Calibrations/LOT/DARK/2019-10-28/Dark-20191028@214812-015S.fits (21/100) (dry run)
Storing LOT20191028_mod/Dark-20191028@214834-015S.fts -> s3://eden-data/Calibrations/LOT/DARK/2019-10-28/Dark-20191028@214834-015S.fits (22/100) (dry run)
Storing LOT20191028_mod/Dark-20191028@214856-015S.fts -> s3://eden-data/Calibrations/LOT/DARK/2019-10-28/Dark-20191028@214856-015S.fits (23/100) (dry run)
Storing LOT20191028_mod/Dark-20191028@214918-015S.fts -> s3://eden-data/Calibrations/LOT/DARK/2019-10-28/Dark-20191028@214918-015S.fits (24/100) (dry run)
Storing LOT20191028_mod/Dark-20191028@214939-015S.fts -> s3://eden-data/Calibrations/LOT/DARK/2019-10-28/Dark-20191028@214939-015S.fits (25/100) (dry run)
Storing LOT20191028_mod/Dark-20191028@215001-015S.fts -> s3://eden-data/Calibrations/LOT/DARK/2019-10-28/Dark-20191028@215001-015S.fits (26/100) (dry run)
Storing LOT20191028_mod/Dark-20191028@215023-015S.fts -> s3://eden-data/Calibrations/LOT/DARK/2019-10-28/Dark-20191028@215023-015S.fits (27/100) (dry run)
Storing LOT20191028_mod/Dark-20191028@215045-015S.fts -> s3://eden-data/Calibrations/LOT/DARK/2019-10-28/Dark-20191028@215045-015S.fits (28/100) (dry run)
Storing LOT20191028_mod/Dark-20191028@215107-015S.fts -> s3://eden-data/Calibrations/LOT/DARK/2019-10-28/Dark-20191028@215107-015S.fits (29/100) (dry run)
Storing LOT20191028_mod/Dark-20191028@215129-015S.fts -> s3://eden-data/Calibrations/LOT/DARK/2019-10-28/Dark-20191028@215129-015S.fits (30/100) (dry run)
Storing LOT20191028_mod/Dark-20191028@215152-030S.fts -> s3://eden-data/Calibrations/LOT/DARK/2019-10-28/Dark-20191028@215152-030S.fits (31/100) (dry run)
Storing LOT20191028_mod/Dark-20191028@215228-030S.fts -> s3://eden-data/Calibrations/LOT/DARK/2019-10-28/Dark-20191028@215228-030S.fits (32/100) (dry run)
Storing LOT20191028_mod/Dark-20191028@215305-030S.fts -> s3://eden-data/Calibrations/LOT/DARK/2019-10-28/Dark-20191028@215305-030S.fits (33/100) (dry run)
Storing LOT20191028_mod/Dark-20191028@215342-030S.fts -> s3://eden-data/Calibrations/LOT/DARK/2019-10-28/Dark-20191028@215342-030S.fits (34/100) (dry run)
Storing LOT20191028_mod/Dark-20191028@215419-030S.fts -> s3://eden-data/Calibrations/LOT/DARK/2019-10-28/Dark-20191028@215419-030S.fits (35/100) (dry run)
Storing LOT20191028_mod/Dark-20191028@215456-030S.fts -> s3://eden-data/Calibrations/LOT/DARK/2019-10-28/Dark-20191028@215456-030S.fits (36/100) (dry run)
Storing LOT20191028_mod/Dark-20191028@215533-030S.fts -> s3://eden-data/Calibrations/LOT/DARK/2019-10-28/Dark-20191028@215533-030S.fits (37/100) (dry run)
Storing LOT20191028_mod/Dark-20191028@215609-030S.fts -> s3://eden-data/Calibrations/LOT/DARK/2019-10-28/Dark-20191028@215609-030S.fits (38/100) (dry run)
Storing LOT20191028_mod/Dark-20191028@215646-030S.fts -> s3://eden-data/Calibrations/LOT/DARK/2019-10-28/Dark-20191028@215646-030S.fits (39/100) (dry run)
Storing LOT20191028_mod/Dark-20191028@215723-030S.fts -> s3://eden-data/Calibrations/LOT/DARK/2019-10-28/Dark-20191028@215723-030S.fits (40/100) (dry run)
Storing LOT20191028_mod/Dark-20191028@215801-060S.fts -> s3://eden-data/Calibrations/LOT/DARK/2019-10-28/Dark-20191028@215801-060S.fits (41/100) (dry run)
Storing LOT20191028_mod/Dark-20191028@215908-060S.fts -> s3://eden-data/Calibrations/LOT/DARK/2019-10-28/Dark-20191028@215908-060S.fits (42/100) (dry run)
Storing LOT20191028_mod/Dark-20191028@220014-060S.fts -> s3://eden-data/Calibrations/LOT/DARK/2019-10-28/Dark-20191028@220014-060S.fits (43/100) (dry run)
Storing LOT20191028_mod/Dark-20191028@220121-060S.fts -> s3://eden-data/Calibrations/LOT/DARK/2019-10-28/Dark-20191028@220121-060S.fits (44/100) (dry run)
Storing LOT20191028_mod/Dark-20191028@220229-060S.fts -> s3://eden-data/Calibrations/LOT/DARK/2019-10-28/Dark-20191028@220229-060S.fits (45/100) (dry run)
Storing LOT20191028_mod/Dark-20191028@220335-060S.fts -> s3://eden-data/Calibrations/LOT/DARK/2019-10-28/Dark-20191028@220335-060S.fits (46/100) (dry run)
Storing LOT20191028_mod/Dark-20191028@220442-060S.fts -> s3://eden-data/Calibrations/LOT/DARK/2019-10-28/Dark-20191028@220442-060S.fits (47/100) (dry run)
Storing LOT20191028_mod/Dark-20191028@220548-060S.fts -> s3://eden-data/Calibrations/LOT/DARK/2019-10-28/Dark-20191028@220548-060S.fits (48/100) (dry run)
Storing LOT20191028_mod/Dark-20191028@220655-060S.fts -> s3://eden-data/Calibrations/LOT/DARK/2019-10-28/Dark-20191028@220655-060S.fits (49/100) (dry run)
Storing LOT20191028_mod/Dark-20191028@220802-060S.fts -> s3://eden-data/Calibrations/LOT/DARK/2019-10-28/Dark-20191028@220802-060S.fits (50/100) (dry run)
Storing LOT20191028_mod/Dark-20191028@220910-100S.fts -> s3://eden-data/Calibrations/LOT/DARK/2019-10-28/Dark-20191028@220910-100S.fits (51/100) (dry run)
Storing LOT20191028_mod/Dark-20191028@221057-100S.fts -> s3://eden-data/Calibrations/LOT/DARK/2019-10-28/Dark-20191028@221057-100S.fits (52/100) (dry run)
Storing LOT20191028_mod/Dark-20191028@221244-100S.fts -> s3://eden-data/Calibrations/LOT/DARK/2019-10-28/Dark-20191028@221244-100S.fits (53/100) (dry run)
Storing LOT20191028_mod/Dark-20191028@221431-100S.fts -> s3://eden-data/Calibrations/LOT/DARK/2019-10-28/Dark-20191028@221431-100S.fits (54/100) (dry run)
Storing LOT20191028_mod/Dark-20191028@221618-100S.fts -> s3://eden-data/Calibrations/LOT/DARK/2019-10-28/Dark-20191028@221618-100S.fits (55/100) (dry run)
Storing LOT20191028_mod/Dark-20191028@221804-100S.fts -> s3://eden-data/Calibrations/LOT/DARK/2019-10-28/Dark-20191028@221804-100S.fits (56/100) (dry run)
Storing LOT20191028_mod/Dark-20191028@221951-100S.fts -> s3://eden-data/Calibrations/LOT/DARK/2019-10-28/Dark-20191028@221951-100S.fits (57/100) (dry run)
Storing LOT20191028_mod/Dark-20191028@222138-100S.fts -> s3://eden-data/Calibrations/LOT/DARK/2019-10-28/Dark-20191028@222138-100S.fits (58/100) (dry run)
Storing LOT20191028_mod/Dark-20191028@222324-100S.fts -> s3://eden-data/Calibrations/LOT/DARK/2019-10-28/Dark-20191028@222324-100S.fits (59/100) (dry run)
Storing LOT20191028_mod/Dark-20191028@222511-100S.fts -> s3://eden-data/Calibrations/LOT/DARK/2019-10-28/Dark-20191028@222511-100S.fits (60/100) (dry run)
Storing LOT20191028_mod/Dark-20191028@222659-120S.fts -> s3://eden-data/Calibrations/LOT/DARK/2019-10-28/Dark-20191028@222659-120S.fits (61/100) (dry run)
Storing LOT20191028_mod/Dark-20191028@222906-120S.fts -> s3://eden-data/Calibrations/LOT/DARK/2019-10-28/Dark-20191028@222906-120S.fits (62/100) (dry run)
Storing LOT20191028_mod/Dark-20191028@223112-120S.fts -> s3://eden-data/Calibrations/LOT/DARK/2019-10-28/Dark-20191028@223112-120S.fits (63/100) (dry run)
Storing LOT20191028_mod/Dark-20191028@223319-120S.fts -> s3://eden-data/Calibrations/LOT/DARK/2019-10-28/Dark-20191028@223319-120S.fits (64/100) (dry run)
Storing LOT20191028_mod/Dark-20191028@223526-120S.fts -> s3://eden-data/Calibrations/LOT/DARK/2019-10-28/Dark-20191028@223526-120S.fits (65/100) (dry run)
Storing LOT20191028_mod/Dark-20191028@223733-120S.fts -> s3://eden-data/Calibrations/LOT/DARK/2019-10-28/Dark-20191028@223733-120S.fits (66/100) (dry run)
Storing LOT20191028_mod/Dark-20191028@223940-120S.fts -> s3://eden-data/Calibrations/LOT/DARK/2019-10-28/Dark-20191028@223940-120S.fits (67/100) (dry run)
Storing LOT20191028_mod/Dark-20191028@224147-120S.fts -> s3://eden-data/Calibrations/LOT/DARK/2019-10-28/Dark-20191028@224147-120S.fits (68/100) (dry run)
Storing LOT20191028_mod/Dark-20191028@224354-120S.fts -> s3://eden-data/Calibrations/LOT/DARK/2019-10-28/Dark-20191028@224354-120S.fits (69/100) (dry run)
Storing LOT20191028_mod/Dark-20191028@224601-120S.fts -> s3://eden-data/Calibrations/LOT/DARK/2019-10-28/Dark-20191028@224601-120S.fits (70/100) (dry run)
Storing LOT20191028_mod/Dark-20191028@224808-180S.fts -> s3://eden-data/Calibrations/LOT/DARK/2019-10-28/Dark-20191028@224808-180S.fits (71/100) (dry run)
Storing LOT20191028_mod/Dark-20191028@225115-180S.fts -> s3://eden-data/Calibrations/LOT/DARK/2019-10-28/Dark-20191028@225115-180S.fits (72/100) (dry run)
Storing LOT20191028_mod/Dark-20191028@225422-180S.fts -> s3://eden-data/Calibrations/LOT/DARK/2019-10-28/Dark-20191028@225422-180S.fits (73/100) (dry run)
Storing LOT20191028_mod/Dark-20191028@225728-180S.fts -> s3://eden-data/Calibrations/LOT/DARK/2019-10-28/Dark-20191028@225728-180S.fits (74/100) (dry run)
Storing LOT20191028_mod/Dark-20191028@230035-180S.fts -> s3://eden-data/Calibrations/LOT/DARK/2019-10-28/Dark-20191028@230035-180S.fits (75/100) (dry run)
Storing LOT20191028_mod/Dark-20191028@230342-180S.fts -> s3://eden-data/Calibrations/LOT/DARK/2019-10-28/Dark-20191028@230342-180S.fits (76/100) (dry run)
Storing LOT20191028_mod/Dark-20191028@230649-180S.fts -> s3://eden-data/Calibrations/LOT/DARK/2019-10-28/Dark-20191028@230649-180S.fits (77/100) (dry run)
Storing LOT20191028_mod/Dark-20191028@230956-180S.fts -> s3://eden-data/Calibrations/LOT/DARK/2019-10-28/Dark-20191028@230956-180S.fits (78/100) (dry run)
Storing LOT20191028_mod/Dark-20191028@231304-180S.fts -> s3://eden-data/Calibrations/LOT/DARK/2019-10-28/Dark-20191028@231304-180S.fits (79/100) (dry run)
Storing LOT20191028_mod/Dark-20191028@231611-180S.fts -> s3://eden-data/Calibrations/LOT/DARK/2019-10-28/Dark-20191028@231611-180S.fits (80/100) (dry run)
Storing LOT20191028_mod/Dark-20191028@231919-300S.fts -> s3://eden-data/Calibrations/LOT/DARK/2019-10-28/Dark-20191028@231919-300S.fits (81/100) (dry run)
Storing LOT20191028_mod/Dark-20191028@232426-300S.fts -> s3://eden-data/Calibrations/LOT/DARK/2019-10-28/Dark-20191028@232426-300S.fits (82/100) (dry run)
Storing LOT20191028_mod/Dark-20191028@232932-300S.fts -> s3://eden-data/Calibrations/LOT/DARK/2019-10-28/Dark-20191028@232932-300S.fits (83/100) (dry run)
Storing LOT20191028_mod/Dark-20191028@233439-300S.fts -> s3://eden-data/Calibrations/LOT/DARK/2019-10-28/Dark-20191028@233439-300S.fits (84/100) (dry run)
Storing LOT20191028_mod/Dark-20191028@233947-300S.fts -> s3://eden-data/Calibrations/LOT/DARK/2019-10-28/Dark-20191028@233947-300S.fits (85/100) (dry run)
Storing LOT20191028_mod/Dark-20191028@234454-300S.fts -> s3://eden-data/Calibrations/LOT/DARK/2019-10-28/Dark-20191028@234454-300S.fits (86/100) (dry run)
Storing LOT20191028_mod/Dark-20191028@235001-300S.fts -> s3://eden-data/Calibrations/LOT/DARK/2019-10-28/Dark-20191028@235001-300S.fits (87/100) (dry run)
Storing LOT20191028_mod/Dark-20191028@235508-300S.fts -> s3://eden-data/Calibrations/LOT/DARK/2019-10-28/Dark-20191028@235508-300S.fits (88/100) (dry run)
Storing LOT20191028_mod/Dark-20191029@000016-300S.fts -> s3://eden-data/Calibrations/LOT/DARK/2019-10-28/Dark-20191029@000016-300S.fits (89/100) (dry run)
Storing LOT20191028_mod/Dark-20191029@000522-300S.fts -> s3://eden-data/Calibrations/LOT/DARK/2019-10-28/Dark-20191029@000522-300S.fits (90/100) (dry run)
Storing LOT20191028_mod/Dark-20191029@001030-360S.fts -> s3://eden-data/Calibrations/LOT/DARK/2019-10-28/Dark-20191029@001030-360S.fits (91/100) (dry run)
Storing LOT20191028_mod/Dark-20191029@001637-360S.fts -> s3://eden-data/Calibrations/LOT/DARK/2019-10-28/Dark-20191029@001637-360S.fits (92/100) (dry run)
Storing LOT20191028_mod/Dark-20191029@002243-360S.fts -> s3://eden-data/Calibrations/LOT/DARK/2019-10-28/Dark-20191029@002243-360S.fits (93/100) (dry run)
Storing LOT20191028_mod/Dark-20191029@002851-360S.fts -> s3://eden-data/Calibrations/LOT/DARK/2019-10-28/Dark-20191029@002851-360S.fits (94/100) (dry run)
Storing LOT20191028_mod/Dark-20191029@003458-360S.fts -> s3://eden-data/Calibrations/LOT/DARK/2019-10-28/Dark-20191029@003458-360S.fits (95/100) (dry run)
Storing LOT20191028_mod/Dark-20191029@004105-360S.fts -> s3://eden-data/Calibrations/LOT/DARK/2019-10-28/Dark-20191029@004105-360S.fits (96/100) (dry run)
Storing LOT20191028_mod/Dark-20191029@004711-360S.fts -> s3://eden-data/Calibrations/LOT/DARK/2019-10-28/Dark-20191029@004711-360S.fits (97/100) (dry run)
Storing LOT20191028_mod/Dark-20191029@005318-360S.fts -> s3://eden-data/Calibrations/LOT/DARK/2019-10-28/Dark-20191029@005318-360S.fits (98/100) (dry run)
Storing LOT20191028_mod/Dark-20191029@005925-360S.fts -> s3://eden-data/Calibrations/LOT/DARK/2019-10-28/Dark-20191029@005925-360S.fits (99/100) (dry run)
Storing LOT20191028_mod/Dark-20191029@010532-360S.fts -> s3://eden-data/Calibrations/LOT/DARK/2019-10-28/Dark-20191029@010532-360S.fits (100/100) (dry run)

Dry run complete! Run again without --dryrun to commit the changes above.
Stored: 100 files (0.8 GB)
