-----------------
input parameters
-----------------
['modify_header_name_eden.py', 'LOT20220101_2MASS_J08255285+6902016', '34']
Your will modify header for: 2MASS_J08255285+6902016 [RA] 08 25 52.8440 [Dec] +69 02 01.1677 [Filter] GG495
---------------
folder: LOT20220101_2MASS_J08255285+6902016
will update fits in: LOT20220101_2MASS_J08255285+6902016_mod
 ---------------------------
 Exame Fits Header for Bias
 ---------------------------
find ./LOT20220101_2MASS_J08255285+6902016/bias-dark/ | grep 'fits\|fts'|sort 
found 90 Bias/Dark
1/90 Bias-20220101@222601-000S.fts [TYPE] BIAS [EXPTIME] 0.0
2/90 Bias-20220101@222611-000S.fts [TYPE] BIAS [EXPTIME] 0.0
3/90 Bias-20220101@222618-000S.fts [TYPE] BIAS [EXPTIME] 0.0
4/90 Bias-20220101@222625-000S.fts [TYPE] BIAS [EXPTIME] 0.0
5/90 Bias-20220101@222632-000S.fts [TYPE] BIAS [EXPTIME] 0.0
6/90 Bias-20220101@222639-000S.fts [TYPE] BIAS [EXPTIME] 0.0
7/90 Bias-20220101@222646-000S.fts [TYPE] BIAS [EXPTIME] 0.0
8/90 Bias-20220101@222654-000S.fts [TYPE] BIAS [EXPTIME] 0.0
9/90 Bias-20220101@222701-000S.fts [TYPE] BIAS [EXPTIME] 0.0
10/90 Bias-20220101@222708-000S.fts [TYPE] BIAS [EXPTIME] 0.0
11/90 Dark-20220101@222716-030S.fts [TYPE] DARK [EXPTIME] 30.0
12/90 Dark-20220101@222753-030S.fts [TYPE] DARK [EXPTIME] 30.0
13/90 Dark-20220101@222831-030S.fts [TYPE] DARK [EXPTIME] 30.0
14/90 Dark-20220101@222908-030S.fts [TYPE] DARK [EXPTIME] 30.0
15/90 Dark-20220101@222945-030S.fts [TYPE] DARK [EXPTIME] 30.0
16/90 Dark-20220101@223022-030S.fts [TYPE] DARK [EXPTIME] 30.0
17/90 Dark-20220101@223059-030S.fts [TYPE] DARK [EXPTIME] 30.0
18/90 Dark-20220101@223135-030S.fts [TYPE] DARK [EXPTIME] 30.0
19/90 Dark-20220101@223212-030S.fts [TYPE] DARK [EXPTIME] 30.0
20/90 Dark-20220101@223249-030S.fts [TYPE] DARK [EXPTIME] 30.0
21/90 Dark-20220101@223327-060S.fts [TYPE] DARK [EXPTIME] 60.0
22/90 Dark-20220101@223433-060S.fts [TYPE] DARK [EXPTIME] 60.0
23/90 Dark-20220101@223541-060S.fts [TYPE] DARK [EXPTIME] 60.0
24/90 Dark-20220101@223648-060S.fts [TYPE] DARK [EXPTIME] 60.0
25/90 Dark-20220101@223756-060S.fts [TYPE] DARK [EXPTIME] 60.0
26/90 Dark-20220101@223903-060S.fts [TYPE] DARK [EXPTIME] 60.0
27/90 Dark-20220101@224010-060S.fts [TYPE] DARK [EXPTIME] 60.0
28/90 Dark-20220101@224116-060S.fts [TYPE] DARK [EXPTIME] 60.0
29/90 Dark-20220101@224223-060S.fts [TYPE] DARK [EXPTIME] 60.0
30/90 Dark-20220101@224331-060S.fts [TYPE] DARK [EXPTIME] 60.0
31/90 Dark-20220101@224439-090S.fts [TYPE] DARK [EXPTIME] 90.0
32/90 Dark-20220101@224616-090S.fts [TYPE] DARK [EXPTIME] 90.0
33/90 Dark-20220101@224753-090S.fts [TYPE] DARK [EXPTIME] 90.0
34/90 Dark-20220101@224930-090S.fts [TYPE] DARK [EXPTIME] 90.0
35/90 Dark-20220101@225107-090S.fts [TYPE] DARK [EXPTIME] 90.0
36/90 Dark-20220101@225244-090S.fts [TYPE] DARK [EXPTIME] 90.0
37/90 Dark-20220101@225422-090S.fts [TYPE] DARK [EXPTIME] 90.0
38/90 Dark-20220101@225559-090S.fts [TYPE] DARK [EXPTIME] 90.0
39/90 Dark-20220101@225736-090S.fts [TYPE] DARK [EXPTIME] 90.0
40/90 Dark-20220101@225913-090S.fts [TYPE] DARK [EXPTIME] 90.0
41/90 Dark-20220101@230051-120S.fts [TYPE] DARK [EXPTIME] 120.0
42/90 Dark-20220101@230258-120S.fts [TYPE] DARK [EXPTIME] 120.0
43/90 Dark-20220101@230505-120S.fts [TYPE] DARK [EXPTIME] 120.0
44/90 Dark-20220101@230712-120S.fts [TYPE] DARK [EXPTIME] 120.0
45/90 Dark-20220101@230918-120S.fts [TYPE] DARK [EXPTIME] 120.0
46/90 Dark-20220101@231126-120S.fts [TYPE] DARK [EXPTIME] 120.0
47/90 Dark-20220101@231333-120S.fts [TYPE] DARK [EXPTIME] 120.0
48/90 Dark-20220101@231539-120S.fts [TYPE] DARK [EXPTIME] 120.0
49/90 Dark-20220101@231746-120S.fts [TYPE] DARK [EXPTIME] 120.0
50/90 Dark-20220101@231954-120S.fts [TYPE] DARK [EXPTIME] 120.0
51/90 Dark-20220101@232202-150S.fts [TYPE] DARK [EXPTIME] 150.0
52/90 Dark-20220101@232438-150S.fts [TYPE] DARK [EXPTIME] 150.0
53/90 Dark-20220101@232716-150S.fts [TYPE] DARK [EXPTIME] 150.0
54/90 Dark-20220101@232952-150S.fts [TYPE] DARK [EXPTIME] 150.0
55/90 Dark-20220101@233229-150S.fts [TYPE] DARK [EXPTIME] 150.0
56/90 Dark-20220101@233506-150S.fts [TYPE] DARK [EXPTIME] 150.0
57/90 Dark-20220101@233743-150S.fts [TYPE] DARK [EXPTIME] 150.0
58/90 Dark-20220101@234021-150S.fts [TYPE] DARK [EXPTIME] 150.0
59/90 Dark-20220101@234257-150S.fts [TYPE] DARK [EXPTIME] 150.0
60/90 Dark-20220101@234534-150S.fts [TYPE] DARK [EXPTIME] 150.0
61/90 Dark-20220101@234812-240S.fts [TYPE] DARK [EXPTIME] 240.0
62/90 Dark-20220101@235218-240S.fts [TYPE] DARK [EXPTIME] 240.0
63/90 Dark-20220101@235626-240S.fts [TYPE] DARK [EXPTIME] 240.0
64/90 Dark-20220102@000032-240S.fts [TYPE] DARK [EXPTIME] 240.0
65/90 Dark-20220102@000439-240S.fts [TYPE] DARK [EXPTIME] 240.0
66/90 Dark-20220102@000846-240S.fts [TYPE] DARK [EXPTIME] 240.0
67/90 Dark-20220102@001254-240S.fts [TYPE] DARK [EXPTIME] 240.0
68/90 Dark-20220102@001701-240S.fts [TYPE] DARK [EXPTIME] 240.0
69/90 Dark-20220102@002107-240S.fts [TYPE] DARK [EXPTIME] 240.0
70/90 Dark-20220102@002514-240S.fts [TYPE] DARK [EXPTIME] 240.0
71/90 Dark-20220102@002923-300S.fts [TYPE] DARK [EXPTIME] 300.0
72/90 Dark-20220102@003430-300S.fts [TYPE] DARK [EXPTIME] 300.0
73/90 Dark-20220102@003938-300S.fts [TYPE] DARK [EXPTIME] 300.0
74/90 Dark-20220102@004445-300S.fts [TYPE] DARK [EXPTIME] 300.0
75/90 Dark-20220102@004952-300S.fts [TYPE] DARK [EXPTIME] 300.0
76/90 Dark-20220102@005459-300S.fts [TYPE] DARK [EXPTIME] 300.0
77/90 Dark-20220102@010006-300S.fts [TYPE] DARK [EXPTIME] 300.0
78/90 Dark-20220102@010514-300S.fts [TYPE] DARK [EXPTIME] 300.0
79/90 Dark-20220102@011021-300S.fts [TYPE] DARK [EXPTIME] 300.0
80/90 Dark-20220102@011528-300S.fts [TYPE] DARK [EXPTIME] 300.0
81/90 Dark-20220102@012037-360S.fts [TYPE] DARK [EXPTIME] 360.0
82/90 Dark-20220102@012644-360S.fts [TYPE] DARK [EXPTIME] 360.0
83/90 Dark-20220102@013251-360S.fts [TYPE] DARK [EXPTIME] 360.0
84/90 Dark-20220102@013857-360S.fts [TYPE] DARK [EXPTIME] 360.0
85/90 Dark-20220102@014504-360S.fts [TYPE] DARK [EXPTIME] 360.0
86/90 Dark-20220102@015111-360S.fts [TYPE] DARK [EXPTIME] 360.0
87/90 Dark-20220102@015718-360S.fts [TYPE] DARK [EXPTIME] 360.0
88/90 Dark-20220102@020325-360S.fts [TYPE] DARK [EXPTIME] 360.0
89/90 Dark-20220102@020932-360S.fts [TYPE] DARK [EXPTIME] 360.0
90/90 Dark-20220102@021540-360S.fts [TYPE] DARK [EXPTIME] 360.0
 ---------------------------
 Exame Fits Header for Flat
 ---------------------------
find ./LOT20220101_2MASS_J08255285+6902016/ | grep flat/ | grep -E 'fits|fts'|sort -t'-' -k2.4,2.6 
found 25 Flat
1/25 AutoFlat-20220101@215843-Eden-Bin1-001.fts [TYPE] FLAT [EXPTIME] 30.0 [FIL] GG495
2/25 AutoFlat-20220101@220009-Eden-Bin1-002.fts [TYPE] FLAT [EXPTIME] 30.0 [FIL] GG495
3/25 AutoFlat-20220101@220050-Eden-Bin1-003.fts [TYPE] FLAT [EXPTIME] 30.0 [FIL] GG495
4/25 AutoFlat-20220101@220131-Eden-Bin1-004.fts [TYPE] FLAT [EXPTIME] 30.0 [FIL] GG495
5/25 AutoFlat-20220101@220213-Eden-Bin1-005.fts [TYPE] FLAT [EXPTIME] 30.0 [FIL] GG495
6/25 AutoFlat-20220101@220310-gp_Astrodon_2019-Bin1-001.fts [TYPE] FLAT [EXPTIME] 30.0 [FIL] gp_Astrodon_2019
7/25 AutoFlat-20220101@220427-gp_Astrodon_2019-Bin1-002.fts [TYPE] FLAT [EXPTIME] 30.0 [FIL] gp_Astrodon_2019
8/25 AutoFlat-20220101@220507-gp_Astrodon_2019-Bin1-003.fts [TYPE] FLAT [EXPTIME] 30.0 [FIL] gp_Astrodon_2019
9/25 AutoFlat-20220101@220548-gp_Astrodon_2019-Bin1-004.fts [TYPE] FLAT [EXPTIME] 30.0 [FIL] gp_Astrodon_2019
10/25 AutoFlat-20220101@220630-gp_Astrodon_2019-Bin1-005.fts [TYPE] FLAT [EXPTIME] 30.0 [FIL] gp_Astrodon_2019
11/25 AutoFlat-20220101@220724-rp_Astrodon_2019-Bin1-001.fts [TYPE] FLAT [EXPTIME] 23.94 [FIL] rp_Astrodon_2019
12/25 AutoFlat-20220101@220834-rp_Astrodon_2019-Bin1-002.fts [TYPE] FLAT [EXPTIME] 21.43 [FIL] rp_Astrodon_2019
13/25 AutoFlat-20220101@220906-rp_Astrodon_2019-Bin1-003.fts [TYPE] FLAT [EXPTIME] 18.56 [FIL] rp_Astrodon_2019
14/25 AutoFlat-20220101@220935-rp_Astrodon_2019-Bin1-004.fts [TYPE] FLAT [EXPTIME] 16.28 [FIL] rp_Astrodon_2019
15/25 AutoFlat-20220101@221002-rp_Astrodon_2019-Bin1-005.fts [TYPE] FLAT [EXPTIME] 14.45 [FIL] rp_Astrodon_2019
16/25 AutoFlat-20220101@221038-ip_Astrodon_2019-Bin1-001.fts [TYPE] FLAT [EXPTIME] 13.72 [FIL] ip_Astrodon_2019
17/25 AutoFlat-20220101@221123-ip_Astrodon_2019-Bin1-002.fts [TYPE] FLAT [EXPTIME] 13.01 [FIL] ip_Astrodon_2019
18/25 AutoFlat-20220101@221147-ip_Astrodon_2019-Bin1-003.fts [TYPE] FLAT [EXPTIME] 11.74 [FIL] ip_Astrodon_2019
19/25 AutoFlat-20220101@221209-ip_Astrodon_2019-Bin1-004.fts [TYPE] FLAT [EXPTIME] 10.64 [FIL] ip_Astrodon_2019
20/25 AutoFlat-20220101@221231-ip_Astrodon_2019-Bin1-005.fts [TYPE] FLAT [EXPTIME] 9.68 [FIL] ip_Astrodon_2019
21/25 AutoFlat-20220101@221301-zp_Astrodon_2019-Bin1-001.fts [TYPE] FLAT [EXPTIME] 25.64 [FIL] zp_Astrodon_2019
22/25 AutoFlat-20220101@221357-zp_Astrodon_2019-Bin1-002.fts [TYPE] FLAT [EXPTIME] 24.82 [FIL] zp_Astrodon_2019
23/25 AutoFlat-20220101@221433-zp_Astrodon_2019-Bin1-003.fts [TYPE] FLAT [EXPTIME] 20.46 [FIL] zp_Astrodon_2019
24/25 AutoFlat-20220101@221504-zp_Astrodon_2019-Bin1-004.fts [TYPE] FLAT [EXPTIME] 16.86 [FIL] zp_Astrodon_2019
25/25 AutoFlat-20220101@221532-zp_Astrodon_2019-Bin1-005.fts [TYPE] FLAT [EXPTIME] 14.11 [FIL] zp_Astrodon_2019
 ---------------------------
 Exame Fits Header for Additional Dark for Flat
 ---------------------------
find ./LOT20220101_2MASS_J08255285+6902016/ | grep flat/ |grep dark| grep -E 'fits|fts'|sort -t'-' -k2.4,2.6 
found 0 Additional Dark for Flat
no additional dark for flat in ./flat/
 ---------------------------
 Modify filename for Science Target
 ---------------------------
... update header ...
1/349 2MASS_J08255285+6902016-20220101@171158-Eden.fts [TYPE] LIGHT [OBJ] 2MASS_J08255285+6902016 [RA] 08 25 52.8440 [Dec] +69 02 01.1677 [FIL] GG495 [EXPTIME] 60.0 [Date] 2022-01-01T17:11:58 [Time] 17:11:58
2/349 2MASS_J08255285+6902016-20220101@171516-Eden.fts [TYPE] LIGHT [OBJ] 2MASS_J08255285+6902016 [RA] 08 25 52.8440 [Dec] +69 02 01.1677 [FIL] GG495 [EXPTIME] 30.0 [Date] 2022-01-01T17:15:16 [Time] 17:15:16
3/349 2MASS_J08255285+6902016-20220101@171604-Eden.fts [TYPE] LIGHT [OBJ] 2MASS_J08255285+6902016 [RA] 08 25 52.8440 [Dec] +69 02 01.1677 [FIL] GG495 [EXPTIME] 30.0 [Date] 2022-01-01T17:16:04 [Time] 17:16:04
4/349 2MASS_J08255285+6902016-20220101@171652-Eden.fts [TYPE] LIGHT [OBJ] 2MASS_J08255285+6902016 [RA] 08 25 52.8440 [Dec] +69 02 01.1677 [FIL] GG495 [EXPTIME] 30.0 [Date] 2022-01-01T17:16:52 [Time] 17:16:52
5/349 2MASS_J08255285+6902016-20220101@171740-Eden.fts [TYPE] LIGHT [OBJ] 2MASS_J08255285+6902016 [RA] 08 25 52.8440 [Dec] +69 02 01.1677 [FIL] GG495 [EXPTIME] 30.0 [Date] 2022-01-01T17:17:40 [Time] 17:17:40
6/349 2MASS_J08255285+6902016-20220101@171826-Eden.fts [TYPE] LIGHT [OBJ] 2MASS_J08255285+6902016 [RA] 08 25 52.8440 [Dec] +69 02 01.1677 [FIL] GG495 [EXPTIME] 30.0 [Date] 2022-01-01T17:18:26 [Time] 17:18:26
7/349 2MASS_J08255285+6902016-20220101@171914-Eden.fts [TYPE] LIGHT [OBJ] 2MASS_J08255285+6902016 [RA] 08 25 52.8440 [Dec] +69 02 01.1677 [FIL] GG495 [EXPTIME] 30.0 [Date] 2022-01-01T17:19:14 [Time] 17:19:14
8/349 2MASS_J08255285+6902016-20220101@172002-Eden.fts [TYPE] LIGHT [OBJ] 2MASS_J08255285+6902016 [RA] 08 25 52.8440 [Dec] +69 02 01.1677 [FIL] GG495 [EXPTIME] 30.0 [Date] 2022-01-01T17:20:02 [Time] 17:20:02
9/349 2MASS_J08255285+6902016-20220101@172050-Eden.fts [TYPE] LIGHT [OBJ] 2MASS_J08255285+6902016 [RA] 08 25 52.8440 [Dec] +69 02 01.1677 [FIL] GG495 [EXPTIME] 30.0 [Date] 2022-01-01T17:20:50 [Time] 17:20:50
10/349 2MASS_J08255285+6902016-20220101@172137-Eden.fts [TYPE] LIGHT [OBJ] 2MASS_J08255285+6902016 [RA] 08 25 52.8440 [Dec] +69 02 01.1677 [FIL] GG495 [EXPTIME] 30.0 [Date] 2022-01-01T17:21:37 [Time] 17:21:37
11/349 2MASS_J08255285+6902016-20220101@172224-Eden.fts [TYPE] LIGHT [OBJ] 2MASS_J08255285+6902016 [RA] 08 25 52.8440 [Dec] +69 02 01.1677 [FIL] GG495 [EXPTIME] 30.0 [Date] 2022-01-01T17:22:24 [Time] 17:22:24
12/349 2MASS_J08255285+6902016-20220101@172312-Eden.fts [TYPE] LIGHT [OBJ] 2MASS_J08255285+6902016 [RA] 08 25 52.8440 [Dec] +69 02 01.1677 [FIL] GG495 [EXPTIME] 30.0 [Date] 2022-01-01T17:23:12 [Time] 17:23:12
13/349 2MASS_J08255285+6902016-20220101@172359-Eden.fts [TYPE] LIGHT [OBJ] 2MASS_J08255285+6902016 [RA] 08 25 52.8440 [Dec] +69 02 01.1677 [FIL] GG495 [EXPTIME] 30.0 [Date] 2022-01-01T17:23:59 [Time] 17:23:59
14/349 2MASS_J08255285+6902016-20220101@172446-Eden.fts [TYPE] LIGHT [OBJ] 2MASS_J08255285+6902016 [RA] 08 25 52.8440 [Dec] +69 02 01.1677 [FIL] GG495 [EXPTIME] 30.0 [Date] 2022-01-01T17:24:46 [Time] 17:24:46
15/349 2MASS_J08255285+6902016-20220101@172533-Eden.fts [TYPE] LIGHT [OBJ] 2MASS_J08255285+6902016 [RA] 08 25 52.8440 [Dec] +69 02 01.1677 [FIL] GG495 [EXPTIME] 30.0 [Date] 2022-01-01T17:25:33 [Time] 17:25:33
16/349 2MASS_J08255285+6902016-20220101@172622-Eden.fts [TYPE] LIGHT [OBJ] 2MASS_J08255285+6902016 [RA] 08 25 52.8440 [Dec] +69 02 01.1677 [FIL] GG495 [EXPTIME] 30.0 [Date] 2022-01-01T17:26:22 [Time] 17:26:22
17/349 2MASS_J08255285+6902016-20220101@172710-Eden.fts [TYPE] LIGHT [OBJ] 2MASS_J08255285+6902016 [RA] 08 25 52.8440 [Dec] +69 02 01.1677 [FIL] GG495 [EXPTIME] 30.0 [Date] 2022-01-01T17:27:10 [Time] 17:27:10
18/349 2MASS_J08255285+6902016-20220101@172759-Eden.fts [TYPE] LIGHT [OBJ] 2MASS_J08255285+6902016 [RA] 08 25 52.8440 [Dec] +69 02 01.1677 [FIL] GG495 [EXPTIME] 30.0 [Date] 2022-01-01T17:27:59 [Time] 17:27:59
19/349 2MASS_J08255285+6902016-20220101@172847-Eden.fts [TYPE] LIGHT [OBJ] 2MASS_J08255285+6902016 [RA] 08 25 52.8440 [Dec] +69 02 01.1677 [FIL] GG495 [EXPTIME] 30.0 [Date] 2022-01-01T17:28:47 [Time] 17:28:47
20/349 2MASS_J08255285+6902016-20220101@172936-Eden.fts [TYPE] LIGHT [OBJ] 2MASS_J08255285+6902016 [RA] 08 25 52.8440 [Dec] +69 02 01.1677 [FIL] GG495 [EXPTIME] 30.0 [Date] 2022-01-01T17:29:36 [Time] 17:29:36
21/349 2MASS_J08255285+6902016-20220101@173025-Eden.fts [TYPE] LIGHT [OBJ] 2MASS_J08255285+6902016 [RA] 08 25 52.8440 [Dec] +69 02 01.1677 [FIL] GG495 [EXPTIME] 30.0 [Date] 2022-01-01T17:30:25 [Time] 17:30:25
22/349 2MASS_J08255285+6902016-20220101@173113-Eden.fts [TYPE] LIGHT [OBJ] 2MASS_J08255285+6902016 [RA] 08 25 52.8440 [Dec] +69 02 01.1677 [FIL] GG495 [EXPTIME] 30.0 [Date] 2022-01-01T17:31:13 [Time] 17:31:13
23/349 2MASS_J08255285+6902016-20220101@173201-Eden.fts [TYPE] LIGHT [OBJ] 2MASS_J08255285+6902016 [RA] 08 25 52.8440 [Dec] +69 02 01.1677 [FIL] GG495 [EXPTIME] 30.0 [Date] 2022-01-01T17:32:01 [Time] 17:32:01
24/349 2MASS_J08255285+6902016-20220101@173248-Eden.fts [TYPE] LIGHT [OBJ] 2MASS_J08255285+6902016 [RA] 08 25 52.8440 [Dec] +69 02 01.1677 [FIL] GG495 [EXPTIME] 30.0 [Date] 2022-01-01T17:32:48 [Time] 17:32:48
25/349 2MASS_J08255285+6902016-20220101@173335-Eden.fts [TYPE] LIGHT [OBJ] 2MASS_J08255285+6902016 [RA] 08 25 52.8440 [Dec] +69 02 01.1677 [FIL] GG495 [EXPTIME] 30.0 [Date] 2022-01-01T17:33:35 [Time] 17:33:35
26/349 2MASS_J08255285+6902016-20220101@173421-Eden.fts [TYPE] LIGHT [OBJ] 2MASS_J08255285+6902016 [RA] 08 25 52.8440 [Dec] +69 02 01.1677 [FIL] GG495 [EXPTIME] 30.0 [Date] 2022-01-01T17:34:21 [Time] 17:34:21
27/349 2MASS_J08255285+6902016-20220101@173509-Eden.fts [TYPE] LIGHT [OBJ] 2MASS_J08255285+6902016 [RA] 08 25 52.8440 [Dec] +69 02 01.1677 [FIL] GG495 [EXPTIME] 30.0 [Date] 2022-01-01T17:35:09 [Time] 17:35:09
28/349 2MASS_J08255285+6902016-20220101@173556-Eden.fts [TYPE] LIGHT [OBJ] 2MASS_J08255285+6902016 [RA] 08 25 52.8440 [Dec] +69 02 01.1677 [FIL] GG495 [EXPTIME] 30.0 [Date] 2022-01-01T17:35:56 [Time] 17:35:56
29/349 2MASS_J08255285+6902016-20220101@173646-Eden.fts [TYPE] LIGHT [OBJ] 2MASS_J08255285+6902016 [RA] 08 25 52.8440 [Dec] +69 02 01.1677 [FIL] GG495 [EXPTIME] 30.0 [Date] 2022-01-01T17:36:46 [Time] 17:36:46
30/349 2MASS_J08255285+6902016-20220101@173734-Eden.fts [TYPE] LIGHT [OBJ] 2MASS_J08255285+6902016 [RA] 08 25 52.8440 [Dec] +69 02 01.1677 [FIL] GG495 [EXPTIME] 30.0 [Date] 2022-01-01T17:37:34 [Time] 17:37:34
31/349 2MASS_J08255285+6902016-20220101@173822-Eden.fts [TYPE] LIGHT [OBJ] 2MASS_J08255285+6902016 [RA] 08 25 52.8440 [Dec] +69 02 01.1677 [FIL] GG495 [EXPTIME] 30.0 [Date] 2022-01-01T17:38:22 [Time] 17:38:22
32/349 2MASS_J08255285+6902016-20220101@173910-Eden.fts [TYPE] LIGHT [OBJ] 2MASS_J08255285+6902016 [RA] 08 25 52.8440 [Dec] +69 02 01.1677 [FIL] GG495 [EXPTIME] 30.0 [Date] 2022-01-01T17:39:10 [Time] 17:39:10
33/349 2MASS_J08255285+6902016-20220101@173957-Eden.fts [TYPE] LIGHT [OBJ] 2MASS_J08255285+6902016 [RA] 08 25 52.8440 [Dec] +69 02 01.1677 [FIL] GG495 [EXPTIME] 30.0 [Date] 2022-01-01T17:39:57 [Time] 17:39:57
34/349 2MASS_J08255285+6902016-20220101@174047-Eden.fts [TYPE] LIGHT [OBJ] 2MASS_J08255285+6902016 [RA] 08 25 52.8440 [Dec] +69 02 01.1677 [FIL] GG495 [EXPTIME] 30.0 [Date] 2022-01-01T17:40:47 [Time] 17:40:47
35/349 2MASS_J08255285+6902016-20220101@174133-Eden.fts [TYPE] LIGHT [OBJ] 2MASS_J08255285+6902016 [RA] 08 25 52.8440 [Dec] +69 02 01.1677 [FIL] GG495 [EXPTIME] 30.0 [Date] 2022-01-01T17:41:33 [Time] 17:41:33
36/349 2MASS_J08255285+6902016-20220101@174220-Eden.fts [TYPE] LIGHT [OBJ] 2MASS_J08255285+6902016 [RA] 08 25 52.8440 [Dec] +69 02 01.1677 [FIL] GG495 [EXPTIME] 30.0 [Date] 2022-01-01T17:42:20 [Time] 17:42:20
37/349 2MASS_J08255285+6902016-20220101@174309-Eden.fts [TYPE] LIGHT [OBJ] 2MASS_J08255285+6902016 [RA] 08 25 52.8440 [Dec] +69 02 01.1677 [FIL] GG495 [EXPTIME] 30.0 [Date] 2022-01-01T17:43:09 [Time] 17:43:09
38/349 2MASS_J08255285+6902016-20220101@174355-Eden.fts [TYPE] LIGHT [OBJ] 2MASS_J08255285+6902016 [RA] 08 25 52.8440 [Dec] +69 02 01.1677 [FIL] GG495 [EXPTIME] 30.0 [Date] 2022-01-01T17:43:55 [Time] 17:43:55
39/349 2MASS_J08255285+6902016-20220101@174443-Eden.fts [TYPE] LIGHT [OBJ] 2MASS_J08255285+6902016 [RA] 08 25 52.8440 [Dec] +69 02 01.1677 [FIL] GG495 [EXPTIME] 30.0 [Date] 2022-01-01T17:44:43 [Time] 17:44:43
40/349 2MASS_J08255285+6902016-20220101@174530-Eden.fts [TYPE] LIGHT [OBJ] 2MASS_J08255285+6902016 [RA] 08 25 52.8440 [Dec] +69 02 01.1677 [FIL] GG495 [EXPTIME] 30.0 [Date] 2022-01-01T17:45:30 [Time] 17:45:30
41/349 2MASS_J08255285+6902016-20220101@174617-Eden.fts [TYPE] LIGHT [OBJ] 2MASS_J08255285+6902016 [RA] 08 25 52.8440 [Dec] +69 02 01.1677 [FIL] GG495 [EXPTIME] 30.0 [Date] 2022-01-01T17:46:17 [Time] 17:46:17
42/349 2MASS_J08255285+6902016-20220101@174705-Eden.fts [TYPE] LIGHT [OBJ] 2MASS_J08255285+6902016 [RA] 08 25 52.8440 [Dec] +69 02 01.1677 [FIL] GG495 [EXPTIME] 30.0 [Date] 2022-01-01T17:47:05 [Time] 17:47:05
43/349 2MASS_J08255285+6902016-20220101@174754-Eden.fts [TYPE] LIGHT [OBJ] 2MASS_J08255285+6902016 [RA] 08 25 52.8440 [Dec] +69 02 01.1677 [FIL] GG495 [EXPTIME] 30.0 [Date] 2022-01-01T17:47:54 [Time] 17:47:54
44/349 2MASS_J08255285+6902016-20220101@174841-Eden.fts [TYPE] LIGHT [OBJ] 2MASS_J08255285+6902016 [RA] 08 25 52.8440 [Dec] +69 02 01.1677 [FIL] GG495 [EXPTIME] 30.0 [Date] 2022-01-01T17:48:41 [Time] 17:48:41
45/349 2MASS_J08255285+6902016-20220101@174929-Eden.fts [TYPE] LIGHT [OBJ] 2MASS_J08255285+6902016 [RA] 08 25 52.8440 [Dec] +69 02 01.1677 [FIL] GG495 [EXPTIME] 30.0 [Date] 2022-01-01T17:49:29 [Time] 17:49:29
46/349 2MASS_J08255285+6902016-20220101@175016-Eden.fts [TYPE] LIGHT [OBJ] 2MASS_J08255285+6902016 [RA] 08 25 52.8440 [Dec] +69 02 01.1677 [FIL] GG495 [EXPTIME] 30.0 [Date] 2022-01-01T17:50:16 [Time] 17:50:16
47/349 2MASS_J08255285+6902016-20220101@175103-Eden.fts [TYPE] LIGHT [OBJ] 2MASS_J08255285+6902016 [RA] 08 25 52.8440 [Dec] +69 02 01.1677 [FIL] GG495 [EXPTIME] 30.0 [Date] 2022-01-01T17:51:03 [Time] 17:51:03
48/349 2MASS_J08255285+6902016-20220101@175152-Eden.fts [TYPE] LIGHT [OBJ] 2MASS_J08255285+6902016 [RA] 08 25 52.8440 [Dec] +69 02 01.1677 [FIL] GG495 [EXPTIME] 30.0 [Date] 2022-01-01T17:51:52 [Time] 17:51:52
49/349 2MASS_J08255285+6902016-20220101@175239-Eden.fts [TYPE] LIGHT [OBJ] 2MASS_J08255285+6902016 [RA] 08 25 52.8440 [Dec] +69 02 01.1677 [FIL] GG495 [EXPTIME] 30.0 [Date] 2022-01-01T17:52:39 [Time] 17:52:39
50/349 2MASS_J08255285+6902016-20220101@175325-Eden.fts [TYPE] LIGHT [OBJ] 2MASS_J08255285+6902016 [RA] 08 25 52.8440 [Dec] +69 02 01.1677 [FIL] GG495 [EXPTIME] 30.0 [Date] 2022-01-01T17:53:25 [Time] 17:53:25
51/349 2MASS_J08255285+6902016-20220101@175412-Eden.fts [TYPE] LIGHT [OBJ] 2MASS_J08255285+6902016 [RA] 08 25 52.8440 [Dec] +69 02 01.1677 [FIL] GG495 [EXPTIME] 30.0 [Date] 2022-01-01T17:54:12 [Time] 17:54:12
52/349 2MASS_J08255285+6902016-20220101@175500-Eden.fts [TYPE] LIGHT [OBJ] 2MASS_J08255285+6902016 [RA] 08 25 52.8440 [Dec] +69 02 01.1677 [FIL] GG495 [EXPTIME] 30.0 [Date] 2022-01-01T17:55:00 [Time] 17:55:00
53/349 2MASS_J08255285+6902016-20220101@175548-Eden.fts [TYPE] LIGHT [OBJ] 2MASS_J08255285+6902016 [RA] 08 25 52.8440 [Dec] +69 02 01.1677 [FIL] GG495 [EXPTIME] 30.0 [Date] 2022-01-01T17:55:48 [Time] 17:55:48
54/349 2MASS_J08255285+6902016-20220101@175636-Eden.fts [TYPE] LIGHT [OBJ] 2MASS_J08255285+6902016 [RA] 08 25 52.8440 [Dec] +69 02 01.1677 [FIL] GG495 [EXPTIME] 30.0 [Date] 2022-01-01T17:56:36 [Time] 17:56:36
55/349 2MASS_J08255285+6902016-20220101@175724-Eden.fts [TYPE] LIGHT [OBJ] 2MASS_J08255285+6902016 [RA] 08 25 52.8440 [Dec] +69 02 01.1677 [FIL] GG495 [EXPTIME] 30.0 [Date] 2022-01-01T17:57:24 [Time] 17:57:24
56/349 2MASS_J08255285+6902016-20220101@175812-Eden.fts [TYPE] LIGHT [OBJ] 2MASS_J08255285+6902016 [RA] 08 25 52.8440 [Dec] +69 02 01.1677 [FIL] GG495 [EXPTIME] 30.0 [Date] 2022-01-01T17:58:12 [Time] 17:58:12
57/349 2MASS_J08255285+6902016-20220101@175858-Eden.fts [TYPE] LIGHT [OBJ] 2MASS_J08255285+6902016 [RA] 08 25 52.8440 [Dec] +69 02 01.1677 [FIL] GG495 [EXPTIME] 30.0 [Date] 2022-01-01T17:58:58 [Time] 17:58:58
58/349 2MASS_J08255285+6902016-20220101@175947-Eden.fts [TYPE] LIGHT [OBJ] 2MASS_J08255285+6902016 [RA] 08 25 52.8440 [Dec] +69 02 01.1677 [FIL] GG495 [EXPTIME] 30.0 [Date] 2022-01-01T17:59:47 [Time] 17:59:47
59/349 2MASS_J08255285+6902016-20220101@180035-Eden.fts [TYPE] LIGHT [OBJ] 2MASS_J08255285+6902016 [RA] 08 25 52.8440 [Dec] +69 02 01.1677 [FIL] GG495 [EXPTIME] 30.0 [Date] 2022-01-01T18:00:35 [Time] 18:00:35
60/349 2MASS_J08255285+6902016-20220101@180123-Eden.fts [TYPE] LIGHT [OBJ] 2MASS_J08255285+6902016 [RA] 08 25 52.8440 [Dec] +69 02 01.1677 [FIL] GG495 [EXPTIME] 30.0 [Date] 2022-01-01T18:01:23 [Time] 18:01:23
61/349 2MASS_J08255285+6902016-20220101@180209-Eden.fts [TYPE] LIGHT [OBJ] 2MASS_J08255285+6902016 [RA] 08 25 52.8440 [Dec] +69 02 01.1677 [FIL] GG495 [EXPTIME] 30.0 [Date] 2022-01-01T18:02:09 [Time] 18:02:09
62/349 2MASS_J08255285+6902016-20220101@180256-Eden.fts [TYPE] LIGHT [OBJ] 2MASS_J08255285+6902016 [RA] 08 25 52.8440 [Dec] +69 02 01.1677 [FIL] GG495 [EXPTIME] 30.0 [Date] 2022-01-01T18:02:56 [Time] 18:02:56
63/349 2MASS_J08255285+6902016-20220101@180344-Eden.fts [TYPE] LIGHT [OBJ] 2MASS_J08255285+6902016 [RA] 08 25 52.8440 [Dec] +69 02 01.1677 [FIL] GG495 [EXPTIME] 30.0 [Date] 2022-01-01T18:03:44 [Time] 18:03:44
64/349 2MASS_J08255285+6902016-20220101@180431-Eden.fts [TYPE] LIGHT [OBJ] 2MASS_J08255285+6902016 [RA] 08 25 52.8440 [Dec] +69 02 01.1677 [FIL] GG495 [EXPTIME] 30.0 [Date] 2022-01-01T18:04:31 [Time] 18:04:31
65/349 2MASS_J08255285+6902016-20220101@180518-Eden.fts [TYPE] LIGHT [OBJ] 2MASS_J08255285+6902016 [RA] 08 25 52.8440 [Dec] +69 02 01.1677 [FIL] GG495 [EXPTIME] 30.0 [Date] 2022-01-01T18:05:18 [Time] 18:05:18
66/349 2MASS_J08255285+6902016-20220101@180605-Eden.fts [TYPE] LIGHT [OBJ] 2MASS_J08255285+6902016 [RA] 08 25 52.8440 [Dec] +69 02 01.1677 [FIL] GG495 [EXPTIME] 30.0 [Date] 2022-01-01T18:06:05 [Time] 18:06:05
67/349 2MASS_J08255285+6902016-20220101@180652-Eden.fts [TYPE] LIGHT [OBJ] 2MASS_J08255285+6902016 [RA] 08 25 52.8440 [Dec] +69 02 01.1677 [FIL] GG495 [EXPTIME] 30.0 [Date] 2022-01-01T18:06:52 [Time] 18:06:52
68/349 2MASS_J08255285+6902016-20220101@180741-Eden.fts [TYPE] LIGHT [OBJ] 2MASS_J08255285+6902016 [RA] 08 25 52.8440 [Dec] +69 02 01.1677 [FIL] GG495 [EXPTIME] 30.0 [Date] 2022-01-01T18:07:41 [Time] 18:07:41
69/349 2MASS_J08255285+6902016-20220101@180827-Eden.fts [TYPE] LIGHT [OBJ] 2MASS_J08255285+6902016 [RA] 08 25 52.8440 [Dec] +69 02 01.1677 [FIL] GG495 [EXPTIME] 30.0 [Date] 2022-01-01T18:08:27 [Time] 18:08:27
70/349 2MASS_J08255285+6902016-20220101@180914-Eden.fts [TYPE] LIGHT [OBJ] 2MASS_J08255285+6902016 [RA] 08 25 52.8440 [Dec] +69 02 01.1677 [FIL] GG495 [EXPTIME] 30.0 [Date] 2022-01-01T18:09:14 [Time] 18:09:14
71/349 2MASS_J08255285+6902016-20220101@181001-Eden.fts [TYPE] LIGHT [OBJ] 2MASS_J08255285+6902016 [RA] 08 25 52.8440 [Dec] +69 02 01.1677 [FIL] GG495 [EXPTIME] 30.0 [Date] 2022-01-01T18:10:01 [Time] 18:10:01
72/349 2MASS_J08255285+6902016-20220101@181047-Eden.fts [TYPE] LIGHT [OBJ] 2MASS_J08255285+6902016 [RA] 08 25 52.8440 [Dec] +69 02 01.1677 [FIL] GG495 [EXPTIME] 30.0 [Date] 2022-01-01T18:10:47 [Time] 18:10:47
73/349 2MASS_J08255285+6902016-20220101@181135-Eden.fts [TYPE] LIGHT [OBJ] 2MASS_J08255285+6902016 [RA] 08 25 52.8440 [Dec] +69 02 01.1677 [FIL] GG495 [EXPTIME] 30.0 [Date] 2022-01-01T18:11:35 [Time] 18:11:35
74/349 2MASS_J08255285+6902016-20220101@181222-Eden.fts [TYPE] LIGHT [OBJ] 2MASS_J08255285+6902016 [RA] 08 25 52.8440 [Dec] +69 02 01.1677 [FIL] GG495 [EXPTIME] 30.0 [Date] 2022-01-01T18:12:22 [Time] 18:12:22
75/349 2MASS_J08255285+6902016-20220101@181310-Eden.fts [TYPE] LIGHT [OBJ] 2MASS_J08255285+6902016 [RA] 08 25 52.8440 [Dec] +69 02 01.1677 [FIL] GG495 [EXPTIME] 30.0 [Date] 2022-01-01T18:13:10 [Time] 18:13:10
76/349 2MASS_J08255285+6902016-20220101@181356-Eden.fts [TYPE] LIGHT [OBJ] 2MASS_J08255285+6902016 [RA] 08 25 52.8440 [Dec] +69 02 01.1677 [FIL] GG495 [EXPTIME] 30.0 [Date] 2022-01-01T18:13:56 [Time] 18:13:56
77/349 2MASS_J08255285+6902016-20220101@181443-Eden.fts [TYPE] LIGHT [OBJ] 2MASS_J08255285+6902016 [RA] 08 25 52.8440 [Dec] +69 02 01.1677 [FIL] GG495 [EXPTIME] 30.0 [Date] 2022-01-01T18:14:43 [Time] 18:14:43
78/349 2MASS_J08255285+6902016-20220101@181530-Eden.fts [TYPE] LIGHT [OBJ] 2MASS_J08255285+6902016 [RA] 08 25 52.8440 [Dec] +69 02 01.1677 [FIL] GG495 [EXPTIME] 30.0 [Date] 2022-01-01T18:15:30 [Time] 18:15:30
79/349 2MASS_J08255285+6902016-20220101@181618-Eden.fts [TYPE] LIGHT [OBJ] 2MASS_J08255285+6902016 [RA] 08 25 52.8440 [Dec] +69 02 01.1677 [FIL] GG495 [EXPTIME] 30.0 [Date] 2022-01-01T18:16:18 [Time] 18:16:18
80/349 2MASS_J08255285+6902016-20220101@181704-Eden.fts [TYPE] LIGHT [OBJ] 2MASS_J08255285+6902016 [RA] 08 25 52.8440 [Dec] +69 02 01.1677 [FIL] GG495 [EXPTIME] 30.0 [Date] 2022-01-01T18:17:04 [Time] 18:17:04
81/349 2MASS_J08255285+6902016-20220101@181751-Eden.fts [TYPE] LIGHT [OBJ] 2MASS_J08255285+6902016 [RA] 08 25 52.8440 [Dec] +69 02 01.1677 [FIL] GG495 [EXPTIME] 30.0 [Date] 2022-01-01T18:17:51 [Time] 18:17:51
82/349 2MASS_J08255285+6902016-20220101@181838-Eden.fts [TYPE] LIGHT [OBJ] 2MASS_J08255285+6902016 [RA] 08 25 52.8440 [Dec] +69 02 01.1677 [FIL] GG495 [EXPTIME] 30.0 [Date] 2022-01-01T18:18:38 [Time] 18:18:38
83/349 2MASS_J08255285+6902016-20220101@181925-Eden.fts [TYPE] LIGHT [OBJ] 2MASS_J08255285+6902016 [RA] 08 25 52.8440 [Dec] +69 02 01.1677 [FIL] GG495 [EXPTIME] 30.0 [Date] 2022-01-01T18:19:25 [Time] 18:19:25
84/349 2MASS_J08255285+6902016-20220101@182012-Eden.fts [TYPE] LIGHT [OBJ] 2MASS_J08255285+6902016 [RA] 08 25 52.8440 [Dec] +69 02 01.1677 [FIL] GG495 [EXPTIME] 30.0 [Date] 2022-01-01T18:20:12 [Time] 18:20:12
85/349 2MASS_J08255285+6902016-20220101@182059-Eden.fts [TYPE] LIGHT [OBJ] 2MASS_J08255285+6902016 [RA] 08 25 52.8440 [Dec] +69 02 01.1677 [FIL] GG495 [EXPTIME] 30.0 [Date] 2022-01-01T18:20:59 [Time] 18:20:59
86/349 2MASS_J08255285+6902016-20220101@182147-Eden.fts [TYPE] LIGHT [OBJ] 2MASS_J08255285+6902016 [RA] 08 25 52.8440 [Dec] +69 02 01.1677 [FIL] GG495 [EXPTIME] 30.0 [Date] 2022-01-01T18:21:47 [Time] 18:21:47
87/349 2MASS_J08255285+6902016-20220101@182235-Eden.fts [TYPE] LIGHT [OBJ] 2MASS_J08255285+6902016 [RA] 08 25 52.8440 [Dec] +69 02 01.1677 [FIL] GG495 [EXPTIME] 30.0 [Date] 2022-01-01T18:22:35 [Time] 18:22:35
88/349 2MASS_J08255285+6902016-20220101@182323-Eden.fts [TYPE] LIGHT [OBJ] 2MASS_J08255285+6902016 [RA] 08 25 52.8440 [Dec] +69 02 01.1677 [FIL] GG495 [EXPTIME] 30.0 [Date] 2022-01-01T18:23:23 [Time] 18:23:23
89/349 2MASS_J08255285+6902016-20220101@182410-Eden.fts [TYPE] LIGHT [OBJ] 2MASS_J08255285+6902016 [RA] 08 25 52.8440 [Dec] +69 02 01.1677 [FIL] GG495 [EXPTIME] 30.0 [Date] 2022-01-01T18:24:10 [Time] 18:24:10
90/349 2MASS_J08255285+6902016-20220101@182456-Eden.fts [TYPE] LIGHT [OBJ] 2MASS_J08255285+6902016 [RA] 08 25 52.8440 [Dec] +69 02 01.1677 [FIL] GG495 [EXPTIME] 30.0 [Date] 2022-01-01T18:24:56 [Time] 18:24:56
91/349 2MASS_J08255285+6902016-20220101@182543-Eden.fts [TYPE] LIGHT [OBJ] 2MASS_J08255285+6902016 [RA] 08 25 52.8440 [Dec] +69 02 01.1677 [FIL] GG495 [EXPTIME] 30.0 [Date] 2022-01-01T18:25:43 [Time] 18:25:43
92/349 2MASS_J08255285+6902016-20220101@182631-Eden.fts [TYPE] LIGHT [OBJ] 2MASS_J08255285+6902016 [RA] 08 25 52.8440 [Dec] +69 02 01.1677 [FIL] GG495 [EXPTIME] 30.0 [Date] 2022-01-01T18:26:31 [Time] 18:26:31
93/349 2MASS_J08255285+6902016-20220101@182718-Eden.fts [TYPE] LIGHT [OBJ] 2MASS_J08255285+6902016 [RA] 08 25 52.8440 [Dec] +69 02 01.1677 [FIL] GG495 [EXPTIME] 30.0 [Date] 2022-01-01T18:27:18 [Time] 18:27:18
94/349 2MASS_J08255285+6902016-20220101@182805-Eden.fts [TYPE] LIGHT [OBJ] 2MASS_J08255285+6902016 [RA] 08 25 52.8440 [Dec] +69 02 01.1677 [FIL] GG495 [EXPTIME] 30.0 [Date] 2022-01-01T18:28:05 [Time] 18:28:05
95/349 2MASS_J08255285+6902016-20220101@182851-Eden.fts [TYPE] LIGHT [OBJ] 2MASS_J08255285+6902016 [RA] 08 25 52.8440 [Dec] +69 02 01.1677 [FIL] GG495 [EXPTIME] 30.0 [Date] 2022-01-01T18:28:51 [Time] 18:28:51
96/349 2MASS_J08255285+6902016-20220101@182938-Eden.fts [TYPE] LIGHT [OBJ] 2MASS_J08255285+6902016 [RA] 08 25 52.8440 [Dec] +69 02 01.1677 [FIL] GG495 [EXPTIME] 30.0 [Date] 2022-01-01T18:29:38 [Time] 18:29:38
97/349 2MASS_J08255285+6902016-20220101@183025-Eden.fts [TYPE] LIGHT [OBJ] 2MASS_J08255285+6902016 [RA] 08 25 52.8440 [Dec] +69 02 01.1677 [FIL] GG495 [EXPTIME] 30.0 [Date] 2022-01-01T18:30:25 [Time] 18:30:25
98/349 2MASS_J08255285+6902016-20220101@183112-Eden.fts [TYPE] LIGHT [OBJ] 2MASS_J08255285+6902016 [RA] 08 25 52.8440 [Dec] +69 02 01.1677 [FIL] GG495 [EXPTIME] 30.0 [Date] 2022-01-01T18:31:12 [Time] 18:31:12
99/349 2MASS_J08255285+6902016-20220101@183158-Eden.fts [TYPE] LIGHT [OBJ] 2MASS_J08255285+6902016 [RA] 08 25 52.8440 [Dec] +69 02 01.1677 [FIL] GG495 [EXPTIME] 30.0 [Date] 2022-01-01T18:31:58 [Time] 18:31:58
100/349 2MASS_J08255285+6902016-20220101@183245-Eden.fts [TYPE] LIGHT [OBJ] 2MASS_J08255285+6902016 [RA] 08 25 52.8440 [Dec] +69 02 01.1677 [FIL] GG495 [EXPTIME] 30.0 [Date] 2022-01-01T18:32:45 [Time] 18:32:45
101/349 2MASS_J08255285+6902016-20220101@183331-Eden.fts [TYPE] LIGHT [OBJ] 2MASS_J08255285+6902016 [RA] 08 25 52.8440 [Dec] +69 02 01.1677 [FIL] GG495 [EXPTIME] 30.0 [Date] 2022-01-01T18:33:31 [Time] 18:33:31
102/349 2MASS_J08255285+6902016-20220101@183420-Eden.fts [TYPE] LIGHT [OBJ] 2MASS_J08255285+6902016 [RA] 08 25 52.8440 [Dec] +69 02 01.1677 [FIL] GG495 [EXPTIME] 30.0 [Date] 2022-01-01T18:34:20 [Time] 18:34:20
103/349 2MASS_J08255285+6902016-20220101@183507-Eden.fts [TYPE] LIGHT [OBJ] 2MASS_J08255285+6902016 [RA] 08 25 52.8440 [Dec] +69 02 01.1677 [FIL] GG495 [EXPTIME] 30.0 [Date] 2022-01-01T18:35:07 [Time] 18:35:07
104/349 2MASS_J08255285+6902016-20220101@183555-Eden.fts [TYPE] LIGHT [OBJ] 2MASS_J08255285+6902016 [RA] 08 25 52.8440 [Dec] +69 02 01.1677 [FIL] GG495 [EXPTIME] 30.0 [Date] 2022-01-01T18:35:55 [Time] 18:35:55
105/349 2MASS_J08255285+6902016-20220101@183642-Eden.fts [TYPE] LIGHT [OBJ] 2MASS_J08255285+6902016 [RA] 08 25 52.8440 [Dec] +69 02 01.1677 [FIL] GG495 [EXPTIME] 30.0 [Date] 2022-01-01T18:36:42 [Time] 18:36:42
106/349 2MASS_J08255285+6902016-20220101@183730-Eden.fts [TYPE] LIGHT [OBJ] 2MASS_J08255285+6902016 [RA] 08 25 52.8440 [Dec] +69 02 01.1677 [FIL] GG495 [EXPTIME] 30.0 [Date] 2022-01-01T18:37:30 [Time] 18:37:30
107/349 2MASS_J08255285+6902016-20220101@183819-Eden.fts [TYPE] LIGHT [OBJ] 2MASS_J08255285+6902016 [RA] 08 25 52.8440 [Dec] +69 02 01.1677 [FIL] GG495 [EXPTIME] 30.0 [Date] 2022-01-01T18:38:19 [Time] 18:38:19
108/349 2MASS_J08255285+6902016-20220101@183907-Eden.fts [TYPE] LIGHT [OBJ] 2MASS_J08255285+6902016 [RA] 08 25 52.8440 [Dec] +69 02 01.1677 [FIL] GG495 [EXPTIME] 30.0 [Date] 2022-01-01T18:39:07 [Time] 18:39:07
109/349 2MASS_J08255285+6902016-20220101@183957-Eden.fts [TYPE] LIGHT [OBJ] 2MASS_J08255285+6902016 [RA] 08 25 52.8440 [Dec] +69 02 01.1677 [FIL] GG495 [EXPTIME] 30.0 [Date] 2022-01-01T18:39:57 [Time] 18:39:57
110/349 2MASS_J08255285+6902016-20220101@184044-Eden.fts [TYPE] LIGHT [OBJ] 2MASS_J08255285+6902016 [RA] 08 25 52.8440 [Dec] +69 02 01.1677 [FIL] GG495 [EXPTIME] 30.0 [Date] 2022-01-01T18:40:44 [Time] 18:40:44
111/349 2MASS_J08255285+6902016-20220101@184132-Eden.fts [TYPE] LIGHT [OBJ] 2MASS_J08255285+6902016 [RA] 08 25 52.8440 [Dec] +69 02 01.1677 [FIL] GG495 [EXPTIME] 30.0 [Date] 2022-01-01T18:41:32 [Time] 18:41:32
112/349 2MASS_J08255285+6902016-20220101@184218-Eden.fts [TYPE] LIGHT [OBJ] 2MASS_J08255285+6902016 [RA] 08 25 52.8440 [Dec] +69 02 01.1677 [FIL] GG495 [EXPTIME] 30.0 [Date] 2022-01-01T18:42:18 [Time] 18:42:18
113/349 2MASS_J08255285+6902016-20220101@184305-Eden.fts [TYPE] LIGHT [OBJ] 2MASS_J08255285+6902016 [RA] 08 25 52.8440 [Dec] +69 02 01.1677 [FIL] GG495 [EXPTIME] 30.0 [Date] 2022-01-01T18:43:05 [Time] 18:43:05
114/349 2MASS_J08255285+6902016-20220101@184351-Eden.fts [TYPE] LIGHT [OBJ] 2MASS_J08255285+6902016 [RA] 08 25 52.8440 [Dec] +69 02 01.1677 [FIL] GG495 [EXPTIME] 30.0 [Date] 2022-01-01T18:43:51 [Time] 18:43:51
115/349 2MASS_J08255285+6902016-20220101@184439-Eden.fts [TYPE] LIGHT [OBJ] 2MASS_J08255285+6902016 [RA] 08 25 52.8440 [Dec] +69 02 01.1677 [FIL] GG495 [EXPTIME] 30.0 [Date] 2022-01-01T18:44:39 [Time] 18:44:39
116/349 2MASS_J08255285+6902016-20220101@184526-Eden.fts [TYPE] LIGHT [OBJ] 2MASS_J08255285+6902016 [RA] 08 25 52.8440 [Dec] +69 02 01.1677 [FIL] GG495 [EXPTIME] 30.0 [Date] 2022-01-01T18:45:26 [Time] 18:45:26
117/349 2MASS_J08255285+6902016-20220101@184613-Eden.fts [TYPE] LIGHT [OBJ] 2MASS_J08255285+6902016 [RA] 08 25 52.8440 [Dec] +69 02 01.1677 [FIL] GG495 [EXPTIME] 30.0 [Date] 2022-01-01T18:46:13 [Time] 18:46:13
118/349 2MASS_J08255285+6902016-20220101@184701-Eden.fts [TYPE] LIGHT [OBJ] 2MASS_J08255285+6902016 [RA] 08 25 52.8440 [Dec] +69 02 01.1677 [FIL] GG495 [EXPTIME] 30.0 [Date] 2022-01-01T18:47:01 [Time] 18:47:01
119/349 2MASS_J08255285+6902016-20220101@184747-Eden.fts [TYPE] LIGHT [OBJ] 2MASS_J08255285+6902016 [RA] 08 25 52.8440 [Dec] +69 02 01.1677 [FIL] GG495 [EXPTIME] 30.0 [Date] 2022-01-01T18:47:47 [Time] 18:47:47
120/349 2MASS_J08255285+6902016-20220101@184834-Eden.fts [TYPE] LIGHT [OBJ] 2MASS_J08255285+6902016 [RA] 08 25 52.8440 [Dec] +69 02 01.1677 [FIL] GG495 [EXPTIME] 30.0 [Date] 2022-01-01T18:48:34 [Time] 18:48:34
121/349 2MASS_J08255285+6902016-20220101@184922-Eden.fts [TYPE] LIGHT [OBJ] 2MASS_J08255285+6902016 [RA] 08 25 52.8440 [Dec] +69 02 01.1677 [FIL] GG495 [EXPTIME] 30.0 [Date] 2022-01-01T18:49:22 [Time] 18:49:22
122/349 2MASS_J08255285+6902016-20220101@185009-Eden.fts [TYPE] LIGHT [OBJ] 2MASS_J08255285+6902016 [RA] 08 25 52.8440 [Dec] +69 02 01.1677 [FIL] GG495 [EXPTIME] 30.0 [Date] 2022-01-01T18:50:09 [Time] 18:50:09
123/349 2MASS_J08255285+6902016-20220101@185056-Eden.fts [TYPE] LIGHT [OBJ] 2MASS_J08255285+6902016 [RA] 08 25 52.8440 [Dec] +69 02 01.1677 [FIL] GG495 [EXPTIME] 30.0 [Date] 2022-01-01T18:50:56 [Time] 18:50:56
124/349 2MASS_J08255285+6902016-20220101@185143-Eden.fts [TYPE] LIGHT [OBJ] 2MASS_J08255285+6902016 [RA] 08 25 52.8440 [Dec] +69 02 01.1677 [FIL] GG495 [EXPTIME] 30.0 [Date] 2022-01-01T18:51:43 [Time] 18:51:43
125/349 2MASS_J08255285+6902016-20220101@185230-Eden.fts [TYPE] LIGHT [OBJ] 2MASS_J08255285+6902016 [RA] 08 25 52.8440 [Dec] +69 02 01.1677 [FIL] GG495 [EXPTIME] 30.0 [Date] 2022-01-01T18:52:30 [Time] 18:52:30
126/349 2MASS_J08255285+6902016-20220101@185317-Eden.fts [TYPE] LIGHT [OBJ] 2MASS_J08255285+6902016 [RA] 08 25 52.8440 [Dec] +69 02 01.1677 [FIL] GG495 [EXPTIME] 30.0 [Date] 2022-01-01T18:53:17 [Time] 18:53:17
127/349 2MASS_J08255285+6902016-20220101@185404-Eden.fts [TYPE] LIGHT [OBJ] 2MASS_J08255285+6902016 [RA] 08 25 52.8440 [Dec] +69 02 01.1677 [FIL] GG495 [EXPTIME] 30.0 [Date] 2022-01-01T18:54:04 [Time] 18:54:04
128/349 2MASS_J08255285+6902016-20220101@185451-Eden.fts [TYPE] LIGHT [OBJ] 2MASS_J08255285+6902016 [RA] 08 25 52.8440 [Dec] +69 02 01.1677 [FIL] GG495 [EXPTIME] 30.0 [Date] 2022-01-01T18:54:51 [Time] 18:54:51
129/349 2MASS_J08255285+6902016-20220101@185538-Eden.fts [TYPE] LIGHT [OBJ] 2MASS_J08255285+6902016 [RA] 08 25 52.8440 [Dec] +69 02 01.1677 [FIL] GG495 [EXPTIME] 30.0 [Date] 2022-01-01T18:55:38 [Time] 18:55:38
130/349 2MASS_J08255285+6902016-20220101@185625-Eden.fts [TYPE] LIGHT [OBJ] 2MASS_J08255285+6902016 [RA] 08 25 52.8440 [Dec] +69 02 01.1677 [FIL] GG495 [EXPTIME] 30.0 [Date] 2022-01-01T18:56:25 [Time] 18:56:25
131/349 2MASS_J08255285+6902016-20220101@185712-Eden.fts [TYPE] LIGHT [OBJ] 2MASS_J08255285+6902016 [RA] 08 25 52.8440 [Dec] +69 02 01.1677 [FIL] GG495 [EXPTIME] 30.0 [Date] 2022-01-01T18:57:12 [Time] 18:57:12
132/349 2MASS_J08255285+6902016-20220101@185800-Eden.fts [TYPE] LIGHT [OBJ] 2MASS_J08255285+6902016 [RA] 08 25 52.8440 [Dec] +69 02 01.1677 [FIL] GG495 [EXPTIME] 30.0 [Date] 2022-01-01T18:58:00 [Time] 18:58:00
133/349 2MASS_J08255285+6902016-20220101@185847-Eden.fts [TYPE] LIGHT [OBJ] 2MASS_J08255285+6902016 [RA] 08 25 52.8440 [Dec] +69 02 01.1677 [FIL] GG495 [EXPTIME] 30.0 [Date] 2022-01-01T18:58:47 [Time] 18:58:47
134/349 2MASS_J08255285+6902016-20220101@185935-Eden.fts [TYPE] LIGHT [OBJ] 2MASS_J08255285+6902016 [RA] 08 25 52.8440 [Dec] +69 02 01.1677 [FIL] GG495 [EXPTIME] 30.0 [Date] 2022-01-01T18:59:35 [Time] 18:59:35
135/349 2MASS_J08255285+6902016-20220101@190023-Eden.fts [TYPE] LIGHT [OBJ] 2MASS_J08255285+6902016 [RA] 08 25 52.8440 [Dec] +69 02 01.1677 [FIL] GG495 [EXPTIME] 30.0 [Date] 2022-01-01T19:00:23 [Time] 19:00:23
136/349 2MASS_J08255285+6902016-20220101@190109-Eden.fts [TYPE] LIGHT [OBJ] 2MASS_J08255285+6902016 [RA] 08 25 52.8440 [Dec] +69 02 01.1677 [FIL] GG495 [EXPTIME] 30.0 [Date] 2022-01-01T19:01:09 [Time] 19:01:09
137/349 2MASS_J08255285+6902016-20220101@190156-Eden.fts [TYPE] LIGHT [OBJ] 2MASS_J08255285+6902016 [RA] 08 25 52.8440 [Dec] +69 02 01.1677 [FIL] GG495 [EXPTIME] 30.0 [Date] 2022-01-01T19:01:56 [Time] 19:01:56
138/349 2MASS_J08255285+6902016-20220101@190244-Eden.fts [TYPE] LIGHT [OBJ] 2MASS_J08255285+6902016 [RA] 08 25 52.8440 [Dec] +69 02 01.1677 [FIL] GG495 [EXPTIME] 30.0 [Date] 2022-01-01T19:02:44 [Time] 19:02:44
139/349 2MASS_J08255285+6902016-20220101@190332-Eden.fts [TYPE] LIGHT [OBJ] 2MASS_J08255285+6902016 [RA] 08 25 52.8440 [Dec] +69 02 01.1677 [FIL] GG495 [EXPTIME] 30.0 [Date] 2022-01-01T19:03:32 [Time] 19:03:32
140/349 2MASS_J08255285+6902016-20220101@190419-Eden.fts [TYPE] LIGHT [OBJ] 2MASS_J08255285+6902016 [RA] 08 25 52.8440 [Dec] +69 02 01.1677 [FIL] GG495 [EXPTIME] 30.0 [Date] 2022-01-01T19:04:19 [Time] 19:04:19
141/349 2MASS_J08255285+6902016-20220101@190506-Eden.fts [TYPE] LIGHT [OBJ] 2MASS_J08255285+6902016 [RA] 08 25 52.8440 [Dec] +69 02 01.1677 [FIL] GG495 [EXPTIME] 30.0 [Date] 2022-01-01T19:05:06 [Time] 19:05:06
142/349 2MASS_J08255285+6902016-20220101@190553-Eden.fts [TYPE] LIGHT [OBJ] 2MASS_J08255285+6902016 [RA] 08 25 52.8440 [Dec] +69 02 01.1677 [FIL] GG495 [EXPTIME] 30.0 [Date] 2022-01-01T19:05:53 [Time] 19:05:53
143/349 2MASS_J08255285+6902016-20220101@190640-Eden.fts [TYPE] LIGHT [OBJ] 2MASS_J08255285+6902016 [RA] 08 25 52.8440 [Dec] +69 02 01.1677 [FIL] GG495 [EXPTIME] 30.0 [Date] 2022-01-01T19:06:40 [Time] 19:06:40
144/349 2MASS_J08255285+6902016-20220101@190728-Eden.fts [TYPE] LIGHT [OBJ] 2MASS_J08255285+6902016 [RA] 08 25 52.8440 [Dec] +69 02 01.1677 [FIL] GG495 [EXPTIME] 30.0 [Date] 2022-01-01T19:07:28 [Time] 19:07:28
145/349 2MASS_J08255285+6902016-20220101@190815-Eden.fts [TYPE] LIGHT [OBJ] 2MASS_J08255285+6902016 [RA] 08 25 52.8440 [Dec] +69 02 01.1677 [FIL] GG495 [EXPTIME] 30.0 [Date] 2022-01-01T19:08:15 [Time] 19:08:15
146/349 2MASS_J08255285+6902016-20220101@190901-Eden.fts [TYPE] LIGHT [OBJ] 2MASS_J08255285+6902016 [RA] 08 25 52.8440 [Dec] +69 02 01.1677 [FIL] GG495 [EXPTIME] 30.0 [Date] 2022-01-01T19:09:01 [Time] 19:09:01
147/349 2MASS_J08255285+6902016-20220101@190947-Eden.fts [TYPE] LIGHT [OBJ] 2MASS_J08255285+6902016 [RA] 08 25 52.8440 [Dec] +69 02 01.1677 [FIL] GG495 [EXPTIME] 30.0 [Date] 2022-01-01T19:09:47 [Time] 19:09:47
148/349 2MASS_J08255285+6902016-20220101@191036-Eden.fts [TYPE] LIGHT [OBJ] 2MASS_J08255285+6902016 [RA] 08 25 52.8440 [Dec] +69 02 01.1677 [FIL] GG495 [EXPTIME] 30.0 [Date] 2022-01-01T19:10:36 [Time] 19:10:36
149/349 2MASS_J08255285+6902016-20220101@191124-Eden.fts [TYPE] LIGHT [OBJ] 2MASS_J08255285+6902016 [RA] 08 25 52.8440 [Dec] +69 02 01.1677 [FIL] GG495 [EXPTIME] 30.0 [Date] 2022-01-01T19:11:24 [Time] 19:11:24
150/349 2MASS_J08255285+6902016-20220101@191210-Eden.fts [TYPE] LIGHT [OBJ] 2MASS_J08255285+6902016 [RA] 08 25 52.8440 [Dec] +69 02 01.1677 [FIL] GG495 [EXPTIME] 30.0 [Date] 2022-01-01T19:12:10 [Time] 19:12:10
151/349 2MASS_J08255285+6902016-20220101@191257-Eden.fts [TYPE] LIGHT [OBJ] 2MASS_J08255285+6902016 [RA] 08 25 52.8440 [Dec] +69 02 01.1677 [FIL] GG495 [EXPTIME] 30.0 [Date] 2022-01-01T19:12:57 [Time] 19:12:57
152/349 2MASS_J08255285+6902016-20220101@191344-Eden.fts [TYPE] LIGHT [OBJ] 2MASS_J08255285+6902016 [RA] 08 25 52.8440 [Dec] +69 02 01.1677 [FIL] GG495 [EXPTIME] 30.0 [Date] 2022-01-01T19:13:44 [Time] 19:13:44
153/349 2MASS_J08255285+6902016-20220101@191431-Eden.fts [TYPE] LIGHT [OBJ] 2MASS_J08255285+6902016 [RA] 08 25 52.8440 [Dec] +69 02 01.1677 [FIL] GG495 [EXPTIME] 30.0 [Date] 2022-01-01T19:14:31 [Time] 19:14:31
154/349 2MASS_J08255285+6902016-20220101@191518-Eden.fts [TYPE] LIGHT [OBJ] 2MASS_J08255285+6902016 [RA] 08 25 52.8440 [Dec] +69 02 01.1677 [FIL] GG495 [EXPTIME] 30.0 [Date] 2022-01-01T19:15:18 [Time] 19:15:18
155/349 2MASS_J08255285+6902016-20220101@191604-Eden.fts [TYPE] LIGHT [OBJ] 2MASS_J08255285+6902016 [RA] 08 25 52.8440 [Dec] +69 02 01.1677 [FIL] GG495 [EXPTIME] 30.0 [Date] 2022-01-01T19:16:04 [Time] 19:16:04
156/349 2MASS_J08255285+6902016-20220101@191651-Eden.fts [TYPE] LIGHT [OBJ] 2MASS_J08255285+6902016 [RA] 08 25 52.8440 [Dec] +69 02 01.1677 [FIL] GG495 [EXPTIME] 30.0 [Date] 2022-01-01T19:16:51 [Time] 19:16:51
157/349 2MASS_J08255285+6902016-20220101@191737-Eden.fts [TYPE] LIGHT [OBJ] 2MASS_J08255285+6902016 [RA] 08 25 52.8440 [Dec] +69 02 01.1677 [FIL] GG495 [EXPTIME] 30.0 [Date] 2022-01-01T19:17:37 [Time] 19:17:37
158/349 2MASS_J08255285+6902016-20220101@191825-Eden.fts [TYPE] LIGHT [OBJ] 2MASS_J08255285+6902016 [RA] 08 25 52.8440 [Dec] +69 02 01.1677 [FIL] GG495 [EXPTIME] 30.0 [Date] 2022-01-01T19:18:25 [Time] 19:18:25
159/349 2MASS_J08255285+6902016-20220101@191912-Eden.fts [TYPE] LIGHT [OBJ] 2MASS_J08255285+6902016 [RA] 08 25 52.8440 [Dec] +69 02 01.1677 [FIL] GG495 [EXPTIME] 30.0 [Date] 2022-01-01T19:19:12 [Time] 19:19:12
160/349 2MASS_J08255285+6902016-20220101@191959-Eden.fts [TYPE] LIGHT [OBJ] 2MASS_J08255285+6902016 [RA] 08 25 52.8440 [Dec] +69 02 01.1677 [FIL] GG495 [EXPTIME] 30.0 [Date] 2022-01-01T19:19:59 [Time] 19:19:59
161/349 2MASS_J08255285+6902016-20220101@192046-Eden.fts [TYPE] LIGHT [OBJ] 2MASS_J08255285+6902016 [RA] 08 25 52.8440 [Dec] +69 02 01.1677 [FIL] GG495 [EXPTIME] 30.0 [Date] 2022-01-01T19:20:46 [Time] 19:20:46
162/349 2MASS_J08255285+6902016-20220101@192134-Eden.fts [TYPE] LIGHT [OBJ] 2MASS_J08255285+6902016 [RA] 08 25 52.8440 [Dec] +69 02 01.1677 [FIL] GG495 [EXPTIME] 30.0 [Date] 2022-01-01T19:21:34 [Time] 19:21:34
163/349 2MASS_J08255285+6902016-20220101@192222-Eden.fts [TYPE] LIGHT [OBJ] 2MASS_J08255285+6902016 [RA] 08 25 52.8440 [Dec] +69 02 01.1677 [FIL] GG495 [EXPTIME] 30.0 [Date] 2022-01-01T19:22:22 [Time] 19:22:22
164/349 2MASS_J08255285+6902016-20220101@192309-Eden.fts [TYPE] LIGHT [OBJ] 2MASS_J08255285+6902016 [RA] 08 25 52.8440 [Dec] +69 02 01.1677 [FIL] GG495 [EXPTIME] 30.0 [Date] 2022-01-01T19:23:09 [Time] 19:23:09
165/349 2MASS_J08255285+6902016-20220101@192356-Eden.fts [TYPE] LIGHT [OBJ] 2MASS_J08255285+6902016 [RA] 08 25 52.8440 [Dec] +69 02 01.1677 [FIL] GG495 [EXPTIME] 30.0 [Date] 2022-01-01T19:23:56 [Time] 19:23:56
166/349 2MASS_J08255285+6902016-20220101@192444-Eden.fts [TYPE] LIGHT [OBJ] 2MASS_J08255285+6902016 [RA] 08 25 52.8440 [Dec] +69 02 01.1677 [FIL] GG495 [EXPTIME] 30.0 [Date] 2022-01-01T19:24:44 [Time] 19:24:44
167/349 2MASS_J08255285+6902016-20220101@192530-Eden.fts [TYPE] LIGHT [OBJ] 2MASS_J08255285+6902016 [RA] 08 25 52.8440 [Dec] +69 02 01.1677 [FIL] GG495 [EXPTIME] 30.0 [Date] 2022-01-01T19:25:30 [Time] 19:25:30
168/349 2MASS_J08255285+6902016-20220101@192617-Eden.fts [TYPE] LIGHT [OBJ] 2MASS_J08255285+6902016 [RA] 08 25 52.8440 [Dec] +69 02 01.1677 [FIL] GG495 [EXPTIME] 30.0 [Date] 2022-01-01T19:26:17 [Time] 19:26:17
169/349 2MASS_J08255285+6902016-20220101@192703-Eden.fts [TYPE] LIGHT [OBJ] 2MASS_J08255285+6902016 [RA] 08 25 52.8440 [Dec] +69 02 01.1677 [FIL] GG495 [EXPTIME] 30.0 [Date] 2022-01-01T19:27:03 [Time] 19:27:03
170/349 2MASS_J08255285+6902016-20220101@192750-Eden.fts [TYPE] LIGHT [OBJ] 2MASS_J08255285+6902016 [RA] 08 25 52.8440 [Dec] +69 02 01.1677 [FIL] GG495 [EXPTIME] 30.0 [Date] 2022-01-01T19:27:50 [Time] 19:27:50
171/349 2MASS_J08255285+6902016-20220101@192837-Eden.fts [TYPE] LIGHT [OBJ] 2MASS_J08255285+6902016 [RA] 08 25 52.8440 [Dec] +69 02 01.1677 [FIL] GG495 [EXPTIME] 30.0 [Date] 2022-01-01T19:28:37 [Time] 19:28:37
172/349 2MASS_J08255285+6902016-20220101@192924-Eden.fts [TYPE] LIGHT [OBJ] 2MASS_J08255285+6902016 [RA] 08 25 52.8440 [Dec] +69 02 01.1677 [FIL] GG495 [EXPTIME] 30.0 [Date] 2022-01-01T19:29:24 [Time] 19:29:24
173/349 2MASS_J08255285+6902016-20220101@193013-Eden.fts [TYPE] LIGHT [OBJ] 2MASS_J08255285+6902016 [RA] 08 25 52.8440 [Dec] +69 02 01.1677 [FIL] GG495 [EXPTIME] 30.0 [Date] 2022-01-01T19:30:13 [Time] 19:30:13
174/349 2MASS_J08255285+6902016-20220101@193100-Eden.fts [TYPE] LIGHT [OBJ] 2MASS_J08255285+6902016 [RA] 08 25 52.8440 [Dec] +69 02 01.1677 [FIL] GG495 [EXPTIME] 30.0 [Date] 2022-01-01T19:31:00 [Time] 19:31:00
175/349 2MASS_J08255285+6902016-20220101@193147-Eden.fts [TYPE] LIGHT [OBJ] 2MASS_J08255285+6902016 [RA] 08 25 52.8440 [Dec] +69 02 01.1677 [FIL] GG495 [EXPTIME] 30.0 [Date] 2022-01-01T19:31:47 [Time] 19:31:47
176/349 2MASS_J08255285+6902016-20220101@193235-Eden.fts [TYPE] LIGHT [OBJ] 2MASS_J08255285+6902016 [RA] 08 25 52.8440 [Dec] +69 02 01.1677 [FIL] GG495 [EXPTIME] 30.0 [Date] 2022-01-01T19:32:35 [Time] 19:32:35
177/349 2MASS_J08255285+6902016-20220101@193322-Eden.fts [TYPE] LIGHT [OBJ] 2MASS_J08255285+6902016 [RA] 08 25 52.8440 [Dec] +69 02 01.1677 [FIL] GG495 [EXPTIME] 30.0 [Date] 2022-01-01T19:33:22 [Time] 19:33:22
178/349 2MASS_J08255285+6902016-20220101@193409-Eden.fts [TYPE] LIGHT [OBJ] 2MASS_J08255285+6902016 [RA] 08 25 52.8440 [Dec] +69 02 01.1677 [FIL] GG495 [EXPTIME] 30.0 [Date] 2022-01-01T19:34:09 [Time] 19:34:09
179/349 2MASS_J08255285+6902016-20220101@193456-Eden.fts [TYPE] LIGHT [OBJ] 2MASS_J08255285+6902016 [RA] 08 25 52.8440 [Dec] +69 02 01.1677 [FIL] GG495 [EXPTIME] 30.0 [Date] 2022-01-01T19:34:56 [Time] 19:34:56
180/349 2MASS_J08255285+6902016-20220101@193543-Eden.fts [TYPE] LIGHT [OBJ] 2MASS_J08255285+6902016 [RA] 08 25 52.8440 [Dec] +69 02 01.1677 [FIL] GG495 [EXPTIME] 30.0 [Date] 2022-01-01T19:35:43 [Time] 19:35:43
181/349 2MASS_J08255285+6902016-20220101@193630-Eden.fts [TYPE] LIGHT [OBJ] 2MASS_J08255285+6902016 [RA] 08 25 52.8440 [Dec] +69 02 01.1677 [FIL] GG495 [EXPTIME] 30.0 [Date] 2022-01-01T19:36:30 [Time] 19:36:30
182/349 2MASS_J08255285+6902016-20220101@193717-Eden.fts [TYPE] LIGHT [OBJ] 2MASS_J08255285+6902016 [RA] 08 25 52.8440 [Dec] +69 02 01.1677 [FIL] GG495 [EXPTIME] 30.0 [Date] 2022-01-01T19:37:17 [Time] 19:37:17
183/349 2MASS_J08255285+6902016-20220101@193803-Eden.fts [TYPE] LIGHT [OBJ] 2MASS_J08255285+6902016 [RA] 08 25 52.8440 [Dec] +69 02 01.1677 [FIL] GG495 [EXPTIME] 30.0 [Date] 2022-01-01T19:38:03 [Time] 19:38:03
184/349 2MASS_J08255285+6902016-20220101@193850-Eden.fts [TYPE] LIGHT [OBJ] 2MASS_J08255285+6902016 [RA] 08 25 52.8440 [Dec] +69 02 01.1677 [FIL] GG495 [EXPTIME] 30.0 [Date] 2022-01-01T19:38:50 [Time] 19:38:50
185/349 2MASS_J08255285+6902016-20220101@193938-Eden.fts [TYPE] LIGHT [OBJ] 2MASS_J08255285+6902016 [RA] 08 25 52.8440 [Dec] +69 02 01.1677 [FIL] GG495 [EXPTIME] 30.0 [Date] 2022-01-01T19:39:38 [Time] 19:39:38
186/349 2MASS_J08255285+6902016-20220101@194026-Eden.fts [TYPE] LIGHT [OBJ] 2MASS_J08255285+6902016 [RA] 08 25 52.8440 [Dec] +69 02 01.1677 [FIL] GG495 [EXPTIME] 30.0 [Date] 2022-01-01T19:40:26 [Time] 19:40:26
187/349 2MASS_J08255285+6902016-20220101@194113-Eden.fts [TYPE] LIGHT [OBJ] 2MASS_J08255285+6902016 [RA] 08 25 52.8440 [Dec] +69 02 01.1677 [FIL] GG495 [EXPTIME] 30.0 [Date] 2022-01-01T19:41:13 [Time] 19:41:13
188/349 2MASS_J08255285+6902016-20220101@194200-Eden.fts [TYPE] LIGHT [OBJ] 2MASS_J08255285+6902016 [RA] 08 25 52.8440 [Dec] +69 02 01.1677 [FIL] GG495 [EXPTIME] 30.0 [Date] 2022-01-01T19:42:00 [Time] 19:42:00
189/349 2MASS_J08255285+6902016-20220101@194248-Eden.fts [TYPE] LIGHT [OBJ] 2MASS_J08255285+6902016 [RA] 08 25 52.8440 [Dec] +69 02 01.1677 [FIL] GG495 [EXPTIME] 30.0 [Date] 2022-01-01T19:42:48 [Time] 19:42:48
190/349 2MASS_J08255285+6902016-20220101@194335-Eden.fts [TYPE] LIGHT [OBJ] 2MASS_J08255285+6902016 [RA] 08 25 52.8440 [Dec] +69 02 01.1677 [FIL] GG495 [EXPTIME] 30.0 [Date] 2022-01-01T19:43:35 [Time] 19:43:35
191/349 2MASS_J08255285+6902016-20220101@194422-Eden.fts [TYPE] LIGHT [OBJ] 2MASS_J08255285+6902016 [RA] 08 25 52.8440 [Dec] +69 02 01.1677 [FIL] GG495 [EXPTIME] 30.0 [Date] 2022-01-01T19:44:22 [Time] 19:44:22
192/349 2MASS_J08255285+6902016-20220101@194509-Eden.fts [TYPE] LIGHT [OBJ] 2MASS_J08255285+6902016 [RA] 08 25 52.8440 [Dec] +69 02 01.1677 [FIL] GG495 [EXPTIME] 30.0 [Date] 2022-01-01T19:45:09 [Time] 19:45:09
193/349 2MASS_J08255285+6902016-20220101@194556-Eden.fts [TYPE] LIGHT [OBJ] 2MASS_J08255285+6902016 [RA] 08 25 52.8440 [Dec] +69 02 01.1677 [FIL] GG495 [EXPTIME] 30.0 [Date] 2022-01-01T19:45:56 [Time] 19:45:56
194/349 2MASS_J08255285+6902016-20220101@194643-Eden.fts [TYPE] LIGHT [OBJ] 2MASS_J08255285+6902016 [RA] 08 25 52.8440 [Dec] +69 02 01.1677 [FIL] GG495 [EXPTIME] 30.0 [Date] 2022-01-01T19:46:43 [Time] 19:46:43
195/349 2MASS_J08255285+6902016-20220101@195142-Eden.fts [TYPE] LIGHT [OBJ] 2MASS_J08255285+6902016 [RA] 08 25 52.8440 [Dec] +69 02 01.1677 [FIL] GG495 [EXPTIME] 30.0 [Date] 2022-01-01T19:51:42 [Time] 19:51:42
196/349 2MASS_J08255285+6902016-20220101@195229-Eden.fts [TYPE] LIGHT [OBJ] 2MASS_J08255285+6902016 [RA] 08 25 52.8440 [Dec] +69 02 01.1677 [FIL] GG495 [EXPTIME] 30.0 [Date] 2022-01-01T19:52:29 [Time] 19:52:29
197/349 2MASS_J08255285+6902016-20220101@195316-Eden.fts [TYPE] LIGHT [OBJ] 2MASS_J08255285+6902016 [RA] 08 25 52.8440 [Dec] +69 02 01.1677 [FIL] GG495 [EXPTIME] 30.0 [Date] 2022-01-01T19:53:16 [Time] 19:53:16
198/349 2MASS_J08255285+6902016-20220101@195404-Eden.fts [TYPE] LIGHT [OBJ] 2MASS_J08255285+6902016 [RA] 08 25 52.8440 [Dec] +69 02 01.1677 [FIL] GG495 [EXPTIME] 30.0 [Date] 2022-01-01T19:54:04 [Time] 19:54:04
199/349 2MASS_J08255285+6902016-20220101@195451-Eden.fts [TYPE] LIGHT [OBJ] 2MASS_J08255285+6902016 [RA] 08 25 52.8440 [Dec] +69 02 01.1677 [FIL] GG495 [EXPTIME] 30.0 [Date] 2022-01-01T19:54:51 [Time] 19:54:51
200/349 2MASS_J08255285+6902016-20220101@195538-Eden.fts [TYPE] LIGHT [OBJ] 2MASS_J08255285+6902016 [RA] 08 25 52.8440 [Dec] +69 02 01.1677 [FIL] GG495 [EXPTIME] 30.0 [Date] 2022-01-01T19:55:38 [Time] 19:55:38
201/349 2MASS_J08255285+6902016-20220101@195626-Eden.fts [TYPE] LIGHT [OBJ] 2MASS_J08255285+6902016 [RA] 08 25 52.8440 [Dec] +69 02 01.1677 [FIL] GG495 [EXPTIME] 30.0 [Date] 2022-01-01T19:56:26 [Time] 19:56:26
202/349 2MASS_J08255285+6902016-20220101@195713-Eden.fts [TYPE] LIGHT [OBJ] 2MASS_J08255285+6902016 [RA] 08 25 52.8440 [Dec] +69 02 01.1677 [FIL] GG495 [EXPTIME] 30.0 [Date] 2022-01-01T19:57:13 [Time] 19:57:13
203/349 2MASS_J08255285+6902016-20220101@195802-Eden.fts [TYPE] LIGHT [OBJ] 2MASS_J08255285+6902016 [RA] 08 25 52.8440 [Dec] +69 02 01.1677 [FIL] GG495 [EXPTIME] 30.0 [Date] 2022-01-01T19:58:02 [Time] 19:58:02
204/349 2MASS_J08255285+6902016-20220101@195850-Eden.fts [TYPE] LIGHT [OBJ] 2MASS_J08255285+6902016 [RA] 08 25 52.8440 [Dec] +69 02 01.1677 [FIL] GG495 [EXPTIME] 30.0 [Date] 2022-01-01T19:58:50 [Time] 19:58:50
205/349 2MASS_J08255285+6902016-20220101@195938-Eden.fts [TYPE] LIGHT [OBJ] 2MASS_J08255285+6902016 [RA] 08 25 52.8440 [Dec] +69 02 01.1677 [FIL] GG495 [EXPTIME] 30.0 [Date] 2022-01-01T19:59:38 [Time] 19:59:38
206/349 2MASS_J08255285+6902016-20220101@200024-Eden.fts [TYPE] LIGHT [OBJ] 2MASS_J08255285+6902016 [RA] 08 25 52.8440 [Dec] +69 02 01.1677 [FIL] GG495 [EXPTIME] 30.0 [Date] 2022-01-01T20:00:24 [Time] 20:00:24
207/349 2MASS_J08255285+6902016-20220101@200112-Eden.fts [TYPE] LIGHT [OBJ] 2MASS_J08255285+6902016 [RA] 08 25 52.8440 [Dec] +69 02 01.1677 [FIL] GG495 [EXPTIME] 30.0 [Date] 2022-01-01T20:01:12 [Time] 20:01:12
208/349 2MASS_J08255285+6902016-20220101@200159-Eden.fts [TYPE] LIGHT [OBJ] 2MASS_J08255285+6902016 [RA] 08 25 52.8440 [Dec] +69 02 01.1677 [FIL] GG495 [EXPTIME] 30.0 [Date] 2022-01-01T20:01:59 [Time] 20:01:59
209/349 2MASS_J08255285+6902016-20220101@200245-Eden.fts [TYPE] LIGHT [OBJ] 2MASS_J08255285+6902016 [RA] 08 25 52.8440 [Dec] +69 02 01.1677 [FIL] GG495 [EXPTIME] 30.0 [Date] 2022-01-01T20:02:45 [Time] 20:02:45
210/349 2MASS_J08255285+6902016-20220101@200334-Eden.fts [TYPE] LIGHT [OBJ] 2MASS_J08255285+6902016 [RA] 08 25 52.8440 [Dec] +69 02 01.1677 [FIL] GG495 [EXPTIME] 30.0 [Date] 2022-01-01T20:03:34 [Time] 20:03:34
211/349 2MASS_J08255285+6902016-20220101@200420-Eden.fts [TYPE] LIGHT [OBJ] 2MASS_J08255285+6902016 [RA] 08 25 52.8440 [Dec] +69 02 01.1677 [FIL] GG495 [EXPTIME] 30.0 [Date] 2022-01-01T20:04:20 [Time] 20:04:20
212/349 2MASS_J08255285+6902016-20220101@200507-Eden.fts [TYPE] LIGHT [OBJ] 2MASS_J08255285+6902016 [RA] 08 25 52.8440 [Dec] +69 02 01.1677 [FIL] GG495 [EXPTIME] 30.0 [Date] 2022-01-01T20:05:07 [Time] 20:05:07
213/349 2MASS_J08255285+6902016-20220101@200555-Eden.fts [TYPE] LIGHT [OBJ] 2MASS_J08255285+6902016 [RA] 08 25 52.8440 [Dec] +69 02 01.1677 [FIL] GG495 [EXPTIME] 30.0 [Date] 2022-01-01T20:05:55 [Time] 20:05:55
214/349 2MASS_J08255285+6902016-20220101@200641-Eden.fts [TYPE] LIGHT [OBJ] 2MASS_J08255285+6902016 [RA] 08 25 52.8440 [Dec] +69 02 01.1677 [FIL] GG495 [EXPTIME] 30.0 [Date] 2022-01-01T20:06:41 [Time] 20:06:41
215/349 2MASS_J08255285+6902016-20220101@200728-Eden.fts [TYPE] LIGHT [OBJ] 2MASS_J08255285+6902016 [RA] 08 25 52.8440 [Dec] +69 02 01.1677 [FIL] GG495 [EXPTIME] 30.0 [Date] 2022-01-01T20:07:28 [Time] 20:07:28
216/349 2MASS_J08255285+6902016-20220101@200815-Eden.fts [TYPE] LIGHT [OBJ] 2MASS_J08255285+6902016 [RA] 08 25 52.8440 [Dec] +69 02 01.1677 [FIL] GG495 [EXPTIME] 30.0 [Date] 2022-01-01T20:08:15 [Time] 20:08:15
217/349 2MASS_J08255285+6902016-20220101@200901-Eden.fts [TYPE] LIGHT [OBJ] 2MASS_J08255285+6902016 [RA] 08 25 52.8440 [Dec] +69 02 01.1677 [FIL] GG495 [EXPTIME] 30.0 [Date] 2022-01-01T20:09:01 [Time] 20:09:01
218/349 2MASS_J08255285+6902016-20220101@200950-Eden.fts [TYPE] LIGHT [OBJ] 2MASS_J08255285+6902016 [RA] 08 25 52.8440 [Dec] +69 02 01.1677 [FIL] GG495 [EXPTIME] 30.0 [Date] 2022-01-01T20:09:50 [Time] 20:09:50
219/349 2MASS_J08255285+6902016-20220101@201037-Eden.fts [TYPE] LIGHT [OBJ] 2MASS_J08255285+6902016 [RA] 08 25 52.8440 [Dec] +69 02 01.1677 [FIL] GG495 [EXPTIME] 30.0 [Date] 2022-01-01T20:10:37 [Time] 20:10:37
220/349 2MASS_J08255285+6902016-20220101@201123-Eden.fts [TYPE] LIGHT [OBJ] 2MASS_J08255285+6902016 [RA] 08 25 52.8440 [Dec] +69 02 01.1677 [FIL] GG495 [EXPTIME] 30.0 [Date] 2022-01-01T20:11:23 [Time] 20:11:23
221/349 2MASS_J08255285+6902016-20220101@201211-Eden.fts [TYPE] LIGHT [OBJ] 2MASS_J08255285+6902016 [RA] 08 25 52.8440 [Dec] +69 02 01.1677 [FIL] GG495 [EXPTIME] 30.0 [Date] 2022-01-01T20:12:11 [Time] 20:12:11
222/349 2MASS_J08255285+6902016-20220101@201258-Eden.fts [TYPE] LIGHT [OBJ] 2MASS_J08255285+6902016 [RA] 08 25 52.8440 [Dec] +69 02 01.1677 [FIL] GG495 [EXPTIME] 30.0 [Date] 2022-01-01T20:12:58 [Time] 20:12:58
223/349 2MASS_J08255285+6902016-20220101@201346-Eden.fts [TYPE] LIGHT [OBJ] 2MASS_J08255285+6902016 [RA] 08 25 52.8440 [Dec] +69 02 01.1677 [FIL] GG495 [EXPTIME] 30.0 [Date] 2022-01-01T20:13:46 [Time] 20:13:46
224/349 2MASS_J08255285+6902016-20220101@201434-Eden.fts [TYPE] LIGHT [OBJ] 2MASS_J08255285+6902016 [RA] 08 25 52.8440 [Dec] +69 02 01.1677 [FIL] GG495 [EXPTIME] 30.0 [Date] 2022-01-01T20:14:34 [Time] 20:14:34
225/349 2MASS_J08255285+6902016-20220101@201520-Eden.fts [TYPE] LIGHT [OBJ] 2MASS_J08255285+6902016 [RA] 08 25 52.8440 [Dec] +69 02 01.1677 [FIL] GG495 [EXPTIME] 30.0 [Date] 2022-01-01T20:15:20 [Time] 20:15:20
226/349 2MASS_J08255285+6902016-20220101@201610-Eden.fts [TYPE] LIGHT [OBJ] 2MASS_J08255285+6902016 [RA] 08 25 52.8440 [Dec] +69 02 01.1677 [FIL] GG495 [EXPTIME] 30.0 [Date] 2022-01-01T20:16:10 [Time] 20:16:10
227/349 2MASS_J08255285+6902016-20220101@201659-Eden.fts [TYPE] LIGHT [OBJ] 2MASS_J08255285+6902016 [RA] 08 25 52.8440 [Dec] +69 02 01.1677 [FIL] GG495 [EXPTIME] 30.0 [Date] 2022-01-01T20:16:59 [Time] 20:16:59
228/349 2MASS_J08255285+6902016-20220101@201747-Eden.fts [TYPE] LIGHT [OBJ] 2MASS_J08255285+6902016 [RA] 08 25 52.8440 [Dec] +69 02 01.1677 [FIL] GG495 [EXPTIME] 30.0 [Date] 2022-01-01T20:17:47 [Time] 20:17:47
229/349 2MASS_J08255285+6902016-20220101@201834-Eden.fts [TYPE] LIGHT [OBJ] 2MASS_J08255285+6902016 [RA] 08 25 52.8440 [Dec] +69 02 01.1677 [FIL] GG495 [EXPTIME] 30.0 [Date] 2022-01-01T20:18:34 [Time] 20:18:34
230/349 2MASS_J08255285+6902016-20220101@201920-Eden.fts [TYPE] LIGHT [OBJ] 2MASS_J08255285+6902016 [RA] 08 25 52.8440 [Dec] +69 02 01.1677 [FIL] GG495 [EXPTIME] 30.0 [Date] 2022-01-01T20:19:20 [Time] 20:19:20
231/349 2MASS_J08255285+6902016-20220101@202007-Eden.fts [TYPE] LIGHT [OBJ] 2MASS_J08255285+6902016 [RA] 08 25 52.8440 [Dec] +69 02 01.1677 [FIL] GG495 [EXPTIME] 30.0 [Date] 2022-01-01T20:20:07 [Time] 20:20:07
232/349 2MASS_J08255285+6902016-20220101@202055-Eden.fts [TYPE] LIGHT [OBJ] 2MASS_J08255285+6902016 [RA] 08 25 52.8440 [Dec] +69 02 01.1677 [FIL] GG495 [EXPTIME] 30.0 [Date] 2022-01-01T20:20:55 [Time] 20:20:55
233/349 2MASS_J08255285+6902016-20220101@202141-Eden.fts [TYPE] LIGHT [OBJ] 2MASS_J08255285+6902016 [RA] 08 25 52.8440 [Dec] +69 02 01.1677 [FIL] GG495 [EXPTIME] 30.0 [Date] 2022-01-01T20:21:41 [Time] 20:21:41
234/349 2MASS_J08255285+6902016-20220101@202229-Eden.fts [TYPE] LIGHT [OBJ] 2MASS_J08255285+6902016 [RA] 08 25 52.8440 [Dec] +69 02 01.1677 [FIL] GG495 [EXPTIME] 30.0 [Date] 2022-01-01T20:22:29 [Time] 20:22:29
235/349 2MASS_J08255285+6902016-20220101@202316-Eden.fts [TYPE] LIGHT [OBJ] 2MASS_J08255285+6902016 [RA] 08 25 52.8440 [Dec] +69 02 01.1677 [FIL] GG495 [EXPTIME] 30.0 [Date] 2022-01-01T20:23:16 [Time] 20:23:16
236/349 2MASS_J08255285+6902016-20220101@202402-Eden.fts [TYPE] LIGHT [OBJ] 2MASS_J08255285+6902016 [RA] 08 25 52.8440 [Dec] +69 02 01.1677 [FIL] GG495 [EXPTIME] 30.0 [Date] 2022-01-01T20:24:02 [Time] 20:24:02
237/349 2MASS_J08255285+6902016-20220101@202449-Eden.fts [TYPE] LIGHT [OBJ] 2MASS_J08255285+6902016 [RA] 08 25 52.8440 [Dec] +69 02 01.1677 [FIL] GG495 [EXPTIME] 30.0 [Date] 2022-01-01T20:24:49 [Time] 20:24:49
238/349 2MASS_J08255285+6902016-20220101@202536-Eden.fts [TYPE] LIGHT [OBJ] 2MASS_J08255285+6902016 [RA] 08 25 52.8440 [Dec] +69 02 01.1677 [FIL] GG495 [EXPTIME] 30.0 [Date] 2022-01-01T20:25:36 [Time] 20:25:36
239/349 2MASS_J08255285+6902016-20220101@202623-Eden.fts [TYPE] LIGHT [OBJ] 2MASS_J08255285+6902016 [RA] 08 25 52.8440 [Dec] +69 02 01.1677 [FIL] GG495 [EXPTIME] 30.0 [Date] 2022-01-01T20:26:23 [Time] 20:26:23
240/349 2MASS_J08255285+6902016-20220101@202709-Eden.fts [TYPE] LIGHT [OBJ] 2MASS_J08255285+6902016 [RA] 08 25 52.8440 [Dec] +69 02 01.1677 [FIL] GG495 [EXPTIME] 30.0 [Date] 2022-01-01T20:27:09 [Time] 20:27:09
241/349 2MASS_J08255285+6902016-20220101@202756-Eden.fts [TYPE] LIGHT [OBJ] 2MASS_J08255285+6902016 [RA] 08 25 52.8440 [Dec] +69 02 01.1677 [FIL] GG495 [EXPTIME] 30.0 [Date] 2022-01-01T20:27:56 [Time] 20:27:56
242/349 2MASS_J08255285+6902016-20220101@202843-Eden.fts [TYPE] LIGHT [OBJ] 2MASS_J08255285+6902016 [RA] 08 25 52.8440 [Dec] +69 02 01.1677 [FIL] GG495 [EXPTIME] 30.0 [Date] 2022-01-01T20:28:43 [Time] 20:28:43
243/349 2MASS_J08255285+6902016-20220101@202931-Eden.fts [TYPE] LIGHT [OBJ] 2MASS_J08255285+6902016 [RA] 08 25 52.8440 [Dec] +69 02 01.1677 [FIL] GG495 [EXPTIME] 30.0 [Date] 2022-01-01T20:29:31 [Time] 20:29:31
244/349 2MASS_J08255285+6902016-20220101@203020-Eden.fts [TYPE] LIGHT [OBJ] 2MASS_J08255285+6902016 [RA] 08 25 52.8440 [Dec] +69 02 01.1677 [FIL] GG495 [EXPTIME] 30.0 [Date] 2022-01-01T20:30:20 [Time] 20:30:20
245/349 2MASS_J08255285+6902016-20220101@203107-Eden.fts [TYPE] LIGHT [OBJ] 2MASS_J08255285+6902016 [RA] 08 25 52.8440 [Dec] +69 02 01.1677 [FIL] GG495 [EXPTIME] 30.0 [Date] 2022-01-01T20:31:07 [Time] 20:31:07
246/349 2MASS_J08255285+6902016-20220101@203154-Eden.fts [TYPE] LIGHT [OBJ] 2MASS_J08255285+6902016 [RA] 08 25 52.8440 [Dec] +69 02 01.1677 [FIL] GG495 [EXPTIME] 30.0 [Date] 2022-01-01T20:31:54 [Time] 20:31:54
247/349 2MASS_J08255285+6902016-20220101@203242-Eden.fts [TYPE] LIGHT [OBJ] 2MASS_J08255285+6902016 [RA] 08 25 52.8440 [Dec] +69 02 01.1677 [FIL] GG495 [EXPTIME] 30.0 [Date] 2022-01-01T20:32:42 [Time] 20:32:42
248/349 2MASS_J08255285+6902016-20220101@203329-Eden.fts [TYPE] LIGHT [OBJ] 2MASS_J08255285+6902016 [RA] 08 25 52.8440 [Dec] +69 02 01.1677 [FIL] GG495 [EXPTIME] 30.0 [Date] 2022-01-01T20:33:29 [Time] 20:33:29
249/349 2MASS_J08255285+6902016-20220101@203417-Eden.fts [TYPE] LIGHT [OBJ] 2MASS_J08255285+6902016 [RA] 08 25 52.8440 [Dec] +69 02 01.1677 [FIL] GG495 [EXPTIME] 30.0 [Date] 2022-01-01T20:34:17 [Time] 20:34:17
250/349 2MASS_J08255285+6902016-20220101@203504-Eden.fts [TYPE] LIGHT [OBJ] 2MASS_J08255285+6902016 [RA] 08 25 52.8440 [Dec] +69 02 01.1677 [FIL] GG495 [EXPTIME] 30.0 [Date] 2022-01-01T20:35:04 [Time] 20:35:04
251/349 2MASS_J08255285+6902016-20220101@203550-Eden.fts [TYPE] LIGHT [OBJ] 2MASS_J08255285+6902016 [RA] 08 25 52.8440 [Dec] +69 02 01.1677 [FIL] GG495 [EXPTIME] 30.0 [Date] 2022-01-01T20:35:50 [Time] 20:35:50
252/349 2MASS_J08255285+6902016-20220101@203636-Eden.fts [TYPE] LIGHT [OBJ] 2MASS_J08255285+6902016 [RA] 08 25 52.8440 [Dec] +69 02 01.1677 [FIL] GG495 [EXPTIME] 30.0 [Date] 2022-01-01T20:36:36 [Time] 20:36:36
253/349 2MASS_J08255285+6902016-20220101@203724-Eden.fts [TYPE] LIGHT [OBJ] 2MASS_J08255285+6902016 [RA] 08 25 52.8440 [Dec] +69 02 01.1677 [FIL] GG495 [EXPTIME] 30.0 [Date] 2022-01-01T20:37:24 [Time] 20:37:24
254/349 2MASS_J08255285+6902016-20220101@203811-Eden.fts [TYPE] LIGHT [OBJ] 2MASS_J08255285+6902016 [RA] 08 25 52.8440 [Dec] +69 02 01.1677 [FIL] GG495 [EXPTIME] 30.0 [Date] 2022-01-01T20:38:11 [Time] 20:38:11
255/349 2MASS_J08255285+6902016-20220101@203900-Eden.fts [TYPE] LIGHT [OBJ] 2MASS_J08255285+6902016 [RA] 08 25 52.8440 [Dec] +69 02 01.1677 [FIL] GG495 [EXPTIME] 30.0 [Date] 2022-01-01T20:39:00 [Time] 20:39:00
256/349 2MASS_J08255285+6902016-20220101@203947-Eden.fts [TYPE] LIGHT [OBJ] 2MASS_J08255285+6902016 [RA] 08 25 52.8440 [Dec] +69 02 01.1677 [FIL] GG495 [EXPTIME] 30.0 [Date] 2022-01-01T20:39:47 [Time] 20:39:47
257/349 2MASS_J08255285+6902016-20220101@204034-Eden.fts [TYPE] LIGHT [OBJ] 2MASS_J08255285+6902016 [RA] 08 25 52.8440 [Dec] +69 02 01.1677 [FIL] GG495 [EXPTIME] 30.0 [Date] 2022-01-01T20:40:34 [Time] 20:40:34
258/349 2MASS_J08255285+6902016-20220101@204122-Eden.fts [TYPE] LIGHT [OBJ] 2MASS_J08255285+6902016 [RA] 08 25 52.8440 [Dec] +69 02 01.1677 [FIL] GG495 [EXPTIME] 30.0 [Date] 2022-01-01T20:41:22 [Time] 20:41:22
259/349 2MASS_J08255285+6902016-20220101@204208-Eden.fts [TYPE] LIGHT [OBJ] 2MASS_J08255285+6902016 [RA] 08 25 52.8440 [Dec] +69 02 01.1677 [FIL] GG495 [EXPTIME] 30.0 [Date] 2022-01-01T20:42:08 [Time] 20:42:08
260/349 2MASS_J08255285+6902016-20220101@204256-Eden.fts [TYPE] LIGHT [OBJ] 2MASS_J08255285+6902016 [RA] 08 25 52.8440 [Dec] +69 02 01.1677 [FIL] GG495 [EXPTIME] 30.0 [Date] 2022-01-01T20:42:56 [Time] 20:42:56
261/349 2MASS_J08255285+6902016-20220101@204342-Eden.fts [TYPE] LIGHT [OBJ] 2MASS_J08255285+6902016 [RA] 08 25 52.8440 [Dec] +69 02 01.1677 [FIL] GG495 [EXPTIME] 30.0 [Date] 2022-01-01T20:43:42 [Time] 20:43:42
262/349 2MASS_J08255285+6902016-20220101@204431-Eden.fts [TYPE] LIGHT [OBJ] 2MASS_J08255285+6902016 [RA] 08 25 52.8440 [Dec] +69 02 01.1677 [FIL] GG495 [EXPTIME] 30.0 [Date] 2022-01-01T20:44:31 [Time] 20:44:31
263/349 2MASS_J08255285+6902016-20220101@204517-Eden.fts [TYPE] LIGHT [OBJ] 2MASS_J08255285+6902016 [RA] 08 25 52.8440 [Dec] +69 02 01.1677 [FIL] GG495 [EXPTIME] 30.0 [Date] 2022-01-01T20:45:17 [Time] 20:45:17
264/349 2MASS_J08255285+6902016-20220101@204606-Eden.fts [TYPE] LIGHT [OBJ] 2MASS_J08255285+6902016 [RA] 08 25 52.8440 [Dec] +69 02 01.1677 [FIL] GG495 [EXPTIME] 30.0 [Date] 2022-01-01T20:46:06 [Time] 20:46:06
265/349 2MASS_J08255285+6902016-20220101@204654-Eden.fts [TYPE] LIGHT [OBJ] 2MASS_J08255285+6902016 [RA] 08 25 52.8440 [Dec] +69 02 01.1677 [FIL] GG495 [EXPTIME] 30.0 [Date] 2022-01-01T20:46:54 [Time] 20:46:54
266/349 2MASS_J08255285+6902016-20220101@204741-Eden.fts [TYPE] LIGHT [OBJ] 2MASS_J08255285+6902016 [RA] 08 25 52.8440 [Dec] +69 02 01.1677 [FIL] GG495 [EXPTIME] 30.0 [Date] 2022-01-01T20:47:41 [Time] 20:47:41
267/349 2MASS_J08255285+6902016-20220101@204828-Eden.fts [TYPE] LIGHT [OBJ] 2MASS_J08255285+6902016 [RA] 08 25 52.8440 [Dec] +69 02 01.1677 [FIL] GG495 [EXPTIME] 30.0 [Date] 2022-01-01T20:48:28 [Time] 20:48:28
268/349 2MASS_J08255285+6902016-20220101@204916-Eden.fts [TYPE] LIGHT [OBJ] 2MASS_J08255285+6902016 [RA] 08 25 52.8440 [Dec] +69 02 01.1677 [FIL] GG495 [EXPTIME] 30.0 [Date] 2022-01-01T20:49:16 [Time] 20:49:16
269/349 2MASS_J08255285+6902016-20220101@205003-Eden.fts [TYPE] LIGHT [OBJ] 2MASS_J08255285+6902016 [RA] 08 25 52.8440 [Dec] +69 02 01.1677 [FIL] GG495 [EXPTIME] 30.0 [Date] 2022-01-01T20:50:03 [Time] 20:50:03
270/349 2MASS_J08255285+6902016-20220101@205050-Eden.fts [TYPE] LIGHT [OBJ] 2MASS_J08255285+6902016 [RA] 08 25 52.8440 [Dec] +69 02 01.1677 [FIL] GG495 [EXPTIME] 30.0 [Date] 2022-01-01T20:50:50 [Time] 20:50:50
271/349 2MASS_J08255285+6902016-20220101@205137-Eden.fts [TYPE] LIGHT [OBJ] 2MASS_J08255285+6902016 [RA] 08 25 52.8440 [Dec] +69 02 01.1677 [FIL] GG495 [EXPTIME] 30.0 [Date] 2022-01-01T20:51:37 [Time] 20:51:37
272/349 2MASS_J08255285+6902016-20220101@205224-Eden.fts [TYPE] LIGHT [OBJ] 2MASS_J08255285+6902016 [RA] 08 25 52.8440 [Dec] +69 02 01.1677 [FIL] GG495 [EXPTIME] 30.0 [Date] 2022-01-01T20:52:24 [Time] 20:52:24
273/349 2MASS_J08255285+6902016-20220101@205312-Eden.fts [TYPE] LIGHT [OBJ] 2MASS_J08255285+6902016 [RA] 08 25 52.8440 [Dec] +69 02 01.1677 [FIL] GG495 [EXPTIME] 30.0 [Date] 2022-01-01T20:53:12 [Time] 20:53:12
274/349 2MASS_J08255285+6902016-20220101@205359-Eden.fts [TYPE] LIGHT [OBJ] 2MASS_J08255285+6902016 [RA] 08 25 52.8440 [Dec] +69 02 01.1677 [FIL] GG495 [EXPTIME] 30.0 [Date] 2022-01-01T20:53:59 [Time] 20:53:59
275/349 2MASS_J08255285+6902016-20220101@205445-Eden.fts [TYPE] LIGHT [OBJ] 2MASS_J08255285+6902016 [RA] 08 25 52.8440 [Dec] +69 02 01.1677 [FIL] GG495 [EXPTIME] 30.0 [Date] 2022-01-01T20:54:45 [Time] 20:54:45
276/349 2MASS_J08255285+6902016-20220101@205533-Eden.fts [TYPE] LIGHT [OBJ] 2MASS_J08255285+6902016 [RA] 08 25 52.8440 [Dec] +69 02 01.1677 [FIL] GG495 [EXPTIME] 30.0 [Date] 2022-01-01T20:55:33 [Time] 20:55:33
277/349 2MASS_J08255285+6902016-20220101@205620-Eden.fts [TYPE] LIGHT [OBJ] 2MASS_J08255285+6902016 [RA] 08 25 52.8440 [Dec] +69 02 01.1677 [FIL] GG495 [EXPTIME] 30.0 [Date] 2022-01-01T20:56:20 [Time] 20:56:20
278/349 2MASS_J08255285+6902016-20220101@205708-Eden.fts [TYPE] LIGHT [OBJ] 2MASS_J08255285+6902016 [RA] 08 25 52.8440 [Dec] +69 02 01.1677 [FIL] GG495 [EXPTIME] 30.0 [Date] 2022-01-01T20:57:08 [Time] 20:57:08
279/349 2MASS_J08255285+6902016-20220101@205754-Eden.fts [TYPE] LIGHT [OBJ] 2MASS_J08255285+6902016 [RA] 08 25 52.8440 [Dec] +69 02 01.1677 [FIL] GG495 [EXPTIME] 30.0 [Date] 2022-01-01T20:57:54 [Time] 20:57:54
280/349 2MASS_J08255285+6902016-20220101@205841-Eden.fts [TYPE] LIGHT [OBJ] 2MASS_J08255285+6902016 [RA] 08 25 52.8440 [Dec] +69 02 01.1677 [FIL] GG495 [EXPTIME] 30.0 [Date] 2022-01-01T20:58:41 [Time] 20:58:41
281/349 2MASS_J08255285+6902016-20220101@205928-Eden.fts [TYPE] LIGHT [OBJ] 2MASS_J08255285+6902016 [RA] 08 25 52.8440 [Dec] +69 02 01.1677 [FIL] GG495 [EXPTIME] 30.0 [Date] 2022-01-01T20:59:28 [Time] 20:59:28
282/349 2MASS_J08255285+6902016-20220101@210016-Eden.fts [TYPE] LIGHT [OBJ] 2MASS_J08255285+6902016 [RA] 08 25 52.8440 [Dec] +69 02 01.1677 [FIL] GG495 [EXPTIME] 30.0 [Date] 2022-01-01T21:00:16 [Time] 21:00:16
283/349 2MASS_J08255285+6902016-20220101@210103-Eden.fts [TYPE] LIGHT [OBJ] 2MASS_J08255285+6902016 [RA] 08 25 52.8440 [Dec] +69 02 01.1677 [FIL] GG495 [EXPTIME] 30.0 [Date] 2022-01-01T21:01:03 [Time] 21:01:03
284/349 2MASS_J08255285+6902016-20220101@210150-Eden.fts [TYPE] LIGHT [OBJ] 2MASS_J08255285+6902016 [RA] 08 25 52.8440 [Dec] +69 02 01.1677 [FIL] GG495 [EXPTIME] 30.0 [Date] 2022-01-01T21:01:50 [Time] 21:01:50
285/349 2MASS_J08255285+6902016-20220101@210237-Eden.fts [TYPE] LIGHT [OBJ] 2MASS_J08255285+6902016 [RA] 08 25 52.8440 [Dec] +69 02 01.1677 [FIL] GG495 [EXPTIME] 30.0 [Date] 2022-01-01T21:02:37 [Time] 21:02:37
286/349 2MASS_J08255285+6902016-20220101@210324-Eden.fts [TYPE] LIGHT [OBJ] 2MASS_J08255285+6902016 [RA] 08 25 52.8440 [Dec] +69 02 01.1677 [FIL] GG495 [EXPTIME] 30.0 [Date] 2022-01-01T21:03:24 [Time] 21:03:24
287/349 2MASS_J08255285+6902016-20220101@210412-Eden.fts [TYPE] LIGHT [OBJ] 2MASS_J08255285+6902016 [RA] 08 25 52.8440 [Dec] +69 02 01.1677 [FIL] GG495 [EXPTIME] 30.0 [Date] 2022-01-01T21:04:12 [Time] 21:04:12
288/349 2MASS_J08255285+6902016-20220101@210501-Eden.fts [TYPE] LIGHT [OBJ] 2MASS_J08255285+6902016 [RA] 08 25 52.8440 [Dec] +69 02 01.1677 [FIL] GG495 [EXPTIME] 30.0 [Date] 2022-01-01T21:05:01 [Time] 21:05:01
289/349 2MASS_J08255285+6902016-20220101@210549-Eden.fts [TYPE] LIGHT [OBJ] 2MASS_J08255285+6902016 [RA] 08 25 52.8440 [Dec] +69 02 01.1677 [FIL] GG495 [EXPTIME] 30.0 [Date] 2022-01-01T21:05:49 [Time] 21:05:49
290/349 2MASS_J08255285+6902016-20220101@210637-Eden.fts [TYPE] LIGHT [OBJ] 2MASS_J08255285+6902016 [RA] 08 25 52.8440 [Dec] +69 02 01.1677 [FIL] GG495 [EXPTIME] 30.0 [Date] 2022-01-01T21:06:37 [Time] 21:06:37
291/349 2MASS_J08255285+6902016-20220101@210724-Eden.fts [TYPE] LIGHT [OBJ] 2MASS_J08255285+6902016 [RA] 08 25 52.8440 [Dec] +69 02 01.1677 [FIL] GG495 [EXPTIME] 30.0 [Date] 2022-01-01T21:07:24 [Time] 21:07:24
292/349 2MASS_J08255285+6902016-20220101@210812-Eden.fts [TYPE] LIGHT [OBJ] 2MASS_J08255285+6902016 [RA] 08 25 52.8440 [Dec] +69 02 01.1677 [FIL] GG495 [EXPTIME] 30.0 [Date] 2022-01-01T21:08:12 [Time] 21:08:12
293/349 2MASS_J08255285+6902016-20220101@210859-Eden.fts [TYPE] LIGHT [OBJ] 2MASS_J08255285+6902016 [RA] 08 25 52.8440 [Dec] +69 02 01.1677 [FIL] GG495 [EXPTIME] 30.0 [Date] 2022-01-01T21:08:59 [Time] 21:08:59
294/349 2MASS_J08255285+6902016-20220101@210947-Eden.fts [TYPE] LIGHT [OBJ] 2MASS_J08255285+6902016 [RA] 08 25 52.8440 [Dec] +69 02 01.1677 [FIL] GG495 [EXPTIME] 30.0 [Date] 2022-01-01T21:09:47 [Time] 21:09:47
295/349 2MASS_J08255285+6902016-20220101@211033-Eden.fts [TYPE] LIGHT [OBJ] 2MASS_J08255285+6902016 [RA] 08 25 52.8440 [Dec] +69 02 01.1677 [FIL] GG495 [EXPTIME] 30.0 [Date] 2022-01-01T21:10:33 [Time] 21:10:33
296/349 2MASS_J08255285+6902016-20220101@211120-Eden.fts [TYPE] LIGHT [OBJ] 2MASS_J08255285+6902016 [RA] 08 25 52.8440 [Dec] +69 02 01.1677 [FIL] GG495 [EXPTIME] 30.0 [Date] 2022-01-01T21:11:20 [Time] 21:11:20
297/349 2MASS_J08255285+6902016-20220101@211207-Eden.fts [TYPE] LIGHT [OBJ] 2MASS_J08255285+6902016 [RA] 08 25 52.8440 [Dec] +69 02 01.1677 [FIL] GG495 [EXPTIME] 30.0 [Date] 2022-01-01T21:12:07 [Time] 21:12:07
298/349 2MASS_J08255285+6902016-20220101@211254-Eden.fts [TYPE] LIGHT [OBJ] 2MASS_J08255285+6902016 [RA] 08 25 52.8440 [Dec] +69 02 01.1677 [FIL] GG495 [EXPTIME] 30.0 [Date] 2022-01-01T21:12:54 [Time] 21:12:54
299/349 2MASS_J08255285+6902016-20220101@211341-Eden.fts [TYPE] LIGHT [OBJ] 2MASS_J08255285+6902016 [RA] 08 25 52.8440 [Dec] +69 02 01.1677 [FIL] GG495 [EXPTIME] 30.0 [Date] 2022-01-01T21:13:41 [Time] 21:13:41
300/349 2MASS_J08255285+6902016-20220101@211429-Eden.fts [TYPE] LIGHT [OBJ] 2MASS_J08255285+6902016 [RA] 08 25 52.8440 [Dec] +69 02 01.1677 [FIL] GG495 [EXPTIME] 30.0 [Date] 2022-01-01T21:14:29 [Time] 21:14:29
301/349 2MASS_J08255285+6902016-20220101@211517-Eden.fts [TYPE] LIGHT [OBJ] 2MASS_J08255285+6902016 [RA] 08 25 52.8440 [Dec] +69 02 01.1677 [FIL] GG495 [EXPTIME] 30.0 [Date] 2022-01-01T21:15:17 [Time] 21:15:17
302/349 2MASS_J08255285+6902016-20220101@211604-Eden.fts [TYPE] LIGHT [OBJ] 2MASS_J08255285+6902016 [RA] 08 25 52.8440 [Dec] +69 02 01.1677 [FIL] GG495 [EXPTIME] 30.0 [Date] 2022-01-01T21:16:04 [Time] 21:16:04
303/349 2MASS_J08255285+6902016-20220101@211651-Eden.fts [TYPE] LIGHT [OBJ] 2MASS_J08255285+6902016 [RA] 08 25 52.8440 [Dec] +69 02 01.1677 [FIL] GG495 [EXPTIME] 30.0 [Date] 2022-01-01T21:16:51 [Time] 21:16:51
304/349 2MASS_J08255285+6902016-20220101@211738-Eden.fts [TYPE] LIGHT [OBJ] 2MASS_J08255285+6902016 [RA] 08 25 52.8440 [Dec] +69 02 01.1677 [FIL] GG495 [EXPTIME] 30.0 [Date] 2022-01-01T21:17:38 [Time] 21:17:38
305/349 2MASS_J08255285+6902016-20220101@211826-Eden.fts [TYPE] LIGHT [OBJ] 2MASS_J08255285+6902016 [RA] 08 25 52.8440 [Dec] +69 02 01.1677 [FIL] GG495 [EXPTIME] 30.0 [Date] 2022-01-01T21:18:26 [Time] 21:18:26
306/349 2MASS_J08255285+6902016-20220101@211912-Eden.fts [TYPE] LIGHT [OBJ] 2MASS_J08255285+6902016 [RA] 08 25 52.8440 [Dec] +69 02 01.1677 [FIL] GG495 [EXPTIME] 30.0 [Date] 2022-01-01T21:19:12 [Time] 21:19:12
307/349 2MASS_J08255285+6902016-20220101@212000-Eden.fts [TYPE] LIGHT [OBJ] 2MASS_J08255285+6902016 [RA] 08 25 52.8440 [Dec] +69 02 01.1677 [FIL] GG495 [EXPTIME] 30.0 [Date] 2022-01-01T21:20:00 [Time] 21:20:00
308/349 2MASS_J08255285+6902016-20220101@212047-Eden.fts [TYPE] LIGHT [OBJ] 2MASS_J08255285+6902016 [RA] 08 25 52.8440 [Dec] +69 02 01.1677 [FIL] GG495 [EXPTIME] 30.0 [Date] 2022-01-01T21:20:47 [Time] 21:20:47
309/349 2MASS_J08255285+6902016-20220101@212134-Eden.fts [TYPE] LIGHT [OBJ] 2MASS_J08255285+6902016 [RA] 08 25 52.8440 [Dec] +69 02 01.1677 [FIL] GG495 [EXPTIME] 30.0 [Date] 2022-01-01T21:21:34 [Time] 21:21:34
310/349 2MASS_J08255285+6902016-20220101@212221-Eden.fts [TYPE] LIGHT [OBJ] 2MASS_J08255285+6902016 [RA] 08 25 52.8440 [Dec] +69 02 01.1677 [FIL] GG495 [EXPTIME] 30.0 [Date] 2022-01-01T21:22:21 [Time] 21:22:21
311/349 2MASS_J08255285+6902016-20220101@212308-Eden.fts [TYPE] LIGHT [OBJ] 2MASS_J08255285+6902016 [RA] 08 25 52.8440 [Dec] +69 02 01.1677 [FIL] GG495 [EXPTIME] 30.0 [Date] 2022-01-01T21:23:08 [Time] 21:23:08
312/349 2MASS_J08255285+6902016-20220101@212354-Eden.fts [TYPE] LIGHT [OBJ] 2MASS_J08255285+6902016 [RA] 08 25 52.8440 [Dec] +69 02 01.1677 [FIL] GG495 [EXPTIME] 30.0 [Date] 2022-01-01T21:23:54 [Time] 21:23:54
313/349 2MASS_J08255285+6902016-20220101@212442-Eden.fts [TYPE] LIGHT [OBJ] 2MASS_J08255285+6902016 [RA] 08 25 52.8440 [Dec] +69 02 01.1677 [FIL] GG495 [EXPTIME] 30.0 [Date] 2022-01-01T21:24:42 [Time] 21:24:42
314/349 2MASS_J08255285+6902016-20220101@212529-Eden.fts [TYPE] LIGHT [OBJ] 2MASS_J08255285+6902016 [RA] 08 25 52.8440 [Dec] +69 02 01.1677 [FIL] GG495 [EXPTIME] 30.0 [Date] 2022-01-01T21:25:29 [Time] 21:25:29
315/349 2MASS_J08255285+6902016-20220101@212616-Eden.fts [TYPE] LIGHT [OBJ] 2MASS_J08255285+6902016 [RA] 08 25 52.8440 [Dec] +69 02 01.1677 [FIL] GG495 [EXPTIME] 30.0 [Date] 2022-01-01T21:26:16 [Time] 21:26:16
316/349 2MASS_J08255285+6902016-20220101@212703-Eden.fts [TYPE] LIGHT [OBJ] 2MASS_J08255285+6902016 [RA] 08 25 52.8440 [Dec] +69 02 01.1677 [FIL] GG495 [EXPTIME] 30.0 [Date] 2022-01-01T21:27:03 [Time] 21:27:03
317/349 2MASS_J08255285+6902016-20220101@212749-Eden.fts [TYPE] LIGHT [OBJ] 2MASS_J08255285+6902016 [RA] 08 25 52.8440 [Dec] +69 02 01.1677 [FIL] GG495 [EXPTIME] 30.0 [Date] 2022-01-01T21:27:49 [Time] 21:27:49
318/349 2MASS_J08255285+6902016-20220101@212836-Eden.fts [TYPE] LIGHT [OBJ] 2MASS_J08255285+6902016 [RA] 08 25 52.8440 [Dec] +69 02 01.1677 [FIL] GG495 [EXPTIME] 30.0 [Date] 2022-01-01T21:28:36 [Time] 21:28:36
319/349 2MASS_J08255285+6902016-20220101@212922-Eden.fts [TYPE] LIGHT [OBJ] 2MASS_J08255285+6902016 [RA] 08 25 52.8440 [Dec] +69 02 01.1677 [FIL] GG495 [EXPTIME] 30.0 [Date] 2022-01-01T21:29:22 [Time] 21:29:22
320/349 2MASS_J08255285+6902016-20220101@213009-Eden.fts [TYPE] LIGHT [OBJ] 2MASS_J08255285+6902016 [RA] 08 25 52.8440 [Dec] +69 02 01.1677 [FIL] GG495 [EXPTIME] 30.0 [Date] 2022-01-01T21:30:09 [Time] 21:30:09
321/349 2MASS_J08255285+6902016-20220101@213056-Eden.fts [TYPE] LIGHT [OBJ] 2MASS_J08255285+6902016 [RA] 08 25 52.8440 [Dec] +69 02 01.1677 [FIL] GG495 [EXPTIME] 30.0 [Date] 2022-01-01T21:30:56 [Time] 21:30:56
322/349 2MASS_J08255285+6902016-20220101@213142-Eden.fts [TYPE] LIGHT [OBJ] 2MASS_J08255285+6902016 [RA] 08 25 52.8440 [Dec] +69 02 01.1677 [FIL] GG495 [EXPTIME] 30.0 [Date] 2022-01-01T21:31:42 [Time] 21:31:42
323/349 2MASS_J08255285+6902016-20220101@213230-Eden.fts [TYPE] LIGHT [OBJ] 2MASS_J08255285+6902016 [RA] 08 25 52.8440 [Dec] +69 02 01.1677 [FIL] GG495 [EXPTIME] 30.0 [Date] 2022-01-01T21:32:30 [Time] 21:32:30
324/349 2MASS_J08255285+6902016-20220101@213316-Eden.fts [TYPE] LIGHT [OBJ] 2MASS_J08255285+6902016 [RA] 08 25 52.8440 [Dec] +69 02 01.1677 [FIL] GG495 [EXPTIME] 30.0 [Date] 2022-01-01T21:33:16 [Time] 21:33:16
325/349 2MASS_J08255285+6902016-20220101@213402-Eden.fts [TYPE] LIGHT [OBJ] 2MASS_J08255285+6902016 [RA] 08 25 52.8440 [Dec] +69 02 01.1677 [FIL] GG495 [EXPTIME] 30.0 [Date] 2022-01-01T21:34:02 [Time] 21:34:02
326/349 2MASS_J08255285+6902016-20220101@213448-Eden.fts [TYPE] LIGHT [OBJ] 2MASS_J08255285+6902016 [RA] 08 25 52.8440 [Dec] +69 02 01.1677 [FIL] GG495 [EXPTIME] 30.0 [Date] 2022-01-01T21:34:48 [Time] 21:34:48
327/349 2MASS_J08255285+6902016-20220101@213536-Eden.fts [TYPE] LIGHT [OBJ] 2MASS_J08255285+6902016 [RA] 08 25 52.8440 [Dec] +69 02 01.1677 [FIL] GG495 [EXPTIME] 30.0 [Date] 2022-01-01T21:35:36 [Time] 21:35:36
328/349 2MASS_J08255285+6902016-20220101@213621-Eden.fts [TYPE] LIGHT [OBJ] 2MASS_J08255285+6902016 [RA] 08 25 52.8440 [Dec] +69 02 01.1677 [FIL] GG495 [EXPTIME] 30.0 [Date] 2022-01-01T21:36:21 [Time] 21:36:21
329/349 2MASS_J08255285+6902016-20220101@213708-Eden.fts [TYPE] LIGHT [OBJ] 2MASS_J08255285+6902016 [RA] 08 25 52.8440 [Dec] +69 02 01.1677 [FIL] GG495 [EXPTIME] 30.0 [Date] 2022-01-01T21:37:08 [Time] 21:37:08
330/349 2MASS_J08255285+6902016-20220101@213755-Eden.fts [TYPE] LIGHT [OBJ] 2MASS_J08255285+6902016 [RA] 08 25 52.8440 [Dec] +69 02 01.1677 [FIL] GG495 [EXPTIME] 30.0 [Date] 2022-01-01T21:37:55 [Time] 21:37:55
331/349 2MASS_J08255285+6902016-20220101@213841-Eden.fts [TYPE] LIGHT [OBJ] 2MASS_J08255285+6902016 [RA] 08 25 52.8440 [Dec] +69 02 01.1677 [FIL] GG495 [EXPTIME] 30.0 [Date] 2022-01-01T21:38:41 [Time] 21:38:41
332/349 2MASS_J08255285+6902016-20220101@213927-Eden.fts [TYPE] LIGHT [OBJ] 2MASS_J08255285+6902016 [RA] 08 25 52.8440 [Dec] +69 02 01.1677 [FIL] GG495 [EXPTIME] 30.0 [Date] 2022-01-01T21:39:27 [Time] 21:39:27
333/349 2MASS_J08255285+6902016-20220101@214014-Eden.fts [TYPE] LIGHT [OBJ] 2MASS_J08255285+6902016 [RA] 08 25 52.8440 [Dec] +69 02 01.1677 [FIL] GG495 [EXPTIME] 30.0 [Date] 2022-01-01T21:40:14 [Time] 21:40:14
334/349 2MASS_J08255285+6902016-20220101@214101-Eden.fts [TYPE] LIGHT [OBJ] 2MASS_J08255285+6902016 [RA] 08 25 52.8440 [Dec] +69 02 01.1677 [FIL] GG495 [EXPTIME] 30.0 [Date] 2022-01-01T21:41:01 [Time] 21:41:01
335/349 2MASS_J08255285+6902016-20220101@214148-Eden.fts [TYPE] LIGHT [OBJ] 2MASS_J08255285+6902016 [RA] 08 25 52.8440 [Dec] +69 02 01.1677 [FIL] GG495 [EXPTIME] 30.0 [Date] 2022-01-01T21:41:48 [Time] 21:41:48
336/349 2MASS_J08255285+6902016-20220101@214235-Eden.fts [TYPE] LIGHT [OBJ] 2MASS_J08255285+6902016 [RA] 08 25 52.8440 [Dec] +69 02 01.1677 [FIL] GG495 [EXPTIME] 30.0 [Date] 2022-01-01T21:42:35 [Time] 21:42:35
337/349 2MASS_J08255285+6902016-20220101@214322-Eden.fts [TYPE] LIGHT [OBJ] 2MASS_J08255285+6902016 [RA] 08 25 52.8440 [Dec] +69 02 01.1677 [FIL] GG495 [EXPTIME] 30.0 [Date] 2022-01-01T21:43:22 [Time] 21:43:22
338/349 2MASS_J08255285+6902016-20220101@214409-Eden.fts [TYPE] LIGHT [OBJ] 2MASS_J08255285+6902016 [RA] 08 25 52.8440 [Dec] +69 02 01.1677 [FIL] GG495 [EXPTIME] 30.0 [Date] 2022-01-01T21:44:09 [Time] 21:44:09
339/349 2MASS_J08255285+6902016-20220101@214456-Eden.fts [TYPE] LIGHT [OBJ] 2MASS_J08255285+6902016 [RA] 08 25 52.8440 [Dec] +69 02 01.1677 [FIL] GG495 [EXPTIME] 30.0 [Date] 2022-01-01T21:44:56 [Time] 21:44:56
340/349 2MASS_J08255285+6902016-20220101@214542-Eden.fts [TYPE] LIGHT [OBJ] 2MASS_J08255285+6902016 [RA] 08 25 52.8440 [Dec] +69 02 01.1677 [FIL] GG495 [EXPTIME] 30.0 [Date] 2022-01-01T21:45:42 [Time] 21:45:42
341/349 2MASS_J08255285+6902016-20220101@214629-Eden.fts [TYPE] LIGHT [OBJ] 2MASS_J08255285+6902016 [RA] 08 25 52.8440 [Dec] +69 02 01.1677 [FIL] GG495 [EXPTIME] 30.0 [Date] 2022-01-01T21:46:29 [Time] 21:46:29
342/349 2MASS_J08255285+6902016-20220101@214717-Eden.fts [TYPE] LIGHT [OBJ] 2MASS_J08255285+6902016 [RA] 08 25 52.8440 [Dec] +69 02 01.1677 [FIL] GG495 [EXPTIME] 30.0 [Date] 2022-01-01T21:47:17 [Time] 21:47:17
343/349 2MASS_J08255285+6902016-20220101@214805-Eden.fts [TYPE] LIGHT [OBJ] 2MASS_J08255285+6902016 [RA] 08 25 52.8440 [Dec] +69 02 01.1677 [FIL] GG495 [EXPTIME] 30.0 [Date] 2022-01-01T21:48:05 [Time] 21:48:05
344/349 2MASS_J08255285+6902016-20220101@214853-Eden.fts [TYPE] LIGHT [OBJ] 2MASS_J08255285+6902016 [RA] 08 25 52.8440 [Dec] +69 02 01.1677 [FIL] GG495 [EXPTIME] 30.0 [Date] 2022-01-01T21:48:53 [Time] 21:48:53
345/349 2MASS_J08255285+6902016-20220101@214939-Eden.fts [TYPE] LIGHT [OBJ] 2MASS_J08255285+6902016 [RA] 08 25 52.8440 [Dec] +69 02 01.1677 [FIL] GG495 [EXPTIME] 30.0 [Date] 2022-01-01T21:49:39 [Time] 21:49:39
346/349 2MASS_J08255285+6902016-20220101@215027-Eden.fts [TYPE] LIGHT [OBJ] 2MASS_J08255285+6902016 [RA] 08 25 52.8440 [Dec] +69 02 01.1677 [FIL] GG495 [EXPTIME] 30.0 [Date] 2022-01-01T21:50:27 [Time] 21:50:27
347/349 2MASS_J08255285+6902016-20220101@215113-Eden.fts [TYPE] LIGHT [OBJ] 2MASS_J08255285+6902016 [RA] 08 25 52.8440 [Dec] +69 02 01.1677 [FIL] GG495 [EXPTIME] 30.0 [Date] 2022-01-01T21:51:13 [Time] 21:51:13
348/349 2MASS_J08255285+6902016-20220101@215200-Eden.fts [TYPE] LIGHT [OBJ] 2MASS_J08255285+6902016 [RA] 08 25 52.8440 [Dec] +69 02 01.1677 [FIL] GG495 [EXPTIME] 30.0 [Date] 2022-01-01T21:52:00 [Time] 21:52:00
349/349 2MASS_J08255285+6902016-20220101@215246-Eden.fts [TYPE] LIGHT [OBJ] 2MASS_J08255285+6902016 [RA] 08 25 52.8440 [Dec] +69 02 01.1677 [FIL] GG495 [EXPTIME] 30.0 [Date] 2022-01-01T21:52:46 [Time] 21:52:46
... write log file to LOT20220101_2MASS_J08255285+6902016_mod.log ...
... finish ...
