-----------------
input parameters
-----------------
['modify_header_name_eden.py', 'LOT20220707_2MASS_J15242475+2925318', '40']
Your will modify header for: 2MASS_J15242475+2925318 [RA] 15 24 24.7592 [Dec] +29 25 31.5445 [Filter] GG495
---------------
folder: LOT20220707_2MASS_J15242475+2925318
will update fits in: LOT20220707_2MASS_J15242475+2925318_mod
 ---------------------------
 Exame Fits Header for Bias
 ---------------------------
find ./LOT20220707_2MASS_J15242475+2925318/bias-dark/ | grep 'fits\|fts'|sort 
found 0 Bias/Dark
no files in ./bias-dark/
 ---------------------------
 Exame Fits Header for Flat
 ---------------------------
find ./LOT20220707_2MASS_J15242475+2925318/ | grep flat/ | grep -E 'fits|fts'|sort -t'-' -k2.4,2.6 
found 0 Flat
no files in ./flat/
 ---------------------------
 Exame Fits Header for Additional Dark for Flat
 ---------------------------
find ./LOT20220707_2MASS_J15242475+2925318/ | grep flat/ |grep dark| grep -E 'fits|fts'|sort -t'-' -k2.4,2.6 
found 0 Additional Dark for Flat
no additional dark for flat in ./flat/
 ---------------------------
 Modify filename for Science Target
 ---------------------------
... update header ...
1/126 2MASS_J15242475+2925318-20220707@131018-Eden.fts [TYPE] LIGHT [OBJ] 2MASS_J15242475+2925318 [RA] 15 24 24.7592 [Dec] +29 25 31.5445 [FIL] GG495 [EXPTIME] 60.0 [Date] 2022-07-07T13:10:18 [Time] 13:10:18
2/126 2MASS_J15242475+2925318-20220707@131943-Eden.fts [TYPE] LIGHT [OBJ] 2MASS_J15242475+2925318 [RA] 15 24 24.7592 [Dec] +29 25 31.5445 [FIL] GG495 [EXPTIME] 60.0 [Date] 2022-07-07T13:19:43 [Time] 13:19:43
3/126 2MASS_J15242475+2925318-20220707@132100-Eden.fts [TYPE] LIGHT [OBJ] 2MASS_J15242475+2925318 [RA] 15 24 24.7592 [Dec] +29 25 31.5445 [FIL] GG495 [EXPTIME] 60.0 [Date] 2022-07-07T13:21:00 [Time] 13:21:00
4/126 2MASS_J15242475+2925318-20220707@132217-Eden.fts [TYPE] LIGHT [OBJ] 2MASS_J15242475+2925318 [RA] 15 24 24.7592 [Dec] +29 25 31.5445 [FIL] GG495 [EXPTIME] 60.0 [Date] 2022-07-07T13:22:17 [Time] 13:22:17
5/126 2MASS_J15242475+2925318-20220707@132334-Eden.fts [TYPE] LIGHT [OBJ] 2MASS_J15242475+2925318 [RA] 15 24 24.7592 [Dec] +29 25 31.5445 [FIL] GG495 [EXPTIME] 60.0 [Date] 2022-07-07T13:23:34 [Time] 13:23:34
6/126 2MASS_J15242475+2925318-20220707@132452-Eden.fts [TYPE] LIGHT [OBJ] 2MASS_J15242475+2925318 [RA] 15 24 24.7592 [Dec] +29 25 31.5445 [FIL] GG495 [EXPTIME] 60.0 [Date] 2022-07-07T13:24:52 [Time] 13:24:52
7/126 2MASS_J15242475+2925318-20220707@132609-Eden.fts [TYPE] LIGHT [OBJ] 2MASS_J15242475+2925318 [RA] 15 24 24.7592 [Dec] +29 25 31.5445 [FIL] GG495 [EXPTIME] 60.0 [Date] 2022-07-07T13:26:09 [Time] 13:26:09
8/126 2MASS_J15242475+2925318-20220707@132728-Eden.fts [TYPE] LIGHT [OBJ] 2MASS_J15242475+2925318 [RA] 15 24 24.7592 [Dec] +29 25 31.5445 [FIL] GG495 [EXPTIME] 60.0 [Date] 2022-07-07T13:27:28 [Time] 13:27:28
9/126 2MASS_J15242475+2925318-20220707@132843-Eden.fts [TYPE] LIGHT [OBJ] 2MASS_J15242475+2925318 [RA] 15 24 24.7592 [Dec] +29 25 31.5445 [FIL] GG495 [EXPTIME] 60.0 [Date] 2022-07-07T13:28:43 [Time] 13:28:43
10/126 2MASS_J15242475+2925318-20220707@133000-Eden.fts [TYPE] LIGHT [OBJ] 2MASS_J15242475+2925318 [RA] 15 24 24.7592 [Dec] +29 25 31.5445 [FIL] GG495 [EXPTIME] 60.0 [Date] 2022-07-07T13:30:00 [Time] 13:30:00
11/126 2MASS_J15242475+2925318-20220707@133123-Eden.fts [TYPE] LIGHT [OBJ] 2MASS_J15242475+2925318 [RA] 15 24 24.7592 [Dec] +29 25 31.5445 [FIL] GG495 [EXPTIME] 60.0 [Date] 2022-07-07T13:31:23 [Time] 13:31:23
12/126 2MASS_J15242475+2925318-20220707@133238-Eden.fts [TYPE] LIGHT [OBJ] 2MASS_J15242475+2925318 [RA] 15 24 24.7592 [Dec] +29 25 31.5445 [FIL] GG495 [EXPTIME] 60.0 [Date] 2022-07-07T13:32:38 [Time] 13:32:38
13/126 2MASS_J15242475+2925318-20220707@133356-Eden.fts [TYPE] LIGHT [OBJ] 2MASS_J15242475+2925318 [RA] 15 24 24.7592 [Dec] +29 25 31.5445 [FIL] GG495 [EXPTIME] 60.0 [Date] 2022-07-07T13:33:56 [Time] 13:33:56
14/126 2MASS_J15242475+2925318-20220707@133514-Eden.fts [TYPE] LIGHT [OBJ] 2MASS_J15242475+2925318 [RA] 15 24 24.7592 [Dec] +29 25 31.5445 [FIL] GG495 [EXPTIME] 60.0 [Date] 2022-07-07T13:35:14 [Time] 13:35:14
15/126 2MASS_J15242475+2925318-20220707@133632-Eden.fts [TYPE] LIGHT [OBJ] 2MASS_J15242475+2925318 [RA] 15 24 24.7592 [Dec] +29 25 31.5445 [FIL] GG495 [EXPTIME] 60.0 [Date] 2022-07-07T13:36:32 [Time] 13:36:32
16/126 2MASS_J15242475+2925318-20220707@133747-Eden.fts [TYPE] LIGHT [OBJ] 2MASS_J15242475+2925318 [RA] 15 24 24.7592 [Dec] +29 25 31.5445 [FIL] GG495 [EXPTIME] 60.0 [Date] 2022-07-07T13:37:47 [Time] 13:37:47
17/126 2MASS_J15242475+2925318-20220707@133905-Eden.fts [TYPE] LIGHT [OBJ] 2MASS_J15242475+2925318 [RA] 15 24 24.7592 [Dec] +29 25 31.5445 [FIL] GG495 [EXPTIME] 60.0 [Date] 2022-07-07T13:39:05 [Time] 13:39:05
18/126 2MASS_J15242475+2925318-20220707@134022-Eden.fts [TYPE] LIGHT [OBJ] 2MASS_J15242475+2925318 [RA] 15 24 24.7592 [Dec] +29 25 31.5445 [FIL] GG495 [EXPTIME] 60.0 [Date] 2022-07-07T13:40:22 [Time] 13:40:22
19/126 2MASS_J15242475+2925318-20220707@134139-Eden.fts [TYPE] LIGHT [OBJ] 2MASS_J15242475+2925318 [RA] 15 24 24.7592 [Dec] +29 25 31.5445 [FIL] GG495 [EXPTIME] 60.0 [Date] 2022-07-07T13:41:39 [Time] 13:41:39
20/126 2MASS_J15242475+2925318-20220707@134256-Eden.fts [TYPE] LIGHT [OBJ] 2MASS_J15242475+2925318 [RA] 15 24 24.7592 [Dec] +29 25 31.5445 [FIL] GG495 [EXPTIME] 60.0 [Date] 2022-07-07T13:42:56 [Time] 13:42:56
21/126 2MASS_J15242475+2925318-20220707@134418-Eden.fts [TYPE] LIGHT [OBJ] 2MASS_J15242475+2925318 [RA] 15 24 24.7592 [Dec] +29 25 31.5445 [FIL] GG495 [EXPTIME] 60.0 [Date] 2022-07-07T13:44:18 [Time] 13:44:18
22/126 2MASS_J15242475+2925318-20220707@134537-Eden.fts [TYPE] LIGHT [OBJ] 2MASS_J15242475+2925318 [RA] 15 24 24.7592 [Dec] +29 25 31.5445 [FIL] GG495 [EXPTIME] 60.0 [Date] 2022-07-07T13:45:37 [Time] 13:45:37
23/126 2MASS_J15242475+2925318-20220707@134653-Eden.fts [TYPE] LIGHT [OBJ] 2MASS_J15242475+2925318 [RA] 15 24 24.7592 [Dec] +29 25 31.5445 [FIL] GG495 [EXPTIME] 60.0 [Date] 2022-07-07T13:46:53 [Time] 13:46:53
24/126 2MASS_J15242475+2925318-20220707@134811-Eden.fts [TYPE] LIGHT [OBJ] 2MASS_J15242475+2925318 [RA] 15 24 24.7592 [Dec] +29 25 31.5445 [FIL] GG495 [EXPTIME] 60.0 [Date] 2022-07-07T13:48:11 [Time] 13:48:11
25/126 2MASS_J15242475+2925318-20220707@134927-Eden.fts [TYPE] LIGHT [OBJ] 2MASS_J15242475+2925318 [RA] 15 24 24.7592 [Dec] +29 25 31.5445 [FIL] GG495 [EXPTIME] 60.0 [Date] 2022-07-07T13:49:27 [Time] 13:49:27
26/126 2MASS_J15242475+2925318-20220707@135046-Eden.fts [TYPE] LIGHT [OBJ] 2MASS_J15242475+2925318 [RA] 15 24 24.7592 [Dec] +29 25 31.5445 [FIL] GG495 [EXPTIME] 60.0 [Date] 2022-07-07T13:50:46 [Time] 13:50:46
27/126 2MASS_J15242475+2925318-20220707@135201-Eden.fts [TYPE] LIGHT [OBJ] 2MASS_J15242475+2925318 [RA] 15 24 24.7592 [Dec] +29 25 31.5445 [FIL] GG495 [EXPTIME] 60.0 [Date] 2022-07-07T13:52:01 [Time] 13:52:01
28/126 2MASS_J15242475+2925318-20220707@135319-Eden.fts [TYPE] LIGHT [OBJ] 2MASS_J15242475+2925318 [RA] 15 24 24.7592 [Dec] +29 25 31.5445 [FIL] GG495 [EXPTIME] 60.0 [Date] 2022-07-07T13:53:19 [Time] 13:53:19
29/126 2MASS_J15242475+2925318-20220707@135437-Eden.fts [TYPE] LIGHT [OBJ] 2MASS_J15242475+2925318 [RA] 15 24 24.7592 [Dec] +29 25 31.5445 [FIL] GG495 [EXPTIME] 60.0 [Date] 2022-07-07T13:54:37 [Time] 13:54:37
30/126 2MASS_J15242475+2925318-20220707@135554-Eden.fts [TYPE] LIGHT [OBJ] 2MASS_J15242475+2925318 [RA] 15 24 24.7592 [Dec] +29 25 31.5445 [FIL] GG495 [EXPTIME] 60.0 [Date] 2022-07-07T13:55:54 [Time] 13:55:54
31/126 2MASS_J15242475+2925318-20220707@135718-Eden.fts [TYPE] LIGHT [OBJ] 2MASS_J15242475+2925318 [RA] 15 24 24.7592 [Dec] +29 25 31.5445 [FIL] GG495 [EXPTIME] 60.0 [Date] 2022-07-07T13:57:18 [Time] 13:57:18
32/126 2MASS_J15242475+2925318-20220707@135835-Eden.fts [TYPE] LIGHT [OBJ] 2MASS_J15242475+2925318 [RA] 15 24 24.7592 [Dec] +29 25 31.5445 [FIL] GG495 [EXPTIME] 60.0 [Date] 2022-07-07T13:58:35 [Time] 13:58:35
33/126 2MASS_J15242475+2925318-20220707@135953-Eden.fts [TYPE] LIGHT [OBJ] 2MASS_J15242475+2925318 [RA] 15 24 24.7592 [Dec] +29 25 31.5445 [FIL] GG495 [EXPTIME] 60.0 [Date] 2022-07-07T13:59:53 [Time] 13:59:53
34/126 2MASS_J15242475+2925318-20220707@140112-Eden.fts [TYPE] LIGHT [OBJ] 2MASS_J15242475+2925318 [RA] 15 24 24.7592 [Dec] +29 25 31.5445 [FIL] GG495 [EXPTIME] 60.0 [Date] 2022-07-07T14:01:12 [Time] 14:01:12
35/126 2MASS_J15242475+2925318-20220707@140229-Eden.fts [TYPE] LIGHT [OBJ] 2MASS_J15242475+2925318 [RA] 15 24 24.7592 [Dec] +29 25 31.5445 [FIL] GG495 [EXPTIME] 60.0 [Date] 2022-07-07T14:02:29 [Time] 14:02:29
36/126 2MASS_J15242475+2925318-20220707@140348-Eden.fts [TYPE] LIGHT [OBJ] 2MASS_J15242475+2925318 [RA] 15 24 24.7592 [Dec] +29 25 31.5445 [FIL] GG495 [EXPTIME] 60.0 [Date] 2022-07-07T14:03:48 [Time] 14:03:48
37/126 2MASS_J15242475+2925318-20220707@140505-Eden.fts [TYPE] LIGHT [OBJ] 2MASS_J15242475+2925318 [RA] 15 24 24.7592 [Dec] +29 25 31.5445 [FIL] GG495 [EXPTIME] 60.0 [Date] 2022-07-07T14:05:05 [Time] 14:05:05
38/126 2MASS_J15242475+2925318-20220707@140621-Eden.fts [TYPE] LIGHT [OBJ] 2MASS_J15242475+2925318 [RA] 15 24 24.7592 [Dec] +29 25 31.5445 [FIL] GG495 [EXPTIME] 60.0 [Date] 2022-07-07T14:06:21 [Time] 14:06:21
39/126 2MASS_J15242475+2925318-20220707@140738-Eden.fts [TYPE] LIGHT [OBJ] 2MASS_J15242475+2925318 [RA] 15 24 24.7592 [Dec] +29 25 31.5445 [FIL] GG495 [EXPTIME] 60.0 [Date] 2022-07-07T14:07:38 [Time] 14:07:38
40/126 2MASS_J15242475+2925318-20220707@140854-Eden.fts [TYPE] LIGHT [OBJ] 2MASS_J15242475+2925318 [RA] 15 24 24.7592 [Dec] +29 25 31.5445 [FIL] GG495 [EXPTIME] 60.0 [Date] 2022-07-07T14:08:54 [Time] 14:08:54
41/126 2MASS_J15242475+2925318-20220707@141019-Eden.fts [TYPE] LIGHT [OBJ] 2MASS_J15242475+2925318 [RA] 15 24 24.7592 [Dec] +29 25 31.5445 [FIL] GG495 [EXPTIME] 60.0 [Date] 2022-07-07T14:10:19 [Time] 14:10:19
42/126 2MASS_J15242475+2925318-20220707@141136-Eden.fts [TYPE] LIGHT [OBJ] 2MASS_J15242475+2925318 [RA] 15 24 24.7592 [Dec] +29 25 31.5445 [FIL] GG495 [EXPTIME] 60.0 [Date] 2022-07-07T14:11:36 [Time] 14:11:36
43/126 2MASS_J15242475+2925318-20220707@141253-Eden.fts [TYPE] LIGHT [OBJ] 2MASS_J15242475+2925318 [RA] 15 24 24.7592 [Dec] +29 25 31.5445 [FIL] GG495 [EXPTIME] 60.0 [Date] 2022-07-07T14:12:53 [Time] 14:12:53
44/126 2MASS_J15242475+2925318-20220707@141411-Eden.fts [TYPE] LIGHT [OBJ] 2MASS_J15242475+2925318 [RA] 15 24 24.7592 [Dec] +29 25 31.5445 [FIL] GG495 [EXPTIME] 60.0 [Date] 2022-07-07T14:14:11 [Time] 14:14:11
45/126 2MASS_J15242475+2925318-20220707@141529-Eden.fts [TYPE] LIGHT [OBJ] 2MASS_J15242475+2925318 [RA] 15 24 24.7592 [Dec] +29 25 31.5445 [FIL] GG495 [EXPTIME] 60.0 [Date] 2022-07-07T14:15:29 [Time] 14:15:29
46/126 2MASS_J15242475+2925318-20220707@141647-Eden.fts [TYPE] LIGHT [OBJ] 2MASS_J15242475+2925318 [RA] 15 24 24.7592 [Dec] +29 25 31.5445 [FIL] GG495 [EXPTIME] 60.0 [Date] 2022-07-07T14:16:47 [Time] 14:16:47
47/126 2MASS_J15242475+2925318-20220707@141805-Eden.fts [TYPE] LIGHT [OBJ] 2MASS_J15242475+2925318 [RA] 15 24 24.7592 [Dec] +29 25 31.5445 [FIL] GG495 [EXPTIME] 60.0 [Date] 2022-07-07T14:18:05 [Time] 14:18:05
48/126 2MASS_J15242475+2925318-20220707@141922-Eden.fts [TYPE] LIGHT [OBJ] 2MASS_J15242475+2925318 [RA] 15 24 24.7592 [Dec] +29 25 31.5445 [FIL] GG495 [EXPTIME] 60.0 [Date] 2022-07-07T14:19:22 [Time] 14:19:22
49/126 2MASS_J15242475+2925318-20220707@142040-Eden.fts [TYPE] LIGHT [OBJ] 2MASS_J15242475+2925318 [RA] 15 24 24.7592 [Dec] +29 25 31.5445 [FIL] GG495 [EXPTIME] 60.0 [Date] 2022-07-07T14:20:40 [Time] 14:20:40
50/126 2MASS_J15242475+2925318-20220707@142157-Eden.fts [TYPE] LIGHT [OBJ] 2MASS_J15242475+2925318 [RA] 15 24 24.7592 [Dec] +29 25 31.5445 [FIL] GG495 [EXPTIME] 60.0 [Date] 2022-07-07T14:21:57 [Time] 14:21:57
51/126 2MASS_J15242475+2925318-20220707@142317-Eden.fts [TYPE] LIGHT [OBJ] 2MASS_J15242475+2925318 [RA] 15 24 24.7592 [Dec] +29 25 31.5445 [FIL] GG495 [EXPTIME] 60.0 [Date] 2022-07-07T14:23:17 [Time] 14:23:17
52/126 2MASS_J15242475+2925318-20220707@142434-Eden.fts [TYPE] LIGHT [OBJ] 2MASS_J15242475+2925318 [RA] 15 24 24.7592 [Dec] +29 25 31.5445 [FIL] GG495 [EXPTIME] 60.0 [Date] 2022-07-07T14:24:34 [Time] 14:24:34
53/126 2MASS_J15242475+2925318-20220707@142550-Eden.fts [TYPE] LIGHT [OBJ] 2MASS_J15242475+2925318 [RA] 15 24 24.7592 [Dec] +29 25 31.5445 [FIL] GG495 [EXPTIME] 60.0 [Date] 2022-07-07T14:25:50 [Time] 14:25:50
54/126 2MASS_J15242475+2925318-20220707@142707-Eden.fts [TYPE] LIGHT [OBJ] 2MASS_J15242475+2925318 [RA] 15 24 24.7592 [Dec] +29 25 31.5445 [FIL] GG495 [EXPTIME] 60.0 [Date] 2022-07-07T14:27:07 [Time] 14:27:07
55/126 2MASS_J15242475+2925318-20220707@142826-Eden.fts [TYPE] LIGHT [OBJ] 2MASS_J15242475+2925318 [RA] 15 24 24.7592 [Dec] +29 25 31.5445 [FIL] GG495 [EXPTIME] 60.0 [Date] 2022-07-07T14:28:26 [Time] 14:28:26
56/126 2MASS_J15242475+2925318-20220707@142943-Eden.fts [TYPE] LIGHT [OBJ] 2MASS_J15242475+2925318 [RA] 15 24 24.7592 [Dec] +29 25 31.5445 [FIL] GG495 [EXPTIME] 60.0 [Date] 2022-07-07T14:29:43 [Time] 14:29:43
57/126 2MASS_J15242475+2925318-20220707@143100-Eden.fts [TYPE] LIGHT [OBJ] 2MASS_J15242475+2925318 [RA] 15 24 24.7592 [Dec] +29 25 31.5445 [FIL] GG495 [EXPTIME] 60.0 [Date] 2022-07-07T14:31:00 [Time] 14:31:00
58/126 2MASS_J15242475+2925318-20220707@143218-Eden.fts [TYPE] LIGHT [OBJ] 2MASS_J15242475+2925318 [RA] 15 24 24.7592 [Dec] +29 25 31.5445 [FIL] GG495 [EXPTIME] 60.0 [Date] 2022-07-07T14:32:18 [Time] 14:32:18
59/126 2MASS_J15242475+2925318-20220707@143335-Eden.fts [TYPE] LIGHT [OBJ] 2MASS_J15242475+2925318 [RA] 15 24 24.7592 [Dec] +29 25 31.5445 [FIL] GG495 [EXPTIME] 60.0 [Date] 2022-07-07T14:33:35 [Time] 14:33:35
60/126 2MASS_J15242475+2925318-20220707@143452-Eden.fts [TYPE] LIGHT [OBJ] 2MASS_J15242475+2925318 [RA] 15 24 24.7592 [Dec] +29 25 31.5445 [FIL] GG495 [EXPTIME] 60.0 [Date] 2022-07-07T14:34:52 [Time] 14:34:52
61/126 2MASS_J15242475+2925318-20220707@143613-Eden.fts [TYPE] LIGHT [OBJ] 2MASS_J15242475+2925318 [RA] 15 24 24.7592 [Dec] +29 25 31.5445 [FIL] GG495 [EXPTIME] 60.0 [Date] 2022-07-07T14:36:13 [Time] 14:36:13
62/126 2MASS_J15242475+2925318-20220707@143730-Eden.fts [TYPE] LIGHT [OBJ] 2MASS_J15242475+2925318 [RA] 15 24 24.7592 [Dec] +29 25 31.5445 [FIL] GG495 [EXPTIME] 60.0 [Date] 2022-07-07T14:37:30 [Time] 14:37:30
63/126 2MASS_J15242475+2925318-20220707@143847-Eden.fts [TYPE] LIGHT [OBJ] 2MASS_J15242475+2925318 [RA] 15 24 24.7592 [Dec] +29 25 31.5445 [FIL] GG495 [EXPTIME] 60.0 [Date] 2022-07-07T14:38:47 [Time] 14:38:47
64/126 2MASS_J15242475+2925318-20220707@144004-Eden.fts [TYPE] LIGHT [OBJ] 2MASS_J15242475+2925318 [RA] 15 24 24.7592 [Dec] +29 25 31.5445 [FIL] GG495 [EXPTIME] 60.0 [Date] 2022-07-07T14:40:04 [Time] 14:40:04
65/126 2MASS_J15242475+2925318-20220707@144121-Eden.fts [TYPE] LIGHT [OBJ] 2MASS_J15242475+2925318 [RA] 15 24 24.7592 [Dec] +29 25 31.5445 [FIL] GG495 [EXPTIME] 60.0 [Date] 2022-07-07T14:41:21 [Time] 14:41:21
66/126 2MASS_J15242475+2925318-20220707@144238-Eden.fts [TYPE] LIGHT [OBJ] 2MASS_J15242475+2925318 [RA] 15 24 24.7592 [Dec] +29 25 31.5445 [FIL] GG495 [EXPTIME] 60.0 [Date] 2022-07-07T14:42:38 [Time] 14:42:38
67/126 2MASS_J15242475+2925318-20220707@144354-Eden.fts [TYPE] LIGHT [OBJ] 2MASS_J15242475+2925318 [RA] 15 24 24.7592 [Dec] +29 25 31.5445 [FIL] GG495 [EXPTIME] 60.0 [Date] 2022-07-07T14:43:54 [Time] 14:43:54
68/126 2MASS_J15242475+2925318-20220707@144511-Eden.fts [TYPE] LIGHT [OBJ] 2MASS_J15242475+2925318 [RA] 15 24 24.7592 [Dec] +29 25 31.5445 [FIL] GG495 [EXPTIME] 60.0 [Date] 2022-07-07T14:45:11 [Time] 14:45:11
69/126 2MASS_J15242475+2925318-20220707@144628-Eden.fts [TYPE] LIGHT [OBJ] 2MASS_J15242475+2925318 [RA] 15 24 24.7592 [Dec] +29 25 31.5445 [FIL] GG495 [EXPTIME] 60.0 [Date] 2022-07-07T14:46:28 [Time] 14:46:28
70/126 2MASS_J15242475+2925318-20220707@144744-Eden.fts [TYPE] LIGHT [OBJ] 2MASS_J15242475+2925318 [RA] 15 24 24.7592 [Dec] +29 25 31.5445 [FIL] GG495 [EXPTIME] 60.0 [Date] 2022-07-07T14:47:44 [Time] 14:47:44
71/126 2MASS_J15242475+2925318-20220707@144909-Eden.fts [TYPE] LIGHT [OBJ] 2MASS_J15242475+2925318 [RA] 15 24 24.7592 [Dec] +29 25 31.5445 [FIL] GG495 [EXPTIME] 60.0 [Date] 2022-07-07T14:49:09 [Time] 14:49:09
72/126 2MASS_J15242475+2925318-20220707@145025-Eden.fts [TYPE] LIGHT [OBJ] 2MASS_J15242475+2925318 [RA] 15 24 24.7592 [Dec] +29 25 31.5445 [FIL] GG495 [EXPTIME] 60.0 [Date] 2022-07-07T14:50:25 [Time] 14:50:25
73/126 2MASS_J15242475+2925318-20220707@145145-Eden.fts [TYPE] LIGHT [OBJ] 2MASS_J15242475+2925318 [RA] 15 24 24.7592 [Dec] +29 25 31.5445 [FIL] GG495 [EXPTIME] 60.0 [Date] 2022-07-07T14:51:45 [Time] 14:51:45
74/126 2MASS_J15242475+2925318-20220707@145301-Eden.fts [TYPE] LIGHT [OBJ] 2MASS_J15242475+2925318 [RA] 15 24 24.7592 [Dec] +29 25 31.5445 [FIL] GG495 [EXPTIME] 60.0 [Date] 2022-07-07T14:53:01 [Time] 14:53:01
75/126 2MASS_J15242475+2925318-20220707@145418-Eden.fts [TYPE] LIGHT [OBJ] 2MASS_J15242475+2925318 [RA] 15 24 24.7592 [Dec] +29 25 31.5445 [FIL] GG495 [EXPTIME] 60.0 [Date] 2022-07-07T14:54:18 [Time] 14:54:18
76/126 2MASS_J15242475+2925318-20220707@145535-Eden.fts [TYPE] LIGHT [OBJ] 2MASS_J15242475+2925318 [RA] 15 24 24.7592 [Dec] +29 25 31.5445 [FIL] GG495 [EXPTIME] 60.0 [Date] 2022-07-07T14:55:35 [Time] 14:55:35
77/126 2MASS_J15242475+2925318-20220707@145651-Eden.fts [TYPE] LIGHT [OBJ] 2MASS_J15242475+2925318 [RA] 15 24 24.7592 [Dec] +29 25 31.5445 [FIL] GG495 [EXPTIME] 60.0 [Date] 2022-07-07T14:56:51 [Time] 14:56:51
78/126 2MASS_J15242475+2925318-20220707@145809-Eden.fts [TYPE] LIGHT [OBJ] 2MASS_J15242475+2925318 [RA] 15 24 24.7592 [Dec] +29 25 31.5445 [FIL] GG495 [EXPTIME] 60.0 [Date] 2022-07-07T14:58:09 [Time] 14:58:09
79/126 2MASS_J15242475+2925318-20220707@145925-Eden.fts [TYPE] LIGHT [OBJ] 2MASS_J15242475+2925318 [RA] 15 24 24.7592 [Dec] +29 25 31.5445 [FIL] GG495 [EXPTIME] 60.0 [Date] 2022-07-07T14:59:25 [Time] 14:59:25
80/126 2MASS_J15242475+2925318-20220707@150043-Eden.fts [TYPE] LIGHT [OBJ] 2MASS_J15242475+2925318 [RA] 15 24 24.7592 [Dec] +29 25 31.5445 [FIL] GG495 [EXPTIME] 60.0 [Date] 2022-07-07T15:00:43 [Time] 15:00:43
81/126 2MASS_J15242475+2925318-20220707@150205-Eden.fts [TYPE] LIGHT [OBJ] 2MASS_J15242475+2925318 [RA] 15 24 24.7592 [Dec] +29 25 31.5445 [FIL] GG495 [EXPTIME] 60.0 [Date] 2022-07-07T15:02:05 [Time] 15:02:05
82/126 2MASS_J15242475+2925318-20220707@150322-Eden.fts [TYPE] LIGHT [OBJ] 2MASS_J15242475+2925318 [RA] 15 24 24.7592 [Dec] +29 25 31.5445 [FIL] GG495 [EXPTIME] 60.0 [Date] 2022-07-07T15:03:22 [Time] 15:03:22
83/126 2MASS_J15242475+2925318-20220707@150441-Eden.fts [TYPE] LIGHT [OBJ] 2MASS_J15242475+2925318 [RA] 15 24 24.7592 [Dec] +29 25 31.5445 [FIL] GG495 [EXPTIME] 60.0 [Date] 2022-07-07T15:04:41 [Time] 15:04:41
84/126 2MASS_J15242475+2925318-20220707@150557-Eden.fts [TYPE] LIGHT [OBJ] 2MASS_J15242475+2925318 [RA] 15 24 24.7592 [Dec] +29 25 31.5445 [FIL] GG495 [EXPTIME] 60.0 [Date] 2022-07-07T15:05:57 [Time] 15:05:57
85/126 2MASS_J15242475+2925318-20220707@150714-Eden.fts [TYPE] LIGHT [OBJ] 2MASS_J15242475+2925318 [RA] 15 24 24.7592 [Dec] +29 25 31.5445 [FIL] GG495 [EXPTIME] 60.0 [Date] 2022-07-07T15:07:14 [Time] 15:07:14
86/126 2MASS_J15242475+2925318-20220707@150831-Eden.fts [TYPE] LIGHT [OBJ] 2MASS_J15242475+2925318 [RA] 15 24 24.7592 [Dec] +29 25 31.5445 [FIL] GG495 [EXPTIME] 60.0 [Date] 2022-07-07T15:08:31 [Time] 15:08:31
87/126 2MASS_J15242475+2925318-20220707@150947-Eden.fts [TYPE] LIGHT [OBJ] 2MASS_J15242475+2925318 [RA] 15 24 24.7592 [Dec] +29 25 31.5445 [FIL] GG495 [EXPTIME] 60.0 [Date] 2022-07-07T15:09:47 [Time] 15:09:47
88/126 2MASS_J15242475+2925318-20220707@151105-Eden.fts [TYPE] LIGHT [OBJ] 2MASS_J15242475+2925318 [RA] 15 24 24.7592 [Dec] +29 25 31.5445 [FIL] GG495 [EXPTIME] 60.0 [Date] 2022-07-07T15:11:05 [Time] 15:11:05
89/126 2MASS_J15242475+2925318-20220707@151222-Eden.fts [TYPE] LIGHT [OBJ] 2MASS_J15242475+2925318 [RA] 15 24 24.7592 [Dec] +29 25 31.5445 [FIL] GG495 [EXPTIME] 60.0 [Date] 2022-07-07T15:12:22 [Time] 15:12:22
90/126 2MASS_J15242475+2925318-20220707@151336-Eden.fts [TYPE] LIGHT [OBJ] 2MASS_J15242475+2925318 [RA] 15 24 24.7592 [Dec] +29 25 31.5445 [FIL] GG495 [EXPTIME] 60.0 [Date] 2022-07-07T15:13:36 [Time] 15:13:36
91/126 2MASS_J15242475+2925318-20220707@151458-Eden.fts [TYPE] LIGHT [OBJ] 2MASS_J15242475+2925318 [RA] 15 24 24.7592 [Dec] +29 25 31.5445 [FIL] GG495 [EXPTIME] 60.0 [Date] 2022-07-07T15:14:58 [Time] 15:14:58
92/126 2MASS_J15242475+2925318-20220707@151614-Eden.fts [TYPE] LIGHT [OBJ] 2MASS_J15242475+2925318 [RA] 15 24 24.7592 [Dec] +29 25 31.5445 [FIL] GG495 [EXPTIME] 60.0 [Date] 2022-07-07T15:16:14 [Time] 15:16:14
93/126 2MASS_J15242475+2925318-20220707@151731-Eden.fts [TYPE] LIGHT [OBJ] 2MASS_J15242475+2925318 [RA] 15 24 24.7592 [Dec] +29 25 31.5445 [FIL] GG495 [EXPTIME] 60.0 [Date] 2022-07-07T15:17:31 [Time] 15:17:31
94/126 2MASS_J15242475+2925318-20220707@151850-Eden.fts [TYPE] LIGHT [OBJ] 2MASS_J15242475+2925318 [RA] 15 24 24.7592 [Dec] +29 25 31.5445 [FIL] GG495 [EXPTIME] 60.0 [Date] 2022-07-07T15:18:50 [Time] 15:18:50
95/126 2MASS_J15242475+2925318-20220707@152007-Eden.fts [TYPE] LIGHT [OBJ] 2MASS_J15242475+2925318 [RA] 15 24 24.7592 [Dec] +29 25 31.5445 [FIL] GG495 [EXPTIME] 60.0 [Date] 2022-07-07T15:20:07 [Time] 15:20:07
96/126 2MASS_J15242475+2925318-20220707@152124-Eden.fts [TYPE] LIGHT [OBJ] 2MASS_J15242475+2925318 [RA] 15 24 24.7592 [Dec] +29 25 31.5445 [FIL] GG495 [EXPTIME] 60.0 [Date] 2022-07-07T15:21:24 [Time] 15:21:24
97/126 2MASS_J15242475+2925318-20220707@152239-Eden.fts [TYPE] LIGHT [OBJ] 2MASS_J15242475+2925318 [RA] 15 24 24.7592 [Dec] +29 25 31.5445 [FIL] GG495 [EXPTIME] 60.0 [Date] 2022-07-07T15:22:39 [Time] 15:22:39
98/126 2MASS_J15242475+2925318-20220707@152356-Eden.fts [TYPE] LIGHT [OBJ] 2MASS_J15242475+2925318 [RA] 15 24 24.7592 [Dec] +29 25 31.5445 [FIL] GG495 [EXPTIME] 60.0 [Date] 2022-07-07T15:23:56 [Time] 15:23:56
99/126 2MASS_J15242475+2925318-20220707@152513-Eden.fts [TYPE] LIGHT [OBJ] 2MASS_J15242475+2925318 [RA] 15 24 24.7592 [Dec] +29 25 31.5445 [FIL] GG495 [EXPTIME] 60.0 [Date] 2022-07-07T15:25:13 [Time] 15:25:13
100/126 2MASS_J15242475+2925318-20220707@152628-Eden.fts [TYPE] LIGHT [OBJ] 2MASS_J15242475+2925318 [RA] 15 24 24.7592 [Dec] +29 25 31.5445 [FIL] GG495 [EXPTIME] 60.0 [Date] 2022-07-07T15:26:28 [Time] 15:26:28
101/126 2MASS_J15242475+2925318-20220707@152750-Eden.fts [TYPE] LIGHT [OBJ] 2MASS_J15242475+2925318 [RA] 15 24 24.7592 [Dec] +29 25 31.5445 [FIL] GG495 [EXPTIME] 60.0 [Date] 2022-07-07T15:27:50 [Time] 15:27:50
102/126 2MASS_J15242475+2925318-20220707@152907-Eden.fts [TYPE] LIGHT [OBJ] 2MASS_J15242475+2925318 [RA] 15 24 24.7592 [Dec] +29 25 31.5445 [FIL] GG495 [EXPTIME] 60.0 [Date] 2022-07-07T15:29:07 [Time] 15:29:07
103/126 2MASS_J15242475+2925318-20220707@153024-Eden.fts [TYPE] LIGHT [OBJ] 2MASS_J15242475+2925318 [RA] 15 24 24.7592 [Dec] +29 25 31.5445 [FIL] GG495 [EXPTIME] 60.0 [Date] 2022-07-07T15:30:24 [Time] 15:30:24
104/126 2MASS_J15242475+2925318-20220707@153141-Eden.fts [TYPE] LIGHT [OBJ] 2MASS_J15242475+2925318 [RA] 15 24 24.7592 [Dec] +29 25 31.5445 [FIL] GG495 [EXPTIME] 60.0 [Date] 2022-07-07T15:31:41 [Time] 15:31:41
105/126 2MASS_J15242475+2925318-20220707@153301-Eden.fts [TYPE] LIGHT [OBJ] 2MASS_J15242475+2925318 [RA] 15 24 24.7592 [Dec] +29 25 31.5445 [FIL] GG495 [EXPTIME] 60.0 [Date] 2022-07-07T15:33:01 [Time] 15:33:01
106/126 2MASS_J15242475+2925318-20220707@153417-Eden.fts [TYPE] LIGHT [OBJ] 2MASS_J15242475+2925318 [RA] 15 24 24.7592 [Dec] +29 25 31.5445 [FIL] GG495 [EXPTIME] 60.0 [Date] 2022-07-07T15:34:17 [Time] 15:34:17
107/126 2MASS_J15242475+2925318-20220707@153535-Eden.fts [TYPE] LIGHT [OBJ] 2MASS_J15242475+2925318 [RA] 15 24 24.7592 [Dec] +29 25 31.5445 [FIL] GG495 [EXPTIME] 60.0 [Date] 2022-07-07T15:35:35 [Time] 15:35:35
108/126 2MASS_J15242475+2925318-20220707@153651-Eden.fts [TYPE] LIGHT [OBJ] 2MASS_J15242475+2925318 [RA] 15 24 24.7592 [Dec] +29 25 31.5445 [FIL] GG495 [EXPTIME] 60.0 [Date] 2022-07-07T15:36:51 [Time] 15:36:51
109/126 2MASS_J15242475+2925318-20220707@153806-Eden.fts [TYPE] LIGHT [OBJ] 2MASS_J15242475+2925318 [RA] 15 24 24.7592 [Dec] +29 25 31.5445 [FIL] GG495 [EXPTIME] 60.0 [Date] 2022-07-07T15:38:06 [Time] 15:38:06
110/126 2MASS_J15242475+2925318-20220707@153923-Eden.fts [TYPE] LIGHT [OBJ] 2MASS_J15242475+2925318 [RA] 15 24 24.7592 [Dec] +29 25 31.5445 [FIL] GG495 [EXPTIME] 60.0 [Date] 2022-07-07T15:39:23 [Time] 15:39:23
111/126 2MASS_J15242475+2925318-20220707@154045-Eden.fts [TYPE] LIGHT [OBJ] 2MASS_J15242475+2925318 [RA] 15 24 24.7592 [Dec] +29 25 31.5445 [FIL] GG495 [EXPTIME] 60.0 [Date] 2022-07-07T15:40:45 [Time] 15:40:45
112/126 2MASS_J15242475+2925318-20220707@154203-Eden.fts [TYPE] LIGHT [OBJ] 2MASS_J15242475+2925318 [RA] 15 24 24.7592 [Dec] +29 25 31.5445 [FIL] GG495 [EXPTIME] 60.0 [Date] 2022-07-07T15:42:03 [Time] 15:42:03
113/126 2MASS_J15242475+2925318-20220707@154320-Eden.fts [TYPE] LIGHT [OBJ] 2MASS_J15242475+2925318 [RA] 15 24 24.7592 [Dec] +29 25 31.5445 [FIL] GG495 [EXPTIME] 60.0 [Date] 2022-07-07T15:43:20 [Time] 15:43:20
114/126 2MASS_J15242475+2925318-20220707@154437-Eden.fts [TYPE] LIGHT [OBJ] 2MASS_J15242475+2925318 [RA] 15 24 24.7592 [Dec] +29 25 31.5445 [FIL] GG495 [EXPTIME] 60.0 [Date] 2022-07-07T15:44:37 [Time] 15:44:37
115/126 2MASS_J15242475+2925318-20220707@154553-Eden.fts [TYPE] LIGHT [OBJ] 2MASS_J15242475+2925318 [RA] 15 24 24.7592 [Dec] +29 25 31.5445 [FIL] GG495 [EXPTIME] 60.0 [Date] 2022-07-07T15:45:53 [Time] 15:45:53
116/126 2MASS_J15242475+2925318-20220707@154711-Eden.fts [TYPE] LIGHT [OBJ] 2MASS_J15242475+2925318 [RA] 15 24 24.7592 [Dec] +29 25 31.5445 [FIL] GG495 [EXPTIME] 60.0 [Date] 2022-07-07T15:47:11 [Time] 15:47:11
117/126 2MASS_J15242475+2925318-20220707@154830-Eden.fts [TYPE] LIGHT [OBJ] 2MASS_J15242475+2925318 [RA] 15 24 24.7592 [Dec] +29 25 31.5445 [FIL] GG495 [EXPTIME] 60.0 [Date] 2022-07-07T15:48:30 [Time] 15:48:30
118/126 2MASS_J15242475+2925318-20220707@154947-Eden.fts [TYPE] LIGHT [OBJ] 2MASS_J15242475+2925318 [RA] 15 24 24.7592 [Dec] +29 25 31.5445 [FIL] GG495 [EXPTIME] 60.0 [Date] 2022-07-07T15:49:47 [Time] 15:49:47
119/126 2MASS_J15242475+2925318-20220707@155104-Eden.fts [TYPE] LIGHT [OBJ] 2MASS_J15242475+2925318 [RA] 15 24 24.7592 [Dec] +29 25 31.5445 [FIL] GG495 [EXPTIME] 60.0 [Date] 2022-07-07T15:51:04 [Time] 15:51:04
120/126 2MASS_J15242475+2925318-20220707@155221-Eden.fts [TYPE] LIGHT [OBJ] 2MASS_J15242475+2925318 [RA] 15 24 24.7592 [Dec] +29 25 31.5445 [FIL] GG495 [EXPTIME] 60.0 [Date] 2022-07-07T15:52:21 [Time] 15:52:21
121/126 2MASS_J15242475+2925318-20220707@155343-Eden.fts [TYPE] LIGHT [OBJ] 2MASS_J15242475+2925318 [RA] 15 24 24.7592 [Dec] +29 25 31.5445 [FIL] GG495 [EXPTIME] 60.0 [Date] 2022-07-07T15:53:43 [Time] 15:53:43
122/126 2MASS_J15242475+2925318-20220707@155501-Eden.fts [TYPE] LIGHT [OBJ] 2MASS_J15242475+2925318 [RA] 15 24 24.7592 [Dec] +29 25 31.5445 [FIL] GG495 [EXPTIME] 60.0 [Date] 2022-07-07T15:55:01 [Time] 15:55:01
123/126 2MASS_J15242475+2925318-20220707@155618-Eden.fts [TYPE] LIGHT [OBJ] 2MASS_J15242475+2925318 [RA] 15 24 24.7592 [Dec] +29 25 31.5445 [FIL] GG495 [EXPTIME] 60.0 [Date] 2022-07-07T15:56:18 [Time] 15:56:18
124/126 2MASS_J15242475+2925318-20220707@155736-Eden.fts [TYPE] LIGHT [OBJ] 2MASS_J15242475+2925318 [RA] 15 24 24.7592 [Dec] +29 25 31.5445 [FIL] GG495 [EXPTIME] 60.0 [Date] 2022-07-07T15:57:36 [Time] 15:57:36
125/126 2MASS_J15242475+2925318-20220707@155854-Eden.fts [TYPE] LIGHT [OBJ] 2MASS_J15242475+2925318 [RA] 15 24 24.7592 [Dec] +29 25 31.5445 [FIL] GG495 [EXPTIME] 60.0 [Date] 2022-07-07T15:58:54 [Time] 15:58:54
126/126 2MASS_J15242475+2925318-20220707@160010-Eden.fts [TYPE] LIGHT [OBJ] 2MASS_J15242475+2925318 [RA] 15 24 24.7592 [Dec] +29 25 31.5445 [FIL] GG495 [EXPTIME] 60.0 [Date] 2022-07-07T16:00:10 [Time] 16:00:10
... write log file to LOT20220707_2MASS_J15242475+2925318_mod.log ...
... finish ...
