Bucket successfully loaded! eden-data
179 files found
Storing data to the S3 archive!
We can now start uploading the data.
Press return to start the upload, or anything else to abort: Verbose output enabled.
Storing /home/altsai/eden/LOT20201019_LP_647_13_mod/202001019_flat-001b.fits -> s3://eden-data/Calibrations/LOT/FLAT/2020-10-19/202001019_flat-001b.fits (1/179)
Storing /home/altsai/eden/LOT20201019_LP_647_13_mod/202001019_flat-001eden.fits -> s3://eden-data/Calibrations/LOT/FLAT/2020-10-19/202001019_flat-001eden.fits (2/179)
Storing /home/altsai/eden/LOT20201019_LP_647_13_mod/202001019_flat-001gp.fits -> s3://eden-data/Calibrations/LOT/FLAT/2020-10-19/202001019_flat-001gp.fits (3/179)
Storing /home/altsai/eden/LOT20201019_LP_647_13_mod/202001019_flat-001ip.fits -> s3://eden-data/Calibrations/LOT/FLAT/2020-10-19/202001019_flat-001ip.fits (4/179)
Storing /home/altsai/eden/LOT20201019_LP_647_13_mod/202001019_flat-001r.fits -> s3://eden-data/Calibrations/LOT/FLAT/2020-10-19/202001019_flat-001r.fits (5/179)
Storing /home/altsai/eden/LOT20201019_LP_647_13_mod/202001019_flat-001rp.fits -> s3://eden-data/Calibrations/LOT/FLAT/2020-10-19/202001019_flat-001rp.fits (6/179)
Storing /home/altsai/eden/LOT20201019_LP_647_13_mod/202001019_flat-001v.fits -> s3://eden-data/Calibrations/LOT/FLAT/2020-10-19/202001019_flat-001v.fits (7/179)
Storing /home/altsai/eden/LOT20201019_LP_647_13_mod/202001019_flat-002b.fits -> s3://eden-data/Calibrations/LOT/FLAT/2020-10-19/202001019_flat-002b.fits (8/179)
Storing /home/altsai/eden/LOT20201019_LP_647_13_mod/202001019_flat-002eden.fits -> s3://eden-data/Calibrations/LOT/FLAT/2020-10-19/202001019_flat-002eden.fits (9/179)
Storing /home/altsai/eden/LOT20201019_LP_647_13_mod/202001019_flat-002gp.fits -> s3://eden-data/Calibrations/LOT/FLAT/2020-10-19/202001019_flat-002gp.fits (10/179)
Storing /home/altsai/eden/LOT20201019_LP_647_13_mod/202001019_flat-002ip.fits -> s3://eden-data/Calibrations/LOT/FLAT/2020-10-19/202001019_flat-002ip.fits (11/179)
Storing /home/altsai/eden/LOT20201019_LP_647_13_mod/202001019_flat-002r.fits -> s3://eden-data/Calibrations/LOT/FLAT/2020-10-19/202001019_flat-002r.fits (12/179)
Storing /home/altsai/eden/LOT20201019_LP_647_13_mod/202001019_flat-002rp.fits -> s3://eden-data/Calibrations/LOT/FLAT/2020-10-19/202001019_flat-002rp.fits (13/179)
Storing /home/altsai/eden/LOT20201019_LP_647_13_mod/202001019_flat-002v.fits -> s3://eden-data/Calibrations/LOT/FLAT/2020-10-19/202001019_flat-002v.fits (14/179)
Storing /home/altsai/eden/LOT20201019_LP_647_13_mod/202001019_flat-003b.fits -> s3://eden-data/Calibrations/LOT/FLAT/2020-10-19/202001019_flat-003b.fits (15/179)
Storing /home/altsai/eden/LOT20201019_LP_647_13_mod/202001019_flat-003eden.fits -> s3://eden-data/Calibrations/LOT/FLAT/2020-10-19/202001019_flat-003eden.fits (16/179)
Storing /home/altsai/eden/LOT20201019_LP_647_13_mod/202001019_flat-003gp.fits -> s3://eden-data/Calibrations/LOT/FLAT/2020-10-19/202001019_flat-003gp.fits (17/179)
Storing /home/altsai/eden/LOT20201019_LP_647_13_mod/202001019_flat-003ip.fits -> s3://eden-data/Calibrations/LOT/FLAT/2020-10-19/202001019_flat-003ip.fits (18/179)
Storing /home/altsai/eden/LOT20201019_LP_647_13_mod/202001019_flat-003r.fits -> s3://eden-data/Calibrations/LOT/FLAT/2020-10-19/202001019_flat-003r.fits (19/179)
Storing /home/altsai/eden/LOT20201019_LP_647_13_mod/202001019_flat-003rp.fits -> s3://eden-data/Calibrations/LOT/FLAT/2020-10-19/202001019_flat-003rp.fits (20/179)
Storing /home/altsai/eden/LOT20201019_LP_647_13_mod/202001019_flat-003v.fits -> s3://eden-data/Calibrations/LOT/FLAT/2020-10-19/202001019_flat-003v.fits (21/179)
Storing /home/altsai/eden/LOT20201019_LP_647_13_mod/202001019_flat-004b.fits -> s3://eden-data/Calibrations/LOT/FLAT/2020-10-19/202001019_flat-004b.fits (22/179)
Storing /home/altsai/eden/LOT20201019_LP_647_13_mod/202001019_flat-004eden.fits -> s3://eden-data/Calibrations/LOT/FLAT/2020-10-19/202001019_flat-004eden.fits (23/179)
Storing /home/altsai/eden/LOT20201019_LP_647_13_mod/202001019_flat-004gp.fits -> s3://eden-data/Calibrations/LOT/FLAT/2020-10-19/202001019_flat-004gp.fits (24/179)
Storing /home/altsai/eden/LOT20201019_LP_647_13_mod/202001019_flat-004ip.fits -> s3://eden-data/Calibrations/LOT/FLAT/2020-10-19/202001019_flat-004ip.fits (25/179)
Storing /home/altsai/eden/LOT20201019_LP_647_13_mod/202001019_flat-004r.fits -> s3://eden-data/Calibrations/LOT/FLAT/2020-10-19/202001019_flat-004r.fits (26/179)
Storing /home/altsai/eden/LOT20201019_LP_647_13_mod/202001019_flat-004rp.fits -> s3://eden-data/Calibrations/LOT/FLAT/2020-10-19/202001019_flat-004rp.fits (27/179)
Storing /home/altsai/eden/LOT20201019_LP_647_13_mod/202001019_flat-004v.fits -> s3://eden-data/Calibrations/LOT/FLAT/2020-10-19/202001019_flat-004v.fits (28/179)
Storing /home/altsai/eden/LOT20201019_LP_647_13_mod/202001019_flat-005b.fits -> s3://eden-data/Calibrations/LOT/FLAT/2020-10-19/202001019_flat-005b.fits (29/179)
Storing /home/altsai/eden/LOT20201019_LP_647_13_mod/202001019_flat-005eden.fits -> s3://eden-data/Calibrations/LOT/FLAT/2020-10-19/202001019_flat-005eden.fits (30/179)
Storing /home/altsai/eden/LOT20201019_LP_647_13_mod/202001019_flat-005gp.fits -> s3://eden-data/Calibrations/LOT/FLAT/2020-10-19/202001019_flat-005gp.fits (31/179)
Storing /home/altsai/eden/LOT20201019_LP_647_13_mod/202001019_flat-005ip.fits -> s3://eden-data/Calibrations/LOT/FLAT/2020-10-19/202001019_flat-005ip.fits (32/179)
Storing /home/altsai/eden/LOT20201019_LP_647_13_mod/202001019_flat-005r.fits -> s3://eden-data/Calibrations/LOT/FLAT/2020-10-19/202001019_flat-005r.fits (33/179)
Storing /home/altsai/eden/LOT20201019_LP_647_13_mod/202001019_flat-005rp.fits -> s3://eden-data/Calibrations/LOT/FLAT/2020-10-19/202001019_flat-005rp.fits (34/179)
Storing /home/altsai/eden/LOT20201019_LP_647_13_mod/202001019_flat-005v.fits -> s3://eden-data/Calibrations/LOT/FLAT/2020-10-19/202001019_flat-005v.fits (35/179)
Storing /home/altsai/eden/LOT20201019_LP_647_13_mod/202001019_flat-006eden.fits -> s3://eden-data/Calibrations/LOT/FLAT/2020-10-19/202001019_flat-006eden.fits (36/179)
Storing /home/altsai/eden/LOT20201019_LP_647_13_mod/Bias-20201019@215319-000S.fts -> s3://eden-data/Calibrations/LOT/BIAS/2020-10-19/Bias-20201019@215319-000S.fits (37/179)
Storing /home/altsai/eden/LOT20201019_LP_647_13_mod/Bias-20201019@215327-000S.fts -> s3://eden-data/Calibrations/LOT/BIAS/2020-10-19/Bias-20201019@215327-000S.fits (38/179)
Storing /home/altsai/eden/LOT20201019_LP_647_13_mod/Bias-20201019@215334-000S.fts -> s3://eden-data/Calibrations/LOT/BIAS/2020-10-19/Bias-20201019@215334-000S.fits (39/179)
Storing /home/altsai/eden/LOT20201019_LP_647_13_mod/Bias-20201019@215341-000S.fts -> s3://eden-data/Calibrations/LOT/BIAS/2020-10-19/Bias-20201019@215341-000S.fits (40/179)
Storing /home/altsai/eden/LOT20201019_LP_647_13_mod/Bias-20201019@215348-000S.fts -> s3://eden-data/Calibrations/LOT/BIAS/2020-10-19/Bias-20201019@215348-000S.fits (41/179)
Storing /home/altsai/eden/LOT20201019_LP_647_13_mod/Bias-20201019@215355-000S.fts -> s3://eden-data/Calibrations/LOT/BIAS/2020-10-19/Bias-20201019@215355-000S.fits (42/179)
Storing /home/altsai/eden/LOT20201019_LP_647_13_mod/Bias-20201019@215402-000S.fts -> s3://eden-data/Calibrations/LOT/BIAS/2020-10-19/Bias-20201019@215402-000S.fits (43/179)
Storing /home/altsai/eden/LOT20201019_LP_647_13_mod/Bias-20201019@215409-000S.fts -> s3://eden-data/Calibrations/LOT/BIAS/2020-10-19/Bias-20201019@215409-000S.fits (44/179)
Storing /home/altsai/eden/LOT20201019_LP_647_13_mod/Bias-20201019@215416-000S.fts -> s3://eden-data/Calibrations/LOT/BIAS/2020-10-19/Bias-20201019@215416-000S.fits (45/179)
Storing /home/altsai/eden/LOT20201019_LP_647_13_mod/Bias-20201019@215423-000S.fts -> s3://eden-data/Calibrations/LOT/BIAS/2020-10-19/Bias-20201019@215423-000S.fits (46/179)
Storing /home/altsai/eden/LOT20201019_LP_647_13_mod/Dark-20201019@215431-060S.fts -> s3://eden-data/Calibrations/LOT/DARK/2020-10-19/Dark-20201019@215431-060S.fits (47/179)
Storing /home/altsai/eden/LOT20201019_LP_647_13_mod/Dark-20201019@215538-060S.fts -> s3://eden-data/Calibrations/LOT/DARK/2020-10-19/Dark-20201019@215538-060S.fits (48/179)
Storing /home/altsai/eden/LOT20201019_LP_647_13_mod/Dark-20201019@215645-060S.fts -> s3://eden-data/Calibrations/LOT/DARK/2020-10-19/Dark-20201019@215645-060S.fits (49/179)
Storing /home/altsai/eden/LOT20201019_LP_647_13_mod/Dark-20201019@215752-060S.fts -> s3://eden-data/Calibrations/LOT/DARK/2020-10-19/Dark-20201019@215752-060S.fits (50/179)
Storing /home/altsai/eden/LOT20201019_LP_647_13_mod/Dark-20201019@215859-060S.fts -> s3://eden-data/Calibrations/LOT/DARK/2020-10-19/Dark-20201019@215859-060S.fits (51/179)
Storing /home/altsai/eden/LOT20201019_LP_647_13_mod/Dark-20201019@220006-060S.fts -> s3://eden-data/Calibrations/LOT/DARK/2020-10-19/Dark-20201019@220006-060S.fits (52/179)
Storing /home/altsai/eden/LOT20201019_LP_647_13_mod/Dark-20201019@220113-060S.fts -> s3://eden-data/Calibrations/LOT/DARK/2020-10-19/Dark-20201019@220113-060S.fits (53/179)
Storing /home/altsai/eden/LOT20201019_LP_647_13_mod/Dark-20201019@220219-060S.fts -> s3://eden-data/Calibrations/LOT/DARK/2020-10-19/Dark-20201019@220219-060S.fits (54/179)
Storing /home/altsai/eden/LOT20201019_LP_647_13_mod/Dark-20201019@220326-060S.fts -> s3://eden-data/Calibrations/LOT/DARK/2020-10-19/Dark-20201019@220326-060S.fits (55/179)
Storing /home/altsai/eden/LOT20201019_LP_647_13_mod/Dark-20201019@220433-060S.fts -> s3://eden-data/Calibrations/LOT/DARK/2020-10-19/Dark-20201019@220433-060S.fits (56/179)
Storing /home/altsai/eden/LOT20201019_LP_647_13_mod/LP_647-13-20201019@164750-Eden.fts -> s3://eden-data/RAW/LOT/LP_647-13/2020-10-19/LP_647-13-20201019@164750-Eden.fits (57/179)
Storing /home/altsai/eden/LOT20201019_LP_647_13_mod/LP_647-13-20201019@170417-Eden.fts -> s3://eden-data/RAW/LOT/LP_647-13/2020-10-19/LP_647-13-20201019@170417-Eden.fits (58/179)
Storing /home/altsai/eden/LOT20201019_LP_647_13_mod/LP_647-13-20201019@170531-Eden.fts -> s3://eden-data/RAW/LOT/LP_647-13/2020-10-19/LP_647-13-20201019@170531-Eden.fits (59/179)
Storing /home/altsai/eden/LOT20201019_LP_647_13_mod/LP_647-13-20201019@170646-Eden.fts -> s3://eden-data/RAW/LOT/LP_647-13/2020-10-19/LP_647-13-20201019@170646-Eden.fits (60/179)
Storing /home/altsai/eden/LOT20201019_LP_647_13_mod/LP_647-13-20201019@170800-Eden.fts -> s3://eden-data/RAW/LOT/LP_647-13/2020-10-19/LP_647-13-20201019@170800-Eden.fits (61/179)
Storing /home/altsai/eden/LOT20201019_LP_647_13_mod/LP_647-13-20201019@170914-Eden.fts -> s3://eden-data/RAW/LOT/LP_647-13/2020-10-19/LP_647-13-20201019@170914-Eden.fits (62/179)
Storing /home/altsai/eden/LOT20201019_LP_647_13_mod/LP_647-13-20201019@171028-Eden.fts -> s3://eden-data/RAW/LOT/LP_647-13/2020-10-19/LP_647-13-20201019@171028-Eden.fits (63/179)
Storing /home/altsai/eden/LOT20201019_LP_647_13_mod/LP_647-13-20201019@171142-Eden.fts -> s3://eden-data/RAW/LOT/LP_647-13/2020-10-19/LP_647-13-20201019@171142-Eden.fits (64/179)
Storing /home/altsai/eden/LOT20201019_LP_647_13_mod/LP_647-13-20201019@171256-Eden.fts -> s3://eden-data/RAW/LOT/LP_647-13/2020-10-19/LP_647-13-20201019@171256-Eden.fits (65/179)
Storing /home/altsai/eden/LOT20201019_LP_647_13_mod/LP_647-13-20201019@171410-Eden.fts -> s3://eden-data/RAW/LOT/LP_647-13/2020-10-19/LP_647-13-20201019@171410-Eden.fits (66/179)
Storing /home/altsai/eden/LOT20201019_LP_647_13_mod/LP_647-13-20201019@171524-Eden.fts -> s3://eden-data/RAW/LOT/LP_647-13/2020-10-19/LP_647-13-20201019@171524-Eden.fits (67/179)
Storing /home/altsai/eden/LOT20201019_LP_647_13_mod/LP_647-13-20201019@171638-Eden.fts -> s3://eden-data/RAW/LOT/LP_647-13/2020-10-19/LP_647-13-20201019@171638-Eden.fits (68/179)
Storing /home/altsai/eden/LOT20201019_LP_647_13_mod/LP_647-13-20201019@171752-Eden.fts -> s3://eden-data/RAW/LOT/LP_647-13/2020-10-19/LP_647-13-20201019@171752-Eden.fits (69/179)
Storing /home/altsai/eden/LOT20201019_LP_647_13_mod/LP_647-13-20201019@171906-Eden.fts -> s3://eden-data/RAW/LOT/LP_647-13/2020-10-19/LP_647-13-20201019@171906-Eden.fits (70/179)
Storing /home/altsai/eden/LOT20201019_LP_647_13_mod/LP_647-13-20201019@172020-Eden.fts -> s3://eden-data/RAW/LOT/LP_647-13/2020-10-19/LP_647-13-20201019@172020-Eden.fits (71/179)
Storing /home/altsai/eden/LOT20201019_LP_647_13_mod/LP_647-13-20201019@172134-Eden.fts -> s3://eden-data/RAW/LOT/LP_647-13/2020-10-19/LP_647-13-20201019@172134-Eden.fits (72/179)
Storing /home/altsai/eden/LOT20201019_LP_647_13_mod/LP_647-13-20201019@172249-Eden.fts -> s3://eden-data/RAW/LOT/LP_647-13/2020-10-19/LP_647-13-20201019@172249-Eden.fits (73/179)
Storing /home/altsai/eden/LOT20201019_LP_647_13_mod/LP_647-13-20201019@172403-Eden.fts -> s3://eden-data/RAW/LOT/LP_647-13/2020-10-19/LP_647-13-20201019@172403-Eden.fits (74/179)
Storing /home/altsai/eden/LOT20201019_LP_647_13_mod/LP_647-13-20201019@172518-Eden.fts -> s3://eden-data/RAW/LOT/LP_647-13/2020-10-19/LP_647-13-20201019@172518-Eden.fits (75/179)
Storing /home/altsai/eden/LOT20201019_LP_647_13_mod/LP_647-13-20201019@172632-Eden.fts -> s3://eden-data/RAW/LOT/LP_647-13/2020-10-19/LP_647-13-20201019@172632-Eden.fits (76/179)
Storing /home/altsai/eden/LOT20201019_LP_647_13_mod/LP_647-13-20201019@172746-Eden.fts -> s3://eden-data/RAW/LOT/LP_647-13/2020-10-19/LP_647-13-20201019@172746-Eden.fits (77/179)
Storing /home/altsai/eden/LOT20201019_LP_647_13_mod/LP_647-13-20201019@172901-Eden.fts -> s3://eden-data/RAW/LOT/LP_647-13/2020-10-19/LP_647-13-20201019@172901-Eden.fits (78/179)
Storing /home/altsai/eden/LOT20201019_LP_647_13_mod/LP_647-13-20201019@173014-Eden.fts -> s3://eden-data/RAW/LOT/LP_647-13/2020-10-19/LP_647-13-20201019@173014-Eden.fits (79/179)
Storing /home/altsai/eden/LOT20201019_LP_647_13_mod/LP_647-13-20201019@173129-Eden.fts -> s3://eden-data/RAW/LOT/LP_647-13/2020-10-19/LP_647-13-20201019@173129-Eden.fits (80/179)
Storing /home/altsai/eden/LOT20201019_LP_647_13_mod/LP_647-13-20201019@173243-Eden.fts -> s3://eden-data/RAW/LOT/LP_647-13/2020-10-19/LP_647-13-20201019@173243-Eden.fits (81/179)
Storing /home/altsai/eden/LOT20201019_LP_647_13_mod/LP_647-13-20201019@173356-Eden.fts -> s3://eden-data/RAW/LOT/LP_647-13/2020-10-19/LP_647-13-20201019@173356-Eden.fits (82/179)
Storing /home/altsai/eden/LOT20201019_LP_647_13_mod/LP_647-13-20201019@173511-Eden.fts -> s3://eden-data/RAW/LOT/LP_647-13/2020-10-19/LP_647-13-20201019@173511-Eden.fits (83/179)
Storing /home/altsai/eden/LOT20201019_LP_647_13_mod/LP_647-13-20201019@173626-Eden.fts -> s3://eden-data/RAW/LOT/LP_647-13/2020-10-19/LP_647-13-20201019@173626-Eden.fits (84/179)
Storing /home/altsai/eden/LOT20201019_LP_647_13_mod/LP_647-13-20201019@173740-Eden.fts -> s3://eden-data/RAW/LOT/LP_647-13/2020-10-19/LP_647-13-20201019@173740-Eden.fits (85/179)
Storing /home/altsai/eden/LOT20201019_LP_647_13_mod/LP_647-13-20201019@173855-Eden.fts -> s3://eden-data/RAW/LOT/LP_647-13/2020-10-19/LP_647-13-20201019@173855-Eden.fits (86/179)
Storing /home/altsai/eden/LOT20201019_LP_647_13_mod/LP_647-13-20201019@174008-Eden.fts -> s3://eden-data/RAW/LOT/LP_647-13/2020-10-19/LP_647-13-20201019@174008-Eden.fits (87/179)
Storing /home/altsai/eden/LOT20201019_LP_647_13_mod/LP_647-13-20201019@174121-Eden.fts -> s3://eden-data/RAW/LOT/LP_647-13/2020-10-19/LP_647-13-20201019@174121-Eden.fits (88/179)
Storing /home/altsai/eden/LOT20201019_LP_647_13_mod/LP_647-13-20201019@174236-Eden.fts -> s3://eden-data/RAW/LOT/LP_647-13/2020-10-19/LP_647-13-20201019@174236-Eden.fits (89/179)
Storing /home/altsai/eden/LOT20201019_LP_647_13_mod/LP_647-13-20201019@174350-Eden.fts -> s3://eden-data/RAW/LOT/LP_647-13/2020-10-19/LP_647-13-20201019@174350-Eden.fits (90/179)
Storing /home/altsai/eden/LOT20201019_LP_647_13_mod/LP_647-13-20201019@174505-Eden.fts -> s3://eden-data/RAW/LOT/LP_647-13/2020-10-19/LP_647-13-20201019@174505-Eden.fits (91/179)
Storing /home/altsai/eden/LOT20201019_LP_647_13_mod/LP_647-13-20201019@174619-Eden.fts -> s3://eden-data/RAW/LOT/LP_647-13/2020-10-19/LP_647-13-20201019@174619-Eden.fits (92/179)
Storing /home/altsai/eden/LOT20201019_LP_647_13_mod/LP_647-13-20201019@174733-Eden.fts -> s3://eden-data/RAW/LOT/LP_647-13/2020-10-19/LP_647-13-20201019@174733-Eden.fits (93/179)
Storing /home/altsai/eden/LOT20201019_LP_647_13_mod/LP_647-13-20201019@174847-Eden.fts -> s3://eden-data/RAW/LOT/LP_647-13/2020-10-19/LP_647-13-20201019@174847-Eden.fits (94/179)
Storing /home/altsai/eden/LOT20201019_LP_647_13_mod/LP_647-13-20201019@175001-Eden.fts -> s3://eden-data/RAW/LOT/LP_647-13/2020-10-19/LP_647-13-20201019@175001-Eden.fits (95/179)
Storing /home/altsai/eden/LOT20201019_LP_647_13_mod/LP_647-13-20201019@175115-Eden.fts -> s3://eden-data/RAW/LOT/LP_647-13/2020-10-19/LP_647-13-20201019@175115-Eden.fits (96/179)
Storing /home/altsai/eden/LOT20201019_LP_647_13_mod/LP_647-13-20201019@175228-Eden.fts -> s3://eden-data/RAW/LOT/LP_647-13/2020-10-19/LP_647-13-20201019@175228-Eden.fits (97/179)
Storing /home/altsai/eden/LOT20201019_LP_647_13_mod/LP_647-13-20201019@175343-Eden.fts -> s3://eden-data/RAW/LOT/LP_647-13/2020-10-19/LP_647-13-20201019@175343-Eden.fits (98/179)
Storing /home/altsai/eden/LOT20201019_LP_647_13_mod/LP_647-13-20201019@175456-Eden.fts -> s3://eden-data/RAW/LOT/LP_647-13/2020-10-19/LP_647-13-20201019@175456-Eden.fits (99/179)
Storing /home/altsai/eden/LOT20201019_LP_647_13_mod/LP_647-13-20201019@175610-Eden.fts -> s3://eden-data/RAW/LOT/LP_647-13/2020-10-19/LP_647-13-20201019@175610-Eden.fits (100/179)
Storing /home/altsai/eden/LOT20201019_LP_647_13_mod/LP_647-13-20201019@175725-Eden.fts -> s3://eden-data/RAW/LOT/LP_647-13/2020-10-19/LP_647-13-20201019@175725-Eden.fits (101/179)
Storing /home/altsai/eden/LOT20201019_LP_647_13_mod/LP_647-13-20201019@175841-Eden.fts -> s3://eden-data/RAW/LOT/LP_647-13/2020-10-19/LP_647-13-20201019@175841-Eden.fits (102/179)
Storing /home/altsai/eden/LOT20201019_LP_647_13_mod/LP_647-13-20201019@175954-Eden.fts -> s3://eden-data/RAW/LOT/LP_647-13/2020-10-19/LP_647-13-20201019@175954-Eden.fits (103/179)
Storing /home/altsai/eden/LOT20201019_LP_647_13_mod/LP_647-13-20201019@180108-Eden.fts -> s3://eden-data/RAW/LOT/LP_647-13/2020-10-19/LP_647-13-20201019@180108-Eden.fits (104/179)
Storing /home/altsai/eden/LOT20201019_LP_647_13_mod/LP_647-13-20201019@180222-Eden.fts -> s3://eden-data/RAW/LOT/LP_647-13/2020-10-19/LP_647-13-20201019@180222-Eden.fits (105/179)
Storing /home/altsai/eden/LOT20201019_LP_647_13_mod/LP_647-13-20201019@180336-Eden.fts -> s3://eden-data/RAW/LOT/LP_647-13/2020-10-19/LP_647-13-20201019@180336-Eden.fits (106/179)
Storing /home/altsai/eden/LOT20201019_LP_647_13_mod/LP_647-13-20201019@180451-Eden.fts -> s3://eden-data/RAW/LOT/LP_647-13/2020-10-19/LP_647-13-20201019@180451-Eden.fits (107/179)
Storing /home/altsai/eden/LOT20201019_LP_647_13_mod/LP_647-13-20201019@180607-Eden.fts -> s3://eden-data/RAW/LOT/LP_647-13/2020-10-19/LP_647-13-20201019@180607-Eden.fits (108/179)
Storing /home/altsai/eden/LOT20201019_LP_647_13_mod/LP_647-13-20201019@180721-Eden.fts -> s3://eden-data/RAW/LOT/LP_647-13/2020-10-19/LP_647-13-20201019@180721-Eden.fits (109/179)
Storing /home/altsai/eden/LOT20201019_LP_647_13_mod/LP_647-13-20201019@180835-Eden.fts -> s3://eden-data/RAW/LOT/LP_647-13/2020-10-19/LP_647-13-20201019@180835-Eden.fits (110/179)
Storing /home/altsai/eden/LOT20201019_LP_647_13_mod/LP_647-13-20201019@180949-Eden.fts -> s3://eden-data/RAW/LOT/LP_647-13/2020-10-19/LP_647-13-20201019@180949-Eden.fits (111/179)
Storing /home/altsai/eden/LOT20201019_LP_647_13_mod/LP_647-13-20201019@181104-Eden.fts -> s3://eden-data/RAW/LOT/LP_647-13/2020-10-19/LP_647-13-20201019@181104-Eden.fits (112/179)
Storing /home/altsai/eden/LOT20201019_LP_647_13_mod/LP_647-13-20201019@181217-Eden.fts -> s3://eden-data/RAW/LOT/LP_647-13/2020-10-19/LP_647-13-20201019@181217-Eden.fits (113/179)
Storing /home/altsai/eden/LOT20201019_LP_647_13_mod/LP_647-13-20201019@181331-Eden.fts -> s3://eden-data/RAW/LOT/LP_647-13/2020-10-19/LP_647-13-20201019@181331-Eden.fits (114/179)
Storing /home/altsai/eden/LOT20201019_LP_647_13_mod/LP_647-13-20201019@181445-Eden.fts -> s3://eden-data/RAW/LOT/LP_647-13/2020-10-19/LP_647-13-20201019@181445-Eden.fits (115/179)
Storing /home/altsai/eden/LOT20201019_LP_647_13_mod/LP_647-13-20201019@181559-Eden.fts -> s3://eden-data/RAW/LOT/LP_647-13/2020-10-19/LP_647-13-20201019@181559-Eden.fits (116/179)
Storing /home/altsai/eden/LOT20201019_LP_647_13_mod/LP_647-13-20201019@181714-Eden.fts -> s3://eden-data/RAW/LOT/LP_647-13/2020-10-19/LP_647-13-20201019@181714-Eden.fits (117/179)
Storing /home/altsai/eden/LOT20201019_LP_647_13_mod/LP_647-13-20201019@181829-Eden.fts -> s3://eden-data/RAW/LOT/LP_647-13/2020-10-19/LP_647-13-20201019@181829-Eden.fits (118/179)
Storing /home/altsai/eden/LOT20201019_LP_647_13_mod/LP_647-13-20201019@181942-Eden.fts -> s3://eden-data/RAW/LOT/LP_647-13/2020-10-19/LP_647-13-20201019@181942-Eden.fits (119/179)
Storing /home/altsai/eden/LOT20201019_LP_647_13_mod/LP_647-13-20201019@182056-Eden.fts -> s3://eden-data/RAW/LOT/LP_647-13/2020-10-19/LP_647-13-20201019@182056-Eden.fits (120/179)
Storing /home/altsai/eden/LOT20201019_LP_647_13_mod/LP_647-13-20201019@182211-Eden.fts -> s3://eden-data/RAW/LOT/LP_647-13/2020-10-19/LP_647-13-20201019@182211-Eden.fits (121/179)
Storing /home/altsai/eden/LOT20201019_LP_647_13_mod/LP_647-13-20201019@182325-Eden.fts -> s3://eden-data/RAW/LOT/LP_647-13/2020-10-19/LP_647-13-20201019@182325-Eden.fits (122/179)
Storing /home/altsai/eden/LOT20201019_LP_647_13_mod/LP_647-13-20201019@182439-Eden.fts -> s3://eden-data/RAW/LOT/LP_647-13/2020-10-19/LP_647-13-20201019@182439-Eden.fits (123/179)
Storing /home/altsai/eden/LOT20201019_LP_647_13_mod/LP_647-13-20201019@182554-Eden.fts -> s3://eden-data/RAW/LOT/LP_647-13/2020-10-19/LP_647-13-20201019@182554-Eden.fits (124/179)
Storing /home/altsai/eden/LOT20201019_LP_647_13_mod/LP_647-13-20201019@182708-Eden.fts -> s3://eden-data/RAW/LOT/LP_647-13/2020-10-19/LP_647-13-20201019@182708-Eden.fits (125/179)
Storing /home/altsai/eden/LOT20201019_LP_647_13_mod/LP_647-13-20201019@182823-Eden.fts -> s3://eden-data/RAW/LOT/LP_647-13/2020-10-19/LP_647-13-20201019@182823-Eden.fits (126/179)
Storing /home/altsai/eden/LOT20201019_LP_647_13_mod/LP_647-13-20201019@182938-Eden.fts -> s3://eden-data/RAW/LOT/LP_647-13/2020-10-19/LP_647-13-20201019@182938-Eden.fits (127/179)
Storing /home/altsai/eden/LOT20201019_LP_647_13_mod/LP_647-13-20201019@183052-Eden.fts -> s3://eden-data/RAW/LOT/LP_647-13/2020-10-19/LP_647-13-20201019@183052-Eden.fits (128/179)
Storing /home/altsai/eden/LOT20201019_LP_647_13_mod/LP_647-13-20201019@183206-Eden.fts -> s3://eden-data/RAW/LOT/LP_647-13/2020-10-19/LP_647-13-20201019@183206-Eden.fits (129/179)
Storing /home/altsai/eden/LOT20201019_LP_647_13_mod/LP_647-13-20201019@183320-Eden.fts -> s3://eden-data/RAW/LOT/LP_647-13/2020-10-19/LP_647-13-20201019@183320-Eden.fits (130/179)
Storing /home/altsai/eden/LOT20201019_LP_647_13_mod/LP_647-13-20201019@183434-Eden.fts -> s3://eden-data/RAW/LOT/LP_647-13/2020-10-19/LP_647-13-20201019@183434-Eden.fits (131/179)
Storing /home/altsai/eden/LOT20201019_LP_647_13_mod/LP_647-13-20201019@183549-Eden.fts -> s3://eden-data/RAW/LOT/LP_647-13/2020-10-19/LP_647-13-20201019@183549-Eden.fits (132/179)
Storing /home/altsai/eden/LOT20201019_LP_647_13_mod/LP_647-13-20201019@183704-Eden.fts -> s3://eden-data/RAW/LOT/LP_647-13/2020-10-19/LP_647-13-20201019@183704-Eden.fits (133/179)
Storing /home/altsai/eden/LOT20201019_LP_647_13_mod/LP_647-13-20201019@183819-Eden.fts -> s3://eden-data/RAW/LOT/LP_647-13/2020-10-19/LP_647-13-20201019@183819-Eden.fits (134/179)
Storing /home/altsai/eden/LOT20201019_LP_647_13_mod/LP_647-13-20201019@183933-Eden.fts -> s3://eden-data/RAW/LOT/LP_647-13/2020-10-19/LP_647-13-20201019@183933-Eden.fits (135/179)
Storing /home/altsai/eden/LOT20201019_LP_647_13_mod/LP_647-13-20201019@184046-Eden.fts -> s3://eden-data/RAW/LOT/LP_647-13/2020-10-19/LP_647-13-20201019@184046-Eden.fits (136/179)
Storing /home/altsai/eden/LOT20201019_LP_647_13_mod/LP_647-13-20201019@184201-Eden.fts -> s3://eden-data/RAW/LOT/LP_647-13/2020-10-19/LP_647-13-20201019@184201-Eden.fits (137/179)
Storing /home/altsai/eden/LOT20201019_LP_647_13_mod/LP_647-13-20201019@184315-Eden.fts -> s3://eden-data/RAW/LOT/LP_647-13/2020-10-19/LP_647-13-20201019@184315-Eden.fits (138/179)
Storing /home/altsai/eden/LOT20201019_LP_647_13_mod/LP_647-13-20201019@184430-Eden.fts -> s3://eden-data/RAW/LOT/LP_647-13/2020-10-19/LP_647-13-20201019@184430-Eden.fits (139/179)
Storing /home/altsai/eden/LOT20201019_LP_647_13_mod/LP_647-13-20201019@184545-Eden.fts -> s3://eden-data/RAW/LOT/LP_647-13/2020-10-19/LP_647-13-20201019@184545-Eden.fits (140/179)
Storing /home/altsai/eden/LOT20201019_LP_647_13_mod/LP_647-13-20201019@184659-Eden.fts -> s3://eden-data/RAW/LOT/LP_647-13/2020-10-19/LP_647-13-20201019@184659-Eden.fits (141/179)
Storing /home/altsai/eden/LOT20201019_LP_647_13_mod/LP_647-13-20201019@184813-Eden.fts -> s3://eden-data/RAW/LOT/LP_647-13/2020-10-19/LP_647-13-20201019@184813-Eden.fits (142/179)
Storing /home/altsai/eden/LOT20201019_LP_647_13_mod/LP_647-13-20201019@184927-Eden.fts -> s3://eden-data/RAW/LOT/LP_647-13/2020-10-19/LP_647-13-20201019@184927-Eden.fits (143/179)
Storing /home/altsai/eden/LOT20201019_LP_647_13_mod/LP_647-13-20201019@185041-Eden.fts -> s3://eden-data/RAW/LOT/LP_647-13/2020-10-19/LP_647-13-20201019@185041-Eden.fits (144/179)
Storing /home/altsai/eden/LOT20201019_LP_647_13_mod/LP_647-13-20201019@185155-Eden.fts -> s3://eden-data/RAW/LOT/LP_647-13/2020-10-19/LP_647-13-20201019@185155-Eden.fits (145/179)
Storing /home/altsai/eden/LOT20201019_LP_647_13_mod/LP_647-13-20201019@185310-Eden.fts -> s3://eden-data/RAW/LOT/LP_647-13/2020-10-19/LP_647-13-20201019@185310-Eden.fits (146/179)
Storing /home/altsai/eden/LOT20201019_LP_647_13_mod/LP_647-13-20201019@185424-Eden.fts -> s3://eden-data/RAW/LOT/LP_647-13/2020-10-19/LP_647-13-20201019@185424-Eden.fits (147/179)
Storing /home/altsai/eden/LOT20201019_LP_647_13_mod/LP_647-13-20201019@185537-Eden.fts -> s3://eden-data/RAW/LOT/LP_647-13/2020-10-19/LP_647-13-20201019@185537-Eden.fits (148/179)
Storing /home/altsai/eden/LOT20201019_LP_647_13_mod/LP_647-13-20201019@185651-Eden.fts -> s3://eden-data/RAW/LOT/LP_647-13/2020-10-19/LP_647-13-20201019@185651-Eden.fits (149/179)
Storing /home/altsai/eden/LOT20201019_LP_647_13_mod/LP_647-13-20201019@185805-Eden.fts -> s3://eden-data/RAW/LOT/LP_647-13/2020-10-19/LP_647-13-20201019@185805-Eden.fits (150/179)
Storing /home/altsai/eden/LOT20201019_LP_647_13_mod/LP_647-13-20201019@185919-Eden.fts -> s3://eden-data/RAW/LOT/LP_647-13/2020-10-19/LP_647-13-20201019@185919-Eden.fits (151/179)
Storing /home/altsai/eden/LOT20201019_LP_647_13_mod/LP_647-13-20201019@190033-Eden.fts -> s3://eden-data/RAW/LOT/LP_647-13/2020-10-19/LP_647-13-20201019@190033-Eden.fits (152/179)
Storing /home/altsai/eden/LOT20201019_LP_647_13_mod/LP_647-13-20201019@190147-Eden.fts -> s3://eden-data/RAW/LOT/LP_647-13/2020-10-19/LP_647-13-20201019@190147-Eden.fits (153/179)
Storing /home/altsai/eden/LOT20201019_LP_647_13_mod/LP_647-13-20201019@190301-Eden.fts -> s3://eden-data/RAW/LOT/LP_647-13/2020-10-19/LP_647-13-20201019@190301-Eden.fits (154/179)
Storing /home/altsai/eden/LOT20201019_LP_647_13_mod/LP_647-13-20201019@190416-Eden.fts -> s3://eden-data/RAW/LOT/LP_647-13/2020-10-19/LP_647-13-20201019@190416-Eden.fits (155/179)
Storing /home/altsai/eden/LOT20201019_LP_647_13_mod/LP_647-13-20201019@190529-Eden.fts -> s3://eden-data/RAW/LOT/LP_647-13/2020-10-19/LP_647-13-20201019@190529-Eden.fits (156/179)
Storing /home/altsai/eden/LOT20201019_LP_647_13_mod/LP_647-13-20201019@190643-Eden.fts -> s3://eden-data/RAW/LOT/LP_647-13/2020-10-19/LP_647-13-20201019@190643-Eden.fits (157/179)
Storing /home/altsai/eden/LOT20201019_LP_647_13_mod/LP_647-13-20201019@190758-Eden.fts -> s3://eden-data/RAW/LOT/LP_647-13/2020-10-19/LP_647-13-20201019@190758-Eden.fits (158/179)
Storing /home/altsai/eden/LOT20201019_LP_647_13_mod/LP_647-13-20201019@190913-Eden.fts -> s3://eden-data/RAW/LOT/LP_647-13/2020-10-19/LP_647-13-20201019@190913-Eden.fits (159/179)
Storing /home/altsai/eden/LOT20201019_LP_647_13_mod/LP_647-13-20201019@191027-Eden.fts -> s3://eden-data/RAW/LOT/LP_647-13/2020-10-19/LP_647-13-20201019@191027-Eden.fits (160/179)
Storing /home/altsai/eden/LOT20201019_LP_647_13_mod/LP_647-13-20201019@191142-Eden.fts -> s3://eden-data/RAW/LOT/LP_647-13/2020-10-19/LP_647-13-20201019@191142-Eden.fits (161/179)
Storing /home/altsai/eden/LOT20201019_LP_647_13_mod/LP_647-13-20201019@191256-Eden.fts -> s3://eden-data/RAW/LOT/LP_647-13/2020-10-19/LP_647-13-20201019@191256-Eden.fits (162/179)
Storing /home/altsai/eden/LOT20201019_LP_647_13_mod/LP_647-13-20201019@191410-Eden.fts -> s3://eden-data/RAW/LOT/LP_647-13/2020-10-19/LP_647-13-20201019@191410-Eden.fits (163/179)
Storing /home/altsai/eden/LOT20201019_LP_647_13_mod/LP_647-13-20201019@191524-Eden.fts -> s3://eden-data/RAW/LOT/LP_647-13/2020-10-19/LP_647-13-20201019@191524-Eden.fits (164/179)
Storing /home/altsai/eden/LOT20201019_LP_647_13_mod/LP_647-13-20201019@191638-Eden.fts -> s3://eden-data/RAW/LOT/LP_647-13/2020-10-19/LP_647-13-20201019@191638-Eden.fits (165/179)
Storing /home/altsai/eden/LOT20201019_LP_647_13_mod/LP_647-13-20201019@191753-Eden.fts -> s3://eden-data/RAW/LOT/LP_647-13/2020-10-19/LP_647-13-20201019@191753-Eden.fits (166/179)
Storing /home/altsai/eden/LOT20201019_LP_647_13_mod/LP_647-13-20201019@191906-Eden.fts -> s3://eden-data/RAW/LOT/LP_647-13/2020-10-19/LP_647-13-20201019@191906-Eden.fits (167/179)
Storing /home/altsai/eden/LOT20201019_LP_647_13_mod/LP_647-13-20201019@192021-Eden.fts -> s3://eden-data/RAW/LOT/LP_647-13/2020-10-19/LP_647-13-20201019@192021-Eden.fits (168/179)
Storing /home/altsai/eden/LOT20201019_LP_647_13_mod/LP_647-13-20201019@192134-Eden.fts -> s3://eden-data/RAW/LOT/LP_647-13/2020-10-19/LP_647-13-20201019@192134-Eden.fits (169/179)
Storing /home/altsai/eden/LOT20201019_LP_647_13_mod/LP_647-13-20201019@192248-Eden.fts -> s3://eden-data/RAW/LOT/LP_647-13/2020-10-19/LP_647-13-20201019@192248-Eden.fits (170/179)
Storing /home/altsai/eden/LOT20201019_LP_647_13_mod/LP_647-13-20201019@192402-Eden.fts -> s3://eden-data/RAW/LOT/LP_647-13/2020-10-19/LP_647-13-20201019@192402-Eden.fits (171/179)
Storing /home/altsai/eden/LOT20201019_LP_647_13_mod/LP_647-13-20201019@192517-Eden.fts -> s3://eden-data/RAW/LOT/LP_647-13/2020-10-19/LP_647-13-20201019@192517-Eden.fits (172/179)
Storing /home/altsai/eden/LOT20201019_LP_647_13_mod/LP_647-13-20201019@192631-Eden.fts -> s3://eden-data/RAW/LOT/LP_647-13/2020-10-19/LP_647-13-20201019@192631-Eden.fits (173/179)
Storing /home/altsai/eden/LOT20201019_LP_647_13_mod/LP_647-13-20201019@192744-Eden.fts -> s3://eden-data/RAW/LOT/LP_647-13/2020-10-19/LP_647-13-20201019@192744-Eden.fits (174/179)
Storing /home/altsai/eden/LOT20201019_LP_647_13_mod/LP_647-13-20201019@192859-Eden.fts -> s3://eden-data/RAW/LOT/LP_647-13/2020-10-19/LP_647-13-20201019@192859-Eden.fits (175/179)
Storing /home/altsai/eden/LOT20201019_LP_647_13_mod/LP_647-13-20201019@193013-Eden.fts -> s3://eden-data/RAW/LOT/LP_647-13/2020-10-19/LP_647-13-20201019@193013-Eden.fits (176/179)
Storing /home/altsai/eden/LOT20201019_LP_647_13_mod/LP_647-13-20201019@193127-Eden.fts -> s3://eden-data/RAW/LOT/LP_647-13/2020-10-19/LP_647-13-20201019@193127-Eden.fits (177/179)
Storing /home/altsai/eden/LOT20201019_LP_647_13_mod/LP_647-13-20201019@193240-Eden.fts -> s3://eden-data/RAW/LOT/LP_647-13/2020-10-19/LP_647-13-20201019@193240-Eden.fits (178/179)
Storing /home/altsai/eden/LOT20201019_LP_647_13_mod/LP_647-13-20201019@193354-Eden.fts -> s3://eden-data/RAW/LOT/LP_647-13/2020-10-19/LP_647-13-20201019@193354-Eden.fits (179/179)

Upload complete!
Stored: 179 files (1.5 GB)
