Bucket successfully loaded! eden-data
179 files found
Storing data to the S3 archive!
We can now start uploading the data.
Press return to start the upload, or anything else to abort: Verbose output enabled.
Storing /home/altsai/eden/LOT20220505_2MASS_J15345704-1418486_mod/2MASS_J15345704-1418486-20220505@171345-Eden.fts -> s3://eden-data/RAW/LOT/2MASS_J15345704-1418486/2022-05-05/2MASS_J15345704-1418486-20220505@171345-Eden.fits (1/179)
Storing /home/altsai/eden/LOT20220505_2MASS_J15345704-1418486_mod/2MASS_J15345704-1418486-20220505@171502-Eden.fts -> s3://eden-data/RAW/LOT/2MASS_J15345704-1418486/2022-05-05/2MASS_J15345704-1418486-20220505@171502-Eden.fits (2/179)
Storing /home/altsai/eden/LOT20220505_2MASS_J15345704-1418486_mod/2MASS_J15345704-1418486-20220505@171618-Eden.fts -> s3://eden-data/RAW/LOT/2MASS_J15345704-1418486/2022-05-05/2MASS_J15345704-1418486-20220505@171618-Eden.fits (3/179)
Storing /home/altsai/eden/LOT20220505_2MASS_J15345704-1418486_mod/2MASS_J15345704-1418486-20220505@171857-Eden.fts -> s3://eden-data/RAW/LOT/2MASS_J15345704-1418486/2022-05-05/2MASS_J15345704-1418486-20220505@171857-Eden.fits (4/179)
Storing /home/altsai/eden/LOT20220505_2MASS_J15345704-1418486_mod/2MASS_J15345704-1418486-20220505@172013-Eden.fts -> s3://eden-data/RAW/LOT/2MASS_J15345704-1418486/2022-05-05/2MASS_J15345704-1418486-20220505@172013-Eden.fits (5/179)
Storing /home/altsai/eden/LOT20220505_2MASS_J15345704-1418486_mod/2MASS_J15345704-1418486-20220505@172129-Eden.fts -> s3://eden-data/RAW/LOT/2MASS_J15345704-1418486/2022-05-05/2MASS_J15345704-1418486-20220505@172129-Eden.fits (6/179)
Storing /home/altsai/eden/LOT20220505_2MASS_J15345704-1418486_mod/2MASS_J15345704-1418486-20220505@172246-Eden.fts -> s3://eden-data/RAW/LOT/2MASS_J15345704-1418486/2022-05-05/2MASS_J15345704-1418486-20220505@172246-Eden.fits (7/179)
Storing /home/altsai/eden/LOT20220505_2MASS_J15345704-1418486_mod/2MASS_J15345704-1418486-20220505@172401-Eden.fts -> s3://eden-data/RAW/LOT/2MASS_J15345704-1418486/2022-05-05/2MASS_J15345704-1418486-20220505@172401-Eden.fits (8/179)
Storing /home/altsai/eden/LOT20220505_2MASS_J15345704-1418486_mod/2MASS_J15345704-1418486-20220505@172517-Eden.fts -> s3://eden-data/RAW/LOT/2MASS_J15345704-1418486/2022-05-05/2MASS_J15345704-1418486-20220505@172517-Eden.fits (9/179)
Storing /home/altsai/eden/LOT20220505_2MASS_J15345704-1418486_mod/2MASS_J15345704-1418486-20220505@172633-Eden.fts -> s3://eden-data/RAW/LOT/2MASS_J15345704-1418486/2022-05-05/2MASS_J15345704-1418486-20220505@172633-Eden.fits (10/179)
Storing /home/altsai/eden/LOT20220505_2MASS_J15345704-1418486_mod/2MASS_J15345704-1418486-20220505@172749-Eden.fts -> s3://eden-data/RAW/LOT/2MASS_J15345704-1418486/2022-05-05/2MASS_J15345704-1418486-20220505@172749-Eden.fits (11/179)
Storing /home/altsai/eden/LOT20220505_2MASS_J15345704-1418486_mod/2MASS_J15345704-1418486-20220505@172905-Eden.fts -> s3://eden-data/RAW/LOT/2MASS_J15345704-1418486/2022-05-05/2MASS_J15345704-1418486-20220505@172905-Eden.fits (12/179)
Storing /home/altsai/eden/LOT20220505_2MASS_J15345704-1418486_mod/2MASS_J15345704-1418486-20220505@173021-Eden.fts -> s3://eden-data/RAW/LOT/2MASS_J15345704-1418486/2022-05-05/2MASS_J15345704-1418486-20220505@173021-Eden.fits (13/179)
Storing /home/altsai/eden/LOT20220505_2MASS_J15345704-1418486_mod/2MASS_J15345704-1418486-20220505@173137-Eden.fts -> s3://eden-data/RAW/LOT/2MASS_J15345704-1418486/2022-05-05/2MASS_J15345704-1418486-20220505@173137-Eden.fits (14/179)
Storing /home/altsai/eden/LOT20220505_2MASS_J15345704-1418486_mod/2MASS_J15345704-1418486-20220505@173254-Eden.fts -> s3://eden-data/RAW/LOT/2MASS_J15345704-1418486/2022-05-05/2MASS_J15345704-1418486-20220505@173254-Eden.fits (15/179)
Storing /home/altsai/eden/LOT20220505_2MASS_J15345704-1418486_mod/2MASS_J15345704-1418486-20220505@173410-Eden.fts -> s3://eden-data/RAW/LOT/2MASS_J15345704-1418486/2022-05-05/2MASS_J15345704-1418486-20220505@173410-Eden.fits (16/179)
Storing /home/altsai/eden/LOT20220505_2MASS_J15345704-1418486_mod/2MASS_J15345704-1418486-20220505@173526-Eden.fts -> s3://eden-data/RAW/LOT/2MASS_J15345704-1418486/2022-05-05/2MASS_J15345704-1418486-20220505@173526-Eden.fits (17/179)
Storing /home/altsai/eden/LOT20220505_2MASS_J15345704-1418486_mod/2MASS_J15345704-1418486-20220505@173642-Eden.fts -> s3://eden-data/RAW/LOT/2MASS_J15345704-1418486/2022-05-05/2MASS_J15345704-1418486-20220505@173642-Eden.fits (18/179)
Storing /home/altsai/eden/LOT20220505_2MASS_J15345704-1418486_mod/2MASS_J15345704-1418486-20220505@173759-Eden.fts -> s3://eden-data/RAW/LOT/2MASS_J15345704-1418486/2022-05-05/2MASS_J15345704-1418486-20220505@173759-Eden.fits (19/179)
Storing /home/altsai/eden/LOT20220505_2MASS_J15345704-1418486_mod/2MASS_J15345704-1418486-20220505@173915-Eden.fts -> s3://eden-data/RAW/LOT/2MASS_J15345704-1418486/2022-05-05/2MASS_J15345704-1418486-20220505@173915-Eden.fits (20/179)
Storing /home/altsai/eden/LOT20220505_2MASS_J15345704-1418486_mod/2MASS_J15345704-1418486-20220505@174032-Eden.fts -> s3://eden-data/RAW/LOT/2MASS_J15345704-1418486/2022-05-05/2MASS_J15345704-1418486-20220505@174032-Eden.fits (21/179)
Storing /home/altsai/eden/LOT20220505_2MASS_J15345704-1418486_mod/2MASS_J15345704-1418486-20220505@174149-Eden.fts -> s3://eden-data/RAW/LOT/2MASS_J15345704-1418486/2022-05-05/2MASS_J15345704-1418486-20220505@174149-Eden.fits (22/179)
Storing /home/altsai/eden/LOT20220505_2MASS_J15345704-1418486_mod/2MASS_J15345704-1418486-20220505@174306-Eden.fts -> s3://eden-data/RAW/LOT/2MASS_J15345704-1418486/2022-05-05/2MASS_J15345704-1418486-20220505@174306-Eden.fits (23/179)
Storing /home/altsai/eden/LOT20220505_2MASS_J15345704-1418486_mod/2MASS_J15345704-1418486-20220505@174422-Eden.fts -> s3://eden-data/RAW/LOT/2MASS_J15345704-1418486/2022-05-05/2MASS_J15345704-1418486-20220505@174422-Eden.fits (24/179)
Storing /home/altsai/eden/LOT20220505_2MASS_J15345704-1418486_mod/2MASS_J15345704-1418486-20220505@174538-Eden.fts -> s3://eden-data/RAW/LOT/2MASS_J15345704-1418486/2022-05-05/2MASS_J15345704-1418486-20220505@174538-Eden.fits (25/179)
Storing /home/altsai/eden/LOT20220505_2MASS_J15345704-1418486_mod/2MASS_J15345704-1418486-20220505@174655-Eden.fts -> s3://eden-data/RAW/LOT/2MASS_J15345704-1418486/2022-05-05/2MASS_J15345704-1418486-20220505@174655-Eden.fits (26/179)
Storing /home/altsai/eden/LOT20220505_2MASS_J15345704-1418486_mod/2MASS_J15345704-1418486-20220505@174811-Eden.fts -> s3://eden-data/RAW/LOT/2MASS_J15345704-1418486/2022-05-05/2MASS_J15345704-1418486-20220505@174811-Eden.fits (27/179)
Storing /home/altsai/eden/LOT20220505_2MASS_J15345704-1418486_mod/2MASS_J15345704-1418486-20220505@174927-Eden.fts -> s3://eden-data/RAW/LOT/2MASS_J15345704-1418486/2022-05-05/2MASS_J15345704-1418486-20220505@174927-Eden.fits (28/179)
Storing /home/altsai/eden/LOT20220505_2MASS_J15345704-1418486_mod/2MASS_J15345704-1418486-20220505@175043-Eden.fts -> s3://eden-data/RAW/LOT/2MASS_J15345704-1418486/2022-05-05/2MASS_J15345704-1418486-20220505@175043-Eden.fits (29/179)
Storing /home/altsai/eden/LOT20220505_2MASS_J15345704-1418486_mod/2MASS_J15345704-1418486-20220505@175159-Eden.fts -> s3://eden-data/RAW/LOT/2MASS_J15345704-1418486/2022-05-05/2MASS_J15345704-1418486-20220505@175159-Eden.fits (30/179)
Storing /home/altsai/eden/LOT20220505_2MASS_J15345704-1418486_mod/2MASS_J15345704-1418486-20220505@175314-Eden.fts -> s3://eden-data/RAW/LOT/2MASS_J15345704-1418486/2022-05-05/2MASS_J15345704-1418486-20220505@175314-Eden.fits (31/179)
Storing /home/altsai/eden/LOT20220505_2MASS_J15345704-1418486_mod/2MASS_J15345704-1418486-20220505@175431-Eden.fts -> s3://eden-data/RAW/LOT/2MASS_J15345704-1418486/2022-05-05/2MASS_J15345704-1418486-20220505@175431-Eden.fits (32/179)
Storing /home/altsai/eden/LOT20220505_2MASS_J15345704-1418486_mod/2MASS_J15345704-1418486-20220505@175547-Eden.fts -> s3://eden-data/RAW/LOT/2MASS_J15345704-1418486/2022-05-05/2MASS_J15345704-1418486-20220505@175547-Eden.fits (33/179)
Storing /home/altsai/eden/LOT20220505_2MASS_J15345704-1418486_mod/2MASS_J15345704-1418486-20220505@175704-Eden.fts -> s3://eden-data/RAW/LOT/2MASS_J15345704-1418486/2022-05-05/2MASS_J15345704-1418486-20220505@175704-Eden.fits (34/179)
Storing /home/altsai/eden/LOT20220505_2MASS_J15345704-1418486_mod/2MASS_J15345704-1418486-20220505@175821-Eden.fts -> s3://eden-data/RAW/LOT/2MASS_J15345704-1418486/2022-05-05/2MASS_J15345704-1418486-20220505@175821-Eden.fits (35/179)
Storing /home/altsai/eden/LOT20220505_2MASS_J15345704-1418486_mod/2MASS_J15345704-1418486-20220505@175937-Eden.fts -> s3://eden-data/RAW/LOT/2MASS_J15345704-1418486/2022-05-05/2MASS_J15345704-1418486-20220505@175937-Eden.fits (36/179)
Storing /home/altsai/eden/LOT20220505_2MASS_J15345704-1418486_mod/2MASS_J15345704-1418486-20220505@180054-Eden.fts -> s3://eden-data/RAW/LOT/2MASS_J15345704-1418486/2022-05-05/2MASS_J15345704-1418486-20220505@180054-Eden.fits (37/179)
Storing /home/altsai/eden/LOT20220505_2MASS_J15345704-1418486_mod/2MASS_J15345704-1418486-20220505@180211-Eden.fts -> s3://eden-data/RAW/LOT/2MASS_J15345704-1418486/2022-05-05/2MASS_J15345704-1418486-20220505@180211-Eden.fits (38/179)
Storing /home/altsai/eden/LOT20220505_2MASS_J15345704-1418486_mod/2MASS_J15345704-1418486-20220505@180326-Eden.fts -> s3://eden-data/RAW/LOT/2MASS_J15345704-1418486/2022-05-05/2MASS_J15345704-1418486-20220505@180326-Eden.fits (39/179)
Storing /home/altsai/eden/LOT20220505_2MASS_J15345704-1418486_mod/2MASS_J15345704-1418486-20220505@180443-Eden.fts -> s3://eden-data/RAW/LOT/2MASS_J15345704-1418486/2022-05-05/2MASS_J15345704-1418486-20220505@180443-Eden.fits (40/179)
Storing /home/altsai/eden/LOT20220505_2MASS_J15345704-1418486_mod/2MASS_J15345704-1418486-20220505@180559-Eden.fts -> s3://eden-data/RAW/LOT/2MASS_J15345704-1418486/2022-05-05/2MASS_J15345704-1418486-20220505@180559-Eden.fits (41/179)
Storing /home/altsai/eden/LOT20220505_2MASS_J15345704-1418486_mod/2MASS_J15345704-1418486-20220505@180715-Eden.fts -> s3://eden-data/RAW/LOT/2MASS_J15345704-1418486/2022-05-05/2MASS_J15345704-1418486-20220505@180715-Eden.fits (42/179)
Storing /home/altsai/eden/LOT20220505_2MASS_J15345704-1418486_mod/2MASS_J15345704-1418486-20220505@180831-Eden.fts -> s3://eden-data/RAW/LOT/2MASS_J15345704-1418486/2022-05-05/2MASS_J15345704-1418486-20220505@180831-Eden.fits (43/179)
Storing /home/altsai/eden/LOT20220505_2MASS_J15345704-1418486_mod/2MASS_J15345704-1418486-20220505@180947-Eden.fts -> s3://eden-data/RAW/LOT/2MASS_J15345704-1418486/2022-05-05/2MASS_J15345704-1418486-20220505@180947-Eden.fits (44/179)
Storing /home/altsai/eden/LOT20220505_2MASS_J15345704-1418486_mod/2MASS_J15345704-1418486-20220505@181103-Eden.fts -> s3://eden-data/RAW/LOT/2MASS_J15345704-1418486/2022-05-05/2MASS_J15345704-1418486-20220505@181103-Eden.fits (45/179)
Storing /home/altsai/eden/LOT20220505_2MASS_J15345704-1418486_mod/2MASS_J15345704-1418486-20220505@181219-Eden.fts -> s3://eden-data/RAW/LOT/2MASS_J15345704-1418486/2022-05-05/2MASS_J15345704-1418486-20220505@181219-Eden.fits (46/179)
Storing /home/altsai/eden/LOT20220505_2MASS_J15345704-1418486_mod/2MASS_J15345704-1418486-20220505@181335-Eden.fts -> s3://eden-data/RAW/LOT/2MASS_J15345704-1418486/2022-05-05/2MASS_J15345704-1418486-20220505@181335-Eden.fits (47/179)
Storing /home/altsai/eden/LOT20220505_2MASS_J15345704-1418486_mod/2MASS_J15345704-1418486-20220505@181451-Eden.fts -> s3://eden-data/RAW/LOT/2MASS_J15345704-1418486/2022-05-05/2MASS_J15345704-1418486-20220505@181451-Eden.fits (48/179)
Storing /home/altsai/eden/LOT20220505_2MASS_J15345704-1418486_mod/2MASS_J15345704-1418486-20220505@181608-Eden.fts -> s3://eden-data/RAW/LOT/2MASS_J15345704-1418486/2022-05-05/2MASS_J15345704-1418486-20220505@181608-Eden.fits (49/179)
Storing /home/altsai/eden/LOT20220505_2MASS_J15345704-1418486_mod/2MASS_J15345704-1418486-20220505@181725-Eden.fts -> s3://eden-data/RAW/LOT/2MASS_J15345704-1418486/2022-05-05/2MASS_J15345704-1418486-20220505@181725-Eden.fits (50/179)
Storing /home/altsai/eden/LOT20220505_2MASS_J15345704-1418486_mod/2MASS_J15345704-1418486-20220505@181842-Eden.fts -> s3://eden-data/RAW/LOT/2MASS_J15345704-1418486/2022-05-05/2MASS_J15345704-1418486-20220505@181842-Eden.fits (51/179)
Storing /home/altsai/eden/LOT20220505_2MASS_J15345704-1418486_mod/2MASS_J15345704-1418486-20220505@181958-Eden.fts -> s3://eden-data/RAW/LOT/2MASS_J15345704-1418486/2022-05-05/2MASS_J15345704-1418486-20220505@181958-Eden.fits (52/179)
Storing /home/altsai/eden/LOT20220505_2MASS_J15345704-1418486_mod/2MASS_J15345704-1418486-20220505@182115-Eden.fts -> s3://eden-data/RAW/LOT/2MASS_J15345704-1418486/2022-05-05/2MASS_J15345704-1418486-20220505@182115-Eden.fits (53/179)
Storing /home/altsai/eden/LOT20220505_2MASS_J15345704-1418486_mod/2MASS_J15345704-1418486-20220505@182231-Eden.fts -> s3://eden-data/RAW/LOT/2MASS_J15345704-1418486/2022-05-05/2MASS_J15345704-1418486-20220505@182231-Eden.fits (54/179)
Storing /home/altsai/eden/LOT20220505_2MASS_J15345704-1418486_mod/2MASS_J15345704-1418486-20220505@182347-Eden.fts -> s3://eden-data/RAW/LOT/2MASS_J15345704-1418486/2022-05-05/2MASS_J15345704-1418486-20220505@182347-Eden.fits (55/179)
Storing /home/altsai/eden/LOT20220505_2MASS_J15345704-1418486_mod/2MASS_J15345704-1418486-20220505@182504-Eden.fts -> s3://eden-data/RAW/LOT/2MASS_J15345704-1418486/2022-05-05/2MASS_J15345704-1418486-20220505@182504-Eden.fits (56/179)
Storing /home/altsai/eden/LOT20220505_2MASS_J15345704-1418486_mod/2MASS_J15345704-1418486-20220505@182620-Eden.fts -> s3://eden-data/RAW/LOT/2MASS_J15345704-1418486/2022-05-05/2MASS_J15345704-1418486-20220505@182620-Eden.fits (57/179)
Storing /home/altsai/eden/LOT20220505_2MASS_J15345704-1418486_mod/2MASS_J15345704-1418486-20220505@182736-Eden.fts -> s3://eden-data/RAW/LOT/2MASS_J15345704-1418486/2022-05-05/2MASS_J15345704-1418486-20220505@182736-Eden.fits (58/179)
Storing /home/altsai/eden/LOT20220505_2MASS_J15345704-1418486_mod/2MASS_J15345704-1418486-20220505@182852-Eden.fts -> s3://eden-data/RAW/LOT/2MASS_J15345704-1418486/2022-05-05/2MASS_J15345704-1418486-20220505@182852-Eden.fits (59/179)
Storing /home/altsai/eden/LOT20220505_2MASS_J15345704-1418486_mod/2MASS_J15345704-1418486-20220505@183008-Eden.fts -> s3://eden-data/RAW/LOT/2MASS_J15345704-1418486/2022-05-05/2MASS_J15345704-1418486-20220505@183008-Eden.fits (60/179)
Storing /home/altsai/eden/LOT20220505_2MASS_J15345704-1418486_mod/2MASS_J15345704-1418486-20220505@183124-Eden.fts -> s3://eden-data/RAW/LOT/2MASS_J15345704-1418486/2022-05-05/2MASS_J15345704-1418486-20220505@183124-Eden.fits (61/179)
Storing /home/altsai/eden/LOT20220505_2MASS_J15345704-1418486_mod/2MASS_J15345704-1418486-20220505@183239-Eden.fts -> s3://eden-data/RAW/LOT/2MASS_J15345704-1418486/2022-05-05/2MASS_J15345704-1418486-20220505@183239-Eden.fits (62/179)
Storing /home/altsai/eden/LOT20220505_2MASS_J15345704-1418486_mod/2MASS_J15345704-1418486-20220505@183355-Eden.fts -> s3://eden-data/RAW/LOT/2MASS_J15345704-1418486/2022-05-05/2MASS_J15345704-1418486-20220505@183355-Eden.fits (63/179)
Storing /home/altsai/eden/LOT20220505_2MASS_J15345704-1418486_mod/2MASS_J15345704-1418486-20220505@183513-Eden.fts -> s3://eden-data/RAW/LOT/2MASS_J15345704-1418486/2022-05-05/2MASS_J15345704-1418486-20220505@183513-Eden.fits (64/179)
Storing /home/altsai/eden/LOT20220505_2MASS_J15345704-1418486_mod/2MASS_J15345704-1418486-20220505@183628-Eden.fts -> s3://eden-data/RAW/LOT/2MASS_J15345704-1418486/2022-05-05/2MASS_J15345704-1418486-20220505@183628-Eden.fits (65/179)
Storing /home/altsai/eden/LOT20220505_2MASS_J15345704-1418486_mod/2MASS_J15345704-1418486-20220505@183744-Eden.fts -> s3://eden-data/RAW/LOT/2MASS_J15345704-1418486/2022-05-05/2MASS_J15345704-1418486-20220505@183744-Eden.fits (66/179)
Storing /home/altsai/eden/LOT20220505_2MASS_J15345704-1418486_mod/2MASS_J15345704-1418486-20220505@183901-Eden.fts -> s3://eden-data/RAW/LOT/2MASS_J15345704-1418486/2022-05-05/2MASS_J15345704-1418486-20220505@183901-Eden.fits (67/179)
Storing /home/altsai/eden/LOT20220505_2MASS_J15345704-1418486_mod/2MASS_J15345704-1418486-20220505@184017-Eden.fts -> s3://eden-data/RAW/LOT/2MASS_J15345704-1418486/2022-05-05/2MASS_J15345704-1418486-20220505@184017-Eden.fits (68/179)
Storing /home/altsai/eden/LOT20220505_2MASS_J15345704-1418486_mod/2MASS_J15345704-1418486-20220505@184133-Eden.fts -> s3://eden-data/RAW/LOT/2MASS_J15345704-1418486/2022-05-05/2MASS_J15345704-1418486-20220505@184133-Eden.fits (69/179)
Storing /home/altsai/eden/LOT20220505_2MASS_J15345704-1418486_mod/2MASS_J15345704-1418486-20220505@184249-Eden.fts -> s3://eden-data/RAW/LOT/2MASS_J15345704-1418486/2022-05-05/2MASS_J15345704-1418486-20220505@184249-Eden.fits (70/179)
Storing /home/altsai/eden/LOT20220505_2MASS_J15345704-1418486_mod/2MASS_J15345704-1418486-20220505@184405-Eden.fts -> s3://eden-data/RAW/LOT/2MASS_J15345704-1418486/2022-05-05/2MASS_J15345704-1418486-20220505@184405-Eden.fits (71/179)
Storing /home/altsai/eden/LOT20220505_2MASS_J15345704-1418486_mod/2MASS_J15345704-1418486-20220505@184521-Eden.fts -> s3://eden-data/RAW/LOT/2MASS_J15345704-1418486/2022-05-05/2MASS_J15345704-1418486-20220505@184521-Eden.fits (72/179)
Storing /home/altsai/eden/LOT20220505_2MASS_J15345704-1418486_mod/2MASS_J15345704-1418486-20220505@184637-Eden.fts -> s3://eden-data/RAW/LOT/2MASS_J15345704-1418486/2022-05-05/2MASS_J15345704-1418486-20220505@184637-Eden.fits (73/179)
Storing /home/altsai/eden/LOT20220505_2MASS_J15345704-1418486_mod/2MASS_J15345704-1418486-20220505@184754-Eden.fts -> s3://eden-data/RAW/LOT/2MASS_J15345704-1418486/2022-05-05/2MASS_J15345704-1418486-20220505@184754-Eden.fits (74/179)
Storing /home/altsai/eden/LOT20220505_2MASS_J15345704-1418486_mod/2MASS_J15345704-1418486-20220505@184910-Eden.fts -> s3://eden-data/RAW/LOT/2MASS_J15345704-1418486/2022-05-05/2MASS_J15345704-1418486-20220505@184910-Eden.fits (75/179)
Storing /home/altsai/eden/LOT20220505_2MASS_J15345704-1418486_mod/2MASS_J15345704-1418486-20220505@185026-Eden.fts -> s3://eden-data/RAW/LOT/2MASS_J15345704-1418486/2022-05-05/2MASS_J15345704-1418486-20220505@185026-Eden.fits (76/179)
Storing /home/altsai/eden/LOT20220505_2MASS_J15345704-1418486_mod/2MASS_J15345704-1418486-20220505@185142-Eden.fts -> s3://eden-data/RAW/LOT/2MASS_J15345704-1418486/2022-05-05/2MASS_J15345704-1418486-20220505@185142-Eden.fits (77/179)
Storing /home/altsai/eden/LOT20220505_2MASS_J15345704-1418486_mod/2MASS_J15345704-1418486-20220505@185258-Eden.fts -> s3://eden-data/RAW/LOT/2MASS_J15345704-1418486/2022-05-05/2MASS_J15345704-1418486-20220505@185258-Eden.fits (78/179)
Storing /home/altsai/eden/LOT20220505_2MASS_J15345704-1418486_mod/2MASS_J15345704-1418486-20220505@185414-Eden.fts -> s3://eden-data/RAW/LOT/2MASS_J15345704-1418486/2022-05-05/2MASS_J15345704-1418486-20220505@185414-Eden.fits (79/179)
Storing /home/altsai/eden/LOT20220505_2MASS_J15345704-1418486_mod/2MASS_J15345704-1418486-20220505@185530-Eden.fts -> s3://eden-data/RAW/LOT/2MASS_J15345704-1418486/2022-05-05/2MASS_J15345704-1418486-20220505@185530-Eden.fits (80/179)
Storing /home/altsai/eden/LOT20220505_2MASS_J15345704-1418486_mod/2MASS_J15345704-1418486-20220505@185646-Eden.fts -> s3://eden-data/RAW/LOT/2MASS_J15345704-1418486/2022-05-05/2MASS_J15345704-1418486-20220505@185646-Eden.fits (81/179)
Storing /home/altsai/eden/LOT20220505_2MASS_J15345704-1418486_mod/2MASS_J15345704-1418486-20220505@185803-Eden.fts -> s3://eden-data/RAW/LOT/2MASS_J15345704-1418486/2022-05-05/2MASS_J15345704-1418486-20220505@185803-Eden.fits (82/179)
Storing /home/altsai/eden/LOT20220505_2MASS_J15345704-1418486_mod/2MASS_J15345704-1418486-20220505@185920-Eden.fts -> s3://eden-data/RAW/LOT/2MASS_J15345704-1418486/2022-05-05/2MASS_J15345704-1418486-20220505@185920-Eden.fits (83/179)
Storing /home/altsai/eden/LOT20220505_2MASS_J15345704-1418486_mod/2MASS_J15345704-1418486-20220505@190036-Eden.fts -> s3://eden-data/RAW/LOT/2MASS_J15345704-1418486/2022-05-05/2MASS_J15345704-1418486-20220505@190036-Eden.fits (84/179)
Storing /home/altsai/eden/LOT20220505_2MASS_J15345704-1418486_mod/2MASS_J15345704-1418486-20220505@190153-Eden.fts -> s3://eden-data/RAW/LOT/2MASS_J15345704-1418486/2022-05-05/2MASS_J15345704-1418486-20220505@190153-Eden.fits (85/179)
Storing /home/altsai/eden/LOT20220505_2MASS_J15345704-1418486_mod/2MASS_J15345704-1418486-20220505@190309-Eden.fts -> s3://eden-data/RAW/LOT/2MASS_J15345704-1418486/2022-05-05/2MASS_J15345704-1418486-20220505@190309-Eden.fits (86/179)
Storing /home/altsai/eden/LOT20220505_2MASS_J15345704-1418486_mod/2MASS_J15345704-1418486-20220505@190425-Eden.fts -> s3://eden-data/RAW/LOT/2MASS_J15345704-1418486/2022-05-05/2MASS_J15345704-1418486-20220505@190425-Eden.fits (87/179)
Storing /home/altsai/eden/LOT20220505_2MASS_J15345704-1418486_mod/2MASS_J15345704-1418486-20220505@190541-Eden.fts -> s3://eden-data/RAW/LOT/2MASS_J15345704-1418486/2022-05-05/2MASS_J15345704-1418486-20220505@190541-Eden.fits (88/179)
Storing /home/altsai/eden/LOT20220505_2MASS_J15345704-1418486_mod/2MASS_J15345704-1418486-20220505@190657-Eden.fts -> s3://eden-data/RAW/LOT/2MASS_J15345704-1418486/2022-05-05/2MASS_J15345704-1418486-20220505@190657-Eden.fits (89/179)
Storing /home/altsai/eden/LOT20220505_2MASS_J15345704-1418486_mod/2MASS_J15345704-1418486-20220505@190813-Eden.fts -> s3://eden-data/RAW/LOT/2MASS_J15345704-1418486/2022-05-05/2MASS_J15345704-1418486-20220505@190813-Eden.fits (90/179)
Storing /home/altsai/eden/LOT20220505_2MASS_J15345704-1418486_mod/2MASS_J15345704-1418486-20220505@190929-Eden.fts -> s3://eden-data/RAW/LOT/2MASS_J15345704-1418486/2022-05-05/2MASS_J15345704-1418486-20220505@190929-Eden.fits (91/179)
Storing /home/altsai/eden/LOT20220505_2MASS_J15345704-1418486_mod/2MASS_J15345704-1418486-20220505@191046-Eden.fts -> s3://eden-data/RAW/LOT/2MASS_J15345704-1418486/2022-05-05/2MASS_J15345704-1418486-20220505@191046-Eden.fits (92/179)
Storing /home/altsai/eden/LOT20220505_2MASS_J15345704-1418486_mod/2MASS_J15345704-1418486-20220505@191202-Eden.fts -> s3://eden-data/RAW/LOT/2MASS_J15345704-1418486/2022-05-05/2MASS_J15345704-1418486-20220505@191202-Eden.fits (93/179)
Storing /home/altsai/eden/LOT20220505_2MASS_J15345704-1418486_mod/2MASS_J15345704-1418486-20220505@191318-Eden.fts -> s3://eden-data/RAW/LOT/2MASS_J15345704-1418486/2022-05-05/2MASS_J15345704-1418486-20220505@191318-Eden.fits (94/179)
Storing /home/altsai/eden/LOT20220505_2MASS_J15345704-1418486_mod/2MASS_J15345704-1418486-20220505@191434-Eden.fts -> s3://eden-data/RAW/LOT/2MASS_J15345704-1418486/2022-05-05/2MASS_J15345704-1418486-20220505@191434-Eden.fits (95/179)
Storing /home/altsai/eden/LOT20220505_2MASS_J15345704-1418486_mod/2MASS_J15345704-1418486-20220505@191551-Eden.fts -> s3://eden-data/RAW/LOT/2MASS_J15345704-1418486/2022-05-05/2MASS_J15345704-1418486-20220505@191551-Eden.fits (96/179)
Storing /home/altsai/eden/LOT20220505_2MASS_J15345704-1418486_mod/2MASS_J15345704-1418486-20220505@191707-Eden.fts -> s3://eden-data/RAW/LOT/2MASS_J15345704-1418486/2022-05-05/2MASS_J15345704-1418486-20220505@191707-Eden.fits (97/179)
Storing /home/altsai/eden/LOT20220505_2MASS_J15345704-1418486_mod/2MASS_J15345704-1418486-20220505@191823-Eden.fts -> s3://eden-data/RAW/LOT/2MASS_J15345704-1418486/2022-05-05/2MASS_J15345704-1418486-20220505@191823-Eden.fits (98/179)
Storing /home/altsai/eden/LOT20220505_2MASS_J15345704-1418486_mod/2MASS_J15345704-1418486-20220505@191939-Eden.fts -> s3://eden-data/RAW/LOT/2MASS_J15345704-1418486/2022-05-05/2MASS_J15345704-1418486-20220505@191939-Eden.fits (99/179)
Storing /home/altsai/eden/LOT20220505_2MASS_J15345704-1418486_mod/2MASS_J15345704-1418486-20220505@192056-Eden.fts -> s3://eden-data/RAW/LOT/2MASS_J15345704-1418486/2022-05-05/2MASS_J15345704-1418486-20220505@192056-Eden.fits (100/179)
Storing /home/altsai/eden/LOT20220505_2MASS_J15345704-1418486_mod/2MASS_J15345704-1418486-20220505@192212-Eden.fts -> s3://eden-data/RAW/LOT/2MASS_J15345704-1418486/2022-05-05/2MASS_J15345704-1418486-20220505@192212-Eden.fits (101/179)
Storing /home/altsai/eden/LOT20220505_2MASS_J15345704-1418486_mod/2MASS_J15345704-1418486-20220505@192328-Eden.fts -> s3://eden-data/RAW/LOT/2MASS_J15345704-1418486/2022-05-05/2MASS_J15345704-1418486-20220505@192328-Eden.fits (102/179)
Storing /home/altsai/eden/LOT20220505_2MASS_J15345704-1418486_mod/2MASS_J15345704-1418486-20220505@192445-Eden.fts -> s3://eden-data/RAW/LOT/2MASS_J15345704-1418486/2022-05-05/2MASS_J15345704-1418486-20220505@192445-Eden.fits (103/179)
Storing /home/altsai/eden/LOT20220505_2MASS_J15345704-1418486_mod/2MASS_J15345704-1418486-20220505@192601-Eden.fts -> s3://eden-data/RAW/LOT/2MASS_J15345704-1418486/2022-05-05/2MASS_J15345704-1418486-20220505@192601-Eden.fits (104/179)
Storing /home/altsai/eden/LOT20220505_2MASS_J15345704-1418486_mod/2MASS_J15345704-1418486-20220505@192717-Eden.fts -> s3://eden-data/RAW/LOT/2MASS_J15345704-1418486/2022-05-05/2MASS_J15345704-1418486-20220505@192717-Eden.fits (105/179)
Storing /home/altsai/eden/LOT20220505_2MASS_J15345704-1418486_mod/2MASS_J15345704-1418486-20220505@192833-Eden.fts -> s3://eden-data/RAW/LOT/2MASS_J15345704-1418486/2022-05-05/2MASS_J15345704-1418486-20220505@192833-Eden.fits (106/179)
Storing /home/altsai/eden/LOT20220505_2MASS_J15345704-1418486_mod/2MASS_J15345704-1418486-20220505@192948-Eden.fts -> s3://eden-data/RAW/LOT/2MASS_J15345704-1418486/2022-05-05/2MASS_J15345704-1418486-20220505@192948-Eden.fits (107/179)
Storing /home/altsai/eden/LOT20220505_2MASS_J15345704-1418486_mod/2MASS_J15345704-1418486-20220505@193105-Eden.fts -> s3://eden-data/RAW/LOT/2MASS_J15345704-1418486/2022-05-05/2MASS_J15345704-1418486-20220505@193105-Eden.fits (108/179)
Storing /home/altsai/eden/LOT20220505_2MASS_J15345704-1418486_mod/2MASS_J15345704-1418486-20220505@193221-Eden.fts -> s3://eden-data/RAW/LOT/2MASS_J15345704-1418486/2022-05-05/2MASS_J15345704-1418486-20220505@193221-Eden.fits (109/179)
Storing /home/altsai/eden/LOT20220505_2MASS_J15345704-1418486_mod/2MASS_J15345704-1418486-20220505@193337-Eden.fts -> s3://eden-data/RAW/LOT/2MASS_J15345704-1418486/2022-05-05/2MASS_J15345704-1418486-20220505@193337-Eden.fits (110/179)
Storing /home/altsai/eden/LOT20220505_2MASS_J15345704-1418486_mod/2MASS_J15345704-1418486-20220505@193454-Eden.fts -> s3://eden-data/RAW/LOT/2MASS_J15345704-1418486/2022-05-05/2MASS_J15345704-1418486-20220505@193454-Eden.fits (111/179)
Storing /home/altsai/eden/LOT20220505_2MASS_J15345704-1418486_mod/2MASS_J15345704-1418486-20220505@193611-Eden.fts -> s3://eden-data/RAW/LOT/2MASS_J15345704-1418486/2022-05-05/2MASS_J15345704-1418486-20220505@193611-Eden.fits (112/179)
Storing /home/altsai/eden/LOT20220505_2MASS_J15345704-1418486_mod/2MASS_J15345704-1418486-20220505@193728-Eden.fts -> s3://eden-data/RAW/LOT/2MASS_J15345704-1418486/2022-05-05/2MASS_J15345704-1418486-20220505@193728-Eden.fits (113/179)
Storing /home/altsai/eden/LOT20220505_2MASS_J15345704-1418486_mod/2MASS_J15345704-1418486-20220505@193844-Eden.fts -> s3://eden-data/RAW/LOT/2MASS_J15345704-1418486/2022-05-05/2MASS_J15345704-1418486-20220505@193844-Eden.fits (114/179)
Storing /home/altsai/eden/LOT20220505_2MASS_J15345704-1418486_mod/2MASS_J15345704-1418486-20220505@194000-Eden.fts -> s3://eden-data/RAW/LOT/2MASS_J15345704-1418486/2022-05-05/2MASS_J15345704-1418486-20220505@194000-Eden.fits (115/179)
Storing /home/altsai/eden/LOT20220505_2MASS_J15345704-1418486_mod/2MASS_J15345704-1418486-20220505@194116-Eden.fts -> s3://eden-data/RAW/LOT/2MASS_J15345704-1418486/2022-05-05/2MASS_J15345704-1418486-20220505@194116-Eden.fits (116/179)
Storing /home/altsai/eden/LOT20220505_2MASS_J15345704-1418486_mod/2MASS_J15345704-1418486-20220505@194233-Eden.fts -> s3://eden-data/RAW/LOT/2MASS_J15345704-1418486/2022-05-05/2MASS_J15345704-1418486-20220505@194233-Eden.fits (117/179)
Storing /home/altsai/eden/LOT20220505_2MASS_J15345704-1418486_mod/2MASS_J15345704-1418486-20220505@194349-Eden.fts -> s3://eden-data/RAW/LOT/2MASS_J15345704-1418486/2022-05-05/2MASS_J15345704-1418486-20220505@194349-Eden.fits (118/179)
Storing /home/altsai/eden/LOT20220505_2MASS_J15345704-1418486_mod/2MASS_J15345704-1418486-20220505@194506-Eden.fts -> s3://eden-data/RAW/LOT/2MASS_J15345704-1418486/2022-05-05/2MASS_J15345704-1418486-20220505@194506-Eden.fits (119/179)
Storing /home/altsai/eden/LOT20220505_2MASS_J15345704-1418486_mod/2MASS_J15345704-1418486-20220505@194622-Eden.fts -> s3://eden-data/RAW/LOT/2MASS_J15345704-1418486/2022-05-05/2MASS_J15345704-1418486-20220505@194622-Eden.fits (120/179)
Storing /home/altsai/eden/LOT20220505_2MASS_J15345704-1418486_mod/2MASS_J15345704-1418486-20220505@194738-Eden.fts -> s3://eden-data/RAW/LOT/2MASS_J15345704-1418486/2022-05-05/2MASS_J15345704-1418486-20220505@194738-Eden.fits (121/179)
Storing /home/altsai/eden/LOT20220505_2MASS_J15345704-1418486_mod/2MASS_J15345704-1418486-20220505@194855-Eden.fts -> s3://eden-data/RAW/LOT/2MASS_J15345704-1418486/2022-05-05/2MASS_J15345704-1418486-20220505@194855-Eden.fits (122/179)
Storing /home/altsai/eden/LOT20220505_2MASS_J15345704-1418486_mod/2MASS_J15345704-1418486-20220505@195011-Eden.fts -> s3://eden-data/RAW/LOT/2MASS_J15345704-1418486/2022-05-05/2MASS_J15345704-1418486-20220505@195011-Eden.fits (123/179)
Storing /home/altsai/eden/LOT20220505_2MASS_J15345704-1418486_mod/2MASS_J15345704-1418486-20220505@195128-Eden.fts -> s3://eden-data/RAW/LOT/2MASS_J15345704-1418486/2022-05-05/2MASS_J15345704-1418486-20220505@195128-Eden.fits (124/179)
Storing /home/altsai/eden/LOT20220505_2MASS_J15345704-1418486_mod/2MASS_J15345704-1418486-20220505@195243-Eden.fts -> s3://eden-data/RAW/LOT/2MASS_J15345704-1418486/2022-05-05/2MASS_J15345704-1418486-20220505@195243-Eden.fits (125/179)
Storing /home/altsai/eden/LOT20220505_2MASS_J15345704-1418486_mod/2MASS_J15345704-1418486-20220505@195400-Eden.fts -> s3://eden-data/RAW/LOT/2MASS_J15345704-1418486/2022-05-05/2MASS_J15345704-1418486-20220505@195400-Eden.fits (126/179)
Storing /home/altsai/eden/LOT20220505_2MASS_J15345704-1418486_mod/2MASS_J15345704-1418486-20220505@195516-Eden.fts -> s3://eden-data/RAW/LOT/2MASS_J15345704-1418486/2022-05-05/2MASS_J15345704-1418486-20220505@195516-Eden.fits (127/179)
Storing /home/altsai/eden/LOT20220505_2MASS_J15345704-1418486_mod/2MASS_J15345704-1418486-20220505@195632-Eden.fts -> s3://eden-data/RAW/LOT/2MASS_J15345704-1418486/2022-05-05/2MASS_J15345704-1418486-20220505@195632-Eden.fits (128/179)
Storing /home/altsai/eden/LOT20220505_2MASS_J15345704-1418486_mod/2MASS_J15345704-1418486-20220505@195748-Eden.fts -> s3://eden-data/RAW/LOT/2MASS_J15345704-1418486/2022-05-05/2MASS_J15345704-1418486-20220505@195748-Eden.fits (129/179)
Storing /home/altsai/eden/LOT20220505_2MASS_J15345704-1418486_mod/2MASS_J15345704-1418486-20220505@195904-Eden.fts -> s3://eden-data/RAW/LOT/2MASS_J15345704-1418486/2022-05-05/2MASS_J15345704-1418486-20220505@195904-Eden.fits (130/179)
Storing /home/altsai/eden/LOT20220505_2MASS_J15345704-1418486_mod/2MASS_J15345704-1418486-20220505@200020-Eden.fts -> s3://eden-data/RAW/LOT/2MASS_J15345704-1418486/2022-05-05/2MASS_J15345704-1418486-20220505@200020-Eden.fits (131/179)
Storing /home/altsai/eden/LOT20220505_2MASS_J15345704-1418486_mod/2MASS_J15345704-1418486-20220505@200135-Eden.fts -> s3://eden-data/RAW/LOT/2MASS_J15345704-1418486/2022-05-05/2MASS_J15345704-1418486-20220505@200135-Eden.fits (132/179)
Storing /home/altsai/eden/LOT20220505_2MASS_J15345704-1418486_mod/2MASS_J15345704-1418486-20220505@200251-Eden.fts -> s3://eden-data/RAW/LOT/2MASS_J15345704-1418486/2022-05-05/2MASS_J15345704-1418486-20220505@200251-Eden.fits (133/179)
Storing /home/altsai/eden/LOT20220505_2MASS_J15345704-1418486_mod/2MASS_J15345704-1418486-20220505@200409-Eden.fts -> s3://eden-data/RAW/LOT/2MASS_J15345704-1418486/2022-05-05/2MASS_J15345704-1418486-20220505@200409-Eden.fits (134/179)
Storing /home/altsai/eden/LOT20220505_2MASS_J15345704-1418486_mod/2MASS_J15345704-1418486-20220505@200525-Eden.fts -> s3://eden-data/RAW/LOT/2MASS_J15345704-1418486/2022-05-05/2MASS_J15345704-1418486-20220505@200525-Eden.fits (135/179)
Storing /home/altsai/eden/LOT20220505_2MASS_J15345704-1418486_mod/2MASS_J15345704-1418486-20220505@200642-Eden.fts -> s3://eden-data/RAW/LOT/2MASS_J15345704-1418486/2022-05-05/2MASS_J15345704-1418486-20220505@200642-Eden.fits (136/179)
Storing /home/altsai/eden/LOT20220505_2MASS_J15345704-1418486_mod/2MASS_J15345704-1418486-20220505@200758-Eden.fts -> s3://eden-data/RAW/LOT/2MASS_J15345704-1418486/2022-05-05/2MASS_J15345704-1418486-20220505@200758-Eden.fits (137/179)
Storing /home/altsai/eden/LOT20220505_2MASS_J15345704-1418486_mod/2MASS_J15345704-1418486-20220505@200914-Eden.fts -> s3://eden-data/RAW/LOT/2MASS_J15345704-1418486/2022-05-05/2MASS_J15345704-1418486-20220505@200914-Eden.fits (138/179)
Storing /home/altsai/eden/LOT20220505_2MASS_J15345704-1418486_mod/2MASS_J15345704-1418486-20220505@201031-Eden.fts -> s3://eden-data/RAW/LOT/2MASS_J15345704-1418486/2022-05-05/2MASS_J15345704-1418486-20220505@201031-Eden.fits (139/179)
Storing /home/altsai/eden/LOT20220505_2MASS_J15345704-1418486_mod/2MASS_J15345704-1418486-20220505@201147-Eden.fts -> s3://eden-data/RAW/LOT/2MASS_J15345704-1418486/2022-05-05/2MASS_J15345704-1418486-20220505@201147-Eden.fits (140/179)
Storing /home/altsai/eden/LOT20220505_2MASS_J15345704-1418486_mod/2MASS_J15345704-1418486-20220505@201302-Eden.fts -> s3://eden-data/RAW/LOT/2MASS_J15345704-1418486/2022-05-05/2MASS_J15345704-1418486-20220505@201302-Eden.fits (141/179)
Storing /home/altsai/eden/LOT20220505_2MASS_J15345704-1418486_mod/2MASS_J15345704-1418486-20220505@201418-Eden.fts -> s3://eden-data/RAW/LOT/2MASS_J15345704-1418486/2022-05-05/2MASS_J15345704-1418486-20220505@201418-Eden.fits (142/179)
Storing /home/altsai/eden/LOT20220505_2MASS_J15345704-1418486_mod/2MASS_J15345704-1418486-20220505@201534-Eden.fts -> s3://eden-data/RAW/LOT/2MASS_J15345704-1418486/2022-05-05/2MASS_J15345704-1418486-20220505@201534-Eden.fits (143/179)
Storing /home/altsai/eden/LOT20220505_2MASS_J15345704-1418486_mod/2MASS_J15345704-1418486-20220505@201650-Eden.fts -> s3://eden-data/RAW/LOT/2MASS_J15345704-1418486/2022-05-05/2MASS_J15345704-1418486-20220505@201650-Eden.fits (144/179)
Storing /home/altsai/eden/LOT20220505_2MASS_J15345704-1418486_mod/2MASS_J15345704-1418486-20220505@201807-Eden.fts -> s3://eden-data/RAW/LOT/2MASS_J15345704-1418486/2022-05-05/2MASS_J15345704-1418486-20220505@201807-Eden.fits (145/179)
Storing /home/altsai/eden/LOT20220505_2MASS_J15345704-1418486_mod/2MASS_J15345704-1418486-20220505@201924-Eden.fts -> s3://eden-data/RAW/LOT/2MASS_J15345704-1418486/2022-05-05/2MASS_J15345704-1418486-20220505@201924-Eden.fits (146/179)
Storing /home/altsai/eden/LOT20220505_2MASS_J15345704-1418486_mod/2MASS_J15345704-1418486-20220505@202040-Eden.fts -> s3://eden-data/RAW/LOT/2MASS_J15345704-1418486/2022-05-05/2MASS_J15345704-1418486-20220505@202040-Eden.fits (147/179)
Storing /home/altsai/eden/LOT20220505_2MASS_J15345704-1418486_mod/2MASS_J15345704-1418486-20220505@202157-Eden.fts -> s3://eden-data/RAW/LOT/2MASS_J15345704-1418486/2022-05-05/2MASS_J15345704-1418486-20220505@202157-Eden.fits (148/179)
Storing /home/altsai/eden/LOT20220505_2MASS_J15345704-1418486_mod/AutoFlat-20220505@204403-Eden-Bin1-001.fts -> s3://eden-data/Calibrations/LOT/FLAT/2022-05-05/AutoFlat-20220505@204403-Eden-Bin1-001.fits (149/179)
Storing /home/altsai/eden/LOT20220505_2MASS_J15345704-1418486_mod/AutoFlat-20220505@204649-Eden-Bin1-001.fts -> s3://eden-data/Calibrations/LOT/FLAT/2022-05-05/AutoFlat-20220505@204649-Eden-Bin1-001.fits (150/179)
Storing /home/altsai/eden/LOT20220505_2MASS_J15345704-1418486_mod/AutoFlat-20220505@204819-Eden-Bin1-002.fts -> s3://eden-data/Calibrations/LOT/FLAT/2022-05-05/AutoFlat-20220505@204819-Eden-Bin1-002.fits (151/179)
Storing /home/altsai/eden/LOT20220505_2MASS_J15345704-1418486_mod/AutoFlat-20220505@204900-Eden-Bin1-003.fts -> s3://eden-data/Calibrations/LOT/FLAT/2022-05-05/AutoFlat-20220505@204900-Eden-Bin1-003.fits (152/179)
Storing /home/altsai/eden/LOT20220505_2MASS_J15345704-1418486_mod/AutoFlat-20220505@204941-Eden-Bin1-004.fts -> s3://eden-data/Calibrations/LOT/FLAT/2022-05-05/AutoFlat-20220505@204941-Eden-Bin1-004.fits (153/179)
Storing /home/altsai/eden/LOT20220505_2MASS_J15345704-1418486_mod/AutoFlat-20220505@205023-Eden-Bin1-005.fts -> s3://eden-data/Calibrations/LOT/FLAT/2022-05-05/AutoFlat-20220505@205023-Eden-Bin1-005.fits (154/179)
Storing /home/altsai/eden/LOT20220505_2MASS_J15345704-1418486_mod/AutoFlat-20220505@205102-Eden-Bin1-006.fts -> s3://eden-data/Calibrations/LOT/FLAT/2022-05-05/AutoFlat-20220505@205102-Eden-Bin1-006.fits (155/179)
Storing /home/altsai/eden/LOT20220505_2MASS_J15345704-1418486_mod/AutoFlat-20220505@205136-Eden-Bin1-007.fts -> s3://eden-data/Calibrations/LOT/FLAT/2022-05-05/AutoFlat-20220505@205136-Eden-Bin1-007.fits (156/179)
Storing /home/altsai/eden/LOT20220505_2MASS_J15345704-1418486_mod/AutoFlat-20220505@205206-Eden-Bin1-008.fts -> s3://eden-data/Calibrations/LOT/FLAT/2022-05-05/AutoFlat-20220505@205206-Eden-Bin1-008.fits (157/179)
Storing /home/altsai/eden/LOT20220505_2MASS_J15345704-1418486_mod/AutoFlat-20220505@205234-Eden-Bin1-009.fts -> s3://eden-data/Calibrations/LOT/FLAT/2022-05-05/AutoFlat-20220505@205234-Eden-Bin1-009.fits (158/179)
Storing /home/altsai/eden/LOT20220505_2MASS_J15345704-1418486_mod/AutoFlat-20220505@205301-Eden-Bin1-010.fts -> s3://eden-data/Calibrations/LOT/FLAT/2022-05-05/AutoFlat-20220505@205301-Eden-Bin1-010.fits (159/179)
Storing /home/altsai/eden/LOT20220505_2MASS_J15345704-1418486_mod/Bias-20220505@210911-000S.fts -> s3://eden-data/Calibrations/LOT/BIAS/2022-05-05/Bias-20220505@210911-000S.fits (160/179)
Storing /home/altsai/eden/LOT20220505_2MASS_J15345704-1418486_mod/Bias-20220505@210921-000S.fts -> s3://eden-data/Calibrations/LOT/BIAS/2022-05-05/Bias-20220505@210921-000S.fits (161/179)
Storing /home/altsai/eden/LOT20220505_2MASS_J15345704-1418486_mod/Bias-20220505@210928-000S.fts -> s3://eden-data/Calibrations/LOT/BIAS/2022-05-05/Bias-20220505@210928-000S.fits (162/179)
Storing /home/altsai/eden/LOT20220505_2MASS_J15345704-1418486_mod/Bias-20220505@210936-000S.fts -> s3://eden-data/Calibrations/LOT/BIAS/2022-05-05/Bias-20220505@210936-000S.fits (163/179)
Storing /home/altsai/eden/LOT20220505_2MASS_J15345704-1418486_mod/Bias-20220505@210943-000S.fts -> s3://eden-data/Calibrations/LOT/BIAS/2022-05-05/Bias-20220505@210943-000S.fits (164/179)
Storing /home/altsai/eden/LOT20220505_2MASS_J15345704-1418486_mod/Bias-20220505@210949-000S.fts -> s3://eden-data/Calibrations/LOT/BIAS/2022-05-05/Bias-20220505@210949-000S.fits (165/179)
Storing /home/altsai/eden/LOT20220505_2MASS_J15345704-1418486_mod/Bias-20220505@210957-000S.fts -> s3://eden-data/Calibrations/LOT/BIAS/2022-05-05/Bias-20220505@210957-000S.fits (166/179)
Storing /home/altsai/eden/LOT20220505_2MASS_J15345704-1418486_mod/Bias-20220505@211004-000S.fts -> s3://eden-data/Calibrations/LOT/BIAS/2022-05-05/Bias-20220505@211004-000S.fits (167/179)
Storing /home/altsai/eden/LOT20220505_2MASS_J15345704-1418486_mod/Bias-20220505@211011-000S.fts -> s3://eden-data/Calibrations/LOT/BIAS/2022-05-05/Bias-20220505@211011-000S.fits (168/179)
Storing /home/altsai/eden/LOT20220505_2MASS_J15345704-1418486_mod/Bias-20220505@211018-000S.fts -> s3://eden-data/Calibrations/LOT/BIAS/2022-05-05/Bias-20220505@211018-000S.fits (169/179)
Storing /home/altsai/eden/LOT20220505_2MASS_J15345704-1418486_mod/Dark-20220505@211103-060S.fts -> s3://eden-data/Calibrations/LOT/DARK/2022-05-05/Dark-20220505@211103-060S.fits (170/179)
Storing /home/altsai/eden/LOT20220505_2MASS_J15345704-1418486_mod/Dark-20220505@211941-060S.fts -> s3://eden-data/Calibrations/LOT/DARK/2022-05-05/Dark-20220505@211941-060S.fits (171/179)
Storing /home/altsai/eden/LOT20220505_2MASS_J15345704-1418486_mod/Dark-20220505@212818-060S.fts -> s3://eden-data/Calibrations/LOT/DARK/2022-05-05/Dark-20220505@212818-060S.fits (172/179)
Storing /home/altsai/eden/LOT20220505_2MASS_J15345704-1418486_mod/Dark-20220505@213655-060S.fts -> s3://eden-data/Calibrations/LOT/DARK/2022-05-05/Dark-20220505@213655-060S.fits (173/179)
Storing /home/altsai/eden/LOT20220505_2MASS_J15345704-1418486_mod/Dark-20220505@214532-060S.fts -> s3://eden-data/Calibrations/LOT/DARK/2022-05-05/Dark-20220505@214532-060S.fits (174/179)
Storing /home/altsai/eden/LOT20220505_2MASS_J15345704-1418486_mod/Dark-20220505@215409-060S.fts -> s3://eden-data/Calibrations/LOT/DARK/2022-05-05/Dark-20220505@215409-060S.fits (175/179)
Storing /home/altsai/eden/LOT20220505_2MASS_J15345704-1418486_mod/Dark-20220505@220245-060S.fts -> s3://eden-data/Calibrations/LOT/DARK/2022-05-05/Dark-20220505@220245-060S.fits (176/179)
Storing /home/altsai/eden/LOT20220505_2MASS_J15345704-1418486_mod/Dark-20220505@221122-060S.fts -> s3://eden-data/Calibrations/LOT/DARK/2022-05-05/Dark-20220505@221122-060S.fits (177/179)
Storing /home/altsai/eden/LOT20220505_2MASS_J15345704-1418486_mod/Dark-20220505@221959-060S.fts -> s3://eden-data/Calibrations/LOT/DARK/2022-05-05/Dark-20220505@221959-060S.fits (178/179)
Storing /home/altsai/eden/LOT20220505_2MASS_J15345704-1418486_mod/Dark-20220505@222837-060S.fts -> s3://eden-data/Calibrations/LOT/DARK/2022-05-05/Dark-20220505@222837-060S.fits (179/179)

Upload complete!
Stored: 179 files (1.5 GB)
