-----------------
input parameters
-----------------
['modify_header_eden.py', 'LOT20200329-LP_315', '16']
Your will modify header for: LP_315-53 [RA] 10 16 34.6688 [Dec] +27 51 48.8250 [Filter] GG495
---------------
folder: LOT20200329-LP_315
will update fits in: LOT20200329-LP_315_mod
 ---------------------------
 Exame Fits Header for Bias
 ---------------------------
find ./LOT20200329-LP_315/bias-dark/ | grep 'fits\|fts'|sort 
found 0 Bias/Dark
no files in ./bias-dark/
 ---------------------------
 Exame Fits Header for Flat
 ---------------------------
find ./LOT20200329-LP_315/ | grep flat/ |grep eden| grep -E 'fits|fts'|sort -t'-' -k2.4,2.6 
found 0 Flat
no files in ./flat/
 ---------------------------
 Update Fits Header for Science Target
 ---------------------------
find ./LOT20200329-LP_315/wchen/ | cut -d / -f1-4| grep 'fits\|fts'  |sort -t'@' -k2
found 112 Target

... update header ...
1/112 LP_315-53-20200329@111433-Eden.fts [TYPE] LIGHT [OBJ] LP_315-53 [RA] 10 16 34.6688 [Dec] +27 51 48.8250 [FIL] GG495 [EXPTIME] 60.0 [Date] 2020-03-29T11:14:46 [Time] 11:14:46
2/112 LP_315-53-20200329@111600-Eden.fts [TYPE] LIGHT [OBJ] LP_315-53 [RA] 10 16 34.6688 [Dec] +27 51 48.8250 [FIL] GG495 [EXPTIME] 60.0 [Date] 2020-03-29T11:16:01 [Time] 11:16:01
3/112 LP_315-53-20200329@111715-Eden.fts [TYPE] LIGHT [OBJ] LP_315-53 [RA] 10 16 34.6688 [Dec] +27 51 48.8250 [FIL] GG495 [EXPTIME] 60.0 [Date] 2020-03-29T11:17:15 [Time] 11:17:15
4/112 LP_315-53-20200329@111830-Eden.fts [TYPE] LIGHT [OBJ] LP_315-53 [RA] 10 16 34.6688 [Dec] +27 51 48.8250 [FIL] GG495 [EXPTIME] 60.0 [Date] 2020-03-29T11:18:30 [Time] 11:18:30
5/112 LP_315-53-20200329@111943-Eden.fts [TYPE] LIGHT [OBJ] LP_315-53 [RA] 10 16 34.6688 [Dec] +27 51 48.8250 [FIL] GG495 [EXPTIME] 60.0 [Date] 2020-03-29T11:19:44 [Time] 11:19:44
6/112 LP_315-53-20200329@112057-Eden.fts [TYPE] LIGHT [OBJ] LP_315-53 [RA] 10 16 34.6688 [Dec] +27 51 48.8250 [FIL] GG495 [EXPTIME] 60.0 [Date] 2020-03-29T11:20:58 [Time] 11:20:58
7/112 LP_315-53-20200329@112212-Eden.fts [TYPE] LIGHT [OBJ] LP_315-53 [RA] 10 16 34.6688 [Dec] +27 51 48.8250 [FIL] GG495 [EXPTIME] 60.0 [Date] 2020-03-29T11:22:13 [Time] 11:22:13
8/112 LP_315-53-20200329@112327-Eden.fts [TYPE] LIGHT [OBJ] LP_315-53 [RA] 10 16 34.6688 [Dec] +27 51 48.8250 [FIL] GG495 [EXPTIME] 60.0 [Date] 2020-03-29T11:23:28 [Time] 11:23:28
9/112 LP_315-53-20200329@112442-Eden.fts [TYPE] LIGHT [OBJ] LP_315-53 [RA] 10 16 34.6688 [Dec] +27 51 48.8250 [FIL] GG495 [EXPTIME] 60.0 [Date] 2020-03-29T11:24:42 [Time] 11:24:42
10/112 LP_315-53-20200329@112557-Eden.fts [TYPE] LIGHT [OBJ] LP_315-53 [RA] 10 16 34.6688 [Dec] +27 51 48.8250 [FIL] GG495 [EXPTIME] 60.0 [Date] 2020-03-29T11:25:57 [Time] 11:25:57
11/112 LP_315-53-20200329@112711-Eden.fts [TYPE] LIGHT [OBJ] LP_315-53 [RA] 10 16 34.6688 [Dec] +27 51 48.8250 [FIL] GG495 [EXPTIME] 60.0 [Date] 2020-03-29T11:27:12 [Time] 11:27:12
12/112 LP_315-53-20200329@112826-Eden.fts [TYPE] LIGHT [OBJ] LP_315-53 [RA] 10 16 34.6688 [Dec] +27 51 48.8250 [FIL] GG495 [EXPTIME] 60.0 [Date] 2020-03-29T11:28:26 [Time] 11:28:26
13/112 LP_315-53-20200329@112940-Eden.fts [TYPE] LIGHT [OBJ] LP_315-53 [RA] 10 16 34.6688 [Dec] +27 51 48.8250 [FIL] GG495 [EXPTIME] 60.0 [Date] 2020-03-29T11:29:41 [Time] 11:29:41
14/112 LP_315-53-20200329@113056-Eden.fts [TYPE] LIGHT [OBJ] LP_315-53 [RA] 10 16 34.6688 [Dec] +27 51 48.8250 [FIL] GG495 [EXPTIME] 60.0 [Date] 2020-03-29T11:30:56 [Time] 11:30:56
15/112 LP_315-53-20200329@113210-Eden.fts [TYPE] LIGHT [OBJ] LP_315-53 [RA] 10 16 34.6688 [Dec] +27 51 48.8250 [FIL] GG495 [EXPTIME] 60.0 [Date] 2020-03-29T11:32:10 [Time] 11:32:10
16/112 LP_315-53-20200329@113324-Eden.fts [TYPE] LIGHT [OBJ] LP_315-53 [RA] 10 16 34.6688 [Dec] +27 51 48.8250 [FIL] GG495 [EXPTIME] 60.0 [Date] 2020-03-29T11:33:24 [Time] 11:33:24
17/112 LP_315-53-20200329@113439-Eden.fts [TYPE] LIGHT [OBJ] LP_315-53 [RA] 10 16 34.6688 [Dec] +27 51 48.8250 [FIL] GG495 [EXPTIME] 60.0 [Date] 2020-03-29T11:34:40 [Time] 11:34:40
18/112 LP_315-53-20200329@113556-Eden.fts [TYPE] LIGHT [OBJ] LP_315-53 [RA] 10 16 34.6688 [Dec] +27 51 48.8250 [FIL] GG495 [EXPTIME] 60.0 [Date] 2020-03-29T11:35:56 [Time] 11:35:56
19/112 LP_315-53-20200329@113710-Eden.fts [TYPE] LIGHT [OBJ] LP_315-53 [RA] 10 16 34.6688 [Dec] +27 51 48.8250 [FIL] GG495 [EXPTIME] 60.0 [Date] 2020-03-29T11:37:11 [Time] 11:37:11
20/112 LP_315-53-20200329@113826-Eden.fts [TYPE] LIGHT [OBJ] LP_315-53 [RA] 10 16 34.6688 [Dec] +27 51 48.8250 [FIL] GG495 [EXPTIME] 60.0 [Date] 2020-03-29T11:38:26 [Time] 11:38:26
21/112 LP_315-53-20200329@113939-Eden.fts [TYPE] LIGHT [OBJ] LP_315-53 [RA] 10 16 34.6688 [Dec] +27 51 48.8250 [FIL] GG495 [EXPTIME] 60.0 [Date] 2020-03-29T11:39:40 [Time] 11:39:40
22/112 LP_315-53-20200329@114055-Eden.fts [TYPE] LIGHT [OBJ] LP_315-53 [RA] 10 16 34.6688 [Dec] +27 51 48.8250 [FIL] GG495 [EXPTIME] 60.0 [Date] 2020-03-29T11:40:55 [Time] 11:40:55
23/112 LP_315-53-20200329@114210-Eden.fts [TYPE] LIGHT [OBJ] LP_315-53 [RA] 10 16 34.6688 [Dec] +27 51 48.8250 [FIL] GG495 [EXPTIME] 60.0 [Date] 2020-03-29T11:42:10 [Time] 11:42:10
24/112 LP_315-53-20200329@114324-Eden.fts [TYPE] LIGHT [OBJ] LP_315-53 [RA] 10 16 34.6688 [Dec] +27 51 48.8250 [FIL] GG495 [EXPTIME] 60.0 [Date] 2020-03-29T11:43:25 [Time] 11:43:25
25/112 LP_315-53-20200329@114439-Eden.fts [TYPE] LIGHT [OBJ] LP_315-53 [RA] 10 16 34.6688 [Dec] +27 51 48.8250 [FIL] GG495 [EXPTIME] 60.0 [Date] 2020-03-29T11:44:39 [Time] 11:44:39
26/112 LP_315-53-20200329@114553-Eden.fts [TYPE] LIGHT [OBJ] LP_315-53 [RA] 10 16 34.6688 [Dec] +27 51 48.8250 [FIL] GG495 [EXPTIME] 60.0 [Date] 2020-03-29T11:45:54 [Time] 11:45:54
27/112 LP_315-53-20200329@114708-Eden.fts [TYPE] LIGHT [OBJ] LP_315-53 [RA] 10 16 34.6688 [Dec] +27 51 48.8250 [FIL] GG495 [EXPTIME] 60.0 [Date] 2020-03-29T11:47:08 [Time] 11:47:08
28/112 LP_315-53-20200329@114823-Eden.fts [TYPE] LIGHT [OBJ] LP_315-53 [RA] 10 16 34.6688 [Dec] +27 51 48.8250 [FIL] GG495 [EXPTIME] 60.0 [Date] 2020-03-29T11:48:24 [Time] 11:48:24
29/112 LP_315-53-20200329@114940-Eden.fts [TYPE] LIGHT [OBJ] LP_315-53 [RA] 10 16 34.6688 [Dec] +27 51 48.8250 [FIL] GG495 [EXPTIME] 60.0 [Date] 2020-03-29T11:49:40 [Time] 11:49:40
30/112 LP_315-53-20200329@115054-Eden.fts [TYPE] LIGHT [OBJ] LP_315-53 [RA] 10 16 34.6688 [Dec] +27 51 48.8250 [FIL] GG495 [EXPTIME] 60.0 [Date] 2020-03-29T11:50:55 [Time] 11:50:55
31/112 LP_315-53-20200329@115209-Eden.fts [TYPE] LIGHT [OBJ] LP_315-53 [RA] 10 16 34.6688 [Dec] +27 51 48.8250 [FIL] GG495 [EXPTIME] 60.0 [Date] 2020-03-29T11:52:10 [Time] 11:52:10
32/112 LP_315-53-20200329@115324-Eden.fts [TYPE] LIGHT [OBJ] LP_315-53 [RA] 10 16 34.6688 [Dec] +27 51 48.8250 [FIL] GG495 [EXPTIME] 60.0 [Date] 2020-03-29T11:53:25 [Time] 11:53:25
33/112 LP_315-53-20200329@115439-Eden.fts [TYPE] LIGHT [OBJ] LP_315-53 [RA] 10 16 34.6688 [Dec] +27 51 48.8250 [FIL] GG495 [EXPTIME] 60.0 [Date] 2020-03-29T11:54:40 [Time] 11:54:40
34/112 LP_315-53-20200329@115553-Eden.fts [TYPE] LIGHT [OBJ] LP_315-53 [RA] 10 16 34.6688 [Dec] +27 51 48.8250 [FIL] GG495 [EXPTIME] 60.0 [Date] 2020-03-29T11:55:53 [Time] 11:55:53
35/112 LP_315-53-20200329@115708-Eden.fts [TYPE] LIGHT [OBJ] LP_315-53 [RA] 10 16 34.6688 [Dec] +27 51 48.8250 [FIL] GG495 [EXPTIME] 60.0 [Date] 2020-03-29T11:57:08 [Time] 11:57:08
36/112 LP_315-53-20200329@115823-Eden.fts [TYPE] LIGHT [OBJ] LP_315-53 [RA] 10 16 34.6688 [Dec] +27 51 48.8250 [FIL] GG495 [EXPTIME] 60.0 [Date] 2020-03-29T11:58:24 [Time] 11:58:24
37/112 LP_315-53-20200329@115937-Eden.fts [TYPE] LIGHT [OBJ] LP_315-53 [RA] 10 16 34.6688 [Dec] +27 51 48.8250 [FIL] GG495 [EXPTIME] 60.0 [Date] 2020-03-29T11:59:37 [Time] 11:59:37
38/112 LP_315-53-20200329@120052-Eden.fts [TYPE] LIGHT [OBJ] LP_315-53 [RA] 10 16 34.6688 [Dec] +27 51 48.8250 [FIL] GG495 [EXPTIME] 60.0 [Date] 2020-03-29T12:00:52 [Time] 12:00:52
39/112 LP_315-53-20200329@120207-Eden.fts [TYPE] LIGHT [OBJ] LP_315-53 [RA] 10 16 34.6688 [Dec] +27 51 48.8250 [FIL] GG495 [EXPTIME] 60.0 [Date] 2020-03-29T12:02:07 [Time] 12:02:07
40/112 LP_315-53-20200329@120322-Eden.fts [TYPE] LIGHT [OBJ] LP_315-53 [RA] 10 16 34.6688 [Dec] +27 51 48.8250 [FIL] GG495 [EXPTIME] 60.0 [Date] 2020-03-29T12:03:22 [Time] 12:03:22
41/112 LP_315-53-20200329@120436-Eden.fts [TYPE] LIGHT [OBJ] LP_315-53 [RA] 10 16 34.6688 [Dec] +27 51 48.8250 [FIL] GG495 [EXPTIME] 60.0 [Date] 2020-03-29T12:04:37 [Time] 12:04:37
42/112 LP_315-53-20200329@120550-Eden.fts [TYPE] LIGHT [OBJ] LP_315-53 [RA] 10 16 34.6688 [Dec] +27 51 48.8250 [FIL] GG495 [EXPTIME] 60.0 [Date] 2020-03-29T12:05:51 [Time] 12:05:51
43/112 LP_315-53-20200329@120704-Eden.fts [TYPE] LIGHT [OBJ] LP_315-53 [RA] 10 16 34.6688 [Dec] +27 51 48.8250 [FIL] GG495 [EXPTIME] 60.0 [Date] 2020-03-29T12:07:05 [Time] 12:07:05
44/112 LP_315-53-20200329@120818-Eden.fts [TYPE] LIGHT [OBJ] LP_315-53 [RA] 10 16 34.6688 [Dec] +27 51 48.8250 [FIL] GG495 [EXPTIME] 60.0 [Date] 2020-03-29T12:08:18 [Time] 12:08:18
45/112 LP_315-53-20200329@120933-Eden.fts [TYPE] LIGHT [OBJ] LP_315-53 [RA] 10 16 34.6688 [Dec] +27 51 48.8250 [FIL] GG495 [EXPTIME] 60.0 [Date] 2020-03-29T12:09:33 [Time] 12:09:33
46/112 LP_315-53-20200329@121047-Eden.fts [TYPE] LIGHT [OBJ] LP_315-53 [RA] 10 16 34.6688 [Dec] +27 51 48.8250 [FIL] GG495 [EXPTIME] 60.0 [Date] 2020-03-29T12:10:47 [Time] 12:10:47
47/112 LP_315-53-20200329@121204-Eden.fts [TYPE] LIGHT [OBJ] LP_315-53 [RA] 10 16 34.6688 [Dec] +27 51 48.8250 [FIL] GG495 [EXPTIME] 60.0 [Date] 2020-03-29T12:12:04 [Time] 12:12:04
48/112 LP_315-53-20200329@121319-Eden.fts [TYPE] LIGHT [OBJ] LP_315-53 [RA] 10 16 34.6688 [Dec] +27 51 48.8250 [FIL] GG495 [EXPTIME] 60.0 [Date] 2020-03-29T12:13:19 [Time] 12:13:19
49/112 LP_315-53-20200329@121433-Eden.fts [TYPE] LIGHT [OBJ] LP_315-53 [RA] 10 16 34.6688 [Dec] +27 51 48.8250 [FIL] GG495 [EXPTIME] 60.0 [Date] 2020-03-29T12:14:34 [Time] 12:14:34
50/112 LP_315-53-20200329@121549-Eden.fts [TYPE] LIGHT [OBJ] LP_315-53 [RA] 10 16 34.6688 [Dec] +27 51 48.8250 [FIL] GG495 [EXPTIME] 60.0 [Date] 2020-03-29T12:15:50 [Time] 12:15:50
51/112 LP_315-53-20200329@121704-Eden.fts [TYPE] LIGHT [OBJ] LP_315-53 [RA] 10 16 34.6688 [Dec] +27 51 48.8250 [FIL] GG495 [EXPTIME] 60.0 [Date] 2020-03-29T12:17:04 [Time] 12:17:04
52/112 LP_315-53-20200329@121819-Eden.fts [TYPE] LIGHT [OBJ] LP_315-53 [RA] 10 16 34.6688 [Dec] +27 51 48.8250 [FIL] GG495 [EXPTIME] 60.0 [Date] 2020-03-29T12:18:19 [Time] 12:18:19
53/112 LP_315-53-20200329@121934-Eden.fts [TYPE] LIGHT [OBJ] LP_315-53 [RA] 10 16 34.6688 [Dec] +27 51 48.8250 [FIL] GG495 [EXPTIME] 60.0 [Date] 2020-03-29T12:19:34 [Time] 12:19:34
54/112 LP_315-53-20200329@122048-Eden.fts [TYPE] LIGHT [OBJ] LP_315-53 [RA] 10 16 34.6688 [Dec] +27 51 48.8250 [FIL] GG495 [EXPTIME] 60.0 [Date] 2020-03-29T12:20:48 [Time] 12:20:48
55/112 LP_315-53-20200329@122202-Eden.fts [TYPE] LIGHT [OBJ] LP_315-53 [RA] 10 16 34.6688 [Dec] +27 51 48.8250 [FIL] GG495 [EXPTIME] 60.0 [Date] 2020-03-29T12:22:02 [Time] 12:22:02
56/112 LP_315-53-20200329@122317-Eden.fts [TYPE] LIGHT [OBJ] LP_315-53 [RA] 10 16 34.6688 [Dec] +27 51 48.8250 [FIL] GG495 [EXPTIME] 60.0 [Date] 2020-03-29T12:23:18 [Time] 12:23:18
57/112 LP_315-53-20200329@122435-Eden.fts [TYPE] LIGHT [OBJ] LP_315-53 [RA] 10 16 34.6688 [Dec] +27 51 48.8250 [FIL] GG495 [EXPTIME] 60.0 [Date] 2020-03-29T12:24:35 [Time] 12:24:35
58/112 LP_315-53-20200329@122549-Eden.fts [TYPE] LIGHT [OBJ] LP_315-53 [RA] 10 16 34.6688 [Dec] +27 51 48.8250 [FIL] GG495 [EXPTIME] 60.0 [Date] 2020-03-29T12:25:50 [Time] 12:25:50
59/112 LP_315-53-20200329@122704-Eden.fts [TYPE] LIGHT [OBJ] LP_315-53 [RA] 10 16 34.6688 [Dec] +27 51 48.8250 [FIL] GG495 [EXPTIME] 60.0 [Date] 2020-03-29T12:27:04 [Time] 12:27:04
60/112 LP_315-53-20200329@122818-Eden.fts [TYPE] LIGHT [OBJ] LP_315-53 [RA] 10 16 34.6688 [Dec] +27 51 48.8250 [FIL] GG495 [EXPTIME] 60.0 [Date] 2020-03-29T12:28:18 [Time] 12:28:18
61/112 LP_315-53-20200329@122932-Eden.fts [TYPE] LIGHT [OBJ] LP_315-53 [RA] 10 16 34.6688 [Dec] +27 51 48.8250 [FIL] GG495 [EXPTIME] 60.0 [Date] 2020-03-29T12:29:32 [Time] 12:29:32
62/112 LP_315-53-20200329@123046-Eden.fts [TYPE] LIGHT [OBJ] LP_315-53 [RA] 10 16 34.6688 [Dec] +27 51 48.8250 [FIL] GG495 [EXPTIME] 60.0 [Date] 2020-03-29T12:30:46 [Time] 12:30:46
63/112 LP_315-53-20200329@123200-Eden.fts [TYPE] LIGHT [OBJ] LP_315-53 [RA] 10 16 34.6688 [Dec] +27 51 48.8250 [FIL] GG495 [EXPTIME] 60.0 [Date] 2020-03-29T12:32:01 [Time] 12:32:01
64/112 LP_315-53-20200329@123314-Eden.fts [TYPE] LIGHT [OBJ] LP_315-53 [RA] 10 16 34.6688 [Dec] +27 51 48.8250 [FIL] GG495 [EXPTIME] 60.0 [Date] 2020-03-29T12:33:14 [Time] 12:33:14
65/112 LP_315-53-20200329@123429-Eden.fts [TYPE] LIGHT [OBJ] LP_315-53 [RA] 10 16 34.6688 [Dec] +27 51 48.8250 [FIL] GG495 [EXPTIME] 60.0 [Date] 2020-03-29T12:34:29 [Time] 12:34:29
66/112 LP_315-53-20200329@123544-Eden.fts [TYPE] LIGHT [OBJ] LP_315-53 [RA] 10 16 34.6688 [Dec] +27 51 48.8250 [FIL] GG495 [EXPTIME] 60.0 [Date] 2020-03-29T12:35:45 [Time] 12:35:45
67/112 LP_315-53-20200329@123658-Eden.fts [TYPE] LIGHT [OBJ] LP_315-53 [RA] 10 16 34.6688 [Dec] +27 51 48.8250 [FIL] GG495 [EXPTIME] 60.0 [Date] 2020-03-29T12:36:59 [Time] 12:36:59
68/112 LP_315-53-20200329@123813-Eden.fts [TYPE] LIGHT [OBJ] LP_315-53 [RA] 10 16 34.6688 [Dec] +27 51 48.8250 [FIL] GG495 [EXPTIME] 60.0 [Date] 2020-03-29T12:38:13 [Time] 12:38:13
69/112 LP_315-53-20200329@123928-Eden.fts [TYPE] LIGHT [OBJ] LP_315-53 [RA] 10 16 34.6688 [Dec] +27 51 48.8250 [FIL] GG495 [EXPTIME] 60.0 [Date] 2020-03-29T12:39:28 [Time] 12:39:28
70/112 LP_315-53-20200329@124042-Eden.fts [TYPE] LIGHT [OBJ] LP_315-53 [RA] 10 16 34.6688 [Dec] +27 51 48.8250 [FIL] GG495 [EXPTIME] 60.0 [Date] 2020-03-29T12:40:42 [Time] 12:40:42
71/112 LP_315-53-20200329@124156-Eden.fts [TYPE] LIGHT [OBJ] LP_315-53 [RA] 10 16 34.6688 [Dec] +27 51 48.8250 [FIL] GG495 [EXPTIME] 60.0 [Date] 2020-03-29T12:41:56 [Time] 12:41:56
72/112 LP_315-53-20200329@124311-Eden.fts [TYPE] LIGHT [OBJ] LP_315-53 [RA] 10 16 34.6688 [Dec] +27 51 48.8250 [FIL] GG495 [EXPTIME] 60.0 [Date] 2020-03-29T12:43:12 [Time] 12:43:12
73/112 LP_315-53-20200329@124426-Eden.fts [TYPE] LIGHT [OBJ] LP_315-53 [RA] 10 16 34.6688 [Dec] +27 51 48.8250 [FIL] GG495 [EXPTIME] 60.0 [Date] 2020-03-29T12:44:26 [Time] 12:44:26
74/112 LP_315-53-20200329@124540-Eden.fts [TYPE] LIGHT [OBJ] LP_315-53 [RA] 10 16 34.6688 [Dec] +27 51 48.8250 [FIL] GG495 [EXPTIME] 60.0 [Date] 2020-03-29T12:45:40 [Time] 12:45:40
75/112 LP_315-53-20200329@124655-Eden.fts [TYPE] LIGHT [OBJ] LP_315-53 [RA] 10 16 34.6688 [Dec] +27 51 48.8250 [FIL] GG495 [EXPTIME] 60.0 [Date] 2020-03-29T12:46:57 [Time] 12:46:57
76/112 LP_315-53-20200329@124811-Eden.fts [TYPE] LIGHT [OBJ] LP_315-53 [RA] 10 16 34.6688 [Dec] +27 51 48.8250 [FIL] GG495 [EXPTIME] 60.0 [Date] 2020-03-29T12:48:12 [Time] 12:48:12
77/112 LP_315-53-20200329@124925-Eden.fts [TYPE] LIGHT [OBJ] LP_315-53 [RA] 10 16 34.6688 [Dec] +27 51 48.8250 [FIL] GG495 [EXPTIME] 60.0 [Date] 2020-03-29T12:49:26 [Time] 12:49:26
78/112 LP_315-53-20200329@125041-Eden.fts [TYPE] LIGHT [OBJ] LP_315-53 [RA] 10 16 34.6688 [Dec] +27 51 48.8250 [FIL] GG495 [EXPTIME] 60.0 [Date] 2020-03-29T12:50:42 [Time] 12:50:42
79/112 LP_315-53-20200329@125157-Eden.fts [TYPE] LIGHT [OBJ] LP_315-53 [RA] 10 16 34.6688 [Dec] +27 51 48.8250 [FIL] GG495 [EXPTIME] 60.0 [Date] 2020-03-29T12:51:57 [Time] 12:51:57
80/112 LP_315-53-20200329@125313-Eden.fts [TYPE] LIGHT [OBJ] LP_315-53 [RA] 10 16 34.6688 [Dec] +27 51 48.8250 [FIL] GG495 [EXPTIME] 60.0 [Date] 2020-03-29T12:53:13 [Time] 12:53:13
81/112 LP_315-53-20200329@125428-Eden.fts [TYPE] LIGHT [OBJ] LP_315-53 [RA] 10 16 34.6688 [Dec] +27 51 48.8250 [FIL] GG495 [EXPTIME] 60.0 [Date] 2020-03-29T12:54:28 [Time] 12:54:28
82/112 LP_315-53-20200329@125543-Eden.fts [TYPE] LIGHT [OBJ] LP_315-53 [RA] 10 16 34.6688 [Dec] +27 51 48.8250 [FIL] GG495 [EXPTIME] 60.0 [Date] 2020-03-29T12:55:43 [Time] 12:55:43
83/112 LP_315-53-20200329@125659-Eden.fts [TYPE] LIGHT [OBJ] LP_315-53 [RA] 10 16 34.6688 [Dec] +27 51 48.8250 [FIL] GG495 [EXPTIME] 60.0 [Date] 2020-03-29T12:56:59 [Time] 12:56:59
84/112 LP_315-53-20200329@125813-Eden.fts [TYPE] LIGHT [OBJ] LP_315-53 [RA] 10 16 34.6688 [Dec] +27 51 48.8250 [FIL] GG495 [EXPTIME] 60.0 [Date] 2020-03-29T12:58:13 [Time] 12:58:13
85/112 LP_315-53-20200329@125927-Eden.fts [TYPE] LIGHT [OBJ] LP_315-53 [RA] 10 16 34.6688 [Dec] +27 51 48.8250 [FIL] GG495 [EXPTIME] 60.0 [Date] 2020-03-29T12:59:28 [Time] 12:59:28
86/112 LP_315-53-20200329@130041-Eden.fts [TYPE] LIGHT [OBJ] LP_315-53 [RA] 10 16 34.6688 [Dec] +27 51 48.8250 [FIL] GG495 [EXPTIME] 60.0 [Date] 2020-03-29T13:00:42 [Time] 13:00:42
87/112 LP_315-53-20200329@130156-Eden.fts [TYPE] LIGHT [OBJ] LP_315-53 [RA] 10 16 34.6688 [Dec] +27 51 48.8250 [FIL] GG495 [EXPTIME] 60.0 [Date] 2020-03-29T13:01:56 [Time] 13:01:56
88/112 LP_315-53-20200329@130311-Eden.fts [TYPE] LIGHT [OBJ] LP_315-53 [RA] 10 16 34.6688 [Dec] +27 51 48.8250 [FIL] GG495 [EXPTIME] 60.0 [Date] 2020-03-29T13:03:11 [Time] 13:03:11
89/112 LP_315-53-20200329@130425-Eden.fts [TYPE] LIGHT [OBJ] LP_315-53 [RA] 10 16 34.6688 [Dec] +27 51 48.8250 [FIL] GG495 [EXPTIME] 60.0 [Date] 2020-03-29T13:04:26 [Time] 13:04:26
90/112 LP_315-53-20200329@130539-Eden.fts [TYPE] LIGHT [OBJ] LP_315-53 [RA] 10 16 34.6688 [Dec] +27 51 48.8250 [FIL] GG495 [EXPTIME] 60.0 [Date] 2020-03-29T13:05:40 [Time] 13:05:40
91/112 LP_315-53-20200329@130653-Eden.fts [TYPE] LIGHT [OBJ] LP_315-53 [RA] 10 16 34.6688 [Dec] +27 51 48.8250 [FIL] GG495 [EXPTIME] 60.0 [Date] 2020-03-29T13:06:54 [Time] 13:06:54
92/112 LP_315-53-20200329@130808-Eden.fts [TYPE] LIGHT [OBJ] LP_315-53 [RA] 10 16 34.6688 [Dec] +27 51 48.8250 [FIL] GG495 [EXPTIME] 60.0 [Date] 2020-03-29T13:08:09 [Time] 13:08:09
93/112 LP_315-53-20200329@130922-Eden.fts [TYPE] LIGHT [OBJ] LP_315-53 [RA] 10 16 34.6688 [Dec] +27 51 48.8250 [FIL] GG495 [EXPTIME] 60.0 [Date] 2020-03-29T13:09:23 [Time] 13:09:23
94/112 LP_315-53-20200329@131038-Eden.fts [TYPE] LIGHT [OBJ] LP_315-53 [RA] 10 16 34.6688 [Dec] +27 51 48.8250 [FIL] GG495 [EXPTIME] 60.0 [Date] 2020-03-29T13:10:38 [Time] 13:10:38
95/112 LP_315-53-20200329@131152-Eden.fts [TYPE] LIGHT [OBJ] LP_315-53 [RA] 10 16 34.6688 [Dec] +27 51 48.8250 [FIL] GG495 [EXPTIME] 60.0 [Date] 2020-03-29T13:11:53 [Time] 13:11:53
96/112 LP_315-53-20200329@131307-Eden.fts [TYPE] LIGHT [OBJ] LP_315-53 [RA] 10 16 34.6688 [Dec] +27 51 48.8250 [FIL] GG495 [EXPTIME] 60.0 [Date] 2020-03-29T13:13:07 [Time] 13:13:07
97/112 LP_315-53-20200329@131422-Eden.fts [TYPE] LIGHT [OBJ] LP_315-53 [RA] 10 16 34.6688 [Dec] +27 51 48.8250 [FIL] GG495 [EXPTIME] 60.0 [Date] 2020-03-29T13:14:23 [Time] 13:14:23
98/112 LP_315-53-20200329@131537-Eden.fts [TYPE] LIGHT [OBJ] LP_315-53 [RA] 10 16 34.6688 [Dec] +27 51 48.8250 [FIL] GG495 [EXPTIME] 60.0 [Date] 2020-03-29T13:15:37 [Time] 13:15:37
99/112 LP_315-53-20200329@131653-Eden.fts [TYPE] LIGHT [OBJ] LP_315-53 [RA] 10 16 34.6688 [Dec] +27 51 48.8250 [FIL] GG495 [EXPTIME] 60.0 [Date] 2020-03-29T13:16:53 [Time] 13:16:53
100/112 LP_315-53-20200329@131808-Eden.fts [TYPE] LIGHT [OBJ] LP_315-53 [RA] 10 16 34.6688 [Dec] +27 51 48.8250 [FIL] GG495 [EXPTIME] 60.0 [Date] 2020-03-29T13:18:08 [Time] 13:18:08
101/112 LP_315-53-20200329@131922-Eden.fts [TYPE] LIGHT [OBJ] LP_315-53 [RA] 10 16 34.6688 [Dec] +27 51 48.8250 [FIL] GG495 [EXPTIME] 60.0 [Date] 2020-03-29T13:19:22 [Time] 13:19:22
102/112 LP_315-53-20200329@132037-Eden.fts [TYPE] LIGHT [OBJ] LP_315-53 [RA] 10 16 34.6688 [Dec] +27 51 48.8250 [FIL] GG495 [EXPTIME] 60.0 [Date] 2020-03-29T13:20:38 [Time] 13:20:38
103/112 LP_315-53-20200329@132151-Eden.fts [TYPE] LIGHT [OBJ] LP_315-53 [RA] 10 16 34.6688 [Dec] +27 51 48.8250 [FIL] GG495 [EXPTIME] 60.0 [Date] 2020-03-29T13:21:52 [Time] 13:21:52
104/112 LP_315-53-20200329@132306-Eden.fts [TYPE] LIGHT [OBJ] LP_315-53 [RA] 10 16 34.6688 [Dec] +27 51 48.8250 [FIL] GG495 [EXPTIME] 60.0 [Date] 2020-03-29T13:23:06 [Time] 13:23:06
105/112 LP_315-53-20200329@132421-Eden.fts [TYPE] LIGHT [OBJ] LP_315-53 [RA] 10 16 34.6688 [Dec] +27 51 48.8250 [FIL] GG495 [EXPTIME] 60.0 [Date] 2020-03-29T13:24:22 [Time] 13:24:22
106/112 LP_315-53-20200329@132536-Eden.fts [TYPE] LIGHT [OBJ] LP_315-53 [RA] 10 16 34.6688 [Dec] +27 51 48.8250 [FIL] GG495 [EXPTIME] 60.0 [Date] 2020-03-29T13:25:37 [Time] 13:25:37
107/112 LP_315-53-20200329@132650-Eden.fts [TYPE] LIGHT [OBJ] LP_315-53 [RA] 10 16 34.6688 [Dec] +27 51 48.8250 [FIL] GG495 [EXPTIME] 60.0 [Date] 2020-03-29T13:26:51 [Time] 13:26:51
108/112 LP_315-53-20200329@132804-Eden.fts [TYPE] LIGHT [OBJ] LP_315-53 [RA] 10 16 34.6688 [Dec] +27 51 48.8250 [FIL] GG495 [EXPTIME] 60.0 [Date] 2020-03-29T13:28:05 [Time] 13:28:05
109/112 LP_315-53-20200329@132920-Eden.fts [TYPE] LIGHT [OBJ] LP_315-53 [RA] 10 16 34.6688 [Dec] +27 51 48.8250 [FIL] GG495 [EXPTIME] 60.0 [Date] 2020-03-29T13:29:20 [Time] 13:29:20
110/112 LP_315-53-20200329@133034-Eden.fts [TYPE] LIGHT [OBJ] LP_315-53 [RA] 10 16 34.6688 [Dec] +27 51 48.8250 [FIL] GG495 [EXPTIME] 60.0 [Date] 2020-03-29T13:30:35 [Time] 13:30:35
111/112 LP_315-53-20200329@133148-Eden.fts [TYPE] LIGHT [OBJ] LP_315-53 [RA] 10 16 34.6688 [Dec] +27 51 48.8250 [FIL] GG495 [EXPTIME] 60.0 [Date] 2020-03-29T13:31:49 [Time] 13:31:49
112/112 LP_315-53-20200329@133303-Eden.fts [TYPE] LIGHT [OBJ] LP_315-53 [RA] 10 16 34.6688 [Dec] +27 51 48.8250 [FIL] GG495 [EXPTIME] 60.0 [Date] 2020-03-29T13:33:04 [Time] 13:33:04
... write log file to LOT20200329-LP_315_mod.log ...
... finish ...
