Bucket successfully loaded! eden-data
259 files found
Storing data to the S3 archive!
Doing a dry run - uploads will not be committed.
Verbose output enabled.
Storing LOT20200117-LP_310-34_mod/LP_310-34-20200117@134426-Eden.fts -> s3://eden-data/RAW/LOT/LP_310-34/2020-01-17/LP_310-34-20200117@134426-Eden.fits (1/259) (dry run)
Storing LOT20200117-LP_310-34_mod/LP_310-34-20200117@135354-Eden.fts -> s3://eden-data/RAW/LOT/LP_310-34/2020-01-17/LP_310-34-20200117@135354-Eden.fits (2/259) (dry run)
Storing LOT20200117-LP_310-34_mod/LP_310-34-20200117@135521-Eden.fts -> s3://eden-data/RAW/LOT/LP_310-34/2020-01-17/LP_310-34-20200117@135521-Eden.fits (3/259) (dry run)
Storing LOT20200117-LP_310-34_mod/LP_310-34-20200117@135634-Eden.fts -> s3://eden-data/RAW/LOT/LP_310-34/2020-01-17/LP_310-34-20200117@135634-Eden.fits (4/259) (dry run)
Storing LOT20200117-LP_310-34_mod/LP_310-34-20200117@135748-Eden.fts -> s3://eden-data/RAW/LOT/LP_310-34/2020-01-17/LP_310-34-20200117@135748-Eden.fits (5/259) (dry run)
Storing LOT20200117-LP_310-34_mod/LP_310-34-20200117@135904-Eden.fts -> s3://eden-data/RAW/LOT/LP_310-34/2020-01-17/LP_310-34-20200117@135904-Eden.fits (6/259) (dry run)
Storing LOT20200117-LP_310-34_mod/LP_310-34-20200117@140019-Eden.fts -> s3://eden-data/RAW/LOT/LP_310-34/2020-01-17/LP_310-34-20200117@140019-Eden.fits (7/259) (dry run)
Storing LOT20200117-LP_310-34_mod/LP_310-34-20200117@140134-Eden.fts -> s3://eden-data/RAW/LOT/LP_310-34/2020-01-17/LP_310-34-20200117@140134-Eden.fits (8/259) (dry run)
Storing LOT20200117-LP_310-34_mod/LP_310-34-20200117@140248-Eden.fts -> s3://eden-data/RAW/LOT/LP_310-34/2020-01-17/LP_310-34-20200117@140248-Eden.fits (9/259) (dry run)
Storing LOT20200117-LP_310-34_mod/LP_310-34-20200117@140401-Eden.fts -> s3://eden-data/RAW/LOT/LP_310-34/2020-01-17/LP_310-34-20200117@140401-Eden.fits (10/259) (dry run)
Storing LOT20200117-LP_310-34_mod/LP_310-34-20200117@140517-Eden.fts -> s3://eden-data/RAW/LOT/LP_310-34/2020-01-17/LP_310-34-20200117@140517-Eden.fits (11/259) (dry run)
Storing LOT20200117-LP_310-34_mod/LP_310-34-20200117@140630-Eden.fts -> s3://eden-data/RAW/LOT/LP_310-34/2020-01-17/LP_310-34-20200117@140630-Eden.fits (12/259) (dry run)
Storing LOT20200117-LP_310-34_mod/LP_310-34-20200117@140743-Eden.fts -> s3://eden-data/RAW/LOT/LP_310-34/2020-01-17/LP_310-34-20200117@140743-Eden.fits (13/259) (dry run)
Storing LOT20200117-LP_310-34_mod/LP_310-34-20200117@140857-Eden.fts -> s3://eden-data/RAW/LOT/LP_310-34/2020-01-17/LP_310-34-20200117@140857-Eden.fits (14/259) (dry run)
Storing LOT20200117-LP_310-34_mod/LP_310-34-20200117@141010-Eden.fts -> s3://eden-data/RAW/LOT/LP_310-34/2020-01-17/LP_310-34-20200117@141010-Eden.fits (15/259) (dry run)
Storing LOT20200117-LP_310-34_mod/LP_310-34-20200117@141123-Eden.fts -> s3://eden-data/RAW/LOT/LP_310-34/2020-01-17/LP_310-34-20200117@141123-Eden.fits (16/259) (dry run)
Storing LOT20200117-LP_310-34_mod/LP_310-34-20200117@141238-Eden.fts -> s3://eden-data/RAW/LOT/LP_310-34/2020-01-17/LP_310-34-20200117@141238-Eden.fits (17/259) (dry run)
Storing LOT20200117-LP_310-34_mod/LP_310-34-20200117@141353-Eden.fts -> s3://eden-data/RAW/LOT/LP_310-34/2020-01-17/LP_310-34-20200117@141353-Eden.fits (18/259) (dry run)
Storing LOT20200117-LP_310-34_mod/LP_310-34-20200117@141505-Eden.fts -> s3://eden-data/RAW/LOT/LP_310-34/2020-01-17/LP_310-34-20200117@141505-Eden.fits (19/259) (dry run)
Storing LOT20200117-LP_310-34_mod/LP_310-34-20200117@141620-Eden.fts -> s3://eden-data/RAW/LOT/LP_310-34/2020-01-17/LP_310-34-20200117@141620-Eden.fits (20/259) (dry run)
Storing LOT20200117-LP_310-34_mod/LP_310-34-20200117@141736-Eden.fts -> s3://eden-data/RAW/LOT/LP_310-34/2020-01-17/LP_310-34-20200117@141736-Eden.fits (21/259) (dry run)
Storing LOT20200117-LP_310-34_mod/LP_310-34-20200117@141849-Eden.fts -> s3://eden-data/RAW/LOT/LP_310-34/2020-01-17/LP_310-34-20200117@141849-Eden.fits (22/259) (dry run)
Storing LOT20200117-LP_310-34_mod/LP_310-34-20200117@142004-Eden.fts -> s3://eden-data/RAW/LOT/LP_310-34/2020-01-17/LP_310-34-20200117@142004-Eden.fits (23/259) (dry run)
Storing LOT20200117-LP_310-34_mod/LP_310-34-20200117@142117-Eden.fts -> s3://eden-data/RAW/LOT/LP_310-34/2020-01-17/LP_310-34-20200117@142117-Eden.fits (24/259) (dry run)
Storing LOT20200117-LP_310-34_mod/LP_310-34-20200117@142230-Eden.fts -> s3://eden-data/RAW/LOT/LP_310-34/2020-01-17/LP_310-34-20200117@142230-Eden.fits (25/259) (dry run)
Storing LOT20200117-LP_310-34_mod/LP_310-34-20200117@142344-Eden.fts -> s3://eden-data/RAW/LOT/LP_310-34/2020-01-17/LP_310-34-20200117@142344-Eden.fits (26/259) (dry run)
Storing LOT20200117-LP_310-34_mod/LP_310-34-20200117@142501-Eden.fts -> s3://eden-data/RAW/LOT/LP_310-34/2020-01-17/LP_310-34-20200117@142501-Eden.fits (27/259) (dry run)
Storing LOT20200117-LP_310-34_mod/LP_310-34-20200117@142615-Eden.fts -> s3://eden-data/RAW/LOT/LP_310-34/2020-01-17/LP_310-34-20200117@142615-Eden.fits (28/259) (dry run)
Storing LOT20200117-LP_310-34_mod/LP_310-34-20200117@142729-Eden.fts -> s3://eden-data/RAW/LOT/LP_310-34/2020-01-17/LP_310-34-20200117@142729-Eden.fits (29/259) (dry run)
Storing LOT20200117-LP_310-34_mod/LP_310-34-20200117@142843-Eden.fts -> s3://eden-data/RAW/LOT/LP_310-34/2020-01-17/LP_310-34-20200117@142843-Eden.fits (30/259) (dry run)
Storing LOT20200117-LP_310-34_mod/LP_310-34-20200117@143000-Eden.fts -> s3://eden-data/RAW/LOT/LP_310-34/2020-01-17/LP_310-34-20200117@143000-Eden.fits (31/259) (dry run)
Storing LOT20200117-LP_310-34_mod/LP_310-34-20200117@143116-Eden.fts -> s3://eden-data/RAW/LOT/LP_310-34/2020-01-17/LP_310-34-20200117@143116-Eden.fits (32/259) (dry run)
Storing LOT20200117-LP_310-34_mod/LP_310-34-20200117@143230-Eden.fts -> s3://eden-data/RAW/LOT/LP_310-34/2020-01-17/LP_310-34-20200117@143230-Eden.fits (33/259) (dry run)
Storing LOT20200117-LP_310-34_mod/LP_310-34-20200117@143344-Eden.fts -> s3://eden-data/RAW/LOT/LP_310-34/2020-01-17/LP_310-34-20200117@143344-Eden.fits (34/259) (dry run)
Storing LOT20200117-LP_310-34_mod/LP_310-34-20200117@143459-Eden.fts -> s3://eden-data/RAW/LOT/LP_310-34/2020-01-17/LP_310-34-20200117@143459-Eden.fits (35/259) (dry run)
Storing LOT20200117-LP_310-34_mod/LP_310-34-20200117@143614-Eden.fts -> s3://eden-data/RAW/LOT/LP_310-34/2020-01-17/LP_310-34-20200117@143614-Eden.fits (36/259) (dry run)
Storing LOT20200117-LP_310-34_mod/LP_310-34-20200117@143729-Eden.fts -> s3://eden-data/RAW/LOT/LP_310-34/2020-01-17/LP_310-34-20200117@143729-Eden.fits (37/259) (dry run)
Storing LOT20200117-LP_310-34_mod/LP_310-34-20200117@143844-Eden.fts -> s3://eden-data/RAW/LOT/LP_310-34/2020-01-17/LP_310-34-20200117@143844-Eden.fits (38/259) (dry run)
Storing LOT20200117-LP_310-34_mod/LP_310-34-20200117@143956-Eden.fts -> s3://eden-data/RAW/LOT/LP_310-34/2020-01-17/LP_310-34-20200117@143956-Eden.fits (39/259) (dry run)
Storing LOT20200117-LP_310-34_mod/LP_310-34-20200117@144109-Eden.fts -> s3://eden-data/RAW/LOT/LP_310-34/2020-01-17/LP_310-34-20200117@144109-Eden.fits (40/259) (dry run)
Storing LOT20200117-LP_310-34_mod/LP_310-34-20200117@144224-Eden.fts -> s3://eden-data/RAW/LOT/LP_310-34/2020-01-17/LP_310-34-20200117@144224-Eden.fits (41/259) (dry run)
Storing LOT20200117-LP_310-34_mod/LP_310-34-20200117@144339-Eden.fts -> s3://eden-data/RAW/LOT/LP_310-34/2020-01-17/LP_310-34-20200117@144339-Eden.fits (42/259) (dry run)
Storing LOT20200117-LP_310-34_mod/LP_310-34-20200117@144452-Eden.fts -> s3://eden-data/RAW/LOT/LP_310-34/2020-01-17/LP_310-34-20200117@144452-Eden.fits (43/259) (dry run)
Storing LOT20200117-LP_310-34_mod/LP_310-34-20200117@144607-Eden.fts -> s3://eden-data/RAW/LOT/LP_310-34/2020-01-17/LP_310-34-20200117@144607-Eden.fits (44/259) (dry run)
Storing LOT20200117-LP_310-34_mod/LP_310-34-20200117@144722-Eden.fts -> s3://eden-data/RAW/LOT/LP_310-34/2020-01-17/LP_310-34-20200117@144722-Eden.fits (45/259) (dry run)
Storing LOT20200117-LP_310-34_mod/LP_310-34-20200117@144840-Eden.fts -> s3://eden-data/RAW/LOT/LP_310-34/2020-01-17/LP_310-34-20200117@144840-Eden.fits (46/259) (dry run)
Storing LOT20200117-LP_310-34_mod/LP_310-34-20200117@144955-Eden.fts -> s3://eden-data/RAW/LOT/LP_310-34/2020-01-17/LP_310-34-20200117@144955-Eden.fits (47/259) (dry run)
Storing LOT20200117-LP_310-34_mod/LP_310-34-20200117@145108-Eden.fts -> s3://eden-data/RAW/LOT/LP_310-34/2020-01-17/LP_310-34-20200117@145108-Eden.fits (48/259) (dry run)
Storing LOT20200117-LP_310-34_mod/LP_310-34-20200117@145223-Eden.fts -> s3://eden-data/RAW/LOT/LP_310-34/2020-01-17/LP_310-34-20200117@145223-Eden.fits (49/259) (dry run)
Storing LOT20200117-LP_310-34_mod/LP_310-34-20200117@145337-Eden.fts -> s3://eden-data/RAW/LOT/LP_310-34/2020-01-17/LP_310-34-20200117@145337-Eden.fits (50/259) (dry run)
Storing LOT20200117-LP_310-34_mod/LP_310-34-20200117@145453-Eden.fts -> s3://eden-data/RAW/LOT/LP_310-34/2020-01-17/LP_310-34-20200117@145453-Eden.fits (51/259) (dry run)
Storing LOT20200117-LP_310-34_mod/LP_310-34-20200117@145607-Eden.fts -> s3://eden-data/RAW/LOT/LP_310-34/2020-01-17/LP_310-34-20200117@145607-Eden.fits (52/259) (dry run)
Storing LOT20200117-LP_310-34_mod/LP_310-34-20200117@145722-Eden.fts -> s3://eden-data/RAW/LOT/LP_310-34/2020-01-17/LP_310-34-20200117@145722-Eden.fits (53/259) (dry run)
Storing LOT20200117-LP_310-34_mod/LP_310-34-20200117@145836-Eden.fts -> s3://eden-data/RAW/LOT/LP_310-34/2020-01-17/LP_310-34-20200117@145836-Eden.fits (54/259) (dry run)
Storing LOT20200117-LP_310-34_mod/LP_310-34-20200117@145951-Eden.fts -> s3://eden-data/RAW/LOT/LP_310-34/2020-01-17/LP_310-34-20200117@145951-Eden.fits (55/259) (dry run)
Storing LOT20200117-LP_310-34_mod/LP_310-34-20200117@150106-Eden.fts -> s3://eden-data/RAW/LOT/LP_310-34/2020-01-17/LP_310-34-20200117@150106-Eden.fits (56/259) (dry run)
Storing LOT20200117-LP_310-34_mod/LP_310-34-20200117@150219-Eden.fts -> s3://eden-data/RAW/LOT/LP_310-34/2020-01-17/LP_310-34-20200117@150219-Eden.fits (57/259) (dry run)
Storing LOT20200117-LP_310-34_mod/LP_310-34-20200117@150333-Eden.fts -> s3://eden-data/RAW/LOT/LP_310-34/2020-01-17/LP_310-34-20200117@150333-Eden.fits (58/259) (dry run)
Storing LOT20200117-LP_310-34_mod/LP_310-34-20200117@150447-Eden.fts -> s3://eden-data/RAW/LOT/LP_310-34/2020-01-17/LP_310-34-20200117@150447-Eden.fits (59/259) (dry run)
Storing LOT20200117-LP_310-34_mod/LP_310-34-20200117@150600-Eden.fts -> s3://eden-data/RAW/LOT/LP_310-34/2020-01-17/LP_310-34-20200117@150600-Eden.fits (60/259) (dry run)
Storing LOT20200117-LP_310-34_mod/LP_310-34-20200117@150712-Eden.fts -> s3://eden-data/RAW/LOT/LP_310-34/2020-01-17/LP_310-34-20200117@150712-Eden.fits (61/259) (dry run)
Storing LOT20200117-LP_310-34_mod/LP_310-34-20200117@150826-Eden.fts -> s3://eden-data/RAW/LOT/LP_310-34/2020-01-17/LP_310-34-20200117@150826-Eden.fits (62/259) (dry run)
Storing LOT20200117-LP_310-34_mod/LP_310-34-20200117@150941-Eden.fts -> s3://eden-data/RAW/LOT/LP_310-34/2020-01-17/LP_310-34-20200117@150941-Eden.fits (63/259) (dry run)
Storing LOT20200117-LP_310-34_mod/LP_310-34-20200117@151057-Eden.fts -> s3://eden-data/RAW/LOT/LP_310-34/2020-01-17/LP_310-34-20200117@151057-Eden.fits (64/259) (dry run)
Storing LOT20200117-LP_310-34_mod/LP_310-34-20200117@151211-Eden.fts -> s3://eden-data/RAW/LOT/LP_310-34/2020-01-17/LP_310-34-20200117@151211-Eden.fits (65/259) (dry run)
Storing LOT20200117-LP_310-34_mod/LP_310-34-20200117@151327-Eden.fts -> s3://eden-data/RAW/LOT/LP_310-34/2020-01-17/LP_310-34-20200117@151327-Eden.fits (66/259) (dry run)
Storing LOT20200117-LP_310-34_mod/LP_310-34-20200117@151441-Eden.fts -> s3://eden-data/RAW/LOT/LP_310-34/2020-01-17/LP_310-34-20200117@151441-Eden.fits (67/259) (dry run)
Storing LOT20200117-LP_310-34_mod/LP_310-34-20200117@151555-Eden.fts -> s3://eden-data/RAW/LOT/LP_310-34/2020-01-17/LP_310-34-20200117@151555-Eden.fits (68/259) (dry run)
Storing LOT20200117-LP_310-34_mod/LP_310-34-20200117@151710-Eden.fts -> s3://eden-data/RAW/LOT/LP_310-34/2020-01-17/LP_310-34-20200117@151710-Eden.fits (69/259) (dry run)
Storing LOT20200117-LP_310-34_mod/LP_310-34-20200117@151825-Eden.fts -> s3://eden-data/RAW/LOT/LP_310-34/2020-01-17/LP_310-34-20200117@151825-Eden.fits (70/259) (dry run)
Storing LOT20200117-LP_310-34_mod/LP_310-34-20200117@151939-Eden.fts -> s3://eden-data/RAW/LOT/LP_310-34/2020-01-17/LP_310-34-20200117@151939-Eden.fits (71/259) (dry run)
Storing LOT20200117-LP_310-34_mod/LP_310-34-20200117@152053-Eden.fts -> s3://eden-data/RAW/LOT/LP_310-34/2020-01-17/LP_310-34-20200117@152053-Eden.fits (72/259) (dry run)
Storing LOT20200117-LP_310-34_mod/LP_310-34-20200117@152206-Eden.fts -> s3://eden-data/RAW/LOT/LP_310-34/2020-01-17/LP_310-34-20200117@152206-Eden.fits (73/259) (dry run)
Storing LOT20200117-LP_310-34_mod/LP_310-34-20200117@152320-Eden.fts -> s3://eden-data/RAW/LOT/LP_310-34/2020-01-17/LP_310-34-20200117@152320-Eden.fits (74/259) (dry run)
Storing LOT20200117-LP_310-34_mod/LP_310-34-20200117@152435-Eden.fts -> s3://eden-data/RAW/LOT/LP_310-34/2020-01-17/LP_310-34-20200117@152435-Eden.fits (75/259) (dry run)
Storing LOT20200117-LP_310-34_mod/LP_310-34-20200117@152549-Eden.fts -> s3://eden-data/RAW/LOT/LP_310-34/2020-01-17/LP_310-34-20200117@152549-Eden.fits (76/259) (dry run)
Storing LOT20200117-LP_310-34_mod/LP_310-34-20200117@152702-Eden.fts -> s3://eden-data/RAW/LOT/LP_310-34/2020-01-17/LP_310-34-20200117@152702-Eden.fits (77/259) (dry run)
Storing LOT20200117-LP_310-34_mod/LP_310-34-20200117@152815-Eden.fts -> s3://eden-data/RAW/LOT/LP_310-34/2020-01-17/LP_310-34-20200117@152815-Eden.fits (78/259) (dry run)
Storing LOT20200117-LP_310-34_mod/LP_310-34-20200117@152930-Eden.fts -> s3://eden-data/RAW/LOT/LP_310-34/2020-01-17/LP_310-34-20200117@152930-Eden.fits (79/259) (dry run)
Storing LOT20200117-LP_310-34_mod/LP_310-34-20200117@153043-Eden.fts -> s3://eden-data/RAW/LOT/LP_310-34/2020-01-17/LP_310-34-20200117@153043-Eden.fits (80/259) (dry run)
Storing LOT20200117-LP_310-34_mod/LP_310-34-20200117@153156-Eden.fts -> s3://eden-data/RAW/LOT/LP_310-34/2020-01-17/LP_310-34-20200117@153156-Eden.fits (81/259) (dry run)
Storing LOT20200117-LP_310-34_mod/LP_310-34-20200117@153312-Eden.fts -> s3://eden-data/RAW/LOT/LP_310-34/2020-01-17/LP_310-34-20200117@153312-Eden.fits (82/259) (dry run)
Storing LOT20200117-LP_310-34_mod/LP_310-34-20200117@153429-Eden.fts -> s3://eden-data/RAW/LOT/LP_310-34/2020-01-17/LP_310-34-20200117@153429-Eden.fits (83/259) (dry run)
Storing LOT20200117-LP_310-34_mod/LP_310-34-20200117@153545-Eden.fts -> s3://eden-data/RAW/LOT/LP_310-34/2020-01-17/LP_310-34-20200117@153545-Eden.fits (84/259) (dry run)
Storing LOT20200117-LP_310-34_mod/LP_310-34-20200117@153656-Eden.fts -> s3://eden-data/RAW/LOT/LP_310-34/2020-01-17/LP_310-34-20200117@153656-Eden.fits (85/259) (dry run)
Storing LOT20200117-LP_310-34_mod/LP_310-34-20200117@153811-Eden.fts -> s3://eden-data/RAW/LOT/LP_310-34/2020-01-17/LP_310-34-20200117@153811-Eden.fits (86/259) (dry run)
Storing LOT20200117-LP_310-34_mod/LP_310-34-20200117@153923-Eden.fts -> s3://eden-data/RAW/LOT/LP_310-34/2020-01-17/LP_310-34-20200117@153923-Eden.fits (87/259) (dry run)
Storing LOT20200117-LP_310-34_mod/LP_310-34-20200117@154039-Eden.fts -> s3://eden-data/RAW/LOT/LP_310-34/2020-01-17/LP_310-34-20200117@154039-Eden.fits (88/259) (dry run)
Storing LOT20200117-LP_310-34_mod/LP_310-34-20200117@154154-Eden.fts -> s3://eden-data/RAW/LOT/LP_310-34/2020-01-17/LP_310-34-20200117@154154-Eden.fits (89/259) (dry run)
Storing LOT20200117-LP_310-34_mod/LP_310-34-20200117@154306-Eden.fts -> s3://eden-data/RAW/LOT/LP_310-34/2020-01-17/LP_310-34-20200117@154306-Eden.fits (90/259) (dry run)
Storing LOT20200117-LP_310-34_mod/LP_310-34-20200117@154422-Eden.fts -> s3://eden-data/RAW/LOT/LP_310-34/2020-01-17/LP_310-34-20200117@154422-Eden.fits (91/259) (dry run)
Storing LOT20200117-LP_310-34_mod/LP_310-34-20200117@154539-Eden.fts -> s3://eden-data/RAW/LOT/LP_310-34/2020-01-17/LP_310-34-20200117@154539-Eden.fits (92/259) (dry run)
Storing LOT20200117-LP_310-34_mod/LP_310-34-20200117@154652-Eden.fts -> s3://eden-data/RAW/LOT/LP_310-34/2020-01-17/LP_310-34-20200117@154652-Eden.fits (93/259) (dry run)
Storing LOT20200117-LP_310-34_mod/LP_310-34-20200117@154807-Eden.fts -> s3://eden-data/RAW/LOT/LP_310-34/2020-01-17/LP_310-34-20200117@154807-Eden.fits (94/259) (dry run)
Storing LOT20200117-LP_310-34_mod/LP_310-34-20200117@154920-Eden.fts -> s3://eden-data/RAW/LOT/LP_310-34/2020-01-17/LP_310-34-20200117@154920-Eden.fits (95/259) (dry run)
Storing LOT20200117-LP_310-34_mod/LP_310-34-20200117@155033-Eden.fts -> s3://eden-data/RAW/LOT/LP_310-34/2020-01-17/LP_310-34-20200117@155033-Eden.fits (96/259) (dry run)
Storing LOT20200117-LP_310-34_mod/LP_310-34-20200117@155541-Eden.fts -> s3://eden-data/RAW/LOT/LP_310-34/2020-01-17/LP_310-34-20200117@155541-Eden.fits (97/259) (dry run)
Storing LOT20200117-LP_310-34_mod/LP_310-34-20200117@155710-Eden.fts -> s3://eden-data/RAW/LOT/LP_310-34/2020-01-17/LP_310-34-20200117@155710-Eden.fits (98/259) (dry run)
Storing LOT20200117-LP_310-34_mod/LP_310-34-20200117@155823-Eden.fts -> s3://eden-data/RAW/LOT/LP_310-34/2020-01-17/LP_310-34-20200117@155823-Eden.fits (99/259) (dry run)
Storing LOT20200117-LP_310-34_mod/LP_310-34-20200117@155937-Eden.fts -> s3://eden-data/RAW/LOT/LP_310-34/2020-01-17/LP_310-34-20200117@155937-Eden.fits (100/259) (dry run)
Storing LOT20200117-LP_310-34_mod/LP_310-34-20200117@160052-Eden.fts -> s3://eden-data/RAW/LOT/LP_310-34/2020-01-17/LP_310-34-20200117@160052-Eden.fits (101/259) (dry run)
Storing LOT20200117-LP_310-34_mod/LP_310-34-20200117@160208-Eden.fts -> s3://eden-data/RAW/LOT/LP_310-34/2020-01-17/LP_310-34-20200117@160208-Eden.fits (102/259) (dry run)
Storing LOT20200117-LP_310-34_mod/LP_310-34-20200117@160322-Eden.fts -> s3://eden-data/RAW/LOT/LP_310-34/2020-01-17/LP_310-34-20200117@160322-Eden.fits (103/259) (dry run)
Storing LOT20200117-LP_310-34_mod/LP_310-34-20200117@160435-Eden.fts -> s3://eden-data/RAW/LOT/LP_310-34/2020-01-17/LP_310-34-20200117@160435-Eden.fits (104/259) (dry run)
Storing LOT20200117-LP_310-34_mod/LP_310-34-20200117@160550-Eden.fts -> s3://eden-data/RAW/LOT/LP_310-34/2020-01-17/LP_310-34-20200117@160550-Eden.fits (105/259) (dry run)
Storing LOT20200117-LP_310-34_mod/LP_310-34-20200117@160705-Eden.fts -> s3://eden-data/RAW/LOT/LP_310-34/2020-01-17/LP_310-34-20200117@160705-Eden.fits (106/259) (dry run)
Storing LOT20200117-LP_310-34_mod/LP_310-34-20200117@160818-Eden.fts -> s3://eden-data/RAW/LOT/LP_310-34/2020-01-17/LP_310-34-20200117@160818-Eden.fits (107/259) (dry run)
Storing LOT20200117-LP_310-34_mod/LP_310-34-20200117@160933-Eden.fts -> s3://eden-data/RAW/LOT/LP_310-34/2020-01-17/LP_310-34-20200117@160933-Eden.fits (108/259) (dry run)
Storing LOT20200117-LP_310-34_mod/LP_310-34-20200117@161049-Eden.fts -> s3://eden-data/RAW/LOT/LP_310-34/2020-01-17/LP_310-34-20200117@161049-Eden.fits (109/259) (dry run)
Storing LOT20200117-LP_310-34_mod/LP_310-34-20200117@161203-Eden.fts -> s3://eden-data/RAW/LOT/LP_310-34/2020-01-17/LP_310-34-20200117@161203-Eden.fits (110/259) (dry run)
Storing LOT20200117-LP_310-34_mod/LP_310-34-20200117@161317-Eden.fts -> s3://eden-data/RAW/LOT/LP_310-34/2020-01-17/LP_310-34-20200117@161317-Eden.fits (111/259) (dry run)
Storing LOT20200117-LP_310-34_mod/LP_310-34-20200117@161432-Eden.fts -> s3://eden-data/RAW/LOT/LP_310-34/2020-01-17/LP_310-34-20200117@161432-Eden.fits (112/259) (dry run)
Storing LOT20200117-LP_310-34_mod/LP_310-34-20200117@161547-Eden.fts -> s3://eden-data/RAW/LOT/LP_310-34/2020-01-17/LP_310-34-20200117@161547-Eden.fits (113/259) (dry run)
Storing LOT20200117-LP_310-34_mod/LP_310-34-20200117@161704-Eden.fts -> s3://eden-data/RAW/LOT/LP_310-34/2020-01-17/LP_310-34-20200117@161704-Eden.fits (114/259) (dry run)
Storing LOT20200117-LP_310-34_mod/LP_310-34-20200117@161817-Eden.fts -> s3://eden-data/RAW/LOT/LP_310-34/2020-01-17/LP_310-34-20200117@161817-Eden.fits (115/259) (dry run)
Storing LOT20200117-LP_310-34_mod/LP_310-34-20200117@161934-Eden.fts -> s3://eden-data/RAW/LOT/LP_310-34/2020-01-17/LP_310-34-20200117@161934-Eden.fits (116/259) (dry run)
Storing LOT20200117-LP_310-34_mod/LP_310-34-20200117@162050-Eden.fts -> s3://eden-data/RAW/LOT/LP_310-34/2020-01-17/LP_310-34-20200117@162050-Eden.fits (117/259) (dry run)
Storing LOT20200117-LP_310-34_mod/LP_310-34-20200117@162204-Eden.fts -> s3://eden-data/RAW/LOT/LP_310-34/2020-01-17/LP_310-34-20200117@162204-Eden.fits (118/259) (dry run)
Storing LOT20200117-LP_310-34_mod/LP_310-34-20200117@162320-Eden.fts -> s3://eden-data/RAW/LOT/LP_310-34/2020-01-17/LP_310-34-20200117@162320-Eden.fits (119/259) (dry run)
Storing LOT20200117-LP_310-34_mod/LP_310-34-20200117@162433-Eden.fts -> s3://eden-data/RAW/LOT/LP_310-34/2020-01-17/LP_310-34-20200117@162433-Eden.fits (120/259) (dry run)
Storing LOT20200117-LP_310-34_mod/LP_310-34-20200117@162549-Eden.fts -> s3://eden-data/RAW/LOT/LP_310-34/2020-01-17/LP_310-34-20200117@162549-Eden.fits (121/259) (dry run)
Storing LOT20200117-LP_310-34_mod/LP_310-34-20200117@162704-Eden.fts -> s3://eden-data/RAW/LOT/LP_310-34/2020-01-17/LP_310-34-20200117@162704-Eden.fits (122/259) (dry run)
Storing LOT20200117-LP_310-34_mod/LP_310-34-20200117@162817-Eden.fts -> s3://eden-data/RAW/LOT/LP_310-34/2020-01-17/LP_310-34-20200117@162817-Eden.fits (123/259) (dry run)
Storing LOT20200117-LP_310-34_mod/LP_310-34-20200117@162931-Eden.fts -> s3://eden-data/RAW/LOT/LP_310-34/2020-01-17/LP_310-34-20200117@162931-Eden.fits (124/259) (dry run)
Storing LOT20200117-LP_310-34_mod/LP_310-34-20200117@163045-Eden.fts -> s3://eden-data/RAW/LOT/LP_310-34/2020-01-17/LP_310-34-20200117@163045-Eden.fits (125/259) (dry run)
Storing LOT20200117-LP_310-34_mod/LP_310-34-20200117@163202-Eden.fts -> s3://eden-data/RAW/LOT/LP_310-34/2020-01-17/LP_310-34-20200117@163202-Eden.fits (126/259) (dry run)
Storing LOT20200117-LP_310-34_mod/LP_310-34-20200117@163316-Eden.fts -> s3://eden-data/RAW/LOT/LP_310-34/2020-01-17/LP_310-34-20200117@163316-Eden.fits (127/259) (dry run)
Storing LOT20200117-LP_310-34_mod/LP_310-34-20200117@163431-Eden.fts -> s3://eden-data/RAW/LOT/LP_310-34/2020-01-17/LP_310-34-20200117@163431-Eden.fits (128/259) (dry run)
Storing LOT20200117-LP_310-34_mod/LP_310-34-20200117@163546-Eden.fts -> s3://eden-data/RAW/LOT/LP_310-34/2020-01-17/LP_310-34-20200117@163546-Eden.fits (129/259) (dry run)
Storing LOT20200117-LP_310-34_mod/LP_310-34-20200117@163701-Eden.fts -> s3://eden-data/RAW/LOT/LP_310-34/2020-01-17/LP_310-34-20200117@163701-Eden.fits (130/259) (dry run)
Storing LOT20200117-LP_310-34_mod/LP_310-34-20200117@163815-Eden.fts -> s3://eden-data/RAW/LOT/LP_310-34/2020-01-17/LP_310-34-20200117@163815-Eden.fits (131/259) (dry run)
Storing LOT20200117-LP_310-34_mod/LP_310-34-20200117@163929-Eden.fts -> s3://eden-data/RAW/LOT/LP_310-34/2020-01-17/LP_310-34-20200117@163929-Eden.fits (132/259) (dry run)
Storing LOT20200117-LP_310-34_mod/LP_310-34-20200117@164044-Eden.fts -> s3://eden-data/RAW/LOT/LP_310-34/2020-01-17/LP_310-34-20200117@164044-Eden.fits (133/259) (dry run)
Storing LOT20200117-LP_310-34_mod/LP_310-34-20200117@164159-Eden.fts -> s3://eden-data/RAW/LOT/LP_310-34/2020-01-17/LP_310-34-20200117@164159-Eden.fits (134/259) (dry run)
Storing LOT20200117-LP_310-34_mod/LP_310-34-20200117@164313-Eden.fts -> s3://eden-data/RAW/LOT/LP_310-34/2020-01-17/LP_310-34-20200117@164313-Eden.fits (135/259) (dry run)
Storing LOT20200117-LP_310-34_mod/LP_310-34-20200117@164427-Eden.fts -> s3://eden-data/RAW/LOT/LP_310-34/2020-01-17/LP_310-34-20200117@164427-Eden.fits (136/259) (dry run)
Storing LOT20200117-LP_310-34_mod/LP_310-34-20200117@164542-Eden.fts -> s3://eden-data/RAW/LOT/LP_310-34/2020-01-17/LP_310-34-20200117@164542-Eden.fits (137/259) (dry run)
Storing LOT20200117-LP_310-34_mod/LP_310-34-20200117@164657-Eden.fts -> s3://eden-data/RAW/LOT/LP_310-34/2020-01-17/LP_310-34-20200117@164657-Eden.fits (138/259) (dry run)
Storing LOT20200117-LP_310-34_mod/LP_310-34-20200117@164813-Eden.fts -> s3://eden-data/RAW/LOT/LP_310-34/2020-01-17/LP_310-34-20200117@164813-Eden.fits (139/259) (dry run)
Storing LOT20200117-LP_310-34_mod/LP_310-34-20200117@164928-Eden.fts -> s3://eden-data/RAW/LOT/LP_310-34/2020-01-17/LP_310-34-20200117@164928-Eden.fits (140/259) (dry run)
Storing LOT20200117-LP_310-34_mod/LP_310-34-20200117@165042-Eden.fts -> s3://eden-data/RAW/LOT/LP_310-34/2020-01-17/LP_310-34-20200117@165042-Eden.fits (141/259) (dry run)
Storing LOT20200117-LP_310-34_mod/LP_310-34-20200117@165158-Eden.fts -> s3://eden-data/RAW/LOT/LP_310-34/2020-01-17/LP_310-34-20200117@165158-Eden.fits (142/259) (dry run)
Storing LOT20200117-LP_310-34_mod/LP_310-34-20200117@165312-Eden.fts -> s3://eden-data/RAW/LOT/LP_310-34/2020-01-17/LP_310-34-20200117@165312-Eden.fits (143/259) (dry run)
Storing LOT20200117-LP_310-34_mod/LP_310-34-20200117@165426-Eden.fts -> s3://eden-data/RAW/LOT/LP_310-34/2020-01-17/LP_310-34-20200117@165426-Eden.fits (144/259) (dry run)
Storing LOT20200117-LP_310-34_mod/LP_310-34-20200117@165540-Eden.fts -> s3://eden-data/RAW/LOT/LP_310-34/2020-01-17/LP_310-34-20200117@165540-Eden.fits (145/259) (dry run)
Storing LOT20200117-LP_310-34_mod/LP_310-34-20200117@165655-Eden.fts -> s3://eden-data/RAW/LOT/LP_310-34/2020-01-17/LP_310-34-20200117@165655-Eden.fits (146/259) (dry run)
Storing LOT20200117-LP_310-34_mod/LP_310-34-20200117@165811-Eden.fts -> s3://eden-data/RAW/LOT/LP_310-34/2020-01-17/LP_310-34-20200117@165811-Eden.fits (147/259) (dry run)
Storing LOT20200117-LP_310-34_mod/LP_310-34-20200117@165926-Eden.fts -> s3://eden-data/RAW/LOT/LP_310-34/2020-01-17/LP_310-34-20200117@165926-Eden.fits (148/259) (dry run)
Storing LOT20200117-LP_310-34_mod/LP_310-34-20200117@170040-Eden.fts -> s3://eden-data/RAW/LOT/LP_310-34/2020-01-17/LP_310-34-20200117@170040-Eden.fits (149/259) (dry run)
Storing LOT20200117-LP_310-34_mod/LP_310-34-20200117@170156-Eden.fts -> s3://eden-data/RAW/LOT/LP_310-34/2020-01-17/LP_310-34-20200117@170156-Eden.fits (150/259) (dry run)
Storing LOT20200117-LP_310-34_mod/LP_310-34-20200117@170310-Eden.fts -> s3://eden-data/RAW/LOT/LP_310-34/2020-01-17/LP_310-34-20200117@170310-Eden.fits (151/259) (dry run)
Storing LOT20200117-LP_310-34_mod/LP_310-34-20200117@170425-Eden.fts -> s3://eden-data/RAW/LOT/LP_310-34/2020-01-17/LP_310-34-20200117@170425-Eden.fits (152/259) (dry run)
Storing LOT20200117-LP_310-34_mod/LP_310-34-20200117@170540-Eden.fts -> s3://eden-data/RAW/LOT/LP_310-34/2020-01-17/LP_310-34-20200117@170540-Eden.fits (153/259) (dry run)
Storing LOT20200117-LP_310-34_mod/LP_310-34-20200117@170655-Eden.fts -> s3://eden-data/RAW/LOT/LP_310-34/2020-01-17/LP_310-34-20200117@170655-Eden.fits (154/259) (dry run)
Storing LOT20200117-LP_310-34_mod/LP_310-34-20200117@170809-Eden.fts -> s3://eden-data/RAW/LOT/LP_310-34/2020-01-17/LP_310-34-20200117@170809-Eden.fits (155/259) (dry run)
Storing LOT20200117-LP_310-34_mod/LP_310-34-20200117@170923-Eden.fts -> s3://eden-data/RAW/LOT/LP_310-34/2020-01-17/LP_310-34-20200117@170923-Eden.fits (156/259) (dry run)
Storing LOT20200117-LP_310-34_mod/LP_310-34-20200117@171038-Eden.fts -> s3://eden-data/RAW/LOT/LP_310-34/2020-01-17/LP_310-34-20200117@171038-Eden.fits (157/259) (dry run)
Storing LOT20200117-LP_310-34_mod/LP_310-34-20200117@171154-Eden.fts -> s3://eden-data/RAW/LOT/LP_310-34/2020-01-17/LP_310-34-20200117@171154-Eden.fits (158/259) (dry run)
Storing LOT20200117-LP_310-34_mod/LP_310-34-20200117@171310-Eden.fts -> s3://eden-data/RAW/LOT/LP_310-34/2020-01-17/LP_310-34-20200117@171310-Eden.fits (159/259) (dry run)
Storing LOT20200117-LP_310-34_mod/LP_310-34-20200117@171424-Eden.fts -> s3://eden-data/RAW/LOT/LP_310-34/2020-01-17/LP_310-34-20200117@171424-Eden.fits (160/259) (dry run)
Storing LOT20200117-LP_310-34_mod/LP_310-34-20200117@171539-Eden.fts -> s3://eden-data/RAW/LOT/LP_310-34/2020-01-17/LP_310-34-20200117@171539-Eden.fits (161/259) (dry run)
Storing LOT20200117-LP_310-34_mod/LP_310-34-20200117@171654-Eden.fts -> s3://eden-data/RAW/LOT/LP_310-34/2020-01-17/LP_310-34-20200117@171654-Eden.fits (162/259) (dry run)
Storing LOT20200117-LP_310-34_mod/LP_310-34-20200117@171809-Eden.fts -> s3://eden-data/RAW/LOT/LP_310-34/2020-01-17/LP_310-34-20200117@171809-Eden.fits (163/259) (dry run)
Storing LOT20200117-LP_310-34_mod/LP_310-34-20200117@171924-Eden.fts -> s3://eden-data/RAW/LOT/LP_310-34/2020-01-17/LP_310-34-20200117@171924-Eden.fits (164/259) (dry run)
Storing LOT20200117-LP_310-34_mod/LP_310-34-20200117@172039-Eden.fts -> s3://eden-data/RAW/LOT/LP_310-34/2020-01-17/LP_310-34-20200117@172039-Eden.fits (165/259) (dry run)
Storing LOT20200117-LP_310-34_mod/LP_310-34-20200117@172155-Eden.fts -> s3://eden-data/RAW/LOT/LP_310-34/2020-01-17/LP_310-34-20200117@172155-Eden.fits (166/259) (dry run)
Storing LOT20200117-LP_310-34_mod/LP_310-34-20200117@172310-Eden.fts -> s3://eden-data/RAW/LOT/LP_310-34/2020-01-17/LP_310-34-20200117@172310-Eden.fits (167/259) (dry run)
Storing LOT20200117-LP_310-34_mod/LP_310-34-20200117@172426-Eden.fts -> s3://eden-data/RAW/LOT/LP_310-34/2020-01-17/LP_310-34-20200117@172426-Eden.fits (168/259) (dry run)
Storing LOT20200117-LP_310-34_mod/LP_310-34-20200117@172540-Eden.fts -> s3://eden-data/RAW/LOT/LP_310-34/2020-01-17/LP_310-34-20200117@172540-Eden.fits (169/259) (dry run)
Storing LOT20200117-LP_310-34_mod/LP_310-34-20200117@172655-Eden.fts -> s3://eden-data/RAW/LOT/LP_310-34/2020-01-17/LP_310-34-20200117@172655-Eden.fits (170/259) (dry run)
Storing LOT20200117-LP_310-34_mod/LP_310-34-20200117@172811-Eden.fts -> s3://eden-data/RAW/LOT/LP_310-34/2020-01-17/LP_310-34-20200117@172811-Eden.fits (171/259) (dry run)
Storing LOT20200117-LP_310-34_mod/LP_310-34-20200117@172926-Eden.fts -> s3://eden-data/RAW/LOT/LP_310-34/2020-01-17/LP_310-34-20200117@172926-Eden.fits (172/259) (dry run)
Storing LOT20200117-LP_310-34_mod/LP_310-34-20200117@173040-Eden.fts -> s3://eden-data/RAW/LOT/LP_310-34/2020-01-17/LP_310-34-20200117@173040-Eden.fits (173/259) (dry run)
Storing LOT20200117-LP_310-34_mod/LP_310-34-20200117@173155-Eden.fts -> s3://eden-data/RAW/LOT/LP_310-34/2020-01-17/LP_310-34-20200117@173155-Eden.fits (174/259) (dry run)
Storing LOT20200117-LP_310-34_mod/LP_310-34-20200117@173309-Eden.fts -> s3://eden-data/RAW/LOT/LP_310-34/2020-01-17/LP_310-34-20200117@173309-Eden.fits (175/259) (dry run)
Storing LOT20200117-LP_310-34_mod/LP_310-34-20200117@173424-Eden.fts -> s3://eden-data/RAW/LOT/LP_310-34/2020-01-17/LP_310-34-20200117@173424-Eden.fits (176/259) (dry run)
Storing LOT20200117-LP_310-34_mod/LP_310-34-20200117@173538-Eden.fts -> s3://eden-data/RAW/LOT/LP_310-34/2020-01-17/LP_310-34-20200117@173538-Eden.fits (177/259) (dry run)
Storing LOT20200117-LP_310-34_mod/LP_310-34-20200117@173653-Eden.fts -> s3://eden-data/RAW/LOT/LP_310-34/2020-01-17/LP_310-34-20200117@173653-Eden.fits (178/259) (dry run)
Storing LOT20200117-LP_310-34_mod/LP_310-34-20200117@173808-Eden.fts -> s3://eden-data/RAW/LOT/LP_310-34/2020-01-17/LP_310-34-20200117@173808-Eden.fits (179/259) (dry run)
Storing LOT20200117-LP_310-34_mod/LP_310-34-20200117@173925-Eden.fts -> s3://eden-data/RAW/LOT/LP_310-34/2020-01-17/LP_310-34-20200117@173925-Eden.fits (180/259) (dry run)
Storing LOT20200117-LP_310-34_mod/LP_310-34-20200117@174039-Eden.fts -> s3://eden-data/RAW/LOT/LP_310-34/2020-01-17/LP_310-34-20200117@174039-Eden.fits (181/259) (dry run)
Storing LOT20200117-LP_310-34_mod/LP_310-34-20200117@174154-Eden.fts -> s3://eden-data/RAW/LOT/LP_310-34/2020-01-17/LP_310-34-20200117@174154-Eden.fits (182/259) (dry run)
Storing LOT20200117-LP_310-34_mod/LP_310-34-20200117@174309-Eden.fts -> s3://eden-data/RAW/LOT/LP_310-34/2020-01-17/LP_310-34-20200117@174309-Eden.fits (183/259) (dry run)
Storing LOT20200117-LP_310-34_mod/LP_310-34-20200117@174425-Eden.fts -> s3://eden-data/RAW/LOT/LP_310-34/2020-01-17/LP_310-34-20200117@174425-Eden.fits (184/259) (dry run)
Storing LOT20200117-LP_310-34_mod/LP_310-34-20200117@174539-Eden.fts -> s3://eden-data/RAW/LOT/LP_310-34/2020-01-17/LP_310-34-20200117@174539-Eden.fits (185/259) (dry run)
Storing LOT20200117-LP_310-34_mod/LP_310-34-20200117@174656-Eden.fts -> s3://eden-data/RAW/LOT/LP_310-34/2020-01-17/LP_310-34-20200117@174656-Eden.fits (186/259) (dry run)
Storing LOT20200117-LP_310-34_mod/LP_310-34-20200117@174813-Eden.fts -> s3://eden-data/RAW/LOT/LP_310-34/2020-01-17/LP_310-34-20200117@174813-Eden.fits (187/259) (dry run)
Storing LOT20200117-LP_310-34_mod/LP_310-34-20200117@174928-Eden.fts -> s3://eden-data/RAW/LOT/LP_310-34/2020-01-17/LP_310-34-20200117@174928-Eden.fits (188/259) (dry run)
Storing LOT20200117-LP_310-34_mod/LP_310-34-20200117@175043-Eden.fts -> s3://eden-data/RAW/LOT/LP_310-34/2020-01-17/LP_310-34-20200117@175043-Eden.fits (189/259) (dry run)
Storing LOT20200117-LP_310-34_mod/LP_310-34-20200117@175159-Eden.fts -> s3://eden-data/RAW/LOT/LP_310-34/2020-01-17/LP_310-34-20200117@175159-Eden.fits (190/259) (dry run)
Storing LOT20200117-LP_310-34_mod/LP_310-34-20200117@175314-Eden.fts -> s3://eden-data/RAW/LOT/LP_310-34/2020-01-17/LP_310-34-20200117@175314-Eden.fits (191/259) (dry run)
Storing LOT20200117-LP_310-34_mod/LP_310-34-20200117@175429-Eden.fts -> s3://eden-data/RAW/LOT/LP_310-34/2020-01-17/LP_310-34-20200117@175429-Eden.fits (192/259) (dry run)
Storing LOT20200117-LP_310-34_mod/LP_310-34-20200117@175544-Eden.fts -> s3://eden-data/RAW/LOT/LP_310-34/2020-01-17/LP_310-34-20200117@175544-Eden.fits (193/259) (dry run)
Storing LOT20200117-LP_310-34_mod/LP_310-34-20200117@175658-Eden.fts -> s3://eden-data/RAW/LOT/LP_310-34/2020-01-17/LP_310-34-20200117@175658-Eden.fits (194/259) (dry run)
Storing LOT20200117-LP_310-34_mod/LP_310-34-20200117@175814-Eden.fts -> s3://eden-data/RAW/LOT/LP_310-34/2020-01-17/LP_310-34-20200117@175814-Eden.fits (195/259) (dry run)
Storing LOT20200117-LP_310-34_mod/LP_310-34-20200117@175928-Eden.fts -> s3://eden-data/RAW/LOT/LP_310-34/2020-01-17/LP_310-34-20200117@175928-Eden.fits (196/259) (dry run)
Storing LOT20200117-LP_310-34_mod/LP_310-34-20200117@180044-Eden.fts -> s3://eden-data/RAW/LOT/LP_310-34/2020-01-17/LP_310-34-20200117@180044-Eden.fits (197/259) (dry run)
Storing LOT20200117-LP_310-34_mod/LP_310-34-20200117@180158-Eden.fts -> s3://eden-data/RAW/LOT/LP_310-34/2020-01-17/LP_310-34-20200117@180158-Eden.fits (198/259) (dry run)
Storing LOT20200117-LP_310-34_mod/LP_310-34-20200117@180313-Eden.fts -> s3://eden-data/RAW/LOT/LP_310-34/2020-01-17/LP_310-34-20200117@180313-Eden.fits (199/259) (dry run)
Storing LOT20200117-LP_310-34_mod/LP_310-34-20200117@180426-Eden.fts -> s3://eden-data/RAW/LOT/LP_310-34/2020-01-17/LP_310-34-20200117@180426-Eden.fits (200/259) (dry run)
Storing LOT20200117-LP_310-34_mod/LP_310-34-20200117@180540-Eden.fts -> s3://eden-data/RAW/LOT/LP_310-34/2020-01-17/LP_310-34-20200117@180540-Eden.fits (201/259) (dry run)
Storing LOT20200117-LP_310-34_mod/LP_310-34-20200117@180655-Eden.fts -> s3://eden-data/RAW/LOT/LP_310-34/2020-01-17/LP_310-34-20200117@180655-Eden.fits (202/259) (dry run)
Storing LOT20200117-LP_310-34_mod/LP_310-34-20200117@180809-Eden.fts -> s3://eden-data/RAW/LOT/LP_310-34/2020-01-17/LP_310-34-20200117@180809-Eden.fits (203/259) (dry run)
Storing LOT20200117-LP_310-34_mod/LP_310-34-20200117@180924-Eden.fts -> s3://eden-data/RAW/LOT/LP_310-34/2020-01-17/LP_310-34-20200117@180924-Eden.fits (204/259) (dry run)
Storing LOT20200117-LP_310-34_mod/LP_310-34-20200117@181039-Eden.fts -> s3://eden-data/RAW/LOT/LP_310-34/2020-01-17/LP_310-34-20200117@181039-Eden.fits (205/259) (dry run)
Storing LOT20200117-LP_310-34_mod/LP_310-34-20200117@181153-Eden.fts -> s3://eden-data/RAW/LOT/LP_310-34/2020-01-17/LP_310-34-20200117@181153-Eden.fits (206/259) (dry run)
Storing LOT20200117-LP_310-34_mod/LP_310-34-20200117@181308-Eden.fts -> s3://eden-data/RAW/LOT/LP_310-34/2020-01-17/LP_310-34-20200117@181308-Eden.fits (207/259) (dry run)
Storing LOT20200117-LP_310-34_mod/LP_310-34-20200117@181424-Eden.fts -> s3://eden-data/RAW/LOT/LP_310-34/2020-01-17/LP_310-34-20200117@181424-Eden.fits (208/259) (dry run)
Storing LOT20200117-LP_310-34_mod/LP_310-34-20200117@181541-Eden.fts -> s3://eden-data/RAW/LOT/LP_310-34/2020-01-17/LP_310-34-20200117@181541-Eden.fits (209/259) (dry run)
Storing LOT20200117-LP_310-34_mod/LP_310-34-20200117@181656-Eden.fts -> s3://eden-data/RAW/LOT/LP_310-34/2020-01-17/LP_310-34-20200117@181656-Eden.fits (210/259) (dry run)
Storing LOT20200117-LP_310-34_mod/LP_310-34-20200117@181810-Eden.fts -> s3://eden-data/RAW/LOT/LP_310-34/2020-01-17/LP_310-34-20200117@181810-Eden.fits (211/259) (dry run)
Storing LOT20200117-LP_310-34_mod/LP_310-34-20200117@181924-Eden.fts -> s3://eden-data/RAW/LOT/LP_310-34/2020-01-17/LP_310-34-20200117@181924-Eden.fits (212/259) (dry run)
Storing LOT20200117-LP_310-34_mod/LP_310-34-20200117@182039-Eden.fts -> s3://eden-data/RAW/LOT/LP_310-34/2020-01-17/LP_310-34-20200117@182039-Eden.fits (213/259) (dry run)
Storing LOT20200117-LP_310-34_mod/LP_310-34-20200117@182155-Eden.fts -> s3://eden-data/RAW/LOT/LP_310-34/2020-01-17/LP_310-34-20200117@182155-Eden.fits (214/259) (dry run)
Storing LOT20200117-LP_310-34_mod/LP_310-34-20200117@182311-Eden.fts -> s3://eden-data/RAW/LOT/LP_310-34/2020-01-17/LP_310-34-20200117@182311-Eden.fits (215/259) (dry run)
Storing LOT20200117-LP_310-34_mod/LP_310-34-20200117@182427-Eden.fts -> s3://eden-data/RAW/LOT/LP_310-34/2020-01-17/LP_310-34-20200117@182427-Eden.fits (216/259) (dry run)
Storing LOT20200117-LP_310-34_mod/LP_310-34-20200117@182541-Eden.fts -> s3://eden-data/RAW/LOT/LP_310-34/2020-01-17/LP_310-34-20200117@182541-Eden.fits (217/259) (dry run)
Storing LOT20200117-LP_310-34_mod/LP_310-34-20200117@182657-Eden.fts -> s3://eden-data/RAW/LOT/LP_310-34/2020-01-17/LP_310-34-20200117@182657-Eden.fits (218/259) (dry run)
Storing LOT20200117-LP_310-34_mod/LP_310-34-20200117@182812-Eden.fts -> s3://eden-data/RAW/LOT/LP_310-34/2020-01-17/LP_310-34-20200117@182812-Eden.fits (219/259) (dry run)
Storing LOT20200117-LP_310-34_mod/LP_310-34-20200117@182927-Eden.fts -> s3://eden-data/RAW/LOT/LP_310-34/2020-01-17/LP_310-34-20200117@182927-Eden.fits (220/259) (dry run)
Storing LOT20200117-LP_310-34_mod/LP_310-34-20200117@183041-Eden.fts -> s3://eden-data/RAW/LOT/LP_310-34/2020-01-17/LP_310-34-20200117@183041-Eden.fits (221/259) (dry run)
Storing LOT20200117-LP_310-34_mod/LP_310-34-20200117@183156-Eden.fts -> s3://eden-data/RAW/LOT/LP_310-34/2020-01-17/LP_310-34-20200117@183156-Eden.fits (222/259) (dry run)
Storing LOT20200117-LP_310-34_mod/LP_310-34-20200117@183311-Eden.fts -> s3://eden-data/RAW/LOT/LP_310-34/2020-01-17/LP_310-34-20200117@183311-Eden.fits (223/259) (dry run)
Storing LOT20200117-LP_310-34_mod/LP_310-34-20200117@183426-Eden.fts -> s3://eden-data/RAW/LOT/LP_310-34/2020-01-17/LP_310-34-20200117@183426-Eden.fits (224/259) (dry run)
Storing LOT20200117-LP_310-34_mod/LP_310-34-20200117@183540-Eden.fts -> s3://eden-data/RAW/LOT/LP_310-34/2020-01-17/LP_310-34-20200117@183540-Eden.fits (225/259) (dry run)
Storing LOT20200117-LP_310-34_mod/LP_310-34-20200117@183655-Eden.fts -> s3://eden-data/RAW/LOT/LP_310-34/2020-01-17/LP_310-34-20200117@183655-Eden.fits (226/259) (dry run)
Storing LOT20200117-LP_310-34_mod/LP_310-34-20200117@183810-Eden.fts -> s3://eden-data/RAW/LOT/LP_310-34/2020-01-17/LP_310-34-20200117@183810-Eden.fits (227/259) (dry run)
Storing LOT20200117-LP_310-34_mod/LP_310-34-20200117@183925-Eden.fts -> s3://eden-data/RAW/LOT/LP_310-34/2020-01-17/LP_310-34-20200117@183925-Eden.fits (228/259) (dry run)
Storing LOT20200117-LP_310-34_mod/LP_310-34-20200117@184040-Eden.fts -> s3://eden-data/RAW/LOT/LP_310-34/2020-01-17/LP_310-34-20200117@184040-Eden.fits (229/259) (dry run)
Storing LOT20200117-LP_310-34_mod/LP_310-34-20200117@184155-Eden.fts -> s3://eden-data/RAW/LOT/LP_310-34/2020-01-17/LP_310-34-20200117@184155-Eden.fits (230/259) (dry run)
Storing LOT20200117-LP_310-34_mod/LP_310-34-20200117@184310-Eden.fts -> s3://eden-data/RAW/LOT/LP_310-34/2020-01-17/LP_310-34-20200117@184310-Eden.fits (231/259) (dry run)
Storing LOT20200117-LP_310-34_mod/LP_310-34-20200117@184425-Eden.fts -> s3://eden-data/RAW/LOT/LP_310-34/2020-01-17/LP_310-34-20200117@184425-Eden.fits (232/259) (dry run)
Storing LOT20200117-LP_310-34_mod/LP_310-34-20200117@184540-Eden.fts -> s3://eden-data/RAW/LOT/LP_310-34/2020-01-17/LP_310-34-20200117@184540-Eden.fits (233/259) (dry run)
Storing LOT20200117-LP_310-34_mod/LP_310-34-20200117@184655-Eden.fts -> s3://eden-data/RAW/LOT/LP_310-34/2020-01-17/LP_310-34-20200117@184655-Eden.fits (234/259) (dry run)
Storing LOT20200117-LP_310-34_mod/LP_310-34-20200117@184810-Eden.fts -> s3://eden-data/RAW/LOT/LP_310-34/2020-01-17/LP_310-34-20200117@184810-Eden.fits (235/259) (dry run)
Storing LOT20200117-LP_310-34_mod/LP_310-34-20200117@184925-Eden.fts -> s3://eden-data/RAW/LOT/LP_310-34/2020-01-17/LP_310-34-20200117@184925-Eden.fits (236/259) (dry run)
Storing LOT20200117-LP_310-34_mod/LP_310-34-20200117@185040-Eden.fts -> s3://eden-data/RAW/LOT/LP_310-34/2020-01-17/LP_310-34-20200117@185040-Eden.fits (237/259) (dry run)
Storing LOT20200117-LP_310-34_mod/LP_310-34-20200117@185155-Eden.fts -> s3://eden-data/RAW/LOT/LP_310-34/2020-01-17/LP_310-34-20200117@185155-Eden.fits (238/259) (dry run)
Storing LOT20200117-LP_310-34_mod/LP_310-34-20200117@185309-Eden.fts -> s3://eden-data/RAW/LOT/LP_310-34/2020-01-17/LP_310-34-20200117@185309-Eden.fits (239/259) (dry run)
Storing LOT20200117-LP_310-34_mod/LP_310-34-20200117@185423-Eden.fts -> s3://eden-data/RAW/LOT/LP_310-34/2020-01-17/LP_310-34-20200117@185423-Eden.fits (240/259) (dry run)
Storing LOT20200117-LP_310-34_mod/LP_310-34-20200117@185539-Eden.fts -> s3://eden-data/RAW/LOT/LP_310-34/2020-01-17/LP_310-34-20200117@185539-Eden.fits (241/259) (dry run)
Storing LOT20200117-LP_310-34_mod/LP_310-34-20200117@185653-Eden.fts -> s3://eden-data/RAW/LOT/LP_310-34/2020-01-17/LP_310-34-20200117@185653-Eden.fits (242/259) (dry run)
Storing LOT20200117-LP_310-34_mod/LP_310-34-20200117@185808-Eden.fts -> s3://eden-data/RAW/LOT/LP_310-34/2020-01-17/LP_310-34-20200117@185808-Eden.fits (243/259) (dry run)
Storing LOT20200117-LP_310-34_mod/LP_310-34-20200117@185923-Eden.fts -> s3://eden-data/RAW/LOT/LP_310-34/2020-01-17/LP_310-34-20200117@185923-Eden.fits (244/259) (dry run)
Storing LOT20200117-LP_310-34_mod/LP_310-34-20200117@190037-Eden.fts -> s3://eden-data/RAW/LOT/LP_310-34/2020-01-17/LP_310-34-20200117@190037-Eden.fits (245/259) (dry run)
Storing LOT20200117-LP_310-34_mod/LP_310-34-20200117@190152-Eden.fts -> s3://eden-data/RAW/LOT/LP_310-34/2020-01-17/LP_310-34-20200117@190152-Eden.fits (246/259) (dry run)
Storing LOT20200117-LP_310-34_mod/LP_310-34-20200117@190307-Eden.fts -> s3://eden-data/RAW/LOT/LP_310-34/2020-01-17/LP_310-34-20200117@190307-Eden.fits (247/259) (dry run)
Storing LOT20200117-LP_310-34_mod/LP_310-34-20200117@190422-Eden.fts -> s3://eden-data/RAW/LOT/LP_310-34/2020-01-17/LP_310-34-20200117@190422-Eden.fits (248/259) (dry run)
Storing LOT20200117-LP_310-34_mod/LP_310-34-20200117@190536-Eden.fts -> s3://eden-data/RAW/LOT/LP_310-34/2020-01-17/LP_310-34-20200117@190536-Eden.fits (249/259) (dry run)
Storing LOT20200117-LP_310-34_mod/LP_310-34-20200117@190651-Eden.fts -> s3://eden-data/RAW/LOT/LP_310-34/2020-01-17/LP_310-34-20200117@190651-Eden.fits (250/259) (dry run)
Storing LOT20200117-LP_310-34_mod/LP_310-34-20200117@190806-Eden.fts -> s3://eden-data/RAW/LOT/LP_310-34/2020-01-17/LP_310-34-20200117@190806-Eden.fits (251/259) (dry run)
Storing LOT20200117-LP_310-34_mod/LP_310-34-20200117@190921-Eden.fts -> s3://eden-data/RAW/LOT/LP_310-34/2020-01-17/LP_310-34-20200117@190921-Eden.fits (252/259) (dry run)
Storing LOT20200117-LP_310-34_mod/LP_310-34-20200117@191036-Eden.fts -> s3://eden-data/RAW/LOT/LP_310-34/2020-01-17/LP_310-34-20200117@191036-Eden.fits (253/259) (dry run)
Storing LOT20200117-LP_310-34_mod/LP_310-34-20200117@191150-Eden.fts -> s3://eden-data/RAW/LOT/LP_310-34/2020-01-17/LP_310-34-20200117@191150-Eden.fits (254/259) (dry run)
Storing LOT20200117-LP_310-34_mod/LP_310-34-20200117@191304-Eden.fts -> s3://eden-data/RAW/LOT/LP_310-34/2020-01-17/LP_310-34-20200117@191304-Eden.fits (255/259) (dry run)
Storing LOT20200117-LP_310-34_mod/LP_310-34-20200117@191419-Eden.fts -> s3://eden-data/RAW/LOT/LP_310-34/2020-01-17/LP_310-34-20200117@191419-Eden.fits (256/259) (dry run)
Storing LOT20200117-LP_310-34_mod/LP_310-34-20200117@191531-Eden.fts -> s3://eden-data/RAW/LOT/LP_310-34/2020-01-17/LP_310-34-20200117@191531-Eden.fits (257/259) (dry run)
Storing LOT20200117-LP_310-34_mod/LP_310-34-20200117@191645-Eden.fts -> s3://eden-data/RAW/LOT/LP_310-34/2020-01-17/LP_310-34-20200117@191645-Eden.fits (258/259) (dry run)
Storing LOT20200117-LP_310-34_mod/LP_310-34-20200117@191800-Eden.fts -> s3://eden-data/RAW/LOT/LP_310-34/2020-01-17/LP_310-34-20200117@191800-Eden.fits (259/259) (dry run)

Dry run complete! Run again without --dryrun to commit the changes above.
Stored: 259 files (2.2 GB)
