-----------------
input parameters
-----------------
['modify_header_name_eden.py', 'LOT20220205_2MASS_J08533619-0329321', '31']
Your will modify header for: 2MASS_J08533619-0329321 [RA] 08 53 36.1607 [Dec] -03 29 32.2013 [Filter] GG495
---------------
folder: LOT20220205_2MASS_J08533619-0329321
will update fits in: LOT20220205_2MASS_J08533619-0329321_mod
 ---------------------------
 Exame Fits Header for Bias
 ---------------------------
find ./LOT20220205_2MASS_J08533619-0329321/bias-dark/ | grep 'fits\|fts'|sort 
found 0 Bias/Dark
no files in ./bias-dark/
 ---------------------------
 Exame Fits Header for Flat
 ---------------------------
find ./LOT20220205_2MASS_J08533619-0329321/ | grep flat/ | grep -E 'fits|fts'|sort -t'-' -k2.4,2.6 
found 0 Flat
no files in ./flat/
 ---------------------------
 Exame Fits Header for Additional Dark for Flat
 ---------------------------
find ./LOT20220205_2MASS_J08533619-0329321/ | grep flat/ |grep dark| grep -E 'fits|fts'|sort -t'-' -k2.4,2.6 
found 0 Additional Dark for Flat
no additional dark for flat in ./flat/
 ---------------------------
 Modify filename for Science Target
 ---------------------------
... update header ...
1/370 2MASS_J08533619-0329321-20220205@114230-Eden.fts [TYPE] LIGHT [OBJ] 2MASS_J08533619-0329321 [RA] 08 53 36.1607 [Dec] -03 29 32.2013 [FIL] GG495 [EXPTIME] 60.0 [Date] 2022-02-05 [Time] 11:42:30
2/370 2MASS_J08533619-0329321-20220205@114335-Eden.fts [TYPE] LIGHT [OBJ] 2MASS_J08533619-0329321 [RA] 08 53 36.1607 [Dec] -03 29 32.2013 [FIL] GG495 [EXPTIME] 60.0 [Date] 2022-02-05 [Time] 11:43:35
3/370 2MASS_J08533619-0329321-20220205@114440-Eden.fts [TYPE] LIGHT [OBJ] 2MASS_J08533619-0329321 [RA] 08 53 36.1607 [Dec] -03 29 32.2013 [FIL] GG495 [EXPTIME] 60.0 [Date] 2022-02-05 [Time] 11:44:40
4/370 2MASS_J08533619-0329321-20220205@114545-Eden.fts [TYPE] LIGHT [OBJ] 2MASS_J08533619-0329321 [RA] 08 53 36.1607 [Dec] -03 29 32.2013 [FIL] GG495 [EXPTIME] 60.0 [Date] 2022-02-05 [Time] 11:45:45
5/370 2MASS_J08533619-0329321-20220205@114650-Eden.fts [TYPE] LIGHT [OBJ] 2MASS_J08533619-0329321 [RA] 08 53 36.1607 [Dec] -03 29 32.2013 [FIL] GG495 [EXPTIME] 60.0 [Date] 2022-02-05 [Time] 11:46:50
6/370 2MASS_J08533619-0329321-20220205@114755-Eden.fts [TYPE] LIGHT [OBJ] 2MASS_J08533619-0329321 [RA] 08 53 36.1607 [Dec] -03 29 32.2013 [FIL] GG495 [EXPTIME] 60.0 [Date] 2022-02-05 [Time] 11:47:55
7/370 2MASS_J08533619-0329321-20220205@114900-Eden.fts [TYPE] LIGHT [OBJ] 2MASS_J08533619-0329321 [RA] 08 53 36.1607 [Dec] -03 29 32.2013 [FIL] GG495 [EXPTIME] 60.0 [Date] 2022-02-05 [Time] 11:49:00
8/370 2MASS_J08533619-0329321-20220205@115005-Eden.fts [TYPE] LIGHT [OBJ] 2MASS_J08533619-0329321 [RA] 08 53 36.1607 [Dec] -03 29 32.2013 [FIL] GG495 [EXPTIME] 60.0 [Date] 2022-02-05 [Time] 11:50:05
9/370 2MASS_J08533619-0329321-20220205@115110-Eden.fts [TYPE] LIGHT [OBJ] 2MASS_J08533619-0329321 [RA] 08 53 36.1607 [Dec] -03 29 32.2013 [FIL] GG495 [EXPTIME] 60.0 [Date] 2022-02-05 [Time] 11:51:10
10/370 2MASS_J08533619-0329321-20220205@115215-Eden.fts [TYPE] LIGHT [OBJ] 2MASS_J08533619-0329321 [RA] 08 53 36.1607 [Dec] -03 29 32.2013 [FIL] GG495 [EXPTIME] 60.0 [Date] 2022-02-05 [Time] 11:52:15
11/370 2MASS_J08533619-0329321-20220205@115320-Eden.fts [TYPE] LIGHT [OBJ] 2MASS_J08533619-0329321 [RA] 08 53 36.1607 [Dec] -03 29 32.2013 [FIL] GG495 [EXPTIME] 60.0 [Date] 2022-02-05 [Time] 11:53:20
12/370 2MASS_J08533619-0329321-20220205@115425-Eden.fts [TYPE] LIGHT [OBJ] 2MASS_J08533619-0329321 [RA] 08 53 36.1607 [Dec] -03 29 32.2013 [FIL] GG495 [EXPTIME] 60.0 [Date] 2022-02-05 [Time] 11:54:25
13/370 2MASS_J08533619-0329321-20220205@115530-Eden.fts [TYPE] LIGHT [OBJ] 2MASS_J08533619-0329321 [RA] 08 53 36.1607 [Dec] -03 29 32.2013 [FIL] GG495 [EXPTIME] 60.0 [Date] 2022-02-05 [Time] 11:55:30
14/370 2MASS_J08533619-0329321-20220205@115636-Eden.fts [TYPE] LIGHT [OBJ] 2MASS_J08533619-0329321 [RA] 08 53 36.1607 [Dec] -03 29 32.2013 [FIL] GG495 [EXPTIME] 60.0 [Date] 2022-02-05 [Time] 11:56:36
15/370 2MASS_J08533619-0329321-20220205@115741-Eden.fts [TYPE] LIGHT [OBJ] 2MASS_J08533619-0329321 [RA] 08 53 36.1607 [Dec] -03 29 32.2013 [FIL] GG495 [EXPTIME] 60.0 [Date] 2022-02-05 [Time] 11:57:41
16/370 2MASS_J08533619-0329321-20220205@115846-Eden.fts [TYPE] LIGHT [OBJ] 2MASS_J08533619-0329321 [RA] 08 53 36.1607 [Dec] -03 29 32.2013 [FIL] GG495 [EXPTIME] 60.0 [Date] 2022-02-05 [Time] 11:58:46
17/370 2MASS_J08533619-0329321-20220205@115950-Eden.fts [TYPE] LIGHT [OBJ] 2MASS_J08533619-0329321 [RA] 08 53 36.1607 [Dec] -03 29 32.2013 [FIL] GG495 [EXPTIME] 60.0 [Date] 2022-02-05 [Time] 11:59:50
18/370 2MASS_J08533619-0329321-20220205@120055-Eden.fts [TYPE] LIGHT [OBJ] 2MASS_J08533619-0329321 [RA] 08 53 36.1607 [Dec] -03 29 32.2013 [FIL] GG495 [EXPTIME] 60.0 [Date] 2022-02-05 [Time] 12:00:55
19/370 2MASS_J08533619-0329321-20220205@120200-Eden.fts [TYPE] LIGHT [OBJ] 2MASS_J08533619-0329321 [RA] 08 53 36.1607 [Dec] -03 29 32.2013 [FIL] GG495 [EXPTIME] 60.0 [Date] 2022-02-05 [Time] 12:02:00
20/370 2MASS_J08533619-0329321-20220205@120305-Eden.fts [TYPE] LIGHT [OBJ] 2MASS_J08533619-0329321 [RA] 08 53 36.1607 [Dec] -03 29 32.2013 [FIL] GG495 [EXPTIME] 60.0 [Date] 2022-02-05 [Time] 12:03:05
21/370 2MASS_J08533619-0329321-20220205@120410-Eden.fts [TYPE] LIGHT [OBJ] 2MASS_J08533619-0329321 [RA] 08 53 36.1607 [Dec] -03 29 32.2013 [FIL] GG495 [EXPTIME] 60.0 [Date] 2022-02-05 [Time] 12:04:10
22/370 2MASS_J08533619-0329321-20220205@120515-Eden.fts [TYPE] LIGHT [OBJ] 2MASS_J08533619-0329321 [RA] 08 53 36.1607 [Dec] -03 29 32.2013 [FIL] GG495 [EXPTIME] 60.0 [Date] 2022-02-05 [Time] 12:05:15
23/370 2MASS_J08533619-0329321-20220205@120620-Eden.fts [TYPE] LIGHT [OBJ] 2MASS_J08533619-0329321 [RA] 08 53 36.1607 [Dec] -03 29 32.2013 [FIL] GG495 [EXPTIME] 60.0 [Date] 2022-02-05 [Time] 12:06:20
24/370 2MASS_J08533619-0329321-20220205@120725-Eden.fts [TYPE] LIGHT [OBJ] 2MASS_J08533619-0329321 [RA] 08 53 36.1607 [Dec] -03 29 32.2013 [FIL] GG495 [EXPTIME] 60.0 [Date] 2022-02-05 [Time] 12:07:25
25/370 2MASS_J08533619-0329321-20220205@120830-Eden.fts [TYPE] LIGHT [OBJ] 2MASS_J08533619-0329321 [RA] 08 53 36.1607 [Dec] -03 29 32.2013 [FIL] GG495 [EXPTIME] 60.0 [Date] 2022-02-05 [Time] 12:08:30
26/370 2MASS_J08533619-0329321-20220205@120935-Eden.fts [TYPE] LIGHT [OBJ] 2MASS_J08533619-0329321 [RA] 08 53 36.1607 [Dec] -03 29 32.2013 [FIL] GG495 [EXPTIME] 60.0 [Date] 2022-02-05 [Time] 12:09:35
27/370 2MASS_J08533619-0329321-20220205@121041-Eden.fts [TYPE] LIGHT [OBJ] 2MASS_J08533619-0329321 [RA] 08 53 36.1607 [Dec] -03 29 32.2013 [FIL] GG495 [EXPTIME] 60.0 [Date] 2022-02-05 [Time] 12:10:41
28/370 2MASS_J08533619-0329321-20220205@121146-Eden.fts [TYPE] LIGHT [OBJ] 2MASS_J08533619-0329321 [RA] 08 53 36.1607 [Dec] -03 29 32.2013 [FIL] GG495 [EXPTIME] 60.0 [Date] 2022-02-05 [Time] 12:11:46
29/370 2MASS_J08533619-0329321-20220205@121251-Eden.fts [TYPE] LIGHT [OBJ] 2MASS_J08533619-0329321 [RA] 08 53 36.1607 [Dec] -03 29 32.2013 [FIL] GG495 [EXPTIME] 60.0 [Date] 2022-02-05 [Time] 12:12:51
30/370 2MASS_J08533619-0329321-20220205@121356-Eden.fts [TYPE] LIGHT [OBJ] 2MASS_J08533619-0329321 [RA] 08 53 36.1607 [Dec] -03 29 32.2013 [FIL] GG495 [EXPTIME] 60.0 [Date] 2022-02-05 [Time] 12:13:56
31/370 2MASS_J08533619-0329321-20220205@121501-Eden.fts [TYPE] LIGHT [OBJ] 2MASS_J08533619-0329321 [RA] 08 53 36.1607 [Dec] -03 29 32.2013 [FIL] GG495 [EXPTIME] 60.0 [Date] 2022-02-05 [Time] 12:15:01
32/370 2MASS_J08533619-0329321-20220205@121606-Eden.fts [TYPE] LIGHT [OBJ] 2MASS_J08533619-0329321 [RA] 08 53 36.1607 [Dec] -03 29 32.2013 [FIL] GG495 [EXPTIME] 60.0 [Date] 2022-02-05 [Time] 12:16:06
33/370 2MASS_J08533619-0329321-20220205@121711-Eden.fts [TYPE] LIGHT [OBJ] 2MASS_J08533619-0329321 [RA] 08 53 36.1607 [Dec] -03 29 32.2013 [FIL] GG495 [EXPTIME] 60.0 [Date] 2022-02-05 [Time] 12:17:11
34/370 2MASS_J08533619-0329321-20220205@121816-Eden.fts [TYPE] LIGHT [OBJ] 2MASS_J08533619-0329321 [RA] 08 53 36.1607 [Dec] -03 29 32.2013 [FIL] GG495 [EXPTIME] 60.0 [Date] 2022-02-05 [Time] 12:18:16
35/370 2MASS_J08533619-0329321-20220205@121921-Eden.fts [TYPE] LIGHT [OBJ] 2MASS_J08533619-0329321 [RA] 08 53 36.1607 [Dec] -03 29 32.2013 [FIL] GG495 [EXPTIME] 60.0 [Date] 2022-02-05 [Time] 12:19:21
36/370 2MASS_J08533619-0329321-20220205@122026-Eden.fts [TYPE] LIGHT [OBJ] 2MASS_J08533619-0329321 [RA] 08 53 36.1607 [Dec] -03 29 32.2013 [FIL] GG495 [EXPTIME] 60.0 [Date] 2022-02-05 [Time] 12:20:26
37/370 2MASS_J08533619-0329321-20220205@122131-Eden.fts [TYPE] LIGHT [OBJ] 2MASS_J08533619-0329321 [RA] 08 53 36.1607 [Dec] -03 29 32.2013 [FIL] GG495 [EXPTIME] 60.0 [Date] 2022-02-05 [Time] 12:21:31
38/370 2MASS_J08533619-0329321-20220205@122236-Eden.fts [TYPE] LIGHT [OBJ] 2MASS_J08533619-0329321 [RA] 08 53 36.1607 [Dec] -03 29 32.2013 [FIL] GG495 [EXPTIME] 60.0 [Date] 2022-02-05 [Time] 12:22:36
39/370 2MASS_J08533619-0329321-20220205@122341-Eden.fts [TYPE] LIGHT [OBJ] 2MASS_J08533619-0329321 [RA] 08 53 36.1607 [Dec] -03 29 32.2013 [FIL] GG495 [EXPTIME] 60.0 [Date] 2022-02-05 [Time] 12:23:41
40/370 2MASS_J08533619-0329321-20220205@122446-Eden.fts [TYPE] LIGHT [OBJ] 2MASS_J08533619-0329321 [RA] 08 53 36.1607 [Dec] -03 29 32.2013 [FIL] GG495 [EXPTIME] 60.0 [Date] 2022-02-05 [Time] 12:24:46
41/370 2MASS_J08533619-0329321-20220205@122552-Eden.fts [TYPE] LIGHT [OBJ] 2MASS_J08533619-0329321 [RA] 08 53 36.1607 [Dec] -03 29 32.2013 [FIL] GG495 [EXPTIME] 60.0 [Date] 2022-02-05 [Time] 12:25:52
42/370 2MASS_J08533619-0329321-20220205@122657-Eden.fts [TYPE] LIGHT [OBJ] 2MASS_J08533619-0329321 [RA] 08 53 36.1607 [Dec] -03 29 32.2013 [FIL] GG495 [EXPTIME] 60.0 [Date] 2022-02-05 [Time] 12:26:57
43/370 2MASS_J08533619-0329321-20220205@122802-Eden.fts [TYPE] LIGHT [OBJ] 2MASS_J08533619-0329321 [RA] 08 53 36.1607 [Dec] -03 29 32.2013 [FIL] GG495 [EXPTIME] 60.0 [Date] 2022-02-05 [Time] 12:28:02
44/370 2MASS_J08533619-0329321-20220205@122907-Eden.fts [TYPE] LIGHT [OBJ] 2MASS_J08533619-0329321 [RA] 08 53 36.1607 [Dec] -03 29 32.2013 [FIL] GG495 [EXPTIME] 60.0 [Date] 2022-02-05 [Time] 12:29:07
45/370 2MASS_J08533619-0329321-20220205@123012-Eden.fts [TYPE] LIGHT [OBJ] 2MASS_J08533619-0329321 [RA] 08 53 36.1607 [Dec] -03 29 32.2013 [FIL] GG495 [EXPTIME] 60.0 [Date] 2022-02-05 [Time] 12:30:12
46/370 2MASS_J08533619-0329321-20220205@123117-Eden.fts [TYPE] LIGHT [OBJ] 2MASS_J08533619-0329321 [RA] 08 53 36.1607 [Dec] -03 29 32.2013 [FIL] GG495 [EXPTIME] 60.0 [Date] 2022-02-05 [Time] 12:31:17
47/370 2MASS_J08533619-0329321-20220205@123222-Eden.fts [TYPE] LIGHT [OBJ] 2MASS_J08533619-0329321 [RA] 08 53 36.1607 [Dec] -03 29 32.2013 [FIL] GG495 [EXPTIME] 60.0 [Date] 2022-02-05 [Time] 12:32:22
48/370 2MASS_J08533619-0329321-20220205@123327-Eden.fts [TYPE] LIGHT [OBJ] 2MASS_J08533619-0329321 [RA] 08 53 36.1607 [Dec] -03 29 32.2013 [FIL] GG495 [EXPTIME] 60.0 [Date] 2022-02-05 [Time] 12:33:27
49/370 2MASS_J08533619-0329321-20220205@123432-Eden.fts [TYPE] LIGHT [OBJ] 2MASS_J08533619-0329321 [RA] 08 53 36.1607 [Dec] -03 29 32.2013 [FIL] GG495 [EXPTIME] 60.0 [Date] 2022-02-05 [Time] 12:34:32
50/370 2MASS_J08533619-0329321-20220205@123537-Eden.fts [TYPE] LIGHT [OBJ] 2MASS_J08533619-0329321 [RA] 08 53 36.1607 [Dec] -03 29 32.2013 [FIL] GG495 [EXPTIME] 60.0 [Date] 2022-02-05 [Time] 12:35:37
51/370 2MASS_J08533619-0329321-20220205@123642-Eden.fts [TYPE] LIGHT [OBJ] 2MASS_J08533619-0329321 [RA] 08 53 36.1607 [Dec] -03 29 32.2013 [FIL] GG495 [EXPTIME] 60.0 [Date] 2022-02-05 [Time] 12:36:42
52/370 2MASS_J08533619-0329321-20220205@123747-Eden.fts [TYPE] LIGHT [OBJ] 2MASS_J08533619-0329321 [RA] 08 53 36.1607 [Dec] -03 29 32.2013 [FIL] GG495 [EXPTIME] 60.0 [Date] 2022-02-05 [Time] 12:37:47
53/370 2MASS_J08533619-0329321-20220205@123852-Eden.fts [TYPE] LIGHT [OBJ] 2MASS_J08533619-0329321 [RA] 08 53 36.1607 [Dec] -03 29 32.2013 [FIL] GG495 [EXPTIME] 60.0 [Date] 2022-02-05 [Time] 12:38:52
54/370 2MASS_J08533619-0329321-20220205@123957-Eden.fts [TYPE] LIGHT [OBJ] 2MASS_J08533619-0329321 [RA] 08 53 36.1607 [Dec] -03 29 32.2013 [FIL] GG495 [EXPTIME] 60.0 [Date] 2022-02-05 [Time] 12:39:57
55/370 2MASS_J08533619-0329321-20220205@124102-Eden.fts [TYPE] LIGHT [OBJ] 2MASS_J08533619-0329321 [RA] 08 53 36.1607 [Dec] -03 29 32.2013 [FIL] GG495 [EXPTIME] 60.0 [Date] 2022-02-05 [Time] 12:41:02
56/370 2MASS_J08533619-0329321-20220205@124207-Eden.fts [TYPE] LIGHT [OBJ] 2MASS_J08533619-0329321 [RA] 08 53 36.1607 [Dec] -03 29 32.2013 [FIL] GG495 [EXPTIME] 60.0 [Date] 2022-02-05 [Time] 12:42:07
57/370 2MASS_J08533619-0329321-20220205@124313-Eden.fts [TYPE] LIGHT [OBJ] 2MASS_J08533619-0329321 [RA] 08 53 36.1607 [Dec] -03 29 32.2013 [FIL] GG495 [EXPTIME] 60.0 [Date] 2022-02-05 [Time] 12:43:13
58/370 2MASS_J08533619-0329321-20220205@124417-Eden.fts [TYPE] LIGHT [OBJ] 2MASS_J08533619-0329321 [RA] 08 53 36.1607 [Dec] -03 29 32.2013 [FIL] GG495 [EXPTIME] 60.0 [Date] 2022-02-05 [Time] 12:44:17
59/370 2MASS_J08533619-0329321-20220205@124523-Eden.fts [TYPE] LIGHT [OBJ] 2MASS_J08533619-0329321 [RA] 08 53 36.1607 [Dec] -03 29 32.2013 [FIL] GG495 [EXPTIME] 60.0 [Date] 2022-02-05 [Time] 12:45:23
60/370 2MASS_J08533619-0329321-20220205@124628-Eden.fts [TYPE] LIGHT [OBJ] 2MASS_J08533619-0329321 [RA] 08 53 36.1607 [Dec] -03 29 32.2013 [FIL] GG495 [EXPTIME] 60.0 [Date] 2022-02-05 [Time] 12:46:28
61/370 2MASS_J08533619-0329321-20220205@124733-Eden.fts [TYPE] LIGHT [OBJ] 2MASS_J08533619-0329321 [RA] 08 53 36.1607 [Dec] -03 29 32.2013 [FIL] GG495 [EXPTIME] 60.0 [Date] 2022-02-05 [Time] 12:47:33
62/370 2MASS_J08533619-0329321-20220205@124838-Eden.fts [TYPE] LIGHT [OBJ] 2MASS_J08533619-0329321 [RA] 08 53 36.1607 [Dec] -03 29 32.2013 [FIL] GG495 [EXPTIME] 60.0 [Date] 2022-02-05 [Time] 12:48:38
63/370 2MASS_J08533619-0329321-20220205@124943-Eden.fts [TYPE] LIGHT [OBJ] 2MASS_J08533619-0329321 [RA] 08 53 36.1607 [Dec] -03 29 32.2013 [FIL] GG495 [EXPTIME] 60.0 [Date] 2022-02-05 [Time] 12:49:43
64/370 2MASS_J08533619-0329321-20220205@125048-Eden.fts [TYPE] LIGHT [OBJ] 2MASS_J08533619-0329321 [RA] 08 53 36.1607 [Dec] -03 29 32.2013 [FIL] GG495 [EXPTIME] 60.0 [Date] 2022-02-05 [Time] 12:50:48
65/370 2MASS_J08533619-0329321-20220205@125153-Eden.fts [TYPE] LIGHT [OBJ] 2MASS_J08533619-0329321 [RA] 08 53 36.1607 [Dec] -03 29 32.2013 [FIL] GG495 [EXPTIME] 60.0 [Date] 2022-02-05 [Time] 12:51:53
66/370 2MASS_J08533619-0329321-20220205@125258-Eden.fts [TYPE] LIGHT [OBJ] 2MASS_J08533619-0329321 [RA] 08 53 36.1607 [Dec] -03 29 32.2013 [FIL] GG495 [EXPTIME] 60.0 [Date] 2022-02-05 [Time] 12:52:58
67/370 2MASS_J08533619-0329321-20220205@125403-Eden.fts [TYPE] LIGHT [OBJ] 2MASS_J08533619-0329321 [RA] 08 53 36.1607 [Dec] -03 29 32.2013 [FIL] GG495 [EXPTIME] 60.0 [Date] 2022-02-05 [Time] 12:54:03
68/370 2MASS_J08533619-0329321-20220205@125508-Eden.fts [TYPE] LIGHT [OBJ] 2MASS_J08533619-0329321 [RA] 08 53 36.1607 [Dec] -03 29 32.2013 [FIL] GG495 [EXPTIME] 60.0 [Date] 2022-02-05 [Time] 12:55:08
69/370 2MASS_J08533619-0329321-20220205@125613-Eden.fts [TYPE] LIGHT [OBJ] 2MASS_J08533619-0329321 [RA] 08 53 36.1607 [Dec] -03 29 32.2013 [FIL] GG495 [EXPTIME] 60.0 [Date] 2022-02-05 [Time] 12:56:13
70/370 2MASS_J08533619-0329321-20220205@125718-Eden.fts [TYPE] LIGHT [OBJ] 2MASS_J08533619-0329321 [RA] 08 53 36.1607 [Dec] -03 29 32.2013 [FIL] GG495 [EXPTIME] 60.0 [Date] 2022-02-05 [Time] 12:57:18
71/370 2MASS_J08533619-0329321-20220205@125822-Eden.fts [TYPE] LIGHT [OBJ] 2MASS_J08533619-0329321 [RA] 08 53 36.1607 [Dec] -03 29 32.2013 [FIL] GG495 [EXPTIME] 60.0 [Date] 2022-02-05 [Time] 12:58:22
72/370 2MASS_J08533619-0329321-20220205@125927-Eden.fts [TYPE] LIGHT [OBJ] 2MASS_J08533619-0329321 [RA] 08 53 36.1607 [Dec] -03 29 32.2013 [FIL] GG495 [EXPTIME] 60.0 [Date] 2022-02-05 [Time] 12:59:27
73/370 2MASS_J08533619-0329321-20220205@130032-Eden.fts [TYPE] LIGHT [OBJ] 2MASS_J08533619-0329321 [RA] 08 53 36.1607 [Dec] -03 29 32.2013 [FIL] GG495 [EXPTIME] 60.0 [Date] 2022-02-05 [Time] 13:00:32
74/370 2MASS_J08533619-0329321-20220205@130137-Eden.fts [TYPE] LIGHT [OBJ] 2MASS_J08533619-0329321 [RA] 08 53 36.1607 [Dec] -03 29 32.2013 [FIL] GG495 [EXPTIME] 60.0 [Date] 2022-02-05 [Time] 13:01:37
75/370 2MASS_J08533619-0329321-20220205@130242-Eden.fts [TYPE] LIGHT [OBJ] 2MASS_J08533619-0329321 [RA] 08 53 36.1607 [Dec] -03 29 32.2013 [FIL] GG495 [EXPTIME] 60.0 [Date] 2022-02-05 [Time] 13:02:42
76/370 2MASS_J08533619-0329321-20220205@130347-Eden.fts [TYPE] LIGHT [OBJ] 2MASS_J08533619-0329321 [RA] 08 53 36.1607 [Dec] -03 29 32.2013 [FIL] GG495 [EXPTIME] 60.0 [Date] 2022-02-05 [Time] 13:03:47
77/370 2MASS_J08533619-0329321-20220205@130452-Eden.fts [TYPE] LIGHT [OBJ] 2MASS_J08533619-0329321 [RA] 08 53 36.1607 [Dec] -03 29 32.2013 [FIL] GG495 [EXPTIME] 60.0 [Date] 2022-02-05 [Time] 13:04:52
78/370 2MASS_J08533619-0329321-20220205@130557-Eden.fts [TYPE] LIGHT [OBJ] 2MASS_J08533619-0329321 [RA] 08 53 36.1607 [Dec] -03 29 32.2013 [FIL] GG495 [EXPTIME] 60.0 [Date] 2022-02-05 [Time] 13:05:57
79/370 2MASS_J08533619-0329321-20220205@130702-Eden.fts [TYPE] LIGHT [OBJ] 2MASS_J08533619-0329321 [RA] 08 53 36.1607 [Dec] -03 29 32.2013 [FIL] GG495 [EXPTIME] 60.0 [Date] 2022-02-05 [Time] 13:07:02
80/370 2MASS_J08533619-0329321-20220205@130808-Eden.fts [TYPE] LIGHT [OBJ] 2MASS_J08533619-0329321 [RA] 08 53 36.1607 [Dec] -03 29 32.2013 [FIL] GG495 [EXPTIME] 60.0 [Date] 2022-02-05 [Time] 13:08:08
81/370 2MASS_J08533619-0329321-20220205@130913-Eden.fts [TYPE] LIGHT [OBJ] 2MASS_J08533619-0329321 [RA] 08 53 36.1607 [Dec] -03 29 32.2013 [FIL] GG495 [EXPTIME] 60.0 [Date] 2022-02-05 [Time] 13:09:13
82/370 2MASS_J08533619-0329321-20220205@131018-Eden.fts [TYPE] LIGHT [OBJ] 2MASS_J08533619-0329321 [RA] 08 53 36.1607 [Dec] -03 29 32.2013 [FIL] GG495 [EXPTIME] 60.0 [Date] 2022-02-05 [Time] 13:10:18
83/370 2MASS_J08533619-0329321-20220205@131123-Eden.fts [TYPE] LIGHT [OBJ] 2MASS_J08533619-0329321 [RA] 08 53 36.1607 [Dec] -03 29 32.2013 [FIL] GG495 [EXPTIME] 60.0 [Date] 2022-02-05 [Time] 13:11:23
84/370 2MASS_J08533619-0329321-20220205@131228-Eden.fts [TYPE] LIGHT [OBJ] 2MASS_J08533619-0329321 [RA] 08 53 36.1607 [Dec] -03 29 32.2013 [FIL] GG495 [EXPTIME] 60.0 [Date] 2022-02-05 [Time] 13:12:28
85/370 2MASS_J08533619-0329321-20220205@131333-Eden.fts [TYPE] LIGHT [OBJ] 2MASS_J08533619-0329321 [RA] 08 53 36.1607 [Dec] -03 29 32.2013 [FIL] GG495 [EXPTIME] 60.0 [Date] 2022-02-05 [Time] 13:13:33
86/370 2MASS_J08533619-0329321-20220205@131438-Eden.fts [TYPE] LIGHT [OBJ] 2MASS_J08533619-0329321 [RA] 08 53 36.1607 [Dec] -03 29 32.2013 [FIL] GG495 [EXPTIME] 60.0 [Date] 2022-02-05 [Time] 13:14:38
87/370 2MASS_J08533619-0329321-20220205@131543-Eden.fts [TYPE] LIGHT [OBJ] 2MASS_J08533619-0329321 [RA] 08 53 36.1607 [Dec] -03 29 32.2013 [FIL] GG495 [EXPTIME] 60.0 [Date] 2022-02-05 [Time] 13:15:43
88/370 2MASS_J08533619-0329321-20220205@131647-Eden.fts [TYPE] LIGHT [OBJ] 2MASS_J08533619-0329321 [RA] 08 53 36.1607 [Dec] -03 29 32.2013 [FIL] GG495 [EXPTIME] 60.0 [Date] 2022-02-05 [Time] 13:16:47
89/370 2MASS_J08533619-0329321-20220205@131753-Eden.fts [TYPE] LIGHT [OBJ] 2MASS_J08533619-0329321 [RA] 08 53 36.1607 [Dec] -03 29 32.2013 [FIL] GG495 [EXPTIME] 60.0 [Date] 2022-02-05 [Time] 13:17:53
90/370 2MASS_J08533619-0329321-20220205@131858-Eden.fts [TYPE] LIGHT [OBJ] 2MASS_J08533619-0329321 [RA] 08 53 36.1607 [Dec] -03 29 32.2013 [FIL] GG495 [EXPTIME] 60.0 [Date] 2022-02-05 [Time] 13:18:58
91/370 2MASS_J08533619-0329321-20220205@132003-Eden.fts [TYPE] LIGHT [OBJ] 2MASS_J08533619-0329321 [RA] 08 53 36.1607 [Dec] -03 29 32.2013 [FIL] GG495 [EXPTIME] 60.0 [Date] 2022-02-05 [Time] 13:20:03
92/370 2MASS_J08533619-0329321-20220205@132108-Eden.fts [TYPE] LIGHT [OBJ] 2MASS_J08533619-0329321 [RA] 08 53 36.1607 [Dec] -03 29 32.2013 [FIL] GG495 [EXPTIME] 60.0 [Date] 2022-02-05 [Time] 13:21:08
93/370 2MASS_J08533619-0329321-20220205@132213-Eden.fts [TYPE] LIGHT [OBJ] 2MASS_J08533619-0329321 [RA] 08 53 36.1607 [Dec] -03 29 32.2013 [FIL] GG495 [EXPTIME] 60.0 [Date] 2022-02-05 [Time] 13:22:13
94/370 2MASS_J08533619-0329321-20220205@132317-Eden.fts [TYPE] LIGHT [OBJ] 2MASS_J08533619-0329321 [RA] 08 53 36.1607 [Dec] -03 29 32.2013 [FIL] GG495 [EXPTIME] 60.0 [Date] 2022-02-05 [Time] 13:23:17
95/370 2MASS_J08533619-0329321-20220205@132423-Eden.fts [TYPE] LIGHT [OBJ] 2MASS_J08533619-0329321 [RA] 08 53 36.1607 [Dec] -03 29 32.2013 [FIL] GG495 [EXPTIME] 60.0 [Date] 2022-02-05 [Time] 13:24:23
96/370 2MASS_J08533619-0329321-20220205@132527-Eden.fts [TYPE] LIGHT [OBJ] 2MASS_J08533619-0329321 [RA] 08 53 36.1607 [Dec] -03 29 32.2013 [FIL] GG495 [EXPTIME] 60.0 [Date] 2022-02-05 [Time] 13:25:27
97/370 2MASS_J08533619-0329321-20220205@132632-Eden.fts [TYPE] LIGHT [OBJ] 2MASS_J08533619-0329321 [RA] 08 53 36.1607 [Dec] -03 29 32.2013 [FIL] GG495 [EXPTIME] 60.0 [Date] 2022-02-05 [Time] 13:26:32
98/370 2MASS_J08533619-0329321-20220205@132737-Eden.fts [TYPE] LIGHT [OBJ] 2MASS_J08533619-0329321 [RA] 08 53 36.1607 [Dec] -03 29 32.2013 [FIL] GG495 [EXPTIME] 60.0 [Date] 2022-02-05 [Time] 13:27:37
99/370 2MASS_J08533619-0329321-20220205@132842-Eden.fts [TYPE] LIGHT [OBJ] 2MASS_J08533619-0329321 [RA] 08 53 36.1607 [Dec] -03 29 32.2013 [FIL] GG495 [EXPTIME] 60.0 [Date] 2022-02-05 [Time] 13:28:42
100/370 2MASS_J08533619-0329321-20220205@132947-Eden.fts [TYPE] LIGHT [OBJ] 2MASS_J08533619-0329321 [RA] 08 53 36.1607 [Dec] -03 29 32.2013 [FIL] GG495 [EXPTIME] 60.0 [Date] 2022-02-05 [Time] 13:29:47
101/370 2MASS_J08533619-0329321-20220205@133053-Eden.fts [TYPE] LIGHT [OBJ] 2MASS_J08533619-0329321 [RA] 08 53 36.1607 [Dec] -03 29 32.2013 [FIL] GG495 [EXPTIME] 60.0 [Date] 2022-02-05 [Time] 13:30:53
102/370 2MASS_J08533619-0329321-20220205@133157-Eden.fts [TYPE] LIGHT [OBJ] 2MASS_J08533619-0329321 [RA] 08 53 36.1607 [Dec] -03 29 32.2013 [FIL] GG495 [EXPTIME] 60.0 [Date] 2022-02-05 [Time] 13:31:57
103/370 2MASS_J08533619-0329321-20220205@133303-Eden.fts [TYPE] LIGHT [OBJ] 2MASS_J08533619-0329321 [RA] 08 53 36.1607 [Dec] -03 29 32.2013 [FIL] GG495 [EXPTIME] 60.0 [Date] 2022-02-05 [Time] 13:33:03
104/370 2MASS_J08533619-0329321-20220205@133408-Eden.fts [TYPE] LIGHT [OBJ] 2MASS_J08533619-0329321 [RA] 08 53 36.1607 [Dec] -03 29 32.2013 [FIL] GG495 [EXPTIME] 60.0 [Date] 2022-02-05 [Time] 13:34:08
105/370 2MASS_J08533619-0329321-20220205@133512-Eden.fts [TYPE] LIGHT [OBJ] 2MASS_J08533619-0329321 [RA] 08 53 36.1607 [Dec] -03 29 32.2013 [FIL] GG495 [EXPTIME] 60.0 [Date] 2022-02-05 [Time] 13:35:12
106/370 2MASS_J08533619-0329321-20220205@133617-Eden.fts [TYPE] LIGHT [OBJ] 2MASS_J08533619-0329321 [RA] 08 53 36.1607 [Dec] -03 29 32.2013 [FIL] GG495 [EXPTIME] 60.0 [Date] 2022-02-05 [Time] 13:36:17
107/370 2MASS_J08533619-0329321-20220205@133722-Eden.fts [TYPE] LIGHT [OBJ] 2MASS_J08533619-0329321 [RA] 08 53 36.1607 [Dec] -03 29 32.2013 [FIL] GG495 [EXPTIME] 60.0 [Date] 2022-02-05 [Time] 13:37:22
108/370 2MASS_J08533619-0329321-20220205@133827-Eden.fts [TYPE] LIGHT [OBJ] 2MASS_J08533619-0329321 [RA] 08 53 36.1607 [Dec] -03 29 32.2013 [FIL] GG495 [EXPTIME] 60.0 [Date] 2022-02-05 [Time] 13:38:27
109/370 2MASS_J08533619-0329321-20220205@133932-Eden.fts [TYPE] LIGHT [OBJ] 2MASS_J08533619-0329321 [RA] 08 53 36.1607 [Dec] -03 29 32.2013 [FIL] GG495 [EXPTIME] 60.0 [Date] 2022-02-05 [Time] 13:39:32
110/370 2MASS_J08533619-0329321-20220205@134037-Eden.fts [TYPE] LIGHT [OBJ] 2MASS_J08533619-0329321 [RA] 08 53 36.1607 [Dec] -03 29 32.2013 [FIL] GG495 [EXPTIME] 60.0 [Date] 2022-02-05 [Time] 13:40:37
111/370 2MASS_J08533619-0329321-20220205@134142-Eden.fts [TYPE] LIGHT [OBJ] 2MASS_J08533619-0329321 [RA] 08 53 36.1607 [Dec] -03 29 32.2013 [FIL] GG495 [EXPTIME] 60.0 [Date] 2022-02-05 [Time] 13:41:42
112/370 2MASS_J08533619-0329321-20220205@134247-Eden.fts [TYPE] LIGHT [OBJ] 2MASS_J08533619-0329321 [RA] 08 53 36.1607 [Dec] -03 29 32.2013 [FIL] GG495 [EXPTIME] 60.0 [Date] 2022-02-05 [Time] 13:42:47
113/370 2MASS_J08533619-0329321-20220205@134352-Eden.fts [TYPE] LIGHT [OBJ] 2MASS_J08533619-0329321 [RA] 08 53 36.1607 [Dec] -03 29 32.2013 [FIL] GG495 [EXPTIME] 60.0 [Date] 2022-02-05 [Time] 13:43:52
114/370 2MASS_J08533619-0329321-20220205@134457-Eden.fts [TYPE] LIGHT [OBJ] 2MASS_J08533619-0329321 [RA] 08 53 36.1607 [Dec] -03 29 32.2013 [FIL] GG495 [EXPTIME] 60.0 [Date] 2022-02-05 [Time] 13:44:57
115/370 2MASS_J08533619-0329321-20220205@134602-Eden.fts [TYPE] LIGHT [OBJ] 2MASS_J08533619-0329321 [RA] 08 53 36.1607 [Dec] -03 29 32.2013 [FIL] GG495 [EXPTIME] 60.0 [Date] 2022-02-05 [Time] 13:46:02
116/370 2MASS_J08533619-0329321-20220205@134708-Eden.fts [TYPE] LIGHT [OBJ] 2MASS_J08533619-0329321 [RA] 08 53 36.1607 [Dec] -03 29 32.2013 [FIL] GG495 [EXPTIME] 60.0 [Date] 2022-02-05 [Time] 13:47:08
117/370 2MASS_J08533619-0329321-20220205@134813-Eden.fts [TYPE] LIGHT [OBJ] 2MASS_J08533619-0329321 [RA] 08 53 36.1607 [Dec] -03 29 32.2013 [FIL] GG495 [EXPTIME] 60.0 [Date] 2022-02-05 [Time] 13:48:13
118/370 2MASS_J08533619-0329321-20220205@134918-Eden.fts [TYPE] LIGHT [OBJ] 2MASS_J08533619-0329321 [RA] 08 53 36.1607 [Dec] -03 29 32.2013 [FIL] GG495 [EXPTIME] 60.0 [Date] 2022-02-05 [Time] 13:49:18
119/370 2MASS_J08533619-0329321-20220205@135022-Eden.fts [TYPE] LIGHT [OBJ] 2MASS_J08533619-0329321 [RA] 08 53 36.1607 [Dec] -03 29 32.2013 [FIL] GG495 [EXPTIME] 60.0 [Date] 2022-02-05 [Time] 13:50:22
120/370 2MASS_J08533619-0329321-20220205@135128-Eden.fts [TYPE] LIGHT [OBJ] 2MASS_J08533619-0329321 [RA] 08 53 36.1607 [Dec] -03 29 32.2013 [FIL] GG495 [EXPTIME] 60.0 [Date] 2022-02-05 [Time] 13:51:28
121/370 2MASS_J08533619-0329321-20220205@135233-Eden.fts [TYPE] LIGHT [OBJ] 2MASS_J08533619-0329321 [RA] 08 53 36.1607 [Dec] -03 29 32.2013 [FIL] GG495 [EXPTIME] 60.0 [Date] 2022-02-05 [Time] 13:52:33
122/370 2MASS_J08533619-0329321-20220205@135338-Eden.fts [TYPE] LIGHT [OBJ] 2MASS_J08533619-0329321 [RA] 08 53 36.1607 [Dec] -03 29 32.2013 [FIL] GG495 [EXPTIME] 60.0 [Date] 2022-02-05 [Time] 13:53:38
123/370 2MASS_J08533619-0329321-20220205@135443-Eden.fts [TYPE] LIGHT [OBJ] 2MASS_J08533619-0329321 [RA] 08 53 36.1607 [Dec] -03 29 32.2013 [FIL] GG495 [EXPTIME] 60.0 [Date] 2022-02-05 [Time] 13:54:43
124/370 2MASS_J08533619-0329321-20220205@135548-Eden.fts [TYPE] LIGHT [OBJ] 2MASS_J08533619-0329321 [RA] 08 53 36.1607 [Dec] -03 29 32.2013 [FIL] GG495 [EXPTIME] 60.0 [Date] 2022-02-05 [Time] 13:55:48
125/370 2MASS_J08533619-0329321-20220205@141116-Eden.fts [TYPE] LIGHT [OBJ] 2MASS_J08533619-0329321 [RA] 08 53 36.1607 [Dec] -03 29 32.2013 [FIL] GG495 [EXPTIME] 60.0 [Date] 2022-02-05 [Time] 14:11:16
126/370 2MASS_J08533619-0329321-20220205@141221-Eden.fts [TYPE] LIGHT [OBJ] 2MASS_J08533619-0329321 [RA] 08 53 36.1607 [Dec] -03 29 32.2013 [FIL] GG495 [EXPTIME] 60.0 [Date] 2022-02-05 [Time] 14:12:21
127/370 2MASS_J08533619-0329321-20220205@141326-Eden.fts [TYPE] LIGHT [OBJ] 2MASS_J08533619-0329321 [RA] 08 53 36.1607 [Dec] -03 29 32.2013 [FIL] GG495 [EXPTIME] 60.0 [Date] 2022-02-05 [Time] 14:13:26
128/370 2MASS_J08533619-0329321-20220205@141431-Eden.fts [TYPE] LIGHT [OBJ] 2MASS_J08533619-0329321 [RA] 08 53 36.1607 [Dec] -03 29 32.2013 [FIL] GG495 [EXPTIME] 60.0 [Date] 2022-02-05 [Time] 14:14:31
129/370 2MASS_J08533619-0329321-20220205@141536-Eden.fts [TYPE] LIGHT [OBJ] 2MASS_J08533619-0329321 [RA] 08 53 36.1607 [Dec] -03 29 32.2013 [FIL] GG495 [EXPTIME] 60.0 [Date] 2022-02-05 [Time] 14:15:36
130/370 2MASS_J08533619-0329321-20220205@141641-Eden.fts [TYPE] LIGHT [OBJ] 2MASS_J08533619-0329321 [RA] 08 53 36.1607 [Dec] -03 29 32.2013 [FIL] GG495 [EXPTIME] 60.0 [Date] 2022-02-05 [Time] 14:16:41
131/370 2MASS_J08533619-0329321-20220205@141746-Eden.fts [TYPE] LIGHT [OBJ] 2MASS_J08533619-0329321 [RA] 08 53 36.1607 [Dec] -03 29 32.2013 [FIL] GG495 [EXPTIME] 60.0 [Date] 2022-02-05 [Time] 14:17:46
132/370 2MASS_J08533619-0329321-20220205@141851-Eden.fts [TYPE] LIGHT [OBJ] 2MASS_J08533619-0329321 [RA] 08 53 36.1607 [Dec] -03 29 32.2013 [FIL] GG495 [EXPTIME] 60.0 [Date] 2022-02-05 [Time] 14:18:51
133/370 2MASS_J08533619-0329321-20220205@141956-Eden.fts [TYPE] LIGHT [OBJ] 2MASS_J08533619-0329321 [RA] 08 53 36.1607 [Dec] -03 29 32.2013 [FIL] GG495 [EXPTIME] 60.0 [Date] 2022-02-05 [Time] 14:19:56
134/370 2MASS_J08533619-0329321-20220205@142101-Eden.fts [TYPE] LIGHT [OBJ] 2MASS_J08533619-0329321 [RA] 08 53 36.1607 [Dec] -03 29 32.2013 [FIL] GG495 [EXPTIME] 60.0 [Date] 2022-02-05 [Time] 14:21:01
135/370 2MASS_J08533619-0329321-20220205@142206-Eden.fts [TYPE] LIGHT [OBJ] 2MASS_J08533619-0329321 [RA] 08 53 36.1607 [Dec] -03 29 32.2013 [FIL] GG495 [EXPTIME] 60.0 [Date] 2022-02-05 [Time] 14:22:06
136/370 2MASS_J08533619-0329321-20220205@142311-Eden.fts [TYPE] LIGHT [OBJ] 2MASS_J08533619-0329321 [RA] 08 53 36.1607 [Dec] -03 29 32.2013 [FIL] GG495 [EXPTIME] 60.0 [Date] 2022-02-05 [Time] 14:23:11
137/370 2MASS_J08533619-0329321-20220205@142416-Eden.fts [TYPE] LIGHT [OBJ] 2MASS_J08533619-0329321 [RA] 08 53 36.1607 [Dec] -03 29 32.2013 [FIL] GG495 [EXPTIME] 60.0 [Date] 2022-02-05 [Time] 14:24:16
138/370 2MASS_J08533619-0329321-20220205@142521-Eden.fts [TYPE] LIGHT [OBJ] 2MASS_J08533619-0329321 [RA] 08 53 36.1607 [Dec] -03 29 32.2013 [FIL] GG495 [EXPTIME] 60.0 [Date] 2022-02-05 [Time] 14:25:21
139/370 2MASS_J08533619-0329321-20220205@142626-Eden.fts [TYPE] LIGHT [OBJ] 2MASS_J08533619-0329321 [RA] 08 53 36.1607 [Dec] -03 29 32.2013 [FIL] GG495 [EXPTIME] 60.0 [Date] 2022-02-05 [Time] 14:26:26
140/370 2MASS_J08533619-0329321-20220205@142731-Eden.fts [TYPE] LIGHT [OBJ] 2MASS_J08533619-0329321 [RA] 08 53 36.1607 [Dec] -03 29 32.2013 [FIL] GG495 [EXPTIME] 60.0 [Date] 2022-02-05 [Time] 14:27:31
141/370 2MASS_J08533619-0329321-20220205@142836-Eden.fts [TYPE] LIGHT [OBJ] 2MASS_J08533619-0329321 [RA] 08 53 36.1607 [Dec] -03 29 32.2013 [FIL] GG495 [EXPTIME] 60.0 [Date] 2022-02-05 [Time] 14:28:36
142/370 2MASS_J08533619-0329321-20220205@142941-Eden.fts [TYPE] LIGHT [OBJ] 2MASS_J08533619-0329321 [RA] 08 53 36.1607 [Dec] -03 29 32.2013 [FIL] GG495 [EXPTIME] 60.0 [Date] 2022-02-05 [Time] 14:29:41
143/370 2MASS_J08533619-0329321-20220205@143046-Eden.fts [TYPE] LIGHT [OBJ] 2MASS_J08533619-0329321 [RA] 08 53 36.1607 [Dec] -03 29 32.2013 [FIL] GG495 [EXPTIME] 60.0 [Date] 2022-02-05 [Time] 14:30:46
144/370 2MASS_J08533619-0329321-20220205@143151-Eden.fts [TYPE] LIGHT [OBJ] 2MASS_J08533619-0329321 [RA] 08 53 36.1607 [Dec] -03 29 32.2013 [FIL] GG495 [EXPTIME] 60.0 [Date] 2022-02-05 [Time] 14:31:51
145/370 2MASS_J08533619-0329321-20220205@143256-Eden.fts [TYPE] LIGHT [OBJ] 2MASS_J08533619-0329321 [RA] 08 53 36.1607 [Dec] -03 29 32.2013 [FIL] GG495 [EXPTIME] 60.0 [Date] 2022-02-05 [Time] 14:32:56
146/370 2MASS_J08533619-0329321-20220205@143402-Eden.fts [TYPE] LIGHT [OBJ] 2MASS_J08533619-0329321 [RA] 08 53 36.1607 [Dec] -03 29 32.2013 [FIL] GG495 [EXPTIME] 60.0 [Date] 2022-02-05 [Time] 14:34:02
147/370 2MASS_J08533619-0329321-20220205@143507-Eden.fts [TYPE] LIGHT [OBJ] 2MASS_J08533619-0329321 [RA] 08 53 36.1607 [Dec] -03 29 32.2013 [FIL] GG495 [EXPTIME] 60.0 [Date] 2022-02-05 [Time] 14:35:07
148/370 2MASS_J08533619-0329321-20220205@143612-Eden.fts [TYPE] LIGHT [OBJ] 2MASS_J08533619-0329321 [RA] 08 53 36.1607 [Dec] -03 29 32.2013 [FIL] GG495 [EXPTIME] 60.0 [Date] 2022-02-05 [Time] 14:36:12
149/370 2MASS_J08533619-0329321-20220205@143717-Eden.fts [TYPE] LIGHT [OBJ] 2MASS_J08533619-0329321 [RA] 08 53 36.1607 [Dec] -03 29 32.2013 [FIL] GG495 [EXPTIME] 60.0 [Date] 2022-02-05 [Time] 14:37:17
150/370 2MASS_J08533619-0329321-20220205@143821-Eden.fts [TYPE] LIGHT [OBJ] 2MASS_J08533619-0329321 [RA] 08 53 36.1607 [Dec] -03 29 32.2013 [FIL] GG495 [EXPTIME] 60.0 [Date] 2022-02-05 [Time] 14:38:21
151/370 2MASS_J08533619-0329321-20220205@143926-Eden.fts [TYPE] LIGHT [OBJ] 2MASS_J08533619-0329321 [RA] 08 53 36.1607 [Dec] -03 29 32.2013 [FIL] GG495 [EXPTIME] 60.0 [Date] 2022-02-05 [Time] 14:39:26
152/370 2MASS_J08533619-0329321-20220205@144032-Eden.fts [TYPE] LIGHT [OBJ] 2MASS_J08533619-0329321 [RA] 08 53 36.1607 [Dec] -03 29 32.2013 [FIL] GG495 [EXPTIME] 60.0 [Date] 2022-02-05 [Time] 14:40:32
153/370 2MASS_J08533619-0329321-20220205@144137-Eden.fts [TYPE] LIGHT [OBJ] 2MASS_J08533619-0329321 [RA] 08 53 36.1607 [Dec] -03 29 32.2013 [FIL] GG495 [EXPTIME] 60.0 [Date] 2022-02-05 [Time] 14:41:37
154/370 2MASS_J08533619-0329321-20220205@144242-Eden.fts [TYPE] LIGHT [OBJ] 2MASS_J08533619-0329321 [RA] 08 53 36.1607 [Dec] -03 29 32.2013 [FIL] GG495 [EXPTIME] 60.0 [Date] 2022-02-05 [Time] 14:42:42
155/370 2MASS_J08533619-0329321-20220205@144347-Eden.fts [TYPE] LIGHT [OBJ] 2MASS_J08533619-0329321 [RA] 08 53 36.1607 [Dec] -03 29 32.2013 [FIL] GG495 [EXPTIME] 60.0 [Date] 2022-02-05 [Time] 14:43:47
156/370 2MASS_J08533619-0329321-20220205@144451-Eden.fts [TYPE] LIGHT [OBJ] 2MASS_J08533619-0329321 [RA] 08 53 36.1607 [Dec] -03 29 32.2013 [FIL] GG495 [EXPTIME] 60.0 [Date] 2022-02-05 [Time] 14:44:51
157/370 2MASS_J08533619-0329321-20220205@144556-Eden.fts [TYPE] LIGHT [OBJ] 2MASS_J08533619-0329321 [RA] 08 53 36.1607 [Dec] -03 29 32.2013 [FIL] GG495 [EXPTIME] 60.0 [Date] 2022-02-05 [Time] 14:45:56
158/370 2MASS_J08533619-0329321-20220205@144701-Eden.fts [TYPE] LIGHT [OBJ] 2MASS_J08533619-0329321 [RA] 08 53 36.1607 [Dec] -03 29 32.2013 [FIL] GG495 [EXPTIME] 60.0 [Date] 2022-02-05 [Time] 14:47:01
159/370 2MASS_J08533619-0329321-20220205@144806-Eden.fts [TYPE] LIGHT [OBJ] 2MASS_J08533619-0329321 [RA] 08 53 36.1607 [Dec] -03 29 32.2013 [FIL] GG495 [EXPTIME] 60.0 [Date] 2022-02-05 [Time] 14:48:06
160/370 2MASS_J08533619-0329321-20220205@144911-Eden.fts [TYPE] LIGHT [OBJ] 2MASS_J08533619-0329321 [RA] 08 53 36.1607 [Dec] -03 29 32.2013 [FIL] GG495 [EXPTIME] 60.0 [Date] 2022-02-05 [Time] 14:49:11
161/370 2MASS_J08533619-0329321-20220205@145016-Eden.fts [TYPE] LIGHT [OBJ] 2MASS_J08533619-0329321 [RA] 08 53 36.1607 [Dec] -03 29 32.2013 [FIL] GG495 [EXPTIME] 60.0 [Date] 2022-02-05 [Time] 14:50:16
162/370 2MASS_J08533619-0329321-20220205@145121-Eden.fts [TYPE] LIGHT [OBJ] 2MASS_J08533619-0329321 [RA] 08 53 36.1607 [Dec] -03 29 32.2013 [FIL] GG495 [EXPTIME] 60.0 [Date] 2022-02-05 [Time] 14:51:21
163/370 2MASS_J08533619-0329321-20220205@145227-Eden.fts [TYPE] LIGHT [OBJ] 2MASS_J08533619-0329321 [RA] 08 53 36.1607 [Dec] -03 29 32.2013 [FIL] GG495 [EXPTIME] 60.0 [Date] 2022-02-05 [Time] 14:52:27
164/370 2MASS_J08533619-0329321-20220205@145332-Eden.fts [TYPE] LIGHT [OBJ] 2MASS_J08533619-0329321 [RA] 08 53 36.1607 [Dec] -03 29 32.2013 [FIL] GG495 [EXPTIME] 60.0 [Date] 2022-02-05 [Time] 14:53:32
165/370 2MASS_J08533619-0329321-20220205@145436-Eden.fts [TYPE] LIGHT [OBJ] 2MASS_J08533619-0329321 [RA] 08 53 36.1607 [Dec] -03 29 32.2013 [FIL] GG495 [EXPTIME] 60.0 [Date] 2022-02-05 [Time] 14:54:36
166/370 2MASS_J08533619-0329321-20220205@145541-Eden.fts [TYPE] LIGHT [OBJ] 2MASS_J08533619-0329321 [RA] 08 53 36.1607 [Dec] -03 29 32.2013 [FIL] GG495 [EXPTIME] 60.0 [Date] 2022-02-05 [Time] 14:55:41
167/370 2MASS_J08533619-0329321-20220205@145646-Eden.fts [TYPE] LIGHT [OBJ] 2MASS_J08533619-0329321 [RA] 08 53 36.1607 [Dec] -03 29 32.2013 [FIL] GG495 [EXPTIME] 60.0 [Date] 2022-02-05 [Time] 14:56:46
168/370 2MASS_J08533619-0329321-20220205@145751-Eden.fts [TYPE] LIGHT [OBJ] 2MASS_J08533619-0329321 [RA] 08 53 36.1607 [Dec] -03 29 32.2013 [FIL] GG495 [EXPTIME] 60.0 [Date] 2022-02-05 [Time] 14:57:51
169/370 2MASS_J08533619-0329321-20220205@145857-Eden.fts [TYPE] LIGHT [OBJ] 2MASS_J08533619-0329321 [RA] 08 53 36.1607 [Dec] -03 29 32.2013 [FIL] GG495 [EXPTIME] 60.0 [Date] 2022-02-05 [Time] 14:58:57
170/370 2MASS_J08533619-0329321-20220205@150002-Eden.fts [TYPE] LIGHT [OBJ] 2MASS_J08533619-0329321 [RA] 08 53 36.1607 [Dec] -03 29 32.2013 [FIL] GG495 [EXPTIME] 60.0 [Date] 2022-02-05 [Time] 15:00:02
171/370 2MASS_J08533619-0329321-20220205@150106-Eden.fts [TYPE] LIGHT [OBJ] 2MASS_J08533619-0329321 [RA] 08 53 36.1607 [Dec] -03 29 32.2013 [FIL] GG495 [EXPTIME] 60.0 [Date] 2022-02-05 [Time] 15:01:06
172/370 2MASS_J08533619-0329321-20220205@150212-Eden.fts [TYPE] LIGHT [OBJ] 2MASS_J08533619-0329321 [RA] 08 53 36.1607 [Dec] -03 29 32.2013 [FIL] GG495 [EXPTIME] 60.0 [Date] 2022-02-05 [Time] 15:02:12
173/370 2MASS_J08533619-0329321-20220205@150317-Eden.fts [TYPE] LIGHT [OBJ] 2MASS_J08533619-0329321 [RA] 08 53 36.1607 [Dec] -03 29 32.2013 [FIL] GG495 [EXPTIME] 60.0 [Date] 2022-02-05 [Time] 15:03:17
174/370 2MASS_J08533619-0329321-20220205@150422-Eden.fts [TYPE] LIGHT [OBJ] 2MASS_J08533619-0329321 [RA] 08 53 36.1607 [Dec] -03 29 32.2013 [FIL] GG495 [EXPTIME] 60.0 [Date] 2022-02-05 [Time] 15:04:22
175/370 2MASS_J08533619-0329321-20220205@150527-Eden.fts [TYPE] LIGHT [OBJ] 2MASS_J08533619-0329321 [RA] 08 53 36.1607 [Dec] -03 29 32.2013 [FIL] GG495 [EXPTIME] 60.0 [Date] 2022-02-05 [Time] 15:05:27
176/370 2MASS_J08533619-0329321-20220205@150632-Eden.fts [TYPE] LIGHT [OBJ] 2MASS_J08533619-0329321 [RA] 08 53 36.1607 [Dec] -03 29 32.2013 [FIL] GG495 [EXPTIME] 60.0 [Date] 2022-02-05 [Time] 15:06:32
177/370 2MASS_J08533619-0329321-20220205@150737-Eden.fts [TYPE] LIGHT [OBJ] 2MASS_J08533619-0329321 [RA] 08 53 36.1607 [Dec] -03 29 32.2013 [FIL] GG495 [EXPTIME] 60.0 [Date] 2022-02-05 [Time] 15:07:37
178/370 2MASS_J08533619-0329321-20220205@150843-Eden.fts [TYPE] LIGHT [OBJ] 2MASS_J08533619-0329321 [RA] 08 53 36.1607 [Dec] -03 29 32.2013 [FIL] GG495 [EXPTIME] 60.0 [Date] 2022-02-05 [Time] 15:08:43
179/370 2MASS_J08533619-0329321-20220205@150948-Eden.fts [TYPE] LIGHT [OBJ] 2MASS_J08533619-0329321 [RA] 08 53 36.1607 [Dec] -03 29 32.2013 [FIL] GG495 [EXPTIME] 60.0 [Date] 2022-02-05 [Time] 15:09:48
180/370 2MASS_J08533619-0329321-20220205@151053-Eden.fts [TYPE] LIGHT [OBJ] 2MASS_J08533619-0329321 [RA] 08 53 36.1607 [Dec] -03 29 32.2013 [FIL] GG495 [EXPTIME] 60.0 [Date] 2022-02-05 [Time] 15:10:53
181/370 2MASS_J08533619-0329321-20220205@151158-Eden.fts [TYPE] LIGHT [OBJ] 2MASS_J08533619-0329321 [RA] 08 53 36.1607 [Dec] -03 29 32.2013 [FIL] GG495 [EXPTIME] 60.0 [Date] 2022-02-05 [Time] 15:11:58
182/370 2MASS_J08533619-0329321-20220205@151303-Eden.fts [TYPE] LIGHT [OBJ] 2MASS_J08533619-0329321 [RA] 08 53 36.1607 [Dec] -03 29 32.2013 [FIL] GG495 [EXPTIME] 60.0 [Date] 2022-02-05 [Time] 15:13:03
183/370 2MASS_J08533619-0329321-20220205@151408-Eden.fts [TYPE] LIGHT [OBJ] 2MASS_J08533619-0329321 [RA] 08 53 36.1607 [Dec] -03 29 32.2013 [FIL] GG495 [EXPTIME] 60.0 [Date] 2022-02-05 [Time] 15:14:08
184/370 2MASS_J08533619-0329321-20220205@151513-Eden.fts [TYPE] LIGHT [OBJ] 2MASS_J08533619-0329321 [RA] 08 53 36.1607 [Dec] -03 29 32.2013 [FIL] GG495 [EXPTIME] 60.0 [Date] 2022-02-05 [Time] 15:15:13
185/370 2MASS_J08533619-0329321-20220205@151618-Eden.fts [TYPE] LIGHT [OBJ] 2MASS_J08533619-0329321 [RA] 08 53 36.1607 [Dec] -03 29 32.2013 [FIL] GG495 [EXPTIME] 60.0 [Date] 2022-02-05 [Time] 15:16:18
186/370 2MASS_J08533619-0329321-20220205@151723-Eden.fts [TYPE] LIGHT [OBJ] 2MASS_J08533619-0329321 [RA] 08 53 36.1607 [Dec] -03 29 32.2013 [FIL] GG495 [EXPTIME] 60.0 [Date] 2022-02-05 [Time] 15:17:23
187/370 2MASS_J08533619-0329321-20220205@151828-Eden.fts [TYPE] LIGHT [OBJ] 2MASS_J08533619-0329321 [RA] 08 53 36.1607 [Dec] -03 29 32.2013 [FIL] GG495 [EXPTIME] 60.0 [Date] 2022-02-05 [Time] 15:18:28
188/370 2MASS_J08533619-0329321-20220205@151933-Eden.fts [TYPE] LIGHT [OBJ] 2MASS_J08533619-0329321 [RA] 08 53 36.1607 [Dec] -03 29 32.2013 [FIL] GG495 [EXPTIME] 60.0 [Date] 2022-02-05 [Time] 15:19:33
189/370 2MASS_J08533619-0329321-20220205@152038-Eden.fts [TYPE] LIGHT [OBJ] 2MASS_J08533619-0329321 [RA] 08 53 36.1607 [Dec] -03 29 32.2013 [FIL] GG495 [EXPTIME] 60.0 [Date] 2022-02-05 [Time] 15:20:38
190/370 2MASS_J08533619-0329321-20220205@152143-Eden.fts [TYPE] LIGHT [OBJ] 2MASS_J08533619-0329321 [RA] 08 53 36.1607 [Dec] -03 29 32.2013 [FIL] GG495 [EXPTIME] 60.0 [Date] 2022-02-05 [Time] 15:21:43
191/370 2MASS_J08533619-0329321-20220205@152248-Eden.fts [TYPE] LIGHT [OBJ] 2MASS_J08533619-0329321 [RA] 08 53 36.1607 [Dec] -03 29 32.2013 [FIL] GG495 [EXPTIME] 60.0 [Date] 2022-02-05 [Time] 15:22:48
192/370 2MASS_J08533619-0329321-20220205@152353-Eden.fts [TYPE] LIGHT [OBJ] 2MASS_J08533619-0329321 [RA] 08 53 36.1607 [Dec] -03 29 32.2013 [FIL] GG495 [EXPTIME] 60.0 [Date] 2022-02-05 [Time] 15:23:53
193/370 2MASS_J08533619-0329321-20220205@152458-Eden.fts [TYPE] LIGHT [OBJ] 2MASS_J08533619-0329321 [RA] 08 53 36.1607 [Dec] -03 29 32.2013 [FIL] GG495 [EXPTIME] 60.0 [Date] 2022-02-05 [Time] 15:24:58
194/370 2MASS_J08533619-0329321-20220205@152604-Eden.fts [TYPE] LIGHT [OBJ] 2MASS_J08533619-0329321 [RA] 08 53 36.1607 [Dec] -03 29 32.2013 [FIL] GG495 [EXPTIME] 60.0 [Date] 2022-02-05 [Time] 15:26:04
195/370 2MASS_J08533619-0329321-20220205@152708-Eden.fts [TYPE] LIGHT [OBJ] 2MASS_J08533619-0329321 [RA] 08 53 36.1607 [Dec] -03 29 32.2013 [FIL] GG495 [EXPTIME] 60.0 [Date] 2022-02-05 [Time] 15:27:08
196/370 2MASS_J08533619-0329321-20220205@152813-Eden.fts [TYPE] LIGHT [OBJ] 2MASS_J08533619-0329321 [RA] 08 53 36.1607 [Dec] -03 29 32.2013 [FIL] GG495 [EXPTIME] 60.0 [Date] 2022-02-05 [Time] 15:28:13
197/370 2MASS_J08533619-0329321-20220205@152918-Eden.fts [TYPE] LIGHT [OBJ] 2MASS_J08533619-0329321 [RA] 08 53 36.1607 [Dec] -03 29 32.2013 [FIL] GG495 [EXPTIME] 60.0 [Date] 2022-02-05 [Time] 15:29:18
198/370 2MASS_J08533619-0329321-20220205@153023-Eden.fts [TYPE] LIGHT [OBJ] 2MASS_J08533619-0329321 [RA] 08 53 36.1607 [Dec] -03 29 32.2013 [FIL] GG495 [EXPTIME] 60.0 [Date] 2022-02-05 [Time] 15:30:23
199/370 2MASS_J08533619-0329321-20220205@153129-Eden.fts [TYPE] LIGHT [OBJ] 2MASS_J08533619-0329321 [RA] 08 53 36.1607 [Dec] -03 29 32.2013 [FIL] GG495 [EXPTIME] 60.0 [Date] 2022-02-05 [Time] 15:31:29
200/370 2MASS_J08533619-0329321-20220205@153234-Eden.fts [TYPE] LIGHT [OBJ] 2MASS_J08533619-0329321 [RA] 08 53 36.1607 [Dec] -03 29 32.2013 [FIL] GG495 [EXPTIME] 60.0 [Date] 2022-02-05 [Time] 15:32:34
201/370 2MASS_J08533619-0329321-20220205@153339-Eden.fts [TYPE] LIGHT [OBJ] 2MASS_J08533619-0329321 [RA] 08 53 36.1607 [Dec] -03 29 32.2013 [FIL] GG495 [EXPTIME] 60.0 [Date] 2022-02-05 [Time] 15:33:39
202/370 2MASS_J08533619-0329321-20220205@153444-Eden.fts [TYPE] LIGHT [OBJ] 2MASS_J08533619-0329321 [RA] 08 53 36.1607 [Dec] -03 29 32.2013 [FIL] GG495 [EXPTIME] 60.0 [Date] 2022-02-05 [Time] 15:34:44
203/370 2MASS_J08533619-0329321-20220205@153549-Eden.fts [TYPE] LIGHT [OBJ] 2MASS_J08533619-0329321 [RA] 08 53 36.1607 [Dec] -03 29 32.2013 [FIL] GG495 [EXPTIME] 60.0 [Date] 2022-02-05 [Time] 15:35:49
204/370 2MASS_J08533619-0329321-20220205@153654-Eden.fts [TYPE] LIGHT [OBJ] 2MASS_J08533619-0329321 [RA] 08 53 36.1607 [Dec] -03 29 32.2013 [FIL] GG495 [EXPTIME] 60.0 [Date] 2022-02-05 [Time] 15:36:54
205/370 2MASS_J08533619-0329321-20220205@153759-Eden.fts [TYPE] LIGHT [OBJ] 2MASS_J08533619-0329321 [RA] 08 53 36.1607 [Dec] -03 29 32.2013 [FIL] GG495 [EXPTIME] 60.0 [Date] 2022-02-05 [Time] 15:37:59
206/370 2MASS_J08533619-0329321-20220205@153904-Eden.fts [TYPE] LIGHT [OBJ] 2MASS_J08533619-0329321 [RA] 08 53 36.1607 [Dec] -03 29 32.2013 [FIL] GG495 [EXPTIME] 60.0 [Date] 2022-02-05 [Time] 15:39:04
207/370 2MASS_J08533619-0329321-20220205@154009-Eden.fts [TYPE] LIGHT [OBJ] 2MASS_J08533619-0329321 [RA] 08 53 36.1607 [Dec] -03 29 32.2013 [FIL] GG495 [EXPTIME] 60.0 [Date] 2022-02-05 [Time] 15:40:09
208/370 2MASS_J08533619-0329321-20220205@154114-Eden.fts [TYPE] LIGHT [OBJ] 2MASS_J08533619-0329321 [RA] 08 53 36.1607 [Dec] -03 29 32.2013 [FIL] GG495 [EXPTIME] 60.0 [Date] 2022-02-05 [Time] 15:41:14
209/370 2MASS_J08533619-0329321-20220205@154219-Eden.fts [TYPE] LIGHT [OBJ] 2MASS_J08533619-0329321 [RA] 08 53 36.1607 [Dec] -03 29 32.2013 [FIL] GG495 [EXPTIME] 60.0 [Date] 2022-02-05 [Time] 15:42:19
210/370 2MASS_J08533619-0329321-20220205@154324-Eden.fts [TYPE] LIGHT [OBJ] 2MASS_J08533619-0329321 [RA] 08 53 36.1607 [Dec] -03 29 32.2013 [FIL] GG495 [EXPTIME] 60.0 [Date] 2022-02-05 [Time] 15:43:24
211/370 2MASS_J08533619-0329321-20220205@154429-Eden.fts [TYPE] LIGHT [OBJ] 2MASS_J08533619-0329321 [RA] 08 53 36.1607 [Dec] -03 29 32.2013 [FIL] GG495 [EXPTIME] 60.0 [Date] 2022-02-05 [Time] 15:44:29
212/370 2MASS_J08533619-0329321-20220205@154534-Eden.fts [TYPE] LIGHT [OBJ] 2MASS_J08533619-0329321 [RA] 08 53 36.1607 [Dec] -03 29 32.2013 [FIL] GG495 [EXPTIME] 60.0 [Date] 2022-02-05 [Time] 15:45:34
213/370 2MASS_J08533619-0329321-20220205@154639-Eden.fts [TYPE] LIGHT [OBJ] 2MASS_J08533619-0329321 [RA] 08 53 36.1607 [Dec] -03 29 32.2013 [FIL] GG495 [EXPTIME] 60.0 [Date] 2022-02-05 [Time] 15:46:39
214/370 2MASS_J08533619-0329321-20220205@154744-Eden.fts [TYPE] LIGHT [OBJ] 2MASS_J08533619-0329321 [RA] 08 53 36.1607 [Dec] -03 29 32.2013 [FIL] GG495 [EXPTIME] 60.0 [Date] 2022-02-05 [Time] 15:47:44
215/370 2MASS_J08533619-0329321-20220205@154849-Eden.fts [TYPE] LIGHT [OBJ] 2MASS_J08533619-0329321 [RA] 08 53 36.1607 [Dec] -03 29 32.2013 [FIL] GG495 [EXPTIME] 60.0 [Date] 2022-02-05 [Time] 15:48:49
216/370 2MASS_J08533619-0329321-20220205@154954-Eden.fts [TYPE] LIGHT [OBJ] 2MASS_J08533619-0329321 [RA] 08 53 36.1607 [Dec] -03 29 32.2013 [FIL] GG495 [EXPTIME] 60.0 [Date] 2022-02-05 [Time] 15:49:54
217/370 2MASS_J08533619-0329321-20220205@155059-Eden.fts [TYPE] LIGHT [OBJ] 2MASS_J08533619-0329321 [RA] 08 53 36.1607 [Dec] -03 29 32.2013 [FIL] GG495 [EXPTIME] 60.0 [Date] 2022-02-05 [Time] 15:50:59
218/370 2MASS_J08533619-0329321-20220205@155204-Eden.fts [TYPE] LIGHT [OBJ] 2MASS_J08533619-0329321 [RA] 08 53 36.1607 [Dec] -03 29 32.2013 [FIL] GG495 [EXPTIME] 60.0 [Date] 2022-02-05 [Time] 15:52:04
219/370 2MASS_J08533619-0329321-20220205@155309-Eden.fts [TYPE] LIGHT [OBJ] 2MASS_J08533619-0329321 [RA] 08 53 36.1607 [Dec] -03 29 32.2013 [FIL] GG495 [EXPTIME] 60.0 [Date] 2022-02-05 [Time] 15:53:09
220/370 2MASS_J08533619-0329321-20220205@155414-Eden.fts [TYPE] LIGHT [OBJ] 2MASS_J08533619-0329321 [RA] 08 53 36.1607 [Dec] -03 29 32.2013 [FIL] GG495 [EXPTIME] 60.0 [Date] 2022-02-05 [Time] 15:54:14
221/370 2MASS_J08533619-0329321-20220205@155519-Eden.fts [TYPE] LIGHT [OBJ] 2MASS_J08533619-0329321 [RA] 08 53 36.1607 [Dec] -03 29 32.2013 [FIL] GG495 [EXPTIME] 60.0 [Date] 2022-02-05 [Time] 15:55:19
222/370 2MASS_J08533619-0329321-20220205@155624-Eden.fts [TYPE] LIGHT [OBJ] 2MASS_J08533619-0329321 [RA] 08 53 36.1607 [Dec] -03 29 32.2013 [FIL] GG495 [EXPTIME] 60.0 [Date] 2022-02-05 [Time] 15:56:24
223/370 2MASS_J08533619-0329321-20220205@155729-Eden.fts [TYPE] LIGHT [OBJ] 2MASS_J08533619-0329321 [RA] 08 53 36.1607 [Dec] -03 29 32.2013 [FIL] GG495 [EXPTIME] 60.0 [Date] 2022-02-05 [Time] 15:57:29
224/370 2MASS_J08533619-0329321-20220205@155834-Eden.fts [TYPE] LIGHT [OBJ] 2MASS_J08533619-0329321 [RA] 08 53 36.1607 [Dec] -03 29 32.2013 [FIL] GG495 [EXPTIME] 60.0 [Date] 2022-02-05 [Time] 15:58:34
225/370 2MASS_J08533619-0329321-20220205@155939-Eden.fts [TYPE] LIGHT [OBJ] 2MASS_J08533619-0329321 [RA] 08 53 36.1607 [Dec] -03 29 32.2013 [FIL] GG495 [EXPTIME] 60.0 [Date] 2022-02-05 [Time] 15:59:39
226/370 2MASS_J08533619-0329321-20220205@160044-Eden.fts [TYPE] LIGHT [OBJ] 2MASS_J08533619-0329321 [RA] 08 53 36.1607 [Dec] -03 29 32.2013 [FIL] GG495 [EXPTIME] 60.0 [Date] 2022-02-05 [Time] 16:00:44
227/370 2MASS_J08533619-0329321-20220205@160149-Eden.fts [TYPE] LIGHT [OBJ] 2MASS_J08533619-0329321 [RA] 08 53 36.1607 [Dec] -03 29 32.2013 [FIL] GG495 [EXPTIME] 60.0 [Date] 2022-02-05 [Time] 16:01:49
228/370 2MASS_J08533619-0329321-20220205@160254-Eden.fts [TYPE] LIGHT [OBJ] 2MASS_J08533619-0329321 [RA] 08 53 36.1607 [Dec] -03 29 32.2013 [FIL] GG495 [EXPTIME] 60.0 [Date] 2022-02-05 [Time] 16:02:54
229/370 2MASS_J08533619-0329321-20220205@160359-Eden.fts [TYPE] LIGHT [OBJ] 2MASS_J08533619-0329321 [RA] 08 53 36.1607 [Dec] -03 29 32.2013 [FIL] GG495 [EXPTIME] 60.0 [Date] 2022-02-05 [Time] 16:03:59
230/370 2MASS_J08533619-0329321-20220205@160504-Eden.fts [TYPE] LIGHT [OBJ] 2MASS_J08533619-0329321 [RA] 08 53 36.1607 [Dec] -03 29 32.2013 [FIL] GG495 [EXPTIME] 60.0 [Date] 2022-02-05 [Time] 16:05:04
231/370 2MASS_J08533619-0329321-20220205@160609-Eden.fts [TYPE] LIGHT [OBJ] 2MASS_J08533619-0329321 [RA] 08 53 36.1607 [Dec] -03 29 32.2013 [FIL] GG495 [EXPTIME] 60.0 [Date] 2022-02-05 [Time] 16:06:09
232/370 2MASS_J08533619-0329321-20220205@160714-Eden.fts [TYPE] LIGHT [OBJ] 2MASS_J08533619-0329321 [RA] 08 53 36.1607 [Dec] -03 29 32.2013 [FIL] GG495 [EXPTIME] 60.0 [Date] 2022-02-05 [Time] 16:07:14
233/370 2MASS_J08533619-0329321-20220205@160819-Eden.fts [TYPE] LIGHT [OBJ] 2MASS_J08533619-0329321 [RA] 08 53 36.1607 [Dec] -03 29 32.2013 [FIL] GG495 [EXPTIME] 60.0 [Date] 2022-02-05 [Time] 16:08:19
234/370 2MASS_J08533619-0329321-20220205@160924-Eden.fts [TYPE] LIGHT [OBJ] 2MASS_J08533619-0329321 [RA] 08 53 36.1607 [Dec] -03 29 32.2013 [FIL] GG495 [EXPTIME] 60.0 [Date] 2022-02-05 [Time] 16:09:24
235/370 2MASS_J08533619-0329321-20220205@161029-Eden.fts [TYPE] LIGHT [OBJ] 2MASS_J08533619-0329321 [RA] 08 53 36.1607 [Dec] -03 29 32.2013 [FIL] GG495 [EXPTIME] 60.0 [Date] 2022-02-05 [Time] 16:10:29
236/370 2MASS_J08533619-0329321-20220205@161134-Eden.fts [TYPE] LIGHT [OBJ] 2MASS_J08533619-0329321 [RA] 08 53 36.1607 [Dec] -03 29 32.2013 [FIL] GG495 [EXPTIME] 60.0 [Date] 2022-02-05 [Time] 16:11:34
237/370 2MASS_J08533619-0329321-20220205@161239-Eden.fts [TYPE] LIGHT [OBJ] 2MASS_J08533619-0329321 [RA] 08 53 36.1607 [Dec] -03 29 32.2013 [FIL] GG495 [EXPTIME] 60.0 [Date] 2022-02-05 [Time] 16:12:39
238/370 2MASS_J08533619-0329321-20220205@161344-Eden.fts [TYPE] LIGHT [OBJ] 2MASS_J08533619-0329321 [RA] 08 53 36.1607 [Dec] -03 29 32.2013 [FIL] GG495 [EXPTIME] 60.0 [Date] 2022-02-05 [Time] 16:13:44
239/370 2MASS_J08533619-0329321-20220205@161449-Eden.fts [TYPE] LIGHT [OBJ] 2MASS_J08533619-0329321 [RA] 08 53 36.1607 [Dec] -03 29 32.2013 [FIL] GG495 [EXPTIME] 60.0 [Date] 2022-02-05 [Time] 16:14:49
240/370 2MASS_J08533619-0329321-20220205@161554-Eden.fts [TYPE] LIGHT [OBJ] 2MASS_J08533619-0329321 [RA] 08 53 36.1607 [Dec] -03 29 32.2013 [FIL] GG495 [EXPTIME] 60.0 [Date] 2022-02-05 [Time] 16:15:54
241/370 2MASS_J08533619-0329321-20220205@161700-Eden.fts [TYPE] LIGHT [OBJ] 2MASS_J08533619-0329321 [RA] 08 53 36.1607 [Dec] -03 29 32.2013 [FIL] GG495 [EXPTIME] 60.0 [Date] 2022-02-05 [Time] 16:17:00
242/370 2MASS_J08533619-0329321-20220205@161804-Eden.fts [TYPE] LIGHT [OBJ] 2MASS_J08533619-0329321 [RA] 08 53 36.1607 [Dec] -03 29 32.2013 [FIL] GG495 [EXPTIME] 60.0 [Date] 2022-02-05 [Time] 16:18:04
243/370 2MASS_J08533619-0329321-20220205@161909-Eden.fts [TYPE] LIGHT [OBJ] 2MASS_J08533619-0329321 [RA] 08 53 36.1607 [Dec] -03 29 32.2013 [FIL] GG495 [EXPTIME] 60.0 [Date] 2022-02-05 [Time] 16:19:09
244/370 2MASS_J08533619-0329321-20220205@162014-Eden.fts [TYPE] LIGHT [OBJ] 2MASS_J08533619-0329321 [RA] 08 53 36.1607 [Dec] -03 29 32.2013 [FIL] GG495 [EXPTIME] 60.0 [Date] 2022-02-05 [Time] 16:20:14
245/370 2MASS_J08533619-0329321-20220205@162119-Eden.fts [TYPE] LIGHT [OBJ] 2MASS_J08533619-0329321 [RA] 08 53 36.1607 [Dec] -03 29 32.2013 [FIL] GG495 [EXPTIME] 60.0 [Date] 2022-02-05 [Time] 16:21:19
246/370 2MASS_J08533619-0329321-20220205@162224-Eden.fts [TYPE] LIGHT [OBJ] 2MASS_J08533619-0329321 [RA] 08 53 36.1607 [Dec] -03 29 32.2013 [FIL] GG495 [EXPTIME] 60.0 [Date] 2022-02-05 [Time] 16:22:24
247/370 2MASS_J08533619-0329321-20220205@162329-Eden.fts [TYPE] LIGHT [OBJ] 2MASS_J08533619-0329321 [RA] 08 53 36.1607 [Dec] -03 29 32.2013 [FIL] GG495 [EXPTIME] 60.0 [Date] 2022-02-05 [Time] 16:23:29
248/370 2MASS_J08533619-0329321-20220205@162434-Eden.fts [TYPE] LIGHT [OBJ] 2MASS_J08533619-0329321 [RA] 08 53 36.1607 [Dec] -03 29 32.2013 [FIL] GG495 [EXPTIME] 60.0 [Date] 2022-02-05 [Time] 16:24:34
249/370 2MASS_J08533619-0329321-20220205@162539-Eden.fts [TYPE] LIGHT [OBJ] 2MASS_J08533619-0329321 [RA] 08 53 36.1607 [Dec] -03 29 32.2013 [FIL] GG495 [EXPTIME] 60.0 [Date] 2022-02-05 [Time] 16:25:39
250/370 2MASS_J08533619-0329321-20220205@162645-Eden.fts [TYPE] LIGHT [OBJ] 2MASS_J08533619-0329321 [RA] 08 53 36.1607 [Dec] -03 29 32.2013 [FIL] GG495 [EXPTIME] 60.0 [Date] 2022-02-05 [Time] 16:26:45
251/370 2MASS_J08533619-0329321-20220205@162750-Eden.fts [TYPE] LIGHT [OBJ] 2MASS_J08533619-0329321 [RA] 08 53 36.1607 [Dec] -03 29 32.2013 [FIL] GG495 [EXPTIME] 60.0 [Date] 2022-02-05 [Time] 16:27:50
252/370 2MASS_J08533619-0329321-20220205@162855-Eden.fts [TYPE] LIGHT [OBJ] 2MASS_J08533619-0329321 [RA] 08 53 36.1607 [Dec] -03 29 32.2013 [FIL] GG495 [EXPTIME] 60.0 [Date] 2022-02-05 [Time] 16:28:55
253/370 2MASS_J08533619-0329321-20220205@163000-Eden.fts [TYPE] LIGHT [OBJ] 2MASS_J08533619-0329321 [RA] 08 53 36.1607 [Dec] -03 29 32.2013 [FIL] GG495 [EXPTIME] 60.0 [Date] 2022-02-05 [Time] 16:30:00
254/370 2MASS_J08533619-0329321-20220205@163105-Eden.fts [TYPE] LIGHT [OBJ] 2MASS_J08533619-0329321 [RA] 08 53 36.1607 [Dec] -03 29 32.2013 [FIL] GG495 [EXPTIME] 60.0 [Date] 2022-02-05 [Time] 16:31:05
255/370 2MASS_J08533619-0329321-20220205@163210-Eden.fts [TYPE] LIGHT [OBJ] 2MASS_J08533619-0329321 [RA] 08 53 36.1607 [Dec] -03 29 32.2013 [FIL] GG495 [EXPTIME] 60.0 [Date] 2022-02-05 [Time] 16:32:10
256/370 2MASS_J08533619-0329321-20220205@163315-Eden.fts [TYPE] LIGHT [OBJ] 2MASS_J08533619-0329321 [RA] 08 53 36.1607 [Dec] -03 29 32.2013 [FIL] GG495 [EXPTIME] 60.0 [Date] 2022-02-05 [Time] 16:33:15
257/370 2MASS_J08533619-0329321-20220205@163420-Eden.fts [TYPE] LIGHT [OBJ] 2MASS_J08533619-0329321 [RA] 08 53 36.1607 [Dec] -03 29 32.2013 [FIL] GG495 [EXPTIME] 60.0 [Date] 2022-02-05 [Time] 16:34:20
258/370 2MASS_J08533619-0329321-20220205@163525-Eden.fts [TYPE] LIGHT [OBJ] 2MASS_J08533619-0329321 [RA] 08 53 36.1607 [Dec] -03 29 32.2013 [FIL] GG495 [EXPTIME] 60.0 [Date] 2022-02-05 [Time] 16:35:25
259/370 2MASS_J08533619-0329321-20220205@163631-Eden.fts [TYPE] LIGHT [OBJ] 2MASS_J08533619-0329321 [RA] 08 53 36.1607 [Dec] -03 29 32.2013 [FIL] GG495 [EXPTIME] 60.0 [Date] 2022-02-05 [Time] 16:36:31
260/370 2MASS_J08533619-0329321-20220205@163735-Eden.fts [TYPE] LIGHT [OBJ] 2MASS_J08533619-0329321 [RA] 08 53 36.1607 [Dec] -03 29 32.2013 [FIL] GG495 [EXPTIME] 60.0 [Date] 2022-02-05 [Time] 16:37:35
261/370 2MASS_J08533619-0329321-20220205@163840-Eden.fts [TYPE] LIGHT [OBJ] 2MASS_J08533619-0329321 [RA] 08 53 36.1607 [Dec] -03 29 32.2013 [FIL] GG495 [EXPTIME] 60.0 [Date] 2022-02-05 [Time] 16:38:40
262/370 2MASS_J08533619-0329321-20220205@163945-Eden.fts [TYPE] LIGHT [OBJ] 2MASS_J08533619-0329321 [RA] 08 53 36.1607 [Dec] -03 29 32.2013 [FIL] GG495 [EXPTIME] 60.0 [Date] 2022-02-05 [Time] 16:39:45
263/370 2MASS_J08533619-0329321-20220205@164050-Eden.fts [TYPE] LIGHT [OBJ] 2MASS_J08533619-0329321 [RA] 08 53 36.1607 [Dec] -03 29 32.2013 [FIL] GG495 [EXPTIME] 60.0 [Date] 2022-02-05 [Time] 16:40:50
264/370 2MASS_J08533619-0329321-20220205@164155-Eden.fts [TYPE] LIGHT [OBJ] 2MASS_J08533619-0329321 [RA] 08 53 36.1607 [Dec] -03 29 32.2013 [FIL] GG495 [EXPTIME] 60.0 [Date] 2022-02-05 [Time] 16:41:55
265/370 2MASS_J08533619-0329321-20220205@164300-Eden.fts [TYPE] LIGHT [OBJ] 2MASS_J08533619-0329321 [RA] 08 53 36.1607 [Dec] -03 29 32.2013 [FIL] GG495 [EXPTIME] 60.0 [Date] 2022-02-05 [Time] 16:43:00
266/370 2MASS_J08533619-0329321-20220205@164405-Eden.fts [TYPE] LIGHT [OBJ] 2MASS_J08533619-0329321 [RA] 08 53 36.1607 [Dec] -03 29 32.2013 [FIL] GG495 [EXPTIME] 60.0 [Date] 2022-02-05 [Time] 16:44:05
267/370 2MASS_J08533619-0329321-20220205@164510-Eden.fts [TYPE] LIGHT [OBJ] 2MASS_J08533619-0329321 [RA] 08 53 36.1607 [Dec] -03 29 32.2013 [FIL] GG495 [EXPTIME] 60.0 [Date] 2022-02-05 [Time] 16:45:10
268/370 2MASS_J08533619-0329321-20220205@164615-Eden.fts [TYPE] LIGHT [OBJ] 2MASS_J08533619-0329321 [RA] 08 53 36.1607 [Dec] -03 29 32.2013 [FIL] GG495 [EXPTIME] 60.0 [Date] 2022-02-05 [Time] 16:46:15
269/370 2MASS_J08533619-0329321-20220205@164720-Eden.fts [TYPE] LIGHT [OBJ] 2MASS_J08533619-0329321 [RA] 08 53 36.1607 [Dec] -03 29 32.2013 [FIL] GG495 [EXPTIME] 60.0 [Date] 2022-02-05 [Time] 16:47:20
270/370 2MASS_J08533619-0329321-20220205@164825-Eden.fts [TYPE] LIGHT [OBJ] 2MASS_J08533619-0329321 [RA] 08 53 36.1607 [Dec] -03 29 32.2013 [FIL] GG495 [EXPTIME] 60.0 [Date] 2022-02-05 [Time] 16:48:25
271/370 2MASS_J08533619-0329321-20220205@164930-Eden.fts [TYPE] LIGHT [OBJ] 2MASS_J08533619-0329321 [RA] 08 53 36.1607 [Dec] -03 29 32.2013 [FIL] GG495 [EXPTIME] 60.0 [Date] 2022-02-05 [Time] 16:49:30
272/370 2MASS_J08533619-0329321-20220205@165035-Eden.fts [TYPE] LIGHT [OBJ] 2MASS_J08533619-0329321 [RA] 08 53 36.1607 [Dec] -03 29 32.2013 [FIL] GG495 [EXPTIME] 60.0 [Date] 2022-02-05 [Time] 16:50:35
273/370 2MASS_J08533619-0329321-20220205@165140-Eden.fts [TYPE] LIGHT [OBJ] 2MASS_J08533619-0329321 [RA] 08 53 36.1607 [Dec] -03 29 32.2013 [FIL] GG495 [EXPTIME] 60.0 [Date] 2022-02-05 [Time] 16:51:40
274/370 2MASS_J08533619-0329321-20220205@165245-Eden.fts [TYPE] LIGHT [OBJ] 2MASS_J08533619-0329321 [RA] 08 53 36.1607 [Dec] -03 29 32.2013 [FIL] GG495 [EXPTIME] 60.0 [Date] 2022-02-05 [Time] 16:52:45
275/370 2MASS_J08533619-0329321-20220205@165350-Eden.fts [TYPE] LIGHT [OBJ] 2MASS_J08533619-0329321 [RA] 08 53 36.1607 [Dec] -03 29 32.2013 [FIL] GG495 [EXPTIME] 60.0 [Date] 2022-02-05 [Time] 16:53:50
276/370 2MASS_J08533619-0329321-20220205@165455-Eden.fts [TYPE] LIGHT [OBJ] 2MASS_J08533619-0329321 [RA] 08 53 36.1607 [Dec] -03 29 32.2013 [FIL] GG495 [EXPTIME] 60.0 [Date] 2022-02-05 [Time] 16:54:55
277/370 2MASS_J08533619-0329321-20220205@165600-Eden.fts [TYPE] LIGHT [OBJ] 2MASS_J08533619-0329321 [RA] 08 53 36.1607 [Dec] -03 29 32.2013 [FIL] GG495 [EXPTIME] 60.0 [Date] 2022-02-05 [Time] 16:56:00
278/370 2MASS_J08533619-0329321-20220205@165705-Eden.fts [TYPE] LIGHT [OBJ] 2MASS_J08533619-0329321 [RA] 08 53 36.1607 [Dec] -03 29 32.2013 [FIL] GG495 [EXPTIME] 60.0 [Date] 2022-02-05 [Time] 16:57:05
279/370 2MASS_J08533619-0329321-20220205@165810-Eden.fts [TYPE] LIGHT [OBJ] 2MASS_J08533619-0329321 [RA] 08 53 36.1607 [Dec] -03 29 32.2013 [FIL] GG495 [EXPTIME] 60.0 [Date] 2022-02-05 [Time] 16:58:10
280/370 2MASS_J08533619-0329321-20220205@165915-Eden.fts [TYPE] LIGHT [OBJ] 2MASS_J08533619-0329321 [RA] 08 53 36.1607 [Dec] -03 29 32.2013 [FIL] GG495 [EXPTIME] 60.0 [Date] 2022-02-05 [Time] 16:59:15
281/370 2MASS_J08533619-0329321-20220205@170020-Eden.fts [TYPE] LIGHT [OBJ] 2MASS_J08533619-0329321 [RA] 08 53 36.1607 [Dec] -03 29 32.2013 [FIL] GG495 [EXPTIME] 60.0 [Date] 2022-02-05 [Time] 17:00:20
282/370 2MASS_J08533619-0329321-20220205@170125-Eden.fts [TYPE] LIGHT [OBJ] 2MASS_J08533619-0329321 [RA] 08 53 36.1607 [Dec] -03 29 32.2013 [FIL] GG495 [EXPTIME] 60.0 [Date] 2022-02-05 [Time] 17:01:25
283/370 2MASS_J08533619-0329321-20220205@170230-Eden.fts [TYPE] LIGHT [OBJ] 2MASS_J08533619-0329321 [RA] 08 53 36.1607 [Dec] -03 29 32.2013 [FIL] GG495 [EXPTIME] 60.0 [Date] 2022-02-05 [Time] 17:02:30
284/370 2MASS_J08533619-0329321-20220205@170335-Eden.fts [TYPE] LIGHT [OBJ] 2MASS_J08533619-0329321 [RA] 08 53 36.1607 [Dec] -03 29 32.2013 [FIL] GG495 [EXPTIME] 60.0 [Date] 2022-02-05 [Time] 17:03:35
285/370 2MASS_J08533619-0329321-20220205@170440-Eden.fts [TYPE] LIGHT [OBJ] 2MASS_J08533619-0329321 [RA] 08 53 36.1607 [Dec] -03 29 32.2013 [FIL] GG495 [EXPTIME] 60.0 [Date] 2022-02-05 [Time] 17:04:40
286/370 2MASS_J08533619-0329321-20220205@170545-Eden.fts [TYPE] LIGHT [OBJ] 2MASS_J08533619-0329321 [RA] 08 53 36.1607 [Dec] -03 29 32.2013 [FIL] GG495 [EXPTIME] 60.0 [Date] 2022-02-05 [Time] 17:05:45
287/370 2MASS_J08533619-0329321-20220205@170650-Eden.fts [TYPE] LIGHT [OBJ] 2MASS_J08533619-0329321 [RA] 08 53 36.1607 [Dec] -03 29 32.2013 [FIL] GG495 [EXPTIME] 60.0 [Date] 2022-02-05 [Time] 17:06:50
288/370 2MASS_J08533619-0329321-20220205@170755-Eden.fts [TYPE] LIGHT [OBJ] 2MASS_J08533619-0329321 [RA] 08 53 36.1607 [Dec] -03 29 32.2013 [FIL] GG495 [EXPTIME] 60.0 [Date] 2022-02-05 [Time] 17:07:55
289/370 2MASS_J08533619-0329321-20220205@170900-Eden.fts [TYPE] LIGHT [OBJ] 2MASS_J08533619-0329321 [RA] 08 53 36.1607 [Dec] -03 29 32.2013 [FIL] GG495 [EXPTIME] 60.0 [Date] 2022-02-05 [Time] 17:09:00
290/370 2MASS_J08533619-0329321-20220205@171005-Eden.fts [TYPE] LIGHT [OBJ] 2MASS_J08533619-0329321 [RA] 08 53 36.1607 [Dec] -03 29 32.2013 [FIL] GG495 [EXPTIME] 60.0 [Date] 2022-02-05 [Time] 17:10:05
291/370 2MASS_J08533619-0329321-20220205@171129-Eden.fts [TYPE] LIGHT [OBJ] 2MASS_J08533619-0329321 [RA] 08 53 36.1607 [Dec] -03 29 32.2013 [FIL] GG495 [EXPTIME] 60.0 [Date] 2022-02-05 [Time] 17:11:29
292/370 2MASS_J08533619-0329321-20220205@171234-Eden.fts [TYPE] LIGHT [OBJ] 2MASS_J08533619-0329321 [RA] 08 53 36.1607 [Dec] -03 29 32.2013 [FIL] GG495 [EXPTIME] 60.0 [Date] 2022-02-05 [Time] 17:12:34
293/370 2MASS_J08533619-0329321-20220205@171406-Eden.fts [TYPE] LIGHT [OBJ] 2MASS_J08533619-0329321 [RA] 08 53 36.1607 [Dec] -03 29 32.2013 [FIL] GG495 [EXPTIME] 60.0 [Date] 2022-02-05 [Time] 17:14:06
294/370 2MASS_J08533619-0329321-20220205@171652-Eden.fts [TYPE] LIGHT [OBJ] 2MASS_J08533619-0329321 [RA] 08 53 36.1607 [Dec] -03 29 32.2013 [FIL] GG495 [EXPTIME] 60.0 [Date] 2022-02-05 [Time] 17:16:52
295/370 2MASS_J08533619-0329321-20220205@171756-Eden.fts [TYPE] LIGHT [OBJ] 2MASS_J08533619-0329321 [RA] 08 53 36.1607 [Dec] -03 29 32.2013 [FIL] GG495 [EXPTIME] 60.0 [Date] 2022-02-05 [Time] 17:17:56
296/370 2MASS_J08533619-0329321-20220205@171901-Eden.fts [TYPE] LIGHT [OBJ] 2MASS_J08533619-0329321 [RA] 08 53 36.1607 [Dec] -03 29 32.2013 [FIL] GG495 [EXPTIME] 60.0 [Date] 2022-02-05 [Time] 17:19:01
297/370 2MASS_J08533619-0329321-20220205@172006-Eden.fts [TYPE] LIGHT [OBJ] 2MASS_J08533619-0329321 [RA] 08 53 36.1607 [Dec] -03 29 32.2013 [FIL] GG495 [EXPTIME] 60.0 [Date] 2022-02-05 [Time] 17:20:06
298/370 2MASS_J08533619-0329321-20220205@172112-Eden.fts [TYPE] LIGHT [OBJ] 2MASS_J08533619-0329321 [RA] 08 53 36.1607 [Dec] -03 29 32.2013 [FIL] GG495 [EXPTIME] 60.0 [Date] 2022-02-05 [Time] 17:21:12
299/370 2MASS_J08533619-0329321-20220205@172216-Eden.fts [TYPE] LIGHT [OBJ] 2MASS_J08533619-0329321 [RA] 08 53 36.1607 [Dec] -03 29 32.2013 [FIL] GG495 [EXPTIME] 60.0 [Date] 2022-02-05 [Time] 17:22:16
300/370 2MASS_J08533619-0329321-20220205@172321-Eden.fts [TYPE] LIGHT [OBJ] 2MASS_J08533619-0329321 [RA] 08 53 36.1607 [Dec] -03 29 32.2013 [FIL] GG495 [EXPTIME] 60.0 [Date] 2022-02-05 [Time] 17:23:21
301/370 2MASS_J08533619-0329321-20220205@172426-Eden.fts [TYPE] LIGHT [OBJ] 2MASS_J08533619-0329321 [RA] 08 53 36.1607 [Dec] -03 29 32.2013 [FIL] GG495 [EXPTIME] 60.0 [Date] 2022-02-05 [Time] 17:24:26
302/370 2MASS_J08533619-0329321-20220205@172531-Eden.fts [TYPE] LIGHT [OBJ] 2MASS_J08533619-0329321 [RA] 08 53 36.1607 [Dec] -03 29 32.2013 [FIL] GG495 [EXPTIME] 60.0 [Date] 2022-02-05 [Time] 17:25:31
303/370 2MASS_J08533619-0329321-20220205@172636-Eden.fts [TYPE] LIGHT [OBJ] 2MASS_J08533619-0329321 [RA] 08 53 36.1607 [Dec] -03 29 32.2013 [FIL] GG495 [EXPTIME] 60.0 [Date] 2022-02-05 [Time] 17:26:36
304/370 2MASS_J08533619-0329321-20220205@172741-Eden.fts [TYPE] LIGHT [OBJ] 2MASS_J08533619-0329321 [RA] 08 53 36.1607 [Dec] -03 29 32.2013 [FIL] GG495 [EXPTIME] 60.0 [Date] 2022-02-05 [Time] 17:27:41
305/370 2MASS_J08533619-0329321-20220205@172846-Eden.fts [TYPE] LIGHT [OBJ] 2MASS_J08533619-0329321 [RA] 08 53 36.1607 [Dec] -03 29 32.2013 [FIL] GG495 [EXPTIME] 60.0 [Date] 2022-02-05 [Time] 17:28:46
306/370 2MASS_J08533619-0329321-20220205@172951-Eden.fts [TYPE] LIGHT [OBJ] 2MASS_J08533619-0329321 [RA] 08 53 36.1607 [Dec] -03 29 32.2013 [FIL] GG495 [EXPTIME] 60.0 [Date] 2022-02-05 [Time] 17:29:51
307/370 2MASS_J08533619-0329321-20220205@173056-Eden.fts [TYPE] LIGHT [OBJ] 2MASS_J08533619-0329321 [RA] 08 53 36.1607 [Dec] -03 29 32.2013 [FIL] GG495 [EXPTIME] 60.0 [Date] 2022-02-05 [Time] 17:30:56
308/370 2MASS_J08533619-0329321-20220205@173201-Eden.fts [TYPE] LIGHT [OBJ] 2MASS_J08533619-0329321 [RA] 08 53 36.1607 [Dec] -03 29 32.2013 [FIL] GG495 [EXPTIME] 60.0 [Date] 2022-02-05 [Time] 17:32:01
309/370 2MASS_J08533619-0329321-20220205@173306-Eden.fts [TYPE] LIGHT [OBJ] 2MASS_J08533619-0329321 [RA] 08 53 36.1607 [Dec] -03 29 32.2013 [FIL] GG495 [EXPTIME] 60.0 [Date] 2022-02-05 [Time] 17:33:06
310/370 2MASS_J08533619-0329321-20220205@173411-Eden.fts [TYPE] LIGHT [OBJ] 2MASS_J08533619-0329321 [RA] 08 53 36.1607 [Dec] -03 29 32.2013 [FIL] GG495 [EXPTIME] 60.0 [Date] 2022-02-05 [Time] 17:34:11
311/370 2MASS_J08533619-0329321-20220205@173516-Eden.fts [TYPE] LIGHT [OBJ] 2MASS_J08533619-0329321 [RA] 08 53 36.1607 [Dec] -03 29 32.2013 [FIL] GG495 [EXPTIME] 60.0 [Date] 2022-02-05 [Time] 17:35:16
312/370 2MASS_J08533619-0329321-20220205@173621-Eden.fts [TYPE] LIGHT [OBJ] 2MASS_J08533619-0329321 [RA] 08 53 36.1607 [Dec] -03 29 32.2013 [FIL] GG495 [EXPTIME] 60.0 [Date] 2022-02-05 [Time] 17:36:21
313/370 2MASS_J08533619-0329321-20220205@173726-Eden.fts [TYPE] LIGHT [OBJ] 2MASS_J08533619-0329321 [RA] 08 53 36.1607 [Dec] -03 29 32.2013 [FIL] GG495 [EXPTIME] 60.0 [Date] 2022-02-05 [Time] 17:37:26
314/370 2MASS_J08533619-0329321-20220205@173831-Eden.fts [TYPE] LIGHT [OBJ] 2MASS_J08533619-0329321 [RA] 08 53 36.1607 [Dec] -03 29 32.2013 [FIL] GG495 [EXPTIME] 60.0 [Date] 2022-02-05 [Time] 17:38:31
315/370 2MASS_J08533619-0329321-20220205@173936-Eden.fts [TYPE] LIGHT [OBJ] 2MASS_J08533619-0329321 [RA] 08 53 36.1607 [Dec] -03 29 32.2013 [FIL] GG495 [EXPTIME] 60.0 [Date] 2022-02-05 [Time] 17:39:36
316/370 2MASS_J08533619-0329321-20220205@174041-Eden.fts [TYPE] LIGHT [OBJ] 2MASS_J08533619-0329321 [RA] 08 53 36.1607 [Dec] -03 29 32.2013 [FIL] GG495 [EXPTIME] 60.0 [Date] 2022-02-05 [Time] 17:40:41
317/370 2MASS_J08533619-0329321-20220205@174146-Eden.fts [TYPE] LIGHT [OBJ] 2MASS_J08533619-0329321 [RA] 08 53 36.1607 [Dec] -03 29 32.2013 [FIL] GG495 [EXPTIME] 60.0 [Date] 2022-02-05 [Time] 17:41:46
318/370 2MASS_J08533619-0329321-20220205@174251-Eden.fts [TYPE] LIGHT [OBJ] 2MASS_J08533619-0329321 [RA] 08 53 36.1607 [Dec] -03 29 32.2013 [FIL] GG495 [EXPTIME] 60.0 [Date] 2022-02-05 [Time] 17:42:51
319/370 2MASS_J08533619-0329321-20220205@174356-Eden.fts [TYPE] LIGHT [OBJ] 2MASS_J08533619-0329321 [RA] 08 53 36.1607 [Dec] -03 29 32.2013 [FIL] GG495 [EXPTIME] 60.0 [Date] 2022-02-05 [Time] 17:43:56
320/370 2MASS_J08533619-0329321-20220205@174501-Eden.fts [TYPE] LIGHT [OBJ] 2MASS_J08533619-0329321 [RA] 08 53 36.1607 [Dec] -03 29 32.2013 [FIL] GG495 [EXPTIME] 60.0 [Date] 2022-02-05 [Time] 17:45:01
321/370 2MASS_J08533619-0329321-20220205@174606-Eden.fts [TYPE] LIGHT [OBJ] 2MASS_J08533619-0329321 [RA] 08 53 36.1607 [Dec] -03 29 32.2013 [FIL] GG495 [EXPTIME] 60.0 [Date] 2022-02-05 [Time] 17:46:06
322/370 2MASS_J08533619-0329321-20220205@174711-Eden.fts [TYPE] LIGHT [OBJ] 2MASS_J08533619-0329321 [RA] 08 53 36.1607 [Dec] -03 29 32.2013 [FIL] GG495 [EXPTIME] 60.0 [Date] 2022-02-05 [Time] 17:47:11
323/370 2MASS_J08533619-0329321-20220205@174816-Eden.fts [TYPE] LIGHT [OBJ] 2MASS_J08533619-0329321 [RA] 08 53 36.1607 [Dec] -03 29 32.2013 [FIL] GG495 [EXPTIME] 60.0 [Date] 2022-02-05 [Time] 17:48:16
324/370 2MASS_J08533619-0329321-20220205@174921-Eden.fts [TYPE] LIGHT [OBJ] 2MASS_J08533619-0329321 [RA] 08 53 36.1607 [Dec] -03 29 32.2013 [FIL] GG495 [EXPTIME] 60.0 [Date] 2022-02-05 [Time] 17:49:21
325/370 2MASS_J08533619-0329321-20220205@175026-Eden.fts [TYPE] LIGHT [OBJ] 2MASS_J08533619-0329321 [RA] 08 53 36.1607 [Dec] -03 29 32.2013 [FIL] GG495 [EXPTIME] 60.0 [Date] 2022-02-05 [Time] 17:50:26
326/370 2MASS_J08533619-0329321-20220205@175131-Eden.fts [TYPE] LIGHT [OBJ] 2MASS_J08533619-0329321 [RA] 08 53 36.1607 [Dec] -03 29 32.2013 [FIL] GG495 [EXPTIME] 60.0 [Date] 2022-02-05 [Time] 17:51:31
327/370 2MASS_J08533619-0329321-20220205@175236-Eden.fts [TYPE] LIGHT [OBJ] 2MASS_J08533619-0329321 [RA] 08 53 36.1607 [Dec] -03 29 32.2013 [FIL] GG495 [EXPTIME] 60.0 [Date] 2022-02-05 [Time] 17:52:36
328/370 2MASS_J08533619-0329321-20220205@175341-Eden.fts [TYPE] LIGHT [OBJ] 2MASS_J08533619-0329321 [RA] 08 53 36.1607 [Dec] -03 29 32.2013 [FIL] GG495 [EXPTIME] 60.0 [Date] 2022-02-05 [Time] 17:53:41
329/370 2MASS_J08533619-0329321-20220205@175446-Eden.fts [TYPE] LIGHT [OBJ] 2MASS_J08533619-0329321 [RA] 08 53 36.1607 [Dec] -03 29 32.2013 [FIL] GG495 [EXPTIME] 60.0 [Date] 2022-02-05 [Time] 17:54:46
330/370 2MASS_J08533619-0329321-20220205@175551-Eden.fts [TYPE] LIGHT [OBJ] 2MASS_J08533619-0329321 [RA] 08 53 36.1607 [Dec] -03 29 32.2013 [FIL] GG495 [EXPTIME] 60.0 [Date] 2022-02-05 [Time] 17:55:51
331/370 2MASS_J08533619-0329321-20220205@175656-Eden.fts [TYPE] LIGHT [OBJ] 2MASS_J08533619-0329321 [RA] 08 53 36.1607 [Dec] -03 29 32.2013 [FIL] GG495 [EXPTIME] 60.0 [Date] 2022-02-05 [Time] 17:56:56
332/370 2MASS_J08533619-0329321-20220205@175801-Eden.fts [TYPE] LIGHT [OBJ] 2MASS_J08533619-0329321 [RA] 08 53 36.1607 [Dec] -03 29 32.2013 [FIL] GG495 [EXPTIME] 60.0 [Date] 2022-02-05 [Time] 17:58:01
333/370 2MASS_J08533619-0329321-20220205@175906-Eden.fts [TYPE] LIGHT [OBJ] 2MASS_J08533619-0329321 [RA] 08 53 36.1607 [Dec] -03 29 32.2013 [FIL] GG495 [EXPTIME] 60.0 [Date] 2022-02-05 [Time] 17:59:06
334/370 2MASS_J08533619-0329321-20220205@180011-Eden.fts [TYPE] LIGHT [OBJ] 2MASS_J08533619-0329321 [RA] 08 53 36.1607 [Dec] -03 29 32.2013 [FIL] GG495 [EXPTIME] 60.0 [Date] 2022-02-05 [Time] 18:00:11
335/370 2MASS_J08533619-0329321-20220205@180116-Eden.fts [TYPE] LIGHT [OBJ] 2MASS_J08533619-0329321 [RA] 08 53 36.1607 [Dec] -03 29 32.2013 [FIL] GG495 [EXPTIME] 60.0 [Date] 2022-02-05 [Time] 18:01:16
336/370 2MASS_J08533619-0329321-20220205@180221-Eden.fts [TYPE] LIGHT [OBJ] 2MASS_J08533619-0329321 [RA] 08 53 36.1607 [Dec] -03 29 32.2013 [FIL] GG495 [EXPTIME] 60.0 [Date] 2022-02-05 [Time] 18:02:21
337/370 2MASS_J08533619-0329321-20220205@180326-Eden.fts [TYPE] LIGHT [OBJ] 2MASS_J08533619-0329321 [RA] 08 53 36.1607 [Dec] -03 29 32.2013 [FIL] GG495 [EXPTIME] 60.0 [Date] 2022-02-05 [Time] 18:03:26
338/370 2MASS_J08533619-0329321-20220205@180431-Eden.fts [TYPE] LIGHT [OBJ] 2MASS_J08533619-0329321 [RA] 08 53 36.1607 [Dec] -03 29 32.2013 [FIL] GG495 [EXPTIME] 60.0 [Date] 2022-02-05 [Time] 18:04:31
339/370 2MASS_J08533619-0329321-20220205@180536-Eden.fts [TYPE] LIGHT [OBJ] 2MASS_J08533619-0329321 [RA] 08 53 36.1607 [Dec] -03 29 32.2013 [FIL] GG495 [EXPTIME] 60.0 [Date] 2022-02-05 [Time] 18:05:36
340/370 2MASS_J08533619-0329321-20220205@180641-Eden.fts [TYPE] LIGHT [OBJ] 2MASS_J08533619-0329321 [RA] 08 53 36.1607 [Dec] -03 29 32.2013 [FIL] GG495 [EXPTIME] 60.0 [Date] 2022-02-05 [Time] 18:06:41
341/370 2MASS_J08533619-0329321-20220205@180746-Eden.fts [TYPE] LIGHT [OBJ] 2MASS_J08533619-0329321 [RA] 08 53 36.1607 [Dec] -03 29 32.2013 [FIL] GG495 [EXPTIME] 60.0 [Date] 2022-02-05 [Time] 18:07:46
342/370 2MASS_J08533619-0329321-20220205@180851-Eden.fts [TYPE] LIGHT [OBJ] 2MASS_J08533619-0329321 [RA] 08 53 36.1607 [Dec] -03 29 32.2013 [FIL] GG495 [EXPTIME] 60.0 [Date] 2022-02-05 [Time] 18:08:51
343/370 2MASS_J08533619-0329321-20220205@180956-Eden.fts [TYPE] LIGHT [OBJ] 2MASS_J08533619-0329321 [RA] 08 53 36.1607 [Dec] -03 29 32.2013 [FIL] GG495 [EXPTIME] 60.0 [Date] 2022-02-05 [Time] 18:09:56
344/370 2MASS_J08533619-0329321-20220205@181101-Eden.fts [TYPE] LIGHT [OBJ] 2MASS_J08533619-0329321 [RA] 08 53 36.1607 [Dec] -03 29 32.2013 [FIL] GG495 [EXPTIME] 60.0 [Date] 2022-02-05 [Time] 18:11:01
345/370 2MASS_J08533619-0329321-20220205@181206-Eden.fts [TYPE] LIGHT [OBJ] 2MASS_J08533619-0329321 [RA] 08 53 36.1607 [Dec] -03 29 32.2013 [FIL] GG495 [EXPTIME] 60.0 [Date] 2022-02-05 [Time] 18:12:06
346/370 2MASS_J08533619-0329321-20220205@181311-Eden.fts [TYPE] LIGHT [OBJ] 2MASS_J08533619-0329321 [RA] 08 53 36.1607 [Dec] -03 29 32.2013 [FIL] GG495 [EXPTIME] 60.0 [Date] 2022-02-05 [Time] 18:13:11
347/370 2MASS_J08533619-0329321-20220205@181416-Eden.fts [TYPE] LIGHT [OBJ] 2MASS_J08533619-0329321 [RA] 08 53 36.1607 [Dec] -03 29 32.2013 [FIL] GG495 [EXPTIME] 60.0 [Date] 2022-02-05 [Time] 18:14:16
348/370 2MASS_J08533619-0329321-20220205@181521-Eden.fts [TYPE] LIGHT [OBJ] 2MASS_J08533619-0329321 [RA] 08 53 36.1607 [Dec] -03 29 32.2013 [FIL] GG495 [EXPTIME] 60.0 [Date] 2022-02-05 [Time] 18:15:21
349/370 2MASS_J08533619-0329321-20220205@181626-Eden.fts [TYPE] LIGHT [OBJ] 2MASS_J08533619-0329321 [RA] 08 53 36.1607 [Dec] -03 29 32.2013 [FIL] GG495 [EXPTIME] 60.0 [Date] 2022-02-05 [Time] 18:16:26
350/370 2MASS_J08533619-0329321-20220205@181731-Eden.fts [TYPE] LIGHT [OBJ] 2MASS_J08533619-0329321 [RA] 08 53 36.1607 [Dec] -03 29 32.2013 [FIL] GG495 [EXPTIME] 60.0 [Date] 2022-02-05 [Time] 18:17:31
351/370 2MASS_J08533619-0329321-20220205@181836-Eden.fts [TYPE] LIGHT [OBJ] 2MASS_J08533619-0329321 [RA] 08 53 36.1607 [Dec] -03 29 32.2013 [FIL] GG495 [EXPTIME] 60.0 [Date] 2022-02-05 [Time] 18:18:36
352/370 2MASS_J08533619-0329321-20220205@181941-Eden.fts [TYPE] LIGHT [OBJ] 2MASS_J08533619-0329321 [RA] 08 53 36.1607 [Dec] -03 29 32.2013 [FIL] GG495 [EXPTIME] 60.0 [Date] 2022-02-05 [Time] 18:19:41
353/370 2MASS_J08533619-0329321-20220205@182046-Eden.fts [TYPE] LIGHT [OBJ] 2MASS_J08533619-0329321 [RA] 08 53 36.1607 [Dec] -03 29 32.2013 [FIL] GG495 [EXPTIME] 60.0 [Date] 2022-02-05 [Time] 18:20:46
354/370 2MASS_J08533619-0329321-20220205@182151-Eden.fts [TYPE] LIGHT [OBJ] 2MASS_J08533619-0329321 [RA] 08 53 36.1607 [Dec] -03 29 32.2013 [FIL] GG495 [EXPTIME] 60.0 [Date] 2022-02-05 [Time] 18:21:51
355/370 2MASS_J08533619-0329321-20220205@182256-Eden.fts [TYPE] LIGHT [OBJ] 2MASS_J08533619-0329321 [RA] 08 53 36.1607 [Dec] -03 29 32.2013 [FIL] GG495 [EXPTIME] 60.0 [Date] 2022-02-05 [Time] 18:22:56
356/370 2MASS_J08533619-0329321-20220205@182401-Eden.fts [TYPE] LIGHT [OBJ] 2MASS_J08533619-0329321 [RA] 08 53 36.1607 [Dec] -03 29 32.2013 [FIL] GG495 [EXPTIME] 60.0 [Date] 2022-02-05 [Time] 18:24:01
357/370 2MASS_J08533619-0329321-20220205@182506-Eden.fts [TYPE] LIGHT [OBJ] 2MASS_J08533619-0329321 [RA] 08 53 36.1607 [Dec] -03 29 32.2013 [FIL] GG495 [EXPTIME] 60.0 [Date] 2022-02-05 [Time] 18:25:06
358/370 2MASS_J08533619-0329321-20220205@182611-Eden.fts [TYPE] LIGHT [OBJ] 2MASS_J08533619-0329321 [RA] 08 53 36.1607 [Dec] -03 29 32.2013 [FIL] GG495 [EXPTIME] 60.0 [Date] 2022-02-05 [Time] 18:26:11
359/370 2MASS_J08533619-0329321-20220205@182716-Eden.fts [TYPE] LIGHT [OBJ] 2MASS_J08533619-0329321 [RA] 08 53 36.1607 [Dec] -03 29 32.2013 [FIL] GG495 [EXPTIME] 60.0 [Date] 2022-02-05 [Time] 18:27:16
360/370 2MASS_J08533619-0329321-20220205@182821-Eden.fts [TYPE] LIGHT [OBJ] 2MASS_J08533619-0329321 [RA] 08 53 36.1607 [Dec] -03 29 32.2013 [FIL] GG495 [EXPTIME] 60.0 [Date] 2022-02-05 [Time] 18:28:21
361/370 2MASS_J08533619-0329321-20220205@182926-Eden.fts [TYPE] LIGHT [OBJ] 2MASS_J08533619-0329321 [RA] 08 53 36.1607 [Dec] -03 29 32.2013 [FIL] GG495 [EXPTIME] 60.0 [Date] 2022-02-05 [Time] 18:29:26
362/370 2MASS_J08533619-0329321-20220205@183031-Eden.fts [TYPE] LIGHT [OBJ] 2MASS_J08533619-0329321 [RA] 08 53 36.1607 [Dec] -03 29 32.2013 [FIL] GG495 [EXPTIME] 60.0 [Date] 2022-02-05 [Time] 18:30:31
363/370 2MASS_J08533619-0329321-20220205@183136-Eden.fts [TYPE] LIGHT [OBJ] 2MASS_J08533619-0329321 [RA] 08 53 36.1607 [Dec] -03 29 32.2013 [FIL] GG495 [EXPTIME] 60.0 [Date] 2022-02-05 [Time] 18:31:36
364/370 2MASS_J08533619-0329321-20220205@183241-Eden.fts [TYPE] LIGHT [OBJ] 2MASS_J08533619-0329321 [RA] 08 53 36.1607 [Dec] -03 29 32.2013 [FIL] GG495 [EXPTIME] 60.0 [Date] 2022-02-05 [Time] 18:32:41
365/370 2MASS_J08533619-0329321-20220205@183346-Eden.fts [TYPE] LIGHT [OBJ] 2MASS_J08533619-0329321 [RA] 08 53 36.1607 [Dec] -03 29 32.2013 [FIL] GG495 [EXPTIME] 60.0 [Date] 2022-02-05 [Time] 18:33:46
366/370 2MASS_J08533619-0329321-20220205@183451-Eden.fts [TYPE] LIGHT [OBJ] 2MASS_J08533619-0329321 [RA] 08 53 36.1607 [Dec] -03 29 32.2013 [FIL] GG495 [EXPTIME] 60.0 [Date] 2022-02-05 [Time] 18:34:51
367/370 2MASS_J08533619-0329321-20220205@183556-Eden.fts [TYPE] LIGHT [OBJ] 2MASS_J08533619-0329321 [RA] 08 53 36.1607 [Dec] -03 29 32.2013 [FIL] GG495 [EXPTIME] 60.0 [Date] 2022-02-05 [Time] 18:35:56
368/370 2MASS_J08533619-0329321-20220205@183701-Eden.fts [TYPE] LIGHT [OBJ] 2MASS_J08533619-0329321 [RA] 08 53 36.1607 [Dec] -03 29 32.2013 [FIL] GG495 [EXPTIME] 60.0 [Date] 2022-02-05 [Time] 18:37:01
369/370 2MASS_J08533619-0329321-20220205@183806-Eden.fts [TYPE] LIGHT [OBJ] 2MASS_J08533619-0329321 [RA] 08 53 36.1607 [Dec] -03 29 32.2013 [FIL] GG495 [EXPTIME] 60.0 [Date] 2022-02-05 [Time] 18:38:06
370/370 2MASS_J08533619-0329321-20220205@183911-Eden.fts [TYPE] LIGHT [OBJ] 2MASS_J08533619-0329321 [RA] 08 53 36.1607 [Dec] -03 29 32.2013 [FIL] GG495 [EXPTIME] 60.0 [Date] 2022-02-05 [Time] 18:39:11
... write log file to LOT20220205_2MASS_J08533619-0329321_mod.log ...
... finish ...
