Bucket successfully loaded! eden-data
173 files found
Storing data to the S3 archive!
We can now start uploading the data.
Press return to start the upload, or anything else to abort: Verbose output enabled.
Storing /home/altsai/eden/LOT20220102_2MASS_J04402325-0530082_mod/2MASS_J04402325-0530082-20220102@115547-Eden.fts -> s3://eden-data/RAW/LOT/2MASS_J04402325-0530082/2022-01-02/2MASS_J04402325-0530082-20220102@115547-Eden.fits (1/173)
Storing /home/altsai/eden/LOT20220102_2MASS_J04402325-0530082_mod/2MASS_J04402325-0530082-20220102@120305-Eden.fts -> s3://eden-data/RAW/LOT/2MASS_J04402325-0530082/2022-01-02/2MASS_J04402325-0530082-20220102@120305-Eden.fits (2/173)
Storing /home/altsai/eden/LOT20220102_2MASS_J04402325-0530082_mod/2MASS_J04402325-0530082-20220102@120351-Eden.fts -> s3://eden-data/RAW/LOT/2MASS_J04402325-0530082/2022-01-02/2MASS_J04402325-0530082-20220102@120351-Eden.fits (3/173)
Storing /home/altsai/eden/LOT20220102_2MASS_J04402325-0530082_mod/2MASS_J04402325-0530082-20220102@120437-Eden.fts -> s3://eden-data/RAW/LOT/2MASS_J04402325-0530082/2022-01-02/2MASS_J04402325-0530082-20220102@120437-Eden.fits (4/173)
Storing /home/altsai/eden/LOT20220102_2MASS_J04402325-0530082_mod/2MASS_J04402325-0530082-20220102@120524-Eden.fts -> s3://eden-data/RAW/LOT/2MASS_J04402325-0530082/2022-01-02/2MASS_J04402325-0530082-20220102@120524-Eden.fits (5/173)
Storing /home/altsai/eden/LOT20220102_2MASS_J04402325-0530082_mod/2MASS_J04402325-0530082-20220102@120610-Eden.fts -> s3://eden-data/RAW/LOT/2MASS_J04402325-0530082/2022-01-02/2MASS_J04402325-0530082-20220102@120610-Eden.fits (6/173)
Storing /home/altsai/eden/LOT20220102_2MASS_J04402325-0530082_mod/2MASS_J04402325-0530082-20220102@120657-Eden.fts -> s3://eden-data/RAW/LOT/2MASS_J04402325-0530082/2022-01-02/2MASS_J04402325-0530082-20220102@120657-Eden.fits (7/173)
Storing /home/altsai/eden/LOT20220102_2MASS_J04402325-0530082_mod/2MASS_J04402325-0530082-20220102@120743-Eden.fts -> s3://eden-data/RAW/LOT/2MASS_J04402325-0530082/2022-01-02/2MASS_J04402325-0530082-20220102@120743-Eden.fits (8/173)
Storing /home/altsai/eden/LOT20220102_2MASS_J04402325-0530082_mod/2MASS_J04402325-0530082-20220102@120831-Eden.fts -> s3://eden-data/RAW/LOT/2MASS_J04402325-0530082/2022-01-02/2MASS_J04402325-0530082-20220102@120831-Eden.fits (9/173)
Storing /home/altsai/eden/LOT20220102_2MASS_J04402325-0530082_mod/2MASS_J04402325-0530082-20220102@120919-Eden.fts -> s3://eden-data/RAW/LOT/2MASS_J04402325-0530082/2022-01-02/2MASS_J04402325-0530082-20220102@120919-Eden.fits (10/173)
Storing /home/altsai/eden/LOT20220102_2MASS_J04402325-0530082_mod/2MASS_J04402325-0530082-20220102@121007-Eden.fts -> s3://eden-data/RAW/LOT/2MASS_J04402325-0530082/2022-01-02/2MASS_J04402325-0530082-20220102@121007-Eden.fits (11/173)
Storing /home/altsai/eden/LOT20220102_2MASS_J04402325-0530082_mod/2MASS_J04402325-0530082-20220102@121053-Eden.fts -> s3://eden-data/RAW/LOT/2MASS_J04402325-0530082/2022-01-02/2MASS_J04402325-0530082-20220102@121053-Eden.fits (12/173)
Storing /home/altsai/eden/LOT20220102_2MASS_J04402325-0530082_mod/2MASS_J04402325-0530082-20220102@121139-Eden.fts -> s3://eden-data/RAW/LOT/2MASS_J04402325-0530082/2022-01-02/2MASS_J04402325-0530082-20220102@121139-Eden.fits (13/173)
Storing /home/altsai/eden/LOT20220102_2MASS_J04402325-0530082_mod/2MASS_J04402325-0530082-20220102@121226-Eden.fts -> s3://eden-data/RAW/LOT/2MASS_J04402325-0530082/2022-01-02/2MASS_J04402325-0530082-20220102@121226-Eden.fits (14/173)
Storing /home/altsai/eden/LOT20220102_2MASS_J04402325-0530082_mod/2MASS_J04402325-0530082-20220102@121313-Eden.fts -> s3://eden-data/RAW/LOT/2MASS_J04402325-0530082/2022-01-02/2MASS_J04402325-0530082-20220102@121313-Eden.fits (15/173)
Storing /home/altsai/eden/LOT20220102_2MASS_J04402325-0530082_mod/2MASS_J04402325-0530082-20220102@121400-Eden.fts -> s3://eden-data/RAW/LOT/2MASS_J04402325-0530082/2022-01-02/2MASS_J04402325-0530082-20220102@121400-Eden.fits (16/173)
Storing /home/altsai/eden/LOT20220102_2MASS_J04402325-0530082_mod/2MASS_J04402325-0530082-20220102@121447-Eden.fts -> s3://eden-data/RAW/LOT/2MASS_J04402325-0530082/2022-01-02/2MASS_J04402325-0530082-20220102@121447-Eden.fits (17/173)
Storing /home/altsai/eden/LOT20220102_2MASS_J04402325-0530082_mod/2MASS_J04402325-0530082-20220102@121534-Eden.fts -> s3://eden-data/RAW/LOT/2MASS_J04402325-0530082/2022-01-02/2MASS_J04402325-0530082-20220102@121534-Eden.fits (18/173)
Storing /home/altsai/eden/LOT20220102_2MASS_J04402325-0530082_mod/2MASS_J04402325-0530082-20220102@121621-Eden.fts -> s3://eden-data/RAW/LOT/2MASS_J04402325-0530082/2022-01-02/2MASS_J04402325-0530082-20220102@121621-Eden.fits (19/173)
Storing /home/altsai/eden/LOT20220102_2MASS_J04402325-0530082_mod/2MASS_J04402325-0530082-20220102@121708-Eden.fts -> s3://eden-data/RAW/LOT/2MASS_J04402325-0530082/2022-01-02/2MASS_J04402325-0530082-20220102@121708-Eden.fits (20/173)
Storing /home/altsai/eden/LOT20220102_2MASS_J04402325-0530082_mod/2MASS_J04402325-0530082-20220102@121754-Eden.fts -> s3://eden-data/RAW/LOT/2MASS_J04402325-0530082/2022-01-02/2MASS_J04402325-0530082-20220102@121754-Eden.fits (21/173)
Storing /home/altsai/eden/LOT20220102_2MASS_J04402325-0530082_mod/2MASS_J04402325-0530082-20220102@121841-Eden.fts -> s3://eden-data/RAW/LOT/2MASS_J04402325-0530082/2022-01-02/2MASS_J04402325-0530082-20220102@121841-Eden.fits (22/173)
Storing /home/altsai/eden/LOT20220102_2MASS_J04402325-0530082_mod/2MASS_J04402325-0530082-20220102@121928-Eden.fts -> s3://eden-data/RAW/LOT/2MASS_J04402325-0530082/2022-01-02/2MASS_J04402325-0530082-20220102@121928-Eden.fits (23/173)
Storing /home/altsai/eden/LOT20220102_2MASS_J04402325-0530082_mod/2MASS_J04402325-0530082-20220102@122014-Eden.fts -> s3://eden-data/RAW/LOT/2MASS_J04402325-0530082/2022-01-02/2MASS_J04402325-0530082-20220102@122014-Eden.fits (24/173)
Storing /home/altsai/eden/LOT20220102_2MASS_J04402325-0530082_mod/2MASS_J04402325-0530082-20220102@122100-Eden.fts -> s3://eden-data/RAW/LOT/2MASS_J04402325-0530082/2022-01-02/2MASS_J04402325-0530082-20220102@122100-Eden.fits (25/173)
Storing /home/altsai/eden/LOT20220102_2MASS_J04402325-0530082_mod/2MASS_J04402325-0530082-20220102@122146-Eden.fts -> s3://eden-data/RAW/LOT/2MASS_J04402325-0530082/2022-01-02/2MASS_J04402325-0530082-20220102@122146-Eden.fits (26/173)
Storing /home/altsai/eden/LOT20220102_2MASS_J04402325-0530082_mod/2MASS_J04402325-0530082-20220102@122233-Eden.fts -> s3://eden-data/RAW/LOT/2MASS_J04402325-0530082/2022-01-02/2MASS_J04402325-0530082-20220102@122233-Eden.fits (27/173)
Storing /home/altsai/eden/LOT20220102_2MASS_J04402325-0530082_mod/2MASS_J04402325-0530082-20220102@122321-Eden.fts -> s3://eden-data/RAW/LOT/2MASS_J04402325-0530082/2022-01-02/2MASS_J04402325-0530082-20220102@122321-Eden.fits (28/173)
Storing /home/altsai/eden/LOT20220102_2MASS_J04402325-0530082_mod/2MASS_J04402325-0530082-20220102@122409-Eden.fts -> s3://eden-data/RAW/LOT/2MASS_J04402325-0530082/2022-01-02/2MASS_J04402325-0530082-20220102@122409-Eden.fits (29/173)
Storing /home/altsai/eden/LOT20220102_2MASS_J04402325-0530082_mod/2MASS_J04402325-0530082-20220102@122455-Eden.fts -> s3://eden-data/RAW/LOT/2MASS_J04402325-0530082/2022-01-02/2MASS_J04402325-0530082-20220102@122455-Eden.fits (30/173)
Storing /home/altsai/eden/LOT20220102_2MASS_J04402325-0530082_mod/2MASS_J04402325-0530082-20220102@122543-Eden.fts -> s3://eden-data/RAW/LOT/2MASS_J04402325-0530082/2022-01-02/2MASS_J04402325-0530082-20220102@122543-Eden.fits (31/173)
Storing /home/altsai/eden/LOT20220102_2MASS_J04402325-0530082_mod/2MASS_J04402325-0530082-20220102@122629-Eden.fts -> s3://eden-data/RAW/LOT/2MASS_J04402325-0530082/2022-01-02/2MASS_J04402325-0530082-20220102@122629-Eden.fits (32/173)
Storing /home/altsai/eden/LOT20220102_2MASS_J04402325-0530082_mod/2MASS_J04402325-0530082-20220102@122716-Eden.fts -> s3://eden-data/RAW/LOT/2MASS_J04402325-0530082/2022-01-02/2MASS_J04402325-0530082-20220102@122716-Eden.fits (33/173)
Storing /home/altsai/eden/LOT20220102_2MASS_J04402325-0530082_mod/2MASS_J04402325-0530082-20220102@122803-Eden.fts -> s3://eden-data/RAW/LOT/2MASS_J04402325-0530082/2022-01-02/2MASS_J04402325-0530082-20220102@122803-Eden.fits (34/173)
Storing /home/altsai/eden/LOT20220102_2MASS_J04402325-0530082_mod/2MASS_J04402325-0530082-20220102@122850-Eden.fts -> s3://eden-data/RAW/LOT/2MASS_J04402325-0530082/2022-01-02/2MASS_J04402325-0530082-20220102@122850-Eden.fits (35/173)
Storing /home/altsai/eden/LOT20220102_2MASS_J04402325-0530082_mod/2MASS_J04402325-0530082-20220102@122937-Eden.fts -> s3://eden-data/RAW/LOT/2MASS_J04402325-0530082/2022-01-02/2MASS_J04402325-0530082-20220102@122937-Eden.fits (36/173)
Storing /home/altsai/eden/LOT20220102_2MASS_J04402325-0530082_mod/2MASS_J04402325-0530082-20220102@123023-Eden.fts -> s3://eden-data/RAW/LOT/2MASS_J04402325-0530082/2022-01-02/2MASS_J04402325-0530082-20220102@123023-Eden.fits (37/173)
Storing /home/altsai/eden/LOT20220102_2MASS_J04402325-0530082_mod/2MASS_J04402325-0530082-20220102@123109-Eden.fts -> s3://eden-data/RAW/LOT/2MASS_J04402325-0530082/2022-01-02/2MASS_J04402325-0530082-20220102@123109-Eden.fits (38/173)
Storing /home/altsai/eden/LOT20220102_2MASS_J04402325-0530082_mod/2MASS_J04402325-0530082-20220102@123157-Eden.fts -> s3://eden-data/RAW/LOT/2MASS_J04402325-0530082/2022-01-02/2MASS_J04402325-0530082-20220102@123157-Eden.fits (39/173)
Storing /home/altsai/eden/LOT20220102_2MASS_J04402325-0530082_mod/2MASS_J04402325-0530082-20220102@123245-Eden.fts -> s3://eden-data/RAW/LOT/2MASS_J04402325-0530082/2022-01-02/2MASS_J04402325-0530082-20220102@123245-Eden.fits (40/173)
Storing /home/altsai/eden/LOT20220102_2MASS_J04402325-0530082_mod/2MASS_J04402325-0530082-20220102@123332-Eden.fts -> s3://eden-data/RAW/LOT/2MASS_J04402325-0530082/2022-01-02/2MASS_J04402325-0530082-20220102@123332-Eden.fits (41/173)
Storing /home/altsai/eden/LOT20220102_2MASS_J04402325-0530082_mod/2MASS_J04402325-0530082-20220102@123418-Eden.fts -> s3://eden-data/RAW/LOT/2MASS_J04402325-0530082/2022-01-02/2MASS_J04402325-0530082-20220102@123418-Eden.fits (42/173)
Storing /home/altsai/eden/LOT20220102_2MASS_J04402325-0530082_mod/2MASS_J04402325-0530082-20220102@123505-Eden.fts -> s3://eden-data/RAW/LOT/2MASS_J04402325-0530082/2022-01-02/2MASS_J04402325-0530082-20220102@123505-Eden.fits (43/173)
Storing /home/altsai/eden/LOT20220102_2MASS_J04402325-0530082_mod/2MASS_J04402325-0530082-20220102@123552-Eden.fts -> s3://eden-data/RAW/LOT/2MASS_J04402325-0530082/2022-01-02/2MASS_J04402325-0530082-20220102@123552-Eden.fits (44/173)
Storing /home/altsai/eden/LOT20220102_2MASS_J04402325-0530082_mod/2MASS_J04402325-0530082-20220102@123638-Eden.fts -> s3://eden-data/RAW/LOT/2MASS_J04402325-0530082/2022-01-02/2MASS_J04402325-0530082-20220102@123638-Eden.fits (45/173)
Storing /home/altsai/eden/LOT20220102_2MASS_J04402325-0530082_mod/2MASS_J04402325-0530082-20220102@123727-Eden.fts -> s3://eden-data/RAW/LOT/2MASS_J04402325-0530082/2022-01-02/2MASS_J04402325-0530082-20220102@123727-Eden.fits (46/173)
Storing /home/altsai/eden/LOT20220102_2MASS_J04402325-0530082_mod/2MASS_J04402325-0530082-20220102@123813-Eden.fts -> s3://eden-data/RAW/LOT/2MASS_J04402325-0530082/2022-01-02/2MASS_J04402325-0530082-20220102@123813-Eden.fits (47/173)
Storing /home/altsai/eden/LOT20220102_2MASS_J04402325-0530082_mod/2MASS_J04402325-0530082-20220102@123900-Eden.fts -> s3://eden-data/RAW/LOT/2MASS_J04402325-0530082/2022-01-02/2MASS_J04402325-0530082-20220102@123900-Eden.fits (48/173)
Storing /home/altsai/eden/LOT20220102_2MASS_J04402325-0530082_mod/2MASS_J04402325-0530082-20220102@123947-Eden.fts -> s3://eden-data/RAW/LOT/2MASS_J04402325-0530082/2022-01-02/2MASS_J04402325-0530082-20220102@123947-Eden.fits (49/173)
Storing /home/altsai/eden/LOT20220102_2MASS_J04402325-0530082_mod/2MASS_J04402325-0530082-20220102@124034-Eden.fts -> s3://eden-data/RAW/LOT/2MASS_J04402325-0530082/2022-01-02/2MASS_J04402325-0530082-20220102@124034-Eden.fits (50/173)
Storing /home/altsai/eden/LOT20220102_2MASS_J04402325-0530082_mod/2MASS_J04402325-0530082-20220102@124122-Eden.fts -> s3://eden-data/RAW/LOT/2MASS_J04402325-0530082/2022-01-02/2MASS_J04402325-0530082-20220102@124122-Eden.fits (51/173)
Storing /home/altsai/eden/LOT20220102_2MASS_J04402325-0530082_mod/2MASS_J04402325-0530082-20220102@124208-Eden.fts -> s3://eden-data/RAW/LOT/2MASS_J04402325-0530082/2022-01-02/2MASS_J04402325-0530082-20220102@124208-Eden.fits (52/173)
Storing /home/altsai/eden/LOT20220102_2MASS_J04402325-0530082_mod/2MASS_J04402325-0530082-20220102@124255-Eden.fts -> s3://eden-data/RAW/LOT/2MASS_J04402325-0530082/2022-01-02/2MASS_J04402325-0530082-20220102@124255-Eden.fits (53/173)
Storing /home/altsai/eden/LOT20220102_2MASS_J04402325-0530082_mod/2MASS_J04402325-0530082-20220102@124342-Eden.fts -> s3://eden-data/RAW/LOT/2MASS_J04402325-0530082/2022-01-02/2MASS_J04402325-0530082-20220102@124342-Eden.fits (54/173)
Storing /home/altsai/eden/LOT20220102_2MASS_J04402325-0530082_mod/2MASS_J04402325-0530082-20220102@124430-Eden.fts -> s3://eden-data/RAW/LOT/2MASS_J04402325-0530082/2022-01-02/2MASS_J04402325-0530082-20220102@124430-Eden.fits (55/173)
Storing /home/altsai/eden/LOT20220102_2MASS_J04402325-0530082_mod/2MASS_J04402325-0530082-20220102@124518-Eden.fts -> s3://eden-data/RAW/LOT/2MASS_J04402325-0530082/2022-01-02/2MASS_J04402325-0530082-20220102@124518-Eden.fits (56/173)
Storing /home/altsai/eden/LOT20220102_2MASS_J04402325-0530082_mod/2MASS_J04402325-0530082-20220102@124604-Eden.fts -> s3://eden-data/RAW/LOT/2MASS_J04402325-0530082/2022-01-02/2MASS_J04402325-0530082-20220102@124604-Eden.fits (57/173)
Storing /home/altsai/eden/LOT20220102_2MASS_J04402325-0530082_mod/2MASS_J04402325-0530082-20220102@124651-Eden.fts -> s3://eden-data/RAW/LOT/2MASS_J04402325-0530082/2022-01-02/2MASS_J04402325-0530082-20220102@124651-Eden.fits (58/173)
Storing /home/altsai/eden/LOT20220102_2MASS_J04402325-0530082_mod/2MASS_J04402325-0530082-20220102@124738-Eden.fts -> s3://eden-data/RAW/LOT/2MASS_J04402325-0530082/2022-01-02/2MASS_J04402325-0530082-20220102@124738-Eden.fits (59/173)
Storing /home/altsai/eden/LOT20220102_2MASS_J04402325-0530082_mod/2MASS_J04402325-0530082-20220102@124826-Eden.fts -> s3://eden-data/RAW/LOT/2MASS_J04402325-0530082/2022-01-02/2MASS_J04402325-0530082-20220102@124826-Eden.fits (60/173)
Storing /home/altsai/eden/LOT20220102_2MASS_J04402325-0530082_mod/2MASS_J04402325-0530082-20220102@124913-Eden.fts -> s3://eden-data/RAW/LOT/2MASS_J04402325-0530082/2022-01-02/2MASS_J04402325-0530082-20220102@124913-Eden.fits (61/173)
Storing /home/altsai/eden/LOT20220102_2MASS_J04402325-0530082_mod/2MASS_J04402325-0530082-20220102@125002-Eden.fts -> s3://eden-data/RAW/LOT/2MASS_J04402325-0530082/2022-01-02/2MASS_J04402325-0530082-20220102@125002-Eden.fits (62/173)
Storing /home/altsai/eden/LOT20220102_2MASS_J04402325-0530082_mod/2MASS_J04402325-0530082-20220102@125049-Eden.fts -> s3://eden-data/RAW/LOT/2MASS_J04402325-0530082/2022-01-02/2MASS_J04402325-0530082-20220102@125049-Eden.fits (63/173)
Storing /home/altsai/eden/LOT20220102_2MASS_J04402325-0530082_mod/2MASS_J04402325-0530082-20220102@125136-Eden.fts -> s3://eden-data/RAW/LOT/2MASS_J04402325-0530082/2022-01-02/2MASS_J04402325-0530082-20220102@125136-Eden.fits (64/173)
Storing /home/altsai/eden/LOT20220102_2MASS_J04402325-0530082_mod/2MASS_J04402325-0530082-20220102@125222-Eden.fts -> s3://eden-data/RAW/LOT/2MASS_J04402325-0530082/2022-01-02/2MASS_J04402325-0530082-20220102@125222-Eden.fits (65/173)
Storing /home/altsai/eden/LOT20220102_2MASS_J04402325-0530082_mod/2MASS_J04402325-0530082-20220102@125308-Eden.fts -> s3://eden-data/RAW/LOT/2MASS_J04402325-0530082/2022-01-02/2MASS_J04402325-0530082-20220102@125308-Eden.fits (66/173)
Storing /home/altsai/eden/LOT20220102_2MASS_J04402325-0530082_mod/2MASS_J04402325-0530082-20220102@125355-Eden.fts -> s3://eden-data/RAW/LOT/2MASS_J04402325-0530082/2022-01-02/2MASS_J04402325-0530082-20220102@125355-Eden.fits (67/173)
Storing /home/altsai/eden/LOT20220102_2MASS_J04402325-0530082_mod/2MASS_J04402325-0530082-20220102@125443-Eden.fts -> s3://eden-data/RAW/LOT/2MASS_J04402325-0530082/2022-01-02/2MASS_J04402325-0530082-20220102@125443-Eden.fits (68/173)
Storing /home/altsai/eden/LOT20220102_2MASS_J04402325-0530082_mod/2MASS_J04402325-0530082-20220102@125530-Eden.fts -> s3://eden-data/RAW/LOT/2MASS_J04402325-0530082/2022-01-02/2MASS_J04402325-0530082-20220102@125530-Eden.fits (69/173)
Storing /home/altsai/eden/LOT20220102_2MASS_J04402325-0530082_mod/2MASS_J04402325-0530082-20220102@125616-Eden.fts -> s3://eden-data/RAW/LOT/2MASS_J04402325-0530082/2022-01-02/2MASS_J04402325-0530082-20220102@125616-Eden.fits (70/173)
Storing /home/altsai/eden/LOT20220102_2MASS_J04402325-0530082_mod/2MASS_J04402325-0530082-20220102@125703-Eden.fts -> s3://eden-data/RAW/LOT/2MASS_J04402325-0530082/2022-01-02/2MASS_J04402325-0530082-20220102@125703-Eden.fits (71/173)
Storing /home/altsai/eden/LOT20220102_2MASS_J04402325-0530082_mod/2MASS_J04402325-0530082-20220102@125749-Eden.fts -> s3://eden-data/RAW/LOT/2MASS_J04402325-0530082/2022-01-02/2MASS_J04402325-0530082-20220102@125749-Eden.fits (72/173)
Storing /home/altsai/eden/LOT20220102_2MASS_J04402325-0530082_mod/2MASS_J04402325-0530082-20220102@125836-Eden.fts -> s3://eden-data/RAW/LOT/2MASS_J04402325-0530082/2022-01-02/2MASS_J04402325-0530082-20220102@125836-Eden.fits (73/173)
Storing /home/altsai/eden/LOT20220102_2MASS_J04402325-0530082_mod/2MASS_J04402325-0530082-20220102@125922-Eden.fts -> s3://eden-data/RAW/LOT/2MASS_J04402325-0530082/2022-01-02/2MASS_J04402325-0530082-20220102@125922-Eden.fits (74/173)
Storing /home/altsai/eden/LOT20220102_2MASS_J04402325-0530082_mod/2MASS_J04402325-0530082-20220102@130009-Eden.fts -> s3://eden-data/RAW/LOT/2MASS_J04402325-0530082/2022-01-02/2MASS_J04402325-0530082-20220102@130009-Eden.fits (75/173)
Storing /home/altsai/eden/LOT20220102_2MASS_J04402325-0530082_mod/2MASS_J04402325-0530082-20220102@130055-Eden.fts -> s3://eden-data/RAW/LOT/2MASS_J04402325-0530082/2022-01-02/2MASS_J04402325-0530082-20220102@130055-Eden.fits (76/173)
Storing /home/altsai/eden/LOT20220102_2MASS_J04402325-0530082_mod/2MASS_J04402325-0530082-20220102@130144-Eden.fts -> s3://eden-data/RAW/LOT/2MASS_J04402325-0530082/2022-01-02/2MASS_J04402325-0530082-20220102@130144-Eden.fits (77/173)
Storing /home/altsai/eden/LOT20220102_2MASS_J04402325-0530082_mod/2MASS_J04402325-0530082-20220102@130230-Eden.fts -> s3://eden-data/RAW/LOT/2MASS_J04402325-0530082/2022-01-02/2MASS_J04402325-0530082-20220102@130230-Eden.fits (78/173)
Storing /home/altsai/eden/LOT20220102_2MASS_J04402325-0530082_mod/2MASS_J04402325-0530082-20220102@130317-Eden.fts -> s3://eden-data/RAW/LOT/2MASS_J04402325-0530082/2022-01-02/2MASS_J04402325-0530082-20220102@130317-Eden.fits (79/173)
Storing /home/altsai/eden/LOT20220102_2MASS_J04402325-0530082_mod/2MASS_J04402325-0530082-20220102@130404-Eden.fts -> s3://eden-data/RAW/LOT/2MASS_J04402325-0530082/2022-01-02/2MASS_J04402325-0530082-20220102@130404-Eden.fits (80/173)
Storing /home/altsai/eden/LOT20220102_2MASS_J04402325-0530082_mod/2MASS_J04402325-0530082-20220102@130450-Eden.fts -> s3://eden-data/RAW/LOT/2MASS_J04402325-0530082/2022-01-02/2MASS_J04402325-0530082-20220102@130450-Eden.fits (81/173)
Storing /home/altsai/eden/LOT20220102_2MASS_J04402325-0530082_mod/2MASS_J04402325-0530082-20220102@130538-Eden.fts -> s3://eden-data/RAW/LOT/2MASS_J04402325-0530082/2022-01-02/2MASS_J04402325-0530082-20220102@130538-Eden.fits (82/173)
Storing /home/altsai/eden/LOT20220102_2MASS_J04402325-0530082_mod/2MASS_J04402325-0530082-20220102@130624-Eden.fts -> s3://eden-data/RAW/LOT/2MASS_J04402325-0530082/2022-01-02/2MASS_J04402325-0530082-20220102@130624-Eden.fits (83/173)
Storing /home/altsai/eden/LOT20220102_2MASS_J04402325-0530082_mod/2MASS_J04402325-0530082-20220102@130710-Eden.fts -> s3://eden-data/RAW/LOT/2MASS_J04402325-0530082/2022-01-02/2MASS_J04402325-0530082-20220102@130710-Eden.fits (84/173)
Storing /home/altsai/eden/LOT20220102_2MASS_J04402325-0530082_mod/2MASS_J04402325-0530082-20220102@130757-Eden.fts -> s3://eden-data/RAW/LOT/2MASS_J04402325-0530082/2022-01-02/2MASS_J04402325-0530082-20220102@130757-Eden.fits (85/173)
Storing /home/altsai/eden/LOT20220102_2MASS_J04402325-0530082_mod/2MASS_J04402325-0530082-20220102@130842-Eden.fts -> s3://eden-data/RAW/LOT/2MASS_J04402325-0530082/2022-01-02/2MASS_J04402325-0530082-20220102@130842-Eden.fits (86/173)
Storing /home/altsai/eden/LOT20220102_2MASS_J04402325-0530082_mod/2MASS_J04402325-0530082-20220102@130929-Eden.fts -> s3://eden-data/RAW/LOT/2MASS_J04402325-0530082/2022-01-02/2MASS_J04402325-0530082-20220102@130929-Eden.fits (87/173)
Storing /home/altsai/eden/LOT20220102_2MASS_J04402325-0530082_mod/2MASS_J04402325-0530082-20220102@131016-Eden.fts -> s3://eden-data/RAW/LOT/2MASS_J04402325-0530082/2022-01-02/2MASS_J04402325-0530082-20220102@131016-Eden.fits (88/173)
Storing /home/altsai/eden/LOT20220102_2MASS_J04402325-0530082_mod/2MASS_J04402325-0530082-20220102@131103-Eden.fts -> s3://eden-data/RAW/LOT/2MASS_J04402325-0530082/2022-01-02/2MASS_J04402325-0530082-20220102@131103-Eden.fits (89/173)
Storing /home/altsai/eden/LOT20220102_2MASS_J04402325-0530082_mod/2MASS_J04402325-0530082-20220102@131149-Eden.fts -> s3://eden-data/RAW/LOT/2MASS_J04402325-0530082/2022-01-02/2MASS_J04402325-0530082-20220102@131149-Eden.fits (90/173)
Storing /home/altsai/eden/LOT20220102_2MASS_J04402325-0530082_mod/2MASS_J04402325-0530082-20220102@131236-Eden.fts -> s3://eden-data/RAW/LOT/2MASS_J04402325-0530082/2022-01-02/2MASS_J04402325-0530082-20220102@131236-Eden.fits (91/173)
Storing /home/altsai/eden/LOT20220102_2MASS_J04402325-0530082_mod/2MASS_J04402325-0530082-20220102@131322-Eden.fts -> s3://eden-data/RAW/LOT/2MASS_J04402325-0530082/2022-01-02/2MASS_J04402325-0530082-20220102@131322-Eden.fits (92/173)
Storing /home/altsai/eden/LOT20220102_2MASS_J04402325-0530082_mod/2MASS_J04402325-0530082-20220102@131409-Eden.fts -> s3://eden-data/RAW/LOT/2MASS_J04402325-0530082/2022-01-02/2MASS_J04402325-0530082-20220102@131409-Eden.fits (93/173)
Storing /home/altsai/eden/LOT20220102_2MASS_J04402325-0530082_mod/2MASS_J04402325-0530082-20220102@131456-Eden.fts -> s3://eden-data/RAW/LOT/2MASS_J04402325-0530082/2022-01-02/2MASS_J04402325-0530082-20220102@131456-Eden.fits (94/173)
Storing /home/altsai/eden/LOT20220102_2MASS_J04402325-0530082_mod/2MASS_J04402325-0530082-20220102@131542-Eden.fts -> s3://eden-data/RAW/LOT/2MASS_J04402325-0530082/2022-01-02/2MASS_J04402325-0530082-20220102@131542-Eden.fits (95/173)
Storing /home/altsai/eden/LOT20220102_2MASS_J04402325-0530082_mod/2MASS_J04402325-0530082-20220102@131629-Eden.fts -> s3://eden-data/RAW/LOT/2MASS_J04402325-0530082/2022-01-02/2MASS_J04402325-0530082-20220102@131629-Eden.fits (96/173)
Storing /home/altsai/eden/LOT20220102_2MASS_J04402325-0530082_mod/2MASS_J04402325-0530082-20220102@131715-Eden.fts -> s3://eden-data/RAW/LOT/2MASS_J04402325-0530082/2022-01-02/2MASS_J04402325-0530082-20220102@131715-Eden.fits (97/173)
Storing /home/altsai/eden/LOT20220102_2MASS_J04402325-0530082_mod/2MASS_J04402325-0530082-20220102@131802-Eden.fts -> s3://eden-data/RAW/LOT/2MASS_J04402325-0530082/2022-01-02/2MASS_J04402325-0530082-20220102@131802-Eden.fits (98/173)
Storing /home/altsai/eden/LOT20220102_2MASS_J04402325-0530082_mod/2MASS_J04402325-0530082-20220102@131849-Eden.fts -> s3://eden-data/RAW/LOT/2MASS_J04402325-0530082/2022-01-02/2MASS_J04402325-0530082-20220102@131849-Eden.fits (99/173)
Storing /home/altsai/eden/LOT20220102_2MASS_J04402325-0530082_mod/2MASS_J04402325-0530082-20220102@131935-Eden.fts -> s3://eden-data/RAW/LOT/2MASS_J04402325-0530082/2022-01-02/2MASS_J04402325-0530082-20220102@131935-Eden.fits (100/173)
Storing /home/altsai/eden/LOT20220102_2MASS_J04402325-0530082_mod/2MASS_J04402325-0530082-20220102@132024-Eden.fts -> s3://eden-data/RAW/LOT/2MASS_J04402325-0530082/2022-01-02/2MASS_J04402325-0530082-20220102@132024-Eden.fits (101/173)
Storing /home/altsai/eden/LOT20220102_2MASS_J04402325-0530082_mod/2MASS_J04402325-0530082-20220102@132110-Eden.fts -> s3://eden-data/RAW/LOT/2MASS_J04402325-0530082/2022-01-02/2MASS_J04402325-0530082-20220102@132110-Eden.fits (102/173)
Storing /home/altsai/eden/LOT20220102_2MASS_J04402325-0530082_mod/2MASS_J04402325-0530082-20220102@132158-Eden.fts -> s3://eden-data/RAW/LOT/2MASS_J04402325-0530082/2022-01-02/2MASS_J04402325-0530082-20220102@132158-Eden.fits (103/173)
Storing /home/altsai/eden/LOT20220102_2MASS_J04402325-0530082_mod/2MASS_J04402325-0530082-20220102@132245-Eden.fts -> s3://eden-data/RAW/LOT/2MASS_J04402325-0530082/2022-01-02/2MASS_J04402325-0530082-20220102@132245-Eden.fits (104/173)
Storing /home/altsai/eden/LOT20220102_2MASS_J04402325-0530082_mod/2MASS_J04402325-0530082-20220102@132332-Eden.fts -> s3://eden-data/RAW/LOT/2MASS_J04402325-0530082/2022-01-02/2MASS_J04402325-0530082-20220102@132332-Eden.fits (105/173)
Storing /home/altsai/eden/LOT20220102_2MASS_J04402325-0530082_mod/2MASS_J04402325-0530082-20220102@132418-Eden.fts -> s3://eden-data/RAW/LOT/2MASS_J04402325-0530082/2022-01-02/2MASS_J04402325-0530082-20220102@132418-Eden.fits (106/173)
Storing /home/altsai/eden/LOT20220102_2MASS_J04402325-0530082_mod/2MASS_J04402325-0530082-20220102@132506-Eden.fts -> s3://eden-data/RAW/LOT/2MASS_J04402325-0530082/2022-01-02/2MASS_J04402325-0530082-20220102@132506-Eden.fits (107/173)
Storing /home/altsai/eden/LOT20220102_2MASS_J04402325-0530082_mod/2MASS_J04402325-0530082-20220102@132552-Eden.fts -> s3://eden-data/RAW/LOT/2MASS_J04402325-0530082/2022-01-02/2MASS_J04402325-0530082-20220102@132552-Eden.fits (108/173)
Storing /home/altsai/eden/LOT20220102_2MASS_J04402325-0530082_mod/2MASS_J04402325-0530082-20220102@132639-Eden.fts -> s3://eden-data/RAW/LOT/2MASS_J04402325-0530082/2022-01-02/2MASS_J04402325-0530082-20220102@132639-Eden.fits (109/173)
Storing /home/altsai/eden/LOT20220102_2MASS_J04402325-0530082_mod/2MASS_J04402325-0530082-20220102@132727-Eden.fts -> s3://eden-data/RAW/LOT/2MASS_J04402325-0530082/2022-01-02/2MASS_J04402325-0530082-20220102@132727-Eden.fits (110/173)
Storing /home/altsai/eden/LOT20220102_2MASS_J04402325-0530082_mod/2MASS_J04402325-0530082-20220102@132814-Eden.fts -> s3://eden-data/RAW/LOT/2MASS_J04402325-0530082/2022-01-02/2MASS_J04402325-0530082-20220102@132814-Eden.fits (111/173)
Storing /home/altsai/eden/LOT20220102_2MASS_J04402325-0530082_mod/2MASS_J04402325-0530082-20220102@132902-Eden.fts -> s3://eden-data/RAW/LOT/2MASS_J04402325-0530082/2022-01-02/2MASS_J04402325-0530082-20220102@132902-Eden.fits (112/173)
Storing /home/altsai/eden/LOT20220102_2MASS_J04402325-0530082_mod/2MASS_J04402325-0530082-20220102@132948-Eden.fts -> s3://eden-data/RAW/LOT/2MASS_J04402325-0530082/2022-01-02/2MASS_J04402325-0530082-20220102@132948-Eden.fits (113/173)
Storing /home/altsai/eden/LOT20220102_2MASS_J04402325-0530082_mod/2MASS_J04402325-0530082-20220102@133035-Eden.fts -> s3://eden-data/RAW/LOT/2MASS_J04402325-0530082/2022-01-02/2MASS_J04402325-0530082-20220102@133035-Eden.fits (114/173)
Storing /home/altsai/eden/LOT20220102_2MASS_J04402325-0530082_mod/2MASS_J04402325-0530082-20220102@133121-Eden.fts -> s3://eden-data/RAW/LOT/2MASS_J04402325-0530082/2022-01-02/2MASS_J04402325-0530082-20220102@133121-Eden.fits (115/173)
Storing /home/altsai/eden/LOT20220102_2MASS_J04402325-0530082_mod/2MASS_J04402325-0530082-20220102@133208-Eden.fts -> s3://eden-data/RAW/LOT/2MASS_J04402325-0530082/2022-01-02/2MASS_J04402325-0530082-20220102@133208-Eden.fits (116/173)
Storing /home/altsai/eden/LOT20220102_2MASS_J04402325-0530082_mod/2MASS_J04402325-0530082-20220102@133255-Eden.fts -> s3://eden-data/RAW/LOT/2MASS_J04402325-0530082/2022-01-02/2MASS_J04402325-0530082-20220102@133255-Eden.fits (117/173)
Storing /home/altsai/eden/LOT20220102_2MASS_J04402325-0530082_mod/2MASS_J04402325-0530082-20220102@133343-Eden.fts -> s3://eden-data/RAW/LOT/2MASS_J04402325-0530082/2022-01-02/2MASS_J04402325-0530082-20220102@133343-Eden.fits (118/173)
Storing /home/altsai/eden/LOT20220102_2MASS_J04402325-0530082_mod/2MASS_J04402325-0530082-20220102@133429-Eden.fts -> s3://eden-data/RAW/LOT/2MASS_J04402325-0530082/2022-01-02/2MASS_J04402325-0530082-20220102@133429-Eden.fits (119/173)
Storing /home/altsai/eden/LOT20220102_2MASS_J04402325-0530082_mod/2MASS_J04402325-0530082-20220102@133517-Eden.fts -> s3://eden-data/RAW/LOT/2MASS_J04402325-0530082/2022-01-02/2MASS_J04402325-0530082-20220102@133517-Eden.fits (120/173)
Storing /home/altsai/eden/LOT20220102_2MASS_J04402325-0530082_mod/2MASS_J04402325-0530082-20220102@133603-Eden.fts -> s3://eden-data/RAW/LOT/2MASS_J04402325-0530082/2022-01-02/2MASS_J04402325-0530082-20220102@133603-Eden.fits (121/173)
Storing /home/altsai/eden/LOT20220102_2MASS_J04402325-0530082_mod/2MASS_J04402325-0530082-20220102@133650-Eden.fts -> s3://eden-data/RAW/LOT/2MASS_J04402325-0530082/2022-01-02/2MASS_J04402325-0530082-20220102@133650-Eden.fits (122/173)
Storing /home/altsai/eden/LOT20220102_2MASS_J04402325-0530082_mod/2MASS_J04402325-0530082-20220102@133736-Eden.fts -> s3://eden-data/RAW/LOT/2MASS_J04402325-0530082/2022-01-02/2MASS_J04402325-0530082-20220102@133736-Eden.fits (123/173)
Storing /home/altsai/eden/LOT20220102_2MASS_J04402325-0530082_mod/2MASS_J04402325-0530082-20220102@133823-Eden.fts -> s3://eden-data/RAW/LOT/2MASS_J04402325-0530082/2022-01-02/2MASS_J04402325-0530082-20220102@133823-Eden.fits (124/173)
Storing /home/altsai/eden/LOT20220102_2MASS_J04402325-0530082_mod/2MASS_J04402325-0530082-20220102@133911-Eden.fts -> s3://eden-data/RAW/LOT/2MASS_J04402325-0530082/2022-01-02/2MASS_J04402325-0530082-20220102@133911-Eden.fits (125/173)
Storing /home/altsai/eden/LOT20220102_2MASS_J04402325-0530082_mod/2MASS_J04402325-0530082-20220102@133958-Eden.fts -> s3://eden-data/RAW/LOT/2MASS_J04402325-0530082/2022-01-02/2MASS_J04402325-0530082-20220102@133958-Eden.fits (126/173)
Storing /home/altsai/eden/LOT20220102_2MASS_J04402325-0530082_mod/2MASS_J04402325-0530082-20220102@134046-Eden.fts -> s3://eden-data/RAW/LOT/2MASS_J04402325-0530082/2022-01-02/2MASS_J04402325-0530082-20220102@134046-Eden.fits (127/173)
Storing /home/altsai/eden/LOT20220102_2MASS_J04402325-0530082_mod/2MASS_J04402325-0530082-20220102@134134-Eden.fts -> s3://eden-data/RAW/LOT/2MASS_J04402325-0530082/2022-01-02/2MASS_J04402325-0530082-20220102@134134-Eden.fits (128/173)
Storing /home/altsai/eden/LOT20220102_2MASS_J04402325-0530082_mod/2MASS_J04402325-0530082-20220102@134220-Eden.fts -> s3://eden-data/RAW/LOT/2MASS_J04402325-0530082/2022-01-02/2MASS_J04402325-0530082-20220102@134220-Eden.fits (129/173)
Storing /home/altsai/eden/LOT20220102_2MASS_J04402325-0530082_mod/2MASS_J04402325-0530082-20220102@134308-Eden.fts -> s3://eden-data/RAW/LOT/2MASS_J04402325-0530082/2022-01-02/2MASS_J04402325-0530082-20220102@134308-Eden.fits (130/173)
Storing /home/altsai/eden/LOT20220102_2MASS_J04402325-0530082_mod/2MASS_J04402325-0530082-20220102@134355-Eden.fts -> s3://eden-data/RAW/LOT/2MASS_J04402325-0530082/2022-01-02/2MASS_J04402325-0530082-20220102@134355-Eden.fits (131/173)
Storing /home/altsai/eden/LOT20220102_2MASS_J04402325-0530082_mod/2MASS_J04402325-0530082-20220102@134442-Eden.fts -> s3://eden-data/RAW/LOT/2MASS_J04402325-0530082/2022-01-02/2MASS_J04402325-0530082-20220102@134442-Eden.fits (132/173)
Storing /home/altsai/eden/LOT20220102_2MASS_J04402325-0530082_mod/2MASS_J04402325-0530082-20220102@134529-Eden.fts -> s3://eden-data/RAW/LOT/2MASS_J04402325-0530082/2022-01-02/2MASS_J04402325-0530082-20220102@134529-Eden.fits (133/173)
Storing /home/altsai/eden/LOT20220102_2MASS_J04402325-0530082_mod/2MASS_J04402325-0530082-20220102@134615-Eden.fts -> s3://eden-data/RAW/LOT/2MASS_J04402325-0530082/2022-01-02/2MASS_J04402325-0530082-20220102@134615-Eden.fits (134/173)
Storing /home/altsai/eden/LOT20220102_2MASS_J04402325-0530082_mod/2MASS_J04402325-0530082-20220102@134701-Eden.fts -> s3://eden-data/RAW/LOT/2MASS_J04402325-0530082/2022-01-02/2MASS_J04402325-0530082-20220102@134701-Eden.fits (135/173)
Storing /home/altsai/eden/LOT20220102_2MASS_J04402325-0530082_mod/2MASS_J04402325-0530082-20220102@134748-Eden.fts -> s3://eden-data/RAW/LOT/2MASS_J04402325-0530082/2022-01-02/2MASS_J04402325-0530082-20220102@134748-Eden.fits (136/173)
Storing /home/altsai/eden/LOT20220102_2MASS_J04402325-0530082_mod/2MASS_J04402325-0530082-20220102@134836-Eden.fts -> s3://eden-data/RAW/LOT/2MASS_J04402325-0530082/2022-01-02/2MASS_J04402325-0530082-20220102@134836-Eden.fits (137/173)
Storing /home/altsai/eden/LOT20220102_2MASS_J04402325-0530082_mod/2MASS_J04402325-0530082-20220102@134922-Eden.fts -> s3://eden-data/RAW/LOT/2MASS_J04402325-0530082/2022-01-02/2MASS_J04402325-0530082-20220102@134922-Eden.fits (138/173)
Storing /home/altsai/eden/LOT20220102_2MASS_J04402325-0530082_mod/2MASS_J04402325-0530082-20220102@135009-Eden.fts -> s3://eden-data/RAW/LOT/2MASS_J04402325-0530082/2022-01-02/2MASS_J04402325-0530082-20220102@135009-Eden.fits (139/173)
Storing /home/altsai/eden/LOT20220102_2MASS_J04402325-0530082_mod/2MASS_J04402325-0530082-20220102@135055-Eden.fts -> s3://eden-data/RAW/LOT/2MASS_J04402325-0530082/2022-01-02/2MASS_J04402325-0530082-20220102@135055-Eden.fits (140/173)
Storing /home/altsai/eden/LOT20220102_2MASS_J04402325-0530082_mod/2MASS_J04402325-0530082-20220102@135142-Eden.fts -> s3://eden-data/RAW/LOT/2MASS_J04402325-0530082/2022-01-02/2MASS_J04402325-0530082-20220102@135142-Eden.fits (141/173)
Storing /home/altsai/eden/LOT20220102_2MASS_J04402325-0530082_mod/2MASS_J04402325-0530082-20220102@135229-Eden.fts -> s3://eden-data/RAW/LOT/2MASS_J04402325-0530082/2022-01-02/2MASS_J04402325-0530082-20220102@135229-Eden.fits (142/173)
Storing /home/altsai/eden/LOT20220102_2MASS_J04402325-0530082_mod/2MASS_J04402325-0530082-20220102@135315-Eden.fts -> s3://eden-data/RAW/LOT/2MASS_J04402325-0530082/2022-01-02/2MASS_J04402325-0530082-20220102@135315-Eden.fits (143/173)
Storing /home/altsai/eden/LOT20220102_2MASS_J04402325-0530082_mod/2MASS_J04402325-0530082-20220102@135403-Eden.fts -> s3://eden-data/RAW/LOT/2MASS_J04402325-0530082/2022-01-02/2MASS_J04402325-0530082-20220102@135403-Eden.fits (144/173)
Storing /home/altsai/eden/LOT20220102_2MASS_J04402325-0530082_mod/2MASS_J04402325-0530082-20220102@135451-Eden.fts -> s3://eden-data/RAW/LOT/2MASS_J04402325-0530082/2022-01-02/2MASS_J04402325-0530082-20220102@135451-Eden.fits (145/173)
Storing /home/altsai/eden/LOT20220102_2MASS_J04402325-0530082_mod/2MASS_J04402325-0530082-20220102@135539-Eden.fts -> s3://eden-data/RAW/LOT/2MASS_J04402325-0530082/2022-01-02/2MASS_J04402325-0530082-20220102@135539-Eden.fits (146/173)
Storing /home/altsai/eden/LOT20220102_2MASS_J04402325-0530082_mod/2MASS_J04402325-0530082-20220102@135625-Eden.fts -> s3://eden-data/RAW/LOT/2MASS_J04402325-0530082/2022-01-02/2MASS_J04402325-0530082-20220102@135625-Eden.fits (147/173)
Storing /home/altsai/eden/LOT20220102_2MASS_J04402325-0530082_mod/2MASS_J04402325-0530082-20220102@135712-Eden.fts -> s3://eden-data/RAW/LOT/2MASS_J04402325-0530082/2022-01-02/2MASS_J04402325-0530082-20220102@135712-Eden.fits (148/173)
Storing /home/altsai/eden/LOT20220102_2MASS_J04402325-0530082_mod/2MASS_J04402325-0530082-20220102@135759-Eden.fts -> s3://eden-data/RAW/LOT/2MASS_J04402325-0530082/2022-01-02/2MASS_J04402325-0530082-20220102@135759-Eden.fits (149/173)
Storing /home/altsai/eden/LOT20220102_2MASS_J04402325-0530082_mod/2MASS_J04402325-0530082-20220102@135845-Eden.fts -> s3://eden-data/RAW/LOT/2MASS_J04402325-0530082/2022-01-02/2MASS_J04402325-0530082-20220102@135845-Eden.fits (150/173)
Storing /home/altsai/eden/LOT20220102_2MASS_J04402325-0530082_mod/2MASS_J04402325-0530082-20220102@135931-Eden.fts -> s3://eden-data/RAW/LOT/2MASS_J04402325-0530082/2022-01-02/2MASS_J04402325-0530082-20220102@135931-Eden.fits (151/173)
Storing /home/altsai/eden/LOT20220102_2MASS_J04402325-0530082_mod/2MASS_J04402325-0530082-20220102@140018-Eden.fts -> s3://eden-data/RAW/LOT/2MASS_J04402325-0530082/2022-01-02/2MASS_J04402325-0530082-20220102@140018-Eden.fits (152/173)
Storing /home/altsai/eden/LOT20220102_2MASS_J04402325-0530082_mod/2MASS_J04402325-0530082-20220102@140105-Eden.fts -> s3://eden-data/RAW/LOT/2MASS_J04402325-0530082/2022-01-02/2MASS_J04402325-0530082-20220102@140105-Eden.fits (153/173)
Storing /home/altsai/eden/LOT20220102_2MASS_J04402325-0530082_mod/2MASS_J04402325-0530082-20220102@140152-Eden.fts -> s3://eden-data/RAW/LOT/2MASS_J04402325-0530082/2022-01-02/2MASS_J04402325-0530082-20220102@140152-Eden.fits (154/173)
Storing /home/altsai/eden/LOT20220102_2MASS_J04402325-0530082_mod/2MASS_J04402325-0530082-20220102@140239-Eden.fts -> s3://eden-data/RAW/LOT/2MASS_J04402325-0530082/2022-01-02/2MASS_J04402325-0530082-20220102@140239-Eden.fits (155/173)
Storing /home/altsai/eden/LOT20220102_2MASS_J04402325-0530082_mod/2MASS_J04402325-0530082-20220102@140327-Eden.fts -> s3://eden-data/RAW/LOT/2MASS_J04402325-0530082/2022-01-02/2MASS_J04402325-0530082-20220102@140327-Eden.fits (156/173)
Storing /home/altsai/eden/LOT20220102_2MASS_J04402325-0530082_mod/2MASS_J04402325-0530082-20220102@140415-Eden.fts -> s3://eden-data/RAW/LOT/2MASS_J04402325-0530082/2022-01-02/2MASS_J04402325-0530082-20220102@140415-Eden.fits (157/173)
Storing /home/altsai/eden/LOT20220102_2MASS_J04402325-0530082_mod/2MASS_J04402325-0530082-20220102@140501-Eden.fts -> s3://eden-data/RAW/LOT/2MASS_J04402325-0530082/2022-01-02/2MASS_J04402325-0530082-20220102@140501-Eden.fits (158/173)
Storing /home/altsai/eden/LOT20220102_2MASS_J04402325-0530082_mod/2MASS_J04402325-0530082-20220102@140547-Eden.fts -> s3://eden-data/RAW/LOT/2MASS_J04402325-0530082/2022-01-02/2MASS_J04402325-0530082-20220102@140547-Eden.fits (159/173)
Storing /home/altsai/eden/LOT20220102_2MASS_J04402325-0530082_mod/2MASS_J04402325-0530082-20220102@140634-Eden.fts -> s3://eden-data/RAW/LOT/2MASS_J04402325-0530082/2022-01-02/2MASS_J04402325-0530082-20220102@140634-Eden.fits (160/173)
Storing /home/altsai/eden/LOT20220102_2MASS_J04402325-0530082_mod/2MASS_J04402325-0530082-20220102@140721-Eden.fts -> s3://eden-data/RAW/LOT/2MASS_J04402325-0530082/2022-01-02/2MASS_J04402325-0530082-20220102@140721-Eden.fits (161/173)
Storing /home/altsai/eden/LOT20220102_2MASS_J04402325-0530082_mod/2MASS_J04402325-0530082-20220102@140809-Eden.fts -> s3://eden-data/RAW/LOT/2MASS_J04402325-0530082/2022-01-02/2MASS_J04402325-0530082-20220102@140809-Eden.fits (162/173)
Storing /home/altsai/eden/LOT20220102_2MASS_J04402325-0530082_mod/2MASS_J04402325-0530082-20220102@140856-Eden.fts -> s3://eden-data/RAW/LOT/2MASS_J04402325-0530082/2022-01-02/2MASS_J04402325-0530082-20220102@140856-Eden.fits (163/173)
Storing /home/altsai/eden/LOT20220102_2MASS_J04402325-0530082_mod/2MASS_J04402325-0530082-20220102@140944-Eden.fts -> s3://eden-data/RAW/LOT/2MASS_J04402325-0530082/2022-01-02/2MASS_J04402325-0530082-20220102@140944-Eden.fits (164/173)
Storing /home/altsai/eden/LOT20220102_2MASS_J04402325-0530082_mod/2MASS_J04402325-0530082-20220102@141030-Eden.fts -> s3://eden-data/RAW/LOT/2MASS_J04402325-0530082/2022-01-02/2MASS_J04402325-0530082-20220102@141030-Eden.fits (165/173)
Storing /home/altsai/eden/LOT20220102_2MASS_J04402325-0530082_mod/2MASS_J04402325-0530082-20220102@141117-Eden.fts -> s3://eden-data/RAW/LOT/2MASS_J04402325-0530082/2022-01-02/2MASS_J04402325-0530082-20220102@141117-Eden.fits (166/173)
Storing /home/altsai/eden/LOT20220102_2MASS_J04402325-0530082_mod/2MASS_J04402325-0530082-20220102@141203-Eden.fts -> s3://eden-data/RAW/LOT/2MASS_J04402325-0530082/2022-01-02/2MASS_J04402325-0530082-20220102@141203-Eden.fits (167/173)
Storing /home/altsai/eden/LOT20220102_2MASS_J04402325-0530082_mod/2MASS_J04402325-0530082-20220102@141250-Eden.fts -> s3://eden-data/RAW/LOT/2MASS_J04402325-0530082/2022-01-02/2MASS_J04402325-0530082-20220102@141250-Eden.fits (168/173)
Storing /home/altsai/eden/LOT20220102_2MASS_J04402325-0530082_mod/2MASS_J04402325-0530082-20220102@141337-Eden.fts -> s3://eden-data/RAW/LOT/2MASS_J04402325-0530082/2022-01-02/2MASS_J04402325-0530082-20220102@141337-Eden.fits (169/173)
Storing /home/altsai/eden/LOT20220102_2MASS_J04402325-0530082_mod/2MASS_J04402325-0530082-20220102@141424-Eden.fts -> s3://eden-data/RAW/LOT/2MASS_J04402325-0530082/2022-01-02/2MASS_J04402325-0530082-20220102@141424-Eden.fits (170/173)
Storing /home/altsai/eden/LOT20220102_2MASS_J04402325-0530082_mod/2MASS_J04402325-0530082-20220102@141511-Eden.fts -> s3://eden-data/RAW/LOT/2MASS_J04402325-0530082/2022-01-02/2MASS_J04402325-0530082-20220102@141511-Eden.fits (171/173)
Storing /home/altsai/eden/LOT20220102_2MASS_J04402325-0530082_mod/2MASS_J04402325-0530082-20220102@141558-Eden.fts -> s3://eden-data/RAW/LOT/2MASS_J04402325-0530082/2022-01-02/2MASS_J04402325-0530082-20220102@141558-Eden.fits (172/173)
Storing /home/altsai/eden/LOT20220102_2MASS_J04402325-0530082_mod/2MASS_J04402325-0530082-20220102@141645-Eden.fts -> s3://eden-data/RAW/LOT/2MASS_J04402325-0530082/2022-01-02/2MASS_J04402325-0530082-20220102@141645-Eden.fits (173/173)

Upload complete!
Stored: 173 files (1.5 GB)
