Bucket successfully loaded! eden-data
424 files found
Storing data to the S3 archive!
Doing a dry run - uploads will not be committed.
Verbose output enabled.
Storing /home/altsai/eden/LOT20201201_LSPM_J0419+4233_mod/LSPM_J0419+4233-20201201@120307-Eden.fts -> s3://eden-data/RAW/LOT/LSPM_J0419+4233/2020-12-01/LSPM_J0419+4233-20201201@120307-Eden.fits (1/424) (dry run)
Storing /home/altsai/eden/LOT20201201_LSPM_J0419+4233_mod/LSPM_J0419+4233-20201201@120422-Eden.fts -> s3://eden-data/RAW/LOT/LSPM_J0419+4233/2020-12-01/LSPM_J0419+4233-20201201@120422-Eden.fits (2/424) (dry run)
Storing /home/altsai/eden/LOT20201201_LSPM_J0419+4233_mod/LSPM_J0419+4233-20201201@120738-Eden.fts -> s3://eden-data/RAW/LOT/LSPM_J0419+4233/2020-12-01/LSPM_J0419+4233-20201201@120738-Eden.fits (3/424) (dry run)
Storing /home/altsai/eden/LOT20201201_LSPM_J0419+4233_mod/LSPM_J0419+4233-20201201@120855-Eden.fts -> s3://eden-data/RAW/LOT/LSPM_J0419+4233/2020-12-01/LSPM_J0419+4233-20201201@120855-Eden.fits (4/424) (dry run)
Storing /home/altsai/eden/LOT20201201_LSPM_J0419+4233_mod/LSPM_J0419+4233-20201201@121009-Eden.fts -> s3://eden-data/RAW/LOT/LSPM_J0419+4233/2020-12-01/LSPM_J0419+4233-20201201@121009-Eden.fits (5/424) (dry run)
Storing /home/altsai/eden/LOT20201201_LSPM_J0419+4233_mod/LSPM_J0419+4233-20201201@121125-Eden.fts -> s3://eden-data/RAW/LOT/LSPM_J0419+4233/2020-12-01/LSPM_J0419+4233-20201201@121125-Eden.fits (6/424) (dry run)
Storing /home/altsai/eden/LOT20201201_LSPM_J0419+4233_mod/LSPM_J0419+4233-20201201@121240-Eden.fts -> s3://eden-data/RAW/LOT/LSPM_J0419+4233/2020-12-01/LSPM_J0419+4233-20201201@121240-Eden.fits (7/424) (dry run)
Storing /home/altsai/eden/LOT20201201_LSPM_J0419+4233_mod/LSPM_J0419+4233-20201201@121356-Eden.fts -> s3://eden-data/RAW/LOT/LSPM_J0419+4233/2020-12-01/LSPM_J0419+4233-20201201@121356-Eden.fits (8/424) (dry run)
Storing /home/altsai/eden/LOT20201201_LSPM_J0419+4233_mod/LSPM_J0419+4233-20201201@121512-Eden.fts -> s3://eden-data/RAW/LOT/LSPM_J0419+4233/2020-12-01/LSPM_J0419+4233-20201201@121512-Eden.fits (9/424) (dry run)
Storing /home/altsai/eden/LOT20201201_LSPM_J0419+4233_mod/LSPM_J0419+4233-20201201@121627-Eden.fts -> s3://eden-data/RAW/LOT/LSPM_J0419+4233/2020-12-01/LSPM_J0419+4233-20201201@121627-Eden.fits (10/424) (dry run)
Storing /home/altsai/eden/LOT20201201_LSPM_J0419+4233_mod/LSPM_J0419+4233-20201201@121743-Eden.fts -> s3://eden-data/RAW/LOT/LSPM_J0419+4233/2020-12-01/LSPM_J0419+4233-20201201@121743-Eden.fits (11/424) (dry run)
Storing /home/altsai/eden/LOT20201201_LSPM_J0419+4233_mod/LSPM_J0419+4233-20201201@121858-Eden.fts -> s3://eden-data/RAW/LOT/LSPM_J0419+4233/2020-12-01/LSPM_J0419+4233-20201201@121858-Eden.fits (12/424) (dry run)
Storing /home/altsai/eden/LOT20201201_LSPM_J0419+4233_mod/LSPM_J0419+4233-20201201@122013-Eden.fts -> s3://eden-data/RAW/LOT/LSPM_J0419+4233/2020-12-01/LSPM_J0419+4233-20201201@122013-Eden.fits (13/424) (dry run)
Storing /home/altsai/eden/LOT20201201_LSPM_J0419+4233_mod/LSPM_J0419+4233-20201201@122128-Eden.fts -> s3://eden-data/RAW/LOT/LSPM_J0419+4233/2020-12-01/LSPM_J0419+4233-20201201@122128-Eden.fits (14/424) (dry run)
Storing /home/altsai/eden/LOT20201201_LSPM_J0419+4233_mod/LSPM_J0419+4233-20201201@122242-Eden.fts -> s3://eden-data/RAW/LOT/LSPM_J0419+4233/2020-12-01/LSPM_J0419+4233-20201201@122242-Eden.fits (15/424) (dry run)
Storing /home/altsai/eden/LOT20201201_LSPM_J0419+4233_mod/LSPM_J0419+4233-20201201@122357-Eden.fts -> s3://eden-data/RAW/LOT/LSPM_J0419+4233/2020-12-01/LSPM_J0419+4233-20201201@122357-Eden.fits (16/424) (dry run)
Storing /home/altsai/eden/LOT20201201_LSPM_J0419+4233_mod/LSPM_J0419+4233-20201201@122515-Eden.fts -> s3://eden-data/RAW/LOT/LSPM_J0419+4233/2020-12-01/LSPM_J0419+4233-20201201@122515-Eden.fits (17/424) (dry run)
Storing /home/altsai/eden/LOT20201201_LSPM_J0419+4233_mod/LSPM_J0419+4233-20201201@122631-Eden.fts -> s3://eden-data/RAW/LOT/LSPM_J0419+4233/2020-12-01/LSPM_J0419+4233-20201201@122631-Eden.fits (18/424) (dry run)
Storing /home/altsai/eden/LOT20201201_LSPM_J0419+4233_mod/LSPM_J0419+4233-20201201@122747-Eden.fts -> s3://eden-data/RAW/LOT/LSPM_J0419+4233/2020-12-01/LSPM_J0419+4233-20201201@122747-Eden.fits (19/424) (dry run)
Storing /home/altsai/eden/LOT20201201_LSPM_J0419+4233_mod/LSPM_J0419+4233-20201201@122901-Eden.fts -> s3://eden-data/RAW/LOT/LSPM_J0419+4233/2020-12-01/LSPM_J0419+4233-20201201@122901-Eden.fits (20/424) (dry run)
Storing /home/altsai/eden/LOT20201201_LSPM_J0419+4233_mod/LSPM_J0419+4233-20201201@123018-Eden.fts -> s3://eden-data/RAW/LOT/LSPM_J0419+4233/2020-12-01/LSPM_J0419+4233-20201201@123018-Eden.fits (21/424) (dry run)
Storing /home/altsai/eden/LOT20201201_LSPM_J0419+4233_mod/LSPM_J0419+4233-20201201@123132-Eden.fts -> s3://eden-data/RAW/LOT/LSPM_J0419+4233/2020-12-01/LSPM_J0419+4233-20201201@123132-Eden.fits (22/424) (dry run)
Storing /home/altsai/eden/LOT20201201_LSPM_J0419+4233_mod/LSPM_J0419+4233-20201201@123248-Eden.fts -> s3://eden-data/RAW/LOT/LSPM_J0419+4233/2020-12-01/LSPM_J0419+4233-20201201@123248-Eden.fits (23/424) (dry run)
Storing /home/altsai/eden/LOT20201201_LSPM_J0419+4233_mod/LSPM_J0419+4233-20201201@123404-Eden.fts -> s3://eden-data/RAW/LOT/LSPM_J0419+4233/2020-12-01/LSPM_J0419+4233-20201201@123404-Eden.fits (24/424) (dry run)
Storing /home/altsai/eden/LOT20201201_LSPM_J0419+4233_mod/LSPM_J0419+4233-20201201@123518-Eden.fts -> s3://eden-data/RAW/LOT/LSPM_J0419+4233/2020-12-01/LSPM_J0419+4233-20201201@123518-Eden.fits (25/424) (dry run)
Storing /home/altsai/eden/LOT20201201_LSPM_J0419+4233_mod/LSPM_J0419+4233-20201201@123633-Eden.fts -> s3://eden-data/RAW/LOT/LSPM_J0419+4233/2020-12-01/LSPM_J0419+4233-20201201@123633-Eden.fits (26/424) (dry run)
Storing /home/altsai/eden/LOT20201201_LSPM_J0419+4233_mod/LSPM_J0419+4233-20201201@123747-Eden.fts -> s3://eden-data/RAW/LOT/LSPM_J0419+4233/2020-12-01/LSPM_J0419+4233-20201201@123747-Eden.fits (27/424) (dry run)
Storing /home/altsai/eden/LOT20201201_LSPM_J0419+4233_mod/LSPM_J0419+4233-20201201@123903-Eden.fts -> s3://eden-data/RAW/LOT/LSPM_J0419+4233/2020-12-01/LSPM_J0419+4233-20201201@123903-Eden.fits (28/424) (dry run)
Storing /home/altsai/eden/LOT20201201_LSPM_J0419+4233_mod/LSPM_J0419+4233-20201201@124017-Eden.fts -> s3://eden-data/RAW/LOT/LSPM_J0419+4233/2020-12-01/LSPM_J0419+4233-20201201@124017-Eden.fits (29/424) (dry run)
Storing /home/altsai/eden/LOT20201201_LSPM_J0419+4233_mod/LSPM_J0419+4233-20201201@124133-Eden.fts -> s3://eden-data/RAW/LOT/LSPM_J0419+4233/2020-12-01/LSPM_J0419+4233-20201201@124133-Eden.fits (30/424) (dry run)
Storing /home/altsai/eden/LOT20201201_LSPM_J0419+4233_mod/LSPM_J0419+4233-20201201@124250-Eden.fts -> s3://eden-data/RAW/LOT/LSPM_J0419+4233/2020-12-01/LSPM_J0419+4233-20201201@124250-Eden.fits (31/424) (dry run)
Storing /home/altsai/eden/LOT20201201_LSPM_J0419+4233_mod/LSPM_J0419+4233-20201201@124405-Eden.fts -> s3://eden-data/RAW/LOT/LSPM_J0419+4233/2020-12-01/LSPM_J0419+4233-20201201@124405-Eden.fits (32/424) (dry run)
Storing /home/altsai/eden/LOT20201201_LSPM_J0419+4233_mod/LSPM_J0419+4233-20201201@124519-Eden.fts -> s3://eden-data/RAW/LOT/LSPM_J0419+4233/2020-12-01/LSPM_J0419+4233-20201201@124519-Eden.fits (33/424) (dry run)
Storing /home/altsai/eden/LOT20201201_LSPM_J0419+4233_mod/LSPM_J0419+4233-20201201@124635-Eden.fts -> s3://eden-data/RAW/LOT/LSPM_J0419+4233/2020-12-01/LSPM_J0419+4233-20201201@124635-Eden.fits (34/424) (dry run)
Storing /home/altsai/eden/LOT20201201_LSPM_J0419+4233_mod/LSPM_J0419+4233-20201201@124750-Eden.fts -> s3://eden-data/RAW/LOT/LSPM_J0419+4233/2020-12-01/LSPM_J0419+4233-20201201@124750-Eden.fits (35/424) (dry run)
Storing /home/altsai/eden/LOT20201201_LSPM_J0419+4233_mod/LSPM_J0419+4233-20201201@124905-Eden.fts -> s3://eden-data/RAW/LOT/LSPM_J0419+4233/2020-12-01/LSPM_J0419+4233-20201201@124905-Eden.fits (36/424) (dry run)
Storing /home/altsai/eden/LOT20201201_LSPM_J0419+4233_mod/LSPM_J0419+4233-20201201@125021-Eden.fts -> s3://eden-data/RAW/LOT/LSPM_J0419+4233/2020-12-01/LSPM_J0419+4233-20201201@125021-Eden.fits (37/424) (dry run)
Storing /home/altsai/eden/LOT20201201_LSPM_J0419+4233_mod/LSPM_J0419+4233-20201201@125136-Eden.fts -> s3://eden-data/RAW/LOT/LSPM_J0419+4233/2020-12-01/LSPM_J0419+4233-20201201@125136-Eden.fits (38/424) (dry run)
Storing /home/altsai/eden/LOT20201201_LSPM_J0419+4233_mod/LSPM_J0419+4233-20201201@125250-Eden.fts -> s3://eden-data/RAW/LOT/LSPM_J0419+4233/2020-12-01/LSPM_J0419+4233-20201201@125250-Eden.fits (39/424) (dry run)
Storing /home/altsai/eden/LOT20201201_LSPM_J0419+4233_mod/LSPM_J0419+4233-20201201@125405-Eden.fts -> s3://eden-data/RAW/LOT/LSPM_J0419+4233/2020-12-01/LSPM_J0419+4233-20201201@125405-Eden.fits (40/424) (dry run)
Storing /home/altsai/eden/LOT20201201_LSPM_J0419+4233_mod/LSPM_J0419+4233-20201201@125521-Eden.fts -> s3://eden-data/RAW/LOT/LSPM_J0419+4233/2020-12-01/LSPM_J0419+4233-20201201@125521-Eden.fits (41/424) (dry run)
Storing /home/altsai/eden/LOT20201201_LSPM_J0419+4233_mod/LSPM_J0419+4233-20201201@125635-Eden.fts -> s3://eden-data/RAW/LOT/LSPM_J0419+4233/2020-12-01/LSPM_J0419+4233-20201201@125635-Eden.fits (42/424) (dry run)
Storing /home/altsai/eden/LOT20201201_LSPM_J0419+4233_mod/LSPM_J0419+4233-20201201@125750-Eden.fts -> s3://eden-data/RAW/LOT/LSPM_J0419+4233/2020-12-01/LSPM_J0419+4233-20201201@125750-Eden.fits (43/424) (dry run)
Storing /home/altsai/eden/LOT20201201_LSPM_J0419+4233_mod/LSPM_J0419+4233-20201201@125905-Eden.fts -> s3://eden-data/RAW/LOT/LSPM_J0419+4233/2020-12-01/LSPM_J0419+4233-20201201@125905-Eden.fits (44/424) (dry run)
Storing /home/altsai/eden/LOT20201201_LSPM_J0419+4233_mod/LSPM_J0419+4233-20201201@130021-Eden.fts -> s3://eden-data/RAW/LOT/LSPM_J0419+4233/2020-12-01/LSPM_J0419+4233-20201201@130021-Eden.fits (45/424) (dry run)
Storing /home/altsai/eden/LOT20201201_LSPM_J0419+4233_mod/LSPM_J0419+4233-20201201@130138-Eden.fts -> s3://eden-data/RAW/LOT/LSPM_J0419+4233/2020-12-01/LSPM_J0419+4233-20201201@130138-Eden.fits (46/424) (dry run)
Storing /home/altsai/eden/LOT20201201_LSPM_J0419+4233_mod/LSPM_J0419+4233-20201201@130254-Eden.fts -> s3://eden-data/RAW/LOT/LSPM_J0419+4233/2020-12-01/LSPM_J0419+4233-20201201@130254-Eden.fits (47/424) (dry run)
Storing /home/altsai/eden/LOT20201201_LSPM_J0419+4233_mod/LSPM_J0419+4233-20201201@130411-Eden.fts -> s3://eden-data/RAW/LOT/LSPM_J0419+4233/2020-12-01/LSPM_J0419+4233-20201201@130411-Eden.fits (48/424) (dry run)
Storing /home/altsai/eden/LOT20201201_LSPM_J0419+4233_mod/LSPM_J0419+4233-20201201@130526-Eden.fts -> s3://eden-data/RAW/LOT/LSPM_J0419+4233/2020-12-01/LSPM_J0419+4233-20201201@130526-Eden.fits (49/424) (dry run)
Storing /home/altsai/eden/LOT20201201_LSPM_J0419+4233_mod/LSPM_J0419+4233-20201201@130641-Eden.fts -> s3://eden-data/RAW/LOT/LSPM_J0419+4233/2020-12-01/LSPM_J0419+4233-20201201@130641-Eden.fits (50/424) (dry run)
Storing /home/altsai/eden/LOT20201201_LSPM_J0419+4233_mod/LSPM_J0419+4233-20201201@130756-Eden.fts -> s3://eden-data/RAW/LOT/LSPM_J0419+4233/2020-12-01/LSPM_J0419+4233-20201201@130756-Eden.fits (51/424) (dry run)
Storing /home/altsai/eden/LOT20201201_LSPM_J0419+4233_mod/LSPM_J0419+4233-20201201@130913-Eden.fts -> s3://eden-data/RAW/LOT/LSPM_J0419+4233/2020-12-01/LSPM_J0419+4233-20201201@130913-Eden.fits (52/424) (dry run)
Storing /home/altsai/eden/LOT20201201_LSPM_J0419+4233_mod/LSPM_J0419+4233-20201201@131029-Eden.fts -> s3://eden-data/RAW/LOT/LSPM_J0419+4233/2020-12-01/LSPM_J0419+4233-20201201@131029-Eden.fits (53/424) (dry run)
Storing /home/altsai/eden/LOT20201201_LSPM_J0419+4233_mod/LSPM_J0419+4233-20201201@131144-Eden.fts -> s3://eden-data/RAW/LOT/LSPM_J0419+4233/2020-12-01/LSPM_J0419+4233-20201201@131144-Eden.fits (54/424) (dry run)
Storing /home/altsai/eden/LOT20201201_LSPM_J0419+4233_mod/LSPM_J0419+4233-20201201@131300-Eden.fts -> s3://eden-data/RAW/LOT/LSPM_J0419+4233/2020-12-01/LSPM_J0419+4233-20201201@131300-Eden.fits (55/424) (dry run)
Storing /home/altsai/eden/LOT20201201_LSPM_J0419+4233_mod/LSPM_J0419+4233-20201201@131417-Eden.fts -> s3://eden-data/RAW/LOT/LSPM_J0419+4233/2020-12-01/LSPM_J0419+4233-20201201@131417-Eden.fits (56/424) (dry run)
Storing /home/altsai/eden/LOT20201201_LSPM_J0419+4233_mod/LSPM_J0419+4233-20201201@131532-Eden.fts -> s3://eden-data/RAW/LOT/LSPM_J0419+4233/2020-12-01/LSPM_J0419+4233-20201201@131532-Eden.fits (57/424) (dry run)
Storing /home/altsai/eden/LOT20201201_LSPM_J0419+4233_mod/LSPM_J0419+4233-20201201@131646-Eden.fts -> s3://eden-data/RAW/LOT/LSPM_J0419+4233/2020-12-01/LSPM_J0419+4233-20201201@131646-Eden.fits (58/424) (dry run)
Storing /home/altsai/eden/LOT20201201_LSPM_J0419+4233_mod/LSPM_J0419+4233-20201201@131801-Eden.fts -> s3://eden-data/RAW/LOT/LSPM_J0419+4233/2020-12-01/LSPM_J0419+4233-20201201@131801-Eden.fits (59/424) (dry run)
Storing /home/altsai/eden/LOT20201201_LSPM_J0419+4233_mod/LSPM_J0419+4233-20201201@131916-Eden.fts -> s3://eden-data/RAW/LOT/LSPM_J0419+4233/2020-12-01/LSPM_J0419+4233-20201201@131916-Eden.fits (60/424) (dry run)
Storing /home/altsai/eden/LOT20201201_LSPM_J0419+4233_mod/LSPM_J0419+4233-20201201@132031-Eden.fts -> s3://eden-data/RAW/LOT/LSPM_J0419+4233/2020-12-01/LSPM_J0419+4233-20201201@132031-Eden.fits (61/424) (dry run)
Storing /home/altsai/eden/LOT20201201_LSPM_J0419+4233_mod/LSPM_J0419+4233-20201201@132145-Eden.fts -> s3://eden-data/RAW/LOT/LSPM_J0419+4233/2020-12-01/LSPM_J0419+4233-20201201@132145-Eden.fits (62/424) (dry run)
Storing /home/altsai/eden/LOT20201201_LSPM_J0419+4233_mod/LSPM_J0419+4233-20201201@132302-Eden.fts -> s3://eden-data/RAW/LOT/LSPM_J0419+4233/2020-12-01/LSPM_J0419+4233-20201201@132302-Eden.fits (63/424) (dry run)
Storing /home/altsai/eden/LOT20201201_LSPM_J0419+4233_mod/LSPM_J0419+4233-20201201@132417-Eden.fts -> s3://eden-data/RAW/LOT/LSPM_J0419+4233/2020-12-01/LSPM_J0419+4233-20201201@132417-Eden.fits (64/424) (dry run)
Storing /home/altsai/eden/LOT20201201_LSPM_J0419+4233_mod/LSPM_J0419+4233-20201201@132531-Eden.fts -> s3://eden-data/RAW/LOT/LSPM_J0419+4233/2020-12-01/LSPM_J0419+4233-20201201@132531-Eden.fits (65/424) (dry run)
Storing /home/altsai/eden/LOT20201201_LSPM_J0419+4233_mod/LSPM_J0419+4233-20201201@132646-Eden.fts -> s3://eden-data/RAW/LOT/LSPM_J0419+4233/2020-12-01/LSPM_J0419+4233-20201201@132646-Eden.fits (66/424) (dry run)
Storing /home/altsai/eden/LOT20201201_LSPM_J0419+4233_mod/LSPM_J0419+4233-20201201@132801-Eden.fts -> s3://eden-data/RAW/LOT/LSPM_J0419+4233/2020-12-01/LSPM_J0419+4233-20201201@132801-Eden.fits (67/424) (dry run)
Storing /home/altsai/eden/LOT20201201_LSPM_J0419+4233_mod/LSPM_J0419+4233-20201201@132917-Eden.fts -> s3://eden-data/RAW/LOT/LSPM_J0419+4233/2020-12-01/LSPM_J0419+4233-20201201@132917-Eden.fits (68/424) (dry run)
Storing /home/altsai/eden/LOT20201201_LSPM_J0419+4233_mod/LSPM_J0419+4233-20201201@133032-Eden.fts -> s3://eden-data/RAW/LOT/LSPM_J0419+4233/2020-12-01/LSPM_J0419+4233-20201201@133032-Eden.fits (69/424) (dry run)
Storing /home/altsai/eden/LOT20201201_LSPM_J0419+4233_mod/LSPM_J0419+4233-20201201@133148-Eden.fts -> s3://eden-data/RAW/LOT/LSPM_J0419+4233/2020-12-01/LSPM_J0419+4233-20201201@133148-Eden.fits (70/424) (dry run)
Storing /home/altsai/eden/LOT20201201_LSPM_J0419+4233_mod/LSPM_J0419+4233-20201201@133305-Eden.fts -> s3://eden-data/RAW/LOT/LSPM_J0419+4233/2020-12-01/LSPM_J0419+4233-20201201@133305-Eden.fits (71/424) (dry run)
Storing /home/altsai/eden/LOT20201201_LSPM_J0419+4233_mod/LSPM_J0419+4233-20201201@133421-Eden.fts -> s3://eden-data/RAW/LOT/LSPM_J0419+4233/2020-12-01/LSPM_J0419+4233-20201201@133421-Eden.fits (72/424) (dry run)
Storing /home/altsai/eden/LOT20201201_LSPM_J0419+4233_mod/LSPM_J0419+4233-20201201@133536-Eden.fts -> s3://eden-data/RAW/LOT/LSPM_J0419+4233/2020-12-01/LSPM_J0419+4233-20201201@133536-Eden.fits (73/424) (dry run)
Storing /home/altsai/eden/LOT20201201_LSPM_J0419+4233_mod/LSPM_J0419+4233-20201201@133653-Eden.fts -> s3://eden-data/RAW/LOT/LSPM_J0419+4233/2020-12-01/LSPM_J0419+4233-20201201@133653-Eden.fits (74/424) (dry run)
Storing /home/altsai/eden/LOT20201201_LSPM_J0419+4233_mod/LSPM_J0419+4233-20201201@133808-Eden.fts -> s3://eden-data/RAW/LOT/LSPM_J0419+4233/2020-12-01/LSPM_J0419+4233-20201201@133808-Eden.fits (75/424) (dry run)
Storing /home/altsai/eden/LOT20201201_LSPM_J0419+4233_mod/LSPM_J0419+4233-20201201@133924-Eden.fts -> s3://eden-data/RAW/LOT/LSPM_J0419+4233/2020-12-01/LSPM_J0419+4233-20201201@133924-Eden.fits (76/424) (dry run)
Storing /home/altsai/eden/LOT20201201_LSPM_J0419+4233_mod/LSPM_J0419+4233-20201201@134042-Eden.fts -> s3://eden-data/RAW/LOT/LSPM_J0419+4233/2020-12-01/LSPM_J0419+4233-20201201@134042-Eden.fits (77/424) (dry run)
Storing /home/altsai/eden/LOT20201201_LSPM_J0419+4233_mod/LSPM_J0419+4233-20201201@134157-Eden.fts -> s3://eden-data/RAW/LOT/LSPM_J0419+4233/2020-12-01/LSPM_J0419+4233-20201201@134157-Eden.fits (78/424) (dry run)
Storing /home/altsai/eden/LOT20201201_LSPM_J0419+4233_mod/LSPM_J0419+4233-20201201@134312-Eden.fts -> s3://eden-data/RAW/LOT/LSPM_J0419+4233/2020-12-01/LSPM_J0419+4233-20201201@134312-Eden.fits (79/424) (dry run)
Storing /home/altsai/eden/LOT20201201_LSPM_J0419+4233_mod/LSPM_J0419+4233-20201201@134427-Eden.fts -> s3://eden-data/RAW/LOT/LSPM_J0419+4233/2020-12-01/LSPM_J0419+4233-20201201@134427-Eden.fits (80/424) (dry run)
Storing /home/altsai/eden/LOT20201201_LSPM_J0419+4233_mod/LSPM_J0419+4233-20201201@134543-Eden.fts -> s3://eden-data/RAW/LOT/LSPM_J0419+4233/2020-12-01/LSPM_J0419+4233-20201201@134543-Eden.fits (81/424) (dry run)
Storing /home/altsai/eden/LOT20201201_LSPM_J0419+4233_mod/LSPM_J0419+4233-20201201@134700-Eden.fts -> s3://eden-data/RAW/LOT/LSPM_J0419+4233/2020-12-01/LSPM_J0419+4233-20201201@134700-Eden.fits (82/424) (dry run)
Storing /home/altsai/eden/LOT20201201_LSPM_J0419+4233_mod/LSPM_J0419+4233-20201201@134815-Eden.fts -> s3://eden-data/RAW/LOT/LSPM_J0419+4233/2020-12-01/LSPM_J0419+4233-20201201@134815-Eden.fits (83/424) (dry run)
Storing /home/altsai/eden/LOT20201201_LSPM_J0419+4233_mod/LSPM_J0419+4233-20201201@134931-Eden.fts -> s3://eden-data/RAW/LOT/LSPM_J0419+4233/2020-12-01/LSPM_J0419+4233-20201201@134931-Eden.fits (84/424) (dry run)
Storing /home/altsai/eden/LOT20201201_LSPM_J0419+4233_mod/LSPM_J0419+4233-20201201@135045-Eden.fts -> s3://eden-data/RAW/LOT/LSPM_J0419+4233/2020-12-01/LSPM_J0419+4233-20201201@135045-Eden.fits (85/424) (dry run)
Storing /home/altsai/eden/LOT20201201_LSPM_J0419+4233_mod/LSPM_J0419+4233-20201201@135201-Eden.fts -> s3://eden-data/RAW/LOT/LSPM_J0419+4233/2020-12-01/LSPM_J0419+4233-20201201@135201-Eden.fits (86/424) (dry run)
Storing /home/altsai/eden/LOT20201201_LSPM_J0419+4233_mod/LSPM_J0419+4233-20201201@135315-Eden.fts -> s3://eden-data/RAW/LOT/LSPM_J0419+4233/2020-12-01/LSPM_J0419+4233-20201201@135315-Eden.fits (87/424) (dry run)
Storing /home/altsai/eden/LOT20201201_LSPM_J0419+4233_mod/LSPM_J0419+4233-20201201@135430-Eden.fts -> s3://eden-data/RAW/LOT/LSPM_J0419+4233/2020-12-01/LSPM_J0419+4233-20201201@135430-Eden.fits (88/424) (dry run)
Storing /home/altsai/eden/LOT20201201_LSPM_J0419+4233_mod/LSPM_J0419+4233-20201201@135547-Eden.fts -> s3://eden-data/RAW/LOT/LSPM_J0419+4233/2020-12-01/LSPM_J0419+4233-20201201@135547-Eden.fits (89/424) (dry run)
Storing /home/altsai/eden/LOT20201201_LSPM_J0419+4233_mod/LSPM_J0419+4233-20201201@135703-Eden.fts -> s3://eden-data/RAW/LOT/LSPM_J0419+4233/2020-12-01/LSPM_J0419+4233-20201201@135703-Eden.fits (90/424) (dry run)
Storing /home/altsai/eden/LOT20201201_LSPM_J0419+4233_mod/LSPM_J0419+4233-20201201@135818-Eden.fts -> s3://eden-data/RAW/LOT/LSPM_J0419+4233/2020-12-01/LSPM_J0419+4233-20201201@135818-Eden.fits (91/424) (dry run)
Storing /home/altsai/eden/LOT20201201_LSPM_J0419+4233_mod/LSPM_J0419+4233-20201201@135933-Eden.fts -> s3://eden-data/RAW/LOT/LSPM_J0419+4233/2020-12-01/LSPM_J0419+4233-20201201@135933-Eden.fits (92/424) (dry run)
Storing /home/altsai/eden/LOT20201201_LSPM_J0419+4233_mod/LSPM_J0419+4233-20201201@140050-Eden.fts -> s3://eden-data/RAW/LOT/LSPM_J0419+4233/2020-12-01/LSPM_J0419+4233-20201201@140050-Eden.fits (93/424) (dry run)
Storing /home/altsai/eden/LOT20201201_LSPM_J0419+4233_mod/LSPM_J0419+4233-20201201@140204-Eden.fts -> s3://eden-data/RAW/LOT/LSPM_J0419+4233/2020-12-01/LSPM_J0419+4233-20201201@140204-Eden.fits (94/424) (dry run)
Storing /home/altsai/eden/LOT20201201_LSPM_J0419+4233_mod/LSPM_J0419+4233-20201201@140321-Eden.fts -> s3://eden-data/RAW/LOT/LSPM_J0419+4233/2020-12-01/LSPM_J0419+4233-20201201@140321-Eden.fits (95/424) (dry run)
Storing /home/altsai/eden/LOT20201201_LSPM_J0419+4233_mod/LSPM_J0419+4233-20201201@140438-Eden.fts -> s3://eden-data/RAW/LOT/LSPM_J0419+4233/2020-12-01/LSPM_J0419+4233-20201201@140438-Eden.fits (96/424) (dry run)
Storing /home/altsai/eden/LOT20201201_LSPM_J0419+4233_mod/LSPM_J0419+4233-20201201@140555-Eden.fts -> s3://eden-data/RAW/LOT/LSPM_J0419+4233/2020-12-01/LSPM_J0419+4233-20201201@140555-Eden.fits (97/424) (dry run)
Storing /home/altsai/eden/LOT20201201_LSPM_J0419+4233_mod/LSPM_J0419+4233-20201201@140709-Eden.fts -> s3://eden-data/RAW/LOT/LSPM_J0419+4233/2020-12-01/LSPM_J0419+4233-20201201@140709-Eden.fits (98/424) (dry run)
Storing /home/altsai/eden/LOT20201201_LSPM_J0419+4233_mod/LSPM_J0419+4233-20201201@140824-Eden.fts -> s3://eden-data/RAW/LOT/LSPM_J0419+4233/2020-12-01/LSPM_J0419+4233-20201201@140824-Eden.fits (99/424) (dry run)
Storing /home/altsai/eden/LOT20201201_LSPM_J0419+4233_mod/LSPM_J0419+4233-20201201@140938-Eden.fts -> s3://eden-data/RAW/LOT/LSPM_J0419+4233/2020-12-01/LSPM_J0419+4233-20201201@140938-Eden.fits (100/424) (dry run)
Storing /home/altsai/eden/LOT20201201_LSPM_J0419+4233_mod/LSPM_J0419+4233-20201201@141054-Eden.fts -> s3://eden-data/RAW/LOT/LSPM_J0419+4233/2020-12-01/LSPM_J0419+4233-20201201@141054-Eden.fits (101/424) (dry run)
Storing /home/altsai/eden/LOT20201201_LSPM_J0419+4233_mod/LSPM_J0419+4233-20201201@141209-Eden.fts -> s3://eden-data/RAW/LOT/LSPM_J0419+4233/2020-12-01/LSPM_J0419+4233-20201201@141209-Eden.fits (102/424) (dry run)
Storing /home/altsai/eden/LOT20201201_LSPM_J0419+4233_mod/LSPM_J0419+4233-20201201@141324-Eden.fts -> s3://eden-data/RAW/LOT/LSPM_J0419+4233/2020-12-01/LSPM_J0419+4233-20201201@141324-Eden.fits (103/424) (dry run)
Storing /home/altsai/eden/LOT20201201_LSPM_J0419+4233_mod/LSPM_J0419+4233-20201201@141442-Eden.fts -> s3://eden-data/RAW/LOT/LSPM_J0419+4233/2020-12-01/LSPM_J0419+4233-20201201@141442-Eden.fits (104/424) (dry run)
Storing /home/altsai/eden/LOT20201201_LSPM_J0419+4233_mod/LSPM_J0419+4233-20201201@141556-Eden.fts -> s3://eden-data/RAW/LOT/LSPM_J0419+4233/2020-12-01/LSPM_J0419+4233-20201201@141556-Eden.fits (105/424) (dry run)
Storing /home/altsai/eden/LOT20201201_LSPM_J0419+4233_mod/LSPM_J0419+4233-20201201@141710-Eden.fts -> s3://eden-data/RAW/LOT/LSPM_J0419+4233/2020-12-01/LSPM_J0419+4233-20201201@141710-Eden.fits (106/424) (dry run)
Storing /home/altsai/eden/LOT20201201_LSPM_J0419+4233_mod/LSPM_J0419+4233-20201201@141826-Eden.fts -> s3://eden-data/RAW/LOT/LSPM_J0419+4233/2020-12-01/LSPM_J0419+4233-20201201@141826-Eden.fits (107/424) (dry run)
Storing /home/altsai/eden/LOT20201201_LSPM_J0419+4233_mod/LSPM_J0419+4233-20201201@141943-Eden.fts -> s3://eden-data/RAW/LOT/LSPM_J0419+4233/2020-12-01/LSPM_J0419+4233-20201201@141943-Eden.fits (108/424) (dry run)
Storing /home/altsai/eden/LOT20201201_LSPM_J0419+4233_mod/LSPM_J0419+4233-20201201@142100-Eden.fts -> s3://eden-data/RAW/LOT/LSPM_J0419+4233/2020-12-01/LSPM_J0419+4233-20201201@142100-Eden.fits (109/424) (dry run)
Storing /home/altsai/eden/LOT20201201_LSPM_J0419+4233_mod/LSPM_J0419+4233-20201201@142215-Eden.fts -> s3://eden-data/RAW/LOT/LSPM_J0419+4233/2020-12-01/LSPM_J0419+4233-20201201@142215-Eden.fits (110/424) (dry run)
Storing /home/altsai/eden/LOT20201201_LSPM_J0419+4233_mod/LSPM_J0419+4233-20201201@142332-Eden.fts -> s3://eden-data/RAW/LOT/LSPM_J0419+4233/2020-12-01/LSPM_J0419+4233-20201201@142332-Eden.fits (111/424) (dry run)
Storing /home/altsai/eden/LOT20201201_LSPM_J0419+4233_mod/LSPM_J0419+4233-20201201@142449-Eden.fts -> s3://eden-data/RAW/LOT/LSPM_J0419+4233/2020-12-01/LSPM_J0419+4233-20201201@142449-Eden.fits (112/424) (dry run)
Storing /home/altsai/eden/LOT20201201_LSPM_J0419+4233_mod/LSPM_J0419+4233-20201201@142605-Eden.fts -> s3://eden-data/RAW/LOT/LSPM_J0419+4233/2020-12-01/LSPM_J0419+4233-20201201@142605-Eden.fits (113/424) (dry run)
Storing /home/altsai/eden/LOT20201201_LSPM_J0419+4233_mod/LSPM_J0419+4233-20201201@142720-Eden.fts -> s3://eden-data/RAW/LOT/LSPM_J0419+4233/2020-12-01/LSPM_J0419+4233-20201201@142720-Eden.fits (114/424) (dry run)
Storing /home/altsai/eden/LOT20201201_LSPM_J0419+4233_mod/LSPM_J0419+4233-20201201@142838-Eden.fts -> s3://eden-data/RAW/LOT/LSPM_J0419+4233/2020-12-01/LSPM_J0419+4233-20201201@142838-Eden.fits (115/424) (dry run)
Storing /home/altsai/eden/LOT20201201_LSPM_J0419+4233_mod/LSPM_J0419+4233-20201201@142955-Eden.fts -> s3://eden-data/RAW/LOT/LSPM_J0419+4233/2020-12-01/LSPM_J0419+4233-20201201@142955-Eden.fits (116/424) (dry run)
Storing /home/altsai/eden/LOT20201201_LSPM_J0419+4233_mod/LSPM_J0419+4233-20201201@143111-Eden.fts -> s3://eden-data/RAW/LOT/LSPM_J0419+4233/2020-12-01/LSPM_J0419+4233-20201201@143111-Eden.fits (117/424) (dry run)
Storing /home/altsai/eden/LOT20201201_LSPM_J0419+4233_mod/LSPM_J0419+4233-20201201@143227-Eden.fts -> s3://eden-data/RAW/LOT/LSPM_J0419+4233/2020-12-01/LSPM_J0419+4233-20201201@143227-Eden.fits (118/424) (dry run)
Storing /home/altsai/eden/LOT20201201_LSPM_J0419+4233_mod/LSPM_J0419+4233-20201201@143342-Eden.fts -> s3://eden-data/RAW/LOT/LSPM_J0419+4233/2020-12-01/LSPM_J0419+4233-20201201@143342-Eden.fits (119/424) (dry run)
Storing /home/altsai/eden/LOT20201201_LSPM_J0419+4233_mod/LSPM_J0419+4233-20201201@143456-Eden.fts -> s3://eden-data/RAW/LOT/LSPM_J0419+4233/2020-12-01/LSPM_J0419+4233-20201201@143456-Eden.fits (120/424) (dry run)
Storing /home/altsai/eden/LOT20201201_LSPM_J0419+4233_mod/LSPM_J0419+4233-20201201@143613-Eden.fts -> s3://eden-data/RAW/LOT/LSPM_J0419+4233/2020-12-01/LSPM_J0419+4233-20201201@143613-Eden.fits (121/424) (dry run)
Storing /home/altsai/eden/LOT20201201_LSPM_J0419+4233_mod/LSPM_J0419+4233-20201201@143728-Eden.fts -> s3://eden-data/RAW/LOT/LSPM_J0419+4233/2020-12-01/LSPM_J0419+4233-20201201@143728-Eden.fits (122/424) (dry run)
Storing /home/altsai/eden/LOT20201201_LSPM_J0419+4233_mod/LSPM_J0419+4233-20201201@143845-Eden.fts -> s3://eden-data/RAW/LOT/LSPM_J0419+4233/2020-12-01/LSPM_J0419+4233-20201201@143845-Eden.fits (123/424) (dry run)
Storing /home/altsai/eden/LOT20201201_LSPM_J0419+4233_mod/LSPM_J0419+4233-20201201@144000-Eden.fts -> s3://eden-data/RAW/LOT/LSPM_J0419+4233/2020-12-01/LSPM_J0419+4233-20201201@144000-Eden.fits (124/424) (dry run)
Storing /home/altsai/eden/LOT20201201_LSPM_J0419+4233_mod/LSPM_J0419+4233-20201201@144115-Eden.fts -> s3://eden-data/RAW/LOT/LSPM_J0419+4233/2020-12-01/LSPM_J0419+4233-20201201@144115-Eden.fits (125/424) (dry run)
Storing /home/altsai/eden/LOT20201201_LSPM_J0419+4233_mod/LSPM_J0419+4233-20201201@144231-Eden.fts -> s3://eden-data/RAW/LOT/LSPM_J0419+4233/2020-12-01/LSPM_J0419+4233-20201201@144231-Eden.fits (126/424) (dry run)
Storing /home/altsai/eden/LOT20201201_LSPM_J0419+4233_mod/LSPM_J0419+4233-20201201@144345-Eden.fts -> s3://eden-data/RAW/LOT/LSPM_J0419+4233/2020-12-01/LSPM_J0419+4233-20201201@144345-Eden.fits (127/424) (dry run)
Storing /home/altsai/eden/LOT20201201_LSPM_J0419+4233_mod/LSPM_J0419+4233-20201201@144501-Eden.fts -> s3://eden-data/RAW/LOT/LSPM_J0419+4233/2020-12-01/LSPM_J0419+4233-20201201@144501-Eden.fits (128/424) (dry run)
Storing /home/altsai/eden/LOT20201201_LSPM_J0419+4233_mod/LSPM_J0419+4233-20201201@144616-Eden.fts -> s3://eden-data/RAW/LOT/LSPM_J0419+4233/2020-12-01/LSPM_J0419+4233-20201201@144616-Eden.fits (129/424) (dry run)
Storing /home/altsai/eden/LOT20201201_LSPM_J0419+4233_mod/LSPM_J0419+4233-20201201@144731-Eden.fts -> s3://eden-data/RAW/LOT/LSPM_J0419+4233/2020-12-01/LSPM_J0419+4233-20201201@144731-Eden.fits (130/424) (dry run)
Storing /home/altsai/eden/LOT20201201_LSPM_J0419+4233_mod/LSPM_J0419+4233-20201201@144847-Eden.fts -> s3://eden-data/RAW/LOT/LSPM_J0419+4233/2020-12-01/LSPM_J0419+4233-20201201@144847-Eden.fits (131/424) (dry run)
Storing /home/altsai/eden/LOT20201201_LSPM_J0419+4233_mod/LSPM_J0419+4233-20201201@145002-Eden.fts -> s3://eden-data/RAW/LOT/LSPM_J0419+4233/2020-12-01/LSPM_J0419+4233-20201201@145002-Eden.fits (132/424) (dry run)
Storing /home/altsai/eden/LOT20201201_LSPM_J0419+4233_mod/LSPM_J0419+4233-20201201@145117-Eden.fts -> s3://eden-data/RAW/LOT/LSPM_J0419+4233/2020-12-01/LSPM_J0419+4233-20201201@145117-Eden.fits (133/424) (dry run)
Storing /home/altsai/eden/LOT20201201_LSPM_J0419+4233_mod/LSPM_J0419+4233-20201201@145234-Eden.fts -> s3://eden-data/RAW/LOT/LSPM_J0419+4233/2020-12-01/LSPM_J0419+4233-20201201@145234-Eden.fits (134/424) (dry run)
Storing /home/altsai/eden/LOT20201201_LSPM_J0419+4233_mod/LSPM_J0419+4233-20201201@145349-Eden.fts -> s3://eden-data/RAW/LOT/LSPM_J0419+4233/2020-12-01/LSPM_J0419+4233-20201201@145349-Eden.fits (135/424) (dry run)
Storing /home/altsai/eden/LOT20201201_LSPM_J0419+4233_mod/LSPM_J0419+4233-20201201@145506-Eden.fts -> s3://eden-data/RAW/LOT/LSPM_J0419+4233/2020-12-01/LSPM_J0419+4233-20201201@145506-Eden.fits (136/424) (dry run)
Storing /home/altsai/eden/LOT20201201_LSPM_J0419+4233_mod/LSPM_J0419+4233-20201201@145622-Eden.fts -> s3://eden-data/RAW/LOT/LSPM_J0419+4233/2020-12-01/LSPM_J0419+4233-20201201@145622-Eden.fits (137/424) (dry run)
Storing /home/altsai/eden/LOT20201201_LSPM_J0419+4233_mod/LSPM_J0419+4233-20201201@145738-Eden.fts -> s3://eden-data/RAW/LOT/LSPM_J0419+4233/2020-12-01/LSPM_J0419+4233-20201201@145738-Eden.fits (138/424) (dry run)
Storing /home/altsai/eden/LOT20201201_LSPM_J0419+4233_mod/LSPM_J0419+4233-20201201@145853-Eden.fts -> s3://eden-data/RAW/LOT/LSPM_J0419+4233/2020-12-01/LSPM_J0419+4233-20201201@145853-Eden.fits (139/424) (dry run)
Storing /home/altsai/eden/LOT20201201_LSPM_J0419+4233_mod/LSPM_J0419+4233-20201201@150007-Eden.fts -> s3://eden-data/RAW/LOT/LSPM_J0419+4233/2020-12-01/LSPM_J0419+4233-20201201@150007-Eden.fits (140/424) (dry run)
Storing /home/altsai/eden/LOT20201201_LSPM_J0419+4233_mod/LSPM_J0419+4233-20201201@150124-Eden.fts -> s3://eden-data/RAW/LOT/LSPM_J0419+4233/2020-12-01/LSPM_J0419+4233-20201201@150124-Eden.fits (141/424) (dry run)
Storing /home/altsai/eden/LOT20201201_LSPM_J0419+4233_mod/LSPM_J0419+4233-20201201@150241-Eden.fts -> s3://eden-data/RAW/LOT/LSPM_J0419+4233/2020-12-01/LSPM_J0419+4233-20201201@150241-Eden.fits (142/424) (dry run)
Storing /home/altsai/eden/LOT20201201_LSPM_J0419+4233_mod/LSPM_J0419+4233-20201201@150358-Eden.fts -> s3://eden-data/RAW/LOT/LSPM_J0419+4233/2020-12-01/LSPM_J0419+4233-20201201@150358-Eden.fits (143/424) (dry run)
Storing /home/altsai/eden/LOT20201201_LSPM_J0419+4233_mod/LSPM_J0419+4233-20201201@150512-Eden.fts -> s3://eden-data/RAW/LOT/LSPM_J0419+4233/2020-12-01/LSPM_J0419+4233-20201201@150512-Eden.fits (144/424) (dry run)
Storing /home/altsai/eden/LOT20201201_LSPM_J0419+4233_mod/LSPM_J0419+4233-20201201@150627-Eden.fts -> s3://eden-data/RAW/LOT/LSPM_J0419+4233/2020-12-01/LSPM_J0419+4233-20201201@150627-Eden.fits (145/424) (dry run)
Storing /home/altsai/eden/LOT20201201_LSPM_J0419+4233_mod/LSPM_J0419+4233-20201201@150743-Eden.fts -> s3://eden-data/RAW/LOT/LSPM_J0419+4233/2020-12-01/LSPM_J0419+4233-20201201@150743-Eden.fits (146/424) (dry run)
Storing /home/altsai/eden/LOT20201201_LSPM_J0419+4233_mod/LSPM_J0419+4233-20201201@150900-Eden.fts -> s3://eden-data/RAW/LOT/LSPM_J0419+4233/2020-12-01/LSPM_J0419+4233-20201201@150900-Eden.fits (147/424) (dry run)
Storing /home/altsai/eden/LOT20201201_LSPM_J0419+4233_mod/LSPM_J0419+4233-20201201@151016-Eden.fts -> s3://eden-data/RAW/LOT/LSPM_J0419+4233/2020-12-01/LSPM_J0419+4233-20201201@151016-Eden.fits (148/424) (dry run)
Storing /home/altsai/eden/LOT20201201_LSPM_J0419+4233_mod/LSPM_J0419+4233-20201201@151133-Eden.fts -> s3://eden-data/RAW/LOT/LSPM_J0419+4233/2020-12-01/LSPM_J0419+4233-20201201@151133-Eden.fits (149/424) (dry run)
Storing /home/altsai/eden/LOT20201201_LSPM_J0419+4233_mod/LSPM_J0419+4233-20201201@151248-Eden.fts -> s3://eden-data/RAW/LOT/LSPM_J0419+4233/2020-12-01/LSPM_J0419+4233-20201201@151248-Eden.fits (150/424) (dry run)
Storing /home/altsai/eden/LOT20201201_LSPM_J0419+4233_mod/LSPM_J0419+4233-20201201@151404-Eden.fts -> s3://eden-data/RAW/LOT/LSPM_J0419+4233/2020-12-01/LSPM_J0419+4233-20201201@151404-Eden.fits (151/424) (dry run)
Storing /home/altsai/eden/LOT20201201_LSPM_J0419+4233_mod/LSPM_J0419+4233-20201201@151519-Eden.fts -> s3://eden-data/RAW/LOT/LSPM_J0419+4233/2020-12-01/LSPM_J0419+4233-20201201@151519-Eden.fits (152/424) (dry run)
Storing /home/altsai/eden/LOT20201201_LSPM_J0419+4233_mod/LSPM_J0419+4233-20201201@151636-Eden.fts -> s3://eden-data/RAW/LOT/LSPM_J0419+4233/2020-12-01/LSPM_J0419+4233-20201201@151636-Eden.fits (153/424) (dry run)
Storing /home/altsai/eden/LOT20201201_LSPM_J0419+4233_mod/LSPM_J0419+4233-20201201@151752-Eden.fts -> s3://eden-data/RAW/LOT/LSPM_J0419+4233/2020-12-01/LSPM_J0419+4233-20201201@151752-Eden.fits (154/424) (dry run)
Storing /home/altsai/eden/LOT20201201_LSPM_J0419+4233_mod/LSPM_J0419+4233-20201201@151906-Eden.fts -> s3://eden-data/RAW/LOT/LSPM_J0419+4233/2020-12-01/LSPM_J0419+4233-20201201@151906-Eden.fits (155/424) (dry run)
Storing /home/altsai/eden/LOT20201201_LSPM_J0419+4233_mod/LSPM_J0419+4233-20201201@152020-Eden.fts -> s3://eden-data/RAW/LOT/LSPM_J0419+4233/2020-12-01/LSPM_J0419+4233-20201201@152020-Eden.fits (156/424) (dry run)
Storing /home/altsai/eden/LOT20201201_LSPM_J0419+4233_mod/LSPM_J0419+4233-20201201@152135-Eden.fts -> s3://eden-data/RAW/LOT/LSPM_J0419+4233/2020-12-01/LSPM_J0419+4233-20201201@152135-Eden.fits (157/424) (dry run)
Storing /home/altsai/eden/LOT20201201_LSPM_J0419+4233_mod/LSPM_J0419+4233-20201201@152250-Eden.fts -> s3://eden-data/RAW/LOT/LSPM_J0419+4233/2020-12-01/LSPM_J0419+4233-20201201@152250-Eden.fits (158/424) (dry run)
Storing /home/altsai/eden/LOT20201201_LSPM_J0419+4233_mod/LSPM_J0419+4233-20201201@152405-Eden.fts -> s3://eden-data/RAW/LOT/LSPM_J0419+4233/2020-12-01/LSPM_J0419+4233-20201201@152405-Eden.fits (159/424) (dry run)
Storing /home/altsai/eden/LOT20201201_LSPM_J0419+4233_mod/LSPM_J0419+4233-20201201@152521-Eden.fts -> s3://eden-data/RAW/LOT/LSPM_J0419+4233/2020-12-01/LSPM_J0419+4233-20201201@152521-Eden.fits (160/424) (dry run)
Storing /home/altsai/eden/LOT20201201_LSPM_J0419+4233_mod/LSPM_J0419+4233-20201201@152636-Eden.fts -> s3://eden-data/RAW/LOT/LSPM_J0419+4233/2020-12-01/LSPM_J0419+4233-20201201@152636-Eden.fits (161/424) (dry run)
Storing /home/altsai/eden/LOT20201201_LSPM_J0419+4233_mod/LSPM_J0419+4233-20201201@152752-Eden.fts -> s3://eden-data/RAW/LOT/LSPM_J0419+4233/2020-12-01/LSPM_J0419+4233-20201201@152752-Eden.fits (162/424) (dry run)
Storing /home/altsai/eden/LOT20201201_LSPM_J0419+4233_mod/LSPM_J0419+4233-20201201@152906-Eden.fts -> s3://eden-data/RAW/LOT/LSPM_J0419+4233/2020-12-01/LSPM_J0419+4233-20201201@152906-Eden.fits (163/424) (dry run)
Storing /home/altsai/eden/LOT20201201_LSPM_J0419+4233_mod/LSPM_J0419+4233-20201201@153022-Eden.fts -> s3://eden-data/RAW/LOT/LSPM_J0419+4233/2020-12-01/LSPM_J0419+4233-20201201@153022-Eden.fits (164/424) (dry run)
Storing /home/altsai/eden/LOT20201201_LSPM_J0419+4233_mod/LSPM_J0419+4233-20201201@153137-Eden.fts -> s3://eden-data/RAW/LOT/LSPM_J0419+4233/2020-12-01/LSPM_J0419+4233-20201201@153137-Eden.fits (165/424) (dry run)
Storing /home/altsai/eden/LOT20201201_LSPM_J0419+4233_mod/LSPM_J0419+4233-20201201@153254-Eden.fts -> s3://eden-data/RAW/LOT/LSPM_J0419+4233/2020-12-01/LSPM_J0419+4233-20201201@153254-Eden.fits (166/424) (dry run)
Storing /home/altsai/eden/LOT20201201_LSPM_J0419+4233_mod/LSPM_J0419+4233-20201201@153411-Eden.fts -> s3://eden-data/RAW/LOT/LSPM_J0419+4233/2020-12-01/LSPM_J0419+4233-20201201@153411-Eden.fits (167/424) (dry run)
Storing /home/altsai/eden/LOT20201201_LSPM_J0419+4233_mod/LSPM_J0419+4233-20201201@153526-Eden.fts -> s3://eden-data/RAW/LOT/LSPM_J0419+4233/2020-12-01/LSPM_J0419+4233-20201201@153526-Eden.fits (168/424) (dry run)
Storing /home/altsai/eden/LOT20201201_LSPM_J0419+4233_mod/LSPM_J0419+4233-20201201@153642-Eden.fts -> s3://eden-data/RAW/LOT/LSPM_J0419+4233/2020-12-01/LSPM_J0419+4233-20201201@153642-Eden.fits (169/424) (dry run)
Storing /home/altsai/eden/LOT20201201_LSPM_J0419+4233_mod/LSPM_J0419+4233-20201201@153758-Eden.fts -> s3://eden-data/RAW/LOT/LSPM_J0419+4233/2020-12-01/LSPM_J0419+4233-20201201@153758-Eden.fits (170/424) (dry run)
Storing /home/altsai/eden/LOT20201201_LSPM_J0419+4233_mod/LSPM_J0419+4233-20201201@153914-Eden.fts -> s3://eden-data/RAW/LOT/LSPM_J0419+4233/2020-12-01/LSPM_J0419+4233-20201201@153914-Eden.fits (171/424) (dry run)
Storing /home/altsai/eden/LOT20201201_LSPM_J0419+4233_mod/LSPM_J0419+4233-20201201@154031-Eden.fts -> s3://eden-data/RAW/LOT/LSPM_J0419+4233/2020-12-01/LSPM_J0419+4233-20201201@154031-Eden.fits (172/424) (dry run)
Storing /home/altsai/eden/LOT20201201_LSPM_J0419+4233_mod/LSPM_J0419+4233-20201201@154146-Eden.fts -> s3://eden-data/RAW/LOT/LSPM_J0419+4233/2020-12-01/LSPM_J0419+4233-20201201@154146-Eden.fits (173/424) (dry run)
Storing /home/altsai/eden/LOT20201201_LSPM_J0419+4233_mod/LSPM_J0419+4233-20201201@154301-Eden.fts -> s3://eden-data/RAW/LOT/LSPM_J0419+4233/2020-12-01/LSPM_J0419+4233-20201201@154301-Eden.fits (174/424) (dry run)
Storing /home/altsai/eden/LOT20201201_LSPM_J0419+4233_mod/LSPM_J0419+4233-20201201@154418-Eden.fts -> s3://eden-data/RAW/LOT/LSPM_J0419+4233/2020-12-01/LSPM_J0419+4233-20201201@154418-Eden.fits (175/424) (dry run)
Storing /home/altsai/eden/LOT20201201_LSPM_J0419+4233_mod/LSPM_J0419+4233-20201201@154532-Eden.fts -> s3://eden-data/RAW/LOT/LSPM_J0419+4233/2020-12-01/LSPM_J0419+4233-20201201@154532-Eden.fits (176/424) (dry run)
Storing /home/altsai/eden/LOT20201201_LSPM_J0419+4233_mod/LSPM_J0419+4233-20201201@154647-Eden.fts -> s3://eden-data/RAW/LOT/LSPM_J0419+4233/2020-12-01/LSPM_J0419+4233-20201201@154647-Eden.fits (177/424) (dry run)
Storing /home/altsai/eden/LOT20201201_LSPM_J0419+4233_mod/LSPM_J0419+4233-20201201@154802-Eden.fts -> s3://eden-data/RAW/LOT/LSPM_J0419+4233/2020-12-01/LSPM_J0419+4233-20201201@154802-Eden.fits (178/424) (dry run)
Storing /home/altsai/eden/LOT20201201_LSPM_J0419+4233_mod/LSPM_J0419+4233-20201201@154918-Eden.fts -> s3://eden-data/RAW/LOT/LSPM_J0419+4233/2020-12-01/LSPM_J0419+4233-20201201@154918-Eden.fits (179/424) (dry run)
Storing /home/altsai/eden/LOT20201201_LSPM_J0419+4233_mod/LSPM_J0419+4233-20201201@155034-Eden.fts -> s3://eden-data/RAW/LOT/LSPM_J0419+4233/2020-12-01/LSPM_J0419+4233-20201201@155034-Eden.fits (180/424) (dry run)
Storing /home/altsai/eden/LOT20201201_LSPM_J0419+4233_mod/LSPM_J0419+4233-20201201@155148-Eden.fts -> s3://eden-data/RAW/LOT/LSPM_J0419+4233/2020-12-01/LSPM_J0419+4233-20201201@155148-Eden.fits (181/424) (dry run)
Storing /home/altsai/eden/LOT20201201_LSPM_J0419+4233_mod/LSPM_J0419+4233-20201201@155302-Eden.fts -> s3://eden-data/RAW/LOT/LSPM_J0419+4233/2020-12-01/LSPM_J0419+4233-20201201@155302-Eden.fits (182/424) (dry run)
Storing /home/altsai/eden/LOT20201201_LSPM_J0419+4233_mod/LSPM_J0419+4233-20201201@155417-Eden.fts -> s3://eden-data/RAW/LOT/LSPM_J0419+4233/2020-12-01/LSPM_J0419+4233-20201201@155417-Eden.fits (183/424) (dry run)
Storing /home/altsai/eden/LOT20201201_LSPM_J0419+4233_mod/LSPM_J0419+4233-20201201@155533-Eden.fts -> s3://eden-data/RAW/LOT/LSPM_J0419+4233/2020-12-01/LSPM_J0419+4233-20201201@155533-Eden.fits (184/424) (dry run)
Storing /home/altsai/eden/LOT20201201_LSPM_J0419+4233_mod/LSPM_J0419+4233-20201201@155647-Eden.fts -> s3://eden-data/RAW/LOT/LSPM_J0419+4233/2020-12-01/LSPM_J0419+4233-20201201@155647-Eden.fits (185/424) (dry run)
Storing /home/altsai/eden/LOT20201201_LSPM_J0419+4233_mod/LSPM_J0419+4233-20201201@155802-Eden.fts -> s3://eden-data/RAW/LOT/LSPM_J0419+4233/2020-12-01/LSPM_J0419+4233-20201201@155802-Eden.fits (186/424) (dry run)
Storing /home/altsai/eden/LOT20201201_LSPM_J0419+4233_mod/LSPM_J0419+4233-20201201@155918-Eden.fts -> s3://eden-data/RAW/LOT/LSPM_J0419+4233/2020-12-01/LSPM_J0419+4233-20201201@155918-Eden.fits (187/424) (dry run)
Storing /home/altsai/eden/LOT20201201_LSPM_J0419+4233_mod/LSPM_J0419+4233-20201201@160034-Eden.fts -> s3://eden-data/RAW/LOT/LSPM_J0419+4233/2020-12-01/LSPM_J0419+4233-20201201@160034-Eden.fits (188/424) (dry run)
Storing /home/altsai/eden/LOT20201201_LSPM_J0419+4233_mod/LSPM_J0419+4233-20201201@160149-Eden.fts -> s3://eden-data/RAW/LOT/LSPM_J0419+4233/2020-12-01/LSPM_J0419+4233-20201201@160149-Eden.fits (189/424) (dry run)
Storing /home/altsai/eden/LOT20201201_LSPM_J0419+4233_mod/LSPM_J0419+4233-20201201@160305-Eden.fts -> s3://eden-data/RAW/LOT/LSPM_J0419+4233/2020-12-01/LSPM_J0419+4233-20201201@160305-Eden.fits (190/424) (dry run)
Storing /home/altsai/eden/LOT20201201_LSPM_J0419+4233_mod/LSPM_J0419+4233-20201201@160420-Eden.fts -> s3://eden-data/RAW/LOT/LSPM_J0419+4233/2020-12-01/LSPM_J0419+4233-20201201@160420-Eden.fits (191/424) (dry run)
Storing /home/altsai/eden/LOT20201201_LSPM_J0419+4233_mod/LSPM_J0419+4233-20201201@160538-Eden.fts -> s3://eden-data/RAW/LOT/LSPM_J0419+4233/2020-12-01/LSPM_J0419+4233-20201201@160538-Eden.fits (192/424) (dry run)
Storing /home/altsai/eden/LOT20201201_LSPM_J0419+4233_mod/LSPM_J0419+4233-20201201@160657-Eden.fts -> s3://eden-data/RAW/LOT/LSPM_J0419+4233/2020-12-01/LSPM_J0419+4233-20201201@160657-Eden.fits (193/424) (dry run)
Storing /home/altsai/eden/LOT20201201_LSPM_J0419+4233_mod/LSPM_J0419+4233-20201201@160812-Eden.fts -> s3://eden-data/RAW/LOT/LSPM_J0419+4233/2020-12-01/LSPM_J0419+4233-20201201@160812-Eden.fits (194/424) (dry run)
Storing /home/altsai/eden/LOT20201201_LSPM_J0419+4233_mod/LSPM_J0419+4233-20201201@160927-Eden.fts -> s3://eden-data/RAW/LOT/LSPM_J0419+4233/2020-12-01/LSPM_J0419+4233-20201201@160927-Eden.fits (195/424) (dry run)
Storing /home/altsai/eden/LOT20201201_LSPM_J0419+4233_mod/LSPM_J0419+4233-20201201@161042-Eden.fts -> s3://eden-data/RAW/LOT/LSPM_J0419+4233/2020-12-01/LSPM_J0419+4233-20201201@161042-Eden.fits (196/424) (dry run)
Storing /home/altsai/eden/LOT20201201_LSPM_J0419+4233_mod/LSPM_J0419+4233-20201201@161157-Eden.fts -> s3://eden-data/RAW/LOT/LSPM_J0419+4233/2020-12-01/LSPM_J0419+4233-20201201@161157-Eden.fits (197/424) (dry run)
Storing /home/altsai/eden/LOT20201201_LSPM_J0419+4233_mod/LSPM_J0419+4233-20201201@161313-Eden.fts -> s3://eden-data/RAW/LOT/LSPM_J0419+4233/2020-12-01/LSPM_J0419+4233-20201201@161313-Eden.fits (198/424) (dry run)
Storing /home/altsai/eden/LOT20201201_LSPM_J0419+4233_mod/LSPM_J0419+4233-20201201@161428-Eden.fts -> s3://eden-data/RAW/LOT/LSPM_J0419+4233/2020-12-01/LSPM_J0419+4233-20201201@161428-Eden.fits (199/424) (dry run)
Storing /home/altsai/eden/LOT20201201_LSPM_J0419+4233_mod/LSPM_J0419+4233-20201201@161545-Eden.fts -> s3://eden-data/RAW/LOT/LSPM_J0419+4233/2020-12-01/LSPM_J0419+4233-20201201@161545-Eden.fits (200/424) (dry run)
Storing /home/altsai/eden/LOT20201201_LSPM_J0419+4233_mod/LSPM_J0419+4233-20201201@161701-Eden.fts -> s3://eden-data/RAW/LOT/LSPM_J0419+4233/2020-12-01/LSPM_J0419+4233-20201201@161701-Eden.fits (201/424) (dry run)
Storing /home/altsai/eden/LOT20201201_LSPM_J0419+4233_mod/LSPM_J0419+4233-20201201@161818-Eden.fts -> s3://eden-data/RAW/LOT/LSPM_J0419+4233/2020-12-01/LSPM_J0419+4233-20201201@161818-Eden.fits (202/424) (dry run)
Storing /home/altsai/eden/LOT20201201_LSPM_J0419+4233_mod/LSPM_J0419+4233-20201201@161935-Eden.fts -> s3://eden-data/RAW/LOT/LSPM_J0419+4233/2020-12-01/LSPM_J0419+4233-20201201@161935-Eden.fits (203/424) (dry run)
Storing /home/altsai/eden/LOT20201201_LSPM_J0419+4233_mod/LSPM_J0419+4233-20201201@162053-Eden.fts -> s3://eden-data/RAW/LOT/LSPM_J0419+4233/2020-12-01/LSPM_J0419+4233-20201201@162053-Eden.fits (204/424) (dry run)
Storing /home/altsai/eden/LOT20201201_LSPM_J0419+4233_mod/LSPM_J0419+4233-20201201@162209-Eden.fts -> s3://eden-data/RAW/LOT/LSPM_J0419+4233/2020-12-01/LSPM_J0419+4233-20201201@162209-Eden.fits (205/424) (dry run)
Storing /home/altsai/eden/LOT20201201_LSPM_J0419+4233_mod/LSPM_J0419+4233-20201201@162324-Eden.fts -> s3://eden-data/RAW/LOT/LSPM_J0419+4233/2020-12-01/LSPM_J0419+4233-20201201@162324-Eden.fits (206/424) (dry run)
Storing /home/altsai/eden/LOT20201201_LSPM_J0419+4233_mod/LSPM_J0419+4233-20201201@162439-Eden.fts -> s3://eden-data/RAW/LOT/LSPM_J0419+4233/2020-12-01/LSPM_J0419+4233-20201201@162439-Eden.fits (207/424) (dry run)
Storing /home/altsai/eden/LOT20201201_LSPM_J0419+4233_mod/LSPM_J0419+4233-20201201@162553-Eden.fts -> s3://eden-data/RAW/LOT/LSPM_J0419+4233/2020-12-01/LSPM_J0419+4233-20201201@162553-Eden.fits (208/424) (dry run)
Storing /home/altsai/eden/LOT20201201_LSPM_J0419+4233_mod/LSPM_J0419+4233-20201201@162708-Eden.fts -> s3://eden-data/RAW/LOT/LSPM_J0419+4233/2020-12-01/LSPM_J0419+4233-20201201@162708-Eden.fits (209/424) (dry run)
Storing /home/altsai/eden/LOT20201201_LSPM_J0419+4233_mod/LSPM_J0419+4233-20201201@162823-Eden.fts -> s3://eden-data/RAW/LOT/LSPM_J0419+4233/2020-12-01/LSPM_J0419+4233-20201201@162823-Eden.fits (210/424) (dry run)
Storing /home/altsai/eden/LOT20201201_LSPM_J0419+4233_mod/LSPM_J0419+4233-20201201@162938-Eden.fts -> s3://eden-data/RAW/LOT/LSPM_J0419+4233/2020-12-01/LSPM_J0419+4233-20201201@162938-Eden.fits (211/424) (dry run)
Storing /home/altsai/eden/LOT20201201_LSPM_J0419+4233_mod/LSPM_J0419+4233-20201201@163052-Eden.fts -> s3://eden-data/RAW/LOT/LSPM_J0419+4233/2020-12-01/LSPM_J0419+4233-20201201@163052-Eden.fits (212/424) (dry run)
Storing /home/altsai/eden/LOT20201201_LSPM_J0419+4233_mod/LSPM_J0419+4233-20201201@163207-Eden.fts -> s3://eden-data/RAW/LOT/LSPM_J0419+4233/2020-12-01/LSPM_J0419+4233-20201201@163207-Eden.fits (213/424) (dry run)
Storing /home/altsai/eden/LOT20201201_LSPM_J0419+4233_mod/LSPM_J0419+4233-20201201@163322-Eden.fts -> s3://eden-data/RAW/LOT/LSPM_J0419+4233/2020-12-01/LSPM_J0419+4233-20201201@163322-Eden.fits (214/424) (dry run)
Storing /home/altsai/eden/LOT20201201_LSPM_J0419+4233_mod/LSPM_J0419+4233-20201201@163437-Eden.fts -> s3://eden-data/RAW/LOT/LSPM_J0419+4233/2020-12-01/LSPM_J0419+4233-20201201@163437-Eden.fits (215/424) (dry run)
Storing /home/altsai/eden/LOT20201201_LSPM_J0419+4233_mod/LSPM_J0419+4233-20201201@163552-Eden.fts -> s3://eden-data/RAW/LOT/LSPM_J0419+4233/2020-12-01/LSPM_J0419+4233-20201201@163552-Eden.fits (216/424) (dry run)
Storing /home/altsai/eden/LOT20201201_LSPM_J0419+4233_mod/LSPM_J0419+4233-20201201@163706-Eden.fts -> s3://eden-data/RAW/LOT/LSPM_J0419+4233/2020-12-01/LSPM_J0419+4233-20201201@163706-Eden.fits (217/424) (dry run)
Storing /home/altsai/eden/LOT20201201_LSPM_J0419+4233_mod/LSPM_J0419+4233-20201201@163822-Eden.fts -> s3://eden-data/RAW/LOT/LSPM_J0419+4233/2020-12-01/LSPM_J0419+4233-20201201@163822-Eden.fits (218/424) (dry run)
Storing /home/altsai/eden/LOT20201201_LSPM_J0419+4233_mod/LSPM_J0419+4233-20201201@163939-Eden.fts -> s3://eden-data/RAW/LOT/LSPM_J0419+4233/2020-12-01/LSPM_J0419+4233-20201201@163939-Eden.fits (219/424) (dry run)
Storing /home/altsai/eden/LOT20201201_LSPM_J0419+4233_mod/LSPM_J0419+4233-20201201@164053-Eden.fts -> s3://eden-data/RAW/LOT/LSPM_J0419+4233/2020-12-01/LSPM_J0419+4233-20201201@164053-Eden.fits (220/424) (dry run)
Storing /home/altsai/eden/LOT20201201_LSPM_J0419+4233_mod/LSPM_J0419+4233-20201201@164209-Eden.fts -> s3://eden-data/RAW/LOT/LSPM_J0419+4233/2020-12-01/LSPM_J0419+4233-20201201@164209-Eden.fits (221/424) (dry run)
Storing /home/altsai/eden/LOT20201201_LSPM_J0419+4233_mod/LSPM_J0419+4233-20201201@164324-Eden.fts -> s3://eden-data/RAW/LOT/LSPM_J0419+4233/2020-12-01/LSPM_J0419+4233-20201201@164324-Eden.fits (222/424) (dry run)
Storing /home/altsai/eden/LOT20201201_LSPM_J0419+4233_mod/LSPM_J0419+4233-20201201@164438-Eden.fts -> s3://eden-data/RAW/LOT/LSPM_J0419+4233/2020-12-01/LSPM_J0419+4233-20201201@164438-Eden.fits (223/424) (dry run)
Storing /home/altsai/eden/LOT20201201_LSPM_J0419+4233_mod/LSPM_J0419+4233-20201201@164553-Eden.fts -> s3://eden-data/RAW/LOT/LSPM_J0419+4233/2020-12-01/LSPM_J0419+4233-20201201@164553-Eden.fits (224/424) (dry run)
Storing /home/altsai/eden/LOT20201201_LSPM_J0419+4233_mod/LSPM_J0419+4233-20201201@164711-Eden.fts -> s3://eden-data/RAW/LOT/LSPM_J0419+4233/2020-12-01/LSPM_J0419+4233-20201201@164711-Eden.fits (225/424) (dry run)
Storing /home/altsai/eden/LOT20201201_LSPM_J0419+4233_mod/LSPM_J0419+4233-20201201@164827-Eden.fts -> s3://eden-data/RAW/LOT/LSPM_J0419+4233/2020-12-01/LSPM_J0419+4233-20201201@164827-Eden.fits (226/424) (dry run)
Storing /home/altsai/eden/LOT20201201_LSPM_J0419+4233_mod/LSPM_J0419+4233-20201201@164942-Eden.fts -> s3://eden-data/RAW/LOT/LSPM_J0419+4233/2020-12-01/LSPM_J0419+4233-20201201@164942-Eden.fits (227/424) (dry run)
Storing /home/altsai/eden/LOT20201201_LSPM_J0419+4233_mod/LSPM_J0419+4233-20201201@165057-Eden.fts -> s3://eden-data/RAW/LOT/LSPM_J0419+4233/2020-12-01/LSPM_J0419+4233-20201201@165057-Eden.fits (228/424) (dry run)
Storing /home/altsai/eden/LOT20201201_LSPM_J0419+4233_mod/LSPM_J0419+4233-20201201@165211-Eden.fts -> s3://eden-data/RAW/LOT/LSPM_J0419+4233/2020-12-01/LSPM_J0419+4233-20201201@165211-Eden.fits (229/424) (dry run)
Storing /home/altsai/eden/LOT20201201_LSPM_J0419+4233_mod/LSPM_J0419+4233-20201201@165326-Eden.fts -> s3://eden-data/RAW/LOT/LSPM_J0419+4233/2020-12-01/LSPM_J0419+4233-20201201@165326-Eden.fits (230/424) (dry run)
Storing /home/altsai/eden/LOT20201201_LSPM_J0419+4233_mod/LSPM_J0419+4233-20201201@165440-Eden.fts -> s3://eden-data/RAW/LOT/LSPM_J0419+4233/2020-12-01/LSPM_J0419+4233-20201201@165440-Eden.fits (231/424) (dry run)
Storing /home/altsai/eden/LOT20201201_LSPM_J0419+4233_mod/LSPM_J0419+4233-20201201@165555-Eden.fts -> s3://eden-data/RAW/LOT/LSPM_J0419+4233/2020-12-01/LSPM_J0419+4233-20201201@165555-Eden.fits (232/424) (dry run)
Storing /home/altsai/eden/LOT20201201_LSPM_J0419+4233_mod/LSPM_J0419+4233-20201201@165710-Eden.fts -> s3://eden-data/RAW/LOT/LSPM_J0419+4233/2020-12-01/LSPM_J0419+4233-20201201@165710-Eden.fits (233/424) (dry run)
Storing /home/altsai/eden/LOT20201201_LSPM_J0419+4233_mod/LSPM_J0419+4233-20201201@165826-Eden.fts -> s3://eden-data/RAW/LOT/LSPM_J0419+4233/2020-12-01/LSPM_J0419+4233-20201201@165826-Eden.fits (234/424) (dry run)
Storing /home/altsai/eden/LOT20201201_LSPM_J0419+4233_mod/LSPM_J0419+4233-20201201@165941-Eden.fts -> s3://eden-data/RAW/LOT/LSPM_J0419+4233/2020-12-01/LSPM_J0419+4233-20201201@165941-Eden.fits (235/424) (dry run)
Storing /home/altsai/eden/LOT20201201_LSPM_J0419+4233_mod/LSPM_J0419+4233-20201201@170057-Eden.fts -> s3://eden-data/RAW/LOT/LSPM_J0419+4233/2020-12-01/LSPM_J0419+4233-20201201@170057-Eden.fits (236/424) (dry run)
Storing /home/altsai/eden/LOT20201201_LSPM_J0419+4233_mod/LSPM_J0419+4233-20201201@170214-Eden.fts -> s3://eden-data/RAW/LOT/LSPM_J0419+4233/2020-12-01/LSPM_J0419+4233-20201201@170214-Eden.fits (237/424) (dry run)
Storing /home/altsai/eden/LOT20201201_LSPM_J0419+4233_mod/LSPM_J0419+4233-20201201@170329-Eden.fts -> s3://eden-data/RAW/LOT/LSPM_J0419+4233/2020-12-01/LSPM_J0419+4233-20201201@170329-Eden.fits (238/424) (dry run)
Storing /home/altsai/eden/LOT20201201_LSPM_J0419+4233_mod/LSPM_J0419+4233-20201201@170445-Eden.fts -> s3://eden-data/RAW/LOT/LSPM_J0419+4233/2020-12-01/LSPM_J0419+4233-20201201@170445-Eden.fits (239/424) (dry run)
Storing /home/altsai/eden/LOT20201201_LSPM_J0419+4233_mod/LSPM_J0419+4233-20201201@170601-Eden.fts -> s3://eden-data/RAW/LOT/LSPM_J0419+4233/2020-12-01/LSPM_J0419+4233-20201201@170601-Eden.fits (240/424) (dry run)
Storing /home/altsai/eden/LOT20201201_LSPM_J0419+4233_mod/LSPM_J0419+4233-20201201@170717-Eden.fts -> s3://eden-data/RAW/LOT/LSPM_J0419+4233/2020-12-01/LSPM_J0419+4233-20201201@170717-Eden.fits (241/424) (dry run)
Storing /home/altsai/eden/LOT20201201_LSPM_J0419+4233_mod/LSPM_J0419+4233-20201201@170832-Eden.fts -> s3://eden-data/RAW/LOT/LSPM_J0419+4233/2020-12-01/LSPM_J0419+4233-20201201@170832-Eden.fits (242/424) (dry run)
Storing /home/altsai/eden/LOT20201201_LSPM_J0419+4233_mod/LSPM_J0419+4233-20201201@170946-Eden.fts -> s3://eden-data/RAW/LOT/LSPM_J0419+4233/2020-12-01/LSPM_J0419+4233-20201201@170946-Eden.fits (243/424) (dry run)
Storing /home/altsai/eden/LOT20201201_LSPM_J0419+4233_mod/LSPM_J0419+4233-20201201@171100-Eden.fts -> s3://eden-data/RAW/LOT/LSPM_J0419+4233/2020-12-01/LSPM_J0419+4233-20201201@171100-Eden.fits (244/424) (dry run)
Storing /home/altsai/eden/LOT20201201_LSPM_J0419+4233_mod/LSPM_J0419+4233-20201201@171217-Eden.fts -> s3://eden-data/RAW/LOT/LSPM_J0419+4233/2020-12-01/LSPM_J0419+4233-20201201@171217-Eden.fits (245/424) (dry run)
Storing /home/altsai/eden/LOT20201201_LSPM_J0419+4233_mod/LSPM_J0419+4233-20201201@171334-Eden.fts -> s3://eden-data/RAW/LOT/LSPM_J0419+4233/2020-12-01/LSPM_J0419+4233-20201201@171334-Eden.fits (246/424) (dry run)
Storing /home/altsai/eden/LOT20201201_LSPM_J0419+4233_mod/LSPM_J0419+4233-20201201@171450-Eden.fts -> s3://eden-data/RAW/LOT/LSPM_J0419+4233/2020-12-01/LSPM_J0419+4233-20201201@171450-Eden.fits (247/424) (dry run)
Storing /home/altsai/eden/LOT20201201_LSPM_J0419+4233_mod/LSPM_J0419+4233-20201201@171605-Eden.fts -> s3://eden-data/RAW/LOT/LSPM_J0419+4233/2020-12-01/LSPM_J0419+4233-20201201@171605-Eden.fits (248/424) (dry run)
Storing /home/altsai/eden/LOT20201201_LSPM_J0419+4233_mod/LSPM_J0419+4233-20201201@171719-Eden.fts -> s3://eden-data/RAW/LOT/LSPM_J0419+4233/2020-12-01/LSPM_J0419+4233-20201201@171719-Eden.fits (249/424) (dry run)
Storing /home/altsai/eden/LOT20201201_LSPM_J0419+4233_mod/LSPM_J0419+4233-20201201@171835-Eden.fts -> s3://eden-data/RAW/LOT/LSPM_J0419+4233/2020-12-01/LSPM_J0419+4233-20201201@171835-Eden.fits (250/424) (dry run)
Storing /home/altsai/eden/LOT20201201_LSPM_J0419+4233_mod/LSPM_J0419+4233-20201201@171950-Eden.fts -> s3://eden-data/RAW/LOT/LSPM_J0419+4233/2020-12-01/LSPM_J0419+4233-20201201@171950-Eden.fits (251/424) (dry run)
Storing /home/altsai/eden/LOT20201201_LSPM_J0419+4233_mod/LSPM_J0419+4233-20201201@172105-Eden.fts -> s3://eden-data/RAW/LOT/LSPM_J0419+4233/2020-12-01/LSPM_J0419+4233-20201201@172105-Eden.fits (252/424) (dry run)
Storing /home/altsai/eden/LOT20201201_LSPM_J0419+4233_mod/LSPM_J0419+4233-20201201@172221-Eden.fts -> s3://eden-data/RAW/LOT/LSPM_J0419+4233/2020-12-01/LSPM_J0419+4233-20201201@172221-Eden.fits (253/424) (dry run)
Storing /home/altsai/eden/LOT20201201_LSPM_J0419+4233_mod/LSPM_J0419+4233-20201201@172337-Eden.fts -> s3://eden-data/RAW/LOT/LSPM_J0419+4233/2020-12-01/LSPM_J0419+4233-20201201@172337-Eden.fits (254/424) (dry run)
Storing /home/altsai/eden/LOT20201201_LSPM_J0419+4233_mod/LSPM_J0419+4233-20201201@172452-Eden.fts -> s3://eden-data/RAW/LOT/LSPM_J0419+4233/2020-12-01/LSPM_J0419+4233-20201201@172452-Eden.fits (255/424) (dry run)
Storing /home/altsai/eden/LOT20201201_LSPM_J0419+4233_mod/LSPM_J0419+4233-20201201@172608-Eden.fts -> s3://eden-data/RAW/LOT/LSPM_J0419+4233/2020-12-01/LSPM_J0419+4233-20201201@172608-Eden.fits (256/424) (dry run)
Storing /home/altsai/eden/LOT20201201_LSPM_J0419+4233_mod/LSPM_J0419+4233-20201201@172723-Eden.fts -> s3://eden-data/RAW/LOT/LSPM_J0419+4233/2020-12-01/LSPM_J0419+4233-20201201@172723-Eden.fits (257/424) (dry run)
Storing /home/altsai/eden/LOT20201201_LSPM_J0419+4233_mod/LSPM_J0419+4233-20201201@172839-Eden.fts -> s3://eden-data/RAW/LOT/LSPM_J0419+4233/2020-12-01/LSPM_J0419+4233-20201201@172839-Eden.fits (258/424) (dry run)
Storing /home/altsai/eden/LOT20201201_LSPM_J0419+4233_mod/LSPM_J0419+4233-20201201@172954-Eden.fts -> s3://eden-data/RAW/LOT/LSPM_J0419+4233/2020-12-01/LSPM_J0419+4233-20201201@172954-Eden.fits (259/424) (dry run)
Storing /home/altsai/eden/LOT20201201_LSPM_J0419+4233_mod/LSPM_J0419+4233-20201201@173110-Eden.fts -> s3://eden-data/RAW/LOT/LSPM_J0419+4233/2020-12-01/LSPM_J0419+4233-20201201@173110-Eden.fits (260/424) (dry run)
Storing /home/altsai/eden/LOT20201201_LSPM_J0419+4233_mod/LSPM_J0419+4233-20201201@173227-Eden.fts -> s3://eden-data/RAW/LOT/LSPM_J0419+4233/2020-12-01/LSPM_J0419+4233-20201201@173227-Eden.fits (261/424) (dry run)
Storing /home/altsai/eden/LOT20201201_LSPM_J0419+4233_mod/LSPM_J0419+4233-20201201@173343-Eden.fts -> s3://eden-data/RAW/LOT/LSPM_J0419+4233/2020-12-01/LSPM_J0419+4233-20201201@173343-Eden.fits (262/424) (dry run)
Storing /home/altsai/eden/LOT20201201_LSPM_J0419+4233_mod/LSPM_J0419+4233-20201201@173500-Eden.fts -> s3://eden-data/RAW/LOT/LSPM_J0419+4233/2020-12-01/LSPM_J0419+4233-20201201@173500-Eden.fits (263/424) (dry run)
Storing /home/altsai/eden/LOT20201201_LSPM_J0419+4233_mod/LSPM_J0419+4233-20201201@173615-Eden.fts -> s3://eden-data/RAW/LOT/LSPM_J0419+4233/2020-12-01/LSPM_J0419+4233-20201201@173615-Eden.fits (264/424) (dry run)
Storing /home/altsai/eden/LOT20201201_LSPM_J0419+4233_mod/LSPM_J0419+4233-20201201@173732-Eden.fts -> s3://eden-data/RAW/LOT/LSPM_J0419+4233/2020-12-01/LSPM_J0419+4233-20201201@173732-Eden.fits (265/424) (dry run)
Storing /home/altsai/eden/LOT20201201_LSPM_J0419+4233_mod/LSPM_J0419+4233-20201201@173846-Eden.fts -> s3://eden-data/RAW/LOT/LSPM_J0419+4233/2020-12-01/LSPM_J0419+4233-20201201@173846-Eden.fits (266/424) (dry run)
Storing /home/altsai/eden/LOT20201201_LSPM_J0419+4233_mod/LSPM_J0419+4233-20201201@174003-Eden.fts -> s3://eden-data/RAW/LOT/LSPM_J0419+4233/2020-12-01/LSPM_J0419+4233-20201201@174003-Eden.fits (267/424) (dry run)
Storing /home/altsai/eden/LOT20201201_LSPM_J0419+4233_mod/LSPM_J0419+4233-20201201@174119-Eden.fts -> s3://eden-data/RAW/LOT/LSPM_J0419+4233/2020-12-01/LSPM_J0419+4233-20201201@174119-Eden.fits (268/424) (dry run)
Storing /home/altsai/eden/LOT20201201_LSPM_J0419+4233_mod/LSPM_J0419+4233-20201201@174234-Eden.fts -> s3://eden-data/RAW/LOT/LSPM_J0419+4233/2020-12-01/LSPM_J0419+4233-20201201@174234-Eden.fits (269/424) (dry run)
Storing /home/altsai/eden/LOT20201201_LSPM_J0419+4233_mod/LSPM_J0419+4233-20201201@174351-Eden.fts -> s3://eden-data/RAW/LOT/LSPM_J0419+4233/2020-12-01/LSPM_J0419+4233-20201201@174351-Eden.fits (270/424) (dry run)
Storing /home/altsai/eden/LOT20201201_LSPM_J0419+4233_mod/LSPM_J0419+4233-20201201@174506-Eden.fts -> s3://eden-data/RAW/LOT/LSPM_J0419+4233/2020-12-01/LSPM_J0419+4233-20201201@174506-Eden.fits (271/424) (dry run)
Storing /home/altsai/eden/LOT20201201_LSPM_J0419+4233_mod/LSPM_J0419+4233-20201201@174623-Eden.fts -> s3://eden-data/RAW/LOT/LSPM_J0419+4233/2020-12-01/LSPM_J0419+4233-20201201@174623-Eden.fits (272/424) (dry run)
Storing /home/altsai/eden/LOT20201201_LSPM_J0419+4233_mod/LSPM_J0419+4233-20201201@174740-Eden.fts -> s3://eden-data/RAW/LOT/LSPM_J0419+4233/2020-12-01/LSPM_J0419+4233-20201201@174740-Eden.fits (273/424) (dry run)
Storing /home/altsai/eden/LOT20201201_LSPM_J0419+4233_mod/LSPM_J0419+4233-20201201@174856-Eden.fts -> s3://eden-data/RAW/LOT/LSPM_J0419+4233/2020-12-01/LSPM_J0419+4233-20201201@174856-Eden.fits (274/424) (dry run)
Storing /home/altsai/eden/LOT20201201_LSPM_J0419+4233_mod/LSPM_J0419+4233-20201201@175014-Eden.fts -> s3://eden-data/RAW/LOT/LSPM_J0419+4233/2020-12-01/LSPM_J0419+4233-20201201@175014-Eden.fits (275/424) (dry run)
Storing /home/altsai/eden/LOT20201201_LSPM_J0419+4233_mod/LSPM_J0419+4233-20201201@175130-Eden.fts -> s3://eden-data/RAW/LOT/LSPM_J0419+4233/2020-12-01/LSPM_J0419+4233-20201201@175130-Eden.fits (276/424) (dry run)
Storing /home/altsai/eden/LOT20201201_LSPM_J0419+4233_mod/LSPM_J0419+4233-20201201@175247-Eden.fts -> s3://eden-data/RAW/LOT/LSPM_J0419+4233/2020-12-01/LSPM_J0419+4233-20201201@175247-Eden.fits (277/424) (dry run)
Storing /home/altsai/eden/LOT20201201_LSPM_J0419+4233_mod/LSPM_J0419+4233-20201201@175406-Eden.fts -> s3://eden-data/RAW/LOT/LSPM_J0419+4233/2020-12-01/LSPM_J0419+4233-20201201@175406-Eden.fits (278/424) (dry run)
Storing /home/altsai/eden/LOT20201201_LSPM_J0419+4233_mod/LSPM_J0419+4233-20201201@175523-Eden.fts -> s3://eden-data/RAW/LOT/LSPM_J0419+4233/2020-12-01/LSPM_J0419+4233-20201201@175523-Eden.fits (279/424) (dry run)
Storing /home/altsai/eden/LOT20201201_LSPM_J0419+4233_mod/LSPM_J0419+4233-20201201@175639-Eden.fts -> s3://eden-data/RAW/LOT/LSPM_J0419+4233/2020-12-01/LSPM_J0419+4233-20201201@175639-Eden.fits (280/424) (dry run)
Storing /home/altsai/eden/LOT20201201_LSPM_J0419+4233_mod/LSPM_J0419+4233-20201201@175753-Eden.fts -> s3://eden-data/RAW/LOT/LSPM_J0419+4233/2020-12-01/LSPM_J0419+4233-20201201@175753-Eden.fits (281/424) (dry run)
Storing /home/altsai/eden/LOT20201201_LSPM_J0419+4233_mod/LSPM_J0419+4233-20201201@175909-Eden.fts -> s3://eden-data/RAW/LOT/LSPM_J0419+4233/2020-12-01/LSPM_J0419+4233-20201201@175909-Eden.fits (282/424) (dry run)
Storing /home/altsai/eden/LOT20201201_LSPM_J0419+4233_mod/LSPM_J0419+4233-20201201@180023-Eden.fts -> s3://eden-data/RAW/LOT/LSPM_J0419+4233/2020-12-01/LSPM_J0419+4233-20201201@180023-Eden.fits (283/424) (dry run)
Storing /home/altsai/eden/LOT20201201_LSPM_J0419+4233_mod/LSPM_J0419+4233-20201201@180138-Eden.fts -> s3://eden-data/RAW/LOT/LSPM_J0419+4233/2020-12-01/LSPM_J0419+4233-20201201@180138-Eden.fits (284/424) (dry run)
Storing /home/altsai/eden/LOT20201201_LSPM_J0419+4233_mod/LSPM_J0419+4233-20201201@180253-Eden.fts -> s3://eden-data/RAW/LOT/LSPM_J0419+4233/2020-12-01/LSPM_J0419+4233-20201201@180253-Eden.fits (285/424) (dry run)
Storing /home/altsai/eden/LOT20201201_LSPM_J0419+4233_mod/LSPM_J0419+4233-20201201@180407-Eden.fts -> s3://eden-data/RAW/LOT/LSPM_J0419+4233/2020-12-01/LSPM_J0419+4233-20201201@180407-Eden.fits (286/424) (dry run)
Storing /home/altsai/eden/LOT20201201_LSPM_J0419+4233_mod/LSPM_J0419+4233-20201201@180523-Eden.fts -> s3://eden-data/RAW/LOT/LSPM_J0419+4233/2020-12-01/LSPM_J0419+4233-20201201@180523-Eden.fits (287/424) (dry run)
Storing /home/altsai/eden/LOT20201201_LSPM_J0419+4233_mod/LSPM_J0419+4233-20201201@180639-Eden.fts -> s3://eden-data/RAW/LOT/LSPM_J0419+4233/2020-12-01/LSPM_J0419+4233-20201201@180639-Eden.fits (288/424) (dry run)
Storing /home/altsai/eden/LOT20201201_LSPM_J0419+4233_mod/LSPM_J0419+4233-20201201@180754-Eden.fts -> s3://eden-data/RAW/LOT/LSPM_J0419+4233/2020-12-01/LSPM_J0419+4233-20201201@180754-Eden.fits (289/424) (dry run)
Storing /home/altsai/eden/LOT20201201_LSPM_J0419+4233_mod/LSPM_J0419+4233-20201201@180910-Eden.fts -> s3://eden-data/RAW/LOT/LSPM_J0419+4233/2020-12-01/LSPM_J0419+4233-20201201@180910-Eden.fits (290/424) (dry run)
Storing /home/altsai/eden/LOT20201201_LSPM_J0419+4233_mod/LSPM_J0419+4233-20201201@181026-Eden.fts -> s3://eden-data/RAW/LOT/LSPM_J0419+4233/2020-12-01/LSPM_J0419+4233-20201201@181026-Eden.fits (291/424) (dry run)
Storing /home/altsai/eden/LOT20201201_LSPM_J0419+4233_mod/LSPM_J0419+4233-20201201@181142-Eden.fts -> s3://eden-data/RAW/LOT/LSPM_J0419+4233/2020-12-01/LSPM_J0419+4233-20201201@181142-Eden.fits (292/424) (dry run)
Storing /home/altsai/eden/LOT20201201_LSPM_J0419+4233_mod/LSPM_J0419+4233-20201201@181258-Eden.fts -> s3://eden-data/RAW/LOT/LSPM_J0419+4233/2020-12-01/LSPM_J0419+4233-20201201@181258-Eden.fits (293/424) (dry run)
Storing /home/altsai/eden/LOT20201201_LSPM_J0419+4233_mod/LSPM_J0419+4233-20201201@181413-Eden.fts -> s3://eden-data/RAW/LOT/LSPM_J0419+4233/2020-12-01/LSPM_J0419+4233-20201201@181413-Eden.fits (294/424) (dry run)
Storing /home/altsai/eden/LOT20201201_LSPM_J0419+4233_mod/LSPM_J0419+4233-20201201@181528-Eden.fts -> s3://eden-data/RAW/LOT/LSPM_J0419+4233/2020-12-01/LSPM_J0419+4233-20201201@181528-Eden.fits (295/424) (dry run)
Storing /home/altsai/eden/LOT20201201_LSPM_J0419+4233_mod/LSPM_J0419+4233-20201201@181645-Eden.fts -> s3://eden-data/RAW/LOT/LSPM_J0419+4233/2020-12-01/LSPM_J0419+4233-20201201@181645-Eden.fits (296/424) (dry run)
Storing /home/altsai/eden/LOT20201201_LSPM_J0419+4233_mod/LSPM_J0419+4233-20201201@181800-Eden.fts -> s3://eden-data/RAW/LOT/LSPM_J0419+4233/2020-12-01/LSPM_J0419+4233-20201201@181800-Eden.fits (297/424) (dry run)
Storing /home/altsai/eden/LOT20201201_LSPM_J0419+4233_mod/LSPM_J0419+4233-20201201@181915-Eden.fts -> s3://eden-data/RAW/LOT/LSPM_J0419+4233/2020-12-01/LSPM_J0419+4233-20201201@181915-Eden.fits (298/424) (dry run)
Storing /home/altsai/eden/LOT20201201_LSPM_J0419+4233_mod/LSPM_J0419+4233-20201201@182032-Eden.fts -> s3://eden-data/RAW/LOT/LSPM_J0419+4233/2020-12-01/LSPM_J0419+4233-20201201@182032-Eden.fits (299/424) (dry run)
Storing /home/altsai/eden/LOT20201201_LSPM_J0419+4233_mod/LSPM_J0419+4233-20201201@182148-Eden.fts -> s3://eden-data/RAW/LOT/LSPM_J0419+4233/2020-12-01/LSPM_J0419+4233-20201201@182148-Eden.fits (300/424) (dry run)
Storing /home/altsai/eden/LOT20201201_LSPM_J0419+4233_mod/LSPM_J0419+4233-20201201@182303-Eden.fts -> s3://eden-data/RAW/LOT/LSPM_J0419+4233/2020-12-01/LSPM_J0419+4233-20201201@182303-Eden.fits (301/424) (dry run)
Storing /home/altsai/eden/LOT20201201_LSPM_J0419+4233_mod/LSPM_J0419+4233-20201201@182417-Eden.fts -> s3://eden-data/RAW/LOT/LSPM_J0419+4233/2020-12-01/LSPM_J0419+4233-20201201@182417-Eden.fits (302/424) (dry run)
Storing /home/altsai/eden/LOT20201201_LSPM_J0419+4233_mod/LSPM_J0419+4233-20201201@182532-Eden.fts -> s3://eden-data/RAW/LOT/LSPM_J0419+4233/2020-12-01/LSPM_J0419+4233-20201201@182532-Eden.fits (303/424) (dry run)
Storing /home/altsai/eden/LOT20201201_LSPM_J0419+4233_mod/LSPM_J0419+4233-20201201@182649-Eden.fts -> s3://eden-data/RAW/LOT/LSPM_J0419+4233/2020-12-01/LSPM_J0419+4233-20201201@182649-Eden.fits (304/424) (dry run)
Storing /home/altsai/eden/LOT20201201_LSPM_J0419+4233_mod/LSPM_J0419+4233-20201201@182804-Eden.fts -> s3://eden-data/RAW/LOT/LSPM_J0419+4233/2020-12-01/LSPM_J0419+4233-20201201@182804-Eden.fits (305/424) (dry run)
Storing /home/altsai/eden/LOT20201201_LSPM_J0419+4233_mod/LSPM_J0419+4233-20201201@182919-Eden.fts -> s3://eden-data/RAW/LOT/LSPM_J0419+4233/2020-12-01/LSPM_J0419+4233-20201201@182919-Eden.fits (306/424) (dry run)
Storing /home/altsai/eden/LOT20201201_LSPM_J0419+4233_mod/LSPM_J0419+4233-20201201@183033-Eden.fts -> s3://eden-data/RAW/LOT/LSPM_J0419+4233/2020-12-01/LSPM_J0419+4233-20201201@183033-Eden.fits (307/424) (dry run)
Storing /home/altsai/eden/LOT20201201_LSPM_J0419+4233_mod/LSPM_J0419+4233-20201201@183149-Eden.fts -> s3://eden-data/RAW/LOT/LSPM_J0419+4233/2020-12-01/LSPM_J0419+4233-20201201@183149-Eden.fits (308/424) (dry run)
Storing /home/altsai/eden/LOT20201201_LSPM_J0419+4233_mod/LSPM_J0419+4233-20201201@183304-Eden.fts -> s3://eden-data/RAW/LOT/LSPM_J0419+4233/2020-12-01/LSPM_J0419+4233-20201201@183304-Eden.fits (309/424) (dry run)
Storing /home/altsai/eden/LOT20201201_LSPM_J0419+4233_mod/LSPM_J0419+4233-20201201@183419-Eden.fts -> s3://eden-data/RAW/LOT/LSPM_J0419+4233/2020-12-01/LSPM_J0419+4233-20201201@183419-Eden.fits (310/424) (dry run)
Storing /home/altsai/eden/LOT20201201_LSPM_J0419+4233_mod/LSPM_J0419+4233-20201201@183535-Eden.fts -> s3://eden-data/RAW/LOT/LSPM_J0419+4233/2020-12-01/LSPM_J0419+4233-20201201@183535-Eden.fits (311/424) (dry run)
Storing /home/altsai/eden/LOT20201201_LSPM_J0419+4233_mod/LSPM_J0419+4233-20201201@183650-Eden.fts -> s3://eden-data/RAW/LOT/LSPM_J0419+4233/2020-12-01/LSPM_J0419+4233-20201201@183650-Eden.fits (312/424) (dry run)
Storing /home/altsai/eden/LOT20201201_LSPM_J0419+4233_mod/LSPM_J0419+4233-20201201@183806-Eden.fts -> s3://eden-data/RAW/LOT/LSPM_J0419+4233/2020-12-01/LSPM_J0419+4233-20201201@183806-Eden.fits (313/424) (dry run)
Storing /home/altsai/eden/LOT20201201_LSPM_J0419+4233_mod/LSPM_J0419+4233-20201201@183921-Eden.fts -> s3://eden-data/RAW/LOT/LSPM_J0419+4233/2020-12-01/LSPM_J0419+4233-20201201@183921-Eden.fits (314/424) (dry run)
Storing /home/altsai/eden/LOT20201201_LSPM_J0419+4233_mod/LSPM_J0419+4233-20201201@184036-Eden.fts -> s3://eden-data/RAW/LOT/LSPM_J0419+4233/2020-12-01/LSPM_J0419+4233-20201201@184036-Eden.fits (315/424) (dry run)
Storing /home/altsai/eden/LOT20201201_LSPM_J0419+4233_mod/LSPM_J0419+4233-20201201@184151-Eden.fts -> s3://eden-data/RAW/LOT/LSPM_J0419+4233/2020-12-01/LSPM_J0419+4233-20201201@184151-Eden.fits (316/424) (dry run)
Storing /home/altsai/eden/LOT20201201_LSPM_J0419+4233_mod/LSPM_J0419+4233-20201201@184306-Eden.fts -> s3://eden-data/RAW/LOT/LSPM_J0419+4233/2020-12-01/LSPM_J0419+4233-20201201@184306-Eden.fits (317/424) (dry run)
Storing /home/altsai/eden/LOT20201201_LSPM_J0419+4233_mod/LSPM_J0419+4233-20201201@184422-Eden.fts -> s3://eden-data/RAW/LOT/LSPM_J0419+4233/2020-12-01/LSPM_J0419+4233-20201201@184422-Eden.fits (318/424) (dry run)
Storing /home/altsai/eden/LOT20201201_LSPM_J0419+4233_mod/LSPM_J0419+4233-20201201@184538-Eden.fts -> s3://eden-data/RAW/LOT/LSPM_J0419+4233/2020-12-01/LSPM_J0419+4233-20201201@184538-Eden.fits (319/424) (dry run)
Storing /home/altsai/eden/LOT20201201_LSPM_J0419+4233_mod/LSPM_J0419+4233-20201201@184653-Eden.fts -> s3://eden-data/RAW/LOT/LSPM_J0419+4233/2020-12-01/LSPM_J0419+4233-20201201@184653-Eden.fits (320/424) (dry run)
Storing /home/altsai/eden/LOT20201201_LSPM_J0419+4233_mod/LSPM_J0419+4233-20201201@184808-Eden.fts -> s3://eden-data/RAW/LOT/LSPM_J0419+4233/2020-12-01/LSPM_J0419+4233-20201201@184808-Eden.fits (321/424) (dry run)
Storing /home/altsai/eden/LOT20201201_LSPM_J0419+4233_mod/LSPM_J0419+4233-20201201@184924-Eden.fts -> s3://eden-data/RAW/LOT/LSPM_J0419+4233/2020-12-01/LSPM_J0419+4233-20201201@184924-Eden.fits (322/424) (dry run)
Storing /home/altsai/eden/LOT20201201_LSPM_J0419+4233_mod/LSPM_J0419+4233-20201201@185040-Eden.fts -> s3://eden-data/RAW/LOT/LSPM_J0419+4233/2020-12-01/LSPM_J0419+4233-20201201@185040-Eden.fits (323/424) (dry run)
Storing /home/altsai/eden/LOT20201201_LSPM_J0419+4233_mod/LSPM_J0419+4233-20201201@185158-Eden.fts -> s3://eden-data/RAW/LOT/LSPM_J0419+4233/2020-12-01/LSPM_J0419+4233-20201201@185158-Eden.fits (324/424) (dry run)
Storing /home/altsai/eden/LOT20201201_LSPM_J0419+4233_mod/LSPM_J0419+4233-20201201@185312-Eden.fts -> s3://eden-data/RAW/LOT/LSPM_J0419+4233/2020-12-01/LSPM_J0419+4233-20201201@185312-Eden.fits (325/424) (dry run)
Storing /home/altsai/eden/LOT20201201_LSPM_J0419+4233_mod/LSPM_J0419+4233-20201201@185427-Eden.fts -> s3://eden-data/RAW/LOT/LSPM_J0419+4233/2020-12-01/LSPM_J0419+4233-20201201@185427-Eden.fits (326/424) (dry run)
Storing /home/altsai/eden/LOT20201201_LSPM_J0419+4233_mod/LSPM_J0419+4233-20201201@185543-Eden.fts -> s3://eden-data/RAW/LOT/LSPM_J0419+4233/2020-12-01/LSPM_J0419+4233-20201201@185543-Eden.fits (327/424) (dry run)
Storing /home/altsai/eden/LOT20201201_LSPM_J0419+4233_mod/LSPM_J0419+4233-20201201@185659-Eden.fts -> s3://eden-data/RAW/LOT/LSPM_J0419+4233/2020-12-01/LSPM_J0419+4233-20201201@185659-Eden.fits (328/424) (dry run)
Storing /home/altsai/eden/LOT20201201_LSPM_J0419+4233_mod/LSPM_J0419+4233-20201201@185813-Eden.fts -> s3://eden-data/RAW/LOT/LSPM_J0419+4233/2020-12-01/LSPM_J0419+4233-20201201@185813-Eden.fits (329/424) (dry run)
Storing /home/altsai/eden/LOT20201201_LSPM_J0419+4233_mod/LSPM_J0419+4233-20201201@185928-Eden.fts -> s3://eden-data/RAW/LOT/LSPM_J0419+4233/2020-12-01/LSPM_J0419+4233-20201201@185928-Eden.fits (330/424) (dry run)
Storing /home/altsai/eden/LOT20201201_LSPM_J0419+4233_mod/LSPM_J0419+4233-20201201@190042-Eden.fts -> s3://eden-data/RAW/LOT/LSPM_J0419+4233/2020-12-01/LSPM_J0419+4233-20201201@190042-Eden.fits (331/424) (dry run)
Storing /home/altsai/eden/LOT20201201_LSPM_J0419+4233_mod/LSPM_J0419+4233-20201201@190159-Eden.fts -> s3://eden-data/RAW/LOT/LSPM_J0419+4233/2020-12-01/LSPM_J0419+4233-20201201@190159-Eden.fits (332/424) (dry run)
Storing /home/altsai/eden/LOT20201201_LSPM_J0419+4233_mod/LSPM_J0419+4233-20201201@190314-Eden.fts -> s3://eden-data/RAW/LOT/LSPM_J0419+4233/2020-12-01/LSPM_J0419+4233-20201201@190314-Eden.fits (333/424) (dry run)
Storing /home/altsai/eden/LOT20201201_LSPM_J0419+4233_mod/LSPM_J0419+4233-20201201@190429-Eden.fts -> s3://eden-data/RAW/LOT/LSPM_J0419+4233/2020-12-01/LSPM_J0419+4233-20201201@190429-Eden.fits (334/424) (dry run)
Storing /home/altsai/eden/LOT20201201_LSPM_J0419+4233_mod/LSPM_J0419+4233-20201201@190545-Eden.fts -> s3://eden-data/RAW/LOT/LSPM_J0419+4233/2020-12-01/LSPM_J0419+4233-20201201@190545-Eden.fits (335/424) (dry run)
Storing /home/altsai/eden/LOT20201201_LSPM_J0419+4233_mod/LSPM_J0419+4233-20201201@190702-Eden.fts -> s3://eden-data/RAW/LOT/LSPM_J0419+4233/2020-12-01/LSPM_J0419+4233-20201201@190702-Eden.fits (336/424) (dry run)
Storing /home/altsai/eden/LOT20201201_LSPM_J0419+4233_mod/LSPM_J0419+4233-20201201@190817-Eden.fts -> s3://eden-data/RAW/LOT/LSPM_J0419+4233/2020-12-01/LSPM_J0419+4233-20201201@190817-Eden.fits (337/424) (dry run)
Storing /home/altsai/eden/LOT20201201_LSPM_J0419+4233_mod/LSPM_J0419+4233-20201201@190933-Eden.fts -> s3://eden-data/RAW/LOT/LSPM_J0419+4233/2020-12-01/LSPM_J0419+4233-20201201@190933-Eden.fits (338/424) (dry run)
Storing /home/altsai/eden/LOT20201201_LSPM_J0419+4233_mod/LSPM_J0419+4233-20201201@191048-Eden.fts -> s3://eden-data/RAW/LOT/LSPM_J0419+4233/2020-12-01/LSPM_J0419+4233-20201201@191048-Eden.fits (339/424) (dry run)
Storing /home/altsai/eden/LOT20201201_LSPM_J0419+4233_mod/LSPM_J0419+4233-20201201@191204-Eden.fts -> s3://eden-data/RAW/LOT/LSPM_J0419+4233/2020-12-01/LSPM_J0419+4233-20201201@191204-Eden.fits (340/424) (dry run)
Storing /home/altsai/eden/LOT20201201_LSPM_J0419+4233_mod/LSPM_J0419+4233-20201201@191320-Eden.fts -> s3://eden-data/RAW/LOT/LSPM_J0419+4233/2020-12-01/LSPM_J0419+4233-20201201@191320-Eden.fits (341/424) (dry run)
Storing /home/altsai/eden/LOT20201201_LSPM_J0419+4233_mod/LSPM_J0419+4233-20201201@191436-Eden.fts -> s3://eden-data/RAW/LOT/LSPM_J0419+4233/2020-12-01/LSPM_J0419+4233-20201201@191436-Eden.fits (342/424) (dry run)
Storing /home/altsai/eden/LOT20201201_LSPM_J0419+4233_mod/LSPM_J0419+4233-20201201@191551-Eden.fts -> s3://eden-data/RAW/LOT/LSPM_J0419+4233/2020-12-01/LSPM_J0419+4233-20201201@191551-Eden.fits (343/424) (dry run)
Storing /home/altsai/eden/LOT20201201_LSPM_J0419+4233_mod/LSPM_J0419+4233-20201201@191705-Eden.fts -> s3://eden-data/RAW/LOT/LSPM_J0419+4233/2020-12-01/LSPM_J0419+4233-20201201@191705-Eden.fits (344/424) (dry run)
Storing /home/altsai/eden/LOT20201201_LSPM_J0419+4233_mod/LSPM_J0419+4233-20201201@191820-Eden.fts -> s3://eden-data/RAW/LOT/LSPM_J0419+4233/2020-12-01/LSPM_J0419+4233-20201201@191820-Eden.fits (345/424) (dry run)
Storing /home/altsai/eden/LOT20201201_LSPM_J0419+4233_mod/LSPM_J0419+4233-20201201@191938-Eden.fts -> s3://eden-data/RAW/LOT/LSPM_J0419+4233/2020-12-01/LSPM_J0419+4233-20201201@191938-Eden.fits (346/424) (dry run)
Storing /home/altsai/eden/LOT20201201_LSPM_J0419+4233_mod/LSPM_J0419+4233-20201201@192052-Eden.fts -> s3://eden-data/RAW/LOT/LSPM_J0419+4233/2020-12-01/LSPM_J0419+4233-20201201@192052-Eden.fits (347/424) (dry run)
Storing /home/altsai/eden/LOT20201201_LSPM_J0419+4233_mod/LSPM_J0419+4233-20201201@192207-Eden.fts -> s3://eden-data/RAW/LOT/LSPM_J0419+4233/2020-12-01/LSPM_J0419+4233-20201201@192207-Eden.fits (348/424) (dry run)
Storing /home/altsai/eden/LOT20201201_LSPM_J0419+4233_mod/LSPM_J0419+4233-20201201@192323-Eden.fts -> s3://eden-data/RAW/LOT/LSPM_J0419+4233/2020-12-01/LSPM_J0419+4233-20201201@192323-Eden.fits (349/424) (dry run)
Storing /home/altsai/eden/LOT20201201_LSPM_J0419+4233_mod/LSPM_J0419+4233-20201201@192439-Eden.fts -> s3://eden-data/RAW/LOT/LSPM_J0419+4233/2020-12-01/LSPM_J0419+4233-20201201@192439-Eden.fits (350/424) (dry run)
Storing /home/altsai/eden/LOT20201201_LSPM_J0419+4233_mod/LSPM_J0419+4233-20201201@192554-Eden.fts -> s3://eden-data/RAW/LOT/LSPM_J0419+4233/2020-12-01/LSPM_J0419+4233-20201201@192554-Eden.fits (351/424) (dry run)
Storing /home/altsai/eden/LOT20201201_LSPM_J0419+4233_mod/LSPM_J0419+4233-20201201@192711-Eden.fts -> s3://eden-data/RAW/LOT/LSPM_J0419+4233/2020-12-01/LSPM_J0419+4233-20201201@192711-Eden.fits (352/424) (dry run)
Storing /home/altsai/eden/LOT20201201_LSPM_J0419+4233_mod/LSPM_J0419+4233-20201201@192827-Eden.fts -> s3://eden-data/RAW/LOT/LSPM_J0419+4233/2020-12-01/LSPM_J0419+4233-20201201@192827-Eden.fits (353/424) (dry run)
Storing /home/altsai/eden/LOT20201201_LSPM_J0419+4233_mod/LSPM_J0419+4233-20201201@192942-Eden.fts -> s3://eden-data/RAW/LOT/LSPM_J0419+4233/2020-12-01/LSPM_J0419+4233-20201201@192942-Eden.fits (354/424) (dry run)
Storing /home/altsai/eden/LOT20201201_LSPM_J0419+4233_mod/LSPM_J0419+4233-20201201@193058-Eden.fts -> s3://eden-data/RAW/LOT/LSPM_J0419+4233/2020-12-01/LSPM_J0419+4233-20201201@193058-Eden.fits (355/424) (dry run)
Storing /home/altsai/eden/LOT20201201_LSPM_J0419+4233_mod/LSPM_J0419+4233-20201201@193215-Eden.fts -> s3://eden-data/RAW/LOT/LSPM_J0419+4233/2020-12-01/LSPM_J0419+4233-20201201@193215-Eden.fits (356/424) (dry run)
Storing /home/altsai/eden/LOT20201201_LSPM_J0419+4233_mod/LSPM_J0419+4233-20201201@193331-Eden.fts -> s3://eden-data/RAW/LOT/LSPM_J0419+4233/2020-12-01/LSPM_J0419+4233-20201201@193331-Eden.fits (357/424) (dry run)
Storing /home/altsai/eden/LOT20201201_LSPM_J0419+4233_mod/LSPM_J0419+4233-20201201@193445-Eden.fts -> s3://eden-data/RAW/LOT/LSPM_J0419+4233/2020-12-01/LSPM_J0419+4233-20201201@193445-Eden.fits (358/424) (dry run)
Storing /home/altsai/eden/LOT20201201_LSPM_J0419+4233_mod/LSPM_J0419+4233-20201201@193602-Eden.fts -> s3://eden-data/RAW/LOT/LSPM_J0419+4233/2020-12-01/LSPM_J0419+4233-20201201@193602-Eden.fits (359/424) (dry run)
Storing /home/altsai/eden/LOT20201201_LSPM_J0419+4233_mod/LSPM_J0419+4233-20201201@193718-Eden.fts -> s3://eden-data/RAW/LOT/LSPM_J0419+4233/2020-12-01/LSPM_J0419+4233-20201201@193718-Eden.fits (360/424) (dry run)
Storing /home/altsai/eden/LOT20201201_LSPM_J0419+4233_mod/LSPM_J0419+4233-20201201@193832-Eden.fts -> s3://eden-data/RAW/LOT/LSPM_J0419+4233/2020-12-01/LSPM_J0419+4233-20201201@193832-Eden.fits (361/424) (dry run)
Storing /home/altsai/eden/LOT20201201_LSPM_J0419+4233_mod/LSPM_J0419+4233-20201201@193948-Eden.fts -> s3://eden-data/RAW/LOT/LSPM_J0419+4233/2020-12-01/LSPM_J0419+4233-20201201@193948-Eden.fits (362/424) (dry run)
Storing /home/altsai/eden/LOT20201201_LSPM_J0419+4233_mod/LSPM_J0419+4233-20201201@194105-Eden.fts -> s3://eden-data/RAW/LOT/LSPM_J0419+4233/2020-12-01/LSPM_J0419+4233-20201201@194105-Eden.fits (363/424) (dry run)
Storing /home/altsai/eden/LOT20201201_LSPM_J0419+4233_mod/LSPM_J0419+4233-20201201@194220-Eden.fts -> s3://eden-data/RAW/LOT/LSPM_J0419+4233/2020-12-01/LSPM_J0419+4233-20201201@194220-Eden.fits (364/424) (dry run)
Storing /home/altsai/eden/LOT20201201_LSPM_J0419+4233_mod/LSPM_J0419+4233-20201201@194336-Eden.fts -> s3://eden-data/RAW/LOT/LSPM_J0419+4233/2020-12-01/LSPM_J0419+4233-20201201@194336-Eden.fits (365/424) (dry run)
Storing /home/altsai/eden/LOT20201201_LSPM_J0419+4233_mod/LSPM_J0419+4233-20201201@194453-Eden.fts -> s3://eden-data/RAW/LOT/LSPM_J0419+4233/2020-12-01/LSPM_J0419+4233-20201201@194453-Eden.fits (366/424) (dry run)
Storing /home/altsai/eden/LOT20201201_LSPM_J0419+4233_mod/LSPM_J0419+4233-20201201@194609-Eden.fts -> s3://eden-data/RAW/LOT/LSPM_J0419+4233/2020-12-01/LSPM_J0419+4233-20201201@194609-Eden.fits (367/424) (dry run)
Storing /home/altsai/eden/LOT20201201_LSPM_J0419+4233_mod/LSPM_J0419+4233-20201201@194724-Eden.fts -> s3://eden-data/RAW/LOT/LSPM_J0419+4233/2020-12-01/LSPM_J0419+4233-20201201@194724-Eden.fits (368/424) (dry run)
Storing /home/altsai/eden/LOT20201201_LSPM_J0419+4233_mod/LSPM_J0419+4233-20201201@194839-Eden.fts -> s3://eden-data/RAW/LOT/LSPM_J0419+4233/2020-12-01/LSPM_J0419+4233-20201201@194839-Eden.fits (369/424) (dry run)
Storing /home/altsai/eden/LOT20201201_LSPM_J0419+4233_mod/LSPM_J0419+4233-20201201@194953-Eden.fts -> s3://eden-data/RAW/LOT/LSPM_J0419+4233/2020-12-01/LSPM_J0419+4233-20201201@194953-Eden.fits (370/424) (dry run)
Storing /home/altsai/eden/LOT20201201_LSPM_J0419+4233_mod/LSPM_J0419+4233-20201201@195109-Eden.fts -> s3://eden-data/RAW/LOT/LSPM_J0419+4233/2020-12-01/LSPM_J0419+4233-20201201@195109-Eden.fits (371/424) (dry run)
Storing /home/altsai/eden/LOT20201201_LSPM_J0419+4233_mod/LSPM_J0419+4233-20201201@195224-Eden.fts -> s3://eden-data/RAW/LOT/LSPM_J0419+4233/2020-12-01/LSPM_J0419+4233-20201201@195224-Eden.fits (372/424) (dry run)
Storing /home/altsai/eden/LOT20201201_LSPM_J0419+4233_mod/LSPM_J0419+4233-20201201@195340-Eden.fts -> s3://eden-data/RAW/LOT/LSPM_J0419+4233/2020-12-01/LSPM_J0419+4233-20201201@195340-Eden.fits (373/424) (dry run)
Storing /home/altsai/eden/LOT20201201_LSPM_J0419+4233_mod/LSPM_J0419+4233-20201201@195455-Eden.fts -> s3://eden-data/RAW/LOT/LSPM_J0419+4233/2020-12-01/LSPM_J0419+4233-20201201@195455-Eden.fits (374/424) (dry run)
Storing /home/altsai/eden/LOT20201201_LSPM_J0419+4233_mod/LSPM_J0419+4233-20201201@195609-Eden.fts -> s3://eden-data/RAW/LOT/LSPM_J0419+4233/2020-12-01/LSPM_J0419+4233-20201201@195609-Eden.fits (375/424) (dry run)
Storing /home/altsai/eden/LOT20201201_LSPM_J0419+4233_mod/LSPM_J0419+4233-20201201@195725-Eden.fts -> s3://eden-data/RAW/LOT/LSPM_J0419+4233/2020-12-01/LSPM_J0419+4233-20201201@195725-Eden.fits (376/424) (dry run)
Storing /home/altsai/eden/LOT20201201_LSPM_J0419+4233_mod/LSPM_J0419+4233-20201201@195839-Eden.fts -> s3://eden-data/RAW/LOT/LSPM_J0419+4233/2020-12-01/LSPM_J0419+4233-20201201@195839-Eden.fits (377/424) (dry run)
Storing /home/altsai/eden/LOT20201201_LSPM_J0419+4233_mod/LSPM_J0419+4233-20201201@195954-Eden.fts -> s3://eden-data/RAW/LOT/LSPM_J0419+4233/2020-12-01/LSPM_J0419+4233-20201201@195954-Eden.fits (378/424) (dry run)
Storing /home/altsai/eden/LOT20201201_LSPM_J0419+4233_mod/LSPM_J0419+4233-20201201@200109-Eden.fts -> s3://eden-data/RAW/LOT/LSPM_J0419+4233/2020-12-01/LSPM_J0419+4233-20201201@200109-Eden.fits (379/424) (dry run)
Storing /home/altsai/eden/LOT20201201_LSPM_J0419+4233_mod/LSPM_J0419+4233-20201201@200223-Eden.fts -> s3://eden-data/RAW/LOT/LSPM_J0419+4233/2020-12-01/LSPM_J0419+4233-20201201@200223-Eden.fits (380/424) (dry run)
Storing /home/altsai/eden/LOT20201201_LSPM_J0419+4233_mod/LSPM_J0419+4233-20201201@200337-Eden.fts -> s3://eden-data/RAW/LOT/LSPM_J0419+4233/2020-12-01/LSPM_J0419+4233-20201201@200337-Eden.fits (381/424) (dry run)
Storing /home/altsai/eden/LOT20201201_LSPM_J0419+4233_mod/LSPM_J0419+4233-20201201@200454-Eden.fts -> s3://eden-data/RAW/LOT/LSPM_J0419+4233/2020-12-01/LSPM_J0419+4233-20201201@200454-Eden.fits (382/424) (dry run)
Storing /home/altsai/eden/LOT20201201_LSPM_J0419+4233_mod/LSPM_J0419+4233-20201201@200609-Eden.fts -> s3://eden-data/RAW/LOT/LSPM_J0419+4233/2020-12-01/LSPM_J0419+4233-20201201@200609-Eden.fits (383/424) (dry run)
Storing /home/altsai/eden/LOT20201201_LSPM_J0419+4233_mod/LSPM_J0419+4233-20201201@200726-Eden.fts -> s3://eden-data/RAW/LOT/LSPM_J0419+4233/2020-12-01/LSPM_J0419+4233-20201201@200726-Eden.fits (384/424) (dry run)
Storing /home/altsai/eden/LOT20201201_LSPM_J0419+4233_mod/LSPM_J0419+4233-20201201@200840-Eden.fts -> s3://eden-data/RAW/LOT/LSPM_J0419+4233/2020-12-01/LSPM_J0419+4233-20201201@200840-Eden.fits (385/424) (dry run)
Storing /home/altsai/eden/LOT20201201_LSPM_J0419+4233_mod/LSPM_J0419+4233-20201201@200956-Eden.fts -> s3://eden-data/RAW/LOT/LSPM_J0419+4233/2020-12-01/LSPM_J0419+4233-20201201@200956-Eden.fits (386/424) (dry run)
Storing /home/altsai/eden/LOT20201201_LSPM_J0419+4233_mod/LSPM_J0419+4233-20201201@201112-Eden.fts -> s3://eden-data/RAW/LOT/LSPM_J0419+4233/2020-12-01/LSPM_J0419+4233-20201201@201112-Eden.fits (387/424) (dry run)
Storing /home/altsai/eden/LOT20201201_LSPM_J0419+4233_mod/LSPM_J0419+4233-20201201@201228-Eden.fts -> s3://eden-data/RAW/LOT/LSPM_J0419+4233/2020-12-01/LSPM_J0419+4233-20201201@201228-Eden.fits (388/424) (dry run)
Storing /home/altsai/eden/LOT20201201_LSPM_J0419+4233_mod/LSPM_J0419+4233-20201201@201342-Eden.fts -> s3://eden-data/RAW/LOT/LSPM_J0419+4233/2020-12-01/LSPM_J0419+4233-20201201@201342-Eden.fits (389/424) (dry run)
Storing /home/altsai/eden/LOT20201201_LSPM_J0419+4233_mod/LSPM_J0419+4233-20201201@201457-Eden.fts -> s3://eden-data/RAW/LOT/LSPM_J0419+4233/2020-12-01/LSPM_J0419+4233-20201201@201457-Eden.fits (390/424) (dry run)
Storing /home/altsai/eden/LOT20201201_LSPM_J0419+4233_mod/LSPM_J0419+4233-20201201@201613-Eden.fts -> s3://eden-data/RAW/LOT/LSPM_J0419+4233/2020-12-01/LSPM_J0419+4233-20201201@201613-Eden.fits (391/424) (dry run)
Storing /home/altsai/eden/LOT20201201_LSPM_J0419+4233_mod/LSPM_J0419+4233-20201201@201728-Eden.fts -> s3://eden-data/RAW/LOT/LSPM_J0419+4233/2020-12-01/LSPM_J0419+4233-20201201@201728-Eden.fits (392/424) (dry run)
Storing /home/altsai/eden/LOT20201201_LSPM_J0419+4233_mod/LSPM_J0419+4233-20201201@201842-Eden.fts -> s3://eden-data/RAW/LOT/LSPM_J0419+4233/2020-12-01/LSPM_J0419+4233-20201201@201842-Eden.fits (393/424) (dry run)
Storing /home/altsai/eden/LOT20201201_LSPM_J0419+4233_mod/LSPM_J0419+4233-20201201@201956-Eden.fts -> s3://eden-data/RAW/LOT/LSPM_J0419+4233/2020-12-01/LSPM_J0419+4233-20201201@201956-Eden.fits (394/424) (dry run)
Storing /home/altsai/eden/LOT20201201_LSPM_J0419+4233_mod/LSPM_J0419+4233-20201201@202111-Eden.fts -> s3://eden-data/RAW/LOT/LSPM_J0419+4233/2020-12-01/LSPM_J0419+4233-20201201@202111-Eden.fits (395/424) (dry run)
Storing /home/altsai/eden/LOT20201201_LSPM_J0419+4233_mod/LSPM_J0419+4233-20201201@202229-Eden.fts -> s3://eden-data/RAW/LOT/LSPM_J0419+4233/2020-12-01/LSPM_J0419+4233-20201201@202229-Eden.fits (396/424) (dry run)
Storing /home/altsai/eden/LOT20201201_LSPM_J0419+4233_mod/LSPM_J0419+4233-20201201@202345-Eden.fts -> s3://eden-data/RAW/LOT/LSPM_J0419+4233/2020-12-01/LSPM_J0419+4233-20201201@202345-Eden.fits (397/424) (dry run)
Storing /home/altsai/eden/LOT20201201_LSPM_J0419+4233_mod/LSPM_J0419+4233-20201201@202501-Eden.fts -> s3://eden-data/RAW/LOT/LSPM_J0419+4233/2020-12-01/LSPM_J0419+4233-20201201@202501-Eden.fits (398/424) (dry run)
Storing /home/altsai/eden/LOT20201201_LSPM_J0419+4233_mod/LSPM_J0419+4233-20201201@202617-Eden.fts -> s3://eden-data/RAW/LOT/LSPM_J0419+4233/2020-12-01/LSPM_J0419+4233-20201201@202617-Eden.fits (399/424) (dry run)
Storing /home/altsai/eden/LOT20201201_LSPM_J0419+4233_mod/LSPM_J0419+4233-20201201@202734-Eden.fts -> s3://eden-data/RAW/LOT/LSPM_J0419+4233/2020-12-01/LSPM_J0419+4233-20201201@202734-Eden.fits (400/424) (dry run)
Storing /home/altsai/eden/LOT20201201_LSPM_J0419+4233_mod/LSPM_J0419+4233-20201201@202848-Eden.fts -> s3://eden-data/RAW/LOT/LSPM_J0419+4233/2020-12-01/LSPM_J0419+4233-20201201@202848-Eden.fits (401/424) (dry run)
Storing /home/altsai/eden/LOT20201201_LSPM_J0419+4233_mod/LSPM_J0419+4233-20201201@203004-Eden.fts -> s3://eden-data/RAW/LOT/LSPM_J0419+4233/2020-12-01/LSPM_J0419+4233-20201201@203004-Eden.fits (402/424) (dry run)
Storing /home/altsai/eden/LOT20201201_LSPM_J0419+4233_mod/LSPM_J0419+4233-20201201@203121-Eden.fts -> s3://eden-data/RAW/LOT/LSPM_J0419+4233/2020-12-01/LSPM_J0419+4233-20201201@203121-Eden.fits (403/424) (dry run)
Storing /home/altsai/eden/LOT20201201_LSPM_J0419+4233_mod/LSPM_J0419+4233-20201201@203236-Eden.fts -> s3://eden-data/RAW/LOT/LSPM_J0419+4233/2020-12-01/LSPM_J0419+4233-20201201@203236-Eden.fits (404/424) (dry run)
Storing /home/altsai/eden/LOT20201201_LSPM_J0419+4233_mod/LSPM_J0419+4233-20201201@203352-Eden.fts -> s3://eden-data/RAW/LOT/LSPM_J0419+4233/2020-12-01/LSPM_J0419+4233-20201201@203352-Eden.fits (405/424) (dry run)
Storing /home/altsai/eden/LOT20201201_LSPM_J0419+4233_mod/LSPM_J0419+4233-20201201@203509-Eden.fts -> s3://eden-data/RAW/LOT/LSPM_J0419+4233/2020-12-01/LSPM_J0419+4233-20201201@203509-Eden.fits (406/424) (dry run)
Storing /home/altsai/eden/LOT20201201_LSPM_J0419+4233_mod/LSPM_J0419+4233-20201201@203625-Eden.fts -> s3://eden-data/RAW/LOT/LSPM_J0419+4233/2020-12-01/LSPM_J0419+4233-20201201@203625-Eden.fits (407/424) (dry run)
Storing /home/altsai/eden/LOT20201201_LSPM_J0419+4233_mod/LSPM_J0419+4233-20201201@203741-Eden.fts -> s3://eden-data/RAW/LOT/LSPM_J0419+4233/2020-12-01/LSPM_J0419+4233-20201201@203741-Eden.fits (408/424) (dry run)
Storing /home/altsai/eden/LOT20201201_LSPM_J0419+4233_mod/LSPM_J0419+4233-20201201@203857-Eden.fts -> s3://eden-data/RAW/LOT/LSPM_J0419+4233/2020-12-01/LSPM_J0419+4233-20201201@203857-Eden.fits (409/424) (dry run)
Storing /home/altsai/eden/LOT20201201_LSPM_J0419+4233_mod/LSPM_J0419+4233-20201201@204013-Eden.fts -> s3://eden-data/RAW/LOT/LSPM_J0419+4233/2020-12-01/LSPM_J0419+4233-20201201@204013-Eden.fits (410/424) (dry run)
Storing /home/altsai/eden/LOT20201201_LSPM_J0419+4233_mod/LSPM_J0419+4233-20201201@204129-Eden.fts -> s3://eden-data/RAW/LOT/LSPM_J0419+4233/2020-12-01/LSPM_J0419+4233-20201201@204129-Eden.fits (411/424) (dry run)
Storing /home/altsai/eden/LOT20201201_LSPM_J0419+4233_mod/LSPM_J0419+4233-20201201@204245-Eden.fts -> s3://eden-data/RAW/LOT/LSPM_J0419+4233/2020-12-01/LSPM_J0419+4233-20201201@204245-Eden.fits (412/424) (dry run)
Storing /home/altsai/eden/LOT20201201_LSPM_J0419+4233_mod/LSPM_J0419+4233-20201201@204401-Eden.fts -> s3://eden-data/RAW/LOT/LSPM_J0419+4233/2020-12-01/LSPM_J0419+4233-20201201@204401-Eden.fits (413/424) (dry run)
Storing /home/altsai/eden/LOT20201201_LSPM_J0419+4233_mod/LSPM_J0419+4233-20201201@204519-Eden.fts -> s3://eden-data/RAW/LOT/LSPM_J0419+4233/2020-12-01/LSPM_J0419+4233-20201201@204519-Eden.fits (414/424) (dry run)
Storing /home/altsai/eden/LOT20201201_LSPM_J0419+4233_mod/LSPM_J0419+4233-20201201@204635-Eden.fts -> s3://eden-data/RAW/LOT/LSPM_J0419+4233/2020-12-01/LSPM_J0419+4233-20201201@204635-Eden.fits (415/424) (dry run)
Storing /home/altsai/eden/LOT20201201_LSPM_J0419+4233_mod/LSPM_J0419+4233-20201201@204751-Eden.fts -> s3://eden-data/RAW/LOT/LSPM_J0419+4233/2020-12-01/LSPM_J0419+4233-20201201@204751-Eden.fits (416/424) (dry run)
Storing /home/altsai/eden/LOT20201201_LSPM_J0419+4233_mod/LSPM_J0419+4233-20201201@204905-Eden.fts -> s3://eden-data/RAW/LOT/LSPM_J0419+4233/2020-12-01/LSPM_J0419+4233-20201201@204905-Eden.fits (417/424) (dry run)
Storing /home/altsai/eden/LOT20201201_LSPM_J0419+4233_mod/LSPM_J0419+4233-20201201@205020-Eden.fts -> s3://eden-data/RAW/LOT/LSPM_J0419+4233/2020-12-01/LSPM_J0419+4233-20201201@205020-Eden.fits (418/424) (dry run)
Storing /home/altsai/eden/LOT20201201_LSPM_J0419+4233_mod/LSPM_J0419+4233-20201201@205134-Eden.fts -> s3://eden-data/RAW/LOT/LSPM_J0419+4233/2020-12-01/LSPM_J0419+4233-20201201@205134-Eden.fits (419/424) (dry run)
Storing /home/altsai/eden/LOT20201201_LSPM_J0419+4233_mod/LSPM_J0419+4233-20201201@205251-Eden.fts -> s3://eden-data/RAW/LOT/LSPM_J0419+4233/2020-12-01/LSPM_J0419+4233-20201201@205251-Eden.fits (420/424) (dry run)
Storing /home/altsai/eden/LOT20201201_LSPM_J0419+4233_mod/LSPM_J0419+4233-20201201@205407-Eden.fts -> s3://eden-data/RAW/LOT/LSPM_J0419+4233/2020-12-01/LSPM_J0419+4233-20201201@205407-Eden.fits (421/424) (dry run)
Storing /home/altsai/eden/LOT20201201_LSPM_J0419+4233_mod/LSPM_J0419+4233-20201201@205522-Eden.fts -> s3://eden-data/RAW/LOT/LSPM_J0419+4233/2020-12-01/LSPM_J0419+4233-20201201@205522-Eden.fits (422/424) (dry run)
Storing /home/altsai/eden/LOT20201201_LSPM_J0419+4233_mod/LSPM_J0419+4233-20201201@205637-Eden.fts -> s3://eden-data/RAW/LOT/LSPM_J0419+4233/2020-12-01/LSPM_J0419+4233-20201201@205637-Eden.fits (423/424) (dry run)
Storing /home/altsai/eden/LOT20201201_LSPM_J0419+4233_mod/LSPM_J0419+4233-20201201@205754-Eden.fts -> s3://eden-data/RAW/LOT/LSPM_J0419+4233/2020-12-01/LSPM_J0419+4233-20201201@205754-Eden.fits (424/424) (dry run)

Dry run complete! Run again without --dryrun to commit the changes above.
Stored: 424 files (3.6 GB)
