-----------------
input parameters
-----------------
['modify_header_name_eden.py', 'LOT20211017_LP-229-30', '20']
Your will modify header for: LP_229-30 [RA] 18 43 22.1255 [Dec] +40 40 21.3389 [Filter] GG495
---------------
folder: LOT20211017_LP-229-30
will update fits in: LOT20211017_LP-229-30_mod
 ---------------------------
 Exame Fits Header for Bias
 ---------------------------
find ./LOT20211017_LP-229-30/bias-dark/ | grep 'fits\|fts'|sort 
found 110 Bias/Dark
1/110 Bias-20211017@213410-000S.fts [TYPE] BIAS [EXPTIME] 0.0
2/110 Bias-20211017@213419-000S.fts [TYPE] BIAS [EXPTIME] 0.0
3/110 Bias-20211017@213428-000S.fts [TYPE] BIAS [EXPTIME] 0.0
4/110 Bias-20211017@213435-000S.fts [TYPE] BIAS [EXPTIME] 0.0
5/110 Bias-20211017@213442-000S.fts [TYPE] BIAS [EXPTIME] 0.0
6/110 Bias-20211017@213449-000S.fts [TYPE] BIAS [EXPTIME] 0.0
7/110 Bias-20211017@213456-000S.fts [TYPE] BIAS [EXPTIME] 0.0
8/110 Bias-20211017@213503-000S.fts [TYPE] BIAS [EXPTIME] 0.0
9/110 Bias-20211017@213510-000S.fts [TYPE] BIAS [EXPTIME] 0.0
10/110 Bias-20211017@213518-000S.fts [TYPE] BIAS [EXPTIME] 0.0
11/110 Bias-20211017@214810-000S.fts [TYPE] BIAS [EXPTIME] 0.0
12/110 Bias-20211017@214815-000S.fts [TYPE] BIAS [EXPTIME] 0.0
13/110 Bias-20211017@214819-000S.fts [TYPE] BIAS [EXPTIME] 0.0
14/110 Bias-20211017@214823-000S.fts [TYPE] BIAS [EXPTIME] 0.0
15/110 Bias-20211017@214827-000S.fts [TYPE] BIAS [EXPTIME] 0.0
16/110 Bias-20211017@214831-000S.fts [TYPE] BIAS [EXPTIME] 0.0
17/110 Bias-20211017@214835-000S.fts [TYPE] BIAS [EXPTIME] 0.0
18/110 Bias-20211017@214839-000S.fts [TYPE] BIAS [EXPTIME] 0.0
19/110 Bias-20211017@214843-000S.fts [TYPE] BIAS [EXPTIME] 0.0
20/110 Bias-20211017@214846-000S.fts [TYPE] BIAS [EXPTIME] 0.0
21/110 Dark-20211017@213525-002S.fts [TYPE] DARK [EXPTIME] 2.0
22/110 Dark-20211017@213534-002S.fts [TYPE] DARK [EXPTIME] 2.0
23/110 Dark-20211017@213543-002S.fts [TYPE] DARK [EXPTIME] 2.0
24/110 Dark-20211017@213552-002S.fts [TYPE] DARK [EXPTIME] 2.0
25/110 Dark-20211017@213601-002S.fts [TYPE] DARK [EXPTIME] 2.0
26/110 Dark-20211017@213610-002S.fts [TYPE] DARK [EXPTIME] 2.0
27/110 Dark-20211017@213620-002S.fts [TYPE] DARK [EXPTIME] 2.0
28/110 Dark-20211017@213629-002S.fts [TYPE] DARK [EXPTIME] 2.0
29/110 Dark-20211017@213638-002S.fts [TYPE] DARK [EXPTIME] 2.0
30/110 Dark-20211017@213647-002S.fts [TYPE] DARK [EXPTIME] 2.0
31/110 Dark-20211017@213659-060S.fts [TYPE] DARK [EXPTIME] 60.0
32/110 Dark-20211017@213805-060S.fts [TYPE] DARK [EXPTIME] 60.0
33/110 Dark-20211017@213912-060S.fts [TYPE] DARK [EXPTIME] 60.0
34/110 Dark-20211017@214020-060S.fts [TYPE] DARK [EXPTIME] 60.0
35/110 Dark-20211017@214126-060S.fts [TYPE] DARK [EXPTIME] 60.0
36/110 Dark-20211017@214234-060S.fts [TYPE] DARK [EXPTIME] 60.0
37/110 Dark-20211017@214341-060S.fts [TYPE] DARK [EXPTIME] 60.0
38/110 Dark-20211017@214448-060S.fts [TYPE] DARK [EXPTIME] 60.0
39/110 Dark-20211017@214554-060S.fts [TYPE] DARK [EXPTIME] 60.0
40/110 Dark-20211017@214702-060S.fts [TYPE] DARK [EXPTIME] 60.0
41/110 Dark-20211017@214851-001S.fts [TYPE] DARK [EXPTIME] 1.0
42/110 Dark-20211017@214855-002S.fts [TYPE] DARK [EXPTIME] 2.0
43/110 Dark-20211017@214901-003S.fts [TYPE] DARK [EXPTIME] 3.0
44/110 Dark-20211017@214908-015S.fts [TYPE] DARK [EXPTIME] 15.0
45/110 Dark-20211017@214928-300S.fts [TYPE] DARK [EXPTIME] 300.0
46/110 Dark-20211017@215431-360S.fts [TYPE] DARK [EXPTIME] 360.0
47/110 Dark-20211017@220036-480S.fts [TYPE] DARK [EXPTIME] 480.0
48/110 Dark-20211017@220840-001S.fts [TYPE] DARK [EXPTIME] 1.0
49/110 Dark-20211017@220845-002S.fts [TYPE] DARK [EXPTIME] 2.0
50/110 Dark-20211017@220851-003S.fts [TYPE] DARK [EXPTIME] 3.0
51/110 Dark-20211017@220858-015S.fts [TYPE] DARK [EXPTIME] 15.0
52/110 Dark-20211017@220917-300S.fts [TYPE] DARK [EXPTIME] 300.0
53/110 Dark-20211017@221421-360S.fts [TYPE] DARK [EXPTIME] 360.0
54/110 Dark-20211017@222025-480S.fts [TYPE] DARK [EXPTIME] 480.0
55/110 Dark-20211017@222829-001S.fts [TYPE] DARK [EXPTIME] 1.0
56/110 Dark-20211017@222833-002S.fts [TYPE] DARK [EXPTIME] 2.0
57/110 Dark-20211017@222839-003S.fts [TYPE] DARK [EXPTIME] 3.0
58/110 Dark-20211017@222845-015S.fts [TYPE] DARK [EXPTIME] 15.0
59/110 Dark-20211017@222904-300S.fts [TYPE] DARK [EXPTIME] 300.0
60/110 Dark-20211017@223408-360S.fts [TYPE] DARK [EXPTIME] 360.0
61/110 Dark-20211017@224013-480S.fts [TYPE] DARK [EXPTIME] 480.0
62/110 Dark-20211017@224816-001S.fts [TYPE] DARK [EXPTIME] 1.0
63/110 Dark-20211017@224821-002S.fts [TYPE] DARK [EXPTIME] 2.0
64/110 Dark-20211017@224826-003S.fts [TYPE] DARK [EXPTIME] 3.0
65/110 Dark-20211017@224834-015S.fts [TYPE] DARK [EXPTIME] 15.0
66/110 Dark-20211017@224853-300S.fts [TYPE] DARK [EXPTIME] 300.0
67/110 Dark-20211017@225357-360S.fts [TYPE] DARK [EXPTIME] 360.0
68/110 Dark-20211017@230001-480S.fts [TYPE] DARK [EXPTIME] 480.0
69/110 Dark-20211017@230804-001S.fts [TYPE] DARK [EXPTIME] 1.0
70/110 Dark-20211017@230808-002S.fts [TYPE] DARK [EXPTIME] 2.0
71/110 Dark-20211017@230814-003S.fts [TYPE] DARK [EXPTIME] 3.0
72/110 Dark-20211017@230820-015S.fts [TYPE] DARK [EXPTIME] 15.0
73/110 Dark-20211017@230839-300S.fts [TYPE] DARK [EXPTIME] 300.0
74/110 Dark-20211017@231343-360S.fts [TYPE] DARK [EXPTIME] 360.0
75/110 Dark-20211017@231947-480S.fts [TYPE] DARK [EXPTIME] 480.0
76/110 Dark-20211017@232751-001S.fts [TYPE] DARK [EXPTIME] 1.0
77/110 Dark-20211017@232755-002S.fts [TYPE] DARK [EXPTIME] 2.0
78/110 Dark-20211017@232801-003S.fts [TYPE] DARK [EXPTIME] 3.0
79/110 Dark-20211017@232808-015S.fts [TYPE] DARK [EXPTIME] 15.0
80/110 Dark-20211017@232827-300S.fts [TYPE] DARK [EXPTIME] 300.0
81/110 Dark-20211017@233331-360S.fts [TYPE] DARK [EXPTIME] 360.0
82/110 Dark-20211017@233935-480S.fts [TYPE] DARK [EXPTIME] 480.0
83/110 Dark-20211017@234739-001S.fts [TYPE] DARK [EXPTIME] 1.0
84/110 Dark-20211017@234744-002S.fts [TYPE] DARK [EXPTIME] 2.0
85/110 Dark-20211017@234750-003S.fts [TYPE] DARK [EXPTIME] 3.0
86/110 Dark-20211017@234757-015S.fts [TYPE] DARK [EXPTIME] 15.0
87/110 Dark-20211017@234816-300S.fts [TYPE] DARK [EXPTIME] 300.0
88/110 Dark-20211017@235319-360S.fts [TYPE] DARK [EXPTIME] 360.0
89/110 Dark-20211017@235923-480S.fts [TYPE] DARK [EXPTIME] 480.0
90/110 Dark-20211018@000727-001S.fts [TYPE] DARK [EXPTIME] 1.0
91/110 Dark-20211018@000732-002S.fts [TYPE] DARK [EXPTIME] 2.0
92/110 Dark-20211018@000738-003S.fts [TYPE] DARK [EXPTIME] 3.0
93/110 Dark-20211018@000745-015S.fts [TYPE] DARK [EXPTIME] 15.0
94/110 Dark-20211018@000804-300S.fts [TYPE] DARK [EXPTIME] 300.0
95/110 Dark-20211018@001308-360S.fts [TYPE] DARK [EXPTIME] 360.0
96/110 Dark-20211018@001913-480S.fts [TYPE] DARK [EXPTIME] 480.0
97/110 Dark-20211018@002716-001S.fts [TYPE] DARK [EXPTIME] 1.0
98/110 Dark-20211018@002721-002S.fts [TYPE] DARK [EXPTIME] 2.0
99/110 Dark-20211018@002727-003S.fts [TYPE] DARK [EXPTIME] 3.0
100/110 Dark-20211018@002734-015S.fts [TYPE] DARK [EXPTIME] 15.0
101/110 Dark-20211018@002753-300S.fts [TYPE] DARK [EXPTIME] 300.0
102/110 Dark-20211018@003257-360S.fts [TYPE] DARK [EXPTIME] 360.0
103/110 Dark-20211018@003900-480S.fts [TYPE] DARK [EXPTIME] 480.0
104/110 Dark-20211018@004705-001S.fts [TYPE] DARK [EXPTIME] 1.0
105/110 Dark-20211018@004710-002S.fts [TYPE] DARK [EXPTIME] 2.0
106/110 Dark-20211018@004715-003S.fts [TYPE] DARK [EXPTIME] 3.0
107/110 Dark-20211018@004722-015S.fts [TYPE] DARK [EXPTIME] 15.0
108/110 Dark-20211018@004741-300S.fts [TYPE] DARK [EXPTIME] 300.0
109/110 Dark-20211018@005245-360S.fts [TYPE] DARK [EXPTIME] 360.0
110/110 Dark-20211018@005849-480S.fts [TYPE] DARK [EXPTIME] 480.0
 ---------------------------
 Exame Fits Header for Flat
 ---------------------------
find ./LOT20211017_LP-229-30/ | grep flat/ | grep -E 'fits|fts'|sort -t'-' -k2.4,2.6 
found 50 Flat
1/50 20211017_flat-001B.fits [TYPE] FLAT [EXPTIME] 3.0 [FIL] B_319144
2/50 20211017_flat-001eden.fits [TYPE] FLAT [EXPTIME] 2.0 [FIL] GG495
3/50 20211017_flat-001I.fits [TYPE] FLAT [EXPTIME] 15.0 [FIL] I_10349
4/50 20211017_flat-001R.fits [TYPE] FLAT [EXPTIME] 1.0 [FIL] R_10349
5/50 20211017_flat-001V.fits [TYPE] FLAT [EXPTIME] 2.0 [FIL] V_319142
6/50 20211017_flat-002B.fits [TYPE] FLAT [EXPTIME] 3.0 [FIL] B_319144
7/50 20211017_flat-002eden.fits [TYPE] FLAT [EXPTIME] 2.0 [FIL] GG495
8/50 20211017_flat-002I.fits [TYPE] FLAT [EXPTIME] 15.0 [FIL] I_10349
9/50 20211017_flat-002R.fits [TYPE] FLAT [EXPTIME] 1.0 [FIL] R_10349
10/50 20211017_flat-002V.fits [TYPE] FLAT [EXPTIME] 2.0 [FIL] V_319142
11/50 20211017_flat-003B.fits [TYPE] FLAT [EXPTIME] 3.0 [FIL] B_319144
12/50 20211017_flat-003eden.fits [TYPE] FLAT [EXPTIME] 2.0 [FIL] GG495
13/50 20211017_flat-003I.fits [TYPE] FLAT [EXPTIME] 15.0 [FIL] I_10349
14/50 20211017_flat-003R.fits [TYPE] FLAT [EXPTIME] 1.0 [FIL] R_10349
15/50 20211017_flat-003V.fits [TYPE] FLAT [EXPTIME] 2.0 [FIL] V_319142
16/50 20211017_flat-004B.fits [TYPE] FLAT [EXPTIME] 3.0 [FIL] B_319144
17/50 20211017_flat-004eden.fits [TYPE] FLAT [EXPTIME] 2.0 [FIL] GG495
18/50 20211017_flat-004I.fits [TYPE] FLAT [EXPTIME] 15.0 [FIL] I_10349
19/50 20211017_flat-004R.fits [TYPE] FLAT [EXPTIME] 1.0 [FIL] R_10349
20/50 20211017_flat-004V.fits [TYPE] FLAT [EXPTIME] 2.0 [FIL] V_319142
21/50 20211017_flat-005B.fits [TYPE] FLAT [EXPTIME] 3.0 [FIL] B_319144
22/50 20211017_flat-005eden.fits [TYPE] FLAT [EXPTIME] 2.0 [FIL] GG495
23/50 20211017_flat-005I.fits [TYPE] FLAT [EXPTIME] 15.0 [FIL] I_10349
24/50 20211017_flat-005R.fits [TYPE] FLAT [EXPTIME] 1.0 [FIL] R_10349
25/50 20211017_flat-005V.fits [TYPE] FLAT [EXPTIME] 2.0 [FIL] V_319142
26/50 20211017_flat-006B.fits [TYPE] FLAT [EXPTIME] 3.0 [FIL] B_319144
27/50 20211017_flat-006eden.fits [TYPE] FLAT [EXPTIME] 2.0 [FIL] GG495
28/50 20211017_flat-006I.fits [TYPE] FLAT [EXPTIME] 15.0 [FIL] I_10349
29/50 20211017_flat-006R.fits [TYPE] FLAT [EXPTIME] 1.0 [FIL] R_10349
30/50 20211017_flat-006V.fits [TYPE] FLAT [EXPTIME] 2.0 [FIL] V_319142
31/50 20211017_flat-007B.fits [TYPE] FLAT [EXPTIME] 3.0 [FIL] B_319144
32/50 20211017_flat-007eden.fits [TYPE] FLAT [EXPTIME] 2.0 [FIL] GG495
33/50 20211017_flat-007I.fits [TYPE] FLAT [EXPTIME] 15.0 [FIL] I_10349
34/50 20211017_flat-007R.fits [TYPE] FLAT [EXPTIME] 1.0 [FIL] R_10349
35/50 20211017_flat-007V.fits [TYPE] FLAT [EXPTIME] 2.0 [FIL] V_319142
36/50 20211017_flat-008B.fits [TYPE] FLAT [EXPTIME] 3.0 [FIL] B_319144
37/50 20211017_flat-008eden.fits [TYPE] FLAT [EXPTIME] 2.0 [FIL] GG495
38/50 20211017_flat-008I.fits [TYPE] FLAT [EXPTIME] 15.0 [FIL] I_10349
39/50 20211017_flat-008R.fits [TYPE] FLAT [EXPTIME] 1.0 [FIL] R_10349
40/50 20211017_flat-008V.fits [TYPE] FLAT [EXPTIME] 2.0 [FIL] V_319142
41/50 20211017_flat-009B.fits [TYPE] FLAT [EXPTIME] 3.0 [FIL] B_319144
42/50 20211017_flat-009eden.fits [TYPE] FLAT [EXPTIME] 2.0 [FIL] GG495
43/50 20211017_flat-009I.fits [TYPE] FLAT [EXPTIME] 15.0 [FIL] I_10349
44/50 20211017_flat-009R.fits [TYPE] FLAT [EXPTIME] 1.0 [FIL] R_10349
45/50 20211017_flat-009V.fits [TYPE] FLAT [EXPTIME] 2.0 [FIL] V_319142
46/50 20211017_flat-010B.fits [TYPE] FLAT [EXPTIME] 3.0 [FIL] B_319144
47/50 20211017_flat-010eden.fits [TYPE] FLAT [EXPTIME] 2.0 [FIL] GG495
48/50 20211017_flat-010I.fits [TYPE] FLAT [EXPTIME] 15.0 [FIL] I_10349
49/50 20211017_flat-010R.fits [TYPE] FLAT [EXPTIME] 1.0 [FIL] R_10349
50/50 20211017_flat-010V.fits [TYPE] FLAT [EXPTIME] 2.0 [FIL] V_319142
 ---------------------------
 Exame Fits Header for Additional Dark for Flat
 ---------------------------
find ./LOT20211017_LP-229-30/ | grep flat/ |grep dark| grep -E 'fits|fts'|sort -t'-' -k2.4,2.6 
found 0 Additional Dark for Flat
no additional dark for flat in ./flat/
 ---------------------------
 Modify filename for Science Target
 ---------------------------
... update header ...
1/84 LP_229-30-20211017@124233-Eden.fts [TYPE] LIGHT [OBJ] LP_229-30 [RA] 18 43 22.1255 [Dec] +40 40 21.3389 [FIL] GG495 [EXPTIME] 60.0 [Date] 2021-10-17T12:42:33 [Time] 12:42:33
2/84 LP_229-30-20211017@124348-Eden.fts [TYPE] LIGHT [OBJ] LP_229-30 [RA] 18 43 22.1255 [Dec] +40 40 21.3389 [FIL] GG495 [EXPTIME] 60.0 [Date] 2021-10-17T12:43:48 [Time] 12:43:48
3/84 LP_229-30-20211017@124504-Eden.fts [TYPE] LIGHT [OBJ] LP_229-30 [RA] 18 43 22.1255 [Dec] +40 40 21.3389 [FIL] GG495 [EXPTIME] 60.0 [Date] 2021-10-17T12:45:04 [Time] 12:45:04
4/84 LP_229-30-20211017@124620-Eden.fts [TYPE] LIGHT [OBJ] LP_229-30 [RA] 18 43 22.1255 [Dec] +40 40 21.3389 [FIL] GG495 [EXPTIME] 60.0 [Date] 2021-10-17T12:46:20 [Time] 12:46:20
5/84 LP_229-30-20211017@124736-Eden.fts [TYPE] LIGHT [OBJ] LP_229-30 [RA] 18 43 22.1255 [Dec] +40 40 21.3389 [FIL] GG495 [EXPTIME] 60.0 [Date] 2021-10-17T12:47:36 [Time] 12:47:36
6/84 LP_229-30-20211017@124852-Eden.fts [TYPE] LIGHT [OBJ] LP_229-30 [RA] 18 43 22.1255 [Dec] +40 40 21.3389 [FIL] GG495 [EXPTIME] 60.0 [Date] 2021-10-17T12:48:52 [Time] 12:48:52
7/84 LP_229-30-20211017@125007-Eden.fts [TYPE] LIGHT [OBJ] LP_229-30 [RA] 18 43 22.1255 [Dec] +40 40 21.3389 [FIL] GG495 [EXPTIME] 60.0 [Date] 2021-10-17T12:50:07 [Time] 12:50:07
8/84 LP_229-30-20211017@125122-Eden.fts [TYPE] LIGHT [OBJ] LP_229-30 [RA] 18 43 22.1255 [Dec] +40 40 21.3389 [FIL] GG495 [EXPTIME] 60.0 [Date] 2021-10-17T12:51:22 [Time] 12:51:22
9/84 LP_229-30-20211017@125238-Eden.fts [TYPE] LIGHT [OBJ] LP_229-30 [RA] 18 43 22.1255 [Dec] +40 40 21.3389 [FIL] GG495 [EXPTIME] 60.0 [Date] 2021-10-17T12:52:38 [Time] 12:52:38
10/84 LP_229-30-20211017@125353-Eden.fts [TYPE] LIGHT [OBJ] LP_229-30 [RA] 18 43 22.1255 [Dec] +40 40 21.3389 [FIL] GG495 [EXPTIME] 60.0 [Date] 2021-10-17T12:53:53 [Time] 12:53:53
11/84 LP_229-30-20211017@125510-Eden.fts [TYPE] LIGHT [OBJ] LP_229-30 [RA] 18 43 22.1255 [Dec] +40 40 21.3389 [FIL] GG495 [EXPTIME] 60.0 [Date] 2021-10-17T12:55:10 [Time] 12:55:10
12/84 LP_229-30-20211017@125625-Eden.fts [TYPE] LIGHT [OBJ] LP_229-30 [RA] 18 43 22.1255 [Dec] +40 40 21.3389 [FIL] GG495 [EXPTIME] 60.0 [Date] 2021-10-17T12:56:25 [Time] 12:56:25
13/84 LP_229-30-20211017@125742-Eden.fts [TYPE] LIGHT [OBJ] LP_229-30 [RA] 18 43 22.1255 [Dec] +40 40 21.3389 [FIL] GG495 [EXPTIME] 60.0 [Date] 2021-10-17T12:57:42 [Time] 12:57:42
14/84 LP_229-30-20211017@125901-Eden.fts [TYPE] LIGHT [OBJ] LP_229-30 [RA] 18 43 22.1255 [Dec] +40 40 21.3389 [FIL] GG495 [EXPTIME] 60.0 [Date] 2021-10-17T12:59:01 [Time] 12:59:01
15/84 LP_229-30-20211017@130016-Eden.fts [TYPE] LIGHT [OBJ] LP_229-30 [RA] 18 43 22.1255 [Dec] +40 40 21.3389 [FIL] GG495 [EXPTIME] 60.0 [Date] 2021-10-17T13:00:16 [Time] 13:00:16
16/84 LP_229-30-20211017@130131-Eden.fts [TYPE] LIGHT [OBJ] LP_229-30 [RA] 18 43 22.1255 [Dec] +40 40 21.3389 [FIL] GG495 [EXPTIME] 60.0 [Date] 2021-10-17T13:01:31 [Time] 13:01:31
17/84 LP_229-30-20211017@130247-Eden.fts [TYPE] LIGHT [OBJ] LP_229-30 [RA] 18 43 22.1255 [Dec] +40 40 21.3389 [FIL] GG495 [EXPTIME] 60.0 [Date] 2021-10-17T13:02:47 [Time] 13:02:47
18/84 LP_229-30-20211017@130403-Eden.fts [TYPE] LIGHT [OBJ] LP_229-30 [RA] 18 43 22.1255 [Dec] +40 40 21.3389 [FIL] GG495 [EXPTIME] 60.0 [Date] 2021-10-17T13:04:03 [Time] 13:04:03
19/84 LP_229-30-20211017@130518-Eden.fts [TYPE] LIGHT [OBJ] LP_229-30 [RA] 18 43 22.1255 [Dec] +40 40 21.3389 [FIL] GG495 [EXPTIME] 60.0 [Date] 2021-10-17T13:05:18 [Time] 13:05:18
20/84 LP_229-30-20211017@130634-Eden.fts [TYPE] LIGHT [OBJ] LP_229-30 [RA] 18 43 22.1255 [Dec] +40 40 21.3389 [FIL] GG495 [EXPTIME] 60.0 [Date] 2021-10-17T13:06:34 [Time] 13:06:34
21/84 LP_229-30-20211017@130750-Eden.fts [TYPE] LIGHT [OBJ] LP_229-30 [RA] 18 43 22.1255 [Dec] +40 40 21.3389 [FIL] GG495 [EXPTIME] 60.0 [Date] 2021-10-17T13:07:50 [Time] 13:07:50
22/84 LP_229-30-20211017@130907-Eden.fts [TYPE] LIGHT [OBJ] LP_229-30 [RA] 18 43 22.1255 [Dec] +40 40 21.3389 [FIL] GG495 [EXPTIME] 60.0 [Date] 2021-10-17T13:09:07 [Time] 13:09:07
23/84 LP_229-30-20211017@131023-Eden.fts [TYPE] LIGHT [OBJ] LP_229-30 [RA] 18 43 22.1255 [Dec] +40 40 21.3389 [FIL] GG495 [EXPTIME] 60.0 [Date] 2021-10-17T13:10:23 [Time] 13:10:23
24/84 LP_229-30-20211017@131139-Eden.fts [TYPE] LIGHT [OBJ] LP_229-30 [RA] 18 43 22.1255 [Dec] +40 40 21.3389 [FIL] GG495 [EXPTIME] 60.0 [Date] 2021-10-17T13:11:39 [Time] 13:11:39
25/84 LP_229-30-20211017@131255-Eden.fts [TYPE] LIGHT [OBJ] LP_229-30 [RA] 18 43 22.1255 [Dec] +40 40 21.3389 [FIL] GG495 [EXPTIME] 60.0 [Date] 2021-10-17T13:12:55 [Time] 13:12:55
26/84 LP_229-30-20211017@131411-Eden.fts [TYPE] LIGHT [OBJ] LP_229-30 [RA] 18 43 22.1255 [Dec] +40 40 21.3389 [FIL] GG495 [EXPTIME] 60.0 [Date] 2021-10-17T13:14:11 [Time] 13:14:11
27/84 LP_229-30-20211017@131525-Eden.fts [TYPE] LIGHT [OBJ] LP_229-30 [RA] 18 43 22.1255 [Dec] +40 40 21.3389 [FIL] GG495 [EXPTIME] 60.0 [Date] 2021-10-17T13:15:25 [Time] 13:15:25
28/84 LP_229-30-20211017@131642-Eden.fts [TYPE] LIGHT [OBJ] LP_229-30 [RA] 18 43 22.1255 [Dec] +40 40 21.3389 [FIL] GG495 [EXPTIME] 60.0 [Date] 2021-10-17T13:16:42 [Time] 13:16:42
29/84 LP_229-30-20211017@131758-Eden.fts [TYPE] LIGHT [OBJ] LP_229-30 [RA] 18 43 22.1255 [Dec] +40 40 21.3389 [FIL] GG495 [EXPTIME] 60.0 [Date] 2021-10-17T13:17:58 [Time] 13:17:58
30/84 LP_229-30-20211017@131914-Eden.fts [TYPE] LIGHT [OBJ] LP_229-30 [RA] 18 43 22.1255 [Dec] +40 40 21.3389 [FIL] GG495 [EXPTIME] 60.0 [Date] 2021-10-17T13:19:14 [Time] 13:19:14
31/84 LP_229-30-20211017@132029-Eden.fts [TYPE] LIGHT [OBJ] LP_229-30 [RA] 18 43 22.1255 [Dec] +40 40 21.3389 [FIL] GG495 [EXPTIME] 60.0 [Date] 2021-10-17T13:20:29 [Time] 13:20:29
32/84 LP_229-30-20211017@132144-Eden.fts [TYPE] LIGHT [OBJ] LP_229-30 [RA] 18 43 22.1255 [Dec] +40 40 21.3389 [FIL] GG495 [EXPTIME] 60.0 [Date] 2021-10-17T13:21:44 [Time] 13:21:44
33/84 LP_229-30-20211017@132301-Eden.fts [TYPE] LIGHT [OBJ] LP_229-30 [RA] 18 43 22.1255 [Dec] +40 40 21.3389 [FIL] GG495 [EXPTIME] 60.0 [Date] 2021-10-17T13:23:01 [Time] 13:23:01
34/84 LP_229-30-20211017@132417-Eden.fts [TYPE] LIGHT [OBJ] LP_229-30 [RA] 18 43 22.1255 [Dec] +40 40 21.3389 [FIL] GG495 [EXPTIME] 60.0 [Date] 2021-10-17T13:24:17 [Time] 13:24:17
35/84 LP_229-30-20211017@132533-Eden.fts [TYPE] LIGHT [OBJ] LP_229-30 [RA] 18 43 22.1255 [Dec] +40 40 21.3389 [FIL] GG495 [EXPTIME] 60.0 [Date] 2021-10-17T13:25:33 [Time] 13:25:33
36/84 LP_229-30-20211017@132649-Eden.fts [TYPE] LIGHT [OBJ] LP_229-30 [RA] 18 43 22.1255 [Dec] +40 40 21.3389 [FIL] GG495 [EXPTIME] 60.0 [Date] 2021-10-17T13:26:49 [Time] 13:26:49
37/84 LP_229-30-20211017@132805-Eden.fts [TYPE] LIGHT [OBJ] LP_229-30 [RA] 18 43 22.1255 [Dec] +40 40 21.3389 [FIL] GG495 [EXPTIME] 60.0 [Date] 2021-10-17T13:28:05 [Time] 13:28:05
38/84 LP_229-30-20211017@132920-Eden.fts [TYPE] LIGHT [OBJ] LP_229-30 [RA] 18 43 22.1255 [Dec] +40 40 21.3389 [FIL] GG495 [EXPTIME] 60.0 [Date] 2021-10-17T13:29:20 [Time] 13:29:20
39/84 LP_229-30-20211017@133037-Eden.fts [TYPE] LIGHT [OBJ] LP_229-30 [RA] 18 43 22.1255 [Dec] +40 40 21.3389 [FIL] GG495 [EXPTIME] 60.0 [Date] 2021-10-17T13:30:37 [Time] 13:30:37
40/84 LP_229-30-20211017@133153-Eden.fts [TYPE] LIGHT [OBJ] LP_229-30 [RA] 18 43 22.1255 [Dec] +40 40 21.3389 [FIL] GG495 [EXPTIME] 60.0 [Date] 2021-10-17T13:31:53 [Time] 13:31:53
41/84 LP_229-30-20211017@133309-Eden.fts [TYPE] LIGHT [OBJ] LP_229-30 [RA] 18 43 22.1255 [Dec] +40 40 21.3389 [FIL] GG495 [EXPTIME] 60.0 [Date] 2021-10-17T13:33:09 [Time] 13:33:09
42/84 LP_229-30-20211017@133425-Eden.fts [TYPE] LIGHT [OBJ] LP_229-30 [RA] 18 43 22.1255 [Dec] +40 40 21.3389 [FIL] GG495 [EXPTIME] 60.0 [Date] 2021-10-17T13:34:25 [Time] 13:34:25
43/84 LP_229-30-20211017@133541-Eden.fts [TYPE] LIGHT [OBJ] LP_229-30 [RA] 18 43 22.1255 [Dec] +40 40 21.3389 [FIL] GG495 [EXPTIME] 60.0 [Date] 2021-10-17T13:35:41 [Time] 13:35:41
44/84 LP_229-30-20211017@133656-Eden.fts [TYPE] LIGHT [OBJ] LP_229-30 [RA] 18 43 22.1255 [Dec] +40 40 21.3389 [FIL] GG495 [EXPTIME] 60.0 [Date] 2021-10-17T13:36:56 [Time] 13:36:56
45/84 LP_229-30-20211017@133812-Eden.fts [TYPE] LIGHT [OBJ] LP_229-30 [RA] 18 43 22.1255 [Dec] +40 40 21.3389 [FIL] GG495 [EXPTIME] 60.0 [Date] 2021-10-17T13:38:12 [Time] 13:38:12
46/84 LP_229-30-20211017@133927-Eden.fts [TYPE] LIGHT [OBJ] LP_229-30 [RA] 18 43 22.1255 [Dec] +40 40 21.3389 [FIL] GG495 [EXPTIME] 60.0 [Date] 2021-10-17T13:39:27 [Time] 13:39:27
47/84 LP_229-30-20211017@134044-Eden.fts [TYPE] LIGHT [OBJ] LP_229-30 [RA] 18 43 22.1255 [Dec] +40 40 21.3389 [FIL] GG495 [EXPTIME] 60.0 [Date] 2021-10-17T13:40:44 [Time] 13:40:44
48/84 LP_229-30-20211017@134159-Eden.fts [TYPE] LIGHT [OBJ] LP_229-30 [RA] 18 43 22.1255 [Dec] +40 40 21.3389 [FIL] GG495 [EXPTIME] 60.0 [Date] 2021-10-17T13:41:59 [Time] 13:41:59
49/84 LP_229-30-20211017@134315-Eden.fts [TYPE] LIGHT [OBJ] LP_229-30 [RA] 18 43 22.1255 [Dec] +40 40 21.3389 [FIL] GG495 [EXPTIME] 60.0 [Date] 2021-10-17T13:43:15 [Time] 13:43:15
50/84 LP_229-30-20211017@134431-Eden.fts [TYPE] LIGHT [OBJ] LP_229-30 [RA] 18 43 22.1255 [Dec] +40 40 21.3389 [FIL] GG495 [EXPTIME] 60.0 [Date] 2021-10-17T13:44:31 [Time] 13:44:31
51/84 LP_229-30-20211017@134547-Eden.fts [TYPE] LIGHT [OBJ] LP_229-30 [RA] 18 43 22.1255 [Dec] +40 40 21.3389 [FIL] GG495 [EXPTIME] 60.0 [Date] 2021-10-17T13:45:47 [Time] 13:45:47
52/84 LP_229-30-20211017@134704-Eden.fts [TYPE] LIGHT [OBJ] LP_229-30 [RA] 18 43 22.1255 [Dec] +40 40 21.3389 [FIL] GG495 [EXPTIME] 60.0 [Date] 2021-10-17T13:47:04 [Time] 13:47:04
53/84 LP_229-30-20211017@134819-Eden.fts [TYPE] LIGHT [OBJ] LP_229-30 [RA] 18 43 22.1255 [Dec] +40 40 21.3389 [FIL] GG495 [EXPTIME] 60.0 [Date] 2021-10-17T13:48:19 [Time] 13:48:19
54/84 LP_229-30-20211017@134934-Eden.fts [TYPE] LIGHT [OBJ] LP_229-30 [RA] 18 43 22.1255 [Dec] +40 40 21.3389 [FIL] GG495 [EXPTIME] 60.0 [Date] 2021-10-17T13:49:34 [Time] 13:49:34
55/84 LP_229-30-20211017@135051-Eden.fts [TYPE] LIGHT [OBJ] LP_229-30 [RA] 18 43 22.1255 [Dec] +40 40 21.3389 [FIL] GG495 [EXPTIME] 60.0 [Date] 2021-10-17T13:50:51 [Time] 13:50:51
56/84 LP_229-30-20211017@135206-Eden.fts [TYPE] LIGHT [OBJ] LP_229-30 [RA] 18 43 22.1255 [Dec] +40 40 21.3389 [FIL] GG495 [EXPTIME] 60.0 [Date] 2021-10-17T13:52:06 [Time] 13:52:06
57/84 LP_229-30-20211017@135322-Eden.fts [TYPE] LIGHT [OBJ] LP_229-30 [RA] 18 43 22.1255 [Dec] +40 40 21.3389 [FIL] GG495 [EXPTIME] 60.0 [Date] 2021-10-17T13:53:22 [Time] 13:53:22
58/84 LP_229-30-20211017@135438-Eden.fts [TYPE] LIGHT [OBJ] LP_229-30 [RA] 18 43 22.1255 [Dec] +40 40 21.3389 [FIL] GG495 [EXPTIME] 60.0 [Date] 2021-10-17T13:54:38 [Time] 13:54:38
59/84 LP_229-30-20211017@135554-Eden.fts [TYPE] LIGHT [OBJ] LP_229-30 [RA] 18 43 22.1255 [Dec] +40 40 21.3389 [FIL] GG495 [EXPTIME] 60.0 [Date] 2021-10-17T13:55:54 [Time] 13:55:54
60/84 LP_229-30-20211017@135709-Eden.fts [TYPE] LIGHT [OBJ] LP_229-30 [RA] 18 43 22.1255 [Dec] +40 40 21.3389 [FIL] GG495 [EXPTIME] 60.0 [Date] 2021-10-17T13:57:09 [Time] 13:57:09
61/84 LP_229-30-20211017@135825-Eden.fts [TYPE] LIGHT [OBJ] LP_229-30 [RA] 18 43 22.1255 [Dec] +40 40 21.3389 [FIL] GG495 [EXPTIME] 60.0 [Date] 2021-10-17T13:58:25 [Time] 13:58:25
62/84 LP_229-30-20211017@135941-Eden.fts [TYPE] LIGHT [OBJ] LP_229-30 [RA] 18 43 22.1255 [Dec] +40 40 21.3389 [FIL] GG495 [EXPTIME] 60.0 [Date] 2021-10-17T13:59:41 [Time] 13:59:41
63/84 LP_229-30-20211017@140056-Eden.fts [TYPE] LIGHT [OBJ] LP_229-30 [RA] 18 43 22.1255 [Dec] +40 40 21.3389 [FIL] GG495 [EXPTIME] 60.0 [Date] 2021-10-17T14:00:56 [Time] 14:00:56
64/84 LP_229-30-20211017@140212-Eden.fts [TYPE] LIGHT [OBJ] LP_229-30 [RA] 18 43 22.1255 [Dec] +40 40 21.3389 [FIL] GG495 [EXPTIME] 60.0 [Date] 2021-10-17T14:02:12 [Time] 14:02:12
65/84 LP_229-30-20211017@140328-Eden.fts [TYPE] LIGHT [OBJ] LP_229-30 [RA] 18 43 22.1255 [Dec] +40 40 21.3389 [FIL] GG495 [EXPTIME] 60.0 [Date] 2021-10-17T14:03:28 [Time] 14:03:28
66/84 LP_229-30-20211017@140443-Eden.fts [TYPE] LIGHT [OBJ] LP_229-30 [RA] 18 43 22.1255 [Dec] +40 40 21.3389 [FIL] GG495 [EXPTIME] 60.0 [Date] 2021-10-17T14:04:43 [Time] 14:04:43
67/84 LP_229-30-20211017@140602-Eden.fts [TYPE] LIGHT [OBJ] LP_229-30 [RA] 18 43 22.1255 [Dec] +40 40 21.3389 [FIL] GG495 [EXPTIME] 60.0 [Date] 2021-10-17T14:06:02 [Time] 14:06:02
68/84 LP_229-30-20211017@140718-Eden.fts [TYPE] LIGHT [OBJ] LP_229-30 [RA] 18 43 22.1255 [Dec] +40 40 21.3389 [FIL] GG495 [EXPTIME] 60.0 [Date] 2021-10-17T14:07:18 [Time] 14:07:18
69/84 LP_229-30-20211017@140834-Eden.fts [TYPE] LIGHT [OBJ] LP_229-30 [RA] 18 43 22.1255 [Dec] +40 40 21.3389 [FIL] GG495 [EXPTIME] 60.0 [Date] 2021-10-17T14:08:34 [Time] 14:08:34
70/84 LP_229-30-20211017@140949-Eden.fts [TYPE] LIGHT [OBJ] LP_229-30 [RA] 18 43 22.1255 [Dec] +40 40 21.3389 [FIL] GG495 [EXPTIME] 60.0 [Date] 2021-10-17T14:09:49 [Time] 14:09:49
71/84 LP_229-30-20211017@141105-Eden.fts [TYPE] LIGHT [OBJ] LP_229-30 [RA] 18 43 22.1255 [Dec] +40 40 21.3389 [FIL] GG495 [EXPTIME] 60.0 [Date] 2021-10-17T14:11:05 [Time] 14:11:05
72/84 LP_229-30-20211017@141221-Eden.fts [TYPE] LIGHT [OBJ] LP_229-30 [RA] 18 43 22.1255 [Dec] +40 40 21.3389 [FIL] GG495 [EXPTIME] 60.0 [Date] 2021-10-17T14:12:21 [Time] 14:12:21
73/84 LP_229-30-20211017@141336-Eden.fts [TYPE] LIGHT [OBJ] LP_229-30 [RA] 18 43 22.1255 [Dec] +40 40 21.3389 [FIL] GG495 [EXPTIME] 60.0 [Date] 2021-10-17T14:13:36 [Time] 14:13:36
74/84 LP_229-30-20211017@141451-Eden.fts [TYPE] LIGHT [OBJ] LP_229-30 [RA] 18 43 22.1255 [Dec] +40 40 21.3389 [FIL] GG495 [EXPTIME] 60.0 [Date] 2021-10-17T14:14:51 [Time] 14:14:51
75/84 LP_229-30-20211017@141607-Eden.fts [TYPE] LIGHT [OBJ] LP_229-30 [RA] 18 43 22.1255 [Dec] +40 40 21.3389 [FIL] GG495 [EXPTIME] 60.0 [Date] 2021-10-17T14:16:07 [Time] 14:16:07
76/84 LP_229-30-20211017@141723-Eden.fts [TYPE] LIGHT [OBJ] LP_229-30 [RA] 18 43 22.1255 [Dec] +40 40 21.3389 [FIL] GG495 [EXPTIME] 60.0 [Date] 2021-10-17T14:17:23 [Time] 14:17:23
77/84 LP_229-30-20211017@141840-Eden.fts [TYPE] LIGHT [OBJ] LP_229-30 [RA] 18 43 22.1255 [Dec] +40 40 21.3389 [FIL] GG495 [EXPTIME] 60.0 [Date] 2021-10-17T14:18:40 [Time] 14:18:40
78/84 LP_229-30-20211017@141956-Eden.fts [TYPE] LIGHT [OBJ] LP_229-30 [RA] 18 43 22.1255 [Dec] +40 40 21.3389 [FIL] GG495 [EXPTIME] 60.0 [Date] 2021-10-17T14:19:56 [Time] 14:19:56
79/84 LP_229-30-20211017@142111-Eden.fts [TYPE] LIGHT [OBJ] LP_229-30 [RA] 18 43 22.1255 [Dec] +40 40 21.3389 [FIL] GG495 [EXPTIME] 60.0 [Date] 2021-10-17T14:21:11 [Time] 14:21:11
80/84 LP_229-30-20211017@142227-Eden.fts [TYPE] LIGHT [OBJ] LP_229-30 [RA] 18 43 22.1255 [Dec] +40 40 21.3389 [FIL] GG495 [EXPTIME] 60.0 [Date] 2021-10-17T14:22:27 [Time] 14:22:27
81/84 LP_229-30-20211017@142343-Eden.fts [TYPE] LIGHT [OBJ] LP_229-30 [RA] 18 43 22.1255 [Dec] +40 40 21.3389 [FIL] GG495 [EXPTIME] 60.0 [Date] 2021-10-17T14:23:43 [Time] 14:23:43
82/84 LP_229-30-20211017@142458-Eden.fts [TYPE] LIGHT [OBJ] LP_229-30 [RA] 18 43 22.1255 [Dec] +40 40 21.3389 [FIL] GG495 [EXPTIME] 60.0 [Date] 2021-10-17T14:24:58 [Time] 14:24:58
83/84 LP_229-30-20211017@142615-Eden.fts [TYPE] LIGHT [OBJ] LP_229-30 [RA] 18 43 22.1255 [Dec] +40 40 21.3389 [FIL] GG495 [EXPTIME] 60.0 [Date] 2021-10-17T14:26:15 [Time] 14:26:15
84/84 LP_229-30-20211017@142732-Eden.fts [TYPE] LIGHT [OBJ] LP_229-30 [RA] 18 43 22.1255 [Dec] +40 40 21.3389 [FIL] GG495 [EXPTIME] 60.0 [Date] 2021-10-17T14:27:32 [Time] 14:27:32
... write log file to LOT20211017_LP-229-30_mod.log ...
... finish ...
