-----------------
input parameters
-----------------
['modify_header_name_eden.py', 'LOT20201026_2MASS_J0515+5911', '22']
Your will modify header for: 2MASS_J05153094+5911184 [RA] 05 15 30.9554 [Dec] +59 11 17.4255 [Filter] GG495
---------------
folder: LOT20201026_2MASS_J0515+5911
will update fits in: LOT20201026_2MASS_J0515+5911_mod
 ---------------------------
 Exame Fits Header for Bias
 ---------------------------
find ./LOT20201026_2MASS_J0515+5911/bias-dark/ | grep 'fits\|fts'|sort 
found 0 Bias/Dark
no files in ./bias-dark/
 ---------------------------
 Exame Fits Header for Flat
 ---------------------------
find ./LOT20201026_2MASS_J0515+5911/ | grep flat/ | grep -E 'fits|fts'|sort -t'-' -k2.4,2.6 
found 0 Flat
no files in ./flat/
 ---------------------------
 Exame Fits Header for Additional Dark for Flat
 ---------------------------
find ./LOT20201026_2MASS_J0515+5911/ | grep flat/ |grep dark| grep -E 'fits|fts'|sort -t'-' -k2.4,2.6 
found 0 Additional Dark for Flat
no additional dark for flat in ./flat/
 ---------------------------
 Modify filename for Science Target
 ---------------------------
... update header ...
1/103 2MASS_J05153094+5911184-20201026@185637-Eden.fts [TYPE] LIGHT [OBJ] 2MASS_J05153094+5911184 [RA] 05 15 30.9554 [Dec] +59 11 17.4255 [FIL] GG495 [EXPTIME] 60.0 [Date] 2020-10-26T18:56:37 [Time] 18:56:37
2/103 2MASS_J05153094+5911184-20201026@185753-Eden.fts [TYPE] LIGHT [OBJ] 2MASS_J05153094+5911184 [RA] 05 15 30.9554 [Dec] +59 11 17.4255 [FIL] GG495 [EXPTIME] 60.0 [Date] 2020-10-26T18:57:53 [Time] 18:57:53
3/103 2MASS_J05153094+5911184-20201026@190233-Eden.fts [TYPE] LIGHT [OBJ] 2MASS_J05153094+5911184 [RA] 05 15 30.9554 [Dec] +59 11 17.4255 [FIL] GG495 [EXPTIME] 60.0 [Date] 2020-10-26T19:02:33 [Time] 19:02:33
4/103 2MASS_J05153094+5911184-20201026@190347-Eden.fts [TYPE] LIGHT [OBJ] 2MASS_J05153094+5911184 [RA] 05 15 30.9554 [Dec] +59 11 17.4255 [FIL] GG495 [EXPTIME] 60.0 [Date] 2020-10-26T19:03:47 [Time] 19:03:47
5/103 2MASS_J05153094+5911184-20201026@190502-Eden.fts [TYPE] LIGHT [OBJ] 2MASS_J05153094+5911184 [RA] 05 15 30.9554 [Dec] +59 11 17.4255 [FIL] GG495 [EXPTIME] 60.0 [Date] 2020-10-26T19:05:02 [Time] 19:05:02
6/103 2MASS_J05153094+5911184-20201026@190617-Eden.fts [TYPE] LIGHT [OBJ] 2MASS_J05153094+5911184 [RA] 05 15 30.9554 [Dec] +59 11 17.4255 [FIL] GG495 [EXPTIME] 60.0 [Date] 2020-10-26T19:06:17 [Time] 19:06:17
7/103 2MASS_J05153094+5911184-20201026@190732-Eden.fts [TYPE] LIGHT [OBJ] 2MASS_J05153094+5911184 [RA] 05 15 30.9554 [Dec] +59 11 17.4255 [FIL] GG495 [EXPTIME] 60.0 [Date] 2020-10-26T19:07:32 [Time] 19:07:32
8/103 2MASS_J05153094+5911184-20201026@190846-Eden.fts [TYPE] LIGHT [OBJ] 2MASS_J05153094+5911184 [RA] 05 15 30.9554 [Dec] +59 11 17.4255 [FIL] GG495 [EXPTIME] 60.0 [Date] 2020-10-26T19:08:46 [Time] 19:08:46
9/103 2MASS_J05153094+5911184-20201026@191001-Eden.fts [TYPE] LIGHT [OBJ] 2MASS_J05153094+5911184 [RA] 05 15 30.9554 [Dec] +59 11 17.4255 [FIL] GG495 [EXPTIME] 60.0 [Date] 2020-10-26T19:10:01 [Time] 19:10:01
10/103 2MASS_J05153094+5911184-20201026@191115-Eden.fts [TYPE] LIGHT [OBJ] 2MASS_J05153094+5911184 [RA] 05 15 30.9554 [Dec] +59 11 17.4255 [FIL] GG495 [EXPTIME] 60.0 [Date] 2020-10-26T19:11:15 [Time] 19:11:15
11/103 2MASS_J05153094+5911184-20201026@191229-Eden.fts [TYPE] LIGHT [OBJ] 2MASS_J05153094+5911184 [RA] 05 15 30.9554 [Dec] +59 11 17.4255 [FIL] GG495 [EXPTIME] 60.0 [Date] 2020-10-26T19:12:29 [Time] 19:12:29
12/103 2MASS_J05153094+5911184-20201026@191344-Eden.fts [TYPE] LIGHT [OBJ] 2MASS_J05153094+5911184 [RA] 05 15 30.9554 [Dec] +59 11 17.4255 [FIL] GG495 [EXPTIME] 60.0 [Date] 2020-10-26T19:13:44 [Time] 19:13:44
13/103 2MASS_J05153094+5911184-20201026@191458-Eden.fts [TYPE] LIGHT [OBJ] 2MASS_J05153094+5911184 [RA] 05 15 30.9554 [Dec] +59 11 17.4255 [FIL] GG495 [EXPTIME] 60.0 [Date] 2020-10-26T19:14:58 [Time] 19:14:58
14/103 2MASS_J05153094+5911184-20201026@191613-Eden.fts [TYPE] LIGHT [OBJ] 2MASS_J05153094+5911184 [RA] 05 15 30.9554 [Dec] +59 11 17.4255 [FIL] GG495 [EXPTIME] 60.0 [Date] 2020-10-26T19:16:13 [Time] 19:16:13
15/103 2MASS_J05153094+5911184-20201026@191727-Eden.fts [TYPE] LIGHT [OBJ] 2MASS_J05153094+5911184 [RA] 05 15 30.9554 [Dec] +59 11 17.4255 [FIL] GG495 [EXPTIME] 60.0 [Date] 2020-10-26T19:17:27 [Time] 19:17:27
16/103 2MASS_J05153094+5911184-20201026@191841-Eden.fts [TYPE] LIGHT [OBJ] 2MASS_J05153094+5911184 [RA] 05 15 30.9554 [Dec] +59 11 17.4255 [FIL] GG495 [EXPTIME] 60.0 [Date] 2020-10-26T19:18:41 [Time] 19:18:41
17/103 2MASS_J05153094+5911184-20201026@191957-Eden.fts [TYPE] LIGHT [OBJ] 2MASS_J05153094+5911184 [RA] 05 15 30.9554 [Dec] +59 11 17.4255 [FIL] GG495 [EXPTIME] 60.0 [Date] 2020-10-26T19:19:57 [Time] 19:19:57
18/103 2MASS_J05153094+5911184-20201026@192111-Eden.fts [TYPE] LIGHT [OBJ] 2MASS_J05153094+5911184 [RA] 05 15 30.9554 [Dec] +59 11 17.4255 [FIL] GG495 [EXPTIME] 60.0 [Date] 2020-10-26T19:21:11 [Time] 19:21:11
19/103 2MASS_J05153094+5911184-20201026@192227-Eden.fts [TYPE] LIGHT [OBJ] 2MASS_J05153094+5911184 [RA] 05 15 30.9554 [Dec] +59 11 17.4255 [FIL] GG495 [EXPTIME] 60.0 [Date] 2020-10-26T19:22:27 [Time] 19:22:27
20/103 2MASS_J05153094+5911184-20201026@192341-Eden.fts [TYPE] LIGHT [OBJ] 2MASS_J05153094+5911184 [RA] 05 15 30.9554 [Dec] +59 11 17.4255 [FIL] GG495 [EXPTIME] 60.0 [Date] 2020-10-26T19:23:41 [Time] 19:23:41
21/103 2MASS_J05153094+5911184-20201026@192455-Eden.fts [TYPE] LIGHT [OBJ] 2MASS_J05153094+5911184 [RA] 05 15 30.9554 [Dec] +59 11 17.4255 [FIL] GG495 [EXPTIME] 60.0 [Date] 2020-10-26T19:24:55 [Time] 19:24:55
22/103 2MASS_J05153094+5911184-20201026@192609-Eden.fts [TYPE] LIGHT [OBJ] 2MASS_J05153094+5911184 [RA] 05 15 30.9554 [Dec] +59 11 17.4255 [FIL] GG495 [EXPTIME] 60.0 [Date] 2020-10-26T19:26:09 [Time] 19:26:09
23/103 2MASS_J05153094+5911184-20201026@192724-Eden.fts [TYPE] LIGHT [OBJ] 2MASS_J05153094+5911184 [RA] 05 15 30.9554 [Dec] +59 11 17.4255 [FIL] GG495 [EXPTIME] 60.0 [Date] 2020-10-26T19:27:24 [Time] 19:27:24
24/103 2MASS_J05153094+5911184-20201026@192838-Eden.fts [TYPE] LIGHT [OBJ] 2MASS_J05153094+5911184 [RA] 05 15 30.9554 [Dec] +59 11 17.4255 [FIL] GG495 [EXPTIME] 60.0 [Date] 2020-10-26T19:28:38 [Time] 19:28:38
25/103 2MASS_J05153094+5911184-20201026@192952-Eden.fts [TYPE] LIGHT [OBJ] 2MASS_J05153094+5911184 [RA] 05 15 30.9554 [Dec] +59 11 17.4255 [FIL] GG495 [EXPTIME] 60.0 [Date] 2020-10-26T19:29:52 [Time] 19:29:52
26/103 2MASS_J05153094+5911184-20201026@193107-Eden.fts [TYPE] LIGHT [OBJ] 2MASS_J05153094+5911184 [RA] 05 15 30.9554 [Dec] +59 11 17.4255 [FIL] GG495 [EXPTIME] 60.0 [Date] 2020-10-26T19:31:07 [Time] 19:31:07
27/103 2MASS_J05153094+5911184-20201026@193222-Eden.fts [TYPE] LIGHT [OBJ] 2MASS_J05153094+5911184 [RA] 05 15 30.9554 [Dec] +59 11 17.4255 [FIL] GG495 [EXPTIME] 60.0 [Date] 2020-10-26T19:32:22 [Time] 19:32:22
28/103 2MASS_J05153094+5911184-20201026@193336-Eden.fts [TYPE] LIGHT [OBJ] 2MASS_J05153094+5911184 [RA] 05 15 30.9554 [Dec] +59 11 17.4255 [FIL] GG495 [EXPTIME] 60.0 [Date] 2020-10-26T19:33:36 [Time] 19:33:36
29/103 2MASS_J05153094+5911184-20201026@193451-Eden.fts [TYPE] LIGHT [OBJ] 2MASS_J05153094+5911184 [RA] 05 15 30.9554 [Dec] +59 11 17.4255 [FIL] GG495 [EXPTIME] 60.0 [Date] 2020-10-26T19:34:51 [Time] 19:34:51
30/103 2MASS_J05153094+5911184-20201026@193605-Eden.fts [TYPE] LIGHT [OBJ] 2MASS_J05153094+5911184 [RA] 05 15 30.9554 [Dec] +59 11 17.4255 [FIL] GG495 [EXPTIME] 60.0 [Date] 2020-10-26T19:36:05 [Time] 19:36:05
31/103 2MASS_J05153094+5911184-20201026@193720-Eden.fts [TYPE] LIGHT [OBJ] 2MASS_J05153094+5911184 [RA] 05 15 30.9554 [Dec] +59 11 17.4255 [FIL] GG495 [EXPTIME] 60.0 [Date] 2020-10-26T19:37:20 [Time] 19:37:20
32/103 2MASS_J05153094+5911184-20201026@193834-Eden.fts [TYPE] LIGHT [OBJ] 2MASS_J05153094+5911184 [RA] 05 15 30.9554 [Dec] +59 11 17.4255 [FIL] GG495 [EXPTIME] 60.0 [Date] 2020-10-26T19:38:34 [Time] 19:38:34
33/103 2MASS_J05153094+5911184-20201026@193948-Eden.fts [TYPE] LIGHT [OBJ] 2MASS_J05153094+5911184 [RA] 05 15 30.9554 [Dec] +59 11 17.4255 [FIL] GG495 [EXPTIME] 60.0 [Date] 2020-10-26T19:39:48 [Time] 19:39:48
34/103 2MASS_J05153094+5911184-20201026@194102-Eden.fts [TYPE] LIGHT [OBJ] 2MASS_J05153094+5911184 [RA] 05 15 30.9554 [Dec] +59 11 17.4255 [FIL] GG495 [EXPTIME] 60.0 [Date] 2020-10-26T19:41:02 [Time] 19:41:02
35/103 2MASS_J05153094+5911184-20201026@194217-Eden.fts [TYPE] LIGHT [OBJ] 2MASS_J05153094+5911184 [RA] 05 15 30.9554 [Dec] +59 11 17.4255 [FIL] GG495 [EXPTIME] 60.0 [Date] 2020-10-26T19:42:17 [Time] 19:42:17
36/103 2MASS_J05153094+5911184-20201026@194331-Eden.fts [TYPE] LIGHT [OBJ] 2MASS_J05153094+5911184 [RA] 05 15 30.9554 [Dec] +59 11 17.4255 [FIL] GG495 [EXPTIME] 60.0 [Date] 2020-10-26T19:43:31 [Time] 19:43:31
37/103 2MASS_J05153094+5911184-20201026@194446-Eden.fts [TYPE] LIGHT [OBJ] 2MASS_J05153094+5911184 [RA] 05 15 30.9554 [Dec] +59 11 17.4255 [FIL] GG495 [EXPTIME] 60.0 [Date] 2020-10-26T19:44:46 [Time] 19:44:46
38/103 2MASS_J05153094+5911184-20201026@194600-Eden.fts [TYPE] LIGHT [OBJ] 2MASS_J05153094+5911184 [RA] 05 15 30.9554 [Dec] +59 11 17.4255 [FIL] GG495 [EXPTIME] 60.0 [Date] 2020-10-26T19:46:00 [Time] 19:46:00
39/103 2MASS_J05153094+5911184-20201026@194714-Eden.fts [TYPE] LIGHT [OBJ] 2MASS_J05153094+5911184 [RA] 05 15 30.9554 [Dec] +59 11 17.4255 [FIL] GG495 [EXPTIME] 60.0 [Date] 2020-10-26T19:47:14 [Time] 19:47:14
40/103 2MASS_J05153094+5911184-20201026@194829-Eden.fts [TYPE] LIGHT [OBJ] 2MASS_J05153094+5911184 [RA] 05 15 30.9554 [Dec] +59 11 17.4255 [FIL] GG495 [EXPTIME] 60.0 [Date] 2020-10-26T19:48:29 [Time] 19:48:29
41/103 2MASS_J05153094+5911184-20201026@194943-Eden.fts [TYPE] LIGHT [OBJ] 2MASS_J05153094+5911184 [RA] 05 15 30.9554 [Dec] +59 11 17.4255 [FIL] GG495 [EXPTIME] 60.0 [Date] 2020-10-26T19:49:43 [Time] 19:49:43
42/103 2MASS_J05153094+5911184-20201026@195056-Eden.fts [TYPE] LIGHT [OBJ] 2MASS_J05153094+5911184 [RA] 05 15 30.9554 [Dec] +59 11 17.4255 [FIL] GG495 [EXPTIME] 60.0 [Date] 2020-10-26T19:50:56 [Time] 19:50:56
43/103 2MASS_J05153094+5911184-20201026@195211-Eden.fts [TYPE] LIGHT [OBJ] 2MASS_J05153094+5911184 [RA] 05 15 30.9554 [Dec] +59 11 17.4255 [FIL] GG495 [EXPTIME] 60.0 [Date] 2020-10-26T19:52:11 [Time] 19:52:11
44/103 2MASS_J05153094+5911184-20201026@195326-Eden.fts [TYPE] LIGHT [OBJ] 2MASS_J05153094+5911184 [RA] 05 15 30.9554 [Dec] +59 11 17.4255 [FIL] GG495 [EXPTIME] 60.0 [Date] 2020-10-26T19:53:26 [Time] 19:53:26
45/103 2MASS_J05153094+5911184-20201026@195441-Eden.fts [TYPE] LIGHT [OBJ] 2MASS_J05153094+5911184 [RA] 05 15 30.9554 [Dec] +59 11 17.4255 [FIL] GG495 [EXPTIME] 60.0 [Date] 2020-10-26T19:54:41 [Time] 19:54:41
46/103 2MASS_J05153094+5911184-20201026@195555-Eden.fts [TYPE] LIGHT [OBJ] 2MASS_J05153094+5911184 [RA] 05 15 30.9554 [Dec] +59 11 17.4255 [FIL] GG495 [EXPTIME] 60.0 [Date] 2020-10-26T19:55:55 [Time] 19:55:55
47/103 2MASS_J05153094+5911184-20201026@195709-Eden.fts [TYPE] LIGHT [OBJ] 2MASS_J05153094+5911184 [RA] 05 15 30.9554 [Dec] +59 11 17.4255 [FIL] GG495 [EXPTIME] 60.0 [Date] 2020-10-26T19:57:09 [Time] 19:57:09
48/103 2MASS_J05153094+5911184-20201026@195824-Eden.fts [TYPE] LIGHT [OBJ] 2MASS_J05153094+5911184 [RA] 05 15 30.9554 [Dec] +59 11 17.4255 [FIL] GG495 [EXPTIME] 60.0 [Date] 2020-10-26T19:58:24 [Time] 19:58:24
49/103 2MASS_J05153094+5911184-20201026@195940-Eden.fts [TYPE] LIGHT [OBJ] 2MASS_J05153094+5911184 [RA] 05 15 30.9554 [Dec] +59 11 17.4255 [FIL] GG495 [EXPTIME] 60.0 [Date] 2020-10-26T19:59:40 [Time] 19:59:40
50/103 2MASS_J05153094+5911184-20201026@200054-Eden.fts [TYPE] LIGHT [OBJ] 2MASS_J05153094+5911184 [RA] 05 15 30.9554 [Dec] +59 11 17.4255 [FIL] GG495 [EXPTIME] 60.0 [Date] 2020-10-26T20:00:54 [Time] 20:00:54
51/103 2MASS_J05153094+5911184-20201026@200209-Eden.fts [TYPE] LIGHT [OBJ] 2MASS_J05153094+5911184 [RA] 05 15 30.9554 [Dec] +59 11 17.4255 [FIL] GG495 [EXPTIME] 60.0 [Date] 2020-10-26T20:02:09 [Time] 20:02:09
52/103 2MASS_J05153094+5911184-20201026@200323-Eden.fts [TYPE] LIGHT [OBJ] 2MASS_J05153094+5911184 [RA] 05 15 30.9554 [Dec] +59 11 17.4255 [FIL] GG495 [EXPTIME] 60.0 [Date] 2020-10-26T20:03:23 [Time] 20:03:23
53/103 2MASS_J05153094+5911184-20201026@200437-Eden.fts [TYPE] LIGHT [OBJ] 2MASS_J05153094+5911184 [RA] 05 15 30.9554 [Dec] +59 11 17.4255 [FIL] GG495 [EXPTIME] 60.0 [Date] 2020-10-26T20:04:37 [Time] 20:04:37
54/103 2MASS_J05153094+5911184-20201026@200552-Eden.fts [TYPE] LIGHT [OBJ] 2MASS_J05153094+5911184 [RA] 05 15 30.9554 [Dec] +59 11 17.4255 [FIL] GG495 [EXPTIME] 60.0 [Date] 2020-10-26T20:05:52 [Time] 20:05:52
55/103 2MASS_J05153094+5911184-20201026@200706-Eden.fts [TYPE] LIGHT [OBJ] 2MASS_J05153094+5911184 [RA] 05 15 30.9554 [Dec] +59 11 17.4255 [FIL] GG495 [EXPTIME] 60.0 [Date] 2020-10-26T20:07:06 [Time] 20:07:06
56/103 2MASS_J05153094+5911184-20201026@200820-Eden.fts [TYPE] LIGHT [OBJ] 2MASS_J05153094+5911184 [RA] 05 15 30.9554 [Dec] +59 11 17.4255 [FIL] GG495 [EXPTIME] 60.0 [Date] 2020-10-26T20:08:20 [Time] 20:08:20
57/103 2MASS_J05153094+5911184-20201026@200935-Eden.fts [TYPE] LIGHT [OBJ] 2MASS_J05153094+5911184 [RA] 05 15 30.9554 [Dec] +59 11 17.4255 [FIL] GG495 [EXPTIME] 60.0 [Date] 2020-10-26T20:09:35 [Time] 20:09:35
58/103 2MASS_J05153094+5911184-20201026@201049-Eden.fts [TYPE] LIGHT [OBJ] 2MASS_J05153094+5911184 [RA] 05 15 30.9554 [Dec] +59 11 17.4255 [FIL] GG495 [EXPTIME] 60.0 [Date] 2020-10-26T20:10:49 [Time] 20:10:49
59/103 2MASS_J05153094+5911184-20201026@201203-Eden.fts [TYPE] LIGHT [OBJ] 2MASS_J05153094+5911184 [RA] 05 15 30.9554 [Dec] +59 11 17.4255 [FIL] GG495 [EXPTIME] 60.0 [Date] 2020-10-26T20:12:03 [Time] 20:12:03
60/103 2MASS_J05153094+5911184-20201026@201319-Eden.fts [TYPE] LIGHT [OBJ] 2MASS_J05153094+5911184 [RA] 05 15 30.9554 [Dec] +59 11 17.4255 [FIL] GG495 [EXPTIME] 60.0 [Date] 2020-10-26T20:13:19 [Time] 20:13:19
61/103 2MASS_J05153094+5911184-20201026@201433-Eden.fts [TYPE] LIGHT [OBJ] 2MASS_J05153094+5911184 [RA] 05 15 30.9554 [Dec] +59 11 17.4255 [FIL] GG495 [EXPTIME] 60.0 [Date] 2020-10-26T20:14:33 [Time] 20:14:33
62/103 2MASS_J05153094+5911184-20201026@201548-Eden.fts [TYPE] LIGHT [OBJ] 2MASS_J05153094+5911184 [RA] 05 15 30.9554 [Dec] +59 11 17.4255 [FIL] GG495 [EXPTIME] 60.0 [Date] 2020-10-26T20:15:48 [Time] 20:15:48
63/103 2MASS_J05153094+5911184-20201026@201703-Eden.fts [TYPE] LIGHT [OBJ] 2MASS_J05153094+5911184 [RA] 05 15 30.9554 [Dec] +59 11 17.4255 [FIL] GG495 [EXPTIME] 60.0 [Date] 2020-10-26T20:17:03 [Time] 20:17:03
64/103 2MASS_J05153094+5911184-20201026@201818-Eden.fts [TYPE] LIGHT [OBJ] 2MASS_J05153094+5911184 [RA] 05 15 30.9554 [Dec] +59 11 17.4255 [FIL] GG495 [EXPTIME] 60.0 [Date] 2020-10-26T20:18:18 [Time] 20:18:18
65/103 2MASS_J05153094+5911184-20201026@201933-Eden.fts [TYPE] LIGHT [OBJ] 2MASS_J05153094+5911184 [RA] 05 15 30.9554 [Dec] +59 11 17.4255 [FIL] GG495 [EXPTIME] 60.0 [Date] 2020-10-26T20:19:33 [Time] 20:19:33
66/103 2MASS_J05153094+5911184-20201026@202047-Eden.fts [TYPE] LIGHT [OBJ] 2MASS_J05153094+5911184 [RA] 05 15 30.9554 [Dec] +59 11 17.4255 [FIL] GG495 [EXPTIME] 60.0 [Date] 2020-10-26T20:20:47 [Time] 20:20:47
67/103 2MASS_J05153094+5911184-20201026@202202-Eden.fts [TYPE] LIGHT [OBJ] 2MASS_J05153094+5911184 [RA] 05 15 30.9554 [Dec] +59 11 17.4255 [FIL] GG495 [EXPTIME] 60.0 [Date] 2020-10-26T20:22:02 [Time] 20:22:02
68/103 2MASS_J05153094+5911184-20201026@202317-Eden.fts [TYPE] LIGHT [OBJ] 2MASS_J05153094+5911184 [RA] 05 15 30.9554 [Dec] +59 11 17.4255 [FIL] GG495 [EXPTIME] 60.0 [Date] 2020-10-26T20:23:17 [Time] 20:23:17
69/103 2MASS_J05153094+5911184-20201026@202433-Eden.fts [TYPE] LIGHT [OBJ] 2MASS_J05153094+5911184 [RA] 05 15 30.9554 [Dec] +59 11 17.4255 [FIL] GG495 [EXPTIME] 60.0 [Date] 2020-10-26T20:24:33 [Time] 20:24:33
70/103 2MASS_J05153094+5911184-20201026@202547-Eden.fts [TYPE] LIGHT [OBJ] 2MASS_J05153094+5911184 [RA] 05 15 30.9554 [Dec] +59 11 17.4255 [FIL] GG495 [EXPTIME] 60.0 [Date] 2020-10-26T20:25:47 [Time] 20:25:47
71/103 2MASS_J05153094+5911184-20201026@202701-Eden.fts [TYPE] LIGHT [OBJ] 2MASS_J05153094+5911184 [RA] 05 15 30.9554 [Dec] +59 11 17.4255 [FIL] GG495 [EXPTIME] 60.0 [Date] 2020-10-26T20:27:01 [Time] 20:27:01
72/103 2MASS_J05153094+5911184-20201026@202817-Eden.fts [TYPE] LIGHT [OBJ] 2MASS_J05153094+5911184 [RA] 05 15 30.9554 [Dec] +59 11 17.4255 [FIL] GG495 [EXPTIME] 60.0 [Date] 2020-10-26T20:28:17 [Time] 20:28:17
73/103 2MASS_J05153094+5911184-20201026@202931-Eden.fts [TYPE] LIGHT [OBJ] 2MASS_J05153094+5911184 [RA] 05 15 30.9554 [Dec] +59 11 17.4255 [FIL] GG495 [EXPTIME] 60.0 [Date] 2020-10-26T20:29:31 [Time] 20:29:31
74/103 2MASS_J05153094+5911184-20201026@203046-Eden.fts [TYPE] LIGHT [OBJ] 2MASS_J05153094+5911184 [RA] 05 15 30.9554 [Dec] +59 11 17.4255 [FIL] GG495 [EXPTIME] 60.0 [Date] 2020-10-26T20:30:46 [Time] 20:30:46
75/103 2MASS_J05153094+5911184-20201026@203202-Eden.fts [TYPE] LIGHT [OBJ] 2MASS_J05153094+5911184 [RA] 05 15 30.9554 [Dec] +59 11 17.4255 [FIL] GG495 [EXPTIME] 60.0 [Date] 2020-10-26T20:32:02 [Time] 20:32:02
76/103 2MASS_J05153094+5911184-20201026@203316-Eden.fts [TYPE] LIGHT [OBJ] 2MASS_J05153094+5911184 [RA] 05 15 30.9554 [Dec] +59 11 17.4255 [FIL] GG495 [EXPTIME] 60.0 [Date] 2020-10-26T20:33:16 [Time] 20:33:16
77/103 2MASS_J05153094+5911184-20201026@203430-Eden.fts [TYPE] LIGHT [OBJ] 2MASS_J05153094+5911184 [RA] 05 15 30.9554 [Dec] +59 11 17.4255 [FIL] GG495 [EXPTIME] 60.0 [Date] 2020-10-26T20:34:30 [Time] 20:34:30
78/103 2MASS_J05153094+5911184-20201026@203544-Eden.fts [TYPE] LIGHT [OBJ] 2MASS_J05153094+5911184 [RA] 05 15 30.9554 [Dec] +59 11 17.4255 [FIL] GG495 [EXPTIME] 60.0 [Date] 2020-10-26T20:35:44 [Time] 20:35:44
79/103 2MASS_J05153094+5911184-20201026@203659-Eden.fts [TYPE] LIGHT [OBJ] 2MASS_J05153094+5911184 [RA] 05 15 30.9554 [Dec] +59 11 17.4255 [FIL] GG495 [EXPTIME] 60.0 [Date] 2020-10-26T20:36:59 [Time] 20:36:59
80/103 2MASS_J05153094+5911184-20201026@203815-Eden.fts [TYPE] LIGHT [OBJ] 2MASS_J05153094+5911184 [RA] 05 15 30.9554 [Dec] +59 11 17.4255 [FIL] GG495 [EXPTIME] 60.0 [Date] 2020-10-26T20:38:15 [Time] 20:38:15
81/103 2MASS_J05153094+5911184-20201026@203931-Eden.fts [TYPE] LIGHT [OBJ] 2MASS_J05153094+5911184 [RA] 05 15 30.9554 [Dec] +59 11 17.4255 [FIL] GG495 [EXPTIME] 60.0 [Date] 2020-10-26T20:39:31 [Time] 20:39:31
82/103 2MASS_J05153094+5911184-20201026@204047-Eden.fts [TYPE] LIGHT [OBJ] 2MASS_J05153094+5911184 [RA] 05 15 30.9554 [Dec] +59 11 17.4255 [FIL] GG495 [EXPTIME] 60.0 [Date] 2020-10-26T20:40:47 [Time] 20:40:47
83/103 2MASS_J05153094+5911184-20201026@204200-Eden.fts [TYPE] LIGHT [OBJ] 2MASS_J05153094+5911184 [RA] 05 15 30.9554 [Dec] +59 11 17.4255 [FIL] GG495 [EXPTIME] 60.0 [Date] 2020-10-26T20:42:00 [Time] 20:42:00
84/103 2MASS_J05153094+5911184-20201026@204315-Eden.fts [TYPE] LIGHT [OBJ] 2MASS_J05153094+5911184 [RA] 05 15 30.9554 [Dec] +59 11 17.4255 [FIL] GG495 [EXPTIME] 60.0 [Date] 2020-10-26T20:43:15 [Time] 20:43:15
85/103 2MASS_J05153094+5911184-20201026@204430-Eden.fts [TYPE] LIGHT [OBJ] 2MASS_J05153094+5911184 [RA] 05 15 30.9554 [Dec] +59 11 17.4255 [FIL] GG495 [EXPTIME] 60.0 [Date] 2020-10-26T20:44:30 [Time] 20:44:30
86/103 2MASS_J05153094+5911184-20201026@204546-Eden.fts [TYPE] LIGHT [OBJ] 2MASS_J05153094+5911184 [RA] 05 15 30.9554 [Dec] +59 11 17.4255 [FIL] GG495 [EXPTIME] 60.0 [Date] 2020-10-26T20:45:46 [Time] 20:45:46
87/103 2MASS_J05153094+5911184-20201026@204701-Eden.fts [TYPE] LIGHT [OBJ] 2MASS_J05153094+5911184 [RA] 05 15 30.9554 [Dec] +59 11 17.4255 [FIL] GG495 [EXPTIME] 60.0 [Date] 2020-10-26T20:47:01 [Time] 20:47:01
88/103 2MASS_J05153094+5911184-20201026@204816-Eden.fts [TYPE] LIGHT [OBJ] 2MASS_J05153094+5911184 [RA] 05 15 30.9554 [Dec] +59 11 17.4255 [FIL] GG495 [EXPTIME] 60.0 [Date] 2020-10-26T20:48:16 [Time] 20:48:16
89/103 2MASS_J05153094+5911184-20201026@204931-Eden.fts [TYPE] LIGHT [OBJ] 2MASS_J05153094+5911184 [RA] 05 15 30.9554 [Dec] +59 11 17.4255 [FIL] GG495 [EXPTIME] 60.0 [Date] 2020-10-26T20:49:31 [Time] 20:49:31
90/103 2MASS_J05153094+5911184-20201026@205047-Eden.fts [TYPE] LIGHT [OBJ] 2MASS_J05153094+5911184 [RA] 05 15 30.9554 [Dec] +59 11 17.4255 [FIL] GG495 [EXPTIME] 60.0 [Date] 2020-10-26T20:50:47 [Time] 20:50:47
91/103 2MASS_J05153094+5911184-20201026@205200-Eden.fts [TYPE] LIGHT [OBJ] 2MASS_J05153094+5911184 [RA] 05 15 30.9554 [Dec] +59 11 17.4255 [FIL] GG495 [EXPTIME] 60.0 [Date] 2020-10-26T20:52:00 [Time] 20:52:00
92/103 2MASS_J05153094+5911184-20201026@205315-Eden.fts [TYPE] LIGHT [OBJ] 2MASS_J05153094+5911184 [RA] 05 15 30.9554 [Dec] +59 11 17.4255 [FIL] GG495 [EXPTIME] 60.0 [Date] 2020-10-26T20:53:15 [Time] 20:53:15
93/103 2MASS_J05153094+5911184-20201026@205429-Eden.fts [TYPE] LIGHT [OBJ] 2MASS_J05153094+5911184 [RA] 05 15 30.9554 [Dec] +59 11 17.4255 [FIL] GG495 [EXPTIME] 60.0 [Date] 2020-10-26T20:54:29 [Time] 20:54:29
94/103 2MASS_J05153094+5911184-20201026@205544-Eden.fts [TYPE] LIGHT [OBJ] 2MASS_J05153094+5911184 [RA] 05 15 30.9554 [Dec] +59 11 17.4255 [FIL] GG495 [EXPTIME] 60.0 [Date] 2020-10-26T20:55:44 [Time] 20:55:44
95/103 2MASS_J05153094+5911184-20201026@205659-Eden.fts [TYPE] LIGHT [OBJ] 2MASS_J05153094+5911184 [RA] 05 15 30.9554 [Dec] +59 11 17.4255 [FIL] GG495 [EXPTIME] 60.0 [Date] 2020-10-26T20:56:59 [Time] 20:56:59
96/103 2MASS_J05153094+5911184-20201026@205812-Eden.fts [TYPE] LIGHT [OBJ] 2MASS_J05153094+5911184 [RA] 05 15 30.9554 [Dec] +59 11 17.4255 [FIL] GG495 [EXPTIME] 60.0 [Date] 2020-10-26T20:58:12 [Time] 20:58:12
97/103 2MASS_J05153094+5911184-20201026@205926-Eden.fts [TYPE] LIGHT [OBJ] 2MASS_J05153094+5911184 [RA] 05 15 30.9554 [Dec] +59 11 17.4255 [FIL] GG495 [EXPTIME] 60.0 [Date] 2020-10-26T20:59:26 [Time] 20:59:26
98/103 2MASS_J05153094+5911184-20201026@210041-Eden.fts [TYPE] LIGHT [OBJ] 2MASS_J05153094+5911184 [RA] 05 15 30.9554 [Dec] +59 11 17.4255 [FIL] GG495 [EXPTIME] 60.0 [Date] 2020-10-26T21:00:41 [Time] 21:00:41
99/103 2MASS_J05153094+5911184-20201026@210156-Eden.fts [TYPE] LIGHT [OBJ] 2MASS_J05153094+5911184 [RA] 05 15 30.9554 [Dec] +59 11 17.4255 [FIL] GG495 [EXPTIME] 60.0 [Date] 2020-10-26T21:01:56 [Time] 21:01:56
100/103 2MASS_J05153094+5911184-20201026@210312-Eden.fts [TYPE] LIGHT [OBJ] 2MASS_J05153094+5911184 [RA] 05 15 30.9554 [Dec] +59 11 17.4255 [FIL] GG495 [EXPTIME] 60.0 [Date] 2020-10-26T21:03:12 [Time] 21:03:12
101/103 2MASS_J05153094+5911184-20201026@210427-Eden.fts [TYPE] LIGHT [OBJ] 2MASS_J05153094+5911184 [RA] 05 15 30.9554 [Dec] +59 11 17.4255 [FIL] GG495 [EXPTIME] 60.0 [Date] 2020-10-26T21:04:27 [Time] 21:04:27
102/103 2MASS_J05153094+5911184-20201026@210541-Eden.fts [TYPE] LIGHT [OBJ] 2MASS_J05153094+5911184 [RA] 05 15 30.9554 [Dec] +59 11 17.4255 [FIL] GG495 [EXPTIME] 60.0 [Date] 2020-10-26T21:05:41 [Time] 21:05:41
103/103 2MASS_J05153094+5911184-20201026@210655-Eden.fts [TYPE] LIGHT [OBJ] 2MASS_J05153094+5911184 [RA] 05 15 30.9554 [Dec] +59 11 17.4255 [FIL] GG495 [EXPTIME] 60.0 [Date] 2020-10-26T21:06:55 [Time] 21:06:55
... write log file to LOT20201026_2MASS_J0515+5911_mod.log ...
... finish ...
