Bucket successfully loaded! eden-data
286 files found
Storing data to the S3 archive!
Doing a dry run - uploads will not be committed.
Verbose output enabled.
Storing LOT20200228-LSPM_J1055+0808_mod/Bias-20200228@202327-000S.fts -> s3://eden-data/Calibrations/LOT/BIAS/2020-02-28/Bias-20200228@202327-000S.fits (1/286) (dry run)
Storing LOT20200228-LSPM_J1055+0808_mod/Bias-20200228@202336-000S.fts -> s3://eden-data/Calibrations/LOT/BIAS/2020-02-28/Bias-20200228@202336-000S.fits (2/286) (dry run)
Storing LOT20200228-LSPM_J1055+0808_mod/Bias-20200228@202342-000S.fts -> s3://eden-data/Calibrations/LOT/BIAS/2020-02-28/Bias-20200228@202342-000S.fits (3/286) (dry run)
Storing LOT20200228-LSPM_J1055+0808_mod/Bias-20200228@202348-000S.fts -> s3://eden-data/Calibrations/LOT/BIAS/2020-02-28/Bias-20200228@202348-000S.fits (4/286) (dry run)
Storing LOT20200228-LSPM_J1055+0808_mod/Bias-20200228@202355-000S.fts -> s3://eden-data/Calibrations/LOT/BIAS/2020-02-28/Bias-20200228@202355-000S.fits (5/286) (dry run)
Storing LOT20200228-LSPM_J1055+0808_mod/Bias-20200228@202403-000S.fts -> s3://eden-data/Calibrations/LOT/BIAS/2020-02-28/Bias-20200228@202403-000S.fits (6/286) (dry run)
Storing LOT20200228-LSPM_J1055+0808_mod/Bias-20200228@202410-000S.fts -> s3://eden-data/Calibrations/LOT/BIAS/2020-02-28/Bias-20200228@202410-000S.fits (7/286) (dry run)
Storing LOT20200228-LSPM_J1055+0808_mod/Bias-20200228@202417-000S.fts -> s3://eden-data/Calibrations/LOT/BIAS/2020-02-28/Bias-20200228@202417-000S.fits (8/286) (dry run)
Storing LOT20200228-LSPM_J1055+0808_mod/Bias-20200228@202424-000S.fts -> s3://eden-data/Calibrations/LOT/BIAS/2020-02-28/Bias-20200228@202424-000S.fits (9/286) (dry run)
Storing LOT20200228-LSPM_J1055+0808_mod/Bias-20200228@202431-000S.fts -> s3://eden-data/Calibrations/LOT/BIAS/2020-02-28/Bias-20200228@202431-000S.fits (10/286) (dry run)
Storing LOT20200228-LSPM_J1055+0808_mod/Dark-20200228@202439-060S.fts -> s3://eden-data/Calibrations/LOT/DARK/2020-02-28/Dark-20200228@202439-060S.fits (11/286) (dry run)
Storing LOT20200228-LSPM_J1055+0808_mod/Dark-20200228@202546-060S.fts -> s3://eden-data/Calibrations/LOT/DARK/2020-02-28/Dark-20200228@202546-060S.fits (12/286) (dry run)
Storing LOT20200228-LSPM_J1055+0808_mod/Dark-20200228@202652-060S.fts -> s3://eden-data/Calibrations/LOT/DARK/2020-02-28/Dark-20200228@202652-060S.fits (13/286) (dry run)
Storing LOT20200228-LSPM_J1055+0808_mod/Dark-20200228@202759-060S.fts -> s3://eden-data/Calibrations/LOT/DARK/2020-02-28/Dark-20200228@202759-060S.fits (14/286) (dry run)
Storing LOT20200228-LSPM_J1055+0808_mod/Dark-20200228@202906-060S.fts -> s3://eden-data/Calibrations/LOT/DARK/2020-02-28/Dark-20200228@202906-060S.fits (15/286) (dry run)
Storing LOT20200228-LSPM_J1055+0808_mod/Dark-20200228@203012-060S.fts -> s3://eden-data/Calibrations/LOT/DARK/2020-02-28/Dark-20200228@203012-060S.fits (16/286) (dry run)
Storing LOT20200228-LSPM_J1055+0808_mod/Dark-20200228@203120-060S.fts -> s3://eden-data/Calibrations/LOT/DARK/2020-02-28/Dark-20200228@203120-060S.fits (17/286) (dry run)
Storing LOT20200228-LSPM_J1055+0808_mod/Dark-20200228@203227-060S.fts -> s3://eden-data/Calibrations/LOT/DARK/2020-02-28/Dark-20200228@203227-060S.fits (18/286) (dry run)
Storing LOT20200228-LSPM_J1055+0808_mod/Dark-20200228@203333-060S.fts -> s3://eden-data/Calibrations/LOT/DARK/2020-02-28/Dark-20200228@203333-060S.fits (19/286) (dry run)
Storing LOT20200228-LSPM_J1055+0808_mod/Dark-20200228@203441-060S.fts -> s3://eden-data/Calibrations/LOT/DARK/2020-02-28/Dark-20200228@203441-060S.fits (20/286) (dry run)
Storing LOT20200228-LSPM_J1055+0808_mod/LSPM_J1055+0808-20200228@121501-Eden.fts -> s3://eden-data/RAW/LOT/LSPM_J1055+0808/2020-02-28/LSPM_J1055+0808-20200228@121501-Eden.fits (21/286) (dry run)
Storing LOT20200228-LSPM_J1055+0808_mod/LSPM_J1055+0808-20200228@122102-Eden.fts -> s3://eden-data/RAW/LOT/LSPM_J1055+0808/2020-02-28/LSPM_J1055+0808-20200228@122102-Eden.fits (22/286) (dry run)
Storing LOT20200228-LSPM_J1055+0808_mod/LSPM_J1055+0808-20200228@122228-Eden.fts -> s3://eden-data/RAW/LOT/LSPM_J1055+0808/2020-02-28/LSPM_J1055+0808-20200228@122228-Eden.fits (23/286) (dry run)
Storing LOT20200228-LSPM_J1055+0808_mod/LSPM_J1055+0808-20200228@122342-Eden.fts -> s3://eden-data/RAW/LOT/LSPM_J1055+0808/2020-02-28/LSPM_J1055+0808-20200228@122342-Eden.fits (24/286) (dry run)
Storing LOT20200228-LSPM_J1055+0808_mod/LSPM_J1055+0808-20200228@122457-Eden.fts -> s3://eden-data/RAW/LOT/LSPM_J1055+0808/2020-02-28/LSPM_J1055+0808-20200228@122457-Eden.fits (25/286) (dry run)
Storing LOT20200228-LSPM_J1055+0808_mod/LSPM_J1055+0808-20200228@122611-Eden.fts -> s3://eden-data/RAW/LOT/LSPM_J1055+0808/2020-02-28/LSPM_J1055+0808-20200228@122611-Eden.fits (26/286) (dry run)
Storing LOT20200228-LSPM_J1055+0808_mod/LSPM_J1055+0808-20200228@122725-Eden.fts -> s3://eden-data/RAW/LOT/LSPM_J1055+0808/2020-02-28/LSPM_J1055+0808-20200228@122725-Eden.fits (27/286) (dry run)
Storing LOT20200228-LSPM_J1055+0808_mod/LSPM_J1055+0808-20200228@122839-Eden.fts -> s3://eden-data/RAW/LOT/LSPM_J1055+0808/2020-02-28/LSPM_J1055+0808-20200228@122839-Eden.fits (28/286) (dry run)
Storing LOT20200228-LSPM_J1055+0808_mod/LSPM_J1055+0808-20200228@122954-Eden.fts -> s3://eden-data/RAW/LOT/LSPM_J1055+0808/2020-02-28/LSPM_J1055+0808-20200228@122954-Eden.fits (29/286) (dry run)
Storing LOT20200228-LSPM_J1055+0808_mod/LSPM_J1055+0808-20200228@123108-Eden.fts -> s3://eden-data/RAW/LOT/LSPM_J1055+0808/2020-02-28/LSPM_J1055+0808-20200228@123108-Eden.fits (30/286) (dry run)
Storing LOT20200228-LSPM_J1055+0808_mod/LSPM_J1055+0808-20200228@123224-Eden.fts -> s3://eden-data/RAW/LOT/LSPM_J1055+0808/2020-02-28/LSPM_J1055+0808-20200228@123224-Eden.fits (31/286) (dry run)
Storing LOT20200228-LSPM_J1055+0808_mod/LSPM_J1055+0808-20200228@123337-Eden.fts -> s3://eden-data/RAW/LOT/LSPM_J1055+0808/2020-02-28/LSPM_J1055+0808-20200228@123337-Eden.fits (32/286) (dry run)
Storing LOT20200228-LSPM_J1055+0808_mod/LSPM_J1055+0808-20200228@123452-Eden.fts -> s3://eden-data/RAW/LOT/LSPM_J1055+0808/2020-02-28/LSPM_J1055+0808-20200228@123452-Eden.fits (33/286) (dry run)
Storing LOT20200228-LSPM_J1055+0808_mod/LSPM_J1055+0808-20200228@123608-Eden.fts -> s3://eden-data/RAW/LOT/LSPM_J1055+0808/2020-02-28/LSPM_J1055+0808-20200228@123608-Eden.fits (34/286) (dry run)
Storing LOT20200228-LSPM_J1055+0808_mod/LSPM_J1055+0808-20200228@123723-Eden.fts -> s3://eden-data/RAW/LOT/LSPM_J1055+0808/2020-02-28/LSPM_J1055+0808-20200228@123723-Eden.fits (35/286) (dry run)
Storing LOT20200228-LSPM_J1055+0808_mod/LSPM_J1055+0808-20200228@123836-Eden.fts -> s3://eden-data/RAW/LOT/LSPM_J1055+0808/2020-02-28/LSPM_J1055+0808-20200228@123836-Eden.fits (36/286) (dry run)
Storing LOT20200228-LSPM_J1055+0808_mod/LSPM_J1055+0808-20200228@123952-Eden.fts -> s3://eden-data/RAW/LOT/LSPM_J1055+0808/2020-02-28/LSPM_J1055+0808-20200228@123952-Eden.fits (37/286) (dry run)
Storing LOT20200228-LSPM_J1055+0808_mod/LSPM_J1055+0808-20200228@124109-Eden.fts -> s3://eden-data/RAW/LOT/LSPM_J1055+0808/2020-02-28/LSPM_J1055+0808-20200228@124109-Eden.fits (38/286) (dry run)
Storing LOT20200228-LSPM_J1055+0808_mod/LSPM_J1055+0808-20200228@124223-Eden.fts -> s3://eden-data/RAW/LOT/LSPM_J1055+0808/2020-02-28/LSPM_J1055+0808-20200228@124223-Eden.fits (39/286) (dry run)
Storing LOT20200228-LSPM_J1055+0808_mod/LSPM_J1055+0808-20200228@124338-Eden.fts -> s3://eden-data/RAW/LOT/LSPM_J1055+0808/2020-02-28/LSPM_J1055+0808-20200228@124338-Eden.fits (40/286) (dry run)
Storing LOT20200228-LSPM_J1055+0808_mod/LSPM_J1055+0808-20200228@124454-Eden.fts -> s3://eden-data/RAW/LOT/LSPM_J1055+0808/2020-02-28/LSPM_J1055+0808-20200228@124454-Eden.fits (41/286) (dry run)
Storing LOT20200228-LSPM_J1055+0808_mod/LSPM_J1055+0808-20200228@124609-Eden.fts -> s3://eden-data/RAW/LOT/LSPM_J1055+0808/2020-02-28/LSPM_J1055+0808-20200228@124609-Eden.fits (42/286) (dry run)
Storing LOT20200228-LSPM_J1055+0808_mod/LSPM_J1055+0808-20200228@124724-Eden.fts -> s3://eden-data/RAW/LOT/LSPM_J1055+0808/2020-02-28/LSPM_J1055+0808-20200228@124724-Eden.fits (43/286) (dry run)
Storing LOT20200228-LSPM_J1055+0808_mod/LSPM_J1055+0808-20200228@124839-Eden.fts -> s3://eden-data/RAW/LOT/LSPM_J1055+0808/2020-02-28/LSPM_J1055+0808-20200228@124839-Eden.fits (44/286) (dry run)
Storing LOT20200228-LSPM_J1055+0808_mod/LSPM_J1055+0808-20200228@124954-Eden.fts -> s3://eden-data/RAW/LOT/LSPM_J1055+0808/2020-02-28/LSPM_J1055+0808-20200228@124954-Eden.fits (45/286) (dry run)
Storing LOT20200228-LSPM_J1055+0808_mod/LSPM_J1055+0808-20200228@125109-Eden.fts -> s3://eden-data/RAW/LOT/LSPM_J1055+0808/2020-02-28/LSPM_J1055+0808-20200228@125109-Eden.fits (46/286) (dry run)
Storing LOT20200228-LSPM_J1055+0808_mod/LSPM_J1055+0808-20200228@125223-Eden.fts -> s3://eden-data/RAW/LOT/LSPM_J1055+0808/2020-02-28/LSPM_J1055+0808-20200228@125223-Eden.fits (47/286) (dry run)
Storing LOT20200228-LSPM_J1055+0808_mod/LSPM_J1055+0808-20200228@125338-Eden.fts -> s3://eden-data/RAW/LOT/LSPM_J1055+0808/2020-02-28/LSPM_J1055+0808-20200228@125338-Eden.fits (48/286) (dry run)
Storing LOT20200228-LSPM_J1055+0808_mod/LSPM_J1055+0808-20200228@125452-Eden.fts -> s3://eden-data/RAW/LOT/LSPM_J1055+0808/2020-02-28/LSPM_J1055+0808-20200228@125452-Eden.fits (49/286) (dry run)
Storing LOT20200228-LSPM_J1055+0808_mod/LSPM_J1055+0808-20200228@125606-Eden.fts -> s3://eden-data/RAW/LOT/LSPM_J1055+0808/2020-02-28/LSPM_J1055+0808-20200228@125606-Eden.fits (50/286) (dry run)
Storing LOT20200228-LSPM_J1055+0808_mod/LSPM_J1055+0808-20200228@125721-Eden.fts -> s3://eden-data/RAW/LOT/LSPM_J1055+0808/2020-02-28/LSPM_J1055+0808-20200228@125721-Eden.fits (51/286) (dry run)
Storing LOT20200228-LSPM_J1055+0808_mod/LSPM_J1055+0808-20200228@125837-Eden.fts -> s3://eden-data/RAW/LOT/LSPM_J1055+0808/2020-02-28/LSPM_J1055+0808-20200228@125837-Eden.fits (52/286) (dry run)
Storing LOT20200228-LSPM_J1055+0808_mod/LSPM_J1055+0808-20200228@125952-Eden.fts -> s3://eden-data/RAW/LOT/LSPM_J1055+0808/2020-02-28/LSPM_J1055+0808-20200228@125952-Eden.fits (53/286) (dry run)
Storing LOT20200228-LSPM_J1055+0808_mod/LSPM_J1055+0808-20200228@130107-Eden.fts -> s3://eden-data/RAW/LOT/LSPM_J1055+0808/2020-02-28/LSPM_J1055+0808-20200228@130107-Eden.fits (54/286) (dry run)
Storing LOT20200228-LSPM_J1055+0808_mod/LSPM_J1055+0808-20200228@130221-Eden.fts -> s3://eden-data/RAW/LOT/LSPM_J1055+0808/2020-02-28/LSPM_J1055+0808-20200228@130221-Eden.fits (55/286) (dry run)
Storing LOT20200228-LSPM_J1055+0808_mod/LSPM_J1055+0808-20200228@130336-Eden.fts -> s3://eden-data/RAW/LOT/LSPM_J1055+0808/2020-02-28/LSPM_J1055+0808-20200228@130336-Eden.fits (56/286) (dry run)
Storing LOT20200228-LSPM_J1055+0808_mod/LSPM_J1055+0808-20200228@130450-Eden.fts -> s3://eden-data/RAW/LOT/LSPM_J1055+0808/2020-02-28/LSPM_J1055+0808-20200228@130450-Eden.fits (57/286) (dry run)
Storing LOT20200228-LSPM_J1055+0808_mod/LSPM_J1055+0808-20200228@130604-Eden.fts -> s3://eden-data/RAW/LOT/LSPM_J1055+0808/2020-02-28/LSPM_J1055+0808-20200228@130604-Eden.fits (58/286) (dry run)
Storing LOT20200228-LSPM_J1055+0808_mod/LSPM_J1055+0808-20200228@130719-Eden.fts -> s3://eden-data/RAW/LOT/LSPM_J1055+0808/2020-02-28/LSPM_J1055+0808-20200228@130719-Eden.fits (59/286) (dry run)
Storing LOT20200228-LSPM_J1055+0808_mod/LSPM_J1055+0808-20200228@130833-Eden.fts -> s3://eden-data/RAW/LOT/LSPM_J1055+0808/2020-02-28/LSPM_J1055+0808-20200228@130833-Eden.fits (60/286) (dry run)
Storing LOT20200228-LSPM_J1055+0808_mod/LSPM_J1055+0808-20200228@130947-Eden.fts -> s3://eden-data/RAW/LOT/LSPM_J1055+0808/2020-02-28/LSPM_J1055+0808-20200228@130947-Eden.fits (61/286) (dry run)
Storing LOT20200228-LSPM_J1055+0808_mod/LSPM_J1055+0808-20200228@131102-Eden.fts -> s3://eden-data/RAW/LOT/LSPM_J1055+0808/2020-02-28/LSPM_J1055+0808-20200228@131102-Eden.fits (62/286) (dry run)
Storing LOT20200228-LSPM_J1055+0808_mod/LSPM_J1055+0808-20200228@131217-Eden.fts -> s3://eden-data/RAW/LOT/LSPM_J1055+0808/2020-02-28/LSPM_J1055+0808-20200228@131217-Eden.fits (63/286) (dry run)
Storing LOT20200228-LSPM_J1055+0808_mod/LSPM_J1055+0808-20200228@131331-Eden.fts -> s3://eden-data/RAW/LOT/LSPM_J1055+0808/2020-02-28/LSPM_J1055+0808-20200228@131331-Eden.fits (64/286) (dry run)
Storing LOT20200228-LSPM_J1055+0808_mod/LSPM_J1055+0808-20200228@131446-Eden.fts -> s3://eden-data/RAW/LOT/LSPM_J1055+0808/2020-02-28/LSPM_J1055+0808-20200228@131446-Eden.fits (65/286) (dry run)
Storing LOT20200228-LSPM_J1055+0808_mod/LSPM_J1055+0808-20200228@131602-Eden.fts -> s3://eden-data/RAW/LOT/LSPM_J1055+0808/2020-02-28/LSPM_J1055+0808-20200228@131602-Eden.fits (66/286) (dry run)
Storing LOT20200228-LSPM_J1055+0808_mod/LSPM_J1055+0808-20200228@131715-Eden.fts -> s3://eden-data/RAW/LOT/LSPM_J1055+0808/2020-02-28/LSPM_J1055+0808-20200228@131715-Eden.fits (67/286) (dry run)
Storing LOT20200228-LSPM_J1055+0808_mod/LSPM_J1055+0808-20200228@131829-Eden.fts -> s3://eden-data/RAW/LOT/LSPM_J1055+0808/2020-02-28/LSPM_J1055+0808-20200228@131829-Eden.fits (68/286) (dry run)
Storing LOT20200228-LSPM_J1055+0808_mod/LSPM_J1055+0808-20200228@131945-Eden.fts -> s3://eden-data/RAW/LOT/LSPM_J1055+0808/2020-02-28/LSPM_J1055+0808-20200228@131945-Eden.fits (69/286) (dry run)
Storing LOT20200228-LSPM_J1055+0808_mod/LSPM_J1055+0808-20200228@132058-Eden.fts -> s3://eden-data/RAW/LOT/LSPM_J1055+0808/2020-02-28/LSPM_J1055+0808-20200228@132058-Eden.fits (70/286) (dry run)
Storing LOT20200228-LSPM_J1055+0808_mod/LSPM_J1055+0808-20200228@132212-Eden.fts -> s3://eden-data/RAW/LOT/LSPM_J1055+0808/2020-02-28/LSPM_J1055+0808-20200228@132212-Eden.fits (71/286) (dry run)
Storing LOT20200228-LSPM_J1055+0808_mod/LSPM_J1055+0808-20200228@132325-Eden.fts -> s3://eden-data/RAW/LOT/LSPM_J1055+0808/2020-02-28/LSPM_J1055+0808-20200228@132325-Eden.fits (72/286) (dry run)
Storing LOT20200228-LSPM_J1055+0808_mod/LSPM_J1055+0808-20200228@132443-Eden.fts -> s3://eden-data/RAW/LOT/LSPM_J1055+0808/2020-02-28/LSPM_J1055+0808-20200228@132443-Eden.fits (73/286) (dry run)
Storing LOT20200228-LSPM_J1055+0808_mod/LSPM_J1055+0808-20200228@132558-Eden.fts -> s3://eden-data/RAW/LOT/LSPM_J1055+0808/2020-02-28/LSPM_J1055+0808-20200228@132558-Eden.fits (74/286) (dry run)
Storing LOT20200228-LSPM_J1055+0808_mod/LSPM_J1055+0808-20200228@132714-Eden.fts -> s3://eden-data/RAW/LOT/LSPM_J1055+0808/2020-02-28/LSPM_J1055+0808-20200228@132714-Eden.fits (75/286) (dry run)
Storing LOT20200228-LSPM_J1055+0808_mod/LSPM_J1055+0808-20200228@132829-Eden.fts -> s3://eden-data/RAW/LOT/LSPM_J1055+0808/2020-02-28/LSPM_J1055+0808-20200228@132829-Eden.fits (76/286) (dry run)
Storing LOT20200228-LSPM_J1055+0808_mod/LSPM_J1055+0808-20200228@132945-Eden.fts -> s3://eden-data/RAW/LOT/LSPM_J1055+0808/2020-02-28/LSPM_J1055+0808-20200228@132945-Eden.fits (77/286) (dry run)
Storing LOT20200228-LSPM_J1055+0808_mod/LSPM_J1055+0808-20200228@133100-Eden.fts -> s3://eden-data/RAW/LOT/LSPM_J1055+0808/2020-02-28/LSPM_J1055+0808-20200228@133100-Eden.fits (78/286) (dry run)
Storing LOT20200228-LSPM_J1055+0808_mod/LSPM_J1055+0808-20200228@133215-Eden.fts -> s3://eden-data/RAW/LOT/LSPM_J1055+0808/2020-02-28/LSPM_J1055+0808-20200228@133215-Eden.fits (79/286) (dry run)
Storing LOT20200228-LSPM_J1055+0808_mod/LSPM_J1055+0808-20200228@133330-Eden.fts -> s3://eden-data/RAW/LOT/LSPM_J1055+0808/2020-02-28/LSPM_J1055+0808-20200228@133330-Eden.fits (80/286) (dry run)
Storing LOT20200228-LSPM_J1055+0808_mod/LSPM_J1055+0808-20200228@133444-Eden.fts -> s3://eden-data/RAW/LOT/LSPM_J1055+0808/2020-02-28/LSPM_J1055+0808-20200228@133444-Eden.fits (81/286) (dry run)
Storing LOT20200228-LSPM_J1055+0808_mod/LSPM_J1055+0808-20200228@133558-Eden.fts -> s3://eden-data/RAW/LOT/LSPM_J1055+0808/2020-02-28/LSPM_J1055+0808-20200228@133558-Eden.fits (82/286) (dry run)
Storing LOT20200228-LSPM_J1055+0808_mod/LSPM_J1055+0808-20200228@133712-Eden.fts -> s3://eden-data/RAW/LOT/LSPM_J1055+0808/2020-02-28/LSPM_J1055+0808-20200228@133712-Eden.fits (83/286) (dry run)
Storing LOT20200228-LSPM_J1055+0808_mod/LSPM_J1055+0808-20200228@133825-Eden.fts -> s3://eden-data/RAW/LOT/LSPM_J1055+0808/2020-02-28/LSPM_J1055+0808-20200228@133825-Eden.fits (84/286) (dry run)
Storing LOT20200228-LSPM_J1055+0808_mod/LSPM_J1055+0808-20200228@133941-Eden.fts -> s3://eden-data/RAW/LOT/LSPM_J1055+0808/2020-02-28/LSPM_J1055+0808-20200228@133941-Eden.fits (85/286) (dry run)
Storing LOT20200228-LSPM_J1055+0808_mod/LSPM_J1055+0808-20200228@134055-Eden.fts -> s3://eden-data/RAW/LOT/LSPM_J1055+0808/2020-02-28/LSPM_J1055+0808-20200228@134055-Eden.fits (86/286) (dry run)
Storing LOT20200228-LSPM_J1055+0808_mod/LSPM_J1055+0808-20200228@134210-Eden.fts -> s3://eden-data/RAW/LOT/LSPM_J1055+0808/2020-02-28/LSPM_J1055+0808-20200228@134210-Eden.fits (87/286) (dry run)
Storing LOT20200228-LSPM_J1055+0808_mod/LSPM_J1055+0808-20200228@134322-Eden.fts -> s3://eden-data/RAW/LOT/LSPM_J1055+0808/2020-02-28/LSPM_J1055+0808-20200228@134322-Eden.fits (88/286) (dry run)
Storing LOT20200228-LSPM_J1055+0808_mod/LSPM_J1055+0808-20200228@143829-Eden.fts -> s3://eden-data/RAW/LOT/LSPM_J1055+0808/2020-02-28/LSPM_J1055+0808-20200228@143829-Eden.fits (89/286) (dry run)
Storing LOT20200228-LSPM_J1055+0808_mod/LSPM_J1055+0808-20200228@143957-Eden.fts -> s3://eden-data/RAW/LOT/LSPM_J1055+0808/2020-02-28/LSPM_J1055+0808-20200228@143957-Eden.fits (90/286) (dry run)
Storing LOT20200228-LSPM_J1055+0808_mod/LSPM_J1055+0808-20200228@144112-Eden.fts -> s3://eden-data/RAW/LOT/LSPM_J1055+0808/2020-02-28/LSPM_J1055+0808-20200228@144112-Eden.fits (91/286) (dry run)
Storing LOT20200228-LSPM_J1055+0808_mod/LSPM_J1055+0808-20200228@144228-Eden.fts -> s3://eden-data/RAW/LOT/LSPM_J1055+0808/2020-02-28/LSPM_J1055+0808-20200228@144228-Eden.fits (92/286) (dry run)
Storing LOT20200228-LSPM_J1055+0808_mod/LSPM_J1055+0808-20200228@144343-Eden.fts -> s3://eden-data/RAW/LOT/LSPM_J1055+0808/2020-02-28/LSPM_J1055+0808-20200228@144343-Eden.fits (93/286) (dry run)
Storing LOT20200228-LSPM_J1055+0808_mod/LSPM_J1055+0808-20200228@144457-Eden.fts -> s3://eden-data/RAW/LOT/LSPM_J1055+0808/2020-02-28/LSPM_J1055+0808-20200228@144457-Eden.fits (94/286) (dry run)
Storing LOT20200228-LSPM_J1055+0808_mod/LSPM_J1055+0808-20200228@144611-Eden.fts -> s3://eden-data/RAW/LOT/LSPM_J1055+0808/2020-02-28/LSPM_J1055+0808-20200228@144611-Eden.fits (95/286) (dry run)
Storing LOT20200228-LSPM_J1055+0808_mod/LSPM_J1055+0808-20200228@144727-Eden.fts -> s3://eden-data/RAW/LOT/LSPM_J1055+0808/2020-02-28/LSPM_J1055+0808-20200228@144727-Eden.fits (96/286) (dry run)
Storing LOT20200228-LSPM_J1055+0808_mod/LSPM_J1055+0808-20200228@144841-Eden.fts -> s3://eden-data/RAW/LOT/LSPM_J1055+0808/2020-02-28/LSPM_J1055+0808-20200228@144841-Eden.fits (97/286) (dry run)
Storing LOT20200228-LSPM_J1055+0808_mod/LSPM_J1055+0808-20200228@144956-Eden.fts -> s3://eden-data/RAW/LOT/LSPM_J1055+0808/2020-02-28/LSPM_J1055+0808-20200228@144956-Eden.fits (98/286) (dry run)
Storing LOT20200228-LSPM_J1055+0808_mod/LSPM_J1055+0808-20200228@145111-Eden.fts -> s3://eden-data/RAW/LOT/LSPM_J1055+0808/2020-02-28/LSPM_J1055+0808-20200228@145111-Eden.fits (99/286) (dry run)
Storing LOT20200228-LSPM_J1055+0808_mod/LSPM_J1055+0808-20200228@145226-Eden.fts -> s3://eden-data/RAW/LOT/LSPM_J1055+0808/2020-02-28/LSPM_J1055+0808-20200228@145226-Eden.fits (100/286) (dry run)
Storing LOT20200228-LSPM_J1055+0808_mod/LSPM_J1055+0808-20200228@145341-Eden.fts -> s3://eden-data/RAW/LOT/LSPM_J1055+0808/2020-02-28/LSPM_J1055+0808-20200228@145341-Eden.fits (101/286) (dry run)
Storing LOT20200228-LSPM_J1055+0808_mod/LSPM_J1055+0808-20200228@145458-Eden.fts -> s3://eden-data/RAW/LOT/LSPM_J1055+0808/2020-02-28/LSPM_J1055+0808-20200228@145458-Eden.fits (102/286) (dry run)
Storing LOT20200228-LSPM_J1055+0808_mod/LSPM_J1055+0808-20200228@145612-Eden.fts -> s3://eden-data/RAW/LOT/LSPM_J1055+0808/2020-02-28/LSPM_J1055+0808-20200228@145612-Eden.fits (103/286) (dry run)
Storing LOT20200228-LSPM_J1055+0808_mod/LSPM_J1055+0808-20200228@145727-Eden.fts -> s3://eden-data/RAW/LOT/LSPM_J1055+0808/2020-02-28/LSPM_J1055+0808-20200228@145727-Eden.fits (104/286) (dry run)
Storing LOT20200228-LSPM_J1055+0808_mod/LSPM_J1055+0808-20200228@145841-Eden.fts -> s3://eden-data/RAW/LOT/LSPM_J1055+0808/2020-02-28/LSPM_J1055+0808-20200228@145841-Eden.fits (105/286) (dry run)
Storing LOT20200228-LSPM_J1055+0808_mod/LSPM_J1055+0808-20200228@145957-Eden.fts -> s3://eden-data/RAW/LOT/LSPM_J1055+0808/2020-02-28/LSPM_J1055+0808-20200228@145957-Eden.fits (106/286) (dry run)
Storing LOT20200228-LSPM_J1055+0808_mod/LSPM_J1055+0808-20200228@150112-Eden.fts -> s3://eden-data/RAW/LOT/LSPM_J1055+0808/2020-02-28/LSPM_J1055+0808-20200228@150112-Eden.fits (107/286) (dry run)
Storing LOT20200228-LSPM_J1055+0808_mod/LSPM_J1055+0808-20200228@150227-Eden.fts -> s3://eden-data/RAW/LOT/LSPM_J1055+0808/2020-02-28/LSPM_J1055+0808-20200228@150227-Eden.fits (108/286) (dry run)
Storing LOT20200228-LSPM_J1055+0808_mod/LSPM_J1055+0808-20200228@150340-Eden.fts -> s3://eden-data/RAW/LOT/LSPM_J1055+0808/2020-02-28/LSPM_J1055+0808-20200228@150340-Eden.fits (109/286) (dry run)
Storing LOT20200228-LSPM_J1055+0808_mod/LSPM_J1055+0808-20200228@150455-Eden.fts -> s3://eden-data/RAW/LOT/LSPM_J1055+0808/2020-02-28/LSPM_J1055+0808-20200228@150455-Eden.fits (110/286) (dry run)
Storing LOT20200228-LSPM_J1055+0808_mod/LSPM_J1055+0808-20200228@150611-Eden.fts -> s3://eden-data/RAW/LOT/LSPM_J1055+0808/2020-02-28/LSPM_J1055+0808-20200228@150611-Eden.fits (111/286) (dry run)
Storing LOT20200228-LSPM_J1055+0808_mod/LSPM_J1055+0808-20200228@150727-Eden.fts -> s3://eden-data/RAW/LOT/LSPM_J1055+0808/2020-02-28/LSPM_J1055+0808-20200228@150727-Eden.fits (112/286) (dry run)
Storing LOT20200228-LSPM_J1055+0808_mod/LSPM_J1055+0808-20200228@150843-Eden.fts -> s3://eden-data/RAW/LOT/LSPM_J1055+0808/2020-02-28/LSPM_J1055+0808-20200228@150843-Eden.fits (113/286) (dry run)
Storing LOT20200228-LSPM_J1055+0808_mod/LSPM_J1055+0808-20200228@150957-Eden.fts -> s3://eden-data/RAW/LOT/LSPM_J1055+0808/2020-02-28/LSPM_J1055+0808-20200228@150957-Eden.fits (114/286) (dry run)
Storing LOT20200228-LSPM_J1055+0808_mod/LSPM_J1055+0808-20200228@151112-Eden.fts -> s3://eden-data/RAW/LOT/LSPM_J1055+0808/2020-02-28/LSPM_J1055+0808-20200228@151112-Eden.fits (115/286) (dry run)
Storing LOT20200228-LSPM_J1055+0808_mod/LSPM_J1055+0808-20200228@151226-Eden.fts -> s3://eden-data/RAW/LOT/LSPM_J1055+0808/2020-02-28/LSPM_J1055+0808-20200228@151226-Eden.fits (116/286) (dry run)
Storing LOT20200228-LSPM_J1055+0808_mod/LSPM_J1055+0808-20200228@151340-Eden.fts -> s3://eden-data/RAW/LOT/LSPM_J1055+0808/2020-02-28/LSPM_J1055+0808-20200228@151340-Eden.fits (117/286) (dry run)
Storing LOT20200228-LSPM_J1055+0808_mod/LSPM_J1055+0808-20200228@151456-Eden.fts -> s3://eden-data/RAW/LOT/LSPM_J1055+0808/2020-02-28/LSPM_J1055+0808-20200228@151456-Eden.fits (118/286) (dry run)
Storing LOT20200228-LSPM_J1055+0808_mod/LSPM_J1055+0808-20200228@151611-Eden.fts -> s3://eden-data/RAW/LOT/LSPM_J1055+0808/2020-02-28/LSPM_J1055+0808-20200228@151611-Eden.fits (119/286) (dry run)
Storing LOT20200228-LSPM_J1055+0808_mod/LSPM_J1055+0808-20200228@151728-Eden.fts -> s3://eden-data/RAW/LOT/LSPM_J1055+0808/2020-02-28/LSPM_J1055+0808-20200228@151728-Eden.fits (120/286) (dry run)
Storing LOT20200228-LSPM_J1055+0808_mod/LSPM_J1055+0808-20200228@151842-Eden.fts -> s3://eden-data/RAW/LOT/LSPM_J1055+0808/2020-02-28/LSPM_J1055+0808-20200228@151842-Eden.fits (121/286) (dry run)
Storing LOT20200228-LSPM_J1055+0808_mod/LSPM_J1055+0808-20200228@151957-Eden.fts -> s3://eden-data/RAW/LOT/LSPM_J1055+0808/2020-02-28/LSPM_J1055+0808-20200228@151957-Eden.fits (122/286) (dry run)
Storing LOT20200228-LSPM_J1055+0808_mod/LSPM_J1055+0808-20200228@152113-Eden.fts -> s3://eden-data/RAW/LOT/LSPM_J1055+0808/2020-02-28/LSPM_J1055+0808-20200228@152113-Eden.fits (123/286) (dry run)
Storing LOT20200228-LSPM_J1055+0808_mod/LSPM_J1055+0808-20200228@152228-Eden.fts -> s3://eden-data/RAW/LOT/LSPM_J1055+0808/2020-02-28/LSPM_J1055+0808-20200228@152228-Eden.fits (124/286) (dry run)
Storing LOT20200228-LSPM_J1055+0808_mod/LSPM_J1055+0808-20200228@152344-Eden.fts -> s3://eden-data/RAW/LOT/LSPM_J1055+0808/2020-02-28/LSPM_J1055+0808-20200228@152344-Eden.fits (125/286) (dry run)
Storing LOT20200228-LSPM_J1055+0808_mod/LSPM_J1055+0808-20200228@152459-Eden.fts -> s3://eden-data/RAW/LOT/LSPM_J1055+0808/2020-02-28/LSPM_J1055+0808-20200228@152459-Eden.fits (126/286) (dry run)
Storing LOT20200228-LSPM_J1055+0808_mod/LSPM_J1055+0808-20200228@152614-Eden.fts -> s3://eden-data/RAW/LOT/LSPM_J1055+0808/2020-02-28/LSPM_J1055+0808-20200228@152614-Eden.fits (127/286) (dry run)
Storing LOT20200228-LSPM_J1055+0808_mod/LSPM_J1055+0808-20200228@152728-Eden.fts -> s3://eden-data/RAW/LOT/LSPM_J1055+0808/2020-02-28/LSPM_J1055+0808-20200228@152728-Eden.fits (128/286) (dry run)
Storing LOT20200228-LSPM_J1055+0808_mod/LSPM_J1055+0808-20200228@152843-Eden.fts -> s3://eden-data/RAW/LOT/LSPM_J1055+0808/2020-02-28/LSPM_J1055+0808-20200228@152843-Eden.fits (129/286) (dry run)
Storing LOT20200228-LSPM_J1055+0808_mod/LSPM_J1055+0808-20200228@152957-Eden.fts -> s3://eden-data/RAW/LOT/LSPM_J1055+0808/2020-02-28/LSPM_J1055+0808-20200228@152957-Eden.fits (130/286) (dry run)
Storing LOT20200228-LSPM_J1055+0808_mod/LSPM_J1055+0808-20200228@153111-Eden.fts -> s3://eden-data/RAW/LOT/LSPM_J1055+0808/2020-02-28/LSPM_J1055+0808-20200228@153111-Eden.fits (131/286) (dry run)
Storing LOT20200228-LSPM_J1055+0808_mod/LSPM_J1055+0808-20200228@153225-Eden.fts -> s3://eden-data/RAW/LOT/LSPM_J1055+0808/2020-02-28/LSPM_J1055+0808-20200228@153225-Eden.fits (132/286) (dry run)
Storing LOT20200228-LSPM_J1055+0808_mod/LSPM_J1055+0808-20200228@153339-Eden.fts -> s3://eden-data/RAW/LOT/LSPM_J1055+0808/2020-02-28/LSPM_J1055+0808-20200228@153339-Eden.fits (133/286) (dry run)
Storing LOT20200228-LSPM_J1055+0808_mod/LSPM_J1055+0808-20200228@153454-Eden.fts -> s3://eden-data/RAW/LOT/LSPM_J1055+0808/2020-02-28/LSPM_J1055+0808-20200228@153454-Eden.fits (134/286) (dry run)
Storing LOT20200228-LSPM_J1055+0808_mod/LSPM_J1055+0808-20200228@153610-Eden.fts -> s3://eden-data/RAW/LOT/LSPM_J1055+0808/2020-02-28/LSPM_J1055+0808-20200228@153610-Eden.fits (135/286) (dry run)
Storing LOT20200228-LSPM_J1055+0808_mod/LSPM_J1055+0808-20200228@153724-Eden.fts -> s3://eden-data/RAW/LOT/LSPM_J1055+0808/2020-02-28/LSPM_J1055+0808-20200228@153724-Eden.fits (136/286) (dry run)
Storing LOT20200228-LSPM_J1055+0808_mod/LSPM_J1055+0808-20200228@153839-Eden.fts -> s3://eden-data/RAW/LOT/LSPM_J1055+0808/2020-02-28/LSPM_J1055+0808-20200228@153839-Eden.fits (137/286) (dry run)
Storing LOT20200228-LSPM_J1055+0808_mod/LSPM_J1055+0808-20200228@160212-Eden.fts -> s3://eden-data/RAW/LOT/LSPM_J1055+0808/2020-02-28/LSPM_J1055+0808-20200228@160212-Eden.fits (138/286) (dry run)
Storing LOT20200228-LSPM_J1055+0808_mod/LSPM_J1055+0808-20200228@160340-Eden.fts -> s3://eden-data/RAW/LOT/LSPM_J1055+0808/2020-02-28/LSPM_J1055+0808-20200228@160340-Eden.fits (139/286) (dry run)
Storing LOT20200228-LSPM_J1055+0808_mod/LSPM_J1055+0808-20200228@160454-Eden.fts -> s3://eden-data/RAW/LOT/LSPM_J1055+0808/2020-02-28/LSPM_J1055+0808-20200228@160454-Eden.fits (140/286) (dry run)
Storing LOT20200228-LSPM_J1055+0808_mod/LSPM_J1055+0808-20200228@160609-Eden.fts -> s3://eden-data/RAW/LOT/LSPM_J1055+0808/2020-02-28/LSPM_J1055+0808-20200228@160609-Eden.fits (141/286) (dry run)
Storing LOT20200228-LSPM_J1055+0808_mod/LSPM_J1055+0808-20200228@160724-Eden.fts -> s3://eden-data/RAW/LOT/LSPM_J1055+0808/2020-02-28/LSPM_J1055+0808-20200228@160724-Eden.fits (142/286) (dry run)
Storing LOT20200228-LSPM_J1055+0808_mod/LSPM_J1055+0808-20200228@160839-Eden.fts -> s3://eden-data/RAW/LOT/LSPM_J1055+0808/2020-02-28/LSPM_J1055+0808-20200228@160839-Eden.fits (143/286) (dry run)
Storing LOT20200228-LSPM_J1055+0808_mod/LSPM_J1055+0808-20200228@160955-Eden.fts -> s3://eden-data/RAW/LOT/LSPM_J1055+0808/2020-02-28/LSPM_J1055+0808-20200228@160955-Eden.fits (144/286) (dry run)
Storing LOT20200228-LSPM_J1055+0808_mod/LSPM_J1055+0808-20200228@161109-Eden.fts -> s3://eden-data/RAW/LOT/LSPM_J1055+0808/2020-02-28/LSPM_J1055+0808-20200228@161109-Eden.fits (145/286) (dry run)
Storing LOT20200228-LSPM_J1055+0808_mod/LSPM_J1055+0808-20200228@161224-Eden.fts -> s3://eden-data/RAW/LOT/LSPM_J1055+0808/2020-02-28/LSPM_J1055+0808-20200228@161224-Eden.fits (146/286) (dry run)
Storing LOT20200228-LSPM_J1055+0808_mod/LSPM_J1055+0808-20200228@161337-Eden.fts -> s3://eden-data/RAW/LOT/LSPM_J1055+0808/2020-02-28/LSPM_J1055+0808-20200228@161337-Eden.fits (147/286) (dry run)
Storing LOT20200228-LSPM_J1055+0808_mod/LSPM_J1055+0808-20200228@161452-Eden.fts -> s3://eden-data/RAW/LOT/LSPM_J1055+0808/2020-02-28/LSPM_J1055+0808-20200228@161452-Eden.fits (148/286) (dry run)
Storing LOT20200228-LSPM_J1055+0808_mod/LSPM_J1055+0808-20200228@161608-Eden.fts -> s3://eden-data/RAW/LOT/LSPM_J1055+0808/2020-02-28/LSPM_J1055+0808-20200228@161608-Eden.fits (149/286) (dry run)
Storing LOT20200228-LSPM_J1055+0808_mod/LSPM_J1055+0808-20200228@161724-Eden.fts -> s3://eden-data/RAW/LOT/LSPM_J1055+0808/2020-02-28/LSPM_J1055+0808-20200228@161724-Eden.fits (150/286) (dry run)
Storing LOT20200228-LSPM_J1055+0808_mod/LSPM_J1055+0808-20200228@161838-Eden.fts -> s3://eden-data/RAW/LOT/LSPM_J1055+0808/2020-02-28/LSPM_J1055+0808-20200228@161838-Eden.fits (151/286) (dry run)
Storing LOT20200228-LSPM_J1055+0808_mod/LSPM_J1055+0808-20200228@163736-Eden.fts -> s3://eden-data/RAW/LOT/LSPM_J1055+0808/2020-02-28/LSPM_J1055+0808-20200228@163736-Eden.fits (152/286) (dry run)
Storing LOT20200228-LSPM_J1055+0808_mod/LSPM_J1055+0808-20200228@163904-Eden.fts -> s3://eden-data/RAW/LOT/LSPM_J1055+0808/2020-02-28/LSPM_J1055+0808-20200228@163904-Eden.fits (153/286) (dry run)
Storing LOT20200228-LSPM_J1055+0808_mod/LSPM_J1055+0808-20200228@164019-Eden.fts -> s3://eden-data/RAW/LOT/LSPM_J1055+0808/2020-02-28/LSPM_J1055+0808-20200228@164019-Eden.fits (154/286) (dry run)
Storing LOT20200228-LSPM_J1055+0808_mod/LSPM_J1055+0808-20200228@164134-Eden.fts -> s3://eden-data/RAW/LOT/LSPM_J1055+0808/2020-02-28/LSPM_J1055+0808-20200228@164134-Eden.fits (155/286) (dry run)
Storing LOT20200228-LSPM_J1055+0808_mod/LSPM_J1055+0808-20200228@164249-Eden.fts -> s3://eden-data/RAW/LOT/LSPM_J1055+0808/2020-02-28/LSPM_J1055+0808-20200228@164249-Eden.fits (156/286) (dry run)
Storing LOT20200228-LSPM_J1055+0808_mod/LSPM_J1055+0808-20200228@164403-Eden.fts -> s3://eden-data/RAW/LOT/LSPM_J1055+0808/2020-02-28/LSPM_J1055+0808-20200228@164403-Eden.fits (157/286) (dry run)
Storing LOT20200228-LSPM_J1055+0808_mod/LSPM_J1055+0808-20200228@164517-Eden.fts -> s3://eden-data/RAW/LOT/LSPM_J1055+0808/2020-02-28/LSPM_J1055+0808-20200228@164517-Eden.fits (158/286) (dry run)
Storing LOT20200228-LSPM_J1055+0808_mod/LSPM_J1055+0808-20200228@164632-Eden.fts -> s3://eden-data/RAW/LOT/LSPM_J1055+0808/2020-02-28/LSPM_J1055+0808-20200228@164632-Eden.fits (159/286) (dry run)
Storing LOT20200228-LSPM_J1055+0808_mod/LSPM_J1055+0808-20200228@164746-Eden.fts -> s3://eden-data/RAW/LOT/LSPM_J1055+0808/2020-02-28/LSPM_J1055+0808-20200228@164746-Eden.fits (160/286) (dry run)
Storing LOT20200228-LSPM_J1055+0808_mod/LSPM_J1055+0808-20200228@164901-Eden.fts -> s3://eden-data/RAW/LOT/LSPM_J1055+0808/2020-02-28/LSPM_J1055+0808-20200228@164901-Eden.fits (161/286) (dry run)
Storing LOT20200228-LSPM_J1055+0808_mod/LSPM_J1055+0808-20200228@165213-Eden.fts -> s3://eden-data/RAW/LOT/LSPM_J1055+0808/2020-02-28/LSPM_J1055+0808-20200228@165213-Eden.fits (162/286) (dry run)
Storing LOT20200228-LSPM_J1055+0808_mod/LSPM_J1055+0808-20200228@165340-Eden.fts -> s3://eden-data/RAW/LOT/LSPM_J1055+0808/2020-02-28/LSPM_J1055+0808-20200228@165340-Eden.fits (163/286) (dry run)
Storing LOT20200228-LSPM_J1055+0808_mod/LSPM_J1055+0808-20200228@165455-Eden.fts -> s3://eden-data/RAW/LOT/LSPM_J1055+0808/2020-02-28/LSPM_J1055+0808-20200228@165455-Eden.fits (164/286) (dry run)
Storing LOT20200228-LSPM_J1055+0808_mod/LSPM_J1055+0808-20200228@165610-Eden.fts -> s3://eden-data/RAW/LOT/LSPM_J1055+0808/2020-02-28/LSPM_J1055+0808-20200228@165610-Eden.fits (165/286) (dry run)
Storing LOT20200228-LSPM_J1055+0808_mod/LSPM_J1055+0808-20200228@165724-Eden.fts -> s3://eden-data/RAW/LOT/LSPM_J1055+0808/2020-02-28/LSPM_J1055+0808-20200228@165724-Eden.fits (166/286) (dry run)
Storing LOT20200228-LSPM_J1055+0808_mod/LSPM_J1055+0808-20200228@165838-Eden.fts -> s3://eden-data/RAW/LOT/LSPM_J1055+0808/2020-02-28/LSPM_J1055+0808-20200228@165838-Eden.fits (167/286) (dry run)
Storing LOT20200228-LSPM_J1055+0808_mod/LSPM_J1055+0808-20200228@165954-Eden.fts -> s3://eden-data/RAW/LOT/LSPM_J1055+0808/2020-02-28/LSPM_J1055+0808-20200228@165954-Eden.fits (168/286) (dry run)
Storing LOT20200228-LSPM_J1055+0808_mod/LSPM_J1055+0808-20200228@170110-Eden.fts -> s3://eden-data/RAW/LOT/LSPM_J1055+0808/2020-02-28/LSPM_J1055+0808-20200228@170110-Eden.fits (169/286) (dry run)
Storing LOT20200228-LSPM_J1055+0808_mod/LSPM_J1055+0808-20200228@170225-Eden.fts -> s3://eden-data/RAW/LOT/LSPM_J1055+0808/2020-02-28/LSPM_J1055+0808-20200228@170225-Eden.fits (170/286) (dry run)
Storing LOT20200228-LSPM_J1055+0808_mod/LSPM_J1055+0808-20200228@170339-Eden.fts -> s3://eden-data/RAW/LOT/LSPM_J1055+0808/2020-02-28/LSPM_J1055+0808-20200228@170339-Eden.fits (171/286) (dry run)
Storing LOT20200228-LSPM_J1055+0808_mod/LSPM_J1055+0808-20200228@170454-Eden.fts -> s3://eden-data/RAW/LOT/LSPM_J1055+0808/2020-02-28/LSPM_J1055+0808-20200228@170454-Eden.fits (172/286) (dry run)
Storing LOT20200228-LSPM_J1055+0808_mod/LSPM_J1055+0808-20200228@170610-Eden.fts -> s3://eden-data/RAW/LOT/LSPM_J1055+0808/2020-02-28/LSPM_J1055+0808-20200228@170610-Eden.fits (173/286) (dry run)
Storing LOT20200228-LSPM_J1055+0808_mod/LSPM_J1055+0808-20200228@170726-Eden.fts -> s3://eden-data/RAW/LOT/LSPM_J1055+0808/2020-02-28/LSPM_J1055+0808-20200228@170726-Eden.fits (174/286) (dry run)
Storing LOT20200228-LSPM_J1055+0808_mod/LSPM_J1055+0808-20200228@170841-Eden.fts -> s3://eden-data/RAW/LOT/LSPM_J1055+0808/2020-02-28/LSPM_J1055+0808-20200228@170841-Eden.fits (175/286) (dry run)
Storing LOT20200228-LSPM_J1055+0808_mod/LSPM_J1055+0808-20200228@170956-Eden.fts -> s3://eden-data/RAW/LOT/LSPM_J1055+0808/2020-02-28/LSPM_J1055+0808-20200228@170956-Eden.fits (176/286) (dry run)
Storing LOT20200228-LSPM_J1055+0808_mod/LSPM_J1055+0808-20200228@171112-Eden.fts -> s3://eden-data/RAW/LOT/LSPM_J1055+0808/2020-02-28/LSPM_J1055+0808-20200228@171112-Eden.fits (177/286) (dry run)
Storing LOT20200228-LSPM_J1055+0808_mod/LSPM_J1055+0808-20200228@171228-Eden.fts -> s3://eden-data/RAW/LOT/LSPM_J1055+0808/2020-02-28/LSPM_J1055+0808-20200228@171228-Eden.fits (178/286) (dry run)
Storing LOT20200228-LSPM_J1055+0808_mod/LSPM_J1055+0808-20200228@171343-Eden.fts -> s3://eden-data/RAW/LOT/LSPM_J1055+0808/2020-02-28/LSPM_J1055+0808-20200228@171343-Eden.fits (179/286) (dry run)
Storing LOT20200228-LSPM_J1055+0808_mod/LSPM_J1055+0808-20200228@171457-Eden.fts -> s3://eden-data/RAW/LOT/LSPM_J1055+0808/2020-02-28/LSPM_J1055+0808-20200228@171457-Eden.fits (180/286) (dry run)
Storing LOT20200228-LSPM_J1055+0808_mod/LSPM_J1055+0808-20200228@171611-Eden.fts -> s3://eden-data/RAW/LOT/LSPM_J1055+0808/2020-02-28/LSPM_J1055+0808-20200228@171611-Eden.fits (181/286) (dry run)
Storing LOT20200228-LSPM_J1055+0808_mod/LSPM_J1055+0808-20200228@171728-Eden.fts -> s3://eden-data/RAW/LOT/LSPM_J1055+0808/2020-02-28/LSPM_J1055+0808-20200228@171728-Eden.fits (182/286) (dry run)
Storing LOT20200228-LSPM_J1055+0808_mod/LSPM_J1055+0808-20200228@171842-Eden.fts -> s3://eden-data/RAW/LOT/LSPM_J1055+0808/2020-02-28/LSPM_J1055+0808-20200228@171842-Eden.fits (183/286) (dry run)
Storing LOT20200228-LSPM_J1055+0808_mod/LSPM_J1055+0808-20200228@171957-Eden.fts -> s3://eden-data/RAW/LOT/LSPM_J1055+0808/2020-02-28/LSPM_J1055+0808-20200228@171957-Eden.fits (184/286) (dry run)
Storing LOT20200228-LSPM_J1055+0808_mod/LSPM_J1055+0808-20200228@172112-Eden.fts -> s3://eden-data/RAW/LOT/LSPM_J1055+0808/2020-02-28/LSPM_J1055+0808-20200228@172112-Eden.fits (185/286) (dry run)
Storing LOT20200228-LSPM_J1055+0808_mod/LSPM_J1055+0808-20200228@172226-Eden.fts -> s3://eden-data/RAW/LOT/LSPM_J1055+0808/2020-02-28/LSPM_J1055+0808-20200228@172226-Eden.fits (186/286) (dry run)
Storing LOT20200228-LSPM_J1055+0808_mod/LSPM_J1055+0808-20200228@172341-Eden.fts -> s3://eden-data/RAW/LOT/LSPM_J1055+0808/2020-02-28/LSPM_J1055+0808-20200228@172341-Eden.fits (187/286) (dry run)
Storing LOT20200228-LSPM_J1055+0808_mod/LSPM_J1055+0808-20200228@172455-Eden.fts -> s3://eden-data/RAW/LOT/LSPM_J1055+0808/2020-02-28/LSPM_J1055+0808-20200228@172455-Eden.fits (188/286) (dry run)
Storing LOT20200228-LSPM_J1055+0808_mod/LSPM_J1055+0808-20200228@172609-Eden.fts -> s3://eden-data/RAW/LOT/LSPM_J1055+0808/2020-02-28/LSPM_J1055+0808-20200228@172609-Eden.fits (189/286) (dry run)
Storing LOT20200228-LSPM_J1055+0808_mod/LSPM_J1055+0808-20200228@172723-Eden.fts -> s3://eden-data/RAW/LOT/LSPM_J1055+0808/2020-02-28/LSPM_J1055+0808-20200228@172723-Eden.fits (190/286) (dry run)
Storing LOT20200228-LSPM_J1055+0808_mod/LSPM_J1055+0808-20200228@172839-Eden.fts -> s3://eden-data/RAW/LOT/LSPM_J1055+0808/2020-02-28/LSPM_J1055+0808-20200228@172839-Eden.fits (191/286) (dry run)
Storing LOT20200228-LSPM_J1055+0808_mod/LSPM_J1055+0808-20200228@172952-Eden.fts -> s3://eden-data/RAW/LOT/LSPM_J1055+0808/2020-02-28/LSPM_J1055+0808-20200228@172952-Eden.fits (192/286) (dry run)
Storing LOT20200228-LSPM_J1055+0808_mod/LSPM_J1055+0808-20200228@173106-Eden.fts -> s3://eden-data/RAW/LOT/LSPM_J1055+0808/2020-02-28/LSPM_J1055+0808-20200228@173106-Eden.fits (193/286) (dry run)
Storing LOT20200228-LSPM_J1055+0808_mod/LSPM_J1055+0808-20200228@173221-Eden.fts -> s3://eden-data/RAW/LOT/LSPM_J1055+0808/2020-02-28/LSPM_J1055+0808-20200228@173221-Eden.fits (194/286) (dry run)
Storing LOT20200228-LSPM_J1055+0808_mod/LSPM_J1055+0808-20200228@173335-Eden.fts -> s3://eden-data/RAW/LOT/LSPM_J1055+0808/2020-02-28/LSPM_J1055+0808-20200228@173335-Eden.fits (195/286) (dry run)
Storing LOT20200228-LSPM_J1055+0808_mod/LSPM_J1055+0808-20200228@173450-Eden.fts -> s3://eden-data/RAW/LOT/LSPM_J1055+0808/2020-02-28/LSPM_J1055+0808-20200228@173450-Eden.fits (196/286) (dry run)
Storing LOT20200228-LSPM_J1055+0808_mod/LSPM_J1055+0808-20200228@173605-Eden.fts -> s3://eden-data/RAW/LOT/LSPM_J1055+0808/2020-02-28/LSPM_J1055+0808-20200228@173605-Eden.fits (197/286) (dry run)
Storing LOT20200228-LSPM_J1055+0808_mod/LSPM_J1055+0808-20200228@173718-Eden.fts -> s3://eden-data/RAW/LOT/LSPM_J1055+0808/2020-02-28/LSPM_J1055+0808-20200228@173718-Eden.fits (198/286) (dry run)
Storing LOT20200228-LSPM_J1055+0808_mod/LSPM_J1055+0808-20200228@173832-Eden.fts -> s3://eden-data/RAW/LOT/LSPM_J1055+0808/2020-02-28/LSPM_J1055+0808-20200228@173832-Eden.fits (199/286) (dry run)
Storing LOT20200228-LSPM_J1055+0808_mod/LSPM_J1055+0808-20200228@173946-Eden.fts -> s3://eden-data/RAW/LOT/LSPM_J1055+0808/2020-02-28/LSPM_J1055+0808-20200228@173946-Eden.fits (200/286) (dry run)
Storing LOT20200228-LSPM_J1055+0808_mod/LSPM_J1055+0808-20200228@174103-Eden.fts -> s3://eden-data/RAW/LOT/LSPM_J1055+0808/2020-02-28/LSPM_J1055+0808-20200228@174103-Eden.fits (201/286) (dry run)
Storing LOT20200228-LSPM_J1055+0808_mod/LSPM_J1055+0808-20200228@174218-Eden.fts -> s3://eden-data/RAW/LOT/LSPM_J1055+0808/2020-02-28/LSPM_J1055+0808-20200228@174218-Eden.fits (202/286) (dry run)
Storing LOT20200228-LSPM_J1055+0808_mod/LSPM_J1055+0808-20200228@174333-Eden.fts -> s3://eden-data/RAW/LOT/LSPM_J1055+0808/2020-02-28/LSPM_J1055+0808-20200228@174333-Eden.fits (203/286) (dry run)
Storing LOT20200228-LSPM_J1055+0808_mod/LSPM_J1055+0808-20200228@174448-Eden.fts -> s3://eden-data/RAW/LOT/LSPM_J1055+0808/2020-02-28/LSPM_J1055+0808-20200228@174448-Eden.fits (204/286) (dry run)
Storing LOT20200228-LSPM_J1055+0808_mod/LSPM_J1055+0808-20200228@174602-Eden.fts -> s3://eden-data/RAW/LOT/LSPM_J1055+0808/2020-02-28/LSPM_J1055+0808-20200228@174602-Eden.fits (205/286) (dry run)
Storing LOT20200228-LSPM_J1055+0808_mod/LSPM_J1055+0808-20200228@174717-Eden.fts -> s3://eden-data/RAW/LOT/LSPM_J1055+0808/2020-02-28/LSPM_J1055+0808-20200228@174717-Eden.fits (206/286) (dry run)
Storing LOT20200228-LSPM_J1055+0808_mod/LSPM_J1055+0808-20200228@174831-Eden.fts -> s3://eden-data/RAW/LOT/LSPM_J1055+0808/2020-02-28/LSPM_J1055+0808-20200228@174831-Eden.fits (207/286) (dry run)
Storing LOT20200228-LSPM_J1055+0808_mod/LSPM_J1055+0808-20200228@174945-Eden.fts -> s3://eden-data/RAW/LOT/LSPM_J1055+0808/2020-02-28/LSPM_J1055+0808-20200228@174945-Eden.fits (208/286) (dry run)
Storing LOT20200228-LSPM_J1055+0808_mod/LSPM_J1055+0808-20200228@175059-Eden.fts -> s3://eden-data/RAW/LOT/LSPM_J1055+0808/2020-02-28/LSPM_J1055+0808-20200228@175059-Eden.fits (209/286) (dry run)
Storing LOT20200228-LSPM_J1055+0808_mod/LSPM_J1055+0808-20200228@175213-Eden.fts -> s3://eden-data/RAW/LOT/LSPM_J1055+0808/2020-02-28/LSPM_J1055+0808-20200228@175213-Eden.fits (210/286) (dry run)
Storing LOT20200228-LSPM_J1055+0808_mod/LSPM_J1055+0808-20200228@175328-Eden.fts -> s3://eden-data/RAW/LOT/LSPM_J1055+0808/2020-02-28/LSPM_J1055+0808-20200228@175328-Eden.fits (211/286) (dry run)
Storing LOT20200228-LSPM_J1055+0808_mod/LSPM_J1055+0808-20200228@175443-Eden.fts -> s3://eden-data/RAW/LOT/LSPM_J1055+0808/2020-02-28/LSPM_J1055+0808-20200228@175443-Eden.fits (212/286) (dry run)
Storing LOT20200228-LSPM_J1055+0808_mod/LSPM_J1055+0808-20200228@175558-Eden.fts -> s3://eden-data/RAW/LOT/LSPM_J1055+0808/2020-02-28/LSPM_J1055+0808-20200228@175558-Eden.fits (213/286) (dry run)
Storing LOT20200228-LSPM_J1055+0808_mod/LSPM_J1055+0808-20200228@175713-Eden.fts -> s3://eden-data/RAW/LOT/LSPM_J1055+0808/2020-02-28/LSPM_J1055+0808-20200228@175713-Eden.fits (214/286) (dry run)
Storing LOT20200228-LSPM_J1055+0808_mod/LSPM_J1055+0808-20200228@175828-Eden.fts -> s3://eden-data/RAW/LOT/LSPM_J1055+0808/2020-02-28/LSPM_J1055+0808-20200228@175828-Eden.fits (215/286) (dry run)
Storing LOT20200228-LSPM_J1055+0808_mod/LSPM_J1055+0808-20200228@175943-Eden.fts -> s3://eden-data/RAW/LOT/LSPM_J1055+0808/2020-02-28/LSPM_J1055+0808-20200228@175943-Eden.fits (216/286) (dry run)
Storing LOT20200228-LSPM_J1055+0808_mod/LSPM_J1055+0808-20200228@180057-Eden.fts -> s3://eden-data/RAW/LOT/LSPM_J1055+0808/2020-02-28/LSPM_J1055+0808-20200228@180057-Eden.fits (217/286) (dry run)
Storing LOT20200228-LSPM_J1055+0808_mod/LSPM_J1055+0808-20200228@180212-Eden.fts -> s3://eden-data/RAW/LOT/LSPM_J1055+0808/2020-02-28/LSPM_J1055+0808-20200228@180212-Eden.fits (218/286) (dry run)
Storing LOT20200228-LSPM_J1055+0808_mod/LSPM_J1055+0808-20200228@180329-Eden.fts -> s3://eden-data/RAW/LOT/LSPM_J1055+0808/2020-02-28/LSPM_J1055+0808-20200228@180329-Eden.fits (219/286) (dry run)
Storing LOT20200228-LSPM_J1055+0808_mod/LSPM_J1055+0808-20200228@180443-Eden.fts -> s3://eden-data/RAW/LOT/LSPM_J1055+0808/2020-02-28/LSPM_J1055+0808-20200228@180443-Eden.fits (220/286) (dry run)
Storing LOT20200228-LSPM_J1055+0808_mod/LSPM_J1055+0808-20200228@180558-Eden.fts -> s3://eden-data/RAW/LOT/LSPM_J1055+0808/2020-02-28/LSPM_J1055+0808-20200228@180558-Eden.fits (221/286) (dry run)
Storing LOT20200228-LSPM_J1055+0808_mod/LSPM_J1055+0808-20200228@180713-Eden.fts -> s3://eden-data/RAW/LOT/LSPM_J1055+0808/2020-02-28/LSPM_J1055+0808-20200228@180713-Eden.fits (222/286) (dry run)
Storing LOT20200228-LSPM_J1055+0808_mod/LSPM_J1055+0808-20200228@180828-Eden.fts -> s3://eden-data/RAW/LOT/LSPM_J1055+0808/2020-02-28/LSPM_J1055+0808-20200228@180828-Eden.fits (223/286) (dry run)
Storing LOT20200228-LSPM_J1055+0808_mod/LSPM_J1055+0808-20200228@180942-Eden.fts -> s3://eden-data/RAW/LOT/LSPM_J1055+0808/2020-02-28/LSPM_J1055+0808-20200228@180942-Eden.fits (224/286) (dry run)
Storing LOT20200228-LSPM_J1055+0808_mod/LSPM_J1055+0808-20200228@181056-Eden.fts -> s3://eden-data/RAW/LOT/LSPM_J1055+0808/2020-02-28/LSPM_J1055+0808-20200228@181056-Eden.fits (225/286) (dry run)
Storing LOT20200228-LSPM_J1055+0808_mod/LSPM_J1055+0808-20200228@181212-Eden.fts -> s3://eden-data/RAW/LOT/LSPM_J1055+0808/2020-02-28/LSPM_J1055+0808-20200228@181212-Eden.fits (226/286) (dry run)
Storing LOT20200228-LSPM_J1055+0808_mod/LSPM_J1055+0808-20200228@181326-Eden.fts -> s3://eden-data/RAW/LOT/LSPM_J1055+0808/2020-02-28/LSPM_J1055+0808-20200228@181326-Eden.fits (227/286) (dry run)
Storing LOT20200228-LSPM_J1055+0808_mod/LSPM_J1055+0808-20200228@181441-Eden.fts -> s3://eden-data/RAW/LOT/LSPM_J1055+0808/2020-02-28/LSPM_J1055+0808-20200228@181441-Eden.fits (228/286) (dry run)
Storing LOT20200228-LSPM_J1055+0808_mod/LSPM_J1055+0808-20200228@181556-Eden.fts -> s3://eden-data/RAW/LOT/LSPM_J1055+0808/2020-02-28/LSPM_J1055+0808-20200228@181556-Eden.fits (229/286) (dry run)
Storing LOT20200228-LSPM_J1055+0808_mod/LSPM_J1055+0808-20200228@181710-Eden.fts -> s3://eden-data/RAW/LOT/LSPM_J1055+0808/2020-02-28/LSPM_J1055+0808-20200228@181710-Eden.fits (230/286) (dry run)
Storing LOT20200228-LSPM_J1055+0808_mod/LSPM_J1055+0808-20200228@181825-Eden.fts -> s3://eden-data/RAW/LOT/LSPM_J1055+0808/2020-02-28/LSPM_J1055+0808-20200228@181825-Eden.fits (231/286) (dry run)
Storing LOT20200228-LSPM_J1055+0808_mod/LSPM_J1055+0808-20200228@181939-Eden.fts -> s3://eden-data/RAW/LOT/LSPM_J1055+0808/2020-02-28/LSPM_J1055+0808-20200228@181939-Eden.fits (232/286) (dry run)
Storing LOT20200228-LSPM_J1055+0808_mod/LSPM_J1055+0808-20200228@182053-Eden.fts -> s3://eden-data/RAW/LOT/LSPM_J1055+0808/2020-02-28/LSPM_J1055+0808-20200228@182053-Eden.fits (233/286) (dry run)
Storing LOT20200228-LSPM_J1055+0808_mod/LSPM_J1055+0808-20200228@182207-Eden.fts -> s3://eden-data/RAW/LOT/LSPM_J1055+0808/2020-02-28/LSPM_J1055+0808-20200228@182207-Eden.fits (234/286) (dry run)
Storing LOT20200228-LSPM_J1055+0808_mod/LSPM_J1055+0808-20200228@182321-Eden.fts -> s3://eden-data/RAW/LOT/LSPM_J1055+0808/2020-02-28/LSPM_J1055+0808-20200228@182321-Eden.fits (235/286) (dry run)
Storing LOT20200228-LSPM_J1055+0808_mod/LSPM_J1055+0808-20200228@182436-Eden.fts -> s3://eden-data/RAW/LOT/LSPM_J1055+0808/2020-02-28/LSPM_J1055+0808-20200228@182436-Eden.fits (236/286) (dry run)
Storing LOT20200228-LSPM_J1055+0808_mod/LSPM_J1055+0808-20200228@182551-Eden.fts -> s3://eden-data/RAW/LOT/LSPM_J1055+0808/2020-02-28/LSPM_J1055+0808-20200228@182551-Eden.fits (237/286) (dry run)
Storing LOT20200228-LSPM_J1055+0808_mod/LSPM_J1055+0808-20200228@182705-Eden.fts -> s3://eden-data/RAW/LOT/LSPM_J1055+0808/2020-02-28/LSPM_J1055+0808-20200228@182705-Eden.fits (238/286) (dry run)
Storing LOT20200228-LSPM_J1055+0808_mod/LSPM_J1055+0808-20200228@182820-Eden.fts -> s3://eden-data/RAW/LOT/LSPM_J1055+0808/2020-02-28/LSPM_J1055+0808-20200228@182820-Eden.fits (239/286) (dry run)
Storing LOT20200228-LSPM_J1055+0808_mod/LSPM_J1055+0808-20200228@185014-Eden.fts -> s3://eden-data/RAW/LOT/LSPM_J1055+0808/2020-02-28/LSPM_J1055+0808-20200228@185014-Eden.fits (240/286) (dry run)
Storing LOT20200228-LSPM_J1055+0808_mod/LSPM_J1055+0808-20200228@185142-Eden.fts -> s3://eden-data/RAW/LOT/LSPM_J1055+0808/2020-02-28/LSPM_J1055+0808-20200228@185142-Eden.fits (241/286) (dry run)
Storing LOT20200228-LSPM_J1055+0808_mod/LSPM_J1055+0808-20200228@185256-Eden.fts -> s3://eden-data/RAW/LOT/LSPM_J1055+0808/2020-02-28/LSPM_J1055+0808-20200228@185256-Eden.fits (242/286) (dry run)
Storing LOT20200228-LSPM_J1055+0808_mod/LSPM_J1055+0808-20200228@185410-Eden.fts -> s3://eden-data/RAW/LOT/LSPM_J1055+0808/2020-02-28/LSPM_J1055+0808-20200228@185410-Eden.fits (243/286) (dry run)
Storing LOT20200228-LSPM_J1055+0808_mod/LSPM_J1055+0808-20200228@185524-Eden.fts -> s3://eden-data/RAW/LOT/LSPM_J1055+0808/2020-02-28/LSPM_J1055+0808-20200228@185524-Eden.fits (244/286) (dry run)
Storing LOT20200228-LSPM_J1055+0808_mod/LSPM_J1055+0808-20200228@185638-Eden.fts -> s3://eden-data/RAW/LOT/LSPM_J1055+0808/2020-02-28/LSPM_J1055+0808-20200228@185638-Eden.fits (245/286) (dry run)
Storing LOT20200228-LSPM_J1055+0808_mod/LSPM_J1055+0808-20200228@185752-Eden.fts -> s3://eden-data/RAW/LOT/LSPM_J1055+0808/2020-02-28/LSPM_J1055+0808-20200228@185752-Eden.fits (246/286) (dry run)
Storing LOT20200228-LSPM_J1055+0808_mod/LSPM_J1055+0808-20200228@185907-Eden.fts -> s3://eden-data/RAW/LOT/LSPM_J1055+0808/2020-02-28/LSPM_J1055+0808-20200228@185907-Eden.fits (247/286) (dry run)
Storing LOT20200228-LSPM_J1055+0808_mod/LSPM_J1055+0808-20200228@190021-Eden.fts -> s3://eden-data/RAW/LOT/LSPM_J1055+0808/2020-02-28/LSPM_J1055+0808-20200228@190021-Eden.fits (248/286) (dry run)
Storing LOT20200228-LSPM_J1055+0808_mod/LSPM_J1055+0808-20200228@190135-Eden.fts -> s3://eden-data/RAW/LOT/LSPM_J1055+0808/2020-02-28/LSPM_J1055+0808-20200228@190135-Eden.fits (249/286) (dry run)
Storing LOT20200228-LSPM_J1055+0808_mod/LSPM_J1055+0808-20200228@190249-Eden.fts -> s3://eden-data/RAW/LOT/LSPM_J1055+0808/2020-02-28/LSPM_J1055+0808-20200228@190249-Eden.fits (250/286) (dry run)
Storing LOT20200228-LSPM_J1055+0808_mod/LSPM_J1055+0808-20200228@190403-Eden.fts -> s3://eden-data/RAW/LOT/LSPM_J1055+0808/2020-02-28/LSPM_J1055+0808-20200228@190403-Eden.fits (251/286) (dry run)
Storing LOT20200228-LSPM_J1055+0808_mod/LSPM_J1055+0808-20200228@190517-Eden.fts -> s3://eden-data/RAW/LOT/LSPM_J1055+0808/2020-02-28/LSPM_J1055+0808-20200228@190517-Eden.fits (252/286) (dry run)
Storing LOT20200228-LSPM_J1055+0808_mod/LSPM_J1055+0808-20200228@190632-Eden.fts -> s3://eden-data/RAW/LOT/LSPM_J1055+0808/2020-02-28/LSPM_J1055+0808-20200228@190632-Eden.fits (253/286) (dry run)
Storing LOT20200228-LSPM_J1055+0808_mod/LSPM_J1055+0808-20200228@190747-Eden.fts -> s3://eden-data/RAW/LOT/LSPM_J1055+0808/2020-02-28/LSPM_J1055+0808-20200228@190747-Eden.fits (254/286) (dry run)
Storing LOT20200228-LSPM_J1055+0808_mod/LSPM_J1055+0808-20200228@190902-Eden.fts -> s3://eden-data/RAW/LOT/LSPM_J1055+0808/2020-02-28/LSPM_J1055+0808-20200228@190902-Eden.fits (255/286) (dry run)
Storing LOT20200228-LSPM_J1055+0808_mod/LSPM_J1055+0808-20200228@191015-Eden.fts -> s3://eden-data/RAW/LOT/LSPM_J1055+0808/2020-02-28/LSPM_J1055+0808-20200228@191015-Eden.fits (256/286) (dry run)
Storing LOT20200228-LSPM_J1055+0808_mod/LSPM_J1055+0808-20200228@191129-Eden.fts -> s3://eden-data/RAW/LOT/LSPM_J1055+0808/2020-02-28/LSPM_J1055+0808-20200228@191129-Eden.fits (257/286) (dry run)
Storing LOT20200228-LSPM_J1055+0808_mod/LSPM_J1055+0808-20200228@191244-Eden.fts -> s3://eden-data/RAW/LOT/LSPM_J1055+0808/2020-02-28/LSPM_J1055+0808-20200228@191244-Eden.fits (258/286) (dry run)
Storing LOT20200228-LSPM_J1055+0808_mod/LSPM_J1055+0808-20200228@191359-Eden.fts -> s3://eden-data/RAW/LOT/LSPM_J1055+0808/2020-02-28/LSPM_J1055+0808-20200228@191359-Eden.fits (259/286) (dry run)
Storing LOT20200228-LSPM_J1055+0808_mod/LSPM_J1055+0808-20200228@191515-Eden.fts -> s3://eden-data/RAW/LOT/LSPM_J1055+0808/2020-02-28/LSPM_J1055+0808-20200228@191515-Eden.fits (260/286) (dry run)
Storing LOT20200228-LSPM_J1055+0808_mod/LSPM_J1055+0808-20200228@191630-Eden.fts -> s3://eden-data/RAW/LOT/LSPM_J1055+0808/2020-02-28/LSPM_J1055+0808-20200228@191630-Eden.fits (261/286) (dry run)
Storing LOT20200228-LSPM_J1055+0808_mod/LSPM_J1055+0808-20200228@191745-Eden.fts -> s3://eden-data/RAW/LOT/LSPM_J1055+0808/2020-02-28/LSPM_J1055+0808-20200228@191745-Eden.fits (262/286) (dry run)
Storing LOT20200228-LSPM_J1055+0808_mod/LSPM_J1055+0808-20200228@191901-Eden.fts -> s3://eden-data/RAW/LOT/LSPM_J1055+0808/2020-02-28/LSPM_J1055+0808-20200228@191901-Eden.fits (263/286) (dry run)
Storing LOT20200228-LSPM_J1055+0808_mod/LSPM_J1055+0808-20200228@192015-Eden.fts -> s3://eden-data/RAW/LOT/LSPM_J1055+0808/2020-02-28/LSPM_J1055+0808-20200228@192015-Eden.fits (264/286) (dry run)
Storing LOT20200228-LSPM_J1055+0808_mod/LSPM_J1055+0808-20200228@192129-Eden.fts -> s3://eden-data/RAW/LOT/LSPM_J1055+0808/2020-02-28/LSPM_J1055+0808-20200228@192129-Eden.fits (265/286) (dry run)
Storing LOT20200228-LSPM_J1055+0808_mod/LSPM_J1055+0808-20200228@192244-Eden.fts -> s3://eden-data/RAW/LOT/LSPM_J1055+0808/2020-02-28/LSPM_J1055+0808-20200228@192244-Eden.fits (266/286) (dry run)
Storing LOT20200228-LSPM_J1055+0808_mod/LSPM_J1055+0808-20200228@192358-Eden.fts -> s3://eden-data/RAW/LOT/LSPM_J1055+0808/2020-02-28/LSPM_J1055+0808-20200228@192358-Eden.fits (267/286) (dry run)
Storing LOT20200228-LSPM_J1055+0808_mod/LSPM_J1055+0808-20200228@192512-Eden.fts -> s3://eden-data/RAW/LOT/LSPM_J1055+0808/2020-02-28/LSPM_J1055+0808-20200228@192512-Eden.fits (268/286) (dry run)
Storing LOT20200228-LSPM_J1055+0808_mod/LSPM_J1055+0808-20200228@192627-Eden.fts -> s3://eden-data/RAW/LOT/LSPM_J1055+0808/2020-02-28/LSPM_J1055+0808-20200228@192627-Eden.fits (269/286) (dry run)
Storing LOT20200228-LSPM_J1055+0808_mod/LSPM_J1055+0808-20200228@192741-Eden.fts -> s3://eden-data/RAW/LOT/LSPM_J1055+0808/2020-02-28/LSPM_J1055+0808-20200228@192741-Eden.fits (270/286) (dry run)
Storing LOT20200228-LSPM_J1055+0808_mod/LSPM_J1055+0808-20200228@192856-Eden.fts -> s3://eden-data/RAW/LOT/LSPM_J1055+0808/2020-02-28/LSPM_J1055+0808-20200228@192856-Eden.fits (271/286) (dry run)
Storing LOT20200228-LSPM_J1055+0808_mod/LSPM_J1055+0808-20200228@193012-Eden.fts -> s3://eden-data/RAW/LOT/LSPM_J1055+0808/2020-02-28/LSPM_J1055+0808-20200228@193012-Eden.fits (272/286) (dry run)
Storing LOT20200228-LSPM_J1055+0808_mod/LSPM_J1055+0808-20200228@193127-Eden.fts -> s3://eden-data/RAW/LOT/LSPM_J1055+0808/2020-02-28/LSPM_J1055+0808-20200228@193127-Eden.fits (273/286) (dry run)
Storing LOT20200228-LSPM_J1055+0808_mod/LSPM_J1055+0808-20200228@193241-Eden.fts -> s3://eden-data/RAW/LOT/LSPM_J1055+0808/2020-02-28/LSPM_J1055+0808-20200228@193241-Eden.fits (274/286) (dry run)
Storing LOT20200228-LSPM_J1055+0808_mod/LSPM_J1055+0808-20200228@193355-Eden.fts -> s3://eden-data/RAW/LOT/LSPM_J1055+0808/2020-02-28/LSPM_J1055+0808-20200228@193355-Eden.fits (275/286) (dry run)
Storing LOT20200228-LSPM_J1055+0808_mod/LSPM_J1055+0808-20200228@193509-Eden.fts -> s3://eden-data/RAW/LOT/LSPM_J1055+0808/2020-02-28/LSPM_J1055+0808-20200228@193509-Eden.fits (276/286) (dry run)
Storing LOT20200228-LSPM_J1055+0808_mod/LSPM_J1055+0808-20200228@193623-Eden.fts -> s3://eden-data/RAW/LOT/LSPM_J1055+0808/2020-02-28/LSPM_J1055+0808-20200228@193623-Eden.fits (277/286) (dry run)
Storing LOT20200228-LSPM_J1055+0808_mod/LSPM_J1055+0808-20200228@193737-Eden.fts -> s3://eden-data/RAW/LOT/LSPM_J1055+0808/2020-02-28/LSPM_J1055+0808-20200228@193737-Eden.fits (278/286) (dry run)
Storing LOT20200228-LSPM_J1055+0808_mod/LSPM_J1055+0808-20200228@193852-Eden.fts -> s3://eden-data/RAW/LOT/LSPM_J1055+0808/2020-02-28/LSPM_J1055+0808-20200228@193852-Eden.fits (279/286) (dry run)
Storing LOT20200228-LSPM_J1055+0808_mod/LSPM_J1055+0808-20200228@194008-Eden.fts -> s3://eden-data/RAW/LOT/LSPM_J1055+0808/2020-02-28/LSPM_J1055+0808-20200228@194008-Eden.fits (280/286) (dry run)
Storing LOT20200228-LSPM_J1055+0808_mod/LSPM_J1055+0808-20200228@194123-Eden.fts -> s3://eden-data/RAW/LOT/LSPM_J1055+0808/2020-02-28/LSPM_J1055+0808-20200228@194123-Eden.fits (281/286) (dry run)
Storing LOT20200228-LSPM_J1055+0808_mod/LSPM_J1055+0808-20200228@194238-Eden.fts -> s3://eden-data/RAW/LOT/LSPM_J1055+0808/2020-02-28/LSPM_J1055+0808-20200228@194238-Eden.fits (282/286) (dry run)
Storing LOT20200228-LSPM_J1055+0808_mod/LSPM_J1055+0808-20200228@201156-Eden.fts -> s3://eden-data/RAW/LOT/LSPM_J1055+0808/2020-02-28/LSPM_J1055+0808-20200228@201156-Eden.fits (283/286) (dry run)
Storing LOT20200228-LSPM_J1055+0808_mod/LSPM_J1055+0808-20200228@201324-Eden.fts -> s3://eden-data/RAW/LOT/LSPM_J1055+0808/2020-02-28/LSPM_J1055+0808-20200228@201324-Eden.fits (284/286) (dry run)
Storing LOT20200228-LSPM_J1055+0808_mod/LSPM_J1055+0808-20200228@201438-Eden.fts -> s3://eden-data/RAW/LOT/LSPM_J1055+0808/2020-02-28/LSPM_J1055+0808-20200228@201438-Eden.fits (285/286) (dry run)
Storing LOT20200228-LSPM_J1055+0808_mod/LSPM_J1055+0808-20200228@201551-Eden.fts -> s3://eden-data/RAW/LOT/LSPM_J1055+0808/2020-02-28/LSPM_J1055+0808-20200228@201551-Eden.fits (286/286) (dry run)

Dry run complete! Run again without --dryrun to commit the changes above.
Stored: 286 files (2.4 GB)
