-----------------
input parameters
-----------------
['modify_header_eden.py', 'LOT20191203', '7']
Your will modify header for: 2MASS_J03140344+1603056 [RA] 03 14 03.4419 [Dec] +16 03 05.4757 [Filter] GG495
---------------
folder: LOT20191203
will update fits in: LOT20191203_mod
 ---------------------------
 Exame Fits Header for Bias
 ---------------------------
find ./LOT20191203/bias-dark/ | grep 'fits\|fts'|sort 
found 20 Bias/Dark
1/20 20191203-001bias.fits [TYPE] BIAS [EXPTIME] 0.0
2/20 20191203-001d60s.fits [TYPE] DARK [EXPTIME] 60.0
3/20 20191203-002bias.fits [TYPE] BIAS [EXPTIME] 0.0
4/20 20191203-002d60s.fits [TYPE] DARK [EXPTIME] 60.0
5/20 20191203-003bias.fits [TYPE] BIAS [EXPTIME] 0.0
6/20 20191203-003d60s.fits [TYPE] DARK [EXPTIME] 60.0
7/20 20191203-004bias.fits [TYPE] BIAS [EXPTIME] 0.0
8/20 20191203-004d60s.fits [TYPE] DARK [EXPTIME] 60.0
9/20 20191203-005bias.fits [TYPE] BIAS [EXPTIME] 0.0
10/20 20191203-005d60s.fits [TYPE] DARK [EXPTIME] 60.0
11/20 20191203-006bias.fits [TYPE] BIAS [EXPTIME] 0.0
12/20 20191203-006d60s.fits [TYPE] DARK [EXPTIME] 60.0
13/20 20191203-007bias.fits [TYPE] BIAS [EXPTIME] 0.0
14/20 20191203-007d60s.fits [TYPE] DARK [EXPTIME] 60.0
15/20 20191203-008bias.fits [TYPE] BIAS [EXPTIME] 0.0
16/20 20191203-008d60s.fits [TYPE] DARK [EXPTIME] 60.0
17/20 20191203-009bias.fits [TYPE] BIAS [EXPTIME] 0.0
18/20 20191203-009d60s.fits [TYPE] DARK [EXPTIME] 60.0
19/20 20191203-010bias.fits [TYPE] BIAS [EXPTIME] 0.0
20/20 20191203-010d60s.fits [TYPE] DARK [EXPTIME] 60.0
 ---------------------------
 Exame Fits Header for Flat
 ---------------------------
find ./LOT20191203/ | grep flat/ |grep eden| grep -E 'fits|fts'|sort -t'-' -k2.4,2.6 
found 0 Flat
no files in ./flat/
 ---------------------------
 Update Fits Header for Science Target
 ---------------------------
find ./LOT20191203/wchen/ | cut -d / -f1-4| grep 'fits\|fts'  |sort -t'@' -k2
found 169 Target

... update header ...
1/169 2MASSJ0314-20191203@095806-Eden.fts [TYPE] LIGHT [OBJ] 2MASS_J03140344+1603056 [RA] 03 14 03.4419 [Dec] +16 03 05.4757 [FIL] GG495 [EXPTIME] 60.0 [Date] 2019-12-03T09:58:19 [Time] 09:58:19
2/169 2MASSJ0314-20191203@095932-Eden.fts [TYPE] LIGHT [OBJ] 2MASS_J03140344+1603056 [RA] 03 14 03.4419 [Dec] +16 03 05.4757 [FIL] GG495 [EXPTIME] 60.0 [Date] 2019-12-03T09:59:32 [Time] 09:59:32
3/169 2MASSJ0314-20191203@100047-Eden.fts [TYPE] LIGHT [OBJ] 2MASS_J03140344+1603056 [RA] 03 14 03.4419 [Dec] +16 03 05.4757 [FIL] GG495 [EXPTIME] 60.0 [Date] 2019-12-03T10:00:47 [Time] 10:00:47
4/169 2MASSJ0314-20191203@100201-Eden.fts [TYPE] LIGHT [OBJ] 2MASS_J03140344+1603056 [RA] 03 14 03.4419 [Dec] +16 03 05.4757 [FIL] GG495 [EXPTIME] 60.0 [Date] 2019-12-03T10:02:01 [Time] 10:02:01
5/169 2MASSJ0314-20191203@100314-Eden.fts [TYPE] LIGHT [OBJ] 2MASS_J03140344+1603056 [RA] 03 14 03.4419 [Dec] +16 03 05.4757 [FIL] GG495 [EXPTIME] 60.0 [Date] 2019-12-03T10:03:14 [Time] 10:03:14
6/169 2MASSJ0314-20191203@100429-Eden.fts [TYPE] LIGHT [OBJ] 2MASS_J03140344+1603056 [RA] 03 14 03.4419 [Dec] +16 03 05.4757 [FIL] GG495 [EXPTIME] 60.0 [Date] 2019-12-03T10:04:30 [Time] 10:04:30
7/169 2MASSJ0314-20191203@100544-Eden.fts [TYPE] LIGHT [OBJ] 2MASS_J03140344+1603056 [RA] 03 14 03.4419 [Dec] +16 03 05.4757 [FIL] GG495 [EXPTIME] 60.0 [Date] 2019-12-03T10:05:44 [Time] 10:05:44
8/169 2MASSJ0314-20191203@100659-Eden.fts [TYPE] LIGHT [OBJ] 2MASS_J03140344+1603056 [RA] 03 14 03.4419 [Dec] +16 03 05.4757 [FIL] GG495 [EXPTIME] 60.0 [Date] 2019-12-03T10:06:59 [Time] 10:06:59
9/169 2MASSJ0314-20191203@100812-Eden.fts [TYPE] LIGHT [OBJ] 2MASS_J03140344+1603056 [RA] 03 14 03.4419 [Dec] +16 03 05.4757 [FIL] GG495 [EXPTIME] 60.0 [Date] 2019-12-03T10:08:14 [Time] 10:08:14
10/169 2MASSJ0314-20191203@100929-Eden.fts [TYPE] LIGHT [OBJ] 2MASS_J03140344+1603056 [RA] 03 14 03.4419 [Dec] +16 03 05.4757 [FIL] GG495 [EXPTIME] 60.0 [Date] 2019-12-03T10:09:30 [Time] 10:09:30
11/169 2MASSJ0314-20191203@101044-Eden.fts [TYPE] LIGHT [OBJ] 2MASS_J03140344+1603056 [RA] 03 14 03.4419 [Dec] +16 03 05.4757 [FIL] GG495 [EXPTIME] 60.0 [Date] 2019-12-03T10:10:44 [Time] 10:10:44
12/169 2MASSJ0314-20191203@101157-Eden.fts [TYPE] LIGHT [OBJ] 2MASS_J03140344+1603056 [RA] 03 14 03.4419 [Dec] +16 03 05.4757 [FIL] GG495 [EXPTIME] 60.0 [Date] 2019-12-03T10:11:58 [Time] 10:11:58
13/169 2MASSJ0314-20191203@101312-Eden.fts [TYPE] LIGHT [OBJ] 2MASS_J03140344+1603056 [RA] 03 14 03.4419 [Dec] +16 03 05.4757 [FIL] GG495 [EXPTIME] 60.0 [Date] 2019-12-03T10:13:13 [Time] 10:13:13
14/169 2MASSJ0314-20191203@101427-Eden.fts [TYPE] LIGHT [OBJ] 2MASS_J03140344+1603056 [RA] 03 14 03.4419 [Dec] +16 03 05.4757 [FIL] GG495 [EXPTIME] 60.0 [Date] 2019-12-03T10:14:27 [Time] 10:14:27
15/169 2MASSJ0314-20191203@101542-Eden.fts [TYPE] LIGHT [OBJ] 2MASS_J03140344+1603056 [RA] 03 14 03.4419 [Dec] +16 03 05.4757 [FIL] GG495 [EXPTIME] 60.0 [Date] 2019-12-03T10:15:42 [Time] 10:15:42
16/169 2MASSJ0314-20191203@101655-Eden.fts [TYPE] LIGHT [OBJ] 2MASS_J03140344+1603056 [RA] 03 14 03.4419 [Dec] +16 03 05.4757 [FIL] GG495 [EXPTIME] 60.0 [Date] 2019-12-03T10:16:55 [Time] 10:16:55
17/169 2MASSJ0314-20191203@101809-Eden.fts [TYPE] LIGHT [OBJ] 2MASS_J03140344+1603056 [RA] 03 14 03.4419 [Dec] +16 03 05.4757 [FIL] GG495 [EXPTIME] 60.0 [Date] 2019-12-03T10:18:10 [Time] 10:18:10
18/169 2MASSJ0314-20191203@101924-Eden.fts [TYPE] LIGHT [OBJ] 2MASS_J03140344+1603056 [RA] 03 14 03.4419 [Dec] +16 03 05.4757 [FIL] GG495 [EXPTIME] 60.0 [Date] 2019-12-03T10:19:24 [Time] 10:19:24
19/169 2MASSJ0314-20191203@102039-Eden.fts [TYPE] LIGHT [OBJ] 2MASS_J03140344+1603056 [RA] 03 14 03.4419 [Dec] +16 03 05.4757 [FIL] GG495 [EXPTIME] 60.0 [Date] 2019-12-03T10:20:39 [Time] 10:20:39
20/169 2MASSJ0314-20191203@102154-Eden.fts [TYPE] LIGHT [OBJ] 2MASS_J03140344+1603056 [RA] 03 14 03.4419 [Dec] +16 03 05.4757 [FIL] GG495 [EXPTIME] 60.0 [Date] 2019-12-03T10:21:54 [Time] 10:21:54
21/169 2MASSJ0314-20191203@102308-Eden.fts [TYPE] LIGHT [OBJ] 2MASS_J03140344+1603056 [RA] 03 14 03.4419 [Dec] +16 03 05.4757 [FIL] GG495 [EXPTIME] 60.0 [Date] 2019-12-03T10:23:08 [Time] 10:23:08
22/169 2MASSJ0314-20191203@102422-Eden.fts [TYPE] LIGHT [OBJ] 2MASS_J03140344+1603056 [RA] 03 14 03.4419 [Dec] +16 03 05.4757 [FIL] GG495 [EXPTIME] 60.0 [Date] 2019-12-03T10:24:24 [Time] 10:24:24
23/169 2MASSJ0314-20191203@102538-Eden.fts [TYPE] LIGHT [OBJ] 2MASS_J03140344+1603056 [RA] 03 14 03.4419 [Dec] +16 03 05.4757 [FIL] GG495 [EXPTIME] 60.0 [Date] 2019-12-03T10:25:38 [Time] 10:25:38
24/169 2MASSJ0314-20191203@155757-Eden.fts [TYPE] LIGHT [OBJ] 2MASS_J03140344+1603056 [RA] 03 14 03.4419 [Dec] +16 03 05.4757 [FIL] GG495 [EXPTIME] 60.0 [Date] 2019-12-03T15:58:10 [Time] 15:58:10
25/169 2MASSJ0314-20191203@155924-Eden.fts [TYPE] LIGHT [OBJ] 2MASS_J03140344+1603056 [RA] 03 14 03.4419 [Dec] +16 03 05.4757 [FIL] GG495 [EXPTIME] 60.0 [Date] 2019-12-03T15:59:25 [Time] 15:59:25
26/169 2MASSJ0314-20191203@160039-Eden.fts [TYPE] LIGHT [OBJ] 2MASS_J03140344+1603056 [RA] 03 14 03.4419 [Dec] +16 03 05.4757 [FIL] GG495 [EXPTIME] 60.0 [Date] 2019-12-03T16:00:39 [Time] 16:00:39
27/169 2MASSJ0314-20191203@160152-Eden.fts [TYPE] LIGHT [OBJ] 2MASS_J03140344+1603056 [RA] 03 14 03.4419 [Dec] +16 03 05.4757 [FIL] GG495 [EXPTIME] 60.0 [Date] 2019-12-03T16:01:53 [Time] 16:01:53
28/169 2MASSJ0314-20191203@160306-Eden.fts [TYPE] LIGHT [OBJ] 2MASS_J03140344+1603056 [RA] 03 14 03.4419 [Dec] +16 03 05.4757 [FIL] GG495 [EXPTIME] 60.0 [Date] 2019-12-03T16:03:07 [Time] 16:03:07
29/169 2MASSJ0314-20191203@160421-Eden.fts [TYPE] LIGHT [OBJ] 2MASS_J03140344+1603056 [RA] 03 14 03.4419 [Dec] +16 03 05.4757 [FIL] GG495 [EXPTIME] 60.0 [Date] 2019-12-03T16:04:21 [Time] 16:04:21
30/169 2MASSJ0314-20191203@160535-Eden.fts [TYPE] LIGHT [OBJ] 2MASS_J03140344+1603056 [RA] 03 14 03.4419 [Dec] +16 03 05.4757 [FIL] GG495 [EXPTIME] 60.0 [Date] 2019-12-03T16:05:36 [Time] 16:05:36
31/169 2MASSJ0314-20191203@160651-Eden.fts [TYPE] LIGHT [OBJ] 2MASS_J03140344+1603056 [RA] 03 14 03.4419 [Dec] +16 03 05.4757 [FIL] GG495 [EXPTIME] 60.0 [Date] 2019-12-03T16:06:51 [Time] 16:06:51
32/169 2MASSJ0314-20191203@160805-Eden.fts [TYPE] LIGHT [OBJ] 2MASS_J03140344+1603056 [RA] 03 14 03.4419 [Dec] +16 03 05.4757 [FIL] GG495 [EXPTIME] 60.0 [Date] 2019-12-03T16:08:06 [Time] 16:08:06
33/169 2MASSJ0314-20191203@160921-Eden.fts [TYPE] LIGHT [OBJ] 2MASS_J03140344+1603056 [RA] 03 14 03.4419 [Dec] +16 03 05.4757 [FIL] GG495 [EXPTIME] 60.0 [Date] 2019-12-03T16:09:21 [Time] 16:09:21
34/169 2MASSJ0314-20191203@161035-Eden.fts [TYPE] LIGHT [OBJ] 2MASS_J03140344+1603056 [RA] 03 14 03.4419 [Dec] +16 03 05.4757 [FIL] GG495 [EXPTIME] 60.0 [Date] 2019-12-03T16:10:35 [Time] 16:10:35
35/169 2MASSJ0314-20191203@161148-Eden.fts [TYPE] LIGHT [OBJ] 2MASS_J03140344+1603056 [RA] 03 14 03.4419 [Dec] +16 03 05.4757 [FIL] GG495 [EXPTIME] 60.0 [Date] 2019-12-03T16:11:49 [Time] 16:11:49
36/169 2MASSJ0314-20191203@161303-Eden.fts [TYPE] LIGHT [OBJ] 2MASS_J03140344+1603056 [RA] 03 14 03.4419 [Dec] +16 03 05.4757 [FIL] GG495 [EXPTIME] 60.0 [Date] 2019-12-03T16:13:05 [Time] 16:13:05
37/169 2MASSJ0314-20191203@161419-Eden.fts [TYPE] LIGHT [OBJ] 2MASS_J03140344+1603056 [RA] 03 14 03.4419 [Dec] +16 03 05.4757 [FIL] GG495 [EXPTIME] 60.0 [Date] 2019-12-03T16:14:20 [Time] 16:14:20
38/169 2MASSJ0314-20191203@161534-Eden.fts [TYPE] LIGHT [OBJ] 2MASS_J03140344+1603056 [RA] 03 14 03.4419 [Dec] +16 03 05.4757 [FIL] GG495 [EXPTIME] 60.0 [Date] 2019-12-03T16:15:35 [Time] 16:15:35
39/169 2MASSJ0314-20191203@161648-Eden.fts [TYPE] LIGHT [OBJ] 2MASS_J03140344+1603056 [RA] 03 14 03.4419 [Dec] +16 03 05.4757 [FIL] GG495 [EXPTIME] 60.0 [Date] 2019-12-03T16:16:49 [Time] 16:16:49
40/169 2MASSJ0314-20191203@161805-Eden.fts [TYPE] LIGHT [OBJ] 2MASS_J03140344+1603056 [RA] 03 14 03.4419 [Dec] +16 03 05.4757 [FIL] GG495 [EXPTIME] 60.0 [Date] 2019-12-03T16:18:05 [Time] 16:18:05
41/169 2MASSJ0314-20191203@161920-Eden.fts [TYPE] LIGHT [OBJ] 2MASS_J03140344+1603056 [RA] 03 14 03.4419 [Dec] +16 03 05.4757 [FIL] GG495 [EXPTIME] 60.0 [Date] 2019-12-03T16:19:20 [Time] 16:19:20
42/169 2MASSJ0314-20191203@162034-Eden.fts [TYPE] LIGHT [OBJ] 2MASS_J03140344+1603056 [RA] 03 14 03.4419 [Dec] +16 03 05.4757 [FIL] GG495 [EXPTIME] 60.0 [Date] 2019-12-03T16:20:34 [Time] 16:20:34
43/169 2MASSJ0314-20191203@162147-Eden.fts [TYPE] LIGHT [OBJ] 2MASS_J03140344+1603056 [RA] 03 14 03.4419 [Dec] +16 03 05.4757 [FIL] GG495 [EXPTIME] 60.0 [Date] 2019-12-03T16:21:48 [Time] 16:21:48
44/169 2MASSJ0314-20191203@162302-Eden.fts [TYPE] LIGHT [OBJ] 2MASS_J03140344+1603056 [RA] 03 14 03.4419 [Dec] +16 03 05.4757 [FIL] GG495 [EXPTIME] 60.0 [Date] 2019-12-03T16:23:02 [Time] 16:23:02
45/169 2MASSJ0314-20191203@162416-Eden.fts [TYPE] LIGHT [OBJ] 2MASS_J03140344+1603056 [RA] 03 14 03.4419 [Dec] +16 03 05.4757 [FIL] GG495 [EXPTIME] 60.0 [Date] 2019-12-03T16:24:16 [Time] 16:24:16
46/169 2MASSJ0314-20191203@162530-Eden.fts [TYPE] LIGHT [OBJ] 2MASS_J03140344+1603056 [RA] 03 14 03.4419 [Dec] +16 03 05.4757 [FIL] GG495 [EXPTIME] 60.0 [Date] 2019-12-03T16:25:31 [Time] 16:25:31
47/169 2MASSJ0314-20191203@162643-Eden.fts [TYPE] LIGHT [OBJ] 2MASS_J03140344+1603056 [RA] 03 14 03.4419 [Dec] +16 03 05.4757 [FIL] GG495 [EXPTIME] 60.0 [Date] 2019-12-03T16:26:44 [Time] 16:26:44
48/169 2MASSJ0314-20191203@162758-Eden.fts [TYPE] LIGHT [OBJ] 2MASS_J03140344+1603056 [RA] 03 14 03.4419 [Dec] +16 03 05.4757 [FIL] GG495 [EXPTIME] 60.0 [Date] 2019-12-03T16:27:59 [Time] 16:27:59
49/169 2MASSJ0314-20191203@162914-Eden.fts [TYPE] LIGHT [OBJ] 2MASS_J03140344+1603056 [RA] 03 14 03.4419 [Dec] +16 03 05.4757 [FIL] GG495 [EXPTIME] 60.0 [Date] 2019-12-03T16:29:15 [Time] 16:29:15
50/169 2MASSJ0314-20191203@163028-Eden.fts [TYPE] LIGHT [OBJ] 2MASS_J03140344+1603056 [RA] 03 14 03.4419 [Dec] +16 03 05.4757 [FIL] GG495 [EXPTIME] 60.0 [Date] 2019-12-03T16:30:28 [Time] 16:30:28
51/169 2MASSJ0314-20191203@163142-Eden.fts [TYPE] LIGHT [OBJ] 2MASS_J03140344+1603056 [RA] 03 14 03.4419 [Dec] +16 03 05.4757 [FIL] GG495 [EXPTIME] 60.0 [Date] 2019-12-03T16:31:42 [Time] 16:31:42
52/169 2MASSJ0314-20191203@163256-Eden.fts [TYPE] LIGHT [OBJ] 2MASS_J03140344+1603056 [RA] 03 14 03.4419 [Dec] +16 03 05.4757 [FIL] GG495 [EXPTIME] 60.0 [Date] 2019-12-03T16:32:56 [Time] 16:32:56
53/169 2MASSJ0314-20191203@163409-Eden.fts [TYPE] LIGHT [OBJ] 2MASS_J03140344+1603056 [RA] 03 14 03.4419 [Dec] +16 03 05.4757 [FIL] GG495 [EXPTIME] 60.0 [Date] 2019-12-03T16:34:10 [Time] 16:34:10
54/169 2MASSJ0314-20191203@163525-Eden.fts [TYPE] LIGHT [OBJ] 2MASS_J03140344+1603056 [RA] 03 14 03.4419 [Dec] +16 03 05.4757 [FIL] GG495 [EXPTIME] 60.0 [Date] 2019-12-03T16:35:25 [Time] 16:35:25
55/169 2MASSJ0314-20191203@163639-Eden.fts [TYPE] LIGHT [OBJ] 2MASS_J03140344+1603056 [RA] 03 14 03.4419 [Dec] +16 03 05.4757 [FIL] GG495 [EXPTIME] 60.0 [Date] 2019-12-03T16:36:39 [Time] 16:36:39
56/169 2MASSJ0314-20191203@163753-Eden.fts [TYPE] LIGHT [OBJ] 2MASS_J03140344+1603056 [RA] 03 14 03.4419 [Dec] +16 03 05.4757 [FIL] GG495 [EXPTIME] 60.0 [Date] 2019-12-03T16:37:55 [Time] 16:37:55
57/169 2MASSJ0314-20191203@163909-Eden.fts [TYPE] LIGHT [OBJ] 2MASS_J03140344+1603056 [RA] 03 14 03.4419 [Dec] +16 03 05.4757 [FIL] GG495 [EXPTIME] 60.0 [Date] 2019-12-03T16:39:10 [Time] 16:39:10
58/169 2MASSJ0314-20191203@164023-Eden.fts [TYPE] LIGHT [OBJ] 2MASS_J03140344+1603056 [RA] 03 14 03.4419 [Dec] +16 03 05.4757 [FIL] GG495 [EXPTIME] 60.0 [Date] 2019-12-03T16:40:23 [Time] 16:40:23
59/169 2MASSJ0314-20191203@164139-Eden.fts [TYPE] LIGHT [OBJ] 2MASS_J03140344+1603056 [RA] 03 14 03.4419 [Dec] +16 03 05.4757 [FIL] GG495 [EXPTIME] 60.0 [Date] 2019-12-03T16:41:39 [Time] 16:41:39
60/169 2MASSJ0314-20191203@164252-Eden.fts [TYPE] LIGHT [OBJ] 2MASS_J03140344+1603056 [RA] 03 14 03.4419 [Dec] +16 03 05.4757 [FIL] GG495 [EXPTIME] 60.0 [Date] 2019-12-03T16:42:53 [Time] 16:42:53
61/169 2MASSJ0314-20191203@164405-Eden.fts [TYPE] LIGHT [OBJ] 2MASS_J03140344+1603056 [RA] 03 14 03.4419 [Dec] +16 03 05.4757 [FIL] GG495 [EXPTIME] 60.0 [Date] 2019-12-03T16:44:06 [Time] 16:44:06
62/169 2MASSJ0314-20191203@164519-Eden.fts [TYPE] LIGHT [OBJ] 2MASS_J03140344+1603056 [RA] 03 14 03.4419 [Dec] +16 03 05.4757 [FIL] GG495 [EXPTIME] 60.0 [Date] 2019-12-03T16:45:20 [Time] 16:45:20
63/169 2MASSJ0314-20191203@164633-Eden.fts [TYPE] LIGHT [OBJ] 2MASS_J03140344+1603056 [RA] 03 14 03.4419 [Dec] +16 03 05.4757 [FIL] GG495 [EXPTIME] 60.0 [Date] 2019-12-03T16:46:34 [Time] 16:46:34
64/169 2MASSJ0314-20191203@164748-Eden.fts [TYPE] LIGHT [OBJ] 2MASS_J03140344+1603056 [RA] 03 14 03.4419 [Dec] +16 03 05.4757 [FIL] GG495 [EXPTIME] 60.0 [Date] 2019-12-03T16:47:49 [Time] 16:47:49
65/169 2MASSJ0314-20191203@164903-Eden.fts [TYPE] LIGHT [OBJ] 2MASS_J03140344+1603056 [RA] 03 14 03.4419 [Dec] +16 03 05.4757 [FIL] GG495 [EXPTIME] 60.0 [Date] 2019-12-03T16:49:03 [Time] 16:49:03
66/169 2MASSJ0314-20191203@165016-Eden.fts [TYPE] LIGHT [OBJ] 2MASS_J03140344+1603056 [RA] 03 14 03.4419 [Dec] +16 03 05.4757 [FIL] GG495 [EXPTIME] 60.0 [Date] 2019-12-03T16:50:17 [Time] 16:50:17
67/169 2MASSJ0314-20191203@165130-Eden.fts [TYPE] LIGHT [OBJ] 2MASS_J03140344+1603056 [RA] 03 14 03.4419 [Dec] +16 03 05.4757 [FIL] GG495 [EXPTIME] 60.0 [Date] 2019-12-03T16:51:30 [Time] 16:51:30
68/169 2MASSJ0314-20191203@165245-Eden.fts [TYPE] LIGHT [OBJ] 2MASS_J03140344+1603056 [RA] 03 14 03.4419 [Dec] +16 03 05.4757 [FIL] GG495 [EXPTIME] 60.0 [Date] 2019-12-03T16:52:45 [Time] 16:52:45
69/169 2MASSJ0314-20191203@165359-Eden.fts [TYPE] LIGHT [OBJ] 2MASS_J03140344+1603056 [RA] 03 14 03.4419 [Dec] +16 03 05.4757 [FIL] GG495 [EXPTIME] 60.0 [Date] 2019-12-03T16:53:59 [Time] 16:53:59
70/169 2MASSJ0314-20191203@165513-Eden.fts [TYPE] LIGHT [OBJ] 2MASS_J03140344+1603056 [RA] 03 14 03.4419 [Dec] +16 03 05.4757 [FIL] GG495 [EXPTIME] 60.0 [Date] 2019-12-03T16:55:13 [Time] 16:55:13
71/169 2MASSJ0314-20191203@165627-Eden.fts [TYPE] LIGHT [OBJ] 2MASS_J03140344+1603056 [RA] 03 14 03.4419 [Dec] +16 03 05.4757 [FIL] GG495 [EXPTIME] 60.0 [Date] 2019-12-03T16:56:27 [Time] 16:56:27
72/169 2MASSJ0314-20191203@165741-Eden.fts [TYPE] LIGHT [OBJ] 2MASS_J03140344+1603056 [RA] 03 14 03.4419 [Dec] +16 03 05.4757 [FIL] GG495 [EXPTIME] 60.0 [Date] 2019-12-03T16:57:41 [Time] 16:57:41
73/169 2MASSJ0314-20191203@165855-Eden.fts [TYPE] LIGHT [OBJ] 2MASS_J03140344+1603056 [RA] 03 14 03.4419 [Dec] +16 03 05.4757 [FIL] GG495 [EXPTIME] 60.0 [Date] 2019-12-03T16:58:56 [Time] 16:58:56
74/169 2MASSJ0314-20191203@170010-Eden.fts [TYPE] LIGHT [OBJ] 2MASS_J03140344+1603056 [RA] 03 14 03.4419 [Dec] +16 03 05.4757 [FIL] GG495 [EXPTIME] 60.0 [Date] 2019-12-03T17:00:10 [Time] 17:00:10
75/169 2MASSJ0314-20191203@170124-Eden.fts [TYPE] LIGHT [OBJ] 2MASS_J03140344+1603056 [RA] 03 14 03.4419 [Dec] +16 03 05.4757 [FIL] GG495 [EXPTIME] 60.0 [Date] 2019-12-03T17:01:24 [Time] 17:01:24
76/169 2MASSJ0314-20191203@170238-Eden.fts [TYPE] LIGHT [OBJ] 2MASS_J03140344+1603056 [RA] 03 14 03.4419 [Dec] +16 03 05.4757 [FIL] GG495 [EXPTIME] 60.0 [Date] 2019-12-03T17:02:38 [Time] 17:02:38
77/169 2MASSJ0314-20191203@170352-Eden.fts [TYPE] LIGHT [OBJ] 2MASS_J03140344+1603056 [RA] 03 14 03.4419 [Dec] +16 03 05.4757 [FIL] GG495 [EXPTIME] 60.0 [Date] 2019-12-03T17:03:52 [Time] 17:03:52
78/169 2MASSJ0314-20191203@170507-Eden.fts [TYPE] LIGHT [OBJ] 2MASS_J03140344+1603056 [RA] 03 14 03.4419 [Dec] +16 03 05.4757 [FIL] GG495 [EXPTIME] 60.0 [Date] 2019-12-03T17:05:07 [Time] 17:05:07
79/169 2MASSJ0314-20191203@170621-Eden.fts [TYPE] LIGHT [OBJ] 2MASS_J03140344+1603056 [RA] 03 14 03.4419 [Dec] +16 03 05.4757 [FIL] GG495 [EXPTIME] 60.0 [Date] 2019-12-03T17:06:21 [Time] 17:06:21
80/169 2MASSJ0314-20191203@170736-Eden.fts [TYPE] LIGHT [OBJ] 2MASS_J03140344+1603056 [RA] 03 14 03.4419 [Dec] +16 03 05.4757 [FIL] GG495 [EXPTIME] 60.0 [Date] 2019-12-03T17:07:36 [Time] 17:07:36
81/169 2MASSJ0314-20191203@170850-Eden.fts [TYPE] LIGHT [OBJ] 2MASS_J03140344+1603056 [RA] 03 14 03.4419 [Dec] +16 03 05.4757 [FIL] GG495 [EXPTIME] 60.0 [Date] 2019-12-03T17:08:50 [Time] 17:08:50
82/169 2MASSJ0314-20191203@171004-Eden.fts [TYPE] LIGHT [OBJ] 2MASS_J03140344+1603056 [RA] 03 14 03.4419 [Dec] +16 03 05.4757 [FIL] GG495 [EXPTIME] 60.0 [Date] 2019-12-03T17:10:04 [Time] 17:10:04
83/169 2MASSJ0314-20191203@171117-Eden.fts [TYPE] LIGHT [OBJ] 2MASS_J03140344+1603056 [RA] 03 14 03.4419 [Dec] +16 03 05.4757 [FIL] GG495 [EXPTIME] 60.0 [Date] 2019-12-03T17:11:17 [Time] 17:11:17
84/169 2MASSJ0314-20191203@171231-Eden.fts [TYPE] LIGHT [OBJ] 2MASS_J03140344+1603056 [RA] 03 14 03.4419 [Dec] +16 03 05.4757 [FIL] GG495 [EXPTIME] 60.0 [Date] 2019-12-03T17:12:31 [Time] 17:12:31
85/169 2MASSJ0314-20191203@171345-Eden.fts [TYPE] LIGHT [OBJ] 2MASS_J03140344+1603056 [RA] 03 14 03.4419 [Dec] +16 03 05.4757 [FIL] GG495 [EXPTIME] 60.0 [Date] 2019-12-03T17:13:45 [Time] 17:13:45
86/169 2MASSJ0314-20191203@171459-Eden.fts [TYPE] LIGHT [OBJ] 2MASS_J03140344+1603056 [RA] 03 14 03.4419 [Dec] +16 03 05.4757 [FIL] GG495 [EXPTIME] 60.0 [Date] 2019-12-03T17:15:00 [Time] 17:15:00
87/169 2MASSJ0314-20191203@171614-Eden.fts [TYPE] LIGHT [OBJ] 2MASS_J03140344+1603056 [RA] 03 14 03.4419 [Dec] +16 03 05.4757 [FIL] GG495 [EXPTIME] 60.0 [Date] 2019-12-03T17:16:14 [Time] 17:16:14
88/169 2MASSJ0314-20191203@171728-Eden.fts [TYPE] LIGHT [OBJ] 2MASS_J03140344+1603056 [RA] 03 14 03.4419 [Dec] +16 03 05.4757 [FIL] GG495 [EXPTIME] 60.0 [Date] 2019-12-03T17:17:28 [Time] 17:17:28
89/169 2MASSJ0314-20191203@171842-Eden.fts [TYPE] LIGHT [OBJ] 2MASS_J03140344+1603056 [RA] 03 14 03.4419 [Dec] +16 03 05.4757 [FIL] GG495 [EXPTIME] 60.0 [Date] 2019-12-03T17:18:42 [Time] 17:18:42
90/169 2MASSJ0314-20191203@171956-Eden.fts [TYPE] LIGHT [OBJ] 2MASS_J03140344+1603056 [RA] 03 14 03.4419 [Dec] +16 03 05.4757 [FIL] GG495 [EXPTIME] 60.0 [Date] 2019-12-03T17:19:56 [Time] 17:19:56
91/169 2MASSJ0314-20191203@172108-Eden.fts [TYPE] LIGHT [OBJ] 2MASS_J03140344+1603056 [RA] 03 14 03.4419 [Dec] +16 03 05.4757 [FIL] GG495 [EXPTIME] 60.0 [Date] 2019-12-03T17:21:09 [Time] 17:21:09
92/169 2MASSJ0314-20191203@172222-Eden.fts [TYPE] LIGHT [OBJ] 2MASS_J03140344+1603056 [RA] 03 14 03.4419 [Dec] +16 03 05.4757 [FIL] GG495 [EXPTIME] 60.0 [Date] 2019-12-03T17:22:23 [Time] 17:22:23
93/169 2MASSJ0314-20191203@172336-Eden.fts [TYPE] LIGHT [OBJ] 2MASS_J03140344+1603056 [RA] 03 14 03.4419 [Dec] +16 03 05.4757 [FIL] GG495 [EXPTIME] 60.0 [Date] 2019-12-03T17:23:37 [Time] 17:23:37
94/169 2MASSJ0314-20191203@172451-Eden.fts [TYPE] LIGHT [OBJ] 2MASS_J03140344+1603056 [RA] 03 14 03.4419 [Dec] +16 03 05.4757 [FIL] GG495 [EXPTIME] 60.0 [Date] 2019-12-03T17:24:51 [Time] 17:24:51
95/169 2MASSJ0314-20191203@172605-Eden.fts [TYPE] LIGHT [OBJ] 2MASS_J03140344+1603056 [RA] 03 14 03.4419 [Dec] +16 03 05.4757 [FIL] GG495 [EXPTIME] 60.0 [Date] 2019-12-03T17:26:06 [Time] 17:26:06
96/169 2MASSJ0314-20191203@172719-Eden.fts [TYPE] LIGHT [OBJ] 2MASS_J03140344+1603056 [RA] 03 14 03.4419 [Dec] +16 03 05.4757 [FIL] GG495 [EXPTIME] 60.0 [Date] 2019-12-03T17:27:19 [Time] 17:27:19
97/169 2MASSJ0314-20191203@172833-Eden.fts [TYPE] LIGHT [OBJ] 2MASS_J03140344+1603056 [RA] 03 14 03.4419 [Dec] +16 03 05.4757 [FIL] GG495 [EXPTIME] 60.0 [Date] 2019-12-03T17:28:34 [Time] 17:28:34
98/169 2MASSJ0314-20191203@172948-Eden.fts [TYPE] LIGHT [OBJ] 2MASS_J03140344+1603056 [RA] 03 14 03.4419 [Dec] +16 03 05.4757 [FIL] GG495 [EXPTIME] 60.0 [Date] 2019-12-03T17:29:49 [Time] 17:29:49
99/169 2MASSJ0314-20191203@173102-Eden.fts [TYPE] LIGHT [OBJ] 2MASS_J03140344+1603056 [RA] 03 14 03.4419 [Dec] +16 03 05.4757 [FIL] GG495 [EXPTIME] 60.0 [Date] 2019-12-03T17:31:03 [Time] 17:31:03
100/169 2MASSJ0314-20191203@173216-Eden.fts [TYPE] LIGHT [OBJ] 2MASS_J03140344+1603056 [RA] 03 14 03.4419 [Dec] +16 03 05.4757 [FIL] GG495 [EXPTIME] 60.0 [Date] 2019-12-03T17:32:16 [Time] 17:32:16
101/169 2MASSJ0314-20191203@173330-Eden.fts [TYPE] LIGHT [OBJ] 2MASS_J03140344+1603056 [RA] 03 14 03.4419 [Dec] +16 03 05.4757 [FIL] GG495 [EXPTIME] 60.0 [Date] 2019-12-03T17:33:31 [Time] 17:33:31
102/169 2MASSJ0314-20191203@173445-Eden.fts [TYPE] LIGHT [OBJ] 2MASS_J03140344+1603056 [RA] 03 14 03.4419 [Dec] +16 03 05.4757 [FIL] GG495 [EXPTIME] 60.0 [Date] 2019-12-03T17:34:45 [Time] 17:34:45
103/169 2MASSJ0314-20191203@173600-Eden.fts [TYPE] LIGHT [OBJ] 2MASS_J03140344+1603056 [RA] 03 14 03.4419 [Dec] +16 03 05.4757 [FIL] GG495 [EXPTIME] 60.0 [Date] 2019-12-03T17:36:00 [Time] 17:36:00
104/169 2MASSJ0314-20191203@173714-Eden.fts [TYPE] LIGHT [OBJ] 2MASS_J03140344+1603056 [RA] 03 14 03.4419 [Dec] +16 03 05.4757 [FIL] GG495 [EXPTIME] 60.0 [Date] 2019-12-03T17:37:15 [Time] 17:37:15
105/169 2MASSJ0314-20191203@173829-Eden.fts [TYPE] LIGHT [OBJ] 2MASS_J03140344+1603056 [RA] 03 14 03.4419 [Dec] +16 03 05.4757 [FIL] GG495 [EXPTIME] 60.0 [Date] 2019-12-03T17:38:29 [Time] 17:38:29
106/169 2MASSJ0314-20191203@173943-Eden.fts [TYPE] LIGHT [OBJ] 2MASS_J03140344+1603056 [RA] 03 14 03.4419 [Dec] +16 03 05.4757 [FIL] GG495 [EXPTIME] 60.0 [Date] 2019-12-03T17:39:44 [Time] 17:39:44
107/169 2MASSJ0314-20191203@174058-Eden.fts [TYPE] LIGHT [OBJ] 2MASS_J03140344+1603056 [RA] 03 14 03.4419 [Dec] +16 03 05.4757 [FIL] GG495 [EXPTIME] 60.0 [Date] 2019-12-03T17:40:58 [Time] 17:40:58
108/169 2MASSJ0314-20191203@174211-Eden.fts [TYPE] LIGHT [OBJ] 2MASS_J03140344+1603056 [RA] 03 14 03.4419 [Dec] +16 03 05.4757 [FIL] GG495 [EXPTIME] 60.0 [Date] 2019-12-03T17:42:12 [Time] 17:42:12
109/169 2MASSJ0314-20191203@174326-Eden.fts [TYPE] LIGHT [OBJ] 2MASS_J03140344+1603056 [RA] 03 14 03.4419 [Dec] +16 03 05.4757 [FIL] GG495 [EXPTIME] 60.0 [Date] 2019-12-03T17:43:27 [Time] 17:43:27
110/169 2MASSJ0314-20191203@174440-Eden.fts [TYPE] LIGHT [OBJ] 2MASS_J03140344+1603056 [RA] 03 14 03.4419 [Dec] +16 03 05.4757 [FIL] GG495 [EXPTIME] 60.0 [Date] 2019-12-03T17:44:40 [Time] 17:44:40
111/169 2MASSJ0314-20191203@174554-Eden.fts [TYPE] LIGHT [OBJ] 2MASS_J03140344+1603056 [RA] 03 14 03.4419 [Dec] +16 03 05.4757 [FIL] GG495 [EXPTIME] 60.0 [Date] 2019-12-03T17:45:55 [Time] 17:45:55
112/169 2MASSJ0314-20191203@174710-Eden.fts [TYPE] LIGHT [OBJ] 2MASS_J03140344+1603056 [RA] 03 14 03.4419 [Dec] +16 03 05.4757 [FIL] GG495 [EXPTIME] 60.0 [Date] 2019-12-03T17:47:10 [Time] 17:47:10
113/169 2MASSJ0314-20191203@174823-Eden.fts [TYPE] LIGHT [OBJ] 2MASS_J03140344+1603056 [RA] 03 14 03.4419 [Dec] +16 03 05.4757 [FIL] GG495 [EXPTIME] 60.0 [Date] 2019-12-03T17:48:23 [Time] 17:48:23
114/169 2MASSJ0314-20191203@174938-Eden.fts [TYPE] LIGHT [OBJ] 2MASS_J03140344+1603056 [RA] 03 14 03.4419 [Dec] +16 03 05.4757 [FIL] GG495 [EXPTIME] 60.0 [Date] 2019-12-03T17:49:38 [Time] 17:49:38
115/169 2MASSJ0314-20191203@175051-Eden.fts [TYPE] LIGHT [OBJ] 2MASS_J03140344+1603056 [RA] 03 14 03.4419 [Dec] +16 03 05.4757 [FIL] GG495 [EXPTIME] 60.0 [Date] 2019-12-03T17:50:53 [Time] 17:50:53
116/169 2MASSJ0314-20191203@175207-Eden.fts [TYPE] LIGHT [OBJ] 2MASS_J03140344+1603056 [RA] 03 14 03.4419 [Dec] +16 03 05.4757 [FIL] GG495 [EXPTIME] 60.0 [Date] 2019-12-03T17:52:07 [Time] 17:52:07
117/169 2MASSJ0314-20191203@175321-Eden.fts [TYPE] LIGHT [OBJ] 2MASS_J03140344+1603056 [RA] 03 14 03.4419 [Dec] +16 03 05.4757 [FIL] GG495 [EXPTIME] 60.0 [Date] 2019-12-03T17:53:22 [Time] 17:53:22
118/169 2MASSJ0314-20191203@175436-Eden.fts [TYPE] LIGHT [OBJ] 2MASS_J03140344+1603056 [RA] 03 14 03.4419 [Dec] +16 03 05.4757 [FIL] GG495 [EXPTIME] 60.0 [Date] 2019-12-03T17:54:37 [Time] 17:54:37
119/169 2MASSJ0314-20191203@175550-Eden.fts [TYPE] LIGHT [OBJ] 2MASS_J03140344+1603056 [RA] 03 14 03.4419 [Dec] +16 03 05.4757 [FIL] GG495 [EXPTIME] 60.0 [Date] 2019-12-03T17:55:51 [Time] 17:55:51
120/169 2MASSJ0314-20191203@175705-Eden.fts [TYPE] LIGHT [OBJ] 2MASS_J03140344+1603056 [RA] 03 14 03.4419 [Dec] +16 03 05.4757 [FIL] GG495 [EXPTIME] 60.0 [Date] 2019-12-03T17:57:05 [Time] 17:57:05
121/169 2MASSJ0314-20191203@175819-Eden.fts [TYPE] LIGHT [OBJ] 2MASS_J03140344+1603056 [RA] 03 14 03.4419 [Dec] +16 03 05.4757 [FIL] GG495 [EXPTIME] 60.0 [Date] 2019-12-03T17:58:19 [Time] 17:58:19
122/169 2MASSJ0314-20191203@175932-Eden.fts [TYPE] LIGHT [OBJ] 2MASS_J03140344+1603056 [RA] 03 14 03.4419 [Dec] +16 03 05.4757 [FIL] GG495 [EXPTIME] 60.0 [Date] 2019-12-03T17:59:33 [Time] 17:59:33
123/169 2MASSJ0314-20191203@180047-Eden.fts [TYPE] LIGHT [OBJ] 2MASS_J03140344+1603056 [RA] 03 14 03.4419 [Dec] +16 03 05.4757 [FIL] GG495 [EXPTIME] 60.0 [Date] 2019-12-03T18:00:47 [Time] 18:00:47
124/169 2MASSJ0314-20191203@180201-Eden.fts [TYPE] LIGHT [OBJ] 2MASS_J03140344+1603056 [RA] 03 14 03.4419 [Dec] +16 03 05.4757 [FIL] GG495 [EXPTIME] 60.0 [Date] 2019-12-03T18:02:01 [Time] 18:02:01
125/169 2MASSJ0314-20191203@180315-Eden.fts [TYPE] LIGHT [OBJ] 2MASS_J03140344+1603056 [RA] 03 14 03.4419 [Dec] +16 03 05.4757 [FIL] GG495 [EXPTIME] 60.0 [Date] 2019-12-03T18:03:15 [Time] 18:03:15
126/169 2MASSJ0314-20191203@180430-Eden.fts [TYPE] LIGHT [OBJ] 2MASS_J03140344+1603056 [RA] 03 14 03.4419 [Dec] +16 03 05.4757 [FIL] GG495 [EXPTIME] 60.0 [Date] 2019-12-03T18:04:30 [Time] 18:04:30
127/169 2MASSJ0314-20191203@180546-Eden.fts [TYPE] LIGHT [OBJ] 2MASS_J03140344+1603056 [RA] 03 14 03.4419 [Dec] +16 03 05.4757 [FIL] GG495 [EXPTIME] 60.0 [Date] 2019-12-03T18:05:47 [Time] 18:05:47
128/169 2MASSJ0314-20191203@180700-Eden.fts [TYPE] LIGHT [OBJ] 2MASS_J03140344+1603056 [RA] 03 14 03.4419 [Dec] +16 03 05.4757 [FIL] GG495 [EXPTIME] 60.0 [Date] 2019-12-03T18:07:01 [Time] 18:07:01
129/169 2MASSJ0314-20191203@180815-Eden.fts [TYPE] LIGHT [OBJ] 2MASS_J03140344+1603056 [RA] 03 14 03.4419 [Dec] +16 03 05.4757 [FIL] GG495 [EXPTIME] 60.0 [Date] 2019-12-03T18:08:16 [Time] 18:08:16
130/169 2MASSJ0314-20191203@180930-Eden.fts [TYPE] LIGHT [OBJ] 2MASS_J03140344+1603056 [RA] 03 14 03.4419 [Dec] +16 03 05.4757 [FIL] GG495 [EXPTIME] 60.0 [Date] 2019-12-03T18:09:31 [Time] 18:09:31
131/169 2MASSJ0314-20191203@181044-Eden.fts [TYPE] LIGHT [OBJ] 2MASS_J03140344+1603056 [RA] 03 14 03.4419 [Dec] +16 03 05.4757 [FIL] GG495 [EXPTIME] 60.0 [Date] 2019-12-03T18:10:45 [Time] 18:10:45
132/169 2MASSJ0314-20191203@181159-Eden.fts [TYPE] LIGHT [OBJ] 2MASS_J03140344+1603056 [RA] 03 14 03.4419 [Dec] +16 03 05.4757 [FIL] GG495 [EXPTIME] 60.0 [Date] 2019-12-03T18:11:59 [Time] 18:11:59
133/169 2MASSJ0314-20191203@181312-Eden.fts [TYPE] LIGHT [OBJ] 2MASS_J03140344+1603056 [RA] 03 14 03.4419 [Dec] +16 03 05.4757 [FIL] GG495 [EXPTIME] 60.0 [Date] 2019-12-03T18:13:12 [Time] 18:13:12
134/169 2MASSJ0314-20191203@181427-Eden.fts [TYPE] LIGHT [OBJ] 2MASS_J03140344+1603056 [RA] 03 14 03.4419 [Dec] +16 03 05.4757 [FIL] GG495 [EXPTIME] 60.0 [Date] 2019-12-03T18:14:27 [Time] 18:14:27
135/169 2MASSJ0314-20191203@181541-Eden.fts [TYPE] LIGHT [OBJ] 2MASS_J03140344+1603056 [RA] 03 14 03.4419 [Dec] +16 03 05.4757 [FIL] GG495 [EXPTIME] 60.0 [Date] 2019-12-03T18:15:42 [Time] 18:15:42
136/169 2MASSJ0314-20191203@181655-Eden.fts [TYPE] LIGHT [OBJ] 2MASS_J03140344+1603056 [RA] 03 14 03.4419 [Dec] +16 03 05.4757 [FIL] GG495 [EXPTIME] 60.0 [Date] 2019-12-03T18:16:56 [Time] 18:16:56
137/169 2MASSJ0314-20191203@181810-Eden.fts [TYPE] LIGHT [OBJ] 2MASS_J03140344+1603056 [RA] 03 14 03.4419 [Dec] +16 03 05.4757 [FIL] GG495 [EXPTIME] 60.0 [Date] 2019-12-03T18:18:10 [Time] 18:18:10
138/169 2MASSJ0314-20191203@181924-Eden.fts [TYPE] LIGHT [OBJ] 2MASS_J03140344+1603056 [RA] 03 14 03.4419 [Dec] +16 03 05.4757 [FIL] GG495 [EXPTIME] 60.0 [Date] 2019-12-03T18:19:24 [Time] 18:19:24
139/169 2MASSJ0314-20191203@182038-Eden.fts [TYPE] LIGHT [OBJ] 2MASS_J03140344+1603056 [RA] 03 14 03.4419 [Dec] +16 03 05.4757 [FIL] GG495 [EXPTIME] 60.0 [Date] 2019-12-03T18:20:38 [Time] 18:20:38
140/169 2MASSJ0314-20191203@182151-Eden.fts [TYPE] LIGHT [OBJ] 2MASS_J03140344+1603056 [RA] 03 14 03.4419 [Dec] +16 03 05.4757 [FIL] GG495 [EXPTIME] 60.0 [Date] 2019-12-03T18:21:52 [Time] 18:21:52
141/169 2MASSJ0314-20191203@182307-Eden.fts [TYPE] LIGHT [OBJ] 2MASS_J03140344+1603056 [RA] 03 14 03.4419 [Dec] +16 03 05.4757 [FIL] GG495 [EXPTIME] 60.0 [Date] 2019-12-03T18:23:08 [Time] 18:23:08
142/169 2MASSJ0314-20191203@182422-Eden.fts [TYPE] LIGHT [OBJ] 2MASS_J03140344+1603056 [RA] 03 14 03.4419 [Dec] +16 03 05.4757 [FIL] GG495 [EXPTIME] 60.0 [Date] 2019-12-03T18:24:22 [Time] 18:24:22
143/169 2MASSJ0314-20191203@182536-Eden.fts [TYPE] LIGHT [OBJ] 2MASS_J03140344+1603056 [RA] 03 14 03.4419 [Dec] +16 03 05.4757 [FIL] GG495 [EXPTIME] 60.0 [Date] 2019-12-03T18:25:36 [Time] 18:25:36
144/169 2MASSJ0314-20191203@182650-Eden.fts [TYPE] LIGHT [OBJ] 2MASS_J03140344+1603056 [RA] 03 14 03.4419 [Dec] +16 03 05.4757 [FIL] GG495 [EXPTIME] 60.0 [Date] 2019-12-03T18:26:50 [Time] 18:26:50
145/169 2MASSJ0314-20191203@182805-Eden.fts [TYPE] LIGHT [OBJ] 2MASS_J03140344+1603056 [RA] 03 14 03.4419 [Dec] +16 03 05.4757 [FIL] GG495 [EXPTIME] 60.0 [Date] 2019-12-03T18:28:05 [Time] 18:28:05
146/169 2MASSJ0314-20191203@182919-Eden.fts [TYPE] LIGHT [OBJ] 2MASS_J03140344+1603056 [RA] 03 14 03.4419 [Dec] +16 03 05.4757 [FIL] GG495 [EXPTIME] 60.0 [Date] 2019-12-03T18:29:19 [Time] 18:29:19
147/169 2MASSJ0314-20191203@183033-Eden.fts [TYPE] LIGHT [OBJ] 2MASS_J03140344+1603056 [RA] 03 14 03.4419 [Dec] +16 03 05.4757 [FIL] GG495 [EXPTIME] 60.0 [Date] 2019-12-03T18:30:34 [Time] 18:30:34
148/169 2MASSJ0314-20191203@183148-Eden.fts [TYPE] LIGHT [OBJ] 2MASS_J03140344+1603056 [RA] 03 14 03.4419 [Dec] +16 03 05.4757 [FIL] GG495 [EXPTIME] 60.0 [Date] 2019-12-03T18:31:48 [Time] 18:31:48
149/169 2MASSJ0314-20191203@183301-Eden.fts [TYPE] LIGHT [OBJ] 2MASS_J03140344+1603056 [RA] 03 14 03.4419 [Dec] +16 03 05.4757 [FIL] GG495 [EXPTIME] 60.0 [Date] 2019-12-03T18:33:01 [Time] 18:33:01
150/169 2MASSJ0314-20191203@183415-Eden.fts [TYPE] LIGHT [OBJ] 2MASS_J03140344+1603056 [RA] 03 14 03.4419 [Dec] +16 03 05.4757 [FIL] GG495 [EXPTIME] 60.0 [Date] 2019-12-03T18:34:15 [Time] 18:34:15
151/169 2MASSJ0314-20191203@183531-Eden.fts [TYPE] LIGHT [OBJ] 2MASS_J03140344+1603056 [RA] 03 14 03.4419 [Dec] +16 03 05.4757 [FIL] GG495 [EXPTIME] 60.0 [Date] 2019-12-03T18:35:31 [Time] 18:35:31
152/169 2MASSJ0314-20191203@183644-Eden.fts [TYPE] LIGHT [OBJ] 2MASS_J03140344+1603056 [RA] 03 14 03.4419 [Dec] +16 03 05.4757 [FIL] GG495 [EXPTIME] 60.0 [Date] 2019-12-03T18:36:45 [Time] 18:36:45
153/169 2MASSJ0314-20191203@183759-Eden.fts [TYPE] LIGHT [OBJ] 2MASS_J03140344+1603056 [RA] 03 14 03.4419 [Dec] +16 03 05.4757 [FIL] GG495 [EXPTIME] 60.0 [Date] 2019-12-03T18:37:59 [Time] 18:37:59
154/169 2MASSJ0314-20191203@183912-Eden.fts [TYPE] LIGHT [OBJ] 2MASS_J03140344+1603056 [RA] 03 14 03.4419 [Dec] +16 03 05.4757 [FIL] GG495 [EXPTIME] 60.0 [Date] 2019-12-03T18:39:13 [Time] 18:39:13
155/169 2MASSJ0314-20191203@184027-Eden.fts [TYPE] LIGHT [OBJ] 2MASS_J03140344+1603056 [RA] 03 14 03.4419 [Dec] +16 03 05.4757 [FIL] GG495 [EXPTIME] 60.0 [Date] 2019-12-03T18:40:27 [Time] 18:40:27
156/169 2MASSJ0314-20191203@184140-Eden.fts [TYPE] LIGHT [OBJ] 2MASS_J03140344+1603056 [RA] 03 14 03.4419 [Dec] +16 03 05.4757 [FIL] GG495 [EXPTIME] 60.0 [Date] 2019-12-03T18:41:41 [Time] 18:41:41
157/169 2MASSJ0314-20191203@184255-Eden.fts [TYPE] LIGHT [OBJ] 2MASS_J03140344+1603056 [RA] 03 14 03.4419 [Dec] +16 03 05.4757 [FIL] GG495 [EXPTIME] 60.0 [Date] 2019-12-03T18:42:56 [Time] 18:42:56
158/169 2MASSJ0314-20191203@184411-Eden.fts [TYPE] LIGHT [OBJ] 2MASS_J03140344+1603056 [RA] 03 14 03.4419 [Dec] +16 03 05.4757 [FIL] GG495 [EXPTIME] 60.0 [Date] 2019-12-03T18:44:11 [Time] 18:44:11
159/169 2MASSJ0314-20191203@184526-Eden.fts [TYPE] LIGHT [OBJ] 2MASS_J03140344+1603056 [RA] 03 14 03.4419 [Dec] +16 03 05.4757 [FIL] GG495 [EXPTIME] 60.0 [Date] 2019-12-03T18:45:27 [Time] 18:45:27
160/169 2MASSJ0314-20191203@184640-Eden.fts [TYPE] LIGHT [OBJ] 2MASS_J03140344+1603056 [RA] 03 14 03.4419 [Dec] +16 03 05.4757 [FIL] GG495 [EXPTIME] 60.0 [Date] 2019-12-03T18:46:41 [Time] 18:46:41
161/169 2MASSJ0314-20191203@184755-Eden.fts [TYPE] LIGHT [OBJ] 2MASS_J03140344+1603056 [RA] 03 14 03.4419 [Dec] +16 03 05.4757 [FIL] GG495 [EXPTIME] 60.0 [Date] 2019-12-03T18:47:55 [Time] 18:47:55
162/169 2MASSJ0314-20191203@184908-Eden.fts [TYPE] LIGHT [OBJ] 2MASS_J03140344+1603056 [RA] 03 14 03.4419 [Dec] +16 03 05.4757 [FIL] GG495 [EXPTIME] 60.0 [Date] 2019-12-03T18:49:09 [Time] 18:49:09
163/169 2MASSJ0314-20191203@185023-Eden.fts [TYPE] LIGHT [OBJ] 2MASS_J03140344+1603056 [RA] 03 14 03.4419 [Dec] +16 03 05.4757 [FIL] GG495 [EXPTIME] 60.0 [Date] 2019-12-03T18:50:24 [Time] 18:50:24
164/169 2MASSJ0314-20191203@185138-Eden.fts [TYPE] LIGHT [OBJ] 2MASS_J03140344+1603056 [RA] 03 14 03.4419 [Dec] +16 03 05.4757 [FIL] GG495 [EXPTIME] 60.0 [Date] 2019-12-03T18:51:38 [Time] 18:51:38
165/169 2MASSJ0314-20191203@185252-Eden.fts [TYPE] LIGHT [OBJ] 2MASS_J03140344+1603056 [RA] 03 14 03.4419 [Dec] +16 03 05.4757 [FIL] GG495 [EXPTIME] 60.0 [Date] 2019-12-03T18:52:53 [Time] 18:52:53
166/169 2MASSJ0314-20191203@185405-Eden.fts [TYPE] LIGHT [OBJ] 2MASS_J03140344+1603056 [RA] 03 14 03.4419 [Dec] +16 03 05.4757 [FIL] GG495 [EXPTIME] 60.0 [Date] 2019-12-03T18:54:06 [Time] 18:54:06
167/169 2MASSJ0314-20191203@185520-Eden.fts [TYPE] LIGHT [OBJ] 2MASS_J03140344+1603056 [RA] 03 14 03.4419 [Dec] +16 03 05.4757 [FIL] GG495 [EXPTIME] 60.0 [Date] 2019-12-03T18:55:20 [Time] 18:55:20
168/169 2MASSJ0314-20191203@185634-Eden.fts [TYPE] LIGHT [OBJ] 2MASS_J03140344+1603056 [RA] 03 14 03.4419 [Dec] +16 03 05.4757 [FIL] GG495 [EXPTIME] 60.0 [Date] 2019-12-03T18:56:35 [Time] 18:56:35
169/169 2MASSJ0314-20191203@185749-Eden.fts [TYPE] LIGHT [OBJ] 2MASS_J03140344+1603056 [RA] 03 14 03.4419 [Dec] +16 03 05.4757 [FIL] GG495 [EXPTIME] 60.0 [Date] 2019-12-03T18:57:49 [Time] 18:57:49
... write log file to LOT20191203_mod.log ...
... finish ...
