-----------------
input parameters
-----------------
['modify_header_name_eden.py', 'LOT20220708_2MASS_J20443743+1517352', '41']
Your will modify header for: 2MASS_J20443743+1517352 [RA] 20 44 37.4803 [Dec] +15 17 34.7815 [Filter] GG495
---------------
folder: LOT20220708_2MASS_J20443743+1517352
will update fits in: LOT20220708_2MASS_J20443743+1517352_mod
 ---------------------------
 Exame Fits Header for Bias
 ---------------------------
find ./LOT20220708_2MASS_J20443743+1517352/bias-dark/ | grep 'fits\|fts'|sort 
found 50 Bias/Dark
1/50 Bias-20220708@204302-000S.fts [TYPE] BIAS [EXPTIME] 0.0
2/50 Bias-20220708@204311-000S.fts [TYPE] BIAS [EXPTIME] 0.0
3/50 Bias-20220708@204319-000S.fts [TYPE] BIAS [EXPTIME] 0.0
4/50 Bias-20220708@204326-000S.fts [TYPE] BIAS [EXPTIME] 0.0
5/50 Bias-20220708@204334-000S.fts [TYPE] BIAS [EXPTIME] 0.0
6/50 Bias-20220708@204341-000S.fts [TYPE] BIAS [EXPTIME] 0.0
7/50 Bias-20220708@204349-000S.fts [TYPE] BIAS [EXPTIME] 0.0
8/50 Bias-20220708@204357-000S.fts [TYPE] BIAS [EXPTIME] 0.0
9/50 Bias-20220708@204404-000S.fts [TYPE] BIAS [EXPTIME] 0.0
10/50 Bias-20220708@204412-000S.fts [TYPE] BIAS [EXPTIME] 0.0
11/50 Dark-20220708@204420-060S.fts [TYPE] DARK [EXPTIME] 60.0
12/50 Dark-20220708@204528-090S.fts [TYPE] DARK [EXPTIME] 90.0
13/50 Dark-20220708@204705-120S.fts [TYPE] DARK [EXPTIME] 120.0
14/50 Dark-20220708@204913-240S.fts [TYPE] DARK [EXPTIME] 240.0
15/50 Dark-20220708@205320-060S.fts [TYPE] DARK [EXPTIME] 60.0
16/50 Dark-20220708@205428-090S.fts [TYPE] DARK [EXPTIME] 90.0
17/50 Dark-20220708@205605-120S.fts [TYPE] DARK [EXPTIME] 120.0
18/50 Dark-20220708@205813-240S.fts [TYPE] DARK [EXPTIME] 240.0
19/50 Dark-20220708@210221-060S.fts [TYPE] DARK [EXPTIME] 60.0
20/50 Dark-20220708@210329-090S.fts [TYPE] DARK [EXPTIME] 90.0
21/50 Dark-20220708@210506-120S.fts [TYPE] DARK [EXPTIME] 120.0
22/50 Dark-20220708@210714-240S.fts [TYPE] DARK [EXPTIME] 240.0
23/50 Dark-20220708@211122-060S.fts [TYPE] DARK [EXPTIME] 60.0
24/50 Dark-20220708@211229-090S.fts [TYPE] DARK [EXPTIME] 90.0
25/50 Dark-20220708@211406-120S.fts [TYPE] DARK [EXPTIME] 120.0
26/50 Dark-20220708@211614-240S.fts [TYPE] DARK [EXPTIME] 240.0
27/50 Dark-20220708@212021-060S.fts [TYPE] DARK [EXPTIME] 60.0
28/50 Dark-20220708@212128-090S.fts [TYPE] DARK [EXPTIME] 90.0
29/50 Dark-20220708@212306-120S.fts [TYPE] DARK [EXPTIME] 120.0
30/50 Dark-20220708@212514-240S.fts [TYPE] DARK [EXPTIME] 240.0
31/50 Dark-20220708@212922-060S.fts [TYPE] DARK [EXPTIME] 60.0
32/50 Dark-20220708@213029-090S.fts [TYPE] DARK [EXPTIME] 90.0
33/50 Dark-20220708@213206-120S.fts [TYPE] DARK [EXPTIME] 120.0
34/50 Dark-20220708@213414-240S.fts [TYPE] DARK [EXPTIME] 240.0
35/50 Dark-20220708@213822-060S.fts [TYPE] DARK [EXPTIME] 60.0
36/50 Dark-20220708@213929-090S.fts [TYPE] DARK [EXPTIME] 90.0
37/50 Dark-20220708@214106-120S.fts [TYPE] DARK [EXPTIME] 120.0
38/50 Dark-20220708@214314-240S.fts [TYPE] DARK [EXPTIME] 240.0
39/50 Dark-20220708@214722-060S.fts [TYPE] DARK [EXPTIME] 60.0
40/50 Dark-20220708@214830-090S.fts [TYPE] DARK [EXPTIME] 90.0
41/50 Dark-20220708@215008-120S.fts [TYPE] DARK [EXPTIME] 120.0
42/50 Dark-20220708@215215-240S.fts [TYPE] DARK [EXPTIME] 240.0
43/50 Dark-20220708@215622-060S.fts [TYPE] DARK [EXPTIME] 60.0
44/50 Dark-20220708@215730-090S.fts [TYPE] DARK [EXPTIME] 90.0
45/50 Dark-20220708@215908-120S.fts [TYPE] DARK [EXPTIME] 120.0
46/50 Dark-20220708@220116-240S.fts [TYPE] DARK [EXPTIME] 240.0
47/50 Dark-20220708@220524-060S.fts [TYPE] DARK [EXPTIME] 60.0
48/50 Dark-20220708@220631-090S.fts [TYPE] DARK [EXPTIME] 90.0
49/50 Dark-20220708@220809-120S.fts [TYPE] DARK [EXPTIME] 120.0
50/50 Dark-20220708@221017-240S.fts [TYPE] DARK [EXPTIME] 240.0
 ---------------------------
 Exame Fits Header for Flat
 ---------------------------
find ./LOT20220708_2MASS_J20443743+1517352/ | grep flat/ | grep -E 'fits|fts'|sort -t'-' -k2.4,2.6 
found 0 Flat
no files in ./flat/
 ---------------------------
 Exame Fits Header for Additional Dark for Flat
 ---------------------------
find ./LOT20220708_2MASS_J20443743+1517352/ | grep flat/ |grep dark| grep -E 'fits|fts'|sort -t'-' -k2.4,2.6 
found 0 Additional Dark for Flat
no additional dark for flat in ./flat/
 ---------------------------
 Modify filename for Science Target
 ---------------------------
... update header ...
1/191 2MASS_J20443743+1517352-20220708@162227-Eden.fts [TYPE] LIGHT [OBJ] 2MASS_J20443743+1517352 [RA] 20 44 37.4803 [Dec] +15 17 34.7815 [FIL] GG495 [EXPTIME] 60.0 [Date] 2022-07-08T16:22:27 [Time] 16:22:27
2/191 2MASS_J20443743+1517352-20220708@162346-Eden.fts [TYPE] LIGHT [OBJ] 2MASS_J20443743+1517352 [RA] 20 44 37.4803 [Dec] +15 17 34.7815 [FIL] GG495 [EXPTIME] 60.0 [Date] 2022-07-08T16:23:46 [Time] 16:23:46
3/191 2MASS_J20443743+1517352-20220708@162503-Eden.fts [TYPE] LIGHT [OBJ] 2MASS_J20443743+1517352 [RA] 20 44 37.4803 [Dec] +15 17 34.7815 [FIL] GG495 [EXPTIME] 60.0 [Date] 2022-07-08T16:25:03 [Time] 16:25:03
4/191 2MASS_J20443743+1517352-20220708@163308-Eden.fts [TYPE] LIGHT [OBJ] 2MASS_J20443743+1517352 [RA] 20 44 37.4803 [Dec] +15 17 34.7815 [FIL] GG495 [EXPTIME] 60.0 [Date] 2022-07-08T16:33:08 [Time] 16:33:08
5/191 2MASS_J20443743+1517352-20220708@163427-Eden.fts [TYPE] LIGHT [OBJ] 2MASS_J20443743+1517352 [RA] 20 44 37.4803 [Dec] +15 17 34.7815 [FIL] GG495 [EXPTIME] 60.0 [Date] 2022-07-08T16:34:27 [Time] 16:34:27
6/191 2MASS_J20443743+1517352-20220708@163545-Eden.fts [TYPE] LIGHT [OBJ] 2MASS_J20443743+1517352 [RA] 20 44 37.4803 [Dec] +15 17 34.7815 [FIL] GG495 [EXPTIME] 60.0 [Date] 2022-07-08T16:35:45 [Time] 16:35:45
7/191 2MASS_J20443743+1517352-20220708@163703-Eden.fts [TYPE] LIGHT [OBJ] 2MASS_J20443743+1517352 [RA] 20 44 37.4803 [Dec] +15 17 34.7815 [FIL] GG495 [EXPTIME] 60.0 [Date] 2022-07-08T16:37:03 [Time] 16:37:03
8/191 2MASS_J20443743+1517352-20220708@163820-Eden.fts [TYPE] LIGHT [OBJ] 2MASS_J20443743+1517352 [RA] 20 44 37.4803 [Dec] +15 17 34.7815 [FIL] GG495 [EXPTIME] 60.0 [Date] 2022-07-08T16:38:20 [Time] 16:38:20
9/191 2MASS_J20443743+1517352-20220708@163936-Eden.fts [TYPE] LIGHT [OBJ] 2MASS_J20443743+1517352 [RA] 20 44 37.4803 [Dec] +15 17 34.7815 [FIL] GG495 [EXPTIME] 60.0 [Date] 2022-07-08T16:39:36 [Time] 16:39:36
10/191 2MASS_J20443743+1517352-20220708@164053-Eden.fts [TYPE] LIGHT [OBJ] 2MASS_J20443743+1517352 [RA] 20 44 37.4803 [Dec] +15 17 34.7815 [FIL] GG495 [EXPTIME] 60.0 [Date] 2022-07-08T16:40:53 [Time] 16:40:53
11/191 2MASS_J20443743+1517352-20220708@164215-Eden.fts [TYPE] LIGHT [OBJ] 2MASS_J20443743+1517352 [RA] 20 44 37.4803 [Dec] +15 17 34.7815 [FIL] GG495 [EXPTIME] 60.0 [Date] 2022-07-08T16:42:15 [Time] 16:42:15
12/191 2MASS_J20443743+1517352-20220708@164333-Eden.fts [TYPE] LIGHT [OBJ] 2MASS_J20443743+1517352 [RA] 20 44 37.4803 [Dec] +15 17 34.7815 [FIL] GG495 [EXPTIME] 60.0 [Date] 2022-07-08T16:43:33 [Time] 16:43:33
13/191 2MASS_J20443743+1517352-20220708@164452-Eden.fts [TYPE] LIGHT [OBJ] 2MASS_J20443743+1517352 [RA] 20 44 37.4803 [Dec] +15 17 34.7815 [FIL] GG495 [EXPTIME] 60.0 [Date] 2022-07-08T16:44:52 [Time] 16:44:52
14/191 2MASS_J20443743+1517352-20220708@164609-Eden.fts [TYPE] LIGHT [OBJ] 2MASS_J20443743+1517352 [RA] 20 44 37.4803 [Dec] +15 17 34.7815 [FIL] GG495 [EXPTIME] 60.0 [Date] 2022-07-08T16:46:09 [Time] 16:46:09
15/191 2MASS_J20443743+1517352-20220708@164729-Eden.fts [TYPE] LIGHT [OBJ] 2MASS_J20443743+1517352 [RA] 20 44 37.4803 [Dec] +15 17 34.7815 [FIL] GG495 [EXPTIME] 60.0 [Date] 2022-07-08T16:47:29 [Time] 16:47:29
16/191 2MASS_J20443743+1517352-20220708@164846-Eden.fts [TYPE] LIGHT [OBJ] 2MASS_J20443743+1517352 [RA] 20 44 37.4803 [Dec] +15 17 34.7815 [FIL] GG495 [EXPTIME] 60.0 [Date] 2022-07-08T16:48:46 [Time] 16:48:46
17/191 2MASS_J20443743+1517352-20220708@165004-Eden.fts [TYPE] LIGHT [OBJ] 2MASS_J20443743+1517352 [RA] 20 44 37.4803 [Dec] +15 17 34.7815 [FIL] GG495 [EXPTIME] 60.0 [Date] 2022-07-08T16:50:04 [Time] 16:50:04
18/191 2MASS_J20443743+1517352-20220708@165121-Eden.fts [TYPE] LIGHT [OBJ] 2MASS_J20443743+1517352 [RA] 20 44 37.4803 [Dec] +15 17 34.7815 [FIL] GG495 [EXPTIME] 60.0 [Date] 2022-07-08T16:51:21 [Time] 16:51:21
19/191 2MASS_J20443743+1517352-20220708@165239-Eden.fts [TYPE] LIGHT [OBJ] 2MASS_J20443743+1517352 [RA] 20 44 37.4803 [Dec] +15 17 34.7815 [FIL] GG495 [EXPTIME] 60.0 [Date] 2022-07-08T16:52:39 [Time] 16:52:39
20/191 2MASS_J20443743+1517352-20220708@165356-Eden.fts [TYPE] LIGHT [OBJ] 2MASS_J20443743+1517352 [RA] 20 44 37.4803 [Dec] +15 17 34.7815 [FIL] GG495 [EXPTIME] 60.0 [Date] 2022-07-08T16:53:56 [Time] 16:53:56
21/191 2MASS_J20443743+1517352-20220708@165518-Eden.fts [TYPE] LIGHT [OBJ] 2MASS_J20443743+1517352 [RA] 20 44 37.4803 [Dec] +15 17 34.7815 [FIL] GG495 [EXPTIME] 60.0 [Date] 2022-07-08T16:55:18 [Time] 16:55:18
22/191 2MASS_J20443743+1517352-20220708@165635-Eden.fts [TYPE] LIGHT [OBJ] 2MASS_J20443743+1517352 [RA] 20 44 37.4803 [Dec] +15 17 34.7815 [FIL] GG495 [EXPTIME] 60.0 [Date] 2022-07-08T16:56:35 [Time] 16:56:35
23/191 2MASS_J20443743+1517352-20220708@165752-Eden.fts [TYPE] LIGHT [OBJ] 2MASS_J20443743+1517352 [RA] 20 44 37.4803 [Dec] +15 17 34.7815 [FIL] GG495 [EXPTIME] 60.0 [Date] 2022-07-08T16:57:52 [Time] 16:57:52
24/191 2MASS_J20443743+1517352-20220708@165910-Eden.fts [TYPE] LIGHT [OBJ] 2MASS_J20443743+1517352 [RA] 20 44 37.4803 [Dec] +15 17 34.7815 [FIL] GG495 [EXPTIME] 60.0 [Date] 2022-07-08T16:59:10 [Time] 16:59:10
25/191 2MASS_J20443743+1517352-20220708@170027-Eden.fts [TYPE] LIGHT [OBJ] 2MASS_J20443743+1517352 [RA] 20 44 37.4803 [Dec] +15 17 34.7815 [FIL] GG495 [EXPTIME] 60.0 [Date] 2022-07-08T17:00:27 [Time] 17:00:27
26/191 2MASS_J20443743+1517352-20220708@170145-Eden.fts [TYPE] LIGHT [OBJ] 2MASS_J20443743+1517352 [RA] 20 44 37.4803 [Dec] +15 17 34.7815 [FIL] GG495 [EXPTIME] 60.0 [Date] 2022-07-08T17:01:45 [Time] 17:01:45
27/191 2MASS_J20443743+1517352-20220708@170303-Eden.fts [TYPE] LIGHT [OBJ] 2MASS_J20443743+1517352 [RA] 20 44 37.4803 [Dec] +15 17 34.7815 [FIL] GG495 [EXPTIME] 60.0 [Date] 2022-07-08T17:03:03 [Time] 17:03:03
28/191 2MASS_J20443743+1517352-20220708@170419-Eden.fts [TYPE] LIGHT [OBJ] 2MASS_J20443743+1517352 [RA] 20 44 37.4803 [Dec] +15 17 34.7815 [FIL] GG495 [EXPTIME] 60.0 [Date] 2022-07-08T17:04:19 [Time] 17:04:19
29/191 2MASS_J20443743+1517352-20220708@170535-Eden.fts [TYPE] LIGHT [OBJ] 2MASS_J20443743+1517352 [RA] 20 44 37.4803 [Dec] +15 17 34.7815 [FIL] GG495 [EXPTIME] 60.0 [Date] 2022-07-08T17:05:35 [Time] 17:05:35
30/191 2MASS_J20443743+1517352-20220708@170652-Eden.fts [TYPE] LIGHT [OBJ] 2MASS_J20443743+1517352 [RA] 20 44 37.4803 [Dec] +15 17 34.7815 [FIL] GG495 [EXPTIME] 60.0 [Date] 2022-07-08T17:06:52 [Time] 17:06:52
31/191 2MASS_J20443743+1517352-20220708@170816-Eden.fts [TYPE] LIGHT [OBJ] 2MASS_J20443743+1517352 [RA] 20 44 37.4803 [Dec] +15 17 34.7815 [FIL] GG495 [EXPTIME] 60.0 [Date] 2022-07-08T17:08:16 [Time] 17:08:16
32/191 2MASS_J20443743+1517352-20220708@170933-Eden.fts [TYPE] LIGHT [OBJ] 2MASS_J20443743+1517352 [RA] 20 44 37.4803 [Dec] +15 17 34.7815 [FIL] GG495 [EXPTIME] 60.0 [Date] 2022-07-08T17:09:33 [Time] 17:09:33
33/191 2MASS_J20443743+1517352-20220708@171052-Eden.fts [TYPE] LIGHT [OBJ] 2MASS_J20443743+1517352 [RA] 20 44 37.4803 [Dec] +15 17 34.7815 [FIL] GG495 [EXPTIME] 60.0 [Date] 2022-07-08T17:10:52 [Time] 17:10:52
34/191 2MASS_J20443743+1517352-20220708@171208-Eden.fts [TYPE] LIGHT [OBJ] 2MASS_J20443743+1517352 [RA] 20 44 37.4803 [Dec] +15 17 34.7815 [FIL] GG495 [EXPTIME] 60.0 [Date] 2022-07-08T17:12:08 [Time] 17:12:08
35/191 2MASS_J20443743+1517352-20220708@171325-Eden.fts [TYPE] LIGHT [OBJ] 2MASS_J20443743+1517352 [RA] 20 44 37.4803 [Dec] +15 17 34.7815 [FIL] GG495 [EXPTIME] 60.0 [Date] 2022-07-08T17:13:25 [Time] 17:13:25
36/191 2MASS_J20443743+1517352-20220708@171442-Eden.fts [TYPE] LIGHT [OBJ] 2MASS_J20443743+1517352 [RA] 20 44 37.4803 [Dec] +15 17 34.7815 [FIL] GG495 [EXPTIME] 60.0 [Date] 2022-07-08T17:14:42 [Time] 17:14:42
37/191 2MASS_J20443743+1517352-20220708@171559-Eden.fts [TYPE] LIGHT [OBJ] 2MASS_J20443743+1517352 [RA] 20 44 37.4803 [Dec] +15 17 34.7815 [FIL] GG495 [EXPTIME] 60.0 [Date] 2022-07-08T17:15:59 [Time] 17:15:59
38/191 2MASS_J20443743+1517352-20220708@171716-Eden.fts [TYPE] LIGHT [OBJ] 2MASS_J20443743+1517352 [RA] 20 44 37.4803 [Dec] +15 17 34.7815 [FIL] GG495 [EXPTIME] 60.0 [Date] 2022-07-08T17:17:16 [Time] 17:17:16
39/191 2MASS_J20443743+1517352-20220708@171833-Eden.fts [TYPE] LIGHT [OBJ] 2MASS_J20443743+1517352 [RA] 20 44 37.4803 [Dec] +15 17 34.7815 [FIL] GG495 [EXPTIME] 60.0 [Date] 2022-07-08T17:18:33 [Time] 17:18:33
40/191 2MASS_J20443743+1517352-20220708@171951-Eden.fts [TYPE] LIGHT [OBJ] 2MASS_J20443743+1517352 [RA] 20 44 37.4803 [Dec] +15 17 34.7815 [FIL] GG495 [EXPTIME] 60.0 [Date] 2022-07-08T17:19:51 [Time] 17:19:51
41/191 2MASS_J20443743+1517352-20220708@172131-Eden.fts [TYPE] LIGHT [OBJ] 2MASS_J20443743+1517352 [RA] 20 44 37.4803 [Dec] +15 17 34.7815 [FIL] GG495 [EXPTIME] 60.0 [Date] 2022-07-08T17:21:31 [Time] 17:21:31
42/191 2MASS_J20443743+1517352-20220708@172248-Eden.fts [TYPE] LIGHT [OBJ] 2MASS_J20443743+1517352 [RA] 20 44 37.4803 [Dec] +15 17 34.7815 [FIL] GG495 [EXPTIME] 60.0 [Date] 2022-07-08T17:22:48 [Time] 17:22:48
43/191 2MASS_J20443743+1517352-20220708@172406-Eden.fts [TYPE] LIGHT [OBJ] 2MASS_J20443743+1517352 [RA] 20 44 37.4803 [Dec] +15 17 34.7815 [FIL] GG495 [EXPTIME] 60.0 [Date] 2022-07-08T17:24:06 [Time] 17:24:06
44/191 2MASS_J20443743+1517352-20220708@172523-Eden.fts [TYPE] LIGHT [OBJ] 2MASS_J20443743+1517352 [RA] 20 44 37.4803 [Dec] +15 17 34.7815 [FIL] GG495 [EXPTIME] 60.0 [Date] 2022-07-08T17:25:23 [Time] 17:25:23
45/191 2MASS_J20443743+1517352-20220708@172640-Eden.fts [TYPE] LIGHT [OBJ] 2MASS_J20443743+1517352 [RA] 20 44 37.4803 [Dec] +15 17 34.7815 [FIL] GG495 [EXPTIME] 60.0 [Date] 2022-07-08T17:26:40 [Time] 17:26:40
46/191 2MASS_J20443743+1517352-20220708@172759-Eden.fts [TYPE] LIGHT [OBJ] 2MASS_J20443743+1517352 [RA] 20 44 37.4803 [Dec] +15 17 34.7815 [FIL] GG495 [EXPTIME] 60.0 [Date] 2022-07-08T17:27:59 [Time] 17:27:59
47/191 2MASS_J20443743+1517352-20220708@172917-Eden.fts [TYPE] LIGHT [OBJ] 2MASS_J20443743+1517352 [RA] 20 44 37.4803 [Dec] +15 17 34.7815 [FIL] GG495 [EXPTIME] 60.0 [Date] 2022-07-08T17:29:17 [Time] 17:29:17
48/191 2MASS_J20443743+1517352-20220708@173035-Eden.fts [TYPE] LIGHT [OBJ] 2MASS_J20443743+1517352 [RA] 20 44 37.4803 [Dec] +15 17 34.7815 [FIL] GG495 [EXPTIME] 60.0 [Date] 2022-07-08T17:30:35 [Time] 17:30:35
49/191 2MASS_J20443743+1517352-20220708@173152-Eden.fts [TYPE] LIGHT [OBJ] 2MASS_J20443743+1517352 [RA] 20 44 37.4803 [Dec] +15 17 34.7815 [FIL] GG495 [EXPTIME] 60.0 [Date] 2022-07-08T17:31:52 [Time] 17:31:52
50/191 2MASS_J20443743+1517352-20220708@173309-Eden.fts [TYPE] LIGHT [OBJ] 2MASS_J20443743+1517352 [RA] 20 44 37.4803 [Dec] +15 17 34.7815 [FIL] GG495 [EXPTIME] 60.0 [Date] 2022-07-08T17:33:09 [Time] 17:33:09
51/191 2MASS_J20443743+1517352-20220708@173433-Eden.fts [TYPE] LIGHT [OBJ] 2MASS_J20443743+1517352 [RA] 20 44 37.4803 [Dec] +15 17 34.7815 [FIL] GG495 [EXPTIME] 60.0 [Date] 2022-07-08T17:34:33 [Time] 17:34:33
52/191 2MASS_J20443743+1517352-20220708@173549-Eden.fts [TYPE] LIGHT [OBJ] 2MASS_J20443743+1517352 [RA] 20 44 37.4803 [Dec] +15 17 34.7815 [FIL] GG495 [EXPTIME] 60.0 [Date] 2022-07-08T17:35:49 [Time] 17:35:49
53/191 2MASS_J20443743+1517352-20220708@173706-Eden.fts [TYPE] LIGHT [OBJ] 2MASS_J20443743+1517352 [RA] 20 44 37.4803 [Dec] +15 17 34.7815 [FIL] GG495 [EXPTIME] 60.0 [Date] 2022-07-08T17:37:06 [Time] 17:37:06
54/191 2MASS_J20443743+1517352-20220708@173823-Eden.fts [TYPE] LIGHT [OBJ] 2MASS_J20443743+1517352 [RA] 20 44 37.4803 [Dec] +15 17 34.7815 [FIL] GG495 [EXPTIME] 60.0 [Date] 2022-07-08T17:38:23 [Time] 17:38:23
55/191 2MASS_J20443743+1517352-20220708@173940-Eden.fts [TYPE] LIGHT [OBJ] 2MASS_J20443743+1517352 [RA] 20 44 37.4803 [Dec] +15 17 34.7815 [FIL] GG495 [EXPTIME] 60.0 [Date] 2022-07-08T17:39:40 [Time] 17:39:40
56/191 2MASS_J20443743+1517352-20220708@174057-Eden.fts [TYPE] LIGHT [OBJ] 2MASS_J20443743+1517352 [RA] 20 44 37.4803 [Dec] +15 17 34.7815 [FIL] GG495 [EXPTIME] 60.0 [Date] 2022-07-08T17:40:57 [Time] 17:40:57
57/191 2MASS_J20443743+1517352-20220708@174214-Eden.fts [TYPE] LIGHT [OBJ] 2MASS_J20443743+1517352 [RA] 20 44 37.4803 [Dec] +15 17 34.7815 [FIL] GG495 [EXPTIME] 60.0 [Date] 2022-07-08T17:42:14 [Time] 17:42:14
58/191 2MASS_J20443743+1517352-20220708@174330-Eden.fts [TYPE] LIGHT [OBJ] 2MASS_J20443743+1517352 [RA] 20 44 37.4803 [Dec] +15 17 34.7815 [FIL] GG495 [EXPTIME] 60.0 [Date] 2022-07-08T17:43:30 [Time] 17:43:30
59/191 2MASS_J20443743+1517352-20220708@174447-Eden.fts [TYPE] LIGHT [OBJ] 2MASS_J20443743+1517352 [RA] 20 44 37.4803 [Dec] +15 17 34.7815 [FIL] GG495 [EXPTIME] 60.0 [Date] 2022-07-08T17:44:47 [Time] 17:44:47
60/191 2MASS_J20443743+1517352-20220708@174604-Eden.fts [TYPE] LIGHT [OBJ] 2MASS_J20443743+1517352 [RA] 20 44 37.4803 [Dec] +15 17 34.7815 [FIL] GG495 [EXPTIME] 60.0 [Date] 2022-07-08T17:46:04 [Time] 17:46:04
61/191 2MASS_J20443743+1517352-20220708@174726-Eden.fts [TYPE] LIGHT [OBJ] 2MASS_J20443743+1517352 [RA] 20 44 37.4803 [Dec] +15 17 34.7815 [FIL] GG495 [EXPTIME] 60.0 [Date] 2022-07-08T17:47:26 [Time] 17:47:26
62/191 2MASS_J20443743+1517352-20220708@174842-Eden.fts [TYPE] LIGHT [OBJ] 2MASS_J20443743+1517352 [RA] 20 44 37.4803 [Dec] +15 17 34.7815 [FIL] GG495 [EXPTIME] 60.0 [Date] 2022-07-08T17:48:42 [Time] 17:48:42
63/191 2MASS_J20443743+1517352-20220708@174959-Eden.fts [TYPE] LIGHT [OBJ] 2MASS_J20443743+1517352 [RA] 20 44 37.4803 [Dec] +15 17 34.7815 [FIL] GG495 [EXPTIME] 60.0 [Date] 2022-07-08T17:49:59 [Time] 17:49:59
64/191 2MASS_J20443743+1517352-20220708@175115-Eden.fts [TYPE] LIGHT [OBJ] 2MASS_J20443743+1517352 [RA] 20 44 37.4803 [Dec] +15 17 34.7815 [FIL] GG495 [EXPTIME] 60.0 [Date] 2022-07-08T17:51:15 [Time] 17:51:15
65/191 2MASS_J20443743+1517352-20220708@175234-Eden.fts [TYPE] LIGHT [OBJ] 2MASS_J20443743+1517352 [RA] 20 44 37.4803 [Dec] +15 17 34.7815 [FIL] GG495 [EXPTIME] 60.0 [Date] 2022-07-08T17:52:34 [Time] 17:52:34
66/191 2MASS_J20443743+1517352-20220708@175351-Eden.fts [TYPE] LIGHT [OBJ] 2MASS_J20443743+1517352 [RA] 20 44 37.4803 [Dec] +15 17 34.7815 [FIL] GG495 [EXPTIME] 60.0 [Date] 2022-07-08T17:53:51 [Time] 17:53:51
67/191 2MASS_J20443743+1517352-20220708@175508-Eden.fts [TYPE] LIGHT [OBJ] 2MASS_J20443743+1517352 [RA] 20 44 37.4803 [Dec] +15 17 34.7815 [FIL] GG495 [EXPTIME] 60.0 [Date] 2022-07-08T17:55:08 [Time] 17:55:08
68/191 2MASS_J20443743+1517352-20220708@175626-Eden.fts [TYPE] LIGHT [OBJ] 2MASS_J20443743+1517352 [RA] 20 44 37.4803 [Dec] +15 17 34.7815 [FIL] GG495 [EXPTIME] 60.0 [Date] 2022-07-08T17:56:26 [Time] 17:56:26
69/191 2MASS_J20443743+1517352-20220708@175742-Eden.fts [TYPE] LIGHT [OBJ] 2MASS_J20443743+1517352 [RA] 20 44 37.4803 [Dec] +15 17 34.7815 [FIL] GG495 [EXPTIME] 60.0 [Date] 2022-07-08T17:57:42 [Time] 17:57:42
70/191 2MASS_J20443743+1517352-20220708@175900-Eden.fts [TYPE] LIGHT [OBJ] 2MASS_J20443743+1517352 [RA] 20 44 37.4803 [Dec] +15 17 34.7815 [FIL] GG495 [EXPTIME] 60.0 [Date] 2022-07-08T17:59:00 [Time] 17:59:00
71/191 2MASS_J20443743+1517352-20220708@180022-Eden.fts [TYPE] LIGHT [OBJ] 2MASS_J20443743+1517352 [RA] 20 44 37.4803 [Dec] +15 17 34.7815 [FIL] GG495 [EXPTIME] 60.0 [Date] 2022-07-08T18:00:22 [Time] 18:00:22
72/191 2MASS_J20443743+1517352-20220708@180139-Eden.fts [TYPE] LIGHT [OBJ] 2MASS_J20443743+1517352 [RA] 20 44 37.4803 [Dec] +15 17 34.7815 [FIL] GG495 [EXPTIME] 60.0 [Date] 2022-07-08T18:01:39 [Time] 18:01:39
73/191 2MASS_J20443743+1517352-20220708@180257-Eden.fts [TYPE] LIGHT [OBJ] 2MASS_J20443743+1517352 [RA] 20 44 37.4803 [Dec] +15 17 34.7815 [FIL] GG495 [EXPTIME] 60.0 [Date] 2022-07-08T18:02:57 [Time] 18:02:57
74/191 2MASS_J20443743+1517352-20220708@180414-Eden.fts [TYPE] LIGHT [OBJ] 2MASS_J20443743+1517352 [RA] 20 44 37.4803 [Dec] +15 17 34.7815 [FIL] GG495 [EXPTIME] 60.0 [Date] 2022-07-08T18:04:14 [Time] 18:04:14
75/191 2MASS_J20443743+1517352-20220708@180532-Eden.fts [TYPE] LIGHT [OBJ] 2MASS_J20443743+1517352 [RA] 20 44 37.4803 [Dec] +15 17 34.7815 [FIL] GG495 [EXPTIME] 60.0 [Date] 2022-07-08T18:05:32 [Time] 18:05:32
76/191 2MASS_J20443743+1517352-20220708@180651-Eden.fts [TYPE] LIGHT [OBJ] 2MASS_J20443743+1517352 [RA] 20 44 37.4803 [Dec] +15 17 34.7815 [FIL] GG495 [EXPTIME] 60.0 [Date] 2022-07-08T18:06:51 [Time] 18:06:51
77/191 2MASS_J20443743+1517352-20220708@180809-Eden.fts [TYPE] LIGHT [OBJ] 2MASS_J20443743+1517352 [RA] 20 44 37.4803 [Dec] +15 17 34.7815 [FIL] GG495 [EXPTIME] 60.0 [Date] 2022-07-08T18:08:09 [Time] 18:08:09
78/191 2MASS_J20443743+1517352-20220708@180926-Eden.fts [TYPE] LIGHT [OBJ] 2MASS_J20443743+1517352 [RA] 20 44 37.4803 [Dec] +15 17 34.7815 [FIL] GG495 [EXPTIME] 60.0 [Date] 2022-07-08T18:09:26 [Time] 18:09:26
79/191 2MASS_J20443743+1517352-20220708@181043-Eden.fts [TYPE] LIGHT [OBJ] 2MASS_J20443743+1517352 [RA] 20 44 37.4803 [Dec] +15 17 34.7815 [FIL] GG495 [EXPTIME] 60.0 [Date] 2022-07-08T18:10:43 [Time] 18:10:43
80/191 2MASS_J20443743+1517352-20220708@181200-Eden.fts [TYPE] LIGHT [OBJ] 2MASS_J20443743+1517352 [RA] 20 44 37.4803 [Dec] +15 17 34.7815 [FIL] GG495 [EXPTIME] 60.0 [Date] 2022-07-08T18:12:00 [Time] 18:12:00
81/191 2MASS_J20443743+1517352-20220708@181322-Eden.fts [TYPE] LIGHT [OBJ] 2MASS_J20443743+1517352 [RA] 20 44 37.4803 [Dec] +15 17 34.7815 [FIL] GG495 [EXPTIME] 60.0 [Date] 2022-07-08T18:13:22 [Time] 18:13:22
82/191 2MASS_J20443743+1517352-20220708@181439-Eden.fts [TYPE] LIGHT [OBJ] 2MASS_J20443743+1517352 [RA] 20 44 37.4803 [Dec] +15 17 34.7815 [FIL] GG495 [EXPTIME] 60.0 [Date] 2022-07-08T18:14:39 [Time] 18:14:39
83/191 2MASS_J20443743+1517352-20220708@181557-Eden.fts [TYPE] LIGHT [OBJ] 2MASS_J20443743+1517352 [RA] 20 44 37.4803 [Dec] +15 17 34.7815 [FIL] GG495 [EXPTIME] 60.0 [Date] 2022-07-08T18:15:57 [Time] 18:15:57
84/191 2MASS_J20443743+1517352-20220708@181715-Eden.fts [TYPE] LIGHT [OBJ] 2MASS_J20443743+1517352 [RA] 20 44 37.4803 [Dec] +15 17 34.7815 [FIL] GG495 [EXPTIME] 60.0 [Date] 2022-07-08T18:17:15 [Time] 18:17:15
85/191 2MASS_J20443743+1517352-20220708@181833-Eden.fts [TYPE] LIGHT [OBJ] 2MASS_J20443743+1517352 [RA] 20 44 37.4803 [Dec] +15 17 34.7815 [FIL] GG495 [EXPTIME] 60.0 [Date] 2022-07-08T18:18:33 [Time] 18:18:33
86/191 2MASS_J20443743+1517352-20220708@181951-Eden.fts [TYPE] LIGHT [OBJ] 2MASS_J20443743+1517352 [RA] 20 44 37.4803 [Dec] +15 17 34.7815 [FIL] GG495 [EXPTIME] 60.0 [Date] 2022-07-08T18:19:51 [Time] 18:19:51
87/191 2MASS_J20443743+1517352-20220708@182107-Eden.fts [TYPE] LIGHT [OBJ] 2MASS_J20443743+1517352 [RA] 20 44 37.4803 [Dec] +15 17 34.7815 [FIL] GG495 [EXPTIME] 60.0 [Date] 2022-07-08T18:21:07 [Time] 18:21:07
88/191 2MASS_J20443743+1517352-20220708@182223-Eden.fts [TYPE] LIGHT [OBJ] 2MASS_J20443743+1517352 [RA] 20 44 37.4803 [Dec] +15 17 34.7815 [FIL] GG495 [EXPTIME] 60.0 [Date] 2022-07-08T18:22:23 [Time] 18:22:23
89/191 2MASS_J20443743+1517352-20220708@182340-Eden.fts [TYPE] LIGHT [OBJ] 2MASS_J20443743+1517352 [RA] 20 44 37.4803 [Dec] +15 17 34.7815 [FIL] GG495 [EXPTIME] 60.0 [Date] 2022-07-08T18:23:40 [Time] 18:23:40
90/191 2MASS_J20443743+1517352-20220708@182456-Eden.fts [TYPE] LIGHT [OBJ] 2MASS_J20443743+1517352 [RA] 20 44 37.4803 [Dec] +15 17 34.7815 [FIL] GG495 [EXPTIME] 60.0 [Date] 2022-07-08T18:24:56 [Time] 18:24:56
91/191 2MASS_J20443743+1517352-20220708@182619-Eden.fts [TYPE] LIGHT [OBJ] 2MASS_J20443743+1517352 [RA] 20 44 37.4803 [Dec] +15 17 34.7815 [FIL] GG495 [EXPTIME] 60.0 [Date] 2022-07-08T18:26:19 [Time] 18:26:19
92/191 2MASS_J20443743+1517352-20220708@182736-Eden.fts [TYPE] LIGHT [OBJ] 2MASS_J20443743+1517352 [RA] 20 44 37.4803 [Dec] +15 17 34.7815 [FIL] GG495 [EXPTIME] 60.0 [Date] 2022-07-08T18:27:36 [Time] 18:27:36
93/191 2MASS_J20443743+1517352-20220708@182853-Eden.fts [TYPE] LIGHT [OBJ] 2MASS_J20443743+1517352 [RA] 20 44 37.4803 [Dec] +15 17 34.7815 [FIL] GG495 [EXPTIME] 60.0 [Date] 2022-07-08T18:28:53 [Time] 18:28:53
94/191 2MASS_J20443743+1517352-20220708@183012-Eden.fts [TYPE] LIGHT [OBJ] 2MASS_J20443743+1517352 [RA] 20 44 37.4803 [Dec] +15 17 34.7815 [FIL] GG495 [EXPTIME] 60.0 [Date] 2022-07-08T18:30:12 [Time] 18:30:12
95/191 2MASS_J20443743+1517352-20220708@183129-Eden.fts [TYPE] LIGHT [OBJ] 2MASS_J20443743+1517352 [RA] 20 44 37.4803 [Dec] +15 17 34.7815 [FIL] GG495 [EXPTIME] 60.0 [Date] 2022-07-08T18:31:29 [Time] 18:31:29
96/191 2MASS_J20443743+1517352-20220708@183247-Eden.fts [TYPE] LIGHT [OBJ] 2MASS_J20443743+1517352 [RA] 20 44 37.4803 [Dec] +15 17 34.7815 [FIL] GG495 [EXPTIME] 60.0 [Date] 2022-07-08T18:32:47 [Time] 18:32:47
97/191 2MASS_J20443743+1517352-20220708@183405-Eden.fts [TYPE] LIGHT [OBJ] 2MASS_J20443743+1517352 [RA] 20 44 37.4803 [Dec] +15 17 34.7815 [FIL] GG495 [EXPTIME] 60.0 [Date] 2022-07-08T18:34:05 [Time] 18:34:05
98/191 2MASS_J20443743+1517352-20220708@183522-Eden.fts [TYPE] LIGHT [OBJ] 2MASS_J20443743+1517352 [RA] 20 44 37.4803 [Dec] +15 17 34.7815 [FIL] GG495 [EXPTIME] 60.0 [Date] 2022-07-08T18:35:22 [Time] 18:35:22
99/191 2MASS_J20443743+1517352-20220708@183638-Eden.fts [TYPE] LIGHT [OBJ] 2MASS_J20443743+1517352 [RA] 20 44 37.4803 [Dec] +15 17 34.7815 [FIL] GG495 [EXPTIME] 60.0 [Date] 2022-07-08T18:36:38 [Time] 18:36:38
100/191 2MASS_J20443743+1517352-20220708@183756-Eden.fts [TYPE] LIGHT [OBJ] 2MASS_J20443743+1517352 [RA] 20 44 37.4803 [Dec] +15 17 34.7815 [FIL] GG495 [EXPTIME] 60.0 [Date] 2022-07-08T18:37:56 [Time] 18:37:56
101/191 2MASS_J20443743+1517352-20220708@183921-Eden.fts [TYPE] LIGHT [OBJ] 2MASS_J20443743+1517352 [RA] 20 44 37.4803 [Dec] +15 17 34.7815 [FIL] GG495 [EXPTIME] 60.0 [Date] 2022-07-08T18:39:21 [Time] 18:39:21
102/191 2MASS_J20443743+1517352-20220708@184038-Eden.fts [TYPE] LIGHT [OBJ] 2MASS_J20443743+1517352 [RA] 20 44 37.4803 [Dec] +15 17 34.7815 [FIL] GG495 [EXPTIME] 60.0 [Date] 2022-07-08T18:40:38 [Time] 18:40:38
103/191 2MASS_J20443743+1517352-20220708@184155-Eden.fts [TYPE] LIGHT [OBJ] 2MASS_J20443743+1517352 [RA] 20 44 37.4803 [Dec] +15 17 34.7815 [FIL] GG495 [EXPTIME] 60.0 [Date] 2022-07-08T18:41:55 [Time] 18:41:55
104/191 2MASS_J20443743+1517352-20220708@184312-Eden.fts [TYPE] LIGHT [OBJ] 2MASS_J20443743+1517352 [RA] 20 44 37.4803 [Dec] +15 17 34.7815 [FIL] GG495 [EXPTIME] 60.0 [Date] 2022-07-08T18:43:12 [Time] 18:43:12
105/191 2MASS_J20443743+1517352-20220708@184430-Eden.fts [TYPE] LIGHT [OBJ] 2MASS_J20443743+1517352 [RA] 20 44 37.4803 [Dec] +15 17 34.7815 [FIL] GG495 [EXPTIME] 60.0 [Date] 2022-07-08T18:44:30 [Time] 18:44:30
106/191 2MASS_J20443743+1517352-20220708@184546-Eden.fts [TYPE] LIGHT [OBJ] 2MASS_J20443743+1517352 [RA] 20 44 37.4803 [Dec] +15 17 34.7815 [FIL] GG495 [EXPTIME] 60.0 [Date] 2022-07-08T18:45:46 [Time] 18:45:46
107/191 2MASS_J20443743+1517352-20220708@184703-Eden.fts [TYPE] LIGHT [OBJ] 2MASS_J20443743+1517352 [RA] 20 44 37.4803 [Dec] +15 17 34.7815 [FIL] GG495 [EXPTIME] 60.0 [Date] 2022-07-08T18:47:03 [Time] 18:47:03
108/191 2MASS_J20443743+1517352-20220708@184819-Eden.fts [TYPE] LIGHT [OBJ] 2MASS_J20443743+1517352 [RA] 20 44 37.4803 [Dec] +15 17 34.7815 [FIL] GG495 [EXPTIME] 60.0 [Date] 2022-07-08T18:48:19 [Time] 18:48:19
109/191 2MASS_J20443743+1517352-20220708@184937-Eden.fts [TYPE] LIGHT [OBJ] 2MASS_J20443743+1517352 [RA] 20 44 37.4803 [Dec] +15 17 34.7815 [FIL] GG495 [EXPTIME] 60.0 [Date] 2022-07-08T18:49:37 [Time] 18:49:37
110/191 2MASS_J20443743+1517352-20220708@185054-Eden.fts [TYPE] LIGHT [OBJ] 2MASS_J20443743+1517352 [RA] 20 44 37.4803 [Dec] +15 17 34.7815 [FIL] GG495 [EXPTIME] 60.0 [Date] 2022-07-08T18:50:54 [Time] 18:50:54
111/191 2MASS_J20443743+1517352-20220708@185216-Eden.fts [TYPE] LIGHT [OBJ] 2MASS_J20443743+1517352 [RA] 20 44 37.4803 [Dec] +15 17 34.7815 [FIL] GG495 [EXPTIME] 60.0 [Date] 2022-07-08T18:52:16 [Time] 18:52:16
112/191 2MASS_J20443743+1517352-20220708@185332-Eden.fts [TYPE] LIGHT [OBJ] 2MASS_J20443743+1517352 [RA] 20 44 37.4803 [Dec] +15 17 34.7815 [FIL] GG495 [EXPTIME] 60.0 [Date] 2022-07-08T18:53:32 [Time] 18:53:32
113/191 2MASS_J20443743+1517352-20220708@185449-Eden.fts [TYPE] LIGHT [OBJ] 2MASS_J20443743+1517352 [RA] 20 44 37.4803 [Dec] +15 17 34.7815 [FIL] GG495 [EXPTIME] 60.0 [Date] 2022-07-08T18:54:49 [Time] 18:54:49
114/191 2MASS_J20443743+1517352-20220708@185608-Eden.fts [TYPE] LIGHT [OBJ] 2MASS_J20443743+1517352 [RA] 20 44 37.4803 [Dec] +15 17 34.7815 [FIL] GG495 [EXPTIME] 60.0 [Date] 2022-07-08T18:56:08 [Time] 18:56:08
115/191 2MASS_J20443743+1517352-20220708@185724-Eden.fts [TYPE] LIGHT [OBJ] 2MASS_J20443743+1517352 [RA] 20 44 37.4803 [Dec] +15 17 34.7815 [FIL] GG495 [EXPTIME] 60.0 [Date] 2022-07-08T18:57:24 [Time] 18:57:24
116/191 2MASS_J20443743+1517352-20220708@185842-Eden.fts [TYPE] LIGHT [OBJ] 2MASS_J20443743+1517352 [RA] 20 44 37.4803 [Dec] +15 17 34.7815 [FIL] GG495 [EXPTIME] 60.0 [Date] 2022-07-08T18:58:42 [Time] 18:58:42
117/191 2MASS_J20443743+1517352-20220708@190000-Eden.fts [TYPE] LIGHT [OBJ] 2MASS_J20443743+1517352 [RA] 20 44 37.4803 [Dec] +15 17 34.7815 [FIL] GG495 [EXPTIME] 60.0 [Date] 2022-07-08T19:00:00 [Time] 19:00:00
118/191 2MASS_J20443743+1517352-20220708@190117-Eden.fts [TYPE] LIGHT [OBJ] 2MASS_J20443743+1517352 [RA] 20 44 37.4803 [Dec] +15 17 34.7815 [FIL] GG495 [EXPTIME] 60.0 [Date] 2022-07-08T19:01:17 [Time] 19:01:17
119/191 2MASS_J20443743+1517352-20220708@190234-Eden.fts [TYPE] LIGHT [OBJ] 2MASS_J20443743+1517352 [RA] 20 44 37.4803 [Dec] +15 17 34.7815 [FIL] GG495 [EXPTIME] 60.0 [Date] 2022-07-08T19:02:34 [Time] 19:02:34
120/191 2MASS_J20443743+1517352-20220708@190350-Eden.fts [TYPE] LIGHT [OBJ] 2MASS_J20443743+1517352 [RA] 20 44 37.4803 [Dec] +15 17 34.7815 [FIL] GG495 [EXPTIME] 60.0 [Date] 2022-07-08T19:03:50 [Time] 19:03:50
121/191 2MASS_J20443743+1517352-20220708@190511-Eden.fts [TYPE] LIGHT [OBJ] 2MASS_J20443743+1517352 [RA] 20 44 37.4803 [Dec] +15 17 34.7815 [FIL] GG495 [EXPTIME] 60.0 [Date] 2022-07-08T19:05:11 [Time] 19:05:11
122/191 2MASS_J20443743+1517352-20220708@190628-Eden.fts [TYPE] LIGHT [OBJ] 2MASS_J20443743+1517352 [RA] 20 44 37.4803 [Dec] +15 17 34.7815 [FIL] GG495 [EXPTIME] 60.0 [Date] 2022-07-08T19:06:28 [Time] 19:06:28
123/191 2MASS_J20443743+1517352-20220708@190746-Eden.fts [TYPE] LIGHT [OBJ] 2MASS_J20443743+1517352 [RA] 20 44 37.4803 [Dec] +15 17 34.7815 [FIL] GG495 [EXPTIME] 60.0 [Date] 2022-07-08T19:07:46 [Time] 19:07:46
124/191 2MASS_J20443743+1517352-20220708@190903-Eden.fts [TYPE] LIGHT [OBJ] 2MASS_J20443743+1517352 [RA] 20 44 37.4803 [Dec] +15 17 34.7815 [FIL] GG495 [EXPTIME] 60.0 [Date] 2022-07-08T19:09:03 [Time] 19:09:03
125/191 2MASS_J20443743+1517352-20220708@191022-Eden.fts [TYPE] LIGHT [OBJ] 2MASS_J20443743+1517352 [RA] 20 44 37.4803 [Dec] +15 17 34.7815 [FIL] GG495 [EXPTIME] 60.0 [Date] 2022-07-08T19:10:22 [Time] 19:10:22
126/191 2MASS_J20443743+1517352-20220708@191139-Eden.fts [TYPE] LIGHT [OBJ] 2MASS_J20443743+1517352 [RA] 20 44 37.4803 [Dec] +15 17 34.7815 [FIL] GG495 [EXPTIME] 60.0 [Date] 2022-07-08T19:11:39 [Time] 19:11:39
127/191 2MASS_J20443743+1517352-20220708@191257-Eden.fts [TYPE] LIGHT [OBJ] 2MASS_J20443743+1517352 [RA] 20 44 37.4803 [Dec] +15 17 34.7815 [FIL] GG495 [EXPTIME] 60.0 [Date] 2022-07-08T19:12:57 [Time] 19:12:57
128/191 2MASS_J20443743+1517352-20220708@191414-Eden.fts [TYPE] LIGHT [OBJ] 2MASS_J20443743+1517352 [RA] 20 44 37.4803 [Dec] +15 17 34.7815 [FIL] GG495 [EXPTIME] 60.0 [Date] 2022-07-08T19:14:14 [Time] 19:14:14
129/191 2MASS_J20443743+1517352-20220708@191532-Eden.fts [TYPE] LIGHT [OBJ] 2MASS_J20443743+1517352 [RA] 20 44 37.4803 [Dec] +15 17 34.7815 [FIL] GG495 [EXPTIME] 60.0 [Date] 2022-07-08T19:15:32 [Time] 19:15:32
130/191 2MASS_J20443743+1517352-20220708@191649-Eden.fts [TYPE] LIGHT [OBJ] 2MASS_J20443743+1517352 [RA] 20 44 37.4803 [Dec] +15 17 34.7815 [FIL] GG495 [EXPTIME] 60.0 [Date] 2022-07-08T19:16:49 [Time] 19:16:49
131/191 2MASS_J20443743+1517352-20220708@191810-Eden.fts [TYPE] LIGHT [OBJ] 2MASS_J20443743+1517352 [RA] 20 44 37.4803 [Dec] +15 17 34.7815 [FIL] GG495 [EXPTIME] 60.0 [Date] 2022-07-08T19:18:10 [Time] 19:18:10
132/191 2MASS_J20443743+1517352-20220708@191927-Eden.fts [TYPE] LIGHT [OBJ] 2MASS_J20443743+1517352 [RA] 20 44 37.4803 [Dec] +15 17 34.7815 [FIL] GG495 [EXPTIME] 60.0 [Date] 2022-07-08T19:19:27 [Time] 19:19:27
133/191 2MASS_J20443743+1517352-20220708@192045-Eden.fts [TYPE] LIGHT [OBJ] 2MASS_J20443743+1517352 [RA] 20 44 37.4803 [Dec] +15 17 34.7815 [FIL] GG495 [EXPTIME] 60.0 [Date] 2022-07-08T19:20:45 [Time] 19:20:45
134/191 2MASS_J20443743+1517352-20220708@192202-Eden.fts [TYPE] LIGHT [OBJ] 2MASS_J20443743+1517352 [RA] 20 44 37.4803 [Dec] +15 17 34.7815 [FIL] GG495 [EXPTIME] 60.0 [Date] 2022-07-08T19:22:02 [Time] 19:22:02
135/191 2MASS_J20443743+1517352-20220708@192318-Eden.fts [TYPE] LIGHT [OBJ] 2MASS_J20443743+1517352 [RA] 20 44 37.4803 [Dec] +15 17 34.7815 [FIL] GG495 [EXPTIME] 60.0 [Date] 2022-07-08T19:23:18 [Time] 19:23:18
136/191 2MASS_J20443743+1517352-20220708@192436-Eden.fts [TYPE] LIGHT [OBJ] 2MASS_J20443743+1517352 [RA] 20 44 37.4803 [Dec] +15 17 34.7815 [FIL] GG495 [EXPTIME] 60.0 [Date] 2022-07-08T19:24:36 [Time] 19:24:36
137/191 2MASS_J20443743+1517352-20220708@192554-Eden.fts [TYPE] LIGHT [OBJ] 2MASS_J20443743+1517352 [RA] 20 44 37.4803 [Dec] +15 17 34.7815 [FIL] GG495 [EXPTIME] 60.0 [Date] 2022-07-08T19:25:54 [Time] 19:25:54
138/191 2MASS_J20443743+1517352-20220708@192712-Eden.fts [TYPE] LIGHT [OBJ] 2MASS_J20443743+1517352 [RA] 20 44 37.4803 [Dec] +15 17 34.7815 [FIL] GG495 [EXPTIME] 60.0 [Date] 2022-07-08T19:27:12 [Time] 19:27:12
139/191 2MASS_J20443743+1517352-20220708@192829-Eden.fts [TYPE] LIGHT [OBJ] 2MASS_J20443743+1517352 [RA] 20 44 37.4803 [Dec] +15 17 34.7815 [FIL] GG495 [EXPTIME] 60.0 [Date] 2022-07-08T19:28:29 [Time] 19:28:29
140/191 2MASS_J20443743+1517352-20220708@192946-Eden.fts [TYPE] LIGHT [OBJ] 2MASS_J20443743+1517352 [RA] 20 44 37.4803 [Dec] +15 17 34.7815 [FIL] GG495 [EXPTIME] 60.0 [Date] 2022-07-08T19:29:46 [Time] 19:29:46
141/191 2MASS_J20443743+1517352-20220708@193109-Eden.fts [TYPE] LIGHT [OBJ] 2MASS_J20443743+1517352 [RA] 20 44 37.4803 [Dec] +15 17 34.7815 [FIL] GG495 [EXPTIME] 60.0 [Date] 2022-07-08T19:31:09 [Time] 19:31:09
142/191 2MASS_J20443743+1517352-20220708@193227-Eden.fts [TYPE] LIGHT [OBJ] 2MASS_J20443743+1517352 [RA] 20 44 37.4803 [Dec] +15 17 34.7815 [FIL] GG495 [EXPTIME] 60.0 [Date] 2022-07-08T19:32:27 [Time] 19:32:27
143/191 2MASS_J20443743+1517352-20220708@193345-Eden.fts [TYPE] LIGHT [OBJ] 2MASS_J20443743+1517352 [RA] 20 44 37.4803 [Dec] +15 17 34.7815 [FIL] GG495 [EXPTIME] 60.0 [Date] 2022-07-08T19:33:45 [Time] 19:33:45
144/191 2MASS_J20443743+1517352-20220708@193501-Eden.fts [TYPE] LIGHT [OBJ] 2MASS_J20443743+1517352 [RA] 20 44 37.4803 [Dec] +15 17 34.7815 [FIL] GG495 [EXPTIME] 60.0 [Date] 2022-07-08T19:35:01 [Time] 19:35:01
145/191 2MASS_J20443743+1517352-20220708@193618-Eden.fts [TYPE] LIGHT [OBJ] 2MASS_J20443743+1517352 [RA] 20 44 37.4803 [Dec] +15 17 34.7815 [FIL] GG495 [EXPTIME] 60.0 [Date] 2022-07-08T19:36:18 [Time] 19:36:18
146/191 2MASS_J20443743+1517352-20220708@193735-Eden.fts [TYPE] LIGHT [OBJ] 2MASS_J20443743+1517352 [RA] 20 44 37.4803 [Dec] +15 17 34.7815 [FIL] GG495 [EXPTIME] 60.0 [Date] 2022-07-08T19:37:35 [Time] 19:37:35
147/191 2MASS_J20443743+1517352-20220708@193852-Eden.fts [TYPE] LIGHT [OBJ] 2MASS_J20443743+1517352 [RA] 20 44 37.4803 [Dec] +15 17 34.7815 [FIL] GG495 [EXPTIME] 60.0 [Date] 2022-07-08T19:38:52 [Time] 19:38:52
148/191 2MASS_J20443743+1517352-20220708@194010-Eden.fts [TYPE] LIGHT [OBJ] 2MASS_J20443743+1517352 [RA] 20 44 37.4803 [Dec] +15 17 34.7815 [FIL] GG495 [EXPTIME] 60.0 [Date] 2022-07-08T19:40:10 [Time] 19:40:10
149/191 2MASS_J20443743+1517352-20220708@194126-Eden.fts [TYPE] LIGHT [OBJ] 2MASS_J20443743+1517352 [RA] 20 44 37.4803 [Dec] +15 17 34.7815 [FIL] GG495 [EXPTIME] 60.0 [Date] 2022-07-08T19:41:26 [Time] 19:41:26
150/191 2MASS_J20443743+1517352-20220708@194243-Eden.fts [TYPE] LIGHT [OBJ] 2MASS_J20443743+1517352 [RA] 20 44 37.4803 [Dec] +15 17 34.7815 [FIL] GG495 [EXPTIME] 60.0 [Date] 2022-07-08T19:42:43 [Time] 19:42:43
151/191 2MASS_J20443743+1517352-20220708@194406-Eden.fts [TYPE] LIGHT [OBJ] 2MASS_J20443743+1517352 [RA] 20 44 37.4803 [Dec] +15 17 34.7815 [FIL] GG495 [EXPTIME] 60.0 [Date] 2022-07-08T19:44:06 [Time] 19:44:06
152/191 2MASS_J20443743+1517352-20220708@194524-Eden.fts [TYPE] LIGHT [OBJ] 2MASS_J20443743+1517352 [RA] 20 44 37.4803 [Dec] +15 17 34.7815 [FIL] GG495 [EXPTIME] 60.0 [Date] 2022-07-08T19:45:24 [Time] 19:45:24
153/191 2MASS_J20443743+1517352-20220708@194640-Eden.fts [TYPE] LIGHT [OBJ] 2MASS_J20443743+1517352 [RA] 20 44 37.4803 [Dec] +15 17 34.7815 [FIL] GG495 [EXPTIME] 60.0 [Date] 2022-07-08T19:46:40 [Time] 19:46:40
154/191 2MASS_J20443743+1517352-20220708@194758-Eden.fts [TYPE] LIGHT [OBJ] 2MASS_J20443743+1517352 [RA] 20 44 37.4803 [Dec] +15 17 34.7815 [FIL] GG495 [EXPTIME] 60.0 [Date] 2022-07-08T19:47:58 [Time] 19:47:58
155/191 2MASS_J20443743+1517352-20220708@194916-Eden.fts [TYPE] LIGHT [OBJ] 2MASS_J20443743+1517352 [RA] 20 44 37.4803 [Dec] +15 17 34.7815 [FIL] GG495 [EXPTIME] 60.0 [Date] 2022-07-08T19:49:16 [Time] 19:49:16
156/191 2MASS_J20443743+1517352-20220708@195032-Eden.fts [TYPE] LIGHT [OBJ] 2MASS_J20443743+1517352 [RA] 20 44 37.4803 [Dec] +15 17 34.7815 [FIL] GG495 [EXPTIME] 60.0 [Date] 2022-07-08T19:50:32 [Time] 19:50:32
157/191 2MASS_J20443743+1517352-20220708@195149-Eden.fts [TYPE] LIGHT [OBJ] 2MASS_J20443743+1517352 [RA] 20 44 37.4803 [Dec] +15 17 34.7815 [FIL] GG495 [EXPTIME] 60.0 [Date] 2022-07-08T19:51:49 [Time] 19:51:49
158/191 2MASS_J20443743+1517352-20220708@195306-Eden.fts [TYPE] LIGHT [OBJ] 2MASS_J20443743+1517352 [RA] 20 44 37.4803 [Dec] +15 17 34.7815 [FIL] GG495 [EXPTIME] 60.0 [Date] 2022-07-08T19:53:06 [Time] 19:53:06
159/191 2MASS_J20443743+1517352-20220708@195423-Eden.fts [TYPE] LIGHT [OBJ] 2MASS_J20443743+1517352 [RA] 20 44 37.4803 [Dec] +15 17 34.7815 [FIL] GG495 [EXPTIME] 60.0 [Date] 2022-07-08T19:54:23 [Time] 19:54:23
160/191 2MASS_J20443743+1517352-20220708@195541-Eden.fts [TYPE] LIGHT [OBJ] 2MASS_J20443743+1517352 [RA] 20 44 37.4803 [Dec] +15 17 34.7815 [FIL] GG495 [EXPTIME] 60.0 [Date] 2022-07-08T19:55:41 [Time] 19:55:41
161/191 2MASS_J20443743+1517352-20220708@195705-Eden.fts [TYPE] LIGHT [OBJ] 2MASS_J20443743+1517352 [RA] 20 44 37.4803 [Dec] +15 17 34.7815 [FIL] GG495 [EXPTIME] 60.0 [Date] 2022-07-08T19:57:05 [Time] 19:57:05
162/191 2MASS_J20443743+1517352-20220708@195821-Eden.fts [TYPE] LIGHT [OBJ] 2MASS_J20443743+1517352 [RA] 20 44 37.4803 [Dec] +15 17 34.7815 [FIL] GG495 [EXPTIME] 60.0 [Date] 2022-07-08T19:58:21 [Time] 19:58:21
163/191 2MASS_J20443743+1517352-20220708@195938-Eden.fts [TYPE] LIGHT [OBJ] 2MASS_J20443743+1517352 [RA] 20 44 37.4803 [Dec] +15 17 34.7815 [FIL] GG495 [EXPTIME] 60.0 [Date] 2022-07-08T19:59:38 [Time] 19:59:38
164/191 2MASS_J20443743+1517352-20220708@200054-Eden.fts [TYPE] LIGHT [OBJ] 2MASS_J20443743+1517352 [RA] 20 44 37.4803 [Dec] +15 17 34.7815 [FIL] GG495 [EXPTIME] 60.0 [Date] 2022-07-08T20:00:54 [Time] 20:00:54
165/191 2MASS_J20443743+1517352-20220708@200212-Eden.fts [TYPE] LIGHT [OBJ] 2MASS_J20443743+1517352 [RA] 20 44 37.4803 [Dec] +15 17 34.7815 [FIL] GG495 [EXPTIME] 60.0 [Date] 2022-07-08T20:02:12 [Time] 20:02:12
166/191 2MASS_J20443743+1517352-20220708@200329-Eden.fts [TYPE] LIGHT [OBJ] 2MASS_J20443743+1517352 [RA] 20 44 37.4803 [Dec] +15 17 34.7815 [FIL] GG495 [EXPTIME] 60.0 [Date] 2022-07-08T20:03:29 [Time] 20:03:29
167/191 2MASS_J20443743+1517352-20220708@200446-Eden.fts [TYPE] LIGHT [OBJ] 2MASS_J20443743+1517352 [RA] 20 44 37.4803 [Dec] +15 17 34.7815 [FIL] GG495 [EXPTIME] 60.0 [Date] 2022-07-08T20:04:46 [Time] 20:04:46
168/191 2MASS_J20443743+1517352-20220708@200603-Eden.fts [TYPE] LIGHT [OBJ] 2MASS_J20443743+1517352 [RA] 20 44 37.4803 [Dec] +15 17 34.7815 [FIL] GG495 [EXPTIME] 60.0 [Date] 2022-07-08T20:06:03 [Time] 20:06:03
169/191 2MASS_J20443743+1517352-20220708@200719-Eden.fts [TYPE] LIGHT [OBJ] 2MASS_J20443743+1517352 [RA] 20 44 37.4803 [Dec] +15 17 34.7815 [FIL] GG495 [EXPTIME] 60.0 [Date] 2022-07-08T20:07:19 [Time] 20:07:19
170/191 2MASS_J20443743+1517352-20220708@200837-Eden.fts [TYPE] LIGHT [OBJ] 2MASS_J20443743+1517352 [RA] 20 44 37.4803 [Dec] +15 17 34.7815 [FIL] GG495 [EXPTIME] 60.0 [Date] 2022-07-08T20:08:37 [Time] 20:08:37
171/191 2MASS_J20443743+1517352-20220708@201000-Eden.fts [TYPE] LIGHT [OBJ] 2MASS_J20443743+1517352 [RA] 20 44 37.4803 [Dec] +15 17 34.7815 [FIL] GG495 [EXPTIME] 60.0 [Date] 2022-07-08T20:10:00 [Time] 20:10:00
172/191 2MASS_J20443743+1517352-20220708@201117-Eden.fts [TYPE] LIGHT [OBJ] 2MASS_J20443743+1517352 [RA] 20 44 37.4803 [Dec] +15 17 34.7815 [FIL] GG495 [EXPTIME] 60.0 [Date] 2022-07-08T20:11:17 [Time] 20:11:17
173/191 2MASS_J20443743+1517352-20220708@201234-Eden.fts [TYPE] LIGHT [OBJ] 2MASS_J20443743+1517352 [RA] 20 44 37.4803 [Dec] +15 17 34.7815 [FIL] GG495 [EXPTIME] 60.0 [Date] 2022-07-08T20:12:34 [Time] 20:12:34
174/191 2MASS_J20443743+1517352-20220708@201352-Eden.fts [TYPE] LIGHT [OBJ] 2MASS_J20443743+1517352 [RA] 20 44 37.4803 [Dec] +15 17 34.7815 [FIL] GG495 [EXPTIME] 60.0 [Date] 2022-07-08T20:13:52 [Time] 20:13:52
175/191 2MASS_J20443743+1517352-20220708@201508-Eden.fts [TYPE] LIGHT [OBJ] 2MASS_J20443743+1517352 [RA] 20 44 37.4803 [Dec] +15 17 34.7815 [FIL] GG495 [EXPTIME] 60.0 [Date] 2022-07-08T20:15:08 [Time] 20:15:08
176/191 2MASS_J20443743+1517352-20220708@201625-Eden.fts [TYPE] LIGHT [OBJ] 2MASS_J20443743+1517352 [RA] 20 44 37.4803 [Dec] +15 17 34.7815 [FIL] GG495 [EXPTIME] 60.0 [Date] 2022-07-08T20:16:25 [Time] 20:16:25
177/191 2MASS_J20443743+1517352-20220708@201741-Eden.fts [TYPE] LIGHT [OBJ] 2MASS_J20443743+1517352 [RA] 20 44 37.4803 [Dec] +15 17 34.7815 [FIL] GG495 [EXPTIME] 60.0 [Date] 2022-07-08T20:17:41 [Time] 20:17:41
178/191 2MASS_J20443743+1517352-20220708@201859-Eden.fts [TYPE] LIGHT [OBJ] 2MASS_J20443743+1517352 [RA] 20 44 37.4803 [Dec] +15 17 34.7815 [FIL] GG495 [EXPTIME] 60.0 [Date] 2022-07-08T20:18:59 [Time] 20:18:59
179/191 2MASS_J20443743+1517352-20220708@202015-Eden.fts [TYPE] LIGHT [OBJ] 2MASS_J20443743+1517352 [RA] 20 44 37.4803 [Dec] +15 17 34.7815 [FIL] GG495 [EXPTIME] 60.0 [Date] 2022-07-08T20:20:15 [Time] 20:20:15
180/191 2MASS_J20443743+1517352-20220708@202132-Eden.fts [TYPE] LIGHT [OBJ] 2MASS_J20443743+1517352 [RA] 20 44 37.4803 [Dec] +15 17 34.7815 [FIL] GG495 [EXPTIME] 60.0 [Date] 2022-07-08T20:21:32 [Time] 20:21:32
181/191 2MASS_J20443743+1517352-20220708@202256-Eden.fts [TYPE] LIGHT [OBJ] 2MASS_J20443743+1517352 [RA] 20 44 37.4803 [Dec] +15 17 34.7815 [FIL] GG495 [EXPTIME] 60.0 [Date] 2022-07-08T20:22:56 [Time] 20:22:56
182/191 2MASS_J20443743+1517352-20220708@202412-Eden.fts [TYPE] LIGHT [OBJ] 2MASS_J20443743+1517352 [RA] 20 44 37.4803 [Dec] +15 17 34.7815 [FIL] GG495 [EXPTIME] 60.0 [Date] 2022-07-08T20:24:12 [Time] 20:24:12
183/191 2MASS_J20443743+1517352-20220708@202529-Eden.fts [TYPE] LIGHT [OBJ] 2MASS_J20443743+1517352 [RA] 20 44 37.4803 [Dec] +15 17 34.7815 [FIL] GG495 [EXPTIME] 60.0 [Date] 2022-07-08T20:25:29 [Time] 20:25:29
184/191 2MASS_J20443743+1517352-20220708@202646-Eden.fts [TYPE] LIGHT [OBJ] 2MASS_J20443743+1517352 [RA] 20 44 37.4803 [Dec] +15 17 34.7815 [FIL] GG495 [EXPTIME] 60.0 [Date] 2022-07-08T20:26:46 [Time] 20:26:46
185/191 2MASS_J20443743+1517352-20220708@202804-Eden.fts [TYPE] LIGHT [OBJ] 2MASS_J20443743+1517352 [RA] 20 44 37.4803 [Dec] +15 17 34.7815 [FIL] GG495 [EXPTIME] 60.0 [Date] 2022-07-08T20:28:04 [Time] 20:28:04
186/191 2MASS_J20443743+1517352-20220708@202921-Eden.fts [TYPE] LIGHT [OBJ] 2MASS_J20443743+1517352 [RA] 20 44 37.4803 [Dec] +15 17 34.7815 [FIL] GG495 [EXPTIME] 60.0 [Date] 2022-07-08T20:29:21 [Time] 20:29:21
187/191 2MASS_J20443743+1517352-20220708@203039-Eden.fts [TYPE] LIGHT [OBJ] 2MASS_J20443743+1517352 [RA] 20 44 37.4803 [Dec] +15 17 34.7815 [FIL] GG495 [EXPTIME] 60.0 [Date] 2022-07-08T20:30:39 [Time] 20:30:39
188/191 2MASS_J20443743+1517352-20220708@203156-Eden.fts [TYPE] LIGHT [OBJ] 2MASS_J20443743+1517352 [RA] 20 44 37.4803 [Dec] +15 17 34.7815 [FIL] GG495 [EXPTIME] 60.0 [Date] 2022-07-08T20:31:56 [Time] 20:31:56
189/191 2MASS_J20443743+1517352-20220708@203312-Eden.fts [TYPE] LIGHT [OBJ] 2MASS_J20443743+1517352 [RA] 20 44 37.4803 [Dec] +15 17 34.7815 [FIL] GG495 [EXPTIME] 60.0 [Date] 2022-07-08T20:33:12 [Time] 20:33:12
190/191 2MASS_J20443743+1517352-20220708@203429-Eden.fts [TYPE] LIGHT [OBJ] 2MASS_J20443743+1517352 [RA] 20 44 37.4803 [Dec] +15 17 34.7815 [FIL] GG495 [EXPTIME] 60.0 [Date] 2022-07-08T20:34:29 [Time] 20:34:29
191/191 2MASS_J20443743+1517352-20220708@203552-Eden.fts [TYPE] LIGHT [OBJ] 2MASS_J20443743+1517352 [RA] 20 44 37.4803 [Dec] +15 17 34.7815 [FIL] GG495 [EXPTIME] 60.0 [Date] 2022-07-08T20:35:52 [Time] 20:35:52
... write log file to LOT20220708_2MASS_J20443743+1517352_mod.log ...
... finish ...
