Bucket successfully loaded! eden-data
170 files found
Storing data to the S3 archive!
Doing a dry run - uploads will not be committed.
Verbose output enabled.
Storing /home/altsai/eden/LOT20211222_2MASS_J08533619-0329321_mod/2MASS_J08533619-0329321-20211222@160929-Eden.fts -> s3://eden-data/RAW/LOT/2MASS_J08533619-0329321/2021-12-22/2MASS_J08533619-0329321-20211222@160929-Eden.fits (1/170) (dry run)
Storing /home/altsai/eden/LOT20211222_2MASS_J08533619-0329321_mod/2MASS_J08533619-0329321-20211222@161139-Eden.fts -> s3://eden-data/RAW/LOT/2MASS_J08533619-0329321/2021-12-22/2MASS_J08533619-0329321-20211222@161139-Eden.fits (2/170) (dry run)
Storing /home/altsai/eden/LOT20211222_2MASS_J08533619-0329321_mod/2MASS_J08533619-0329321-20211222@161256-Eden.fts -> s3://eden-data/RAW/LOT/2MASS_J08533619-0329321/2021-12-22/2MASS_J08533619-0329321-20211222@161256-Eden.fits (3/170) (dry run)
Storing /home/altsai/eden/LOT20211222_2MASS_J08533619-0329321_mod/2MASS_J08533619-0329321-20211222@161413-Eden.fts -> s3://eden-data/RAW/LOT/2MASS_J08533619-0329321/2021-12-22/2MASS_J08533619-0329321-20211222@161413-Eden.fits (4/170) (dry run)
Storing /home/altsai/eden/LOT20211222_2MASS_J08533619-0329321_mod/2MASS_J08533619-0329321-20211222@161529-Eden.fts -> s3://eden-data/RAW/LOT/2MASS_J08533619-0329321/2021-12-22/2MASS_J08533619-0329321-20211222@161529-Eden.fits (5/170) (dry run)
Storing /home/altsai/eden/LOT20211222_2MASS_J08533619-0329321_mod/2MASS_J08533619-0329321-20211222@161644-Eden.fts -> s3://eden-data/RAW/LOT/2MASS_J08533619-0329321/2021-12-22/2MASS_J08533619-0329321-20211222@161644-Eden.fits (6/170) (dry run)
Storing /home/altsai/eden/LOT20211222_2MASS_J08533619-0329321_mod/2MASS_J08533619-0329321-20211222@161801-Eden.fts -> s3://eden-data/RAW/LOT/2MASS_J08533619-0329321/2021-12-22/2MASS_J08533619-0329321-20211222@161801-Eden.fits (7/170) (dry run)
Storing /home/altsai/eden/LOT20211222_2MASS_J08533619-0329321_mod/2MASS_J08533619-0329321-20211222@161916-Eden.fts -> s3://eden-data/RAW/LOT/2MASS_J08533619-0329321/2021-12-22/2MASS_J08533619-0329321-20211222@161916-Eden.fits (8/170) (dry run)
Storing /home/altsai/eden/LOT20211222_2MASS_J08533619-0329321_mod/2MASS_J08533619-0329321-20211222@162032-Eden.fts -> s3://eden-data/RAW/LOT/2MASS_J08533619-0329321/2021-12-22/2MASS_J08533619-0329321-20211222@162032-Eden.fits (9/170) (dry run)
Storing /home/altsai/eden/LOT20211222_2MASS_J08533619-0329321_mod/2MASS_J08533619-0329321-20211222@162147-Eden.fts -> s3://eden-data/RAW/LOT/2MASS_J08533619-0329321/2021-12-22/2MASS_J08533619-0329321-20211222@162147-Eden.fits (10/170) (dry run)
Storing /home/altsai/eden/LOT20211222_2MASS_J08533619-0329321_mod/2MASS_J08533619-0329321-20211222@162303-Eden.fts -> s3://eden-data/RAW/LOT/2MASS_J08533619-0329321/2021-12-22/2MASS_J08533619-0329321-20211222@162303-Eden.fits (11/170) (dry run)
Storing /home/altsai/eden/LOT20211222_2MASS_J08533619-0329321_mod/2MASS_J08533619-0329321-20211222@162418-Eden.fts -> s3://eden-data/RAW/LOT/2MASS_J08533619-0329321/2021-12-22/2MASS_J08533619-0329321-20211222@162418-Eden.fits (12/170) (dry run)
Storing /home/altsai/eden/LOT20211222_2MASS_J08533619-0329321_mod/2MASS_J08533619-0329321-20211222@162534-Eden.fts -> s3://eden-data/RAW/LOT/2MASS_J08533619-0329321/2021-12-22/2MASS_J08533619-0329321-20211222@162534-Eden.fits (13/170) (dry run)
Storing /home/altsai/eden/LOT20211222_2MASS_J08533619-0329321_mod/2MASS_J08533619-0329321-20211222@162649-Eden.fts -> s3://eden-data/RAW/LOT/2MASS_J08533619-0329321/2021-12-22/2MASS_J08533619-0329321-20211222@162649-Eden.fits (14/170) (dry run)
Storing /home/altsai/eden/LOT20211222_2MASS_J08533619-0329321_mod/2MASS_J08533619-0329321-20211222@162805-Eden.fts -> s3://eden-data/RAW/LOT/2MASS_J08533619-0329321/2021-12-22/2MASS_J08533619-0329321-20211222@162805-Eden.fits (15/170) (dry run)
Storing /home/altsai/eden/LOT20211222_2MASS_J08533619-0329321_mod/2MASS_J08533619-0329321-20211222@162921-Eden.fts -> s3://eden-data/RAW/LOT/2MASS_J08533619-0329321/2021-12-22/2MASS_J08533619-0329321-20211222@162921-Eden.fits (16/170) (dry run)
Storing /home/altsai/eden/LOT20211222_2MASS_J08533619-0329321_mod/2MASS_J08533619-0329321-20211222@163037-Eden.fts -> s3://eden-data/RAW/LOT/2MASS_J08533619-0329321/2021-12-22/2MASS_J08533619-0329321-20211222@163037-Eden.fits (17/170) (dry run)
Storing /home/altsai/eden/LOT20211222_2MASS_J08533619-0329321_mod/2MASS_J08533619-0329321-20211222@163153-Eden.fts -> s3://eden-data/RAW/LOT/2MASS_J08533619-0329321/2021-12-22/2MASS_J08533619-0329321-20211222@163153-Eden.fits (18/170) (dry run)
Storing /home/altsai/eden/LOT20211222_2MASS_J08533619-0329321_mod/2MASS_J08533619-0329321-20211222@163309-Eden.fts -> s3://eden-data/RAW/LOT/2MASS_J08533619-0329321/2021-12-22/2MASS_J08533619-0329321-20211222@163309-Eden.fits (19/170) (dry run)
Storing /home/altsai/eden/LOT20211222_2MASS_J08533619-0329321_mod/2MASS_J08533619-0329321-20211222@163426-Eden.fts -> s3://eden-data/RAW/LOT/2MASS_J08533619-0329321/2021-12-22/2MASS_J08533619-0329321-20211222@163426-Eden.fits (20/170) (dry run)
Storing /home/altsai/eden/LOT20211222_2MASS_J08533619-0329321_mod/2MASS_J08533619-0329321-20211222@163542-Eden.fts -> s3://eden-data/RAW/LOT/2MASS_J08533619-0329321/2021-12-22/2MASS_J08533619-0329321-20211222@163542-Eden.fits (21/170) (dry run)
Storing /home/altsai/eden/LOT20211222_2MASS_J08533619-0329321_mod/2MASS_J08533619-0329321-20211222@163657-Eden.fts -> s3://eden-data/RAW/LOT/2MASS_J08533619-0329321/2021-12-22/2MASS_J08533619-0329321-20211222@163657-Eden.fits (22/170) (dry run)
Storing /home/altsai/eden/LOT20211222_2MASS_J08533619-0329321_mod/2MASS_J08533619-0329321-20211222@163813-Eden.fts -> s3://eden-data/RAW/LOT/2MASS_J08533619-0329321/2021-12-22/2MASS_J08533619-0329321-20211222@163813-Eden.fits (23/170) (dry run)
Storing /home/altsai/eden/LOT20211222_2MASS_J08533619-0329321_mod/2MASS_J08533619-0329321-20211222@163929-Eden.fts -> s3://eden-data/RAW/LOT/2MASS_J08533619-0329321/2021-12-22/2MASS_J08533619-0329321-20211222@163929-Eden.fits (24/170) (dry run)
Storing /home/altsai/eden/LOT20211222_2MASS_J08533619-0329321_mod/2MASS_J08533619-0329321-20211222@164044-Eden.fts -> s3://eden-data/RAW/LOT/2MASS_J08533619-0329321/2021-12-22/2MASS_J08533619-0329321-20211222@164044-Eden.fits (25/170) (dry run)
Storing /home/altsai/eden/LOT20211222_2MASS_J08533619-0329321_mod/2MASS_J08533619-0329321-20211222@164200-Eden.fts -> s3://eden-data/RAW/LOT/2MASS_J08533619-0329321/2021-12-22/2MASS_J08533619-0329321-20211222@164200-Eden.fits (26/170) (dry run)
Storing /home/altsai/eden/LOT20211222_2MASS_J08533619-0329321_mod/2MASS_J08533619-0329321-20211222@164316-Eden.fts -> s3://eden-data/RAW/LOT/2MASS_J08533619-0329321/2021-12-22/2MASS_J08533619-0329321-20211222@164316-Eden.fits (27/170) (dry run)
Storing /home/altsai/eden/LOT20211222_2MASS_J08533619-0329321_mod/2MASS_J08533619-0329321-20211222@164432-Eden.fts -> s3://eden-data/RAW/LOT/2MASS_J08533619-0329321/2021-12-22/2MASS_J08533619-0329321-20211222@164432-Eden.fits (28/170) (dry run)
Storing /home/altsai/eden/LOT20211222_2MASS_J08533619-0329321_mod/2MASS_J08533619-0329321-20211222@164548-Eden.fts -> s3://eden-data/RAW/LOT/2MASS_J08533619-0329321/2021-12-22/2MASS_J08533619-0329321-20211222@164548-Eden.fits (29/170) (dry run)
Storing /home/altsai/eden/LOT20211222_2MASS_J08533619-0329321_mod/2MASS_J08533619-0329321-20211222@164704-Eden.fts -> s3://eden-data/RAW/LOT/2MASS_J08533619-0329321/2021-12-22/2MASS_J08533619-0329321-20211222@164704-Eden.fits (30/170) (dry run)
Storing /home/altsai/eden/LOT20211222_2MASS_J08533619-0329321_mod/2MASS_J08533619-0329321-20211222@164820-Eden.fts -> s3://eden-data/RAW/LOT/2MASS_J08533619-0329321/2021-12-22/2MASS_J08533619-0329321-20211222@164820-Eden.fits (31/170) (dry run)
Storing /home/altsai/eden/LOT20211222_2MASS_J08533619-0329321_mod/2MASS_J08533619-0329321-20211222@164936-Eden.fts -> s3://eden-data/RAW/LOT/2MASS_J08533619-0329321/2021-12-22/2MASS_J08533619-0329321-20211222@164936-Eden.fits (32/170) (dry run)
Storing /home/altsai/eden/LOT20211222_2MASS_J08533619-0329321_mod/2MASS_J08533619-0329321-20211222@165052-Eden.fts -> s3://eden-data/RAW/LOT/2MASS_J08533619-0329321/2021-12-22/2MASS_J08533619-0329321-20211222@165052-Eden.fits (33/170) (dry run)
Storing /home/altsai/eden/LOT20211222_2MASS_J08533619-0329321_mod/2MASS_J08533619-0329321-20211222@165208-Eden.fts -> s3://eden-data/RAW/LOT/2MASS_J08533619-0329321/2021-12-22/2MASS_J08533619-0329321-20211222@165208-Eden.fits (34/170) (dry run)
Storing /home/altsai/eden/LOT20211222_2MASS_J08533619-0329321_mod/2MASS_J08533619-0329321-20211222@165323-Eden.fts -> s3://eden-data/RAW/LOT/2MASS_J08533619-0329321/2021-12-22/2MASS_J08533619-0329321-20211222@165323-Eden.fits (35/170) (dry run)
Storing /home/altsai/eden/LOT20211222_2MASS_J08533619-0329321_mod/2MASS_J08533619-0329321-20211222@165439-Eden.fts -> s3://eden-data/RAW/LOT/2MASS_J08533619-0329321/2021-12-22/2MASS_J08533619-0329321-20211222@165439-Eden.fits (36/170) (dry run)
Storing /home/altsai/eden/LOT20211222_2MASS_J08533619-0329321_mod/2MASS_J08533619-0329321-20211222@165555-Eden.fts -> s3://eden-data/RAW/LOT/2MASS_J08533619-0329321/2021-12-22/2MASS_J08533619-0329321-20211222@165555-Eden.fits (37/170) (dry run)
Storing /home/altsai/eden/LOT20211222_2MASS_J08533619-0329321_mod/2MASS_J08533619-0329321-20211222@165712-Eden.fts -> s3://eden-data/RAW/LOT/2MASS_J08533619-0329321/2021-12-22/2MASS_J08533619-0329321-20211222@165712-Eden.fits (38/170) (dry run)
Storing /home/altsai/eden/LOT20211222_2MASS_J08533619-0329321_mod/2MASS_J08533619-0329321-20211222@165827-Eden.fts -> s3://eden-data/RAW/LOT/2MASS_J08533619-0329321/2021-12-22/2MASS_J08533619-0329321-20211222@165827-Eden.fits (39/170) (dry run)
Storing /home/altsai/eden/LOT20211222_2MASS_J08533619-0329321_mod/2MASS_J08533619-0329321-20211222@165943-Eden.fts -> s3://eden-data/RAW/LOT/2MASS_J08533619-0329321/2021-12-22/2MASS_J08533619-0329321-20211222@165943-Eden.fits (40/170) (dry run)
Storing /home/altsai/eden/LOT20211222_2MASS_J08533619-0329321_mod/2MASS_J08533619-0329321-20211222@170100-Eden.fts -> s3://eden-data/RAW/LOT/2MASS_J08533619-0329321/2021-12-22/2MASS_J08533619-0329321-20211222@170100-Eden.fits (41/170) (dry run)
Storing /home/altsai/eden/LOT20211222_2MASS_J08533619-0329321_mod/2MASS_J08533619-0329321-20211222@170216-Eden.fts -> s3://eden-data/RAW/LOT/2MASS_J08533619-0329321/2021-12-22/2MASS_J08533619-0329321-20211222@170216-Eden.fits (42/170) (dry run)
Storing /home/altsai/eden/LOT20211222_2MASS_J08533619-0329321_mod/2MASS_J08533619-0329321-20211222@170332-Eden.fts -> s3://eden-data/RAW/LOT/2MASS_J08533619-0329321/2021-12-22/2MASS_J08533619-0329321-20211222@170332-Eden.fits (43/170) (dry run)
Storing /home/altsai/eden/LOT20211222_2MASS_J08533619-0329321_mod/2MASS_J08533619-0329321-20211222@170449-Eden.fts -> s3://eden-data/RAW/LOT/2MASS_J08533619-0329321/2021-12-22/2MASS_J08533619-0329321-20211222@170449-Eden.fits (44/170) (dry run)
Storing /home/altsai/eden/LOT20211222_2MASS_J08533619-0329321_mod/2MASS_J08533619-0329321-20211222@170605-Eden.fts -> s3://eden-data/RAW/LOT/2MASS_J08533619-0329321/2021-12-22/2MASS_J08533619-0329321-20211222@170605-Eden.fits (45/170) (dry run)
Storing /home/altsai/eden/LOT20211222_2MASS_J08533619-0329321_mod/2MASS_J08533619-0329321-20211222@170721-Eden.fts -> s3://eden-data/RAW/LOT/2MASS_J08533619-0329321/2021-12-22/2MASS_J08533619-0329321-20211222@170721-Eden.fits (46/170) (dry run)
Storing /home/altsai/eden/LOT20211222_2MASS_J08533619-0329321_mod/2MASS_J08533619-0329321-20211222@170837-Eden.fts -> s3://eden-data/RAW/LOT/2MASS_J08533619-0329321/2021-12-22/2MASS_J08533619-0329321-20211222@170837-Eden.fits (47/170) (dry run)
Storing /home/altsai/eden/LOT20211222_2MASS_J08533619-0329321_mod/2MASS_J08533619-0329321-20211222@170953-Eden.fts -> s3://eden-data/RAW/LOT/2MASS_J08533619-0329321/2021-12-22/2MASS_J08533619-0329321-20211222@170953-Eden.fits (48/170) (dry run)
Storing /home/altsai/eden/LOT20211222_2MASS_J08533619-0329321_mod/2MASS_J08533619-0329321-20211222@171109-Eden.fts -> s3://eden-data/RAW/LOT/2MASS_J08533619-0329321/2021-12-22/2MASS_J08533619-0329321-20211222@171109-Eden.fits (49/170) (dry run)
Storing /home/altsai/eden/LOT20211222_2MASS_J08533619-0329321_mod/2MASS_J08533619-0329321-20211222@171225-Eden.fts -> s3://eden-data/RAW/LOT/2MASS_J08533619-0329321/2021-12-22/2MASS_J08533619-0329321-20211222@171225-Eden.fits (50/170) (dry run)
Storing /home/altsai/eden/LOT20211222_2MASS_J08533619-0329321_mod/2MASS_J08533619-0329321-20211222@171340-Eden.fts -> s3://eden-data/RAW/LOT/2MASS_J08533619-0329321/2021-12-22/2MASS_J08533619-0329321-20211222@171340-Eden.fits (51/170) (dry run)
Storing /home/altsai/eden/LOT20211222_2MASS_J08533619-0329321_mod/2MASS_J08533619-0329321-20211222@171456-Eden.fts -> s3://eden-data/RAW/LOT/2MASS_J08533619-0329321/2021-12-22/2MASS_J08533619-0329321-20211222@171456-Eden.fits (52/170) (dry run)
Storing /home/altsai/eden/LOT20211222_2MASS_J08533619-0329321_mod/2MASS_J08533619-0329321-20211222@171612-Eden.fts -> s3://eden-data/RAW/LOT/2MASS_J08533619-0329321/2021-12-22/2MASS_J08533619-0329321-20211222@171612-Eden.fits (53/170) (dry run)
Storing /home/altsai/eden/LOT20211222_2MASS_J08533619-0329321_mod/2MASS_J08533619-0329321-20211222@171728-Eden.fts -> s3://eden-data/RAW/LOT/2MASS_J08533619-0329321/2021-12-22/2MASS_J08533619-0329321-20211222@171728-Eden.fits (54/170) (dry run)
Storing /home/altsai/eden/LOT20211222_2MASS_J08533619-0329321_mod/2MASS_J08533619-0329321-20211222@171844-Eden.fts -> s3://eden-data/RAW/LOT/2MASS_J08533619-0329321/2021-12-22/2MASS_J08533619-0329321-20211222@171844-Eden.fits (55/170) (dry run)
Storing /home/altsai/eden/LOT20211222_2MASS_J08533619-0329321_mod/2MASS_J08533619-0329321-20211222@172000-Eden.fts -> s3://eden-data/RAW/LOT/2MASS_J08533619-0329321/2021-12-22/2MASS_J08533619-0329321-20211222@172000-Eden.fits (56/170) (dry run)
Storing /home/altsai/eden/LOT20211222_2MASS_J08533619-0329321_mod/2MASS_J08533619-0329321-20211222@172116-Eden.fts -> s3://eden-data/RAW/LOT/2MASS_J08533619-0329321/2021-12-22/2MASS_J08533619-0329321-20211222@172116-Eden.fits (57/170) (dry run)
Storing /home/altsai/eden/LOT20211222_2MASS_J08533619-0329321_mod/2MASS_J08533619-0329321-20211222@172232-Eden.fts -> s3://eden-data/RAW/LOT/2MASS_J08533619-0329321/2021-12-22/2MASS_J08533619-0329321-20211222@172232-Eden.fits (58/170) (dry run)
Storing /home/altsai/eden/LOT20211222_2MASS_J08533619-0329321_mod/2MASS_J08533619-0329321-20211222@172348-Eden.fts -> s3://eden-data/RAW/LOT/2MASS_J08533619-0329321/2021-12-22/2MASS_J08533619-0329321-20211222@172348-Eden.fits (59/170) (dry run)
Storing /home/altsai/eden/LOT20211222_2MASS_J08533619-0329321_mod/2MASS_J08533619-0329321-20211222@172504-Eden.fts -> s3://eden-data/RAW/LOT/2MASS_J08533619-0329321/2021-12-22/2MASS_J08533619-0329321-20211222@172504-Eden.fits (60/170) (dry run)
Storing /home/altsai/eden/LOT20211222_2MASS_J08533619-0329321_mod/2MASS_J08533619-0329321-20211222@172620-Eden.fts -> s3://eden-data/RAW/LOT/2MASS_J08533619-0329321/2021-12-22/2MASS_J08533619-0329321-20211222@172620-Eden.fits (61/170) (dry run)
Storing /home/altsai/eden/LOT20211222_2MASS_J08533619-0329321_mod/2MASS_J08533619-0329321-20211222@172735-Eden.fts -> s3://eden-data/RAW/LOT/2MASS_J08533619-0329321/2021-12-22/2MASS_J08533619-0329321-20211222@172735-Eden.fits (62/170) (dry run)
Storing /home/altsai/eden/LOT20211222_2MASS_J08533619-0329321_mod/2MASS_J08533619-0329321-20211222@172851-Eden.fts -> s3://eden-data/RAW/LOT/2MASS_J08533619-0329321/2021-12-22/2MASS_J08533619-0329321-20211222@172851-Eden.fits (63/170) (dry run)
Storing /home/altsai/eden/LOT20211222_2MASS_J08533619-0329321_mod/2MASS_J08533619-0329321-20211222@173008-Eden.fts -> s3://eden-data/RAW/LOT/2MASS_J08533619-0329321/2021-12-22/2MASS_J08533619-0329321-20211222@173008-Eden.fits (64/170) (dry run)
Storing /home/altsai/eden/LOT20211222_2MASS_J08533619-0329321_mod/2MASS_J08533619-0329321-20211222@173123-Eden.fts -> s3://eden-data/RAW/LOT/2MASS_J08533619-0329321/2021-12-22/2MASS_J08533619-0329321-20211222@173123-Eden.fits (65/170) (dry run)
Storing /home/altsai/eden/LOT20211222_2MASS_J08533619-0329321_mod/2MASS_J08533619-0329321-20211222@173239-Eden.fts -> s3://eden-data/RAW/LOT/2MASS_J08533619-0329321/2021-12-22/2MASS_J08533619-0329321-20211222@173239-Eden.fits (66/170) (dry run)
Storing /home/altsai/eden/LOT20211222_2MASS_J08533619-0329321_mod/2MASS_J08533619-0329321-20211222@173356-Eden.fts -> s3://eden-data/RAW/LOT/2MASS_J08533619-0329321/2021-12-22/2MASS_J08533619-0329321-20211222@173356-Eden.fits (67/170) (dry run)
Storing /home/altsai/eden/LOT20211222_2MASS_J08533619-0329321_mod/2MASS_J08533619-0329321-20211222@173511-Eden.fts -> s3://eden-data/RAW/LOT/2MASS_J08533619-0329321/2021-12-22/2MASS_J08533619-0329321-20211222@173511-Eden.fits (68/170) (dry run)
Storing /home/altsai/eden/LOT20211222_2MASS_J08533619-0329321_mod/2MASS_J08533619-0329321-20211222@173627-Eden.fts -> s3://eden-data/RAW/LOT/2MASS_J08533619-0329321/2021-12-22/2MASS_J08533619-0329321-20211222@173627-Eden.fits (69/170) (dry run)
Storing /home/altsai/eden/LOT20211222_2MASS_J08533619-0329321_mod/2MASS_J08533619-0329321-20211222@173743-Eden.fts -> s3://eden-data/RAW/LOT/2MASS_J08533619-0329321/2021-12-22/2MASS_J08533619-0329321-20211222@173743-Eden.fits (70/170) (dry run)
Storing /home/altsai/eden/LOT20211222_2MASS_J08533619-0329321_mod/2MASS_J08533619-0329321-20211222@173859-Eden.fts -> s3://eden-data/RAW/LOT/2MASS_J08533619-0329321/2021-12-22/2MASS_J08533619-0329321-20211222@173859-Eden.fits (71/170) (dry run)
Storing /home/altsai/eden/LOT20211222_2MASS_J08533619-0329321_mod/2MASS_J08533619-0329321-20211222@174015-Eden.fts -> s3://eden-data/RAW/LOT/2MASS_J08533619-0329321/2021-12-22/2MASS_J08533619-0329321-20211222@174015-Eden.fits (72/170) (dry run)
Storing /home/altsai/eden/LOT20211222_2MASS_J08533619-0329321_mod/2MASS_J08533619-0329321-20211222@174131-Eden.fts -> s3://eden-data/RAW/LOT/2MASS_J08533619-0329321/2021-12-22/2MASS_J08533619-0329321-20211222@174131-Eden.fits (73/170) (dry run)
Storing /home/altsai/eden/LOT20211222_2MASS_J08533619-0329321_mod/2MASS_J08533619-0329321-20211222@174246-Eden.fts -> s3://eden-data/RAW/LOT/2MASS_J08533619-0329321/2021-12-22/2MASS_J08533619-0329321-20211222@174246-Eden.fits (74/170) (dry run)
Storing /home/altsai/eden/LOT20211222_2MASS_J08533619-0329321_mod/2MASS_J08533619-0329321-20211222@174402-Eden.fts -> s3://eden-data/RAW/LOT/2MASS_J08533619-0329321/2021-12-22/2MASS_J08533619-0329321-20211222@174402-Eden.fits (75/170) (dry run)
Storing /home/altsai/eden/LOT20211222_2MASS_J08533619-0329321_mod/2MASS_J08533619-0329321-20211222@174518-Eden.fts -> s3://eden-data/RAW/LOT/2MASS_J08533619-0329321/2021-12-22/2MASS_J08533619-0329321-20211222@174518-Eden.fits (76/170) (dry run)
Storing /home/altsai/eden/LOT20211222_2MASS_J08533619-0329321_mod/2MASS_J08533619-0329321-20211222@174633-Eden.fts -> s3://eden-data/RAW/LOT/2MASS_J08533619-0329321/2021-12-22/2MASS_J08533619-0329321-20211222@174633-Eden.fits (77/170) (dry run)
Storing /home/altsai/eden/LOT20211222_2MASS_J08533619-0329321_mod/2MASS_J08533619-0329321-20211222@174748-Eden.fts -> s3://eden-data/RAW/LOT/2MASS_J08533619-0329321/2021-12-22/2MASS_J08533619-0329321-20211222@174748-Eden.fits (78/170) (dry run)
Storing /home/altsai/eden/LOT20211222_2MASS_J08533619-0329321_mod/2MASS_J08533619-0329321-20211222@174905-Eden.fts -> s3://eden-data/RAW/LOT/2MASS_J08533619-0329321/2021-12-22/2MASS_J08533619-0329321-20211222@174905-Eden.fits (79/170) (dry run)
Storing /home/altsai/eden/LOT20211222_2MASS_J08533619-0329321_mod/2MASS_J08533619-0329321-20211222@175022-Eden.fts -> s3://eden-data/RAW/LOT/2MASS_J08533619-0329321/2021-12-22/2MASS_J08533619-0329321-20211222@175022-Eden.fits (80/170) (dry run)
Storing /home/altsai/eden/LOT20211222_2MASS_J08533619-0329321_mod/2MASS_J08533619-0329321-20211222@175137-Eden.fts -> s3://eden-data/RAW/LOT/2MASS_J08533619-0329321/2021-12-22/2MASS_J08533619-0329321-20211222@175137-Eden.fits (81/170) (dry run)
Storing /home/altsai/eden/LOT20211222_2MASS_J08533619-0329321_mod/2MASS_J08533619-0329321-20211222@175253-Eden.fts -> s3://eden-data/RAW/LOT/2MASS_J08533619-0329321/2021-12-22/2MASS_J08533619-0329321-20211222@175253-Eden.fits (82/170) (dry run)
Storing /home/altsai/eden/LOT20211222_2MASS_J08533619-0329321_mod/2MASS_J08533619-0329321-20211222@175409-Eden.fts -> s3://eden-data/RAW/LOT/2MASS_J08533619-0329321/2021-12-22/2MASS_J08533619-0329321-20211222@175409-Eden.fits (83/170) (dry run)
Storing /home/altsai/eden/LOT20211222_2MASS_J08533619-0329321_mod/2MASS_J08533619-0329321-20211222@175525-Eden.fts -> s3://eden-data/RAW/LOT/2MASS_J08533619-0329321/2021-12-22/2MASS_J08533619-0329321-20211222@175525-Eden.fits (84/170) (dry run)
Storing /home/altsai/eden/LOT20211222_2MASS_J08533619-0329321_mod/2MASS_J08533619-0329321-20211222@175641-Eden.fts -> s3://eden-data/RAW/LOT/2MASS_J08533619-0329321/2021-12-22/2MASS_J08533619-0329321-20211222@175641-Eden.fits (85/170) (dry run)
Storing /home/altsai/eden/LOT20211222_2MASS_J08533619-0329321_mod/2MASS_J08533619-0329321-20211222@175756-Eden.fts -> s3://eden-data/RAW/LOT/2MASS_J08533619-0329321/2021-12-22/2MASS_J08533619-0329321-20211222@175756-Eden.fits (86/170) (dry run)
Storing /home/altsai/eden/LOT20211222_2MASS_J08533619-0329321_mod/2MASS_J08533619-0329321-20211222@175912-Eden.fts -> s3://eden-data/RAW/LOT/2MASS_J08533619-0329321/2021-12-22/2MASS_J08533619-0329321-20211222@175912-Eden.fits (87/170) (dry run)
Storing /home/altsai/eden/LOT20211222_2MASS_J08533619-0329321_mod/2MASS_J08533619-0329321-20211222@180029-Eden.fts -> s3://eden-data/RAW/LOT/2MASS_J08533619-0329321/2021-12-22/2MASS_J08533619-0329321-20211222@180029-Eden.fits (88/170) (dry run)
Storing /home/altsai/eden/LOT20211222_2MASS_J08533619-0329321_mod/2MASS_J08533619-0329321-20211222@180145-Eden.fts -> s3://eden-data/RAW/LOT/2MASS_J08533619-0329321/2021-12-22/2MASS_J08533619-0329321-20211222@180145-Eden.fits (89/170) (dry run)
Storing /home/altsai/eden/LOT20211222_2MASS_J08533619-0329321_mod/2MASS_J08533619-0329321-20211222@180301-Eden.fts -> s3://eden-data/RAW/LOT/2MASS_J08533619-0329321/2021-12-22/2MASS_J08533619-0329321-20211222@180301-Eden.fits (90/170) (dry run)
Storing /home/altsai/eden/LOT20211222_2MASS_J08533619-0329321_mod/2MASS_J08533619-0329321-20211222@180417-Eden.fts -> s3://eden-data/RAW/LOT/2MASS_J08533619-0329321/2021-12-22/2MASS_J08533619-0329321-20211222@180417-Eden.fits (91/170) (dry run)
Storing /home/altsai/eden/LOT20211222_2MASS_J08533619-0329321_mod/2MASS_J08533619-0329321-20211222@180533-Eden.fts -> s3://eden-data/RAW/LOT/2MASS_J08533619-0329321/2021-12-22/2MASS_J08533619-0329321-20211222@180533-Eden.fits (92/170) (dry run)
Storing /home/altsai/eden/LOT20211222_2MASS_J08533619-0329321_mod/2MASS_J08533619-0329321-20211222@180648-Eden.fts -> s3://eden-data/RAW/LOT/2MASS_J08533619-0329321/2021-12-22/2MASS_J08533619-0329321-20211222@180648-Eden.fits (93/170) (dry run)
Storing /home/altsai/eden/LOT20211222_2MASS_J08533619-0329321_mod/2MASS_J08533619-0329321-20211222@180804-Eden.fts -> s3://eden-data/RAW/LOT/2MASS_J08533619-0329321/2021-12-22/2MASS_J08533619-0329321-20211222@180804-Eden.fits (94/170) (dry run)
Storing /home/altsai/eden/LOT20211222_2MASS_J08533619-0329321_mod/2MASS_J08533619-0329321-20211222@180920-Eden.fts -> s3://eden-data/RAW/LOT/2MASS_J08533619-0329321/2021-12-22/2MASS_J08533619-0329321-20211222@180920-Eden.fits (95/170) (dry run)
Storing /home/altsai/eden/LOT20211222_2MASS_J08533619-0329321_mod/AutoFlat-20211222@093703-Eden-Bin1-001.fts -> s3://eden-data/Calibrations/LOT/FLAT/2021-12-22/AutoFlat-20211222@093703-Eden-Bin1-001.fits (96/170) (dry run)
Storing /home/altsai/eden/LOT20211222_2MASS_J08533619-0329321_mod/AutoFlat-20211222@093739-Eden-Bin1-002.fts -> s3://eden-data/Calibrations/LOT/FLAT/2021-12-22/AutoFlat-20211222@093739-Eden-Bin1-002.fits (97/170) (dry run)
Storing /home/altsai/eden/LOT20211222_2MASS_J08533619-0329321_mod/AutoFlat-20211222@093751-Eden-Bin1-003.fts -> s3://eden-data/Calibrations/LOT/FLAT/2021-12-22/AutoFlat-20211222@093751-Eden-Bin1-003.fits (98/170) (dry run)
Storing /home/altsai/eden/LOT20211222_2MASS_J08533619-0329321_mod/AutoFlat-20211222@093803-Eden-Bin1-004.fts -> s3://eden-data/Calibrations/LOT/FLAT/2021-12-22/AutoFlat-20211222@093803-Eden-Bin1-004.fits (99/170) (dry run)
Storing /home/altsai/eden/LOT20211222_2MASS_J08533619-0329321_mod/AutoFlat-20211222@093815-Eden-Bin1-005.fts -> s3://eden-data/Calibrations/LOT/FLAT/2021-12-22/AutoFlat-20211222@093815-Eden-Bin1-005.fits (100/170) (dry run)
Storing /home/altsai/eden/LOT20211222_2MASS_J08533619-0329321_mod/Bias-20211222@195530-000S.fts -> s3://eden-data/Calibrations/LOT/BIAS/2021-12-22/Bias-20211222@195530-000S.fits (101/170) (dry run)
Storing /home/altsai/eden/LOT20211222_2MASS_J08533619-0329321_mod/Bias-20211222@195538-000S.fts -> s3://eden-data/Calibrations/LOT/BIAS/2021-12-22/Bias-20211222@195538-000S.fits (102/170) (dry run)
Storing /home/altsai/eden/LOT20211222_2MASS_J08533619-0329321_mod/Bias-20211222@195545-000S.fts -> s3://eden-data/Calibrations/LOT/BIAS/2021-12-22/Bias-20211222@195545-000S.fits (103/170) (dry run)
Storing /home/altsai/eden/LOT20211222_2MASS_J08533619-0329321_mod/Bias-20211222@195552-000S.fts -> s3://eden-data/Calibrations/LOT/BIAS/2021-12-22/Bias-20211222@195552-000S.fits (104/170) (dry run)
Storing /home/altsai/eden/LOT20211222_2MASS_J08533619-0329321_mod/Bias-20211222@195558-000S.fts -> s3://eden-data/Calibrations/LOT/BIAS/2021-12-22/Bias-20211222@195558-000S.fits (105/170) (dry run)
Storing /home/altsai/eden/LOT20211222_2MASS_J08533619-0329321_mod/Bias-20211222@195605-000S.fts -> s3://eden-data/Calibrations/LOT/BIAS/2021-12-22/Bias-20211222@195605-000S.fits (106/170) (dry run)
Storing /home/altsai/eden/LOT20211222_2MASS_J08533619-0329321_mod/Bias-20211222@195611-000S.fts -> s3://eden-data/Calibrations/LOT/BIAS/2021-12-22/Bias-20211222@195611-000S.fits (107/170) (dry run)
Storing /home/altsai/eden/LOT20211222_2MASS_J08533619-0329321_mod/Bias-20211222@195619-000S.fts -> s3://eden-data/Calibrations/LOT/BIAS/2021-12-22/Bias-20211222@195619-000S.fits (108/170) (dry run)
Storing /home/altsai/eden/LOT20211222_2MASS_J08533619-0329321_mod/Bias-20211222@195625-000S.fts -> s3://eden-data/Calibrations/LOT/BIAS/2021-12-22/Bias-20211222@195625-000S.fits (109/170) (dry run)
Storing /home/altsai/eden/LOT20211222_2MASS_J08533619-0329321_mod/Bias-20211222@195633-000S.fts -> s3://eden-data/Calibrations/LOT/BIAS/2021-12-22/Bias-20211222@195633-000S.fits (110/170) (dry run)
Skipping /home/altsai/eden/LOT20211222_2MASS_J08533619-0329321_mod/Dark-20211222@195641-005S.fts -> s3://eden-data/Calibrations/LOT/DARK/2021-12-22/Dark-20211222@195641-005S.fits (file already exists) (111/170) (dry run)
Skipping /home/altsai/eden/LOT20211222_2MASS_J08533619-0329321_mod/Dark-20211222@195653-005S.fts -> s3://eden-data/Calibrations/LOT/DARK/2021-12-22/Dark-20211222@195653-005S.fits (file already exists) (112/170) (dry run)
Skipping /home/altsai/eden/LOT20211222_2MASS_J08533619-0329321_mod/Dark-20211222@195706-005S.fts -> s3://eden-data/Calibrations/LOT/DARK/2021-12-22/Dark-20211222@195706-005S.fits (file already exists) (113/170) (dry run)
Skipping /home/altsai/eden/LOT20211222_2MASS_J08533619-0329321_mod/Dark-20211222@195718-005S.fts -> s3://eden-data/Calibrations/LOT/DARK/2021-12-22/Dark-20211222@195718-005S.fits (file already exists) (114/170) (dry run)
Skipping /home/altsai/eden/LOT20211222_2MASS_J08533619-0329321_mod/Dark-20211222@195730-005S.fts -> s3://eden-data/Calibrations/LOT/DARK/2021-12-22/Dark-20211222@195730-005S.fits (file already exists) (115/170) (dry run)
Skipping /home/altsai/eden/LOT20211222_2MASS_J08533619-0329321_mod/Dark-20211222@195742-005S.fts -> s3://eden-data/Calibrations/LOT/DARK/2021-12-22/Dark-20211222@195742-005S.fits (file already exists) (116/170) (dry run)
Skipping /home/altsai/eden/LOT20211222_2MASS_J08533619-0329321_mod/Dark-20211222@195754-005S.fts -> s3://eden-data/Calibrations/LOT/DARK/2021-12-22/Dark-20211222@195754-005S.fits (file already exists) (117/170) (dry run)
Skipping /home/altsai/eden/LOT20211222_2MASS_J08533619-0329321_mod/Dark-20211222@195806-005S.fts -> s3://eden-data/Calibrations/LOT/DARK/2021-12-22/Dark-20211222@195806-005S.fits (file already exists) (118/170) (dry run)
Skipping /home/altsai/eden/LOT20211222_2MASS_J08533619-0329321_mod/Dark-20211222@195818-005S.fts -> s3://eden-data/Calibrations/LOT/DARK/2021-12-22/Dark-20211222@195818-005S.fits (file already exists) (119/170) (dry run)
Skipping /home/altsai/eden/LOT20211222_2MASS_J08533619-0329321_mod/Dark-20211222@195830-005S.fts -> s3://eden-data/Calibrations/LOT/DARK/2021-12-22/Dark-20211222@195830-005S.fits (file already exists) (120/170) (dry run)
Skipping /home/altsai/eden/LOT20211222_2MASS_J08533619-0329321_mod/Dark-20211222@195844-030S.fts -> s3://eden-data/Calibrations/LOT/DARK/2021-12-22/Dark-20211222@195844-030S.fits (file already exists) (121/170) (dry run)
Skipping /home/altsai/eden/LOT20211222_2MASS_J08533619-0329321_mod/Dark-20211222@195920-030S.fts -> s3://eden-data/Calibrations/LOT/DARK/2021-12-22/Dark-20211222@195920-030S.fits (file already exists) (122/170) (dry run)
Skipping /home/altsai/eden/LOT20211222_2MASS_J08533619-0329321_mod/Dark-20211222@195957-030S.fts -> s3://eden-data/Calibrations/LOT/DARK/2021-12-22/Dark-20211222@195957-030S.fits (file already exists) (123/170) (dry run)
Skipping /home/altsai/eden/LOT20211222_2MASS_J08533619-0329321_mod/Dark-20211222@200035-030S.fts -> s3://eden-data/Calibrations/LOT/DARK/2021-12-22/Dark-20211222@200035-030S.fits (file already exists) (124/170) (dry run)
Skipping /home/altsai/eden/LOT20211222_2MASS_J08533619-0329321_mod/Dark-20211222@200112-030S.fts -> s3://eden-data/Calibrations/LOT/DARK/2021-12-22/Dark-20211222@200112-030S.fits (file already exists) (125/170) (dry run)
Skipping /home/altsai/eden/LOT20211222_2MASS_J08533619-0329321_mod/Dark-20211222@200149-030S.fts -> s3://eden-data/Calibrations/LOT/DARK/2021-12-22/Dark-20211222@200149-030S.fits (file already exists) (126/170) (dry run)
Skipping /home/altsai/eden/LOT20211222_2MASS_J08533619-0329321_mod/Dark-20211222@200226-030S.fts -> s3://eden-data/Calibrations/LOT/DARK/2021-12-22/Dark-20211222@200226-030S.fits (file already exists) (127/170) (dry run)
Skipping /home/altsai/eden/LOT20211222_2MASS_J08533619-0329321_mod/Dark-20211222@200303-030S.fts -> s3://eden-data/Calibrations/LOT/DARK/2021-12-22/Dark-20211222@200303-030S.fits (file already exists) (128/170) (dry run)
Skipping /home/altsai/eden/LOT20211222_2MASS_J08533619-0329321_mod/Dark-20211222@200341-030S.fts -> s3://eden-data/Calibrations/LOT/DARK/2021-12-22/Dark-20211222@200341-030S.fits (file already exists) (129/170) (dry run)
Skipping /home/altsai/eden/LOT20211222_2MASS_J08533619-0329321_mod/Dark-20211222@200417-030S.fts -> s3://eden-data/Calibrations/LOT/DARK/2021-12-22/Dark-20211222@200417-030S.fits (file already exists) (130/170) (dry run)
Skipping /home/altsai/eden/LOT20211222_2MASS_J08533619-0329321_mod/Dark-20211222@200455-060S.fts -> s3://eden-data/Calibrations/LOT/DARK/2021-12-22/Dark-20211222@200455-060S.fits (file already exists) (131/170) (dry run)
Skipping /home/altsai/eden/LOT20211222_2MASS_J08533619-0329321_mod/Dark-20211222@200602-060S.fts -> s3://eden-data/Calibrations/LOT/DARK/2021-12-22/Dark-20211222@200602-060S.fits (file already exists) (132/170) (dry run)
Skipping /home/altsai/eden/LOT20211222_2MASS_J08533619-0329321_mod/Dark-20211222@200709-060S.fts -> s3://eden-data/Calibrations/LOT/DARK/2021-12-22/Dark-20211222@200709-060S.fits (file already exists) (133/170) (dry run)
Skipping /home/altsai/eden/LOT20211222_2MASS_J08533619-0329321_mod/Dark-20211222@200816-060S.fts -> s3://eden-data/Calibrations/LOT/DARK/2021-12-22/Dark-20211222@200816-060S.fits (file already exists) (134/170) (dry run)
Skipping /home/altsai/eden/LOT20211222_2MASS_J08533619-0329321_mod/Dark-20211222@200923-060S.fts -> s3://eden-data/Calibrations/LOT/DARK/2021-12-22/Dark-20211222@200923-060S.fits (file already exists) (135/170) (dry run)
Skipping /home/altsai/eden/LOT20211222_2MASS_J08533619-0329321_mod/Dark-20211222@201030-060S.fts -> s3://eden-data/Calibrations/LOT/DARK/2021-12-22/Dark-20211222@201030-060S.fits (file already exists) (136/170) (dry run)
Skipping /home/altsai/eden/LOT20211222_2MASS_J08533619-0329321_mod/Dark-20211222@201137-060S.fts -> s3://eden-data/Calibrations/LOT/DARK/2021-12-22/Dark-20211222@201137-060S.fits (file already exists) (137/170) (dry run)
Skipping /home/altsai/eden/LOT20211222_2MASS_J08533619-0329321_mod/Dark-20211222@201244-060S.fts -> s3://eden-data/Calibrations/LOT/DARK/2021-12-22/Dark-20211222@201244-060S.fits (file already exists) (138/170) (dry run)
Skipping /home/altsai/eden/LOT20211222_2MASS_J08533619-0329321_mod/Dark-20211222@201350-060S.fts -> s3://eden-data/Calibrations/LOT/DARK/2021-12-22/Dark-20211222@201350-060S.fits (file already exists) (139/170) (dry run)
Skipping /home/altsai/eden/LOT20211222_2MASS_J08533619-0329321_mod/Dark-20211222@201457-060S.fts -> s3://eden-data/Calibrations/LOT/DARK/2021-12-22/Dark-20211222@201457-060S.fits (file already exists) (140/170) (dry run)
Skipping /home/altsai/eden/LOT20211222_2MASS_J08533619-0329321_mod/Dark-20211222@201605-120S.fts -> s3://eden-data/Calibrations/LOT/DARK/2021-12-22/Dark-20211222@201605-120S.fits (file already exists) (141/170) (dry run)
Skipping /home/altsai/eden/LOT20211222_2MASS_J08533619-0329321_mod/Dark-20211222@201813-120S.fts -> s3://eden-data/Calibrations/LOT/DARK/2021-12-22/Dark-20211222@201813-120S.fits (file already exists) (142/170) (dry run)
Skipping /home/altsai/eden/LOT20211222_2MASS_J08533619-0329321_mod/Dark-20211222@202019-120S.fts -> s3://eden-data/Calibrations/LOT/DARK/2021-12-22/Dark-20211222@202019-120S.fits (file already exists) (143/170) (dry run)
Skipping /home/altsai/eden/LOT20211222_2MASS_J08533619-0329321_mod/Dark-20211222@202226-120S.fts -> s3://eden-data/Calibrations/LOT/DARK/2021-12-22/Dark-20211222@202226-120S.fits (file already exists) (144/170) (dry run)
Skipping /home/altsai/eden/LOT20211222_2MASS_J08533619-0329321_mod/Dark-20211222@202433-120S.fts -> s3://eden-data/Calibrations/LOT/DARK/2021-12-22/Dark-20211222@202433-120S.fits (file already exists) (145/170) (dry run)
Skipping /home/altsai/eden/LOT20211222_2MASS_J08533619-0329321_mod/Dark-20211222@202640-120S.fts -> s3://eden-data/Calibrations/LOT/DARK/2021-12-22/Dark-20211222@202640-120S.fits (file already exists) (146/170) (dry run)
Skipping /home/altsai/eden/LOT20211222_2MASS_J08533619-0329321_mod/Dark-20211222@202847-120S.fts -> s3://eden-data/Calibrations/LOT/DARK/2021-12-22/Dark-20211222@202847-120S.fits (file already exists) (147/170) (dry run)
Skipping /home/altsai/eden/LOT20211222_2MASS_J08533619-0329321_mod/Dark-20211222@203054-120S.fts -> s3://eden-data/Calibrations/LOT/DARK/2021-12-22/Dark-20211222@203054-120S.fits (file already exists) (148/170) (dry run)
Skipping /home/altsai/eden/LOT20211222_2MASS_J08533619-0329321_mod/Dark-20211222@203301-120S.fts -> s3://eden-data/Calibrations/LOT/DARK/2021-12-22/Dark-20211222@203301-120S.fits (file already exists) (149/170) (dry run)
Skipping /home/altsai/eden/LOT20211222_2MASS_J08533619-0329321_mod/Dark-20211222@203508-120S.fts -> s3://eden-data/Calibrations/LOT/DARK/2021-12-22/Dark-20211222@203508-120S.fits (file already exists) (150/170) (dry run)
Skipping /home/altsai/eden/LOT20211222_2MASS_J08533619-0329321_mod/Dark-20211222@203716-240S.fts -> s3://eden-data/Calibrations/LOT/DARK/2021-12-22/Dark-20211222@203716-240S.fits (file already exists) (151/170) (dry run)
Skipping /home/altsai/eden/LOT20211222_2MASS_J08533619-0329321_mod/Dark-20211222@204122-240S.fts -> s3://eden-data/Calibrations/LOT/DARK/2021-12-22/Dark-20211222@204122-240S.fits (file already exists) (152/170) (dry run)
Skipping /home/altsai/eden/LOT20211222_2MASS_J08533619-0329321_mod/Dark-20211222@204530-240S.fts -> s3://eden-data/Calibrations/LOT/DARK/2021-12-22/Dark-20211222@204530-240S.fits (file already exists) (153/170) (dry run)
Skipping /home/altsai/eden/LOT20211222_2MASS_J08533619-0329321_mod/Dark-20211222@204936-240S.fts -> s3://eden-data/Calibrations/LOT/DARK/2021-12-22/Dark-20211222@204936-240S.fits (file already exists) (154/170) (dry run)
Skipping /home/altsai/eden/LOT20211222_2MASS_J08533619-0329321_mod/Dark-20211222@205343-240S.fts -> s3://eden-data/Calibrations/LOT/DARK/2021-12-22/Dark-20211222@205343-240S.fits (file already exists) (155/170) (dry run)
Skipping /home/altsai/eden/LOT20211222_2MASS_J08533619-0329321_mod/Dark-20211222@205750-240S.fts -> s3://eden-data/Calibrations/LOT/DARK/2021-12-22/Dark-20211222@205750-240S.fits (file already exists) (156/170) (dry run)
Skipping /home/altsai/eden/LOT20211222_2MASS_J08533619-0329321_mod/Dark-20211222@210157-240S.fts -> s3://eden-data/Calibrations/LOT/DARK/2021-12-22/Dark-20211222@210157-240S.fits (file already exists) (157/170) (dry run)
Skipping /home/altsai/eden/LOT20211222_2MASS_J08533619-0329321_mod/Dark-20211222@210604-240S.fts -> s3://eden-data/Calibrations/LOT/DARK/2021-12-22/Dark-20211222@210604-240S.fits (file already exists) (158/170) (dry run)
Skipping /home/altsai/eden/LOT20211222_2MASS_J08533619-0329321_mod/Dark-20211222@211011-240S.fts -> s3://eden-data/Calibrations/LOT/DARK/2021-12-22/Dark-20211222@211011-240S.fits (file already exists) (159/170) (dry run)
Skipping /home/altsai/eden/LOT20211222_2MASS_J08533619-0329321_mod/Dark-20211222@211418-240S.fts -> s3://eden-data/Calibrations/LOT/DARK/2021-12-22/Dark-20211222@211418-240S.fits (file already exists) (160/170) (dry run)
Skipping /home/altsai/eden/LOT20211222_2MASS_J08533619-0329321_mod/Dark-20211222@211826-360S.fts -> s3://eden-data/Calibrations/LOT/DARK/2021-12-22/Dark-20211222@211826-360S.fits (file already exists) (161/170) (dry run)
Skipping /home/altsai/eden/LOT20211222_2MASS_J08533619-0329321_mod/Dark-20211222@212432-360S.fts -> s3://eden-data/Calibrations/LOT/DARK/2021-12-22/Dark-20211222@212432-360S.fits (file already exists) (162/170) (dry run)
Skipping /home/altsai/eden/LOT20211222_2MASS_J08533619-0329321_mod/Dark-20211222@213039-360S.fts -> s3://eden-data/Calibrations/LOT/DARK/2021-12-22/Dark-20211222@213039-360S.fits (file already exists) (163/170) (dry run)
Skipping /home/altsai/eden/LOT20211222_2MASS_J08533619-0329321_mod/Dark-20211222@213647-360S.fts -> s3://eden-data/Calibrations/LOT/DARK/2021-12-22/Dark-20211222@213647-360S.fits (file already exists) (164/170) (dry run)
Skipping /home/altsai/eden/LOT20211222_2MASS_J08533619-0329321_mod/Dark-20211222@214254-360S.fts -> s3://eden-data/Calibrations/LOT/DARK/2021-12-22/Dark-20211222@214254-360S.fits (file already exists) (165/170) (dry run)
Skipping /home/altsai/eden/LOT20211222_2MASS_J08533619-0329321_mod/Dark-20211222@214901-360S.fts -> s3://eden-data/Calibrations/LOT/DARK/2021-12-22/Dark-20211222@214901-360S.fits (file already exists) (166/170) (dry run)
Skipping /home/altsai/eden/LOT20211222_2MASS_J08533619-0329321_mod/Dark-20211222@215508-360S.fts -> s3://eden-data/Calibrations/LOT/DARK/2021-12-22/Dark-20211222@215508-360S.fits (file already exists) (167/170) (dry run)
Skipping /home/altsai/eden/LOT20211222_2MASS_J08533619-0329321_mod/Dark-20211222@220115-360S.fts -> s3://eden-data/Calibrations/LOT/DARK/2021-12-22/Dark-20211222@220115-360S.fits (file already exists) (168/170) (dry run)
Skipping /home/altsai/eden/LOT20211222_2MASS_J08533619-0329321_mod/Dark-20211222@220722-360S.fts -> s3://eden-data/Calibrations/LOT/DARK/2021-12-22/Dark-20211222@220722-360S.fits (file already exists) (169/170) (dry run)
Skipping /home/altsai/eden/LOT20211222_2MASS_J08533619-0329321_mod/Dark-20211222@221329-360S.fts -> s3://eden-data/Calibrations/LOT/DARK/2021-12-22/Dark-20211222@221329-360S.fits (file already exists) (170/170) (dry run)

Dry run complete! Run again without --dryrun to commit the changes above.
Stored: 110 files (0.9 GB)
Skipped: 60 files (0.5 GB)
