Bucket successfully loaded! eden-data
151 files found
Storing data to the S3 archive!
We can now start uploading the data.
Press return to start the upload, or anything else to abort: Verbose output enabled.
Storing /home/altsai/eden/LOT20210104-LP_315-53_mod/LP_315-53-20210104@184122-Eden.fts -> s3://eden-data/RAW/LOT/LP_315-53/2021-01-04/LP_315-53-20210104@184122-Eden.fits (1/151)
Storing /home/altsai/eden/LOT20210104-LP_315-53_mod/LP_315-53-20210104@184234-Eden.fts -> s3://eden-data/RAW/LOT/LP_315-53/2021-01-04/LP_315-53-20210104@184234-Eden.fits (2/151)
Storing /home/altsai/eden/LOT20210104-LP_315-53_mod/LP_315-53-20210104@184347-Eden.fts -> s3://eden-data/RAW/LOT/LP_315-53/2021-01-04/LP_315-53-20210104@184347-Eden.fits (3/151)
Storing /home/altsai/eden/LOT20210104-LP_315-53_mod/LP_315-53-20210104@184501-Eden.fts -> s3://eden-data/RAW/LOT/LP_315-53/2021-01-04/LP_315-53-20210104@184501-Eden.fits (4/151)
Storing /home/altsai/eden/LOT20210104-LP_315-53_mod/LP_315-53-20210104@184614-Eden.fts -> s3://eden-data/RAW/LOT/LP_315-53/2021-01-04/LP_315-53-20210104@184614-Eden.fits (5/151)
Storing /home/altsai/eden/LOT20210104-LP_315-53_mod/LP_315-53-20210104@184726-Eden.fts -> s3://eden-data/RAW/LOT/LP_315-53/2021-01-04/LP_315-53-20210104@184726-Eden.fits (6/151)
Storing /home/altsai/eden/LOT20210104-LP_315-53_mod/LP_315-53-20210104@184840-Eden.fts -> s3://eden-data/RAW/LOT/LP_315-53/2021-01-04/LP_315-53-20210104@184840-Eden.fits (7/151)
Storing /home/altsai/eden/LOT20210104-LP_315-53_mod/LP_315-53-20210104@184953-Eden.fts -> s3://eden-data/RAW/LOT/LP_315-53/2021-01-04/LP_315-53-20210104@184953-Eden.fits (8/151)
Storing /home/altsai/eden/LOT20210104-LP_315-53_mod/LP_315-53-20210104@185107-Eden.fts -> s3://eden-data/RAW/LOT/LP_315-53/2021-01-04/LP_315-53-20210104@185107-Eden.fits (9/151)
Storing /home/altsai/eden/LOT20210104-LP_315-53_mod/LP_315-53-20210104@185222-Eden.fts -> s3://eden-data/RAW/LOT/LP_315-53/2021-01-04/LP_315-53-20210104@185222-Eden.fits (10/151)
Storing /home/altsai/eden/LOT20210104-LP_315-53_mod/LP_315-53-20210104@185334-Eden.fts -> s3://eden-data/RAW/LOT/LP_315-53/2021-01-04/LP_315-53-20210104@185334-Eden.fits (11/151)
Storing /home/altsai/eden/LOT20210104-LP_315-53_mod/LP_315-53-20210104@185449-Eden.fts -> s3://eden-data/RAW/LOT/LP_315-53/2021-01-04/LP_315-53-20210104@185449-Eden.fits (12/151)
Storing /home/altsai/eden/LOT20210104-LP_315-53_mod/LP_315-53-20210104@185603-Eden.fts -> s3://eden-data/RAW/LOT/LP_315-53/2021-01-04/LP_315-53-20210104@185603-Eden.fits (13/151)
Storing /home/altsai/eden/LOT20210104-LP_315-53_mod/LP_315-53-20210104@185714-Eden.fts -> s3://eden-data/RAW/LOT/LP_315-53/2021-01-04/LP_315-53-20210104@185714-Eden.fits (14/151)
Storing /home/altsai/eden/LOT20210104-LP_315-53_mod/LP_315-53-20210104@185828-Eden.fts -> s3://eden-data/RAW/LOT/LP_315-53/2021-01-04/LP_315-53-20210104@185828-Eden.fits (15/151)
Storing /home/altsai/eden/LOT20210104-LP_315-53_mod/LP_315-53-20210104@185942-Eden.fts -> s3://eden-data/RAW/LOT/LP_315-53/2021-01-04/LP_315-53-20210104@185942-Eden.fits (16/151)
Storing /home/altsai/eden/LOT20210104-LP_315-53_mod/LP_315-53-20210104@190056-Eden.fts -> s3://eden-data/RAW/LOT/LP_315-53/2021-01-04/LP_315-53-20210104@190056-Eden.fits (17/151)
Storing /home/altsai/eden/LOT20210104-LP_315-53_mod/LP_315-53-20210104@190209-Eden.fts -> s3://eden-data/RAW/LOT/LP_315-53/2021-01-04/LP_315-53-20210104@190209-Eden.fits (18/151)
Storing /home/altsai/eden/LOT20210104-LP_315-53_mod/LP_315-53-20210104@190322-Eden.fts -> s3://eden-data/RAW/LOT/LP_315-53/2021-01-04/LP_315-53-20210104@190322-Eden.fits (19/151)
Storing /home/altsai/eden/LOT20210104-LP_315-53_mod/LP_315-53-20210104@190436-Eden.fts -> s3://eden-data/RAW/LOT/LP_315-53/2021-01-04/LP_315-53-20210104@190436-Eden.fits (20/151)
Storing /home/altsai/eden/LOT20210104-LP_315-53_mod/LP_315-53-20210104@190550-Eden.fts -> s3://eden-data/RAW/LOT/LP_315-53/2021-01-04/LP_315-53-20210104@190550-Eden.fits (21/151)
Storing /home/altsai/eden/LOT20210104-LP_315-53_mod/LP_315-53-20210104@190704-Eden.fts -> s3://eden-data/RAW/LOT/LP_315-53/2021-01-04/LP_315-53-20210104@190704-Eden.fits (22/151)
Storing /home/altsai/eden/LOT20210104-LP_315-53_mod/LP_315-53-20210104@190818-Eden.fts -> s3://eden-data/RAW/LOT/LP_315-53/2021-01-04/LP_315-53-20210104@190818-Eden.fits (23/151)
Storing /home/altsai/eden/LOT20210104-LP_315-53_mod/LP_315-53-20210104@190930-Eden.fts -> s3://eden-data/RAW/LOT/LP_315-53/2021-01-04/LP_315-53-20210104@190930-Eden.fits (24/151)
Storing /home/altsai/eden/LOT20210104-LP_315-53_mod/LP_315-53-20210104@191043-Eden.fts -> s3://eden-data/RAW/LOT/LP_315-53/2021-01-04/LP_315-53-20210104@191043-Eden.fits (25/151)
Storing /home/altsai/eden/LOT20210104-LP_315-53_mod/LP_315-53-20210104@191156-Eden.fts -> s3://eden-data/RAW/LOT/LP_315-53/2021-01-04/LP_315-53-20210104@191156-Eden.fits (26/151)
Storing /home/altsai/eden/LOT20210104-LP_315-53_mod/LP_315-53-20210104@191309-Eden.fts -> s3://eden-data/RAW/LOT/LP_315-53/2021-01-04/LP_315-53-20210104@191309-Eden.fits (27/151)
Storing /home/altsai/eden/LOT20210104-LP_315-53_mod/LP_315-53-20210104@191421-Eden.fts -> s3://eden-data/RAW/LOT/LP_315-53/2021-01-04/LP_315-53-20210104@191421-Eden.fits (28/151)
Storing /home/altsai/eden/LOT20210104-LP_315-53_mod/LP_315-53-20210104@191534-Eden.fts -> s3://eden-data/RAW/LOT/LP_315-53/2021-01-04/LP_315-53-20210104@191534-Eden.fits (29/151)
Storing /home/altsai/eden/LOT20210104-LP_315-53_mod/LP_315-53-20210104@191647-Eden.fts -> s3://eden-data/RAW/LOT/LP_315-53/2021-01-04/LP_315-53-20210104@191647-Eden.fits (30/151)
Storing /home/altsai/eden/LOT20210104-LP_315-53_mod/LP_315-53-20210104@191800-Eden.fts -> s3://eden-data/RAW/LOT/LP_315-53/2021-01-04/LP_315-53-20210104@191800-Eden.fits (31/151)
Storing /home/altsai/eden/LOT20210104-LP_315-53_mod/LP_315-53-20210104@191913-Eden.fts -> s3://eden-data/RAW/LOT/LP_315-53/2021-01-04/LP_315-53-20210104@191913-Eden.fits (32/151)
Storing /home/altsai/eden/LOT20210104-LP_315-53_mod/LP_315-53-20210104@192025-Eden.fts -> s3://eden-data/RAW/LOT/LP_315-53/2021-01-04/LP_315-53-20210104@192025-Eden.fits (33/151)
Storing /home/altsai/eden/LOT20210104-LP_315-53_mod/LP_315-53-20210104@192138-Eden.fts -> s3://eden-data/RAW/LOT/LP_315-53/2021-01-04/LP_315-53-20210104@192138-Eden.fits (34/151)
Storing /home/altsai/eden/LOT20210104-LP_315-53_mod/LP_315-53-20210104@192252-Eden.fts -> s3://eden-data/RAW/LOT/LP_315-53/2021-01-04/LP_315-53-20210104@192252-Eden.fits (35/151)
Storing /home/altsai/eden/LOT20210104-LP_315-53_mod/LP_315-53-20210104@192405-Eden.fts -> s3://eden-data/RAW/LOT/LP_315-53/2021-01-04/LP_315-53-20210104@192405-Eden.fits (36/151)
Storing /home/altsai/eden/LOT20210104-LP_315-53_mod/LP_315-53-20210104@192517-Eden.fts -> s3://eden-data/RAW/LOT/LP_315-53/2021-01-04/LP_315-53-20210104@192517-Eden.fits (37/151)
Storing /home/altsai/eden/LOT20210104-LP_315-53_mod/LP_315-53-20210104@192631-Eden.fts -> s3://eden-data/RAW/LOT/LP_315-53/2021-01-04/LP_315-53-20210104@192631-Eden.fits (38/151)
Storing /home/altsai/eden/LOT20210104-LP_315-53_mod/LP_315-53-20210104@192745-Eden.fts -> s3://eden-data/RAW/LOT/LP_315-53/2021-01-04/LP_315-53-20210104@192745-Eden.fits (39/151)
Storing /home/altsai/eden/LOT20210104-LP_315-53_mod/LP_315-53-20210104@192858-Eden.fts -> s3://eden-data/RAW/LOT/LP_315-53/2021-01-04/LP_315-53-20210104@192858-Eden.fits (40/151)
Storing /home/altsai/eden/LOT20210104-LP_315-53_mod/LP_315-53-20210104@193010-Eden.fts -> s3://eden-data/RAW/LOT/LP_315-53/2021-01-04/LP_315-53-20210104@193010-Eden.fits (41/151)
Storing /home/altsai/eden/LOT20210104-LP_315-53_mod/LP_315-53-20210104@193124-Eden.fts -> s3://eden-data/RAW/LOT/LP_315-53/2021-01-04/LP_315-53-20210104@193124-Eden.fits (42/151)
Storing /home/altsai/eden/LOT20210104-LP_315-53_mod/LP_315-53-20210104@193238-Eden.fts -> s3://eden-data/RAW/LOT/LP_315-53/2021-01-04/LP_315-53-20210104@193238-Eden.fits (43/151)
Storing /home/altsai/eden/LOT20210104-LP_315-53_mod/LP_315-53-20210104@193352-Eden.fts -> s3://eden-data/RAW/LOT/LP_315-53/2021-01-04/LP_315-53-20210104@193352-Eden.fits (44/151)
Storing /home/altsai/eden/LOT20210104-LP_315-53_mod/LP_315-53-20210104@193507-Eden.fts -> s3://eden-data/RAW/LOT/LP_315-53/2021-01-04/LP_315-53-20210104@193507-Eden.fits (45/151)
Storing /home/altsai/eden/LOT20210104-LP_315-53_mod/LP_315-53-20210104@193620-Eden.fts -> s3://eden-data/RAW/LOT/LP_315-53/2021-01-04/LP_315-53-20210104@193620-Eden.fits (46/151)
Storing /home/altsai/eden/LOT20210104-LP_315-53_mod/LP_315-53-20210104@193737-Eden.fts -> s3://eden-data/RAW/LOT/LP_315-53/2021-01-04/LP_315-53-20210104@193737-Eden.fits (47/151)
Storing /home/altsai/eden/LOT20210104-LP_315-53_mod/LP_315-53-20210104@193848-Eden.fts -> s3://eden-data/RAW/LOT/LP_315-53/2021-01-04/LP_315-53-20210104@193848-Eden.fits (48/151)
Storing /home/altsai/eden/LOT20210104-LP_315-53_mod/LP_315-53-20210104@194002-Eden.fts -> s3://eden-data/RAW/LOT/LP_315-53/2021-01-04/LP_315-53-20210104@194002-Eden.fits (49/151)
Storing /home/altsai/eden/LOT20210104-LP_315-53_mod/LP_315-53-20210104@194115-Eden.fts -> s3://eden-data/RAW/LOT/LP_315-53/2021-01-04/LP_315-53-20210104@194115-Eden.fits (50/151)
Storing /home/altsai/eden/LOT20210104-LP_315-53_mod/LP_315-53-20210104@194229-Eden.fts -> s3://eden-data/RAW/LOT/LP_315-53/2021-01-04/LP_315-53-20210104@194229-Eden.fits (51/151)
Storing /home/altsai/eden/LOT20210104-LP_315-53_mod/LP_315-53-20210104@194342-Eden.fts -> s3://eden-data/RAW/LOT/LP_315-53/2021-01-04/LP_315-53-20210104@194342-Eden.fits (52/151)
Storing /home/altsai/eden/LOT20210104-LP_315-53_mod/LP_315-53-20210104@194456-Eden.fts -> s3://eden-data/RAW/LOT/LP_315-53/2021-01-04/LP_315-53-20210104@194456-Eden.fits (53/151)
Storing /home/altsai/eden/LOT20210104-LP_315-53_mod/LP_315-53-20210104@194610-Eden.fts -> s3://eden-data/RAW/LOT/LP_315-53/2021-01-04/LP_315-53-20210104@194610-Eden.fits (54/151)
Storing /home/altsai/eden/LOT20210104-LP_315-53_mod/LP_315-53-20210104@194724-Eden.fts -> s3://eden-data/RAW/LOT/LP_315-53/2021-01-04/LP_315-53-20210104@194724-Eden.fits (55/151)
Storing /home/altsai/eden/LOT20210104-LP_315-53_mod/LP_315-53-20210104@194838-Eden.fts -> s3://eden-data/RAW/LOT/LP_315-53/2021-01-04/LP_315-53-20210104@194838-Eden.fits (56/151)
Storing /home/altsai/eden/LOT20210104-LP_315-53_mod/LP_315-53-20210104@194952-Eden.fts -> s3://eden-data/RAW/LOT/LP_315-53/2021-01-04/LP_315-53-20210104@194952-Eden.fits (57/151)
Storing /home/altsai/eden/LOT20210104-LP_315-53_mod/LP_315-53-20210104@195107-Eden.fts -> s3://eden-data/RAW/LOT/LP_315-53/2021-01-04/LP_315-53-20210104@195107-Eden.fits (58/151)
Storing /home/altsai/eden/LOT20210104-LP_315-53_mod/LP_315-53-20210104@195221-Eden.fts -> s3://eden-data/RAW/LOT/LP_315-53/2021-01-04/LP_315-53-20210104@195221-Eden.fits (59/151)
Storing /home/altsai/eden/LOT20210104-LP_315-53_mod/LP_315-53-20210104@195334-Eden.fts -> s3://eden-data/RAW/LOT/LP_315-53/2021-01-04/LP_315-53-20210104@195334-Eden.fits (60/151)
Storing /home/altsai/eden/LOT20210104-LP_315-53_mod/LP_315-53-20210104@195448-Eden.fts -> s3://eden-data/RAW/LOT/LP_315-53/2021-01-04/LP_315-53-20210104@195448-Eden.fits (61/151)
Storing /home/altsai/eden/LOT20210104-LP_315-53_mod/LP_315-53-20210104@195600-Eden.fts -> s3://eden-data/RAW/LOT/LP_315-53/2021-01-04/LP_315-53-20210104@195600-Eden.fits (62/151)
Storing /home/altsai/eden/LOT20210104-LP_315-53_mod/LP_315-53-20210104@195717-Eden.fts -> s3://eden-data/RAW/LOT/LP_315-53/2021-01-04/LP_315-53-20210104@195717-Eden.fits (63/151)
Storing /home/altsai/eden/LOT20210104-LP_315-53_mod/LP_315-53-20210104@195829-Eden.fts -> s3://eden-data/RAW/LOT/LP_315-53/2021-01-04/LP_315-53-20210104@195829-Eden.fits (64/151)
Storing /home/altsai/eden/LOT20210104-LP_315-53_mod/LP_315-53-20210104@195942-Eden.fts -> s3://eden-data/RAW/LOT/LP_315-53/2021-01-04/LP_315-53-20210104@195942-Eden.fits (65/151)
Storing /home/altsai/eden/LOT20210104-LP_315-53_mod/LP_315-53-20210104@200056-Eden.fts -> s3://eden-data/RAW/LOT/LP_315-53/2021-01-04/LP_315-53-20210104@200056-Eden.fits (66/151)
Storing /home/altsai/eden/LOT20210104-LP_315-53_mod/LP_315-53-20210104@200208-Eden.fts -> s3://eden-data/RAW/LOT/LP_315-53/2021-01-04/LP_315-53-20210104@200208-Eden.fits (67/151)
Storing /home/altsai/eden/LOT20210104-LP_315-53_mod/LP_315-53-20210104@200322-Eden.fts -> s3://eden-data/RAW/LOT/LP_315-53/2021-01-04/LP_315-53-20210104@200322-Eden.fits (68/151)
Storing /home/altsai/eden/LOT20210104-LP_315-53_mod/LP_315-53-20210104@200434-Eden.fts -> s3://eden-data/RAW/LOT/LP_315-53/2021-01-04/LP_315-53-20210104@200434-Eden.fits (69/151)
Storing /home/altsai/eden/LOT20210104-LP_315-53_mod/LP_315-53-20210104@200548-Eden.fts -> s3://eden-data/RAW/LOT/LP_315-53/2021-01-04/LP_315-53-20210104@200548-Eden.fits (70/151)
Storing /home/altsai/eden/LOT20210104-LP_315-53_mod/LP_315-53-20210104@200702-Eden.fts -> s3://eden-data/RAW/LOT/LP_315-53/2021-01-04/LP_315-53-20210104@200702-Eden.fits (71/151)
Storing /home/altsai/eden/LOT20210104-LP_315-53_mod/LP_315-53-20210104@200814-Eden.fts -> s3://eden-data/RAW/LOT/LP_315-53/2021-01-04/LP_315-53-20210104@200814-Eden.fits (72/151)
Storing /home/altsai/eden/LOT20210104-LP_315-53_mod/LP_315-53-20210104@200930-Eden.fts -> s3://eden-data/RAW/LOT/LP_315-53/2021-01-04/LP_315-53-20210104@200930-Eden.fits (73/151)
Storing /home/altsai/eden/LOT20210104-LP_315-53_mod/LP_315-53-20210104@201043-Eden.fts -> s3://eden-data/RAW/LOT/LP_315-53/2021-01-04/LP_315-53-20210104@201043-Eden.fits (74/151)
Storing /home/altsai/eden/LOT20210104-LP_315-53_mod/LP_315-53-20210104@201157-Eden.fts -> s3://eden-data/RAW/LOT/LP_315-53/2021-01-04/LP_315-53-20210104@201157-Eden.fits (75/151)
Storing /home/altsai/eden/LOT20210104-LP_315-53_mod/LP_315-53-20210104@201311-Eden.fts -> s3://eden-data/RAW/LOT/LP_315-53/2021-01-04/LP_315-53-20210104@201311-Eden.fits (76/151)
Storing /home/altsai/eden/LOT20210104-LP_315-53_mod/LP_315-53-20210104@201424-Eden.fts -> s3://eden-data/RAW/LOT/LP_315-53/2021-01-04/LP_315-53-20210104@201424-Eden.fits (77/151)
Storing /home/altsai/eden/LOT20210104-LP_315-53_mod/LP_315-53-20210104@201538-Eden.fts -> s3://eden-data/RAW/LOT/LP_315-53/2021-01-04/LP_315-53-20210104@201538-Eden.fits (78/151)
Storing /home/altsai/eden/LOT20210104-LP_315-53_mod/LP_315-53-20210104@201652-Eden.fts -> s3://eden-data/RAW/LOT/LP_315-53/2021-01-04/LP_315-53-20210104@201652-Eden.fits (79/151)
Storing /home/altsai/eden/LOT20210104-LP_315-53_mod/LP_315-53-20210104@201806-Eden.fts -> s3://eden-data/RAW/LOT/LP_315-53/2021-01-04/LP_315-53-20210104@201806-Eden.fits (80/151)
Storing /home/altsai/eden/LOT20210104-LP_315-53_mod/LP_315-53-20210104@201921-Eden.fts -> s3://eden-data/RAW/LOT/LP_315-53/2021-01-04/LP_315-53-20210104@201921-Eden.fits (81/151)
Storing /home/altsai/eden/LOT20210104-LP_315-53_mod/LP_315-53-20210104@202035-Eden.fts -> s3://eden-data/RAW/LOT/LP_315-53/2021-01-04/LP_315-53-20210104@202035-Eden.fits (82/151)
Storing /home/altsai/eden/LOT20210104-LP_315-53_mod/LP_315-53-20210104@202150-Eden.fts -> s3://eden-data/RAW/LOT/LP_315-53/2021-01-04/LP_315-53-20210104@202150-Eden.fits (83/151)
Storing /home/altsai/eden/LOT20210104-LP_315-53_mod/LP_315-53-20210104@202304-Eden.fts -> s3://eden-data/RAW/LOT/LP_315-53/2021-01-04/LP_315-53-20210104@202304-Eden.fits (84/151)
Storing /home/altsai/eden/LOT20210104-LP_315-53_mod/LP_315-53-20210104@202418-Eden.fts -> s3://eden-data/RAW/LOT/LP_315-53/2021-01-04/LP_315-53-20210104@202418-Eden.fits (85/151)
Storing /home/altsai/eden/LOT20210104-LP_315-53_mod/LP_315-53-20210104@202533-Eden.fts -> s3://eden-data/RAW/LOT/LP_315-53/2021-01-04/LP_315-53-20210104@202533-Eden.fits (86/151)
Storing /home/altsai/eden/LOT20210104-LP_315-53_mod/LP_315-53-20210104@202645-Eden.fts -> s3://eden-data/RAW/LOT/LP_315-53/2021-01-04/LP_315-53-20210104@202645-Eden.fits (87/151)
Storing /home/altsai/eden/LOT20210104-LP_315-53_mod/LP_315-53-20210104@202758-Eden.fts -> s3://eden-data/RAW/LOT/LP_315-53/2021-01-04/LP_315-53-20210104@202758-Eden.fits (88/151)
Storing /home/altsai/eden/LOT20210104-LP_315-53_mod/LP_315-53-20210104@202912-Eden.fts -> s3://eden-data/RAW/LOT/LP_315-53/2021-01-04/LP_315-53-20210104@202912-Eden.fits (89/151)
Storing /home/altsai/eden/LOT20210104-LP_315-53_mod/LP_315-53-20210104@203026-Eden.fts -> s3://eden-data/RAW/LOT/LP_315-53/2021-01-04/LP_315-53-20210104@203026-Eden.fits (90/151)
Storing /home/altsai/eden/LOT20210104-LP_315-53_mod/LP_315-53-20210104@203139-Eden.fts -> s3://eden-data/RAW/LOT/LP_315-53/2021-01-04/LP_315-53-20210104@203139-Eden.fits (91/151)
Storing /home/altsai/eden/LOT20210104-LP_315-53_mod/LP_315-53-20210104@203252-Eden.fts -> s3://eden-data/RAW/LOT/LP_315-53/2021-01-04/LP_315-53-20210104@203252-Eden.fits (92/151)
Storing /home/altsai/eden/LOT20210104-LP_315-53_mod/LP_315-53-20210104@203406-Eden.fts -> s3://eden-data/RAW/LOT/LP_315-53/2021-01-04/LP_315-53-20210104@203406-Eden.fits (93/151)
Storing /home/altsai/eden/LOT20210104-LP_315-53_mod/LP_315-53-20210104@203519-Eden.fts -> s3://eden-data/RAW/LOT/LP_315-53/2021-01-04/LP_315-53-20210104@203519-Eden.fits (94/151)
Storing /home/altsai/eden/LOT20210104-LP_315-53_mod/LP_315-53-20210104@203631-Eden.fts -> s3://eden-data/RAW/LOT/LP_315-53/2021-01-04/LP_315-53-20210104@203631-Eden.fits (95/151)
Storing /home/altsai/eden/LOT20210104-LP_315-53_mod/LP_315-53-20210104@203745-Eden.fts -> s3://eden-data/RAW/LOT/LP_315-53/2021-01-04/LP_315-53-20210104@203745-Eden.fits (96/151)
Storing /home/altsai/eden/LOT20210104-LP_315-53_mod/LP_315-53-20210104@203857-Eden.fts -> s3://eden-data/RAW/LOT/LP_315-53/2021-01-04/LP_315-53-20210104@203857-Eden.fits (97/151)
Storing /home/altsai/eden/LOT20210104-LP_315-53_mod/LP_315-53-20210104@204010-Eden.fts -> s3://eden-data/RAW/LOT/LP_315-53/2021-01-04/LP_315-53-20210104@204010-Eden.fits (98/151)
Storing /home/altsai/eden/LOT20210104-LP_315-53_mod/LP_315-53-20210104@204124-Eden.fts -> s3://eden-data/RAW/LOT/LP_315-53/2021-01-04/LP_315-53-20210104@204124-Eden.fits (99/151)
Storing /home/altsai/eden/LOT20210104-LP_315-53_mod/LP_315-53-20210104@204238-Eden.fts -> s3://eden-data/RAW/LOT/LP_315-53/2021-01-04/LP_315-53-20210104@204238-Eden.fits (100/151)
Storing /home/altsai/eden/LOT20210104-LP_315-53_mod/LP_315-53-20210104@204350-Eden.fts -> s3://eden-data/RAW/LOT/LP_315-53/2021-01-04/LP_315-53-20210104@204350-Eden.fits (101/151)
Storing /home/altsai/eden/LOT20210104-LP_315-53_mod/LP_315-53-20210104@204504-Eden.fts -> s3://eden-data/RAW/LOT/LP_315-53/2021-01-04/LP_315-53-20210104@204504-Eden.fits (102/151)
Storing /home/altsai/eden/LOT20210104-LP_315-53_mod/LP_315-53-20210104@204617-Eden.fts -> s3://eden-data/RAW/LOT/LP_315-53/2021-01-04/LP_315-53-20210104@204617-Eden.fits (103/151)
Storing /home/altsai/eden/LOT20210104-LP_315-53_mod/LP_315-53-20210104@204729-Eden.fts -> s3://eden-data/RAW/LOT/LP_315-53/2021-01-04/LP_315-53-20210104@204729-Eden.fits (104/151)
Storing /home/altsai/eden/LOT20210104-LP_315-53_mod/LP_315-53-20210104@204844-Eden.fts -> s3://eden-data/RAW/LOT/LP_315-53/2021-01-04/LP_315-53-20210104@204844-Eden.fits (105/151)
Storing /home/altsai/eden/LOT20210104-LP_315-53_mod/LP_315-53-20210104@205000-Eden.fts -> s3://eden-data/RAW/LOT/LP_315-53/2021-01-04/LP_315-53-20210104@205000-Eden.fits (106/151)
Storing /home/altsai/eden/LOT20210104-LP_315-53_mod/LP_315-53-20210104@205112-Eden.fts -> s3://eden-data/RAW/LOT/LP_315-53/2021-01-04/LP_315-53-20210104@205112-Eden.fits (107/151)
Storing /home/altsai/eden/LOT20210104-LP_315-53_mod/LP_315-53-20210104@205226-Eden.fts -> s3://eden-data/RAW/LOT/LP_315-53/2021-01-04/LP_315-53-20210104@205226-Eden.fits (108/151)
Storing /home/altsai/eden/LOT20210104-LP_315-53_mod/LP_315-53-20210104@205339-Eden.fts -> s3://eden-data/RAW/LOT/LP_315-53/2021-01-04/LP_315-53-20210104@205339-Eden.fits (109/151)
Storing /home/altsai/eden/LOT20210104-LP_315-53_mod/LP_315-53-20210104@205453-Eden.fts -> s3://eden-data/RAW/LOT/LP_315-53/2021-01-04/LP_315-53-20210104@205453-Eden.fits (110/151)
Storing /home/altsai/eden/LOT20210104-LP_315-53_mod/LP_315-53-20210104@205607-Eden.fts -> s3://eden-data/RAW/LOT/LP_315-53/2021-01-04/LP_315-53-20210104@205607-Eden.fits (111/151)
Storing /home/altsai/eden/LOT20210104-LP_315-53_mod/LP_315-53-20210104@205720-Eden.fts -> s3://eden-data/RAW/LOT/LP_315-53/2021-01-04/LP_315-53-20210104@205720-Eden.fits (112/151)
Storing /home/altsai/eden/LOT20210104-LP_315-53_mod/LP_315-53-20210104@205834-Eden.fts -> s3://eden-data/RAW/LOT/LP_315-53/2021-01-04/LP_315-53-20210104@205834-Eden.fits (113/151)
Storing /home/altsai/eden/LOT20210104-LP_315-53_mod/LP_315-53-20210104@205949-Eden.fts -> s3://eden-data/RAW/LOT/LP_315-53/2021-01-04/LP_315-53-20210104@205949-Eden.fits (114/151)
Storing /home/altsai/eden/LOT20210104-LP_315-53_mod/LP_315-53-20210104@210104-Eden.fts -> s3://eden-data/RAW/LOT/LP_315-53/2021-01-04/LP_315-53-20210104@210104-Eden.fits (115/151)
Storing /home/altsai/eden/LOT20210104-LP_315-53_mod/LP_315-53-20210104@210217-Eden.fts -> s3://eden-data/RAW/LOT/LP_315-53/2021-01-04/LP_315-53-20210104@210217-Eden.fits (116/151)
Storing /home/altsai/eden/LOT20210104-LP_315-53_mod/LP_315-53-20210104@210332-Eden.fts -> s3://eden-data/RAW/LOT/LP_315-53/2021-01-04/LP_315-53-20210104@210332-Eden.fits (117/151)
Storing /home/altsai/eden/LOT20210104-LP_315-53_mod/LP_315-53-20210104@210445-Eden.fts -> s3://eden-data/RAW/LOT/LP_315-53/2021-01-04/LP_315-53-20210104@210445-Eden.fits (118/151)
Storing /home/altsai/eden/LOT20210104-LP_315-53_mod/LP_315-53-20210104@210557-Eden.fts -> s3://eden-data/RAW/LOT/LP_315-53/2021-01-04/LP_315-53-20210104@210557-Eden.fits (119/151)
Storing /home/altsai/eden/LOT20210104-LP_315-53_mod/LP_315-53-20210104@210711-Eden.fts -> s3://eden-data/RAW/LOT/LP_315-53/2021-01-04/LP_315-53-20210104@210711-Eden.fits (120/151)
Storing /home/altsai/eden/LOT20210104-LP_315-53_mod/LP_315-53-20210104@210824-Eden.fts -> s3://eden-data/RAW/LOT/LP_315-53/2021-01-04/LP_315-53-20210104@210824-Eden.fits (121/151)
Storing /home/altsai/eden/LOT20210104-LP_315-53_mod/LP_315-53-20210104@210938-Eden.fts -> s3://eden-data/RAW/LOT/LP_315-53/2021-01-04/LP_315-53-20210104@210938-Eden.fits (122/151)
Storing /home/altsai/eden/LOT20210104-LP_315-53_mod/LP_315-53-20210104@211051-Eden.fts -> s3://eden-data/RAW/LOT/LP_315-53/2021-01-04/LP_315-53-20210104@211051-Eden.fits (123/151)
Storing /home/altsai/eden/LOT20210104-LP_315-53_mod/LP_315-53-20210104@211207-Eden.fts -> s3://eden-data/RAW/LOT/LP_315-53/2021-01-04/LP_315-53-20210104@211207-Eden.fits (124/151)
Storing /home/altsai/eden/LOT20210104-LP_315-53_mod/LP_315-53-20210104@211321-Eden.fts -> s3://eden-data/RAW/LOT/LP_315-53/2021-01-04/LP_315-53-20210104@211321-Eden.fits (125/151)
Storing /home/altsai/eden/LOT20210104-LP_315-53_mod/LP_315-53-20210104@211433-Eden.fts -> s3://eden-data/RAW/LOT/LP_315-53/2021-01-04/LP_315-53-20210104@211433-Eden.fits (126/151)
Storing /home/altsai/eden/LOT20210104-LP_315-53_mod/LP_315-53-20210104@211547-Eden.fts -> s3://eden-data/RAW/LOT/LP_315-53/2021-01-04/LP_315-53-20210104@211547-Eden.fits (127/151)
Storing /home/altsai/eden/LOT20210104-LP_315-53_mod/LP_315-53-20210104@211700-Eden.fts -> s3://eden-data/RAW/LOT/LP_315-53/2021-01-04/LP_315-53-20210104@211700-Eden.fits (128/151)
Storing /home/altsai/eden/LOT20210104-LP_315-53_mod/LP_315-53-20210104@211812-Eden.fts -> s3://eden-data/RAW/LOT/LP_315-53/2021-01-04/LP_315-53-20210104@211812-Eden.fits (129/151)
Storing /home/altsai/eden/LOT20210104-LP_315-53_mod/LP_315-53-20210104@211925-Eden.fts -> s3://eden-data/RAW/LOT/LP_315-53/2021-01-04/LP_315-53-20210104@211925-Eden.fits (130/151)
Storing /home/altsai/eden/LOT20210104-LP_315-53_mod/LP_315-53-20210104@212040-Eden.fts -> s3://eden-data/RAW/LOT/LP_315-53/2021-01-04/LP_315-53-20210104@212040-Eden.fits (131/151)
Storing /home/altsai/eden/LOT20210104-LP_315-53_mod/LP_315-53-20210104@212153-Eden.fts -> s3://eden-data/RAW/LOT/LP_315-53/2021-01-04/LP_315-53-20210104@212153-Eden.fits (132/151)
Storing /home/altsai/eden/LOT20210104-LP_315-53_mod/LP_315-53-20210104@212306-Eden.fts -> s3://eden-data/RAW/LOT/LP_315-53/2021-01-04/LP_315-53-20210104@212306-Eden.fits (133/151)
Storing /home/altsai/eden/LOT20210104-LP_315-53_mod/LP_315-53-20210104@212419-Eden.fts -> s3://eden-data/RAW/LOT/LP_315-53/2021-01-04/LP_315-53-20210104@212419-Eden.fits (134/151)
Storing /home/altsai/eden/LOT20210104-LP_315-53_mod/LP_315-53-20210104@212533-Eden.fts -> s3://eden-data/RAW/LOT/LP_315-53/2021-01-04/LP_315-53-20210104@212533-Eden.fits (135/151)
Storing /home/altsai/eden/LOT20210104-LP_315-53_mod/LP_315-53-20210104@212645-Eden.fts -> s3://eden-data/RAW/LOT/LP_315-53/2021-01-04/LP_315-53-20210104@212645-Eden.fits (136/151)
Storing /home/altsai/eden/LOT20210104-LP_315-53_mod/LP_315-53-20210104@212759-Eden.fts -> s3://eden-data/RAW/LOT/LP_315-53/2021-01-04/LP_315-53-20210104@212759-Eden.fits (137/151)
Storing /home/altsai/eden/LOT20210104-LP_315-53_mod/LP_315-53-20210104@212912-Eden.fts -> s3://eden-data/RAW/LOT/LP_315-53/2021-01-04/LP_315-53-20210104@212912-Eden.fits (138/151)
Storing /home/altsai/eden/LOT20210104-LP_315-53_mod/LP_315-53-20210104@213024-Eden.fts -> s3://eden-data/RAW/LOT/LP_315-53/2021-01-04/LP_315-53-20210104@213024-Eden.fits (139/151)
Storing /home/altsai/eden/LOT20210104-LP_315-53_mod/LP_315-53-20210104@213137-Eden.fts -> s3://eden-data/RAW/LOT/LP_315-53/2021-01-04/LP_315-53-20210104@213137-Eden.fits (140/151)
Storing /home/altsai/eden/LOT20210104-LP_315-53_mod/LP_315-53-20210104@213250-Eden.fts -> s3://eden-data/RAW/LOT/LP_315-53/2021-01-04/LP_315-53-20210104@213250-Eden.fits (141/151)
Storing /home/altsai/eden/LOT20210104-LP_315-53_mod/LP_315-53-20210104@213403-Eden.fts -> s3://eden-data/RAW/LOT/LP_315-53/2021-01-04/LP_315-53-20210104@213403-Eden.fits (142/151)
Storing /home/altsai/eden/LOT20210104-LP_315-53_mod/LP_315-53-20210104@213516-Eden.fts -> s3://eden-data/RAW/LOT/LP_315-53/2021-01-04/LP_315-53-20210104@213516-Eden.fits (143/151)
Storing /home/altsai/eden/LOT20210104-LP_315-53_mod/LP_315-53-20210104@213629-Eden.fts -> s3://eden-data/RAW/LOT/LP_315-53/2021-01-04/LP_315-53-20210104@213629-Eden.fits (144/151)
Storing /home/altsai/eden/LOT20210104-LP_315-53_mod/LP_315-53-20210104@213742-Eden.fts -> s3://eden-data/RAW/LOT/LP_315-53/2021-01-04/LP_315-53-20210104@213742-Eden.fits (145/151)
Storing /home/altsai/eden/LOT20210104-LP_315-53_mod/LP_315-53-20210104@213855-Eden.fts -> s3://eden-data/RAW/LOT/LP_315-53/2021-01-04/LP_315-53-20210104@213855-Eden.fits (146/151)
Storing /home/altsai/eden/LOT20210104-LP_315-53_mod/LP_315-53-20210104@214007-Eden.fts -> s3://eden-data/RAW/LOT/LP_315-53/2021-01-04/LP_315-53-20210104@214007-Eden.fits (147/151)
Storing /home/altsai/eden/LOT20210104-LP_315-53_mod/LP_315-53-20210104@214120-Eden.fts -> s3://eden-data/RAW/LOT/LP_315-53/2021-01-04/LP_315-53-20210104@214120-Eden.fits (148/151)
Storing /home/altsai/eden/LOT20210104-LP_315-53_mod/LP_315-53-20210104@214235-Eden.fts -> s3://eden-data/RAW/LOT/LP_315-53/2021-01-04/LP_315-53-20210104@214235-Eden.fits (149/151)
Storing /home/altsai/eden/LOT20210104-LP_315-53_mod/LP_315-53-20210104@214348-Eden.fts -> s3://eden-data/RAW/LOT/LP_315-53/2021-01-04/LP_315-53-20210104@214348-Eden.fits (150/151)
Storing /home/altsai/eden/LOT20210104-LP_315-53_mod/LP_315-53-20210104@214501-Eden.fts -> s3://eden-data/RAW/LOT/LP_315-53/2021-01-04/LP_315-53-20210104@214501-Eden.fits (151/151)

Upload complete!
Stored: 151 files (1.3 GB)
