-----------------
input parameters
-----------------
['modify_header_eden.py', 'LOT20200328-2MUCD11188', '15']
Your will modify header for: 2MUCD11188 [RA] 14 03 22.2917 [Dec] +30 07 54.6373 [Filter] GG495
---------------
folder: LOT20200328-2MUCD11188
will update fits in: LOT20200328-2MUCD11188_mod
 ---------------------------
 Exame Fits Header for Bias
 ---------------------------
find ./LOT20200328-2MUCD11188/bias-dark/ | grep 'fits\|fts'|sort 
found 80 Bias/Dark
1/80 Bias-20200328@215056-000S.fts [TYPE] BIAS [EXPTIME] 0.0
2/80 Bias-20200328@215104-000S.fts [TYPE] BIAS [EXPTIME] 0.0
3/80 Bias-20200328@215110-000S.fts [TYPE] BIAS [EXPTIME] 0.0
4/80 Bias-20200328@215118-000S.fts [TYPE] BIAS [EXPTIME] 0.0
5/80 Bias-20200328@215124-000S.fts [TYPE] BIAS [EXPTIME] 0.0
6/80 Bias-20200328@215131-000S.fts [TYPE] BIAS [EXPTIME] 0.0
7/80 Bias-20200328@215138-000S.fts [TYPE] BIAS [EXPTIME] 0.0
8/80 Bias-20200328@215145-000S.fts [TYPE] BIAS [EXPTIME] 0.0
9/80 Bias-20200328@215151-000S.fts [TYPE] BIAS [EXPTIME] 0.0
10/80 Bias-20200328@215158-000S.fts [TYPE] BIAS [EXPTIME] 0.0
11/80 Dark-20200328@215205-005S.fts [TYPE] DARK [EXPTIME] 5.0
12/80 Dark-20200328@215217-005S.fts [TYPE] DARK [EXPTIME] 5.0
13/80 Dark-20200328@215229-005S.fts [TYPE] DARK [EXPTIME] 5.0
14/80 Dark-20200328@215241-005S.fts [TYPE] DARK [EXPTIME] 5.0
15/80 Dark-20200328@215253-005S.fts [TYPE] DARK [EXPTIME] 5.0
16/80 Dark-20200328@215305-005S.fts [TYPE] DARK [EXPTIME] 5.0
17/80 Dark-20200328@215317-005S.fts [TYPE] DARK [EXPTIME] 5.0
18/80 Dark-20200328@215329-005S.fts [TYPE] DARK [EXPTIME] 5.0
19/80 Dark-20200328@215341-005S.fts [TYPE] DARK [EXPTIME] 5.0
20/80 Dark-20200328@215353-005S.fts [TYPE] DARK [EXPTIME] 5.0
21/80 Dark-20200328@215407-010S.fts [TYPE] DARK [EXPTIME] 10.0
22/80 Dark-20200328@215423-010S.fts [TYPE] DARK [EXPTIME] 10.0
23/80 Dark-20200328@215440-010S.fts [TYPE] DARK [EXPTIME] 10.0
24/80 Dark-20200328@215457-010S.fts [TYPE] DARK [EXPTIME] 10.0
25/80 Dark-20200328@215513-010S.fts [TYPE] DARK [EXPTIME] 10.0
26/80 Dark-20200328@215531-010S.fts [TYPE] DARK [EXPTIME] 10.0
27/80 Dark-20200328@215547-010S.fts [TYPE] DARK [EXPTIME] 10.0
28/80 Dark-20200328@215604-010S.fts [TYPE] DARK [EXPTIME] 10.0
29/80 Dark-20200328@215620-010S.fts [TYPE] DARK [EXPTIME] 10.0
30/80 Dark-20200328@215637-010S.fts [TYPE] DARK [EXPTIME] 10.0
31/80 Dark-20200328@215655-020S.fts [TYPE] DARK [EXPTIME] 20.0
32/80 Dark-20200328@215722-020S.fts [TYPE] DARK [EXPTIME] 20.0
33/80 Dark-20200328@215749-020S.fts [TYPE] DARK [EXPTIME] 20.0
34/80 Dark-20200328@215815-020S.fts [TYPE] DARK [EXPTIME] 20.0
35/80 Dark-20200328@215842-020S.fts [TYPE] DARK [EXPTIME] 20.0
36/80 Dark-20200328@215909-020S.fts [TYPE] DARK [EXPTIME] 20.0
37/80 Dark-20200328@215936-020S.fts [TYPE] DARK [EXPTIME] 20.0
38/80 Dark-20200328@220003-020S.fts [TYPE] DARK [EXPTIME] 20.0
39/80 Dark-20200328@220029-020S.fts [TYPE] DARK [EXPTIME] 20.0
40/80 Dark-20200328@220056-020S.fts [TYPE] DARK [EXPTIME] 20.0
41/80 Dark-20200328@220124-030S.fts [TYPE] DARK [EXPTIME] 30.0
42/80 Dark-20200328@220201-030S.fts [TYPE] DARK [EXPTIME] 30.0
43/80 Dark-20200328@220238-030S.fts [TYPE] DARK [EXPTIME] 30.0
44/80 Dark-20200328@220315-030S.fts [TYPE] DARK [EXPTIME] 30.0
45/80 Dark-20200328@220352-030S.fts [TYPE] DARK [EXPTIME] 30.0
46/80 Dark-20200328@220430-030S.fts [TYPE] DARK [EXPTIME] 30.0
47/80 Dark-20200328@220506-030S.fts [TYPE] DARK [EXPTIME] 30.0
48/80 Dark-20200328@220543-030S.fts [TYPE] DARK [EXPTIME] 30.0
49/80 Dark-20200328@220621-030S.fts [TYPE] DARK [EXPTIME] 30.0
50/80 Dark-20200328@220658-030S.fts [TYPE] DARK [EXPTIME] 30.0
51/80 Dark-20200328@220736-060S.fts [TYPE] DARK [EXPTIME] 60.0
52/80 Dark-20200328@220843-060S.fts [TYPE] DARK [EXPTIME] 60.0
53/80 Dark-20200328@220950-060S.fts [TYPE] DARK [EXPTIME] 60.0
54/80 Dark-20200328@221056-060S.fts [TYPE] DARK [EXPTIME] 60.0
55/80 Dark-20200328@221203-060S.fts [TYPE] DARK [EXPTIME] 60.0
56/80 Dark-20200328@221310-060S.fts [TYPE] DARK [EXPTIME] 60.0
57/80 Dark-20200328@221417-060S.fts [TYPE] DARK [EXPTIME] 60.0
58/80 Dark-20200328@221524-060S.fts [TYPE] DARK [EXPTIME] 60.0
59/80 Dark-20200328@221631-060S.fts [TYPE] DARK [EXPTIME] 60.0
60/80 Dark-20200328@221738-060S.fts [TYPE] DARK [EXPTIME] 60.0
61/80 Dark-20200328@221845-120S.fts [TYPE] DARK [EXPTIME] 120.0
62/80 Dark-20200328@222051-120S.fts [TYPE] DARK [EXPTIME] 120.0
63/80 Dark-20200328@222258-120S.fts [TYPE] DARK [EXPTIME] 120.0
64/80 Dark-20200328@222505-120S.fts [TYPE] DARK [EXPTIME] 120.0
65/80 Dark-20200328@222713-120S.fts [TYPE] DARK [EXPTIME] 120.0
66/80 Dark-20200328@222920-120S.fts [TYPE] DARK [EXPTIME] 120.0
67/80 Dark-20200328@223127-120S.fts [TYPE] DARK [EXPTIME] 120.0
68/80 Dark-20200328@223334-120S.fts [TYPE] DARK [EXPTIME] 120.0
69/80 Dark-20200328@223540-120S.fts [TYPE] DARK [EXPTIME] 120.0
70/80 Dark-20200328@223747-120S.fts [TYPE] DARK [EXPTIME] 120.0
71/80 Dark-20200328@223955-240S.fts [TYPE] DARK [EXPTIME] 240.0
72/80 Dark-20200328@224402-240S.fts [TYPE] DARK [EXPTIME] 240.0
73/80 Dark-20200328@224809-240S.fts [TYPE] DARK [EXPTIME] 240.0
74/80 Dark-20200328@225215-240S.fts [TYPE] DARK [EXPTIME] 240.0
75/80 Dark-20200328@225622-240S.fts [TYPE] DARK [EXPTIME] 240.0
76/80 Dark-20200328@230030-240S.fts [TYPE] DARK [EXPTIME] 240.0
77/80 Dark-20200328@230437-240S.fts [TYPE] DARK [EXPTIME] 240.0
78/80 Dark-20200328@230843-240S.fts [TYPE] DARK [EXPTIME] 240.0
79/80 Dark-20200328@231251-240S.fts [TYPE] DARK [EXPTIME] 240.0
80/80 Dark-20200328@231658-240S.fts [TYPE] DARK [EXPTIME] 240.0
 ---------------------------
 Exame Fits Header for Flat
 ---------------------------
find ./LOT20200328-2MUCD11188/ | grep flat/ |grep eden| grep -E 'fits|fts'|sort -t'-' -k2.4,2.6 
found 6 Flat
1/6 20200328_flat-010eden.fits [TYPE] FLAT [EXPTIME] 30.0 [FIL] GG495
2/6 20200328_flat-011eden.fits [TYPE] FLAT [EXPTIME] 30.0 [FIL] GG495
3/6 20200328_flat-012eden.fits [TYPE] FLAT [EXPTIME] 20.0 [FIL] GG495
4/6 20200328_flat-013eden.fits [TYPE] FLAT [EXPTIME] 20.0 [FIL] GG495
5/6 20200328_flat-014eden.fits [TYPE] FLAT [EXPTIME] 20.0 [FIL] GG495
6/6 20200328_flat-015eden.fits [TYPE] FLAT [EXPTIME] 10.0 [FIL] GG495
 ---------------------------
 Update Fits Header for Science Target
 ---------------------------
find ./LOT20200328-2MUCD11188/wchen/ | cut -d / -f1-4| grep 'fits\|fts'  |sort -t'@' -k2
found 305 Target

... update header ...
1/305 2MUCD11188-20200328@141757-Eden.fts [TYPE] LIGHT [OBJ] 2MUCD11188 [RA] 14 03 22.2917 [Dec] +30 07 54.6373 [FIL] GG495 [EXPTIME] 60.0 [Date] 2020-03-28T14:18:10 [Time] 14:18:10
2/305 2MUCD11188-20200328@141923-Eden.fts [TYPE] LIGHT [OBJ] 2MUCD11188 [RA] 14 03 22.2917 [Dec] +30 07 54.6373 [FIL] GG495 [EXPTIME] 60.0 [Date] 2020-03-28T14:19:23 [Time] 14:19:23
3/305 2MUCD11188-20200328@142503-Eden.fts [TYPE] LIGHT [OBJ] 2MUCD11188 [RA] 14 03 22.2917 [Dec] +30 07 54.6373 [FIL] GG495 [EXPTIME] 60.0 [Date] 2020-03-28T14:25:16 [Time] 14:25:16
4/305 2MUCD11188-20200328@142631-Eden.fts [TYPE] LIGHT [OBJ] 2MUCD11188 [RA] 14 03 22.2917 [Dec] +30 07 54.6373 [FIL] GG495 [EXPTIME] 60.0 [Date] 2020-03-28T14:26:31 [Time] 14:26:31
5/305 2MUCD11188-20200328@142746-Eden.fts [TYPE] LIGHT [OBJ] 2MUCD11188 [RA] 14 03 22.2917 [Dec] +30 07 54.6373 [FIL] GG495 [EXPTIME] 60.0 [Date] 2020-03-28T14:27:46 [Time] 14:27:46
6/305 2MUCD11188-20200328@142901-Eden.fts [TYPE] LIGHT [OBJ] 2MUCD11188 [RA] 14 03 22.2917 [Dec] +30 07 54.6373 [FIL] GG495 [EXPTIME] 60.0 [Date] 2020-03-28T14:29:01 [Time] 14:29:01
7/305 2MUCD11188-20200328@143015-Eden.fts [TYPE] LIGHT [OBJ] 2MUCD11188 [RA] 14 03 22.2917 [Dec] +30 07 54.6373 [FIL] GG495 [EXPTIME] 60.0 [Date] 2020-03-28T14:30:16 [Time] 14:30:16
8/305 2MUCD11188-20200328@143407-Eden.fts [TYPE] LIGHT [OBJ] 2MUCD11188 [RA] 14 03 22.2917 [Dec] +30 07 54.6373 [FIL] GG495 [EXPTIME] 60.0 [Date] 2020-03-28T14:34:20 [Time] 14:34:20
9/305 2MUCD11188-20200328@143533-Eden.fts [TYPE] LIGHT [OBJ] 2MUCD11188 [RA] 14 03 22.2917 [Dec] +30 07 54.6373 [FIL] GG495 [EXPTIME] 60.0 [Date] 2020-03-28T14:35:34 [Time] 14:35:34
10/305 2MUCD11188-20200328@143647-Eden.fts [TYPE] LIGHT [OBJ] 2MUCD11188 [RA] 14 03 22.2917 [Dec] +30 07 54.6373 [FIL] GG495 [EXPTIME] 60.0 [Date] 2020-03-28T14:36:47 [Time] 14:36:47
11/305 2MUCD11188-20200328@143801-Eden.fts [TYPE] LIGHT [OBJ] 2MUCD11188 [RA] 14 03 22.2917 [Dec] +30 07 54.6373 [FIL] GG495 [EXPTIME] 60.0 [Date] 2020-03-28T14:38:01 [Time] 14:38:01
12/305 2MUCD11188-20200328@143915-Eden.fts [TYPE] LIGHT [OBJ] 2MUCD11188 [RA] 14 03 22.2917 [Dec] +30 07 54.6373 [FIL] GG495 [EXPTIME] 60.0 [Date] 2020-03-28T14:39:15 [Time] 14:39:15
13/305 2MUCD11188-20200328@144029-Eden.fts [TYPE] LIGHT [OBJ] 2MUCD11188 [RA] 14 03 22.2917 [Dec] +30 07 54.6373 [FIL] GG495 [EXPTIME] 60.0 [Date] 2020-03-28T14:40:30 [Time] 14:40:30
14/305 2MUCD11188-20200328@144144-Eden.fts [TYPE] LIGHT [OBJ] 2MUCD11188 [RA] 14 03 22.2917 [Dec] +30 07 54.6373 [FIL] GG495 [EXPTIME] 60.0 [Date] 2020-03-28T14:41:44 [Time] 14:41:44
15/305 2MUCD11188-20200328@144258-Eden.fts [TYPE] LIGHT [OBJ] 2MUCD11188 [RA] 14 03 22.2917 [Dec] +30 07 54.6373 [FIL] GG495 [EXPTIME] 60.0 [Date] 2020-03-28T14:42:59 [Time] 14:42:59
16/305 2MUCD11188-20200328@144412-Eden.fts [TYPE] LIGHT [OBJ] 2MUCD11188 [RA] 14 03 22.2917 [Dec] +30 07 54.6373 [FIL] GG495 [EXPTIME] 60.0 [Date] 2020-03-28T14:44:13 [Time] 14:44:13
17/305 2MUCD11188-20200328@144527-Eden.fts [TYPE] LIGHT [OBJ] 2MUCD11188 [RA] 14 03 22.2917 [Dec] +30 07 54.6373 [FIL] GG495 [EXPTIME] 60.0 [Date] 2020-03-28T14:45:27 [Time] 14:45:27
18/305 2MUCD11188-20200328@144642-Eden.fts [TYPE] LIGHT [OBJ] 2MUCD11188 [RA] 14 03 22.2917 [Dec] +30 07 54.6373 [FIL] GG495 [EXPTIME] 60.0 [Date] 2020-03-28T14:46:42 [Time] 14:46:42
19/305 2MUCD11188-20200328@144757-Eden.fts [TYPE] LIGHT [OBJ] 2MUCD11188 [RA] 14 03 22.2917 [Dec] +30 07 54.6373 [FIL] GG495 [EXPTIME] 60.0 [Date] 2020-03-28T14:47:58 [Time] 14:47:58
20/305 2MUCD11188-20200328@144911-Eden.fts [TYPE] LIGHT [OBJ] 2MUCD11188 [RA] 14 03 22.2917 [Dec] +30 07 54.6373 [FIL] GG495 [EXPTIME] 60.0 [Date] 2020-03-28T14:49:12 [Time] 14:49:12
21/305 2MUCD11188-20200328@145026-Eden.fts [TYPE] LIGHT [OBJ] 2MUCD11188 [RA] 14 03 22.2917 [Dec] +30 07 54.6373 [FIL] GG495 [EXPTIME] 60.0 [Date] 2020-03-28T14:50:26 [Time] 14:50:26
22/305 2MUCD11188-20200328@145142-Eden.fts [TYPE] LIGHT [OBJ] 2MUCD11188 [RA] 14 03 22.2917 [Dec] +30 07 54.6373 [FIL] GG495 [EXPTIME] 60.0 [Date] 2020-03-28T14:51:42 [Time] 14:51:42
23/305 2MUCD11188-20200328@145256-Eden.fts [TYPE] LIGHT [OBJ] 2MUCD11188 [RA] 14 03 22.2917 [Dec] +30 07 54.6373 [FIL] GG495 [EXPTIME] 60.0 [Date] 2020-03-28T14:52:56 [Time] 14:52:56
24/305 2MUCD11188-20200328@145412-Eden.fts [TYPE] LIGHT [OBJ] 2MUCD11188 [RA] 14 03 22.2917 [Dec] +30 07 54.6373 [FIL] GG495 [EXPTIME] 60.0 [Date] 2020-03-28T14:54:12 [Time] 14:54:12
25/305 2MUCD11188-20200328@145527-Eden.fts [TYPE] LIGHT [OBJ] 2MUCD11188 [RA] 14 03 22.2917 [Dec] +30 07 54.6373 [FIL] GG495 [EXPTIME] 60.0 [Date] 2020-03-28T14:55:28 [Time] 14:55:28
26/305 2MUCD11188-20200328@145642-Eden.fts [TYPE] LIGHT [OBJ] 2MUCD11188 [RA] 14 03 22.2917 [Dec] +30 07 54.6373 [FIL] GG495 [EXPTIME] 60.0 [Date] 2020-03-28T14:56:42 [Time] 14:56:42
27/305 2MUCD11188-20200328@145756-Eden.fts [TYPE] LIGHT [OBJ] 2MUCD11188 [RA] 14 03 22.2917 [Dec] +30 07 54.6373 [FIL] GG495 [EXPTIME] 60.0 [Date] 2020-03-28T14:57:56 [Time] 14:57:56
28/305 2MUCD11188-20200328@145911-Eden.fts [TYPE] LIGHT [OBJ] 2MUCD11188 [RA] 14 03 22.2917 [Dec] +30 07 54.6373 [FIL] GG495 [EXPTIME] 60.0 [Date] 2020-03-28T14:59:12 [Time] 14:59:12
29/305 2MUCD11188-20200328@150026-Eden.fts [TYPE] LIGHT [OBJ] 2MUCD11188 [RA] 14 03 22.2917 [Dec] +30 07 54.6373 [FIL] GG495 [EXPTIME] 60.0 [Date] 2020-03-28T15:00:26 [Time] 15:00:26
30/305 2MUCD11188-20200328@150141-Eden.fts [TYPE] LIGHT [OBJ] 2MUCD11188 [RA] 14 03 22.2917 [Dec] +30 07 54.6373 [FIL] GG495 [EXPTIME] 60.0 [Date] 2020-03-28T15:01:41 [Time] 15:01:41
31/305 2MUCD11188-20200328@150255-Eden.fts [TYPE] LIGHT [OBJ] 2MUCD11188 [RA] 14 03 22.2917 [Dec] +30 07 54.6373 [FIL] GG495 [EXPTIME] 60.0 [Date] 2020-03-28T15:02:55 [Time] 15:02:55
32/305 2MUCD11188-20200328@150409-Eden.fts [TYPE] LIGHT [OBJ] 2MUCD11188 [RA] 14 03 22.2917 [Dec] +30 07 54.6373 [FIL] GG495 [EXPTIME] 60.0 [Date] 2020-03-28T15:04:09 [Time] 15:04:09
33/305 2MUCD11188-20200328@150525-Eden.fts [TYPE] LIGHT [OBJ] 2MUCD11188 [RA] 14 03 22.2917 [Dec] +30 07 54.6373 [FIL] GG495 [EXPTIME] 60.0 [Date] 2020-03-28T15:05:26 [Time] 15:05:26
34/305 2MUCD11188-20200328@150640-Eden.fts [TYPE] LIGHT [OBJ] 2MUCD11188 [RA] 14 03 22.2917 [Dec] +30 07 54.6373 [FIL] GG495 [EXPTIME] 60.0 [Date] 2020-03-28T15:06:41 [Time] 15:06:41
35/305 2MUCD11188-20200328@150754-Eden.fts [TYPE] LIGHT [OBJ] 2MUCD11188 [RA] 14 03 22.2917 [Dec] +30 07 54.6373 [FIL] GG495 [EXPTIME] 60.0 [Date] 2020-03-28T15:07:55 [Time] 15:07:55
36/305 2MUCD11188-20200328@150909-Eden.fts [TYPE] LIGHT [OBJ] 2MUCD11188 [RA] 14 03 22.2917 [Dec] +30 07 54.6373 [FIL] GG495 [EXPTIME] 60.0 [Date] 2020-03-28T15:09:09 [Time] 15:09:09
37/305 2MUCD11188-20200328@151024-Eden.fts [TYPE] LIGHT [OBJ] 2MUCD11188 [RA] 14 03 22.2917 [Dec] +30 07 54.6373 [FIL] GG495 [EXPTIME] 60.0 [Date] 2020-03-28T15:10:24 [Time] 15:10:24
38/305 2MUCD11188-20200328@151139-Eden.fts [TYPE] LIGHT [OBJ] 2MUCD11188 [RA] 14 03 22.2917 [Dec] +30 07 54.6373 [FIL] GG495 [EXPTIME] 60.0 [Date] 2020-03-28T15:11:39 [Time] 15:11:39
39/305 2MUCD11188-20200328@151255-Eden.fts [TYPE] LIGHT [OBJ] 2MUCD11188 [RA] 14 03 22.2917 [Dec] +30 07 54.6373 [FIL] GG495 [EXPTIME] 60.0 [Date] 2020-03-28T15:12:56 [Time] 15:12:56
40/305 2MUCD11188-20200328@151410-Eden.fts [TYPE] LIGHT [OBJ] 2MUCD11188 [RA] 14 03 22.2917 [Dec] +30 07 54.6373 [FIL] GG495 [EXPTIME] 60.0 [Date] 2020-03-28T15:14:11 [Time] 15:14:11
41/305 2MUCD11188-20200328@151525-Eden.fts [TYPE] LIGHT [OBJ] 2MUCD11188 [RA] 14 03 22.2917 [Dec] +30 07 54.6373 [FIL] GG495 [EXPTIME] 60.0 [Date] 2020-03-28T15:15:25 [Time] 15:15:25
42/305 2MUCD11188-20200328@151639-Eden.fts [TYPE] LIGHT [OBJ] 2MUCD11188 [RA] 14 03 22.2917 [Dec] +30 07 54.6373 [FIL] GG495 [EXPTIME] 60.0 [Date] 2020-03-28T15:16:39 [Time] 15:16:39
43/305 2MUCD11188-20200328@151755-Eden.fts [TYPE] LIGHT [OBJ] 2MUCD11188 [RA] 14 03 22.2917 [Dec] +30 07 54.6373 [FIL] GG495 [EXPTIME] 60.0 [Date] 2020-03-28T15:17:56 [Time] 15:17:56
44/305 2MUCD11188-20200328@151910-Eden.fts [TYPE] LIGHT [OBJ] 2MUCD11188 [RA] 14 03 22.2917 [Dec] +30 07 54.6373 [FIL] GG495 [EXPTIME] 60.0 [Date] 2020-03-28T15:19:10 [Time] 15:19:10
45/305 2MUCD11188-20200328@152024-Eden.fts [TYPE] LIGHT [OBJ] 2MUCD11188 [RA] 14 03 22.2917 [Dec] +30 07 54.6373 [FIL] GG495 [EXPTIME] 60.0 [Date] 2020-03-28T15:20:25 [Time] 15:20:25
46/305 2MUCD11188-20200328@152139-Eden.fts [TYPE] LIGHT [OBJ] 2MUCD11188 [RA] 14 03 22.2917 [Dec] +30 07 54.6373 [FIL] GG495 [EXPTIME] 60.0 [Date] 2020-03-28T15:21:40 [Time] 15:21:40
47/305 2MUCD11188-20200328@152254-Eden.fts [TYPE] LIGHT [OBJ] 2MUCD11188 [RA] 14 03 22.2917 [Dec] +30 07 54.6373 [FIL] GG495 [EXPTIME] 60.0 [Date] 2020-03-28T15:22:55 [Time] 15:22:55
48/305 2MUCD11188-20200328@152409-Eden.fts [TYPE] LIGHT [OBJ] 2MUCD11188 [RA] 14 03 22.2917 [Dec] +30 07 54.6373 [FIL] GG495 [EXPTIME] 60.0 [Date] 2020-03-28T15:24:09 [Time] 15:24:09
49/305 2MUCD11188-20200328@152524-Eden.fts [TYPE] LIGHT [OBJ] 2MUCD11188 [RA] 14 03 22.2917 [Dec] +30 07 54.6373 [FIL] GG495 [EXPTIME] 60.0 [Date] 2020-03-28T15:25:24 [Time] 15:25:24
50/305 2MUCD11188-20200328@152639-Eden.fts [TYPE] LIGHT [OBJ] 2MUCD11188 [RA] 14 03 22.2917 [Dec] +30 07 54.6373 [FIL] GG495 [EXPTIME] 60.0 [Date] 2020-03-28T15:26:39 [Time] 15:26:39
51/305 2MUCD11188-20200328@152753-Eden.fts [TYPE] LIGHT [OBJ] 2MUCD11188 [RA] 14 03 22.2917 [Dec] +30 07 54.6373 [FIL] GG495 [EXPTIME] 60.0 [Date] 2020-03-28T15:27:54 [Time] 15:27:54
52/305 2MUCD11188-20200328@152908-Eden.fts [TYPE] LIGHT [OBJ] 2MUCD11188 [RA] 14 03 22.2917 [Dec] +30 07 54.6373 [FIL] GG495 [EXPTIME] 60.0 [Date] 2020-03-28T15:29:09 [Time] 15:29:09
53/305 2MUCD11188-20200328@153025-Eden.fts [TYPE] LIGHT [OBJ] 2MUCD11188 [RA] 14 03 22.2917 [Dec] +30 07 54.6373 [FIL] GG495 [EXPTIME] 60.0 [Date] 2020-03-28T15:30:26 [Time] 15:30:26
54/305 2MUCD11188-20200328@153141-Eden.fts [TYPE] LIGHT [OBJ] 2MUCD11188 [RA] 14 03 22.2917 [Dec] +30 07 54.6373 [FIL] GG495 [EXPTIME] 60.0 [Date] 2020-03-28T15:31:41 [Time] 15:31:41
55/305 2MUCD11188-20200328@153255-Eden.fts [TYPE] LIGHT [OBJ] 2MUCD11188 [RA] 14 03 22.2917 [Dec] +30 07 54.6373 [FIL] GG495 [EXPTIME] 60.0 [Date] 2020-03-28T15:32:56 [Time] 15:32:56
56/305 2MUCD11188-20200328@153409-Eden.fts [TYPE] LIGHT [OBJ] 2MUCD11188 [RA] 14 03 22.2917 [Dec] +30 07 54.6373 [FIL] GG495 [EXPTIME] 60.0 [Date] 2020-03-28T15:34:09 [Time] 15:34:09
57/305 2MUCD11188-20200328@153523-Eden.fts [TYPE] LIGHT [OBJ] 2MUCD11188 [RA] 14 03 22.2917 [Dec] +30 07 54.6373 [FIL] GG495 [EXPTIME] 60.0 [Date] 2020-03-28T15:35:23 [Time] 15:35:23
58/305 2MUCD11188-20200328@153639-Eden.fts [TYPE] LIGHT [OBJ] 2MUCD11188 [RA] 14 03 22.2917 [Dec] +30 07 54.6373 [FIL] GG495 [EXPTIME] 60.0 [Date] 2020-03-28T15:36:39 [Time] 15:36:39
59/305 2MUCD11188-20200328@153753-Eden.fts [TYPE] LIGHT [OBJ] 2MUCD11188 [RA] 14 03 22.2917 [Dec] +30 07 54.6373 [FIL] GG495 [EXPTIME] 60.0 [Date] 2020-03-28T15:37:54 [Time] 15:37:54
60/305 2MUCD11188-20200328@153907-Eden.fts [TYPE] LIGHT [OBJ] 2MUCD11188 [RA] 14 03 22.2917 [Dec] +30 07 54.6373 [FIL] GG495 [EXPTIME] 60.0 [Date] 2020-03-28T15:39:08 [Time] 15:39:08
61/305 2MUCD11188-20200328@154023-Eden.fts [TYPE] LIGHT [OBJ] 2MUCD11188 [RA] 14 03 22.2917 [Dec] +30 07 54.6373 [FIL] GG495 [EXPTIME] 60.0 [Date] 2020-03-28T15:40:23 [Time] 15:40:23
62/305 2MUCD11188-20200328@154137-Eden.fts [TYPE] LIGHT [OBJ] 2MUCD11188 [RA] 14 03 22.2917 [Dec] +30 07 54.6373 [FIL] GG495 [EXPTIME] 60.0 [Date] 2020-03-28T15:41:37 [Time] 15:41:37
63/305 2MUCD11188-20200328@154251-Eden.fts [TYPE] LIGHT [OBJ] 2MUCD11188 [RA] 14 03 22.2917 [Dec] +30 07 54.6373 [FIL] GG495 [EXPTIME] 60.0 [Date] 2020-03-28T15:42:51 [Time] 15:42:51
64/305 2MUCD11188-20200328@154406-Eden.fts [TYPE] LIGHT [OBJ] 2MUCD11188 [RA] 14 03 22.2917 [Dec] +30 07 54.6373 [FIL] GG495 [EXPTIME] 60.0 [Date] 2020-03-28T15:44:06 [Time] 15:44:06
65/305 2MUCD11188-20200328@154520-Eden.fts [TYPE] LIGHT [OBJ] 2MUCD11188 [RA] 14 03 22.2917 [Dec] +30 07 54.6373 [FIL] GG495 [EXPTIME] 60.0 [Date] 2020-03-28T15:45:21 [Time] 15:45:21
66/305 2MUCD11188-20200328@154634-Eden.fts [TYPE] LIGHT [OBJ] 2MUCD11188 [RA] 14 03 22.2917 [Dec] +30 07 54.6373 [FIL] GG495 [EXPTIME] 60.0 [Date] 2020-03-28T15:46:35 [Time] 15:46:35
67/305 2MUCD11188-20200328@154749-Eden.fts [TYPE] LIGHT [OBJ] 2MUCD11188 [RA] 14 03 22.2917 [Dec] +30 07 54.6373 [FIL] GG495 [EXPTIME] 60.0 [Date] 2020-03-28T15:47:49 [Time] 15:47:49
68/305 2MUCD11188-20200328@154903-Eden.fts [TYPE] LIGHT [OBJ] 2MUCD11188 [RA] 14 03 22.2917 [Dec] +30 07 54.6373 [FIL] GG495 [EXPTIME] 60.0 [Date] 2020-03-28T15:49:04 [Time] 15:49:04
69/305 2MUCD11188-20200328@155018-Eden.fts [TYPE] LIGHT [OBJ] 2MUCD11188 [RA] 14 03 22.2917 [Dec] +30 07 54.6373 [FIL] GG495 [EXPTIME] 60.0 [Date] 2020-03-28T15:50:18 [Time] 15:50:18
70/305 2MUCD11188-20200328@155132-Eden.fts [TYPE] LIGHT [OBJ] 2MUCD11188 [RA] 14 03 22.2917 [Dec] +30 07 54.6373 [FIL] GG495 [EXPTIME] 60.0 [Date] 2020-03-28T15:51:33 [Time] 15:51:33
71/305 2MUCD11188-20200328@155247-Eden.fts [TYPE] LIGHT [OBJ] 2MUCD11188 [RA] 14 03 22.2917 [Dec] +30 07 54.6373 [FIL] GG495 [EXPTIME] 60.0 [Date] 2020-03-28T15:52:47 [Time] 15:52:47
72/305 2MUCD11188-20200328@155401-Eden.fts [TYPE] LIGHT [OBJ] 2MUCD11188 [RA] 14 03 22.2917 [Dec] +30 07 54.6373 [FIL] GG495 [EXPTIME] 60.0 [Date] 2020-03-28T15:54:01 [Time] 15:54:01
73/305 2MUCD11188-20200328@155517-Eden.fts [TYPE] LIGHT [OBJ] 2MUCD11188 [RA] 14 03 22.2917 [Dec] +30 07 54.6373 [FIL] GG495 [EXPTIME] 60.0 [Date] 2020-03-28T15:55:18 [Time] 15:55:18
74/305 2MUCD11188-20200328@155632-Eden.fts [TYPE] LIGHT [OBJ] 2MUCD11188 [RA] 14 03 22.2917 [Dec] +30 07 54.6373 [FIL] GG495 [EXPTIME] 60.0 [Date] 2020-03-28T15:56:32 [Time] 15:56:32
75/305 2MUCD11188-20200328@155746-Eden.fts [TYPE] LIGHT [OBJ] 2MUCD11188 [RA] 14 03 22.2917 [Dec] +30 07 54.6373 [FIL] GG495 [EXPTIME] 60.0 [Date] 2020-03-28T15:57:46 [Time] 15:57:46
76/305 2MUCD11188-20200328@155900-Eden.fts [TYPE] LIGHT [OBJ] 2MUCD11188 [RA] 14 03 22.2917 [Dec] +30 07 54.6373 [FIL] GG495 [EXPTIME] 60.0 [Date] 2020-03-28T15:59:00 [Time] 15:59:00
77/305 2MUCD11188-20200328@160015-Eden.fts [TYPE] LIGHT [OBJ] 2MUCD11188 [RA] 14 03 22.2917 [Dec] +30 07 54.6373 [FIL] GG495 [EXPTIME] 60.0 [Date] 2020-03-28T16:00:16 [Time] 16:00:16
78/305 2MUCD11188-20200328@160130-Eden.fts [TYPE] LIGHT [OBJ] 2MUCD11188 [RA] 14 03 22.2917 [Dec] +30 07 54.6373 [FIL] GG495 [EXPTIME] 60.0 [Date] 2020-03-28T16:01:30 [Time] 16:01:30
79/305 2MUCD11188-20200328@160245-Eden.fts [TYPE] LIGHT [OBJ] 2MUCD11188 [RA] 14 03 22.2917 [Dec] +30 07 54.6373 [FIL] GG495 [EXPTIME] 60.0 [Date] 2020-03-28T16:02:45 [Time] 16:02:45
80/305 2MUCD11188-20200328@160400-Eden.fts [TYPE] LIGHT [OBJ] 2MUCD11188 [RA] 14 03 22.2917 [Dec] +30 07 54.6373 [FIL] GG495 [EXPTIME] 60.0 [Date] 2020-03-28T16:04:01 [Time] 16:04:01
81/305 2MUCD11188-20200328@160514-Eden.fts [TYPE] LIGHT [OBJ] 2MUCD11188 [RA] 14 03 22.2917 [Dec] +30 07 54.6373 [FIL] GG495 [EXPTIME] 60.0 [Date] 2020-03-28T16:05:15 [Time] 16:05:15
82/305 2MUCD11188-20200328@160628-Eden.fts [TYPE] LIGHT [OBJ] 2MUCD11188 [RA] 14 03 22.2917 [Dec] +30 07 54.6373 [FIL] GG495 [EXPTIME] 60.0 [Date] 2020-03-28T16:06:29 [Time] 16:06:29
83/305 2MUCD11188-20200328@160743-Eden.fts [TYPE] LIGHT [OBJ] 2MUCD11188 [RA] 14 03 22.2917 [Dec] +30 07 54.6373 [FIL] GG495 [EXPTIME] 60.0 [Date] 2020-03-28T16:07:43 [Time] 16:07:43
84/305 2MUCD11188-20200328@160857-Eden.fts [TYPE] LIGHT [OBJ] 2MUCD11188 [RA] 14 03 22.2917 [Dec] +30 07 54.6373 [FIL] GG495 [EXPTIME] 60.0 [Date] 2020-03-28T16:08:58 [Time] 16:08:58
85/305 2MUCD11188-20200328@161012-Eden.fts [TYPE] LIGHT [OBJ] 2MUCD11188 [RA] 14 03 22.2917 [Dec] +30 07 54.6373 [FIL] GG495 [EXPTIME] 60.0 [Date] 2020-03-28T16:10:13 [Time] 16:10:13
86/305 2MUCD11188-20200328@161126-Eden.fts [TYPE] LIGHT [OBJ] 2MUCD11188 [RA] 14 03 22.2917 [Dec] +30 07 54.6373 [FIL] GG495 [EXPTIME] 60.0 [Date] 2020-03-28T16:11:26 [Time] 16:11:26
87/305 2MUCD11188-20200328@161241-Eden.fts [TYPE] LIGHT [OBJ] 2MUCD11188 [RA] 14 03 22.2917 [Dec] +30 07 54.6373 [FIL] GG495 [EXPTIME] 60.0 [Date] 2020-03-28T16:12:42 [Time] 16:12:42
88/305 2MUCD11188-20200328@161356-Eden.fts [TYPE] LIGHT [OBJ] 2MUCD11188 [RA] 14 03 22.2917 [Dec] +30 07 54.6373 [FIL] GG495 [EXPTIME] 60.0 [Date] 2020-03-28T16:13:56 [Time] 16:13:56
89/305 2MUCD11188-20200328@161511-Eden.fts [TYPE] LIGHT [OBJ] 2MUCD11188 [RA] 14 03 22.2917 [Dec] +30 07 54.6373 [FIL] GG495 [EXPTIME] 60.0 [Date] 2020-03-28T16:15:12 [Time] 16:15:12
90/305 2MUCD11188-20200328@161626-Eden.fts [TYPE] LIGHT [OBJ] 2MUCD11188 [RA] 14 03 22.2917 [Dec] +30 07 54.6373 [FIL] GG495 [EXPTIME] 60.0 [Date] 2020-03-28T16:16:27 [Time] 16:16:27
91/305 2MUCD11188-20200328@161740-Eden.fts [TYPE] LIGHT [OBJ] 2MUCD11188 [RA] 14 03 22.2917 [Dec] +30 07 54.6373 [FIL] GG495 [EXPTIME] 60.0 [Date] 2020-03-28T16:17:41 [Time] 16:17:41
92/305 2MUCD11188-20200328@161854-Eden.fts [TYPE] LIGHT [OBJ] 2MUCD11188 [RA] 14 03 22.2917 [Dec] +30 07 54.6373 [FIL] GG495 [EXPTIME] 60.0 [Date] 2020-03-28T16:18:54 [Time] 16:18:54
93/305 2MUCD11188-20200328@162009-Eden.fts [TYPE] LIGHT [OBJ] 2MUCD11188 [RA] 14 03 22.2917 [Dec] +30 07 54.6373 [FIL] GG495 [EXPTIME] 60.0 [Date] 2020-03-28T16:20:09 [Time] 16:20:09
94/305 2MUCD11188-20200328@162123-Eden.fts [TYPE] LIGHT [OBJ] 2MUCD11188 [RA] 14 03 22.2917 [Dec] +30 07 54.6373 [FIL] GG495 [EXPTIME] 60.0 [Date] 2020-03-28T16:21:24 [Time] 16:21:24
95/305 2MUCD11188-20200328@162238-Eden.fts [TYPE] LIGHT [OBJ] 2MUCD11188 [RA] 14 03 22.2917 [Dec] +30 07 54.6373 [FIL] GG495 [EXPTIME] 60.0 [Date] 2020-03-28T16:22:39 [Time] 16:22:39
96/305 2MUCD11188-20200328@162352-Eden.fts [TYPE] LIGHT [OBJ] 2MUCD11188 [RA] 14 03 22.2917 [Dec] +30 07 54.6373 [FIL] GG495 [EXPTIME] 60.0 [Date] 2020-03-28T16:23:52 [Time] 16:23:52
97/305 2MUCD11188-20200328@162506-Eden.fts [TYPE] LIGHT [OBJ] 2MUCD11188 [RA] 14 03 22.2917 [Dec] +30 07 54.6373 [FIL] GG495 [EXPTIME] 60.0 [Date] 2020-03-28T16:25:07 [Time] 16:25:07
98/305 2MUCD11188-20200328@162621-Eden.fts [TYPE] LIGHT [OBJ] 2MUCD11188 [RA] 14 03 22.2917 [Dec] +30 07 54.6373 [FIL] GG495 [EXPTIME] 60.0 [Date] 2020-03-28T16:26:21 [Time] 16:26:21
99/305 2MUCD11188-20200328@162735-Eden.fts [TYPE] LIGHT [OBJ] 2MUCD11188 [RA] 14 03 22.2917 [Dec] +30 07 54.6373 [FIL] GG495 [EXPTIME] 60.0 [Date] 2020-03-28T16:27:36 [Time] 16:27:36
100/305 2MUCD11188-20200328@162850-Eden.fts [TYPE] LIGHT [OBJ] 2MUCD11188 [RA] 14 03 22.2917 [Dec] +30 07 54.6373 [FIL] GG495 [EXPTIME] 60.0 [Date] 2020-03-28T16:28:51 [Time] 16:28:51
101/305 2MUCD11188-20200328@163004-Eden.fts [TYPE] LIGHT [OBJ] 2MUCD11188 [RA] 14 03 22.2917 [Dec] +30 07 54.6373 [FIL] GG495 [EXPTIME] 60.0 [Date] 2020-03-28T16:30:04 [Time] 16:30:04
102/305 2MUCD11188-20200328@163120-Eden.fts [TYPE] LIGHT [OBJ] 2MUCD11188 [RA] 14 03 22.2917 [Dec] +30 07 54.6373 [FIL] GG495 [EXPTIME] 60.0 [Date] 2020-03-28T16:31:20 [Time] 16:31:20
103/305 2MUCD11188-20200328@163234-Eden.fts [TYPE] LIGHT [OBJ] 2MUCD11188 [RA] 14 03 22.2917 [Dec] +30 07 54.6373 [FIL] GG495 [EXPTIME] 60.0 [Date] 2020-03-28T16:32:35 [Time] 16:32:35
104/305 2MUCD11188-20200328@163349-Eden.fts [TYPE] LIGHT [OBJ] 2MUCD11188 [RA] 14 03 22.2917 [Dec] +30 07 54.6373 [FIL] GG495 [EXPTIME] 60.0 [Date] 2020-03-28T16:33:50 [Time] 16:33:50
105/305 2MUCD11188-20200328@163505-Eden.fts [TYPE] LIGHT [OBJ] 2MUCD11188 [RA] 14 03 22.2917 [Dec] +30 07 54.6373 [FIL] GG495 [EXPTIME] 60.0 [Date] 2020-03-28T16:35:06 [Time] 16:35:06
106/305 2MUCD11188-20200328@163620-Eden.fts [TYPE] LIGHT [OBJ] 2MUCD11188 [RA] 14 03 22.2917 [Dec] +30 07 54.6373 [FIL] GG495 [EXPTIME] 60.0 [Date] 2020-03-28T16:36:20 [Time] 16:36:20
107/305 2MUCD11188-20200328@163735-Eden.fts [TYPE] LIGHT [OBJ] 2MUCD11188 [RA] 14 03 22.2917 [Dec] +30 07 54.6373 [FIL] GG495 [EXPTIME] 60.0 [Date] 2020-03-28T16:37:35 [Time] 16:37:35
108/305 2MUCD11188-20200328@163850-Eden.fts [TYPE] LIGHT [OBJ] 2MUCD11188 [RA] 14 03 22.2917 [Dec] +30 07 54.6373 [FIL] GG495 [EXPTIME] 60.0 [Date] 2020-03-28T16:38:51 [Time] 16:38:51
109/305 2MUCD11188-20200328@164005-Eden.fts [TYPE] LIGHT [OBJ] 2MUCD11188 [RA] 14 03 22.2917 [Dec] +30 07 54.6373 [FIL] GG495 [EXPTIME] 60.0 [Date] 2020-03-28T16:40:06 [Time] 16:40:06
110/305 2MUCD11188-20200328@164119-Eden.fts [TYPE] LIGHT [OBJ] 2MUCD11188 [RA] 14 03 22.2917 [Dec] +30 07 54.6373 [FIL] GG495 [EXPTIME] 60.0 [Date] 2020-03-28T16:41:20 [Time] 16:41:20
111/305 2MUCD11188-20200328@164234-Eden.fts [TYPE] LIGHT [OBJ] 2MUCD11188 [RA] 14 03 22.2917 [Dec] +30 07 54.6373 [FIL] GG495 [EXPTIME] 60.0 [Date] 2020-03-28T16:42:35 [Time] 16:42:35
112/305 2MUCD11188-20200328@164350-Eden.fts [TYPE] LIGHT [OBJ] 2MUCD11188 [RA] 14 03 22.2917 [Dec] +30 07 54.6373 [FIL] GG495 [EXPTIME] 60.0 [Date] 2020-03-28T16:43:50 [Time] 16:43:50
113/305 2MUCD11188-20200328@164505-Eden.fts [TYPE] LIGHT [OBJ] 2MUCD11188 [RA] 14 03 22.2917 [Dec] +30 07 54.6373 [FIL] GG495 [EXPTIME] 60.0 [Date] 2020-03-28T16:45:05 [Time] 16:45:05
114/305 2MUCD11188-20200328@164619-Eden.fts [TYPE] LIGHT [OBJ] 2MUCD11188 [RA] 14 03 22.2917 [Dec] +30 07 54.6373 [FIL] GG495 [EXPTIME] 60.0 [Date] 2020-03-28T16:46:19 [Time] 16:46:19
115/305 2MUCD11188-20200328@164734-Eden.fts [TYPE] LIGHT [OBJ] 2MUCD11188 [RA] 14 03 22.2917 [Dec] +30 07 54.6373 [FIL] GG495 [EXPTIME] 60.0 [Date] 2020-03-28T16:47:34 [Time] 16:47:34
116/305 2MUCD11188-20200328@164848-Eden.fts [TYPE] LIGHT [OBJ] 2MUCD11188 [RA] 14 03 22.2917 [Dec] +30 07 54.6373 [FIL] GG495 [EXPTIME] 60.0 [Date] 2020-03-28T16:48:48 [Time] 16:48:48
117/305 2MUCD11188-20200328@165003-Eden.fts [TYPE] LIGHT [OBJ] 2MUCD11188 [RA] 14 03 22.2917 [Dec] +30 07 54.6373 [FIL] GG495 [EXPTIME] 60.0 [Date] 2020-03-28T16:50:03 [Time] 16:50:03
118/305 2MUCD11188-20200328@165118-Eden.fts [TYPE] LIGHT [OBJ] 2MUCD11188 [RA] 14 03 22.2917 [Dec] +30 07 54.6373 [FIL] GG495 [EXPTIME] 60.0 [Date] 2020-03-28T16:51:18 [Time] 16:51:18
119/305 2MUCD11188-20200328@165233-Eden.fts [TYPE] LIGHT [OBJ] 2MUCD11188 [RA] 14 03 22.2917 [Dec] +30 07 54.6373 [FIL] GG495 [EXPTIME] 60.0 [Date] 2020-03-28T16:52:33 [Time] 16:52:33
120/305 2MUCD11188-20200328@165348-Eden.fts [TYPE] LIGHT [OBJ] 2MUCD11188 [RA] 14 03 22.2917 [Dec] +30 07 54.6373 [FIL] GG495 [EXPTIME] 60.0 [Date] 2020-03-28T16:53:48 [Time] 16:53:48
121/305 2MUCD11188-20200328@165502-Eden.fts [TYPE] LIGHT [OBJ] 2MUCD11188 [RA] 14 03 22.2917 [Dec] +30 07 54.6373 [FIL] GG495 [EXPTIME] 60.0 [Date] 2020-03-28T16:55:03 [Time] 16:55:03
122/305 2MUCD11188-20200328@165616-Eden.fts [TYPE] LIGHT [OBJ] 2MUCD11188 [RA] 14 03 22.2917 [Dec] +30 07 54.6373 [FIL] GG495 [EXPTIME] 60.0 [Date] 2020-03-28T16:56:16 [Time] 16:56:16
123/305 2MUCD11188-20200328@165732-Eden.fts [TYPE] LIGHT [OBJ] 2MUCD11188 [RA] 14 03 22.2917 [Dec] +30 07 54.6373 [FIL] GG495 [EXPTIME] 60.0 [Date] 2020-03-28T16:57:32 [Time] 16:57:32
124/305 2MUCD11188-20200328@165847-Eden.fts [TYPE] LIGHT [OBJ] 2MUCD11188 [RA] 14 03 22.2917 [Dec] +30 07 54.6373 [FIL] GG495 [EXPTIME] 60.0 [Date] 2020-03-28T16:58:48 [Time] 16:58:48
125/305 2MUCD11188-20200328@170002-Eden.fts [TYPE] LIGHT [OBJ] 2MUCD11188 [RA] 14 03 22.2917 [Dec] +30 07 54.6373 [FIL] GG495 [EXPTIME] 60.0 [Date] 2020-03-28T17:00:03 [Time] 17:00:03
126/305 2MUCD11188-20200328@170117-Eden.fts [TYPE] LIGHT [OBJ] 2MUCD11188 [RA] 14 03 22.2917 [Dec] +30 07 54.6373 [FIL] GG495 [EXPTIME] 60.0 [Date] 2020-03-28T17:01:18 [Time] 17:01:18
127/305 2MUCD11188-20200328@170233-Eden.fts [TYPE] LIGHT [OBJ] 2MUCD11188 [RA] 14 03 22.2917 [Dec] +30 07 54.6373 [FIL] GG495 [EXPTIME] 60.0 [Date] 2020-03-28T17:02:33 [Time] 17:02:33
128/305 2MUCD11188-20200328@170346-Eden.fts [TYPE] LIGHT [OBJ] 2MUCD11188 [RA] 14 03 22.2917 [Dec] +30 07 54.6373 [FIL] GG495 [EXPTIME] 60.0 [Date] 2020-03-28T17:03:47 [Time] 17:03:47
129/305 2MUCD11188-20200328@170501-Eden.fts [TYPE] LIGHT [OBJ] 2MUCD11188 [RA] 14 03 22.2917 [Dec] +30 07 54.6373 [FIL] GG495 [EXPTIME] 60.0 [Date] 2020-03-28T17:05:02 [Time] 17:05:02
130/305 2MUCD11188-20200328@170617-Eden.fts [TYPE] LIGHT [OBJ] 2MUCD11188 [RA] 14 03 22.2917 [Dec] +30 07 54.6373 [FIL] GG495 [EXPTIME] 60.0 [Date] 2020-03-28T17:06:17 [Time] 17:06:17
131/305 2MUCD11188-20200328@170732-Eden.fts [TYPE] LIGHT [OBJ] 2MUCD11188 [RA] 14 03 22.2917 [Dec] +30 07 54.6373 [FIL] GG495 [EXPTIME] 60.0 [Date] 2020-03-28T17:07:33 [Time] 17:07:33
132/305 2MUCD11188-20200328@170847-Eden.fts [TYPE] LIGHT [OBJ] 2MUCD11188 [RA] 14 03 22.2917 [Dec] +30 07 54.6373 [FIL] GG495 [EXPTIME] 60.0 [Date] 2020-03-28T17:08:49 [Time] 17:08:49
133/305 2MUCD11188-20200328@171005-Eden.fts [TYPE] LIGHT [OBJ] 2MUCD11188 [RA] 14 03 22.2917 [Dec] +30 07 54.6373 [FIL] GG495 [EXPTIME] 60.0 [Date] 2020-03-28T17:10:05 [Time] 17:10:05
134/305 2MUCD11188-20200328@171119-Eden.fts [TYPE] LIGHT [OBJ] 2MUCD11188 [RA] 14 03 22.2917 [Dec] +30 07 54.6373 [FIL] GG495 [EXPTIME] 60.0 [Date] 2020-03-28T17:11:19 [Time] 17:11:19
135/305 2MUCD11188-20200328@171234-Eden.fts [TYPE] LIGHT [OBJ] 2MUCD11188 [RA] 14 03 22.2917 [Dec] +30 07 54.6373 [FIL] GG495 [EXPTIME] 60.0 [Date] 2020-03-28T17:12:34 [Time] 17:12:34
136/305 2MUCD11188-20200328@171348-Eden.fts [TYPE] LIGHT [OBJ] 2MUCD11188 [RA] 14 03 22.2917 [Dec] +30 07 54.6373 [FIL] GG495 [EXPTIME] 60.0 [Date] 2020-03-28T17:13:48 [Time] 17:13:48
137/305 2MUCD11188-20200328@171501-Eden.fts [TYPE] LIGHT [OBJ] 2MUCD11188 [RA] 14 03 22.2917 [Dec] +30 07 54.6373 [FIL] GG495 [EXPTIME] 60.0 [Date] 2020-03-28T17:15:02 [Time] 17:15:02
138/305 2MUCD11188-20200328@171615-Eden.fts [TYPE] LIGHT [OBJ] 2MUCD11188 [RA] 14 03 22.2917 [Dec] +30 07 54.6373 [FIL] GG495 [EXPTIME] 60.0 [Date] 2020-03-28T17:16:15 [Time] 17:16:15
139/305 2MUCD11188-20200328@171731-Eden.fts [TYPE] LIGHT [OBJ] 2MUCD11188 [RA] 14 03 22.2917 [Dec] +30 07 54.6373 [FIL] GG495 [EXPTIME] 60.0 [Date] 2020-03-28T17:17:31 [Time] 17:17:31
140/305 2MUCD11188-20200328@171847-Eden.fts [TYPE] LIGHT [OBJ] 2MUCD11188 [RA] 14 03 22.2917 [Dec] +30 07 54.6373 [FIL] GG495 [EXPTIME] 60.0 [Date] 2020-03-28T17:18:47 [Time] 17:18:47
141/305 2MUCD11188-20200328@172001-Eden.fts [TYPE] LIGHT [OBJ] 2MUCD11188 [RA] 14 03 22.2917 [Dec] +30 07 54.6373 [FIL] GG495 [EXPTIME] 60.0 [Date] 2020-03-28T17:20:01 [Time] 17:20:01
142/305 2MUCD11188-20200328@172114-Eden.fts [TYPE] LIGHT [OBJ] 2MUCD11188 [RA] 14 03 22.2917 [Dec] +30 07 54.6373 [FIL] GG495 [EXPTIME] 60.0 [Date] 2020-03-28T17:21:14 [Time] 17:21:14
143/305 2MUCD11188-20200328@174147-Eden.fts [TYPE] LIGHT [OBJ] 2MUCD11188 [RA] 14 03 22.2917 [Dec] +30 07 54.6373 [FIL] GG495 [EXPTIME] 60.0 [Date] 2020-03-28T17:42:00 [Time] 17:42:00
144/305 2MUCD11188-20200328@174314-Eden.fts [TYPE] LIGHT [OBJ] 2MUCD11188 [RA] 14 03 22.2917 [Dec] +30 07 54.6373 [FIL] GG495 [EXPTIME] 60.0 [Date] 2020-03-28T17:43:15 [Time] 17:43:15
145/305 2MUCD11188-20200328@174429-Eden.fts [TYPE] LIGHT [OBJ] 2MUCD11188 [RA] 14 03 22.2917 [Dec] +30 07 54.6373 [FIL] GG495 [EXPTIME] 60.0 [Date] 2020-03-28T17:44:29 [Time] 17:44:29
146/305 2MUCD11188-20200328@174544-Eden.fts [TYPE] LIGHT [OBJ] 2MUCD11188 [RA] 14 03 22.2917 [Dec] +30 07 54.6373 [FIL] GG495 [EXPTIME] 60.0 [Date] 2020-03-28T17:45:44 [Time] 17:45:44
147/305 2MUCD11188-20200328@174700-Eden.fts [TYPE] LIGHT [OBJ] 2MUCD11188 [RA] 14 03 22.2917 [Dec] +30 07 54.6373 [FIL] GG495 [EXPTIME] 60.0 [Date] 2020-03-28T17:47:00 [Time] 17:47:00
148/305 2MUCD11188-20200328@174815-Eden.fts [TYPE] LIGHT [OBJ] 2MUCD11188 [RA] 14 03 22.2917 [Dec] +30 07 54.6373 [FIL] GG495 [EXPTIME] 60.0 [Date] 2020-03-28T17:48:15 [Time] 17:48:15
149/305 2MUCD11188-20200328@174929-Eden.fts [TYPE] LIGHT [OBJ] 2MUCD11188 [RA] 14 03 22.2917 [Dec] +30 07 54.6373 [FIL] GG495 [EXPTIME] 60.0 [Date] 2020-03-28T17:49:29 [Time] 17:49:29
150/305 2MUCD11188-20200328@175042-Eden.fts [TYPE] LIGHT [OBJ] 2MUCD11188 [RA] 14 03 22.2917 [Dec] +30 07 54.6373 [FIL] GG495 [EXPTIME] 60.0 [Date] 2020-03-28T17:50:43 [Time] 17:50:43
151/305 2MUCD11188-20200328@175157-Eden.fts [TYPE] LIGHT [OBJ] 2MUCD11188 [RA] 14 03 22.2917 [Dec] +30 07 54.6373 [FIL] GG495 [EXPTIME] 60.0 [Date] 2020-03-28T17:51:57 [Time] 17:51:57
152/305 2MUCD11188-20200328@175312-Eden.fts [TYPE] LIGHT [OBJ] 2MUCD11188 [RA] 14 03 22.2917 [Dec] +30 07 54.6373 [FIL] GG495 [EXPTIME] 60.0 [Date] 2020-03-28T17:53:12 [Time] 17:53:12
153/305 2MUCD11188-20200328@175427-Eden.fts [TYPE] LIGHT [OBJ] 2MUCD11188 [RA] 14 03 22.2917 [Dec] +30 07 54.6373 [FIL] GG495 [EXPTIME] 60.0 [Date] 2020-03-28T17:54:27 [Time] 17:54:27
154/305 2MUCD11188-20200328@175542-Eden.fts [TYPE] LIGHT [OBJ] 2MUCD11188 [RA] 14 03 22.2917 [Dec] +30 07 54.6373 [FIL] GG495 [EXPTIME] 60.0 [Date] 2020-03-28T17:55:42 [Time] 17:55:42
155/305 2MUCD11188-20200328@175657-Eden.fts [TYPE] LIGHT [OBJ] 2MUCD11188 [RA] 14 03 22.2917 [Dec] +30 07 54.6373 [FIL] GG495 [EXPTIME] 60.0 [Date] 2020-03-28T17:56:58 [Time] 17:56:58
156/305 2MUCD11188-20200328@175813-Eden.fts [TYPE] LIGHT [OBJ] 2MUCD11188 [RA] 14 03 22.2917 [Dec] +30 07 54.6373 [FIL] GG495 [EXPTIME] 60.0 [Date] 2020-03-28T17:58:13 [Time] 17:58:13
157/305 2MUCD11188-20200328@175928-Eden.fts [TYPE] LIGHT [OBJ] 2MUCD11188 [RA] 14 03 22.2917 [Dec] +30 07 54.6373 [FIL] GG495 [EXPTIME] 60.0 [Date] 2020-03-28T17:59:29 [Time] 17:59:29
158/305 2MUCD11188-20200328@180043-Eden.fts [TYPE] LIGHT [OBJ] 2MUCD11188 [RA] 14 03 22.2917 [Dec] +30 07 54.6373 [FIL] GG495 [EXPTIME] 60.0 [Date] 2020-03-28T18:00:43 [Time] 18:00:43
159/305 2MUCD11188-20200328@180158-Eden.fts [TYPE] LIGHT [OBJ] 2MUCD11188 [RA] 14 03 22.2917 [Dec] +30 07 54.6373 [FIL] GG495 [EXPTIME] 60.0 [Date] 2020-03-28T18:01:58 [Time] 18:01:58
160/305 2MUCD11188-20200328@180312-Eden.fts [TYPE] LIGHT [OBJ] 2MUCD11188 [RA] 14 03 22.2917 [Dec] +30 07 54.6373 [FIL] GG495 [EXPTIME] 60.0 [Date] 2020-03-28T18:03:13 [Time] 18:03:13
161/305 2MUCD11188-20200328@180428-Eden.fts [TYPE] LIGHT [OBJ] 2MUCD11188 [RA] 14 03 22.2917 [Dec] +30 07 54.6373 [FIL] GG495 [EXPTIME] 60.0 [Date] 2020-03-28T18:04:29 [Time] 18:04:29
162/305 2MUCD11188-20200328@180543-Eden.fts [TYPE] LIGHT [OBJ] 2MUCD11188 [RA] 14 03 22.2917 [Dec] +30 07 54.6373 [FIL] GG495 [EXPTIME] 60.0 [Date] 2020-03-28T18:05:43 [Time] 18:05:43
163/305 2MUCD11188-20200328@180658-Eden.fts [TYPE] LIGHT [OBJ] 2MUCD11188 [RA] 14 03 22.2917 [Dec] +30 07 54.6373 [FIL] GG495 [EXPTIME] 60.0 [Date] 2020-03-28T18:06:59 [Time] 18:06:59
164/305 2MUCD11188-20200328@180813-Eden.fts [TYPE] LIGHT [OBJ] 2MUCD11188 [RA] 14 03 22.2917 [Dec] +30 07 54.6373 [FIL] GG495 [EXPTIME] 60.0 [Date] 2020-03-28T18:08:14 [Time] 18:08:14
165/305 2MUCD11188-20200328@180929-Eden.fts [TYPE] LIGHT [OBJ] 2MUCD11188 [RA] 14 03 22.2917 [Dec] +30 07 54.6373 [FIL] GG495 [EXPTIME] 60.0 [Date] 2020-03-28T18:09:29 [Time] 18:09:29
166/305 2MUCD11188-20200328@181044-Eden.fts [TYPE] LIGHT [OBJ] 2MUCD11188 [RA] 14 03 22.2917 [Dec] +30 07 54.6373 [FIL] GG495 [EXPTIME] 60.0 [Date] 2020-03-28T18:10:44 [Time] 18:10:44
167/305 2MUCD11188-20200328@181158-Eden.fts [TYPE] LIGHT [OBJ] 2MUCD11188 [RA] 14 03 22.2917 [Dec] +30 07 54.6373 [FIL] GG495 [EXPTIME] 60.0 [Date] 2020-03-28T18:11:58 [Time] 18:11:58
168/305 2MUCD11188-20200328@181312-Eden.fts [TYPE] LIGHT [OBJ] 2MUCD11188 [RA] 14 03 22.2917 [Dec] +30 07 54.6373 [FIL] GG495 [EXPTIME] 60.0 [Date] 2020-03-28T18:13:12 [Time] 18:13:12
169/305 2MUCD11188-20200328@181427-Eden.fts [TYPE] LIGHT [OBJ] 2MUCD11188 [RA] 14 03 22.2917 [Dec] +30 07 54.6373 [FIL] GG495 [EXPTIME] 60.0 [Date] 2020-03-28T18:14:28 [Time] 18:14:28
170/305 2MUCD11188-20200328@181543-Eden.fts [TYPE] LIGHT [OBJ] 2MUCD11188 [RA] 14 03 22.2917 [Dec] +30 07 54.6373 [FIL] GG495 [EXPTIME] 60.0 [Date] 2020-03-28T18:15:43 [Time] 18:15:43
171/305 2MUCD11188-20200328@181657-Eden.fts [TYPE] LIGHT [OBJ] 2MUCD11188 [RA] 14 03 22.2917 [Dec] +30 07 54.6373 [FIL] GG495 [EXPTIME] 60.0 [Date] 2020-03-28T18:16:57 [Time] 18:16:57
172/305 2MUCD11188-20200328@181812-Eden.fts [TYPE] LIGHT [OBJ] 2MUCD11188 [RA] 14 03 22.2917 [Dec] +30 07 54.6373 [FIL] GG495 [EXPTIME] 60.0 [Date] 2020-03-28T18:18:13 [Time] 18:18:13
173/305 2MUCD11188-20200328@181927-Eden.fts [TYPE] LIGHT [OBJ] 2MUCD11188 [RA] 14 03 22.2917 [Dec] +30 07 54.6373 [FIL] GG495 [EXPTIME] 60.0 [Date] 2020-03-28T18:19:28 [Time] 18:19:28
174/305 2MUCD11188-20200328@182042-Eden.fts [TYPE] LIGHT [OBJ] 2MUCD11188 [RA] 14 03 22.2917 [Dec] +30 07 54.6373 [FIL] GG495 [EXPTIME] 60.0 [Date] 2020-03-28T18:20:42 [Time] 18:20:42
175/305 2MUCD11188-20200328@182155-Eden.fts [TYPE] LIGHT [OBJ] 2MUCD11188 [RA] 14 03 22.2917 [Dec] +30 07 54.6373 [FIL] GG495 [EXPTIME] 60.0 [Date] 2020-03-28T18:21:56 [Time] 18:21:56
176/305 2MUCD11188-20200328@182310-Eden.fts [TYPE] LIGHT [OBJ] 2MUCD11188 [RA] 14 03 22.2917 [Dec] +30 07 54.6373 [FIL] GG495 [EXPTIME] 60.0 [Date] 2020-03-28T18:23:10 [Time] 18:23:10
177/305 2MUCD11188-20200328@182424-Eden.fts [TYPE] LIGHT [OBJ] 2MUCD11188 [RA] 14 03 22.2917 [Dec] +30 07 54.6373 [FIL] GG495 [EXPTIME] 60.0 [Date] 2020-03-28T18:24:24 [Time] 18:24:24
178/305 2MUCD11188-20200328@182538-Eden.fts [TYPE] LIGHT [OBJ] 2MUCD11188 [RA] 14 03 22.2917 [Dec] +30 07 54.6373 [FIL] GG495 [EXPTIME] 60.0 [Date] 2020-03-28T18:25:38 [Time] 18:25:38
179/305 2MUCD11188-20200328@182654-Eden.fts [TYPE] LIGHT [OBJ] 2MUCD11188 [RA] 14 03 22.2917 [Dec] +30 07 54.6373 [FIL] GG495 [EXPTIME] 60.0 [Date] 2020-03-28T18:26:55 [Time] 18:26:55
180/305 2MUCD11188-20200328@182808-Eden.fts [TYPE] LIGHT [OBJ] 2MUCD11188 [RA] 14 03 22.2917 [Dec] +30 07 54.6373 [FIL] GG495 [EXPTIME] 60.0 [Date] 2020-03-28T18:28:08 [Time] 18:28:08
181/305 2MUCD11188-20200328@182922-Eden.fts [TYPE] LIGHT [OBJ] 2MUCD11188 [RA] 14 03 22.2917 [Dec] +30 07 54.6373 [FIL] GG495 [EXPTIME] 60.0 [Date] 2020-03-28T18:29:22 [Time] 18:29:22
182/305 2MUCD11188-20200328@183036-Eden.fts [TYPE] LIGHT [OBJ] 2MUCD11188 [RA] 14 03 22.2917 [Dec] +30 07 54.6373 [FIL] GG495 [EXPTIME] 60.0 [Date] 2020-03-28T18:30:37 [Time] 18:30:37
183/305 2MUCD11188-20200328@183152-Eden.fts [TYPE] LIGHT [OBJ] 2MUCD11188 [RA] 14 03 22.2917 [Dec] +30 07 54.6373 [FIL] GG495 [EXPTIME] 60.0 [Date] 2020-03-28T18:31:52 [Time] 18:31:52
184/305 2MUCD11188-20200328@183308-Eden.fts [TYPE] LIGHT [OBJ] 2MUCD11188 [RA] 14 03 22.2917 [Dec] +30 07 54.6373 [FIL] GG495 [EXPTIME] 60.0 [Date] 2020-03-28T18:33:09 [Time] 18:33:09
185/305 2MUCD11188-20200328@183423-Eden.fts [TYPE] LIGHT [OBJ] 2MUCD11188 [RA] 14 03 22.2917 [Dec] +30 07 54.6373 [FIL] GG495 [EXPTIME] 60.0 [Date] 2020-03-28T18:34:23 [Time] 18:34:23
186/305 2MUCD11188-20200328@183537-Eden.fts [TYPE] LIGHT [OBJ] 2MUCD11188 [RA] 14 03 22.2917 [Dec] +30 07 54.6373 [FIL] GG495 [EXPTIME] 60.0 [Date] 2020-03-28T18:35:37 [Time] 18:35:37
187/305 2MUCD11188-20200328@183651-Eden.fts [TYPE] LIGHT [OBJ] 2MUCD11188 [RA] 14 03 22.2917 [Dec] +30 07 54.6373 [FIL] GG495 [EXPTIME] 60.0 [Date] 2020-03-28T18:36:52 [Time] 18:36:52
188/305 2MUCD11188-20200328@183806-Eden.fts [TYPE] LIGHT [OBJ] 2MUCD11188 [RA] 14 03 22.2917 [Dec] +30 07 54.6373 [FIL] GG495 [EXPTIME] 60.0 [Date] 2020-03-28T18:38:07 [Time] 18:38:07
189/305 2MUCD11188-20200328@183920-Eden.fts [TYPE] LIGHT [OBJ] 2MUCD11188 [RA] 14 03 22.2917 [Dec] +30 07 54.6373 [FIL] GG495 [EXPTIME] 60.0 [Date] 2020-03-28T18:39:20 [Time] 18:39:20
190/305 2MUCD11188-20200328@184033-Eden.fts [TYPE] LIGHT [OBJ] 2MUCD11188 [RA] 14 03 22.2917 [Dec] +30 07 54.6373 [FIL] GG495 [EXPTIME] 60.0 [Date] 2020-03-28T18:40:34 [Time] 18:40:34
191/305 2MUCD11188-20200328@184148-Eden.fts [TYPE] LIGHT [OBJ] 2MUCD11188 [RA] 14 03 22.2917 [Dec] +30 07 54.6373 [FIL] GG495 [EXPTIME] 60.0 [Date] 2020-03-28T18:41:48 [Time] 18:41:48
192/305 2MUCD11188-20200328@184303-Eden.fts [TYPE] LIGHT [OBJ] 2MUCD11188 [RA] 14 03 22.2917 [Dec] +30 07 54.6373 [FIL] GG495 [EXPTIME] 60.0 [Date] 2020-03-28T18:43:03 [Time] 18:43:03
193/305 2MUCD11188-20200328@184420-Eden.fts [TYPE] LIGHT [OBJ] 2MUCD11188 [RA] 14 03 22.2917 [Dec] +30 07 54.6373 [FIL] GG495 [EXPTIME] 60.0 [Date] 2020-03-28T18:44:21 [Time] 18:44:21
194/305 2MUCD11188-20200328@184535-Eden.fts [TYPE] LIGHT [OBJ] 2MUCD11188 [RA] 14 03 22.2917 [Dec] +30 07 54.6373 [FIL] GG495 [EXPTIME] 60.0 [Date] 2020-03-28T18:45:35 [Time] 18:45:35
195/305 2MUCD11188-20200328@184649-Eden.fts [TYPE] LIGHT [OBJ] 2MUCD11188 [RA] 14 03 22.2917 [Dec] +30 07 54.6373 [FIL] GG495 [EXPTIME] 60.0 [Date] 2020-03-28T18:46:49 [Time] 18:46:49
196/305 2MUCD11188-20200328@184803-Eden.fts [TYPE] LIGHT [OBJ] 2MUCD11188 [RA] 14 03 22.2917 [Dec] +30 07 54.6373 [FIL] GG495 [EXPTIME] 60.0 [Date] 2020-03-28T18:48:03 [Time] 18:48:03
197/305 2MUCD11188-20200328@184917-Eden.fts [TYPE] LIGHT [OBJ] 2MUCD11188 [RA] 14 03 22.2917 [Dec] +30 07 54.6373 [FIL] GG495 [EXPTIME] 60.0 [Date] 2020-03-28T18:49:19 [Time] 18:49:19
198/305 2MUCD11188-20200328@185032-Eden.fts [TYPE] LIGHT [OBJ] 2MUCD11188 [RA] 14 03 22.2917 [Dec] +30 07 54.6373 [FIL] GG495 [EXPTIME] 60.0 [Date] 2020-03-28T18:50:33 [Time] 18:50:33
199/305 2MUCD11188-20200328@185148-Eden.fts [TYPE] LIGHT [OBJ] 2MUCD11188 [RA] 14 03 22.2917 [Dec] +30 07 54.6373 [FIL] GG495 [EXPTIME] 60.0 [Date] 2020-03-28T18:51:48 [Time] 18:51:48
200/305 2MUCD11188-20200328@185302-Eden.fts [TYPE] LIGHT [OBJ] 2MUCD11188 [RA] 14 03 22.2917 [Dec] +30 07 54.6373 [FIL] GG495 [EXPTIME] 60.0 [Date] 2020-03-28T18:53:02 [Time] 18:53:02
201/305 2MUCD11188-20200328@185416-Eden.fts [TYPE] LIGHT [OBJ] 2MUCD11188 [RA] 14 03 22.2917 [Dec] +30 07 54.6373 [FIL] GG495 [EXPTIME] 60.0 [Date] 2020-03-28T18:54:17 [Time] 18:54:17
202/305 2MUCD11188-20200328@185531-Eden.fts [TYPE] LIGHT [OBJ] 2MUCD11188 [RA] 14 03 22.2917 [Dec] +30 07 54.6373 [FIL] GG495 [EXPTIME] 60.0 [Date] 2020-03-28T18:55:32 [Time] 18:55:32
203/305 2MUCD11188-20200328@185647-Eden.fts [TYPE] LIGHT [OBJ] 2MUCD11188 [RA] 14 03 22.2917 [Dec] +30 07 54.6373 [FIL] GG495 [EXPTIME] 60.0 [Date] 2020-03-28T18:56:47 [Time] 18:56:47
204/305 2MUCD11188-20200328@185802-Eden.fts [TYPE] LIGHT [OBJ] 2MUCD11188 [RA] 14 03 22.2917 [Dec] +30 07 54.6373 [FIL] GG495 [EXPTIME] 60.0 [Date] 2020-03-28T18:58:02 [Time] 18:58:02
205/305 2MUCD11188-20200328@185918-Eden.fts [TYPE] LIGHT [OBJ] 2MUCD11188 [RA] 14 03 22.2917 [Dec] +30 07 54.6373 [FIL] GG495 [EXPTIME] 60.0 [Date] 2020-03-28T18:59:18 [Time] 18:59:18
206/305 2MUCD11188-20200328@190032-Eden.fts [TYPE] LIGHT [OBJ] 2MUCD11188 [RA] 14 03 22.2917 [Dec] +30 07 54.6373 [FIL] GG495 [EXPTIME] 60.0 [Date] 2020-03-28T19:00:32 [Time] 19:00:32
207/305 2MUCD11188-20200328@190147-Eden.fts [TYPE] LIGHT [OBJ] 2MUCD11188 [RA] 14 03 22.2917 [Dec] +30 07 54.6373 [FIL] GG495 [EXPTIME] 60.0 [Date] 2020-03-28T19:01:48 [Time] 19:01:48
208/305 2MUCD11188-20200328@190302-Eden.fts [TYPE] LIGHT [OBJ] 2MUCD11188 [RA] 14 03 22.2917 [Dec] +30 07 54.6373 [FIL] GG495 [EXPTIME] 60.0 [Date] 2020-03-28T19:03:03 [Time] 19:03:03
209/305 2MUCD11188-20200328@190416-Eden.fts [TYPE] LIGHT [OBJ] 2MUCD11188 [RA] 14 03 22.2917 [Dec] +30 07 54.6373 [FIL] GG495 [EXPTIME] 60.0 [Date] 2020-03-28T19:04:16 [Time] 19:04:16
210/305 2MUCD11188-20200328@190531-Eden.fts [TYPE] LIGHT [OBJ] 2MUCD11188 [RA] 14 03 22.2917 [Dec] +30 07 54.6373 [FIL] GG495 [EXPTIME] 60.0 [Date] 2020-03-28T19:05:31 [Time] 19:05:31
211/305 2MUCD11188-20200328@190646-Eden.fts [TYPE] LIGHT [OBJ] 2MUCD11188 [RA] 14 03 22.2917 [Dec] +30 07 54.6373 [FIL] GG495 [EXPTIME] 60.0 [Date] 2020-03-28T19:06:47 [Time] 19:06:47
212/305 2MUCD11188-20200328@190802-Eden.fts [TYPE] LIGHT [OBJ] 2MUCD11188 [RA] 14 03 22.2917 [Dec] +30 07 54.6373 [FIL] GG495 [EXPTIME] 60.0 [Date] 2020-03-28T19:08:03 [Time] 19:08:03
213/305 2MUCD11188-20200328@190917-Eden.fts [TYPE] LIGHT [OBJ] 2MUCD11188 [RA] 14 03 22.2917 [Dec] +30 07 54.6373 [FIL] GG495 [EXPTIME] 60.0 [Date] 2020-03-28T19:09:17 [Time] 19:09:17
214/305 2MUCD11188-20200328@191031-Eden.fts [TYPE] LIGHT [OBJ] 2MUCD11188 [RA] 14 03 22.2917 [Dec] +30 07 54.6373 [FIL] GG495 [EXPTIME] 60.0 [Date] 2020-03-28T19:10:32 [Time] 19:10:32
215/305 2MUCD11188-20200328@191146-Eden.fts [TYPE] LIGHT [OBJ] 2MUCD11188 [RA] 14 03 22.2917 [Dec] +30 07 54.6373 [FIL] GG495 [EXPTIME] 60.0 [Date] 2020-03-28T19:11:46 [Time] 19:11:46
216/305 2MUCD11188-20200328@191301-Eden.fts [TYPE] LIGHT [OBJ] 2MUCD11188 [RA] 14 03 22.2917 [Dec] +30 07 54.6373 [FIL] GG495 [EXPTIME] 60.0 [Date] 2020-03-28T19:13:01 [Time] 19:13:01
217/305 2MUCD11188-20200328@191416-Eden.fts [TYPE] LIGHT [OBJ] 2MUCD11188 [RA] 14 03 22.2917 [Dec] +30 07 54.6373 [FIL] GG495 [EXPTIME] 60.0 [Date] 2020-03-28T19:14:16 [Time] 19:14:16
218/305 2MUCD11188-20200328@191530-Eden.fts [TYPE] LIGHT [OBJ] 2MUCD11188 [RA] 14 03 22.2917 [Dec] +30 07 54.6373 [FIL] GG495 [EXPTIME] 60.0 [Date] 2020-03-28T19:15:30 [Time] 19:15:30
219/305 2MUCD11188-20200328@191644-Eden.fts [TYPE] LIGHT [OBJ] 2MUCD11188 [RA] 14 03 22.2917 [Dec] +30 07 54.6373 [FIL] GG495 [EXPTIME] 60.0 [Date] 2020-03-28T19:16:45 [Time] 19:16:45
220/305 2MUCD11188-20200328@191800-Eden.fts [TYPE] LIGHT [OBJ] 2MUCD11188 [RA] 14 03 22.2917 [Dec] +30 07 54.6373 [FIL] GG495 [EXPTIME] 60.0 [Date] 2020-03-28T19:18:00 [Time] 19:18:00
221/305 2MUCD11188-20200328@191915-Eden.fts [TYPE] LIGHT [OBJ] 2MUCD11188 [RA] 14 03 22.2917 [Dec] +30 07 54.6373 [FIL] GG495 [EXPTIME] 60.0 [Date] 2020-03-28T19:19:15 [Time] 19:19:15
222/305 2MUCD11188-20200328@192029-Eden.fts [TYPE] LIGHT [OBJ] 2MUCD11188 [RA] 14 03 22.2917 [Dec] +30 07 54.6373 [FIL] GG495 [EXPTIME] 60.0 [Date] 2020-03-28T19:20:29 [Time] 19:20:29
223/305 2MUCD11188-20200328@192143-Eden.fts [TYPE] LIGHT [OBJ] 2MUCD11188 [RA] 14 03 22.2917 [Dec] +30 07 54.6373 [FIL] GG495 [EXPTIME] 60.0 [Date] 2020-03-28T19:21:43 [Time] 19:21:43
224/305 2MUCD11188-20200328@192259-Eden.fts [TYPE] LIGHT [OBJ] 2MUCD11188 [RA] 14 03 22.2917 [Dec] +30 07 54.6373 [FIL] GG495 [EXPTIME] 60.0 [Date] 2020-03-28T19:23:00 [Time] 19:23:00
225/305 2MUCD11188-20200328@192415-Eden.fts [TYPE] LIGHT [OBJ] 2MUCD11188 [RA] 14 03 22.2917 [Dec] +30 07 54.6373 [FIL] GG495 [EXPTIME] 60.0 [Date] 2020-03-28T19:24:15 [Time] 19:24:15
226/305 2MUCD11188-20200328@192530-Eden.fts [TYPE] LIGHT [OBJ] 2MUCD11188 [RA] 14 03 22.2917 [Dec] +30 07 54.6373 [FIL] GG495 [EXPTIME] 60.0 [Date] 2020-03-28T19:25:30 [Time] 19:25:30
227/305 2MUCD11188-20200328@192644-Eden.fts [TYPE] LIGHT [OBJ] 2MUCD11188 [RA] 14 03 22.2917 [Dec] +30 07 54.6373 [FIL] GG495 [EXPTIME] 60.0 [Date] 2020-03-28T19:26:44 [Time] 19:26:44
228/305 2MUCD11188-20200328@192758-Eden.fts [TYPE] LIGHT [OBJ] 2MUCD11188 [RA] 14 03 22.2917 [Dec] +30 07 54.6373 [FIL] GG495 [EXPTIME] 60.0 [Date] 2020-03-28T19:27:59 [Time] 19:27:59
229/305 2MUCD11188-20200328@192914-Eden.fts [TYPE] LIGHT [OBJ] 2MUCD11188 [RA] 14 03 22.2917 [Dec] +30 07 54.6373 [FIL] GG495 [EXPTIME] 60.0 [Date] 2020-03-28T19:29:14 [Time] 19:29:14
230/305 2MUCD11188-20200328@193028-Eden.fts [TYPE] LIGHT [OBJ] 2MUCD11188 [RA] 14 03 22.2917 [Dec] +30 07 54.6373 [FIL] GG495 [EXPTIME] 60.0 [Date] 2020-03-28T19:30:28 [Time] 19:30:28
231/305 2MUCD11188-20200328@193142-Eden.fts [TYPE] LIGHT [OBJ] 2MUCD11188 [RA] 14 03 22.2917 [Dec] +30 07 54.6373 [FIL] GG495 [EXPTIME] 60.0 [Date] 2020-03-28T19:31:42 [Time] 19:31:42
232/305 2MUCD11188-20200328@193256-Eden.fts [TYPE] LIGHT [OBJ] 2MUCD11188 [RA] 14 03 22.2917 [Dec] +30 07 54.6373 [FIL] GG495 [EXPTIME] 60.0 [Date] 2020-03-28T19:32:56 [Time] 19:32:56
233/305 2MUCD11188-20200328@193410-Eden.fts [TYPE] LIGHT [OBJ] 2MUCD11188 [RA] 14 03 22.2917 [Dec] +30 07 54.6373 [FIL] GG495 [EXPTIME] 60.0 [Date] 2020-03-28T19:34:11 [Time] 19:34:11
234/305 2MUCD11188-20200328@193525-Eden.fts [TYPE] LIGHT [OBJ] 2MUCD11188 [RA] 14 03 22.2917 [Dec] +30 07 54.6373 [FIL] GG495 [EXPTIME] 60.0 [Date] 2020-03-28T19:35:25 [Time] 19:35:25
235/305 2MUCD11188-20200328@193639-Eden.fts [TYPE] LIGHT [OBJ] 2MUCD11188 [RA] 14 03 22.2917 [Dec] +30 07 54.6373 [FIL] GG495 [EXPTIME] 60.0 [Date] 2020-03-28T19:36:40 [Time] 19:36:40
236/305 2MUCD11188-20200328@193753-Eden.fts [TYPE] LIGHT [OBJ] 2MUCD11188 [RA] 14 03 22.2917 [Dec] +30 07 54.6373 [FIL] GG495 [EXPTIME] 60.0 [Date] 2020-03-28T19:37:54 [Time] 19:37:54
237/305 2MUCD11188-20200328@193908-Eden.fts [TYPE] LIGHT [OBJ] 2MUCD11188 [RA] 14 03 22.2917 [Dec] +30 07 54.6373 [FIL] GG495 [EXPTIME] 60.0 [Date] 2020-03-28T19:39:08 [Time] 19:39:08
238/305 2MUCD11188-20200328@194023-Eden.fts [TYPE] LIGHT [OBJ] 2MUCD11188 [RA] 14 03 22.2917 [Dec] +30 07 54.6373 [FIL] GG495 [EXPTIME] 60.0 [Date] 2020-03-28T19:40:25 [Time] 19:40:25
239/305 2MUCD11188-20200328@194139-Eden.fts [TYPE] LIGHT [OBJ] 2MUCD11188 [RA] 14 03 22.2917 [Dec] +30 07 54.6373 [FIL] GG495 [EXPTIME] 60.0 [Date] 2020-03-28T19:41:39 [Time] 19:41:39
240/305 2MUCD11188-20200328@194253-Eden.fts [TYPE] LIGHT [OBJ] 2MUCD11188 [RA] 14 03 22.2917 [Dec] +30 07 54.6373 [FIL] GG495 [EXPTIME] 60.0 [Date] 2020-03-28T19:42:54 [Time] 19:42:54
241/305 2MUCD11188-20200328@194408-Eden.fts [TYPE] LIGHT [OBJ] 2MUCD11188 [RA] 14 03 22.2917 [Dec] +30 07 54.6373 [FIL] GG495 [EXPTIME] 60.0 [Date] 2020-03-28T19:44:08 [Time] 19:44:08
242/305 2MUCD11188-20200328@194523-Eden.fts [TYPE] LIGHT [OBJ] 2MUCD11188 [RA] 14 03 22.2917 [Dec] +30 07 54.6373 [FIL] GG495 [EXPTIME] 60.0 [Date] 2020-03-28T19:45:23 [Time] 19:45:23
243/305 2MUCD11188-20200328@194637-Eden.fts [TYPE] LIGHT [OBJ] 2MUCD11188 [RA] 14 03 22.2917 [Dec] +30 07 54.6373 [FIL] GG495 [EXPTIME] 60.0 [Date] 2020-03-28T19:46:37 [Time] 19:46:37
244/305 2MUCD11188-20200328@194751-Eden.fts [TYPE] LIGHT [OBJ] 2MUCD11188 [RA] 14 03 22.2917 [Dec] +30 07 54.6373 [FIL] GG495 [EXPTIME] 60.0 [Date] 2020-03-28T19:47:52 [Time] 19:47:52
245/305 2MUCD11188-20200328@194906-Eden.fts [TYPE] LIGHT [OBJ] 2MUCD11188 [RA] 14 03 22.2917 [Dec] +30 07 54.6373 [FIL] GG495 [EXPTIME] 60.0 [Date] 2020-03-28T19:49:06 [Time] 19:49:06
246/305 2MUCD11188-20200328@195020-Eden.fts [TYPE] LIGHT [OBJ] 2MUCD11188 [RA] 14 03 22.2917 [Dec] +30 07 54.6373 [FIL] GG495 [EXPTIME] 60.0 [Date] 2020-03-28T19:50:21 [Time] 19:50:21
247/305 2MUCD11188-20200328@195135-Eden.fts [TYPE] LIGHT [OBJ] 2MUCD11188 [RA] 14 03 22.2917 [Dec] +30 07 54.6373 [FIL] GG495 [EXPTIME] 60.0 [Date] 2020-03-28T19:51:35 [Time] 19:51:35
248/305 2MUCD11188-20200328@195250-Eden.fts [TYPE] LIGHT [OBJ] 2MUCD11188 [RA] 14 03 22.2917 [Dec] +30 07 54.6373 [FIL] GG495 [EXPTIME] 60.0 [Date] 2020-03-28T19:52:51 [Time] 19:52:51
249/305 2MUCD11188-20200328@195405-Eden.fts [TYPE] LIGHT [OBJ] 2MUCD11188 [RA] 14 03 22.2917 [Dec] +30 07 54.6373 [FIL] GG495 [EXPTIME] 60.0 [Date] 2020-03-28T19:54:05 [Time] 19:54:05
250/305 2MUCD11188-20200328@195520-Eden.fts [TYPE] LIGHT [OBJ] 2MUCD11188 [RA] 14 03 22.2917 [Dec] +30 07 54.6373 [FIL] GG495 [EXPTIME] 60.0 [Date] 2020-03-28T19:55:20 [Time] 19:55:20
251/305 2MUCD11188-20200328@195634-Eden.fts [TYPE] LIGHT [OBJ] 2MUCD11188 [RA] 14 03 22.2917 [Dec] +30 07 54.6373 [FIL] GG495 [EXPTIME] 60.0 [Date] 2020-03-28T19:56:35 [Time] 19:56:35
252/305 2MUCD11188-20200328@195750-Eden.fts [TYPE] LIGHT [OBJ] 2MUCD11188 [RA] 14 03 22.2917 [Dec] +30 07 54.6373 [FIL] GG495 [EXPTIME] 60.0 [Date] 2020-03-28T19:57:51 [Time] 19:57:51
253/305 2MUCD11188-20200328@195905-Eden.fts [TYPE] LIGHT [OBJ] 2MUCD11188 [RA] 14 03 22.2917 [Dec] +30 07 54.6373 [FIL] GG495 [EXPTIME] 60.0 [Date] 2020-03-28T19:59:05 [Time] 19:59:05
254/305 2MUCD11188-20200328@200020-Eden.fts [TYPE] LIGHT [OBJ] 2MUCD11188 [RA] 14 03 22.2917 [Dec] +30 07 54.6373 [FIL] GG495 [EXPTIME] 60.0 [Date] 2020-03-28T20:00:21 [Time] 20:00:21
255/305 2MUCD11188-20200328@200136-Eden.fts [TYPE] LIGHT [OBJ] 2MUCD11188 [RA] 14 03 22.2917 [Dec] +30 07 54.6373 [FIL] GG495 [EXPTIME] 60.0 [Date] 2020-03-28T20:01:36 [Time] 20:01:36
256/305 2MUCD11188-20200328@200250-Eden.fts [TYPE] LIGHT [OBJ] 2MUCD11188 [RA] 14 03 22.2917 [Dec] +30 07 54.6373 [FIL] GG495 [EXPTIME] 60.0 [Date] 2020-03-28T20:02:51 [Time] 20:02:51
257/305 2MUCD11188-20200328@200406-Eden.fts [TYPE] LIGHT [OBJ] 2MUCD11188 [RA] 14 03 22.2917 [Dec] +30 07 54.6373 [FIL] GG495 [EXPTIME] 60.0 [Date] 2020-03-28T20:04:06 [Time] 20:04:06
258/305 2MUCD11188-20200328@200521-Eden.fts [TYPE] LIGHT [OBJ] 2MUCD11188 [RA] 14 03 22.2917 [Dec] +30 07 54.6373 [FIL] GG495 [EXPTIME] 60.0 [Date] 2020-03-28T20:05:21 [Time] 20:05:21
259/305 2MUCD11188-20200328@200636-Eden.fts [TYPE] LIGHT [OBJ] 2MUCD11188 [RA] 14 03 22.2917 [Dec] +30 07 54.6373 [FIL] GG495 [EXPTIME] 60.0 [Date] 2020-03-28T20:06:36 [Time] 20:06:36
260/305 2MUCD11188-20200328@200749-Eden.fts [TYPE] LIGHT [OBJ] 2MUCD11188 [RA] 14 03 22.2917 [Dec] +30 07 54.6373 [FIL] GG495 [EXPTIME] 60.0 [Date] 2020-03-28T20:07:50 [Time] 20:07:50
261/305 2MUCD11188-20200328@200904-Eden.fts [TYPE] LIGHT [OBJ] 2MUCD11188 [RA] 14 03 22.2917 [Dec] +30 07 54.6373 [FIL] GG495 [EXPTIME] 60.0 [Date] 2020-03-28T20:09:05 [Time] 20:09:05
262/305 2MUCD11188-20200328@201019-Eden.fts [TYPE] LIGHT [OBJ] 2MUCD11188 [RA] 14 03 22.2917 [Dec] +30 07 54.6373 [FIL] GG495 [EXPTIME] 60.0 [Date] 2020-03-28T20:10:19 [Time] 20:10:19
263/305 2MUCD11188-20200328@201133-Eden.fts [TYPE] LIGHT [OBJ] 2MUCD11188 [RA] 14 03 22.2917 [Dec] +30 07 54.6373 [FIL] GG495 [EXPTIME] 60.0 [Date] 2020-03-28T20:11:33 [Time] 20:11:33
264/305 2MUCD11188-20200328@201248-Eden.fts [TYPE] LIGHT [OBJ] 2MUCD11188 [RA] 14 03 22.2917 [Dec] +30 07 54.6373 [FIL] GG495 [EXPTIME] 60.0 [Date] 2020-03-28T20:12:48 [Time] 20:12:48
265/305 2MUCD11188-20200328@201402-Eden.fts [TYPE] LIGHT [OBJ] 2MUCD11188 [RA] 14 03 22.2917 [Dec] +30 07 54.6373 [FIL] GG495 [EXPTIME] 60.0 [Date] 2020-03-28T20:14:02 [Time] 20:14:02
266/305 2MUCD11188-20200328@201516-Eden.fts [TYPE] LIGHT [OBJ] 2MUCD11188 [RA] 14 03 22.2917 [Dec] +30 07 54.6373 [FIL] GG495 [EXPTIME] 60.0 [Date] 2020-03-28T20:15:16 [Time] 20:15:16
267/305 2MUCD11188-20200328@201630-Eden.fts [TYPE] LIGHT [OBJ] 2MUCD11188 [RA] 14 03 22.2917 [Dec] +30 07 54.6373 [FIL] GG495 [EXPTIME] 60.0 [Date] 2020-03-28T20:16:31 [Time] 20:16:31
268/305 2MUCD11188-20200328@201744-Eden.fts [TYPE] LIGHT [OBJ] 2MUCD11188 [RA] 14 03 22.2917 [Dec] +30 07 54.6373 [FIL] GG495 [EXPTIME] 60.0 [Date] 2020-03-28T20:17:44 [Time] 20:17:44
269/305 2MUCD11188-20200328@201900-Eden.fts [TYPE] LIGHT [OBJ] 2MUCD11188 [RA] 14 03 22.2917 [Dec] +30 07 54.6373 [FIL] GG495 [EXPTIME] 60.0 [Date] 2020-03-28T20:19:00 [Time] 20:19:00
270/305 2MUCD11188-20200328@202014-Eden.fts [TYPE] LIGHT [OBJ] 2MUCD11188 [RA] 14 03 22.2917 [Dec] +30 07 54.6373 [FIL] GG495 [EXPTIME] 60.0 [Date] 2020-03-28T20:20:15 [Time] 20:20:15
271/305 2MUCD11188-20200328@202129-Eden.fts [TYPE] LIGHT [OBJ] 2MUCD11188 [RA] 14 03 22.2917 [Dec] +30 07 54.6373 [FIL] GG495 [EXPTIME] 60.0 [Date] 2020-03-28T20:21:29 [Time] 20:21:29
272/305 2MUCD11188-20200328@202244-Eden.fts [TYPE] LIGHT [OBJ] 2MUCD11188 [RA] 14 03 22.2917 [Dec] +30 07 54.6373 [FIL] GG495 [EXPTIME] 60.0 [Date] 2020-03-28T20:22:44 [Time] 20:22:44
273/305 2MUCD11188-20200328@202359-Eden.fts [TYPE] LIGHT [OBJ] 2MUCD11188 [RA] 14 03 22.2917 [Dec] +30 07 54.6373 [FIL] GG495 [EXPTIME] 60.0 [Date] 2020-03-28T20:23:59 [Time] 20:23:59
274/305 2MUCD11188-20200328@202514-Eden.fts [TYPE] LIGHT [OBJ] 2MUCD11188 [RA] 14 03 22.2917 [Dec] +30 07 54.6373 [FIL] GG495 [EXPTIME] 60.0 [Date] 2020-03-28T20:25:14 [Time] 20:25:14
275/305 2MUCD11188-20200328@202630-Eden.fts [TYPE] LIGHT [OBJ] 2MUCD11188 [RA] 14 03 22.2917 [Dec] +30 07 54.6373 [FIL] GG495 [EXPTIME] 60.0 [Date] 2020-03-28T20:26:30 [Time] 20:26:30
276/305 2MUCD11188-20200328@202745-Eden.fts [TYPE] LIGHT [OBJ] 2MUCD11188 [RA] 14 03 22.2917 [Dec] +30 07 54.6373 [FIL] GG495 [EXPTIME] 60.0 [Date] 2020-03-28T20:27:45 [Time] 20:27:45
277/305 2MUCD11188-20200328@202900-Eden.fts [TYPE] LIGHT [OBJ] 2MUCD11188 [RA] 14 03 22.2917 [Dec] +30 07 54.6373 [FIL] GG495 [EXPTIME] 60.0 [Date] 2020-03-28T20:29:00 [Time] 20:29:00
278/305 2MUCD11188-20200328@203013-Eden.fts [TYPE] LIGHT [OBJ] 2MUCD11188 [RA] 14 03 22.2917 [Dec] +30 07 54.6373 [FIL] GG495 [EXPTIME] 60.0 [Date] 2020-03-28T20:30:13 [Time] 20:30:13
279/305 2MUCD11188-20200328@203127-Eden.fts [TYPE] LIGHT [OBJ] 2MUCD11188 [RA] 14 03 22.2917 [Dec] +30 07 54.6373 [FIL] GG495 [EXPTIME] 60.0 [Date] 2020-03-28T20:31:28 [Time] 20:31:28
280/305 2MUCD11188-20200328@203241-Eden.fts [TYPE] LIGHT [OBJ] 2MUCD11188 [RA] 14 03 22.2917 [Dec] +30 07 54.6373 [FIL] GG495 [EXPTIME] 60.0 [Date] 2020-03-28T20:32:41 [Time] 20:32:41
281/305 2MUCD11188-20200328@203355-Eden.fts [TYPE] LIGHT [OBJ] 2MUCD11188 [RA] 14 03 22.2917 [Dec] +30 07 54.6373 [FIL] GG495 [EXPTIME] 60.0 [Date] 2020-03-28T20:33:55 [Time] 20:33:55
282/305 2MUCD11188-20200328@203511-Eden.fts [TYPE] LIGHT [OBJ] 2MUCD11188 [RA] 14 03 22.2917 [Dec] +30 07 54.6373 [FIL] GG495 [EXPTIME] 60.0 [Date] 2020-03-28T20:35:11 [Time] 20:35:11
283/305 2MUCD11188-20200328@203625-Eden.fts [TYPE] LIGHT [OBJ] 2MUCD11188 [RA] 14 03 22.2917 [Dec] +30 07 54.6373 [FIL] GG495 [EXPTIME] 60.0 [Date] 2020-03-28T20:36:26 [Time] 20:36:26
284/305 2MUCD11188-20200328@203741-Eden.fts [TYPE] LIGHT [OBJ] 2MUCD11188 [RA] 14 03 22.2917 [Dec] +30 07 54.6373 [FIL] GG495 [EXPTIME] 60.0 [Date] 2020-03-28T20:37:41 [Time] 20:37:41
285/305 2MUCD11188-20200328@203856-Eden.fts [TYPE] LIGHT [OBJ] 2MUCD11188 [RA] 14 03 22.2917 [Dec] +30 07 54.6373 [FIL] GG495 [EXPTIME] 60.0 [Date] 2020-03-28T20:38:56 [Time] 20:38:56
286/305 2MUCD11188-20200328@204011-Eden.fts [TYPE] LIGHT [OBJ] 2MUCD11188 [RA] 14 03 22.2917 [Dec] +30 07 54.6373 [FIL] GG495 [EXPTIME] 60.0 [Date] 2020-03-28T20:40:12 [Time] 20:40:12
287/305 2MUCD11188-20200328@204126-Eden.fts [TYPE] LIGHT [OBJ] 2MUCD11188 [RA] 14 03 22.2917 [Dec] +30 07 54.6373 [FIL] GG495 [EXPTIME] 60.0 [Date] 2020-03-28T20:41:26 [Time] 20:41:26
288/305 2MUCD11188-20200328@204241-Eden.fts [TYPE] LIGHT [OBJ] 2MUCD11188 [RA] 14 03 22.2917 [Dec] +30 07 54.6373 [FIL] GG495 [EXPTIME] 60.0 [Date] 2020-03-28T20:42:41 [Time] 20:42:41
289/305 2MUCD11188-20200328@204355-Eden.fts [TYPE] LIGHT [OBJ] 2MUCD11188 [RA] 14 03 22.2917 [Dec] +30 07 54.6373 [FIL] GG495 [EXPTIME] 60.0 [Date] 2020-03-28T20:43:55 [Time] 20:43:55
290/305 2MUCD11188-20200328@204509-Eden.fts [TYPE] LIGHT [OBJ] 2MUCD11188 [RA] 14 03 22.2917 [Dec] +30 07 54.6373 [FIL] GG495 [EXPTIME] 60.0 [Date] 2020-03-28T20:45:09 [Time] 20:45:09
291/305 2MUCD11188-20200328@204623-Eden.fts [TYPE] LIGHT [OBJ] 2MUCD11188 [RA] 14 03 22.2917 [Dec] +30 07 54.6373 [FIL] GG495 [EXPTIME] 60.0 [Date] 2020-03-28T20:46:23 [Time] 20:46:23
292/305 2MUCD11188-20200328@204738-Eden.fts [TYPE] LIGHT [OBJ] 2MUCD11188 [RA] 14 03 22.2917 [Dec] +30 07 54.6373 [FIL] GG495 [EXPTIME] 60.0 [Date] 2020-03-28T20:47:39 [Time] 20:47:39
293/305 2MUCD11188-20200328@204853-Eden.fts [TYPE] LIGHT [OBJ] 2MUCD11188 [RA] 14 03 22.2917 [Dec] +30 07 54.6373 [FIL] GG495 [EXPTIME] 60.0 [Date] 2020-03-28T20:48:53 [Time] 20:48:53
294/305 2MUCD11188-20200328@205008-Eden.fts [TYPE] LIGHT [OBJ] 2MUCD11188 [RA] 14 03 22.2917 [Dec] +30 07 54.6373 [FIL] GG495 [EXPTIME] 60.0 [Date] 2020-03-28T20:50:09 [Time] 20:50:09
295/305 2MUCD11188-20200328@205123-Eden.fts [TYPE] LIGHT [OBJ] 2MUCD11188 [RA] 14 03 22.2917 [Dec] +30 07 54.6373 [FIL] GG495 [EXPTIME] 60.0 [Date] 2020-03-28T20:51:24 [Time] 20:51:24
296/305 2MUCD11188-20200328@205238-Eden.fts [TYPE] LIGHT [OBJ] 2MUCD11188 [RA] 14 03 22.2917 [Dec] +30 07 54.6373 [FIL] GG495 [EXPTIME] 60.0 [Date] 2020-03-28T20:52:38 [Time] 20:52:38
297/305 2MUCD11188-20200328@205353-Eden.fts [TYPE] LIGHT [OBJ] 2MUCD11188 [RA] 14 03 22.2917 [Dec] +30 07 54.6373 [FIL] GG495 [EXPTIME] 60.0 [Date] 2020-03-28T20:53:54 [Time] 20:53:54
298/305 2MUCD11188-20200328@205509-Eden.fts [TYPE] LIGHT [OBJ] 2MUCD11188 [RA] 14 03 22.2917 [Dec] +30 07 54.6373 [FIL] GG495 [EXPTIME] 60.0 [Date] 2020-03-28T20:55:10 [Time] 20:55:10
299/305 2MUCD11188-20200328@205624-Eden.fts [TYPE] LIGHT [OBJ] 2MUCD11188 [RA] 14 03 22.2917 [Dec] +30 07 54.6373 [FIL] GG495 [EXPTIME] 60.0 [Date] 2020-03-28T20:56:24 [Time] 20:56:24
300/305 2MUCD11188-20200328@205738-Eden.fts [TYPE] LIGHT [OBJ] 2MUCD11188 [RA] 14 03 22.2917 [Dec] +30 07 54.6373 [FIL] GG495 [EXPTIME] 60.0 [Date] 2020-03-28T20:57:39 [Time] 20:57:39
301/305 2MUCD11188-20200328@205853-Eden.fts [TYPE] LIGHT [OBJ] 2MUCD11188 [RA] 14 03 22.2917 [Dec] +30 07 54.6373 [FIL] GG495 [EXPTIME] 60.0 [Date] 2020-03-28T20:58:54 [Time] 20:58:54
302/305 2MUCD11188-20200328@210008-Eden.fts [TYPE] LIGHT [OBJ] 2MUCD11188 [RA] 14 03 22.2917 [Dec] +30 07 54.6373 [FIL] GG495 [EXPTIME] 60.0 [Date] 2020-03-28T21:00:09 [Time] 21:00:09
303/305 2MUCD11188-20200328@210123-Eden.fts [TYPE] LIGHT [OBJ] 2MUCD11188 [RA] 14 03 22.2917 [Dec] +30 07 54.6373 [FIL] GG495 [EXPTIME] 60.0 [Date] 2020-03-28T21:01:24 [Time] 21:01:24
304/305 2MUCD11188-20200328@210237-Eden.fts [TYPE] LIGHT [OBJ] 2MUCD11188 [RA] 14 03 22.2917 [Dec] +30 07 54.6373 [FIL] GG495 [EXPTIME] 60.0 [Date] 2020-03-28T21:02:38 [Time] 21:02:38
305/305 2MUCD11188-20200328@210352-Eden.fts [TYPE] LIGHT [OBJ] 2MUCD11188 [RA] 14 03 22.2917 [Dec] +30 07 54.6373 [FIL] GG495 [EXPTIME] 60.0 [Date] 2020-03-28T21:03:52 [Time] 21:03:52
... write log file to LOT20200328-2MUCD11188_mod.log ...
... finish ...
