-----------------
input parameters
-----------------
['/home/altsai/eden/modify_header_eden.py']
Your will modify header for: 2MUCD10014 [RA] 00 19 45.8356 [Dec] +52 13 17.5840 [Filter] GG495
---------------
folder: LOT20190918
will update fits in: LOT20190918_mod
 ---------------------------
 Exame Fits Header for Bias
 ---------------------------
find ./LOT20190918/bias-dark/ | grep 'fits\|fts'|sort 
found 70 Bias
1 Bias-20190918@213812-000S.fts [TYPE] BIAS [EXPTIME] 0.0
2 Bias-20190918@213820-000S.fts [TYPE] BIAS [EXPTIME] 0.0
3 Bias-20190918@213827-000S.fts [TYPE] BIAS [EXPTIME] 0.0
4 Bias-20190918@213834-000S.fts [TYPE] BIAS [EXPTIME] 0.0
5 Bias-20190918@213841-000S.fts [TYPE] BIAS [EXPTIME] 0.0
6 Bias-20190918@213848-000S.fts [TYPE] BIAS [EXPTIME] 0.0
7 Bias-20190918@213855-000S.fts [TYPE] BIAS [EXPTIME] 0.0
8 Bias-20190918@213902-000S.fts [TYPE] BIAS [EXPTIME] 0.0
9 Bias-20190918@213909-000S.fts [TYPE] BIAS [EXPTIME] 0.0
10 Bias-20190918@213916-000S.fts [TYPE] BIAS [EXPTIME] 0.0
11 Dark-20190918@213923-060S.fts [TYPE] DARK [EXPTIME] 60.0
12 Dark-20190918@214030-060S.fts [TYPE] DARK [EXPTIME] 60.0
13 Dark-20190918@214137-060S.fts [TYPE] DARK [EXPTIME] 60.0
14 Dark-20190918@214243-060S.fts [TYPE] DARK [EXPTIME] 60.0
15 Dark-20190918@214350-060S.fts [TYPE] DARK [EXPTIME] 60.0
16 Dark-20190918@214458-060S.fts [TYPE] DARK [EXPTIME] 60.0
17 Dark-20190918@214605-060S.fts [TYPE] DARK [EXPTIME] 60.0
18 Dark-20190918@214712-060S.fts [TYPE] DARK [EXPTIME] 60.0
19 Dark-20190918@214819-060S.fts [TYPE] DARK [EXPTIME] 60.0
20 Dark-20190918@214925-060S.fts [TYPE] DARK [EXPTIME] 60.0
21 Dark-20190918@215033-100S.fts [TYPE] DARK [EXPTIME] 100.0
22 Dark-20190918@215220-100S.fts [TYPE] DARK [EXPTIME] 100.0
23 Dark-20190918@215407-100S.fts [TYPE] DARK [EXPTIME] 100.0
24 Dark-20190918@215554-100S.fts [TYPE] DARK [EXPTIME] 100.0
25 Dark-20190918@215740-100S.fts [TYPE] DARK [EXPTIME] 100.0
26 Dark-20190918@215927-100S.fts [TYPE] DARK [EXPTIME] 100.0
27 Dark-20190918@220114-100S.fts [TYPE] DARK [EXPTIME] 100.0
28 Dark-20190918@220301-100S.fts [TYPE] DARK [EXPTIME] 100.0
29 Dark-20190918@220448-100S.fts [TYPE] DARK [EXPTIME] 100.0
30 Dark-20190918@220634-100S.fts [TYPE] DARK [EXPTIME] 100.0
31 Dark-20190918@220822-120S.fts [TYPE] DARK [EXPTIME] 120.0
32 Dark-20190918@221029-120S.fts [TYPE] DARK [EXPTIME] 120.0
33 Dark-20190918@221236-120S.fts [TYPE] DARK [EXPTIME] 120.0
34 Dark-20190918@221443-120S.fts [TYPE] DARK [EXPTIME] 120.0
35 Dark-20190918@221650-120S.fts [TYPE] DARK [EXPTIME] 120.0
36 Dark-20190918@221857-120S.fts [TYPE] DARK [EXPTIME] 120.0
37 Dark-20190918@222104-120S.fts [TYPE] DARK [EXPTIME] 120.0
38 Dark-20190918@222311-120S.fts [TYPE] DARK [EXPTIME] 120.0
39 Dark-20190918@222518-120S.fts [TYPE] DARK [EXPTIME] 120.0
40 Dark-20190918@222724-120S.fts [TYPE] DARK [EXPTIME] 120.0
41 Dark-20190918@222932-200S.fts [TYPE] DARK [EXPTIME] 200.0
42 Dark-20190918@223259-200S.fts [TYPE] DARK [EXPTIME] 200.0
43 Dark-20190918@223626-200S.fts [TYPE] DARK [EXPTIME] 200.0
44 Dark-20190918@223952-200S.fts [TYPE] DARK [EXPTIME] 200.0
45 Dark-20190918@224319-200S.fts [TYPE] DARK [EXPTIME] 200.0
46 Dark-20190918@224646-200S.fts [TYPE] DARK [EXPTIME] 200.0
47 Dark-20190918@225013-200S.fts [TYPE] DARK [EXPTIME] 200.0
48 Dark-20190918@225339-200S.fts [TYPE] DARK [EXPTIME] 200.0
49 Dark-20190918@225707-200S.fts [TYPE] DARK [EXPTIME] 200.0
50 Dark-20190918@230034-200S.fts [TYPE] DARK [EXPTIME] 200.0
51 Dark-20190918@230402-240S.fts [TYPE] DARK [EXPTIME] 240.0
52 Dark-20190918@230809-240S.fts [TYPE] DARK [EXPTIME] 240.0
53 Dark-20190918@231216-240S.fts [TYPE] DARK [EXPTIME] 240.0
54 Dark-20190918@231622-240S.fts [TYPE] DARK [EXPTIME] 240.0
55 Dark-20190918@232030-240S.fts [TYPE] DARK [EXPTIME] 240.0
56 Dark-20190918@232437-240S.fts [TYPE] DARK [EXPTIME] 240.0
57 Dark-20190918@232845-240S.fts [TYPE] DARK [EXPTIME] 240.0
58 Dark-20190918@233251-240S.fts [TYPE] DARK [EXPTIME] 240.0
59 Dark-20190918@233658-240S.fts [TYPE] DARK [EXPTIME] 240.0
60 Dark-20190918@234104-240S.fts [TYPE] DARK [EXPTIME] 240.0
61 Dark-20190918@234513-300S.fts [TYPE] DARK [EXPTIME] 300.0
62 Dark-20190918@235020-300S.fts [TYPE] DARK [EXPTIME] 300.0
63 Dark-20190918@235526-300S.fts [TYPE] DARK [EXPTIME] 300.0
64 Dark-20190919@000033-300S.fts [TYPE] DARK [EXPTIME] 300.0
65 Dark-20190919@000540-300S.fts [TYPE] DARK [EXPTIME] 300.0
66 Dark-20190919@001047-300S.fts [TYPE] DARK [EXPTIME] 300.0
67 Dark-20190919@001553-300S.fts [TYPE] DARK [EXPTIME] 300.0
68 Dark-20190919@002100-300S.fts [TYPE] DARK [EXPTIME] 300.0
69 Dark-20190919@002607-300S.fts [TYPE] DARK [EXPTIME] 300.0
70 Dark-20190919@003113-300S.fts [TYPE] DARK [EXPTIME] 300.0
 ---------------------------
 Exame Fits Header for Flat
 ---------------------------
find ./LOT20190918/ | grep flat/ | grep -E 'fits|fts'|sort -t'-' -k2.4,2.6 
found 0 Flat
no files in ./flat/
 ---------------------------
 Update Fits Header for Science Target
 ---------------------------
find ./LOT20190918/wchen/ | grep 'fits\|fts'  |sort -t'@' -k2
found 136 Target

...update header...
1 2MUCD10014-20190918@113057-Eden.fts [TYPE] LIGHT [OBJ] 2MUCD10014 [RA] 00 19 45.8356 [Dec] +52 13 17.5840 [FIL] GG495 [EXPTIME] 200.0 [Date] 2019-09-18T11:31:10 [Time] 11:31:10
2 2MUCD10014-20190918@113441-Eden.fts [TYPE] LIGHT [OBJ] 2MUCD10014 [RA] 00 19 45.8356 [Dec] +52 13 17.5840 [FIL] GG495 [EXPTIME] 200.0 [Date] 2019-09-18T11:34:41 [Time] 11:34:41
3 2MUCD10014-20190918@113812-Eden.fts [TYPE] LIGHT [OBJ] 2MUCD10014 [RA] 00 19 45.8356 [Dec] +52 13 17.5840 [FIL] GG495 [EXPTIME] 200.0 [Date] 2019-09-18T11:38:13 [Time] 11:38:13
4 2MUCD10014-20190918@114145-Eden.fts [TYPE] LIGHT [OBJ] 2MUCD10014 [RA] 00 19 45.8356 [Dec] +52 13 17.5840 [FIL] GG495 [EXPTIME] 200.0 [Date] 2019-09-18T11:41:45 [Time] 11:41:45
5 2MUCD10014-20190918@114516-Eden.fts [TYPE] LIGHT [OBJ] 2MUCD10014 [RA] 00 19 45.8356 [Dec] +52 13 17.5840 [FIL] GG495 [EXPTIME] 200.0 [Date] 2019-09-18T11:45:17 [Time] 11:45:17
6 2MUCD10014-20190918@114848-Eden.fts [TYPE] LIGHT [OBJ] 2MUCD10014 [RA] 00 19 45.8356 [Dec] +52 13 17.5840 [FIL] GG495 [EXPTIME] 200.0 [Date] 2019-09-18T11:48:48 [Time] 11:48:48
7 2MUCD10014-20190918@115838-Eden.fts [TYPE] LIGHT [OBJ] 2MUCD10014 [RA] 00 19 45.8356 [Dec] +52 13 17.5840 [FIL] GG495 [EXPTIME] 200.0 [Date] 2019-09-18T11:58:53 [Time] 11:58:53
8 2MUCD10014-20190918@120224-Eden.fts [TYPE] LIGHT [OBJ] 2MUCD10014 [RA] 00 19 45.8356 [Dec] +52 13 17.5840 [FIL] GG495 [EXPTIME] 200.0 [Date] 2019-09-18T12:02:25 [Time] 12:02:25
9 2MUCD10014-20190918@120556-Eden.fts [TYPE] LIGHT [OBJ] 2MUCD10014 [RA] 00 19 45.8356 [Dec] +52 13 17.5840 [FIL] GG495 [EXPTIME] 200.0 [Date] 2019-09-18T12:05:56 [Time] 12:05:56
10 2MUCD10014-20190918@120928-Eden.fts [TYPE] LIGHT [OBJ] 2MUCD10014 [RA] 00 19 45.8356 [Dec] +52 13 17.5840 [FIL] GG495 [EXPTIME] 200.0 [Date] 2019-09-18T12:09:29 [Time] 12:09:29
11 2MUCD10014-20190918@121300-Eden.fts [TYPE] LIGHT [OBJ] 2MUCD10014 [RA] 00 19 45.8356 [Dec] +52 13 17.5840 [FIL] GG495 [EXPTIME] 200.0 [Date] 2019-09-18T12:13:00 [Time] 12:13:00
12 2MUCD10014-20190918@121632-Eden.fts [TYPE] LIGHT [OBJ] 2MUCD10014 [RA] 00 19 45.8356 [Dec] +52 13 17.5840 [FIL] GG495 [EXPTIME] 200.0 [Date] 2019-09-18T12:16:33 [Time] 12:16:33
13 2MUCD10014-20190918@122005-Eden.fts [TYPE] LIGHT [OBJ] 2MUCD10014 [RA] 00 19 45.8356 [Dec] +52 13 17.5840 [FIL] GG495 [EXPTIME] 200.0 [Date] 2019-09-18T12:20:06 [Time] 12:20:06
14 2MUCD10014-20190918@122338-Eden.fts [TYPE] LIGHT [OBJ] 2MUCD10014 [RA] 00 19 45.8356 [Dec] +52 13 17.5840 [FIL] GG495 [EXPTIME] 200.0 [Date] 2019-09-18T12:23:38 [Time] 12:23:38
15 2MUCD10014-20190918@122709-Eden.fts [TYPE] LIGHT [OBJ] 2MUCD10014 [RA] 00 19 45.8356 [Dec] +52 13 17.5840 [FIL] GG495 [EXPTIME] 200.0 [Date] 2019-09-18T12:27:10 [Time] 12:27:10
16 2MUCD10014-20190918@123042-Eden.fts [TYPE] LIGHT [OBJ] 2MUCD10014 [RA] 00 19 45.8356 [Dec] +52 13 17.5840 [FIL] GG495 [EXPTIME] 200.0 [Date] 2019-09-18T12:30:42 [Time] 12:30:42
17 2MUCD10014-20190918@123416-Eden.fts [TYPE] LIGHT [OBJ] 2MUCD10014 [RA] 00 19 45.8356 [Dec] +52 13 17.5840 [FIL] GG495 [EXPTIME] 200.0 [Date] 2019-09-18T12:34:17 [Time] 12:34:17
18 2MUCD10014-20190918@124135-Eden.fts [TYPE] LIGHT [OBJ] 2MUCD10014 [RA] 00 19 45.8356 [Dec] +52 13 17.5840 [FIL] GG495 [EXPTIME] 200.0 [Date] 2019-09-18T12:41:49 [Time] 12:41:49
19 2MUCD10014-20190918@124521-Eden.fts [TYPE] LIGHT [OBJ] 2MUCD10014 [RA] 00 19 45.8356 [Dec] +52 13 17.5840 [FIL] GG495 [EXPTIME] 200.0 [Date] 2019-09-18T12:45:21 [Time] 12:45:21
20 2MUCD10014-20190918@124852-Eden.fts [TYPE] LIGHT [OBJ] 2MUCD10014 [RA] 00 19 45.8356 [Dec] +52 13 17.5840 [FIL] GG495 [EXPTIME] 200.0 [Date] 2019-09-18T12:48:53 [Time] 12:48:53
21 2MUCD10014-20190918@125225-Eden.fts [TYPE] LIGHT [OBJ] 2MUCD10014 [RA] 00 19 45.8356 [Dec] +52 13 17.5840 [FIL] GG495 [EXPTIME] 200.0 [Date] 2019-09-18T12:52:25 [Time] 12:52:25
22 2MUCD10014-20190918@125556-Eden.fts [TYPE] LIGHT [OBJ] 2MUCD10014 [RA] 00 19 45.8356 [Dec] +52 13 17.5840 [FIL] GG495 [EXPTIME] 200.0 [Date] 2019-09-18T12:55:57 [Time] 12:55:57
23 2MUCD10014-20190918@125929-Eden.fts [TYPE] LIGHT [OBJ] 2MUCD10014 [RA] 00 19 45.8356 [Dec] +52 13 17.5840 [FIL] GG495 [EXPTIME] 200.0 [Date] 2019-09-18T12:59:29 [Time] 12:59:29
24 2MUCD10014-20190918@130301-Eden.fts [TYPE] LIGHT [OBJ] 2MUCD10014 [RA] 00 19 45.8356 [Dec] +52 13 17.5840 [FIL] GG495 [EXPTIME] 200.0 [Date] 2019-09-18T13:03:02 [Time] 13:03:02
25 2MUCD10014-20190918@130739-Eden.fts [TYPE] LIGHT [OBJ] 2MUCD10014 [RA] 00 19 45.8356 [Dec] +52 13 17.5840 [FIL] GG495 [EXPTIME] 60.0 [Date] 2019-09-18T13:07:52 [Time] 13:07:52
26 2MUCD10014-20190918@130902-Eden.fts [TYPE] LIGHT [OBJ] 2MUCD10014 [RA] 00 19 45.8356 [Dec] +52 13 17.5840 [FIL] GG495 [EXPTIME] 60.0 [Date] 2019-09-18T13:09:02 [Time] 13:09:02
27 2MUCD10014-20190918@131014-Eden.fts [TYPE] LIGHT [OBJ] 2MUCD10014 [RA] 00 19 45.8356 [Dec] +52 13 17.5840 [FIL] GG495 [EXPTIME] 60.0 [Date] 2019-09-18T13:10:14 [Time] 13:10:14
28 2MUCD10014-20190918@131126-Eden.fts [TYPE] LIGHT [OBJ] 2MUCD10014 [RA] 00 19 45.8356 [Dec] +52 13 17.5840 [FIL] GG495 [EXPTIME] 60.0 [Date] 2019-09-18T13:11:26 [Time] 13:11:26
29 2MUCD10014-20190918@131237-Eden.fts [TYPE] LIGHT [OBJ] 2MUCD10014 [RA] 00 19 45.8356 [Dec] +52 13 17.5840 [FIL] GG495 [EXPTIME] 60.0 [Date] 2019-09-18T13:12:38 [Time] 13:12:38
30 2MUCD10014-20190918@131349-Eden.fts [TYPE] LIGHT [OBJ] 2MUCD10014 [RA] 00 19 45.8356 [Dec] +52 13 17.5840 [FIL] GG495 [EXPTIME] 60.0 [Date] 2019-09-18T13:13:50 [Time] 13:13:50
31 2MUCD10014-20190918@131911-Eden.fts [TYPE] LIGHT [OBJ] 2MUCD10014 [RA] 00 19 45.8356 [Dec] +52 13 17.5840 [FIL] GG495 [EXPTIME] 60.0 [Date] 2019-09-18T13:19:25 [Time] 13:19:25
32 2MUCD10014-20190918@132413-Eden.fts [TYPE] LIGHT [OBJ] 2MUCD10014 [RA] 00 19 45.8356 [Dec] +52 13 17.5840 [FIL] GG495 [EXPTIME] 120.0 [Date] 2019-09-18T13:24:26 [Time] 13:24:26
33 2MUCD10014-20190918@132637-Eden.fts [TYPE] LIGHT [OBJ] 2MUCD10014 [RA] 00 19 45.8356 [Dec] +52 13 17.5840 [FIL] GG495 [EXPTIME] 120.0 [Date] 2019-09-18T13:26:38 [Time] 13:26:38
34 2MUCD10014-20190918@132850-Eden.fts [TYPE] LIGHT [OBJ] 2MUCD10014 [RA] 00 19 45.8356 [Dec] +52 13 17.5840 [FIL] GG495 [EXPTIME] 120.0 [Date] 2019-09-18T13:28:50 [Time] 13:28:50
35 2MUCD10014-20190918@133101-Eden.fts [TYPE] LIGHT [OBJ] 2MUCD10014 [RA] 00 19 45.8356 [Dec] +52 13 17.5840 [FIL] GG495 [EXPTIME] 120.0 [Date] 2019-09-18T13:31:01 [Time] 13:31:01
36 2MUCD10014-20190918@133313-Eden.fts [TYPE] LIGHT [OBJ] 2MUCD10014 [RA] 00 19 45.8356 [Dec] +52 13 17.5840 [FIL] GG495 [EXPTIME] 120.0 [Date] 2019-09-18T13:33:13 [Time] 13:33:13
37 2MUCD10014-20190918@133524-Eden.fts [TYPE] LIGHT [OBJ] 2MUCD10014 [RA] 00 19 45.8356 [Dec] +52 13 17.5840 [FIL] GG495 [EXPTIME] 120.0 [Date] 2019-09-18T13:35:25 [Time] 13:35:25
38 2MUCD10014-20190918@133738-Eden.fts [TYPE] LIGHT [OBJ] 2MUCD10014 [RA] 00 19 45.8356 [Dec] +52 13 17.5840 [FIL] GG495 [EXPTIME] 120.0 [Date] 2019-09-18T13:37:39 [Time] 13:37:39
39 2MUCD10014-20190918@133951-Eden.fts [TYPE] LIGHT [OBJ] 2MUCD10014 [RA] 00 19 45.8356 [Dec] +52 13 17.5840 [FIL] GG495 [EXPTIME] 120.0 [Date] 2019-09-18T13:39:51 [Time] 13:39:51
40 2MUCD10014-20190918@134202-Eden.fts [TYPE] LIGHT [OBJ] 2MUCD10014 [RA] 00 19 45.8356 [Dec] +52 13 17.5840 [FIL] GG495 [EXPTIME] 120.0 [Date] 2019-09-18T13:42:03 [Time] 13:42:03
41 2MUCD10014-20190918@134414-Eden.fts [TYPE] LIGHT [OBJ] 2MUCD10014 [RA] 00 19 45.8356 [Dec] +52 13 17.5840 [FIL] GG495 [EXPTIME] 120.0 [Date] 2019-09-18T13:44:14 [Time] 13:44:14
42 2MUCD10014-20190918@134626-Eden.fts [TYPE] LIGHT [OBJ] 2MUCD10014 [RA] 00 19 45.8356 [Dec] +52 13 17.5840 [FIL] GG495 [EXPTIME] 120.0 [Date] 2019-09-18T13:46:26 [Time] 13:46:26
43 2MUCD10014-20190918@134838-Eden.fts [TYPE] LIGHT [OBJ] 2MUCD10014 [RA] 00 19 45.8356 [Dec] +52 13 17.5840 [FIL] GG495 [EXPTIME] 120.0 [Date] 2019-09-18T13:48:38 [Time] 13:48:38
44 2MUCD10014-20190918@135050-Eden.fts [TYPE] LIGHT [OBJ] 2MUCD10014 [RA] 00 19 45.8356 [Dec] +52 13 17.5840 [FIL] GG495 [EXPTIME] 120.0 [Date] 2019-09-18T13:50:50 [Time] 13:50:50
45 2MUCD10014-20190918@135302-Eden.fts [TYPE] LIGHT [OBJ] 2MUCD10014 [RA] 00 19 45.8356 [Dec] +52 13 17.5840 [FIL] GG495 [EXPTIME] 120.0 [Date] 2019-09-18T13:53:03 [Time] 13:53:03
46 2MUCD10014-20190918@135514-Eden.fts [TYPE] LIGHT [OBJ] 2MUCD10014 [RA] 00 19 45.8356 [Dec] +52 13 17.5840 [FIL] GG495 [EXPTIME] 120.0 [Date] 2019-09-18T13:55:15 [Time] 13:55:15
47 2MUCD10014-20190918@135726-Eden.fts [TYPE] LIGHT [OBJ] 2MUCD10014 [RA] 00 19 45.8356 [Dec] +52 13 17.5840 [FIL] GG495 [EXPTIME] 120.0 [Date] 2019-09-18T13:57:26 [Time] 13:57:26
48 2MUCD10014-20190918@135939-Eden.fts [TYPE] LIGHT [OBJ] 2MUCD10014 [RA] 00 19 45.8356 [Dec] +52 13 17.5840 [FIL] GG495 [EXPTIME] 120.0 [Date] 2019-09-18T13:59:39 [Time] 13:59:39
49 2MUCD10014-20190918@140150-Eden.fts [TYPE] LIGHT [OBJ] 2MUCD10014 [RA] 00 19 45.8356 [Dec] +52 13 17.5840 [FIL] GG495 [EXPTIME] 120.0 [Date] 2019-09-18T14:01:51 [Time] 14:01:51
50 2MUCD10014-20190918@140404-Eden.fts [TYPE] LIGHT [OBJ] 2MUCD10014 [RA] 00 19 45.8356 [Dec] +52 13 17.5840 [FIL] GG495 [EXPTIME] 120.0 [Date] 2019-09-18T14:04:05 [Time] 14:04:05
51 2MUCD10014-20190918@140616-Eden.fts [TYPE] LIGHT [OBJ] 2MUCD10014 [RA] 00 19 45.8356 [Dec] +52 13 17.5840 [FIL] GG495 [EXPTIME] 120.0 [Date] 2019-09-18T14:06:17 [Time] 14:06:17
52 2MUCD10014-20190918@140827-Eden.fts [TYPE] LIGHT [OBJ] 2MUCD10014 [RA] 00 19 45.8356 [Dec] +52 13 17.5840 [FIL] GG495 [EXPTIME] 120.0 [Date] 2019-09-18T14:08:28 [Time] 14:08:28
53 2MUCD10014-20190918@141039-Eden.fts [TYPE] LIGHT [OBJ] 2MUCD10014 [RA] 00 19 45.8356 [Dec] +52 13 17.5840 [FIL] GG495 [EXPTIME] 120.0 [Date] 2019-09-18T14:10:40 [Time] 14:10:40
54 2MUCD10014-20190918@141251-Eden.fts [TYPE] LIGHT [OBJ] 2MUCD10014 [RA] 00 19 45.8356 [Dec] +52 13 17.5840 [FIL] GG495 [EXPTIME] 120.0 [Date] 2019-09-18T14:12:52 [Time] 14:12:52
55 2MUCD10014-20190918@141503-Eden.fts [TYPE] LIGHT [OBJ] 2MUCD10014 [RA] 00 19 45.8356 [Dec] +52 13 17.5840 [FIL] GG495 [EXPTIME] 120.0 [Date] 2019-09-18T14:15:06 [Time] 14:15:06
56 2MUCD10014-20190918@141718-Eden.fts [TYPE] LIGHT [OBJ] 2MUCD10014 [RA] 00 19 45.8356 [Dec] +52 13 17.5840 [FIL] GG495 [EXPTIME] 120.0 [Date] 2019-09-18T14:17:19 [Time] 14:17:19
57 2MUCD10014-20190918@141930-Eden.fts [TYPE] LIGHT [OBJ] 2MUCD10014 [RA] 00 19 45.8356 [Dec] +52 13 17.5840 [FIL] GG495 [EXPTIME] 120.0 [Date] 2019-09-18T14:19:30 [Time] 14:19:30
58 2MUCD10014-20190918@142142-Eden.fts [TYPE] LIGHT [OBJ] 2MUCD10014 [RA] 00 19 45.8356 [Dec] +52 13 17.5840 [FIL] GG495 [EXPTIME] 120.0 [Date] 2019-09-18T14:21:42 [Time] 14:21:42
59 2MUCD10014-20190918@145713-Eden.fts [TYPE] LIGHT [OBJ] 2MUCD10014 [RA] 00 19 45.8356 [Dec] +52 13 17.5840 [FIL] GG495 [EXPTIME] 120.0 [Date] 2019-09-18T14:57:26 [Time] 14:57:26
60 2MUCD10014-20190918@145937-Eden.fts [TYPE] LIGHT [OBJ] 2MUCD10014 [RA] 00 19 45.8356 [Dec] +52 13 17.5840 [FIL] GG495 [EXPTIME] 120.0 [Date] 2019-09-18T14:59:38 [Time] 14:59:38
61 2MUCD10014-20190918@150149-Eden.fts [TYPE] LIGHT [OBJ] 2MUCD10014 [RA] 00 19 45.8356 [Dec] +52 13 17.5840 [FIL] GG495 [EXPTIME] 120.0 [Date] 2019-09-18T15:01:50 [Time] 15:01:50
62 2MUCD10014-20190918@150401-Eden.fts [TYPE] LIGHT [OBJ] 2MUCD10014 [RA] 00 19 45.8356 [Dec] +52 13 17.5840 [FIL] GG495 [EXPTIME] 120.0 [Date] 2019-09-18T15:04:01 [Time] 15:04:01
63 2MUCD10014-20190918@150613-Eden.fts [TYPE] LIGHT [OBJ] 2MUCD10014 [RA] 00 19 45.8356 [Dec] +52 13 17.5840 [FIL] GG495 [EXPTIME] 120.0 [Date] 2019-09-18T15:06:13 [Time] 15:06:13
64 2MUCD10014-20190918@150824-Eden.fts [TYPE] LIGHT [OBJ] 2MUCD10014 [RA] 00 19 45.8356 [Dec] +52 13 17.5840 [FIL] GG495 [EXPTIME] 120.0 [Date] 2019-09-18T15:08:24 [Time] 15:08:24
65 2MUCD10014-20190918@151036-Eden.fts [TYPE] LIGHT [OBJ] 2MUCD10014 [RA] 00 19 45.8356 [Dec] +52 13 17.5840 [FIL] GG495 [EXPTIME] 120.0 [Date] 2019-09-18T15:10:36 [Time] 15:10:36
66 2MUCD10014-20190918@151248-Eden.fts [TYPE] LIGHT [OBJ] 2MUCD10014 [RA] 00 19 45.8356 [Dec] +52 13 17.5840 [FIL] GG495 [EXPTIME] 120.0 [Date] 2019-09-18T15:12:48 [Time] 15:12:48
67 2MUCD10014-20190918@151459-Eden.fts [TYPE] LIGHT [OBJ] 2MUCD10014 [RA] 00 19 45.8356 [Dec] +52 13 17.5840 [FIL] GG495 [EXPTIME] 120.0 [Date] 2019-09-18T15:15:00 [Time] 15:15:00
68 2MUCD10014-20190918@151711-Eden.fts [TYPE] LIGHT [OBJ] 2MUCD10014 [RA] 00 19 45.8356 [Dec] +52 13 17.5840 [FIL] GG495 [EXPTIME] 120.0 [Date] 2019-09-18T15:17:11 [Time] 15:17:11
69 2MUCD10014-20190918@151922-Eden.fts [TYPE] LIGHT [OBJ] 2MUCD10014 [RA] 00 19 45.8356 [Dec] +52 13 17.5840 [FIL] GG495 [EXPTIME] 120.0 [Date] 2019-09-18T15:19:23 [Time] 15:19:23
70 2MUCD10014-20190918@152134-Eden.fts [TYPE] LIGHT [OBJ] 2MUCD10014 [RA] 00 19 45.8356 [Dec] +52 13 17.5840 [FIL] GG495 [EXPTIME] 120.0 [Date] 2019-09-18T15:21:34 [Time] 15:21:34
71 2MUCD10014-20190918@152345-Eden.fts [TYPE] LIGHT [OBJ] 2MUCD10014 [RA] 00 19 45.8356 [Dec] +52 13 17.5840 [FIL] GG495 [EXPTIME] 120.0 [Date] 2019-09-18T15:23:46 [Time] 15:23:46
72 2MUCD10014-20190918@152557-Eden.fts [TYPE] LIGHT [OBJ] 2MUCD10014 [RA] 00 19 45.8356 [Dec] +52 13 17.5840 [FIL] GG495 [EXPTIME] 120.0 [Date] 2019-09-18T15:25:58 [Time] 15:25:58
73 2MUCD10014-20190918@152809-Eden.fts [TYPE] LIGHT [OBJ] 2MUCD10014 [RA] 00 19 45.8356 [Dec] +52 13 17.5840 [FIL] GG495 [EXPTIME] 120.0 [Date] 2019-09-18T15:28:09 [Time] 15:28:09
74 2MUCD10014-20190918@153022-Eden.fts [TYPE] LIGHT [OBJ] 2MUCD10014 [RA] 00 19 45.8356 [Dec] +52 13 17.5840 [FIL] GG495 [EXPTIME] 120.0 [Date] 2019-09-18T15:30:22 [Time] 15:30:22
75 2MUCD10014-20190918@153233-Eden.fts [TYPE] LIGHT [OBJ] 2MUCD10014 [RA] 00 19 45.8356 [Dec] +52 13 17.5840 [FIL] GG495 [EXPTIME] 120.0 [Date] 2019-09-18T15:32:33 [Time] 15:32:33
76 2MUCD10014-20190918@153445-Eden.fts [TYPE] LIGHT [OBJ] 2MUCD10014 [RA] 00 19 45.8356 [Dec] +52 13 17.5840 [FIL] GG495 [EXPTIME] 120.0 [Date] 2019-09-18T15:34:46 [Time] 15:34:46
77 2MUCD10014-20190918@153657-Eden.fts [TYPE] LIGHT [OBJ] 2MUCD10014 [RA] 00 19 45.8356 [Dec] +52 13 17.5840 [FIL] GG495 [EXPTIME] 120.0 [Date] 2019-09-18T15:36:57 [Time] 15:36:57
78 2MUCD10014-20190918@153908-Eden.fts [TYPE] LIGHT [OBJ] 2MUCD10014 [RA] 00 19 45.8356 [Dec] +52 13 17.5840 [FIL] GG495 [EXPTIME] 120.0 [Date] 2019-09-18T15:39:08 [Time] 15:39:08
79 2MUCD10014-20190918@154120-Eden.fts [TYPE] LIGHT [OBJ] 2MUCD10014 [RA] 00 19 45.8356 [Dec] +52 13 17.5840 [FIL] GG495 [EXPTIME] 120.0 [Date] 2019-09-18T15:41:20 [Time] 15:41:20
80 2MUCD10014-20190918@154332-Eden.fts [TYPE] LIGHT [OBJ] 2MUCD10014 [RA] 00 19 45.8356 [Dec] +52 13 17.5840 [FIL] GG495 [EXPTIME] 120.0 [Date] 2019-09-18T15:43:32 [Time] 15:43:32
81 2MUCD10014-20190918@154543-Eden.fts [TYPE] LIGHT [OBJ] 2MUCD10014 [RA] 00 19 45.8356 [Dec] +52 13 17.5840 [FIL] GG495 [EXPTIME] 120.0 [Date] 2019-09-18T15:45:44 [Time] 15:45:44
82 2MUCD10014-20190918@154755-Eden.fts [TYPE] LIGHT [OBJ] 2MUCD10014 [RA] 00 19 45.8356 [Dec] +52 13 17.5840 [FIL] GG495 [EXPTIME] 120.0 [Date] 2019-09-18T15:47:56 [Time] 15:47:56
83 2MUCD10014-20190918@155008-Eden.fts [TYPE] LIGHT [OBJ] 2MUCD10014 [RA] 00 19 45.8356 [Dec] +52 13 17.5840 [FIL] GG495 [EXPTIME] 120.0 [Date] 2019-09-18T15:50:08 [Time] 15:50:08
84 2MUCD10014-20190918@155220-Eden.fts [TYPE] LIGHT [OBJ] 2MUCD10014 [RA] 00 19 45.8356 [Dec] +52 13 17.5840 [FIL] GG495 [EXPTIME] 120.0 [Date] 2019-09-18T15:52:20 [Time] 15:52:20
85 2MUCD10014-20190918@155433-Eden.fts [TYPE] LIGHT [OBJ] 2MUCD10014 [RA] 00 19 45.8356 [Dec] +52 13 17.5840 [FIL] GG495 [EXPTIME] 120.0 [Date] 2019-09-18T15:54:33 [Time] 15:54:33
86 2MUCD10014-20190918@155644-Eden.fts [TYPE] LIGHT [OBJ] 2MUCD10014 [RA] 00 19 45.8356 [Dec] +52 13 17.5840 [FIL] GG495 [EXPTIME] 120.0 [Date] 2019-09-18T15:56:45 [Time] 15:56:45
87 2MUCD10014-20190918@155857-Eden.fts [TYPE] LIGHT [OBJ] 2MUCD10014 [RA] 00 19 45.8356 [Dec] +52 13 17.5840 [FIL] GG495 [EXPTIME] 120.0 [Date] 2019-09-18T15:58:57 [Time] 15:58:57
88 2MUCD10014-20190918@160109-Eden.fts [TYPE] LIGHT [OBJ] 2MUCD10014 [RA] 00 19 45.8356 [Dec] +52 13 17.5840 [FIL] GG495 [EXPTIME] 120.0 [Date] 2019-09-18T16:01:10 [Time] 16:01:10
89 2MUCD10014-20190918@160322-Eden.fts [TYPE] LIGHT [OBJ] 2MUCD10014 [RA] 00 19 45.8356 [Dec] +52 13 17.5840 [FIL] GG495 [EXPTIME] 120.0 [Date] 2019-09-18T16:03:23 [Time] 16:03:23
90 2MUCD10014-20190918@160533-Eden.fts [TYPE] LIGHT [OBJ] 2MUCD10014 [RA] 00 19 45.8356 [Dec] +52 13 17.5840 [FIL] GG495 [EXPTIME] 120.0 [Date] 2019-09-18T16:05:33 [Time] 16:05:33
91 2MUCD10014-20190918@160745-Eden.fts [TYPE] LIGHT [OBJ] 2MUCD10014 [RA] 00 19 45.8356 [Dec] +52 13 17.5840 [FIL] GG495 [EXPTIME] 120.0 [Date] 2019-09-18T16:07:46 [Time] 16:07:46
92 2MUCD10014-20190918@160957-Eden.fts [TYPE] LIGHT [OBJ] 2MUCD10014 [RA] 00 19 45.8356 [Dec] +52 13 17.5840 [FIL] GG495 [EXPTIME] 120.0 [Date] 2019-09-18T16:09:58 [Time] 16:09:58
93 2MUCD10014-20190918@161209-Eden.fts [TYPE] LIGHT [OBJ] 2MUCD10014 [RA] 00 19 45.8356 [Dec] +52 13 17.5840 [FIL] GG495 [EXPTIME] 120.0 [Date] 2019-09-18T16:12:09 [Time] 16:12:09
94 2MUCD10014-20190918@161421-Eden.fts [TYPE] LIGHT [OBJ] 2MUCD10014 [RA] 00 19 45.8356 [Dec] +52 13 17.5840 [FIL] GG495 [EXPTIME] 120.0 [Date] 2019-09-18T16:14:21 [Time] 16:14:21
95 2MUCD10014-20190918@161632-Eden.fts [TYPE] LIGHT [OBJ] 2MUCD10014 [RA] 00 19 45.8356 [Dec] +52 13 17.5840 [FIL] GG495 [EXPTIME] 120.0 [Date] 2019-09-18T16:16:32 [Time] 16:16:32
96 2MUCD10014-20190918@161844-Eden.fts [TYPE] LIGHT [OBJ] 2MUCD10014 [RA] 00 19 45.8356 [Dec] +52 13 17.5840 [FIL] GG495 [EXPTIME] 120.0 [Date] 2019-09-18T16:18:44 [Time] 16:18:44
97 2MUCD10014-20190918@162055-Eden.fts [TYPE] LIGHT [OBJ] 2MUCD10014 [RA] 00 19 45.8356 [Dec] +52 13 17.5840 [FIL] GG495 [EXPTIME] 120.0 [Date] 2019-09-18T16:20:55 [Time] 16:20:55
98 2MUCD10014-20190918@162307-Eden.fts [TYPE] LIGHT [OBJ] 2MUCD10014 [RA] 00 19 45.8356 [Dec] +52 13 17.5840 [FIL] GG495 [EXPTIME] 120.0 [Date] 2019-09-18T16:23:07 [Time] 16:23:07
99 2MUCD10014-20190918@162518-Eden.fts [TYPE] LIGHT [OBJ] 2MUCD10014 [RA] 00 19 45.8356 [Dec] +52 13 17.5840 [FIL] GG495 [EXPTIME] 120.0 [Date] 2019-09-18T16:25:19 [Time] 16:25:19
100 2MUCD10014-20190918@162729-Eden.fts [TYPE] LIGHT [OBJ] 2MUCD10014 [RA] 00 19 45.8356 [Dec] +52 13 17.5840 [FIL] GG495 [EXPTIME] 120.0 [Date] 2019-09-18T16:27:30 [Time] 16:27:30
101 2MUCD10014-20190918@162941-Eden.fts [TYPE] LIGHT [OBJ] 2MUCD10014 [RA] 00 19 45.8356 [Dec] +52 13 17.5840 [FIL] GG495 [EXPTIME] 120.0 [Date] 2019-09-18T16:29:41 [Time] 16:29:41
102 2MUCD10014-20190918@163152-Eden.fts [TYPE] LIGHT [OBJ] 2MUCD10014 [RA] 00 19 45.8356 [Dec] +52 13 17.5840 [FIL] GG495 [EXPTIME] 120.0 [Date] 2019-09-18T16:31:53 [Time] 16:31:53
103 2MUCD10014-20190918@182531-Eden.fts [TYPE] LIGHT [OBJ] 2MUCD10014 [RA] 00 19 45.8356 [Dec] +52 13 17.5840 [FIL] GG495 [EXPTIME] 120.0 [Date] 2019-09-18T18:25:32 [Time] 18:25:32
104 2MUCD10014-20190918@183510-Eden.fts [TYPE] LIGHT [OBJ] 2MUCD10014 [RA] 00 19 45.8356 [Dec] +52 13 17.5840 [FIL] GG495 [EXPTIME] 120.0 [Date] 2019-09-18T18:35:22 [Time] 18:35:22
105 2MUCD10014-20190918@183734-Eden.fts [TYPE] LIGHT [OBJ] 2MUCD10014 [RA] 00 19 45.8356 [Dec] +52 13 17.5840 [FIL] GG495 [EXPTIME] 120.0 [Date] 2019-09-18T18:37:34 [Time] 18:37:34
106 2MUCD10014-20190918@183946-Eden.fts [TYPE] LIGHT [OBJ] 2MUCD10014 [RA] 00 19 45.8356 [Dec] +52 13 17.5840 [FIL] GG495 [EXPTIME] 120.0 [Date] 2019-09-18T18:39:46 [Time] 18:39:46
107 2MUCD10014-20190918@184158-Eden.fts [TYPE] LIGHT [OBJ] 2MUCD10014 [RA] 00 19 45.8356 [Dec] +52 13 17.5840 [FIL] GG495 [EXPTIME] 120.0 [Date] 2019-09-18T18:41:59 [Time] 18:41:59
108 2MUCD10014-20190918@184410-Eden.fts [TYPE] LIGHT [OBJ] 2MUCD10014 [RA] 00 19 45.8356 [Dec] +52 13 17.5840 [FIL] GG495 [EXPTIME] 120.0 [Date] 2019-09-18T18:44:10 [Time] 18:44:10
109 2MUCD10014-20190918@184622-Eden.fts [TYPE] LIGHT [OBJ] 2MUCD10014 [RA] 00 19 45.8356 [Dec] +52 13 17.5840 [FIL] GG495 [EXPTIME] 120.0 [Date] 2019-09-18T18:46:22 [Time] 18:46:22
110 2MUCD10014-20190918@184833-Eden.fts [TYPE] LIGHT [OBJ] 2MUCD10014 [RA] 00 19 45.8356 [Dec] +52 13 17.5840 [FIL] GG495 [EXPTIME] 120.0 [Date] 2019-09-18T18:48:33 [Time] 18:48:33
111 2MUCD10014-20190918@185045-Eden.fts [TYPE] LIGHT [OBJ] 2MUCD10014 [RA] 00 19 45.8356 [Dec] +52 13 17.5840 [FIL] GG495 [EXPTIME] 120.0 [Date] 2019-09-18T18:50:46 [Time] 18:50:46
112 2MUCD10014-20190918@185257-Eden.fts [TYPE] LIGHT [OBJ] 2MUCD10014 [RA] 00 19 45.8356 [Dec] +52 13 17.5840 [FIL] GG495 [EXPTIME] 120.0 [Date] 2019-09-18T18:52:57 [Time] 18:52:57
113 2MUCD10014-20190918@185509-Eden.fts [TYPE] LIGHT [OBJ] 2MUCD10014 [RA] 00 19 45.8356 [Dec] +52 13 17.5840 [FIL] GG495 [EXPTIME] 120.0 [Date] 2019-09-18T18:55:09 [Time] 18:55:09
114 2MUCD10014-20190918@185721-Eden.fts [TYPE] LIGHT [OBJ] 2MUCD10014 [RA] 00 19 45.8356 [Dec] +52 13 17.5840 [FIL] GG495 [EXPTIME] 120.0 [Date] 2019-09-18T18:57:21 [Time] 18:57:21
115 2MUCD10014-20190918@185933-Eden.fts [TYPE] LIGHT [OBJ] 2MUCD10014 [RA] 00 19 45.8356 [Dec] +52 13 17.5840 [FIL] GG495 [EXPTIME] 120.0 [Date] 2019-09-18T18:59:34 [Time] 18:59:34
116 2MUCD10014-20190918@190146-Eden.fts [TYPE] LIGHT [OBJ] 2MUCD10014 [RA] 00 19 45.8356 [Dec] +52 13 17.5840 [FIL] GG495 [EXPTIME] 120.0 [Date] 2019-09-18T19:01:46 [Time] 19:01:46
117 2MUCD10014-20190918@190358-Eden.fts [TYPE] LIGHT [OBJ] 2MUCD10014 [RA] 00 19 45.8356 [Dec] +52 13 17.5840 [FIL] GG495 [EXPTIME] 120.0 [Date] 2019-09-18T19:03:58 [Time] 19:03:58
118 2MUCD10014-20190918@190609-Eden.fts [TYPE] LIGHT [OBJ] 2MUCD10014 [RA] 00 19 45.8356 [Dec] +52 13 17.5840 [FIL] GG495 [EXPTIME] 120.0 [Date] 2019-09-18T19:06:10 [Time] 19:06:10
119 2MUCD10014-20190918@190821-Eden.fts [TYPE] LIGHT [OBJ] 2MUCD10014 [RA] 00 19 45.8356 [Dec] +52 13 17.5840 [FIL] GG495 [EXPTIME] 120.0 [Date] 2019-09-18T19:08:22 [Time] 19:08:22
120 2MUCD10014-20190918@191033-Eden.fts [TYPE] LIGHT [OBJ] 2MUCD10014 [RA] 00 19 45.8356 [Dec] +52 13 17.5840 [FIL] GG495 [EXPTIME] 120.0 [Date] 2019-09-18T19:10:33 [Time] 19:10:33
121 2MUCD10014-20190918@191245-Eden.fts [TYPE] LIGHT [OBJ] 2MUCD10014 [RA] 00 19 45.8356 [Dec] +52 13 17.5840 [FIL] GG495 [EXPTIME] 120.0 [Date] 2019-09-18T19:12:45 [Time] 19:12:45
122 2MUCD10014-20190918@191456-Eden.fts [TYPE] LIGHT [OBJ] 2MUCD10014 [RA] 00 19 45.8356 [Dec] +52 13 17.5840 [FIL] GG495 [EXPTIME] 120.0 [Date] 2019-09-18T19:14:56 [Time] 19:14:56
123 2MUCD10014-20190918@191708-Eden.fts [TYPE] LIGHT [OBJ] 2MUCD10014 [RA] 00 19 45.8356 [Dec] +52 13 17.5840 [FIL] GG495 [EXPTIME] 120.0 [Date] 2019-09-18T19:17:08 [Time] 19:17:08
124 2MUCD10014-20190918@191920-Eden.fts [TYPE] LIGHT [OBJ] 2MUCD10014 [RA] 00 19 45.8356 [Dec] +52 13 17.5840 [FIL] GG495 [EXPTIME] 120.0 [Date] 2019-09-18T19:19:20 [Time] 19:19:20
125 2MUCD10014-20190918@192132-Eden.fts [TYPE] LIGHT [OBJ] 2MUCD10014 [RA] 00 19 45.8356 [Dec] +52 13 17.5840 [FIL] GG495 [EXPTIME] 120.0 [Date] 2019-09-18T19:21:33 [Time] 19:21:33
126 2MUCD10014-20190918@192344-Eden.fts [TYPE] LIGHT [OBJ] 2MUCD10014 [RA] 00 19 45.8356 [Dec] +52 13 17.5840 [FIL] GG495 [EXPTIME] 120.0 [Date] 2019-09-18T19:23:44 [Time] 19:23:44
127 2MUCD10014-20190918@192556-Eden.fts [TYPE] LIGHT [OBJ] 2MUCD10014 [RA] 00 19 45.8356 [Dec] +52 13 17.5840 [FIL] GG495 [EXPTIME] 120.0 [Date] 2019-09-18T19:25:57 [Time] 19:25:57
128 2MUCD10014-20190918@192808-Eden.fts [TYPE] LIGHT [OBJ] 2MUCD10014 [RA] 00 19 45.8356 [Dec] +52 13 17.5840 [FIL] GG495 [EXPTIME] 120.0 [Date] 2019-09-18T19:28:09 [Time] 19:28:09
129 2MUCD10014-20190918@193020-Eden.fts [TYPE] LIGHT [OBJ] 2MUCD10014 [RA] 00 19 45.8356 [Dec] +52 13 17.5840 [FIL] GG495 [EXPTIME] 120.0 [Date] 2019-09-18T19:30:20 [Time] 19:30:20
130 2MUCD10014-20190918@193232-Eden.fts [TYPE] LIGHT [OBJ] 2MUCD10014 [RA] 00 19 45.8356 [Dec] +52 13 17.5840 [FIL] GG495 [EXPTIME] 120.0 [Date] 2019-09-18T19:32:33 [Time] 19:32:33
131 2MUCD10014-20190918@193444-Eden.fts [TYPE] LIGHT [OBJ] 2MUCD10014 [RA] 00 19 45.8356 [Dec] +52 13 17.5840 [FIL] GG495 [EXPTIME] 120.0 [Date] 2019-09-18T19:34:44 [Time] 19:34:44
132 2MUCD10014-20190918@193656-Eden.fts [TYPE] LIGHT [OBJ] 2MUCD10014 [RA] 00 19 45.8356 [Dec] +52 13 17.5840 [FIL] GG495 [EXPTIME] 120.0 [Date] 2019-09-18T19:36:56 [Time] 19:36:56
133 2MUCD10014-20190918@193908-Eden.fts [TYPE] LIGHT [OBJ] 2MUCD10014 [RA] 00 19 45.8356 [Dec] +52 13 17.5840 [FIL] GG495 [EXPTIME] 120.0 [Date] 2019-09-18T19:39:09 [Time] 19:39:09
134 2MUCD10014-20190918@194120-Eden.fts [TYPE] LIGHT [OBJ] 2MUCD10014 [RA] 00 19 45.8356 [Dec] +52 13 17.5840 [FIL] GG495 [EXPTIME] 120.0 [Date] 2019-09-18T19:41:20 [Time] 19:41:20
135 2MUCD10014-20190918@194332-Eden.fts [TYPE] LIGHT [OBJ] 2MUCD10014 [RA] 00 19 45.8356 [Dec] +52 13 17.5840 [FIL] GG495 [EXPTIME] 120.0 [Date] 2019-09-18T19:43:32 [Time] 19:43:32
136 2MUCD10014-20190918@194545-Eden.fts [TYPE] LIGHT [OBJ] 2MUCD10014 [RA] 00 19 45.8356 [Dec] +52 13 17.5840 [FIL] GG495 [EXPTIME] 120.0 [Date] 2019-09-18T19:45:45 [Time] 19:45:45
...move updated fits files to LOT20190918_mod/...
...finish...
