Bucket successfully loaded! eden-data
83 files found
Storing data to the S3 archive!
We can now start uploading the data.
Press return to start the upload, or anything else to abort: Verbose output enabled.
Storing /home/altsai/eden/LOT20210923_LP-229-30_mod/LP_229-30-20210923@142742-Eden.fts -> s3://eden-data/RAW/LOT/LP_229-30/2021-09-23/LP_229-30-20210923@142742-Eden.fits (1/83)
Storing /home/altsai/eden/LOT20210923_LP-229-30_mod/LP_229-30-20210923@142858-Eden.fts -> s3://eden-data/RAW/LOT/LP_229-30/2021-09-23/LP_229-30-20210923@142858-Eden.fits (2/83)
Storing /home/altsai/eden/LOT20210923_LP-229-30_mod/LP_229-30-20210923@143014-Eden.fts -> s3://eden-data/RAW/LOT/LP_229-30/2021-09-23/LP_229-30-20210923@143014-Eden.fits (3/83)
Storing /home/altsai/eden/LOT20210923_LP-229-30_mod/LP_229-30-20210923@143130-Eden.fts -> s3://eden-data/RAW/LOT/LP_229-30/2021-09-23/LP_229-30-20210923@143130-Eden.fits (4/83)
Storing /home/altsai/eden/LOT20210923_LP-229-30_mod/LP_229-30-20210923@143247-Eden.fts -> s3://eden-data/RAW/LOT/LP_229-30/2021-09-23/LP_229-30-20210923@143247-Eden.fits (5/83)
Storing /home/altsai/eden/LOT20210923_LP-229-30_mod/LP_229-30-20210923@143402-Eden.fts -> s3://eden-data/RAW/LOT/LP_229-30/2021-09-23/LP_229-30-20210923@143402-Eden.fits (6/83)
Storing /home/altsai/eden/LOT20210923_LP-229-30_mod/LP_229-30-20210923@143519-Eden.fts -> s3://eden-data/RAW/LOT/LP_229-30/2021-09-23/LP_229-30-20210923@143519-Eden.fits (7/83)
Storing /home/altsai/eden/LOT20210923_LP-229-30_mod/LP_229-30-20210923@143634-Eden.fts -> s3://eden-data/RAW/LOT/LP_229-30/2021-09-23/LP_229-30-20210923@143634-Eden.fits (8/83)
Storing /home/altsai/eden/LOT20210923_LP-229-30_mod/LP_229-30-20210923@143749-Eden.fts -> s3://eden-data/RAW/LOT/LP_229-30/2021-09-23/LP_229-30-20210923@143749-Eden.fits (9/83)
Storing /home/altsai/eden/LOT20210923_LP-229-30_mod/LP_229-30-20210923@143905-Eden.fts -> s3://eden-data/RAW/LOT/LP_229-30/2021-09-23/LP_229-30-20210923@143905-Eden.fits (10/83)
Storing /home/altsai/eden/LOT20210923_LP-229-30_mod/LP_229-30-20210923@144021-Eden.fts -> s3://eden-data/RAW/LOT/LP_229-30/2021-09-23/LP_229-30-20210923@144021-Eden.fits (11/83)
Storing /home/altsai/eden/LOT20210923_LP-229-30_mod/LP_229-30-20210923@144135-Eden.fts -> s3://eden-data/RAW/LOT/LP_229-30/2021-09-23/LP_229-30-20210923@144135-Eden.fits (12/83)
Storing /home/altsai/eden/LOT20210923_LP-229-30_mod/LP_229-30-20210923@144253-Eden.fts -> s3://eden-data/RAW/LOT/LP_229-30/2021-09-23/LP_229-30-20210923@144253-Eden.fits (13/83)
Storing /home/altsai/eden/LOT20210923_LP-229-30_mod/LP_229-30-20210923@144409-Eden.fts -> s3://eden-data/RAW/LOT/LP_229-30/2021-09-23/LP_229-30-20210923@144409-Eden.fits (14/83)
Storing /home/altsai/eden/LOT20210923_LP-229-30_mod/LP_229-30-20210923@144527-Eden.fts -> s3://eden-data/RAW/LOT/LP_229-30/2021-09-23/LP_229-30-20210923@144527-Eden.fits (15/83)
Storing /home/altsai/eden/LOT20210923_LP-229-30_mod/LP_229-30-20210923@144642-Eden.fts -> s3://eden-data/RAW/LOT/LP_229-30/2021-09-23/LP_229-30-20210923@144642-Eden.fits (16/83)
Storing /home/altsai/eden/LOT20210923_LP-229-30_mod/LP_229-30-20210923@144800-Eden.fts -> s3://eden-data/RAW/LOT/LP_229-30/2021-09-23/LP_229-30-20210923@144800-Eden.fits (17/83)
Storing /home/altsai/eden/LOT20210923_LP-229-30_mod/LP_229-30-20210923@144917-Eden.fts -> s3://eden-data/RAW/LOT/LP_229-30/2021-09-23/LP_229-30-20210923@144917-Eden.fits (18/83)
Storing /home/altsai/eden/LOT20210923_LP-229-30_mod/LP_229-30-20210923@145034-Eden.fts -> s3://eden-data/RAW/LOT/LP_229-30/2021-09-23/LP_229-30-20210923@145034-Eden.fits (19/83)
Storing /home/altsai/eden/LOT20210923_LP-229-30_mod/LP_229-30-20210923@145151-Eden.fts -> s3://eden-data/RAW/LOT/LP_229-30/2021-09-23/LP_229-30-20210923@145151-Eden.fits (20/83)
Storing /home/altsai/eden/LOT20210923_LP-229-30_mod/LP_229-30-20210923@145308-Eden.fts -> s3://eden-data/RAW/LOT/LP_229-30/2021-09-23/LP_229-30-20210923@145308-Eden.fits (21/83)
Storing /home/altsai/eden/LOT20210923_LP-229-30_mod/LP_229-30-20210923@145423-Eden.fts -> s3://eden-data/RAW/LOT/LP_229-30/2021-09-23/LP_229-30-20210923@145423-Eden.fits (22/83)
Storing /home/altsai/eden/LOT20210923_LP-229-30_mod/LP_229-30-20210923@145539-Eden.fts -> s3://eden-data/RAW/LOT/LP_229-30/2021-09-23/LP_229-30-20210923@145539-Eden.fits (23/83)
Storing /home/altsai/eden/LOT20210923_LP-229-30_mod/LP_229-30-20210923@145655-Eden.fts -> s3://eden-data/RAW/LOT/LP_229-30/2021-09-23/LP_229-30-20210923@145655-Eden.fits (24/83)
Storing /home/altsai/eden/LOT20210923_LP-229-30_mod/LP_229-30-20210923@145810-Eden.fts -> s3://eden-data/RAW/LOT/LP_229-30/2021-09-23/LP_229-30-20210923@145810-Eden.fits (25/83)
Storing /home/altsai/eden/LOT20210923_LP-229-30_mod/LP_229-30-20210923@145926-Eden.fts -> s3://eden-data/RAW/LOT/LP_229-30/2021-09-23/LP_229-30-20210923@145926-Eden.fits (26/83)
Storing /home/altsai/eden/LOT20210923_LP-229-30_mod/LP_229-30-20210923@150042-Eden.fts -> s3://eden-data/RAW/LOT/LP_229-30/2021-09-23/LP_229-30-20210923@150042-Eden.fits (27/83)
Storing /home/altsai/eden/LOT20210923_LP-229-30_mod/LP_229-30-20210923@150158-Eden.fts -> s3://eden-data/RAW/LOT/LP_229-30/2021-09-23/LP_229-30-20210923@150158-Eden.fits (28/83)
Storing /home/altsai/eden/LOT20210923_LP-229-30_mod/LP_229-30-20210923@150313-Eden.fts -> s3://eden-data/RAW/LOT/LP_229-30/2021-09-23/LP_229-30-20210923@150313-Eden.fits (29/83)
Storing /home/altsai/eden/LOT20210923_LP-229-30_mod/LP_229-30-20210923@150430-Eden.fts -> s3://eden-data/RAW/LOT/LP_229-30/2021-09-23/LP_229-30-20210923@150430-Eden.fits (30/83)
Storing /home/altsai/eden/LOT20210923_LP-229-30_mod/LP_229-30-20210923@150546-Eden.fts -> s3://eden-data/RAW/LOT/LP_229-30/2021-09-23/LP_229-30-20210923@150546-Eden.fits (31/83)
Storing /home/altsai/eden/LOT20210923_LP-229-30_mod/LP_229-30-20210923@150704-Eden.fts -> s3://eden-data/RAW/LOT/LP_229-30/2021-09-23/LP_229-30-20210923@150704-Eden.fits (32/83)
Storing /home/altsai/eden/LOT20210923_LP-229-30_mod/LP_229-30-20210923@150819-Eden.fts -> s3://eden-data/RAW/LOT/LP_229-30/2021-09-23/LP_229-30-20210923@150819-Eden.fits (33/83)
Storing /home/altsai/eden/LOT20210923_LP-229-30_mod/LP_229-30-20210923@150934-Eden.fts -> s3://eden-data/RAW/LOT/LP_229-30/2021-09-23/LP_229-30-20210923@150934-Eden.fits (34/83)
Storing /home/altsai/eden/LOT20210923_LP-229-30_mod/LP_229-30-20210923@151050-Eden.fts -> s3://eden-data/RAW/LOT/LP_229-30/2021-09-23/LP_229-30-20210923@151050-Eden.fits (35/83)
Storing /home/altsai/eden/LOT20210923_LP-229-30_mod/LP_229-30-20210923@151205-Eden.fts -> s3://eden-data/RAW/LOT/LP_229-30/2021-09-23/LP_229-30-20210923@151205-Eden.fits (36/83)
Storing /home/altsai/eden/LOT20210923_LP-229-30_mod/LP_229-30-20210923@151322-Eden.fts -> s3://eden-data/RAW/LOT/LP_229-30/2021-09-23/LP_229-30-20210923@151322-Eden.fits (37/83)
Storing /home/altsai/eden/LOT20210923_LP-229-30_mod/LP_229-30-20210923@151437-Eden.fts -> s3://eden-data/RAW/LOT/LP_229-30/2021-09-23/LP_229-30-20210923@151437-Eden.fits (38/83)
Storing /home/altsai/eden/LOT20210923_LP-229-30_mod/LP_229-30-20210923@151554-Eden.fts -> s3://eden-data/RAW/LOT/LP_229-30/2021-09-23/LP_229-30-20210923@151554-Eden.fits (39/83)
Storing /home/altsai/eden/LOT20210923_LP-229-30_mod/LP_229-30-20210923@151711-Eden.fts -> s3://eden-data/RAW/LOT/LP_229-30/2021-09-23/LP_229-30-20210923@151711-Eden.fits (40/83)
Storing /home/altsai/eden/LOT20210923_LP-229-30_mod/LP_229-30-20210923@151827-Eden.fts -> s3://eden-data/RAW/LOT/LP_229-30/2021-09-23/LP_229-30-20210923@151827-Eden.fits (41/83)
Storing /home/altsai/eden/LOT20210923_LP-229-30_mod/LP_229-30-20210923@151942-Eden.fts -> s3://eden-data/RAW/LOT/LP_229-30/2021-09-23/LP_229-30-20210923@151942-Eden.fits (42/83)
Storing /home/altsai/eden/LOT20210923_LP-229-30_mod/LP_229-30-20210923@152059-Eden.fts -> s3://eden-data/RAW/LOT/LP_229-30/2021-09-23/LP_229-30-20210923@152059-Eden.fits (43/83)
Storing /home/altsai/eden/LOT20210923_LP-229-30_mod/LP_229-30-20210923@152217-Eden.fts -> s3://eden-data/RAW/LOT/LP_229-30/2021-09-23/LP_229-30-20210923@152217-Eden.fits (44/83)
Storing /home/altsai/eden/LOT20210923_LP-229-30_mod/LP_229-30-20210923@152334-Eden.fts -> s3://eden-data/RAW/LOT/LP_229-30/2021-09-23/LP_229-30-20210923@152334-Eden.fits (45/83)
Storing /home/altsai/eden/LOT20210923_LP-229-30_mod/LP_229-30-20210923@152450-Eden.fts -> s3://eden-data/RAW/LOT/LP_229-30/2021-09-23/LP_229-30-20210923@152450-Eden.fits (46/83)
Storing /home/altsai/eden/LOT20210923_LP-229-30_mod/LP_229-30-20210923@152605-Eden.fts -> s3://eden-data/RAW/LOT/LP_229-30/2021-09-23/LP_229-30-20210923@152605-Eden.fits (47/83)
Storing /home/altsai/eden/LOT20210923_LP-229-30_mod/LP_229-30-20210923@152721-Eden.fts -> s3://eden-data/RAW/LOT/LP_229-30/2021-09-23/LP_229-30-20210923@152721-Eden.fits (48/83)
Storing /home/altsai/eden/LOT20210923_LP-229-30_mod/LP_229-30-20210923@152837-Eden.fts -> s3://eden-data/RAW/LOT/LP_229-30/2021-09-23/LP_229-30-20210923@152837-Eden.fits (49/83)
Storing /home/altsai/eden/LOT20210923_LP-229-30_mod/LP_229-30-20210923@152954-Eden.fts -> s3://eden-data/RAW/LOT/LP_229-30/2021-09-23/LP_229-30-20210923@152954-Eden.fits (50/83)
Storing /home/altsai/eden/LOT20210923_LP-229-30_mod/LP_229-30-20210923@153110-Eden.fts -> s3://eden-data/RAW/LOT/LP_229-30/2021-09-23/LP_229-30-20210923@153110-Eden.fits (51/83)
Storing /home/altsai/eden/LOT20210923_LP-229-30_mod/LP_229-30-20210923@153226-Eden.fts -> s3://eden-data/RAW/LOT/LP_229-30/2021-09-23/LP_229-30-20210923@153226-Eden.fits (52/83)
Storing /home/altsai/eden/LOT20210923_LP-229-30_mod/LP_229-30-20210923@153341-Eden.fts -> s3://eden-data/RAW/LOT/LP_229-30/2021-09-23/LP_229-30-20210923@153341-Eden.fits (53/83)
Storing /home/altsai/eden/LOT20210923_LP-229-30_mod/LP_229-30-20210923@153457-Eden.fts -> s3://eden-data/RAW/LOT/LP_229-30/2021-09-23/LP_229-30-20210923@153457-Eden.fits (54/83)
Storing /home/altsai/eden/LOT20210923_LP-229-30_mod/LP_229-30-20210923@153613-Eden.fts -> s3://eden-data/RAW/LOT/LP_229-30/2021-09-23/LP_229-30-20210923@153613-Eden.fits (55/83)
Storing /home/altsai/eden/LOT20210923_LP-229-30_mod/LP_229-30-20210923@153731-Eden.fts -> s3://eden-data/RAW/LOT/LP_229-30/2021-09-23/LP_229-30-20210923@153731-Eden.fits (56/83)
Storing /home/altsai/eden/LOT20210923_LP-229-30_mod/LP_229-30-20210923@153847-Eden.fts -> s3://eden-data/RAW/LOT/LP_229-30/2021-09-23/LP_229-30-20210923@153847-Eden.fits (57/83)
Storing /home/altsai/eden/LOT20210923_LP-229-30_mod/LP_229-30-20210923@154003-Eden.fts -> s3://eden-data/RAW/LOT/LP_229-30/2021-09-23/LP_229-30-20210923@154003-Eden.fits (58/83)
Storing /home/altsai/eden/LOT20210923_LP-229-30_mod/LP_229-30-20210923@154119-Eden.fts -> s3://eden-data/RAW/LOT/LP_229-30/2021-09-23/LP_229-30-20210923@154119-Eden.fits (59/83)
Storing /home/altsai/eden/LOT20210923_LP-229-30_mod/LP_229-30-20210923@154236-Eden.fts -> s3://eden-data/RAW/LOT/LP_229-30/2021-09-23/LP_229-30-20210923@154236-Eden.fits (60/83)
Storing /home/altsai/eden/LOT20210923_LP-229-30_mod/LP_229-30-20210923@154354-Eden.fts -> s3://eden-data/RAW/LOT/LP_229-30/2021-09-23/LP_229-30-20210923@154354-Eden.fits (61/83)
Storing /home/altsai/eden/LOT20210923_LP-229-30_mod/LP_229-30-20210923@154511-Eden.fts -> s3://eden-data/RAW/LOT/LP_229-30/2021-09-23/LP_229-30-20210923@154511-Eden.fits (62/83)
Storing /home/altsai/eden/LOT20210923_LP-229-30_mod/LP_229-30-20210923@154629-Eden.fts -> s3://eden-data/RAW/LOT/LP_229-30/2021-09-23/LP_229-30-20210923@154629-Eden.fits (63/83)
Storing /home/altsai/eden/LOT20210923_LP-229-30_mod/LP_229-30-20210923@154745-Eden.fts -> s3://eden-data/RAW/LOT/LP_229-30/2021-09-23/LP_229-30-20210923@154745-Eden.fits (64/83)
Storing /home/altsai/eden/LOT20210923_LP-229-30_mod/LP_229-30-20210923@154903-Eden.fts -> s3://eden-data/RAW/LOT/LP_229-30/2021-09-23/LP_229-30-20210923@154903-Eden.fits (65/83)
Storing /home/altsai/eden/LOT20210923_LP-229-30_mod/LP_229-30-20210923@155018-Eden.fts -> s3://eden-data/RAW/LOT/LP_229-30/2021-09-23/LP_229-30-20210923@155018-Eden.fits (66/83)
Storing /home/altsai/eden/LOT20210923_LP-229-30_mod/LP_229-30-20210923@155134-Eden.fts -> s3://eden-data/RAW/LOT/LP_229-30/2021-09-23/LP_229-30-20210923@155134-Eden.fits (67/83)
Storing /home/altsai/eden/LOT20210923_LP-229-30_mod/LP_229-30-20210923@155249-Eden.fts -> s3://eden-data/RAW/LOT/LP_229-30/2021-09-23/LP_229-30-20210923@155249-Eden.fits (68/83)
Storing /home/altsai/eden/LOT20210923_LP-229-30_mod/LP_229-30-20210923@155404-Eden.fts -> s3://eden-data/RAW/LOT/LP_229-30/2021-09-23/LP_229-30-20210923@155404-Eden.fits (69/83)
Storing /home/altsai/eden/LOT20210923_LP-229-30_mod/LP_229-30-20210923@155521-Eden.fts -> s3://eden-data/RAW/LOT/LP_229-30/2021-09-23/LP_229-30-20210923@155521-Eden.fits (70/83)
Storing /home/altsai/eden/LOT20210923_LP-229-30_mod/LP_229-30-20210923@155638-Eden.fts -> s3://eden-data/RAW/LOT/LP_229-30/2021-09-23/LP_229-30-20210923@155638-Eden.fits (71/83)
Storing /home/altsai/eden/LOT20210923_LP-229-30_mod/LP_229-30-20210923@155754-Eden.fts -> s3://eden-data/RAW/LOT/LP_229-30/2021-09-23/LP_229-30-20210923@155754-Eden.fits (72/83)
Storing /home/altsai/eden/LOT20210923_LP-229-30_mod/LP_229-30-20210923@155909-Eden.fts -> s3://eden-data/RAW/LOT/LP_229-30/2021-09-23/LP_229-30-20210923@155909-Eden.fits (73/83)
Storing /home/altsai/eden/LOT20210923_LP-229-30_mod/LP_229-30-20210923@160024-Eden.fts -> s3://eden-data/RAW/LOT/LP_229-30/2021-09-23/LP_229-30-20210923@160024-Eden.fits (74/83)
Storing /home/altsai/eden/LOT20210923_LP-229-30_mod/LP_229-30-20210923@160139-Eden.fts -> s3://eden-data/RAW/LOT/LP_229-30/2021-09-23/LP_229-30-20210923@160139-Eden.fits (75/83)
Storing /home/altsai/eden/LOT20210923_LP-229-30_mod/LP_229-30-20210923@160255-Eden.fts -> s3://eden-data/RAW/LOT/LP_229-30/2021-09-23/LP_229-30-20210923@160255-Eden.fits (76/83)
Storing /home/altsai/eden/LOT20210923_LP-229-30_mod/LP_229-30-20210923@160511-Eden.fts -> s3://eden-data/RAW/LOT/LP_229-30/2021-09-23/LP_229-30-20210923@160511-Eden.fits (77/83)
Storing /home/altsai/eden/LOT20210923_LP-229-30_mod/LP_229-30-20210923@160626-Eden.fts -> s3://eden-data/RAW/LOT/LP_229-30/2021-09-23/LP_229-30-20210923@160626-Eden.fits (78/83)
Storing /home/altsai/eden/LOT20210923_LP-229-30_mod/LP_229-30-20210923@160740-Eden.fts -> s3://eden-data/RAW/LOT/LP_229-30/2021-09-23/LP_229-30-20210923@160740-Eden.fits (79/83)
Storing /home/altsai/eden/LOT20210923_LP-229-30_mod/LP_229-30-20210923@160855-Eden.fts -> s3://eden-data/RAW/LOT/LP_229-30/2021-09-23/LP_229-30-20210923@160855-Eden.fits (80/83)
Storing /home/altsai/eden/LOT20210923_LP-229-30_mod/LP_229-30-20210923@161010-Eden.fts -> s3://eden-data/RAW/LOT/LP_229-30/2021-09-23/LP_229-30-20210923@161010-Eden.fits (81/83)
Storing /home/altsai/eden/LOT20210923_LP-229-30_mod/LP_229-30-20210923@161124-Eden.fts -> s3://eden-data/RAW/LOT/LP_229-30/2021-09-23/LP_229-30-20210923@161124-Eden.fits (82/83)
Storing /home/altsai/eden/LOT20210923_LP-229-30_mod/LP_229-30-20210923@161238-Eden.fts -> s3://eden-data/RAW/LOT/LP_229-30/2021-09-23/LP_229-30-20210923@161238-Eden.fits (83/83)

Upload complete!
Stored: 83 files (0.7 GB)
