-----------------
input parameters
-----------------
['modify_header_name_eden.py', 'LOT20220509_2MASS_J15345704-1418486', '38']
Your will modify header for: 2MASS_J15345704-1418486 [RA] 15 34 56.9323 [Dec] -14 18 49.2520 [Filter] GG495
---------------
folder: LOT20220509_2MASS_J15345704-1418486
will update fits in: LOT20220509_2MASS_J15345704-1418486_mod
 ---------------------------
 Exame Fits Header for Bias
 ---------------------------
find ./LOT20220509_2MASS_J15345704-1418486/bias-dark/ | grep 'fits\|fts'|sort 
found 0 Bias/Dark
no files in ./bias-dark/
 ---------------------------
 Exame Fits Header for Flat
 ---------------------------
find ./LOT20220509_2MASS_J15345704-1418486/ | grep flat/ | grep -E 'fits|fts'|sort -t'-' -k2.4,2.6 
found 0 Flat
no files in ./flat/
 ---------------------------
 Exame Fits Header for Additional Dark for Flat
 ---------------------------
find ./LOT20220509_2MASS_J15345704-1418486/ | grep flat/ |grep dark| grep -E 'fits|fts'|sort -t'-' -k2.4,2.6 
found 0 Additional Dark for Flat
no additional dark for flat in ./flat/
 ---------------------------
 Modify filename for Science Target
 ---------------------------
... update header ...
1/154 2MASS_J15345704-1418486-20220509@154934-Eden.fts [TYPE] LIGHT [OBJ] 2MASS_J15345704-1418486 [RA] 15 34 56.9323 [Dec] -14 18 49.2520 [FIL] GG495 [EXPTIME] 60.0 [Date] 2022-05-09T15:49:34 [Time] 15:49:34
2/154 2MASS_J15345704-1418486-20220509@155051-Eden.fts [TYPE] LIGHT [OBJ] 2MASS_J15345704-1418486 [RA] 15 34 56.9323 [Dec] -14 18 49.2520 [FIL] GG495 [EXPTIME] 60.0 [Date] 2022-05-09T15:50:51 [Time] 15:50:51
3/154 2MASS_J15345704-1418486-20220509@155209-Eden.fts [TYPE] LIGHT [OBJ] 2MASS_J15345704-1418486 [RA] 15 34 56.9323 [Dec] -14 18 49.2520 [FIL] GG495 [EXPTIME] 60.0 [Date] 2022-05-09T15:52:09 [Time] 15:52:09
4/154 2MASS_J15345704-1418486-20220509@155327-Eden.fts [TYPE] LIGHT [OBJ] 2MASS_J15345704-1418486 [RA] 15 34 56.9323 [Dec] -14 18 49.2520 [FIL] GG495 [EXPTIME] 60.0 [Date] 2022-05-09T15:53:27 [Time] 15:53:27
5/154 2MASS_J15345704-1418486-20220509@155445-Eden.fts [TYPE] LIGHT [OBJ] 2MASS_J15345704-1418486 [RA] 15 34 56.9323 [Dec] -14 18 49.2520 [FIL] GG495 [EXPTIME] 60.0 [Date] 2022-05-09T15:54:45 [Time] 15:54:45
6/154 2MASS_J15345704-1418486-20220509@155602-Eden.fts [TYPE] LIGHT [OBJ] 2MASS_J15345704-1418486 [RA] 15 34 56.9323 [Dec] -14 18 49.2520 [FIL] GG495 [EXPTIME] 60.0 [Date] 2022-05-09T15:56:02 [Time] 15:56:02
7/154 2MASS_J15345704-1418486-20220509@155721-Eden.fts [TYPE] LIGHT [OBJ] 2MASS_J15345704-1418486 [RA] 15 34 56.9323 [Dec] -14 18 49.2520 [FIL] GG495 [EXPTIME] 60.0 [Date] 2022-05-09T15:57:21 [Time] 15:57:21
8/154 2MASS_J15345704-1418486-20220509@155838-Eden.fts [TYPE] LIGHT [OBJ] 2MASS_J15345704-1418486 [RA] 15 34 56.9323 [Dec] -14 18 49.2520 [FIL] GG495 [EXPTIME] 60.0 [Date] 2022-05-09T15:58:38 [Time] 15:58:38
9/154 2MASS_J15345704-1418486-20220509@155956-Eden.fts [TYPE] LIGHT [OBJ] 2MASS_J15345704-1418486 [RA] 15 34 56.9323 [Dec] -14 18 49.2520 [FIL] GG495 [EXPTIME] 60.0 [Date] 2022-05-09T15:59:56 [Time] 15:59:56
10/154 2MASS_J15345704-1418486-20220509@160115-Eden.fts [TYPE] LIGHT [OBJ] 2MASS_J15345704-1418486 [RA] 15 34 56.9323 [Dec] -14 18 49.2520 [FIL] GG495 [EXPTIME] 60.0 [Date] 2022-05-09T16:01:15 [Time] 16:01:15
11/154 2MASS_J15345704-1418486-20220509@160232-Eden.fts [TYPE] LIGHT [OBJ] 2MASS_J15345704-1418486 [RA] 15 34 56.9323 [Dec] -14 18 49.2520 [FIL] GG495 [EXPTIME] 60.0 [Date] 2022-05-09T16:02:32 [Time] 16:02:32
12/154 2MASS_J15345704-1418486-20220509@160350-Eden.fts [TYPE] LIGHT [OBJ] 2MASS_J15345704-1418486 [RA] 15 34 56.9323 [Dec] -14 18 49.2520 [FIL] GG495 [EXPTIME] 60.0 [Date] 2022-05-09T16:03:50 [Time] 16:03:50
13/154 2MASS_J15345704-1418486-20220509@160506-Eden.fts [TYPE] LIGHT [OBJ] 2MASS_J15345704-1418486 [RA] 15 34 56.9323 [Dec] -14 18 49.2520 [FIL] GG495 [EXPTIME] 60.0 [Date] 2022-05-09T16:05:06 [Time] 16:05:06
14/154 2MASS_J15345704-1418486-20220509@160625-Eden.fts [TYPE] LIGHT [OBJ] 2MASS_J15345704-1418486 [RA] 15 34 56.9323 [Dec] -14 18 49.2520 [FIL] GG495 [EXPTIME] 60.0 [Date] 2022-05-09T16:06:25 [Time] 16:06:25
15/154 2MASS_J15345704-1418486-20220509@160742-Eden.fts [TYPE] LIGHT [OBJ] 2MASS_J15345704-1418486 [RA] 15 34 56.9323 [Dec] -14 18 49.2520 [FIL] GG495 [EXPTIME] 60.0 [Date] 2022-05-09T16:07:42 [Time] 16:07:42
16/154 2MASS_J15345704-1418486-20220509@160901-Eden.fts [TYPE] LIGHT [OBJ] 2MASS_J15345704-1418486 [RA] 15 34 56.9323 [Dec] -14 18 49.2520 [FIL] GG495 [EXPTIME] 60.0 [Date] 2022-05-09T16:09:01 [Time] 16:09:01
17/154 2MASS_J15345704-1418486-20220509@161019-Eden.fts [TYPE] LIGHT [OBJ] 2MASS_J15345704-1418486 [RA] 15 34 56.9323 [Dec] -14 18 49.2520 [FIL] GG495 [EXPTIME] 60.0 [Date] 2022-05-09T16:10:19 [Time] 16:10:19
18/154 2MASS_J15345704-1418486-20220509@161138-Eden.fts [TYPE] LIGHT [OBJ] 2MASS_J15345704-1418486 [RA] 15 34 56.9323 [Dec] -14 18 49.2520 [FIL] GG495 [EXPTIME] 60.0 [Date] 2022-05-09T16:11:38 [Time] 16:11:38
19/154 2MASS_J15345704-1418486-20220509@161256-Eden.fts [TYPE] LIGHT [OBJ] 2MASS_J15345704-1418486 [RA] 15 34 56.9323 [Dec] -14 18 49.2520 [FIL] GG495 [EXPTIME] 60.0 [Date] 2022-05-09T16:12:56 [Time] 16:12:56
20/154 2MASS_J15345704-1418486-20220509@161415-Eden.fts [TYPE] LIGHT [OBJ] 2MASS_J15345704-1418486 [RA] 15 34 56.9323 [Dec] -14 18 49.2520 [FIL] GG495 [EXPTIME] 60.0 [Date] 2022-05-09T16:14:15 [Time] 16:14:15
21/154 2MASS_J15345704-1418486-20220509@161533-Eden.fts [TYPE] LIGHT [OBJ] 2MASS_J15345704-1418486 [RA] 15 34 56.9323 [Dec] -14 18 49.2520 [FIL] GG495 [EXPTIME] 60.0 [Date] 2022-05-09T16:15:33 [Time] 16:15:33
22/154 2MASS_J15345704-1418486-20220509@161651-Eden.fts [TYPE] LIGHT [OBJ] 2MASS_J15345704-1418486 [RA] 15 34 56.9323 [Dec] -14 18 49.2520 [FIL] GG495 [EXPTIME] 60.0 [Date] 2022-05-09T16:16:51 [Time] 16:16:51
23/154 2MASS_J15345704-1418486-20220509@161808-Eden.fts [TYPE] LIGHT [OBJ] 2MASS_J15345704-1418486 [RA] 15 34 56.9323 [Dec] -14 18 49.2520 [FIL] GG495 [EXPTIME] 60.0 [Date] 2022-05-09T16:18:08 [Time] 16:18:08
24/154 2MASS_J15345704-1418486-20220509@161926-Eden.fts [TYPE] LIGHT [OBJ] 2MASS_J15345704-1418486 [RA] 15 34 56.9323 [Dec] -14 18 49.2520 [FIL] GG495 [EXPTIME] 60.0 [Date] 2022-05-09T16:19:26 [Time] 16:19:26
25/154 2MASS_J15345704-1418486-20220509@162045-Eden.fts [TYPE] LIGHT [OBJ] 2MASS_J15345704-1418486 [RA] 15 34 56.9323 [Dec] -14 18 49.2520 [FIL] GG495 [EXPTIME] 60.0 [Date] 2022-05-09T16:20:45 [Time] 16:20:45
26/154 2MASS_J15345704-1418486-20220509@162202-Eden.fts [TYPE] LIGHT [OBJ] 2MASS_J15345704-1418486 [RA] 15 34 56.9323 [Dec] -14 18 49.2520 [FIL] GG495 [EXPTIME] 60.0 [Date] 2022-05-09T16:22:02 [Time] 16:22:02
27/154 2MASS_J15345704-1418486-20220509@162319-Eden.fts [TYPE] LIGHT [OBJ] 2MASS_J15345704-1418486 [RA] 15 34 56.9323 [Dec] -14 18 49.2520 [FIL] GG495 [EXPTIME] 60.0 [Date] 2022-05-09T16:23:19 [Time] 16:23:19
28/154 2MASS_J15345704-1418486-20220509@162435-Eden.fts [TYPE] LIGHT [OBJ] 2MASS_J15345704-1418486 [RA] 15 34 56.9323 [Dec] -14 18 49.2520 [FIL] GG495 [EXPTIME] 60.0 [Date] 2022-05-09T16:24:35 [Time] 16:24:35
29/154 2MASS_J15345704-1418486-20220509@162553-Eden.fts [TYPE] LIGHT [OBJ] 2MASS_J15345704-1418486 [RA] 15 34 56.9323 [Dec] -14 18 49.2520 [FIL] GG495 [EXPTIME] 60.0 [Date] 2022-05-09T16:25:53 [Time] 16:25:53
30/154 2MASS_J15345704-1418486-20220509@162709-Eden.fts [TYPE] LIGHT [OBJ] 2MASS_J15345704-1418486 [RA] 15 34 56.9323 [Dec] -14 18 49.2520 [FIL] GG495 [EXPTIME] 60.0 [Date] 2022-05-09T16:27:09 [Time] 16:27:09
31/154 2MASS_J15345704-1418486-20220509@162826-Eden.fts [TYPE] LIGHT [OBJ] 2MASS_J15345704-1418486 [RA] 15 34 56.9323 [Dec] -14 18 49.2520 [FIL] GG495 [EXPTIME] 60.0 [Date] 2022-05-09T16:28:26 [Time] 16:28:26
32/154 2MASS_J15345704-1418486-20220509@162944-Eden.fts [TYPE] LIGHT [OBJ] 2MASS_J15345704-1418486 [RA] 15 34 56.9323 [Dec] -14 18 49.2520 [FIL] GG495 [EXPTIME] 60.0 [Date] 2022-05-09T16:29:44 [Time] 16:29:44
33/154 2MASS_J15345704-1418486-20220509@163102-Eden.fts [TYPE] LIGHT [OBJ] 2MASS_J15345704-1418486 [RA] 15 34 56.9323 [Dec] -14 18 49.2520 [FIL] GG495 [EXPTIME] 60.0 [Date] 2022-05-09T16:31:02 [Time] 16:31:02
34/154 2MASS_J15345704-1418486-20220509@163219-Eden.fts [TYPE] LIGHT [OBJ] 2MASS_J15345704-1418486 [RA] 15 34 56.9323 [Dec] -14 18 49.2520 [FIL] GG495 [EXPTIME] 60.0 [Date] 2022-05-09T16:32:19 [Time] 16:32:19
35/154 2MASS_J15345704-1418486-20220509@163339-Eden.fts [TYPE] LIGHT [OBJ] 2MASS_J15345704-1418486 [RA] 15 34 56.9323 [Dec] -14 18 49.2520 [FIL] GG495 [EXPTIME] 60.0 [Date] 2022-05-09T16:33:39 [Time] 16:33:39
36/154 2MASS_J15345704-1418486-20220509@163457-Eden.fts [TYPE] LIGHT [OBJ] 2MASS_J15345704-1418486 [RA] 15 34 56.9323 [Dec] -14 18 49.2520 [FIL] GG495 [EXPTIME] 60.0 [Date] 2022-05-09T16:34:57 [Time] 16:34:57
37/154 2MASS_J15345704-1418486-20220509@163614-Eden.fts [TYPE] LIGHT [OBJ] 2MASS_J15345704-1418486 [RA] 15 34 56.9323 [Dec] -14 18 49.2520 [FIL] GG495 [EXPTIME] 60.0 [Date] 2022-05-09T16:36:14 [Time] 16:36:14
38/154 2MASS_J15345704-1418486-20220509@163731-Eden.fts [TYPE] LIGHT [OBJ] 2MASS_J15345704-1418486 [RA] 15 34 56.9323 [Dec] -14 18 49.2520 [FIL] GG495 [EXPTIME] 60.0 [Date] 2022-05-09T16:37:31 [Time] 16:37:31
39/154 2MASS_J15345704-1418486-20220509@163848-Eden.fts [TYPE] LIGHT [OBJ] 2MASS_J15345704-1418486 [RA] 15 34 56.9323 [Dec] -14 18 49.2520 [FIL] GG495 [EXPTIME] 60.0 [Date] 2022-05-09T16:38:48 [Time] 16:38:48
40/154 2MASS_J15345704-1418486-20220509@164004-Eden.fts [TYPE] LIGHT [OBJ] 2MASS_J15345704-1418486 [RA] 15 34 56.9323 [Dec] -14 18 49.2520 [FIL] GG495 [EXPTIME] 60.0 [Date] 2022-05-09T16:40:04 [Time] 16:40:04
41/154 2MASS_J15345704-1418486-20220509@164123-Eden.fts [TYPE] LIGHT [OBJ] 2MASS_J15345704-1418486 [RA] 15 34 56.9323 [Dec] -14 18 49.2520 [FIL] GG495 [EXPTIME] 60.0 [Date] 2022-05-09T16:41:23 [Time] 16:41:23
42/154 2MASS_J15345704-1418486-20220509@164240-Eden.fts [TYPE] LIGHT [OBJ] 2MASS_J15345704-1418486 [RA] 15 34 56.9323 [Dec] -14 18 49.2520 [FIL] GG495 [EXPTIME] 60.0 [Date] 2022-05-09T16:42:40 [Time] 16:42:40
43/154 2MASS_J15345704-1418486-20220509@164357-Eden.fts [TYPE] LIGHT [OBJ] 2MASS_J15345704-1418486 [RA] 15 34 56.9323 [Dec] -14 18 49.2520 [FIL] GG495 [EXPTIME] 60.0 [Date] 2022-05-09T16:43:57 [Time] 16:43:57
44/154 2MASS_J15345704-1418486-20220509@164515-Eden.fts [TYPE] LIGHT [OBJ] 2MASS_J15345704-1418486 [RA] 15 34 56.9323 [Dec] -14 18 49.2520 [FIL] GG495 [EXPTIME] 60.0 [Date] 2022-05-09T16:45:15 [Time] 16:45:15
45/154 2MASS_J15345704-1418486-20220509@164634-Eden.fts [TYPE] LIGHT [OBJ] 2MASS_J15345704-1418486 [RA] 15 34 56.9323 [Dec] -14 18 49.2520 [FIL] GG495 [EXPTIME] 60.0 [Date] 2022-05-09T16:46:34 [Time] 16:46:34
46/154 2MASS_J15345704-1418486-20220509@164754-Eden.fts [TYPE] LIGHT [OBJ] 2MASS_J15345704-1418486 [RA] 15 34 56.9323 [Dec] -14 18 49.2520 [FIL] GG495 [EXPTIME] 60.0 [Date] 2022-05-09T16:47:54 [Time] 16:47:54
47/154 2MASS_J15345704-1418486-20220509@164911-Eden.fts [TYPE] LIGHT [OBJ] 2MASS_J15345704-1418486 [RA] 15 34 56.9323 [Dec] -14 18 49.2520 [FIL] GG495 [EXPTIME] 60.0 [Date] 2022-05-09T16:49:11 [Time] 16:49:11
48/154 2MASS_J15345704-1418486-20220509@165029-Eden.fts [TYPE] LIGHT [OBJ] 2MASS_J15345704-1418486 [RA] 15 34 56.9323 [Dec] -14 18 49.2520 [FIL] GG495 [EXPTIME] 60.0 [Date] 2022-05-09T16:50:29 [Time] 16:50:29
49/154 2MASS_J15345704-1418486-20220509@165146-Eden.fts [TYPE] LIGHT [OBJ] 2MASS_J15345704-1418486 [RA] 15 34 56.9323 [Dec] -14 18 49.2520 [FIL] GG495 [EXPTIME] 60.0 [Date] 2022-05-09T16:51:46 [Time] 16:51:46
50/154 2MASS_J15345704-1418486-20220509@165304-Eden.fts [TYPE] LIGHT [OBJ] 2MASS_J15345704-1418486 [RA] 15 34 56.9323 [Dec] -14 18 49.2520 [FIL] GG495 [EXPTIME] 60.0 [Date] 2022-05-09T16:53:04 [Time] 16:53:04
51/154 2MASS_J15345704-1418486-20220509@165422-Eden.fts [TYPE] LIGHT [OBJ] 2MASS_J15345704-1418486 [RA] 15 34 56.9323 [Dec] -14 18 49.2520 [FIL] GG495 [EXPTIME] 60.0 [Date] 2022-05-09T16:54:22 [Time] 16:54:22
52/154 2MASS_J15345704-1418486-20220509@165539-Eden.fts [TYPE] LIGHT [OBJ] 2MASS_J15345704-1418486 [RA] 15 34 56.9323 [Dec] -14 18 49.2520 [FIL] GG495 [EXPTIME] 60.0 [Date] 2022-05-09T16:55:39 [Time] 16:55:39
53/154 2MASS_J15345704-1418486-20220509@165658-Eden.fts [TYPE] LIGHT [OBJ] 2MASS_J15345704-1418486 [RA] 15 34 56.9323 [Dec] -14 18 49.2520 [FIL] GG495 [EXPTIME] 60.0 [Date] 2022-05-09T16:56:58 [Time] 16:56:58
54/154 2MASS_J15345704-1418486-20220509@165815-Eden.fts [TYPE] LIGHT [OBJ] 2MASS_J15345704-1418486 [RA] 15 34 56.9323 [Dec] -14 18 49.2520 [FIL] GG495 [EXPTIME] 60.0 [Date] 2022-05-09T16:58:15 [Time] 16:58:15
55/154 2MASS_J15345704-1418486-20220509@165932-Eden.fts [TYPE] LIGHT [OBJ] 2MASS_J15345704-1418486 [RA] 15 34 56.9323 [Dec] -14 18 49.2520 [FIL] GG495 [EXPTIME] 60.0 [Date] 2022-05-09T16:59:32 [Time] 16:59:32
56/154 2MASS_J15345704-1418486-20220509@170048-Eden.fts [TYPE] LIGHT [OBJ] 2MASS_J15345704-1418486 [RA] 15 34 56.9323 [Dec] -14 18 49.2520 [FIL] GG495 [EXPTIME] 60.0 [Date] 2022-05-09T17:00:48 [Time] 17:00:48
57/154 2MASS_J15345704-1418486-20220509@170206-Eden.fts [TYPE] LIGHT [OBJ] 2MASS_J15345704-1418486 [RA] 15 34 56.9323 [Dec] -14 18 49.2520 [FIL] GG495 [EXPTIME] 60.0 [Date] 2022-05-09T17:02:06 [Time] 17:02:06
58/154 2MASS_J15345704-1418486-20220509@170325-Eden.fts [TYPE] LIGHT [OBJ] 2MASS_J15345704-1418486 [RA] 15 34 56.9323 [Dec] -14 18 49.2520 [FIL] GG495 [EXPTIME] 60.0 [Date] 2022-05-09T17:03:25 [Time] 17:03:25
59/154 2MASS_J15345704-1418486-20220509@170443-Eden.fts [TYPE] LIGHT [OBJ] 2MASS_J15345704-1418486 [RA] 15 34 56.9323 [Dec] -14 18 49.2520 [FIL] GG495 [EXPTIME] 60.0 [Date] 2022-05-09T17:04:43 [Time] 17:04:43
60/154 2MASS_J15345704-1418486-20220509@170600-Eden.fts [TYPE] LIGHT [OBJ] 2MASS_J15345704-1418486 [RA] 15 34 56.9323 [Dec] -14 18 49.2520 [FIL] GG495 [EXPTIME] 60.0 [Date] 2022-05-09T17:06:00 [Time] 17:06:00
61/154 2MASS_J15345704-1418486-20220509@170717-Eden.fts [TYPE] LIGHT [OBJ] 2MASS_J15345704-1418486 [RA] 15 34 56.9323 [Dec] -14 18 49.2520 [FIL] GG495 [EXPTIME] 60.0 [Date] 2022-05-09T17:07:17 [Time] 17:07:17
62/154 2MASS_J15345704-1418486-20220509@170835-Eden.fts [TYPE] LIGHT [OBJ] 2MASS_J15345704-1418486 [RA] 15 34 56.9323 [Dec] -14 18 49.2520 [FIL] GG495 [EXPTIME] 60.0 [Date] 2022-05-09T17:08:35 [Time] 17:08:35
63/154 2MASS_J15345704-1418486-20220509@170952-Eden.fts [TYPE] LIGHT [OBJ] 2MASS_J15345704-1418486 [RA] 15 34 56.9323 [Dec] -14 18 49.2520 [FIL] GG495 [EXPTIME] 60.0 [Date] 2022-05-09T17:09:52 [Time] 17:09:52
64/154 2MASS_J15345704-1418486-20220509@171110-Eden.fts [TYPE] LIGHT [OBJ] 2MASS_J15345704-1418486 [RA] 15 34 56.9323 [Dec] -14 18 49.2520 [FIL] GG495 [EXPTIME] 60.0 [Date] 2022-05-09T17:11:10 [Time] 17:11:10
65/154 2MASS_J15345704-1418486-20220509@171227-Eden.fts [TYPE] LIGHT [OBJ] 2MASS_J15345704-1418486 [RA] 15 34 56.9323 [Dec] -14 18 49.2520 [FIL] GG495 [EXPTIME] 60.0 [Date] 2022-05-09T17:12:27 [Time] 17:12:27
66/154 2MASS_J15345704-1418486-20220509@171343-Eden.fts [TYPE] LIGHT [OBJ] 2MASS_J15345704-1418486 [RA] 15 34 56.9323 [Dec] -14 18 49.2520 [FIL] GG495 [EXPTIME] 60.0 [Date] 2022-05-09T17:13:43 [Time] 17:13:43
67/154 2MASS_J15345704-1418486-20220509@171501-Eden.fts [TYPE] LIGHT [OBJ] 2MASS_J15345704-1418486 [RA] 15 34 56.9323 [Dec] -14 18 49.2520 [FIL] GG495 [EXPTIME] 60.0 [Date] 2022-05-09T17:15:01 [Time] 17:15:01
68/154 2MASS_J15345704-1418486-20220509@171620-Eden.fts [TYPE] LIGHT [OBJ] 2MASS_J15345704-1418486 [RA] 15 34 56.9323 [Dec] -14 18 49.2520 [FIL] GG495 [EXPTIME] 60.0 [Date] 2022-05-09T17:16:20 [Time] 17:16:20
69/154 2MASS_J15345704-1418486-20220509@171737-Eden.fts [TYPE] LIGHT [OBJ] 2MASS_J15345704-1418486 [RA] 15 34 56.9323 [Dec] -14 18 49.2520 [FIL] GG495 [EXPTIME] 60.0 [Date] 2022-05-09T17:17:37 [Time] 17:17:37
70/154 2MASS_J15345704-1418486-20220509@171854-Eden.fts [TYPE] LIGHT [OBJ] 2MASS_J15345704-1418486 [RA] 15 34 56.9323 [Dec] -14 18 49.2520 [FIL] GG495 [EXPTIME] 60.0 [Date] 2022-05-09T17:18:54 [Time] 17:18:54
71/154 2MASS_J15345704-1418486-20220509@172011-Eden.fts [TYPE] LIGHT [OBJ] 2MASS_J15345704-1418486 [RA] 15 34 56.9323 [Dec] -14 18 49.2520 [FIL] GG495 [EXPTIME] 60.0 [Date] 2022-05-09T17:20:11 [Time] 17:20:11
72/154 2MASS_J15345704-1418486-20220509@172128-Eden.fts [TYPE] LIGHT [OBJ] 2MASS_J15345704-1418486 [RA] 15 34 56.9323 [Dec] -14 18 49.2520 [FIL] GG495 [EXPTIME] 60.0 [Date] 2022-05-09T17:21:28 [Time] 17:21:28
73/154 2MASS_J15345704-1418486-20220509@172245-Eden.fts [TYPE] LIGHT [OBJ] 2MASS_J15345704-1418486 [RA] 15 34 56.9323 [Dec] -14 18 49.2520 [FIL] GG495 [EXPTIME] 60.0 [Date] 2022-05-09T17:22:45 [Time] 17:22:45
74/154 2MASS_J15345704-1418486-20220509@172403-Eden.fts [TYPE] LIGHT [OBJ] 2MASS_J15345704-1418486 [RA] 15 34 56.9323 [Dec] -14 18 49.2520 [FIL] GG495 [EXPTIME] 60.0 [Date] 2022-05-09T17:24:03 [Time] 17:24:03
75/154 2MASS_J15345704-1418486-20220509@172520-Eden.fts [TYPE] LIGHT [OBJ] 2MASS_J15345704-1418486 [RA] 15 34 56.9323 [Dec] -14 18 49.2520 [FIL] GG495 [EXPTIME] 60.0 [Date] 2022-05-09T17:25:20 [Time] 17:25:20
76/154 2MASS_J15345704-1418486-20220509@172640-Eden.fts [TYPE] LIGHT [OBJ] 2MASS_J15345704-1418486 [RA] 15 34 56.9323 [Dec] -14 18 49.2520 [FIL] GG495 [EXPTIME] 60.0 [Date] 2022-05-09T17:26:40 [Time] 17:26:40
77/154 2MASS_J15345704-1418486-20220509@172758-Eden.fts [TYPE] LIGHT [OBJ] 2MASS_J15345704-1418486 [RA] 15 34 56.9323 [Dec] -14 18 49.2520 [FIL] GG495 [EXPTIME] 60.0 [Date] 2022-05-09T17:27:58 [Time] 17:27:58
78/154 2MASS_J15345704-1418486-20220509@172915-Eden.fts [TYPE] LIGHT [OBJ] 2MASS_J15345704-1418486 [RA] 15 34 56.9323 [Dec] -14 18 49.2520 [FIL] GG495 [EXPTIME] 60.0 [Date] 2022-05-09T17:29:15 [Time] 17:29:15
79/154 2MASS_J15345704-1418486-20220509@173032-Eden.fts [TYPE] LIGHT [OBJ] 2MASS_J15345704-1418486 [RA] 15 34 56.9323 [Dec] -14 18 49.2520 [FIL] GG495 [EXPTIME] 60.0 [Date] 2022-05-09T17:30:32 [Time] 17:30:32
80/154 2MASS_J15345704-1418486-20220509@173150-Eden.fts [TYPE] LIGHT [OBJ] 2MASS_J15345704-1418486 [RA] 15 34 56.9323 [Dec] -14 18 49.2520 [FIL] GG495 [EXPTIME] 60.0 [Date] 2022-05-09T17:31:50 [Time] 17:31:50
81/154 2MASS_J15345704-1418486-20220509@173307-Eden.fts [TYPE] LIGHT [OBJ] 2MASS_J15345704-1418486 [RA] 15 34 56.9323 [Dec] -14 18 49.2520 [FIL] GG495 [EXPTIME] 60.0 [Date] 2022-05-09T17:33:07 [Time] 17:33:07
82/154 2MASS_J15345704-1418486-20220509@173426-Eden.fts [TYPE] LIGHT [OBJ] 2MASS_J15345704-1418486 [RA] 15 34 56.9323 [Dec] -14 18 49.2520 [FIL] GG495 [EXPTIME] 60.0 [Date] 2022-05-09T17:34:26 [Time] 17:34:26
83/154 2MASS_J15345704-1418486-20220509@173543-Eden.fts [TYPE] LIGHT [OBJ] 2MASS_J15345704-1418486 [RA] 15 34 56.9323 [Dec] -14 18 49.2520 [FIL] GG495 [EXPTIME] 60.0 [Date] 2022-05-09T17:35:43 [Time] 17:35:43
84/154 2MASS_J15345704-1418486-20220509@173702-Eden.fts [TYPE] LIGHT [OBJ] 2MASS_J15345704-1418486 [RA] 15 34 56.9323 [Dec] -14 18 49.2520 [FIL] GG495 [EXPTIME] 60.0 [Date] 2022-05-09T17:37:02 [Time] 17:37:02
85/154 2MASS_J15345704-1418486-20220509@173818-Eden.fts [TYPE] LIGHT [OBJ] 2MASS_J15345704-1418486 [RA] 15 34 56.9323 [Dec] -14 18 49.2520 [FIL] GG495 [EXPTIME] 60.0 [Date] 2022-05-09T17:38:18 [Time] 17:38:18
86/154 2MASS_J15345704-1418486-20220509@173935-Eden.fts [TYPE] LIGHT [OBJ] 2MASS_J15345704-1418486 [RA] 15 34 56.9323 [Dec] -14 18 49.2520 [FIL] GG495 [EXPTIME] 60.0 [Date] 2022-05-09T17:39:35 [Time] 17:39:35
87/154 2MASS_J15345704-1418486-20220509@174053-Eden.fts [TYPE] LIGHT [OBJ] 2MASS_J15345704-1418486 [RA] 15 34 56.9323 [Dec] -14 18 49.2520 [FIL] GG495 [EXPTIME] 60.0 [Date] 2022-05-09T17:40:53 [Time] 17:40:53
88/154 2MASS_J15345704-1418486-20220509@174212-Eden.fts [TYPE] LIGHT [OBJ] 2MASS_J15345704-1418486 [RA] 15 34 56.9323 [Dec] -14 18 49.2520 [FIL] GG495 [EXPTIME] 60.0 [Date] 2022-05-09T17:42:12 [Time] 17:42:12
89/154 2MASS_J15345704-1418486-20220509@174329-Eden.fts [TYPE] LIGHT [OBJ] 2MASS_J15345704-1418486 [RA] 15 34 56.9323 [Dec] -14 18 49.2520 [FIL] GG495 [EXPTIME] 60.0 [Date] 2022-05-09T17:43:29 [Time] 17:43:29
90/154 2MASS_J15345704-1418486-20220509@174449-Eden.fts [TYPE] LIGHT [OBJ] 2MASS_J15345704-1418486 [RA] 15 34 56.9323 [Dec] -14 18 49.2520 [FIL] GG495 [EXPTIME] 60.0 [Date] 2022-05-09T17:44:49 [Time] 17:44:49
91/154 2MASS_J15345704-1418486-20220509@174606-Eden.fts [TYPE] LIGHT [OBJ] 2MASS_J15345704-1418486 [RA] 15 34 56.9323 [Dec] -14 18 49.2520 [FIL] GG495 [EXPTIME] 60.0 [Date] 2022-05-09T17:46:06 [Time] 17:46:06
92/154 2MASS_J15345704-1418486-20220509@174723-Eden.fts [TYPE] LIGHT [OBJ] 2MASS_J15345704-1418486 [RA] 15 34 56.9323 [Dec] -14 18 49.2520 [FIL] GG495 [EXPTIME] 60.0 [Date] 2022-05-09T17:47:23 [Time] 17:47:23
93/154 2MASS_J15345704-1418486-20220509@174840-Eden.fts [TYPE] LIGHT [OBJ] 2MASS_J15345704-1418486 [RA] 15 34 56.9323 [Dec] -14 18 49.2520 [FIL] GG495 [EXPTIME] 60.0 [Date] 2022-05-09T17:48:40 [Time] 17:48:40
94/154 2MASS_J15345704-1418486-20220509@174957-Eden.fts [TYPE] LIGHT [OBJ] 2MASS_J15345704-1418486 [RA] 15 34 56.9323 [Dec] -14 18 49.2520 [FIL] GG495 [EXPTIME] 60.0 [Date] 2022-05-09T17:49:57 [Time] 17:49:57
95/154 2MASS_J15345704-1418486-20220509@175115-Eden.fts [TYPE] LIGHT [OBJ] 2MASS_J15345704-1418486 [RA] 15 34 56.9323 [Dec] -14 18 49.2520 [FIL] GG495 [EXPTIME] 60.0 [Date] 2022-05-09T17:51:15 [Time] 17:51:15
96/154 2MASS_J15345704-1418486-20220509@175232-Eden.fts [TYPE] LIGHT [OBJ] 2MASS_J15345704-1418486 [RA] 15 34 56.9323 [Dec] -14 18 49.2520 [FIL] GG495 [EXPTIME] 60.0 [Date] 2022-05-09T17:52:32 [Time] 17:52:32
97/154 2MASS_J15345704-1418486-20220509@175350-Eden.fts [TYPE] LIGHT [OBJ] 2MASS_J15345704-1418486 [RA] 15 34 56.9323 [Dec] -14 18 49.2520 [FIL] GG495 [EXPTIME] 60.0 [Date] 2022-05-09T17:53:50 [Time] 17:53:50
98/154 2MASS_J15345704-1418486-20220509@175507-Eden.fts [TYPE] LIGHT [OBJ] 2MASS_J15345704-1418486 [RA] 15 34 56.9323 [Dec] -14 18 49.2520 [FIL] GG495 [EXPTIME] 60.0 [Date] 2022-05-09T17:55:07 [Time] 17:55:07
99/154 2MASS_J15345704-1418486-20220509@175624-Eden.fts [TYPE] LIGHT [OBJ] 2MASS_J15345704-1418486 [RA] 15 34 56.9323 [Dec] -14 18 49.2520 [FIL] GG495 [EXPTIME] 60.0 [Date] 2022-05-09T17:56:24 [Time] 17:56:24
100/154 2MASS_J15345704-1418486-20220509@175742-Eden.fts [TYPE] LIGHT [OBJ] 2MASS_J15345704-1418486 [RA] 15 34 56.9323 [Dec] -14 18 49.2520 [FIL] GG495 [EXPTIME] 60.0 [Date] 2022-05-09T17:57:42 [Time] 17:57:42
101/154 2MASS_J15345704-1418486-20220509@175900-Eden.fts [TYPE] LIGHT [OBJ] 2MASS_J15345704-1418486 [RA] 15 34 56.9323 [Dec] -14 18 49.2520 [FIL] GG495 [EXPTIME] 60.0 [Date] 2022-05-09T17:59:00 [Time] 17:59:00
102/154 2MASS_J15345704-1418486-20220509@180016-Eden.fts [TYPE] LIGHT [OBJ] 2MASS_J15345704-1418486 [RA] 15 34 56.9323 [Dec] -14 18 49.2520 [FIL] GG495 [EXPTIME] 60.0 [Date] 2022-05-09T18:00:16 [Time] 18:00:16
103/154 2MASS_J15345704-1418486-20220509@180133-Eden.fts [TYPE] LIGHT [OBJ] 2MASS_J15345704-1418486 [RA] 15 34 56.9323 [Dec] -14 18 49.2520 [FIL] GG495 [EXPTIME] 60.0 [Date] 2022-05-09T18:01:33 [Time] 18:01:33
104/154 2MASS_J15345704-1418486-20220509@180251-Eden.fts [TYPE] LIGHT [OBJ] 2MASS_J15345704-1418486 [RA] 15 34 56.9323 [Dec] -14 18 49.2520 [FIL] GG495 [EXPTIME] 60.0 [Date] 2022-05-09T18:02:51 [Time] 18:02:51
105/154 2MASS_J15345704-1418486-20220509@180410-Eden.fts [TYPE] LIGHT [OBJ] 2MASS_J15345704-1418486 [RA] 15 34 56.9323 [Dec] -14 18 49.2520 [FIL] GG495 [EXPTIME] 60.0 [Date] 2022-05-09T18:04:10 [Time] 18:04:10
106/154 2MASS_J15345704-1418486-20220509@180527-Eden.fts [TYPE] LIGHT [OBJ] 2MASS_J15345704-1418486 [RA] 15 34 56.9323 [Dec] -14 18 49.2520 [FIL] GG495 [EXPTIME] 60.0 [Date] 2022-05-09T18:05:27 [Time] 18:05:27
107/154 2MASS_J15345704-1418486-20220509@180645-Eden.fts [TYPE] LIGHT [OBJ] 2MASS_J15345704-1418486 [RA] 15 34 56.9323 [Dec] -14 18 49.2520 [FIL] GG495 [EXPTIME] 60.0 [Date] 2022-05-09T18:06:45 [Time] 18:06:45
108/154 2MASS_J15345704-1418486-20220509@180801-Eden.fts [TYPE] LIGHT [OBJ] 2MASS_J15345704-1418486 [RA] 15 34 56.9323 [Dec] -14 18 49.2520 [FIL] GG495 [EXPTIME] 60.0 [Date] 2022-05-09T18:08:01 [Time] 18:08:01
109/154 2MASS_J15345704-1418486-20220509@180919-Eden.fts [TYPE] LIGHT [OBJ] 2MASS_J15345704-1418486 [RA] 15 34 56.9323 [Dec] -14 18 49.2520 [FIL] GG495 [EXPTIME] 60.0 [Date] 2022-05-09T18:09:19 [Time] 18:09:19
110/154 2MASS_J15345704-1418486-20220509@181036-Eden.fts [TYPE] LIGHT [OBJ] 2MASS_J15345704-1418486 [RA] 15 34 56.9323 [Dec] -14 18 49.2520 [FIL] GG495 [EXPTIME] 60.0 [Date] 2022-05-09T18:10:36 [Time] 18:10:36
111/154 2MASS_J15345704-1418486-20220509@181154-Eden.fts [TYPE] LIGHT [OBJ] 2MASS_J15345704-1418486 [RA] 15 34 56.9323 [Dec] -14 18 49.2520 [FIL] GG495 [EXPTIME] 60.0 [Date] 2022-05-09T18:11:54 [Time] 18:11:54
112/154 2MASS_J15345704-1418486-20220509@181310-Eden.fts [TYPE] LIGHT [OBJ] 2MASS_J15345704-1418486 [RA] 15 34 56.9323 [Dec] -14 18 49.2520 [FIL] GG495 [EXPTIME] 60.0 [Date] 2022-05-09T18:13:10 [Time] 18:13:10
113/154 2MASS_J15345704-1418486-20220509@181428-Eden.fts [TYPE] LIGHT [OBJ] 2MASS_J15345704-1418486 [RA] 15 34 56.9323 [Dec] -14 18 49.2520 [FIL] GG495 [EXPTIME] 60.0 [Date] 2022-05-09T18:14:28 [Time] 18:14:28
114/154 2MASS_J15345704-1418486-20220509@181546-Eden.fts [TYPE] LIGHT [OBJ] 2MASS_J15345704-1418486 [RA] 15 34 56.9323 [Dec] -14 18 49.2520 [FIL] GG495 [EXPTIME] 60.0 [Date] 2022-05-09T18:15:46 [Time] 18:15:46
115/154 2MASS_J15345704-1418486-20220509@181705-Eden.fts [TYPE] LIGHT [OBJ] 2MASS_J15345704-1418486 [RA] 15 34 56.9323 [Dec] -14 18 49.2520 [FIL] GG495 [EXPTIME] 60.0 [Date] 2022-05-09T18:17:05 [Time] 18:17:05
116/154 2MASS_J15345704-1418486-20220509@181822-Eden.fts [TYPE] LIGHT [OBJ] 2MASS_J15345704-1418486 [RA] 15 34 56.9323 [Dec] -14 18 49.2520 [FIL] GG495 [EXPTIME] 60.0 [Date] 2022-05-09T18:18:22 [Time] 18:18:22
117/154 2MASS_J15345704-1418486-20220509@181941-Eden.fts [TYPE] LIGHT [OBJ] 2MASS_J15345704-1418486 [RA] 15 34 56.9323 [Dec] -14 18 49.2520 [FIL] GG495 [EXPTIME] 60.0 [Date] 2022-05-09T18:19:41 [Time] 18:19:41
118/154 2MASS_J15345704-1418486-20220509@182100-Eden.fts [TYPE] LIGHT [OBJ] 2MASS_J15345704-1418486 [RA] 15 34 56.9323 [Dec] -14 18 49.2520 [FIL] GG495 [EXPTIME] 60.0 [Date] 2022-05-09T18:21:00 [Time] 18:21:00
119/154 2MASS_J15345704-1418486-20220509@182218-Eden.fts [TYPE] LIGHT [OBJ] 2MASS_J15345704-1418486 [RA] 15 34 56.9323 [Dec] -14 18 49.2520 [FIL] GG495 [EXPTIME] 60.0 [Date] 2022-05-09T18:22:18 [Time] 18:22:18
120/154 2MASS_J15345704-1418486-20220509@182336-Eden.fts [TYPE] LIGHT [OBJ] 2MASS_J15345704-1418486 [RA] 15 34 56.9323 [Dec] -14 18 49.2520 [FIL] GG495 [EXPTIME] 60.0 [Date] 2022-05-09T18:23:36 [Time] 18:23:36
121/154 2MASS_J15345704-1418486-20220509@182454-Eden.fts [TYPE] LIGHT [OBJ] 2MASS_J15345704-1418486 [RA] 15 34 56.9323 [Dec] -14 18 49.2520 [FIL] GG495 [EXPTIME] 60.0 [Date] 2022-05-09T18:24:54 [Time] 18:24:54
122/154 2MASS_J15345704-1418486-20220509@182613-Eden.fts [TYPE] LIGHT [OBJ] 2MASS_J15345704-1418486 [RA] 15 34 56.9323 [Dec] -14 18 49.2520 [FIL] GG495 [EXPTIME] 60.0 [Date] 2022-05-09T18:26:13 [Time] 18:26:13
123/154 2MASS_J15345704-1418486-20220509@182730-Eden.fts [TYPE] LIGHT [OBJ] 2MASS_J15345704-1418486 [RA] 15 34 56.9323 [Dec] -14 18 49.2520 [FIL] GG495 [EXPTIME] 60.0 [Date] 2022-05-09T18:27:30 [Time] 18:27:30
124/154 2MASS_J15345704-1418486-20220509@182848-Eden.fts [TYPE] LIGHT [OBJ] 2MASS_J15345704-1418486 [RA] 15 34 56.9323 [Dec] -14 18 49.2520 [FIL] GG495 [EXPTIME] 60.0 [Date] 2022-05-09T18:28:48 [Time] 18:28:48
125/154 2MASS_J15345704-1418486-20220509@183006-Eden.fts [TYPE] LIGHT [OBJ] 2MASS_J15345704-1418486 [RA] 15 34 56.9323 [Dec] -14 18 49.2520 [FIL] GG495 [EXPTIME] 60.0 [Date] 2022-05-09T18:30:06 [Time] 18:30:06
126/154 2MASS_J15345704-1418486-20220509@183124-Eden.fts [TYPE] LIGHT [OBJ] 2MASS_J15345704-1418486 [RA] 15 34 56.9323 [Dec] -14 18 49.2520 [FIL] GG495 [EXPTIME] 60.0 [Date] 2022-05-09T18:31:24 [Time] 18:31:24
127/154 2MASS_J15345704-1418486-20220509@183241-Eden.fts [TYPE] LIGHT [OBJ] 2MASS_J15345704-1418486 [RA] 15 34 56.9323 [Dec] -14 18 49.2520 [FIL] GG495 [EXPTIME] 60.0 [Date] 2022-05-09T18:32:41 [Time] 18:32:41
128/154 2MASS_J15345704-1418486-20220509@183359-Eden.fts [TYPE] LIGHT [OBJ] 2MASS_J15345704-1418486 [RA] 15 34 56.9323 [Dec] -14 18 49.2520 [FIL] GG495 [EXPTIME] 60.0 [Date] 2022-05-09T18:33:59 [Time] 18:33:59
129/154 2MASS_J15345704-1418486-20220509@183516-Eden.fts [TYPE] LIGHT [OBJ] 2MASS_J15345704-1418486 [RA] 15 34 56.9323 [Dec] -14 18 49.2520 [FIL] GG495 [EXPTIME] 60.0 [Date] 2022-05-09T18:35:16 [Time] 18:35:16
130/154 2MASS_J15345704-1418486-20220509@183635-Eden.fts [TYPE] LIGHT [OBJ] 2MASS_J15345704-1418486 [RA] 15 34 56.9323 [Dec] -14 18 49.2520 [FIL] GG495 [EXPTIME] 60.0 [Date] 2022-05-09T18:36:35 [Time] 18:36:35
131/154 2MASS_J15345704-1418486-20220509@183751-Eden.fts [TYPE] LIGHT [OBJ] 2MASS_J15345704-1418486 [RA] 15 34 56.9323 [Dec] -14 18 49.2520 [FIL] GG495 [EXPTIME] 60.0 [Date] 2022-05-09T18:37:51 [Time] 18:37:51
132/154 2MASS_J15345704-1418486-20220509@183911-Eden.fts [TYPE] LIGHT [OBJ] 2MASS_J15345704-1418486 [RA] 15 34 56.9323 [Dec] -14 18 49.2520 [FIL] GG495 [EXPTIME] 60.0 [Date] 2022-05-09T18:39:11 [Time] 18:39:11
133/154 2MASS_J15345704-1418486-20220509@184029-Eden.fts [TYPE] LIGHT [OBJ] 2MASS_J15345704-1418486 [RA] 15 34 56.9323 [Dec] -14 18 49.2520 [FIL] GG495 [EXPTIME] 60.0 [Date] 2022-05-09T18:40:29 [Time] 18:40:29
134/154 2MASS_J15345704-1418486-20220509@184148-Eden.fts [TYPE] LIGHT [OBJ] 2MASS_J15345704-1418486 [RA] 15 34 56.9323 [Dec] -14 18 49.2520 [FIL] GG495 [EXPTIME] 60.0 [Date] 2022-05-09T18:41:48 [Time] 18:41:48
135/154 2MASS_J15345704-1418486-20220509@184306-Eden.fts [TYPE] LIGHT [OBJ] 2MASS_J15345704-1418486 [RA] 15 34 56.9323 [Dec] -14 18 49.2520 [FIL] GG495 [EXPTIME] 60.0 [Date] 2022-05-09T18:43:06 [Time] 18:43:06
136/154 2MASS_J15345704-1418486-20220509@184424-Eden.fts [TYPE] LIGHT [OBJ] 2MASS_J15345704-1418486 [RA] 15 34 56.9323 [Dec] -14 18 49.2520 [FIL] GG495 [EXPTIME] 60.0 [Date] 2022-05-09T18:44:24 [Time] 18:44:24
137/154 2MASS_J15345704-1418486-20220509@184543-Eden.fts [TYPE] LIGHT [OBJ] 2MASS_J15345704-1418486 [RA] 15 34 56.9323 [Dec] -14 18 49.2520 [FIL] GG495 [EXPTIME] 60.0 [Date] 2022-05-09T18:45:43 [Time] 18:45:43
138/154 2MASS_J15345704-1418486-20220509@184700-Eden.fts [TYPE] LIGHT [OBJ] 2MASS_J15345704-1418486 [RA] 15 34 56.9323 [Dec] -14 18 49.2520 [FIL] GG495 [EXPTIME] 60.0 [Date] 2022-05-09T18:47:00 [Time] 18:47:00
139/154 2MASS_J15345704-1418486-20220509@184818-Eden.fts [TYPE] LIGHT [OBJ] 2MASS_J15345704-1418486 [RA] 15 34 56.9323 [Dec] -14 18 49.2520 [FIL] GG495 [EXPTIME] 60.0 [Date] 2022-05-09T18:48:18 [Time] 18:48:18
140/154 2MASS_J15345704-1418486-20220509@184936-Eden.fts [TYPE] LIGHT [OBJ] 2MASS_J15345704-1418486 [RA] 15 34 56.9323 [Dec] -14 18 49.2520 [FIL] GG495 [EXPTIME] 60.0 [Date] 2022-05-09T18:49:36 [Time] 18:49:36
141/154 2MASS_J15345704-1418486-20220509@185054-Eden.fts [TYPE] LIGHT [OBJ] 2MASS_J15345704-1418486 [RA] 15 34 56.9323 [Dec] -14 18 49.2520 [FIL] GG495 [EXPTIME] 60.0 [Date] 2022-05-09T18:50:54 [Time] 18:50:54
142/154 2MASS_J15345704-1418486-20220509@185212-Eden.fts [TYPE] LIGHT [OBJ] 2MASS_J15345704-1418486 [RA] 15 34 56.9323 [Dec] -14 18 49.2520 [FIL] GG495 [EXPTIME] 60.0 [Date] 2022-05-09T18:52:12 [Time] 18:52:12
143/154 2MASS_J15345704-1418486-20220509@185330-Eden.fts [TYPE] LIGHT [OBJ] 2MASS_J15345704-1418486 [RA] 15 34 56.9323 [Dec] -14 18 49.2520 [FIL] GG495 [EXPTIME] 60.0 [Date] 2022-05-09T18:53:30 [Time] 18:53:30
144/154 2MASS_J15345704-1418486-20220509@185446-Eden.fts [TYPE] LIGHT [OBJ] 2MASS_J15345704-1418486 [RA] 15 34 56.9323 [Dec] -14 18 49.2520 [FIL] GG495 [EXPTIME] 60.0 [Date] 2022-05-09T18:54:46 [Time] 18:54:46
145/154 2MASS_J15345704-1418486-20220509@185604-Eden.fts [TYPE] LIGHT [OBJ] 2MASS_J15345704-1418486 [RA] 15 34 56.9323 [Dec] -14 18 49.2520 [FIL] GG495 [EXPTIME] 60.0 [Date] 2022-05-09T18:56:04 [Time] 18:56:04
146/154 2MASS_J15345704-1418486-20220509@185720-Eden.fts [TYPE] LIGHT [OBJ] 2MASS_J15345704-1418486 [RA] 15 34 56.9323 [Dec] -14 18 49.2520 [FIL] GG495 [EXPTIME] 60.0 [Date] 2022-05-09T18:57:20 [Time] 18:57:20
147/154 2MASS_J15345704-1418486-20220509@185837-Eden.fts [TYPE] LIGHT [OBJ] 2MASS_J15345704-1418486 [RA] 15 34 56.9323 [Dec] -14 18 49.2520 [FIL] GG495 [EXPTIME] 60.0 [Date] 2022-05-09T18:58:37 [Time] 18:58:37
148/154 2MASS_J15345704-1418486-20220509@185955-Eden.fts [TYPE] LIGHT [OBJ] 2MASS_J15345704-1418486 [RA] 15 34 56.9323 [Dec] -14 18 49.2520 [FIL] GG495 [EXPTIME] 60.0 [Date] 2022-05-09T18:59:55 [Time] 18:59:55
149/154 2MASS_J15345704-1418486-20220509@190112-Eden.fts [TYPE] LIGHT [OBJ] 2MASS_J15345704-1418486 [RA] 15 34 56.9323 [Dec] -14 18 49.2520 [FIL] GG495 [EXPTIME] 60.0 [Date] 2022-05-09T19:01:12 [Time] 19:01:12
150/154 2MASS_J15345704-1418486-20220509@190229-Eden.fts [TYPE] LIGHT [OBJ] 2MASS_J15345704-1418486 [RA] 15 34 56.9323 [Dec] -14 18 49.2520 [FIL] GG495 [EXPTIME] 60.0 [Date] 2022-05-09T19:02:29 [Time] 19:02:29
151/154 2MASS_J15345704-1418486-20220509@190348-Eden.fts [TYPE] LIGHT [OBJ] 2MASS_J15345704-1418486 [RA] 15 34 56.9323 [Dec] -14 18 49.2520 [FIL] GG495 [EXPTIME] 60.0 [Date] 2022-05-09T19:03:48 [Time] 19:03:48
152/154 2MASS_J15345704-1418486-20220509@190508-Eden.fts [TYPE] LIGHT [OBJ] 2MASS_J15345704-1418486 [RA] 15 34 56.9323 [Dec] -14 18 49.2520 [FIL] GG495 [EXPTIME] 60.0 [Date] 2022-05-09T19:05:08 [Time] 19:05:08
153/154 2MASS_J15345704-1418486-20220509@190624-Eden.fts [TYPE] LIGHT [OBJ] 2MASS_J15345704-1418486 [RA] 15 34 56.9323 [Dec] -14 18 49.2520 [FIL] GG495 [EXPTIME] 60.0 [Date] 2022-05-09T19:06:24 [Time] 19:06:24
154/154 2MASS_J15345704-1418486-20220509@190936-Eden.fts [TYPE] LIGHT [OBJ] 2MASS_J15345704-1418486 [RA] 15 34 56.9323 [Dec] -14 18 49.2520 [FIL] GG495 [EXPTIME] 60.0 [Date] 2022-05-09T19:09:36 [Time] 19:09:36
... write log file to LOT20220509_2MASS_J15345704-1418486_mod.log ...
... finish ...
