-----------------
input parameters
-----------------
['modify_header_name_eden.py', 'LOT20220509_2MASS_J15242475+2925318', '40']
Your will modify header for: 2MASS_J15242475+2925318 [RA] 15 24 24.7592 [Dec] +29 25 31.5445 [Filter] GG495
---------------
folder: LOT20220509_2MASS_J15242475+2925318
will update fits in: LOT20220509_2MASS_J15242475+2925318_mod
 ---------------------------
 Exame Fits Header for Bias
 ---------------------------
find ./LOT20220509_2MASS_J15242475+2925318/bias-dark/ | grep 'fits\|fts'|sort 
found 60 Bias/Dark
1/60 Bias-20220509@202119-000S.fts [TYPE] BIAS [EXPTIME] 0.0
2/60 Bias-20220509@202127-000S.fts [TYPE] BIAS [EXPTIME] 0.0
3/60 Bias-20220509@202135-000S.fts [TYPE] BIAS [EXPTIME] 0.0
4/60 Bias-20220509@202142-000S.fts [TYPE] BIAS [EXPTIME] 0.0
5/60 Bias-20220509@202150-000S.fts [TYPE] BIAS [EXPTIME] 0.0
6/60 Bias-20220509@202158-000S.fts [TYPE] BIAS [EXPTIME] 0.0
7/60 Bias-20220509@202206-000S.fts [TYPE] BIAS [EXPTIME] 0.0
8/60 Bias-20220509@202213-000S.fts [TYPE] BIAS [EXPTIME] 0.0
9/60 Bias-20220509@202221-000S.fts [TYPE] BIAS [EXPTIME] 0.0
10/60 Bias-20220509@202229-000S.fts [TYPE] BIAS [EXPTIME] 0.0
11/60 Dark-20220509@202237-030S.fts [TYPE] DARK [EXPTIME] 30.0
12/60 Dark-20220509@202315-060S.fts [TYPE] DARK [EXPTIME] 60.0
13/60 Dark-20220509@202422-090S.fts [TYPE] DARK [EXPTIME] 90.0
14/60 Dark-20220509@202601-120S.fts [TYPE] DARK [EXPTIME] 120.0
15/60 Dark-20220509@202808-180S.fts [TYPE] DARK [EXPTIME] 180.0
16/60 Dark-20220509@203117-030S.fts [TYPE] DARK [EXPTIME] 30.0
17/60 Dark-20220509@203155-060S.fts [TYPE] DARK [EXPTIME] 60.0
18/60 Dark-20220509@203302-090S.fts [TYPE] DARK [EXPTIME] 90.0
19/60 Dark-20220509@203440-120S.fts [TYPE] DARK [EXPTIME] 120.0
20/60 Dark-20220509@203648-180S.fts [TYPE] DARK [EXPTIME] 180.0
21/60 Dark-20220509@203956-030S.fts [TYPE] DARK [EXPTIME] 30.0
22/60 Dark-20220509@204033-060S.fts [TYPE] DARK [EXPTIME] 60.0
23/60 Dark-20220509@204141-090S.fts [TYPE] DARK [EXPTIME] 90.0
24/60 Dark-20220509@204318-120S.fts [TYPE] DARK [EXPTIME] 120.0
25/60 Dark-20220509@204526-180S.fts [TYPE] DARK [EXPTIME] 180.0
26/60 Dark-20220509@204834-030S.fts [TYPE] DARK [EXPTIME] 30.0
27/60 Dark-20220509@204912-060S.fts [TYPE] DARK [EXPTIME] 60.0
28/60 Dark-20220509@205019-090S.fts [TYPE] DARK [EXPTIME] 90.0
29/60 Dark-20220509@205157-120S.fts [TYPE] DARK [EXPTIME] 120.0
30/60 Dark-20220509@205404-180S.fts [TYPE] DARK [EXPTIME] 180.0
31/60 Dark-20220509@205712-030S.fts [TYPE] DARK [EXPTIME] 30.0
32/60 Dark-20220509@205749-060S.fts [TYPE] DARK [EXPTIME] 60.0
33/60 Dark-20220509@205857-090S.fts [TYPE] DARK [EXPTIME] 90.0
34/60 Dark-20220509@210035-120S.fts [TYPE] DARK [EXPTIME] 120.0
35/60 Dark-20220509@210243-180S.fts [TYPE] DARK [EXPTIME] 180.0
36/60 Dark-20220509@210551-030S.fts [TYPE] DARK [EXPTIME] 30.0
37/60 Dark-20220509@210629-060S.fts [TYPE] DARK [EXPTIME] 60.0
38/60 Dark-20220509@210737-090S.fts [TYPE] DARK [EXPTIME] 90.0
39/60 Dark-20220509@210914-120S.fts [TYPE] DARK [EXPTIME] 120.0
40/60 Dark-20220509@211122-180S.fts [TYPE] DARK [EXPTIME] 180.0
41/60 Dark-20220509@211430-030S.fts [TYPE] DARK [EXPTIME] 30.0
42/60 Dark-20220509@211507-060S.fts [TYPE] DARK [EXPTIME] 60.0
43/60 Dark-20220509@211614-090S.fts [TYPE] DARK [EXPTIME] 90.0
44/60 Dark-20220509@211752-120S.fts [TYPE] DARK [EXPTIME] 120.0
45/60 Dark-20220509@211959-180S.fts [TYPE] DARK [EXPTIME] 180.0
46/60 Dark-20220509@212307-030S.fts [TYPE] DARK [EXPTIME] 30.0
47/60 Dark-20220509@212344-060S.fts [TYPE] DARK [EXPTIME] 60.0
48/60 Dark-20220509@212452-090S.fts [TYPE] DARK [EXPTIME] 90.0
49/60 Dark-20220509@212629-120S.fts [TYPE] DARK [EXPTIME] 120.0
50/60 Dark-20220509@212837-180S.fts [TYPE] DARK [EXPTIME] 180.0
51/60 Dark-20220509@213145-030S.fts [TYPE] DARK [EXPTIME] 30.0
52/60 Dark-20220509@213222-060S.fts [TYPE] DARK [EXPTIME] 60.0
53/60 Dark-20220509@213329-090S.fts [TYPE] DARK [EXPTIME] 90.0
54/60 Dark-20220509@213507-120S.fts [TYPE] DARK [EXPTIME] 120.0
55/60 Dark-20220509@213714-180S.fts [TYPE] DARK [EXPTIME] 180.0
56/60 Dark-20220509@214021-030S.fts [TYPE] DARK [EXPTIME] 30.0
57/60 Dark-20220509@214059-060S.fts [TYPE] DARK [EXPTIME] 60.0
58/60 Dark-20220509@214207-090S.fts [TYPE] DARK [EXPTIME] 90.0
59/60 Dark-20220509@214345-120S.fts [TYPE] DARK [EXPTIME] 120.0
60/60 Dark-20220509@214552-180S.fts [TYPE] DARK [EXPTIME] 180.0
 ---------------------------
 Exame Fits Header for Flat
 ---------------------------
find ./LOT20220509_2MASS_J15242475+2925318/ | grep flat/ | grep -E 'fits|fts'|sort -t'-' -k2.4,2.6 
found 0 Flat
no files in ./flat/
 ---------------------------
 Exame Fits Header for Additional Dark for Flat
 ---------------------------
find ./LOT20220509_2MASS_J15242475+2925318/ | grep flat/ |grep dark| grep -E 'fits|fts'|sort -t'-' -k2.4,2.6 
found 0 Additional Dark for Flat
no additional dark for flat in ./flat/
 ---------------------------
 Modify filename for Science Target
 ---------------------------
... update header ...
1/49 2MASS_J15242475+2925318-20220509@191208-Eden.fts [TYPE] LIGHT [OBJ] 2MASS_J15242475+2925318 [RA] 15 24 24.7592 [Dec] +29 25 31.5445 [FIL] GG495 [EXPTIME] 60.0 [Date] 2022-05-09T19:12:08 [Time] 19:12:08
2/49 2MASS_J15242475+2925318-20220509@191432-Eden.fts [TYPE] LIGHT [OBJ] 2MASS_J15242475+2925318 [RA] 15 24 24.7592 [Dec] +29 25 31.5445 [FIL] GG495 [EXPTIME] 60.0 [Date] 2022-05-09T19:14:32 [Time] 19:14:32
3/49 2MASS_J15242475+2925318-20220509@191550-Eden.fts [TYPE] LIGHT [OBJ] 2MASS_J15242475+2925318 [RA] 15 24 24.7592 [Dec] +29 25 31.5445 [FIL] GG495 [EXPTIME] 60.0 [Date] 2022-05-09T19:15:50 [Time] 19:15:50
4/49 2MASS_J15242475+2925318-20220509@191710-Eden.fts [TYPE] LIGHT [OBJ] 2MASS_J15242475+2925318 [RA] 15 24 24.7592 [Dec] +29 25 31.5445 [FIL] GG495 [EXPTIME] 60.0 [Date] 2022-05-09T19:17:10 [Time] 19:17:10
5/49 2MASS_J15242475+2925318-20220509@191828-Eden.fts [TYPE] LIGHT [OBJ] 2MASS_J15242475+2925318 [RA] 15 24 24.7592 [Dec] +29 25 31.5445 [FIL] GG495 [EXPTIME] 60.0 [Date] 2022-05-09T19:18:28 [Time] 19:18:28
6/49 2MASS_J15242475+2925318-20220509@191947-Eden.fts [TYPE] LIGHT [OBJ] 2MASS_J15242475+2925318 [RA] 15 24 24.7592 [Dec] +29 25 31.5445 [FIL] GG495 [EXPTIME] 60.0 [Date] 2022-05-09T19:19:47 [Time] 19:19:47
7/49 2MASS_J15242475+2925318-20220509@192106-Eden.fts [TYPE] LIGHT [OBJ] 2MASS_J15242475+2925318 [RA] 15 24 24.7592 [Dec] +29 25 31.5445 [FIL] GG495 [EXPTIME] 60.0 [Date] 2022-05-09T19:21:06 [Time] 19:21:06
8/49 2MASS_J15242475+2925318-20220509@192224-Eden.fts [TYPE] LIGHT [OBJ] 2MASS_J15242475+2925318 [RA] 15 24 24.7592 [Dec] +29 25 31.5445 [FIL] GG495 [EXPTIME] 60.0 [Date] 2022-05-09T19:22:24 [Time] 19:22:24
9/49 2MASS_J15242475+2925318-20220509@192343-Eden.fts [TYPE] LIGHT [OBJ] 2MASS_J15242475+2925318 [RA] 15 24 24.7592 [Dec] +29 25 31.5445 [FIL] GG495 [EXPTIME] 60.0 [Date] 2022-05-09T19:23:43 [Time] 19:23:43
10/49 2MASS_J15242475+2925318-20220509@192501-Eden.fts [TYPE] LIGHT [OBJ] 2MASS_J15242475+2925318 [RA] 15 24 24.7592 [Dec] +29 25 31.5445 [FIL] GG495 [EXPTIME] 60.0 [Date] 2022-05-09T19:25:01 [Time] 19:25:01
11/49 2MASS_J15242475+2925318-20220509@192622-Eden.fts [TYPE] LIGHT [OBJ] 2MASS_J15242475+2925318 [RA] 15 24 24.7592 [Dec] +29 25 31.5445 [FIL] GG495 [EXPTIME] 60.0 [Date] 2022-05-09T19:26:22 [Time] 19:26:22
12/49 2MASS_J15242475+2925318-20220509@192741-Eden.fts [TYPE] LIGHT [OBJ] 2MASS_J15242475+2925318 [RA] 15 24 24.7592 [Dec] +29 25 31.5445 [FIL] GG495 [EXPTIME] 60.0 [Date] 2022-05-09T19:27:41 [Time] 19:27:41
13/49 2MASS_J15242475+2925318-20220509@192900-Eden.fts [TYPE] LIGHT [OBJ] 2MASS_J15242475+2925318 [RA] 15 24 24.7592 [Dec] +29 25 31.5445 [FIL] GG495 [EXPTIME] 60.0 [Date] 2022-05-09T19:29:00 [Time] 19:29:00
14/49 2MASS_J15242475+2925318-20220509@193017-Eden.fts [TYPE] LIGHT [OBJ] 2MASS_J15242475+2925318 [RA] 15 24 24.7592 [Dec] +29 25 31.5445 [FIL] GG495 [EXPTIME] 60.0 [Date] 2022-05-09T19:30:17 [Time] 19:30:17
15/49 2MASS_J15242475+2925318-20220509@193134-Eden.fts [TYPE] LIGHT [OBJ] 2MASS_J15242475+2925318 [RA] 15 24 24.7592 [Dec] +29 25 31.5445 [FIL] GG495 [EXPTIME] 60.0 [Date] 2022-05-09T19:31:34 [Time] 19:31:34
16/49 2MASS_J15242475+2925318-20220509@193251-Eden.fts [TYPE] LIGHT [OBJ] 2MASS_J15242475+2925318 [RA] 15 24 24.7592 [Dec] +29 25 31.5445 [FIL] GG495 [EXPTIME] 60.0 [Date] 2022-05-09T19:32:51 [Time] 19:32:51
17/49 2MASS_J15242475+2925318-20220509@193409-Eden.fts [TYPE] LIGHT [OBJ] 2MASS_J15242475+2925318 [RA] 15 24 24.7592 [Dec] +29 25 31.5445 [FIL] GG495 [EXPTIME] 60.0 [Date] 2022-05-09T19:34:09 [Time] 19:34:09
18/49 2MASS_J15242475+2925318-20220509@193526-Eden.fts [TYPE] LIGHT [OBJ] 2MASS_J15242475+2925318 [RA] 15 24 24.7592 [Dec] +29 25 31.5445 [FIL] GG495 [EXPTIME] 60.0 [Date] 2022-05-09T19:35:26 [Time] 19:35:26
19/49 2MASS_J15242475+2925318-20220509@193644-Eden.fts [TYPE] LIGHT [OBJ] 2MASS_J15242475+2925318 [RA] 15 24 24.7592 [Dec] +29 25 31.5445 [FIL] GG495 [EXPTIME] 60.0 [Date] 2022-05-09T19:36:44 [Time] 19:36:44
20/49 2MASS_J15242475+2925318-20220509@193801-Eden.fts [TYPE] LIGHT [OBJ] 2MASS_J15242475+2925318 [RA] 15 24 24.7592 [Dec] +29 25 31.5445 [FIL] GG495 [EXPTIME] 60.0 [Date] 2022-05-09T19:38:01 [Time] 19:38:01
21/49 2MASS_J15242475+2925318-20220509@193919-Eden.fts [TYPE] LIGHT [OBJ] 2MASS_J15242475+2925318 [RA] 15 24 24.7592 [Dec] +29 25 31.5445 [FIL] GG495 [EXPTIME] 60.0 [Date] 2022-05-09T19:39:19 [Time] 19:39:19
22/49 2MASS_J15242475+2925318-20220509@194038-Eden.fts [TYPE] LIGHT [OBJ] 2MASS_J15242475+2925318 [RA] 15 24 24.7592 [Dec] +29 25 31.5445 [FIL] GG495 [EXPTIME] 60.0 [Date] 2022-05-09T19:40:38 [Time] 19:40:38
23/49 2MASS_J15242475+2925318-20220509@194155-Eden.fts [TYPE] LIGHT [OBJ] 2MASS_J15242475+2925318 [RA] 15 24 24.7592 [Dec] +29 25 31.5445 [FIL] GG495 [EXPTIME] 60.0 [Date] 2022-05-09T19:41:55 [Time] 19:41:55
24/49 2MASS_J15242475+2925318-20220509@194313-Eden.fts [TYPE] LIGHT [OBJ] 2MASS_J15242475+2925318 [RA] 15 24 24.7592 [Dec] +29 25 31.5445 [FIL] GG495 [EXPTIME] 60.0 [Date] 2022-05-09T19:43:13 [Time] 19:43:13
25/49 2MASS_J15242475+2925318-20220509@194430-Eden.fts [TYPE] LIGHT [OBJ] 2MASS_J15242475+2925318 [RA] 15 24 24.7592 [Dec] +29 25 31.5445 [FIL] GG495 [EXPTIME] 60.0 [Date] 2022-05-09T19:44:30 [Time] 19:44:30
26/49 2MASS_J15242475+2925318-20220509@194547-Eden.fts [TYPE] LIGHT [OBJ] 2MASS_J15242475+2925318 [RA] 15 24 24.7592 [Dec] +29 25 31.5445 [FIL] GG495 [EXPTIME] 60.0 [Date] 2022-05-09T19:45:47 [Time] 19:45:47
27/49 2MASS_J15242475+2925318-20220509@194704-Eden.fts [TYPE] LIGHT [OBJ] 2MASS_J15242475+2925318 [RA] 15 24 24.7592 [Dec] +29 25 31.5445 [FIL] GG495 [EXPTIME] 60.0 [Date] 2022-05-09T19:47:04 [Time] 19:47:04
28/49 2MASS_J15242475+2925318-20220509@194822-Eden.fts [TYPE] LIGHT [OBJ] 2MASS_J15242475+2925318 [RA] 15 24 24.7592 [Dec] +29 25 31.5445 [FIL] GG495 [EXPTIME] 60.0 [Date] 2022-05-09T19:48:22 [Time] 19:48:22
29/49 2MASS_J15242475+2925318-20220509@194940-Eden.fts [TYPE] LIGHT [OBJ] 2MASS_J15242475+2925318 [RA] 15 24 24.7592 [Dec] +29 25 31.5445 [FIL] GG495 [EXPTIME] 60.0 [Date] 2022-05-09T19:49:40 [Time] 19:49:40
30/49 2MASS_J15242475+2925318-20220509@195056-Eden.fts [TYPE] LIGHT [OBJ] 2MASS_J15242475+2925318 [RA] 15 24 24.7592 [Dec] +29 25 31.5445 [FIL] GG495 [EXPTIME] 60.0 [Date] 2022-05-09T19:50:56 [Time] 19:50:56
31/49 2MASS_J15242475+2925318-20220509@195212-Eden.fts [TYPE] LIGHT [OBJ] 2MASS_J15242475+2925318 [RA] 15 24 24.7592 [Dec] +29 25 31.5445 [FIL] GG495 [EXPTIME] 60.0 [Date] 2022-05-09T19:52:12 [Time] 19:52:12
32/49 2MASS_J15242475+2925318-20220509@195330-Eden.fts [TYPE] LIGHT [OBJ] 2MASS_J15242475+2925318 [RA] 15 24 24.7592 [Dec] +29 25 31.5445 [FIL] GG495 [EXPTIME] 60.0 [Date] 2022-05-09T19:53:30 [Time] 19:53:30
33/49 2MASS_J15242475+2925318-20220509@195447-Eden.fts [TYPE] LIGHT [OBJ] 2MASS_J15242475+2925318 [RA] 15 24 24.7592 [Dec] +29 25 31.5445 [FIL] GG495 [EXPTIME] 60.0 [Date] 2022-05-09T19:54:47 [Time] 19:54:47
34/49 2MASS_J15242475+2925318-20220509@195604-Eden.fts [TYPE] LIGHT [OBJ] 2MASS_J15242475+2925318 [RA] 15 24 24.7592 [Dec] +29 25 31.5445 [FIL] GG495 [EXPTIME] 60.0 [Date] 2022-05-09T19:56:04 [Time] 19:56:04
35/49 2MASS_J15242475+2925318-20220509@195722-Eden.fts [TYPE] LIGHT [OBJ] 2MASS_J15242475+2925318 [RA] 15 24 24.7592 [Dec] +29 25 31.5445 [FIL] GG495 [EXPTIME] 60.0 [Date] 2022-05-09T19:57:22 [Time] 19:57:22
36/49 2MASS_J15242475+2925318-20220509@195838-Eden.fts [TYPE] LIGHT [OBJ] 2MASS_J15242475+2925318 [RA] 15 24 24.7592 [Dec] +29 25 31.5445 [FIL] GG495 [EXPTIME] 60.0 [Date] 2022-05-09T19:58:38 [Time] 19:58:38
37/49 2MASS_J15242475+2925318-20220509@195955-Eden.fts [TYPE] LIGHT [OBJ] 2MASS_J15242475+2925318 [RA] 15 24 24.7592 [Dec] +29 25 31.5445 [FIL] GG495 [EXPTIME] 60.0 [Date] 2022-05-09T19:59:55 [Time] 19:59:55
38/49 2MASS_J15242475+2925318-20220509@200112-Eden.fts [TYPE] LIGHT [OBJ] 2MASS_J15242475+2925318 [RA] 15 24 24.7592 [Dec] +29 25 31.5445 [FIL] GG495 [EXPTIME] 60.0 [Date] 2022-05-09T20:01:12 [Time] 20:01:12
39/49 2MASS_J15242475+2925318-20220509@200229-Eden.fts [TYPE] LIGHT [OBJ] 2MASS_J15242475+2925318 [RA] 15 24 24.7592 [Dec] +29 25 31.5445 [FIL] GG495 [EXPTIME] 60.0 [Date] 2022-05-09T20:02:29 [Time] 20:02:29
40/49 2MASS_J15242475+2925318-20220509@200347-Eden.fts [TYPE] LIGHT [OBJ] 2MASS_J15242475+2925318 [RA] 15 24 24.7592 [Dec] +29 25 31.5445 [FIL] GG495 [EXPTIME] 60.0 [Date] 2022-05-09T20:03:47 [Time] 20:03:47
41/49 2MASS_J15242475+2925318-20220509@200504-Eden.fts [TYPE] LIGHT [OBJ] 2MASS_J15242475+2925318 [RA] 15 24 24.7592 [Dec] +29 25 31.5445 [FIL] GG495 [EXPTIME] 60.0 [Date] 2022-05-09T20:05:04 [Time] 20:05:04
42/49 2MASS_J15242475+2925318-20220509@200623-Eden.fts [TYPE] LIGHT [OBJ] 2MASS_J15242475+2925318 [RA] 15 24 24.7592 [Dec] +29 25 31.5445 [FIL] GG495 [EXPTIME] 60.0 [Date] 2022-05-09T20:06:23 [Time] 20:06:23
43/49 2MASS_J15242475+2925318-20220509@200740-Eden.fts [TYPE] LIGHT [OBJ] 2MASS_J15242475+2925318 [RA] 15 24 24.7592 [Dec] +29 25 31.5445 [FIL] GG495 [EXPTIME] 60.0 [Date] 2022-05-09T20:07:40 [Time] 20:07:40
44/49 2MASS_J15242475+2925318-20220509@200858-Eden.fts [TYPE] LIGHT [OBJ] 2MASS_J15242475+2925318 [RA] 15 24 24.7592 [Dec] +29 25 31.5445 [FIL] GG495 [EXPTIME] 60.0 [Date] 2022-05-09T20:08:58 [Time] 20:08:58
45/49 2MASS_J15242475+2925318-20220509@201016-Eden.fts [TYPE] LIGHT [OBJ] 2MASS_J15242475+2925318 [RA] 15 24 24.7592 [Dec] +29 25 31.5445 [FIL] GG495 [EXPTIME] 60.0 [Date] 2022-05-09T20:10:16 [Time] 20:10:16
46/49 2MASS_J15242475+2925318-20220509@201134-Eden.fts [TYPE] LIGHT [OBJ] 2MASS_J15242475+2925318 [RA] 15 24 24.7592 [Dec] +29 25 31.5445 [FIL] GG495 [EXPTIME] 60.0 [Date] 2022-05-09T20:11:34 [Time] 20:11:34
47/49 2MASS_J15242475+2925318-20220509@201250-Eden.fts [TYPE] LIGHT [OBJ] 2MASS_J15242475+2925318 [RA] 15 24 24.7592 [Dec] +29 25 31.5445 [FIL] GG495 [EXPTIME] 60.0 [Date] 2022-05-09T20:12:50 [Time] 20:12:50
48/49 2MASS_J15242475+2925318-20220509@201408-Eden.fts [TYPE] LIGHT [OBJ] 2MASS_J15242475+2925318 [RA] 15 24 24.7592 [Dec] +29 25 31.5445 [FIL] GG495 [EXPTIME] 60.0 [Date] 2022-05-09T20:14:08 [Time] 20:14:08
49/49 2MASS_J15242475+2925318-20220509@201524-Eden.fts [TYPE] LIGHT [OBJ] 2MASS_J15242475+2925318 [RA] 15 24 24.7592 [Dec] +29 25 31.5445 [FIL] GG495 [EXPTIME] 60.0 [Date] 2022-05-09T20:15:24 [Time] 20:15:24
... write log file to LOT20220509_2MASS_J15242475+2925318_mod.log ...
... finish ...
