-----------------
input parameters
-----------------
['modify_header_name_eden.py', 'LOT20210107_LSPM_J0903+0540', '25']
Your will modify header for: LSPM_J0903+0540 [RA] 09 03 20.9815 [Dec] +05 40 14.7828 [Filter] GG495
---------------
folder: LOT20210107_LSPM_J0903+0540
will update fits in: LOT20210107_LSPM_J0903+0540_mod
 ---------------------------
 Exame Fits Header for Bias
 ---------------------------
find ./LOT20210107_LSPM_J0903+0540/bias-dark/ | grep 'fits\|fts'|sort 
found 0 Bias/Dark
no files in ./bias-dark/
 ---------------------------
 Exame Fits Header for Flat
 ---------------------------
find ./LOT20210107_LSPM_J0903+0540/ | grep flat/ | grep -E 'fits|fts'|sort -t'-' -k2.4,2.6 
found 0 Flat
no files in ./flat/
 ---------------------------
 Exame Fits Header for Additional Dark for Flat
 ---------------------------
find ./LOT20210107_LSPM_J0903+0540/ | grep flat/ |grep dark| grep -E 'fits|fts'|sort -t'-' -k2.4,2.6 
found 0 Additional Dark for Flat
no additional dark for flat in ./flat/
 ---------------------------
 Modify filename for Science Target
 ---------------------------
... update header ...
1/49 LSPM_J0903+0540-20210107@134034-Eden.fts [TYPE] LIGHT [OBJ] LSPM_J0903+0540 [RA] 09 03 20.9815 [Dec] +05 40 14.7828 [FIL] GG495 [EXPTIME] 60.0 [Date] 2021-01-07T13:40:34 [Time] 13:40:34
2/49 LSPM_J0903+0540-20210107@134150-Eden.fts [TYPE] LIGHT [OBJ] LSPM_J0903+0540 [RA] 09 03 20.9815 [Dec] +05 40 14.7828 [FIL] GG495 [EXPTIME] 60.0 [Date] 2021-01-07T13:41:50 [Time] 13:41:50
3/49 LSPM_J0903+0540-20210107@134307-Eden.fts [TYPE] LIGHT [OBJ] LSPM_J0903+0540 [RA] 09 03 20.9815 [Dec] +05 40 14.7828 [FIL] GG495 [EXPTIME] 60.0 [Date] 2021-01-07T13:43:07 [Time] 13:43:07
4/49 LSPM_J0903+0540-20210107@134423-Eden.fts [TYPE] LIGHT [OBJ] LSPM_J0903+0540 [RA] 09 03 20.9815 [Dec] +05 40 14.7828 [FIL] GG495 [EXPTIME] 60.0 [Date] 2021-01-07T13:44:23 [Time] 13:44:23
5/49 LSPM_J0903+0540-20210107@134539-Eden.fts [TYPE] LIGHT [OBJ] LSPM_J0903+0540 [RA] 09 03 20.9815 [Dec] +05 40 14.7828 [FIL] GG495 [EXPTIME] 60.0 [Date] 2021-01-07T13:45:39 [Time] 13:45:39
6/49 LSPM_J0903+0540-20210107@134654-Eden.fts [TYPE] LIGHT [OBJ] LSPM_J0903+0540 [RA] 09 03 20.9815 [Dec] +05 40 14.7828 [FIL] GG495 [EXPTIME] 60.0 [Date] 2021-01-07T13:46:54 [Time] 13:46:54
7/49 LSPM_J0903+0540-20210107@134811-Eden.fts [TYPE] LIGHT [OBJ] LSPM_J0903+0540 [RA] 09 03 20.9815 [Dec] +05 40 14.7828 [FIL] GG495 [EXPTIME] 60.0 [Date] 2021-01-07T13:48:11 [Time] 13:48:11
8/49 LSPM_J0903+0540-20210107@134927-Eden.fts [TYPE] LIGHT [OBJ] LSPM_J0903+0540 [RA] 09 03 20.9815 [Dec] +05 40 14.7828 [FIL] GG495 [EXPTIME] 60.0 [Date] 2021-01-07T13:49:27 [Time] 13:49:27
9/49 LSPM_J0903+0540-20210107@135043-Eden.fts [TYPE] LIGHT [OBJ] LSPM_J0903+0540 [RA] 09 03 20.9815 [Dec] +05 40 14.7828 [FIL] GG495 [EXPTIME] 60.0 [Date] 2021-01-07T13:50:43 [Time] 13:50:43
10/49 LSPM_J0903+0540-20210107@135157-Eden.fts [TYPE] LIGHT [OBJ] LSPM_J0903+0540 [RA] 09 03 20.9815 [Dec] +05 40 14.7828 [FIL] GG495 [EXPTIME] 60.0 [Date] 2021-01-07T13:51:57 [Time] 13:51:57
11/49 LSPM_J0903+0540-20210107@135312-Eden.fts [TYPE] LIGHT [OBJ] LSPM_J0903+0540 [RA] 09 03 20.9815 [Dec] +05 40 14.7828 [FIL] GG495 [EXPTIME] 60.0 [Date] 2021-01-07T13:53:12 [Time] 13:53:12
12/49 LSPM_J0903+0540-20210107@135429-Eden.fts [TYPE] LIGHT [OBJ] LSPM_J0903+0540 [RA] 09 03 20.9815 [Dec] +05 40 14.7828 [FIL] GG495 [EXPTIME] 60.0 [Date] 2021-01-07T13:54:29 [Time] 13:54:29
13/49 LSPM_J0903+0540-20210107@135543-Eden.fts [TYPE] LIGHT [OBJ] LSPM_J0903+0540 [RA] 09 03 20.9815 [Dec] +05 40 14.7828 [FIL] GG495 [EXPTIME] 60.0 [Date] 2021-01-07T13:55:43 [Time] 13:55:43
14/49 LSPM_J0903+0540-20210107@135658-Eden.fts [TYPE] LIGHT [OBJ] LSPM_J0903+0540 [RA] 09 03 20.9815 [Dec] +05 40 14.7828 [FIL] GG495 [EXPTIME] 60.0 [Date] 2021-01-07T13:56:58 [Time] 13:56:58
15/49 LSPM_J0903+0540-20210107@135813-Eden.fts [TYPE] LIGHT [OBJ] LSPM_J0903+0540 [RA] 09 03 20.9815 [Dec] +05 40 14.7828 [FIL] GG495 [EXPTIME] 60.0 [Date] 2021-01-07T13:58:13 [Time] 13:58:13
16/49 LSPM_J0903+0540-20210107@142148-Eden.fts [TYPE] LIGHT [OBJ] LSPM_J0903+0540 [RA] 09 03 20.9815 [Dec] +05 40 14.7828 [FIL] GG495 [EXPTIME] 60.0 [Date] 2021-01-07T14:21:48 [Time] 14:21:48
17/49 LSPM_J0903+0540-20210107@142301-Eden.fts [TYPE] LIGHT [OBJ] LSPM_J0903+0540 [RA] 09 03 20.9815 [Dec] +05 40 14.7828 [FIL] GG495 [EXPTIME] 60.0 [Date] 2021-01-07T14:23:01 [Time] 14:23:01
18/49 LSPM_J0903+0540-20210107@142417-Eden.fts [TYPE] LIGHT [OBJ] LSPM_J0903+0540 [RA] 09 03 20.9815 [Dec] +05 40 14.7828 [FIL] GG495 [EXPTIME] 60.0 [Date] 2021-01-07T14:24:17 [Time] 14:24:17
19/49 LSPM_J0903+0540-20210107@142531-Eden.fts [TYPE] LIGHT [OBJ] LSPM_J0903+0540 [RA] 09 03 20.9815 [Dec] +05 40 14.7828 [FIL] GG495 [EXPTIME] 60.0 [Date] 2021-01-07T14:25:31 [Time] 14:25:31
20/49 LSPM_J0903+0540-20210107@142645-Eden.fts [TYPE] LIGHT [OBJ] LSPM_J0903+0540 [RA] 09 03 20.9815 [Dec] +05 40 14.7828 [FIL] GG495 [EXPTIME] 60.0 [Date] 2021-01-07T14:26:45 [Time] 14:26:45
21/49 LSPM_J0903+0540-20210107@142759-Eden.fts [TYPE] LIGHT [OBJ] LSPM_J0903+0540 [RA] 09 03 20.9815 [Dec] +05 40 14.7828 [FIL] GG495 [EXPTIME] 60.0 [Date] 2021-01-07T14:27:59 [Time] 14:27:59
22/49 LSPM_J0903+0540-20210107@142916-Eden.fts [TYPE] LIGHT [OBJ] LSPM_J0903+0540 [RA] 09 03 20.9815 [Dec] +05 40 14.7828 [FIL] GG495 [EXPTIME] 60.0 [Date] 2021-01-07T14:29:16 [Time] 14:29:16
23/49 LSPM_J0903+0540-20210107@143032-Eden.fts [TYPE] LIGHT [OBJ] LSPM_J0903+0540 [RA] 09 03 20.9815 [Dec] +05 40 14.7828 [FIL] GG495 [EXPTIME] 60.0 [Date] 2021-01-07T14:30:32 [Time] 14:30:32
24/49 LSPM_J0903+0540-20210107@143146-Eden.fts [TYPE] LIGHT [OBJ] LSPM_J0903+0540 [RA] 09 03 20.9815 [Dec] +05 40 14.7828 [FIL] GG495 [EXPTIME] 60.0 [Date] 2021-01-07T14:31:46 [Time] 14:31:46
25/49 LSPM_J0903+0540-20210107@143302-Eden.fts [TYPE] LIGHT [OBJ] LSPM_J0903+0540 [RA] 09 03 20.9815 [Dec] +05 40 14.7828 [FIL] GG495 [EXPTIME] 60.0 [Date] 2021-01-07T14:33:02 [Time] 14:33:02
26/49 LSPM_J0903+0540-20210107@143416-Eden.fts [TYPE] LIGHT [OBJ] LSPM_J0903+0540 [RA] 09 03 20.9815 [Dec] +05 40 14.7828 [FIL] GG495 [EXPTIME] 60.0 [Date] 2021-01-07T14:34:16 [Time] 14:34:16
27/49 LSPM_J0903+0540-20210107@143533-Eden.fts [TYPE] LIGHT [OBJ] LSPM_J0903+0540 [RA] 09 03 20.9815 [Dec] +05 40 14.7828 [FIL] GG495 [EXPTIME] 60.0 [Date] 2021-01-07T14:35:33 [Time] 14:35:33
28/49 LSPM_J0903+0540-20210107@143648-Eden.fts [TYPE] LIGHT [OBJ] LSPM_J0903+0540 [RA] 09 03 20.9815 [Dec] +05 40 14.7828 [FIL] GG495 [EXPTIME] 60.0 [Date] 2021-01-07T14:36:48 [Time] 14:36:48
29/49 LSPM_J0903+0540-20210107@143802-Eden.fts [TYPE] LIGHT [OBJ] LSPM_J0903+0540 [RA] 09 03 20.9815 [Dec] +05 40 14.7828 [FIL] GG495 [EXPTIME] 60.0 [Date] 2021-01-07T14:38:02 [Time] 14:38:02
30/49 LSPM_J0903+0540-20210107@143917-Eden.fts [TYPE] LIGHT [OBJ] LSPM_J0903+0540 [RA] 09 03 20.9815 [Dec] +05 40 14.7828 [FIL] GG495 [EXPTIME] 60.0 [Date] 2021-01-07T14:39:17 [Time] 14:39:17
31/49 LSPM_J0903+0540-20210107@144032-Eden.fts [TYPE] LIGHT [OBJ] LSPM_J0903+0540 [RA] 09 03 20.9815 [Dec] +05 40 14.7828 [FIL] GG495 [EXPTIME] 60.0 [Date] 2021-01-07T14:40:32 [Time] 14:40:32
32/49 LSPM_J0903+0540-20210107@144149-Eden.fts [TYPE] LIGHT [OBJ] LSPM_J0903+0540 [RA] 09 03 20.9815 [Dec] +05 40 14.7828 [FIL] GG495 [EXPTIME] 60.0 [Date] 2021-01-07T14:41:49 [Time] 14:41:49
33/49 LSPM_J0903+0540-20210107@144304-Eden.fts [TYPE] LIGHT [OBJ] LSPM_J0903+0540 [RA] 09 03 20.9815 [Dec] +05 40 14.7828 [FIL] GG495 [EXPTIME] 60.0 [Date] 2021-01-07T14:43:04 [Time] 14:43:04
34/49 LSPM_J0903+0540-20210107@144420-Eden.fts [TYPE] LIGHT [OBJ] LSPM_J0903+0540 [RA] 09 03 20.9815 [Dec] +05 40 14.7828 [FIL] GG495 [EXPTIME] 60.0 [Date] 2021-01-07T14:44:20 [Time] 14:44:20
35/49 LSPM_J0903+0540-20210107@144535-Eden.fts [TYPE] LIGHT [OBJ] LSPM_J0903+0540 [RA] 09 03 20.9815 [Dec] +05 40 14.7828 [FIL] GG495 [EXPTIME] 60.0 [Date] 2021-01-07T14:45:35 [Time] 14:45:35
36/49 LSPM_J0903+0540-20210107@144650-Eden.fts [TYPE] LIGHT [OBJ] LSPM_J0903+0540 [RA] 09 03 20.9815 [Dec] +05 40 14.7828 [FIL] GG495 [EXPTIME] 60.0 [Date] 2021-01-07T14:46:50 [Time] 14:46:50
37/49 LSPM_J0903+0540-20210107@144805-Eden.fts [TYPE] LIGHT [OBJ] LSPM_J0903+0540 [RA] 09 03 20.9815 [Dec] +05 40 14.7828 [FIL] GG495 [EXPTIME] 60.0 [Date] 2021-01-07T14:48:05 [Time] 14:48:05
38/49 LSPM_J0903+0540-20210107@144920-Eden.fts [TYPE] LIGHT [OBJ] LSPM_J0903+0540 [RA] 09 03 20.9815 [Dec] +05 40 14.7828 [FIL] GG495 [EXPTIME] 60.0 [Date] 2021-01-07T14:49:20 [Time] 14:49:20
39/49 LSPM_J0903+0540-20210107@145037-Eden.fts [TYPE] LIGHT [OBJ] LSPM_J0903+0540 [RA] 09 03 20.9815 [Dec] +05 40 14.7828 [FIL] GG495 [EXPTIME] 60.0 [Date] 2021-01-07T14:50:37 [Time] 14:50:37
40/49 LSPM_J0903+0540-20210107@145152-Eden.fts [TYPE] LIGHT [OBJ] LSPM_J0903+0540 [RA] 09 03 20.9815 [Dec] +05 40 14.7828 [FIL] GG495 [EXPTIME] 60.0 [Date] 2021-01-07T14:51:52 [Time] 14:51:52
41/49 LSPM_J0903+0540-20210107@145306-Eden.fts [TYPE] LIGHT [OBJ] LSPM_J0903+0540 [RA] 09 03 20.9815 [Dec] +05 40 14.7828 [FIL] GG495 [EXPTIME] 60.0 [Date] 2021-01-07T14:53:06 [Time] 14:53:06
42/49 LSPM_J0903+0540-20210107@145421-Eden.fts [TYPE] LIGHT [OBJ] LSPM_J0903+0540 [RA] 09 03 20.9815 [Dec] +05 40 14.7828 [FIL] GG495 [EXPTIME] 60.0 [Date] 2021-01-07T14:54:21 [Time] 14:54:21
43/49 LSPM_J0903+0540-20210107@145535-Eden.fts [TYPE] LIGHT [OBJ] LSPM_J0903+0540 [RA] 09 03 20.9815 [Dec] +05 40 14.7828 [FIL] GG495 [EXPTIME] 60.0 [Date] 2021-01-07T14:55:35 [Time] 14:55:35
44/49 LSPM_J0903+0540-20210107@145651-Eden.fts [TYPE] LIGHT [OBJ] LSPM_J0903+0540 [RA] 09 03 20.9815 [Dec] +05 40 14.7828 [FIL] GG495 [EXPTIME] 60.0 [Date] 2021-01-07T14:56:51 [Time] 14:56:51
45/49 LSPM_J0903+0540-20210107@145805-Eden.fts [TYPE] LIGHT [OBJ] LSPM_J0903+0540 [RA] 09 03 20.9815 [Dec] +05 40 14.7828 [FIL] GG495 [EXPTIME] 60.0 [Date] 2021-01-07T14:58:05 [Time] 14:58:05
46/49 LSPM_J0903+0540-20210107@145922-Eden.fts [TYPE] LIGHT [OBJ] LSPM_J0903+0540 [RA] 09 03 20.9815 [Dec] +05 40 14.7828 [FIL] GG495 [EXPTIME] 60.0 [Date] 2021-01-07T14:59:22 [Time] 14:59:22
47/49 LSPM_J0903+0540-20210107@150036-Eden.fts [TYPE] LIGHT [OBJ] LSPM_J0903+0540 [RA] 09 03 20.9815 [Dec] +05 40 14.7828 [FIL] GG495 [EXPTIME] 60.0 [Date] 2021-01-07T15:00:36 [Time] 15:00:36
48/49 LSPM_J0903+0540-20210107@150151-Eden.fts [TYPE] LIGHT [OBJ] LSPM_J0903+0540 [RA] 09 03 20.9815 [Dec] +05 40 14.7828 [FIL] GG495 [EXPTIME] 60.0 [Date] 2021-01-07T15:01:51 [Time] 15:01:51
49/49 LSPM_J0903+0540-20210107@150306-Eden.fts [TYPE] LIGHT [OBJ] LSPM_J0903+0540 [RA] 09 03 20.9815 [Dec] +05 40 14.7828 [FIL] GG495 [EXPTIME] 60.0 [Date] 2021-01-07T15:03:06 [Time] 15:03:06
... write log file to LOT20210107_LSPM_J0903+0540_mod.log ...
... finish ...
