-----------------
input parameters
-----------------
['modify_header_name_eden.py', 'LOT20210218_2MUCD20596', '26']
Your will modify header for: 2MUCD20596 [RA] 15 01 08.1871 [Dec] +22 50 02.1204 [Filter] GG495
---------------
folder: LOT20210218_2MUCD20596
will update fits in: LOT20210218_2MUCD20596_mod
 ---------------------------
 Exame Fits Header for Bias
 ---------------------------
find ./LOT20210218_2MUCD20596/bias-dark/ | grep 'fits\|fts'|sort 
found 40 Bias/Dark
1/40 20210218-001bias.fits [TYPE] BIAS [EXPTIME] 0.0
2/40 20210218-001d120s.fits [TYPE] DARK [EXPTIME] 120.0
3/40 20210218-001d60s.fits [TYPE] DARK [EXPTIME] 60.0
4/40 20210218-001d90s.fits [TYPE] DARK [EXPTIME] 90.0
5/40 20210218-002bias.fits [TYPE] BIAS [EXPTIME] 0.0
6/40 20210218-002d120s.fits [TYPE] DARK [EXPTIME] 120.0
7/40 20210218-002d60s.fits [TYPE] DARK [EXPTIME] 60.0
8/40 20210218-002d90s.fits [TYPE] DARK [EXPTIME] 90.0
9/40 20210218-003bias.fits [TYPE] BIAS [EXPTIME] 0.0
10/40 20210218-003d120s.fits [TYPE] DARK [EXPTIME] 120.0
11/40 20210218-003d60s.fits [TYPE] DARK [EXPTIME] 60.0
12/40 20210218-003d90s.fits [TYPE] DARK [EXPTIME] 90.0
13/40 20210218-004bias.fits [TYPE] BIAS [EXPTIME] 0.0
14/40 20210218-004d120s.fits [TYPE] DARK [EXPTIME] 120.0
15/40 20210218-004d60s.fits [TYPE] DARK [EXPTIME] 60.0
16/40 20210218-004d90s.fits [TYPE] DARK [EXPTIME] 90.0
17/40 20210218-005bias.fits [TYPE] BIAS [EXPTIME] 0.0
18/40 20210218-005d120s.fits [TYPE] DARK [EXPTIME] 120.0
19/40 20210218-005d60s.fits [TYPE] DARK [EXPTIME] 60.0
20/40 20210218-005d90s.fits [TYPE] DARK [EXPTIME] 90.0
21/40 20210218-006bias.fits [TYPE] BIAS [EXPTIME] 0.0
22/40 20210218-006d120s.fits [TYPE] DARK [EXPTIME] 120.0
23/40 20210218-006d60s.fits [TYPE] DARK [EXPTIME] 60.0
24/40 20210218-006d90s.fits [TYPE] DARK [EXPTIME] 90.0
25/40 20210218-007bias.fits [TYPE] BIAS [EXPTIME] 0.0
26/40 20210218-007d120s.fits [TYPE] DARK [EXPTIME] 120.0
27/40 20210218-007d60s.fits [TYPE] DARK [EXPTIME] 60.0
28/40 20210218-007d90s.fits [TYPE] DARK [EXPTIME] 90.0
29/40 20210218-008bias.fits [TYPE] BIAS [EXPTIME] 0.0
30/40 20210218-008d120s.fits [TYPE] DARK [EXPTIME] 120.0
31/40 20210218-008d60s.fits [TYPE] DARK [EXPTIME] 60.0
32/40 20210218-008d90s.fits [TYPE] DARK [EXPTIME] 90.0
33/40 20210218-009bias.fits [TYPE] BIAS [EXPTIME] 0.0
34/40 20210218-009d120s.fits [TYPE] DARK [EXPTIME] 120.0
35/40 20210218-009d60s.fits [TYPE] DARK [EXPTIME] 60.0
36/40 20210218-009d90s.fits [TYPE] DARK [EXPTIME] 90.0
37/40 20210218-010bias.fits [TYPE] BIAS [EXPTIME] 0.0
38/40 20210218-010d120s.fits [TYPE] DARK [EXPTIME] 120.0
39/40 20210218-010d60s.fits [TYPE] DARK [EXPTIME] 60.0
40/40 20210218-010d90s.fits [TYPE] DARK [EXPTIME] 90.0
 ---------------------------
 Exame Fits Header for Flat
 ---------------------------
find ./LOT20210218_2MUCD20596/ | grep flat/ | grep -E 'fits|fts'|sort -t'-' -k2.4,2.6 
found 52 Flat
1/52 20210218-001b.fits [TYPE] FLAT [EXPTIME] 5.0 [FIL] B_319144
2/52 20210218-001d5s.fits [TYPE] DARK [EXPTIME] 5.0
3/52 20210218-002d5s.fits [TYPE] DARK [EXPTIME] 5.0
4/52 20210218-003d5s.fits [TYPE] DARK [EXPTIME] 5.0
5/52 20210218-004d5s.fits [TYPE] DARK [EXPTIME] 5.0
6/52 20210218-005d5s.fits [TYPE] DARK [EXPTIME] 5.0
7/52 20210218-006d5s.fits [TYPE] DARK [EXPTIME] 5.0
8/52 20210218-007d5s.fits [TYPE] DARK [EXPTIME] 5.0
9/52 20210218-008d5s.fits [TYPE] DARK [EXPTIME] 5.0
10/52 20210218-009d5s.fits [TYPE] DARK [EXPTIME] 5.0
11/52 20210218-010d5s.fits [TYPE] DARK [EXPTIME] 5.0
12/52 20210218-001eden.fits [TYPE] FLAT [EXPTIME] 5.0 [FIL] GG495
13/52 20210218-002eden.fits [TYPE] FLAT [EXPTIME] 5.0 [FIL] GG495
14/52 20210218-003eden.fits [TYPE] FLAT [EXPTIME] 5.0 [FIL] GG495
15/52 20210218-004eden.fits [TYPE] FLAT [EXPTIME] 5.0 [FIL] GG495
16/52 20210218-005eden.fits [TYPE] FLAT [EXPTIME] 5.0 [FIL] GG495
17/52 20210218-006eden.fits [TYPE] FLAT [EXPTIME] 5.0 [FIL] GG495
18/52 20210218-007eden.fits [TYPE] FLAT [EXPTIME] 5.0 [FIL] GG495
19/52 20210218-008eden.fits [TYPE] FLAT [EXPTIME] 5.0 [FIL] GG495
20/52 20210218-009eden.fits [TYPE] FLAT [EXPTIME] 5.0 [FIL] GG495
21/52 20210218-010eden.fits [TYPE] FLAT [EXPTIME] 5.0 [FIL] GG495
22/52 20210218-001gp.fits [TYPE] FLAT [EXPTIME] 5.0 [FIL] gp_Astrodon_2019
23/52 20210218-002gp.fits [TYPE] FLAT [EXPTIME] 5.0 [FIL] gp_Astrodon_2019
24/52 20210218-003gp.fits [TYPE] FLAT [EXPTIME] 5.0 [FIL] gp_Astrodon_2019
25/52 20210218-004gp.fits [TYPE] FLAT [EXPTIME] 5.0 [FIL] gp_Astrodon_2019
26/52 20210218-005gp.fits [TYPE] FLAT [EXPTIME] 5.0 [FIL] gp_Astrodon_2019
27/52 20210218-006gp.fits [TYPE] FLAT [EXPTIME] 5.0 [FIL] gp_Astrodon_2019
28/52 20210218-001ip.fits [TYPE] FLAT [EXPTIME] 5.0 [FIL] ip_Astrodon_2019
29/52 20210218-002ip.fits [TYPE] FLAT [EXPTIME] 5.0 [FIL] ip_Astrodon_2019
30/52 20210218-003ip.fits [TYPE] FLAT [EXPTIME] 5.0 [FIL] ip_Astrodon_2019
31/52 20210218-004ip.fits [TYPE] FLAT [EXPTIME] 5.0 [FIL] ip_Astrodon_2019
32/52 20210218-005ip.fits [TYPE] FLAT [EXPTIME] 5.0 [FIL] ip_Astrodon_2019
33/52 20210218-006ip.fits [TYPE] FLAT [EXPTIME] 5.0 [FIL] ip_Astrodon_2019
34/52 20210218-007ip.fits [TYPE] FLAT [EXPTIME] 5.0 [FIL] ip_Astrodon_2019
35/52 20210218-008ip.fits [TYPE] FLAT [EXPTIME] 5.0 [FIL] ip_Astrodon_2019
36/52 20210218-001rp.fits [TYPE] FLAT [EXPTIME] 5.0 [FIL] rp_Astrodon_2019
37/52 20210218-002rp.fits [TYPE] FLAT [EXPTIME] 5.0 [FIL] rp_Astrodon_2019
38/52 20210218-003rp.fits [TYPE] FLAT [EXPTIME] 5.0 [FIL] rp_Astrodon_2019
39/52 20210218-004rp.fits [TYPE] FLAT [EXPTIME] 5.0 [FIL] rp_Astrodon_2019
40/52 20210218-005rp.fits [TYPE] FLAT [EXPTIME] 5.0 [FIL] rp_Astrodon_2019
41/52 20210218-006rp.fits [TYPE] FLAT [EXPTIME] 5.0 [FIL] rp_Astrodon_2019
42/52 20210218-007rp.fits [TYPE] FLAT [EXPTIME] 5.0 [FIL] rp_Astrodon_2019
43/52 20210218-001zp.fits [TYPE] FLAT [EXPTIME] 5.0 [FIL] zp_Astrodon_2019
44/52 20210218-002zp.fits [TYPE] FLAT [EXPTIME] 5.0 [FIL] zp_Astrodon_2019
45/52 20210218-003zp.fits [TYPE] FLAT [EXPTIME] 5.0 [FIL] zp_Astrodon_2019
46/52 20210218-004zp.fits [TYPE] FLAT [EXPTIME] 5.0 [FIL] zp_Astrodon_2019
47/52 20210218-005zp.fits [TYPE] FLAT [EXPTIME] 5.0 [FIL] zp_Astrodon_2019
48/52 20210218-006zp.fits [TYPE] FLAT [EXPTIME] 5.0 [FIL] zp_Astrodon_2019
49/52 20210218-007zp.fits [TYPE] FLAT [EXPTIME] 5.0 [FIL] zp_Astrodon_2019
50/52 20210218-008zp.fits [TYPE] FLAT [EXPTIME] 5.0 [FIL] zp_Astrodon_2019
51/52 20210218-009zp.fits [TYPE] FLAT [EXPTIME] 5.0 [FIL] zp_Astrodon_2019
52/52 20210218-010zp.fits [TYPE] FLAT [EXPTIME] 5.0 [FIL] zp_Astrodon_2019
 ---------------------------
 Exame Fits Header for Additional Dark for Flat
 ---------------------------
find ./LOT20210218_2MUCD20596/ | grep flat/ |grep dark| grep -E 'fits|fts'|sort -t'-' -k2.4,2.6 
found 0 Additional Dark for Flat
no additional dark for flat in ./flat/
 ---------------------------
 Modify filename for Science Target
 ---------------------------
... update header ...
1/248 2MUCD20596-20210218@161817-Eden.fts [TYPE] LIGHT [OBJ] 2MUCD20596 [RA] 15 01 08.1871 [Dec] +22 50 02.1204 [FIL] GG495 [EXPTIME] 60.0 [Date] 2021-02-18T16:18:17 [Time] 16:18:17
2/248 2MUCD20596-20210218@161929-Eden.fts [TYPE] LIGHT [OBJ] 2MUCD20596 [RA] 15 01 08.1871 [Dec] +22 50 02.1204 [FIL] GG495 [EXPTIME] 60.0 [Date] 2021-02-18T16:19:29 [Time] 16:19:29
3/248 2MUCD20596-20210218@162039-Eden.fts [TYPE] LIGHT [OBJ] 2MUCD20596 [RA] 15 01 08.1871 [Dec] +22 50 02.1204 [FIL] GG495 [EXPTIME] 60.0 [Date] 2021-02-18T16:20:39 [Time] 16:20:39
4/248 2MUCD20596-20210218@162150-Eden.fts [TYPE] LIGHT [OBJ] 2MUCD20596 [RA] 15 01 08.1871 [Dec] +22 50 02.1204 [FIL] GG495 [EXPTIME] 60.0 [Date] 2021-02-18T16:21:50 [Time] 16:21:50
5/248 2MUCD20596-20210218@162302-Eden.fts [TYPE] LIGHT [OBJ] 2MUCD20596 [RA] 15 01 08.1871 [Dec] +22 50 02.1204 [FIL] GG495 [EXPTIME] 60.0 [Date] 2021-02-18T16:23:02 [Time] 16:23:02
6/248 2MUCD20596-20210218@162413-Eden.fts [TYPE] LIGHT [OBJ] 2MUCD20596 [RA] 15 01 08.1871 [Dec] +22 50 02.1204 [FIL] GG495 [EXPTIME] 60.0 [Date] 2021-02-18T16:24:13 [Time] 16:24:13
7/248 2MUCD20596-20210218@162547-Eden.fts [TYPE] LIGHT [OBJ] 2MUCD20596 [RA] 15 01 08.1871 [Dec] +22 50 02.1204 [FIL] GG495 [EXPTIME] 60.0 [Date] 2021-02-18T16:25:47 [Time] 16:25:47
8/248 2MUCD20596-20210218@162700-Eden.fts [TYPE] LIGHT [OBJ] 2MUCD20596 [RA] 15 01 08.1871 [Dec] +22 50 02.1204 [FIL] GG495 [EXPTIME] 60.0 [Date] 2021-02-18T16:27:00 [Time] 16:27:00
9/248 2MUCD20596-20210218@162843-Eden.fts [TYPE] LIGHT [OBJ] 2MUCD20596 [RA] 15 01 08.1871 [Dec] +22 50 02.1204 [FIL] GG495 [EXPTIME] 60.0 [Date] 2021-02-18T16:28:43 [Time] 16:28:43
10/248 2MUCD20596-20210218@162954-Eden.fts [TYPE] LIGHT [OBJ] 2MUCD20596 [RA] 15 01 08.1871 [Dec] +22 50 02.1204 [FIL] GG495 [EXPTIME] 60.0 [Date] 2021-02-18T16:29:54 [Time] 16:29:54
11/248 2MUCD20596-20210218@163107-Eden.fts [TYPE] LIGHT [OBJ] 2MUCD20596 [RA] 15 01 08.1871 [Dec] +22 50 02.1204 [FIL] GG495 [EXPTIME] 60.0 [Date] 2021-02-18T16:31:07 [Time] 16:31:07
12/248 2MUCD20596-20210218@163249-Eden.fts [TYPE] LIGHT [OBJ] 2MUCD20596 [RA] 15 01 08.1871 [Dec] +22 50 02.1204 [FIL] GG495 [EXPTIME] 60.0 [Date] 2021-02-18T16:32:49 [Time] 16:32:49
13/248 2MUCD20596-20210218@163432-Eden.fts [TYPE] LIGHT [OBJ] 2MUCD20596 [RA] 15 01 08.1871 [Dec] +22 50 02.1204 [FIL] GG495 [EXPTIME] 60.0 [Date] 2021-02-18T16:34:32 [Time] 16:34:32
14/248 2MUCD20596-20210218@163547-Eden.fts [TYPE] LIGHT [OBJ] 2MUCD20596 [RA] 15 01 08.1871 [Dec] +22 50 02.1204 [FIL] GG495 [EXPTIME] 60.0 [Date] 2021-02-18T16:35:47 [Time] 16:35:47
15/248 2MUCD20596-20210218@163659-Eden.fts [TYPE] LIGHT [OBJ] 2MUCD20596 [RA] 15 01 08.1871 [Dec] +22 50 02.1204 [FIL] GG495 [EXPTIME] 60.0 [Date] 2021-02-18T16:36:59 [Time] 16:36:59
16/248 2MUCD20596-20210218@163810-Eden.fts [TYPE] LIGHT [OBJ] 2MUCD20596 [RA] 15 01 08.1871 [Dec] +22 50 02.1204 [FIL] GG495 [EXPTIME] 60.0 [Date] 2021-02-18T16:38:10 [Time] 16:38:10
17/248 2MUCD20596-20210218@163921-Eden.fts [TYPE] LIGHT [OBJ] 2MUCD20596 [RA] 15 01 08.1871 [Dec] +22 50 02.1204 [FIL] GG495 [EXPTIME] 60.0 [Date] 2021-02-18T16:39:21 [Time] 16:39:21
18/248 2MUCD20596-20210218@164031-Eden.fts [TYPE] LIGHT [OBJ] 2MUCD20596 [RA] 15 01 08.1871 [Dec] +22 50 02.1204 [FIL] GG495 [EXPTIME] 60.0 [Date] 2021-02-18T16:40:31 [Time] 16:40:31
19/248 2MUCD20596-20210218@164142-Eden.fts [TYPE] LIGHT [OBJ] 2MUCD20596 [RA] 15 01 08.1871 [Dec] +22 50 02.1204 [FIL] GG495 [EXPTIME] 60.0 [Date] 2021-02-18T16:41:42 [Time] 16:41:42
20/248 2MUCD20596-20210218@164253-Eden.fts [TYPE] LIGHT [OBJ] 2MUCD20596 [RA] 15 01 08.1871 [Dec] +22 50 02.1204 [FIL] GG495 [EXPTIME] 60.0 [Date] 2021-02-18T16:42:53 [Time] 16:42:53
21/248 2MUCD20596-20210218@164405-Eden.fts [TYPE] LIGHT [OBJ] 2MUCD20596 [RA] 15 01 08.1871 [Dec] +22 50 02.1204 [FIL] GG495 [EXPTIME] 60.0 [Date] 2021-02-18T16:44:05 [Time] 16:44:05
22/248 2MUCD20596-20210218@164516-Eden.fts [TYPE] LIGHT [OBJ] 2MUCD20596 [RA] 15 01 08.1871 [Dec] +22 50 02.1204 [FIL] GG495 [EXPTIME] 60.0 [Date] 2021-02-18T16:45:16 [Time] 16:45:16
23/248 2MUCD20596-20210218@164626-Eden.fts [TYPE] LIGHT [OBJ] 2MUCD20596 [RA] 15 01 08.1871 [Dec] +22 50 02.1204 [FIL] GG495 [EXPTIME] 60.0 [Date] 2021-02-18T16:46:26 [Time] 16:46:26
24/248 2MUCD20596-20210218@164738-Eden.fts [TYPE] LIGHT [OBJ] 2MUCD20596 [RA] 15 01 08.1871 [Dec] +22 50 02.1204 [FIL] GG495 [EXPTIME] 60.0 [Date] 2021-02-18T16:47:38 [Time] 16:47:38
25/248 2MUCD20596-20210218@164850-Eden.fts [TYPE] LIGHT [OBJ] 2MUCD20596 [RA] 15 01 08.1871 [Dec] +22 50 02.1204 [FIL] GG495 [EXPTIME] 60.0 [Date] 2021-02-18T16:48:50 [Time] 16:48:50
26/248 2MUCD20596-20210218@165000-Eden.fts [TYPE] LIGHT [OBJ] 2MUCD20596 [RA] 15 01 08.1871 [Dec] +22 50 02.1204 [FIL] GG495 [EXPTIME] 60.0 [Date] 2021-02-18T16:50:00 [Time] 16:50:00
27/248 2MUCD20596-20210218@165111-Eden.fts [TYPE] LIGHT [OBJ] 2MUCD20596 [RA] 15 01 08.1871 [Dec] +22 50 02.1204 [FIL] GG495 [EXPTIME] 60.0 [Date] 2021-02-18T16:51:11 [Time] 16:51:11
28/248 2MUCD20596-20210218@165222-Eden.fts [TYPE] LIGHT [OBJ] 2MUCD20596 [RA] 15 01 08.1871 [Dec] +22 50 02.1204 [FIL] GG495 [EXPTIME] 60.0 [Date] 2021-02-18T16:52:22 [Time] 16:52:22
29/248 2MUCD20596-20210218@165333-Eden.fts [TYPE] LIGHT [OBJ] 2MUCD20596 [RA] 15 01 08.1871 [Dec] +22 50 02.1204 [FIL] GG495 [EXPTIME] 60.0 [Date] 2021-02-18T16:53:33 [Time] 16:53:33
30/248 2MUCD20596-20210218@165445-Eden.fts [TYPE] LIGHT [OBJ] 2MUCD20596 [RA] 15 01 08.1871 [Dec] +22 50 02.1204 [FIL] GG495 [EXPTIME] 60.0 [Date] 2021-02-18T16:54:45 [Time] 16:54:45
31/248 2MUCD20596-20210218@165556-Eden.fts [TYPE] LIGHT [OBJ] 2MUCD20596 [RA] 15 01 08.1871 [Dec] +22 50 02.1204 [FIL] GG495 [EXPTIME] 60.0 [Date] 2021-02-18T16:55:56 [Time] 16:55:56
32/248 2MUCD20596-20210218@165707-Eden.fts [TYPE] LIGHT [OBJ] 2MUCD20596 [RA] 15 01 08.1871 [Dec] +22 50 02.1204 [FIL] GG495 [EXPTIME] 60.0 [Date] 2021-02-18T16:57:07 [Time] 16:57:07
33/248 2MUCD20596-20210218@165818-Eden.fts [TYPE] LIGHT [OBJ] 2MUCD20596 [RA] 15 01 08.1871 [Dec] +22 50 02.1204 [FIL] GG495 [EXPTIME] 60.0 [Date] 2021-02-18T16:58:18 [Time] 16:58:18
34/248 2MUCD20596-20210218@165929-Eden.fts [TYPE] LIGHT [OBJ] 2MUCD20596 [RA] 15 01 08.1871 [Dec] +22 50 02.1204 [FIL] GG495 [EXPTIME] 60.0 [Date] 2021-02-18T16:59:29 [Time] 16:59:29
35/248 2MUCD20596-20210218@170041-Eden.fts [TYPE] LIGHT [OBJ] 2MUCD20596 [RA] 15 01 08.1871 [Dec] +22 50 02.1204 [FIL] GG495 [EXPTIME] 60.0 [Date] 2021-02-18T17:00:41 [Time] 17:00:41
36/248 2MUCD20596-20210218@170152-Eden.fts [TYPE] LIGHT [OBJ] 2MUCD20596 [RA] 15 01 08.1871 [Dec] +22 50 02.1204 [FIL] GG495 [EXPTIME] 60.0 [Date] 2021-02-18T17:01:52 [Time] 17:01:52
37/248 2MUCD20596-20210218@170303-Eden.fts [TYPE] LIGHT [OBJ] 2MUCD20596 [RA] 15 01 08.1871 [Dec] +22 50 02.1204 [FIL] GG495 [EXPTIME] 60.0 [Date] 2021-02-18T17:03:03 [Time] 17:03:03
38/248 2MUCD20596-20210218@170414-Eden.fts [TYPE] LIGHT [OBJ] 2MUCD20596 [RA] 15 01 08.1871 [Dec] +22 50 02.1204 [FIL] GG495 [EXPTIME] 60.0 [Date] 2021-02-18T17:04:14 [Time] 17:04:14
39/248 2MUCD20596-20210218@170525-Eden.fts [TYPE] LIGHT [OBJ] 2MUCD20596 [RA] 15 01 08.1871 [Dec] +22 50 02.1204 [FIL] GG495 [EXPTIME] 60.0 [Date] 2021-02-18T17:05:25 [Time] 17:05:25
40/248 2MUCD20596-20210218@170637-Eden.fts [TYPE] LIGHT [OBJ] 2MUCD20596 [RA] 15 01 08.1871 [Dec] +22 50 02.1204 [FIL] GG495 [EXPTIME] 60.0 [Date] 2021-02-18T17:06:37 [Time] 17:06:37
41/248 2MUCD20596-20210218@170748-Eden.fts [TYPE] LIGHT [OBJ] 2MUCD20596 [RA] 15 01 08.1871 [Dec] +22 50 02.1204 [FIL] GG495 [EXPTIME] 60.0 [Date] 2021-02-18T17:07:48 [Time] 17:07:48
42/248 2MUCD20596-20210218@170859-Eden.fts [TYPE] LIGHT [OBJ] 2MUCD20596 [RA] 15 01 08.1871 [Dec] +22 50 02.1204 [FIL] GG495 [EXPTIME] 60.0 [Date] 2021-02-18T17:08:59 [Time] 17:08:59
43/248 2MUCD20596-20210218@171010-Eden.fts [TYPE] LIGHT [OBJ] 2MUCD20596 [RA] 15 01 08.1871 [Dec] +22 50 02.1204 [FIL] GG495 [EXPTIME] 60.0 [Date] 2021-02-18T17:10:10 [Time] 17:10:10
44/248 2MUCD20596-20210218@171121-Eden.fts [TYPE] LIGHT [OBJ] 2MUCD20596 [RA] 15 01 08.1871 [Dec] +22 50 02.1204 [FIL] GG495 [EXPTIME] 60.0 [Date] 2021-02-18T17:11:21 [Time] 17:11:21
45/248 2MUCD20596-20210218@171304-Eden.fts [TYPE] LIGHT [OBJ] 2MUCD20596 [RA] 15 01 08.1871 [Dec] +22 50 02.1204 [FIL] GG495 [EXPTIME] 60.0 [Date] 2021-02-18T17:13:04 [Time] 17:13:04
46/248 2MUCD20596-20210218@171416-Eden.fts [TYPE] LIGHT [OBJ] 2MUCD20596 [RA] 15 01 08.1871 [Dec] +22 50 02.1204 [FIL] GG495 [EXPTIME] 60.0 [Date] 2021-02-18T17:14:16 [Time] 17:14:16
47/248 2MUCD20596-20210218@171606-Eden.fts [TYPE] LIGHT [OBJ] 2MUCD20596 [RA] 15 01 08.1871 [Dec] +22 50 02.1204 [FIL] GG495 [EXPTIME] 60.0 [Date] 2021-02-18T17:16:06 [Time] 17:16:06
48/248 2MUCD20596-20210218@171718-Eden.fts [TYPE] LIGHT [OBJ] 2MUCD20596 [RA] 15 01 08.1871 [Dec] +22 50 02.1204 [FIL] GG495 [EXPTIME] 60.0 [Date] 2021-02-18T17:17:18 [Time] 17:17:18
49/248 2MUCD20596-20210218@171935-Eden.fts [TYPE] LIGHT [OBJ] 2MUCD20596 [RA] 15 01 08.1871 [Dec] +22 50 02.1204 [FIL] GG495 [EXPTIME] 60.0 [Date] 2021-02-18T17:19:35 [Time] 17:19:35
50/248 2MUCD20596-20210218@172046-Eden.fts [TYPE] LIGHT [OBJ] 2MUCD20596 [RA] 15 01 08.1871 [Dec] +22 50 02.1204 [FIL] GG495 [EXPTIME] 60.0 [Date] 2021-02-18T17:20:46 [Time] 17:20:46
51/248 2MUCD20596-20210218@172230-Eden.fts [TYPE] LIGHT [OBJ] 2MUCD20596 [RA] 15 01 08.1871 [Dec] +22 50 02.1204 [FIL] GG495 [EXPTIME] 60.0 [Date] 2021-02-18T17:22:30 [Time] 17:22:30
52/248 2MUCD20596-20210218@172420-Eden.fts [TYPE] LIGHT [OBJ] 2MUCD20596 [RA] 15 01 08.1871 [Dec] +22 50 02.1204 [FIL] GG495 [EXPTIME] 60.0 [Date] 2021-02-18T17:24:20 [Time] 17:24:20
53/248 2MUCD20596-20210218@172531-Eden.fts [TYPE] LIGHT [OBJ] 2MUCD20596 [RA] 15 01 08.1871 [Dec] +22 50 02.1204 [FIL] GG495 [EXPTIME] 60.0 [Date] 2021-02-18T17:25:31 [Time] 17:25:31
54/248 2MUCD20596-20210218@172642-Eden.fts [TYPE] LIGHT [OBJ] 2MUCD20596 [RA] 15 01 08.1871 [Dec] +22 50 02.1204 [FIL] GG495 [EXPTIME] 60.0 [Date] 2021-02-18T17:26:42 [Time] 17:26:42
55/248 2MUCD20596-20210218@172754-Eden.fts [TYPE] LIGHT [OBJ] 2MUCD20596 [RA] 15 01 08.1871 [Dec] +22 50 02.1204 [FIL] GG495 [EXPTIME] 60.0 [Date] 2021-02-18T17:27:54 [Time] 17:27:54
56/248 2MUCD20596-20210218@172911-Eden.fts [TYPE] LIGHT [OBJ] 2MUCD20596 [RA] 15 01 08.1871 [Dec] +22 50 02.1204 [FIL] GG495 [EXPTIME] 60.0 [Date] 2021-02-18T17:29:11 [Time] 17:29:11
57/248 2MUCD20596-20210218@173023-Eden.fts [TYPE] LIGHT [OBJ] 2MUCD20596 [RA] 15 01 08.1871 [Dec] +22 50 02.1204 [FIL] GG495 [EXPTIME] 60.0 [Date] 2021-02-18T17:30:23 [Time] 17:30:23
58/248 2MUCD20596-20210218@173137-Eden.fts [TYPE] LIGHT [OBJ] 2MUCD20596 [RA] 15 01 08.1871 [Dec] +22 50 02.1204 [FIL] GG495 [EXPTIME] 60.0 [Date] 2021-02-18T17:31:37 [Time] 17:31:37
59/248 2MUCD20596-20210218@173248-Eden.fts [TYPE] LIGHT [OBJ] 2MUCD20596 [RA] 15 01 08.1871 [Dec] +22 50 02.1204 [FIL] GG495 [EXPTIME] 60.0 [Date] 2021-02-18T17:32:48 [Time] 17:32:48
60/248 2MUCD20596-20210218@173359-Eden.fts [TYPE] LIGHT [OBJ] 2MUCD20596 [RA] 15 01 08.1871 [Dec] +22 50 02.1204 [FIL] GG495 [EXPTIME] 60.0 [Date] 2021-02-18T17:33:59 [Time] 17:33:59
61/248 2MUCD20596-20210218@173511-Eden.fts [TYPE] LIGHT [OBJ] 2MUCD20596 [RA] 15 01 08.1871 [Dec] +22 50 02.1204 [FIL] GG495 [EXPTIME] 60.0 [Date] 2021-02-18T17:35:11 [Time] 17:35:11
62/248 2MUCD20596-20210218@173622-Eden.fts [TYPE] LIGHT [OBJ] 2MUCD20596 [RA] 15 01 08.1871 [Dec] +22 50 02.1204 [FIL] GG495 [EXPTIME] 60.0 [Date] 2021-02-18T17:36:22 [Time] 17:36:22
63/248 2MUCD20596-20210218@173733-Eden.fts [TYPE] LIGHT [OBJ] 2MUCD20596 [RA] 15 01 08.1871 [Dec] +22 50 02.1204 [FIL] GG495 [EXPTIME] 60.0 [Date] 2021-02-18T17:37:33 [Time] 17:37:33
64/248 2MUCD20596-20210218@173844-Eden.fts [TYPE] LIGHT [OBJ] 2MUCD20596 [RA] 15 01 08.1871 [Dec] +22 50 02.1204 [FIL] GG495 [EXPTIME] 60.0 [Date] 2021-02-18T17:38:44 [Time] 17:38:44
65/248 2MUCD20596-20210218@173955-Eden.fts [TYPE] LIGHT [OBJ] 2MUCD20596 [RA] 15 01 08.1871 [Dec] +22 50 02.1204 [FIL] GG495 [EXPTIME] 60.0 [Date] 2021-02-18T17:39:55 [Time] 17:39:55
66/248 2MUCD20596-20210218@174105-Eden.fts [TYPE] LIGHT [OBJ] 2MUCD20596 [RA] 15 01 08.1871 [Dec] +22 50 02.1204 [FIL] GG495 [EXPTIME] 60.0 [Date] 2021-02-18T17:41:05 [Time] 17:41:05
67/248 2MUCD20596-20210218@174216-Eden.fts [TYPE] LIGHT [OBJ] 2MUCD20596 [RA] 15 01 08.1871 [Dec] +22 50 02.1204 [FIL] GG495 [EXPTIME] 60.0 [Date] 2021-02-18T17:42:16 [Time] 17:42:16
68/248 2MUCD20596-20210218@174327-Eden.fts [TYPE] LIGHT [OBJ] 2MUCD20596 [RA] 15 01 08.1871 [Dec] +22 50 02.1204 [FIL] GG495 [EXPTIME] 60.0 [Date] 2021-02-18T17:43:27 [Time] 17:43:27
69/248 2MUCD20596-20210218@174438-Eden.fts [TYPE] LIGHT [OBJ] 2MUCD20596 [RA] 15 01 08.1871 [Dec] +22 50 02.1204 [FIL] GG495 [EXPTIME] 60.0 [Date] 2021-02-18T17:44:38 [Time] 17:44:38
70/248 2MUCD20596-20210218@174549-Eden.fts [TYPE] LIGHT [OBJ] 2MUCD20596 [RA] 15 01 08.1871 [Dec] +22 50 02.1204 [FIL] GG495 [EXPTIME] 60.0 [Date] 2021-02-18T17:45:49 [Time] 17:45:49
71/248 2MUCD20596-20210218@174701-Eden.fts [TYPE] LIGHT [OBJ] 2MUCD20596 [RA] 15 01 08.1871 [Dec] +22 50 02.1204 [FIL] GG495 [EXPTIME] 60.0 [Date] 2021-02-18T17:47:01 [Time] 17:47:01
72/248 2MUCD20596-20210218@174812-Eden.fts [TYPE] LIGHT [OBJ] 2MUCD20596 [RA] 15 01 08.1871 [Dec] +22 50 02.1204 [FIL] GG495 [EXPTIME] 60.0 [Date] 2021-02-18T17:48:12 [Time] 17:48:12
73/248 2MUCD20596-20210218@174923-Eden.fts [TYPE] LIGHT [OBJ] 2MUCD20596 [RA] 15 01 08.1871 [Dec] +22 50 02.1204 [FIL] GG495 [EXPTIME] 60.0 [Date] 2021-02-18T17:49:23 [Time] 17:49:23
74/248 2MUCD20596-20210218@175035-Eden.fts [TYPE] LIGHT [OBJ] 2MUCD20596 [RA] 15 01 08.1871 [Dec] +22 50 02.1204 [FIL] GG495 [EXPTIME] 60.0 [Date] 2021-02-18T17:50:35 [Time] 17:50:35
75/248 2MUCD20596-20210218@175146-Eden.fts [TYPE] LIGHT [OBJ] 2MUCD20596 [RA] 15 01 08.1871 [Dec] +22 50 02.1204 [FIL] GG495 [EXPTIME] 60.0 [Date] 2021-02-18T17:51:46 [Time] 17:51:46
76/248 2MUCD20596-20210218@175735-Eden.fts [TYPE] LIGHT [OBJ] 2MUCD20596 [RA] 15 01 08.1871 [Dec] +22 50 02.1204 [FIL] GG495 [EXPTIME] 60.0 [Date] 2021-02-18T17:57:35 [Time] 17:57:35
77/248 2MUCD20596-20210218@175847-Eden.fts [TYPE] LIGHT [OBJ] 2MUCD20596 [RA] 15 01 08.1871 [Dec] +22 50 02.1204 [FIL] GG495 [EXPTIME] 60.0 [Date] 2021-02-18T17:58:47 [Time] 17:58:47
78/248 2MUCD20596-20210218@175958-Eden.fts [TYPE] LIGHT [OBJ] 2MUCD20596 [RA] 15 01 08.1871 [Dec] +22 50 02.1204 [FIL] GG495 [EXPTIME] 60.0 [Date] 2021-02-18T17:59:58 [Time] 17:59:58
79/248 2MUCD20596-20210218@180109-Eden.fts [TYPE] LIGHT [OBJ] 2MUCD20596 [RA] 15 01 08.1871 [Dec] +22 50 02.1204 [FIL] GG495 [EXPTIME] 60.0 [Date] 2021-02-18T18:01:09 [Time] 18:01:09
80/248 2MUCD20596-20210218@180221-Eden.fts [TYPE] LIGHT [OBJ] 2MUCD20596 [RA] 15 01 08.1871 [Dec] +22 50 02.1204 [FIL] GG495 [EXPTIME] 60.0 [Date] 2021-02-18T18:02:21 [Time] 18:02:21
81/248 2MUCD20596-20210218@180332-Eden.fts [TYPE] LIGHT [OBJ] 2MUCD20596 [RA] 15 01 08.1871 [Dec] +22 50 02.1204 [FIL] GG495 [EXPTIME] 60.0 [Date] 2021-02-18T18:03:32 [Time] 18:03:32
82/248 2MUCD20596-20210218@180443-Eden.fts [TYPE] LIGHT [OBJ] 2MUCD20596 [RA] 15 01 08.1871 [Dec] +22 50 02.1204 [FIL] GG495 [EXPTIME] 60.0 [Date] 2021-02-18T18:04:43 [Time] 18:04:43
83/248 2MUCD20596-20210218@180554-Eden.fts [TYPE] LIGHT [OBJ] 2MUCD20596 [RA] 15 01 08.1871 [Dec] +22 50 02.1204 [FIL] GG495 [EXPTIME] 60.0 [Date] 2021-02-18T18:05:54 [Time] 18:05:54
84/248 2MUCD20596-20210218@180706-Eden.fts [TYPE] LIGHT [OBJ] 2MUCD20596 [RA] 15 01 08.1871 [Dec] +22 50 02.1204 [FIL] GG495 [EXPTIME] 60.0 [Date] 2021-02-18T18:07:06 [Time] 18:07:06
85/248 2MUCD20596-20210218@180816-Eden.fts [TYPE] LIGHT [OBJ] 2MUCD20596 [RA] 15 01 08.1871 [Dec] +22 50 02.1204 [FIL] GG495 [EXPTIME] 60.0 [Date] 2021-02-18T18:08:16 [Time] 18:08:16
86/248 2MUCD20596-20210218@180929-Eden.fts [TYPE] LIGHT [OBJ] 2MUCD20596 [RA] 15 01 08.1871 [Dec] +22 50 02.1204 [FIL] GG495 [EXPTIME] 60.0 [Date] 2021-02-18T18:09:29 [Time] 18:09:29
87/248 2MUCD20596-20210218@181040-Eden.fts [TYPE] LIGHT [OBJ] 2MUCD20596 [RA] 15 01 08.1871 [Dec] +22 50 02.1204 [FIL] GG495 [EXPTIME] 60.0 [Date] 2021-02-18T18:10:40 [Time] 18:10:40
88/248 2MUCD20596-20210218@181151-Eden.fts [TYPE] LIGHT [OBJ] 2MUCD20596 [RA] 15 01 08.1871 [Dec] +22 50 02.1204 [FIL] GG495 [EXPTIME] 60.0 [Date] 2021-02-18T18:11:51 [Time] 18:11:51
89/248 2MUCD20596-20210218@181302-Eden.fts [TYPE] LIGHT [OBJ] 2MUCD20596 [RA] 15 01 08.1871 [Dec] +22 50 02.1204 [FIL] GG495 [EXPTIME] 60.0 [Date] 2021-02-18T18:13:02 [Time] 18:13:02
90/248 2MUCD20596-20210218@181413-Eden.fts [TYPE] LIGHT [OBJ] 2MUCD20596 [RA] 15 01 08.1871 [Dec] +22 50 02.1204 [FIL] GG495 [EXPTIME] 60.0 [Date] 2021-02-18T18:14:13 [Time] 18:14:13
91/248 2MUCD20596-20210218@181524-Eden.fts [TYPE] LIGHT [OBJ] 2MUCD20596 [RA] 15 01 08.1871 [Dec] +22 50 02.1204 [FIL] GG495 [EXPTIME] 60.0 [Date] 2021-02-18T18:15:24 [Time] 18:15:24
92/248 2MUCD20596-20210218@181636-Eden.fts [TYPE] LIGHT [OBJ] 2MUCD20596 [RA] 15 01 08.1871 [Dec] +22 50 02.1204 [FIL] GG495 [EXPTIME] 60.0 [Date] 2021-02-18T18:16:36 [Time] 18:16:36
93/248 2MUCD20596-20210218@181747-Eden.fts [TYPE] LIGHT [OBJ] 2MUCD20596 [RA] 15 01 08.1871 [Dec] +22 50 02.1204 [FIL] GG495 [EXPTIME] 60.0 [Date] 2021-02-18T18:17:47 [Time] 18:17:47
94/248 2MUCD20596-20210218@181859-Eden.fts [TYPE] LIGHT [OBJ] 2MUCD20596 [RA] 15 01 08.1871 [Dec] +22 50 02.1204 [FIL] GG495 [EXPTIME] 60.0 [Date] 2021-02-18T18:18:59 [Time] 18:18:59
95/248 2MUCD20596-20210218@182010-Eden.fts [TYPE] LIGHT [OBJ] 2MUCD20596 [RA] 15 01 08.1871 [Dec] +22 50 02.1204 [FIL] GG495 [EXPTIME] 60.0 [Date] 2021-02-18T18:20:10 [Time] 18:20:10
96/248 2MUCD20596-20210218@182121-Eden.fts [TYPE] LIGHT [OBJ] 2MUCD20596 [RA] 15 01 08.1871 [Dec] +22 50 02.1204 [FIL] GG495 [EXPTIME] 60.0 [Date] 2021-02-18T18:21:21 [Time] 18:21:21
97/248 2MUCD20596-20210218@182233-Eden.fts [TYPE] LIGHT [OBJ] 2MUCD20596 [RA] 15 01 08.1871 [Dec] +22 50 02.1204 [FIL] GG495 [EXPTIME] 60.0 [Date] 2021-02-18T18:22:33 [Time] 18:22:33
98/248 2MUCD20596-20210218@182344-Eden.fts [TYPE] LIGHT [OBJ] 2MUCD20596 [RA] 15 01 08.1871 [Dec] +22 50 02.1204 [FIL] GG495 [EXPTIME] 60.0 [Date] 2021-02-18T18:23:44 [Time] 18:23:44
99/248 2MUCD20596-20210218@182455-Eden.fts [TYPE] LIGHT [OBJ] 2MUCD20596 [RA] 15 01 08.1871 [Dec] +22 50 02.1204 [FIL] GG495 [EXPTIME] 60.0 [Date] 2021-02-18T18:24:55 [Time] 18:24:55
100/248 2MUCD20596-20210218@182606-Eden.fts [TYPE] LIGHT [OBJ] 2MUCD20596 [RA] 15 01 08.1871 [Dec] +22 50 02.1204 [FIL] GG495 [EXPTIME] 60.0 [Date] 2021-02-18T18:26:06 [Time] 18:26:06
101/248 2MUCD20596-20210218@182717-Eden.fts [TYPE] LIGHT [OBJ] 2MUCD20596 [RA] 15 01 08.1871 [Dec] +22 50 02.1204 [FIL] GG495 [EXPTIME] 60.0 [Date] 2021-02-18T18:27:17 [Time] 18:27:17
102/248 2MUCD20596-20210218@182828-Eden.fts [TYPE] LIGHT [OBJ] 2MUCD20596 [RA] 15 01 08.1871 [Dec] +22 50 02.1204 [FIL] GG495 [EXPTIME] 60.0 [Date] 2021-02-18T18:28:28 [Time] 18:28:28
103/248 2MUCD20596-20210218@182940-Eden.fts [TYPE] LIGHT [OBJ] 2MUCD20596 [RA] 15 01 08.1871 [Dec] +22 50 02.1204 [FIL] GG495 [EXPTIME] 60.0 [Date] 2021-02-18T18:29:40 [Time] 18:29:40
104/248 2MUCD20596-20210218@183051-Eden.fts [TYPE] LIGHT [OBJ] 2MUCD20596 [RA] 15 01 08.1871 [Dec] +22 50 02.1204 [FIL] GG495 [EXPTIME] 60.0 [Date] 2021-02-18T18:30:51 [Time] 18:30:51
105/248 2MUCD20596-20210218@183202-Eden.fts [TYPE] LIGHT [OBJ] 2MUCD20596 [RA] 15 01 08.1871 [Dec] +22 50 02.1204 [FIL] GG495 [EXPTIME] 60.0 [Date] 2021-02-18T18:32:02 [Time] 18:32:02
106/248 2MUCD20596-20210218@183314-Eden.fts [TYPE] LIGHT [OBJ] 2MUCD20596 [RA] 15 01 08.1871 [Dec] +22 50 02.1204 [FIL] GG495 [EXPTIME] 60.0 [Date] 2021-02-18T18:33:14 [Time] 18:33:14
107/248 2MUCD20596-20210218@183426-Eden.fts [TYPE] LIGHT [OBJ] 2MUCD20596 [RA] 15 01 08.1871 [Dec] +22 50 02.1204 [FIL] GG495 [EXPTIME] 60.0 [Date] 2021-02-18T18:34:26 [Time] 18:34:26
108/248 2MUCD20596-20210218@183538-Eden.fts [TYPE] LIGHT [OBJ] 2MUCD20596 [RA] 15 01 08.1871 [Dec] +22 50 02.1204 [FIL] GG495 [EXPTIME] 60.0 [Date] 2021-02-18T18:35:38 [Time] 18:35:38
109/248 2MUCD20596-20210218@183650-Eden.fts [TYPE] LIGHT [OBJ] 2MUCD20596 [RA] 15 01 08.1871 [Dec] +22 50 02.1204 [FIL] GG495 [EXPTIME] 60.0 [Date] 2021-02-18T18:36:50 [Time] 18:36:50
110/248 2MUCD20596-20210218@183801-Eden.fts [TYPE] LIGHT [OBJ] 2MUCD20596 [RA] 15 01 08.1871 [Dec] +22 50 02.1204 [FIL] GG495 [EXPTIME] 60.0 [Date] 2021-02-18T18:38:01 [Time] 18:38:01
111/248 2MUCD20596-20210218@183912-Eden.fts [TYPE] LIGHT [OBJ] 2MUCD20596 [RA] 15 01 08.1871 [Dec] +22 50 02.1204 [FIL] GG495 [EXPTIME] 60.0 [Date] 2021-02-18T18:39:12 [Time] 18:39:12
112/248 2MUCD20596-20210218@184023-Eden.fts [TYPE] LIGHT [OBJ] 2MUCD20596 [RA] 15 01 08.1871 [Dec] +22 50 02.1204 [FIL] GG495 [EXPTIME] 60.0 [Date] 2021-02-18T18:40:23 [Time] 18:40:23
113/248 2MUCD20596-20210218@184135-Eden.fts [TYPE] LIGHT [OBJ] 2MUCD20596 [RA] 15 01 08.1871 [Dec] +22 50 02.1204 [FIL] GG495 [EXPTIME] 60.0 [Date] 2021-02-18T18:41:35 [Time] 18:41:35
114/248 2MUCD20596-20210218@184247-Eden.fts [TYPE] LIGHT [OBJ] 2MUCD20596 [RA] 15 01 08.1871 [Dec] +22 50 02.1204 [FIL] GG495 [EXPTIME] 60.0 [Date] 2021-02-18T18:42:47 [Time] 18:42:47
115/248 2MUCD20596-20210218@184358-Eden.fts [TYPE] LIGHT [OBJ] 2MUCD20596 [RA] 15 01 08.1871 [Dec] +22 50 02.1204 [FIL] GG495 [EXPTIME] 60.0 [Date] 2021-02-18T18:43:58 [Time] 18:43:58
116/248 2MUCD20596-20210218@184509-Eden.fts [TYPE] LIGHT [OBJ] 2MUCD20596 [RA] 15 01 08.1871 [Dec] +22 50 02.1204 [FIL] GG495 [EXPTIME] 60.0 [Date] 2021-02-18T18:45:09 [Time] 18:45:09
117/248 2MUCD20596-20210218@184620-Eden.fts [TYPE] LIGHT [OBJ] 2MUCD20596 [RA] 15 01 08.1871 [Dec] +22 50 02.1204 [FIL] GG495 [EXPTIME] 60.0 [Date] 2021-02-18T18:46:20 [Time] 18:46:20
118/248 2MUCD20596-20210218@184731-Eden.fts [TYPE] LIGHT [OBJ] 2MUCD20596 [RA] 15 01 08.1871 [Dec] +22 50 02.1204 [FIL] GG495 [EXPTIME] 60.0 [Date] 2021-02-18T18:47:31 [Time] 18:47:31
119/248 2MUCD20596-20210218@184843-Eden.fts [TYPE] LIGHT [OBJ] 2MUCD20596 [RA] 15 01 08.1871 [Dec] +22 50 02.1204 [FIL] GG495 [EXPTIME] 60.0 [Date] 2021-02-18T18:48:43 [Time] 18:48:43
120/248 2MUCD20596-20210218@184954-Eden.fts [TYPE] LIGHT [OBJ] 2MUCD20596 [RA] 15 01 08.1871 [Dec] +22 50 02.1204 [FIL] GG495 [EXPTIME] 60.0 [Date] 2021-02-18T18:49:54 [Time] 18:49:54
121/248 2MUCD20596-20210218@185105-Eden.fts [TYPE] LIGHT [OBJ] 2MUCD20596 [RA] 15 01 08.1871 [Dec] +22 50 02.1204 [FIL] GG495 [EXPTIME] 60.0 [Date] 2021-02-18T18:51:05 [Time] 18:51:05
122/248 2MUCD20596-20210218@185216-Eden.fts [TYPE] LIGHT [OBJ] 2MUCD20596 [RA] 15 01 08.1871 [Dec] +22 50 02.1204 [FIL] GG495 [EXPTIME] 60.0 [Date] 2021-02-18T18:52:16 [Time] 18:52:16
123/248 2MUCD20596-20210218@185327-Eden.fts [TYPE] LIGHT [OBJ] 2MUCD20596 [RA] 15 01 08.1871 [Dec] +22 50 02.1204 [FIL] GG495 [EXPTIME] 60.0 [Date] 2021-02-18T18:53:27 [Time] 18:53:27
124/248 2MUCD20596-20210218@185438-Eden.fts [TYPE] LIGHT [OBJ] 2MUCD20596 [RA] 15 01 08.1871 [Dec] +22 50 02.1204 [FIL] GG495 [EXPTIME] 60.0 [Date] 2021-02-18T18:54:38 [Time] 18:54:38
125/248 2MUCD20596-20210218@185548-Eden.fts [TYPE] LIGHT [OBJ] 2MUCD20596 [RA] 15 01 08.1871 [Dec] +22 50 02.1204 [FIL] GG495 [EXPTIME] 60.0 [Date] 2021-02-18T18:55:48 [Time] 18:55:48
126/248 2MUCD20596-20210218@185700-Eden.fts [TYPE] LIGHT [OBJ] 2MUCD20596 [RA] 15 01 08.1871 [Dec] +22 50 02.1204 [FIL] GG495 [EXPTIME] 60.0 [Date] 2021-02-18T18:57:00 [Time] 18:57:00
127/248 2MUCD20596-20210218@185811-Eden.fts [TYPE] LIGHT [OBJ] 2MUCD20596 [RA] 15 01 08.1871 [Dec] +22 50 02.1204 [FIL] GG495 [EXPTIME] 60.0 [Date] 2021-02-18T18:58:11 [Time] 18:58:11
128/248 2MUCD20596-20210218@185923-Eden.fts [TYPE] LIGHT [OBJ] 2MUCD20596 [RA] 15 01 08.1871 [Dec] +22 50 02.1204 [FIL] GG495 [EXPTIME] 60.0 [Date] 2021-02-18T18:59:23 [Time] 18:59:23
129/248 2MUCD20596-20210218@190034-Eden.fts [TYPE] LIGHT [OBJ] 2MUCD20596 [RA] 15 01 08.1871 [Dec] +22 50 02.1204 [FIL] GG495 [EXPTIME] 60.0 [Date] 2021-02-18T19:00:34 [Time] 19:00:34
130/248 2MUCD20596-20210218@190146-Eden.fts [TYPE] LIGHT [OBJ] 2MUCD20596 [RA] 15 01 08.1871 [Dec] +22 50 02.1204 [FIL] GG495 [EXPTIME] 60.0 [Date] 2021-02-18T19:01:46 [Time] 19:01:46
131/248 2MUCD20596-20210218@190257-Eden.fts [TYPE] LIGHT [OBJ] 2MUCD20596 [RA] 15 01 08.1871 [Dec] +22 50 02.1204 [FIL] GG495 [EXPTIME] 60.0 [Date] 2021-02-18T19:02:57 [Time] 19:02:57
132/248 2MUCD20596-20210218@190408-Eden.fts [TYPE] LIGHT [OBJ] 2MUCD20596 [RA] 15 01 08.1871 [Dec] +22 50 02.1204 [FIL] GG495 [EXPTIME] 60.0 [Date] 2021-02-18T19:04:08 [Time] 19:04:08
133/248 2MUCD20596-20210218@190520-Eden.fts [TYPE] LIGHT [OBJ] 2MUCD20596 [RA] 15 01 08.1871 [Dec] +22 50 02.1204 [FIL] GG495 [EXPTIME] 60.0 [Date] 2021-02-18T19:05:20 [Time] 19:05:20
134/248 2MUCD20596-20210218@190631-Eden.fts [TYPE] LIGHT [OBJ] 2MUCD20596 [RA] 15 01 08.1871 [Dec] +22 50 02.1204 [FIL] GG495 [EXPTIME] 60.0 [Date] 2021-02-18T19:06:31 [Time] 19:06:31
135/248 2MUCD20596-20210218@190742-Eden.fts [TYPE] LIGHT [OBJ] 2MUCD20596 [RA] 15 01 08.1871 [Dec] +22 50 02.1204 [FIL] GG495 [EXPTIME] 60.0 [Date] 2021-02-18T19:07:42 [Time] 19:07:42
136/248 2MUCD20596-20210218@190854-Eden.fts [TYPE] LIGHT [OBJ] 2MUCD20596 [RA] 15 01 08.1871 [Dec] +22 50 02.1204 [FIL] GG495 [EXPTIME] 60.0 [Date] 2021-02-18T19:08:54 [Time] 19:08:54
137/248 2MUCD20596-20210218@191005-Eden.fts [TYPE] LIGHT [OBJ] 2MUCD20596 [RA] 15 01 08.1871 [Dec] +22 50 02.1204 [FIL] GG495 [EXPTIME] 60.0 [Date] 2021-02-18T19:10:05 [Time] 19:10:05
138/248 2MUCD20596-20210218@191116-Eden.fts [TYPE] LIGHT [OBJ] 2MUCD20596 [RA] 15 01 08.1871 [Dec] +22 50 02.1204 [FIL] GG495 [EXPTIME] 60.0 [Date] 2021-02-18T19:11:16 [Time] 19:11:16
139/248 2MUCD20596-20210218@191228-Eden.fts [TYPE] LIGHT [OBJ] 2MUCD20596 [RA] 15 01 08.1871 [Dec] +22 50 02.1204 [FIL] GG495 [EXPTIME] 60.0 [Date] 2021-02-18T19:12:28 [Time] 19:12:28
140/248 2MUCD20596-20210218@191339-Eden.fts [TYPE] LIGHT [OBJ] 2MUCD20596 [RA] 15 01 08.1871 [Dec] +22 50 02.1204 [FIL] GG495 [EXPTIME] 60.0 [Date] 2021-02-18T19:13:39 [Time] 19:13:39
141/248 2MUCD20596-20210218@191450-Eden.fts [TYPE] LIGHT [OBJ] 2MUCD20596 [RA] 15 01 08.1871 [Dec] +22 50 02.1204 [FIL] GG495 [EXPTIME] 60.0 [Date] 2021-02-18T19:14:50 [Time] 19:14:50
142/248 2MUCD20596-20210218@191601-Eden.fts [TYPE] LIGHT [OBJ] 2MUCD20596 [RA] 15 01 08.1871 [Dec] +22 50 02.1204 [FIL] GG495 [EXPTIME] 60.0 [Date] 2021-02-18T19:16:01 [Time] 19:16:01
143/248 2MUCD20596-20210218@191712-Eden.fts [TYPE] LIGHT [OBJ] 2MUCD20596 [RA] 15 01 08.1871 [Dec] +22 50 02.1204 [FIL] GG495 [EXPTIME] 60.0 [Date] 2021-02-18T19:17:12 [Time] 19:17:12
144/248 2MUCD20596-20210218@191824-Eden.fts [TYPE] LIGHT [OBJ] 2MUCD20596 [RA] 15 01 08.1871 [Dec] +22 50 02.1204 [FIL] GG495 [EXPTIME] 60.0 [Date] 2021-02-18T19:18:24 [Time] 19:18:24
145/248 2MUCD20596-20210218@191935-Eden.fts [TYPE] LIGHT [OBJ] 2MUCD20596 [RA] 15 01 08.1871 [Dec] +22 50 02.1204 [FIL] GG495 [EXPTIME] 60.0 [Date] 2021-02-18T19:19:35 [Time] 19:19:35
146/248 2MUCD20596-20210218@192046-Eden.fts [TYPE] LIGHT [OBJ] 2MUCD20596 [RA] 15 01 08.1871 [Dec] +22 50 02.1204 [FIL] GG495 [EXPTIME] 60.0 [Date] 2021-02-18T19:20:46 [Time] 19:20:46
147/248 2MUCD20596-20210218@192158-Eden.fts [TYPE] LIGHT [OBJ] 2MUCD20596 [RA] 15 01 08.1871 [Dec] +22 50 02.1204 [FIL] GG495 [EXPTIME] 60.0 [Date] 2021-02-18T19:21:58 [Time] 19:21:58
148/248 2MUCD20596-20210218@192308-Eden.fts [TYPE] LIGHT [OBJ] 2MUCD20596 [RA] 15 01 08.1871 [Dec] +22 50 02.1204 [FIL] GG495 [EXPTIME] 60.0 [Date] 2021-02-18T19:23:08 [Time] 19:23:08
149/248 2MUCD20596-20210218@192419-Eden.fts [TYPE] LIGHT [OBJ] 2MUCD20596 [RA] 15 01 08.1871 [Dec] +22 50 02.1204 [FIL] GG495 [EXPTIME] 60.0 [Date] 2021-02-18T19:24:19 [Time] 19:24:19
150/248 2MUCD20596-20210218@192530-Eden.fts [TYPE] LIGHT [OBJ] 2MUCD20596 [RA] 15 01 08.1871 [Dec] +22 50 02.1204 [FIL] GG495 [EXPTIME] 60.0 [Date] 2021-02-18T19:25:30 [Time] 19:25:30
151/248 2MUCD20596-20210218@192642-Eden.fts [TYPE] LIGHT [OBJ] 2MUCD20596 [RA] 15 01 08.1871 [Dec] +22 50 02.1204 [FIL] GG495 [EXPTIME] 60.0 [Date] 2021-02-18T19:26:42 [Time] 19:26:42
152/248 2MUCD20596-20210218@192753-Eden.fts [TYPE] LIGHT [OBJ] 2MUCD20596 [RA] 15 01 08.1871 [Dec] +22 50 02.1204 [FIL] GG495 [EXPTIME] 60.0 [Date] 2021-02-18T19:27:53 [Time] 19:27:53
153/248 2MUCD20596-20210218@192905-Eden.fts [TYPE] LIGHT [OBJ] 2MUCD20596 [RA] 15 01 08.1871 [Dec] +22 50 02.1204 [FIL] GG495 [EXPTIME] 60.0 [Date] 2021-02-18T19:29:05 [Time] 19:29:05
154/248 2MUCD20596-20210218@193016-Eden.fts [TYPE] LIGHT [OBJ] 2MUCD20596 [RA] 15 01 08.1871 [Dec] +22 50 02.1204 [FIL] GG495 [EXPTIME] 60.0 [Date] 2021-02-18T19:30:16 [Time] 19:30:16
155/248 2MUCD20596-20210218@193127-Eden.fts [TYPE] LIGHT [OBJ] 2MUCD20596 [RA] 15 01 08.1871 [Dec] +22 50 02.1204 [FIL] GG495 [EXPTIME] 60.0 [Date] 2021-02-18T19:31:27 [Time] 19:31:27
156/248 2MUCD20596-20210218@193238-Eden.fts [TYPE] LIGHT [OBJ] 2MUCD20596 [RA] 15 01 08.1871 [Dec] +22 50 02.1204 [FIL] GG495 [EXPTIME] 60.0 [Date] 2021-02-18T19:32:38 [Time] 19:32:38
157/248 2MUCD20596-20210218@193349-Eden.fts [TYPE] LIGHT [OBJ] 2MUCD20596 [RA] 15 01 08.1871 [Dec] +22 50 02.1204 [FIL] GG495 [EXPTIME] 60.0 [Date] 2021-02-18T19:33:49 [Time] 19:33:49
158/248 2MUCD20596-20210218@193500-Eden.fts [TYPE] LIGHT [OBJ] 2MUCD20596 [RA] 15 01 08.1871 [Dec] +22 50 02.1204 [FIL] GG495 [EXPTIME] 60.0 [Date] 2021-02-18T19:35:00 [Time] 19:35:00
159/248 2MUCD20596-20210218@193611-Eden.fts [TYPE] LIGHT [OBJ] 2MUCD20596 [RA] 15 01 08.1871 [Dec] +22 50 02.1204 [FIL] GG495 [EXPTIME] 60.0 [Date] 2021-02-18T19:36:11 [Time] 19:36:11
160/248 2MUCD20596-20210218@193722-Eden.fts [TYPE] LIGHT [OBJ] 2MUCD20596 [RA] 15 01 08.1871 [Dec] +22 50 02.1204 [FIL] GG495 [EXPTIME] 60.0 [Date] 2021-02-18T19:37:22 [Time] 19:37:22
161/248 2MUCD20596-20210218@193833-Eden.fts [TYPE] LIGHT [OBJ] 2MUCD20596 [RA] 15 01 08.1871 [Dec] +22 50 02.1204 [FIL] GG495 [EXPTIME] 60.0 [Date] 2021-02-18T19:38:33 [Time] 19:38:33
162/248 2MUCD20596-20210218@193944-Eden.fts [TYPE] LIGHT [OBJ] 2MUCD20596 [RA] 15 01 08.1871 [Dec] +22 50 02.1204 [FIL] GG495 [EXPTIME] 60.0 [Date] 2021-02-18T19:39:44 [Time] 19:39:44
163/248 2MUCD20596-20210218@194056-Eden.fts [TYPE] LIGHT [OBJ] 2MUCD20596 [RA] 15 01 08.1871 [Dec] +22 50 02.1204 [FIL] GG495 [EXPTIME] 60.0 [Date] 2021-02-18T19:40:56 [Time] 19:40:56
164/248 2MUCD20596-20210218@194208-Eden.fts [TYPE] LIGHT [OBJ] 2MUCD20596 [RA] 15 01 08.1871 [Dec] +22 50 02.1204 [FIL] GG495 [EXPTIME] 60.0 [Date] 2021-02-18T19:42:08 [Time] 19:42:08
165/248 2MUCD20596-20210218@194318-Eden.fts [TYPE] LIGHT [OBJ] 2MUCD20596 [RA] 15 01 08.1871 [Dec] +22 50 02.1204 [FIL] GG495 [EXPTIME] 60.0 [Date] 2021-02-18T19:43:18 [Time] 19:43:18
166/248 2MUCD20596-20210218@194429-Eden.fts [TYPE] LIGHT [OBJ] 2MUCD20596 [RA] 15 01 08.1871 [Dec] +22 50 02.1204 [FIL] GG495 [EXPTIME] 60.0 [Date] 2021-02-18T19:44:29 [Time] 19:44:29
167/248 2MUCD20596-20210218@194540-Eden.fts [TYPE] LIGHT [OBJ] 2MUCD20596 [RA] 15 01 08.1871 [Dec] +22 50 02.1204 [FIL] GG495 [EXPTIME] 60.0 [Date] 2021-02-18T19:45:40 [Time] 19:45:40
168/248 2MUCD20596-20210218@194652-Eden.fts [TYPE] LIGHT [OBJ] 2MUCD20596 [RA] 15 01 08.1871 [Dec] +22 50 02.1204 [FIL] GG495 [EXPTIME] 60.0 [Date] 2021-02-18T19:46:52 [Time] 19:46:52
169/248 2MUCD20596-20210218@195555-Eden.fts [TYPE] LIGHT [OBJ] 2MUCD20596 [RA] 15 01 08.1871 [Dec] +22 50 02.1204 [FIL] GG495 [EXPTIME] 60.0 [Date] 2021-02-18T19:55:55 [Time] 19:55:55
170/248 2MUCD20596-20210218@195707-Eden.fts [TYPE] LIGHT [OBJ] 2MUCD20596 [RA] 15 01 08.1871 [Dec] +22 50 02.1204 [FIL] GG495 [EXPTIME] 60.0 [Date] 2021-02-18T19:57:07 [Time] 19:57:07
171/248 2MUCD20596-20210218@195818-Eden.fts [TYPE] LIGHT [OBJ] 2MUCD20596 [RA] 15 01 08.1871 [Dec] +22 50 02.1204 [FIL] GG495 [EXPTIME] 60.0 [Date] 2021-02-18T19:58:18 [Time] 19:58:18
172/248 2MUCD20596-20210218@195928-Eden.fts [TYPE] LIGHT [OBJ] 2MUCD20596 [RA] 15 01 08.1871 [Dec] +22 50 02.1204 [FIL] GG495 [EXPTIME] 60.0 [Date] 2021-02-18T19:59:28 [Time] 19:59:28
173/248 2MUCD20596-20210218@200040-Eden.fts [TYPE] LIGHT [OBJ] 2MUCD20596 [RA] 15 01 08.1871 [Dec] +22 50 02.1204 [FIL] GG495 [EXPTIME] 60.0 [Date] 2021-02-18T20:00:40 [Time] 20:00:40
174/248 2MUCD20596-20210218@200151-Eden.fts [TYPE] LIGHT [OBJ] 2MUCD20596 [RA] 15 01 08.1871 [Dec] +22 50 02.1204 [FIL] GG495 [EXPTIME] 60.0 [Date] 2021-02-18T20:01:51 [Time] 20:01:51
175/248 2MUCD20596-20210218@200302-Eden.fts [TYPE] LIGHT [OBJ] 2MUCD20596 [RA] 15 01 08.1871 [Dec] +22 50 02.1204 [FIL] GG495 [EXPTIME] 60.0 [Date] 2021-02-18T20:03:02 [Time] 20:03:02
176/248 2MUCD20596-20210218@200414-Eden.fts [TYPE] LIGHT [OBJ] 2MUCD20596 [RA] 15 01 08.1871 [Dec] +22 50 02.1204 [FIL] GG495 [EXPTIME] 60.0 [Date] 2021-02-18T20:04:14 [Time] 20:04:14
177/248 2MUCD20596-20210218@200525-Eden.fts [TYPE] LIGHT [OBJ] 2MUCD20596 [RA] 15 01 08.1871 [Dec] +22 50 02.1204 [FIL] GG495 [EXPTIME] 60.0 [Date] 2021-02-18T20:05:25 [Time] 20:05:25
178/248 2MUCD20596-20210218@200637-Eden.fts [TYPE] LIGHT [OBJ] 2MUCD20596 [RA] 15 01 08.1871 [Dec] +22 50 02.1204 [FIL] GG495 [EXPTIME] 60.0 [Date] 2021-02-18T20:06:37 [Time] 20:06:37
179/248 2MUCD20596-20210218@200748-Eden.fts [TYPE] LIGHT [OBJ] 2MUCD20596 [RA] 15 01 08.1871 [Dec] +22 50 02.1204 [FIL] GG495 [EXPTIME] 60.0 [Date] 2021-02-18T20:07:48 [Time] 20:07:48
180/248 2MUCD20596-20210218@200859-Eden.fts [TYPE] LIGHT [OBJ] 2MUCD20596 [RA] 15 01 08.1871 [Dec] +22 50 02.1204 [FIL] GG495 [EXPTIME] 60.0 [Date] 2021-02-18T20:08:59 [Time] 20:08:59
181/248 2MUCD20596-20210218@201011-Eden.fts [TYPE] LIGHT [OBJ] 2MUCD20596 [RA] 15 01 08.1871 [Dec] +22 50 02.1204 [FIL] GG495 [EXPTIME] 60.0 [Date] 2021-02-18T20:10:11 [Time] 20:10:11
182/248 2MUCD20596-20210218@201122-Eden.fts [TYPE] LIGHT [OBJ] 2MUCD20596 [RA] 15 01 08.1871 [Dec] +22 50 02.1204 [FIL] GG495 [EXPTIME] 60.0 [Date] 2021-02-18T20:11:22 [Time] 20:11:22
183/248 2MUCD20596-20210218@201233-Eden.fts [TYPE] LIGHT [OBJ] 2MUCD20596 [RA] 15 01 08.1871 [Dec] +22 50 02.1204 [FIL] GG495 [EXPTIME] 60.0 [Date] 2021-02-18T20:12:33 [Time] 20:12:33
184/248 2MUCD20596-20210218@201345-Eden.fts [TYPE] LIGHT [OBJ] 2MUCD20596 [RA] 15 01 08.1871 [Dec] +22 50 02.1204 [FIL] GG495 [EXPTIME] 60.0 [Date] 2021-02-18T20:13:45 [Time] 20:13:45
185/248 2MUCD20596-20210218@201456-Eden.fts [TYPE] LIGHT [OBJ] 2MUCD20596 [RA] 15 01 08.1871 [Dec] +22 50 02.1204 [FIL] GG495 [EXPTIME] 60.0 [Date] 2021-02-18T20:14:56 [Time] 20:14:56
186/248 2MUCD20596-20210218@201607-Eden.fts [TYPE] LIGHT [OBJ] 2MUCD20596 [RA] 15 01 08.1871 [Dec] +22 50 02.1204 [FIL] GG495 [EXPTIME] 60.0 [Date] 2021-02-18T20:16:07 [Time] 20:16:07
187/248 2MUCD20596-20210218@201718-Eden.fts [TYPE] LIGHT [OBJ] 2MUCD20596 [RA] 15 01 08.1871 [Dec] +22 50 02.1204 [FIL] GG495 [EXPTIME] 60.0 [Date] 2021-02-18T20:17:18 [Time] 20:17:18
188/248 2MUCD20596-20210218@201830-Eden.fts [TYPE] LIGHT [OBJ] 2MUCD20596 [RA] 15 01 08.1871 [Dec] +22 50 02.1204 [FIL] GG495 [EXPTIME] 60.0 [Date] 2021-02-18T20:18:30 [Time] 20:18:30
189/248 2MUCD20596-20210218@201942-Eden.fts [TYPE] LIGHT [OBJ] 2MUCD20596 [RA] 15 01 08.1871 [Dec] +22 50 02.1204 [FIL] GG495 [EXPTIME] 60.0 [Date] 2021-02-18T20:19:42 [Time] 20:19:42
190/248 2MUCD20596-20210218@202053-Eden.fts [TYPE] LIGHT [OBJ] 2MUCD20596 [RA] 15 01 08.1871 [Dec] +22 50 02.1204 [FIL] GG495 [EXPTIME] 60.0 [Date] 2021-02-18T20:20:53 [Time] 20:20:53
191/248 2MUCD20596-20210218@202204-Eden.fts [TYPE] LIGHT [OBJ] 2MUCD20596 [RA] 15 01 08.1871 [Dec] +22 50 02.1204 [FIL] GG495 [EXPTIME] 60.0 [Date] 2021-02-18T20:22:04 [Time] 20:22:04
192/248 2MUCD20596-20210218@202315-Eden.fts [TYPE] LIGHT [OBJ] 2MUCD20596 [RA] 15 01 08.1871 [Dec] +22 50 02.1204 [FIL] GG495 [EXPTIME] 60.0 [Date] 2021-02-18T20:23:15 [Time] 20:23:15
193/248 2MUCD20596-20210218@202427-Eden.fts [TYPE] LIGHT [OBJ] 2MUCD20596 [RA] 15 01 08.1871 [Dec] +22 50 02.1204 [FIL] GG495 [EXPTIME] 60.0 [Date] 2021-02-18T20:24:27 [Time] 20:24:27
194/248 2MUCD20596-20210218@202538-Eden.fts [TYPE] LIGHT [OBJ] 2MUCD20596 [RA] 15 01 08.1871 [Dec] +22 50 02.1204 [FIL] GG495 [EXPTIME] 60.0 [Date] 2021-02-18T20:25:38 [Time] 20:25:38
195/248 2MUCD20596-20210218@202649-Eden.fts [TYPE] LIGHT [OBJ] 2MUCD20596 [RA] 15 01 08.1871 [Dec] +22 50 02.1204 [FIL] GG495 [EXPTIME] 60.0 [Date] 2021-02-18T20:26:49 [Time] 20:26:49
196/248 2MUCD20596-20210218@202800-Eden.fts [TYPE] LIGHT [OBJ] 2MUCD20596 [RA] 15 01 08.1871 [Dec] +22 50 02.1204 [FIL] GG495 [EXPTIME] 60.0 [Date] 2021-02-18T20:28:00 [Time] 20:28:00
197/248 2MUCD20596-20210218@202911-Eden.fts [TYPE] LIGHT [OBJ] 2MUCD20596 [RA] 15 01 08.1871 [Dec] +22 50 02.1204 [FIL] GG495 [EXPTIME] 60.0 [Date] 2021-02-18T20:29:11 [Time] 20:29:11
198/248 2MUCD20596-20210218@203023-Eden.fts [TYPE] LIGHT [OBJ] 2MUCD20596 [RA] 15 01 08.1871 [Dec] +22 50 02.1204 [FIL] GG495 [EXPTIME] 60.0 [Date] 2021-02-18T20:30:23 [Time] 20:30:23
199/248 2MUCD20596-20210218@203135-Eden.fts [TYPE] LIGHT [OBJ] 2MUCD20596 [RA] 15 01 08.1871 [Dec] +22 50 02.1204 [FIL] GG495 [EXPTIME] 60.0 [Date] 2021-02-18T20:31:35 [Time] 20:31:35
200/248 2MUCD20596-20210218@203246-Eden.fts [TYPE] LIGHT [OBJ] 2MUCD20596 [RA] 15 01 08.1871 [Dec] +22 50 02.1204 [FIL] GG495 [EXPTIME] 60.0 [Date] 2021-02-18T20:32:46 [Time] 20:32:46
201/248 2MUCD20596-20210218@203357-Eden.fts [TYPE] LIGHT [OBJ] 2MUCD20596 [RA] 15 01 08.1871 [Dec] +22 50 02.1204 [FIL] GG495 [EXPTIME] 60.0 [Date] 2021-02-18T20:33:57 [Time] 20:33:57
202/248 2MUCD20596-20210218@203508-Eden.fts [TYPE] LIGHT [OBJ] 2MUCD20596 [RA] 15 01 08.1871 [Dec] +22 50 02.1204 [FIL] GG495 [EXPTIME] 60.0 [Date] 2021-02-18T20:35:08 [Time] 20:35:08
203/248 2MUCD20596-20210218@203620-Eden.fts [TYPE] LIGHT [OBJ] 2MUCD20596 [RA] 15 01 08.1871 [Dec] +22 50 02.1204 [FIL] GG495 [EXPTIME] 60.0 [Date] 2021-02-18T20:36:20 [Time] 20:36:20
204/248 2MUCD20596-20210218@203732-Eden.fts [TYPE] LIGHT [OBJ] 2MUCD20596 [RA] 15 01 08.1871 [Dec] +22 50 02.1204 [FIL] GG495 [EXPTIME] 60.0 [Date] 2021-02-18T20:37:32 [Time] 20:37:32
205/248 2MUCD20596-20210218@203844-Eden.fts [TYPE] LIGHT [OBJ] 2MUCD20596 [RA] 15 01 08.1871 [Dec] +22 50 02.1204 [FIL] GG495 [EXPTIME] 60.0 [Date] 2021-02-18T20:38:44 [Time] 20:38:44
206/248 2MUCD20596-20210218@203955-Eden.fts [TYPE] LIGHT [OBJ] 2MUCD20596 [RA] 15 01 08.1871 [Dec] +22 50 02.1204 [FIL] GG495 [EXPTIME] 60.0 [Date] 2021-02-18T20:39:55 [Time] 20:39:55
207/248 2MUCD20596-20210218@204106-Eden.fts [TYPE] LIGHT [OBJ] 2MUCD20596 [RA] 15 01 08.1871 [Dec] +22 50 02.1204 [FIL] GG495 [EXPTIME] 60.0 [Date] 2021-02-18T20:41:06 [Time] 20:41:06
208/248 2MUCD20596-20210218@204217-Eden.fts [TYPE] LIGHT [OBJ] 2MUCD20596 [RA] 15 01 08.1871 [Dec] +22 50 02.1204 [FIL] GG495 [EXPTIME] 60.0 [Date] 2021-02-18T20:42:17 [Time] 20:42:17
209/248 2MUCD20596-20210218@204329-Eden.fts [TYPE] LIGHT [OBJ] 2MUCD20596 [RA] 15 01 08.1871 [Dec] +22 50 02.1204 [FIL] GG495 [EXPTIME] 60.0 [Date] 2021-02-18T20:43:29 [Time] 20:43:29
210/248 2MUCD20596-20210218@204441-Eden.fts [TYPE] LIGHT [OBJ] 2MUCD20596 [RA] 15 01 08.1871 [Dec] +22 50 02.1204 [FIL] GG495 [EXPTIME] 60.0 [Date] 2021-02-18T20:44:41 [Time] 20:44:41
211/248 2MUCD20596-20210218@204551-Eden.fts [TYPE] LIGHT [OBJ] 2MUCD20596 [RA] 15 01 08.1871 [Dec] +22 50 02.1204 [FIL] GG495 [EXPTIME] 60.0 [Date] 2021-02-18T20:45:51 [Time] 20:45:51
212/248 2MUCD20596-20210218@204703-Eden.fts [TYPE] LIGHT [OBJ] 2MUCD20596 [RA] 15 01 08.1871 [Dec] +22 50 02.1204 [FIL] GG495 [EXPTIME] 60.0 [Date] 2021-02-18T20:47:03 [Time] 20:47:03
213/248 2MUCD20596-20210218@204814-Eden.fts [TYPE] LIGHT [OBJ] 2MUCD20596 [RA] 15 01 08.1871 [Dec] +22 50 02.1204 [FIL] GG495 [EXPTIME] 60.0 [Date] 2021-02-18T20:48:14 [Time] 20:48:14
214/248 2MUCD20596-20210218@204926-Eden.fts [TYPE] LIGHT [OBJ] 2MUCD20596 [RA] 15 01 08.1871 [Dec] +22 50 02.1204 [FIL] GG495 [EXPTIME] 60.0 [Date] 2021-02-18T20:49:26 [Time] 20:49:26
215/248 2MUCD20596-20210218@205037-Eden.fts [TYPE] LIGHT [OBJ] 2MUCD20596 [RA] 15 01 08.1871 [Dec] +22 50 02.1204 [FIL] GG495 [EXPTIME] 60.0 [Date] 2021-02-18T20:50:37 [Time] 20:50:37
216/248 2MUCD20596-20210218@205149-Eden.fts [TYPE] LIGHT [OBJ] 2MUCD20596 [RA] 15 01 08.1871 [Dec] +22 50 02.1204 [FIL] GG495 [EXPTIME] 60.0 [Date] 2021-02-18T20:51:49 [Time] 20:51:49
217/248 2MUCD20596-20210218@205259-Eden.fts [TYPE] LIGHT [OBJ] 2MUCD20596 [RA] 15 01 08.1871 [Dec] +22 50 02.1204 [FIL] GG495 [EXPTIME] 60.0 [Date] 2021-02-18T20:52:59 [Time] 20:52:59
218/248 2MUCD20596-20210218@205410-Eden.fts [TYPE] LIGHT [OBJ] 2MUCD20596 [RA] 15 01 08.1871 [Dec] +22 50 02.1204 [FIL] GG495 [EXPTIME] 60.0 [Date] 2021-02-18T20:54:10 [Time] 20:54:10
219/248 2MUCD20596-20210218@205521-Eden.fts [TYPE] LIGHT [OBJ] 2MUCD20596 [RA] 15 01 08.1871 [Dec] +22 50 02.1204 [FIL] GG495 [EXPTIME] 60.0 [Date] 2021-02-18T20:55:21 [Time] 20:55:21
220/248 2MUCD20596-20210218@205633-Eden.fts [TYPE] LIGHT [OBJ] 2MUCD20596 [RA] 15 01 08.1871 [Dec] +22 50 02.1204 [FIL] GG495 [EXPTIME] 60.0 [Date] 2021-02-18T20:56:33 [Time] 20:56:33
221/248 2MUCD20596-20210218@205745-Eden.fts [TYPE] LIGHT [OBJ] 2MUCD20596 [RA] 15 01 08.1871 [Dec] +22 50 02.1204 [FIL] GG495 [EXPTIME] 60.0 [Date] 2021-02-18T20:57:45 [Time] 20:57:45
222/248 2MUCD20596-20210218@205856-Eden.fts [TYPE] LIGHT [OBJ] 2MUCD20596 [RA] 15 01 08.1871 [Dec] +22 50 02.1204 [FIL] GG495 [EXPTIME] 60.0 [Date] 2021-02-18T20:58:56 [Time] 20:58:56
223/248 2MUCD20596-20210218@210007-Eden.fts [TYPE] LIGHT [OBJ] 2MUCD20596 [RA] 15 01 08.1871 [Dec] +22 50 02.1204 [FIL] GG495 [EXPTIME] 60.0 [Date] 2021-02-18T21:00:07 [Time] 21:00:07
224/248 2MUCD20596-20210218@210119-Eden.fts [TYPE] LIGHT [OBJ] 2MUCD20596 [RA] 15 01 08.1871 [Dec] +22 50 02.1204 [FIL] GG495 [EXPTIME] 60.0 [Date] 2021-02-18T21:01:19 [Time] 21:01:19
225/248 2MUCD20596-20210218@210231-Eden.fts [TYPE] LIGHT [OBJ] 2MUCD20596 [RA] 15 01 08.1871 [Dec] +22 50 02.1204 [FIL] GG495 [EXPTIME] 60.0 [Date] 2021-02-18T21:02:31 [Time] 21:02:31
226/248 2MUCD20596-20210218@210343-Eden.fts [TYPE] LIGHT [OBJ] 2MUCD20596 [RA] 15 01 08.1871 [Dec] +22 50 02.1204 [FIL] GG495 [EXPTIME] 60.0 [Date] 2021-02-18T21:03:43 [Time] 21:03:43
227/248 2MUCD20596-20210218@210455-Eden.fts [TYPE] LIGHT [OBJ] 2MUCD20596 [RA] 15 01 08.1871 [Dec] +22 50 02.1204 [FIL] GG495 [EXPTIME] 60.0 [Date] 2021-02-18T21:04:55 [Time] 21:04:55
228/248 2MUCD20596-20210218@210606-Eden.fts [TYPE] LIGHT [OBJ] 2MUCD20596 [RA] 15 01 08.1871 [Dec] +22 50 02.1204 [FIL] GG495 [EXPTIME] 60.0 [Date] 2021-02-18T21:06:06 [Time] 21:06:06
229/248 2MUCD20596-20210218@210717-Eden.fts [TYPE] LIGHT [OBJ] 2MUCD20596 [RA] 15 01 08.1871 [Dec] +22 50 02.1204 [FIL] GG495 [EXPTIME] 60.0 [Date] 2021-02-18T21:07:17 [Time] 21:07:17
230/248 2MUCD20596-20210218@210829-Eden.fts [TYPE] LIGHT [OBJ] 2MUCD20596 [RA] 15 01 08.1871 [Dec] +22 50 02.1204 [FIL] GG495 [EXPTIME] 60.0 [Date] 2021-02-18T21:08:29 [Time] 21:08:29
231/248 2MUCD20596-20210218@210941-Eden.fts [TYPE] LIGHT [OBJ] 2MUCD20596 [RA] 15 01 08.1871 [Dec] +22 50 02.1204 [FIL] GG495 [EXPTIME] 60.0 [Date] 2021-02-18T21:09:41 [Time] 21:09:41
232/248 2MUCD20596-20210218@211052-Eden.fts [TYPE] LIGHT [OBJ] 2MUCD20596 [RA] 15 01 08.1871 [Dec] +22 50 02.1204 [FIL] GG495 [EXPTIME] 60.0 [Date] 2021-02-18T21:10:52 [Time] 21:10:52
233/248 2MUCD20596-20210218@211203-Eden.fts [TYPE] LIGHT [OBJ] 2MUCD20596 [RA] 15 01 08.1871 [Dec] +22 50 02.1204 [FIL] GG495 [EXPTIME] 60.0 [Date] 2021-02-18T21:12:03 [Time] 21:12:03
234/248 2MUCD20596-20210218@211314-Eden.fts [TYPE] LIGHT [OBJ] 2MUCD20596 [RA] 15 01 08.1871 [Dec] +22 50 02.1204 [FIL] GG495 [EXPTIME] 60.0 [Date] 2021-02-18T21:13:14 [Time] 21:13:14
235/248 2MUCD20596-20210218@211426-Eden.fts [TYPE] LIGHT [OBJ] 2MUCD20596 [RA] 15 01 08.1871 [Dec] +22 50 02.1204 [FIL] GG495 [EXPTIME] 60.0 [Date] 2021-02-18T21:14:26 [Time] 21:14:26
236/248 2MUCD20596-20210218@211537-Eden.fts [TYPE] LIGHT [OBJ] 2MUCD20596 [RA] 15 01 08.1871 [Dec] +22 50 02.1204 [FIL] GG495 [EXPTIME] 60.0 [Date] 2021-02-18T21:15:37 [Time] 21:15:37
237/248 2MUCD20596-20210218@211649-Eden.fts [TYPE] LIGHT [OBJ] 2MUCD20596 [RA] 15 01 08.1871 [Dec] +22 50 02.1204 [FIL] GG495 [EXPTIME] 60.0 [Date] 2021-02-18T21:16:49 [Time] 21:16:49
238/248 2MUCD20596-20210218@211801-Eden.fts [TYPE] LIGHT [OBJ] 2MUCD20596 [RA] 15 01 08.1871 [Dec] +22 50 02.1204 [FIL] GG495 [EXPTIME] 60.0 [Date] 2021-02-18T21:18:01 [Time] 21:18:01
239/248 2MUCD20596-20210218@211912-Eden.fts [TYPE] LIGHT [OBJ] 2MUCD20596 [RA] 15 01 08.1871 [Dec] +22 50 02.1204 [FIL] GG495 [EXPTIME] 60.0 [Date] 2021-02-18T21:19:12 [Time] 21:19:12
240/248 2MUCD20596-20210218@212023-Eden.fts [TYPE] LIGHT [OBJ] 2MUCD20596 [RA] 15 01 08.1871 [Dec] +22 50 02.1204 [FIL] GG495 [EXPTIME] 60.0 [Date] 2021-02-18T21:20:23 [Time] 21:20:23
241/248 2MUCD20596-20210218@212134-Eden.fts [TYPE] LIGHT [OBJ] 2MUCD20596 [RA] 15 01 08.1871 [Dec] +22 50 02.1204 [FIL] GG495 [EXPTIME] 60.0 [Date] 2021-02-18T21:21:34 [Time] 21:21:34
242/248 2MUCD20596-20210218@212246-Eden.fts [TYPE] LIGHT [OBJ] 2MUCD20596 [RA] 15 01 08.1871 [Dec] +22 50 02.1204 [FIL] GG495 [EXPTIME] 60.0 [Date] 2021-02-18T21:22:46 [Time] 21:22:46
243/248 2MUCD20596-20210218@212357-Eden.fts [TYPE] LIGHT [OBJ] 2MUCD20596 [RA] 15 01 08.1871 [Dec] +22 50 02.1204 [FIL] GG495 [EXPTIME] 60.0 [Date] 2021-02-18T21:23:57 [Time] 21:23:57
244/248 2MUCD20596-20210218@212508-Eden.fts [TYPE] LIGHT [OBJ] 2MUCD20596 [RA] 15 01 08.1871 [Dec] +22 50 02.1204 [FIL] GG495 [EXPTIME] 60.0 [Date] 2021-02-18T21:25:08 [Time] 21:25:08
245/248 2MUCD20596-20210218@212620-Eden.fts [TYPE] LIGHT [OBJ] 2MUCD20596 [RA] 15 01 08.1871 [Dec] +22 50 02.1204 [FIL] GG495 [EXPTIME] 60.0 [Date] 2021-02-18T21:26:20 [Time] 21:26:20
246/248 2MUCD20596-20210218@212731-Eden.fts [TYPE] LIGHT [OBJ] 2MUCD20596 [RA] 15 01 08.1871 [Dec] +22 50 02.1204 [FIL] GG495 [EXPTIME] 60.0 [Date] 2021-02-18T21:27:31 [Time] 21:27:31
247/248 2MUCD20596-20210218@212842-Eden.fts [TYPE] LIGHT [OBJ] 2MUCD20596 [RA] 15 01 08.1871 [Dec] +22 50 02.1204 [FIL] GG495 [EXPTIME] 60.0 [Date] 2021-02-18T21:28:42 [Time] 21:28:42
248/248 2MUCD20596-20210218@212954-Eden.fts [TYPE] LIGHT [OBJ] 2MUCD20596 [RA] 15 01 08.1871 [Dec] +22 50 02.1204 [FIL] GG495 [EXPTIME] 60.0 [Date] 2021-02-18T21:29:54 [Time] 21:29:54
... write log file to LOT20210218_2MUCD20596_mod.log ...
... finish ...
