Bucket successfully loaded! eden-data
222 files found
Storing data to the S3 archive!
We can now start uploading the data.
Press return to start the upload, or anything else to abort: Verbose output enabled.
Storing /home/altsai/eden/LOT20220707_2MASS_J20443743+1517352_mod/2MASS_J20443743+1517352-20220707@160741-Eden.fts -> s3://eden-data/RAW/LOT/2MASS_J20443743+1517352/2022-07-07/2MASS_J20443743+1517352-20220707@160741-Eden.fits (1/222)
Storing /home/altsai/eden/LOT20220707_2MASS_J20443743+1517352_mod/2MASS_J20443743+1517352-20220707@162906-Eden.fts -> s3://eden-data/RAW/LOT/2MASS_J20443743+1517352/2022-07-07/2MASS_J20443743+1517352-20220707@162906-Eden.fits (2/222)
Storing /home/altsai/eden/LOT20220707_2MASS_J20443743+1517352_mod/2MASS_J20443743+1517352-20220707@163025-Eden.fts -> s3://eden-data/RAW/LOT/2MASS_J20443743+1517352/2022-07-07/2MASS_J20443743+1517352-20220707@163025-Eden.fits (3/222)
Storing /home/altsai/eden/LOT20220707_2MASS_J20443743+1517352_mod/2MASS_J20443743+1517352-20220707@163144-Eden.fts -> s3://eden-data/RAW/LOT/2MASS_J20443743+1517352/2022-07-07/2MASS_J20443743+1517352-20220707@163144-Eden.fits (4/222)
Storing /home/altsai/eden/LOT20220707_2MASS_J20443743+1517352_mod/2MASS_J20443743+1517352-20220707@163300-Eden.fts -> s3://eden-data/RAW/LOT/2MASS_J20443743+1517352/2022-07-07/2MASS_J20443743+1517352-20220707@163300-Eden.fits (5/222)
Storing /home/altsai/eden/LOT20220707_2MASS_J20443743+1517352_mod/2MASS_J20443743+1517352-20220707@163418-Eden.fts -> s3://eden-data/RAW/LOT/2MASS_J20443743+1517352/2022-07-07/2MASS_J20443743+1517352-20220707@163418-Eden.fits (6/222)
Storing /home/altsai/eden/LOT20220707_2MASS_J20443743+1517352_mod/2MASS_J20443743+1517352-20220707@163536-Eden.fts -> s3://eden-data/RAW/LOT/2MASS_J20443743+1517352/2022-07-07/2MASS_J20443743+1517352-20220707@163536-Eden.fits (7/222)
Storing /home/altsai/eden/LOT20220707_2MASS_J20443743+1517352_mod/2MASS_J20443743+1517352-20220707@163654-Eden.fts -> s3://eden-data/RAW/LOT/2MASS_J20443743+1517352/2022-07-07/2MASS_J20443743+1517352-20220707@163654-Eden.fits (8/222)
Storing /home/altsai/eden/LOT20220707_2MASS_J20443743+1517352_mod/2MASS_J20443743+1517352-20220707@163812-Eden.fts -> s3://eden-data/RAW/LOT/2MASS_J20443743+1517352/2022-07-07/2MASS_J20443743+1517352-20220707@163812-Eden.fits (9/222)
Storing /home/altsai/eden/LOT20220707_2MASS_J20443743+1517352_mod/2MASS_J20443743+1517352-20220707@163929-Eden.fts -> s3://eden-data/RAW/LOT/2MASS_J20443743+1517352/2022-07-07/2MASS_J20443743+1517352-20220707@163929-Eden.fits (10/222)
Storing /home/altsai/eden/LOT20220707_2MASS_J20443743+1517352_mod/2MASS_J20443743+1517352-20220707@164051-Eden.fts -> s3://eden-data/RAW/LOT/2MASS_J20443743+1517352/2022-07-07/2MASS_J20443743+1517352-20220707@164051-Eden.fits (11/222)
Storing /home/altsai/eden/LOT20220707_2MASS_J20443743+1517352_mod/2MASS_J20443743+1517352-20220707@164208-Eden.fts -> s3://eden-data/RAW/LOT/2MASS_J20443743+1517352/2022-07-07/2MASS_J20443743+1517352-20220707@164208-Eden.fits (12/222)
Storing /home/altsai/eden/LOT20220707_2MASS_J20443743+1517352_mod/2MASS_J20443743+1517352-20220707@164324-Eden.fts -> s3://eden-data/RAW/LOT/2MASS_J20443743+1517352/2022-07-07/2MASS_J20443743+1517352-20220707@164324-Eden.fits (13/222)
Storing /home/altsai/eden/LOT20220707_2MASS_J20443743+1517352_mod/2MASS_J20443743+1517352-20220707@164442-Eden.fts -> s3://eden-data/RAW/LOT/2MASS_J20443743+1517352/2022-07-07/2MASS_J20443743+1517352-20220707@164442-Eden.fits (14/222)
Storing /home/altsai/eden/LOT20220707_2MASS_J20443743+1517352_mod/2MASS_J20443743+1517352-20220707@164601-Eden.fts -> s3://eden-data/RAW/LOT/2MASS_J20443743+1517352/2022-07-07/2MASS_J20443743+1517352-20220707@164601-Eden.fits (15/222)
Storing /home/altsai/eden/LOT20220707_2MASS_J20443743+1517352_mod/2MASS_J20443743+1517352-20220707@164718-Eden.fts -> s3://eden-data/RAW/LOT/2MASS_J20443743+1517352/2022-07-07/2MASS_J20443743+1517352-20220707@164718-Eden.fits (16/222)
Storing /home/altsai/eden/LOT20220707_2MASS_J20443743+1517352_mod/2MASS_J20443743+1517352-20220707@164837-Eden.fts -> s3://eden-data/RAW/LOT/2MASS_J20443743+1517352/2022-07-07/2MASS_J20443743+1517352-20220707@164837-Eden.fits (17/222)
Storing /home/altsai/eden/LOT20220707_2MASS_J20443743+1517352_mod/2MASS_J20443743+1517352-20220707@164955-Eden.fts -> s3://eden-data/RAW/LOT/2MASS_J20443743+1517352/2022-07-07/2MASS_J20443743+1517352-20220707@164955-Eden.fits (18/222)
Storing /home/altsai/eden/LOT20220707_2MASS_J20443743+1517352_mod/2MASS_J20443743+1517352-20220707@165112-Eden.fts -> s3://eden-data/RAW/LOT/2MASS_J20443743+1517352/2022-07-07/2MASS_J20443743+1517352-20220707@165112-Eden.fits (19/222)
Storing /home/altsai/eden/LOT20220707_2MASS_J20443743+1517352_mod/2MASS_J20443743+1517352-20220707@165229-Eden.fts -> s3://eden-data/RAW/LOT/2MASS_J20443743+1517352/2022-07-07/2MASS_J20443743+1517352-20220707@165229-Eden.fits (20/222)
Storing /home/altsai/eden/LOT20220707_2MASS_J20443743+1517352_mod/2MASS_J20443743+1517352-20220707@165353-Eden.fts -> s3://eden-data/RAW/LOT/2MASS_J20443743+1517352/2022-07-07/2MASS_J20443743+1517352-20220707@165353-Eden.fits (21/222)
Storing /home/altsai/eden/LOT20220707_2MASS_J20443743+1517352_mod/2MASS_J20443743+1517352-20220707@165510-Eden.fts -> s3://eden-data/RAW/LOT/2MASS_J20443743+1517352/2022-07-07/2MASS_J20443743+1517352-20220707@165510-Eden.fits (22/222)
Storing /home/altsai/eden/LOT20220707_2MASS_J20443743+1517352_mod/2MASS_J20443743+1517352-20220707@165627-Eden.fts -> s3://eden-data/RAW/LOT/2MASS_J20443743+1517352/2022-07-07/2MASS_J20443743+1517352-20220707@165627-Eden.fits (23/222)
Storing /home/altsai/eden/LOT20220707_2MASS_J20443743+1517352_mod/2MASS_J20443743+1517352-20220707@165744-Eden.fts -> s3://eden-data/RAW/LOT/2MASS_J20443743+1517352/2022-07-07/2MASS_J20443743+1517352-20220707@165744-Eden.fits (24/222)
Storing /home/altsai/eden/LOT20220707_2MASS_J20443743+1517352_mod/2MASS_J20443743+1517352-20220707@165901-Eden.fts -> s3://eden-data/RAW/LOT/2MASS_J20443743+1517352/2022-07-07/2MASS_J20443743+1517352-20220707@165901-Eden.fits (25/222)
Storing /home/altsai/eden/LOT20220707_2MASS_J20443743+1517352_mod/2MASS_J20443743+1517352-20220707@170021-Eden.fts -> s3://eden-data/RAW/LOT/2MASS_J20443743+1517352/2022-07-07/2MASS_J20443743+1517352-20220707@170021-Eden.fits (26/222)
Storing /home/altsai/eden/LOT20220707_2MASS_J20443743+1517352_mod/2MASS_J20443743+1517352-20220707@170138-Eden.fts -> s3://eden-data/RAW/LOT/2MASS_J20443743+1517352/2022-07-07/2MASS_J20443743+1517352-20220707@170138-Eden.fits (27/222)
Storing /home/altsai/eden/LOT20220707_2MASS_J20443743+1517352_mod/2MASS_J20443743+1517352-20220707@170255-Eden.fts -> s3://eden-data/RAW/LOT/2MASS_J20443743+1517352/2022-07-07/2MASS_J20443743+1517352-20220707@170255-Eden.fits (28/222)
Storing /home/altsai/eden/LOT20220707_2MASS_J20443743+1517352_mod/2MASS_J20443743+1517352-20220707@170413-Eden.fts -> s3://eden-data/RAW/LOT/2MASS_J20443743+1517352/2022-07-07/2MASS_J20443743+1517352-20220707@170413-Eden.fits (29/222)
Storing /home/altsai/eden/LOT20220707_2MASS_J20443743+1517352_mod/2MASS_J20443743+1517352-20220707@170532-Eden.fts -> s3://eden-data/RAW/LOT/2MASS_J20443743+1517352/2022-07-07/2MASS_J20443743+1517352-20220707@170532-Eden.fits (30/222)
Storing /home/altsai/eden/LOT20220707_2MASS_J20443743+1517352_mod/2MASS_J20443743+1517352-20220707@170657-Eden.fts -> s3://eden-data/RAW/LOT/2MASS_J20443743+1517352/2022-07-07/2MASS_J20443743+1517352-20220707@170657-Eden.fits (31/222)
Storing /home/altsai/eden/LOT20220707_2MASS_J20443743+1517352_mod/2MASS_J20443743+1517352-20220707@170813-Eden.fts -> s3://eden-data/RAW/LOT/2MASS_J20443743+1517352/2022-07-07/2MASS_J20443743+1517352-20220707@170813-Eden.fits (32/222)
Storing /home/altsai/eden/LOT20220707_2MASS_J20443743+1517352_mod/2MASS_J20443743+1517352-20220707@170933-Eden.fts -> s3://eden-data/RAW/LOT/2MASS_J20443743+1517352/2022-07-07/2MASS_J20443743+1517352-20220707@170933-Eden.fits (33/222)
Storing /home/altsai/eden/LOT20220707_2MASS_J20443743+1517352_mod/2MASS_J20443743+1517352-20220707@171050-Eden.fts -> s3://eden-data/RAW/LOT/2MASS_J20443743+1517352/2022-07-07/2MASS_J20443743+1517352-20220707@171050-Eden.fits (34/222)
Storing /home/altsai/eden/LOT20220707_2MASS_J20443743+1517352_mod/2MASS_J20443743+1517352-20220707@171209-Eden.fts -> s3://eden-data/RAW/LOT/2MASS_J20443743+1517352/2022-07-07/2MASS_J20443743+1517352-20220707@171209-Eden.fits (35/222)
Storing /home/altsai/eden/LOT20220707_2MASS_J20443743+1517352_mod/2MASS_J20443743+1517352-20220707@171328-Eden.fts -> s3://eden-data/RAW/LOT/2MASS_J20443743+1517352/2022-07-07/2MASS_J20443743+1517352-20220707@171328-Eden.fits (36/222)
Storing /home/altsai/eden/LOT20220707_2MASS_J20443743+1517352_mod/2MASS_J20443743+1517352-20220707@171445-Eden.fts -> s3://eden-data/RAW/LOT/2MASS_J20443743+1517352/2022-07-07/2MASS_J20443743+1517352-20220707@171445-Eden.fits (37/222)
Storing /home/altsai/eden/LOT20220707_2MASS_J20443743+1517352_mod/2MASS_J20443743+1517352-20220707@171602-Eden.fts -> s3://eden-data/RAW/LOT/2MASS_J20443743+1517352/2022-07-07/2MASS_J20443743+1517352-20220707@171602-Eden.fits (38/222)
Storing /home/altsai/eden/LOT20220707_2MASS_J20443743+1517352_mod/2MASS_J20443743+1517352-20220707@171720-Eden.fts -> s3://eden-data/RAW/LOT/2MASS_J20443743+1517352/2022-07-07/2MASS_J20443743+1517352-20220707@171720-Eden.fits (39/222)
Storing /home/altsai/eden/LOT20220707_2MASS_J20443743+1517352_mod/2MASS_J20443743+1517352-20220707@171837-Eden.fts -> s3://eden-data/RAW/LOT/2MASS_J20443743+1517352/2022-07-07/2MASS_J20443743+1517352-20220707@171837-Eden.fits (40/222)
Storing /home/altsai/eden/LOT20220707_2MASS_J20443743+1517352_mod/2MASS_J20443743+1517352-20220707@172002-Eden.fts -> s3://eden-data/RAW/LOT/2MASS_J20443743+1517352/2022-07-07/2MASS_J20443743+1517352-20220707@172002-Eden.fits (41/222)
Storing /home/altsai/eden/LOT20220707_2MASS_J20443743+1517352_mod/2MASS_J20443743+1517352-20220707@172121-Eden.fts -> s3://eden-data/RAW/LOT/2MASS_J20443743+1517352/2022-07-07/2MASS_J20443743+1517352-20220707@172121-Eden.fits (42/222)
Storing /home/altsai/eden/LOT20220707_2MASS_J20443743+1517352_mod/2MASS_J20443743+1517352-20220707@172238-Eden.fts -> s3://eden-data/RAW/LOT/2MASS_J20443743+1517352/2022-07-07/2MASS_J20443743+1517352-20220707@172238-Eden.fits (43/222)
Storing /home/altsai/eden/LOT20220707_2MASS_J20443743+1517352_mod/2MASS_J20443743+1517352-20220707@172357-Eden.fts -> s3://eden-data/RAW/LOT/2MASS_J20443743+1517352/2022-07-07/2MASS_J20443743+1517352-20220707@172357-Eden.fits (44/222)
Storing /home/altsai/eden/LOT20220707_2MASS_J20443743+1517352_mod/2MASS_J20443743+1517352-20220707@172515-Eden.fts -> s3://eden-data/RAW/LOT/2MASS_J20443743+1517352/2022-07-07/2MASS_J20443743+1517352-20220707@172515-Eden.fits (45/222)
Storing /home/altsai/eden/LOT20220707_2MASS_J20443743+1517352_mod/2MASS_J20443743+1517352-20220707@172633-Eden.fts -> s3://eden-data/RAW/LOT/2MASS_J20443743+1517352/2022-07-07/2MASS_J20443743+1517352-20220707@172633-Eden.fits (46/222)
Storing /home/altsai/eden/LOT20220707_2MASS_J20443743+1517352_mod/2MASS_J20443743+1517352-20220707@172753-Eden.fts -> s3://eden-data/RAW/LOT/2MASS_J20443743+1517352/2022-07-07/2MASS_J20443743+1517352-20220707@172753-Eden.fits (47/222)
Storing /home/altsai/eden/LOT20220707_2MASS_J20443743+1517352_mod/2MASS_J20443743+1517352-20220707@172910-Eden.fts -> s3://eden-data/RAW/LOT/2MASS_J20443743+1517352/2022-07-07/2MASS_J20443743+1517352-20220707@172910-Eden.fits (48/222)
Storing /home/altsai/eden/LOT20220707_2MASS_J20443743+1517352_mod/2MASS_J20443743+1517352-20220707@173028-Eden.fts -> s3://eden-data/RAW/LOT/2MASS_J20443743+1517352/2022-07-07/2MASS_J20443743+1517352-20220707@173028-Eden.fits (49/222)
Storing /home/altsai/eden/LOT20220707_2MASS_J20443743+1517352_mod/2MASS_J20443743+1517352-20220707@173146-Eden.fts -> s3://eden-data/RAW/LOT/2MASS_J20443743+1517352/2022-07-07/2MASS_J20443743+1517352-20220707@173146-Eden.fits (50/222)
Storing /home/altsai/eden/LOT20220707_2MASS_J20443743+1517352_mod/2MASS_J20443743+1517352-20220707@173311-Eden.fts -> s3://eden-data/RAW/LOT/2MASS_J20443743+1517352/2022-07-07/2MASS_J20443743+1517352-20220707@173311-Eden.fits (51/222)
Storing /home/altsai/eden/LOT20220707_2MASS_J20443743+1517352_mod/2MASS_J20443743+1517352-20220707@173429-Eden.fts -> s3://eden-data/RAW/LOT/2MASS_J20443743+1517352/2022-07-07/2MASS_J20443743+1517352-20220707@173429-Eden.fits (52/222)
Storing /home/altsai/eden/LOT20220707_2MASS_J20443743+1517352_mod/2MASS_J20443743+1517352-20220707@173546-Eden.fts -> s3://eden-data/RAW/LOT/2MASS_J20443743+1517352/2022-07-07/2MASS_J20443743+1517352-20220707@173546-Eden.fits (53/222)
Storing /home/altsai/eden/LOT20220707_2MASS_J20443743+1517352_mod/2MASS_J20443743+1517352-20220707@173705-Eden.fts -> s3://eden-data/RAW/LOT/2MASS_J20443743+1517352/2022-07-07/2MASS_J20443743+1517352-20220707@173705-Eden.fits (54/222)
Storing /home/altsai/eden/LOT20220707_2MASS_J20443743+1517352_mod/2MASS_J20443743+1517352-20220707@173821-Eden.fts -> s3://eden-data/RAW/LOT/2MASS_J20443743+1517352/2022-07-07/2MASS_J20443743+1517352-20220707@173821-Eden.fits (55/222)
Storing /home/altsai/eden/LOT20220707_2MASS_J20443743+1517352_mod/2MASS_J20443743+1517352-20220707@173941-Eden.fts -> s3://eden-data/RAW/LOT/2MASS_J20443743+1517352/2022-07-07/2MASS_J20443743+1517352-20220707@173941-Eden.fits (56/222)
Storing /home/altsai/eden/LOT20220707_2MASS_J20443743+1517352_mod/2MASS_J20443743+1517352-20220707@174100-Eden.fts -> s3://eden-data/RAW/LOT/2MASS_J20443743+1517352/2022-07-07/2MASS_J20443743+1517352-20220707@174100-Eden.fits (57/222)
Storing /home/altsai/eden/LOT20220707_2MASS_J20443743+1517352_mod/2MASS_J20443743+1517352-20220707@174220-Eden.fts -> s3://eden-data/RAW/LOT/2MASS_J20443743+1517352/2022-07-07/2MASS_J20443743+1517352-20220707@174220-Eden.fits (58/222)
Storing /home/altsai/eden/LOT20220707_2MASS_J20443743+1517352_mod/2MASS_J20443743+1517352-20220707@174336-Eden.fts -> s3://eden-data/RAW/LOT/2MASS_J20443743+1517352/2022-07-07/2MASS_J20443743+1517352-20220707@174336-Eden.fits (59/222)
Storing /home/altsai/eden/LOT20220707_2MASS_J20443743+1517352_mod/2MASS_J20443743+1517352-20220707@174455-Eden.fts -> s3://eden-data/RAW/LOT/2MASS_J20443743+1517352/2022-07-07/2MASS_J20443743+1517352-20220707@174455-Eden.fits (60/222)
Storing /home/altsai/eden/LOT20220707_2MASS_J20443743+1517352_mod/2MASS_J20443743+1517352-20220707@174627-Eden.fts -> s3://eden-data/RAW/LOT/2MASS_J20443743+1517352/2022-07-07/2MASS_J20443743+1517352-20220707@174627-Eden.fits (61/222)
Storing /home/altsai/eden/LOT20220707_2MASS_J20443743+1517352_mod/2MASS_J20443743+1517352-20220707@174745-Eden.fts -> s3://eden-data/RAW/LOT/2MASS_J20443743+1517352/2022-07-07/2MASS_J20443743+1517352-20220707@174745-Eden.fits (62/222)
Storing /home/altsai/eden/LOT20220707_2MASS_J20443743+1517352_mod/2MASS_J20443743+1517352-20220707@174903-Eden.fts -> s3://eden-data/RAW/LOT/2MASS_J20443743+1517352/2022-07-07/2MASS_J20443743+1517352-20220707@174903-Eden.fits (63/222)
Storing /home/altsai/eden/LOT20220707_2MASS_J20443743+1517352_mod/2MASS_J20443743+1517352-20220707@175020-Eden.fts -> s3://eden-data/RAW/LOT/2MASS_J20443743+1517352/2022-07-07/2MASS_J20443743+1517352-20220707@175020-Eden.fits (64/222)
Storing /home/altsai/eden/LOT20220707_2MASS_J20443743+1517352_mod/2MASS_J20443743+1517352-20220707@175137-Eden.fts -> s3://eden-data/RAW/LOT/2MASS_J20443743+1517352/2022-07-07/2MASS_J20443743+1517352-20220707@175137-Eden.fits (65/222)
Storing /home/altsai/eden/LOT20220707_2MASS_J20443743+1517352_mod/2MASS_J20443743+1517352-20220707@175254-Eden.fts -> s3://eden-data/RAW/LOT/2MASS_J20443743+1517352/2022-07-07/2MASS_J20443743+1517352-20220707@175254-Eden.fits (66/222)
Storing /home/altsai/eden/LOT20220707_2MASS_J20443743+1517352_mod/2MASS_J20443743+1517352-20220707@175413-Eden.fts -> s3://eden-data/RAW/LOT/2MASS_J20443743+1517352/2022-07-07/2MASS_J20443743+1517352-20220707@175413-Eden.fits (67/222)
Storing /home/altsai/eden/LOT20220707_2MASS_J20443743+1517352_mod/2MASS_J20443743+1517352-20220707@175530-Eden.fts -> s3://eden-data/RAW/LOT/2MASS_J20443743+1517352/2022-07-07/2MASS_J20443743+1517352-20220707@175530-Eden.fits (68/222)
Storing /home/altsai/eden/LOT20220707_2MASS_J20443743+1517352_mod/2MASS_J20443743+1517352-20220707@175647-Eden.fts -> s3://eden-data/RAW/LOT/2MASS_J20443743+1517352/2022-07-07/2MASS_J20443743+1517352-20220707@175647-Eden.fits (69/222)
Storing /home/altsai/eden/LOT20220707_2MASS_J20443743+1517352_mod/2MASS_J20443743+1517352-20220707@175807-Eden.fts -> s3://eden-data/RAW/LOT/2MASS_J20443743+1517352/2022-07-07/2MASS_J20443743+1517352-20220707@175807-Eden.fits (70/222)
Storing /home/altsai/eden/LOT20220707_2MASS_J20443743+1517352_mod/2MASS_J20443743+1517352-20220707@175929-Eden.fts -> s3://eden-data/RAW/LOT/2MASS_J20443743+1517352/2022-07-07/2MASS_J20443743+1517352-20220707@175929-Eden.fits (71/222)
Storing /home/altsai/eden/LOT20220707_2MASS_J20443743+1517352_mod/2MASS_J20443743+1517352-20220707@180048-Eden.fts -> s3://eden-data/RAW/LOT/2MASS_J20443743+1517352/2022-07-07/2MASS_J20443743+1517352-20220707@180048-Eden.fits (72/222)
Storing /home/altsai/eden/LOT20220707_2MASS_J20443743+1517352_mod/2MASS_J20443743+1517352-20220707@180205-Eden.fts -> s3://eden-data/RAW/LOT/2MASS_J20443743+1517352/2022-07-07/2MASS_J20443743+1517352-20220707@180205-Eden.fits (73/222)
Storing /home/altsai/eden/LOT20220707_2MASS_J20443743+1517352_mod/2MASS_J20443743+1517352-20220707@180324-Eden.fts -> s3://eden-data/RAW/LOT/2MASS_J20443743+1517352/2022-07-07/2MASS_J20443743+1517352-20220707@180324-Eden.fits (74/222)
Storing /home/altsai/eden/LOT20220707_2MASS_J20443743+1517352_mod/2MASS_J20443743+1517352-20220707@180441-Eden.fts -> s3://eden-data/RAW/LOT/2MASS_J20443743+1517352/2022-07-07/2MASS_J20443743+1517352-20220707@180441-Eden.fits (75/222)
Storing /home/altsai/eden/LOT20220707_2MASS_J20443743+1517352_mod/2MASS_J20443743+1517352-20220707@180600-Eden.fts -> s3://eden-data/RAW/LOT/2MASS_J20443743+1517352/2022-07-07/2MASS_J20443743+1517352-20220707@180600-Eden.fits (76/222)
Storing /home/altsai/eden/LOT20220707_2MASS_J20443743+1517352_mod/2MASS_J20443743+1517352-20220707@180718-Eden.fts -> s3://eden-data/RAW/LOT/2MASS_J20443743+1517352/2022-07-07/2MASS_J20443743+1517352-20220707@180718-Eden.fits (77/222)
Storing /home/altsai/eden/LOT20220707_2MASS_J20443743+1517352_mod/2MASS_J20443743+1517352-20220707@180837-Eden.fts -> s3://eden-data/RAW/LOT/2MASS_J20443743+1517352/2022-07-07/2MASS_J20443743+1517352-20220707@180837-Eden.fits (78/222)
Storing /home/altsai/eden/LOT20220707_2MASS_J20443743+1517352_mod/2MASS_J20443743+1517352-20220707@180954-Eden.fts -> s3://eden-data/RAW/LOT/2MASS_J20443743+1517352/2022-07-07/2MASS_J20443743+1517352-20220707@180954-Eden.fits (79/222)
Storing /home/altsai/eden/LOT20220707_2MASS_J20443743+1517352_mod/2MASS_J20443743+1517352-20220707@181113-Eden.fts -> s3://eden-data/RAW/LOT/2MASS_J20443743+1517352/2022-07-07/2MASS_J20443743+1517352-20220707@181113-Eden.fits (80/222)
Storing /home/altsai/eden/LOT20220707_2MASS_J20443743+1517352_mod/2MASS_J20443743+1517352-20220707@181235-Eden.fts -> s3://eden-data/RAW/LOT/2MASS_J20443743+1517352/2022-07-07/2MASS_J20443743+1517352-20220707@181235-Eden.fits (81/222)
Storing /home/altsai/eden/LOT20220707_2MASS_J20443743+1517352_mod/2MASS_J20443743+1517352-20220707@181353-Eden.fts -> s3://eden-data/RAW/LOT/2MASS_J20443743+1517352/2022-07-07/2MASS_J20443743+1517352-20220707@181353-Eden.fits (82/222)
Storing /home/altsai/eden/LOT20220707_2MASS_J20443743+1517352_mod/2MASS_J20443743+1517352-20220707@181511-Eden.fts -> s3://eden-data/RAW/LOT/2MASS_J20443743+1517352/2022-07-07/2MASS_J20443743+1517352-20220707@181511-Eden.fits (83/222)
Storing /home/altsai/eden/LOT20220707_2MASS_J20443743+1517352_mod/2MASS_J20443743+1517352-20220707@181628-Eden.fts -> s3://eden-data/RAW/LOT/2MASS_J20443743+1517352/2022-07-07/2MASS_J20443743+1517352-20220707@181628-Eden.fits (84/222)
Storing /home/altsai/eden/LOT20220707_2MASS_J20443743+1517352_mod/2MASS_J20443743+1517352-20220707@181747-Eden.fts -> s3://eden-data/RAW/LOT/2MASS_J20443743+1517352/2022-07-07/2MASS_J20443743+1517352-20220707@181747-Eden.fits (85/222)
Storing /home/altsai/eden/LOT20220707_2MASS_J20443743+1517352_mod/2MASS_J20443743+1517352-20220707@181905-Eden.fts -> s3://eden-data/RAW/LOT/2MASS_J20443743+1517352/2022-07-07/2MASS_J20443743+1517352-20220707@181905-Eden.fits (86/222)
Storing /home/altsai/eden/LOT20220707_2MASS_J20443743+1517352_mod/2MASS_J20443743+1517352-20220707@182021-Eden.fts -> s3://eden-data/RAW/LOT/2MASS_J20443743+1517352/2022-07-07/2MASS_J20443743+1517352-20220707@182021-Eden.fits (87/222)
Storing /home/altsai/eden/LOT20220707_2MASS_J20443743+1517352_mod/2MASS_J20443743+1517352-20220707@182139-Eden.fts -> s3://eden-data/RAW/LOT/2MASS_J20443743+1517352/2022-07-07/2MASS_J20443743+1517352-20220707@182139-Eden.fits (88/222)
Storing /home/altsai/eden/LOT20220707_2MASS_J20443743+1517352_mod/2MASS_J20443743+1517352-20220707@182257-Eden.fts -> s3://eden-data/RAW/LOT/2MASS_J20443743+1517352/2022-07-07/2MASS_J20443743+1517352-20220707@182257-Eden.fits (89/222)
Storing /home/altsai/eden/LOT20220707_2MASS_J20443743+1517352_mod/2MASS_J20443743+1517352-20220707@182414-Eden.fts -> s3://eden-data/RAW/LOT/2MASS_J20443743+1517352/2022-07-07/2MASS_J20443743+1517352-20220707@182414-Eden.fits (90/222)
Storing /home/altsai/eden/LOT20220707_2MASS_J20443743+1517352_mod/2MASS_J20443743+1517352-20220707@182536-Eden.fts -> s3://eden-data/RAW/LOT/2MASS_J20443743+1517352/2022-07-07/2MASS_J20443743+1517352-20220707@182536-Eden.fits (91/222)
Storing /home/altsai/eden/LOT20220707_2MASS_J20443743+1517352_mod/2MASS_J20443743+1517352-20220707@182654-Eden.fts -> s3://eden-data/RAW/LOT/2MASS_J20443743+1517352/2022-07-07/2MASS_J20443743+1517352-20220707@182654-Eden.fits (92/222)
Storing /home/altsai/eden/LOT20220707_2MASS_J20443743+1517352_mod/2MASS_J20443743+1517352-20220707@182810-Eden.fts -> s3://eden-data/RAW/LOT/2MASS_J20443743+1517352/2022-07-07/2MASS_J20443743+1517352-20220707@182810-Eden.fits (93/222)
Storing /home/altsai/eden/LOT20220707_2MASS_J20443743+1517352_mod/2MASS_J20443743+1517352-20220707@182928-Eden.fts -> s3://eden-data/RAW/LOT/2MASS_J20443743+1517352/2022-07-07/2MASS_J20443743+1517352-20220707@182928-Eden.fits (94/222)
Storing /home/altsai/eden/LOT20220707_2MASS_J20443743+1517352_mod/2MASS_J20443743+1517352-20220707@183046-Eden.fts -> s3://eden-data/RAW/LOT/2MASS_J20443743+1517352/2022-07-07/2MASS_J20443743+1517352-20220707@183046-Eden.fits (95/222)
Storing /home/altsai/eden/LOT20220707_2MASS_J20443743+1517352_mod/2MASS_J20443743+1517352-20220707@183203-Eden.fts -> s3://eden-data/RAW/LOT/2MASS_J20443743+1517352/2022-07-07/2MASS_J20443743+1517352-20220707@183203-Eden.fits (96/222)
Storing /home/altsai/eden/LOT20220707_2MASS_J20443743+1517352_mod/2MASS_J20443743+1517352-20220707@183321-Eden.fts -> s3://eden-data/RAW/LOT/2MASS_J20443743+1517352/2022-07-07/2MASS_J20443743+1517352-20220707@183321-Eden.fits (97/222)
Storing /home/altsai/eden/LOT20220707_2MASS_J20443743+1517352_mod/2MASS_J20443743+1517352-20220707@183438-Eden.fts -> s3://eden-data/RAW/LOT/2MASS_J20443743+1517352/2022-07-07/2MASS_J20443743+1517352-20220707@183438-Eden.fits (98/222)
Storing /home/altsai/eden/LOT20220707_2MASS_J20443743+1517352_mod/2MASS_J20443743+1517352-20220707@183556-Eden.fts -> s3://eden-data/RAW/LOT/2MASS_J20443743+1517352/2022-07-07/2MASS_J20443743+1517352-20220707@183556-Eden.fits (99/222)
Storing /home/altsai/eden/LOT20220707_2MASS_J20443743+1517352_mod/2MASS_J20443743+1517352-20220707@183713-Eden.fts -> s3://eden-data/RAW/LOT/2MASS_J20443743+1517352/2022-07-07/2MASS_J20443743+1517352-20220707@183713-Eden.fits (100/222)
Storing /home/altsai/eden/LOT20220707_2MASS_J20443743+1517352_mod/2MASS_J20443743+1517352-20220707@183835-Eden.fts -> s3://eden-data/RAW/LOT/2MASS_J20443743+1517352/2022-07-07/2MASS_J20443743+1517352-20220707@183835-Eden.fits (101/222)
Storing /home/altsai/eden/LOT20220707_2MASS_J20443743+1517352_mod/2MASS_J20443743+1517352-20220707@183953-Eden.fts -> s3://eden-data/RAW/LOT/2MASS_J20443743+1517352/2022-07-07/2MASS_J20443743+1517352-20220707@183953-Eden.fits (102/222)
Storing /home/altsai/eden/LOT20220707_2MASS_J20443743+1517352_mod/2MASS_J20443743+1517352-20220707@184110-Eden.fts -> s3://eden-data/RAW/LOT/2MASS_J20443743+1517352/2022-07-07/2MASS_J20443743+1517352-20220707@184110-Eden.fits (103/222)
Storing /home/altsai/eden/LOT20220707_2MASS_J20443743+1517352_mod/2MASS_J20443743+1517352-20220707@184229-Eden.fts -> s3://eden-data/RAW/LOT/2MASS_J20443743+1517352/2022-07-07/2MASS_J20443743+1517352-20220707@184229-Eden.fits (104/222)
Storing /home/altsai/eden/LOT20220707_2MASS_J20443743+1517352_mod/2MASS_J20443743+1517352-20220707@184346-Eden.fts -> s3://eden-data/RAW/LOT/2MASS_J20443743+1517352/2022-07-07/2MASS_J20443743+1517352-20220707@184346-Eden.fits (105/222)
Storing /home/altsai/eden/LOT20220707_2MASS_J20443743+1517352_mod/2MASS_J20443743+1517352-20220707@184503-Eden.fts -> s3://eden-data/RAW/LOT/2MASS_J20443743+1517352/2022-07-07/2MASS_J20443743+1517352-20220707@184503-Eden.fits (106/222)
Storing /home/altsai/eden/LOT20220707_2MASS_J20443743+1517352_mod/2MASS_J20443743+1517352-20220707@184621-Eden.fts -> s3://eden-data/RAW/LOT/2MASS_J20443743+1517352/2022-07-07/2MASS_J20443743+1517352-20220707@184621-Eden.fits (107/222)
Storing /home/altsai/eden/LOT20220707_2MASS_J20443743+1517352_mod/2MASS_J20443743+1517352-20220707@184738-Eden.fts -> s3://eden-data/RAW/LOT/2MASS_J20443743+1517352/2022-07-07/2MASS_J20443743+1517352-20220707@184738-Eden.fits (108/222)
Storing /home/altsai/eden/LOT20220707_2MASS_J20443743+1517352_mod/2MASS_J20443743+1517352-20220707@184856-Eden.fts -> s3://eden-data/RAW/LOT/2MASS_J20443743+1517352/2022-07-07/2MASS_J20443743+1517352-20220707@184856-Eden.fits (109/222)
Storing /home/altsai/eden/LOT20220707_2MASS_J20443743+1517352_mod/2MASS_J20443743+1517352-20220707@185014-Eden.fts -> s3://eden-data/RAW/LOT/2MASS_J20443743+1517352/2022-07-07/2MASS_J20443743+1517352-20220707@185014-Eden.fits (110/222)
Storing /home/altsai/eden/LOT20220707_2MASS_J20443743+1517352_mod/2MASS_J20443743+1517352-20220707@185145-Eden.fts -> s3://eden-data/RAW/LOT/2MASS_J20443743+1517352/2022-07-07/2MASS_J20443743+1517352-20220707@185145-Eden.fits (111/222)
Storing /home/altsai/eden/LOT20220707_2MASS_J20443743+1517352_mod/2MASS_J20443743+1517352-20220707@185304-Eden.fts -> s3://eden-data/RAW/LOT/2MASS_J20443743+1517352/2022-07-07/2MASS_J20443743+1517352-20220707@185304-Eden.fits (112/222)
Storing /home/altsai/eden/LOT20220707_2MASS_J20443743+1517352_mod/2MASS_J20443743+1517352-20220707@185421-Eden.fts -> s3://eden-data/RAW/LOT/2MASS_J20443743+1517352/2022-07-07/2MASS_J20443743+1517352-20220707@185421-Eden.fits (113/222)
Storing /home/altsai/eden/LOT20220707_2MASS_J20443743+1517352_mod/2MASS_J20443743+1517352-20220707@185538-Eden.fts -> s3://eden-data/RAW/LOT/2MASS_J20443743+1517352/2022-07-07/2MASS_J20443743+1517352-20220707@185538-Eden.fits (114/222)
Storing /home/altsai/eden/LOT20220707_2MASS_J20443743+1517352_mod/2MASS_J20443743+1517352-20220707@185657-Eden.fts -> s3://eden-data/RAW/LOT/2MASS_J20443743+1517352/2022-07-07/2MASS_J20443743+1517352-20220707@185657-Eden.fits (115/222)
Storing /home/altsai/eden/LOT20220707_2MASS_J20443743+1517352_mod/2MASS_J20443743+1517352-20220707@185814-Eden.fts -> s3://eden-data/RAW/LOT/2MASS_J20443743+1517352/2022-07-07/2MASS_J20443743+1517352-20220707@185814-Eden.fits (116/222)
Storing /home/altsai/eden/LOT20220707_2MASS_J20443743+1517352_mod/2MASS_J20443743+1517352-20220707@185931-Eden.fts -> s3://eden-data/RAW/LOT/2MASS_J20443743+1517352/2022-07-07/2MASS_J20443743+1517352-20220707@185931-Eden.fits (117/222)
Storing /home/altsai/eden/LOT20220707_2MASS_J20443743+1517352_mod/2MASS_J20443743+1517352-20220707@190050-Eden.fts -> s3://eden-data/RAW/LOT/2MASS_J20443743+1517352/2022-07-07/2MASS_J20443743+1517352-20220707@190050-Eden.fits (118/222)
Storing /home/altsai/eden/LOT20220707_2MASS_J20443743+1517352_mod/2MASS_J20443743+1517352-20220707@190208-Eden.fts -> s3://eden-data/RAW/LOT/2MASS_J20443743+1517352/2022-07-07/2MASS_J20443743+1517352-20220707@190208-Eden.fits (119/222)
Storing /home/altsai/eden/LOT20220707_2MASS_J20443743+1517352_mod/2MASS_J20443743+1517352-20220707@190326-Eden.fts -> s3://eden-data/RAW/LOT/2MASS_J20443743+1517352/2022-07-07/2MASS_J20443743+1517352-20220707@190326-Eden.fits (120/222)
Storing /home/altsai/eden/LOT20220707_2MASS_J20443743+1517352_mod/2MASS_J20443743+1517352-20220707@190449-Eden.fts -> s3://eden-data/RAW/LOT/2MASS_J20443743+1517352/2022-07-07/2MASS_J20443743+1517352-20220707@190449-Eden.fits (121/222)
Storing /home/altsai/eden/LOT20220707_2MASS_J20443743+1517352_mod/2MASS_J20443743+1517352-20220707@190607-Eden.fts -> s3://eden-data/RAW/LOT/2MASS_J20443743+1517352/2022-07-07/2MASS_J20443743+1517352-20220707@190607-Eden.fits (122/222)
Storing /home/altsai/eden/LOT20220707_2MASS_J20443743+1517352_mod/2MASS_J20443743+1517352-20220707@190725-Eden.fts -> s3://eden-data/RAW/LOT/2MASS_J20443743+1517352/2022-07-07/2MASS_J20443743+1517352-20220707@190725-Eden.fits (123/222)
Storing /home/altsai/eden/LOT20220707_2MASS_J20443743+1517352_mod/2MASS_J20443743+1517352-20220707@190842-Eden.fts -> s3://eden-data/RAW/LOT/2MASS_J20443743+1517352/2022-07-07/2MASS_J20443743+1517352-20220707@190842-Eden.fits (124/222)
Storing /home/altsai/eden/LOT20220707_2MASS_J20443743+1517352_mod/2MASS_J20443743+1517352-20220707@191000-Eden.fts -> s3://eden-data/RAW/LOT/2MASS_J20443743+1517352/2022-07-07/2MASS_J20443743+1517352-20220707@191000-Eden.fits (125/222)
Storing /home/altsai/eden/LOT20220707_2MASS_J20443743+1517352_mod/2MASS_J20443743+1517352-20220707@191118-Eden.fts -> s3://eden-data/RAW/LOT/2MASS_J20443743+1517352/2022-07-07/2MASS_J20443743+1517352-20220707@191118-Eden.fits (126/222)
Storing /home/altsai/eden/LOT20220707_2MASS_J20443743+1517352_mod/2MASS_J20443743+1517352-20220707@191234-Eden.fts -> s3://eden-data/RAW/LOT/2MASS_J20443743+1517352/2022-07-07/2MASS_J20443743+1517352-20220707@191234-Eden.fits (127/222)
Storing /home/altsai/eden/LOT20220707_2MASS_J20443743+1517352_mod/2MASS_J20443743+1517352-20220707@191352-Eden.fts -> s3://eden-data/RAW/LOT/2MASS_J20443743+1517352/2022-07-07/2MASS_J20443743+1517352-20220707@191352-Eden.fits (128/222)
Storing /home/altsai/eden/LOT20220707_2MASS_J20443743+1517352_mod/2MASS_J20443743+1517352-20220707@191510-Eden.fts -> s3://eden-data/RAW/LOT/2MASS_J20443743+1517352/2022-07-07/2MASS_J20443743+1517352-20220707@191510-Eden.fits (129/222)
Storing /home/altsai/eden/LOT20220707_2MASS_J20443743+1517352_mod/2MASS_J20443743+1517352-20220707@191628-Eden.fts -> s3://eden-data/RAW/LOT/2MASS_J20443743+1517352/2022-07-07/2MASS_J20443743+1517352-20220707@191628-Eden.fits (130/222)
Storing /home/altsai/eden/LOT20220707_2MASS_J20443743+1517352_mod/2MASS_J20443743+1517352-20220707@191750-Eden.fts -> s3://eden-data/RAW/LOT/2MASS_J20443743+1517352/2022-07-07/2MASS_J20443743+1517352-20220707@191750-Eden.fits (131/222)
Storing /home/altsai/eden/LOT20220707_2MASS_J20443743+1517352_mod/2MASS_J20443743+1517352-20220707@191907-Eden.fts -> s3://eden-data/RAW/LOT/2MASS_J20443743+1517352/2022-07-07/2MASS_J20443743+1517352-20220707@191907-Eden.fits (132/222)
Storing /home/altsai/eden/LOT20220707_2MASS_J20443743+1517352_mod/2MASS_J20443743+1517352-20220707@192024-Eden.fts -> s3://eden-data/RAW/LOT/2MASS_J20443743+1517352/2022-07-07/2MASS_J20443743+1517352-20220707@192024-Eden.fits (133/222)
Storing /home/altsai/eden/LOT20220707_2MASS_J20443743+1517352_mod/2MASS_J20443743+1517352-20220707@192142-Eden.fts -> s3://eden-data/RAW/LOT/2MASS_J20443743+1517352/2022-07-07/2MASS_J20443743+1517352-20220707@192142-Eden.fits (134/222)
Storing /home/altsai/eden/LOT20220707_2MASS_J20443743+1517352_mod/2MASS_J20443743+1517352-20220707@192300-Eden.fts -> s3://eden-data/RAW/LOT/2MASS_J20443743+1517352/2022-07-07/2MASS_J20443743+1517352-20220707@192300-Eden.fits (135/222)
Storing /home/altsai/eden/LOT20220707_2MASS_J20443743+1517352_mod/2MASS_J20443743+1517352-20220707@192417-Eden.fts -> s3://eden-data/RAW/LOT/2MASS_J20443743+1517352/2022-07-07/2MASS_J20443743+1517352-20220707@192417-Eden.fits (136/222)
Storing /home/altsai/eden/LOT20220707_2MASS_J20443743+1517352_mod/2MASS_J20443743+1517352-20220707@192534-Eden.fts -> s3://eden-data/RAW/LOT/2MASS_J20443743+1517352/2022-07-07/2MASS_J20443743+1517352-20220707@192534-Eden.fits (137/222)
Storing /home/altsai/eden/LOT20220707_2MASS_J20443743+1517352_mod/2MASS_J20443743+1517352-20220707@192651-Eden.fts -> s3://eden-data/RAW/LOT/2MASS_J20443743+1517352/2022-07-07/2MASS_J20443743+1517352-20220707@192651-Eden.fits (138/222)
Storing /home/altsai/eden/LOT20220707_2MASS_J20443743+1517352_mod/2MASS_J20443743+1517352-20220707@192811-Eden.fts -> s3://eden-data/RAW/LOT/2MASS_J20443743+1517352/2022-07-07/2MASS_J20443743+1517352-20220707@192811-Eden.fits (139/222)
Storing /home/altsai/eden/LOT20220707_2MASS_J20443743+1517352_mod/2MASS_J20443743+1517352-20220707@192928-Eden.fts -> s3://eden-data/RAW/LOT/2MASS_J20443743+1517352/2022-07-07/2MASS_J20443743+1517352-20220707@192928-Eden.fits (140/222)
Storing /home/altsai/eden/LOT20220707_2MASS_J20443743+1517352_mod/2MASS_J20443743+1517352-20220707@193051-Eden.fts -> s3://eden-data/RAW/LOT/2MASS_J20443743+1517352/2022-07-07/2MASS_J20443743+1517352-20220707@193051-Eden.fits (141/222)
Storing /home/altsai/eden/LOT20220707_2MASS_J20443743+1517352_mod/2MASS_J20443743+1517352-20220707@193208-Eden.fts -> s3://eden-data/RAW/LOT/2MASS_J20443743+1517352/2022-07-07/2MASS_J20443743+1517352-20220707@193208-Eden.fits (142/222)
Storing /home/altsai/eden/LOT20220707_2MASS_J20443743+1517352_mod/2MASS_J20443743+1517352-20220707@193325-Eden.fts -> s3://eden-data/RAW/LOT/2MASS_J20443743+1517352/2022-07-07/2MASS_J20443743+1517352-20220707@193325-Eden.fits (143/222)
Storing /home/altsai/eden/LOT20220707_2MASS_J20443743+1517352_mod/2MASS_J20443743+1517352-20220707@193443-Eden.fts -> s3://eden-data/RAW/LOT/2MASS_J20443743+1517352/2022-07-07/2MASS_J20443743+1517352-20220707@193443-Eden.fits (144/222)
Storing /home/altsai/eden/LOT20220707_2MASS_J20443743+1517352_mod/2MASS_J20443743+1517352-20220707@193601-Eden.fts -> s3://eden-data/RAW/LOT/2MASS_J20443743+1517352/2022-07-07/2MASS_J20443743+1517352-20220707@193601-Eden.fits (145/222)
Storing /home/altsai/eden/LOT20220707_2MASS_J20443743+1517352_mod/2MASS_J20443743+1517352-20220707@193718-Eden.fts -> s3://eden-data/RAW/LOT/2MASS_J20443743+1517352/2022-07-07/2MASS_J20443743+1517352-20220707@193718-Eden.fits (146/222)
Storing /home/altsai/eden/LOT20220707_2MASS_J20443743+1517352_mod/2MASS_J20443743+1517352-20220707@193835-Eden.fts -> s3://eden-data/RAW/LOT/2MASS_J20443743+1517352/2022-07-07/2MASS_J20443743+1517352-20220707@193835-Eden.fits (147/222)
Storing /home/altsai/eden/LOT20220707_2MASS_J20443743+1517352_mod/2MASS_J20443743+1517352-20220707@193953-Eden.fts -> s3://eden-data/RAW/LOT/2MASS_J20443743+1517352/2022-07-07/2MASS_J20443743+1517352-20220707@193953-Eden.fits (148/222)
Storing /home/altsai/eden/LOT20220707_2MASS_J20443743+1517352_mod/2MASS_J20443743+1517352-20220707@194111-Eden.fts -> s3://eden-data/RAW/LOT/2MASS_J20443743+1517352/2022-07-07/2MASS_J20443743+1517352-20220707@194111-Eden.fits (149/222)
Storing /home/altsai/eden/LOT20220707_2MASS_J20443743+1517352_mod/2MASS_J20443743+1517352-20220707@194228-Eden.fts -> s3://eden-data/RAW/LOT/2MASS_J20443743+1517352/2022-07-07/2MASS_J20443743+1517352-20220707@194228-Eden.fits (150/222)
Storing /home/altsai/eden/LOT20220707_2MASS_J20443743+1517352_mod/2MASS_J20443743+1517352-20220707@194351-Eden.fts -> s3://eden-data/RAW/LOT/2MASS_J20443743+1517352/2022-07-07/2MASS_J20443743+1517352-20220707@194351-Eden.fits (151/222)
Storing /home/altsai/eden/LOT20220707_2MASS_J20443743+1517352_mod/2MASS_J20443743+1517352-20220707@194509-Eden.fts -> s3://eden-data/RAW/LOT/2MASS_J20443743+1517352/2022-07-07/2MASS_J20443743+1517352-20220707@194509-Eden.fits (152/222)
Storing /home/altsai/eden/LOT20220707_2MASS_J20443743+1517352_mod/2MASS_J20443743+1517352-20220707@194627-Eden.fts -> s3://eden-data/RAW/LOT/2MASS_J20443743+1517352/2022-07-07/2MASS_J20443743+1517352-20220707@194627-Eden.fits (153/222)
Storing /home/altsai/eden/LOT20220707_2MASS_J20443743+1517352_mod/2MASS_J20443743+1517352-20220707@194743-Eden.fts -> s3://eden-data/RAW/LOT/2MASS_J20443743+1517352/2022-07-07/2MASS_J20443743+1517352-20220707@194743-Eden.fits (154/222)
Storing /home/altsai/eden/LOT20220707_2MASS_J20443743+1517352_mod/2MASS_J20443743+1517352-20220707@194902-Eden.fts -> s3://eden-data/RAW/LOT/2MASS_J20443743+1517352/2022-07-07/2MASS_J20443743+1517352-20220707@194902-Eden.fits (155/222)
Storing /home/altsai/eden/LOT20220707_2MASS_J20443743+1517352_mod/2MASS_J20443743+1517352-20220707@195020-Eden.fts -> s3://eden-data/RAW/LOT/2MASS_J20443743+1517352/2022-07-07/2MASS_J20443743+1517352-20220707@195020-Eden.fits (156/222)
Storing /home/altsai/eden/LOT20220707_2MASS_J20443743+1517352_mod/2MASS_J20443743+1517352-20220707@195137-Eden.fts -> s3://eden-data/RAW/LOT/2MASS_J20443743+1517352/2022-07-07/2MASS_J20443743+1517352-20220707@195137-Eden.fits (157/222)
Storing /home/altsai/eden/LOT20220707_2MASS_J20443743+1517352_mod/2MASS_J20443743+1517352-20220707@195255-Eden.fts -> s3://eden-data/RAW/LOT/2MASS_J20443743+1517352/2022-07-07/2MASS_J20443743+1517352-20220707@195255-Eden.fits (158/222)
Storing /home/altsai/eden/LOT20220707_2MASS_J20443743+1517352_mod/2MASS_J20443743+1517352-20220707@195412-Eden.fts -> s3://eden-data/RAW/LOT/2MASS_J20443743+1517352/2022-07-07/2MASS_J20443743+1517352-20220707@195412-Eden.fits (159/222)
Storing /home/altsai/eden/LOT20220707_2MASS_J20443743+1517352_mod/2MASS_J20443743+1517352-20220707@195531-Eden.fts -> s3://eden-data/RAW/LOT/2MASS_J20443743+1517352/2022-07-07/2MASS_J20443743+1517352-20220707@195531-Eden.fits (160/222)
Storing /home/altsai/eden/LOT20220707_2MASS_J20443743+1517352_mod/2MASS_J20443743+1517352-20220707@195654-Eden.fts -> s3://eden-data/RAW/LOT/2MASS_J20443743+1517352/2022-07-07/2MASS_J20443743+1517352-20220707@195654-Eden.fits (161/222)
Storing /home/altsai/eden/LOT20220707_2MASS_J20443743+1517352_mod/2MASS_J20443743+1517352-20220707@195812-Eden.fts -> s3://eden-data/RAW/LOT/2MASS_J20443743+1517352/2022-07-07/2MASS_J20443743+1517352-20220707@195812-Eden.fits (162/222)
Storing /home/altsai/eden/LOT20220707_2MASS_J20443743+1517352_mod/2MASS_J20443743+1517352-20220707@195929-Eden.fts -> s3://eden-data/RAW/LOT/2MASS_J20443743+1517352/2022-07-07/2MASS_J20443743+1517352-20220707@195929-Eden.fits (163/222)
Storing /home/altsai/eden/LOT20220707_2MASS_J20443743+1517352_mod/2MASS_J20443743+1517352-20220707@200046-Eden.fts -> s3://eden-data/RAW/LOT/2MASS_J20443743+1517352/2022-07-07/2MASS_J20443743+1517352-20220707@200046-Eden.fits (164/222)
Storing /home/altsai/eden/LOT20220707_2MASS_J20443743+1517352_mod/2MASS_J20443743+1517352-20220707@200204-Eden.fts -> s3://eden-data/RAW/LOT/2MASS_J20443743+1517352/2022-07-07/2MASS_J20443743+1517352-20220707@200204-Eden.fits (165/222)
Storing /home/altsai/eden/LOT20220707_2MASS_J20443743+1517352_mod/2MASS_J20443743+1517352-20220707@200320-Eden.fts -> s3://eden-data/RAW/LOT/2MASS_J20443743+1517352/2022-07-07/2MASS_J20443743+1517352-20220707@200320-Eden.fits (166/222)
Storing /home/altsai/eden/LOT20220707_2MASS_J20443743+1517352_mod/2MASS_J20443743+1517352-20220707@200438-Eden.fts -> s3://eden-data/RAW/LOT/2MASS_J20443743+1517352/2022-07-07/2MASS_J20443743+1517352-20220707@200438-Eden.fits (167/222)
Storing /home/altsai/eden/LOT20220707_2MASS_J20443743+1517352_mod/2MASS_J20443743+1517352-20220707@200557-Eden.fts -> s3://eden-data/RAW/LOT/2MASS_J20443743+1517352/2022-07-07/2MASS_J20443743+1517352-20220707@200557-Eden.fits (168/222)
Storing /home/altsai/eden/LOT20220707_2MASS_J20443743+1517352_mod/2MASS_J20443743+1517352-20220707@200715-Eden.fts -> s3://eden-data/RAW/LOT/2MASS_J20443743+1517352/2022-07-07/2MASS_J20443743+1517352-20220707@200715-Eden.fits (169/222)
Storing /home/altsai/eden/LOT20220707_2MASS_J20443743+1517352_mod/2MASS_J20443743+1517352-20220707@200832-Eden.fts -> s3://eden-data/RAW/LOT/2MASS_J20443743+1517352/2022-07-07/2MASS_J20443743+1517352-20220707@200832-Eden.fits (170/222)
Storing /home/altsai/eden/LOT20220707_2MASS_J20443743+1517352_mod/2MASS_J20443743+1517352-20220707@200956-Eden.fts -> s3://eden-data/RAW/LOT/2MASS_J20443743+1517352/2022-07-07/2MASS_J20443743+1517352-20220707@200956-Eden.fits (171/222)
Storing /home/altsai/eden/LOT20220707_2MASS_J20443743+1517352_mod/2MASS_J20443743+1517352-20220707@201113-Eden.fts -> s3://eden-data/RAW/LOT/2MASS_J20443743+1517352/2022-07-07/2MASS_J20443743+1517352-20220707@201113-Eden.fits (172/222)
Storing /home/altsai/eden/LOT20220707_2MASS_J20443743+1517352_mod/2MASS_J20443743+1517352-20220707@201230-Eden.fts -> s3://eden-data/RAW/LOT/2MASS_J20443743+1517352/2022-07-07/2MASS_J20443743+1517352-20220707@201230-Eden.fits (173/222)
Storing /home/altsai/eden/LOT20220707_2MASS_J20443743+1517352_mod/2MASS_J20443743+1517352-20220707@201347-Eden.fts -> s3://eden-data/RAW/LOT/2MASS_J20443743+1517352/2022-07-07/2MASS_J20443743+1517352-20220707@201347-Eden.fits (174/222)
Storing /home/altsai/eden/LOT20220707_2MASS_J20443743+1517352_mod/2MASS_J20443743+1517352-20220707@201504-Eden.fts -> s3://eden-data/RAW/LOT/2MASS_J20443743+1517352/2022-07-07/2MASS_J20443743+1517352-20220707@201504-Eden.fits (175/222)
Storing /home/altsai/eden/LOT20220707_2MASS_J20443743+1517352_mod/2MASS_J20443743+1517352-20220707@201622-Eden.fts -> s3://eden-data/RAW/LOT/2MASS_J20443743+1517352/2022-07-07/2MASS_J20443743+1517352-20220707@201622-Eden.fits (176/222)
Storing /home/altsai/eden/LOT20220707_2MASS_J20443743+1517352_mod/2MASS_J20443743+1517352-20220707@201740-Eden.fts -> s3://eden-data/RAW/LOT/2MASS_J20443743+1517352/2022-07-07/2MASS_J20443743+1517352-20220707@201740-Eden.fits (177/222)
Storing /home/altsai/eden/LOT20220707_2MASS_J20443743+1517352_mod/2MASS_J20443743+1517352-20220707@201858-Eden.fts -> s3://eden-data/RAW/LOT/2MASS_J20443743+1517352/2022-07-07/2MASS_J20443743+1517352-20220707@201858-Eden.fits (178/222)
Storing /home/altsai/eden/LOT20220707_2MASS_J20443743+1517352_mod/2MASS_J20443743+1517352-20220707@202015-Eden.fts -> s3://eden-data/RAW/LOT/2MASS_J20443743+1517352/2022-07-07/2MASS_J20443743+1517352-20220707@202015-Eden.fits (179/222)
Storing /home/altsai/eden/LOT20220707_2MASS_J20443743+1517352_mod/2MASS_J20443743+1517352-20220707@202133-Eden.fts -> s3://eden-data/RAW/LOT/2MASS_J20443743+1517352/2022-07-07/2MASS_J20443743+1517352-20220707@202133-Eden.fits (180/222)
Storing /home/altsai/eden/LOT20220707_2MASS_J20443743+1517352_mod/2MASS_J20443743+1517352-20220707@202255-Eden.fts -> s3://eden-data/RAW/LOT/2MASS_J20443743+1517352/2022-07-07/2MASS_J20443743+1517352-20220707@202255-Eden.fits (181/222)
Storing /home/altsai/eden/LOT20220707_2MASS_J20443743+1517352_mod/2MASS_J20443743+1517352-20220707@202413-Eden.fts -> s3://eden-data/RAW/LOT/2MASS_J20443743+1517352/2022-07-07/2MASS_J20443743+1517352-20220707@202413-Eden.fits (182/222)
Storing /home/altsai/eden/LOT20220707_2MASS_J20443743+1517352_mod/2MASS_J20443743+1517352-20220707@202531-Eden.fts -> s3://eden-data/RAW/LOT/2MASS_J20443743+1517352/2022-07-07/2MASS_J20443743+1517352-20220707@202531-Eden.fits (183/222)
Storing /home/altsai/eden/LOT20220707_2MASS_J20443743+1517352_mod/2MASS_J20443743+1517352-20220707@202649-Eden.fts -> s3://eden-data/RAW/LOT/2MASS_J20443743+1517352/2022-07-07/2MASS_J20443743+1517352-20220707@202649-Eden.fits (184/222)
Storing /home/altsai/eden/LOT20220707_2MASS_J20443743+1517352_mod/2MASS_J20443743+1517352-20220707@202807-Eden.fts -> s3://eden-data/RAW/LOT/2MASS_J20443743+1517352/2022-07-07/2MASS_J20443743+1517352-20220707@202807-Eden.fits (185/222)
Storing /home/altsai/eden/LOT20220707_2MASS_J20443743+1517352_mod/2MASS_J20443743+1517352-20220707@202922-Eden.fts -> s3://eden-data/RAW/LOT/2MASS_J20443743+1517352/2022-07-07/2MASS_J20443743+1517352-20220707@202922-Eden.fits (186/222)
Storing /home/altsai/eden/LOT20220707_2MASS_J20443743+1517352_mod/2MASS_J20443743+1517352-20220707@203039-Eden.fts -> s3://eden-data/RAW/LOT/2MASS_J20443743+1517352/2022-07-07/2MASS_J20443743+1517352-20220707@203039-Eden.fits (187/222)
Storing /home/altsai/eden/LOT20220707_2MASS_J20443743+1517352_mod/2MASS_J20443743+1517352-20220707@203156-Eden.fts -> s3://eden-data/RAW/LOT/2MASS_J20443743+1517352/2022-07-07/2MASS_J20443743+1517352-20220707@203156-Eden.fits (188/222)
Storing /home/altsai/eden/LOT20220707_2MASS_J20443743+1517352_mod/2MASS_J20443743+1517352-20220707@203313-Eden.fts -> s3://eden-data/RAW/LOT/2MASS_J20443743+1517352/2022-07-07/2MASS_J20443743+1517352-20220707@203313-Eden.fits (189/222)
Storing /home/altsai/eden/LOT20220707_2MASS_J20443743+1517352_mod/2MASS_J20443743+1517352-20220707@203429-Eden.fts -> s3://eden-data/RAW/LOT/2MASS_J20443743+1517352/2022-07-07/2MASS_J20443743+1517352-20220707@203429-Eden.fits (190/222)
Storing /home/altsai/eden/LOT20220707_2MASS_J20443743+1517352_mod/2MASS_J20443743+1517352-20220707@203551-Eden.fts -> s3://eden-data/RAW/LOT/2MASS_J20443743+1517352/2022-07-07/2MASS_J20443743+1517352-20220707@203551-Eden.fits (191/222)
Storing /home/altsai/eden/LOT20220707_2MASS_J20443743+1517352_mod/2MASS_J20443743+1517352-20220707@203707-Eden.fts -> s3://eden-data/RAW/LOT/2MASS_J20443743+1517352/2022-07-07/2MASS_J20443743+1517352-20220707@203707-Eden.fits (192/222)
Storing /home/altsai/eden/LOT20220707_2MASS_J20443743+1517352_mod/AutoFlat-20220707@203959-Eden-Bin1-001.fts -> s3://eden-data/Calibrations/LOT/FLAT/2022-07-07/AutoFlat-20220707@203959-Eden-Bin1-001.fits (193/222)
Storing /home/altsai/eden/LOT20220707_2MASS_J20443743+1517352_mod/AutoFlat-20220707@204351-Eden-Bin1-002.fts -> s3://eden-data/Calibrations/LOT/FLAT/2022-07-07/AutoFlat-20220707@204351-Eden-Bin1-002.fits (194/222)
Storing /home/altsai/eden/LOT20220707_2MASS_J20443743+1517352_mod/AutoFlat-20220707@204433-Eden-Bin1-003.fts -> s3://eden-data/Calibrations/LOT/FLAT/2022-07-07/AutoFlat-20220707@204433-Eden-Bin1-003.fits (195/222)
Storing /home/altsai/eden/LOT20220707_2MASS_J20443743+1517352_mod/AutoFlat-20220707@204515-Eden-Bin1-004.fts -> s3://eden-data/Calibrations/LOT/FLAT/2022-07-07/AutoFlat-20220707@204515-Eden-Bin1-004.fits (196/222)
Storing /home/altsai/eden/LOT20220707_2MASS_J20443743+1517352_mod/AutoFlat-20220707@204556-Eden-Bin1-005.fts -> s3://eden-data/Calibrations/LOT/FLAT/2022-07-07/AutoFlat-20220707@204556-Eden-Bin1-005.fits (197/222)
Storing /home/altsai/eden/LOT20220707_2MASS_J20443743+1517352_mod/AutoFlat-20220707@204637-Eden-Bin1-006.fts -> s3://eden-data/Calibrations/LOT/FLAT/2022-07-07/AutoFlat-20220707@204637-Eden-Bin1-006.fits (198/222)
Storing /home/altsai/eden/LOT20220707_2MASS_J20443743+1517352_mod/AutoFlat-20220707@204715-Eden-Bin1-007.fts -> s3://eden-data/Calibrations/LOT/FLAT/2022-07-07/AutoFlat-20220707@204715-Eden-Bin1-007.fits (199/222)
Storing /home/altsai/eden/LOT20220707_2MASS_J20443743+1517352_mod/AutoFlat-20220707@204750-Eden-Bin1-008.fts -> s3://eden-data/Calibrations/LOT/FLAT/2022-07-07/AutoFlat-20220707@204750-Eden-Bin1-008.fits (200/222)
Storing /home/altsai/eden/LOT20220707_2MASS_J20443743+1517352_mod/AutoFlat-20220707@204820-Eden-Bin1-009.fts -> s3://eden-data/Calibrations/LOT/FLAT/2022-07-07/AutoFlat-20220707@204820-Eden-Bin1-009.fits (201/222)
Storing /home/altsai/eden/LOT20220707_2MASS_J20443743+1517352_mod/AutoFlat-20220707@204848-Eden-Bin1-010.fts -> s3://eden-data/Calibrations/LOT/FLAT/2022-07-07/AutoFlat-20220707@204848-Eden-Bin1-010.fits (202/222)
Storing /home/altsai/eden/LOT20220707_2MASS_J20443743+1517352_mod/Bias-20220707@210647-000S.fts -> s3://eden-data/Calibrations/LOT/BIAS/2022-07-07/Bias-20220707@210647-000S.fits (203/222)
Storing /home/altsai/eden/LOT20220707_2MASS_J20443743+1517352_mod/Bias-20220707@210659-000S.fts -> s3://eden-data/Calibrations/LOT/BIAS/2022-07-07/Bias-20220707@210659-000S.fits (204/222)
Storing /home/altsai/eden/LOT20220707_2MASS_J20443743+1517352_mod/Bias-20220707@210706-000S.fts -> s3://eden-data/Calibrations/LOT/BIAS/2022-07-07/Bias-20220707@210706-000S.fits (205/222)
Storing /home/altsai/eden/LOT20220707_2MASS_J20443743+1517352_mod/Bias-20220707@210714-000S.fts -> s3://eden-data/Calibrations/LOT/BIAS/2022-07-07/Bias-20220707@210714-000S.fits (206/222)
Storing /home/altsai/eden/LOT20220707_2MASS_J20443743+1517352_mod/Bias-20220707@210722-000S.fts -> s3://eden-data/Calibrations/LOT/BIAS/2022-07-07/Bias-20220707@210722-000S.fits (207/222)
Storing /home/altsai/eden/LOT20220707_2MASS_J20443743+1517352_mod/Bias-20220707@210730-000S.fts -> s3://eden-data/Calibrations/LOT/BIAS/2022-07-07/Bias-20220707@210730-000S.fits (208/222)
Storing /home/altsai/eden/LOT20220707_2MASS_J20443743+1517352_mod/Bias-20220707@210737-000S.fts -> s3://eden-data/Calibrations/LOT/BIAS/2022-07-07/Bias-20220707@210737-000S.fits (209/222)
Storing /home/altsai/eden/LOT20220707_2MASS_J20443743+1517352_mod/Bias-20220707@210745-000S.fts -> s3://eden-data/Calibrations/LOT/BIAS/2022-07-07/Bias-20220707@210745-000S.fits (210/222)
Storing /home/altsai/eden/LOT20220707_2MASS_J20443743+1517352_mod/Bias-20220707@210752-000S.fts -> s3://eden-data/Calibrations/LOT/BIAS/2022-07-07/Bias-20220707@210752-000S.fits (211/222)
Storing /home/altsai/eden/LOT20220707_2MASS_J20443743+1517352_mod/Bias-20220707@210800-000S.fts -> s3://eden-data/Calibrations/LOT/BIAS/2022-07-07/Bias-20220707@210800-000S.fits (212/222)
Storing /home/altsai/eden/LOT20220707_2MASS_J20443743+1517352_mod/Dark-20220707@210858-060S.fts -> s3://eden-data/Calibrations/LOT/DARK/2022-07-07/Dark-20220707@210858-060S.fits (213/222)
Storing /home/altsai/eden/LOT20220707_2MASS_J20443743+1517352_mod/Dark-20220707@211603-060S.fts -> s3://eden-data/Calibrations/LOT/DARK/2022-07-07/Dark-20220707@211603-060S.fits (214/222)
Storing /home/altsai/eden/LOT20220707_2MASS_J20443743+1517352_mod/Dark-20220707@212307-060S.fts -> s3://eden-data/Calibrations/LOT/DARK/2022-07-07/Dark-20220707@212307-060S.fits (215/222)
Storing /home/altsai/eden/LOT20220707_2MASS_J20443743+1517352_mod/Dark-20220707@213011-060S.fts -> s3://eden-data/Calibrations/LOT/DARK/2022-07-07/Dark-20220707@213011-060S.fits (216/222)
Storing /home/altsai/eden/LOT20220707_2MASS_J20443743+1517352_mod/Dark-20220707@213717-060S.fts -> s3://eden-data/Calibrations/LOT/DARK/2022-07-07/Dark-20220707@213717-060S.fits (217/222)
Storing /home/altsai/eden/LOT20220707_2MASS_J20443743+1517352_mod/Dark-20220707@214421-060S.fts -> s3://eden-data/Calibrations/LOT/DARK/2022-07-07/Dark-20220707@214421-060S.fits (218/222)
Storing /home/altsai/eden/LOT20220707_2MASS_J20443743+1517352_mod/Dark-20220707@215126-060S.fts -> s3://eden-data/Calibrations/LOT/DARK/2022-07-07/Dark-20220707@215126-060S.fits (219/222)
Storing /home/altsai/eden/LOT20220707_2MASS_J20443743+1517352_mod/Dark-20220707@215830-060S.fts -> s3://eden-data/Calibrations/LOT/DARK/2022-07-07/Dark-20220707@215830-060S.fits (220/222)
Storing /home/altsai/eden/LOT20220707_2MASS_J20443743+1517352_mod/Dark-20220707@220536-060S.fts -> s3://eden-data/Calibrations/LOT/DARK/2022-07-07/Dark-20220707@220536-060S.fits (221/222)
Storing /home/altsai/eden/LOT20220707_2MASS_J20443743+1517352_mod/Dark-20220707@221241-060S.fts -> s3://eden-data/Calibrations/LOT/DARK/2022-07-07/Dark-20220707@221241-060S.fits (222/222)

Upload complete!
Stored: 222 files (1.9 GB)
