-----------------
input parameters
-----------------
['modify_header_eden.py', 'LOT20200217-LP_310-34', '11']
Your will modify header for: LP_310-34 [RA] 08 07 26.0682 [Dec] +32 13 10.0708 [Filter] GG495
---------------
folder: LOT20200217-LP_310-34
will update fits in: LOT20200217-LP_310-34_mod
 ---------------------------
 Exame Fits Header for Bias
 ---------------------------
find ./LOT20200217-LP_310-34/bias-dark/ | grep 'fits\|fts'|sort 
found 20 Bias/Dark
1/20 20200217-001bias.fits [TYPE] BIAS [EXPTIME] 0.0
2/20 20200217-001d60s.fits [TYPE] DARK [EXPTIME] 60.0
3/20 20200217-002bias.fits [TYPE] BIAS [EXPTIME] 0.0
4/20 20200217-002d60s.fits [TYPE] DARK [EXPTIME] 60.0
5/20 20200217-003bias.fits [TYPE] BIAS [EXPTIME] 0.0
6/20 20200217-003d60s.fits [TYPE] DARK [EXPTIME] 60.0
7/20 20200217-004bias.fits [TYPE] BIAS [EXPTIME] 0.0
8/20 20200217-004d60s.fits [TYPE] DARK [EXPTIME] 60.0
9/20 20200217-005bias.fits [TYPE] BIAS [EXPTIME] 0.0
10/20 20200217-005d60s.fits [TYPE] DARK [EXPTIME] 60.0
11/20 20200217-006bias.fits [TYPE] BIAS [EXPTIME] 0.0
12/20 20200217-006d60s.fits [TYPE] DARK [EXPTIME] 60.0
13/20 20200217-007bias.fits [TYPE] BIAS [EXPTIME] 0.0
14/20 20200217-007d60s.fits [TYPE] DARK [EXPTIME] 60.0
15/20 20200217-008bias.fits [TYPE] BIAS [EXPTIME] 0.0
16/20 20200217-008d60s.fits [TYPE] DARK [EXPTIME] 60.0
17/20 20200217-009bias.fits [TYPE] BIAS [EXPTIME] 0.0
18/20 20200217-009d60s.fits [TYPE] DARK [EXPTIME] 60.0
19/20 20200217-010bias.fits [TYPE] BIAS [EXPTIME] 0.0
20/20 20200217-010d60s.fits [TYPE] DARK [EXPTIME] 60.0
 ---------------------------
 Exame Fits Header for Flat
 ---------------------------
find ./LOT20200217-LP_310-34/ | grep flat/ |grep eden| grep -E 'fits|fts'|sort -t'-' -k2.4,2.6 
found 0 Flat
no files in ./flat/
 ---------------------------
 Update Fits Header for Science Target
 ---------------------------
find ./LOT20200217-LP_310-34/wchen/ | cut -d / -f1-4| grep 'fits\|fts'  |sort -t'@' -k2
found 40 Target

... update header ...
1/40 LP_310-34-20200217@105351-Eden.fts [TYPE] LIGHT [OBJ] LP_310-34 [RA] 08 07 26.0682 [Dec] +32 13 10.0708 [FIL] GG495 [EXPTIME] 60.0 [Date] 2020-02-17T10:54:04 [Time] 10:54:04
2/40 LP_310-34-20200217@105519-Eden.fts [TYPE] LIGHT [OBJ] LP_310-34 [RA] 08 07 26.0682 [Dec] +32 13 10.0708 [FIL] GG495 [EXPTIME] 60.0 [Date] 2020-02-17T10:55:19 [Time] 10:55:19
3/40 LP_310-34-20200217@105635-Eden.fts [TYPE] LIGHT [OBJ] LP_310-34 [RA] 08 07 26.0682 [Dec] +32 13 10.0708 [FIL] GG495 [EXPTIME] 60.0 [Date] 2020-02-17T10:56:36 [Time] 10:56:36
4/40 LP_310-34-20200217@105749-Eden.fts [TYPE] LIGHT [OBJ] LP_310-34 [RA] 08 07 26.0682 [Dec] +32 13 10.0708 [FIL] GG495 [EXPTIME] 60.0 [Date] 2020-02-17T10:57:49 [Time] 10:57:49
5/40 LP_310-34-20200217@105905-Eden.fts [TYPE] LIGHT [OBJ] LP_310-34 [RA] 08 07 26.0682 [Dec] +32 13 10.0708 [FIL] GG495 [EXPTIME] 60.0 [Date] 2020-02-17T10:59:06 [Time] 10:59:06
6/40 LP_310-34-20200217@110020-Eden.fts [TYPE] LIGHT [OBJ] LP_310-34 [RA] 08 07 26.0682 [Dec] +32 13 10.0708 [FIL] GG495 [EXPTIME] 60.0 [Date] 2020-02-17T11:00:21 [Time] 11:00:21
7/40 LP_310-34-20200217@110135-Eden.fts [TYPE] LIGHT [OBJ] LP_310-34 [RA] 08 07 26.0682 [Dec] +32 13 10.0708 [FIL] GG495 [EXPTIME] 60.0 [Date] 2020-02-17T11:01:35 [Time] 11:01:35
8/40 LP_310-34-20200217@110249-Eden.fts [TYPE] LIGHT [OBJ] LP_310-34 [RA] 08 07 26.0682 [Dec] +32 13 10.0708 [FIL] GG495 [EXPTIME] 60.0 [Date] 2020-02-17T11:02:50 [Time] 11:02:50
9/40 LP_310-34-20200217@110406-Eden.fts [TYPE] LIGHT [OBJ] LP_310-34 [RA] 08 07 26.0682 [Dec] +32 13 10.0708 [FIL] GG495 [EXPTIME] 60.0 [Date] 2020-02-17T11:04:06 [Time] 11:04:06
10/40 LP_310-34-20200217@110522-Eden.fts [TYPE] LIGHT [OBJ] LP_310-34 [RA] 08 07 26.0682 [Dec] +32 13 10.0708 [FIL] GG495 [EXPTIME] 60.0 [Date] 2020-02-17T11:05:23 [Time] 11:05:23
11/40 LP_310-34-20200217@110637-Eden.fts [TYPE] LIGHT [OBJ] LP_310-34 [RA] 08 07 26.0682 [Dec] +32 13 10.0708 [FIL] GG495 [EXPTIME] 60.0 [Date] 2020-02-17T11:06:37 [Time] 11:06:37
12/40 LP_310-34-20200217@110752-Eden.fts [TYPE] LIGHT [OBJ] LP_310-34 [RA] 08 07 26.0682 [Dec] +32 13 10.0708 [FIL] GG495 [EXPTIME] 60.0 [Date] 2020-02-17T11:07:52 [Time] 11:07:52
13/40 LP_310-34-20200217@110906-Eden.fts [TYPE] LIGHT [OBJ] LP_310-34 [RA] 08 07 26.0682 [Dec] +32 13 10.0708 [FIL] GG495 [EXPTIME] 60.0 [Date] 2020-02-17T11:09:06 [Time] 11:09:06
14/40 LP_310-34-20200217@111023-Eden.fts [TYPE] LIGHT [OBJ] LP_310-34 [RA] 08 07 26.0682 [Dec] +32 13 10.0708 [FIL] GG495 [EXPTIME] 60.0 [Date] 2020-02-17T11:10:23 [Time] 11:10:23
15/40 LP_310-34-20200217@111138-Eden.fts [TYPE] LIGHT [OBJ] LP_310-34 [RA] 08 07 26.0682 [Dec] +32 13 10.0708 [FIL] GG495 [EXPTIME] 60.0 [Date] 2020-02-17T11:11:38 [Time] 11:11:38
16/40 LP_310-34-20200217@111252-Eden.fts [TYPE] LIGHT [OBJ] LP_310-34 [RA] 08 07 26.0682 [Dec] +32 13 10.0708 [FIL] GG495 [EXPTIME] 60.0 [Date] 2020-02-17T11:12:52 [Time] 11:12:52
17/40 LP_310-34-20200217@111408-Eden.fts [TYPE] LIGHT [OBJ] LP_310-34 [RA] 08 07 26.0682 [Dec] +32 13 10.0708 [FIL] GG495 [EXPTIME] 60.0 [Date] 2020-02-17T11:14:09 [Time] 11:14:09
18/40 LP_310-34-20200217@111523-Eden.fts [TYPE] LIGHT [OBJ] LP_310-34 [RA] 08 07 26.0682 [Dec] +32 13 10.0708 [FIL] GG495 [EXPTIME] 60.0 [Date] 2020-02-17T11:15:24 [Time] 11:15:24
19/40 LP_310-34-20200217@111639-Eden.fts [TYPE] LIGHT [OBJ] LP_310-34 [RA] 08 07 26.0682 [Dec] +32 13 10.0708 [FIL] GG495 [EXPTIME] 60.0 [Date] 2020-02-17T11:16:39 [Time] 11:16:39
20/40 LP_310-34-20200217@111755-Eden.fts [TYPE] LIGHT [OBJ] LP_310-34 [RA] 08 07 26.0682 [Dec] +32 13 10.0708 [FIL] GG495 [EXPTIME] 60.0 [Date] 2020-02-17T11:17:55 [Time] 11:17:55
21/40 LP_310-34-20200217@111909-Eden.fts [TYPE] LIGHT [OBJ] LP_310-34 [RA] 08 07 26.0682 [Dec] +32 13 10.0708 [FIL] GG495 [EXPTIME] 60.0 [Date] 2020-02-17T11:19:10 [Time] 11:19:10
22/40 LP_310-34-20200217@112025-Eden.fts [TYPE] LIGHT [OBJ] LP_310-34 [RA] 08 07 26.0682 [Dec] +32 13 10.0708 [FIL] GG495 [EXPTIME] 60.0 [Date] 2020-02-17T11:20:25 [Time] 11:20:25
23/40 LP_310-34-20200217@112139-Eden.fts [TYPE] LIGHT [OBJ] LP_310-34 [RA] 08 07 26.0682 [Dec] +32 13 10.0708 [FIL] GG495 [EXPTIME] 60.0 [Date] 2020-02-17T11:21:39 [Time] 11:21:39
24/40 LP_310-34-20200217@112254-Eden.fts [TYPE] LIGHT [OBJ] LP_310-34 [RA] 08 07 26.0682 [Dec] +32 13 10.0708 [FIL] GG495 [EXPTIME] 60.0 [Date] 2020-02-17T11:22:54 [Time] 11:22:54
25/40 LP_310-34-20200217@112407-Eden.fts [TYPE] LIGHT [OBJ] LP_310-34 [RA] 08 07 26.0682 [Dec] +32 13 10.0708 [FIL] GG495 [EXPTIME] 60.0 [Date] 2020-02-17T11:24:08 [Time] 11:24:08
26/40 LP_310-34-20200217@112522-Eden.fts [TYPE] LIGHT [OBJ] LP_310-34 [RA] 08 07 26.0682 [Dec] +32 13 10.0708 [FIL] GG495 [EXPTIME] 60.0 [Date] 2020-02-17T11:25:23 [Time] 11:25:23
27/40 LP_310-34-20200217@112636-Eden.fts [TYPE] LIGHT [OBJ] LP_310-34 [RA] 08 07 26.0682 [Dec] +32 13 10.0708 [FIL] GG495 [EXPTIME] 60.0 [Date] 2020-02-17T11:26:37 [Time] 11:26:37
28/40 LP_310-34-20200217@112752-Eden.fts [TYPE] LIGHT [OBJ] LP_310-34 [RA] 08 07 26.0682 [Dec] +32 13 10.0708 [FIL] GG495 [EXPTIME] 60.0 [Date] 2020-02-17T11:27:52 [Time] 11:27:52
29/40 LP_310-34-20200217@112907-Eden.fts [TYPE] LIGHT [OBJ] LP_310-34 [RA] 08 07 26.0682 [Dec] +32 13 10.0708 [FIL] GG495 [EXPTIME] 60.0 [Date] 2020-02-17T11:29:09 [Time] 11:29:09
30/40 LP_310-34-20200217@113023-Eden.fts [TYPE] LIGHT [OBJ] LP_310-34 [RA] 08 07 26.0682 [Dec] +32 13 10.0708 [FIL] GG495 [EXPTIME] 60.0 [Date] 2020-02-17T11:30:23 [Time] 11:30:23
31/40 LP_310-34-20200217@113138-Eden.fts [TYPE] LIGHT [OBJ] LP_310-34 [RA] 08 07 26.0682 [Dec] +32 13 10.0708 [FIL] GG495 [EXPTIME] 60.0 [Date] 2020-02-17T11:31:39 [Time] 11:31:39
32/40 LP_310-34-20200217@113252-Eden.fts [TYPE] LIGHT [OBJ] LP_310-34 [RA] 08 07 26.0682 [Dec] +32 13 10.0708 [FIL] GG495 [EXPTIME] 60.0 [Date] 2020-02-17T11:32:53 [Time] 11:32:53
33/40 LP_310-34-20200217@113408-Eden.fts [TYPE] LIGHT [OBJ] LP_310-34 [RA] 08 07 26.0682 [Dec] +32 13 10.0708 [FIL] GG495 [EXPTIME] 60.0 [Date] 2020-02-17T11:34:08 [Time] 11:34:08
34/40 LP_310-34-20200217@113523-Eden.fts [TYPE] LIGHT [OBJ] LP_310-34 [RA] 08 07 26.0682 [Dec] +32 13 10.0708 [FIL] GG495 [EXPTIME] 60.0 [Date] 2020-02-17T11:35:23 [Time] 11:35:23
35/40 LP_310-34-20200217@113640-Eden.fts [TYPE] LIGHT [OBJ] LP_310-34 [RA] 08 07 26.0682 [Dec] +32 13 10.0708 [FIL] GG495 [EXPTIME] 60.0 [Date] 2020-02-17T11:36:41 [Time] 11:36:41
36/40 LP_310-34-20200217@113756-Eden.fts [TYPE] LIGHT [OBJ] LP_310-34 [RA] 08 07 26.0682 [Dec] +32 13 10.0708 [FIL] GG495 [EXPTIME] 60.0 [Date] 2020-02-17T11:37:56 [Time] 11:37:56
37/40 LP_310-34-20200217@113910-Eden.fts [TYPE] LIGHT [OBJ] LP_310-34 [RA] 08 07 26.0682 [Dec] +32 13 10.0708 [FIL] GG495 [EXPTIME] 60.0 [Date] 2020-02-17T11:39:11 [Time] 11:39:11
38/40 LP_310-34-20200217@114026-Eden.fts [TYPE] LIGHT [OBJ] LP_310-34 [RA] 08 07 26.0682 [Dec] +32 13 10.0708 [FIL] GG495 [EXPTIME] 60.0 [Date] 2020-02-17T11:40:27 [Time] 11:40:27
39/40 LP_310-34-20200217@114141-Eden.fts [TYPE] LIGHT [OBJ] LP_310-34 [RA] 08 07 26.0682 [Dec] +32 13 10.0708 [FIL] GG495 [EXPTIME] 60.0 [Date] 2020-02-17T11:41:42 [Time] 11:41:42
40/40 LP_310-34-20200217@114258-Eden.fts [TYPE] LIGHT [OBJ] LP_310-34 [RA] 08 07 26.0682 [Dec] +32 13 10.0708 [FIL] GG495 [EXPTIME] 60.0 [Date] 2020-02-17T11:42:58 [Time] 11:42:58
... write log file to LOT20200217-LP_310-34_mod.log ...
... finish ...
