-----------------
input parameters
-----------------
['modify_header_name_eden.py', 'LOT20210109_LSPM_J0903+0540', '25']
Your will modify header for: LSPM_J0903+0540 [RA] 09 03 20.9815 [Dec] +05 40 14.7828 [Filter] GG495
---------------
folder: LOT20210109_LSPM_J0903+0540
will update fits in: LOT20210109_LSPM_J0903+0540_mod
 ---------------------------
 Exame Fits Header for Bias
 ---------------------------
find ./LOT20210109_LSPM_J0903+0540/bias-dark/ | grep 'fits\|fts'|sort 
found 40 Bias/Dark
1/40 Bias-20210109@221027-000S.fts [TYPE] BIAS [EXPTIME] 0.0
2/40 Bias-20210109@221037-000S.fts [TYPE] BIAS [EXPTIME] 0.0
3/40 Bias-20210109@221044-000S.fts [TYPE] BIAS [EXPTIME] 0.0
4/40 Bias-20210109@221050-000S.fts [TYPE] BIAS [EXPTIME] 0.0
5/40 Bias-20210109@221058-000S.fts [TYPE] BIAS [EXPTIME] 0.0
6/40 Bias-20210109@221105-000S.fts [TYPE] BIAS [EXPTIME] 0.0
7/40 Bias-20210109@221112-000S.fts [TYPE] BIAS [EXPTIME] 0.0
8/40 Bias-20210109@221119-000S.fts [TYPE] BIAS [EXPTIME] 0.0
9/40 Bias-20210109@221126-000S.fts [TYPE] BIAS [EXPTIME] 0.0
10/40 Bias-20210109@221133-000S.fts [TYPE] BIAS [EXPTIME] 0.0
11/40 Dark-20210109@221141-060S.fts [TYPE] DARK [EXPTIME] 60.0
12/40 Dark-20210109@221247-060S.fts [TYPE] DARK [EXPTIME] 60.0
13/40 Dark-20210109@221354-060S.fts [TYPE] DARK [EXPTIME] 60.0
14/40 Dark-20210109@221501-060S.fts [TYPE] DARK [EXPTIME] 60.0
15/40 Dark-20210109@221608-060S.fts [TYPE] DARK [EXPTIME] 60.0
16/40 Dark-20210109@221715-060S.fts [TYPE] DARK [EXPTIME] 60.0
17/40 Dark-20210109@221822-060S.fts [TYPE] DARK [EXPTIME] 60.0
18/40 Dark-20210109@221929-060S.fts [TYPE] DARK [EXPTIME] 60.0
19/40 Dark-20210109@222037-060S.fts [TYPE] DARK [EXPTIME] 60.0
20/40 Dark-20210109@222143-060S.fts [TYPE] DARK [EXPTIME] 60.0
21/40 Dark-20210109@222252-240S.fts [TYPE] DARK [EXPTIME] 240.0
22/40 Dark-20210109@222659-240S.fts [TYPE] DARK [EXPTIME] 240.0
23/40 Dark-20210109@223106-240S.fts [TYPE] DARK [EXPTIME] 240.0
24/40 Dark-20210109@223513-240S.fts [TYPE] DARK [EXPTIME] 240.0
25/40 Dark-20210109@223920-240S.fts [TYPE] DARK [EXPTIME] 240.0
26/40 Dark-20210109@224327-240S.fts [TYPE] DARK [EXPTIME] 240.0
27/40 Dark-20210109@224734-240S.fts [TYPE] DARK [EXPTIME] 240.0
28/40 Dark-20210109@225141-240S.fts [TYPE] DARK [EXPTIME] 240.0
29/40 Dark-20210109@225548-240S.fts [TYPE] DARK [EXPTIME] 240.0
30/40 Dark-20210109@225955-240S.fts [TYPE] DARK [EXPTIME] 240.0
31/40 Dark-20210109@230403-120S.fts [TYPE] DARK [EXPTIME] 120.0
32/40 Dark-20210109@230609-120S.fts [TYPE] DARK [EXPTIME] 120.0
33/40 Dark-20210109@230816-120S.fts [TYPE] DARK [EXPTIME] 120.0
34/40 Dark-20210109@231022-120S.fts [TYPE] DARK [EXPTIME] 120.0
35/40 Dark-20210109@231229-120S.fts [TYPE] DARK [EXPTIME] 120.0
36/40 Dark-20210109@231437-120S.fts [TYPE] DARK [EXPTIME] 120.0
37/40 Dark-20210109@231643-120S.fts [TYPE] DARK [EXPTIME] 120.0
38/40 Dark-20210109@231851-120S.fts [TYPE] DARK [EXPTIME] 120.0
39/40 Dark-20210109@232057-120S.fts [TYPE] DARK [EXPTIME] 120.0
40/40 Dark-20210109@232304-120S.fts [TYPE] DARK [EXPTIME] 120.0
 ---------------------------
 Exame Fits Header for Flat
 ---------------------------
find ./LOT20210109_LSPM_J0903+0540/ | grep flat/ | grep -E 'fits|fts'|sort -t'-' -k2.4,2.6 
found 0 Flat
no files in ./flat/
 ---------------------------
 Exame Fits Header for Additional Dark for Flat
 ---------------------------
find ./LOT20210109_LSPM_J0903+0540/ | grep flat/ |grep dark| grep -E 'fits|fts'|sort -t'-' -k2.4,2.6 
found 0 Additional Dark for Flat
no additional dark for flat in ./flat/
 ---------------------------
 Modify filename for Science Target
 ---------------------------
... update header ...
1/320 LSPM_J0903+0540-20210109@134858-Eden.fts [TYPE] LIGHT [OBJ] LSPM_J0903+0540 [RA] 09 03 20.9815 [Dec] +05 40 14.7828 [FIL] GG495 [EXPTIME] 60.0 [Date] 2021-01-09T13:48:58 [Time] 13:48:58
2/320 LSPM_J0903+0540-20210109@135014-Eden.fts [TYPE] LIGHT [OBJ] LSPM_J0903+0540 [RA] 09 03 20.9815 [Dec] +05 40 14.7828 [FIL] GG495 [EXPTIME] 60.0 [Date] 2021-01-09T13:50:14 [Time] 13:50:14
3/320 LSPM_J0903+0540-20210109@135130-Eden.fts [TYPE] LIGHT [OBJ] LSPM_J0903+0540 [RA] 09 03 20.9815 [Dec] +05 40 14.7828 [FIL] GG495 [EXPTIME] 60.0 [Date] 2021-01-09T13:51:30 [Time] 13:51:30
4/320 LSPM_J0903+0540-20210109@135245-Eden.fts [TYPE] LIGHT [OBJ] LSPM_J0903+0540 [RA] 09 03 20.9815 [Dec] +05 40 14.7828 [FIL] GG495 [EXPTIME] 60.0 [Date] 2021-01-09T13:52:45 [Time] 13:52:45
5/320 LSPM_J0903+0540-20210109@135400-Eden.fts [TYPE] LIGHT [OBJ] LSPM_J0903+0540 [RA] 09 03 20.9815 [Dec] +05 40 14.7828 [FIL] GG495 [EXPTIME] 60.0 [Date] 2021-01-09T13:54:00 [Time] 13:54:00
6/320 LSPM_J0903+0540-20210109@135517-Eden.fts [TYPE] LIGHT [OBJ] LSPM_J0903+0540 [RA] 09 03 20.9815 [Dec] +05 40 14.7828 [FIL] GG495 [EXPTIME] 60.0 [Date] 2021-01-09T13:55:17 [Time] 13:55:17
7/320 LSPM_J0903+0540-20210109@135632-Eden.fts [TYPE] LIGHT [OBJ] LSPM_J0903+0540 [RA] 09 03 20.9815 [Dec] +05 40 14.7828 [FIL] GG495 [EXPTIME] 60.0 [Date] 2021-01-09T13:56:32 [Time] 13:56:32
8/320 LSPM_J0903+0540-20210109@135750-Eden.fts [TYPE] LIGHT [OBJ] LSPM_J0903+0540 [RA] 09 03 20.9815 [Dec] +05 40 14.7828 [FIL] GG495 [EXPTIME] 60.0 [Date] 2021-01-09T13:57:50 [Time] 13:57:50
9/320 LSPM_J0903+0540-20210109@135905-Eden.fts [TYPE] LIGHT [OBJ] LSPM_J0903+0540 [RA] 09 03 20.9815 [Dec] +05 40 14.7828 [FIL] GG495 [EXPTIME] 60.0 [Date] 2021-01-09T13:59:05 [Time] 13:59:05
10/320 LSPM_J0903+0540-20210109@140021-Eden.fts [TYPE] LIGHT [OBJ] LSPM_J0903+0540 [RA] 09 03 20.9815 [Dec] +05 40 14.7828 [FIL] GG495 [EXPTIME] 60.0 [Date] 2021-01-09T14:00:21 [Time] 14:00:21
11/320 LSPM_J0903+0540-20210109@140137-Eden.fts [TYPE] LIGHT [OBJ] LSPM_J0903+0540 [RA] 09 03 20.9815 [Dec] +05 40 14.7828 [FIL] GG495 [EXPTIME] 60.0 [Date] 2021-01-09T14:01:37 [Time] 14:01:37
12/320 LSPM_J0903+0540-20210109@140254-Eden.fts [TYPE] LIGHT [OBJ] LSPM_J0903+0540 [RA] 09 03 20.9815 [Dec] +05 40 14.7828 [FIL] GG495 [EXPTIME] 60.0 [Date] 2021-01-09T14:02:54 [Time] 14:02:54
13/320 LSPM_J0903+0540-20210109@140410-Eden.fts [TYPE] LIGHT [OBJ] LSPM_J0903+0540 [RA] 09 03 20.9815 [Dec] +05 40 14.7828 [FIL] GG495 [EXPTIME] 60.0 [Date] 2021-01-09T14:04:10 [Time] 14:04:10
14/320 LSPM_J0903+0540-20210109@140530-Eden.fts [TYPE] LIGHT [OBJ] LSPM_J0903+0540 [RA] 09 03 20.9815 [Dec] +05 40 14.7828 [FIL] GG495 [EXPTIME] 60.0 [Date] 2021-01-09T14:05:30 [Time] 14:05:30
15/320 LSPM_J0903+0540-20210109@140646-Eden.fts [TYPE] LIGHT [OBJ] LSPM_J0903+0540 [RA] 09 03 20.9815 [Dec] +05 40 14.7828 [FIL] GG495 [EXPTIME] 60.0 [Date] 2021-01-09T14:06:46 [Time] 14:06:46
16/320 LSPM_J0903+0540-20210109@140803-Eden.fts [TYPE] LIGHT [OBJ] LSPM_J0903+0540 [RA] 09 03 20.9815 [Dec] +05 40 14.7828 [FIL] GG495 [EXPTIME] 60.0 [Date] 2021-01-09T14:08:03 [Time] 14:08:03
17/320 LSPM_J0903+0540-20210109@140919-Eden.fts [TYPE] LIGHT [OBJ] LSPM_J0903+0540 [RA] 09 03 20.9815 [Dec] +05 40 14.7828 [FIL] GG495 [EXPTIME] 60.0 [Date] 2021-01-09T14:09:19 [Time] 14:09:19
18/320 LSPM_J0903+0540-20210109@141035-Eden.fts [TYPE] LIGHT [OBJ] LSPM_J0903+0540 [RA] 09 03 20.9815 [Dec] +05 40 14.7828 [FIL] GG495 [EXPTIME] 60.0 [Date] 2021-01-09T14:10:35 [Time] 14:10:35
19/320 LSPM_J0903+0540-20210109@141151-Eden.fts [TYPE] LIGHT [OBJ] LSPM_J0903+0540 [RA] 09 03 20.9815 [Dec] +05 40 14.7828 [FIL] GG495 [EXPTIME] 60.0 [Date] 2021-01-09T14:11:51 [Time] 14:11:51
20/320 LSPM_J0903+0540-20210109@141308-Eden.fts [TYPE] LIGHT [OBJ] LSPM_J0903+0540 [RA] 09 03 20.9815 [Dec] +05 40 14.7828 [FIL] GG495 [EXPTIME] 60.0 [Date] 2021-01-09T14:13:08 [Time] 14:13:08
21/320 LSPM_J0903+0540-20210109@141424-Eden.fts [TYPE] LIGHT [OBJ] LSPM_J0903+0540 [RA] 09 03 20.9815 [Dec] +05 40 14.7828 [FIL] GG495 [EXPTIME] 60.0 [Date] 2021-01-09T14:14:24 [Time] 14:14:24
22/320 LSPM_J0903+0540-20210109@141540-Eden.fts [TYPE] LIGHT [OBJ] LSPM_J0903+0540 [RA] 09 03 20.9815 [Dec] +05 40 14.7828 [FIL] GG495 [EXPTIME] 60.0 [Date] 2021-01-09T14:15:40 [Time] 14:15:40
23/320 LSPM_J0903+0540-20210109@141657-Eden.fts [TYPE] LIGHT [OBJ] LSPM_J0903+0540 [RA] 09 03 20.9815 [Dec] +05 40 14.7828 [FIL] GG495 [EXPTIME] 60.0 [Date] 2021-01-09T14:16:57 [Time] 14:16:57
24/320 LSPM_J0903+0540-20210109@141811-Eden.fts [TYPE] LIGHT [OBJ] LSPM_J0903+0540 [RA] 09 03 20.9815 [Dec] +05 40 14.7828 [FIL] GG495 [EXPTIME] 60.0 [Date] 2021-01-09T14:18:11 [Time] 14:18:11
25/320 LSPM_J0903+0540-20210109@141927-Eden.fts [TYPE] LIGHT [OBJ] LSPM_J0903+0540 [RA] 09 03 20.9815 [Dec] +05 40 14.7828 [FIL] GG495 [EXPTIME] 60.0 [Date] 2021-01-09T14:19:27 [Time] 14:19:27
26/320 LSPM_J0903+0540-20210109@142043-Eden.fts [TYPE] LIGHT [OBJ] LSPM_J0903+0540 [RA] 09 03 20.9815 [Dec] +05 40 14.7828 [FIL] GG495 [EXPTIME] 60.0 [Date] 2021-01-09T14:20:43 [Time] 14:20:43
27/320 LSPM_J0903+0540-20210109@142158-Eden.fts [TYPE] LIGHT [OBJ] LSPM_J0903+0540 [RA] 09 03 20.9815 [Dec] +05 40 14.7828 [FIL] GG495 [EXPTIME] 60.0 [Date] 2021-01-09T14:21:58 [Time] 14:21:58
28/320 LSPM_J0903+0540-20210109@142315-Eden.fts [TYPE] LIGHT [OBJ] LSPM_J0903+0540 [RA] 09 03 20.9815 [Dec] +05 40 14.7828 [FIL] GG495 [EXPTIME] 60.0 [Date] 2021-01-09T14:23:15 [Time] 14:23:15
29/320 LSPM_J0903+0540-20210109@142430-Eden.fts [TYPE] LIGHT [OBJ] LSPM_J0903+0540 [RA] 09 03 20.9815 [Dec] +05 40 14.7828 [FIL] GG495 [EXPTIME] 60.0 [Date] 2021-01-09T14:24:30 [Time] 14:24:30
30/320 LSPM_J0903+0540-20210109@142545-Eden.fts [TYPE] LIGHT [OBJ] LSPM_J0903+0540 [RA] 09 03 20.9815 [Dec] +05 40 14.7828 [FIL] GG495 [EXPTIME] 60.0 [Date] 2021-01-09T14:25:45 [Time] 14:25:45
31/320 LSPM_J0903+0540-20210109@142658-Eden.fts [TYPE] LIGHT [OBJ] LSPM_J0903+0540 [RA] 09 03 20.9815 [Dec] +05 40 14.7828 [FIL] GG495 [EXPTIME] 60.0 [Date] 2021-01-09T14:26:58 [Time] 14:26:58
32/320 LSPM_J0903+0540-20210109@142817-Eden.fts [TYPE] LIGHT [OBJ] LSPM_J0903+0540 [RA] 09 03 20.9815 [Dec] +05 40 14.7828 [FIL] GG495 [EXPTIME] 60.0 [Date] 2021-01-09T14:28:17 [Time] 14:28:17
33/320 LSPM_J0903+0540-20210109@142933-Eden.fts [TYPE] LIGHT [OBJ] LSPM_J0903+0540 [RA] 09 03 20.9815 [Dec] +05 40 14.7828 [FIL] GG495 [EXPTIME] 60.0 [Date] 2021-01-09T14:29:33 [Time] 14:29:33
34/320 LSPM_J0903+0540-20210109@143050-Eden.fts [TYPE] LIGHT [OBJ] LSPM_J0903+0540 [RA] 09 03 20.9815 [Dec] +05 40 14.7828 [FIL] GG495 [EXPTIME] 60.0 [Date] 2021-01-09T14:30:50 [Time] 14:30:50
35/320 LSPM_J0903+0540-20210109@143205-Eden.fts [TYPE] LIGHT [OBJ] LSPM_J0903+0540 [RA] 09 03 20.9815 [Dec] +05 40 14.7828 [FIL] GG495 [EXPTIME] 60.0 [Date] 2021-01-09T14:32:05 [Time] 14:32:05
36/320 LSPM_J0903+0540-20210109@143322-Eden.fts [TYPE] LIGHT [OBJ] LSPM_J0903+0540 [RA] 09 03 20.9815 [Dec] +05 40 14.7828 [FIL] GG495 [EXPTIME] 60.0 [Date] 2021-01-09T14:33:22 [Time] 14:33:22
37/320 LSPM_J0903+0540-20210109@143437-Eden.fts [TYPE] LIGHT [OBJ] LSPM_J0903+0540 [RA] 09 03 20.9815 [Dec] +05 40 14.7828 [FIL] GG495 [EXPTIME] 60.0 [Date] 2021-01-09T14:34:37 [Time] 14:34:37
38/320 LSPM_J0903+0540-20210109@143553-Eden.fts [TYPE] LIGHT [OBJ] LSPM_J0903+0540 [RA] 09 03 20.9815 [Dec] +05 40 14.7828 [FIL] GG495 [EXPTIME] 60.0 [Date] 2021-01-09T14:35:53 [Time] 14:35:53
39/320 LSPM_J0903+0540-20210109@143711-Eden.fts [TYPE] LIGHT [OBJ] LSPM_J0903+0540 [RA] 09 03 20.9815 [Dec] +05 40 14.7828 [FIL] GG495 [EXPTIME] 60.0 [Date] 2021-01-09T14:37:11 [Time] 14:37:11
40/320 LSPM_J0903+0540-20210109@143826-Eden.fts [TYPE] LIGHT [OBJ] LSPM_J0903+0540 [RA] 09 03 20.9815 [Dec] +05 40 14.7828 [FIL] GG495 [EXPTIME] 60.0 [Date] 2021-01-09T14:38:26 [Time] 14:38:26
41/320 LSPM_J0903+0540-20210109@143942-Eden.fts [TYPE] LIGHT [OBJ] LSPM_J0903+0540 [RA] 09 03 20.9815 [Dec] +05 40 14.7828 [FIL] GG495 [EXPTIME] 60.0 [Date] 2021-01-09T14:39:42 [Time] 14:39:42
42/320 LSPM_J0903+0540-20210109@144100-Eden.fts [TYPE] LIGHT [OBJ] LSPM_J0903+0540 [RA] 09 03 20.9815 [Dec] +05 40 14.7828 [FIL] GG495 [EXPTIME] 60.0 [Date] 2021-01-09T14:41:00 [Time] 14:41:00
43/320 LSPM_J0903+0540-20210109@144216-Eden.fts [TYPE] LIGHT [OBJ] LSPM_J0903+0540 [RA] 09 03 20.9815 [Dec] +05 40 14.7828 [FIL] GG495 [EXPTIME] 60.0 [Date] 2021-01-09T14:42:16 [Time] 14:42:16
44/320 LSPM_J0903+0540-20210109@144331-Eden.fts [TYPE] LIGHT [OBJ] LSPM_J0903+0540 [RA] 09 03 20.9815 [Dec] +05 40 14.7828 [FIL] GG495 [EXPTIME] 60.0 [Date] 2021-01-09T14:43:31 [Time] 14:43:31
45/320 LSPM_J0903+0540-20210109@144446-Eden.fts [TYPE] LIGHT [OBJ] LSPM_J0903+0540 [RA] 09 03 20.9815 [Dec] +05 40 14.7828 [FIL] GG495 [EXPTIME] 60.0 [Date] 2021-01-09T14:44:46 [Time] 14:44:46
46/320 LSPM_J0903+0540-20210109@144600-Eden.fts [TYPE] LIGHT [OBJ] LSPM_J0903+0540 [RA] 09 03 20.9815 [Dec] +05 40 14.7828 [FIL] GG495 [EXPTIME] 60.0 [Date] 2021-01-09T14:46:00 [Time] 14:46:00
47/320 LSPM_J0903+0540-20210109@144715-Eden.fts [TYPE] LIGHT [OBJ] LSPM_J0903+0540 [RA] 09 03 20.9815 [Dec] +05 40 14.7828 [FIL] GG495 [EXPTIME] 60.0 [Date] 2021-01-09T14:47:15 [Time] 14:47:15
48/320 LSPM_J0903+0540-20210109@144831-Eden.fts [TYPE] LIGHT [OBJ] LSPM_J0903+0540 [RA] 09 03 20.9815 [Dec] +05 40 14.7828 [FIL] GG495 [EXPTIME] 60.0 [Date] 2021-01-09T14:48:31 [Time] 14:48:31
49/320 LSPM_J0903+0540-20210109@144946-Eden.fts [TYPE] LIGHT [OBJ] LSPM_J0903+0540 [RA] 09 03 20.9815 [Dec] +05 40 14.7828 [FIL] GG495 [EXPTIME] 60.0 [Date] 2021-01-09T14:49:46 [Time] 14:49:46
50/320 LSPM_J0903+0540-20210109@145102-Eden.fts [TYPE] LIGHT [OBJ] LSPM_J0903+0540 [RA] 09 03 20.9815 [Dec] +05 40 14.7828 [FIL] GG495 [EXPTIME] 60.0 [Date] 2021-01-09T14:51:02 [Time] 14:51:02
51/320 LSPM_J0903+0540-20210109@145220-Eden.fts [TYPE] LIGHT [OBJ] LSPM_J0903+0540 [RA] 09 03 20.9815 [Dec] +05 40 14.7828 [FIL] GG495 [EXPTIME] 60.0 [Date] 2021-01-09T14:52:20 [Time] 14:52:20
52/320 LSPM_J0903+0540-20210109@145337-Eden.fts [TYPE] LIGHT [OBJ] LSPM_J0903+0540 [RA] 09 03 20.9815 [Dec] +05 40 14.7828 [FIL] GG495 [EXPTIME] 60.0 [Date] 2021-01-09T14:53:37 [Time] 14:53:37
53/320 LSPM_J0903+0540-20210109@145454-Eden.fts [TYPE] LIGHT [OBJ] LSPM_J0903+0540 [RA] 09 03 20.9815 [Dec] +05 40 14.7828 [FIL] GG495 [EXPTIME] 60.0 [Date] 2021-01-09T14:54:54 [Time] 14:54:54
54/320 LSPM_J0903+0540-20210109@145612-Eden.fts [TYPE] LIGHT [OBJ] LSPM_J0903+0540 [RA] 09 03 20.9815 [Dec] +05 40 14.7828 [FIL] GG495 [EXPTIME] 60.0 [Date] 2021-01-09T14:56:12 [Time] 14:56:12
55/320 LSPM_J0903+0540-20210109@145728-Eden.fts [TYPE] LIGHT [OBJ] LSPM_J0903+0540 [RA] 09 03 20.9815 [Dec] +05 40 14.7828 [FIL] GG495 [EXPTIME] 60.0 [Date] 2021-01-09T14:57:28 [Time] 14:57:28
56/320 LSPM_J0903+0540-20210109@145844-Eden.fts [TYPE] LIGHT [OBJ] LSPM_J0903+0540 [RA] 09 03 20.9815 [Dec] +05 40 14.7828 [FIL] GG495 [EXPTIME] 60.0 [Date] 2021-01-09T14:58:44 [Time] 14:58:44
57/320 LSPM_J0903+0540-20210109@145958-Eden.fts [TYPE] LIGHT [OBJ] LSPM_J0903+0540 [RA] 09 03 20.9815 [Dec] +05 40 14.7828 [FIL] GG495 [EXPTIME] 60.0 [Date] 2021-01-09T14:59:58 [Time] 14:59:58
58/320 LSPM_J0903+0540-20210109@150115-Eden.fts [TYPE] LIGHT [OBJ] LSPM_J0903+0540 [RA] 09 03 20.9815 [Dec] +05 40 14.7828 [FIL] GG495 [EXPTIME] 60.0 [Date] 2021-01-09T15:01:15 [Time] 15:01:15
59/320 LSPM_J0903+0540-20210109@150231-Eden.fts [TYPE] LIGHT [OBJ] LSPM_J0903+0540 [RA] 09 03 20.9815 [Dec] +05 40 14.7828 [FIL] GG495 [EXPTIME] 60.0 [Date] 2021-01-09T15:02:31 [Time] 15:02:31
60/320 LSPM_J0903+0540-20210109@150346-Eden.fts [TYPE] LIGHT [OBJ] LSPM_J0903+0540 [RA] 09 03 20.9815 [Dec] +05 40 14.7828 [FIL] GG495 [EXPTIME] 60.0 [Date] 2021-01-09T15:03:46 [Time] 15:03:46
61/320 LSPM_J0903+0540-20210109@150503-Eden.fts [TYPE] LIGHT [OBJ] LSPM_J0903+0540 [RA] 09 03 20.9815 [Dec] +05 40 14.7828 [FIL] GG495 [EXPTIME] 60.0 [Date] 2021-01-09T15:05:03 [Time] 15:05:03
62/320 LSPM_J0903+0540-20210109@150618-Eden.fts [TYPE] LIGHT [OBJ] LSPM_J0903+0540 [RA] 09 03 20.9815 [Dec] +05 40 14.7828 [FIL] GG495 [EXPTIME] 60.0 [Date] 2021-01-09T15:06:18 [Time] 15:06:18
63/320 LSPM_J0903+0540-20210109@150734-Eden.fts [TYPE] LIGHT [OBJ] LSPM_J0903+0540 [RA] 09 03 20.9815 [Dec] +05 40 14.7828 [FIL] GG495 [EXPTIME] 60.0 [Date] 2021-01-09T15:07:34 [Time] 15:07:34
64/320 LSPM_J0903+0540-20210109@150848-Eden.fts [TYPE] LIGHT [OBJ] LSPM_J0903+0540 [RA] 09 03 20.9815 [Dec] +05 40 14.7828 [FIL] GG495 [EXPTIME] 60.0 [Date] 2021-01-09T15:08:48 [Time] 15:08:48
65/320 LSPM_J0903+0540-20210109@151004-Eden.fts [TYPE] LIGHT [OBJ] LSPM_J0903+0540 [RA] 09 03 20.9815 [Dec] +05 40 14.7828 [FIL] GG495 [EXPTIME] 60.0 [Date] 2021-01-09T15:10:04 [Time] 15:10:04
66/320 LSPM_J0903+0540-20210109@151121-Eden.fts [TYPE] LIGHT [OBJ] LSPM_J0903+0540 [RA] 09 03 20.9815 [Dec] +05 40 14.7828 [FIL] GG495 [EXPTIME] 60.0 [Date] 2021-01-09T15:11:21 [Time] 15:11:21
67/320 LSPM_J0903+0540-20210109@151238-Eden.fts [TYPE] LIGHT [OBJ] LSPM_J0903+0540 [RA] 09 03 20.9815 [Dec] +05 40 14.7828 [FIL] GG495 [EXPTIME] 60.0 [Date] 2021-01-09T15:12:38 [Time] 15:12:38
68/320 LSPM_J0903+0540-20210109@151353-Eden.fts [TYPE] LIGHT [OBJ] LSPM_J0903+0540 [RA] 09 03 20.9815 [Dec] +05 40 14.7828 [FIL] GG495 [EXPTIME] 60.0 [Date] 2021-01-09T15:13:53 [Time] 15:13:53
69/320 LSPM_J0903+0540-20210109@151509-Eden.fts [TYPE] LIGHT [OBJ] LSPM_J0903+0540 [RA] 09 03 20.9815 [Dec] +05 40 14.7828 [FIL] GG495 [EXPTIME] 60.0 [Date] 2021-01-09T15:15:09 [Time] 15:15:09
70/320 LSPM_J0903+0540-20210109@151626-Eden.fts [TYPE] LIGHT [OBJ] LSPM_J0903+0540 [RA] 09 03 20.9815 [Dec] +05 40 14.7828 [FIL] GG495 [EXPTIME] 60.0 [Date] 2021-01-09T15:16:26 [Time] 15:16:26
71/320 LSPM_J0903+0540-20210109@151742-Eden.fts [TYPE] LIGHT [OBJ] LSPM_J0903+0540 [RA] 09 03 20.9815 [Dec] +05 40 14.7828 [FIL] GG495 [EXPTIME] 60.0 [Date] 2021-01-09T15:17:42 [Time] 15:17:42
72/320 LSPM_J0903+0540-20210109@151856-Eden.fts [TYPE] LIGHT [OBJ] LSPM_J0903+0540 [RA] 09 03 20.9815 [Dec] +05 40 14.7828 [FIL] GG495 [EXPTIME] 60.0 [Date] 2021-01-09T15:18:56 [Time] 15:18:56
73/320 LSPM_J0903+0540-20210109@152012-Eden.fts [TYPE] LIGHT [OBJ] LSPM_J0903+0540 [RA] 09 03 20.9815 [Dec] +05 40 14.7828 [FIL] GG495 [EXPTIME] 60.0 [Date] 2021-01-09T15:20:12 [Time] 15:20:12
74/320 LSPM_J0903+0540-20210109@152127-Eden.fts [TYPE] LIGHT [OBJ] LSPM_J0903+0540 [RA] 09 03 20.9815 [Dec] +05 40 14.7828 [FIL] GG495 [EXPTIME] 60.0 [Date] 2021-01-09T15:21:27 [Time] 15:21:27
75/320 LSPM_J0903+0540-20210109@152241-Eden.fts [TYPE] LIGHT [OBJ] LSPM_J0903+0540 [RA] 09 03 20.9815 [Dec] +05 40 14.7828 [FIL] GG495 [EXPTIME] 60.0 [Date] 2021-01-09T15:22:41 [Time] 15:22:41
76/320 LSPM_J0903+0540-20210109@152359-Eden.fts [TYPE] LIGHT [OBJ] LSPM_J0903+0540 [RA] 09 03 20.9815 [Dec] +05 40 14.7828 [FIL] GG495 [EXPTIME] 60.0 [Date] 2021-01-09T15:23:59 [Time] 15:23:59
77/320 LSPM_J0903+0540-20210109@152515-Eden.fts [TYPE] LIGHT [OBJ] LSPM_J0903+0540 [RA] 09 03 20.9815 [Dec] +05 40 14.7828 [FIL] GG495 [EXPTIME] 60.0 [Date] 2021-01-09T15:25:15 [Time] 15:25:15
78/320 LSPM_J0903+0540-20210109@152630-Eden.fts [TYPE] LIGHT [OBJ] LSPM_J0903+0540 [RA] 09 03 20.9815 [Dec] +05 40 14.7828 [FIL] GG495 [EXPTIME] 60.0 [Date] 2021-01-09T15:26:30 [Time] 15:26:30
79/320 LSPM_J0903+0540-20210109@152748-Eden.fts [TYPE] LIGHT [OBJ] LSPM_J0903+0540 [RA] 09 03 20.9815 [Dec] +05 40 14.7828 [FIL] GG495 [EXPTIME] 60.0 [Date] 2021-01-09T15:27:48 [Time] 15:27:48
80/320 LSPM_J0903+0540-20210109@152906-Eden.fts [TYPE] LIGHT [OBJ] LSPM_J0903+0540 [RA] 09 03 20.9815 [Dec] +05 40 14.7828 [FIL] GG495 [EXPTIME] 60.0 [Date] 2021-01-09T15:29:06 [Time] 15:29:06
81/320 LSPM_J0903+0540-20210109@153022-Eden.fts [TYPE] LIGHT [OBJ] LSPM_J0903+0540 [RA] 09 03 20.9815 [Dec] +05 40 14.7828 [FIL] GG495 [EXPTIME] 60.0 [Date] 2021-01-09T15:30:22 [Time] 15:30:22
82/320 LSPM_J0903+0540-20210109@153138-Eden.fts [TYPE] LIGHT [OBJ] LSPM_J0903+0540 [RA] 09 03 20.9815 [Dec] +05 40 14.7828 [FIL] GG495 [EXPTIME] 60.0 [Date] 2021-01-09T15:31:38 [Time] 15:31:38
83/320 LSPM_J0903+0540-20210109@153253-Eden.fts [TYPE] LIGHT [OBJ] LSPM_J0903+0540 [RA] 09 03 20.9815 [Dec] +05 40 14.7828 [FIL] GG495 [EXPTIME] 60.0 [Date] 2021-01-09T15:32:53 [Time] 15:32:53
84/320 LSPM_J0903+0540-20210109@153408-Eden.fts [TYPE] LIGHT [OBJ] LSPM_J0903+0540 [RA] 09 03 20.9815 [Dec] +05 40 14.7828 [FIL] GG495 [EXPTIME] 60.0 [Date] 2021-01-09T15:34:08 [Time] 15:34:08
85/320 LSPM_J0903+0540-20210109@153522-Eden.fts [TYPE] LIGHT [OBJ] LSPM_J0903+0540 [RA] 09 03 20.9815 [Dec] +05 40 14.7828 [FIL] GG495 [EXPTIME] 60.0 [Date] 2021-01-09T15:35:22 [Time] 15:35:22
86/320 LSPM_J0903+0540-20210109@153638-Eden.fts [TYPE] LIGHT [OBJ] LSPM_J0903+0540 [RA] 09 03 20.9815 [Dec] +05 40 14.7828 [FIL] GG495 [EXPTIME] 60.0 [Date] 2021-01-09T15:36:38 [Time] 15:36:38
87/320 LSPM_J0903+0540-20210109@153754-Eden.fts [TYPE] LIGHT [OBJ] LSPM_J0903+0540 [RA] 09 03 20.9815 [Dec] +05 40 14.7828 [FIL] GG495 [EXPTIME] 60.0 [Date] 2021-01-09T15:37:54 [Time] 15:37:54
88/320 LSPM_J0903+0540-20210109@153910-Eden.fts [TYPE] LIGHT [OBJ] LSPM_J0903+0540 [RA] 09 03 20.9815 [Dec] +05 40 14.7828 [FIL] GG495 [EXPTIME] 60.0 [Date] 2021-01-09T15:39:10 [Time] 15:39:10
89/320 LSPM_J0903+0540-20210109@154027-Eden.fts [TYPE] LIGHT [OBJ] LSPM_J0903+0540 [RA] 09 03 20.9815 [Dec] +05 40 14.7828 [FIL] GG495 [EXPTIME] 60.0 [Date] 2021-01-09T15:40:27 [Time] 15:40:27
90/320 LSPM_J0903+0540-20210109@154144-Eden.fts [TYPE] LIGHT [OBJ] LSPM_J0903+0540 [RA] 09 03 20.9815 [Dec] +05 40 14.7828 [FIL] GG495 [EXPTIME] 60.0 [Date] 2021-01-09T15:41:44 [Time] 15:41:44
91/320 LSPM_J0903+0540-20210109@154300-Eden.fts [TYPE] LIGHT [OBJ] LSPM_J0903+0540 [RA] 09 03 20.9815 [Dec] +05 40 14.7828 [FIL] GG495 [EXPTIME] 60.0 [Date] 2021-01-09T15:43:00 [Time] 15:43:00
92/320 LSPM_J0903+0540-20210109@154416-Eden.fts [TYPE] LIGHT [OBJ] LSPM_J0903+0540 [RA] 09 03 20.9815 [Dec] +05 40 14.7828 [FIL] GG495 [EXPTIME] 60.0 [Date] 2021-01-09T15:44:16 [Time] 15:44:16
93/320 LSPM_J0903+0540-20210109@154533-Eden.fts [TYPE] LIGHT [OBJ] LSPM_J0903+0540 [RA] 09 03 20.9815 [Dec] +05 40 14.7828 [FIL] GG495 [EXPTIME] 60.0 [Date] 2021-01-09T15:45:33 [Time] 15:45:33
94/320 LSPM_J0903+0540-20210109@154647-Eden.fts [TYPE] LIGHT [OBJ] LSPM_J0903+0540 [RA] 09 03 20.9815 [Dec] +05 40 14.7828 [FIL] GG495 [EXPTIME] 60.0 [Date] 2021-01-09T15:46:47 [Time] 15:46:47
95/320 LSPM_J0903+0540-20210109@154803-Eden.fts [TYPE] LIGHT [OBJ] LSPM_J0903+0540 [RA] 09 03 20.9815 [Dec] +05 40 14.7828 [FIL] GG495 [EXPTIME] 60.0 [Date] 2021-01-09T15:48:03 [Time] 15:48:03
96/320 LSPM_J0903+0540-20210109@154919-Eden.fts [TYPE] LIGHT [OBJ] LSPM_J0903+0540 [RA] 09 03 20.9815 [Dec] +05 40 14.7828 [FIL] GG495 [EXPTIME] 60.0 [Date] 2021-01-09T15:49:19 [Time] 15:49:19
97/320 LSPM_J0903+0540-20210109@155034-Eden.fts [TYPE] LIGHT [OBJ] LSPM_J0903+0540 [RA] 09 03 20.9815 [Dec] +05 40 14.7828 [FIL] GG495 [EXPTIME] 60.0 [Date] 2021-01-09T15:50:34 [Time] 15:50:34
98/320 LSPM_J0903+0540-20210109@155149-Eden.fts [TYPE] LIGHT [OBJ] LSPM_J0903+0540 [RA] 09 03 20.9815 [Dec] +05 40 14.7828 [FIL] GG495 [EXPTIME] 60.0 [Date] 2021-01-09T15:51:49 [Time] 15:51:49
99/320 LSPM_J0903+0540-20210109@155305-Eden.fts [TYPE] LIGHT [OBJ] LSPM_J0903+0540 [RA] 09 03 20.9815 [Dec] +05 40 14.7828 [FIL] GG495 [EXPTIME] 60.0 [Date] 2021-01-09T15:53:05 [Time] 15:53:05
100/320 LSPM_J0903+0540-20210109@155421-Eden.fts [TYPE] LIGHT [OBJ] LSPM_J0903+0540 [RA] 09 03 20.9815 [Dec] +05 40 14.7828 [FIL] GG495 [EXPTIME] 60.0 [Date] 2021-01-09T15:54:21 [Time] 15:54:21
101/320 LSPM_J0903+0540-20210109@155537-Eden.fts [TYPE] LIGHT [OBJ] LSPM_J0903+0540 [RA] 09 03 20.9815 [Dec] +05 40 14.7828 [FIL] GG495 [EXPTIME] 60.0 [Date] 2021-01-09T15:55:37 [Time] 15:55:37
102/320 LSPM_J0903+0540-20210109@155653-Eden.fts [TYPE] LIGHT [OBJ] LSPM_J0903+0540 [RA] 09 03 20.9815 [Dec] +05 40 14.7828 [FIL] GG495 [EXPTIME] 60.0 [Date] 2021-01-09T15:56:53 [Time] 15:56:53
103/320 LSPM_J0903+0540-20210109@155810-Eden.fts [TYPE] LIGHT [OBJ] LSPM_J0903+0540 [RA] 09 03 20.9815 [Dec] +05 40 14.7828 [FIL] GG495 [EXPTIME] 60.0 [Date] 2021-01-09T15:58:10 [Time] 15:58:10
104/320 LSPM_J0903+0540-20210109@155925-Eden.fts [TYPE] LIGHT [OBJ] LSPM_J0903+0540 [RA] 09 03 20.9815 [Dec] +05 40 14.7828 [FIL] GG495 [EXPTIME] 60.0 [Date] 2021-01-09T15:59:25 [Time] 15:59:25
105/320 LSPM_J0903+0540-20210109@160042-Eden.fts [TYPE] LIGHT [OBJ] LSPM_J0903+0540 [RA] 09 03 20.9815 [Dec] +05 40 14.7828 [FIL] GG495 [EXPTIME] 60.0 [Date] 2021-01-09T16:00:42 [Time] 16:00:42
106/320 LSPM_J0903+0540-20210109@160158-Eden.fts [TYPE] LIGHT [OBJ] LSPM_J0903+0540 [RA] 09 03 20.9815 [Dec] +05 40 14.7828 [FIL] GG495 [EXPTIME] 60.0 [Date] 2021-01-09T16:01:58 [Time] 16:01:58
107/320 LSPM_J0903+0540-20210109@160315-Eden.fts [TYPE] LIGHT [OBJ] LSPM_J0903+0540 [RA] 09 03 20.9815 [Dec] +05 40 14.7828 [FIL] GG495 [EXPTIME] 60.0 [Date] 2021-01-09T16:03:15 [Time] 16:03:15
108/320 LSPM_J0903+0540-20210109@160430-Eden.fts [TYPE] LIGHT [OBJ] LSPM_J0903+0540 [RA] 09 03 20.9815 [Dec] +05 40 14.7828 [FIL] GG495 [EXPTIME] 60.0 [Date] 2021-01-09T16:04:30 [Time] 16:04:30
109/320 LSPM_J0903+0540-20210109@160546-Eden.fts [TYPE] LIGHT [OBJ] LSPM_J0903+0540 [RA] 09 03 20.9815 [Dec] +05 40 14.7828 [FIL] GG495 [EXPTIME] 60.0 [Date] 2021-01-09T16:05:46 [Time] 16:05:46
110/320 LSPM_J0903+0540-20210109@160703-Eden.fts [TYPE] LIGHT [OBJ] LSPM_J0903+0540 [RA] 09 03 20.9815 [Dec] +05 40 14.7828 [FIL] GG495 [EXPTIME] 60.0 [Date] 2021-01-09T16:07:03 [Time] 16:07:03
111/320 LSPM_J0903+0540-20210109@160820-Eden.fts [TYPE] LIGHT [OBJ] LSPM_J0903+0540 [RA] 09 03 20.9815 [Dec] +05 40 14.7828 [FIL] GG495 [EXPTIME] 60.0 [Date] 2021-01-09T16:08:20 [Time] 16:08:20
112/320 LSPM_J0903+0540-20210109@160935-Eden.fts [TYPE] LIGHT [OBJ] LSPM_J0903+0540 [RA] 09 03 20.9815 [Dec] +05 40 14.7828 [FIL] GG495 [EXPTIME] 60.0 [Date] 2021-01-09T16:09:35 [Time] 16:09:35
113/320 LSPM_J0903+0540-20210109@161051-Eden.fts [TYPE] LIGHT [OBJ] LSPM_J0903+0540 [RA] 09 03 20.9815 [Dec] +05 40 14.7828 [FIL] GG495 [EXPTIME] 60.0 [Date] 2021-01-09T16:10:51 [Time] 16:10:51
114/320 LSPM_J0903+0540-20210109@161208-Eden.fts [TYPE] LIGHT [OBJ] LSPM_J0903+0540 [RA] 09 03 20.9815 [Dec] +05 40 14.7828 [FIL] GG495 [EXPTIME] 60.0 [Date] 2021-01-09T16:12:08 [Time] 16:12:08
115/320 LSPM_J0903+0540-20210109@161324-Eden.fts [TYPE] LIGHT [OBJ] LSPM_J0903+0540 [RA] 09 03 20.9815 [Dec] +05 40 14.7828 [FIL] GG495 [EXPTIME] 60.0 [Date] 2021-01-09T16:13:24 [Time] 16:13:24
116/320 LSPM_J0903+0540-20210109@161441-Eden.fts [TYPE] LIGHT [OBJ] LSPM_J0903+0540 [RA] 09 03 20.9815 [Dec] +05 40 14.7828 [FIL] GG495 [EXPTIME] 60.0 [Date] 2021-01-09T16:14:41 [Time] 16:14:41
117/320 LSPM_J0903+0540-20210109@161556-Eden.fts [TYPE] LIGHT [OBJ] LSPM_J0903+0540 [RA] 09 03 20.9815 [Dec] +05 40 14.7828 [FIL] GG495 [EXPTIME] 60.0 [Date] 2021-01-09T16:15:56 [Time] 16:15:56
118/320 LSPM_J0903+0540-20210109@161711-Eden.fts [TYPE] LIGHT [OBJ] LSPM_J0903+0540 [RA] 09 03 20.9815 [Dec] +05 40 14.7828 [FIL] GG495 [EXPTIME] 60.0 [Date] 2021-01-09T16:17:11 [Time] 16:17:11
119/320 LSPM_J0903+0540-20210109@161826-Eden.fts [TYPE] LIGHT [OBJ] LSPM_J0903+0540 [RA] 09 03 20.9815 [Dec] +05 40 14.7828 [FIL] GG495 [EXPTIME] 60.0 [Date] 2021-01-09T16:18:26 [Time] 16:18:26
120/320 LSPM_J0903+0540-20210109@161942-Eden.fts [TYPE] LIGHT [OBJ] LSPM_J0903+0540 [RA] 09 03 20.9815 [Dec] +05 40 14.7828 [FIL] GG495 [EXPTIME] 60.0 [Date] 2021-01-09T16:19:42 [Time] 16:19:42
121/320 LSPM_J0903+0540-20210109@162059-Eden.fts [TYPE] LIGHT [OBJ] LSPM_J0903+0540 [RA] 09 03 20.9815 [Dec] +05 40 14.7828 [FIL] GG495 [EXPTIME] 60.0 [Date] 2021-01-09T16:20:59 [Time] 16:20:59
122/320 LSPM_J0903+0540-20210109@162537-Eden.fts [TYPE] LIGHT [OBJ] LSPM_J0903+0540 [RA] 09 03 20.9815 [Dec] +05 40 14.7828 [FIL] GG495 [EXPTIME] 60.0 [Date] 2021-01-09T16:25:37 [Time] 16:25:37
123/320 LSPM_J0903+0540-20210109@162653-Eden.fts [TYPE] LIGHT [OBJ] LSPM_J0903+0540 [RA] 09 03 20.9815 [Dec] +05 40 14.7828 [FIL] GG495 [EXPTIME] 60.0 [Date] 2021-01-09T16:26:53 [Time] 16:26:53
124/320 LSPM_J0903+0540-20210109@162810-Eden.fts [TYPE] LIGHT [OBJ] LSPM_J0903+0540 [RA] 09 03 20.9815 [Dec] +05 40 14.7828 [FIL] GG495 [EXPTIME] 60.0 [Date] 2021-01-09T16:28:10 [Time] 16:28:10
125/320 LSPM_J0903+0540-20210109@162928-Eden.fts [TYPE] LIGHT [OBJ] LSPM_J0903+0540 [RA] 09 03 20.9815 [Dec] +05 40 14.7828 [FIL] GG495 [EXPTIME] 60.0 [Date] 2021-01-09T16:29:28 [Time] 16:29:28
126/320 LSPM_J0903+0540-20210109@163044-Eden.fts [TYPE] LIGHT [OBJ] LSPM_J0903+0540 [RA] 09 03 20.9815 [Dec] +05 40 14.7828 [FIL] GG495 [EXPTIME] 60.0 [Date] 2021-01-09T16:30:44 [Time] 16:30:44
127/320 LSPM_J0903+0540-20210109@163200-Eden.fts [TYPE] LIGHT [OBJ] LSPM_J0903+0540 [RA] 09 03 20.9815 [Dec] +05 40 14.7828 [FIL] GG495 [EXPTIME] 60.0 [Date] 2021-01-09T16:32:00 [Time] 16:32:00
128/320 LSPM_J0903+0540-20210109@163315-Eden.fts [TYPE] LIGHT [OBJ] LSPM_J0903+0540 [RA] 09 03 20.9815 [Dec] +05 40 14.7828 [FIL] GG495 [EXPTIME] 60.0 [Date] 2021-01-09T16:33:15 [Time] 16:33:15
129/320 LSPM_J0903+0540-20210109@163430-Eden.fts [TYPE] LIGHT [OBJ] LSPM_J0903+0540 [RA] 09 03 20.9815 [Dec] +05 40 14.7828 [FIL] GG495 [EXPTIME] 60.0 [Date] 2021-01-09T16:34:30 [Time] 16:34:30
130/320 LSPM_J0903+0540-20210109@163544-Eden.fts [TYPE] LIGHT [OBJ] LSPM_J0903+0540 [RA] 09 03 20.9815 [Dec] +05 40 14.7828 [FIL] GG495 [EXPTIME] 60.0 [Date] 2021-01-09T16:35:44 [Time] 16:35:44
131/320 LSPM_J0903+0540-20210109@163702-Eden.fts [TYPE] LIGHT [OBJ] LSPM_J0903+0540 [RA] 09 03 20.9815 [Dec] +05 40 14.7828 [FIL] GG495 [EXPTIME] 60.0 [Date] 2021-01-09T16:37:02 [Time] 16:37:02
132/320 LSPM_J0903+0540-20210109@163819-Eden.fts [TYPE] LIGHT [OBJ] LSPM_J0903+0540 [RA] 09 03 20.9815 [Dec] +05 40 14.7828 [FIL] GG495 [EXPTIME] 60.0 [Date] 2021-01-09T16:38:19 [Time] 16:38:19
133/320 LSPM_J0903+0540-20210109@163934-Eden.fts [TYPE] LIGHT [OBJ] LSPM_J0903+0540 [RA] 09 03 20.9815 [Dec] +05 40 14.7828 [FIL] GG495 [EXPTIME] 60.0 [Date] 2021-01-09T16:39:34 [Time] 16:39:34
134/320 LSPM_J0903+0540-20210109@164052-Eden.fts [TYPE] LIGHT [OBJ] LSPM_J0903+0540 [RA] 09 03 20.9815 [Dec] +05 40 14.7828 [FIL] GG495 [EXPTIME] 60.0 [Date] 2021-01-09T16:40:52 [Time] 16:40:52
135/320 LSPM_J0903+0540-20210109@164208-Eden.fts [TYPE] LIGHT [OBJ] LSPM_J0903+0540 [RA] 09 03 20.9815 [Dec] +05 40 14.7828 [FIL] GG495 [EXPTIME] 60.0 [Date] 2021-01-09T16:42:08 [Time] 16:42:08
136/320 LSPM_J0903+0540-20210109@164323-Eden.fts [TYPE] LIGHT [OBJ] LSPM_J0903+0540 [RA] 09 03 20.9815 [Dec] +05 40 14.7828 [FIL] GG495 [EXPTIME] 60.0 [Date] 2021-01-09T16:43:23 [Time] 16:43:23
137/320 LSPM_J0903+0540-20210109@164439-Eden.fts [TYPE] LIGHT [OBJ] LSPM_J0903+0540 [RA] 09 03 20.9815 [Dec] +05 40 14.7828 [FIL] GG495 [EXPTIME] 60.0 [Date] 2021-01-09T16:44:39 [Time] 16:44:39
138/320 LSPM_J0903+0540-20210109@164556-Eden.fts [TYPE] LIGHT [OBJ] LSPM_J0903+0540 [RA] 09 03 20.9815 [Dec] +05 40 14.7828 [FIL] GG495 [EXPTIME] 60.0 [Date] 2021-01-09T16:45:56 [Time] 16:45:56
139/320 LSPM_J0903+0540-20210109@164712-Eden.fts [TYPE] LIGHT [OBJ] LSPM_J0903+0540 [RA] 09 03 20.9815 [Dec] +05 40 14.7828 [FIL] GG495 [EXPTIME] 60.0 [Date] 2021-01-09T16:47:12 [Time] 16:47:12
140/320 LSPM_J0903+0540-20210109@164829-Eden.fts [TYPE] LIGHT [OBJ] LSPM_J0903+0540 [RA] 09 03 20.9815 [Dec] +05 40 14.7828 [FIL] GG495 [EXPTIME] 60.0 [Date] 2021-01-09T16:48:29 [Time] 16:48:29
141/320 LSPM_J0903+0540-20210109@164946-Eden.fts [TYPE] LIGHT [OBJ] LSPM_J0903+0540 [RA] 09 03 20.9815 [Dec] +05 40 14.7828 [FIL] GG495 [EXPTIME] 60.0 [Date] 2021-01-09T16:49:46 [Time] 16:49:46
142/320 LSPM_J0903+0540-20210109@165102-Eden.fts [TYPE] LIGHT [OBJ] LSPM_J0903+0540 [RA] 09 03 20.9815 [Dec] +05 40 14.7828 [FIL] GG495 [EXPTIME] 60.0 [Date] 2021-01-09T16:51:02 [Time] 16:51:02
143/320 LSPM_J0903+0540-20210109@165219-Eden.fts [TYPE] LIGHT [OBJ] LSPM_J0903+0540 [RA] 09 03 20.9815 [Dec] +05 40 14.7828 [FIL] GG495 [EXPTIME] 60.0 [Date] 2021-01-09T16:52:19 [Time] 16:52:19
144/320 LSPM_J0903+0540-20210109@165334-Eden.fts [TYPE] LIGHT [OBJ] LSPM_J0903+0540 [RA] 09 03 20.9815 [Dec] +05 40 14.7828 [FIL] GG495 [EXPTIME] 60.0 [Date] 2021-01-09T16:53:34 [Time] 16:53:34
145/320 LSPM_J0903+0540-20210109@165449-Eden.fts [TYPE] LIGHT [OBJ] LSPM_J0903+0540 [RA] 09 03 20.9815 [Dec] +05 40 14.7828 [FIL] GG495 [EXPTIME] 60.0 [Date] 2021-01-09T16:54:49 [Time] 16:54:49
146/320 LSPM_J0903+0540-20210109@165604-Eden.fts [TYPE] LIGHT [OBJ] LSPM_J0903+0540 [RA] 09 03 20.9815 [Dec] +05 40 14.7828 [FIL] GG495 [EXPTIME] 60.0 [Date] 2021-01-09T16:56:04 [Time] 16:56:04
147/320 LSPM_J0903+0540-20210109@165719-Eden.fts [TYPE] LIGHT [OBJ] LSPM_J0903+0540 [RA] 09 03 20.9815 [Dec] +05 40 14.7828 [FIL] GG495 [EXPTIME] 60.0 [Date] 2021-01-09T16:57:19 [Time] 16:57:19
148/320 LSPM_J0903+0540-20210109@165834-Eden.fts [TYPE] LIGHT [OBJ] LSPM_J0903+0540 [RA] 09 03 20.9815 [Dec] +05 40 14.7828 [FIL] GG495 [EXPTIME] 60.0 [Date] 2021-01-09T16:58:34 [Time] 16:58:34
149/320 LSPM_J0903+0540-20210109@165950-Eden.fts [TYPE] LIGHT [OBJ] LSPM_J0903+0540 [RA] 09 03 20.9815 [Dec] +05 40 14.7828 [FIL] GG495 [EXPTIME] 60.0 [Date] 2021-01-09T16:59:50 [Time] 16:59:50
150/320 LSPM_J0903+0540-20210109@170107-Eden.fts [TYPE] LIGHT [OBJ] LSPM_J0903+0540 [RA] 09 03 20.9815 [Dec] +05 40 14.7828 [FIL] GG495 [EXPTIME] 60.0 [Date] 2021-01-09T17:01:07 [Time] 17:01:07
151/320 LSPM_J0903+0540-20210109@170223-Eden.fts [TYPE] LIGHT [OBJ] LSPM_J0903+0540 [RA] 09 03 20.9815 [Dec] +05 40 14.7828 [FIL] GG495 [EXPTIME] 60.0 [Date] 2021-01-09T17:02:23 [Time] 17:02:23
152/320 LSPM_J0903+0540-20210109@170341-Eden.fts [TYPE] LIGHT [OBJ] LSPM_J0903+0540 [RA] 09 03 20.9815 [Dec] +05 40 14.7828 [FIL] GG495 [EXPTIME] 60.0 [Date] 2021-01-09T17:03:41 [Time] 17:03:41
153/320 LSPM_J0903+0540-20210109@170457-Eden.fts [TYPE] LIGHT [OBJ] LSPM_J0903+0540 [RA] 09 03 20.9815 [Dec] +05 40 14.7828 [FIL] GG495 [EXPTIME] 60.0 [Date] 2021-01-09T17:04:57 [Time] 17:04:57
154/320 LSPM_J0903+0540-20210109@170612-Eden.fts [TYPE] LIGHT [OBJ] LSPM_J0903+0540 [RA] 09 03 20.9815 [Dec] +05 40 14.7828 [FIL] GG495 [EXPTIME] 60.0 [Date] 2021-01-09T17:06:12 [Time] 17:06:12
155/320 LSPM_J0903+0540-20210109@170729-Eden.fts [TYPE] LIGHT [OBJ] LSPM_J0903+0540 [RA] 09 03 20.9815 [Dec] +05 40 14.7828 [FIL] GG495 [EXPTIME] 60.0 [Date] 2021-01-09T17:07:29 [Time] 17:07:29
156/320 LSPM_J0903+0540-20210109@170844-Eden.fts [TYPE] LIGHT [OBJ] LSPM_J0903+0540 [RA] 09 03 20.9815 [Dec] +05 40 14.7828 [FIL] GG495 [EXPTIME] 60.0 [Date] 2021-01-09T17:08:44 [Time] 17:08:44
157/320 LSPM_J0903+0540-20210109@170959-Eden.fts [TYPE] LIGHT [OBJ] LSPM_J0903+0540 [RA] 09 03 20.9815 [Dec] +05 40 14.7828 [FIL] GG495 [EXPTIME] 60.0 [Date] 2021-01-09T17:09:59 [Time] 17:09:59
158/320 LSPM_J0903+0540-20210109@171117-Eden.fts [TYPE] LIGHT [OBJ] LSPM_J0903+0540 [RA] 09 03 20.9815 [Dec] +05 40 14.7828 [FIL] GG495 [EXPTIME] 60.0 [Date] 2021-01-09T17:11:17 [Time] 17:11:17
159/320 LSPM_J0903+0540-20210109@171234-Eden.fts [TYPE] LIGHT [OBJ] LSPM_J0903+0540 [RA] 09 03 20.9815 [Dec] +05 40 14.7828 [FIL] GG495 [EXPTIME] 60.0 [Date] 2021-01-09T17:12:34 [Time] 17:12:34
160/320 LSPM_J0903+0540-20210109@171351-Eden.fts [TYPE] LIGHT [OBJ] LSPM_J0903+0540 [RA] 09 03 20.9815 [Dec] +05 40 14.7828 [FIL] GG495 [EXPTIME] 60.0 [Date] 2021-01-09T17:13:51 [Time] 17:13:51
161/320 LSPM_J0903+0540-20210109@171506-Eden.fts [TYPE] LIGHT [OBJ] LSPM_J0903+0540 [RA] 09 03 20.9815 [Dec] +05 40 14.7828 [FIL] GG495 [EXPTIME] 60.0 [Date] 2021-01-09T17:15:06 [Time] 17:15:06
162/320 LSPM_J0903+0540-20210109@171622-Eden.fts [TYPE] LIGHT [OBJ] LSPM_J0903+0540 [RA] 09 03 20.9815 [Dec] +05 40 14.7828 [FIL] GG495 [EXPTIME] 60.0 [Date] 2021-01-09T17:16:22 [Time] 17:16:22
163/320 LSPM_J0903+0540-20210109@171738-Eden.fts [TYPE] LIGHT [OBJ] LSPM_J0903+0540 [RA] 09 03 20.9815 [Dec] +05 40 14.7828 [FIL] GG495 [EXPTIME] 60.0 [Date] 2021-01-09T17:17:38 [Time] 17:17:38
164/320 LSPM_J0903+0540-20210109@171855-Eden.fts [TYPE] LIGHT [OBJ] LSPM_J0903+0540 [RA] 09 03 20.9815 [Dec] +05 40 14.7828 [FIL] GG495 [EXPTIME] 60.0 [Date] 2021-01-09T17:18:55 [Time] 17:18:55
165/320 LSPM_J0903+0540-20210109@172011-Eden.fts [TYPE] LIGHT [OBJ] LSPM_J0903+0540 [RA] 09 03 20.9815 [Dec] +05 40 14.7828 [FIL] GG495 [EXPTIME] 60.0 [Date] 2021-01-09T17:20:11 [Time] 17:20:11
166/320 LSPM_J0903+0540-20210109@172128-Eden.fts [TYPE] LIGHT [OBJ] LSPM_J0903+0540 [RA] 09 03 20.9815 [Dec] +05 40 14.7828 [FIL] GG495 [EXPTIME] 60.0 [Date] 2021-01-09T17:21:28 [Time] 17:21:28
167/320 LSPM_J0903+0540-20210109@172247-Eden.fts [TYPE] LIGHT [OBJ] LSPM_J0903+0540 [RA] 09 03 20.9815 [Dec] +05 40 14.7828 [FIL] GG495 [EXPTIME] 60.0 [Date] 2021-01-09T17:22:47 [Time] 17:22:47
168/320 LSPM_J0903+0540-20210109@172403-Eden.fts [TYPE] LIGHT [OBJ] LSPM_J0903+0540 [RA] 09 03 20.9815 [Dec] +05 40 14.7828 [FIL] GG495 [EXPTIME] 60.0 [Date] 2021-01-09T17:24:03 [Time] 17:24:03
169/320 LSPM_J0903+0540-20210109@172521-Eden.fts [TYPE] LIGHT [OBJ] LSPM_J0903+0540 [RA] 09 03 20.9815 [Dec] +05 40 14.7828 [FIL] GG495 [EXPTIME] 60.0 [Date] 2021-01-09T17:25:21 [Time] 17:25:21
170/320 LSPM_J0903+0540-20210109@172637-Eden.fts [TYPE] LIGHT [OBJ] LSPM_J0903+0540 [RA] 09 03 20.9815 [Dec] +05 40 14.7828 [FIL] GG495 [EXPTIME] 60.0 [Date] 2021-01-09T17:26:37 [Time] 17:26:37
171/320 LSPM_J0903+0540-20210109@172755-Eden.fts [TYPE] LIGHT [OBJ] LSPM_J0903+0540 [RA] 09 03 20.9815 [Dec] +05 40 14.7828 [FIL] GG495 [EXPTIME] 60.0 [Date] 2021-01-09T17:27:55 [Time] 17:27:55
172/320 LSPM_J0903+0540-20210109@172912-Eden.fts [TYPE] LIGHT [OBJ] LSPM_J0903+0540 [RA] 09 03 20.9815 [Dec] +05 40 14.7828 [FIL] GG495 [EXPTIME] 60.0 [Date] 2021-01-09T17:29:12 [Time] 17:29:12
173/320 LSPM_J0903+0540-20210109@173028-Eden.fts [TYPE] LIGHT [OBJ] LSPM_J0903+0540 [RA] 09 03 20.9815 [Dec] +05 40 14.7828 [FIL] GG495 [EXPTIME] 60.0 [Date] 2021-01-09T17:30:28 [Time] 17:30:28
174/320 LSPM_J0903+0540-20210109@173143-Eden.fts [TYPE] LIGHT [OBJ] LSPM_J0903+0540 [RA] 09 03 20.9815 [Dec] +05 40 14.7828 [FIL] GG495 [EXPTIME] 60.0 [Date] 2021-01-09T17:31:43 [Time] 17:31:43
175/320 LSPM_J0903+0540-20210109@173300-Eden.fts [TYPE] LIGHT [OBJ] LSPM_J0903+0540 [RA] 09 03 20.9815 [Dec] +05 40 14.7828 [FIL] GG495 [EXPTIME] 60.0 [Date] 2021-01-09T17:33:00 [Time] 17:33:00
176/320 LSPM_J0903+0540-20210109@173414-Eden.fts [TYPE] LIGHT [OBJ] LSPM_J0903+0540 [RA] 09 03 20.9815 [Dec] +05 40 14.7828 [FIL] GG495 [EXPTIME] 60.0 [Date] 2021-01-09T17:34:14 [Time] 17:34:14
177/320 LSPM_J0903+0540-20210109@173530-Eden.fts [TYPE] LIGHT [OBJ] LSPM_J0903+0540 [RA] 09 03 20.9815 [Dec] +05 40 14.7828 [FIL] GG495 [EXPTIME] 60.0 [Date] 2021-01-09T17:35:30 [Time] 17:35:30
178/320 LSPM_J0903+0540-20210109@173648-Eden.fts [TYPE] LIGHT [OBJ] LSPM_J0903+0540 [RA] 09 03 20.9815 [Dec] +05 40 14.7828 [FIL] GG495 [EXPTIME] 60.0 [Date] 2021-01-09T17:36:48 [Time] 17:36:48
179/320 LSPM_J0903+0540-20210109@173802-Eden.fts [TYPE] LIGHT [OBJ] LSPM_J0903+0540 [RA] 09 03 20.9815 [Dec] +05 40 14.7828 [FIL] GG495 [EXPTIME] 60.0 [Date] 2021-01-09T17:38:02 [Time] 17:38:02
180/320 LSPM_J0903+0540-20210109@173919-Eden.fts [TYPE] LIGHT [OBJ] LSPM_J0903+0540 [RA] 09 03 20.9815 [Dec] +05 40 14.7828 [FIL] GG495 [EXPTIME] 60.0 [Date] 2021-01-09T17:39:19 [Time] 17:39:19
181/320 LSPM_J0903+0540-20210109@174034-Eden.fts [TYPE] LIGHT [OBJ] LSPM_J0903+0540 [RA] 09 03 20.9815 [Dec] +05 40 14.7828 [FIL] GG495 [EXPTIME] 60.0 [Date] 2021-01-09T17:40:34 [Time] 17:40:34
182/320 LSPM_J0903+0540-20210109@174151-Eden.fts [TYPE] LIGHT [OBJ] LSPM_J0903+0540 [RA] 09 03 20.9815 [Dec] +05 40 14.7828 [FIL] GG495 [EXPTIME] 60.0 [Date] 2021-01-09T17:41:51 [Time] 17:41:51
183/320 LSPM_J0903+0540-20210109@174308-Eden.fts [TYPE] LIGHT [OBJ] LSPM_J0903+0540 [RA] 09 03 20.9815 [Dec] +05 40 14.7828 [FIL] GG495 [EXPTIME] 60.0 [Date] 2021-01-09T17:43:08 [Time] 17:43:08
184/320 LSPM_J0903+0540-20210109@174425-Eden.fts [TYPE] LIGHT [OBJ] LSPM_J0903+0540 [RA] 09 03 20.9815 [Dec] +05 40 14.7828 [FIL] GG495 [EXPTIME] 60.0 [Date] 2021-01-09T17:44:25 [Time] 17:44:25
185/320 LSPM_J0903+0540-20210109@174542-Eden.fts [TYPE] LIGHT [OBJ] LSPM_J0903+0540 [RA] 09 03 20.9815 [Dec] +05 40 14.7828 [FIL] GG495 [EXPTIME] 60.0 [Date] 2021-01-09T17:45:42 [Time] 17:45:42
186/320 LSPM_J0903+0540-20210109@174657-Eden.fts [TYPE] LIGHT [OBJ] LSPM_J0903+0540 [RA] 09 03 20.9815 [Dec] +05 40 14.7828 [FIL] GG495 [EXPTIME] 60.0 [Date] 2021-01-09T17:46:57 [Time] 17:46:57
187/320 LSPM_J0903+0540-20210109@174814-Eden.fts [TYPE] LIGHT [OBJ] LSPM_J0903+0540 [RA] 09 03 20.9815 [Dec] +05 40 14.7828 [FIL] GG495 [EXPTIME] 60.0 [Date] 2021-01-09T17:48:14 [Time] 17:48:14
188/320 LSPM_J0903+0540-20210109@174930-Eden.fts [TYPE] LIGHT [OBJ] LSPM_J0903+0540 [RA] 09 03 20.9815 [Dec] +05 40 14.7828 [FIL] GG495 [EXPTIME] 60.0 [Date] 2021-01-09T17:49:30 [Time] 17:49:30
189/320 LSPM_J0903+0540-20210109@175045-Eden.fts [TYPE] LIGHT [OBJ] LSPM_J0903+0540 [RA] 09 03 20.9815 [Dec] +05 40 14.7828 [FIL] GG495 [EXPTIME] 60.0 [Date] 2021-01-09T17:50:45 [Time] 17:50:45
190/320 LSPM_J0903+0540-20210109@175201-Eden.fts [TYPE] LIGHT [OBJ] LSPM_J0903+0540 [RA] 09 03 20.9815 [Dec] +05 40 14.7828 [FIL] GG495 [EXPTIME] 60.0 [Date] 2021-01-09T17:52:01 [Time] 17:52:01
191/320 LSPM_J0903+0540-20210109@175318-Eden.fts [TYPE] LIGHT [OBJ] LSPM_J0903+0540 [RA] 09 03 20.9815 [Dec] +05 40 14.7828 [FIL] GG495 [EXPTIME] 60.0 [Date] 2021-01-09T17:53:18 [Time] 17:53:18
192/320 LSPM_J0903+0540-20210109@175433-Eden.fts [TYPE] LIGHT [OBJ] LSPM_J0903+0540 [RA] 09 03 20.9815 [Dec] +05 40 14.7828 [FIL] GG495 [EXPTIME] 60.0 [Date] 2021-01-09T17:54:33 [Time] 17:54:33
193/320 LSPM_J0903+0540-20210109@175551-Eden.fts [TYPE] LIGHT [OBJ] LSPM_J0903+0540 [RA] 09 03 20.9815 [Dec] +05 40 14.7828 [FIL] GG495 [EXPTIME] 60.0 [Date] 2021-01-09T17:55:51 [Time] 17:55:51
194/320 LSPM_J0903+0540-20210109@175707-Eden.fts [TYPE] LIGHT [OBJ] LSPM_J0903+0540 [RA] 09 03 20.9815 [Dec] +05 40 14.7828 [FIL] GG495 [EXPTIME] 60.0 [Date] 2021-01-09T17:57:07 [Time] 17:57:07
195/320 LSPM_J0903+0540-20210109@175824-Eden.fts [TYPE] LIGHT [OBJ] LSPM_J0903+0540 [RA] 09 03 20.9815 [Dec] +05 40 14.7828 [FIL] GG495 [EXPTIME] 60.0 [Date] 2021-01-09T17:58:24 [Time] 17:58:24
196/320 LSPM_J0903+0540-20210109@175941-Eden.fts [TYPE] LIGHT [OBJ] LSPM_J0903+0540 [RA] 09 03 20.9815 [Dec] +05 40 14.7828 [FIL] GG495 [EXPTIME] 60.0 [Date] 2021-01-09T17:59:41 [Time] 17:59:41
197/320 LSPM_J0903+0540-20210109@180100-Eden.fts [TYPE] LIGHT [OBJ] LSPM_J0903+0540 [RA] 09 03 20.9815 [Dec] +05 40 14.7828 [FIL] GG495 [EXPTIME] 60.0 [Date] 2021-01-09T18:01:00 [Time] 18:01:00
198/320 LSPM_J0903+0540-20210109@180217-Eden.fts [TYPE] LIGHT [OBJ] LSPM_J0903+0540 [RA] 09 03 20.9815 [Dec] +05 40 14.7828 [FIL] GG495 [EXPTIME] 60.0 [Date] 2021-01-09T18:02:17 [Time] 18:02:17
199/320 LSPM_J0903+0540-20210109@180332-Eden.fts [TYPE] LIGHT [OBJ] LSPM_J0903+0540 [RA] 09 03 20.9815 [Dec] +05 40 14.7828 [FIL] GG495 [EXPTIME] 60.0 [Date] 2021-01-09T18:03:32 [Time] 18:03:32
200/320 LSPM_J0903+0540-20210109@180447-Eden.fts [TYPE] LIGHT [OBJ] LSPM_J0903+0540 [RA] 09 03 20.9815 [Dec] +05 40 14.7828 [FIL] GG495 [EXPTIME] 60.0 [Date] 2021-01-09T18:04:47 [Time] 18:04:47
201/320 LSPM_J0903+0540-20210109@180602-Eden.fts [TYPE] LIGHT [OBJ] LSPM_J0903+0540 [RA] 09 03 20.9815 [Dec] +05 40 14.7828 [FIL] GG495 [EXPTIME] 60.0 [Date] 2021-01-09T18:06:02 [Time] 18:06:02
202/320 LSPM_J0903+0540-20210109@180720-Eden.fts [TYPE] LIGHT [OBJ] LSPM_J0903+0540 [RA] 09 03 20.9815 [Dec] +05 40 14.7828 [FIL] GG495 [EXPTIME] 60.0 [Date] 2021-01-09T18:07:20 [Time] 18:07:20
203/320 LSPM_J0903+0540-20210109@180838-Eden.fts [TYPE] LIGHT [OBJ] LSPM_J0903+0540 [RA] 09 03 20.9815 [Dec] +05 40 14.7828 [FIL] GG495 [EXPTIME] 60.0 [Date] 2021-01-09T18:08:38 [Time] 18:08:38
204/320 LSPM_J0903+0540-20210109@180954-Eden.fts [TYPE] LIGHT [OBJ] LSPM_J0903+0540 [RA] 09 03 20.9815 [Dec] +05 40 14.7828 [FIL] GG495 [EXPTIME] 60.0 [Date] 2021-01-09T18:09:54 [Time] 18:09:54
205/320 LSPM_J0903+0540-20210109@181109-Eden.fts [TYPE] LIGHT [OBJ] LSPM_J0903+0540 [RA] 09 03 20.9815 [Dec] +05 40 14.7828 [FIL] GG495 [EXPTIME] 60.0 [Date] 2021-01-09T18:11:09 [Time] 18:11:09
206/320 LSPM_J0903+0540-20210109@181225-Eden.fts [TYPE] LIGHT [OBJ] LSPM_J0903+0540 [RA] 09 03 20.9815 [Dec] +05 40 14.7828 [FIL] GG495 [EXPTIME] 60.0 [Date] 2021-01-09T18:12:25 [Time] 18:12:25
207/320 LSPM_J0903+0540-20210109@181341-Eden.fts [TYPE] LIGHT [OBJ] LSPM_J0903+0540 [RA] 09 03 20.9815 [Dec] +05 40 14.7828 [FIL] GG495 [EXPTIME] 60.0 [Date] 2021-01-09T18:13:41 [Time] 18:13:41
208/320 LSPM_J0903+0540-20210109@181456-Eden.fts [TYPE] LIGHT [OBJ] LSPM_J0903+0540 [RA] 09 03 20.9815 [Dec] +05 40 14.7828 [FIL] GG495 [EXPTIME] 60.0 [Date] 2021-01-09T18:14:56 [Time] 18:14:56
209/320 LSPM_J0903+0540-20210109@181612-Eden.fts [TYPE] LIGHT [OBJ] LSPM_J0903+0540 [RA] 09 03 20.9815 [Dec] +05 40 14.7828 [FIL] GG495 [EXPTIME] 60.0 [Date] 2021-01-09T18:16:12 [Time] 18:16:12
210/320 LSPM_J0903+0540-20210109@181726-Eden.fts [TYPE] LIGHT [OBJ] LSPM_J0903+0540 [RA] 09 03 20.9815 [Dec] +05 40 14.7828 [FIL] GG495 [EXPTIME] 60.0 [Date] 2021-01-09T18:17:26 [Time] 18:17:26
211/320 LSPM_J0903+0540-20210109@181842-Eden.fts [TYPE] LIGHT [OBJ] LSPM_J0903+0540 [RA] 09 03 20.9815 [Dec] +05 40 14.7828 [FIL] GG495 [EXPTIME] 60.0 [Date] 2021-01-09T18:18:42 [Time] 18:18:42
212/320 LSPM_J0903+0540-20210109@182002-Eden.fts [TYPE] LIGHT [OBJ] LSPM_J0903+0540 [RA] 09 03 20.9815 [Dec] +05 40 14.7828 [FIL] GG495 [EXPTIME] 60.0 [Date] 2021-01-09T18:20:02 [Time] 18:20:02
213/320 LSPM_J0903+0540-20210109@182118-Eden.fts [TYPE] LIGHT [OBJ] LSPM_J0903+0540 [RA] 09 03 20.9815 [Dec] +05 40 14.7828 [FIL] GG495 [EXPTIME] 60.0 [Date] 2021-01-09T18:21:18 [Time] 18:21:18
214/320 LSPM_J0903+0540-20210109@182234-Eden.fts [TYPE] LIGHT [OBJ] LSPM_J0903+0540 [RA] 09 03 20.9815 [Dec] +05 40 14.7828 [FIL] GG495 [EXPTIME] 60.0 [Date] 2021-01-09T18:22:34 [Time] 18:22:34
215/320 LSPM_J0903+0540-20210109@182351-Eden.fts [TYPE] LIGHT [OBJ] LSPM_J0903+0540 [RA] 09 03 20.9815 [Dec] +05 40 14.7828 [FIL] GG495 [EXPTIME] 60.0 [Date] 2021-01-09T18:23:51 [Time] 18:23:51
216/320 LSPM_J0903+0540-20210109@182508-Eden.fts [TYPE] LIGHT [OBJ] LSPM_J0903+0540 [RA] 09 03 20.9815 [Dec] +05 40 14.7828 [FIL] GG495 [EXPTIME] 60.0 [Date] 2021-01-09T18:25:08 [Time] 18:25:08
217/320 LSPM_J0903+0540-20210109@182623-Eden.fts [TYPE] LIGHT [OBJ] LSPM_J0903+0540 [RA] 09 03 20.9815 [Dec] +05 40 14.7828 [FIL] GG495 [EXPTIME] 60.0 [Date] 2021-01-09T18:26:23 [Time] 18:26:23
218/320 LSPM_J0903+0540-20210109@182738-Eden.fts [TYPE] LIGHT [OBJ] LSPM_J0903+0540 [RA] 09 03 20.9815 [Dec] +05 40 14.7828 [FIL] GG495 [EXPTIME] 60.0 [Date] 2021-01-09T18:27:38 [Time] 18:27:38
219/320 LSPM_J0903+0540-20210109@182857-Eden.fts [TYPE] LIGHT [OBJ] LSPM_J0903+0540 [RA] 09 03 20.9815 [Dec] +05 40 14.7828 [FIL] GG495 [EXPTIME] 60.0 [Date] 2021-01-09T18:28:57 [Time] 18:28:57
220/320 LSPM_J0903+0540-20210109@183013-Eden.fts [TYPE] LIGHT [OBJ] LSPM_J0903+0540 [RA] 09 03 20.9815 [Dec] +05 40 14.7828 [FIL] GG495 [EXPTIME] 60.0 [Date] 2021-01-09T18:30:13 [Time] 18:30:13
221/320 LSPM_J0903+0540-20210109@183127-Eden.fts [TYPE] LIGHT [OBJ] LSPM_J0903+0540 [RA] 09 03 20.9815 [Dec] +05 40 14.7828 [FIL] GG495 [EXPTIME] 60.0 [Date] 2021-01-09T18:31:27 [Time] 18:31:27
222/320 LSPM_J0903+0540-20210109@183246-Eden.fts [TYPE] LIGHT [OBJ] LSPM_J0903+0540 [RA] 09 03 20.9815 [Dec] +05 40 14.7828 [FIL] GG495 [EXPTIME] 60.0 [Date] 2021-01-09T18:32:46 [Time] 18:32:46
223/320 LSPM_J0903+0540-20210109@183403-Eden.fts [TYPE] LIGHT [OBJ] LSPM_J0903+0540 [RA] 09 03 20.9815 [Dec] +05 40 14.7828 [FIL] GG495 [EXPTIME] 60.0 [Date] 2021-01-09T18:34:03 [Time] 18:34:03
224/320 LSPM_J0903+0540-20210109@183519-Eden.fts [TYPE] LIGHT [OBJ] LSPM_J0903+0540 [RA] 09 03 20.9815 [Dec] +05 40 14.7828 [FIL] GG495 [EXPTIME] 60.0 [Date] 2021-01-09T18:35:19 [Time] 18:35:19
225/320 LSPM_J0903+0540-20210109@183634-Eden.fts [TYPE] LIGHT [OBJ] LSPM_J0903+0540 [RA] 09 03 20.9815 [Dec] +05 40 14.7828 [FIL] GG495 [EXPTIME] 60.0 [Date] 2021-01-09T18:36:34 [Time] 18:36:34
226/320 LSPM_J0903+0540-20210109@183749-Eden.fts [TYPE] LIGHT [OBJ] LSPM_J0903+0540 [RA] 09 03 20.9815 [Dec] +05 40 14.7828 [FIL] GG495 [EXPTIME] 60.0 [Date] 2021-01-09T18:37:49 [Time] 18:37:49
227/320 LSPM_J0903+0540-20210109@183905-Eden.fts [TYPE] LIGHT [OBJ] LSPM_J0903+0540 [RA] 09 03 20.9815 [Dec] +05 40 14.7828 [FIL] GG495 [EXPTIME] 60.0 [Date] 2021-01-09T18:39:05 [Time] 18:39:05
228/320 LSPM_J0903+0540-20210109@184020-Eden.fts [TYPE] LIGHT [OBJ] LSPM_J0903+0540 [RA] 09 03 20.9815 [Dec] +05 40 14.7828 [FIL] GG495 [EXPTIME] 60.0 [Date] 2021-01-09T18:40:20 [Time] 18:40:20
229/320 LSPM_J0903+0540-20210109@184135-Eden.fts [TYPE] LIGHT [OBJ] LSPM_J0903+0540 [RA] 09 03 20.9815 [Dec] +05 40 14.7828 [FIL] GG495 [EXPTIME] 60.0 [Date] 2021-01-09T18:41:35 [Time] 18:41:35
230/320 LSPM_J0903+0540-20210109@184251-Eden.fts [TYPE] LIGHT [OBJ] LSPM_J0903+0540 [RA] 09 03 20.9815 [Dec] +05 40 14.7828 [FIL] GG495 [EXPTIME] 60.0 [Date] 2021-01-09T18:42:51 [Time] 18:42:51
231/320 LSPM_J0903+0540-20210109@184407-Eden.fts [TYPE] LIGHT [OBJ] LSPM_J0903+0540 [RA] 09 03 20.9815 [Dec] +05 40 14.7828 [FIL] GG495 [EXPTIME] 60.0 [Date] 2021-01-09T18:44:07 [Time] 18:44:07
232/320 LSPM_J0903+0540-20210109@184524-Eden.fts [TYPE] LIGHT [OBJ] LSPM_J0903+0540 [RA] 09 03 20.9815 [Dec] +05 40 14.7828 [FIL] GG495 [EXPTIME] 60.0 [Date] 2021-01-09T18:45:24 [Time] 18:45:24
233/320 LSPM_J0903+0540-20210109@184641-Eden.fts [TYPE] LIGHT [OBJ] LSPM_J0903+0540 [RA] 09 03 20.9815 [Dec] +05 40 14.7828 [FIL] GG495 [EXPTIME] 60.0 [Date] 2021-01-09T18:46:41 [Time] 18:46:41
234/320 LSPM_J0903+0540-20210109@184758-Eden.fts [TYPE] LIGHT [OBJ] LSPM_J0903+0540 [RA] 09 03 20.9815 [Dec] +05 40 14.7828 [FIL] GG495 [EXPTIME] 60.0 [Date] 2021-01-09T18:47:58 [Time] 18:47:58
235/320 LSPM_J0903+0540-20210109@184914-Eden.fts [TYPE] LIGHT [OBJ] LSPM_J0903+0540 [RA] 09 03 20.9815 [Dec] +05 40 14.7828 [FIL] GG495 [EXPTIME] 60.0 [Date] 2021-01-09T18:49:14 [Time] 18:49:14
236/320 LSPM_J0903+0540-20210109@185029-Eden.fts [TYPE] LIGHT [OBJ] LSPM_J0903+0540 [RA] 09 03 20.9815 [Dec] +05 40 14.7828 [FIL] GG495 [EXPTIME] 60.0 [Date] 2021-01-09T18:50:29 [Time] 18:50:29
237/320 LSPM_J0903+0540-20210109@185147-Eden.fts [TYPE] LIGHT [OBJ] LSPM_J0903+0540 [RA] 09 03 20.9815 [Dec] +05 40 14.7828 [FIL] GG495 [EXPTIME] 60.0 [Date] 2021-01-09T18:51:47 [Time] 18:51:47
238/320 LSPM_J0903+0540-20210109@185305-Eden.fts [TYPE] LIGHT [OBJ] LSPM_J0903+0540 [RA] 09 03 20.9815 [Dec] +05 40 14.7828 [FIL] GG495 [EXPTIME] 60.0 [Date] 2021-01-09T18:53:05 [Time] 18:53:05
239/320 LSPM_J0903+0540-20210109@185420-Eden.fts [TYPE] LIGHT [OBJ] LSPM_J0903+0540 [RA] 09 03 20.9815 [Dec] +05 40 14.7828 [FIL] GG495 [EXPTIME] 60.0 [Date] 2021-01-09T18:54:20 [Time] 18:54:20
240/320 LSPM_J0903+0540-20210109@185539-Eden.fts [TYPE] LIGHT [OBJ] LSPM_J0903+0540 [RA] 09 03 20.9815 [Dec] +05 40 14.7828 [FIL] GG495 [EXPTIME] 60.0 [Date] 2021-01-09T18:55:39 [Time] 18:55:39
241/320 LSPM_J0903+0540-20210109@185655-Eden.fts [TYPE] LIGHT [OBJ] LSPM_J0903+0540 [RA] 09 03 20.9815 [Dec] +05 40 14.7828 [FIL] GG495 [EXPTIME] 60.0 [Date] 2021-01-09T18:56:55 [Time] 18:56:55
242/320 LSPM_J0903+0540-20210109@185811-Eden.fts [TYPE] LIGHT [OBJ] LSPM_J0903+0540 [RA] 09 03 20.9815 [Dec] +05 40 14.7828 [FIL] GG495 [EXPTIME] 60.0 [Date] 2021-01-09T18:58:11 [Time] 18:58:11
243/320 LSPM_J0903+0540-20210109@185927-Eden.fts [TYPE] LIGHT [OBJ] LSPM_J0903+0540 [RA] 09 03 20.9815 [Dec] +05 40 14.7828 [FIL] GG495 [EXPTIME] 60.0 [Date] 2021-01-09T18:59:27 [Time] 18:59:27
244/320 LSPM_J0903+0540-20210109@190044-Eden.fts [TYPE] LIGHT [OBJ] LSPM_J0903+0540 [RA] 09 03 20.9815 [Dec] +05 40 14.7828 [FIL] GG495 [EXPTIME] 60.0 [Date] 2021-01-09T19:00:44 [Time] 19:00:44
245/320 LSPM_J0903+0540-20210109@190159-Eden.fts [TYPE] LIGHT [OBJ] LSPM_J0903+0540 [RA] 09 03 20.9815 [Dec] +05 40 14.7828 [FIL] GG495 [EXPTIME] 60.0 [Date] 2021-01-09T19:01:59 [Time] 19:01:59
246/320 LSPM_J0903+0540-20210109@190315-Eden.fts [TYPE] LIGHT [OBJ] LSPM_J0903+0540 [RA] 09 03 20.9815 [Dec] +05 40 14.7828 [FIL] GG495 [EXPTIME] 60.0 [Date] 2021-01-09T19:03:15 [Time] 19:03:15
247/320 LSPM_J0903+0540-20210109@190430-Eden.fts [TYPE] LIGHT [OBJ] LSPM_J0903+0540 [RA] 09 03 20.9815 [Dec] +05 40 14.7828 [FIL] GG495 [EXPTIME] 60.0 [Date] 2021-01-09T19:04:30 [Time] 19:04:30
248/320 LSPM_J0903+0540-20210109@190545-Eden.fts [TYPE] LIGHT [OBJ] LSPM_J0903+0540 [RA] 09 03 20.9815 [Dec] +05 40 14.7828 [FIL] GG495 [EXPTIME] 60.0 [Date] 2021-01-09T19:05:45 [Time] 19:05:45
249/320 LSPM_J0903+0540-20210109@190702-Eden.fts [TYPE] LIGHT [OBJ] LSPM_J0903+0540 [RA] 09 03 20.9815 [Dec] +05 40 14.7828 [FIL] GG495 [EXPTIME] 60.0 [Date] 2021-01-09T19:07:02 [Time] 19:07:02
250/320 LSPM_J0903+0540-20210109@190816-Eden.fts [TYPE] LIGHT [OBJ] LSPM_J0903+0540 [RA] 09 03 20.9815 [Dec] +05 40 14.7828 [FIL] GG495 [EXPTIME] 60.0 [Date] 2021-01-09T19:08:16 [Time] 19:08:16
251/320 LSPM_J0903+0540-20210109@190931-Eden.fts [TYPE] LIGHT [OBJ] LSPM_J0903+0540 [RA] 09 03 20.9815 [Dec] +05 40 14.7828 [FIL] GG495 [EXPTIME] 60.0 [Date] 2021-01-09T19:09:31 [Time] 19:09:31
252/320 LSPM_J0903+0540-20210109@191048-Eden.fts [TYPE] LIGHT [OBJ] LSPM_J0903+0540 [RA] 09 03 20.9815 [Dec] +05 40 14.7828 [FIL] GG495 [EXPTIME] 60.0 [Date] 2021-01-09T19:10:48 [Time] 19:10:48
253/320 LSPM_J0903+0540-20210109@191203-Eden.fts [TYPE] LIGHT [OBJ] LSPM_J0903+0540 [RA] 09 03 20.9815 [Dec] +05 40 14.7828 [FIL] GG495 [EXPTIME] 60.0 [Date] 2021-01-09T19:12:03 [Time] 19:12:03
254/320 LSPM_J0903+0540-20210109@191321-Eden.fts [TYPE] LIGHT [OBJ] LSPM_J0903+0540 [RA] 09 03 20.9815 [Dec] +05 40 14.7828 [FIL] GG495 [EXPTIME] 60.0 [Date] 2021-01-09T19:13:21 [Time] 19:13:21
255/320 LSPM_J0903+0540-20210109@191436-Eden.fts [TYPE] LIGHT [OBJ] LSPM_J0903+0540 [RA] 09 03 20.9815 [Dec] +05 40 14.7828 [FIL] GG495 [EXPTIME] 60.0 [Date] 2021-01-09T19:14:36 [Time] 19:14:36
256/320 LSPM_J0903+0540-20210109@191550-Eden.fts [TYPE] LIGHT [OBJ] LSPM_J0903+0540 [RA] 09 03 20.9815 [Dec] +05 40 14.7828 [FIL] GG495 [EXPTIME] 60.0 [Date] 2021-01-09T19:15:50 [Time] 19:15:50
257/320 LSPM_J0903+0540-20210109@191707-Eden.fts [TYPE] LIGHT [OBJ] LSPM_J0903+0540 [RA] 09 03 20.9815 [Dec] +05 40 14.7828 [FIL] GG495 [EXPTIME] 60.0 [Date] 2021-01-09T19:17:07 [Time] 19:17:07
258/320 LSPM_J0903+0540-20210109@191823-Eden.fts [TYPE] LIGHT [OBJ] LSPM_J0903+0540 [RA] 09 03 20.9815 [Dec] +05 40 14.7828 [FIL] GG495 [EXPTIME] 60.0 [Date] 2021-01-09T19:18:23 [Time] 19:18:23
259/320 LSPM_J0903+0540-20210109@191940-Eden.fts [TYPE] LIGHT [OBJ] LSPM_J0903+0540 [RA] 09 03 20.9815 [Dec] +05 40 14.7828 [FIL] GG495 [EXPTIME] 60.0 [Date] 2021-01-09T19:19:40 [Time] 19:19:40
260/320 LSPM_J0903+0540-20210109@192055-Eden.fts [TYPE] LIGHT [OBJ] LSPM_J0903+0540 [RA] 09 03 20.9815 [Dec] +05 40 14.7828 [FIL] GG495 [EXPTIME] 60.0 [Date] 2021-01-09T19:20:55 [Time] 19:20:55
261/320 LSPM_J0903+0540-20210109@192210-Eden.fts [TYPE] LIGHT [OBJ] LSPM_J0903+0540 [RA] 09 03 20.9815 [Dec] +05 40 14.7828 [FIL] GG495 [EXPTIME] 60.0 [Date] 2021-01-09T19:22:10 [Time] 19:22:10
262/320 LSPM_J0903+0540-20210109@192325-Eden.fts [TYPE] LIGHT [OBJ] LSPM_J0903+0540 [RA] 09 03 20.9815 [Dec] +05 40 14.7828 [FIL] GG495 [EXPTIME] 60.0 [Date] 2021-01-09T19:23:25 [Time] 19:23:25
263/320 LSPM_J0903+0540-20210109@192439-Eden.fts [TYPE] LIGHT [OBJ] LSPM_J0903+0540 [RA] 09 03 20.9815 [Dec] +05 40 14.7828 [FIL] GG495 [EXPTIME] 60.0 [Date] 2021-01-09T19:24:39 [Time] 19:24:39
264/320 LSPM_J0903+0540-20210109@192554-Eden.fts [TYPE] LIGHT [OBJ] LSPM_J0903+0540 [RA] 09 03 20.9815 [Dec] +05 40 14.7828 [FIL] GG495 [EXPTIME] 60.0 [Date] 2021-01-09T19:25:54 [Time] 19:25:54
265/320 LSPM_J0903+0540-20210109@192713-Eden.fts [TYPE] LIGHT [OBJ] LSPM_J0903+0540 [RA] 09 03 20.9815 [Dec] +05 40 14.7828 [FIL] GG495 [EXPTIME] 60.0 [Date] 2021-01-09T19:27:13 [Time] 19:27:13
266/320 LSPM_J0903+0540-20210109@192827-Eden.fts [TYPE] LIGHT [OBJ] LSPM_J0903+0540 [RA] 09 03 20.9815 [Dec] +05 40 14.7828 [FIL] GG495 [EXPTIME] 60.0 [Date] 2021-01-09T19:28:27 [Time] 19:28:27
267/320 LSPM_J0903+0540-20210109@192943-Eden.fts [TYPE] LIGHT [OBJ] LSPM_J0903+0540 [RA] 09 03 20.9815 [Dec] +05 40 14.7828 [FIL] GG495 [EXPTIME] 60.0 [Date] 2021-01-09T19:29:43 [Time] 19:29:43
268/320 LSPM_J0903+0540-20210109@193058-Eden.fts [TYPE] LIGHT [OBJ] LSPM_J0903+0540 [RA] 09 03 20.9815 [Dec] +05 40 14.7828 [FIL] GG495 [EXPTIME] 60.0 [Date] 2021-01-09T19:30:58 [Time] 19:30:58
269/320 LSPM_J0903+0540-20210109@193213-Eden.fts [TYPE] LIGHT [OBJ] LSPM_J0903+0540 [RA] 09 03 20.9815 [Dec] +05 40 14.7828 [FIL] GG495 [EXPTIME] 60.0 [Date] 2021-01-09T19:32:13 [Time] 19:32:13
270/320 LSPM_J0903+0540-20210109@193328-Eden.fts [TYPE] LIGHT [OBJ] LSPM_J0903+0540 [RA] 09 03 20.9815 [Dec] +05 40 14.7828 [FIL] GG495 [EXPTIME] 60.0 [Date] 2021-01-09T19:33:28 [Time] 19:33:28
271/320 LSPM_J0903+0540-20210109@193444-Eden.fts [TYPE] LIGHT [OBJ] LSPM_J0903+0540 [RA] 09 03 20.9815 [Dec] +05 40 14.7828 [FIL] GG495 [EXPTIME] 60.0 [Date] 2021-01-09T19:34:44 [Time] 19:34:44
272/320 LSPM_J0903+0540-20210109@193559-Eden.fts [TYPE] LIGHT [OBJ] LSPM_J0903+0540 [RA] 09 03 20.9815 [Dec] +05 40 14.7828 [FIL] GG495 [EXPTIME] 60.0 [Date] 2021-01-09T19:35:59 [Time] 19:35:59
273/320 LSPM_J0903+0540-20210109@193715-Eden.fts [TYPE] LIGHT [OBJ] LSPM_J0903+0540 [RA] 09 03 20.9815 [Dec] +05 40 14.7828 [FIL] GG495 [EXPTIME] 60.0 [Date] 2021-01-09T19:37:15 [Time] 19:37:15
274/320 LSPM_J0903+0540-20210109@193830-Eden.fts [TYPE] LIGHT [OBJ] LSPM_J0903+0540 [RA] 09 03 20.9815 [Dec] +05 40 14.7828 [FIL] GG495 [EXPTIME] 60.0 [Date] 2021-01-09T19:38:30 [Time] 19:38:30
275/320 LSPM_J0903+0540-20210109@193945-Eden.fts [TYPE] LIGHT [OBJ] LSPM_J0903+0540 [RA] 09 03 20.9815 [Dec] +05 40 14.7828 [FIL] GG495 [EXPTIME] 60.0 [Date] 2021-01-09T19:39:45 [Time] 19:39:45
276/320 LSPM_J0903+0540-20210109@194100-Eden.fts [TYPE] LIGHT [OBJ] LSPM_J0903+0540 [RA] 09 03 20.9815 [Dec] +05 40 14.7828 [FIL] GG495 [EXPTIME] 60.0 [Date] 2021-01-09T19:41:00 [Time] 19:41:00
277/320 LSPM_J0903+0540-20210109@194542-Eden.fts [TYPE] LIGHT [OBJ] LSPM_J0903+0540 [RA] 09 03 20.9815 [Dec] +05 40 14.7828 [FIL] GG495 [EXPTIME] 60.0 [Date] 2021-01-09T19:45:42 [Time] 19:45:42
278/320 LSPM_J0903+0540-20210109@194658-Eden.fts [TYPE] LIGHT [OBJ] LSPM_J0903+0540 [RA] 09 03 20.9815 [Dec] +05 40 14.7828 [FIL] GG495 [EXPTIME] 60.0 [Date] 2021-01-09T19:46:58 [Time] 19:46:58
279/320 LSPM_J0903+0540-20210109@194813-Eden.fts [TYPE] LIGHT [OBJ] LSPM_J0903+0540 [RA] 09 03 20.9815 [Dec] +05 40 14.7828 [FIL] GG495 [EXPTIME] 60.0 [Date] 2021-01-09T19:48:13 [Time] 19:48:13
280/320 LSPM_J0903+0540-20210109@194930-Eden.fts [TYPE] LIGHT [OBJ] LSPM_J0903+0540 [RA] 09 03 20.9815 [Dec] +05 40 14.7828 [FIL] GG495 [EXPTIME] 60.0 [Date] 2021-01-09T19:49:30 [Time] 19:49:30
281/320 LSPM_J0903+0540-20210109@195045-Eden.fts [TYPE] LIGHT [OBJ] LSPM_J0903+0540 [RA] 09 03 20.9815 [Dec] +05 40 14.7828 [FIL] GG495 [EXPTIME] 60.0 [Date] 2021-01-09T19:50:45 [Time] 19:50:45
282/320 LSPM_J0903+0540-20210109@195159-Eden.fts [TYPE] LIGHT [OBJ] LSPM_J0903+0540 [RA] 09 03 20.9815 [Dec] +05 40 14.7828 [FIL] GG495 [EXPTIME] 60.0 [Date] 2021-01-09T19:51:59 [Time] 19:51:59
283/320 LSPM_J0903+0540-20210109@195314-Eden.fts [TYPE] LIGHT [OBJ] LSPM_J0903+0540 [RA] 09 03 20.9815 [Dec] +05 40 14.7828 [FIL] GG495 [EXPTIME] 60.0 [Date] 2021-01-09T19:53:14 [Time] 19:53:14
284/320 LSPM_J0903+0540-20210109@195429-Eden.fts [TYPE] LIGHT [OBJ] LSPM_J0903+0540 [RA] 09 03 20.9815 [Dec] +05 40 14.7828 [FIL] GG495 [EXPTIME] 60.0 [Date] 2021-01-09T19:54:29 [Time] 19:54:29
285/320 LSPM_J0903+0540-20210109@195545-Eden.fts [TYPE] LIGHT [OBJ] LSPM_J0903+0540 [RA] 09 03 20.9815 [Dec] +05 40 14.7828 [FIL] GG495 [EXPTIME] 60.0 [Date] 2021-01-09T19:55:45 [Time] 19:55:45
286/320 LSPM_J0903+0540-20210109@195701-Eden.fts [TYPE] LIGHT [OBJ] LSPM_J0903+0540 [RA] 09 03 20.9815 [Dec] +05 40 14.7828 [FIL] GG495 [EXPTIME] 60.0 [Date] 2021-01-09T19:57:01 [Time] 19:57:01
287/320 LSPM_J0903+0540-20210109@195816-Eden.fts [TYPE] LIGHT [OBJ] LSPM_J0903+0540 [RA] 09 03 20.9815 [Dec] +05 40 14.7828 [FIL] GG495 [EXPTIME] 60.0 [Date] 2021-01-09T19:58:16 [Time] 19:58:16
288/320 LSPM_J0903+0540-20210109@195931-Eden.fts [TYPE] LIGHT [OBJ] LSPM_J0903+0540 [RA] 09 03 20.9815 [Dec] +05 40 14.7828 [FIL] GG495 [EXPTIME] 60.0 [Date] 2021-01-09T19:59:31 [Time] 19:59:31
289/320 LSPM_J0903+0540-20210109@200048-Eden.fts [TYPE] LIGHT [OBJ] LSPM_J0903+0540 [RA] 09 03 20.9815 [Dec] +05 40 14.7828 [FIL] GG495 [EXPTIME] 60.0 [Date] 2021-01-09T20:00:48 [Time] 20:00:48
290/320 LSPM_J0903+0540-20210109@200204-Eden.fts [TYPE] LIGHT [OBJ] LSPM_J0903+0540 [RA] 09 03 20.9815 [Dec] +05 40 14.7828 [FIL] GG495 [EXPTIME] 60.0 [Date] 2021-01-09T20:02:04 [Time] 20:02:04
291/320 LSPM_J0903+0540-20210109@200319-Eden.fts [TYPE] LIGHT [OBJ] LSPM_J0903+0540 [RA] 09 03 20.9815 [Dec] +05 40 14.7828 [FIL] GG495 [EXPTIME] 60.0 [Date] 2021-01-09T20:03:19 [Time] 20:03:19
292/320 LSPM_J0903+0540-20210109@200433-Eden.fts [TYPE] LIGHT [OBJ] LSPM_J0903+0540 [RA] 09 03 20.9815 [Dec] +05 40 14.7828 [FIL] GG495 [EXPTIME] 60.0 [Date] 2021-01-09T20:04:33 [Time] 20:04:33
293/320 LSPM_J0903+0540-20210109@200549-Eden.fts [TYPE] LIGHT [OBJ] LSPM_J0903+0540 [RA] 09 03 20.9815 [Dec] +05 40 14.7828 [FIL] GG495 [EXPTIME] 60.0 [Date] 2021-01-09T20:05:49 [Time] 20:05:49
294/320 LSPM_J0903+0540-20210109@200704-Eden.fts [TYPE] LIGHT [OBJ] LSPM_J0903+0540 [RA] 09 03 20.9815 [Dec] +05 40 14.7828 [FIL] GG495 [EXPTIME] 60.0 [Date] 2021-01-09T20:07:04 [Time] 20:07:04
295/320 LSPM_J0903+0540-20210109@200818-Eden.fts [TYPE] LIGHT [OBJ] LSPM_J0903+0540 [RA] 09 03 20.9815 [Dec] +05 40 14.7828 [FIL] GG495 [EXPTIME] 60.0 [Date] 2021-01-09T20:08:18 [Time] 20:08:18
296/320 LSPM_J0903+0540-20210109@200933-Eden.fts [TYPE] LIGHT [OBJ] LSPM_J0903+0540 [RA] 09 03 20.9815 [Dec] +05 40 14.7828 [FIL] GG495 [EXPTIME] 60.0 [Date] 2021-01-09T20:09:33 [Time] 20:09:33
297/320 LSPM_J0903+0540-20210109@201049-Eden.fts [TYPE] LIGHT [OBJ] LSPM_J0903+0540 [RA] 09 03 20.9815 [Dec] +05 40 14.7828 [FIL] GG495 [EXPTIME] 60.0 [Date] 2021-01-09T20:10:49 [Time] 20:10:49
298/320 LSPM_J0903+0540-20210109@201204-Eden.fts [TYPE] LIGHT [OBJ] LSPM_J0903+0540 [RA] 09 03 20.9815 [Dec] +05 40 14.7828 [FIL] GG495 [EXPTIME] 60.0 [Date] 2021-01-09T20:12:04 [Time] 20:12:04
299/320 LSPM_J0903+0540-20210109@201319-Eden.fts [TYPE] LIGHT [OBJ] LSPM_J0903+0540 [RA] 09 03 20.9815 [Dec] +05 40 14.7828 [FIL] GG495 [EXPTIME] 60.0 [Date] 2021-01-09T20:13:19 [Time] 20:13:19
300/320 LSPM_J0903+0540-20210109@201433-Eden.fts [TYPE] LIGHT [OBJ] LSPM_J0903+0540 [RA] 09 03 20.9815 [Dec] +05 40 14.7828 [FIL] GG495 [EXPTIME] 60.0 [Date] 2021-01-09T20:14:33 [Time] 20:14:33
301/320 LSPM_J0903+0540-20210109@201549-Eden.fts [TYPE] LIGHT [OBJ] LSPM_J0903+0540 [RA] 09 03 20.9815 [Dec] +05 40 14.7828 [FIL] GG495 [EXPTIME] 60.0 [Date] 2021-01-09T20:15:49 [Time] 20:15:49
302/320 LSPM_J0903+0540-20210109@201707-Eden.fts [TYPE] LIGHT [OBJ] LSPM_J0903+0540 [RA] 09 03 20.9815 [Dec] +05 40 14.7828 [FIL] GG495 [EXPTIME] 60.0 [Date] 2021-01-09T20:17:07 [Time] 20:17:07
303/320 LSPM_J0903+0540-20210109@201822-Eden.fts [TYPE] LIGHT [OBJ] LSPM_J0903+0540 [RA] 09 03 20.9815 [Dec] +05 40 14.7828 [FIL] GG495 [EXPTIME] 60.0 [Date] 2021-01-09T20:18:22 [Time] 20:18:22
304/320 LSPM_J0903+0540-20210109@201937-Eden.fts [TYPE] LIGHT [OBJ] LSPM_J0903+0540 [RA] 09 03 20.9815 [Dec] +05 40 14.7828 [FIL] GG495 [EXPTIME] 60.0 [Date] 2021-01-09T20:19:37 [Time] 20:19:37
305/320 LSPM_J0903+0540-20210109@202052-Eden.fts [TYPE] LIGHT [OBJ] LSPM_J0903+0540 [RA] 09 03 20.9815 [Dec] +05 40 14.7828 [FIL] GG495 [EXPTIME] 60.0 [Date] 2021-01-09T20:20:52 [Time] 20:20:52
306/320 LSPM_J0903+0540-20210109@202208-Eden.fts [TYPE] LIGHT [OBJ] LSPM_J0903+0540 [RA] 09 03 20.9815 [Dec] +05 40 14.7828 [FIL] GG495 [EXPTIME] 60.0 [Date] 2021-01-09T20:22:08 [Time] 20:22:08
307/320 LSPM_J0903+0540-20210109@202322-Eden.fts [TYPE] LIGHT [OBJ] LSPM_J0903+0540 [RA] 09 03 20.9815 [Dec] +05 40 14.7828 [FIL] GG495 [EXPTIME] 60.0 [Date] 2021-01-09T20:23:22 [Time] 20:23:22
308/320 LSPM_J0903+0540-20210109@202438-Eden.fts [TYPE] LIGHT [OBJ] LSPM_J0903+0540 [RA] 09 03 20.9815 [Dec] +05 40 14.7828 [FIL] GG495 [EXPTIME] 60.0 [Date] 2021-01-09T20:24:38 [Time] 20:24:38
309/320 LSPM_J0903+0540-20210109@202552-Eden.fts [TYPE] LIGHT [OBJ] LSPM_J0903+0540 [RA] 09 03 20.9815 [Dec] +05 40 14.7828 [FIL] GG495 [EXPTIME] 60.0 [Date] 2021-01-09T20:25:52 [Time] 20:25:52
310/320 LSPM_J0903+0540-20210109@202710-Eden.fts [TYPE] LIGHT [OBJ] LSPM_J0903+0540 [RA] 09 03 20.9815 [Dec] +05 40 14.7828 [FIL] GG495 [EXPTIME] 60.0 [Date] 2021-01-09T20:27:10 [Time] 20:27:10
311/320 LSPM_J0903+0540-20210109@202825-Eden.fts [TYPE] LIGHT [OBJ] LSPM_J0903+0540 [RA] 09 03 20.9815 [Dec] +05 40 14.7828 [FIL] GG495 [EXPTIME] 60.0 [Date] 2021-01-09T20:28:25 [Time] 20:28:25
312/320 LSPM_J0903+0540-20210109@202939-Eden.fts [TYPE] LIGHT [OBJ] LSPM_J0903+0540 [RA] 09 03 20.9815 [Dec] +05 40 14.7828 [FIL] GG495 [EXPTIME] 60.0 [Date] 2021-01-09T20:29:39 [Time] 20:29:39
313/320 LSPM_J0903+0540-20210109@203054-Eden.fts [TYPE] LIGHT [OBJ] LSPM_J0903+0540 [RA] 09 03 20.9815 [Dec] +05 40 14.7828 [FIL] GG495 [EXPTIME] 60.0 [Date] 2021-01-09T20:30:54 [Time] 20:30:54
314/320 LSPM_J0903+0540-20210109@203208-Eden.fts [TYPE] LIGHT [OBJ] LSPM_J0903+0540 [RA] 09 03 20.9815 [Dec] +05 40 14.7828 [FIL] GG495 [EXPTIME] 60.0 [Date] 2021-01-09T20:32:08 [Time] 20:32:08
315/320 LSPM_J0903+0540-20210109@203325-Eden.fts [TYPE] LIGHT [OBJ] LSPM_J0903+0540 [RA] 09 03 20.9815 [Dec] +05 40 14.7828 [FIL] GG495 [EXPTIME] 60.0 [Date] 2021-01-09T20:33:25 [Time] 20:33:25
316/320 LSPM_J0903+0540-20210109@203441-Eden.fts [TYPE] LIGHT [OBJ] LSPM_J0903+0540 [RA] 09 03 20.9815 [Dec] +05 40 14.7828 [FIL] GG495 [EXPTIME] 60.0 [Date] 2021-01-09T20:34:41 [Time] 20:34:41
317/320 LSPM_J0903+0540-20210109@203556-Eden.fts [TYPE] LIGHT [OBJ] LSPM_J0903+0540 [RA] 09 03 20.9815 [Dec] +05 40 14.7828 [FIL] GG495 [EXPTIME] 60.0 [Date] 2021-01-09T20:35:56 [Time] 20:35:56
318/320 LSPM_J0903+0540-20210109@203711-Eden.fts [TYPE] LIGHT [OBJ] LSPM_J0903+0540 [RA] 09 03 20.9815 [Dec] +05 40 14.7828 [FIL] GG495 [EXPTIME] 60.0 [Date] 2021-01-09T20:37:11 [Time] 20:37:11
319/320 LSPM_J0903+0540-20210109@203828-Eden.fts [TYPE] LIGHT [OBJ] LSPM_J0903+0540 [RA] 09 03 20.9815 [Dec] +05 40 14.7828 [FIL] GG495 [EXPTIME] 60.0 [Date] 2021-01-09T20:38:28 [Time] 20:38:28
320/320 LSPM_J0903+0540-20210109@203947-Eden.fts [TYPE] LIGHT [OBJ] LSPM_J0903+0540 [RA] 09 03 20.9815 [Dec] +05 40 14.7828 [FIL] GG495 [EXPTIME] 60.0 [Date] 2021-01-09T20:39:47 [Time] 20:39:47
... write log file to LOT20210109_LSPM_J0903+0540_mod.log ...
... finish ...
