-----------------
input parameters
-----------------
['modify_header_name_eden.py', 'LOT20220228_2MASS_J14280419+1356137', '27']
Your will modify header for: LP_35-347 [RA] 08 25 52.8440 [Dec] +69 02 01.1677 [Filter] GG495
---------------
folder: LOT20220228_2MASS_J14280419+1356137
will update fits in: LOT20220228_2MASS_J14280419+1356137_mod
 ---------------------------
 Exame Fits Header for Bias
 ---------------------------
find ./LOT20220228_2MASS_J14280419+1356137/bias-dark/ | grep 'fits\|fts'|sort 
found 80 Bias/Dark
1/80 Bias-20220228@220223-000S.fts [TYPE] BIAS [EXPTIME] 0.0
2/80 Bias-20220228@220232-000S.fts [TYPE] BIAS [EXPTIME] 0.0
3/80 Bias-20220228@220239-000S.fts [TYPE] BIAS [EXPTIME] 0.0
4/80 Bias-20220228@220247-000S.fts [TYPE] BIAS [EXPTIME] 0.0
5/80 Bias-20220228@220254-000S.fts [TYPE] BIAS [EXPTIME] 0.0
6/80 Bias-20220228@220301-000S.fts [TYPE] BIAS [EXPTIME] 0.0
7/80 Bias-20220228@220307-000S.fts [TYPE] BIAS [EXPTIME] 0.0
8/80 Bias-20220228@220315-000S.fts [TYPE] BIAS [EXPTIME] 0.0
9/80 Bias-20220228@220322-000S.fts [TYPE] BIAS [EXPTIME] 0.0
10/80 Bias-20220228@220329-000S.fts [TYPE] BIAS [EXPTIME] 0.0
11/80 Dark-20220228@220337-005S.fts [TYPE] DARK [EXPTIME] 5.0
12/80 Dark-20220228@220349-030S.fts [TYPE] DARK [EXPTIME] 30.0
13/80 Dark-20220228@220426-060S.fts [TYPE] DARK [EXPTIME] 60.0
14/80 Dark-20220228@220533-180S.fts [TYPE] DARK [EXPTIME] 180.0
15/80 Dark-20220228@220840-240S.fts [TYPE] DARK [EXPTIME] 240.0
16/80 Dark-20220228@221248-300S.fts [TYPE] DARK [EXPTIME] 300.0
17/80 Dark-20220228@221755-360S.fts [TYPE] DARK [EXPTIME] 360.0
18/80 Dark-20220228@222402-005S.fts [TYPE] DARK [EXPTIME] 5.0
19/80 Dark-20220228@222413-030S.fts [TYPE] DARK [EXPTIME] 30.0
20/80 Dark-20220228@222450-060S.fts [TYPE] DARK [EXPTIME] 60.0
21/80 Dark-20220228@222557-180S.fts [TYPE] DARK [EXPTIME] 180.0
22/80 Dark-20220228@222904-240S.fts [TYPE] DARK [EXPTIME] 240.0
23/80 Dark-20220228@223311-300S.fts [TYPE] DARK [EXPTIME] 300.0
24/80 Dark-20220228@223818-360S.fts [TYPE] DARK [EXPTIME] 360.0
25/80 Dark-20220228@224425-005S.fts [TYPE] DARK [EXPTIME] 5.0
26/80 Dark-20220228@224437-030S.fts [TYPE] DARK [EXPTIME] 30.0
27/80 Dark-20220228@224515-060S.fts [TYPE] DARK [EXPTIME] 60.0
28/80 Dark-20220228@224622-180S.fts [TYPE] DARK [EXPTIME] 180.0
29/80 Dark-20220228@224930-240S.fts [TYPE] DARK [EXPTIME] 240.0
30/80 Dark-20220228@225337-300S.fts [TYPE] DARK [EXPTIME] 300.0
31/80 Dark-20220228@225844-360S.fts [TYPE] DARK [EXPTIME] 360.0
32/80 Dark-20220228@230453-005S.fts [TYPE] DARK [EXPTIME] 5.0
33/80 Dark-20220228@230505-030S.fts [TYPE] DARK [EXPTIME] 30.0
34/80 Dark-20220228@230542-060S.fts [TYPE] DARK [EXPTIME] 60.0
35/80 Dark-20220228@230649-180S.fts [TYPE] DARK [EXPTIME] 180.0
36/80 Dark-20220228@230955-240S.fts [TYPE] DARK [EXPTIME] 240.0
37/80 Dark-20220228@231402-300S.fts [TYPE] DARK [EXPTIME] 300.0
38/80 Dark-20220228@231909-360S.fts [TYPE] DARK [EXPTIME] 360.0
39/80 Dark-20220228@232517-005S.fts [TYPE] DARK [EXPTIME] 5.0
40/80 Dark-20220228@232530-030S.fts [TYPE] DARK [EXPTIME] 30.0
41/80 Dark-20220228@232606-060S.fts [TYPE] DARK [EXPTIME] 60.0
42/80 Dark-20220228@232713-180S.fts [TYPE] DARK [EXPTIME] 180.0
43/80 Dark-20220228@233019-240S.fts [TYPE] DARK [EXPTIME] 240.0
44/80 Dark-20220228@233426-300S.fts [TYPE] DARK [EXPTIME] 300.0
45/80 Dark-20220228@233933-360S.fts [TYPE] DARK [EXPTIME] 360.0
46/80 Dark-20220228@234540-005S.fts [TYPE] DARK [EXPTIME] 5.0
47/80 Dark-20220228@234552-030S.fts [TYPE] DARK [EXPTIME] 30.0
48/80 Dark-20220228@234629-060S.fts [TYPE] DARK [EXPTIME] 60.0
49/80 Dark-20220228@234735-180S.fts [TYPE] DARK [EXPTIME] 180.0
50/80 Dark-20220228@235042-240S.fts [TYPE] DARK [EXPTIME] 240.0
51/80 Dark-20220228@235449-300S.fts [TYPE] DARK [EXPTIME] 300.0
52/80 Dark-20220228@235957-360S.fts [TYPE] DARK [EXPTIME] 360.0
53/80 Dark-20220301@000604-005S.fts [TYPE] DARK [EXPTIME] 5.0
54/80 Dark-20220301@000615-030S.fts [TYPE] DARK [EXPTIME] 30.0
55/80 Dark-20220301@000652-060S.fts [TYPE] DARK [EXPTIME] 60.0
56/80 Dark-20220301@000759-180S.fts [TYPE] DARK [EXPTIME] 180.0
57/80 Dark-20220301@001106-240S.fts [TYPE] DARK [EXPTIME] 240.0
58/80 Dark-20220301@001513-300S.fts [TYPE] DARK [EXPTIME] 300.0
59/80 Dark-20220301@002019-360S.fts [TYPE] DARK [EXPTIME] 360.0
60/80 Dark-20220301@002626-005S.fts [TYPE] DARK [EXPTIME] 5.0
61/80 Dark-20220301@002638-030S.fts [TYPE] DARK [EXPTIME] 30.0
62/80 Dark-20220301@002715-060S.fts [TYPE] DARK [EXPTIME] 60.0
63/80 Dark-20220301@002822-180S.fts [TYPE] DARK [EXPTIME] 180.0
64/80 Dark-20220301@003128-240S.fts [TYPE] DARK [EXPTIME] 240.0
65/80 Dark-20220301@003536-300S.fts [TYPE] DARK [EXPTIME] 300.0
66/80 Dark-20220301@004043-360S.fts [TYPE] DARK [EXPTIME] 360.0
67/80 Dark-20220301@004650-005S.fts [TYPE] DARK [EXPTIME] 5.0
68/80 Dark-20220301@004702-030S.fts [TYPE] DARK [EXPTIME] 30.0
69/80 Dark-20220301@004739-060S.fts [TYPE] DARK [EXPTIME] 60.0
70/80 Dark-20220301@004846-180S.fts [TYPE] DARK [EXPTIME] 180.0
71/80 Dark-20220301@005152-240S.fts [TYPE] DARK [EXPTIME] 240.0
72/80 Dark-20220301@005559-300S.fts [TYPE] DARK [EXPTIME] 300.0
73/80 Dark-20220301@010107-360S.fts [TYPE] DARK [EXPTIME] 360.0
74/80 Dark-20220301@010714-005S.fts [TYPE] DARK [EXPTIME] 5.0
75/80 Dark-20220301@010726-030S.fts [TYPE] DARK [EXPTIME] 30.0
76/80 Dark-20220301@010804-060S.fts [TYPE] DARK [EXPTIME] 60.0
77/80 Dark-20220301@010911-180S.fts [TYPE] DARK [EXPTIME] 180.0
78/80 Dark-20220301@011218-240S.fts [TYPE] DARK [EXPTIME] 240.0
79/80 Dark-20220301@011625-300S.fts [TYPE] DARK [EXPTIME] 300.0
80/80 Dark-20220301@012133-360S.fts [TYPE] DARK [EXPTIME] 360.0
 ---------------------------
 Exame Fits Header for Flat
 ---------------------------
find ./LOT20220228_2MASS_J14280419+1356137/ | grep flat/ | grep -E 'fits|fts'|sort -t'-' -k2.4,2.6 
found 90 Flat
1/90 20220228-001b.fits [TYPE] FLAT [EXPTIME] 10.0 [FIL] B_319144
2/90 20220228-002b.fits [TYPE] FLAT [EXPTIME] 10.0 [FIL] B_319144
3/90 20220228-003b.fits [TYPE] FLAT [EXPTIME] 10.0 [FIL] B_319144
4/90 20220228-004b.fits [TYPE] FLAT [EXPTIME] 10.0 [FIL] B_319144
5/90 20220228-005b.fits [TYPE] FLAT [EXPTIME] 10.0 [FIL] B_319144
6/90 20220228-006b.fits [TYPE] FLAT [EXPTIME] 10.0 [FIL] B_319144
7/90 20220228-007b.fits [TYPE] FLAT [EXPTIME] 10.0 [FIL] B_319144
8/90 20220228_flat-001b.fits [TYPE] FLAT [EXPTIME] 10.0 [FIL] B_319144
9/90 20220228_flat-002b.fits [TYPE] FLAT [EXPTIME] 10.0 [FIL] B_319144
10/90 20220228_flat-003b.fits [TYPE] FLAT [EXPTIME] 10.0 [FIL] B_319144
11/90 20220228_flat-004b.fits [TYPE] FLAT [EXPTIME] 10.0 [FIL] B_319144
12/90 20220228_flat-005b.fits [TYPE] FLAT [EXPTIME] 10.0 [FIL] B_319144
13/90 20220228_flat-006b.fits [TYPE] FLAT [EXPTIME] 10.0 [FIL] B_319144
14/90 20220228-001d10s-1.fits [TYPE] DARK [EXPTIME] 10.0
15/90 20220228-001d10s.fits [TYPE] DARK [EXPTIME] 10.0
16/90 20220228-002d10s-1.fits [TYPE] DARK [EXPTIME] 10.0
17/90 20220228-002d10s.fits [TYPE] DARK [EXPTIME] 10.0
18/90 20220228-003d10s-1.fits [TYPE] DARK [EXPTIME] 10.0
19/90 20220228-003d10s.fits [TYPE] DARK [EXPTIME] 10.0
20/90 20220228-004d10s-1.fits [TYPE] DARK [EXPTIME] 10.0
21/90 20220228-004d10s.fits [TYPE] DARK [EXPTIME] 10.0
22/90 20220228-005d10s-1.fits [TYPE] DARK [EXPTIME] 10.0
23/90 20220228-005d10s.fits [TYPE] DARK [EXPTIME] 10.0
24/90 20220228-006d10s-1.fits [TYPE] DARK [EXPTIME] 10.0
25/90 20220228-006d10s.fits [TYPE] DARK [EXPTIME] 10.0
26/90 20220228-007d10s-1.fits [TYPE] DARK [EXPTIME] 10.0
27/90 20220228-007d10s.fits [TYPE] DARK [EXPTIME] 10.0
28/90 20220228-008d10s-1.fits [TYPE] DARK [EXPTIME] 10.0
29/90 20220228-008d10s.fits [TYPE] DARK [EXPTIME] 10.0
30/90 20220228-009d10s-1.fits [TYPE] DARK [EXPTIME] 10.0
31/90 20220228-009d10s.fits [TYPE] DARK [EXPTIME] 10.0
32/90 20220228-010d10s-1.fits [TYPE] DARK [EXPTIME] 10.0
33/90 20220228-010d10s.fits [TYPE] DARK [EXPTIME] 10.0
34/90 20220228-001eden.fits [TYPE] FLAT [EXPTIME] 5.0 [FIL] GG495
35/90 20220228-002eden.fits [TYPE] FLAT [EXPTIME] 5.0 [FIL] GG495
36/90 20220228-003eden.fits [TYPE] FLAT [EXPTIME] 5.0 [FIL] GG495
37/90 20220228-004eden.fits [TYPE] FLAT [EXPTIME] 5.0 [FIL] GG495
38/90 20220228-005eden.fits [TYPE] FLAT [EXPTIME] 5.0 [FIL] GG495
39/90 20220228-006eden.fits [TYPE] FLAT [EXPTIME] 5.0 [FIL] GG495
40/90 20220228-007eden.fits [TYPE] FLAT [EXPTIME] 5.0 [FIL] GG495
41/90 20220228-008eden.fits [TYPE] FLAT [EXPTIME] 5.0 [FIL] GG495
42/90 20220228-009eden.fits [TYPE] FLAT [EXPTIME] 5.0 [FIL] GG495
43/90 20220228_flat-001eden.fits [TYPE] FLAT [EXPTIME] 30.0 [FIL] GG495
44/90 20220228_flat-002eden.fits [TYPE] FLAT [EXPTIME] 30.0 [FIL] GG495
45/90 20220228_flat-003eden.fits [TYPE] FLAT [EXPTIME] 30.0 [FIL] GG495
46/90 20220228_flat-004eden.fits [TYPE] FLAT [EXPTIME] 30.0 [FIL] GG495
47/90 20220228_flat-005eden.fits [TYPE] FLAT [EXPTIME] 30.0 [FIL] GG495
48/90 20220228-001i.fits [TYPE] FLAT [EXPTIME] 10.0 [FIL] I_10349
49/90 20220228-002i.fits [TYPE] FLAT [EXPTIME] 10.0 [FIL] I_10349
50/90 20220228-003i.fits [TYPE] FLAT [EXPTIME] 10.0 [FIL] I_10349
51/90 20220228-004i.fits [TYPE] FLAT [EXPTIME] 10.0 [FIL] I_10349
52/90 20220228-005i.fits [TYPE] FLAT [EXPTIME] 10.0 [FIL] I_10349
53/90 20220228-006i.fits [TYPE] FLAT [EXPTIME] 10.0 [FIL] I_10349
54/90 20220228-007i.fits [TYPE] FLAT [EXPTIME] 10.0 [FIL] I_10349
55/90 20220228-008i.fits [TYPE] FLAT [EXPTIME] 10.0 [FIL] I_10349
56/90 20220228_flat-001i.fits [TYPE] FLAT [EXPTIME] 30.0 [FIL] I_10349
57/90 20220228_flat-002i.fits [TYPE] FLAT [EXPTIME] 30.0 [FIL] I_10349
58/90 20220228_flat-003i.fits [TYPE] FLAT [EXPTIME] 30.0 [FIL] I_10349
59/90 20220228_flat-004i.fits [TYPE] FLAT [EXPTIME] 30.0 [FIL] I_10349
60/90 20220228_flat-005i.fits [TYPE] FLAT [EXPTIME] 30.0 [FIL] I_10349
61/90 20220228_flat-006i.fits [TYPE] FLAT [EXPTIME] 30.0 [FIL] I_10349
62/90 20220228_flat-007i.fits [TYPE] FLAT [EXPTIME] 30.0 [FIL] I_10349
63/90 20220228_flat-008i.fits [TYPE] FLAT [EXPTIME] 30.0 [FIL] I_10349
64/90 20220228-001r.fits [TYPE] FLAT [EXPTIME] 10.0 [FIL] R_10349
65/90 20220228-002r.fits [TYPE] FLAT [EXPTIME] 10.0 [FIL] R_10349
66/90 20220228-003r.fits [TYPE] FLAT [EXPTIME] 10.0 [FIL] R_10349
67/90 20220228-004r.fits [TYPE] FLAT [EXPTIME] 10.0 [FIL] R_10349
68/90 20220228-005r.fits [TYPE] FLAT [EXPTIME] 10.0 [FIL] R_10349
69/90 20220228-006r.fits [TYPE] FLAT [EXPTIME] 10.0 [FIL] R_10349
70/90 20220228-007r.fits [TYPE] FLAT [EXPTIME] 10.0 [FIL] R_10349
71/90 20220228_flat-001r.fits [TYPE] FLAT [EXPTIME] 30.0 [FIL] R_10349
72/90 20220228_flat-002r.fits [TYPE] FLAT [EXPTIME] 10.0 [FIL] R_10349
73/90 20220228_flat-003r.fits [TYPE] FLAT [EXPTIME] 10.0 [FIL] R_10349
74/90 20220228_flat-004r.fits [TYPE] FLAT [EXPTIME] 10.0 [FIL] R_10349
75/90 20220228_flat-005r.fits [TYPE] FLAT [EXPTIME] 10.0 [FIL] R_10349
76/90 20220228_flat-006r.fits [TYPE] FLAT [EXPTIME] 10.0 [FIL] R_10349
77/90 20220228_flat-007r.fits [TYPE] FLAT [EXPTIME] 10.0 [FIL] R_10349
78/90 20220228-001v.fits [TYPE] FLAT [EXPTIME] 10.0 [FIL] V_319142
79/90 20220228-002v.fits [TYPE] FLAT [EXPTIME] 10.0 [FIL] V_319142
80/90 20220228-003v.fits [TYPE] FLAT [EXPTIME] 10.0 [FIL] V_319142
81/90 20220228-004v.fits [TYPE] FLAT [EXPTIME] 10.0 [FIL] V_319142
82/90 20220228-005v.fits [TYPE] FLAT [EXPTIME] 10.0 [FIL] V_319142
83/90 20220228-006v.fits [TYPE] FLAT [EXPTIME] 10.0 [FIL] V_319142
84/90 20220228-007v.fits [TYPE] FLAT [EXPTIME] 10.0 [FIL] V_319142
85/90 20220228_flat-001v.fits [TYPE] FLAT [EXPTIME] 10.0 [FIL] V_319142
86/90 20220228_flat-002v.fits [TYPE] FLAT [EXPTIME] 10.0 [FIL] V_319142
87/90 20220228_flat-003v.fits [TYPE] FLAT [EXPTIME] 10.0 [FIL] V_319142
88/90 20220228_flat-004v.fits [TYPE] FLAT [EXPTIME] 10.0 [FIL] V_319142
89/90 20220228_flat-005v.fits [TYPE] FLAT [EXPTIME] 10.0 [FIL] V_319142
90/90 20220228_flat-006v.fits [TYPE] FLAT [EXPTIME] 10.0 [FIL] V_319142
 ---------------------------
 Exame Fits Header for Additional Dark for Flat
 ---------------------------
find ./LOT20220228_2MASS_J14280419+1356137/ | grep flat/ |grep dark| grep -E 'fits|fts'|sort -t'-' -k2.4,2.6 
found 0 Additional Dark for Flat
no additional dark for flat in ./flat/
 ---------------------------
 Modify filename for Science Target
 ---------------------------
... update header ...
1/252 LP_35-347-20220228@160026-Eden.fts [TYPE] LIGHT [OBJ] LP_35-347 [RA] 08 25 52.8440 [Dec] +69 02 01.1677 [FIL] GG495 [EXPTIME] 60.0 [Date] 2022-02-28T16:00:26 [Time] 16:00:26
2/252 LP_35-347-20220228@160142-Eden.fts [TYPE] LIGHT [OBJ] LP_35-347 [RA] 08 25 52.8440 [Dec] +69 02 01.1677 [FIL] GG495 [EXPTIME] 60.0 [Date] 2022-02-28T16:01:42 [Time] 16:01:42
3/252 LP_35-347-20220228@160259-Eden.fts [TYPE] LIGHT [OBJ] LP_35-347 [RA] 08 25 52.8440 [Dec] +69 02 01.1677 [FIL] GG495 [EXPTIME] 60.0 [Date] 2022-02-28T16:02:59 [Time] 16:02:59
4/252 LP_35-347-20220228@160416-Eden.fts [TYPE] LIGHT [OBJ] LP_35-347 [RA] 08 25 52.8440 [Dec] +69 02 01.1677 [FIL] GG495 [EXPTIME] 60.0 [Date] 2022-02-28T16:04:16 [Time] 16:04:16
5/252 LP_35-347-20220228@160533-Eden.fts [TYPE] LIGHT [OBJ] LP_35-347 [RA] 08 25 52.8440 [Dec] +69 02 01.1677 [FIL] GG495 [EXPTIME] 60.0 [Date] 2022-02-28T16:05:33 [Time] 16:05:33
6/252 LP_35-347-20220228@160649-Eden.fts [TYPE] LIGHT [OBJ] LP_35-347 [RA] 08 25 52.8440 [Dec] +69 02 01.1677 [FIL] GG495 [EXPTIME] 60.0 [Date] 2022-02-28T16:06:49 [Time] 16:06:49
7/252 LP_35-347-20220228@160806-Eden.fts [TYPE] LIGHT [OBJ] LP_35-347 [RA] 08 25 52.8440 [Dec] +69 02 01.1677 [FIL] GG495 [EXPTIME] 60.0 [Date] 2022-02-28T16:08:06 [Time] 16:08:06
8/252 LP_35-347-20220228@160923-Eden.fts [TYPE] LIGHT [OBJ] LP_35-347 [RA] 08 25 52.8440 [Dec] +69 02 01.1677 [FIL] GG495 [EXPTIME] 60.0 [Date] 2022-02-28T16:09:23 [Time] 16:09:23
9/252 LP_35-347-20220228@161039-Eden.fts [TYPE] LIGHT [OBJ] LP_35-347 [RA] 08 25 52.8440 [Dec] +69 02 01.1677 [FIL] GG495 [EXPTIME] 60.0 [Date] 2022-02-28T16:10:39 [Time] 16:10:39
10/252 LP_35-347-20220228@161156-Eden.fts [TYPE] LIGHT [OBJ] LP_35-347 [RA] 08 25 52.8440 [Dec] +69 02 01.1677 [FIL] GG495 [EXPTIME] 60.0 [Date] 2022-02-28T16:11:56 [Time] 16:11:56
11/252 LP_35-347-20220228@161313-Eden.fts [TYPE] LIGHT [OBJ] LP_35-347 [RA] 08 25 52.8440 [Dec] +69 02 01.1677 [FIL] GG495 [EXPTIME] 60.0 [Date] 2022-02-28T16:13:13 [Time] 16:13:13
12/252 LP_35-347-20220228@161430-Eden.fts [TYPE] LIGHT [OBJ] LP_35-347 [RA] 08 25 52.8440 [Dec] +69 02 01.1677 [FIL] GG495 [EXPTIME] 60.0 [Date] 2022-02-28T16:14:30 [Time] 16:14:30
13/252 LP_35-347-20220228@161546-Eden.fts [TYPE] LIGHT [OBJ] LP_35-347 [RA] 08 25 52.8440 [Dec] +69 02 01.1677 [FIL] GG495 [EXPTIME] 60.0 [Date] 2022-02-28T16:15:46 [Time] 16:15:46
14/252 LP_35-347-20220228@161702-Eden.fts [TYPE] LIGHT [OBJ] LP_35-347 [RA] 08 25 52.8440 [Dec] +69 02 01.1677 [FIL] GG495 [EXPTIME] 60.0 [Date] 2022-02-28T16:17:02 [Time] 16:17:02
15/252 LP_35-347-20220228@161819-Eden.fts [TYPE] LIGHT [OBJ] LP_35-347 [RA] 08 25 52.8440 [Dec] +69 02 01.1677 [FIL] GG495 [EXPTIME] 60.0 [Date] 2022-02-28T16:18:19 [Time] 16:18:19
16/252 LP_35-347-20220228@161935-Eden.fts [TYPE] LIGHT [OBJ] LP_35-347 [RA] 08 25 52.8440 [Dec] +69 02 01.1677 [FIL] GG495 [EXPTIME] 60.0 [Date] 2022-02-28T16:19:35 [Time] 16:19:35
17/252 LP_35-347-20220228@162052-Eden.fts [TYPE] LIGHT [OBJ] LP_35-347 [RA] 08 25 52.8440 [Dec] +69 02 01.1677 [FIL] GG495 [EXPTIME] 60.0 [Date] 2022-02-28T16:20:52 [Time] 16:20:52
18/252 LP_35-347-20220228@162209-Eden.fts [TYPE] LIGHT [OBJ] LP_35-347 [RA] 08 25 52.8440 [Dec] +69 02 01.1677 [FIL] GG495 [EXPTIME] 60.0 [Date] 2022-02-28T16:22:09 [Time] 16:22:09
19/252 LP_35-347-20220228@162326-Eden.fts [TYPE] LIGHT [OBJ] LP_35-347 [RA] 08 25 52.8440 [Dec] +69 02 01.1677 [FIL] GG495 [EXPTIME] 60.0 [Date] 2022-02-28T16:23:26 [Time] 16:23:26
20/252 LP_35-347-20220228@162443-Eden.fts [TYPE] LIGHT [OBJ] LP_35-347 [RA] 08 25 52.8440 [Dec] +69 02 01.1677 [FIL] GG495 [EXPTIME] 60.0 [Date] 2022-02-28T16:24:43 [Time] 16:24:43
21/252 LP_35-347-20220228@162600-Eden.fts [TYPE] LIGHT [OBJ] LP_35-347 [RA] 08 25 52.8440 [Dec] +69 02 01.1677 [FIL] GG495 [EXPTIME] 60.0 [Date] 2022-02-28T16:26:00 [Time] 16:26:00
22/252 LP_35-347-20220228@162718-Eden.fts [TYPE] LIGHT [OBJ] LP_35-347 [RA] 08 25 52.8440 [Dec] +69 02 01.1677 [FIL] GG495 [EXPTIME] 60.0 [Date] 2022-02-28T16:27:18 [Time] 16:27:18
23/252 LP_35-347-20220228@162835-Eden.fts [TYPE] LIGHT [OBJ] LP_35-347 [RA] 08 25 52.8440 [Dec] +69 02 01.1677 [FIL] GG495 [EXPTIME] 60.0 [Date] 2022-02-28T16:28:35 [Time] 16:28:35
24/252 LP_35-347-20220228@162951-Eden.fts [TYPE] LIGHT [OBJ] LP_35-347 [RA] 08 25 52.8440 [Dec] +69 02 01.1677 [FIL] GG495 [EXPTIME] 60.0 [Date] 2022-02-28T16:29:51 [Time] 16:29:51
25/252 LP_35-347-20220228@163108-Eden.fts [TYPE] LIGHT [OBJ] LP_35-347 [RA] 08 25 52.8440 [Dec] +69 02 01.1677 [FIL] GG495 [EXPTIME] 60.0 [Date] 2022-02-28T16:31:08 [Time] 16:31:08
26/252 LP_35-347-20220228@163225-Eden.fts [TYPE] LIGHT [OBJ] LP_35-347 [RA] 08 25 52.8440 [Dec] +69 02 01.1677 [FIL] GG495 [EXPTIME] 60.0 [Date] 2022-02-28T16:32:25 [Time] 16:32:25
27/252 LP_35-347-20220228@163341-Eden.fts [TYPE] LIGHT [OBJ] LP_35-347 [RA] 08 25 52.8440 [Dec] +69 02 01.1677 [FIL] GG495 [EXPTIME] 60.0 [Date] 2022-02-28T16:33:41 [Time] 16:33:41
28/252 LP_35-347-20220228@163458-Eden.fts [TYPE] LIGHT [OBJ] LP_35-347 [RA] 08 25 52.8440 [Dec] +69 02 01.1677 [FIL] GG495 [EXPTIME] 60.0 [Date] 2022-02-28T16:34:58 [Time] 16:34:58
29/252 LP_35-347-20220228@163615-Eden.fts [TYPE] LIGHT [OBJ] LP_35-347 [RA] 08 25 52.8440 [Dec] +69 02 01.1677 [FIL] GG495 [EXPTIME] 60.0 [Date] 2022-02-28T16:36:15 [Time] 16:36:15
30/252 LP_35-347-20220228@163731-Eden.fts [TYPE] LIGHT [OBJ] LP_35-347 [RA] 08 25 52.8440 [Dec] +69 02 01.1677 [FIL] GG495 [EXPTIME] 60.0 [Date] 2022-02-28T16:37:31 [Time] 16:37:31
31/252 LP_35-347-20220228@163848-Eden.fts [TYPE] LIGHT [OBJ] LP_35-347 [RA] 08 25 52.8440 [Dec] +69 02 01.1677 [FIL] GG495 [EXPTIME] 60.0 [Date] 2022-02-28T16:38:48 [Time] 16:38:48
32/252 LP_35-347-20220228@164004-Eden.fts [TYPE] LIGHT [OBJ] LP_35-347 [RA] 08 25 52.8440 [Dec] +69 02 01.1677 [FIL] GG495 [EXPTIME] 60.0 [Date] 2022-02-28T16:40:04 [Time] 16:40:04
33/252 LP_35-347-20220228@164121-Eden.fts [TYPE] LIGHT [OBJ] LP_35-347 [RA] 08 25 52.8440 [Dec] +69 02 01.1677 [FIL] GG495 [EXPTIME] 60.0 [Date] 2022-02-28T16:41:21 [Time] 16:41:21
34/252 LP_35-347-20220228@164238-Eden.fts [TYPE] LIGHT [OBJ] LP_35-347 [RA] 08 25 52.8440 [Dec] +69 02 01.1677 [FIL] GG495 [EXPTIME] 60.0 [Date] 2022-02-28T16:42:38 [Time] 16:42:38
35/252 LP_35-347-20220228@164354-Eden.fts [TYPE] LIGHT [OBJ] LP_35-347 [RA] 08 25 52.8440 [Dec] +69 02 01.1677 [FIL] GG495 [EXPTIME] 60.0 [Date] 2022-02-28T16:43:54 [Time] 16:43:54
36/252 LP_35-347-20220228@164511-Eden.fts [TYPE] LIGHT [OBJ] LP_35-347 [RA] 08 25 52.8440 [Dec] +69 02 01.1677 [FIL] GG495 [EXPTIME] 60.0 [Date] 2022-02-28T16:45:11 [Time] 16:45:11
37/252 LP_35-347-20220228@164628-Eden.fts [TYPE] LIGHT [OBJ] LP_35-347 [RA] 08 25 52.8440 [Dec] +69 02 01.1677 [FIL] GG495 [EXPTIME] 60.0 [Date] 2022-02-28T16:46:28 [Time] 16:46:28
38/252 LP_35-347-20220228@164746-Eden.fts [TYPE] LIGHT [OBJ] LP_35-347 [RA] 08 25 52.8440 [Dec] +69 02 01.1677 [FIL] GG495 [EXPTIME] 60.0 [Date] 2022-02-28T16:47:46 [Time] 16:47:46
39/252 LP_35-347-20220228@164904-Eden.fts [TYPE] LIGHT [OBJ] LP_35-347 [RA] 08 25 52.8440 [Dec] +69 02 01.1677 [FIL] GG495 [EXPTIME] 60.0 [Date] 2022-02-28T16:49:04 [Time] 16:49:04
40/252 LP_35-347-20220228@165020-Eden.fts [TYPE] LIGHT [OBJ] LP_35-347 [RA] 08 25 52.8440 [Dec] +69 02 01.1677 [FIL] GG495 [EXPTIME] 60.0 [Date] 2022-02-28T16:50:20 [Time] 16:50:20
41/252 LP_35-347-20220228@165137-Eden.fts [TYPE] LIGHT [OBJ] LP_35-347 [RA] 08 25 52.8440 [Dec] +69 02 01.1677 [FIL] GG495 [EXPTIME] 60.0 [Date] 2022-02-28T16:51:37 [Time] 16:51:37
42/252 LP_35-347-20220228@165254-Eden.fts [TYPE] LIGHT [OBJ] LP_35-347 [RA] 08 25 52.8440 [Dec] +69 02 01.1677 [FIL] GG495 [EXPTIME] 60.0 [Date] 2022-02-28T16:52:54 [Time] 16:52:54
43/252 LP_35-347-20220228@165411-Eden.fts [TYPE] LIGHT [OBJ] LP_35-347 [RA] 08 25 52.8440 [Dec] +69 02 01.1677 [FIL] GG495 [EXPTIME] 60.0 [Date] 2022-02-28T16:54:11 [Time] 16:54:11
44/252 LP_35-347-20220228@165528-Eden.fts [TYPE] LIGHT [OBJ] LP_35-347 [RA] 08 25 52.8440 [Dec] +69 02 01.1677 [FIL] GG495 [EXPTIME] 60.0 [Date] 2022-02-28T16:55:28 [Time] 16:55:28
45/252 LP_35-347-20220228@165646-Eden.fts [TYPE] LIGHT [OBJ] LP_35-347 [RA] 08 25 52.8440 [Dec] +69 02 01.1677 [FIL] GG495 [EXPTIME] 60.0 [Date] 2022-02-28T16:56:46 [Time] 16:56:46
46/252 LP_35-347-20220228@165803-Eden.fts [TYPE] LIGHT [OBJ] LP_35-347 [RA] 08 25 52.8440 [Dec] +69 02 01.1677 [FIL] GG495 [EXPTIME] 60.0 [Date] 2022-02-28T16:58:03 [Time] 16:58:03
47/252 LP_35-347-20220228@165919-Eden.fts [TYPE] LIGHT [OBJ] LP_35-347 [RA] 08 25 52.8440 [Dec] +69 02 01.1677 [FIL] GG495 [EXPTIME] 60.0 [Date] 2022-02-28T16:59:19 [Time] 16:59:19
48/252 LP_35-347-20220228@170036-Eden.fts [TYPE] LIGHT [OBJ] LP_35-347 [RA] 08 25 52.8440 [Dec] +69 02 01.1677 [FIL] GG495 [EXPTIME] 60.0 [Date] 2022-02-28T17:00:36 [Time] 17:00:36
49/252 LP_35-347-20220228@170153-Eden.fts [TYPE] LIGHT [OBJ] LP_35-347 [RA] 08 25 52.8440 [Dec] +69 02 01.1677 [FIL] GG495 [EXPTIME] 60.0 [Date] 2022-02-28T17:01:53 [Time] 17:01:53
50/252 LP_35-347-20220228@170311-Eden.fts [TYPE] LIGHT [OBJ] LP_35-347 [RA] 08 25 52.8440 [Dec] +69 02 01.1677 [FIL] GG495 [EXPTIME] 60.0 [Date] 2022-02-28T17:03:11 [Time] 17:03:11
51/252 LP_35-347-20220228@170426-Eden.fts [TYPE] LIGHT [OBJ] LP_35-347 [RA] 08 25 52.8440 [Dec] +69 02 01.1677 [FIL] GG495 [EXPTIME] 60.0 [Date] 2022-02-28T17:04:26 [Time] 17:04:26
52/252 LP_35-347-20220228@170542-Eden.fts [TYPE] LIGHT [OBJ] LP_35-347 [RA] 08 25 52.8440 [Dec] +69 02 01.1677 [FIL] GG495 [EXPTIME] 60.0 [Date] 2022-02-28T17:05:42 [Time] 17:05:42
53/252 LP_35-347-20220228@170658-Eden.fts [TYPE] LIGHT [OBJ] LP_35-347 [RA] 08 25 52.8440 [Dec] +69 02 01.1677 [FIL] GG495 [EXPTIME] 60.0 [Date] 2022-02-28T17:06:58 [Time] 17:06:58
54/252 LP_35-347-20220228@170814-Eden.fts [TYPE] LIGHT [OBJ] LP_35-347 [RA] 08 25 52.8440 [Dec] +69 02 01.1677 [FIL] GG495 [EXPTIME] 60.0 [Date] 2022-02-28T17:08:14 [Time] 17:08:14
55/252 LP_35-347-20220228@170931-Eden.fts [TYPE] LIGHT [OBJ] LP_35-347 [RA] 08 25 52.8440 [Dec] +69 02 01.1677 [FIL] GG495 [EXPTIME] 60.0 [Date] 2022-02-28T17:09:31 [Time] 17:09:31
56/252 LP_35-347-20220228@171048-Eden.fts [TYPE] LIGHT [OBJ] LP_35-347 [RA] 08 25 52.8440 [Dec] +69 02 01.1677 [FIL] GG495 [EXPTIME] 60.0 [Date] 2022-02-28T17:10:48 [Time] 17:10:48
57/252 LP_35-347-20220228@171205-Eden.fts [TYPE] LIGHT [OBJ] LP_35-347 [RA] 08 25 52.8440 [Dec] +69 02 01.1677 [FIL] GG495 [EXPTIME] 60.0 [Date] 2022-02-28T17:12:05 [Time] 17:12:05
58/252 LP_35-347-20220228@171321-Eden.fts [TYPE] LIGHT [OBJ] LP_35-347 [RA] 08 25 52.8440 [Dec] +69 02 01.1677 [FIL] GG495 [EXPTIME] 60.0 [Date] 2022-02-28T17:13:21 [Time] 17:13:21
59/252 LP_35-347-20220228@171437-Eden.fts [TYPE] LIGHT [OBJ] LP_35-347 [RA] 08 25 52.8440 [Dec] +69 02 01.1677 [FIL] GG495 [EXPTIME] 60.0 [Date] 2022-02-28T17:14:37 [Time] 17:14:37
60/252 LP_35-347-20220228@171555-Eden.fts [TYPE] LIGHT [OBJ] LP_35-347 [RA] 08 25 52.8440 [Dec] +69 02 01.1677 [FIL] GG495 [EXPTIME] 60.0 [Date] 2022-02-28T17:15:55 [Time] 17:15:55
61/252 LP_35-347-20220228@171712-Eden.fts [TYPE] LIGHT [OBJ] LP_35-347 [RA] 08 25 52.8440 [Dec] +69 02 01.1677 [FIL] GG495 [EXPTIME] 60.0 [Date] 2022-02-28T17:17:12 [Time] 17:17:12
62/252 LP_35-347-20220228@171830-Eden.fts [TYPE] LIGHT [OBJ] LP_35-347 [RA] 08 25 52.8440 [Dec] +69 02 01.1677 [FIL] GG495 [EXPTIME] 60.0 [Date] 2022-02-28T17:18:30 [Time] 17:18:30
63/252 LP_35-347-20220228@171948-Eden.fts [TYPE] LIGHT [OBJ] LP_35-347 [RA] 08 25 52.8440 [Dec] +69 02 01.1677 [FIL] GG495 [EXPTIME] 60.0 [Date] 2022-02-28T17:19:48 [Time] 17:19:48
64/252 LP_35-347-20220228@172105-Eden.fts [TYPE] LIGHT [OBJ] LP_35-347 [RA] 08 25 52.8440 [Dec] +69 02 01.1677 [FIL] GG495 [EXPTIME] 60.0 [Date] 2022-02-28T17:21:05 [Time] 17:21:05
65/252 LP_35-347-20220228@172222-Eden.fts [TYPE] LIGHT [OBJ] LP_35-347 [RA] 08 25 52.8440 [Dec] +69 02 01.1677 [FIL] GG495 [EXPTIME] 60.0 [Date] 2022-02-28T17:22:22 [Time] 17:22:22
66/252 LP_35-347-20220228@172339-Eden.fts [TYPE] LIGHT [OBJ] LP_35-347 [RA] 08 25 52.8440 [Dec] +69 02 01.1677 [FIL] GG495 [EXPTIME] 60.0 [Date] 2022-02-28T17:23:39 [Time] 17:23:39
67/252 LP_35-347-20220228@172456-Eden.fts [TYPE] LIGHT [OBJ] LP_35-347 [RA] 08 25 52.8440 [Dec] +69 02 01.1677 [FIL] GG495 [EXPTIME] 60.0 [Date] 2022-02-28T17:24:56 [Time] 17:24:56
68/252 LP_35-347-20220228@172612-Eden.fts [TYPE] LIGHT [OBJ] LP_35-347 [RA] 08 25 52.8440 [Dec] +69 02 01.1677 [FIL] GG495 [EXPTIME] 60.0 [Date] 2022-02-28T17:26:12 [Time] 17:26:12
69/252 LP_35-347-20220228@172728-Eden.fts [TYPE] LIGHT [OBJ] LP_35-347 [RA] 08 25 52.8440 [Dec] +69 02 01.1677 [FIL] GG495 [EXPTIME] 60.0 [Date] 2022-02-28T17:27:28 [Time] 17:27:28
70/252 LP_35-347-20220228@172844-Eden.fts [TYPE] LIGHT [OBJ] LP_35-347 [RA] 08 25 52.8440 [Dec] +69 02 01.1677 [FIL] GG495 [EXPTIME] 60.0 [Date] 2022-02-28T17:28:44 [Time] 17:28:44
71/252 LP_35-347-20220228@173000-Eden.fts [TYPE] LIGHT [OBJ] LP_35-347 [RA] 08 25 52.8440 [Dec] +69 02 01.1677 [FIL] GG495 [EXPTIME] 60.0 [Date] 2022-02-28T17:30:00 [Time] 17:30:00
72/252 LP_35-347-20220228@173116-Eden.fts [TYPE] LIGHT [OBJ] LP_35-347 [RA] 08 25 52.8440 [Dec] +69 02 01.1677 [FIL] GG495 [EXPTIME] 60.0 [Date] 2022-02-28T17:31:16 [Time] 17:31:16
73/252 LP_35-347-20220228@173234-Eden.fts [TYPE] LIGHT [OBJ] LP_35-347 [RA] 08 25 52.8440 [Dec] +69 02 01.1677 [FIL] GG495 [EXPTIME] 60.0 [Date] 2022-02-28T17:32:34 [Time] 17:32:34
74/252 LP_35-347-20220228@173352-Eden.fts [TYPE] LIGHT [OBJ] LP_35-347 [RA] 08 25 52.8440 [Dec] +69 02 01.1677 [FIL] GG495 [EXPTIME] 60.0 [Date] 2022-02-28T17:33:52 [Time] 17:33:52
75/252 LP_35-347-20220228@173508-Eden.fts [TYPE] LIGHT [OBJ] LP_35-347 [RA] 08 25 52.8440 [Dec] +69 02 01.1677 [FIL] GG495 [EXPTIME] 60.0 [Date] 2022-02-28T17:35:08 [Time] 17:35:08
76/252 LP_35-347-20220228@173624-Eden.fts [TYPE] LIGHT [OBJ] LP_35-347 [RA] 08 25 52.8440 [Dec] +69 02 01.1677 [FIL] GG495 [EXPTIME] 60.0 [Date] 2022-02-28T17:36:24 [Time] 17:36:24
77/252 LP_35-347-20220228@173741-Eden.fts [TYPE] LIGHT [OBJ] LP_35-347 [RA] 08 25 52.8440 [Dec] +69 02 01.1677 [FIL] GG495 [EXPTIME] 60.0 [Date] 2022-02-28T17:37:41 [Time] 17:37:41
78/252 LP_35-347-20220228@173858-Eden.fts [TYPE] LIGHT [OBJ] LP_35-347 [RA] 08 25 52.8440 [Dec] +69 02 01.1677 [FIL] GG495 [EXPTIME] 60.0 [Date] 2022-02-28T17:38:58 [Time] 17:38:58
79/252 LP_35-347-20220228@174015-Eden.fts [TYPE] LIGHT [OBJ] LP_35-347 [RA] 08 25 52.8440 [Dec] +69 02 01.1677 [FIL] GG495 [EXPTIME] 60.0 [Date] 2022-02-28T17:40:15 [Time] 17:40:15
80/252 LP_35-347-20220228@174132-Eden.fts [TYPE] LIGHT [OBJ] LP_35-347 [RA] 08 25 52.8440 [Dec] +69 02 01.1677 [FIL] GG495 [EXPTIME] 60.0 [Date] 2022-02-28T17:41:32 [Time] 17:41:32
81/252 LP_35-347-20220228@174249-Eden.fts [TYPE] LIGHT [OBJ] LP_35-347 [RA] 08 25 52.8440 [Dec] +69 02 01.1677 [FIL] GG495 [EXPTIME] 60.0 [Date] 2022-02-28T17:42:49 [Time] 17:42:49
82/252 LP_35-347-20220228@174407-Eden.fts [TYPE] LIGHT [OBJ] LP_35-347 [RA] 08 25 52.8440 [Dec] +69 02 01.1677 [FIL] GG495 [EXPTIME] 60.0 [Date] 2022-02-28T17:44:07 [Time] 17:44:07
83/252 LP_35-347-20220228@174525-Eden.fts [TYPE] LIGHT [OBJ] LP_35-347 [RA] 08 25 52.8440 [Dec] +69 02 01.1677 [FIL] GG495 [EXPTIME] 60.0 [Date] 2022-02-28T17:45:25 [Time] 17:45:25
84/252 LP_35-347-20220228@174642-Eden.fts [TYPE] LIGHT [OBJ] LP_35-347 [RA] 08 25 52.8440 [Dec] +69 02 01.1677 [FIL] GG495 [EXPTIME] 60.0 [Date] 2022-02-28T17:46:42 [Time] 17:46:42
85/252 LP_35-347-20220228@174759-Eden.fts [TYPE] LIGHT [OBJ] LP_35-347 [RA] 08 25 52.8440 [Dec] +69 02 01.1677 [FIL] GG495 [EXPTIME] 60.0 [Date] 2022-02-28T17:47:59 [Time] 17:47:59
86/252 LP_35-347-20220228@174915-Eden.fts [TYPE] LIGHT [OBJ] LP_35-347 [RA] 08 25 52.8440 [Dec] +69 02 01.1677 [FIL] GG495 [EXPTIME] 60.0 [Date] 2022-02-28T17:49:15 [Time] 17:49:15
87/252 LP_35-347-20220228@175032-Eden.fts [TYPE] LIGHT [OBJ] LP_35-347 [RA] 08 25 52.8440 [Dec] +69 02 01.1677 [FIL] GG495 [EXPTIME] 60.0 [Date] 2022-02-28T17:50:32 [Time] 17:50:32
88/252 LP_35-347-20220228@175149-Eden.fts [TYPE] LIGHT [OBJ] LP_35-347 [RA] 08 25 52.8440 [Dec] +69 02 01.1677 [FIL] GG495 [EXPTIME] 60.0 [Date] 2022-02-28T17:51:49 [Time] 17:51:49
89/252 LP_35-347-20220228@175306-Eden.fts [TYPE] LIGHT [OBJ] LP_35-347 [RA] 08 25 52.8440 [Dec] +69 02 01.1677 [FIL] GG495 [EXPTIME] 60.0 [Date] 2022-02-28T17:53:06 [Time] 17:53:06
90/252 LP_35-347-20220228@175422-Eden.fts [TYPE] LIGHT [OBJ] LP_35-347 [RA] 08 25 52.8440 [Dec] +69 02 01.1677 [FIL] GG495 [EXPTIME] 60.0 [Date] 2022-02-28T17:54:22 [Time] 17:54:22
91/252 LP_35-347-20220228@175539-Eden.fts [TYPE] LIGHT [OBJ] LP_35-347 [RA] 08 25 52.8440 [Dec] +69 02 01.1677 [FIL] GG495 [EXPTIME] 60.0 [Date] 2022-02-28T17:55:39 [Time] 17:55:39
92/252 LP_35-347-20220228@175655-Eden.fts [TYPE] LIGHT [OBJ] LP_35-347 [RA] 08 25 52.8440 [Dec] +69 02 01.1677 [FIL] GG495 [EXPTIME] 60.0 [Date] 2022-02-28T17:56:55 [Time] 17:56:55
93/252 LP_35-347-20220228@175812-Eden.fts [TYPE] LIGHT [OBJ] LP_35-347 [RA] 08 25 52.8440 [Dec] +69 02 01.1677 [FIL] GG495 [EXPTIME] 60.0 [Date] 2022-02-28T17:58:12 [Time] 17:58:12
94/252 LP_35-347-20220228@175929-Eden.fts [TYPE] LIGHT [OBJ] LP_35-347 [RA] 08 25 52.8440 [Dec] +69 02 01.1677 [FIL] GG495 [EXPTIME] 60.0 [Date] 2022-02-28T17:59:29 [Time] 17:59:29
95/252 LP_35-347-20220228@180045-Eden.fts [TYPE] LIGHT [OBJ] LP_35-347 [RA] 08 25 52.8440 [Dec] +69 02 01.1677 [FIL] GG495 [EXPTIME] 60.0 [Date] 2022-02-28T18:00:45 [Time] 18:00:45
96/252 LP_35-347-20220228@180202-Eden.fts [TYPE] LIGHT [OBJ] LP_35-347 [RA] 08 25 52.8440 [Dec] +69 02 01.1677 [FIL] GG495 [EXPTIME] 60.0 [Date] 2022-02-28T18:02:02 [Time] 18:02:02
97/252 LP_35-347-20220228@180320-Eden.fts [TYPE] LIGHT [OBJ] LP_35-347 [RA] 08 25 52.8440 [Dec] +69 02 01.1677 [FIL] GG495 [EXPTIME] 60.0 [Date] 2022-02-28T18:03:20 [Time] 18:03:20
98/252 LP_35-347-20220228@180438-Eden.fts [TYPE] LIGHT [OBJ] LP_35-347 [RA] 08 25 52.8440 [Dec] +69 02 01.1677 [FIL] GG495 [EXPTIME] 60.0 [Date] 2022-02-28T18:04:38 [Time] 18:04:38
99/252 LP_35-347-20220228@180554-Eden.fts [TYPE] LIGHT [OBJ] LP_35-347 [RA] 08 25 52.8440 [Dec] +69 02 01.1677 [FIL] GG495 [EXPTIME] 60.0 [Date] 2022-02-28T18:05:54 [Time] 18:05:54
100/252 LP_35-347-20220228@180710-Eden.fts [TYPE] LIGHT [OBJ] LP_35-347 [RA] 08 25 52.8440 [Dec] +69 02 01.1677 [FIL] GG495 [EXPTIME] 60.0 [Date] 2022-02-28T18:07:10 [Time] 18:07:10
101/252 LP_35-347-20220228@180828-Eden.fts [TYPE] LIGHT [OBJ] LP_35-347 [RA] 08 25 52.8440 [Dec] +69 02 01.1677 [FIL] GG495 [EXPTIME] 60.0 [Date] 2022-02-28T18:08:28 [Time] 18:08:28
102/252 LP_35-347-20220228@180944-Eden.fts [TYPE] LIGHT [OBJ] LP_35-347 [RA] 08 25 52.8440 [Dec] +69 02 01.1677 [FIL] GG495 [EXPTIME] 60.0 [Date] 2022-02-28T18:09:44 [Time] 18:09:44
103/252 LP_35-347-20220228@181102-Eden.fts [TYPE] LIGHT [OBJ] LP_35-347 [RA] 08 25 52.8440 [Dec] +69 02 01.1677 [FIL] GG495 [EXPTIME] 60.0 [Date] 2022-02-28T18:11:02 [Time] 18:11:02
104/252 LP_35-347-20220228@181220-Eden.fts [TYPE] LIGHT [OBJ] LP_35-347 [RA] 08 25 52.8440 [Dec] +69 02 01.1677 [FIL] GG495 [EXPTIME] 60.0 [Date] 2022-02-28T18:12:20 [Time] 18:12:20
105/252 LP_35-347-20220228@181338-Eden.fts [TYPE] LIGHT [OBJ] LP_35-347 [RA] 08 25 52.8440 [Dec] +69 02 01.1677 [FIL] GG495 [EXPTIME] 60.0 [Date] 2022-02-28T18:13:38 [Time] 18:13:38
106/252 LP_35-347-20220228@181457-Eden.fts [TYPE] LIGHT [OBJ] LP_35-347 [RA] 08 25 52.8440 [Dec] +69 02 01.1677 [FIL] GG495 [EXPTIME] 60.0 [Date] 2022-02-28T18:14:57 [Time] 18:14:57
107/252 LP_35-347-20220228@181614-Eden.fts [TYPE] LIGHT [OBJ] LP_35-347 [RA] 08 25 52.8440 [Dec] +69 02 01.1677 [FIL] GG495 [EXPTIME] 60.0 [Date] 2022-02-28T18:16:14 [Time] 18:16:14
108/252 LP_35-347-20220228@181732-Eden.fts [TYPE] LIGHT [OBJ] LP_35-347 [RA] 08 25 52.8440 [Dec] +69 02 01.1677 [FIL] GG495 [EXPTIME] 60.0 [Date] 2022-02-28T18:17:32 [Time] 18:17:32
109/252 LP_35-347-20220228@181848-Eden.fts [TYPE] LIGHT [OBJ] LP_35-347 [RA] 08 25 52.8440 [Dec] +69 02 01.1677 [FIL] GG495 [EXPTIME] 60.0 [Date] 2022-02-28T18:18:48 [Time] 18:18:48
110/252 LP_35-347-20220228@182006-Eden.fts [TYPE] LIGHT [OBJ] LP_35-347 [RA] 08 25 52.8440 [Dec] +69 02 01.1677 [FIL] GG495 [EXPTIME] 60.0 [Date] 2022-02-28T18:20:06 [Time] 18:20:06
111/252 LP_35-347-20220228@182122-Eden.fts [TYPE] LIGHT [OBJ] LP_35-347 [RA] 08 25 52.8440 [Dec] +69 02 01.1677 [FIL] GG495 [EXPTIME] 60.0 [Date] 2022-02-28T18:21:22 [Time] 18:21:22
112/252 LP_35-347-20220228@182239-Eden.fts [TYPE] LIGHT [OBJ] LP_35-347 [RA] 08 25 52.8440 [Dec] +69 02 01.1677 [FIL] GG495 [EXPTIME] 60.0 [Date] 2022-02-28T18:22:39 [Time] 18:22:39
113/252 LP_35-347-20220228@182357-Eden.fts [TYPE] LIGHT [OBJ] LP_35-347 [RA] 08 25 52.8440 [Dec] +69 02 01.1677 [FIL] GG495 [EXPTIME] 60.0 [Date] 2022-02-28T18:23:57 [Time] 18:23:57
114/252 LP_35-347-20220228@182514-Eden.fts [TYPE] LIGHT [OBJ] LP_35-347 [RA] 08 25 52.8440 [Dec] +69 02 01.1677 [FIL] GG495 [EXPTIME] 60.0 [Date] 2022-02-28T18:25:14 [Time] 18:25:14
115/252 LP_35-347-20220228@182630-Eden.fts [TYPE] LIGHT [OBJ] LP_35-347 [RA] 08 25 52.8440 [Dec] +69 02 01.1677 [FIL] GG495 [EXPTIME] 60.0 [Date] 2022-02-28T18:26:30 [Time] 18:26:30
116/252 LP_35-347-20220228@182747-Eden.fts [TYPE] LIGHT [OBJ] LP_35-347 [RA] 08 25 52.8440 [Dec] +69 02 01.1677 [FIL] GG495 [EXPTIME] 60.0 [Date] 2022-02-28T18:27:47 [Time] 18:27:47
117/252 LP_35-347-20220228@182906-Eden.fts [TYPE] LIGHT [OBJ] LP_35-347 [RA] 08 25 52.8440 [Dec] +69 02 01.1677 [FIL] GG495 [EXPTIME] 60.0 [Date] 2022-02-28T18:29:06 [Time] 18:29:06
118/252 LP_35-347-20220228@183023-Eden.fts [TYPE] LIGHT [OBJ] LP_35-347 [RA] 08 25 52.8440 [Dec] +69 02 01.1677 [FIL] GG495 [EXPTIME] 60.0 [Date] 2022-02-28T18:30:23 [Time] 18:30:23
119/252 LP_35-347-20220228@183140-Eden.fts [TYPE] LIGHT [OBJ] LP_35-347 [RA] 08 25 52.8440 [Dec] +69 02 01.1677 [FIL] GG495 [EXPTIME] 60.0 [Date] 2022-02-28T18:31:40 [Time] 18:31:40
120/252 LP_35-347-20220228@183257-Eden.fts [TYPE] LIGHT [OBJ] LP_35-347 [RA] 08 25 52.8440 [Dec] +69 02 01.1677 [FIL] GG495 [EXPTIME] 60.0 [Date] 2022-02-28T18:32:57 [Time] 18:32:57
121/252 LP_35-347-20220228@183413-Eden.fts [TYPE] LIGHT [OBJ] LP_35-347 [RA] 08 25 52.8440 [Dec] +69 02 01.1677 [FIL] GG495 [EXPTIME] 60.0 [Date] 2022-02-28T18:34:13 [Time] 18:34:13
122/252 LP_35-347-20220228@183530-Eden.fts [TYPE] LIGHT [OBJ] LP_35-347 [RA] 08 25 52.8440 [Dec] +69 02 01.1677 [FIL] GG495 [EXPTIME] 60.0 [Date] 2022-02-28T18:35:30 [Time] 18:35:30
123/252 LP_35-347-20220228@183646-Eden.fts [TYPE] LIGHT [OBJ] LP_35-347 [RA] 08 25 52.8440 [Dec] +69 02 01.1677 [FIL] GG495 [EXPTIME] 60.0 [Date] 2022-02-28T18:36:46 [Time] 18:36:46
124/252 LP_35-347-20220228@183802-Eden.fts [TYPE] LIGHT [OBJ] LP_35-347 [RA] 08 25 52.8440 [Dec] +69 02 01.1677 [FIL] GG495 [EXPTIME] 60.0 [Date] 2022-02-28T18:38:02 [Time] 18:38:02
125/252 LP_35-347-20220228@183918-Eden.fts [TYPE] LIGHT [OBJ] LP_35-347 [RA] 08 25 52.8440 [Dec] +69 02 01.1677 [FIL] GG495 [EXPTIME] 60.0 [Date] 2022-02-28T18:39:18 [Time] 18:39:18
126/252 LP_35-347-20220228@184034-Eden.fts [TYPE] LIGHT [OBJ] LP_35-347 [RA] 08 25 52.8440 [Dec] +69 02 01.1677 [FIL] GG495 [EXPTIME] 60.0 [Date] 2022-02-28T18:40:34 [Time] 18:40:34
127/252 LP_35-347-20220228@184151-Eden.fts [TYPE] LIGHT [OBJ] LP_35-347 [RA] 08 25 52.8440 [Dec] +69 02 01.1677 [FIL] GG495 [EXPTIME] 60.0 [Date] 2022-02-28T18:41:51 [Time] 18:41:51
128/252 LP_35-347-20220228@184307-Eden.fts [TYPE] LIGHT [OBJ] LP_35-347 [RA] 08 25 52.8440 [Dec] +69 02 01.1677 [FIL] GG495 [EXPTIME] 60.0 [Date] 2022-02-28T18:43:07 [Time] 18:43:07
129/252 LP_35-347-20220228@184424-Eden.fts [TYPE] LIGHT [OBJ] LP_35-347 [RA] 08 25 52.8440 [Dec] +69 02 01.1677 [FIL] GG495 [EXPTIME] 60.0 [Date] 2022-02-28T18:44:24 [Time] 18:44:24
130/252 LP_35-347-20220228@184540-Eden.fts [TYPE] LIGHT [OBJ] LP_35-347 [RA] 08 25 52.8440 [Dec] +69 02 01.1677 [FIL] GG495 [EXPTIME] 60.0 [Date] 2022-02-28T18:45:40 [Time] 18:45:40
131/252 LP_35-347-20220228@184657-Eden.fts [TYPE] LIGHT [OBJ] LP_35-347 [RA] 08 25 52.8440 [Dec] +69 02 01.1677 [FIL] GG495 [EXPTIME] 60.0 [Date] 2022-02-28T18:46:57 [Time] 18:46:57
132/252 LP_35-347-20220228@184813-Eden.fts [TYPE] LIGHT [OBJ] LP_35-347 [RA] 08 25 52.8440 [Dec] +69 02 01.1677 [FIL] GG495 [EXPTIME] 60.0 [Date] 2022-02-28T18:48:13 [Time] 18:48:13
133/252 LP_35-347-20220228@184931-Eden.fts [TYPE] LIGHT [OBJ] LP_35-347 [RA] 08 25 52.8440 [Dec] +69 02 01.1677 [FIL] GG495 [EXPTIME] 60.0 [Date] 2022-02-28T18:49:31 [Time] 18:49:31
134/252 LP_35-347-20220228@185048-Eden.fts [TYPE] LIGHT [OBJ] LP_35-347 [RA] 08 25 52.8440 [Dec] +69 02 01.1677 [FIL] GG495 [EXPTIME] 60.0 [Date] 2022-02-28T18:50:48 [Time] 18:50:48
135/252 LP_35-347-20220228@185206-Eden.fts [TYPE] LIGHT [OBJ] LP_35-347 [RA] 08 25 52.8440 [Dec] +69 02 01.1677 [FIL] GG495 [EXPTIME] 60.0 [Date] 2022-02-28T18:52:06 [Time] 18:52:06
136/252 LP_35-347-20220228@185322-Eden.fts [TYPE] LIGHT [OBJ] LP_35-347 [RA] 08 25 52.8440 [Dec] +69 02 01.1677 [FIL] GG495 [EXPTIME] 60.0 [Date] 2022-02-28T18:53:22 [Time] 18:53:22
137/252 LP_35-347-20220228@185439-Eden.fts [TYPE] LIGHT [OBJ] LP_35-347 [RA] 08 25 52.8440 [Dec] +69 02 01.1677 [FIL] GG495 [EXPTIME] 60.0 [Date] 2022-02-28T18:54:39 [Time] 18:54:39
138/252 LP_35-347-20220228@185555-Eden.fts [TYPE] LIGHT [OBJ] LP_35-347 [RA] 08 25 52.8440 [Dec] +69 02 01.1677 [FIL] GG495 [EXPTIME] 60.0 [Date] 2022-02-28T18:55:55 [Time] 18:55:55
139/252 LP_35-347-20220228@185712-Eden.fts [TYPE] LIGHT [OBJ] LP_35-347 [RA] 08 25 52.8440 [Dec] +69 02 01.1677 [FIL] GG495 [EXPTIME] 60.0 [Date] 2022-02-28T18:57:12 [Time] 18:57:12
140/252 LP_35-347-20220228@185829-Eden.fts [TYPE] LIGHT [OBJ] LP_35-347 [RA] 08 25 52.8440 [Dec] +69 02 01.1677 [FIL] GG495 [EXPTIME] 60.0 [Date] 2022-02-28T18:58:29 [Time] 18:58:29
141/252 LP_35-347-20220228@185946-Eden.fts [TYPE] LIGHT [OBJ] LP_35-347 [RA] 08 25 52.8440 [Dec] +69 02 01.1677 [FIL] GG495 [EXPTIME] 60.0 [Date] 2022-02-28T18:59:46 [Time] 18:59:46
142/252 LP_35-347-20220228@190105-Eden.fts [TYPE] LIGHT [OBJ] LP_35-347 [RA] 08 25 52.8440 [Dec] +69 02 01.1677 [FIL] GG495 [EXPTIME] 60.0 [Date] 2022-02-28T19:01:05 [Time] 19:01:05
143/252 LP_35-347-20220228@190222-Eden.fts [TYPE] LIGHT [OBJ] LP_35-347 [RA] 08 25 52.8440 [Dec] +69 02 01.1677 [FIL] GG495 [EXPTIME] 60.0 [Date] 2022-02-28T19:02:22 [Time] 19:02:22
144/252 LP_35-347-20220228@190338-Eden.fts [TYPE] LIGHT [OBJ] LP_35-347 [RA] 08 25 52.8440 [Dec] +69 02 01.1677 [FIL] GG495 [EXPTIME] 60.0 [Date] 2022-02-28T19:03:38 [Time] 19:03:38
145/252 LP_35-347-20220228@190454-Eden.fts [TYPE] LIGHT [OBJ] LP_35-347 [RA] 08 25 52.8440 [Dec] +69 02 01.1677 [FIL] GG495 [EXPTIME] 60.0 [Date] 2022-02-28T19:04:54 [Time] 19:04:54
146/252 LP_35-347-20220228@190610-Eden.fts [TYPE] LIGHT [OBJ] LP_35-347 [RA] 08 25 52.8440 [Dec] +69 02 01.1677 [FIL] GG495 [EXPTIME] 60.0 [Date] 2022-02-28T19:06:10 [Time] 19:06:10
147/252 LP_35-347-20220228@190728-Eden.fts [TYPE] LIGHT [OBJ] LP_35-347 [RA] 08 25 52.8440 [Dec] +69 02 01.1677 [FIL] GG495 [EXPTIME] 60.0 [Date] 2022-02-28T19:07:28 [Time] 19:07:28
148/252 LP_35-347-20220228@190845-Eden.fts [TYPE] LIGHT [OBJ] LP_35-347 [RA] 08 25 52.8440 [Dec] +69 02 01.1677 [FIL] GG495 [EXPTIME] 60.0 [Date] 2022-02-28T19:08:45 [Time] 19:08:45
149/252 LP_35-347-20220228@191001-Eden.fts [TYPE] LIGHT [OBJ] LP_35-347 [RA] 08 25 52.8440 [Dec] +69 02 01.1677 [FIL] GG495 [EXPTIME] 60.0 [Date] 2022-02-28T19:10:01 [Time] 19:10:01
150/252 LP_35-347-20220228@191118-Eden.fts [TYPE] LIGHT [OBJ] LP_35-347 [RA] 08 25 52.8440 [Dec] +69 02 01.1677 [FIL] GG495 [EXPTIME] 60.0 [Date] 2022-02-28T19:11:18 [Time] 19:11:18
151/252 LP_35-347-20220228@191235-Eden.fts [TYPE] LIGHT [OBJ] LP_35-347 [RA] 08 25 52.8440 [Dec] +69 02 01.1677 [FIL] GG495 [EXPTIME] 60.0 [Date] 2022-02-28T19:12:35 [Time] 19:12:35
152/252 LP_35-347-20220228@191836-Eden.fts [TYPE] LIGHT [OBJ] LP_35-347 [RA] 08 25 52.8440 [Dec] +69 02 01.1677 [FIL] GG495 [EXPTIME] 60.0 [Date] 2022-02-28T19:18:36 [Time] 19:18:36
153/252 LP_35-347-20220228@191952-Eden.fts [TYPE] LIGHT [OBJ] LP_35-347 [RA] 08 25 52.8440 [Dec] +69 02 01.1677 [FIL] GG495 [EXPTIME] 60.0 [Date] 2022-02-28T19:19:52 [Time] 19:19:52
154/252 LP_35-347-20220228@192109-Eden.fts [TYPE] LIGHT [OBJ] LP_35-347 [RA] 08 25 52.8440 [Dec] +69 02 01.1677 [FIL] GG495 [EXPTIME] 60.0 [Date] 2022-02-28T19:21:09 [Time] 19:21:09
155/252 LP_35-347-20220228@192225-Eden.fts [TYPE] LIGHT [OBJ] LP_35-347 [RA] 08 25 52.8440 [Dec] +69 02 01.1677 [FIL] GG495 [EXPTIME] 60.0 [Date] 2022-02-28T19:22:25 [Time] 19:22:25
156/252 LP_35-347-20220228@192342-Eden.fts [TYPE] LIGHT [OBJ] LP_35-347 [RA] 08 25 52.8440 [Dec] +69 02 01.1677 [FIL] GG495 [EXPTIME] 60.0 [Date] 2022-02-28T19:23:42 [Time] 19:23:42
157/252 LP_35-347-20220228@192500-Eden.fts [TYPE] LIGHT [OBJ] LP_35-347 [RA] 08 25 52.8440 [Dec] +69 02 01.1677 [FIL] GG495 [EXPTIME] 60.0 [Date] 2022-02-28T19:25:00 [Time] 19:25:00
158/252 LP_35-347-20220228@192615-Eden.fts [TYPE] LIGHT [OBJ] LP_35-347 [RA] 08 25 52.8440 [Dec] +69 02 01.1677 [FIL] GG495 [EXPTIME] 60.0 [Date] 2022-02-28T19:26:15 [Time] 19:26:15
159/252 LP_35-347-20220228@192731-Eden.fts [TYPE] LIGHT [OBJ] LP_35-347 [RA] 08 25 52.8440 [Dec] +69 02 01.1677 [FIL] GG495 [EXPTIME] 60.0 [Date] 2022-02-28T19:27:31 [Time] 19:27:31
160/252 LP_35-347-20220228@192847-Eden.fts [TYPE] LIGHT [OBJ] LP_35-347 [RA] 08 25 52.8440 [Dec] +69 02 01.1677 [FIL] GG495 [EXPTIME] 60.0 [Date] 2022-02-28T19:28:47 [Time] 19:28:47
161/252 LP_35-347-20220228@193002-Eden.fts [TYPE] LIGHT [OBJ] LP_35-347 [RA] 08 25 52.8440 [Dec] +69 02 01.1677 [FIL] GG495 [EXPTIME] 60.0 [Date] 2022-02-28T19:30:02 [Time] 19:30:02
162/252 LP_35-347-20220228@193118-Eden.fts [TYPE] LIGHT [OBJ] LP_35-347 [RA] 08 25 52.8440 [Dec] +69 02 01.1677 [FIL] GG495 [EXPTIME] 60.0 [Date] 2022-02-28T19:31:18 [Time] 19:31:18
163/252 LP_35-347-20220228@193234-Eden.fts [TYPE] LIGHT [OBJ] LP_35-347 [RA] 08 25 52.8440 [Dec] +69 02 01.1677 [FIL] GG495 [EXPTIME] 60.0 [Date] 2022-02-28T19:32:34 [Time] 19:32:34
164/252 LP_35-347-20220228@193350-Eden.fts [TYPE] LIGHT [OBJ] LP_35-347 [RA] 08 25 52.8440 [Dec] +69 02 01.1677 [FIL] GG495 [EXPTIME] 60.0 [Date] 2022-02-28T19:33:50 [Time] 19:33:50
165/252 LP_35-347-20220228@193507-Eden.fts [TYPE] LIGHT [OBJ] LP_35-347 [RA] 08 25 52.8440 [Dec] +69 02 01.1677 [FIL] GG495 [EXPTIME] 60.0 [Date] 2022-02-28T19:35:07 [Time] 19:35:07
166/252 LP_35-347-20220228@193623-Eden.fts [TYPE] LIGHT [OBJ] LP_35-347 [RA] 08 25 52.8440 [Dec] +69 02 01.1677 [FIL] GG495 [EXPTIME] 60.0 [Date] 2022-02-28T19:36:23 [Time] 19:36:23
167/252 LP_35-347-20220228@193740-Eden.fts [TYPE] LIGHT [OBJ] LP_35-347 [RA] 08 25 52.8440 [Dec] +69 02 01.1677 [FIL] GG495 [EXPTIME] 60.0 [Date] 2022-02-28T19:37:40 [Time] 19:37:40
168/252 LP_35-347-20220228@193856-Eden.fts [TYPE] LIGHT [OBJ] LP_35-347 [RA] 08 25 52.8440 [Dec] +69 02 01.1677 [FIL] GG495 [EXPTIME] 60.0 [Date] 2022-02-28T19:38:56 [Time] 19:38:56
169/252 LP_35-347-20220228@194012-Eden.fts [TYPE] LIGHT [OBJ] LP_35-347 [RA] 08 25 52.8440 [Dec] +69 02 01.1677 [FIL] GG495 [EXPTIME] 60.0 [Date] 2022-02-28T19:40:12 [Time] 19:40:12
170/252 LP_35-347-20220228@194129-Eden.fts [TYPE] LIGHT [OBJ] LP_35-347 [RA] 08 25 52.8440 [Dec] +69 02 01.1677 [FIL] GG495 [EXPTIME] 60.0 [Date] 2022-02-28T19:41:29 [Time] 19:41:29
171/252 LP_35-347-20220228@194245-Eden.fts [TYPE] LIGHT [OBJ] LP_35-347 [RA] 08 25 52.8440 [Dec] +69 02 01.1677 [FIL] GG495 [EXPTIME] 60.0 [Date] 2022-02-28T19:42:45 [Time] 19:42:45
172/252 LP_35-347-20220228@194401-Eden.fts [TYPE] LIGHT [OBJ] LP_35-347 [RA] 08 25 52.8440 [Dec] +69 02 01.1677 [FIL] GG495 [EXPTIME] 60.0 [Date] 2022-02-28T19:44:01 [Time] 19:44:01
173/252 LP_35-347-20220228@194517-Eden.fts [TYPE] LIGHT [OBJ] LP_35-347 [RA] 08 25 52.8440 [Dec] +69 02 01.1677 [FIL] GG495 [EXPTIME] 60.0 [Date] 2022-02-28T19:45:17 [Time] 19:45:17
174/252 LP_35-347-20220228@194835-Eden.fts [TYPE] LIGHT [OBJ] LP_35-347 [RA] 08 25 52.8440 [Dec] +69 02 01.1677 [FIL] GG495 [EXPTIME] 60.0 [Date] 2022-02-28T19:48:35 [Time] 19:48:35
175/252 LP_35-347-20220228@194952-Eden.fts [TYPE] LIGHT [OBJ] LP_35-347 [RA] 08 25 52.8440 [Dec] +69 02 01.1677 [FIL] GG495 [EXPTIME] 60.0 [Date] 2022-02-28T19:49:52 [Time] 19:49:52
176/252 LP_35-347-20220228@195107-Eden.fts [TYPE] LIGHT [OBJ] LP_35-347 [RA] 08 25 52.8440 [Dec] +69 02 01.1677 [FIL] GG495 [EXPTIME] 60.0 [Date] 2022-02-28T19:51:07 [Time] 19:51:07
177/252 LP_35-347-20220228@195223-Eden.fts [TYPE] LIGHT [OBJ] LP_35-347 [RA] 08 25 52.8440 [Dec] +69 02 01.1677 [FIL] GG495 [EXPTIME] 60.0 [Date] 2022-02-28T19:52:23 [Time] 19:52:23
178/252 LP_35-347-20220228@195339-Eden.fts [TYPE] LIGHT [OBJ] LP_35-347 [RA] 08 25 52.8440 [Dec] +69 02 01.1677 [FIL] GG495 [EXPTIME] 60.0 [Date] 2022-02-28T19:53:39 [Time] 19:53:39
179/252 LP_35-347-20220228@195456-Eden.fts [TYPE] LIGHT [OBJ] LP_35-347 [RA] 08 25 52.8440 [Dec] +69 02 01.1677 [FIL] GG495 [EXPTIME] 60.0 [Date] 2022-02-28T19:54:56 [Time] 19:54:56
180/252 LP_35-347-20220228@195612-Eden.fts [TYPE] LIGHT [OBJ] LP_35-347 [RA] 08 25 52.8440 [Dec] +69 02 01.1677 [FIL] GG495 [EXPTIME] 60.0 [Date] 2022-02-28T19:56:12 [Time] 19:56:12
181/252 LP_35-347-20220228@195730-Eden.fts [TYPE] LIGHT [OBJ] LP_35-347 [RA] 08 25 52.8440 [Dec] +69 02 01.1677 [FIL] GG495 [EXPTIME] 60.0 [Date] 2022-02-28T19:57:30 [Time] 19:57:30
182/252 LP_35-347-20220228@195845-Eden.fts [TYPE] LIGHT [OBJ] LP_35-347 [RA] 08 25 52.8440 [Dec] +69 02 01.1677 [FIL] GG495 [EXPTIME] 60.0 [Date] 2022-02-28T19:58:45 [Time] 19:58:45
183/252 LP_35-347-20220228@200001-Eden.fts [TYPE] LIGHT [OBJ] LP_35-347 [RA] 08 25 52.8440 [Dec] +69 02 01.1677 [FIL] GG495 [EXPTIME] 60.0 [Date] 2022-02-28T20:00:01 [Time] 20:00:01
184/252 LP_35-347-20220228@200118-Eden.fts [TYPE] LIGHT [OBJ] LP_35-347 [RA] 08 25 52.8440 [Dec] +69 02 01.1677 [FIL] GG495 [EXPTIME] 60.0 [Date] 2022-02-28T20:01:18 [Time] 20:01:18
185/252 LP_35-347-20220228@200236-Eden.fts [TYPE] LIGHT [OBJ] LP_35-347 [RA] 08 25 52.8440 [Dec] +69 02 01.1677 [FIL] GG495 [EXPTIME] 60.0 [Date] 2022-02-28T20:02:36 [Time] 20:02:36
186/252 LP_35-347-20220228@200353-Eden.fts [TYPE] LIGHT [OBJ] LP_35-347 [RA] 08 25 52.8440 [Dec] +69 02 01.1677 [FIL] GG495 [EXPTIME] 60.0 [Date] 2022-02-28T20:03:53 [Time] 20:03:53
187/252 LP_35-347-20220228@200509-Eden.fts [TYPE] LIGHT [OBJ] LP_35-347 [RA] 08 25 52.8440 [Dec] +69 02 01.1677 [FIL] GG495 [EXPTIME] 60.0 [Date] 2022-02-28T20:05:09 [Time] 20:05:09
188/252 LP_35-347-20220228@200625-Eden.fts [TYPE] LIGHT [OBJ] LP_35-347 [RA] 08 25 52.8440 [Dec] +69 02 01.1677 [FIL] GG495 [EXPTIME] 60.0 [Date] 2022-02-28T20:06:25 [Time] 20:06:25
189/252 LP_35-347-20220228@200742-Eden.fts [TYPE] LIGHT [OBJ] LP_35-347 [RA] 08 25 52.8440 [Dec] +69 02 01.1677 [FIL] GG495 [EXPTIME] 60.0 [Date] 2022-02-28T20:07:42 [Time] 20:07:42
190/252 LP_35-347-20220228@200858-Eden.fts [TYPE] LIGHT [OBJ] LP_35-347 [RA] 08 25 52.8440 [Dec] +69 02 01.1677 [FIL] GG495 [EXPTIME] 60.0 [Date] 2022-02-28T20:08:58 [Time] 20:08:58
191/252 LP_35-347-20220228@201014-Eden.fts [TYPE] LIGHT [OBJ] LP_35-347 [RA] 08 25 52.8440 [Dec] +69 02 01.1677 [FIL] GG495 [EXPTIME] 60.0 [Date] 2022-02-28T20:10:14 [Time] 20:10:14
192/252 LP_35-347-20220228@201131-Eden.fts [TYPE] LIGHT [OBJ] LP_35-347 [RA] 08 25 52.8440 [Dec] +69 02 01.1677 [FIL] GG495 [EXPTIME] 60.0 [Date] 2022-02-28T20:11:31 [Time] 20:11:31
193/252 LP_35-347-20220228@201500-Eden.fts [TYPE] LIGHT [OBJ] LP_35-347 [RA] 08 25 52.8440 [Dec] +69 02 01.1677 [FIL] GG495 [EXPTIME] 60.0 [Date] 2022-02-28T20:15:00 [Time] 20:15:00
194/252 LP_35-347-20220228@201617-Eden.fts [TYPE] LIGHT [OBJ] LP_35-347 [RA] 08 25 52.8440 [Dec] +69 02 01.1677 [FIL] GG495 [EXPTIME] 60.0 [Date] 2022-02-28T20:16:17 [Time] 20:16:17
195/252 LP_35-347-20220228@201734-Eden.fts [TYPE] LIGHT [OBJ] LP_35-347 [RA] 08 25 52.8440 [Dec] +69 02 01.1677 [FIL] GG495 [EXPTIME] 60.0 [Date] 2022-02-28T20:17:34 [Time] 20:17:34
196/252 LP_35-347-20220228@201850-Eden.fts [TYPE] LIGHT [OBJ] LP_35-347 [RA] 08 25 52.8440 [Dec] +69 02 01.1677 [FIL] GG495 [EXPTIME] 60.0 [Date] 2022-02-28T20:18:50 [Time] 20:18:50
197/252 LP_35-347-20220228@202006-Eden.fts [TYPE] LIGHT [OBJ] LP_35-347 [RA] 08 25 52.8440 [Dec] +69 02 01.1677 [FIL] GG495 [EXPTIME] 60.0 [Date] 2022-02-28T20:20:06 [Time] 20:20:06
198/252 LP_35-347-20220228@202122-Eden.fts [TYPE] LIGHT [OBJ] LP_35-347 [RA] 08 25 52.8440 [Dec] +69 02 01.1677 [FIL] GG495 [EXPTIME] 60.0 [Date] 2022-02-28T20:21:22 [Time] 20:21:22
199/252 LP_35-347-20220228@202239-Eden.fts [TYPE] LIGHT [OBJ] LP_35-347 [RA] 08 25 52.8440 [Dec] +69 02 01.1677 [FIL] GG495 [EXPTIME] 60.0 [Date] 2022-02-28T20:22:39 [Time] 20:22:39
200/252 LP_35-347-20220228@202355-Eden.fts [TYPE] LIGHT [OBJ] LP_35-347 [RA] 08 25 52.8440 [Dec] +69 02 01.1677 [FIL] GG495 [EXPTIME] 60.0 [Date] 2022-02-28T20:23:55 [Time] 20:23:55
201/252 LP_35-347-20220228@202511-Eden.fts [TYPE] LIGHT [OBJ] LP_35-347 [RA] 08 25 52.8440 [Dec] +69 02 01.1677 [FIL] GG495 [EXPTIME] 60.0 [Date] 2022-02-28T20:25:11 [Time] 20:25:11
202/252 LP_35-347-20220228@202628-Eden.fts [TYPE] LIGHT [OBJ] LP_35-347 [RA] 08 25 52.8440 [Dec] +69 02 01.1677 [FIL] GG495 [EXPTIME] 60.0 [Date] 2022-02-28T20:26:28 [Time] 20:26:28
203/252 LP_35-347-20220228@202745-Eden.fts [TYPE] LIGHT [OBJ] LP_35-347 [RA] 08 25 52.8440 [Dec] +69 02 01.1677 [FIL] GG495 [EXPTIME] 60.0 [Date] 2022-02-28T20:27:45 [Time] 20:27:45
204/252 LP_35-347-20220228@202901-Eden.fts [TYPE] LIGHT [OBJ] LP_35-347 [RA] 08 25 52.8440 [Dec] +69 02 01.1677 [FIL] GG495 [EXPTIME] 60.0 [Date] 2022-02-28T20:29:01 [Time] 20:29:01
205/252 LP_35-347-20220228@203017-Eden.fts [TYPE] LIGHT [OBJ] LP_35-347 [RA] 08 25 52.8440 [Dec] +69 02 01.1677 [FIL] GG495 [EXPTIME] 60.0 [Date] 2022-02-28T20:30:17 [Time] 20:30:17
206/252 LP_35-347-20220228@203134-Eden.fts [TYPE] LIGHT [OBJ] LP_35-347 [RA] 08 25 52.8440 [Dec] +69 02 01.1677 [FIL] GG495 [EXPTIME] 60.0 [Date] 2022-02-28T20:31:34 [Time] 20:31:34
207/252 LP_35-347-20220228@203250-Eden.fts [TYPE] LIGHT [OBJ] LP_35-347 [RA] 08 25 52.8440 [Dec] +69 02 01.1677 [FIL] GG495 [EXPTIME] 60.0 [Date] 2022-02-28T20:32:50 [Time] 20:32:50
208/252 LP_35-347-20220228@203406-Eden.fts [TYPE] LIGHT [OBJ] LP_35-347 [RA] 08 25 52.8440 [Dec] +69 02 01.1677 [FIL] GG495 [EXPTIME] 60.0 [Date] 2022-02-28T20:34:06 [Time] 20:34:06
209/252 LP_35-347-20220228@203522-Eden.fts [TYPE] LIGHT [OBJ] LP_35-347 [RA] 08 25 52.8440 [Dec] +69 02 01.1677 [FIL] GG495 [EXPTIME] 60.0 [Date] 2022-02-28T20:35:22 [Time] 20:35:22
210/252 LP_35-347-20220228@203639-Eden.fts [TYPE] LIGHT [OBJ] LP_35-347 [RA] 08 25 52.8440 [Dec] +69 02 01.1677 [FIL] GG495 [EXPTIME] 60.0 [Date] 2022-02-28T20:36:39 [Time] 20:36:39
211/252 LP_35-347-20220228@203755-Eden.fts [TYPE] LIGHT [OBJ] LP_35-347 [RA] 08 25 52.8440 [Dec] +69 02 01.1677 [FIL] GG495 [EXPTIME] 60.0 [Date] 2022-02-28T20:37:55 [Time] 20:37:55
212/252 LP_35-347-20220228@203910-Eden.fts [TYPE] LIGHT [OBJ] LP_35-347 [RA] 08 25 52.8440 [Dec] +69 02 01.1677 [FIL] GG495 [EXPTIME] 60.0 [Date] 2022-02-28T20:39:10 [Time] 20:39:10
213/252 LP_35-347-20220228@204027-Eden.fts [TYPE] LIGHT [OBJ] LP_35-347 [RA] 08 25 52.8440 [Dec] +69 02 01.1677 [FIL] GG495 [EXPTIME] 60.0 [Date] 2022-02-28T20:40:27 [Time] 20:40:27
214/252 LP_35-347-20220228@204144-Eden.fts [TYPE] LIGHT [OBJ] LP_35-347 [RA] 08 25 52.8440 [Dec] +69 02 01.1677 [FIL] GG495 [EXPTIME] 60.0 [Date] 2022-02-28T20:41:44 [Time] 20:41:44
215/252 LP_35-347-20220228@204301-Eden.fts [TYPE] LIGHT [OBJ] LP_35-347 [RA] 08 25 52.8440 [Dec] +69 02 01.1677 [FIL] GG495 [EXPTIME] 60.0 [Date] 2022-02-28T20:43:01 [Time] 20:43:01
216/252 LP_35-347-20220228@204418-Eden.fts [TYPE] LIGHT [OBJ] LP_35-347 [RA] 08 25 52.8440 [Dec] +69 02 01.1677 [FIL] GG495 [EXPTIME] 60.0 [Date] 2022-02-28T20:44:18 [Time] 20:44:18
217/252 LP_35-347-20220228@204533-Eden.fts [TYPE] LIGHT [OBJ] LP_35-347 [RA] 08 25 52.8440 [Dec] +69 02 01.1677 [FIL] GG495 [EXPTIME] 60.0 [Date] 2022-02-28T20:45:33 [Time] 20:45:33
218/252 LP_35-347-20220228@204650-Eden.fts [TYPE] LIGHT [OBJ] LP_35-347 [RA] 08 25 52.8440 [Dec] +69 02 01.1677 [FIL] GG495 [EXPTIME] 60.0 [Date] 2022-02-28T20:46:50 [Time] 20:46:50
219/252 LP_35-347-20220228@204808-Eden.fts [TYPE] LIGHT [OBJ] LP_35-347 [RA] 08 25 52.8440 [Dec] +69 02 01.1677 [FIL] GG495 [EXPTIME] 60.0 [Date] 2022-02-28T20:48:08 [Time] 20:48:08
220/252 LP_35-347-20220228@204923-Eden.fts [TYPE] LIGHT [OBJ] LP_35-347 [RA] 08 25 52.8440 [Dec] +69 02 01.1677 [FIL] GG495 [EXPTIME] 60.0 [Date] 2022-02-28T20:49:23 [Time] 20:49:23
221/252 LP_35-347-20220228@205039-Eden.fts [TYPE] LIGHT [OBJ] LP_35-347 [RA] 08 25 52.8440 [Dec] +69 02 01.1677 [FIL] GG495 [EXPTIME] 60.0 [Date] 2022-02-28T20:50:39 [Time] 20:50:39
222/252 LP_35-347-20220228@205155-Eden.fts [TYPE] LIGHT [OBJ] LP_35-347 [RA] 08 25 52.8440 [Dec] +69 02 01.1677 [FIL] GG495 [EXPTIME] 60.0 [Date] 2022-02-28T20:51:55 [Time] 20:51:55
223/252 LP_35-347-20220228@205311-Eden.fts [TYPE] LIGHT [OBJ] LP_35-347 [RA] 08 25 52.8440 [Dec] +69 02 01.1677 [FIL] GG495 [EXPTIME] 60.0 [Date] 2022-02-28T20:53:11 [Time] 20:53:11
224/252 LP_35-347-20220228@205427-Eden.fts [TYPE] LIGHT [OBJ] LP_35-347 [RA] 08 25 52.8440 [Dec] +69 02 01.1677 [FIL] GG495 [EXPTIME] 60.0 [Date] 2022-02-28T20:54:27 [Time] 20:54:27
225/252 LP_35-347-20220228@205544-Eden.fts [TYPE] LIGHT [OBJ] LP_35-347 [RA] 08 25 52.8440 [Dec] +69 02 01.1677 [FIL] GG495 [EXPTIME] 60.0 [Date] 2022-02-28T20:55:44 [Time] 20:55:44
226/252 LP_35-347-20220228@205659-Eden.fts [TYPE] LIGHT [OBJ] LP_35-347 [RA] 08 25 52.8440 [Dec] +69 02 01.1677 [FIL] GG495 [EXPTIME] 60.0 [Date] 2022-02-28T20:56:59 [Time] 20:56:59
227/252 LP_35-347-20220228@205815-Eden.fts [TYPE] LIGHT [OBJ] LP_35-347 [RA] 08 25 52.8440 [Dec] +69 02 01.1677 [FIL] GG495 [EXPTIME] 60.0 [Date] 2022-02-28T20:58:15 [Time] 20:58:15
228/252 LP_35-347-20220228@205932-Eden.fts [TYPE] LIGHT [OBJ] LP_35-347 [RA] 08 25 52.8440 [Dec] +69 02 01.1677 [FIL] GG495 [EXPTIME] 60.0 [Date] 2022-02-28T20:59:32 [Time] 20:59:32
229/252 LP_35-347-20220228@210048-Eden.fts [TYPE] LIGHT [OBJ] LP_35-347 [RA] 08 25 52.8440 [Dec] +69 02 01.1677 [FIL] GG495 [EXPTIME] 60.0 [Date] 2022-02-28T21:00:48 [Time] 21:00:48
230/252 LP_35-347-20220228@210205-Eden.fts [TYPE] LIGHT [OBJ] LP_35-347 [RA] 08 25 52.8440 [Dec] +69 02 01.1677 [FIL] GG495 [EXPTIME] 60.0 [Date] 2022-02-28T21:02:05 [Time] 21:02:05
231/252 LP_35-347-20220228@210323-Eden.fts [TYPE] LIGHT [OBJ] LP_35-347 [RA] 08 25 52.8440 [Dec] +69 02 01.1677 [FIL] GG495 [EXPTIME] 60.0 [Date] 2022-02-28T21:03:23 [Time] 21:03:23
232/252 LP_35-347-20220228@210441-Eden.fts [TYPE] LIGHT [OBJ] LP_35-347 [RA] 08 25 52.8440 [Dec] +69 02 01.1677 [FIL] GG495 [EXPTIME] 60.0 [Date] 2022-02-28T21:04:41 [Time] 21:04:41
233/252 LP_35-347-20220228@210557-Eden.fts [TYPE] LIGHT [OBJ] LP_35-347 [RA] 08 25 52.8440 [Dec] +69 02 01.1677 [FIL] GG495 [EXPTIME] 60.0 [Date] 2022-02-28T21:05:57 [Time] 21:05:57
234/252 LP_35-347-20220228@210713-Eden.fts [TYPE] LIGHT [OBJ] LP_35-347 [RA] 08 25 52.8440 [Dec] +69 02 01.1677 [FIL] GG495 [EXPTIME] 60.0 [Date] 2022-02-28T21:07:13 [Time] 21:07:13
235/252 LP_35-347-20220228@210830-Eden.fts [TYPE] LIGHT [OBJ] LP_35-347 [RA] 08 25 52.8440 [Dec] +69 02 01.1677 [FIL] GG495 [EXPTIME] 60.0 [Date] 2022-02-28T21:08:30 [Time] 21:08:30
236/252 LP_35-347-20220228@210946-Eden.fts [TYPE] LIGHT [OBJ] LP_35-347 [RA] 08 25 52.8440 [Dec] +69 02 01.1677 [FIL] GG495 [EXPTIME] 60.0 [Date] 2022-02-28T21:09:46 [Time] 21:09:46
237/252 LP_35-347-20220228@211102-Eden.fts [TYPE] LIGHT [OBJ] LP_35-347 [RA] 08 25 52.8440 [Dec] +69 02 01.1677 [FIL] GG495 [EXPTIME] 60.0 [Date] 2022-02-28T21:11:02 [Time] 21:11:02
238/252 LP_35-347-20220228@211218-Eden.fts [TYPE] LIGHT [OBJ] LP_35-347 [RA] 08 25 52.8440 [Dec] +69 02 01.1677 [FIL] GG495 [EXPTIME] 60.0 [Date] 2022-02-28T21:12:18 [Time] 21:12:18
239/252 LP_35-347-20220228@211334-Eden.fts [TYPE] LIGHT [OBJ] LP_35-347 [RA] 08 25 52.8440 [Dec] +69 02 01.1677 [FIL] GG495 [EXPTIME] 60.0 [Date] 2022-02-28T21:13:34 [Time] 21:13:34
240/252 LP_35-347-20220228@211450-Eden.fts [TYPE] LIGHT [OBJ] LP_35-347 [RA] 08 25 52.8440 [Dec] +69 02 01.1677 [FIL] GG495 [EXPTIME] 60.0 [Date] 2022-02-28T21:14:50 [Time] 21:14:50
241/252 LP_35-347-20220228@211606-Eden.fts [TYPE] LIGHT [OBJ] LP_35-347 [RA] 08 25 52.8440 [Dec] +69 02 01.1677 [FIL] GG495 [EXPTIME] 60.0 [Date] 2022-02-28T21:16:06 [Time] 21:16:06
242/252 LP_35-347-20220228@211722-Eden.fts [TYPE] LIGHT [OBJ] LP_35-347 [RA] 08 25 52.8440 [Dec] +69 02 01.1677 [FIL] GG495 [EXPTIME] 60.0 [Date] 2022-02-28T21:17:22 [Time] 21:17:22
243/252 LP_35-347-20220228@211839-Eden.fts [TYPE] LIGHT [OBJ] LP_35-347 [RA] 08 25 52.8440 [Dec] +69 02 01.1677 [FIL] GG495 [EXPTIME] 60.0 [Date] 2022-02-28T21:18:39 [Time] 21:18:39
244/252 LP_35-347-20220228@211955-Eden.fts [TYPE] LIGHT [OBJ] LP_35-347 [RA] 08 25 52.8440 [Dec] +69 02 01.1677 [FIL] GG495 [EXPTIME] 60.0 [Date] 2022-02-28T21:19:55 [Time] 21:19:55
245/252 LP_35-347-20220228@212112-Eden.fts [TYPE] LIGHT [OBJ] LP_35-347 [RA] 08 25 52.8440 [Dec] +69 02 01.1677 [FIL] GG495 [EXPTIME] 60.0 [Date] 2022-02-28T21:21:12 [Time] 21:21:12
246/252 LP_35-347-20220228@212229-Eden.fts [TYPE] LIGHT [OBJ] LP_35-347 [RA] 08 25 52.8440 [Dec] +69 02 01.1677 [FIL] GG495 [EXPTIME] 60.0 [Date] 2022-02-28T21:22:29 [Time] 21:22:29
247/252 LP_35-347-20220228@212346-Eden.fts [TYPE] LIGHT [OBJ] LP_35-347 [RA] 08 25 52.8440 [Dec] +69 02 01.1677 [FIL] GG495 [EXPTIME] 60.0 [Date] 2022-02-28T21:23:46 [Time] 21:23:46
248/252 LP_35-347-20220228@212502-Eden.fts [TYPE] LIGHT [OBJ] LP_35-347 [RA] 08 25 52.8440 [Dec] +69 02 01.1677 [FIL] GG495 [EXPTIME] 60.0 [Date] 2022-02-28T21:25:02 [Time] 21:25:02
249/252 LP_35-347-20220228@212619-Eden.fts [TYPE] LIGHT [OBJ] LP_35-347 [RA] 08 25 52.8440 [Dec] +69 02 01.1677 [FIL] GG495 [EXPTIME] 60.0 [Date] 2022-02-28T21:26:19 [Time] 21:26:19
250/252 LP_35-347-20220228@212735-Eden.fts [TYPE] LIGHT [OBJ] LP_35-347 [RA] 08 25 52.8440 [Dec] +69 02 01.1677 [FIL] GG495 [EXPTIME] 60.0 [Date] 2022-02-28T21:27:35 [Time] 21:27:35
251/252 LP_35-347-20220228@212851-Eden.fts [TYPE] LIGHT [OBJ] LP_35-347 [RA] 08 25 52.8440 [Dec] +69 02 01.1677 [FIL] GG495 [EXPTIME] 60.0 [Date] 2022-02-28T21:28:51 [Time] 21:28:51
252/252 LP_35-347-20220228@213007-Eden.fts [TYPE] LIGHT [OBJ] LP_35-347 [RA] 08 25 52.8440 [Dec] +69 02 01.1677 [FIL] GG495 [EXPTIME] 60.0 [Date] 2022-02-28T21:30:07 [Time] 21:30:07
... write log file to LOT20220228_2MASS_J14280419+1356137_mod.log ...
... finish ...
