-----------------
input parameters
-----------------
['modify_header_eden.py', 'LOT20200326-2MUCD11188', '15']
Your will modify header for: 2MUCD11188 [RA] 14 03 22.2917 [Dec] +30 07 54.6373 [Filter] GG495
---------------
folder: LOT20200326-2MUCD11188
will update fits in: LOT20200326-2MUCD11188_mod
 ---------------------------
 Exame Fits Header for Bias
 ---------------------------
find ./LOT20200326-2MUCD11188/bias-dark/ | grep 'fits\|fts'|sort 
found 80 Bias/Dark
1/80 Bias-20200326@220042-000S.fts [TYPE] BIAS [EXPTIME] 0.0
2/80 Bias-20200326@220052-000S.fts [TYPE] BIAS [EXPTIME] 0.0
3/80 Bias-20200326@220058-000S.fts [TYPE] BIAS [EXPTIME] 0.0
4/80 Bias-20200326@220107-000S.fts [TYPE] BIAS [EXPTIME] 0.0
5/80 Bias-20200326@220113-000S.fts [TYPE] BIAS [EXPTIME] 0.0
6/80 Bias-20200326@220120-000S.fts [TYPE] BIAS [EXPTIME] 0.0
7/80 Bias-20200326@220127-000S.fts [TYPE] BIAS [EXPTIME] 0.0
8/80 Bias-20200326@220134-000S.fts [TYPE] BIAS [EXPTIME] 0.0
9/80 Bias-20200326@220142-000S.fts [TYPE] BIAS [EXPTIME] 0.0
10/80 Bias-20200326@220150-000S.fts [TYPE] BIAS [EXPTIME] 0.0
11/80 Dark-20200326@220158-005S.fts [TYPE] DARK [EXPTIME] 5.0
12/80 Dark-20200326@220209-005S.fts [TYPE] DARK [EXPTIME] 5.0
13/80 Dark-20200326@220221-005S.fts [TYPE] DARK [EXPTIME] 5.0
14/80 Dark-20200326@220233-005S.fts [TYPE] DARK [EXPTIME] 5.0
15/80 Dark-20200326@220244-005S.fts [TYPE] DARK [EXPTIME] 5.0
16/80 Dark-20200326@220256-005S.fts [TYPE] DARK [EXPTIME] 5.0
17/80 Dark-20200326@220308-005S.fts [TYPE] DARK [EXPTIME] 5.0
18/80 Dark-20200326@220320-005S.fts [TYPE] DARK [EXPTIME] 5.0
19/80 Dark-20200326@220332-005S.fts [TYPE] DARK [EXPTIME] 5.0
20/80 Dark-20200326@220344-005S.fts [TYPE] DARK [EXPTIME] 5.0
21/80 Dark-20200326@220357-010S.fts [TYPE] DARK [EXPTIME] 10.0
22/80 Dark-20200326@220413-010S.fts [TYPE] DARK [EXPTIME] 10.0
23/80 Dark-20200326@220430-010S.fts [TYPE] DARK [EXPTIME] 10.0
24/80 Dark-20200326@220447-010S.fts [TYPE] DARK [EXPTIME] 10.0
25/80 Dark-20200326@220504-010S.fts [TYPE] DARK [EXPTIME] 10.0
26/80 Dark-20200326@220521-010S.fts [TYPE] DARK [EXPTIME] 10.0
27/80 Dark-20200326@220538-010S.fts [TYPE] DARK [EXPTIME] 10.0
28/80 Dark-20200326@220555-010S.fts [TYPE] DARK [EXPTIME] 10.0
29/80 Dark-20200326@220612-010S.fts [TYPE] DARK [EXPTIME] 10.0
30/80 Dark-20200326@220628-010S.fts [TYPE] DARK [EXPTIME] 10.0
31/80 Dark-20200326@220647-020S.fts [TYPE] DARK [EXPTIME] 20.0
32/80 Dark-20200326@220714-020S.fts [TYPE] DARK [EXPTIME] 20.0
33/80 Dark-20200326@220740-020S.fts [TYPE] DARK [EXPTIME] 20.0
34/80 Dark-20200326@220808-020S.fts [TYPE] DARK [EXPTIME] 20.0
35/80 Dark-20200326@220835-020S.fts [TYPE] DARK [EXPTIME] 20.0
36/80 Dark-20200326@220901-020S.fts [TYPE] DARK [EXPTIME] 20.0
37/80 Dark-20200326@220927-020S.fts [TYPE] DARK [EXPTIME] 20.0
38/80 Dark-20200326@220954-020S.fts [TYPE] DARK [EXPTIME] 20.0
39/80 Dark-20200326@221021-020S.fts [TYPE] DARK [EXPTIME] 20.0
40/80 Dark-20200326@221048-020S.fts [TYPE] DARK [EXPTIME] 20.0
41/80 Dark-20200326@221117-030S.fts [TYPE] DARK [EXPTIME] 30.0
42/80 Dark-20200326@221153-030S.fts [TYPE] DARK [EXPTIME] 30.0
43/80 Dark-20200326@221230-030S.fts [TYPE] DARK [EXPTIME] 30.0
44/80 Dark-20200326@221308-030S.fts [TYPE] DARK [EXPTIME] 30.0
45/80 Dark-20200326@221344-030S.fts [TYPE] DARK [EXPTIME] 30.0
46/80 Dark-20200326@221422-030S.fts [TYPE] DARK [EXPTIME] 30.0
47/80 Dark-20200326@221458-030S.fts [TYPE] DARK [EXPTIME] 30.0
48/80 Dark-20200326@221536-030S.fts [TYPE] DARK [EXPTIME] 30.0
49/80 Dark-20200326@221613-030S.fts [TYPE] DARK [EXPTIME] 30.0
50/80 Dark-20200326@221649-030S.fts [TYPE] DARK [EXPTIME] 30.0
51/80 Dark-20200326@221727-060S.fts [TYPE] DARK [EXPTIME] 60.0
52/80 Dark-20200326@221834-060S.fts [TYPE] DARK [EXPTIME] 60.0
53/80 Dark-20200326@221942-060S.fts [TYPE] DARK [EXPTIME] 60.0
54/80 Dark-20200326@222048-060S.fts [TYPE] DARK [EXPTIME] 60.0
55/80 Dark-20200326@222156-060S.fts [TYPE] DARK [EXPTIME] 60.0
56/80 Dark-20200326@222304-060S.fts [TYPE] DARK [EXPTIME] 60.0
57/80 Dark-20200326@222410-060S.fts [TYPE] DARK [EXPTIME] 60.0
58/80 Dark-20200326@222517-060S.fts [TYPE] DARK [EXPTIME] 60.0
59/80 Dark-20200326@222624-060S.fts [TYPE] DARK [EXPTIME] 60.0
60/80 Dark-20200326@222731-060S.fts [TYPE] DARK [EXPTIME] 60.0
61/80 Dark-20200326@222838-120S.fts [TYPE] DARK [EXPTIME] 120.0
62/80 Dark-20200326@223045-120S.fts [TYPE] DARK [EXPTIME] 120.0
63/80 Dark-20200326@223251-120S.fts [TYPE] DARK [EXPTIME] 120.0
64/80 Dark-20200326@223458-120S.fts [TYPE] DARK [EXPTIME] 120.0
65/80 Dark-20200326@223705-120S.fts [TYPE] DARK [EXPTIME] 120.0
66/80 Dark-20200326@223912-120S.fts [TYPE] DARK [EXPTIME] 120.0
67/80 Dark-20200326@224118-120S.fts [TYPE] DARK [EXPTIME] 120.0
68/80 Dark-20200326@224325-120S.fts [TYPE] DARK [EXPTIME] 120.0
69/80 Dark-20200326@224533-120S.fts [TYPE] DARK [EXPTIME] 120.0
70/80 Dark-20200326@224740-120S.fts [TYPE] DARK [EXPTIME] 120.0
71/80 Dark-20200326@224947-240S.fts [TYPE] DARK [EXPTIME] 240.0
72/80 Dark-20200326@225354-240S.fts [TYPE] DARK [EXPTIME] 240.0
73/80 Dark-20200326@225801-240S.fts [TYPE] DARK [EXPTIME] 240.0
74/80 Dark-20200326@230207-240S.fts [TYPE] DARK [EXPTIME] 240.0
75/80 Dark-20200326@230614-240S.fts [TYPE] DARK [EXPTIME] 240.0
76/80 Dark-20200326@231021-240S.fts [TYPE] DARK [EXPTIME] 240.0
77/80 Dark-20200326@231427-240S.fts [TYPE] DARK [EXPTIME] 240.0
78/80 Dark-20200326@231834-240S.fts [TYPE] DARK [EXPTIME] 240.0
79/80 Dark-20200326@232240-240S.fts [TYPE] DARK [EXPTIME] 240.0
80/80 Dark-20200326@232648-240S.fts [TYPE] DARK [EXPTIME] 240.0
 ---------------------------
 Exame Fits Header for Flat
 ---------------------------
find ./LOT20200326-2MUCD11188/ | grep flat/ |grep eden| grep -E 'fits|fts'|sort -t'-' -k2.4,2.6 
found 7 Flat
1/7 20200326_flat-001eden.fits [TYPE] FLAT [EXPTIME] 30.0 [FIL] GG495
2/7 20200326_flat-002eden.fits [TYPE] FLAT [EXPTIME] 30.0 [FIL] GG495
3/7 20200326_flat-003eden.fits [TYPE] FLAT [EXPTIME] 20.0 [FIL] GG495
4/7 20200326_flat-004eden.fits [TYPE] FLAT [EXPTIME] 20.0 [FIL] GG495
5/7 20200326_flat-005eden.fits [TYPE] FLAT [EXPTIME] 20.0 [FIL] GG495
6/7 20200326_flat-006eden.fits [TYPE] FLAT [EXPTIME] 20.0 [FIL] GG495
7/7 20200326_flat-007eden.fits [TYPE] FLAT [EXPTIME] 10.0 [FIL] GG495
 ---------------------------
 Update Fits Header for Science Target
 ---------------------------
find ./LOT20200326-2MUCD11188/wchen/ | cut -d / -f1-4| grep 'fits\|fts'  |sort -t'@' -k2
found 143 Target

... update header ...
1/143 2MUCD11188-20200326@130750-Eden.fts [TYPE] LIGHT [OBJ] 2MUCD11188 [RA] 14 03 22.2917 [Dec] +30 07 54.6373 [FIL] GG495 [EXPTIME] 60.0 [Date] 2020-03-26T13:08:03 [Time] 13:08:03
2/143 2MUCD11188-20200326@131418-Eden.fts [TYPE] LIGHT [OBJ] 2MUCD11188 [RA] 14 03 22.2917 [Dec] +30 07 54.6373 [FIL] GG495 [EXPTIME] 60.0 [Date] 2020-03-26T13:14:30 [Time] 13:14:30
3/143 2MUCD11188-20200326@131544-Eden.fts [TYPE] LIGHT [OBJ] 2MUCD11188 [RA] 14 03 22.2917 [Dec] +30 07 54.6373 [FIL] GG495 [EXPTIME] 60.0 [Date] 2020-03-26T13:15:45 [Time] 13:15:45
4/143 2MUCD11188-20200326@131658-Eden.fts [TYPE] LIGHT [OBJ] 2MUCD11188 [RA] 14 03 22.2917 [Dec] +30 07 54.6373 [FIL] GG495 [EXPTIME] 60.0 [Date] 2020-03-26T13:16:59 [Time] 13:16:59
5/143 2MUCD11188-20200326@131813-Eden.fts [TYPE] LIGHT [OBJ] 2MUCD11188 [RA] 14 03 22.2917 [Dec] +30 07 54.6373 [FIL] GG495 [EXPTIME] 60.0 [Date] 2020-03-26T13:18:13 [Time] 13:18:13
6/143 2MUCD11188-20200326@131927-Eden.fts [TYPE] LIGHT [OBJ] 2MUCD11188 [RA] 14 03 22.2917 [Dec] +30 07 54.6373 [FIL] GG495 [EXPTIME] 60.0 [Date] 2020-03-26T13:19:27 [Time] 13:19:27
7/143 2MUCD11188-20200326@132042-Eden.fts [TYPE] LIGHT [OBJ] 2MUCD11188 [RA] 14 03 22.2917 [Dec] +30 07 54.6373 [FIL] GG495 [EXPTIME] 60.0 [Date] 2020-03-26T13:20:43 [Time] 13:20:43
8/143 2MUCD11188-20200326@132157-Eden.fts [TYPE] LIGHT [OBJ] 2MUCD11188 [RA] 14 03 22.2917 [Dec] +30 07 54.6373 [FIL] GG495 [EXPTIME] 60.0 [Date] 2020-03-26T13:21:58 [Time] 13:21:58
9/143 2MUCD11188-20200326@132313-Eden.fts [TYPE] LIGHT [OBJ] 2MUCD11188 [RA] 14 03 22.2917 [Dec] +30 07 54.6373 [FIL] GG495 [EXPTIME] 60.0 [Date] 2020-03-26T13:23:14 [Time] 13:23:14
10/143 2MUCD11188-20200326@132427-Eden.fts [TYPE] LIGHT [OBJ] 2MUCD11188 [RA] 14 03 22.2917 [Dec] +30 07 54.6373 [FIL] GG495 [EXPTIME] 60.0 [Date] 2020-03-26T13:24:27 [Time] 13:24:27
11/143 2MUCD11188-20200326@132542-Eden.fts [TYPE] LIGHT [OBJ] 2MUCD11188 [RA] 14 03 22.2917 [Dec] +30 07 54.6373 [FIL] GG495 [EXPTIME] 60.0 [Date] 2020-03-26T13:25:43 [Time] 13:25:43
12/143 2MUCD11188-20200326@132658-Eden.fts [TYPE] LIGHT [OBJ] 2MUCD11188 [RA] 14 03 22.2917 [Dec] +30 07 54.6373 [FIL] GG495 [EXPTIME] 60.0 [Date] 2020-03-26T13:26:59 [Time] 13:26:59
13/143 2MUCD11188-20200326@132813-Eden.fts [TYPE] LIGHT [OBJ] 2MUCD11188 [RA] 14 03 22.2917 [Dec] +30 07 54.6373 [FIL] GG495 [EXPTIME] 60.0 [Date] 2020-03-26T13:28:13 [Time] 13:28:13
14/143 2MUCD11188-20200326@132928-Eden.fts [TYPE] LIGHT [OBJ] 2MUCD11188 [RA] 14 03 22.2917 [Dec] +30 07 54.6373 [FIL] GG495 [EXPTIME] 60.0 [Date] 2020-03-26T13:29:29 [Time] 13:29:29
15/143 2MUCD11188-20200326@133043-Eden.fts [TYPE] LIGHT [OBJ] 2MUCD11188 [RA] 14 03 22.2917 [Dec] +30 07 54.6373 [FIL] GG495 [EXPTIME] 60.0 [Date] 2020-03-26T13:30:43 [Time] 13:30:43
16/143 2MUCD11188-20200326@133159-Eden.fts [TYPE] LIGHT [OBJ] 2MUCD11188 [RA] 14 03 22.2917 [Dec] +30 07 54.6373 [FIL] GG495 [EXPTIME] 60.0 [Date] 2020-03-26T13:31:59 [Time] 13:31:59
17/143 2MUCD11188-20200326@133313-Eden.fts [TYPE] LIGHT [OBJ] 2MUCD11188 [RA] 14 03 22.2917 [Dec] +30 07 54.6373 [FIL] GG495 [EXPTIME] 60.0 [Date] 2020-03-26T13:33:13 [Time] 13:33:13
18/143 2MUCD11188-20200326@133428-Eden.fts [TYPE] LIGHT [OBJ] 2MUCD11188 [RA] 14 03 22.2917 [Dec] +30 07 54.6373 [FIL] GG495 [EXPTIME] 60.0 [Date] 2020-03-26T13:34:29 [Time] 13:34:29
19/143 2MUCD11188-20200326@133542-Eden.fts [TYPE] LIGHT [OBJ] 2MUCD11188 [RA] 14 03 22.2917 [Dec] +30 07 54.6373 [FIL] GG495 [EXPTIME] 60.0 [Date] 2020-03-26T13:35:42 [Time] 13:35:42
20/143 2MUCD11188-20200326@133657-Eden.fts [TYPE] LIGHT [OBJ] 2MUCD11188 [RA] 14 03 22.2917 [Dec] +30 07 54.6373 [FIL] GG495 [EXPTIME] 60.0 [Date] 2020-03-26T13:36:58 [Time] 13:36:58
21/143 2MUCD11188-20200326@133812-Eden.fts [TYPE] LIGHT [OBJ] 2MUCD11188 [RA] 14 03 22.2917 [Dec] +30 07 54.6373 [FIL] GG495 [EXPTIME] 60.0 [Date] 2020-03-26T13:38:12 [Time] 13:38:12
22/143 2MUCD11188-20200326@133926-Eden.fts [TYPE] LIGHT [OBJ] 2MUCD11188 [RA] 14 03 22.2917 [Dec] +30 07 54.6373 [FIL] GG495 [EXPTIME] 60.0 [Date] 2020-03-26T13:39:26 [Time] 13:39:26
23/143 2MUCD11188-20200326@134041-Eden.fts [TYPE] LIGHT [OBJ] 2MUCD11188 [RA] 14 03 22.2917 [Dec] +30 07 54.6373 [FIL] GG495 [EXPTIME] 60.0 [Date] 2020-03-26T13:40:41 [Time] 13:40:41
24/143 2MUCD11188-20200326@134156-Eden.fts [TYPE] LIGHT [OBJ] 2MUCD11188 [RA] 14 03 22.2917 [Dec] +30 07 54.6373 [FIL] GG495 [EXPTIME] 60.0 [Date] 2020-03-26T13:41:56 [Time] 13:41:56
25/143 2MUCD11188-20200326@134312-Eden.fts [TYPE] LIGHT [OBJ] 2MUCD11188 [RA] 14 03 22.2917 [Dec] +30 07 54.6373 [FIL] GG495 [EXPTIME] 60.0 [Date] 2020-03-26T13:43:12 [Time] 13:43:12
26/143 2MUCD11188-20200326@134426-Eden.fts [TYPE] LIGHT [OBJ] 2MUCD11188 [RA] 14 03 22.2917 [Dec] +30 07 54.6373 [FIL] GG495 [EXPTIME] 60.0 [Date] 2020-03-26T13:44:27 [Time] 13:44:27
27/143 2MUCD11188-20200326@134541-Eden.fts [TYPE] LIGHT [OBJ] 2MUCD11188 [RA] 14 03 22.2917 [Dec] +30 07 54.6373 [FIL] GG495 [EXPTIME] 60.0 [Date] 2020-03-26T13:45:41 [Time] 13:45:41
28/143 2MUCD11188-20200326@134657-Eden.fts [TYPE] LIGHT [OBJ] 2MUCD11188 [RA] 14 03 22.2917 [Dec] +30 07 54.6373 [FIL] GG495 [EXPTIME] 60.0 [Date] 2020-03-26T13:46:57 [Time] 13:46:57
29/143 2MUCD11188-20200326@134811-Eden.fts [TYPE] LIGHT [OBJ] 2MUCD11188 [RA] 14 03 22.2917 [Dec] +30 07 54.6373 [FIL] GG495 [EXPTIME] 60.0 [Date] 2020-03-26T13:48:11 [Time] 13:48:11
30/143 2MUCD11188-20200326@134925-Eden.fts [TYPE] LIGHT [OBJ] 2MUCD11188 [RA] 14 03 22.2917 [Dec] +30 07 54.6373 [FIL] GG495 [EXPTIME] 60.0 [Date] 2020-03-26T13:49:25 [Time] 13:49:25
31/143 2MUCD11188-20200326@135041-Eden.fts [TYPE] LIGHT [OBJ] 2MUCD11188 [RA] 14 03 22.2917 [Dec] +30 07 54.6373 [FIL] GG495 [EXPTIME] 60.0 [Date] 2020-03-26T13:50:42 [Time] 13:50:42
32/143 2MUCD11188-20200326@135156-Eden.fts [TYPE] LIGHT [OBJ] 2MUCD11188 [RA] 14 03 22.2917 [Dec] +30 07 54.6373 [FIL] GG495 [EXPTIME] 60.0 [Date] 2020-03-26T13:51:56 [Time] 13:51:56
33/143 2MUCD11188-20200326@135311-Eden.fts [TYPE] LIGHT [OBJ] 2MUCD11188 [RA] 14 03 22.2917 [Dec] +30 07 54.6373 [FIL] GG495 [EXPTIME] 60.0 [Date] 2020-03-26T13:53:11 [Time] 13:53:11
34/143 2MUCD11188-20200326@135425-Eden.fts [TYPE] LIGHT [OBJ] 2MUCD11188 [RA] 14 03 22.2917 [Dec] +30 07 54.6373 [FIL] GG495 [EXPTIME] 60.0 [Date] 2020-03-26T13:54:25 [Time] 13:54:25
35/143 2MUCD11188-20200326@135553-Eden.fts [TYPE] LIGHT [OBJ] 2MUCD11188 [RA] 14 03 22.2917 [Dec] +30 07 54.6373 [FIL] GG495 [EXPTIME] 60.0 [Date] 2020-03-26T13:55:54 [Time] 13:55:54
36/143 2MUCD11188-20200326@135725-Eden.fts [TYPE] LIGHT [OBJ] 2MUCD11188 [RA] 14 03 22.2917 [Dec] +30 07 54.6373 [FIL] GG495 [EXPTIME] 60.0 [Date] 2020-03-26T13:57:25 [Time] 13:57:25
37/143 2MUCD11188-20200326@135840-Eden.fts [TYPE] LIGHT [OBJ] 2MUCD11188 [RA] 14 03 22.2917 [Dec] +30 07 54.6373 [FIL] GG495 [EXPTIME] 60.0 [Date] 2020-03-26T13:58:40 [Time] 13:58:40
38/143 2MUCD11188-20200326@135954-Eden.fts [TYPE] LIGHT [OBJ] 2MUCD11188 [RA] 14 03 22.2917 [Dec] +30 07 54.6373 [FIL] GG495 [EXPTIME] 60.0 [Date] 2020-03-26T13:59:54 [Time] 13:59:54
39/143 2MUCD11188-20200326@140110-Eden.fts [TYPE] LIGHT [OBJ] 2MUCD11188 [RA] 14 03 22.2917 [Dec] +30 07 54.6373 [FIL] GG495 [EXPTIME] 60.0 [Date] 2020-03-26T14:01:10 [Time] 14:01:10
40/143 2MUCD11188-20200326@140225-Eden.fts [TYPE] LIGHT [OBJ] 2MUCD11188 [RA] 14 03 22.2917 [Dec] +30 07 54.6373 [FIL] GG495 [EXPTIME] 60.0 [Date] 2020-03-26T14:02:26 [Time] 14:02:26
41/143 2MUCD11188-20200326@140340-Eden.fts [TYPE] LIGHT [OBJ] 2MUCD11188 [RA] 14 03 22.2917 [Dec] +30 07 54.6373 [FIL] GG495 [EXPTIME] 60.0 [Date] 2020-03-26T14:03:40 [Time] 14:03:40
42/143 2MUCD11188-20200326@140452-Eden.fts [TYPE] LIGHT [OBJ] 2MUCD11188 [RA] 14 03 22.2917 [Dec] +30 07 54.6373 [FIL] GG495 [EXPTIME] 60.0 [Date] 2020-03-26T14:04:53 [Time] 14:04:53
43/143 2MUCD11188-20200326@140605-Eden.fts [TYPE] LIGHT [OBJ] 2MUCD11188 [RA] 14 03 22.2917 [Dec] +30 07 54.6373 [FIL] GG495 [EXPTIME] 60.0 [Date] 2020-03-26T14:06:05 [Time] 14:06:05
44/143 2MUCD11188-20200326@140720-Eden.fts [TYPE] LIGHT [OBJ] 2MUCD11188 [RA] 14 03 22.2917 [Dec] +30 07 54.6373 [FIL] GG495 [EXPTIME] 60.0 [Date] 2020-03-26T14:07:21 [Time] 14:07:21
45/143 2MUCD11188-20200326@140835-Eden.fts [TYPE] LIGHT [OBJ] 2MUCD11188 [RA] 14 03 22.2917 [Dec] +30 07 54.6373 [FIL] GG495 [EXPTIME] 60.0 [Date] 2020-03-26T14:08:36 [Time] 14:08:36
46/143 2MUCD11188-20200326@140951-Eden.fts [TYPE] LIGHT [OBJ] 2MUCD11188 [RA] 14 03 22.2917 [Dec] +30 07 54.6373 [FIL] GG495 [EXPTIME] 60.0 [Date] 2020-03-26T14:09:51 [Time] 14:09:51
47/143 2MUCD11188-20200326@141105-Eden.fts [TYPE] LIGHT [OBJ] 2MUCD11188 [RA] 14 03 22.2917 [Dec] +30 07 54.6373 [FIL] GG495 [EXPTIME] 60.0 [Date] 2020-03-26T14:11:05 [Time] 14:11:05
48/143 2MUCD11188-20200326@141219-Eden.fts [TYPE] LIGHT [OBJ] 2MUCD11188 [RA] 14 03 22.2917 [Dec] +30 07 54.6373 [FIL] GG495 [EXPTIME] 60.0 [Date] 2020-03-26T14:12:20 [Time] 14:12:20
49/143 2MUCD11188-20200326@141334-Eden.fts [TYPE] LIGHT [OBJ] 2MUCD11188 [RA] 14 03 22.2917 [Dec] +30 07 54.6373 [FIL] GG495 [EXPTIME] 60.0 [Date] 2020-03-26T14:13:34 [Time] 14:13:34
50/143 2MUCD11188-20200326@153358-Eden.fts [TYPE] LIGHT [OBJ] 2MUCD11188 [RA] 14 03 22.2917 [Dec] +30 07 54.6373 [FIL] GG495 [EXPTIME] 60.0 [Date] 2020-03-26T15:34:11 [Time] 15:34:11
51/143 2MUCD11188-20200326@153526-Eden.fts [TYPE] LIGHT [OBJ] 2MUCD11188 [RA] 14 03 22.2917 [Dec] +30 07 54.6373 [FIL] GG495 [EXPTIME] 60.0 [Date] 2020-03-26T15:35:26 [Time] 15:35:26
52/143 2MUCD11188-20200326@153641-Eden.fts [TYPE] LIGHT [OBJ] 2MUCD11188 [RA] 14 03 22.2917 [Dec] +30 07 54.6373 [FIL] GG495 [EXPTIME] 60.0 [Date] 2020-03-26T15:36:41 [Time] 15:36:41
53/143 2MUCD11188-20200326@153755-Eden.fts [TYPE] LIGHT [OBJ] 2MUCD11188 [RA] 14 03 22.2917 [Dec] +30 07 54.6373 [FIL] GG495 [EXPTIME] 60.0 [Date] 2020-03-26T15:37:55 [Time] 15:37:55
54/143 2MUCD11188-20200326@153909-Eden.fts [TYPE] LIGHT [OBJ] 2MUCD11188 [RA] 14 03 22.2917 [Dec] +30 07 54.6373 [FIL] GG495 [EXPTIME] 60.0 [Date] 2020-03-26T15:39:09 [Time] 15:39:09
55/143 2MUCD11188-20200326@154023-Eden.fts [TYPE] LIGHT [OBJ] 2MUCD11188 [RA] 14 03 22.2917 [Dec] +30 07 54.6373 [FIL] GG495 [EXPTIME] 60.0 [Date] 2020-03-26T15:40:24 [Time] 15:40:24
56/143 2MUCD11188-20200326@154138-Eden.fts [TYPE] LIGHT [OBJ] 2MUCD11188 [RA] 14 03 22.2917 [Dec] +30 07 54.6373 [FIL] GG495 [EXPTIME] 60.0 [Date] 2020-03-26T15:41:38 [Time] 15:41:38
57/143 2MUCD11188-20200326@154254-Eden.fts [TYPE] LIGHT [OBJ] 2MUCD11188 [RA] 14 03 22.2917 [Dec] +30 07 54.6373 [FIL] GG495 [EXPTIME] 60.0 [Date] 2020-03-26T15:42:54 [Time] 15:42:54
58/143 2MUCD11188-20200326@154409-Eden.fts [TYPE] LIGHT [OBJ] 2MUCD11188 [RA] 14 03 22.2917 [Dec] +30 07 54.6373 [FIL] GG495 [EXPTIME] 60.0 [Date] 2020-03-26T15:44:09 [Time] 15:44:09
59/143 2MUCD11188-20200326@154525-Eden.fts [TYPE] LIGHT [OBJ] 2MUCD11188 [RA] 14 03 22.2917 [Dec] +30 07 54.6373 [FIL] GG495 [EXPTIME] 60.0 [Date] 2020-03-26T15:45:25 [Time] 15:45:25
60/143 2MUCD11188-20200326@154639-Eden.fts [TYPE] LIGHT [OBJ] 2MUCD11188 [RA] 14 03 22.2917 [Dec] +30 07 54.6373 [FIL] GG495 [EXPTIME] 60.0 [Date] 2020-03-26T15:46:39 [Time] 15:46:39
61/143 2MUCD11188-20200326@154753-Eden.fts [TYPE] LIGHT [OBJ] 2MUCD11188 [RA] 14 03 22.2917 [Dec] +30 07 54.6373 [FIL] GG495 [EXPTIME] 60.0 [Date] 2020-03-26T15:47:54 [Time] 15:47:54
62/143 2MUCD11188-20200326@154907-Eden.fts [TYPE] LIGHT [OBJ] 2MUCD11188 [RA] 14 03 22.2917 [Dec] +30 07 54.6373 [FIL] GG495 [EXPTIME] 60.0 [Date] 2020-03-26T15:49:08 [Time] 15:49:08
63/143 2MUCD11188-20200326@155022-Eden.fts [TYPE] LIGHT [OBJ] 2MUCD11188 [RA] 14 03 22.2917 [Dec] +30 07 54.6373 [FIL] GG495 [EXPTIME] 60.0 [Date] 2020-03-26T15:50:22 [Time] 15:50:22
64/143 2MUCD11188-20200326@155136-Eden.fts [TYPE] LIGHT [OBJ] 2MUCD11188 [RA] 14 03 22.2917 [Dec] +30 07 54.6373 [FIL] GG495 [EXPTIME] 60.0 [Date] 2020-03-26T15:51:36 [Time] 15:51:36
65/143 2MUCD11188-20200326@155251-Eden.fts [TYPE] LIGHT [OBJ] 2MUCD11188 [RA] 14 03 22.2917 [Dec] +30 07 54.6373 [FIL] GG495 [EXPTIME] 60.0 [Date] 2020-03-26T15:52:52 [Time] 15:52:52
66/143 2MUCD11188-20200326@155406-Eden.fts [TYPE] LIGHT [OBJ] 2MUCD11188 [RA] 14 03 22.2917 [Dec] +30 07 54.6373 [FIL] GG495 [EXPTIME] 60.0 [Date] 2020-03-26T15:54:06 [Time] 15:54:06
67/143 2MUCD11188-20200326@155520-Eden.fts [TYPE] LIGHT [OBJ] 2MUCD11188 [RA] 14 03 22.2917 [Dec] +30 07 54.6373 [FIL] GG495 [EXPTIME] 60.0 [Date] 2020-03-26T15:55:20 [Time] 15:55:20
68/143 2MUCD11188-20200326@155634-Eden.fts [TYPE] LIGHT [OBJ] 2MUCD11188 [RA] 14 03 22.2917 [Dec] +30 07 54.6373 [FIL] GG495 [EXPTIME] 60.0 [Date] 2020-03-26T15:56:35 [Time] 15:56:35
69/143 2MUCD11188-20200326@155750-Eden.fts [TYPE] LIGHT [OBJ] 2MUCD11188 [RA] 14 03 22.2917 [Dec] +30 07 54.6373 [FIL] GG495 [EXPTIME] 60.0 [Date] 2020-03-26T15:57:50 [Time] 15:57:50
70/143 2MUCD11188-20200326@155905-Eden.fts [TYPE] LIGHT [OBJ] 2MUCD11188 [RA] 14 03 22.2917 [Dec] +30 07 54.6373 [FIL] GG495 [EXPTIME] 60.0 [Date] 2020-03-26T15:59:05 [Time] 15:59:05
71/143 2MUCD11188-20200326@160019-Eden.fts [TYPE] LIGHT [OBJ] 2MUCD11188 [RA] 14 03 22.2917 [Dec] +30 07 54.6373 [FIL] GG495 [EXPTIME] 60.0 [Date] 2020-03-26T16:00:20 [Time] 16:00:20
72/143 2MUCD11188-20200326@160134-Eden.fts [TYPE] LIGHT [OBJ] 2MUCD11188 [RA] 14 03 22.2917 [Dec] +30 07 54.6373 [FIL] GG495 [EXPTIME] 60.0 [Date] 2020-03-26T16:01:34 [Time] 16:01:34
73/143 2MUCD11188-20200326@193939-Eden.fts [TYPE] LIGHT [OBJ] 2MUCD11188 [RA] 14 03 22.2917 [Dec] +30 07 54.6373 [FIL] GG495 [EXPTIME] 60.0 [Date] 2020-03-26T19:39:53 [Time] 19:39:53
74/143 2MUCD11188-20200326@194107-Eden.fts [TYPE] LIGHT [OBJ] 2MUCD11188 [RA] 14 03 22.2917 [Dec] +30 07 54.6373 [FIL] GG495 [EXPTIME] 60.0 [Date] 2020-03-26T19:41:07 [Time] 19:41:07
75/143 2MUCD11188-20200326@194222-Eden.fts [TYPE] LIGHT [OBJ] 2MUCD11188 [RA] 14 03 22.2917 [Dec] +30 07 54.6373 [FIL] GG495 [EXPTIME] 60.0 [Date] 2020-03-26T19:42:23 [Time] 19:42:23
76/143 2MUCD11188-20200326@194338-Eden.fts [TYPE] LIGHT [OBJ] 2MUCD11188 [RA] 14 03 22.2917 [Dec] +30 07 54.6373 [FIL] GG495 [EXPTIME] 60.0 [Date] 2020-03-26T19:43:38 [Time] 19:43:38
77/143 2MUCD11188-20200326@194452-Eden.fts [TYPE] LIGHT [OBJ] 2MUCD11188 [RA] 14 03 22.2917 [Dec] +30 07 54.6373 [FIL] GG495 [EXPTIME] 60.0 [Date] 2020-03-26T19:44:53 [Time] 19:44:53
78/143 2MUCD11188-20200326@194607-Eden.fts [TYPE] LIGHT [OBJ] 2MUCD11188 [RA] 14 03 22.2917 [Dec] +30 07 54.6373 [FIL] GG495 [EXPTIME] 60.0 [Date] 2020-03-26T19:46:07 [Time] 19:46:07
79/143 2MUCD11188-20200326@194721-Eden.fts [TYPE] LIGHT [OBJ] 2MUCD11188 [RA] 14 03 22.2917 [Dec] +30 07 54.6373 [FIL] GG495 [EXPTIME] 60.0 [Date] 2020-03-26T19:47:22 [Time] 19:47:22
80/143 2MUCD11188-20200326@194835-Eden.fts [TYPE] LIGHT [OBJ] 2MUCD11188 [RA] 14 03 22.2917 [Dec] +30 07 54.6373 [FIL] GG495 [EXPTIME] 60.0 [Date] 2020-03-26T19:48:36 [Time] 19:48:36
81/143 2MUCD11188-20200326@194950-Eden.fts [TYPE] LIGHT [OBJ] 2MUCD11188 [RA] 14 03 22.2917 [Dec] +30 07 54.6373 [FIL] GG495 [EXPTIME] 60.0 [Date] 2020-03-26T19:49:50 [Time] 19:49:50
82/143 2MUCD11188-20200326@195103-Eden.fts [TYPE] LIGHT [OBJ] 2MUCD11188 [RA] 14 03 22.2917 [Dec] +30 07 54.6373 [FIL] GG495 [EXPTIME] 60.0 [Date] 2020-03-26T19:51:04 [Time] 19:51:04
83/143 2MUCD11188-20200326@195501-Eden.fts [TYPE] LIGHT [OBJ] 2MUCD11188 [RA] 14 03 22.2917 [Dec] +30 07 54.6373 [FIL] GG495 [EXPTIME] 60.0 [Date] 2020-03-26T19:55:14 [Time] 19:55:14
84/143 2MUCD11188-20200326@195627-Eden.fts [TYPE] LIGHT [OBJ] 2MUCD11188 [RA] 14 03 22.2917 [Dec] +30 07 54.6373 [FIL] GG495 [EXPTIME] 60.0 [Date] 2020-03-26T19:56:28 [Time] 19:56:28
85/143 2MUCD11188-20200326@195742-Eden.fts [TYPE] LIGHT [OBJ] 2MUCD11188 [RA] 14 03 22.2917 [Dec] +30 07 54.6373 [FIL] GG495 [EXPTIME] 60.0 [Date] 2020-03-26T19:57:43 [Time] 19:57:43
86/143 2MUCD11188-20200326@195856-Eden.fts [TYPE] LIGHT [OBJ] 2MUCD11188 [RA] 14 03 22.2917 [Dec] +30 07 54.6373 [FIL] GG495 [EXPTIME] 60.0 [Date] 2020-03-26T19:58:57 [Time] 19:58:57
87/143 2MUCD11188-20200326@200011-Eden.fts [TYPE] LIGHT [OBJ] 2MUCD11188 [RA] 14 03 22.2917 [Dec] +30 07 54.6373 [FIL] GG495 [EXPTIME] 60.0 [Date] 2020-03-26T20:00:11 [Time] 20:00:11
88/143 2MUCD11188-20200326@200124-Eden.fts [TYPE] LIGHT [OBJ] 2MUCD11188 [RA] 14 03 22.2917 [Dec] +30 07 54.6373 [FIL] GG495 [EXPTIME] 60.0 [Date] 2020-03-26T20:01:25 [Time] 20:01:25
89/143 2MUCD11188-20200326@200239-Eden.fts [TYPE] LIGHT [OBJ] 2MUCD11188 [RA] 14 03 22.2917 [Dec] +30 07 54.6373 [FIL] GG495 [EXPTIME] 60.0 [Date] 2020-03-26T20:02:40 [Time] 20:02:40
90/143 2MUCD11188-20200326@200354-Eden.fts [TYPE] LIGHT [OBJ] 2MUCD11188 [RA] 14 03 22.2917 [Dec] +30 07 54.6373 [FIL] GG495 [EXPTIME] 60.0 [Date] 2020-03-26T20:03:55 [Time] 20:03:55
91/143 2MUCD11188-20200326@200508-Eden.fts [TYPE] LIGHT [OBJ] 2MUCD11188 [RA] 14 03 22.2917 [Dec] +30 07 54.6373 [FIL] GG495 [EXPTIME] 60.0 [Date] 2020-03-26T20:05:09 [Time] 20:05:09
92/143 2MUCD11188-20200326@200623-Eden.fts [TYPE] LIGHT [OBJ] 2MUCD11188 [RA] 14 03 22.2917 [Dec] +30 07 54.6373 [FIL] GG495 [EXPTIME] 60.0 [Date] 2020-03-26T20:06:24 [Time] 20:06:24
93/143 2MUCD11188-20200326@200739-Eden.fts [TYPE] LIGHT [OBJ] 2MUCD11188 [RA] 14 03 22.2917 [Dec] +30 07 54.6373 [FIL] GG495 [EXPTIME] 60.0 [Date] 2020-03-26T20:07:40 [Time] 20:07:40
94/143 2MUCD11188-20200326@200854-Eden.fts [TYPE] LIGHT [OBJ] 2MUCD11188 [RA] 14 03 22.2917 [Dec] +30 07 54.6373 [FIL] GG495 [EXPTIME] 60.0 [Date] 2020-03-26T20:08:55 [Time] 20:08:55
95/143 2MUCD11188-20200326@201007-Eden.fts [TYPE] LIGHT [OBJ] 2MUCD11188 [RA] 14 03 22.2917 [Dec] +30 07 54.6373 [FIL] GG495 [EXPTIME] 60.0 [Date] 2020-03-26T20:10:08 [Time] 20:10:08
96/143 2MUCD11188-20200326@201121-Eden.fts [TYPE] LIGHT [OBJ] 2MUCD11188 [RA] 14 03 22.2917 [Dec] +30 07 54.6373 [FIL] GG495 [EXPTIME] 60.0 [Date] 2020-03-26T20:11:22 [Time] 20:11:22
97/143 2MUCD11188-20200326@201237-Eden.fts [TYPE] LIGHT [OBJ] 2MUCD11188 [RA] 14 03 22.2917 [Dec] +30 07 54.6373 [FIL] GG495 [EXPTIME] 60.0 [Date] 2020-03-26T20:12:37 [Time] 20:12:37
98/143 2MUCD11188-20200326@201352-Eden.fts [TYPE] LIGHT [OBJ] 2MUCD11188 [RA] 14 03 22.2917 [Dec] +30 07 54.6373 [FIL] GG495 [EXPTIME] 60.0 [Date] 2020-03-26T20:13:52 [Time] 20:13:52
99/143 2MUCD11188-20200326@201507-Eden.fts [TYPE] LIGHT [OBJ] 2MUCD11188 [RA] 14 03 22.2917 [Dec] +30 07 54.6373 [FIL] GG495 [EXPTIME] 60.0 [Date] 2020-03-26T20:15:07 [Time] 20:15:07
100/143 2MUCD11188-20200326@201621-Eden.fts [TYPE] LIGHT [OBJ] 2MUCD11188 [RA] 14 03 22.2917 [Dec] +30 07 54.6373 [FIL] GG495 [EXPTIME] 60.0 [Date] 2020-03-26T20:16:21 [Time] 20:16:21
101/143 2MUCD11188-20200326@201735-Eden.fts [TYPE] LIGHT [OBJ] 2MUCD11188 [RA] 14 03 22.2917 [Dec] +30 07 54.6373 [FIL] GG495 [EXPTIME] 60.0 [Date] 2020-03-26T20:17:36 [Time] 20:17:36
102/143 2MUCD11188-20200326@201851-Eden.fts [TYPE] LIGHT [OBJ] 2MUCD11188 [RA] 14 03 22.2917 [Dec] +30 07 54.6373 [FIL] GG495 [EXPTIME] 60.0 [Date] 2020-03-26T20:18:51 [Time] 20:18:51
103/143 2MUCD11188-20200326@202005-Eden.fts [TYPE] LIGHT [OBJ] 2MUCD11188 [RA] 14 03 22.2917 [Dec] +30 07 54.6373 [FIL] GG495 [EXPTIME] 60.0 [Date] 2020-03-26T20:20:06 [Time] 20:20:06
104/143 2MUCD11188-20200326@202120-Eden.fts [TYPE] LIGHT [OBJ] 2MUCD11188 [RA] 14 03 22.2917 [Dec] +30 07 54.6373 [FIL] GG495 [EXPTIME] 60.0 [Date] 2020-03-26T20:21:21 [Time] 20:21:21
105/143 2MUCD11188-20200326@202234-Eden.fts [TYPE] LIGHT [OBJ] 2MUCD11188 [RA] 14 03 22.2917 [Dec] +30 07 54.6373 [FIL] GG495 [EXPTIME] 60.0 [Date] 2020-03-26T20:22:34 [Time] 20:22:34
106/143 2MUCD11188-20200326@202348-Eden.fts [TYPE] LIGHT [OBJ] 2MUCD11188 [RA] 14 03 22.2917 [Dec] +30 07 54.6373 [FIL] GG495 [EXPTIME] 60.0 [Date] 2020-03-26T20:23:48 [Time] 20:23:48
107/143 2MUCD11188-20200326@202503-Eden.fts [TYPE] LIGHT [OBJ] 2MUCD11188 [RA] 14 03 22.2917 [Dec] +30 07 54.6373 [FIL] GG495 [EXPTIME] 60.0 [Date] 2020-03-26T20:25:03 [Time] 20:25:03
108/143 2MUCD11188-20200326@202619-Eden.fts [TYPE] LIGHT [OBJ] 2MUCD11188 [RA] 14 03 22.2917 [Dec] +30 07 54.6373 [FIL] GG495 [EXPTIME] 60.0 [Date] 2020-03-26T20:26:19 [Time] 20:26:19
109/143 2MUCD11188-20200326@202733-Eden.fts [TYPE] LIGHT [OBJ] 2MUCD11188 [RA] 14 03 22.2917 [Dec] +30 07 54.6373 [FIL] GG495 [EXPTIME] 60.0 [Date] 2020-03-26T20:27:33 [Time] 20:27:33
110/143 2MUCD11188-20200326@202848-Eden.fts [TYPE] LIGHT [OBJ] 2MUCD11188 [RA] 14 03 22.2917 [Dec] +30 07 54.6373 [FIL] GG495 [EXPTIME] 60.0 [Date] 2020-03-26T20:28:48 [Time] 20:28:48
111/143 2MUCD11188-20200326@203002-Eden.fts [TYPE] LIGHT [OBJ] 2MUCD11188 [RA] 14 03 22.2917 [Dec] +30 07 54.6373 [FIL] GG495 [EXPTIME] 60.0 [Date] 2020-03-26T20:30:02 [Time] 20:30:02
112/143 2MUCD11188-20200326@203117-Eden.fts [TYPE] LIGHT [OBJ] 2MUCD11188 [RA] 14 03 22.2917 [Dec] +30 07 54.6373 [FIL] GG495 [EXPTIME] 60.0 [Date] 2020-03-26T20:31:17 [Time] 20:31:17
113/143 2MUCD11188-20200326@203233-Eden.fts [TYPE] LIGHT [OBJ] 2MUCD11188 [RA] 14 03 22.2917 [Dec] +30 07 54.6373 [FIL] GG495 [EXPTIME] 60.0 [Date] 2020-03-26T20:32:33 [Time] 20:32:33
114/143 2MUCD11188-20200326@203348-Eden.fts [TYPE] LIGHT [OBJ] 2MUCD11188 [RA] 14 03 22.2917 [Dec] +30 07 54.6373 [FIL] GG495 [EXPTIME] 60.0 [Date] 2020-03-26T20:33:48 [Time] 20:33:48
115/143 2MUCD11188-20200326@203504-Eden.fts [TYPE] LIGHT [OBJ] 2MUCD11188 [RA] 14 03 22.2917 [Dec] +30 07 54.6373 [FIL] GG495 [EXPTIME] 60.0 [Date] 2020-03-26T20:35:04 [Time] 20:35:04
116/143 2MUCD11188-20200326@203618-Eden.fts [TYPE] LIGHT [OBJ] 2MUCD11188 [RA] 14 03 22.2917 [Dec] +30 07 54.6373 [FIL] GG495 [EXPTIME] 60.0 [Date] 2020-03-26T20:36:18 [Time] 20:36:18
117/143 2MUCD11188-20200326@203733-Eden.fts [TYPE] LIGHT [OBJ] 2MUCD11188 [RA] 14 03 22.2917 [Dec] +30 07 54.6373 [FIL] GG495 [EXPTIME] 60.0 [Date] 2020-03-26T20:37:34 [Time] 20:37:34
118/143 2MUCD11188-20200326@203847-Eden.fts [TYPE] LIGHT [OBJ] 2MUCD11188 [RA] 14 03 22.2917 [Dec] +30 07 54.6373 [FIL] GG495 [EXPTIME] 60.0 [Date] 2020-03-26T20:38:48 [Time] 20:38:48
119/143 2MUCD11188-20200326@204002-Eden.fts [TYPE] LIGHT [OBJ] 2MUCD11188 [RA] 14 03 22.2917 [Dec] +30 07 54.6373 [FIL] GG495 [EXPTIME] 60.0 [Date] 2020-03-26T20:40:03 [Time] 20:40:03
120/143 2MUCD11188-20200326@204117-Eden.fts [TYPE] LIGHT [OBJ] 2MUCD11188 [RA] 14 03 22.2917 [Dec] +30 07 54.6373 [FIL] GG495 [EXPTIME] 60.0 [Date] 2020-03-26T20:41:18 [Time] 20:41:18
121/143 2MUCD11188-20200326@204231-Eden.fts [TYPE] LIGHT [OBJ] 2MUCD11188 [RA] 14 03 22.2917 [Dec] +30 07 54.6373 [FIL] GG495 [EXPTIME] 60.0 [Date] 2020-03-26T20:42:31 [Time] 20:42:31
122/143 2MUCD11188-20200326@204345-Eden.fts [TYPE] LIGHT [OBJ] 2MUCD11188 [RA] 14 03 22.2917 [Dec] +30 07 54.6373 [FIL] GG495 [EXPTIME] 60.0 [Date] 2020-03-26T20:43:46 [Time] 20:43:46
123/143 2MUCD11188-20200326@204501-Eden.fts [TYPE] LIGHT [OBJ] 2MUCD11188 [RA] 14 03 22.2917 [Dec] +30 07 54.6373 [FIL] GG495 [EXPTIME] 60.0 [Date] 2020-03-26T20:45:01 [Time] 20:45:01
124/143 2MUCD11188-20200326@204616-Eden.fts [TYPE] LIGHT [OBJ] 2MUCD11188 [RA] 14 03 22.2917 [Dec] +30 07 54.6373 [FIL] GG495 [EXPTIME] 60.0 [Date] 2020-03-26T20:46:17 [Time] 20:46:17
125/143 2MUCD11188-20200326@204732-Eden.fts [TYPE] LIGHT [OBJ] 2MUCD11188 [RA] 14 03 22.2917 [Dec] +30 07 54.6373 [FIL] GG495 [EXPTIME] 60.0 [Date] 2020-03-26T20:47:32 [Time] 20:47:32
126/143 2MUCD11188-20200326@204847-Eden.fts [TYPE] LIGHT [OBJ] 2MUCD11188 [RA] 14 03 22.2917 [Dec] +30 07 54.6373 [FIL] GG495 [EXPTIME] 60.0 [Date] 2020-03-26T20:48:47 [Time] 20:48:47
127/143 2MUCD11188-20200326@205001-Eden.fts [TYPE] LIGHT [OBJ] 2MUCD11188 [RA] 14 03 22.2917 [Dec] +30 07 54.6373 [FIL] GG495 [EXPTIME] 60.0 [Date] 2020-03-26T20:50:01 [Time] 20:50:01
128/143 2MUCD11188-20200326@205115-Eden.fts [TYPE] LIGHT [OBJ] 2MUCD11188 [RA] 14 03 22.2917 [Dec] +30 07 54.6373 [FIL] GG495 [EXPTIME] 60.0 [Date] 2020-03-26T20:51:15 [Time] 20:51:15
129/143 2MUCD11188-20200326@205231-Eden.fts [TYPE] LIGHT [OBJ] 2MUCD11188 [RA] 14 03 22.2917 [Dec] +30 07 54.6373 [FIL] GG495 [EXPTIME] 60.0 [Date] 2020-03-26T20:52:31 [Time] 20:52:31
130/143 2MUCD11188-20200326@205344-Eden.fts [TYPE] LIGHT [OBJ] 2MUCD11188 [RA] 14 03 22.2917 [Dec] +30 07 54.6373 [FIL] GG495 [EXPTIME] 60.0 [Date] 2020-03-26T20:53:45 [Time] 20:53:45
131/143 2MUCD11188-20200326@205458-Eden.fts [TYPE] LIGHT [OBJ] 2MUCD11188 [RA] 14 03 22.2917 [Dec] +30 07 54.6373 [FIL] GG495 [EXPTIME] 60.0 [Date] 2020-03-26T20:54:59 [Time] 20:54:59
132/143 2MUCD11188-20200326@205613-Eden.fts [TYPE] LIGHT [OBJ] 2MUCD11188 [RA] 14 03 22.2917 [Dec] +30 07 54.6373 [FIL] GG495 [EXPTIME] 60.0 [Date] 2020-03-26T20:56:13 [Time] 20:56:13
133/143 2MUCD11188-20200326@205727-Eden.fts [TYPE] LIGHT [OBJ] 2MUCD11188 [RA] 14 03 22.2917 [Dec] +30 07 54.6373 [FIL] GG495 [EXPTIME] 60.0 [Date] 2020-03-26T20:57:27 [Time] 20:57:27
134/143 2MUCD11188-20200326@205842-Eden.fts [TYPE] LIGHT [OBJ] 2MUCD11188 [RA] 14 03 22.2917 [Dec] +30 07 54.6373 [FIL] GG495 [EXPTIME] 60.0 [Date] 2020-03-26T20:58:42 [Time] 20:58:42
135/143 2MUCD11188-20200326@205955-Eden.fts [TYPE] LIGHT [OBJ] 2MUCD11188 [RA] 14 03 22.2917 [Dec] +30 07 54.6373 [FIL] GG495 [EXPTIME] 60.0 [Date] 2020-03-26T20:59:56 [Time] 20:59:56
136/143 2MUCD11188-20200326@210110-Eden.fts [TYPE] LIGHT [OBJ] 2MUCD11188 [RA] 14 03 22.2917 [Dec] +30 07 54.6373 [FIL] GG495 [EXPTIME] 60.0 [Date] 2020-03-26T21:01:10 [Time] 21:01:10
137/143 2MUCD11188-20200326@210224-Eden.fts [TYPE] LIGHT [OBJ] 2MUCD11188 [RA] 14 03 22.2917 [Dec] +30 07 54.6373 [FIL] GG495 [EXPTIME] 60.0 [Date] 2020-03-26T21:02:25 [Time] 21:02:25
138/143 2MUCD11188-20200326@210339-Eden.fts [TYPE] LIGHT [OBJ] 2MUCD11188 [RA] 14 03 22.2917 [Dec] +30 07 54.6373 [FIL] GG495 [EXPTIME] 60.0 [Date] 2020-03-26T21:03:39 [Time] 21:03:39
139/143 2MUCD11188-20200326@210454-Eden.fts [TYPE] LIGHT [OBJ] 2MUCD11188 [RA] 14 03 22.2917 [Dec] +30 07 54.6373 [FIL] GG495 [EXPTIME] 60.0 [Date] 2020-03-26T21:04:54 [Time] 21:04:54
140/143 2MUCD11188-20200326@210609-Eden.fts [TYPE] LIGHT [OBJ] 2MUCD11188 [RA] 14 03 22.2917 [Dec] +30 07 54.6373 [FIL] GG495 [EXPTIME] 60.0 [Date] 2020-03-26T21:06:09 [Time] 21:06:09
141/143 2MUCD11188-20200326@210724-Eden.fts [TYPE] LIGHT [OBJ] 2MUCD11188 [RA] 14 03 22.2917 [Dec] +30 07 54.6373 [FIL] GG495 [EXPTIME] 60.0 [Date] 2020-03-26T21:07:25 [Time] 21:07:25
142/143 2MUCD11188-20200326@210838-Eden.fts [TYPE] LIGHT [OBJ] 2MUCD11188 [RA] 14 03 22.2917 [Dec] +30 07 54.6373 [FIL] GG495 [EXPTIME] 60.0 [Date] 2020-03-26T21:08:39 [Time] 21:08:39
143/143 2MUCD11188-20200326@210952-Eden.fts [TYPE] LIGHT [OBJ] 2MUCD11188 [RA] 14 03 22.2917 [Dec] +30 07 54.6373 [FIL] GG495 [EXPTIME] 60.0 [Date] 2020-03-26T21:09:53 [Time] 21:09:53
... write log file to LOT20200326-2MUCD11188_mod.log ...
... finish ...
