-----------------
input parameters
-----------------
['modify_header_eden.py', 'LOT20210521_LP_220-13', '28']
Your will modify header for: LP_220-13 [RA] 13 56 41.4636 [Dec] +43 42 59.1835 [Filter] GG495
---------------
folder: LOT20210521_LP_220-13
will update fits in: LOT20210521_LP_220-13_mod
 ---------------------------
 Exame Fits Header for Bias
 ---------------------------
find ./LOT20210521_LP_220-13/bias-dark/ | grep 'fits\|fts'|sort 
found 50 Bias/Dark
1/50 Bias-20210522@043517-000S.fts [TYPE] BIAS [EXPTIME] 0.0
2/50 Bias-20210522@043526-000S.fts [TYPE] BIAS [EXPTIME] 0.0
3/50 Bias-20210522@043532-000S.fts [TYPE] BIAS [EXPTIME] 0.0
4/50 Bias-20210522@043539-000S.fts [TYPE] BIAS [EXPTIME] 0.0
5/50 Bias-20210522@043545-000S.fts [TYPE] BIAS [EXPTIME] 0.0
6/50 Bias-20210522@043553-000S.fts [TYPE] BIAS [EXPTIME] 0.0
7/50 Bias-20210522@043559-000S.fts [TYPE] BIAS [EXPTIME] 0.0
8/50 Bias-20210522@043606-000S.fts [TYPE] BIAS [EXPTIME] 0.0
9/50 Bias-20210522@043613-000S.fts [TYPE] BIAS [EXPTIME] 0.0
10/50 Bias-20210522@043620-000S.fts [TYPE] BIAS [EXPTIME] 0.0
11/50 Dark-20210522@043628-060S.fts [TYPE] DARK [EXPTIME] 60.0
12/50 Dark-20210522@043735-060S.fts [TYPE] DARK [EXPTIME] 60.0
13/50 Dark-20210522@043842-060S.fts [TYPE] DARK [EXPTIME] 60.0
14/50 Dark-20210522@043949-060S.fts [TYPE] DARK [EXPTIME] 60.0
15/50 Dark-20210522@044056-060S.fts [TYPE] DARK [EXPTIME] 60.0
16/50 Dark-20210522@044204-060S.fts [TYPE] DARK [EXPTIME] 60.0
17/50 Dark-20210522@044311-060S.fts [TYPE] DARK [EXPTIME] 60.0
18/50 Dark-20210522@044418-060S.fts [TYPE] DARK [EXPTIME] 60.0
19/50 Dark-20210522@044525-060S.fts [TYPE] DARK [EXPTIME] 60.0
20/50 Dark-20210522@044632-060S.fts [TYPE] DARK [EXPTIME] 60.0
21/50 Dark-20210522@044742-090S.fts [TYPE] DARK [EXPTIME] 90.0
22/50 Dark-20210522@044918-090S.fts [TYPE] DARK [EXPTIME] 90.0
23/50 Dark-20210522@045055-090S.fts [TYPE] DARK [EXPTIME] 90.0
24/50 Dark-20210522@045231-090S.fts [TYPE] DARK [EXPTIME] 90.0
25/50 Dark-20210522@045408-090S.fts [TYPE] DARK [EXPTIME] 90.0
26/50 Dark-20210522@045546-090S.fts [TYPE] DARK [EXPTIME] 90.0
27/50 Dark-20210522@045722-090S.fts [TYPE] DARK [EXPTIME] 90.0
28/50 Dark-20210522@045900-090S.fts [TYPE] DARK [EXPTIME] 90.0
29/50 Dark-20210522@050037-090S.fts [TYPE] DARK [EXPTIME] 90.0
30/50 Dark-20210522@050213-090S.fts [TYPE] DARK [EXPTIME] 90.0
31/50 Dark-20210522@050351-120S.fts [TYPE] DARK [EXPTIME] 120.0
32/50 Dark-20210522@050558-120S.fts [TYPE] DARK [EXPTIME] 120.0
33/50 Dark-20210522@050805-120S.fts [TYPE] DARK [EXPTIME] 120.0
34/50 Dark-20210522@051012-120S.fts [TYPE] DARK [EXPTIME] 120.0
35/50 Dark-20210522@051220-120S.fts [TYPE] DARK [EXPTIME] 120.0
36/50 Dark-20210522@051426-120S.fts [TYPE] DARK [EXPTIME] 120.0
37/50 Dark-20210522@051635-120S.fts [TYPE] DARK [EXPTIME] 120.0
38/50 Dark-20210522@051842-120S.fts [TYPE] DARK [EXPTIME] 120.0
39/50 Dark-20210522@052049-120S.fts [TYPE] DARK [EXPTIME] 120.0
40/50 Dark-20210522@052256-120S.fts [TYPE] DARK [EXPTIME] 120.0
41/50 Dark-20210522@052505-240S.fts [TYPE] DARK [EXPTIME] 240.0
42/50 Dark-20210522@052913-240S.fts [TYPE] DARK [EXPTIME] 240.0
43/50 Dark-20210522@053319-240S.fts [TYPE] DARK [EXPTIME] 240.0
44/50 Dark-20210522@053726-240S.fts [TYPE] DARK [EXPTIME] 240.0
45/50 Dark-20210522@054133-240S.fts [TYPE] DARK [EXPTIME] 240.0
46/50 Dark-20210522@054539-240S.fts [TYPE] DARK [EXPTIME] 240.0
47/50 Dark-20210522@054946-240S.fts [TYPE] DARK [EXPTIME] 240.0
48/50 Dark-20210522@055353-240S.fts [TYPE] DARK [EXPTIME] 240.0
49/50 Dark-20210522@055759-240S.fts [TYPE] DARK [EXPTIME] 240.0
50/50 Dark-20210522@060208-240S.fts [TYPE] DARK [EXPTIME] 240.0
 ---------------------------
 Exame Fits Header for Flat
 ---------------------------
find ./LOT20210521_LP_220-13/ | grep flat/ | grep -E 'fits|fts'|sort -t'-' -k2.4,2.6 
found 0 Flat
no files in ./flat/
 ---------------------------
 Exame Fits Header for Additional Dark for Flat
 ---------------------------
find ./LOT20210521_LP_220-13/ | grep flat/ |grep dark| grep -E 'fits|fts'|sort -t'-' -k2.4,2.6 
found 0 Additional Dark for Flat
no additional dark for flat in ./flat/
 ---------------------------
 Update Fits Header for Science Target
 ---------------------------
find ./LOT20210521_LP_220-13/wchen/ | cut -d / -f1-4| grep 'fits\|fts'  |sort -t'@' -k2
found 104 Target

... update header ...
1/104 LP220-13-20210521_151309-Eden.fts [TYPE] LIGHT [OBJ] LP_220-13 [RA] 13 56 41.4636 [Dec] +43 42 59.1835 [FIL] GG495 [EXPTIME] 60.0 [Date] 2021-05-21T15:13:21 [Time] 15:13:21
2/104 LP220-13-20210521_152452-Eden.fts [TYPE] LIGHT [OBJ] LP_220-13 [RA] 13 56 41.4636 [Dec] +43 42 59.1835 [FIL] GG495 [EXPTIME] 60.0 [Date] 2021-05-21T15:25:06 [Time] 15:25:06
3/104 LP220-13-20210521_152619-Eden.fts [TYPE] LIGHT [OBJ] LP_220-13 [RA] 13 56 41.4636 [Dec] +43 42 59.1835 [FIL] GG495 [EXPTIME] 60.0 [Date] 2021-05-21T15:26:20 [Time] 15:26:20
4/104 LP220-13-20210521_152733-Eden.fts [TYPE] LIGHT [OBJ] LP_220-13 [RA] 13 56 41.4636 [Dec] +43 42 59.1835 [FIL] GG495 [EXPTIME] 60.0 [Date] 2021-05-21T15:27:33 [Time] 15:27:33
5/104 LP220-13-20210521_152844-Eden.fts [TYPE] LIGHT [OBJ] LP_220-13 [RA] 13 56 41.4636 [Dec] +43 42 59.1835 [FIL] GG495 [EXPTIME] 60.0 [Date] 2021-05-21T15:28:44 [Time] 15:28:44
6/104 LP220-13-20210521_152956-Eden.fts [TYPE] LIGHT [OBJ] LP_220-13 [RA] 13 56 41.4636 [Dec] +43 42 59.1835 [FIL] GG495 [EXPTIME] 60.0 [Date] 2021-05-21T15:29:56 [Time] 15:29:56
7/104 LP220-13-20210521_153108-Eden.fts [TYPE] LIGHT [OBJ] LP_220-13 [RA] 13 56 41.4636 [Dec] +43 42 59.1835 [FIL] GG495 [EXPTIME] 60.0 [Date] 2021-05-21T15:31:08 [Time] 15:31:08
8/104 LP220-13-20210521_153221-Eden.fts [TYPE] LIGHT [OBJ] LP_220-13 [RA] 13 56 41.4636 [Dec] +43 42 59.1835 [FIL] GG495 [EXPTIME] 60.0 [Date] 2021-05-21T15:32:21 [Time] 15:32:21
9/104 LP220-13-20210521_153335-Eden.fts [TYPE] LIGHT [OBJ] LP_220-13 [RA] 13 56 41.4636 [Dec] +43 42 59.1835 [FIL] GG495 [EXPTIME] 60.0 [Date] 2021-05-21T15:33:35 [Time] 15:33:35
10/104 LP220-13-20210521_153446-Eden.fts [TYPE] LIGHT [OBJ] LP_220-13 [RA] 13 56 41.4636 [Dec] +43 42 59.1835 [FIL] GG495 [EXPTIME] 60.0 [Date] 2021-05-21T15:34:46 [Time] 15:34:46
11/104 LP220-13-20210521_153558-Eden.fts [TYPE] LIGHT [OBJ] LP_220-13 [RA] 13 56 41.4636 [Dec] +43 42 59.1835 [FIL] GG495 [EXPTIME] 60.0 [Date] 2021-05-21T15:35:58 [Time] 15:35:58
12/104 LP220-13-20210521_153709-Eden.fts [TYPE] LIGHT [OBJ] LP_220-13 [RA] 13 56 41.4636 [Dec] +43 42 59.1835 [FIL] GG495 [EXPTIME] 60.0 [Date] 2021-05-21T15:37:09 [Time] 15:37:09
13/104 LP220-13-20210521_153821-Eden.fts [TYPE] LIGHT [OBJ] LP_220-13 [RA] 13 56 41.4636 [Dec] +43 42 59.1835 [FIL] GG495 [EXPTIME] 60.0 [Date] 2021-05-21T15:38:21 [Time] 15:38:21
14/104 LP220-13-20210521_153932-Eden.fts [TYPE] LIGHT [OBJ] LP_220-13 [RA] 13 56 41.4636 [Dec] +43 42 59.1835 [FIL] GG495 [EXPTIME] 60.0 [Date] 2021-05-21T15:39:33 [Time] 15:39:33
15/104 LP220-13-20210521_154043-Eden.fts [TYPE] LIGHT [OBJ] LP_220-13 [RA] 13 56 41.4636 [Dec] +43 42 59.1835 [FIL] GG495 [EXPTIME] 60.0 [Date] 2021-05-21T15:40:44 [Time] 15:40:44
16/104 LP220-13-20210521_154155-Eden.fts [TYPE] LIGHT [OBJ] LP_220-13 [RA] 13 56 41.4636 [Dec] +43 42 59.1835 [FIL] GG495 [EXPTIME] 60.0 [Date] 2021-05-21T15:41:56 [Time] 15:41:56
17/104 LP220-13-20210521_154308-Eden.fts [TYPE] LIGHT [OBJ] LP_220-13 [RA] 13 56 41.4636 [Dec] +43 42 59.1835 [FIL] GG495 [EXPTIME] 60.0 [Date] 2021-05-21T15:43:08 [Time] 15:43:08
18/104 LP220-13-20210521_154420-Eden.fts [TYPE] LIGHT [OBJ] LP_220-13 [RA] 13 56 41.4636 [Dec] +43 42 59.1835 [FIL] GG495 [EXPTIME] 60.0 [Date] 2021-05-21T15:44:21 [Time] 15:44:21
19/104 LP220-13-20210521_154533-Eden.fts [TYPE] LIGHT [OBJ] LP_220-13 [RA] 13 56 41.4636 [Dec] +43 42 59.1835 [FIL] GG495 [EXPTIME] 60.0 [Date] 2021-05-21T15:45:34 [Time] 15:45:34
20/104 LP220-13-20210521_154645-Eden.fts [TYPE] LIGHT [OBJ] LP_220-13 [RA] 13 56 41.4636 [Dec] +43 42 59.1835 [FIL] GG495 [EXPTIME] 60.0 [Date] 2021-05-21T15:46:45 [Time] 15:46:45
21/104 LP220-13-20210521_154757-Eden.fts [TYPE] LIGHT [OBJ] LP_220-13 [RA] 13 56 41.4636 [Dec] +43 42 59.1835 [FIL] GG495 [EXPTIME] 60.0 [Date] 2021-05-21T15:47:58 [Time] 15:47:58
22/104 LP220-13-20210521_154910-Eden.fts [TYPE] LIGHT [OBJ] LP_220-13 [RA] 13 56 41.4636 [Dec] +43 42 59.1835 [FIL] GG495 [EXPTIME] 60.0 [Date] 2021-05-21T15:49:10 [Time] 15:49:10
23/104 LP220-13-20210521_155022-Eden.fts [TYPE] LIGHT [OBJ] LP_220-13 [RA] 13 56 41.4636 [Dec] +43 42 59.1835 [FIL] GG495 [EXPTIME] 60.0 [Date] 2021-05-21T15:50:22 [Time] 15:50:22
24/104 LP220-13-20210521_155133-Eden.fts [TYPE] LIGHT [OBJ] LP_220-13 [RA] 13 56 41.4636 [Dec] +43 42 59.1835 [FIL] GG495 [EXPTIME] 60.0 [Date] 2021-05-21T15:51:34 [Time] 15:51:34
25/104 LP220-13-20210521_155246-Eden.fts [TYPE] LIGHT [OBJ] LP_220-13 [RA] 13 56 41.4636 [Dec] +43 42 59.1835 [FIL] GG495 [EXPTIME] 60.0 [Date] 2021-05-21T15:52:47 [Time] 15:52:47
26/104 LP220-13-20210521_155400-Eden.fts [TYPE] LIGHT [OBJ] LP_220-13 [RA] 13 56 41.4636 [Dec] +43 42 59.1835 [FIL] GG495 [EXPTIME] 60.0 [Date] 2021-05-21T15:54:00 [Time] 15:54:00
27/104 LP220-13-20210521_155512-Eden.fts [TYPE] LIGHT [OBJ] LP_220-13 [RA] 13 56 41.4636 [Dec] +43 42 59.1835 [FIL] GG495 [EXPTIME] 60.0 [Date] 2021-05-21T15:55:12 [Time] 15:55:12
28/104 LP220-13-20210521_155624-Eden.fts [TYPE] LIGHT [OBJ] LP_220-13 [RA] 13 56 41.4636 [Dec] +43 42 59.1835 [FIL] GG495 [EXPTIME] 60.0 [Date] 2021-05-21T15:56:24 [Time] 15:56:24
29/104 LP220-13-20210521_155736-Eden.fts [TYPE] LIGHT [OBJ] LP_220-13 [RA] 13 56 41.4636 [Dec] +43 42 59.1835 [FIL] GG495 [EXPTIME] 60.0 [Date] 2021-05-21T15:57:36 [Time] 15:57:36
30/104 LP220-13-20210521_155848-Eden.fts [TYPE] LIGHT [OBJ] LP_220-13 [RA] 13 56 41.4636 [Dec] +43 42 59.1835 [FIL] GG495 [EXPTIME] 60.0 [Date] 2021-05-21T15:58:48 [Time] 15:58:48
31/104 LP220-13-20210521_160000-Eden.fts [TYPE] LIGHT [OBJ] LP_220-13 [RA] 13 56 41.4636 [Dec] +43 42 59.1835 [FIL] GG495 [EXPTIME] 60.0 [Date] 2021-05-21T16:00:00 [Time] 16:00:00
32/104 LP220-13-20210521_160113-Eden.fts [TYPE] LIGHT [OBJ] LP_220-13 [RA] 13 56 41.4636 [Dec] +43 42 59.1835 [FIL] GG495 [EXPTIME] 60.0 [Date] 2021-05-21T16:01:13 [Time] 16:01:13
33/104 LP220-13-20210521_160224-Eden.fts [TYPE] LIGHT [OBJ] LP_220-13 [RA] 13 56 41.4636 [Dec] +43 42 59.1835 [FIL] GG495 [EXPTIME] 60.0 [Date] 2021-05-21T16:02:25 [Time] 16:02:25
34/104 LP220-13-20210521_160337-Eden.fts [TYPE] LIGHT [OBJ] LP_220-13 [RA] 13 56 41.4636 [Dec] +43 42 59.1835 [FIL] GG495 [EXPTIME] 60.0 [Date] 2021-05-21T16:03:37 [Time] 16:03:37
35/104 LP220-13-20210521_160449-Eden.fts [TYPE] LIGHT [OBJ] LP_220-13 [RA] 13 56 41.4636 [Dec] +43 42 59.1835 [FIL] GG495 [EXPTIME] 60.0 [Date] 2021-05-21T16:04:49 [Time] 16:04:49
36/104 LP220-13-20210521_160601-Eden.fts [TYPE] LIGHT [OBJ] LP_220-13 [RA] 13 56 41.4636 [Dec] +43 42 59.1835 [FIL] GG495 [EXPTIME] 60.0 [Date] 2021-05-21T16:06:01 [Time] 16:06:01
37/104 LP220-13-20210521_160713-Eden.fts [TYPE] LIGHT [OBJ] LP_220-13 [RA] 13 56 41.4636 [Dec] +43 42 59.1835 [FIL] GG495 [EXPTIME] 60.0 [Date] 2021-05-21T16:07:13 [Time] 16:07:13
38/104 LP220-13-20210521_160825-Eden.fts [TYPE] LIGHT [OBJ] LP_220-13 [RA] 13 56 41.4636 [Dec] +43 42 59.1835 [FIL] GG495 [EXPTIME] 60.0 [Date] 2021-05-21T16:08:26 [Time] 16:08:26
39/104 LP220-13-20210521_160938-Eden.fts [TYPE] LIGHT [OBJ] LP_220-13 [RA] 13 56 41.4636 [Dec] +43 42 59.1835 [FIL] GG495 [EXPTIME] 60.0 [Date] 2021-05-21T16:09:38 [Time] 16:09:38
40/104 LP220-13-20210521_161050-Eden.fts [TYPE] LIGHT [OBJ] LP_220-13 [RA] 13 56 41.4636 [Dec] +43 42 59.1835 [FIL] GG495 [EXPTIME] 60.0 [Date] 2021-05-21T16:10:51 [Time] 16:10:51
41/104 LP220-13-20210521_161203-Eden.fts [TYPE] LIGHT [OBJ] LP_220-13 [RA] 13 56 41.4636 [Dec] +43 42 59.1835 [FIL] GG495 [EXPTIME] 60.0 [Date] 2021-05-21T16:12:03 [Time] 16:12:03
42/104 LP220-13-20210521_161315-Eden.fts [TYPE] LIGHT [OBJ] LP_220-13 [RA] 13 56 41.4636 [Dec] +43 42 59.1835 [FIL] GG495 [EXPTIME] 60.0 [Date] 2021-05-21T16:13:17 [Time] 16:13:17
43/104 LP220-13-20210521_161429-Eden.fts [TYPE] LIGHT [OBJ] LP_220-13 [RA] 13 56 41.4636 [Dec] +43 42 59.1835 [FIL] GG495 [EXPTIME] 60.0 [Date] 2021-05-21T16:14:30 [Time] 16:14:30
44/104 LP220-13-20210521_161542-Eden.fts [TYPE] LIGHT [OBJ] LP_220-13 [RA] 13 56 41.4636 [Dec] +43 42 59.1835 [FIL] GG495 [EXPTIME] 60.0 [Date] 2021-05-21T16:15:42 [Time] 16:15:42
45/104 LP220-13-20210521_161654-Eden.fts [TYPE] LIGHT [OBJ] LP_220-13 [RA] 13 56 41.4636 [Dec] +43 42 59.1835 [FIL] GG495 [EXPTIME] 60.0 [Date] 2021-05-21T16:16:55 [Time] 16:16:55
46/104 LP220-13-20210521_161807-Eden.fts [TYPE] LIGHT [OBJ] LP_220-13 [RA] 13 56 41.4636 [Dec] +43 42 59.1835 [FIL] GG495 [EXPTIME] 60.0 [Date] 2021-05-21T16:18:07 [Time] 16:18:07
47/104 LP220-13-20210521_161918-Eden.fts [TYPE] LIGHT [OBJ] LP_220-13 [RA] 13 56 41.4636 [Dec] +43 42 59.1835 [FIL] GG495 [EXPTIME] 60.0 [Date] 2021-05-21T16:19:19 [Time] 16:19:19
48/104 LP220-13-20210521_162030-Eden.fts [TYPE] LIGHT [OBJ] LP_220-13 [RA] 13 56 41.4636 [Dec] +43 42 59.1835 [FIL] GG495 [EXPTIME] 60.0 [Date] 2021-05-21T16:20:31 [Time] 16:20:31
49/104 LP220-13-20210521_162143-Eden.fts [TYPE] LIGHT [OBJ] LP_220-13 [RA] 13 56 41.4636 [Dec] +43 42 59.1835 [FIL] GG495 [EXPTIME] 60.0 [Date] 2021-05-21T16:21:43 [Time] 16:21:43
50/104 LP220-13-20210521_162255-Eden.fts [TYPE] LIGHT [OBJ] LP_220-13 [RA] 13 56 41.4636 [Dec] +43 42 59.1835 [FIL] GG495 [EXPTIME] 60.0 [Date] 2021-05-21T16:22:55 [Time] 16:22:55
51/104 LP220-13-20210521_162407-Eden.fts [TYPE] LIGHT [OBJ] LP_220-13 [RA] 13 56 41.4636 [Dec] +43 42 59.1835 [FIL] GG495 [EXPTIME] 60.0 [Date] 2021-05-21T16:24:08 [Time] 16:24:08
52/104 LP220-13-20210521_162520-Eden.fts [TYPE] LIGHT [OBJ] LP_220-13 [RA] 13 56 41.4636 [Dec] +43 42 59.1835 [FIL] GG495 [EXPTIME] 60.0 [Date] 2021-05-21T16:25:20 [Time] 16:25:20
53/104 LP220-13-20210521_162632-Eden.fts [TYPE] LIGHT [OBJ] LP_220-13 [RA] 13 56 41.4636 [Dec] +43 42 59.1835 [FIL] GG495 [EXPTIME] 60.0 [Date] 2021-05-21T16:26:32 [Time] 16:26:32
54/104 LP220-13-20210521_162746-Eden.fts [TYPE] LIGHT [OBJ] LP_220-13 [RA] 13 56 41.4636 [Dec] +43 42 59.1835 [FIL] GG495 [EXPTIME] 60.0 [Date] 2021-05-21T16:27:46 [Time] 16:27:46
55/104 LP220-13-20210521_162858-Eden.fts [TYPE] LIGHT [OBJ] LP_220-13 [RA] 13 56 41.4636 [Dec] +43 42 59.1835 [FIL] GG495 [EXPTIME] 60.0 [Date] 2021-05-21T16:28:59 [Time] 16:28:59
56/104 LP220-13-20210521_163012-Eden.fts [TYPE] LIGHT [OBJ] LP_220-13 [RA] 13 56 41.4636 [Dec] +43 42 59.1835 [FIL] GG495 [EXPTIME] 60.0 [Date] 2021-05-21T16:30:12 [Time] 16:30:12
57/104 LP220-13-20210521_163124-Eden.fts [TYPE] LIGHT [OBJ] LP_220-13 [RA] 13 56 41.4636 [Dec] +43 42 59.1835 [FIL] GG495 [EXPTIME] 60.0 [Date] 2021-05-21T16:31:25 [Time] 16:31:25
58/104 LP220-13-20210521_163236-Eden.fts [TYPE] LIGHT [OBJ] LP_220-13 [RA] 13 56 41.4636 [Dec] +43 42 59.1835 [FIL] GG495 [EXPTIME] 60.0 [Date] 2021-05-21T16:32:36 [Time] 16:32:36
59/104 LP220-13-20210521_163348-Eden.fts [TYPE] LIGHT [OBJ] LP_220-13 [RA] 13 56 41.4636 [Dec] +43 42 59.1835 [FIL] GG495 [EXPTIME] 60.0 [Date] 2021-05-21T16:33:48 [Time] 16:33:48
60/104 LP220-13-20210521_163500-Eden.fts [TYPE] LIGHT [OBJ] LP_220-13 [RA] 13 56 41.4636 [Dec] +43 42 59.1835 [FIL] GG495 [EXPTIME] 60.0 [Date] 2021-05-21T16:35:00 [Time] 16:35:00
61/104 LP220-13-20210521_163613-Eden.fts [TYPE] LIGHT [OBJ] LP_220-13 [RA] 13 56 41.4636 [Dec] +43 42 59.1835 [FIL] GG495 [EXPTIME] 60.0 [Date] 2021-05-21T16:36:13 [Time] 16:36:13
62/104 LP220-13-20210521_163726-Eden.fts [TYPE] LIGHT [OBJ] LP_220-13 [RA] 13 56 41.4636 [Dec] +43 42 59.1835 [FIL] GG495 [EXPTIME] 60.0 [Date] 2021-05-21T16:37:27 [Time] 16:37:27
63/104 LP220-13-20210521_163839-Eden.fts [TYPE] LIGHT [OBJ] LP_220-13 [RA] 13 56 41.4636 [Dec] +43 42 59.1835 [FIL] GG495 [EXPTIME] 60.0 [Date] 2021-05-21T16:38:40 [Time] 16:38:40
64/104 LP220-13-20210521_163952-Eden.fts [TYPE] LIGHT [OBJ] LP_220-13 [RA] 13 56 41.4636 [Dec] +43 42 59.1835 [FIL] GG495 [EXPTIME] 60.0 [Date] 2021-05-21T16:39:52 [Time] 16:39:52
65/104 LP220-13-20210521_164104-Eden.fts [TYPE] LIGHT [OBJ] LP_220-13 [RA] 13 56 41.4636 [Dec] +43 42 59.1835 [FIL] GG495 [EXPTIME] 60.0 [Date] 2021-05-21T16:41:05 [Time] 16:41:05
66/104 LP220-13-20210521_164219-Eden.fts [TYPE] LIGHT [OBJ] LP_220-13 [RA] 13 56 41.4636 [Dec] +43 42 59.1835 [FIL] GG495 [EXPTIME] 60.0 [Date] 2021-05-21T16:42:19 [Time] 16:42:19
67/104 LP220-13-20210521_164332-Eden.fts [TYPE] LIGHT [OBJ] LP_220-13 [RA] 13 56 41.4636 [Dec] +43 42 59.1835 [FIL] GG495 [EXPTIME] 60.0 [Date] 2021-05-21T16:43:33 [Time] 16:43:33
68/104 LP220-13-20210521_164446-Eden.fts [TYPE] LIGHT [OBJ] LP_220-13 [RA] 13 56 41.4636 [Dec] +43 42 59.1835 [FIL] GG495 [EXPTIME] 60.0 [Date] 2021-05-21T16:44:46 [Time] 16:44:46
69/104 LP220-13-20210521_164559-Eden.fts [TYPE] LIGHT [OBJ] LP_220-13 [RA] 13 56 41.4636 [Dec] +43 42 59.1835 [FIL] GG495 [EXPTIME] 60.0 [Date] 2021-05-21T16:46:00 [Time] 16:46:00
70/104 LP220-13-20210521_164713-Eden.fts [TYPE] LIGHT [OBJ] LP_220-13 [RA] 13 56 41.4636 [Dec] +43 42 59.1835 [FIL] GG495 [EXPTIME] 60.0 [Date] 2021-05-21T16:47:14 [Time] 16:47:14
71/104 LP220-13-20210521_164827-Eden.fts [TYPE] LIGHT [OBJ] LP_220-13 [RA] 13 56 41.4636 [Dec] +43 42 59.1835 [FIL] GG495 [EXPTIME] 60.0 [Date] 2021-05-21T16:48:27 [Time] 16:48:27
72/104 LP220-13-20210521_164940-Eden.fts [TYPE] LIGHT [OBJ] LP_220-13 [RA] 13 56 41.4636 [Dec] +43 42 59.1835 [FIL] GG495 [EXPTIME] 60.0 [Date] 2021-05-21T16:49:41 [Time] 16:49:41
73/104 LP220-13-20210521_165054-Eden.fts [TYPE] LIGHT [OBJ] LP_220-13 [RA] 13 56 41.4636 [Dec] +43 42 59.1835 [FIL] GG495 [EXPTIME] 60.0 [Date] 2021-05-21T16:50:54 [Time] 16:50:54
74/104 LP220-13-20210521_165207-Eden.fts [TYPE] LIGHT [OBJ] LP_220-13 [RA] 13 56 41.4636 [Dec] +43 42 59.1835 [FIL] GG495 [EXPTIME] 60.0 [Date] 2021-05-21T16:52:08 [Time] 16:52:08
75/104 LP220-13-20210521_165321-Eden.fts [TYPE] LIGHT [OBJ] LP_220-13 [RA] 13 56 41.4636 [Dec] +43 42 59.1835 [FIL] GG495 [EXPTIME] 60.0 [Date] 2021-05-21T16:53:21 [Time] 16:53:21
76/104 LP220-13-20210521_165434-Eden.fts [TYPE] LIGHT [OBJ] LP_220-13 [RA] 13 56 41.4636 [Dec] +43 42 59.1835 [FIL] GG495 [EXPTIME] 60.0 [Date] 2021-05-21T16:54:35 [Time] 16:54:35
77/104 LP220-13-20210521_165547-Eden.fts [TYPE] LIGHT [OBJ] LP_220-13 [RA] 13 56 41.4636 [Dec] +43 42 59.1835 [FIL] GG495 [EXPTIME] 60.0 [Date] 2021-05-21T16:55:48 [Time] 16:55:48
78/104 LP220-13-20210521_165703-Eden.fts [TYPE] LIGHT [OBJ] LP_220-13 [RA] 13 56 41.4636 [Dec] +43 42 59.1835 [FIL] GG495 [EXPTIME] 60.0 [Date] 2021-05-21T16:57:05 [Time] 16:57:05
79/104 LP220-13-20210521_165817-Eden.fts [TYPE] LIGHT [OBJ] LP_220-13 [RA] 13 56 41.4636 [Dec] +43 42 59.1835 [FIL] GG495 [EXPTIME] 60.0 [Date] 2021-05-21T16:58:17 [Time] 16:58:17
80/104 LP220-13-20210521_165930-Eden.fts [TYPE] LIGHT [OBJ] LP_220-13 [RA] 13 56 41.4636 [Dec] +43 42 59.1835 [FIL] GG495 [EXPTIME] 60.0 [Date] 2021-05-21T16:59:31 [Time] 16:59:31
81/104 LP220-13-20210521_170044-Eden.fts [TYPE] LIGHT [OBJ] LP_220-13 [RA] 13 56 41.4636 [Dec] +43 42 59.1835 [FIL] GG495 [EXPTIME] 60.0 [Date] 2021-05-21T17:00:45 [Time] 17:00:45
82/104 LP220-13-20210521_170158-Eden.fts [TYPE] LIGHT [OBJ] LP_220-13 [RA] 13 56 41.4636 [Dec] +43 42 59.1835 [FIL] GG495 [EXPTIME] 60.0 [Date] 2021-05-21T17:01:59 [Time] 17:01:59
83/104 LP220-13-20210521_170313-Eden.fts [TYPE] LIGHT [OBJ] LP_220-13 [RA] 13 56 41.4636 [Dec] +43 42 59.1835 [FIL] GG495 [EXPTIME] 60.0 [Date] 2021-05-21T17:03:13 [Time] 17:03:13
84/104 LP220-13-20210521_170426-Eden.fts [TYPE] LIGHT [OBJ] LP_220-13 [RA] 13 56 41.4636 [Dec] +43 42 59.1835 [FIL] GG495 [EXPTIME] 60.0 [Date] 2021-05-21T17:04:27 [Time] 17:04:27
85/104 LP220-13-20210521_170539-Eden.fts [TYPE] LIGHT [OBJ] LP_220-13 [RA] 13 56 41.4636 [Dec] +43 42 59.1835 [FIL] GG495 [EXPTIME] 60.0 [Date] 2021-05-21T17:05:40 [Time] 17:05:40
86/104 LP220-13-20210521_170653-Eden.fts [TYPE] LIGHT [OBJ] LP_220-13 [RA] 13 56 41.4636 [Dec] +43 42 59.1835 [FIL] GG495 [EXPTIME] 60.0 [Date] 2021-05-21T17:06:54 [Time] 17:06:54
87/104 LP220-13-20210521_170806-Eden.fts [TYPE] LIGHT [OBJ] LP_220-13 [RA] 13 56 41.4636 [Dec] +43 42 59.1835 [FIL] GG495 [EXPTIME] 60.0 [Date] 2021-05-21T17:08:07 [Time] 17:08:07
88/104 LP220-13-20210521_170919-Eden.fts [TYPE] LIGHT [OBJ] LP_220-13 [RA] 13 56 41.4636 [Dec] +43 42 59.1835 [FIL] GG495 [EXPTIME] 60.0 [Date] 2021-05-21T17:09:19 [Time] 17:09:19
89/104 LP220-13-20210521_171033-Eden.fts [TYPE] LIGHT [OBJ] LP_220-13 [RA] 13 56 41.4636 [Dec] +43 42 59.1835 [FIL] GG495 [EXPTIME] 60.0 [Date] 2021-05-21T17:10:33 [Time] 17:10:33
90/104 LP220-13-20210521_171146-Eden.fts [TYPE] LIGHT [OBJ] LP_220-13 [RA] 13 56 41.4636 [Dec] +43 42 59.1835 [FIL] GG495 [EXPTIME] 60.0 [Date] 2021-05-21T17:11:46 [Time] 17:11:46
91/104 LP220-13-20210521_171258-Eden.fts [TYPE] LIGHT [OBJ] LP_220-13 [RA] 13 56 41.4636 [Dec] +43 42 59.1835 [FIL] GG495 [EXPTIME] 60.0 [Date] 2021-05-21T17:12:59 [Time] 17:12:59
92/104 LP220-13-20210521_171413-Eden.fts [TYPE] LIGHT [OBJ] LP_220-13 [RA] 13 56 41.4636 [Dec] +43 42 59.1835 [FIL] GG495 [EXPTIME] 60.0 [Date] 2021-05-21T17:14:13 [Time] 17:14:13
93/104 LP220-13-20210521_171526-Eden.fts [TYPE] LIGHT [OBJ] LP_220-13 [RA] 13 56 41.4636 [Dec] +43 42 59.1835 [FIL] GG495 [EXPTIME] 60.0 [Date] 2021-05-21T17:15:26 [Time] 17:15:26
94/104 LP220-13-20210521_171638-Eden.fts [TYPE] LIGHT [OBJ] LP_220-13 [RA] 13 56 41.4636 [Dec] +43 42 59.1835 [FIL] GG495 [EXPTIME] 60.0 [Date] 2021-05-21T17:16:38 [Time] 17:16:38
95/104 LP220-13-20210521_171751-Eden.fts [TYPE] LIGHT [OBJ] LP_220-13 [RA] 13 56 41.4636 [Dec] +43 42 59.1835 [FIL] GG495 [EXPTIME] 60.0 [Date] 2021-05-21T17:17:51 [Time] 17:17:51
96/104 LP220-13-20210521_171904-Eden.fts [TYPE] LIGHT [OBJ] LP_220-13 [RA] 13 56 41.4636 [Dec] +43 42 59.1835 [FIL] GG495 [EXPTIME] 60.0 [Date] 2021-05-21T17:19:04 [Time] 17:19:04
97/104 LP220-13-20210521_172017-Eden.fts [TYPE] LIGHT [OBJ] LP_220-13 [RA] 13 56 41.4636 [Dec] +43 42 59.1835 [FIL] GG495 [EXPTIME] 60.0 [Date] 2021-05-21T17:20:18 [Time] 17:20:18
98/104 LP220-13-20210521_172131-Eden.fts [TYPE] LIGHT [OBJ] LP_220-13 [RA] 13 56 41.4636 [Dec] +43 42 59.1835 [FIL] GG495 [EXPTIME] 60.0 [Date] 2021-05-21T17:21:32 [Time] 17:21:32
99/104 LP220-13-20210521_172244-Eden.fts [TYPE] LIGHT [OBJ] LP_220-13 [RA] 13 56 41.4636 [Dec] +43 42 59.1835 [FIL] GG495 [EXPTIME] 60.0 [Date] 2021-05-21T17:22:45 [Time] 17:22:45
100/104 LP220-13-20210521_172358-Eden.fts [TYPE] LIGHT [OBJ] LP_220-13 [RA] 13 56 41.4636 [Dec] +43 42 59.1835 [FIL] GG495 [EXPTIME] 60.0 [Date] 2021-05-21T17:23:58 [Time] 17:23:58
101/104 LP220-13-20210521_172512-Eden.fts [TYPE] LIGHT [OBJ] LP_220-13 [RA] 13 56 41.4636 [Dec] +43 42 59.1835 [FIL] GG495 [EXPTIME] 60.0 [Date] 2021-05-21T17:25:12 [Time] 17:25:12
102/104 LP220-13-20210521_172625-Eden.fts [TYPE] LIGHT [OBJ] LP_220-13 [RA] 13 56 41.4636 [Dec] +43 42 59.1835 [FIL] GG495 [EXPTIME] 60.0 [Date] 2021-05-21T17:26:26 [Time] 17:26:26
103/104 LP220-13-20210521_172739-Eden.fts [TYPE] LIGHT [OBJ] LP_220-13 [RA] 13 56 41.4636 [Dec] +43 42 59.1835 [FIL] GG495 [EXPTIME] 60.0 [Date] 2021-05-21T17:27:39 [Time] 17:27:39
104/104 LP220-13-20210521_172852-Eden.fts [TYPE] LIGHT [OBJ] LP_220-13 [RA] 13 56 41.4636 [Dec] +43 42 59.1835 [FIL] GG495 [EXPTIME] 60.0 [Date] 2021-05-21T17:28:52 [Time] 17:28:52
... write log file to LOT20210521_LP_220-13_mod.log ...
... finish ...
