Bucket successfully loaded! eden-data
352 files found
Storing data to the S3 archive!
We can now start uploading the data.
Press return to start the upload, or anything else to abort: Verbose output enabled.
Storing /home/altsai/eden/LOT20220228_2MASS_J11505787+4822395_mod/2MASS_J11505787+4822395-20220228@120355-Eden.fts -> s3://eden-data/RAW/LOT/2MASS_J11505787+4822395/2022-02-28/2MASS_J11505787+4822395-20220228@120355-Eden.fits (1/352)
Storing /home/altsai/eden/LOT20220228_2MASS_J11505787+4822395_mod/2MASS_J11505787+4822395-20220228@121513-Eden.fts -> s3://eden-data/RAW/LOT/2MASS_J11505787+4822395/2022-02-28/2MASS_J11505787+4822395-20220228@121513-Eden.fits (2/352)
Storing /home/altsai/eden/LOT20220228_2MASS_J11505787+4822395_mod/2MASS_J11505787+4822395-20220228@121536-Eden.fts -> s3://eden-data/RAW/LOT/2MASS_J11505787+4822395/2022-02-28/2MASS_J11505787+4822395-20220228@121536-Eden.fits (3/352)
Storing /home/altsai/eden/LOT20220228_2MASS_J11505787+4822395_mod/2MASS_J11505787+4822395-20220228@121558-Eden.fts -> s3://eden-data/RAW/LOT/2MASS_J11505787+4822395/2022-02-28/2MASS_J11505787+4822395-20220228@121558-Eden.fits (4/352)
Storing /home/altsai/eden/LOT20220228_2MASS_J11505787+4822395_mod/2MASS_J11505787+4822395-20220228@121619-Eden.fts -> s3://eden-data/RAW/LOT/2MASS_J11505787+4822395/2022-02-28/2MASS_J11505787+4822395-20220228@121619-Eden.fits (5/352)
Storing /home/altsai/eden/LOT20220228_2MASS_J11505787+4822395_mod/2MASS_J11505787+4822395-20220228@121641-Eden.fts -> s3://eden-data/RAW/LOT/2MASS_J11505787+4822395/2022-02-28/2MASS_J11505787+4822395-20220228@121641-Eden.fits (6/352)
Storing /home/altsai/eden/LOT20220228_2MASS_J11505787+4822395_mod/2MASS_J11505787+4822395-20220228@121703-Eden.fts -> s3://eden-data/RAW/LOT/2MASS_J11505787+4822395/2022-02-28/2MASS_J11505787+4822395-20220228@121703-Eden.fits (7/352)
Storing /home/altsai/eden/LOT20220228_2MASS_J11505787+4822395_mod/2MASS_J11505787+4822395-20220228@121724-Eden.fts -> s3://eden-data/RAW/LOT/2MASS_J11505787+4822395/2022-02-28/2MASS_J11505787+4822395-20220228@121724-Eden.fits (8/352)
Storing /home/altsai/eden/LOT20220228_2MASS_J11505787+4822395_mod/2MASS_J11505787+4822395-20220228@121745-Eden.fts -> s3://eden-data/RAW/LOT/2MASS_J11505787+4822395/2022-02-28/2MASS_J11505787+4822395-20220228@121745-Eden.fits (9/352)
Storing /home/altsai/eden/LOT20220228_2MASS_J11505787+4822395_mod/2MASS_J11505787+4822395-20220228@121806-Eden.fts -> s3://eden-data/RAW/LOT/2MASS_J11505787+4822395/2022-02-28/2MASS_J11505787+4822395-20220228@121806-Eden.fits (10/352)
Storing /home/altsai/eden/LOT20220228_2MASS_J11505787+4822395_mod/2MASS_J11505787+4822395-20220228@121828-Eden.fts -> s3://eden-data/RAW/LOT/2MASS_J11505787+4822395/2022-02-28/2MASS_J11505787+4822395-20220228@121828-Eden.fits (11/352)
Storing /home/altsai/eden/LOT20220228_2MASS_J11505787+4822395_mod/2MASS_J11505787+4822395-20220228@121848-Eden.fts -> s3://eden-data/RAW/LOT/2MASS_J11505787+4822395/2022-02-28/2MASS_J11505787+4822395-20220228@121848-Eden.fits (12/352)
Storing /home/altsai/eden/LOT20220228_2MASS_J11505787+4822395_mod/2MASS_J11505787+4822395-20220228@121909-Eden.fts -> s3://eden-data/RAW/LOT/2MASS_J11505787+4822395/2022-02-28/2MASS_J11505787+4822395-20220228@121909-Eden.fits (13/352)
Storing /home/altsai/eden/LOT20220228_2MASS_J11505787+4822395_mod/2MASS_J11505787+4822395-20220228@121930-Eden.fts -> s3://eden-data/RAW/LOT/2MASS_J11505787+4822395/2022-02-28/2MASS_J11505787+4822395-20220228@121930-Eden.fits (14/352)
Storing /home/altsai/eden/LOT20220228_2MASS_J11505787+4822395_mod/2MASS_J11505787+4822395-20220228@121953-Eden.fts -> s3://eden-data/RAW/LOT/2MASS_J11505787+4822395/2022-02-28/2MASS_J11505787+4822395-20220228@121953-Eden.fits (15/352)
Storing /home/altsai/eden/LOT20220228_2MASS_J11505787+4822395_mod/2MASS_J11505787+4822395-20220228@122015-Eden.fts -> s3://eden-data/RAW/LOT/2MASS_J11505787+4822395/2022-02-28/2MASS_J11505787+4822395-20220228@122015-Eden.fits (16/352)
Storing /home/altsai/eden/LOT20220228_2MASS_J11505787+4822395_mod/2MASS_J11505787+4822395-20220228@122039-Eden.fts -> s3://eden-data/RAW/LOT/2MASS_J11505787+4822395/2022-02-28/2MASS_J11505787+4822395-20220228@122039-Eden.fits (17/352)
Storing /home/altsai/eden/LOT20220228_2MASS_J11505787+4822395_mod/2MASS_J11505787+4822395-20220228@122100-Eden.fts -> s3://eden-data/RAW/LOT/2MASS_J11505787+4822395/2022-02-28/2MASS_J11505787+4822395-20220228@122100-Eden.fits (18/352)
Storing /home/altsai/eden/LOT20220228_2MASS_J11505787+4822395_mod/2MASS_J11505787+4822395-20220228@122122-Eden.fts -> s3://eden-data/RAW/LOT/2MASS_J11505787+4822395/2022-02-28/2MASS_J11505787+4822395-20220228@122122-Eden.fits (19/352)
Storing /home/altsai/eden/LOT20220228_2MASS_J11505787+4822395_mod/2MASS_J11505787+4822395-20220228@122144-Eden.fts -> s3://eden-data/RAW/LOT/2MASS_J11505787+4822395/2022-02-28/2MASS_J11505787+4822395-20220228@122144-Eden.fits (20/352)
Storing /home/altsai/eden/LOT20220228_2MASS_J11505787+4822395_mod/2MASS_J11505787+4822395-20220228@122206-Eden.fts -> s3://eden-data/RAW/LOT/2MASS_J11505787+4822395/2022-02-28/2MASS_J11505787+4822395-20220228@122206-Eden.fits (21/352)
Storing /home/altsai/eden/LOT20220228_2MASS_J11505787+4822395_mod/2MASS_J11505787+4822395-20220228@122227-Eden.fts -> s3://eden-data/RAW/LOT/2MASS_J11505787+4822395/2022-02-28/2MASS_J11505787+4822395-20220228@122227-Eden.fits (22/352)
Storing /home/altsai/eden/LOT20220228_2MASS_J11505787+4822395_mod/2MASS_J11505787+4822395-20220228@122247-Eden.fts -> s3://eden-data/RAW/LOT/2MASS_J11505787+4822395/2022-02-28/2MASS_J11505787+4822395-20220228@122247-Eden.fits (23/352)
Storing /home/altsai/eden/LOT20220228_2MASS_J11505787+4822395_mod/2MASS_J11505787+4822395-20220228@122308-Eden.fts -> s3://eden-data/RAW/LOT/2MASS_J11505787+4822395/2022-02-28/2MASS_J11505787+4822395-20220228@122308-Eden.fits (24/352)
Storing /home/altsai/eden/LOT20220228_2MASS_J11505787+4822395_mod/2MASS_J11505787+4822395-20220228@122330-Eden.fts -> s3://eden-data/RAW/LOT/2MASS_J11505787+4822395/2022-02-28/2MASS_J11505787+4822395-20220228@122330-Eden.fits (25/352)
Storing /home/altsai/eden/LOT20220228_2MASS_J11505787+4822395_mod/2MASS_J11505787+4822395-20220228@122354-Eden.fts -> s3://eden-data/RAW/LOT/2MASS_J11505787+4822395/2022-02-28/2MASS_J11505787+4822395-20220228@122354-Eden.fits (26/352)
Storing /home/altsai/eden/LOT20220228_2MASS_J11505787+4822395_mod/2MASS_J11505787+4822395-20220228@122415-Eden.fts -> s3://eden-data/RAW/LOT/2MASS_J11505787+4822395/2022-02-28/2MASS_J11505787+4822395-20220228@122415-Eden.fits (27/352)
Storing /home/altsai/eden/LOT20220228_2MASS_J11505787+4822395_mod/2MASS_J11505787+4822395-20220228@122436-Eden.fts -> s3://eden-data/RAW/LOT/2MASS_J11505787+4822395/2022-02-28/2MASS_J11505787+4822395-20220228@122436-Eden.fits (28/352)
Storing /home/altsai/eden/LOT20220228_2MASS_J11505787+4822395_mod/2MASS_J11505787+4822395-20220228@122458-Eden.fts -> s3://eden-data/RAW/LOT/2MASS_J11505787+4822395/2022-02-28/2MASS_J11505787+4822395-20220228@122458-Eden.fits (29/352)
Storing /home/altsai/eden/LOT20220228_2MASS_J11505787+4822395_mod/2MASS_J11505787+4822395-20220228@122519-Eden.fts -> s3://eden-data/RAW/LOT/2MASS_J11505787+4822395/2022-02-28/2MASS_J11505787+4822395-20220228@122519-Eden.fits (30/352)
Storing /home/altsai/eden/LOT20220228_2MASS_J11505787+4822395_mod/2MASS_J11505787+4822395-20220228@122540-Eden.fts -> s3://eden-data/RAW/LOT/2MASS_J11505787+4822395/2022-02-28/2MASS_J11505787+4822395-20220228@122540-Eden.fits (31/352)
Storing /home/altsai/eden/LOT20220228_2MASS_J11505787+4822395_mod/2MASS_J11505787+4822395-20220228@122601-Eden.fts -> s3://eden-data/RAW/LOT/2MASS_J11505787+4822395/2022-02-28/2MASS_J11505787+4822395-20220228@122601-Eden.fits (32/352)
Storing /home/altsai/eden/LOT20220228_2MASS_J11505787+4822395_mod/2MASS_J11505787+4822395-20220228@122623-Eden.fts -> s3://eden-data/RAW/LOT/2MASS_J11505787+4822395/2022-02-28/2MASS_J11505787+4822395-20220228@122623-Eden.fits (33/352)
Storing /home/altsai/eden/LOT20220228_2MASS_J11505787+4822395_mod/2MASS_J11505787+4822395-20220228@122644-Eden.fts -> s3://eden-data/RAW/LOT/2MASS_J11505787+4822395/2022-02-28/2MASS_J11505787+4822395-20220228@122644-Eden.fits (34/352)
Storing /home/altsai/eden/LOT20220228_2MASS_J11505787+4822395_mod/2MASS_J11505787+4822395-20220228@122703-Eden.fts -> s3://eden-data/RAW/LOT/2MASS_J11505787+4822395/2022-02-28/2MASS_J11505787+4822395-20220228@122703-Eden.fits (35/352)
Storing /home/altsai/eden/LOT20220228_2MASS_J11505787+4822395_mod/2MASS_J11505787+4822395-20220228@122722-Eden.fts -> s3://eden-data/RAW/LOT/2MASS_J11505787+4822395/2022-02-28/2MASS_J11505787+4822395-20220228@122722-Eden.fits (36/352)
Storing /home/altsai/eden/LOT20220228_2MASS_J11505787+4822395_mod/2MASS_J11505787+4822395-20220228@122741-Eden.fts -> s3://eden-data/RAW/LOT/2MASS_J11505787+4822395/2022-02-28/2MASS_J11505787+4822395-20220228@122741-Eden.fits (37/352)
Storing /home/altsai/eden/LOT20220228_2MASS_J11505787+4822395_mod/2MASS_J11505787+4822395-20220228@122800-Eden.fts -> s3://eden-data/RAW/LOT/2MASS_J11505787+4822395/2022-02-28/2MASS_J11505787+4822395-20220228@122800-Eden.fits (38/352)
Storing /home/altsai/eden/LOT20220228_2MASS_J11505787+4822395_mod/2MASS_J11505787+4822395-20220228@122819-Eden.fts -> s3://eden-data/RAW/LOT/2MASS_J11505787+4822395/2022-02-28/2MASS_J11505787+4822395-20220228@122819-Eden.fits (39/352)
Storing /home/altsai/eden/LOT20220228_2MASS_J11505787+4822395_mod/2MASS_J11505787+4822395-20220228@122840-Eden.fts -> s3://eden-data/RAW/LOT/2MASS_J11505787+4822395/2022-02-28/2MASS_J11505787+4822395-20220228@122840-Eden.fits (40/352)
Storing /home/altsai/eden/LOT20220228_2MASS_J11505787+4822395_mod/2MASS_J11505787+4822395-20220228@122859-Eden.fts -> s3://eden-data/RAW/LOT/2MASS_J11505787+4822395/2022-02-28/2MASS_J11505787+4822395-20220228@122859-Eden.fits (41/352)
Storing /home/altsai/eden/LOT20220228_2MASS_J11505787+4822395_mod/2MASS_J11505787+4822395-20220228@122917-Eden.fts -> s3://eden-data/RAW/LOT/2MASS_J11505787+4822395/2022-02-28/2MASS_J11505787+4822395-20220228@122917-Eden.fits (42/352)
Storing /home/altsai/eden/LOT20220228_2MASS_J11505787+4822395_mod/2MASS_J11505787+4822395-20220228@122937-Eden.fts -> s3://eden-data/RAW/LOT/2MASS_J11505787+4822395/2022-02-28/2MASS_J11505787+4822395-20220228@122937-Eden.fits (43/352)
Storing /home/altsai/eden/LOT20220228_2MASS_J11505787+4822395_mod/2MASS_J11505787+4822395-20220228@122956-Eden.fts -> s3://eden-data/RAW/LOT/2MASS_J11505787+4822395/2022-02-28/2MASS_J11505787+4822395-20220228@122956-Eden.fits (44/352)
Storing /home/altsai/eden/LOT20220228_2MASS_J11505787+4822395_mod/2MASS_J11505787+4822395-20220228@123015-Eden.fts -> s3://eden-data/RAW/LOT/2MASS_J11505787+4822395/2022-02-28/2MASS_J11505787+4822395-20220228@123015-Eden.fits (45/352)
Storing /home/altsai/eden/LOT20220228_2MASS_J11505787+4822395_mod/2MASS_J11505787+4822395-20220228@123035-Eden.fts -> s3://eden-data/RAW/LOT/2MASS_J11505787+4822395/2022-02-28/2MASS_J11505787+4822395-20220228@123035-Eden.fits (46/352)
Storing /home/altsai/eden/LOT20220228_2MASS_J11505787+4822395_mod/2MASS_J11505787+4822395-20220228@123054-Eden.fts -> s3://eden-data/RAW/LOT/2MASS_J11505787+4822395/2022-02-28/2MASS_J11505787+4822395-20220228@123054-Eden.fits (47/352)
Storing /home/altsai/eden/LOT20220228_2MASS_J11505787+4822395_mod/2MASS_J11505787+4822395-20220228@123115-Eden.fts -> s3://eden-data/RAW/LOT/2MASS_J11505787+4822395/2022-02-28/2MASS_J11505787+4822395-20220228@123115-Eden.fits (48/352)
Storing /home/altsai/eden/LOT20220228_2MASS_J11505787+4822395_mod/2MASS_J11505787+4822395-20220228@123133-Eden.fts -> s3://eden-data/RAW/LOT/2MASS_J11505787+4822395/2022-02-28/2MASS_J11505787+4822395-20220228@123133-Eden.fits (49/352)
Storing /home/altsai/eden/LOT20220228_2MASS_J11505787+4822395_mod/2MASS_J11505787+4822395-20220228@123153-Eden.fts -> s3://eden-data/RAW/LOT/2MASS_J11505787+4822395/2022-02-28/2MASS_J11505787+4822395-20220228@123153-Eden.fits (50/352)
Storing /home/altsai/eden/LOT20220228_2MASS_J11505787+4822395_mod/2MASS_J11505787+4822395-20220228@123212-Eden.fts -> s3://eden-data/RAW/LOT/2MASS_J11505787+4822395/2022-02-28/2MASS_J11505787+4822395-20220228@123212-Eden.fits (51/352)
Storing /home/altsai/eden/LOT20220228_2MASS_J11505787+4822395_mod/2MASS_J11505787+4822395-20220228@123231-Eden.fts -> s3://eden-data/RAW/LOT/2MASS_J11505787+4822395/2022-02-28/2MASS_J11505787+4822395-20220228@123231-Eden.fits (52/352)
Storing /home/altsai/eden/LOT20220228_2MASS_J11505787+4822395_mod/2MASS_J11505787+4822395-20220228@123252-Eden.fts -> s3://eden-data/RAW/LOT/2MASS_J11505787+4822395/2022-02-28/2MASS_J11505787+4822395-20220228@123252-Eden.fits (53/352)
Storing /home/altsai/eden/LOT20220228_2MASS_J11505787+4822395_mod/2MASS_J11505787+4822395-20220228@123311-Eden.fts -> s3://eden-data/RAW/LOT/2MASS_J11505787+4822395/2022-02-28/2MASS_J11505787+4822395-20220228@123311-Eden.fits (54/352)
Storing /home/altsai/eden/LOT20220228_2MASS_J11505787+4822395_mod/2MASS_J11505787+4822395-20220228@123330-Eden.fts -> s3://eden-data/RAW/LOT/2MASS_J11505787+4822395/2022-02-28/2MASS_J11505787+4822395-20220228@123330-Eden.fits (55/352)
Storing /home/altsai/eden/LOT20220228_2MASS_J11505787+4822395_mod/2MASS_J11505787+4822395-20220228@123349-Eden.fts -> s3://eden-data/RAW/LOT/2MASS_J11505787+4822395/2022-02-28/2MASS_J11505787+4822395-20220228@123349-Eden.fits (56/352)
Storing /home/altsai/eden/LOT20220228_2MASS_J11505787+4822395_mod/2MASS_J11505787+4822395-20220228@123409-Eden.fts -> s3://eden-data/RAW/LOT/2MASS_J11505787+4822395/2022-02-28/2MASS_J11505787+4822395-20220228@123409-Eden.fits (57/352)
Storing /home/altsai/eden/LOT20220228_2MASS_J11505787+4822395_mod/2MASS_J11505787+4822395-20220228@123428-Eden.fts -> s3://eden-data/RAW/LOT/2MASS_J11505787+4822395/2022-02-28/2MASS_J11505787+4822395-20220228@123428-Eden.fits (58/352)
Storing /home/altsai/eden/LOT20220228_2MASS_J11505787+4822395_mod/2MASS_J11505787+4822395-20220228@123447-Eden.fts -> s3://eden-data/RAW/LOT/2MASS_J11505787+4822395/2022-02-28/2MASS_J11505787+4822395-20220228@123447-Eden.fits (59/352)
Storing /home/altsai/eden/LOT20220228_2MASS_J11505787+4822395_mod/2MASS_J11505787+4822395-20220228@123506-Eden.fts -> s3://eden-data/RAW/LOT/2MASS_J11505787+4822395/2022-02-28/2MASS_J11505787+4822395-20220228@123506-Eden.fits (60/352)
Storing /home/altsai/eden/LOT20220228_2MASS_J11505787+4822395_mod/2MASS_J11505787+4822395-20220228@123526-Eden.fts -> s3://eden-data/RAW/LOT/2MASS_J11505787+4822395/2022-02-28/2MASS_J11505787+4822395-20220228@123526-Eden.fits (61/352)
Storing /home/altsai/eden/LOT20220228_2MASS_J11505787+4822395_mod/2MASS_J11505787+4822395-20220228@123546-Eden.fts -> s3://eden-data/RAW/LOT/2MASS_J11505787+4822395/2022-02-28/2MASS_J11505787+4822395-20220228@123546-Eden.fits (62/352)
Storing /home/altsai/eden/LOT20220228_2MASS_J11505787+4822395_mod/2MASS_J11505787+4822395-20220228@123605-Eden.fts -> s3://eden-data/RAW/LOT/2MASS_J11505787+4822395/2022-02-28/2MASS_J11505787+4822395-20220228@123605-Eden.fits (63/352)
Storing /home/altsai/eden/LOT20220228_2MASS_J11505787+4822395_mod/2MASS_J11505787+4822395-20220228@123623-Eden.fts -> s3://eden-data/RAW/LOT/2MASS_J11505787+4822395/2022-02-28/2MASS_J11505787+4822395-20220228@123623-Eden.fits (64/352)
Storing /home/altsai/eden/LOT20220228_2MASS_J11505787+4822395_mod/2MASS_J11505787+4822395-20220228@123643-Eden.fts -> s3://eden-data/RAW/LOT/2MASS_J11505787+4822395/2022-02-28/2MASS_J11505787+4822395-20220228@123643-Eden.fits (65/352)
Storing /home/altsai/eden/LOT20220228_2MASS_J11505787+4822395_mod/2MASS_J11505787+4822395-20220228@123702-Eden.fts -> s3://eden-data/RAW/LOT/2MASS_J11505787+4822395/2022-02-28/2MASS_J11505787+4822395-20220228@123702-Eden.fits (66/352)
Storing /home/altsai/eden/LOT20220228_2MASS_J11505787+4822395_mod/2MASS_J11505787+4822395-20220228@123720-Eden.fts -> s3://eden-data/RAW/LOT/2MASS_J11505787+4822395/2022-02-28/2MASS_J11505787+4822395-20220228@123720-Eden.fits (67/352)
Storing /home/altsai/eden/LOT20220228_2MASS_J11505787+4822395_mod/2MASS_J11505787+4822395-20220228@123943-Eden.fts -> s3://eden-data/RAW/LOT/2MASS_J11505787+4822395/2022-02-28/2MASS_J11505787+4822395-20220228@123943-Eden.fits (68/352)
Storing /home/altsai/eden/LOT20220228_2MASS_J11505787+4822395_mod/2MASS_J11505787+4822395-20220228@124004-Eden.fts -> s3://eden-data/RAW/LOT/2MASS_J11505787+4822395/2022-02-28/2MASS_J11505787+4822395-20220228@124004-Eden.fits (69/352)
Storing /home/altsai/eden/LOT20220228_2MASS_J11505787+4822395_mod/2MASS_J11505787+4822395-20220228@124027-Eden.fts -> s3://eden-data/RAW/LOT/2MASS_J11505787+4822395/2022-02-28/2MASS_J11505787+4822395-20220228@124027-Eden.fits (70/352)
Storing /home/altsai/eden/LOT20220228_2MASS_J11505787+4822395_mod/2MASS_J11505787+4822395-20220228@124049-Eden.fts -> s3://eden-data/RAW/LOT/2MASS_J11505787+4822395/2022-02-28/2MASS_J11505787+4822395-20220228@124049-Eden.fits (71/352)
Storing /home/altsai/eden/LOT20220228_2MASS_J11505787+4822395_mod/2MASS_J11505787+4822395-20220228@124732-Eden.fts -> s3://eden-data/RAW/LOT/2MASS_J11505787+4822395/2022-02-28/2MASS_J11505787+4822395-20220228@124732-Eden.fits (72/352)
Storing /home/altsai/eden/LOT20220228_2MASS_J11505787+4822395_mod/2MASS_J11505787+4822395-20220228@124754-Eden.fts -> s3://eden-data/RAW/LOT/2MASS_J11505787+4822395/2022-02-28/2MASS_J11505787+4822395-20220228@124754-Eden.fits (73/352)
Storing /home/altsai/eden/LOT20220228_2MASS_J11505787+4822395_mod/2MASS_J11505787+4822395-20220228@124817-Eden.fts -> s3://eden-data/RAW/LOT/2MASS_J11505787+4822395/2022-02-28/2MASS_J11505787+4822395-20220228@124817-Eden.fits (74/352)
Storing /home/altsai/eden/LOT20220228_2MASS_J11505787+4822395_mod/2MASS_J11505787+4822395-20220228@124839-Eden.fts -> s3://eden-data/RAW/LOT/2MASS_J11505787+4822395/2022-02-28/2MASS_J11505787+4822395-20220228@124839-Eden.fits (75/352)
Storing /home/altsai/eden/LOT20220228_2MASS_J11505787+4822395_mod/2MASS_J11505787+4822395-20220228@124901-Eden.fts -> s3://eden-data/RAW/LOT/2MASS_J11505787+4822395/2022-02-28/2MASS_J11505787+4822395-20220228@124901-Eden.fits (76/352)
Storing /home/altsai/eden/LOT20220228_2MASS_J11505787+4822395_mod/2MASS_J11505787+4822395-20220228@124923-Eden.fts -> s3://eden-data/RAW/LOT/2MASS_J11505787+4822395/2022-02-28/2MASS_J11505787+4822395-20220228@124923-Eden.fits (77/352)
Storing /home/altsai/eden/LOT20220228_2MASS_J11505787+4822395_mod/2MASS_J11505787+4822395-20220228@124946-Eden.fts -> s3://eden-data/RAW/LOT/2MASS_J11505787+4822395/2022-02-28/2MASS_J11505787+4822395-20220228@124946-Eden.fits (78/352)
Storing /home/altsai/eden/LOT20220228_2MASS_J11505787+4822395_mod/2MASS_J11505787+4822395-20220228@125008-Eden.fts -> s3://eden-data/RAW/LOT/2MASS_J11505787+4822395/2022-02-28/2MASS_J11505787+4822395-20220228@125008-Eden.fits (79/352)
Storing /home/altsai/eden/LOT20220228_2MASS_J11505787+4822395_mod/2MASS_J11505787+4822395-20220228@125029-Eden.fts -> s3://eden-data/RAW/LOT/2MASS_J11505787+4822395/2022-02-28/2MASS_J11505787+4822395-20220228@125029-Eden.fits (80/352)
Storing /home/altsai/eden/LOT20220228_2MASS_J11505787+4822395_mod/2MASS_J11505787+4822395-20220228@125052-Eden.fts -> s3://eden-data/RAW/LOT/2MASS_J11505787+4822395/2022-02-28/2MASS_J11505787+4822395-20220228@125052-Eden.fits (81/352)
Storing /home/altsai/eden/LOT20220228_2MASS_J11505787+4822395_mod/2MASS_J11505787+4822395-20220228@125113-Eden.fts -> s3://eden-data/RAW/LOT/2MASS_J11505787+4822395/2022-02-28/2MASS_J11505787+4822395-20220228@125113-Eden.fits (82/352)
Storing /home/altsai/eden/LOT20220228_2MASS_J11505787+4822395_mod/2MASS_J11505787+4822395-20220228@125134-Eden.fts -> s3://eden-data/RAW/LOT/2MASS_J11505787+4822395/2022-02-28/2MASS_J11505787+4822395-20220228@125134-Eden.fits (83/352)
Storing /home/altsai/eden/LOT20220228_2MASS_J11505787+4822395_mod/2MASS_J11505787+4822395-20220228@125157-Eden.fts -> s3://eden-data/RAW/LOT/2MASS_J11505787+4822395/2022-02-28/2MASS_J11505787+4822395-20220228@125157-Eden.fits (84/352)
Storing /home/altsai/eden/LOT20220228_2MASS_J11505787+4822395_mod/2MASS_J11505787+4822395-20220228@125220-Eden.fts -> s3://eden-data/RAW/LOT/2MASS_J11505787+4822395/2022-02-28/2MASS_J11505787+4822395-20220228@125220-Eden.fits (85/352)
Storing /home/altsai/eden/LOT20220228_2MASS_J11505787+4822395_mod/2MASS_J11505787+4822395-20220228@125243-Eden.fts -> s3://eden-data/RAW/LOT/2MASS_J11505787+4822395/2022-02-28/2MASS_J11505787+4822395-20220228@125243-Eden.fits (86/352)
Storing /home/altsai/eden/LOT20220228_2MASS_J11505787+4822395_mod/2MASS_J11505787+4822395-20220228@125305-Eden.fts -> s3://eden-data/RAW/LOT/2MASS_J11505787+4822395/2022-02-28/2MASS_J11505787+4822395-20220228@125305-Eden.fits (87/352)
Storing /home/altsai/eden/LOT20220228_2MASS_J11505787+4822395_mod/2MASS_J11505787+4822395-20220228@125327-Eden.fts -> s3://eden-data/RAW/LOT/2MASS_J11505787+4822395/2022-02-28/2MASS_J11505787+4822395-20220228@125327-Eden.fits (88/352)
Storing /home/altsai/eden/LOT20220228_2MASS_J11505787+4822395_mod/2MASS_J11505787+4822395-20220228@125349-Eden.fts -> s3://eden-data/RAW/LOT/2MASS_J11505787+4822395/2022-02-28/2MASS_J11505787+4822395-20220228@125349-Eden.fits (89/352)
Storing /home/altsai/eden/LOT20220228_2MASS_J11505787+4822395_mod/2MASS_J11505787+4822395-20220228@125412-Eden.fts -> s3://eden-data/RAW/LOT/2MASS_J11505787+4822395/2022-02-28/2MASS_J11505787+4822395-20220228@125412-Eden.fits (90/352)
Storing /home/altsai/eden/LOT20220228_2MASS_J11505787+4822395_mod/2MASS_J11505787+4822395-20220228@125434-Eden.fts -> s3://eden-data/RAW/LOT/2MASS_J11505787+4822395/2022-02-28/2MASS_J11505787+4822395-20220228@125434-Eden.fits (91/352)
Storing /home/altsai/eden/LOT20220228_2MASS_J11505787+4822395_mod/2MASS_J11505787+4822395-20220228@125457-Eden.fts -> s3://eden-data/RAW/LOT/2MASS_J11505787+4822395/2022-02-28/2MASS_J11505787+4822395-20220228@125457-Eden.fits (92/352)
Storing /home/altsai/eden/LOT20220228_2MASS_J11505787+4822395_mod/2MASS_J11505787+4822395-20220228@125519-Eden.fts -> s3://eden-data/RAW/LOT/2MASS_J11505787+4822395/2022-02-28/2MASS_J11505787+4822395-20220228@125519-Eden.fits (93/352)
Storing /home/altsai/eden/LOT20220228_2MASS_J11505787+4822395_mod/2MASS_J11505787+4822395-20220228@125540-Eden.fts -> s3://eden-data/RAW/LOT/2MASS_J11505787+4822395/2022-02-28/2MASS_J11505787+4822395-20220228@125540-Eden.fits (94/352)
Storing /home/altsai/eden/LOT20220228_2MASS_J11505787+4822395_mod/2MASS_J11505787+4822395-20220228@125600-Eden.fts -> s3://eden-data/RAW/LOT/2MASS_J11505787+4822395/2022-02-28/2MASS_J11505787+4822395-20220228@125600-Eden.fits (95/352)
Storing /home/altsai/eden/LOT20220228_2MASS_J11505787+4822395_mod/2MASS_J11505787+4822395-20220228@125622-Eden.fts -> s3://eden-data/RAW/LOT/2MASS_J11505787+4822395/2022-02-28/2MASS_J11505787+4822395-20220228@125622-Eden.fits (96/352)
Storing /home/altsai/eden/LOT20220228_2MASS_J11505787+4822395_mod/2MASS_J11505787+4822395-20220228@125644-Eden.fts -> s3://eden-data/RAW/LOT/2MASS_J11505787+4822395/2022-02-28/2MASS_J11505787+4822395-20220228@125644-Eden.fits (97/352)
Storing /home/altsai/eden/LOT20220228_2MASS_J11505787+4822395_mod/2MASS_J11505787+4822395-20220228@125707-Eden.fts -> s3://eden-data/RAW/LOT/2MASS_J11505787+4822395/2022-02-28/2MASS_J11505787+4822395-20220228@125707-Eden.fits (98/352)
Storing /home/altsai/eden/LOT20220228_2MASS_J11505787+4822395_mod/2MASS_J11505787+4822395-20220228@125729-Eden.fts -> s3://eden-data/RAW/LOT/2MASS_J11505787+4822395/2022-02-28/2MASS_J11505787+4822395-20220228@125729-Eden.fits (99/352)
Storing /home/altsai/eden/LOT20220228_2MASS_J11505787+4822395_mod/2MASS_J11505787+4822395-20220228@125751-Eden.fts -> s3://eden-data/RAW/LOT/2MASS_J11505787+4822395/2022-02-28/2MASS_J11505787+4822395-20220228@125751-Eden.fits (100/352)
Storing /home/altsai/eden/LOT20220228_2MASS_J11505787+4822395_mod/2MASS_J11505787+4822395-20220228@125814-Eden.fts -> s3://eden-data/RAW/LOT/2MASS_J11505787+4822395/2022-02-28/2MASS_J11505787+4822395-20220228@125814-Eden.fits (101/352)
Storing /home/altsai/eden/LOT20220228_2MASS_J11505787+4822395_mod/2MASS_J11505787+4822395-20220228@125836-Eden.fts -> s3://eden-data/RAW/LOT/2MASS_J11505787+4822395/2022-02-28/2MASS_J11505787+4822395-20220228@125836-Eden.fits (102/352)
Storing /home/altsai/eden/LOT20220228_2MASS_J11505787+4822395_mod/2MASS_J11505787+4822395-20220228@125857-Eden.fts -> s3://eden-data/RAW/LOT/2MASS_J11505787+4822395/2022-02-28/2MASS_J11505787+4822395-20220228@125857-Eden.fits (103/352)
Storing /home/altsai/eden/LOT20220228_2MASS_J11505787+4822395_mod/2MASS_J11505787+4822395-20220228@125919-Eden.fts -> s3://eden-data/RAW/LOT/2MASS_J11505787+4822395/2022-02-28/2MASS_J11505787+4822395-20220228@125919-Eden.fits (104/352)
Storing /home/altsai/eden/LOT20220228_2MASS_J11505787+4822395_mod/2MASS_J11505787+4822395-20220228@125942-Eden.fts -> s3://eden-data/RAW/LOT/2MASS_J11505787+4822395/2022-02-28/2MASS_J11505787+4822395-20220228@125942-Eden.fits (105/352)
Storing /home/altsai/eden/LOT20220228_2MASS_J11505787+4822395_mod/2MASS_J11505787+4822395-20220228@130002-Eden.fts -> s3://eden-data/RAW/LOT/2MASS_J11505787+4822395/2022-02-28/2MASS_J11505787+4822395-20220228@130002-Eden.fits (106/352)
Storing /home/altsai/eden/LOT20220228_2MASS_J11505787+4822395_mod/2MASS_J11505787+4822395-20220228@130024-Eden.fts -> s3://eden-data/RAW/LOT/2MASS_J11505787+4822395/2022-02-28/2MASS_J11505787+4822395-20220228@130024-Eden.fits (107/352)
Storing /home/altsai/eden/LOT20220228_2MASS_J11505787+4822395_mod/2MASS_J11505787+4822395-20220228@130046-Eden.fts -> s3://eden-data/RAW/LOT/2MASS_J11505787+4822395/2022-02-28/2MASS_J11505787+4822395-20220228@130046-Eden.fits (108/352)
Storing /home/altsai/eden/LOT20220228_2MASS_J11505787+4822395_mod/2MASS_J11505787+4822395-20220228@130109-Eden.fts -> s3://eden-data/RAW/LOT/2MASS_J11505787+4822395/2022-02-28/2MASS_J11505787+4822395-20220228@130109-Eden.fits (109/352)
Storing /home/altsai/eden/LOT20220228_2MASS_J11505787+4822395_mod/2MASS_J11505787+4822395-20220228@130129-Eden.fts -> s3://eden-data/RAW/LOT/2MASS_J11505787+4822395/2022-02-28/2MASS_J11505787+4822395-20220228@130129-Eden.fits (110/352)
Storing /home/altsai/eden/LOT20220228_2MASS_J11505787+4822395_mod/2MASS_J11505787+4822395-20220228@130151-Eden.fts -> s3://eden-data/RAW/LOT/2MASS_J11505787+4822395/2022-02-28/2MASS_J11505787+4822395-20220228@130151-Eden.fits (111/352)
Storing /home/altsai/eden/LOT20220228_2MASS_J11505787+4822395_mod/2MASS_J11505787+4822395-20220228@130213-Eden.fts -> s3://eden-data/RAW/LOT/2MASS_J11505787+4822395/2022-02-28/2MASS_J11505787+4822395-20220228@130213-Eden.fits (112/352)
Storing /home/altsai/eden/LOT20220228_2MASS_J11505787+4822395_mod/2MASS_J11505787+4822395-20220228@130234-Eden.fts -> s3://eden-data/RAW/LOT/2MASS_J11505787+4822395/2022-02-28/2MASS_J11505787+4822395-20220228@130234-Eden.fits (113/352)
Storing /home/altsai/eden/LOT20220228_2MASS_J11505787+4822395_mod/2MASS_J11505787+4822395-20220228@130256-Eden.fts -> s3://eden-data/RAW/LOT/2MASS_J11505787+4822395/2022-02-28/2MASS_J11505787+4822395-20220228@130256-Eden.fits (114/352)
Storing /home/altsai/eden/LOT20220228_2MASS_J11505787+4822395_mod/2MASS_J11505787+4822395-20220228@130318-Eden.fts -> s3://eden-data/RAW/LOT/2MASS_J11505787+4822395/2022-02-28/2MASS_J11505787+4822395-20220228@130318-Eden.fits (115/352)
Storing /home/altsai/eden/LOT20220228_2MASS_J11505787+4822395_mod/2MASS_J11505787+4822395-20220228@130339-Eden.fts -> s3://eden-data/RAW/LOT/2MASS_J11505787+4822395/2022-02-28/2MASS_J11505787+4822395-20220228@130339-Eden.fits (116/352)
Storing /home/altsai/eden/LOT20220228_2MASS_J11505787+4822395_mod/2MASS_J11505787+4822395-20220228@130400-Eden.fts -> s3://eden-data/RAW/LOT/2MASS_J11505787+4822395/2022-02-28/2MASS_J11505787+4822395-20220228@130400-Eden.fits (117/352)
Storing /home/altsai/eden/LOT20220228_2MASS_J11505787+4822395_mod/2MASS_J11505787+4822395-20220228@130422-Eden.fts -> s3://eden-data/RAW/LOT/2MASS_J11505787+4822395/2022-02-28/2MASS_J11505787+4822395-20220228@130422-Eden.fits (118/352)
Storing /home/altsai/eden/LOT20220228_2MASS_J11505787+4822395_mod/2MASS_J11505787+4822395-20220228@130444-Eden.fts -> s3://eden-data/RAW/LOT/2MASS_J11505787+4822395/2022-02-28/2MASS_J11505787+4822395-20220228@130444-Eden.fits (119/352)
Storing /home/altsai/eden/LOT20220228_2MASS_J11505787+4822395_mod/2MASS_J11505787+4822395-20220228@130505-Eden.fts -> s3://eden-data/RAW/LOT/2MASS_J11505787+4822395/2022-02-28/2MASS_J11505787+4822395-20220228@130505-Eden.fits (120/352)
Storing /home/altsai/eden/LOT20220228_2MASS_J11505787+4822395_mod/2MASS_J11505787+4822395-20220228@130527-Eden.fts -> s3://eden-data/RAW/LOT/2MASS_J11505787+4822395/2022-02-28/2MASS_J11505787+4822395-20220228@130527-Eden.fits (121/352)
Storing /home/altsai/eden/LOT20220228_2MASS_J11505787+4822395_mod/2MASS_J11505787+4822395-20220228@130549-Eden.fts -> s3://eden-data/RAW/LOT/2MASS_J11505787+4822395/2022-02-28/2MASS_J11505787+4822395-20220228@130549-Eden.fits (122/352)
Storing /home/altsai/eden/LOT20220228_2MASS_J11505787+4822395_mod/2MASS_J11505787+4822395-20220228@130610-Eden.fts -> s3://eden-data/RAW/LOT/2MASS_J11505787+4822395/2022-02-28/2MASS_J11505787+4822395-20220228@130610-Eden.fits (123/352)
Storing /home/altsai/eden/LOT20220228_2MASS_J11505787+4822395_mod/2MASS_J11505787+4822395-20220228@130632-Eden.fts -> s3://eden-data/RAW/LOT/2MASS_J11505787+4822395/2022-02-28/2MASS_J11505787+4822395-20220228@130632-Eden.fits (124/352)
Storing /home/altsai/eden/LOT20220228_2MASS_J11505787+4822395_mod/2MASS_J11505787+4822395-20220228@130654-Eden.fts -> s3://eden-data/RAW/LOT/2MASS_J11505787+4822395/2022-02-28/2MASS_J11505787+4822395-20220228@130654-Eden.fits (125/352)
Storing /home/altsai/eden/LOT20220228_2MASS_J11505787+4822395_mod/2MASS_J11505787+4822395-20220228@130716-Eden.fts -> s3://eden-data/RAW/LOT/2MASS_J11505787+4822395/2022-02-28/2MASS_J11505787+4822395-20220228@130716-Eden.fits (126/352)
Storing /home/altsai/eden/LOT20220228_2MASS_J11505787+4822395_mod/2MASS_J11505787+4822395-20220228@130738-Eden.fts -> s3://eden-data/RAW/LOT/2MASS_J11505787+4822395/2022-02-28/2MASS_J11505787+4822395-20220228@130738-Eden.fits (127/352)
Storing /home/altsai/eden/LOT20220228_2MASS_J11505787+4822395_mod/2MASS_J11505787+4822395-20220228@130801-Eden.fts -> s3://eden-data/RAW/LOT/2MASS_J11505787+4822395/2022-02-28/2MASS_J11505787+4822395-20220228@130801-Eden.fits (128/352)
Storing /home/altsai/eden/LOT20220228_2MASS_J11505787+4822395_mod/2MASS_J11505787+4822395-20220228@130826-Eden.fts -> s3://eden-data/RAW/LOT/2MASS_J11505787+4822395/2022-02-28/2MASS_J11505787+4822395-20220228@130826-Eden.fits (129/352)
Storing /home/altsai/eden/LOT20220228_2MASS_J11505787+4822395_mod/2MASS_J11505787+4822395-20220228@130849-Eden.fts -> s3://eden-data/RAW/LOT/2MASS_J11505787+4822395/2022-02-28/2MASS_J11505787+4822395-20220228@130849-Eden.fits (130/352)
Storing /home/altsai/eden/LOT20220228_2MASS_J11505787+4822395_mod/2MASS_J11505787+4822395-20220228@130910-Eden.fts -> s3://eden-data/RAW/LOT/2MASS_J11505787+4822395/2022-02-28/2MASS_J11505787+4822395-20220228@130910-Eden.fits (131/352)
Storing /home/altsai/eden/LOT20220228_2MASS_J11505787+4822395_mod/2MASS_J11505787+4822395-20220228@130933-Eden.fts -> s3://eden-data/RAW/LOT/2MASS_J11505787+4822395/2022-02-28/2MASS_J11505787+4822395-20220228@130933-Eden.fits (132/352)
Storing /home/altsai/eden/LOT20220228_2MASS_J11505787+4822395_mod/2MASS_J11505787+4822395-20220228@130954-Eden.fts -> s3://eden-data/RAW/LOT/2MASS_J11505787+4822395/2022-02-28/2MASS_J11505787+4822395-20220228@130954-Eden.fits (133/352)
Storing /home/altsai/eden/LOT20220228_2MASS_J11505787+4822395_mod/2MASS_J11505787+4822395-20220228@131016-Eden.fts -> s3://eden-data/RAW/LOT/2MASS_J11505787+4822395/2022-02-28/2MASS_J11505787+4822395-20220228@131016-Eden.fits (134/352)
Storing /home/altsai/eden/LOT20220228_2MASS_J11505787+4822395_mod/2MASS_J11505787+4822395-20220228@131037-Eden.fts -> s3://eden-data/RAW/LOT/2MASS_J11505787+4822395/2022-02-28/2MASS_J11505787+4822395-20220228@131037-Eden.fits (135/352)
Storing /home/altsai/eden/LOT20220228_2MASS_J11505787+4822395_mod/2MASS_J11505787+4822395-20220228@131059-Eden.fts -> s3://eden-data/RAW/LOT/2MASS_J11505787+4822395/2022-02-28/2MASS_J11505787+4822395-20220228@131059-Eden.fits (136/352)
Storing /home/altsai/eden/LOT20220228_2MASS_J11505787+4822395_mod/2MASS_J11505787+4822395-20220228@131120-Eden.fts -> s3://eden-data/RAW/LOT/2MASS_J11505787+4822395/2022-02-28/2MASS_J11505787+4822395-20220228@131120-Eden.fits (137/352)
Storing /home/altsai/eden/LOT20220228_2MASS_J11505787+4822395_mod/2MASS_J11505787+4822395-20220228@131141-Eden.fts -> s3://eden-data/RAW/LOT/2MASS_J11505787+4822395/2022-02-28/2MASS_J11505787+4822395-20220228@131141-Eden.fits (138/352)
Storing /home/altsai/eden/LOT20220228_2MASS_J11505787+4822395_mod/2MASS_J11505787+4822395-20220228@131203-Eden.fts -> s3://eden-data/RAW/LOT/2MASS_J11505787+4822395/2022-02-28/2MASS_J11505787+4822395-20220228@131203-Eden.fits (139/352)
Storing /home/altsai/eden/LOT20220228_2MASS_J11505787+4822395_mod/2MASS_J11505787+4822395-20220228@131225-Eden.fts -> s3://eden-data/RAW/LOT/2MASS_J11505787+4822395/2022-02-28/2MASS_J11505787+4822395-20220228@131225-Eden.fits (140/352)
Storing /home/altsai/eden/LOT20220228_2MASS_J11505787+4822395_mod/2MASS_J11505787+4822395-20220228@131247-Eden.fts -> s3://eden-data/RAW/LOT/2MASS_J11505787+4822395/2022-02-28/2MASS_J11505787+4822395-20220228@131247-Eden.fits (141/352)
Storing /home/altsai/eden/LOT20220228_2MASS_J11505787+4822395_mod/2MASS_J11505787+4822395-20220228@131310-Eden.fts -> s3://eden-data/RAW/LOT/2MASS_J11505787+4822395/2022-02-28/2MASS_J11505787+4822395-20220228@131310-Eden.fits (142/352)
Storing /home/altsai/eden/LOT20220228_2MASS_J11505787+4822395_mod/2MASS_J11505787+4822395-20220228@131333-Eden.fts -> s3://eden-data/RAW/LOT/2MASS_J11505787+4822395/2022-02-28/2MASS_J11505787+4822395-20220228@131333-Eden.fits (143/352)
Storing /home/altsai/eden/LOT20220228_2MASS_J11505787+4822395_mod/2MASS_J11505787+4822395-20220228@131356-Eden.fts -> s3://eden-data/RAW/LOT/2MASS_J11505787+4822395/2022-02-28/2MASS_J11505787+4822395-20220228@131356-Eden.fits (144/352)
Storing /home/altsai/eden/LOT20220228_2MASS_J11505787+4822395_mod/2MASS_J11505787+4822395-20220228@131418-Eden.fts -> s3://eden-data/RAW/LOT/2MASS_J11505787+4822395/2022-02-28/2MASS_J11505787+4822395-20220228@131418-Eden.fits (145/352)
Storing /home/altsai/eden/LOT20220228_2MASS_J11505787+4822395_mod/2MASS_J11505787+4822395-20220228@131439-Eden.fts -> s3://eden-data/RAW/LOT/2MASS_J11505787+4822395/2022-02-28/2MASS_J11505787+4822395-20220228@131439-Eden.fits (146/352)
Storing /home/altsai/eden/LOT20220228_2MASS_J11505787+4822395_mod/2MASS_J11505787+4822395-20220228@131504-Eden.fts -> s3://eden-data/RAW/LOT/2MASS_J11505787+4822395/2022-02-28/2MASS_J11505787+4822395-20220228@131504-Eden.fits (147/352)
Storing /home/altsai/eden/LOT20220228_2MASS_J11505787+4822395_mod/2MASS_J11505787+4822395-20220228@131526-Eden.fts -> s3://eden-data/RAW/LOT/2MASS_J11505787+4822395/2022-02-28/2MASS_J11505787+4822395-20220228@131526-Eden.fits (148/352)
Storing /home/altsai/eden/LOT20220228_2MASS_J11505787+4822395_mod/2MASS_J11505787+4822395-20220228@131549-Eden.fts -> s3://eden-data/RAW/LOT/2MASS_J11505787+4822395/2022-02-28/2MASS_J11505787+4822395-20220228@131549-Eden.fits (149/352)
Storing /home/altsai/eden/LOT20220228_2MASS_J11505787+4822395_mod/2MASS_J11505787+4822395-20220228@131610-Eden.fts -> s3://eden-data/RAW/LOT/2MASS_J11505787+4822395/2022-02-28/2MASS_J11505787+4822395-20220228@131610-Eden.fits (150/352)
Storing /home/altsai/eden/LOT20220228_2MASS_J11505787+4822395_mod/2MASS_J11505787+4822395-20220228@131632-Eden.fts -> s3://eden-data/RAW/LOT/2MASS_J11505787+4822395/2022-02-28/2MASS_J11505787+4822395-20220228@131632-Eden.fits (151/352)
Storing /home/altsai/eden/LOT20220228_2MASS_J11505787+4822395_mod/2MASS_J11505787+4822395-20220228@131654-Eden.fts -> s3://eden-data/RAW/LOT/2MASS_J11505787+4822395/2022-02-28/2MASS_J11505787+4822395-20220228@131654-Eden.fits (152/352)
Storing /home/altsai/eden/LOT20220228_2MASS_J11505787+4822395_mod/2MASS_J11505787+4822395-20220228@131717-Eden.fts -> s3://eden-data/RAW/LOT/2MASS_J11505787+4822395/2022-02-28/2MASS_J11505787+4822395-20220228@131717-Eden.fits (153/352)
Storing /home/altsai/eden/LOT20220228_2MASS_J11505787+4822395_mod/2MASS_J11505787+4822395-20220228@131739-Eden.fts -> s3://eden-data/RAW/LOT/2MASS_J11505787+4822395/2022-02-28/2MASS_J11505787+4822395-20220228@131739-Eden.fits (154/352)
Storing /home/altsai/eden/LOT20220228_2MASS_J11505787+4822395_mod/2MASS_J11505787+4822395-20220228@131800-Eden.fts -> s3://eden-data/RAW/LOT/2MASS_J11505787+4822395/2022-02-28/2MASS_J11505787+4822395-20220228@131800-Eden.fits (155/352)
Storing /home/altsai/eden/LOT20220228_2MASS_J11505787+4822395_mod/2MASS_J11505787+4822395-20220228@131823-Eden.fts -> s3://eden-data/RAW/LOT/2MASS_J11505787+4822395/2022-02-28/2MASS_J11505787+4822395-20220228@131823-Eden.fits (156/352)
Storing /home/altsai/eden/LOT20220228_2MASS_J11505787+4822395_mod/2MASS_J11505787+4822395-20220228@131845-Eden.fts -> s3://eden-data/RAW/LOT/2MASS_J11505787+4822395/2022-02-28/2MASS_J11505787+4822395-20220228@131845-Eden.fits (157/352)
Storing /home/altsai/eden/LOT20220228_2MASS_J11505787+4822395_mod/2MASS_J11505787+4822395-20220228@131907-Eden.fts -> s3://eden-data/RAW/LOT/2MASS_J11505787+4822395/2022-02-28/2MASS_J11505787+4822395-20220228@131907-Eden.fits (158/352)
Storing /home/altsai/eden/LOT20220228_2MASS_J11505787+4822395_mod/2MASS_J11505787+4822395-20220228@131929-Eden.fts -> s3://eden-data/RAW/LOT/2MASS_J11505787+4822395/2022-02-28/2MASS_J11505787+4822395-20220228@131929-Eden.fits (159/352)
Storing /home/altsai/eden/LOT20220228_2MASS_J11505787+4822395_mod/2MASS_J11505787+4822395-20220228@131951-Eden.fts -> s3://eden-data/RAW/LOT/2MASS_J11505787+4822395/2022-02-28/2MASS_J11505787+4822395-20220228@131951-Eden.fits (160/352)
Storing /home/altsai/eden/LOT20220228_2MASS_J11505787+4822395_mod/2MASS_J11505787+4822395-20220228@132013-Eden.fts -> s3://eden-data/RAW/LOT/2MASS_J11505787+4822395/2022-02-28/2MASS_J11505787+4822395-20220228@132013-Eden.fits (161/352)
Storing /home/altsai/eden/LOT20220228_2MASS_J11505787+4822395_mod/2MASS_J11505787+4822395-20220228@132035-Eden.fts -> s3://eden-data/RAW/LOT/2MASS_J11505787+4822395/2022-02-28/2MASS_J11505787+4822395-20220228@132035-Eden.fits (162/352)
Storing /home/altsai/eden/LOT20220228_2MASS_J11505787+4822395_mod/2MASS_J11505787+4822395-20220228@132057-Eden.fts -> s3://eden-data/RAW/LOT/2MASS_J11505787+4822395/2022-02-28/2MASS_J11505787+4822395-20220228@132057-Eden.fits (163/352)
Storing /home/altsai/eden/LOT20220228_2MASS_J11505787+4822395_mod/2MASS_J11505787+4822395-20220228@132118-Eden.fts -> s3://eden-data/RAW/LOT/2MASS_J11505787+4822395/2022-02-28/2MASS_J11505787+4822395-20220228@132118-Eden.fits (164/352)
Storing /home/altsai/eden/LOT20220228_2MASS_J11505787+4822395_mod/2MASS_J11505787+4822395-20220228@132140-Eden.fts -> s3://eden-data/RAW/LOT/2MASS_J11505787+4822395/2022-02-28/2MASS_J11505787+4822395-20220228@132140-Eden.fits (165/352)
Storing /home/altsai/eden/LOT20220228_2MASS_J11505787+4822395_mod/2MASS_J11505787+4822395-20220228@132202-Eden.fts -> s3://eden-data/RAW/LOT/2MASS_J11505787+4822395/2022-02-28/2MASS_J11505787+4822395-20220228@132202-Eden.fits (166/352)
Storing /home/altsai/eden/LOT20220228_2MASS_J11505787+4822395_mod/2MASS_J11505787+4822395-20220228@132224-Eden.fts -> s3://eden-data/RAW/LOT/2MASS_J11505787+4822395/2022-02-28/2MASS_J11505787+4822395-20220228@132224-Eden.fits (167/352)
Storing /home/altsai/eden/LOT20220228_2MASS_J11505787+4822395_mod/2MASS_J11505787+4822395-20220228@132245-Eden.fts -> s3://eden-data/RAW/LOT/2MASS_J11505787+4822395/2022-02-28/2MASS_J11505787+4822395-20220228@132245-Eden.fits (168/352)
Storing /home/altsai/eden/LOT20220228_2MASS_J11505787+4822395_mod/2MASS_J11505787+4822395-20220228@132307-Eden.fts -> s3://eden-data/RAW/LOT/2MASS_J11505787+4822395/2022-02-28/2MASS_J11505787+4822395-20220228@132307-Eden.fits (169/352)
Storing /home/altsai/eden/LOT20220228_2MASS_J11505787+4822395_mod/2MASS_J11505787+4822395-20220228@132331-Eden.fts -> s3://eden-data/RAW/LOT/2MASS_J11505787+4822395/2022-02-28/2MASS_J11505787+4822395-20220228@132331-Eden.fits (170/352)
Storing /home/altsai/eden/LOT20220228_2MASS_J11505787+4822395_mod/2MASS_J11505787+4822395-20220228@132353-Eden.fts -> s3://eden-data/RAW/LOT/2MASS_J11505787+4822395/2022-02-28/2MASS_J11505787+4822395-20220228@132353-Eden.fits (171/352)
Storing /home/altsai/eden/LOT20220228_2MASS_J11505787+4822395_mod/2MASS_J11505787+4822395-20220228@132415-Eden.fts -> s3://eden-data/RAW/LOT/2MASS_J11505787+4822395/2022-02-28/2MASS_J11505787+4822395-20220228@132415-Eden.fits (172/352)
Storing /home/altsai/eden/LOT20220228_2MASS_J11505787+4822395_mod/2MASS_J11505787+4822395-20220228@132438-Eden.fts -> s3://eden-data/RAW/LOT/2MASS_J11505787+4822395/2022-02-28/2MASS_J11505787+4822395-20220228@132438-Eden.fits (173/352)
Storing /home/altsai/eden/LOT20220228_2MASS_J11505787+4822395_mod/2MASS_J11505787+4822395-20220228@132501-Eden.fts -> s3://eden-data/RAW/LOT/2MASS_J11505787+4822395/2022-02-28/2MASS_J11505787+4822395-20220228@132501-Eden.fits (174/352)
Storing /home/altsai/eden/LOT20220228_2MASS_J11505787+4822395_mod/2MASS_J11505787+4822395-20220228@132523-Eden.fts -> s3://eden-data/RAW/LOT/2MASS_J11505787+4822395/2022-02-28/2MASS_J11505787+4822395-20220228@132523-Eden.fits (175/352)
Storing /home/altsai/eden/LOT20220228_2MASS_J11505787+4822395_mod/2MASS_J11505787+4822395-20220228@132544-Eden.fts -> s3://eden-data/RAW/LOT/2MASS_J11505787+4822395/2022-02-28/2MASS_J11505787+4822395-20220228@132544-Eden.fits (176/352)
Storing /home/altsai/eden/LOT20220228_2MASS_J11505787+4822395_mod/2MASS_J11505787+4822395-20220228@132606-Eden.fts -> s3://eden-data/RAW/LOT/2MASS_J11505787+4822395/2022-02-28/2MASS_J11505787+4822395-20220228@132606-Eden.fits (177/352)
Storing /home/altsai/eden/LOT20220228_2MASS_J11505787+4822395_mod/2MASS_J11505787+4822395-20220228@132628-Eden.fts -> s3://eden-data/RAW/LOT/2MASS_J11505787+4822395/2022-02-28/2MASS_J11505787+4822395-20220228@132628-Eden.fits (178/352)
Storing /home/altsai/eden/LOT20220228_2MASS_J11505787+4822395_mod/2MASS_J11505787+4822395-20220228@132650-Eden.fts -> s3://eden-data/RAW/LOT/2MASS_J11505787+4822395/2022-02-28/2MASS_J11505787+4822395-20220228@132650-Eden.fits (179/352)
Storing /home/altsai/eden/LOT20220228_2MASS_J11505787+4822395_mod/2MASS_J11505787+4822395-20220228@132711-Eden.fts -> s3://eden-data/RAW/LOT/2MASS_J11505787+4822395/2022-02-28/2MASS_J11505787+4822395-20220228@132711-Eden.fits (180/352)
Storing /home/altsai/eden/LOT20220228_2MASS_J11505787+4822395_mod/2MASS_J11505787+4822395-20220228@132733-Eden.fts -> s3://eden-data/RAW/LOT/2MASS_J11505787+4822395/2022-02-28/2MASS_J11505787+4822395-20220228@132733-Eden.fits (181/352)
Storing /home/altsai/eden/LOT20220228_2MASS_J11505787+4822395_mod/2MASS_J11505787+4822395-20220228@132754-Eden.fts -> s3://eden-data/RAW/LOT/2MASS_J11505787+4822395/2022-02-28/2MASS_J11505787+4822395-20220228@132754-Eden.fits (182/352)
Storing /home/altsai/eden/LOT20220228_2MASS_J11505787+4822395_mod/2MASS_J11505787+4822395-20220228@132816-Eden.fts -> s3://eden-data/RAW/LOT/2MASS_J11505787+4822395/2022-02-28/2MASS_J11505787+4822395-20220228@132816-Eden.fits (183/352)
Storing /home/altsai/eden/LOT20220228_2MASS_J11505787+4822395_mod/2MASS_J11505787+4822395-20220228@132838-Eden.fts -> s3://eden-data/RAW/LOT/2MASS_J11505787+4822395/2022-02-28/2MASS_J11505787+4822395-20220228@132838-Eden.fits (184/352)
Storing /home/altsai/eden/LOT20220228_2MASS_J11505787+4822395_mod/2MASS_J11505787+4822395-20220228@132859-Eden.fts -> s3://eden-data/RAW/LOT/2MASS_J11505787+4822395/2022-02-28/2MASS_J11505787+4822395-20220228@132859-Eden.fits (185/352)
Storing /home/altsai/eden/LOT20220228_2MASS_J11505787+4822395_mod/2MASS_J11505787+4822395-20220228@132921-Eden.fts -> s3://eden-data/RAW/LOT/2MASS_J11505787+4822395/2022-02-28/2MASS_J11505787+4822395-20220228@132921-Eden.fits (186/352)
Storing /home/altsai/eden/LOT20220228_2MASS_J11505787+4822395_mod/2MASS_J11505787+4822395-20220228@132944-Eden.fts -> s3://eden-data/RAW/LOT/2MASS_J11505787+4822395/2022-02-28/2MASS_J11505787+4822395-20220228@132944-Eden.fits (187/352)
Storing /home/altsai/eden/LOT20220228_2MASS_J11505787+4822395_mod/2MASS_J11505787+4822395-20220228@133006-Eden.fts -> s3://eden-data/RAW/LOT/2MASS_J11505787+4822395/2022-02-28/2MASS_J11505787+4822395-20220228@133006-Eden.fits (188/352)
Storing /home/altsai/eden/LOT20220228_2MASS_J11505787+4822395_mod/2MASS_J11505787+4822395-20220228@133027-Eden.fts -> s3://eden-data/RAW/LOT/2MASS_J11505787+4822395/2022-02-28/2MASS_J11505787+4822395-20220228@133027-Eden.fits (189/352)
Storing /home/altsai/eden/LOT20220228_2MASS_J11505787+4822395_mod/2MASS_J11505787+4822395-20220228@133048-Eden.fts -> s3://eden-data/RAW/LOT/2MASS_J11505787+4822395/2022-02-28/2MASS_J11505787+4822395-20220228@133048-Eden.fits (190/352)
Storing /home/altsai/eden/LOT20220228_2MASS_J11505787+4822395_mod/2MASS_J11505787+4822395-20220228@133110-Eden.fts -> s3://eden-data/RAW/LOT/2MASS_J11505787+4822395/2022-02-28/2MASS_J11505787+4822395-20220228@133110-Eden.fits (191/352)
Storing /home/altsai/eden/LOT20220228_2MASS_J11505787+4822395_mod/2MASS_J11505787+4822395-20220228@133133-Eden.fts -> s3://eden-data/RAW/LOT/2MASS_J11505787+4822395/2022-02-28/2MASS_J11505787+4822395-20220228@133133-Eden.fits (192/352)
Storing /home/altsai/eden/LOT20220228_2MASS_J11505787+4822395_mod/2MASS_J11505787+4822395-20220228@133156-Eden.fts -> s3://eden-data/RAW/LOT/2MASS_J11505787+4822395/2022-02-28/2MASS_J11505787+4822395-20220228@133156-Eden.fits (193/352)
Storing /home/altsai/eden/LOT20220228_2MASS_J11505787+4822395_mod/2MASS_J11505787+4822395-20220228@133218-Eden.fts -> s3://eden-data/RAW/LOT/2MASS_J11505787+4822395/2022-02-28/2MASS_J11505787+4822395-20220228@133218-Eden.fits (194/352)
Storing /home/altsai/eden/LOT20220228_2MASS_J11505787+4822395_mod/2MASS_J11505787+4822395-20220228@133239-Eden.fts -> s3://eden-data/RAW/LOT/2MASS_J11505787+4822395/2022-02-28/2MASS_J11505787+4822395-20220228@133239-Eden.fits (195/352)
Storing /home/altsai/eden/LOT20220228_2MASS_J11505787+4822395_mod/2MASS_J11505787+4822395-20220228@133302-Eden.fts -> s3://eden-data/RAW/LOT/2MASS_J11505787+4822395/2022-02-28/2MASS_J11505787+4822395-20220228@133302-Eden.fits (196/352)
Storing /home/altsai/eden/LOT20220228_2MASS_J11505787+4822395_mod/2MASS_J11505787+4822395-20220228@133323-Eden.fts -> s3://eden-data/RAW/LOT/2MASS_J11505787+4822395/2022-02-28/2MASS_J11505787+4822395-20220228@133323-Eden.fits (197/352)
Storing /home/altsai/eden/LOT20220228_2MASS_J11505787+4822395_mod/2MASS_J11505787+4822395-20220228@133345-Eden.fts -> s3://eden-data/RAW/LOT/2MASS_J11505787+4822395/2022-02-28/2MASS_J11505787+4822395-20220228@133345-Eden.fits (198/352)
Storing /home/altsai/eden/LOT20220228_2MASS_J11505787+4822395_mod/2MASS_J11505787+4822395-20220228@133407-Eden.fts -> s3://eden-data/RAW/LOT/2MASS_J11505787+4822395/2022-02-28/2MASS_J11505787+4822395-20220228@133407-Eden.fits (199/352)
Storing /home/altsai/eden/LOT20220228_2MASS_J11505787+4822395_mod/2MASS_J11505787+4822395-20220228@133428-Eden.fts -> s3://eden-data/RAW/LOT/2MASS_J11505787+4822395/2022-02-28/2MASS_J11505787+4822395-20220228@133428-Eden.fits (200/352)
Storing /home/altsai/eden/LOT20220228_2MASS_J11505787+4822395_mod/2MASS_J11505787+4822395-20220228@133448-Eden.fts -> s3://eden-data/RAW/LOT/2MASS_J11505787+4822395/2022-02-28/2MASS_J11505787+4822395-20220228@133448-Eden.fits (201/352)
Storing /home/altsai/eden/LOT20220228_2MASS_J11505787+4822395_mod/2MASS_J11505787+4822395-20220228@133512-Eden.fts -> s3://eden-data/RAW/LOT/2MASS_J11505787+4822395/2022-02-28/2MASS_J11505787+4822395-20220228@133512-Eden.fits (202/352)
Storing /home/altsai/eden/LOT20220228_2MASS_J11505787+4822395_mod/2MASS_J11505787+4822395-20220228@133536-Eden.fts -> s3://eden-data/RAW/LOT/2MASS_J11505787+4822395/2022-02-28/2MASS_J11505787+4822395-20220228@133536-Eden.fits (203/352)
Storing /home/altsai/eden/LOT20220228_2MASS_J11505787+4822395_mod/2MASS_J11505787+4822395-20220228@133558-Eden.fts -> s3://eden-data/RAW/LOT/2MASS_J11505787+4822395/2022-02-28/2MASS_J11505787+4822395-20220228@133558-Eden.fits (204/352)
Storing /home/altsai/eden/LOT20220228_2MASS_J11505787+4822395_mod/2MASS_J11505787+4822395-20220228@133619-Eden.fts -> s3://eden-data/RAW/LOT/2MASS_J11505787+4822395/2022-02-28/2MASS_J11505787+4822395-20220228@133619-Eden.fits (205/352)
Storing /home/altsai/eden/LOT20220228_2MASS_J11505787+4822395_mod/2MASS_J11505787+4822395-20220228@133642-Eden.fts -> s3://eden-data/RAW/LOT/2MASS_J11505787+4822395/2022-02-28/2MASS_J11505787+4822395-20220228@133642-Eden.fits (206/352)
Storing /home/altsai/eden/LOT20220228_2MASS_J11505787+4822395_mod/2MASS_J11505787+4822395-20220228@133706-Eden.fts -> s3://eden-data/RAW/LOT/2MASS_J11505787+4822395/2022-02-28/2MASS_J11505787+4822395-20220228@133706-Eden.fits (207/352)
Storing /home/altsai/eden/LOT20220228_2MASS_J11505787+4822395_mod/2MASS_J11505787+4822395-20220228@133729-Eden.fts -> s3://eden-data/RAW/LOT/2MASS_J11505787+4822395/2022-02-28/2MASS_J11505787+4822395-20220228@133729-Eden.fits (208/352)
Storing /home/altsai/eden/LOT20220228_2MASS_J11505787+4822395_mod/2MASS_J11505787+4822395-20220228@133750-Eden.fts -> s3://eden-data/RAW/LOT/2MASS_J11505787+4822395/2022-02-28/2MASS_J11505787+4822395-20220228@133750-Eden.fits (209/352)
Storing /home/altsai/eden/LOT20220228_2MASS_J11505787+4822395_mod/2MASS_J11505787+4822395-20220228@133813-Eden.fts -> s3://eden-data/RAW/LOT/2MASS_J11505787+4822395/2022-02-28/2MASS_J11505787+4822395-20220228@133813-Eden.fits (210/352)
Storing /home/altsai/eden/LOT20220228_2MASS_J11505787+4822395_mod/2MASS_J11505787+4822395-20220228@133836-Eden.fts -> s3://eden-data/RAW/LOT/2MASS_J11505787+4822395/2022-02-28/2MASS_J11505787+4822395-20220228@133836-Eden.fits (211/352)
Storing /home/altsai/eden/LOT20220228_2MASS_J11505787+4822395_mod/2MASS_J11505787+4822395-20220228@133858-Eden.fts -> s3://eden-data/RAW/LOT/2MASS_J11505787+4822395/2022-02-28/2MASS_J11505787+4822395-20220228@133858-Eden.fits (212/352)
Storing /home/altsai/eden/LOT20220228_2MASS_J11505787+4822395_mod/2MASS_J11505787+4822395-20220228@133919-Eden.fts -> s3://eden-data/RAW/LOT/2MASS_J11505787+4822395/2022-02-28/2MASS_J11505787+4822395-20220228@133919-Eden.fits (213/352)
Storing /home/altsai/eden/LOT20220228_2MASS_J11505787+4822395_mod/2MASS_J11505787+4822395-20220228@133942-Eden.fts -> s3://eden-data/RAW/LOT/2MASS_J11505787+4822395/2022-02-28/2MASS_J11505787+4822395-20220228@133942-Eden.fits (214/352)
Storing /home/altsai/eden/LOT20220228_2MASS_J11505787+4822395_mod/2MASS_J11505787+4822395-20220228@134003-Eden.fts -> s3://eden-data/RAW/LOT/2MASS_J11505787+4822395/2022-02-28/2MASS_J11505787+4822395-20220228@134003-Eden.fits (215/352)
Storing /home/altsai/eden/LOT20220228_2MASS_J11505787+4822395_mod/2MASS_J11505787+4822395-20220228@134026-Eden.fts -> s3://eden-data/RAW/LOT/2MASS_J11505787+4822395/2022-02-28/2MASS_J11505787+4822395-20220228@134026-Eden.fits (216/352)
Storing /home/altsai/eden/LOT20220228_2MASS_J11505787+4822395_mod/2MASS_J11505787+4822395-20220228@134048-Eden.fts -> s3://eden-data/RAW/LOT/2MASS_J11505787+4822395/2022-02-28/2MASS_J11505787+4822395-20220228@134048-Eden.fits (217/352)
Storing /home/altsai/eden/LOT20220228_2MASS_J11505787+4822395_mod/2MASS_J11505787+4822395-20220228@134109-Eden.fts -> s3://eden-data/RAW/LOT/2MASS_J11505787+4822395/2022-02-28/2MASS_J11505787+4822395-20220228@134109-Eden.fits (218/352)
Storing /home/altsai/eden/LOT20220228_2MASS_J11505787+4822395_mod/2MASS_J11505787+4822395-20220228@134132-Eden.fts -> s3://eden-data/RAW/LOT/2MASS_J11505787+4822395/2022-02-28/2MASS_J11505787+4822395-20220228@134132-Eden.fits (219/352)
Storing /home/altsai/eden/LOT20220228_2MASS_J11505787+4822395_mod/2MASS_J11505787+4822395-20220228@134153-Eden.fts -> s3://eden-data/RAW/LOT/2MASS_J11505787+4822395/2022-02-28/2MASS_J11505787+4822395-20220228@134153-Eden.fits (220/352)
Storing /home/altsai/eden/LOT20220228_2MASS_J11505787+4822395_mod/2MASS_J11505787+4822395-20220228@134216-Eden.fts -> s3://eden-data/RAW/LOT/2MASS_J11505787+4822395/2022-02-28/2MASS_J11505787+4822395-20220228@134216-Eden.fits (221/352)
Storing /home/altsai/eden/LOT20220228_2MASS_J11505787+4822395_mod/2MASS_J11505787+4822395-20220228@134239-Eden.fts -> s3://eden-data/RAW/LOT/2MASS_J11505787+4822395/2022-02-28/2MASS_J11505787+4822395-20220228@134239-Eden.fits (222/352)
Storing /home/altsai/eden/LOT20220228_2MASS_J11505787+4822395_mod/2MASS_J11505787+4822395-20220228@134302-Eden.fts -> s3://eden-data/RAW/LOT/2MASS_J11505787+4822395/2022-02-28/2MASS_J11505787+4822395-20220228@134302-Eden.fits (223/352)
Storing /home/altsai/eden/LOT20220228_2MASS_J11505787+4822395_mod/2MASS_J11505787+4822395-20220228@134326-Eden.fts -> s3://eden-data/RAW/LOT/2MASS_J11505787+4822395/2022-02-28/2MASS_J11505787+4822395-20220228@134326-Eden.fits (224/352)
Storing /home/altsai/eden/LOT20220228_2MASS_J11505787+4822395_mod/2MASS_J11505787+4822395-20220228@134348-Eden.fts -> s3://eden-data/RAW/LOT/2MASS_J11505787+4822395/2022-02-28/2MASS_J11505787+4822395-20220228@134348-Eden.fits (225/352)
Storing /home/altsai/eden/LOT20220228_2MASS_J11505787+4822395_mod/2MASS_J11505787+4822395-20220228@134411-Eden.fts -> s3://eden-data/RAW/LOT/2MASS_J11505787+4822395/2022-02-28/2MASS_J11505787+4822395-20220228@134411-Eden.fits (226/352)
Storing /home/altsai/eden/LOT20220228_2MASS_J11505787+4822395_mod/2MASS_J11505787+4822395-20220228@134433-Eden.fts -> s3://eden-data/RAW/LOT/2MASS_J11505787+4822395/2022-02-28/2MASS_J11505787+4822395-20220228@134433-Eden.fits (227/352)
Storing /home/altsai/eden/LOT20220228_2MASS_J11505787+4822395_mod/2MASS_J11505787+4822395-20220228@134455-Eden.fts -> s3://eden-data/RAW/LOT/2MASS_J11505787+4822395/2022-02-28/2MASS_J11505787+4822395-20220228@134455-Eden.fits (228/352)
Storing /home/altsai/eden/LOT20220228_2MASS_J11505787+4822395_mod/2MASS_J11505787+4822395-20220228@134517-Eden.fts -> s3://eden-data/RAW/LOT/2MASS_J11505787+4822395/2022-02-28/2MASS_J11505787+4822395-20220228@134517-Eden.fits (229/352)
Storing /home/altsai/eden/LOT20220228_2MASS_J11505787+4822395_mod/2MASS_J11505787+4822395-20220228@134539-Eden.fts -> s3://eden-data/RAW/LOT/2MASS_J11505787+4822395/2022-02-28/2MASS_J11505787+4822395-20220228@134539-Eden.fits (230/352)
Storing /home/altsai/eden/LOT20220228_2MASS_J11505787+4822395_mod/2MASS_J11505787+4822395-20220228@134601-Eden.fts -> s3://eden-data/RAW/LOT/2MASS_J11505787+4822395/2022-02-28/2MASS_J11505787+4822395-20220228@134601-Eden.fits (231/352)
Storing /home/altsai/eden/LOT20220228_2MASS_J11505787+4822395_mod/2MASS_J11505787+4822395-20220228@134623-Eden.fts -> s3://eden-data/RAW/LOT/2MASS_J11505787+4822395/2022-02-28/2MASS_J11505787+4822395-20220228@134623-Eden.fits (232/352)
Storing /home/altsai/eden/LOT20220228_2MASS_J11505787+4822395_mod/2MASS_J11505787+4822395-20220228@134647-Eden.fts -> s3://eden-data/RAW/LOT/2MASS_J11505787+4822395/2022-02-28/2MASS_J11505787+4822395-20220228@134647-Eden.fits (233/352)
Storing /home/altsai/eden/LOT20220228_2MASS_J11505787+4822395_mod/2MASS_J11505787+4822395-20220228@134709-Eden.fts -> s3://eden-data/RAW/LOT/2MASS_J11505787+4822395/2022-02-28/2MASS_J11505787+4822395-20220228@134709-Eden.fits (234/352)
Storing /home/altsai/eden/LOT20220228_2MASS_J11505787+4822395_mod/2MASS_J11505787+4822395-20220228@134730-Eden.fts -> s3://eden-data/RAW/LOT/2MASS_J11505787+4822395/2022-02-28/2MASS_J11505787+4822395-20220228@134730-Eden.fits (235/352)
Storing /home/altsai/eden/LOT20220228_2MASS_J11505787+4822395_mod/2MASS_J11505787+4822395-20220228@134752-Eden.fts -> s3://eden-data/RAW/LOT/2MASS_J11505787+4822395/2022-02-28/2MASS_J11505787+4822395-20220228@134752-Eden.fits (236/352)
Storing /home/altsai/eden/LOT20220228_2MASS_J11505787+4822395_mod/2MASS_J11505787+4822395-20220228@134815-Eden.fts -> s3://eden-data/RAW/LOT/2MASS_J11505787+4822395/2022-02-28/2MASS_J11505787+4822395-20220228@134815-Eden.fits (237/352)
Storing /home/altsai/eden/LOT20220228_2MASS_J11505787+4822395_mod/2MASS_J11505787+4822395-20220228@134837-Eden.fts -> s3://eden-data/RAW/LOT/2MASS_J11505787+4822395/2022-02-28/2MASS_J11505787+4822395-20220228@134837-Eden.fits (238/352)
Storing /home/altsai/eden/LOT20220228_2MASS_J11505787+4822395_mod/2MASS_J11505787+4822395-20220228@134900-Eden.fts -> s3://eden-data/RAW/LOT/2MASS_J11505787+4822395/2022-02-28/2MASS_J11505787+4822395-20220228@134900-Eden.fits (239/352)
Storing /home/altsai/eden/LOT20220228_2MASS_J11505787+4822395_mod/2MASS_J11505787+4822395-20220228@134922-Eden.fts -> s3://eden-data/RAW/LOT/2MASS_J11505787+4822395/2022-02-28/2MASS_J11505787+4822395-20220228@134922-Eden.fits (240/352)
Storing /home/altsai/eden/LOT20220228_2MASS_J11505787+4822395_mod/2MASS_J11505787+4822395-20220228@134945-Eden.fts -> s3://eden-data/RAW/LOT/2MASS_J11505787+4822395/2022-02-28/2MASS_J11505787+4822395-20220228@134945-Eden.fits (241/352)
Storing /home/altsai/eden/LOT20220228_2MASS_J11505787+4822395_mod/2MASS_J11505787+4822395-20220228@135007-Eden.fts -> s3://eden-data/RAW/LOT/2MASS_J11505787+4822395/2022-02-28/2MASS_J11505787+4822395-20220228@135007-Eden.fits (242/352)
Storing /home/altsai/eden/LOT20220228_2MASS_J11505787+4822395_mod/2MASS_J11505787+4822395-20220228@135030-Eden.fts -> s3://eden-data/RAW/LOT/2MASS_J11505787+4822395/2022-02-28/2MASS_J11505787+4822395-20220228@135030-Eden.fits (243/352)
Storing /home/altsai/eden/LOT20220228_2MASS_J11505787+4822395_mod/2MASS_J11505787+4822395-20220228@135052-Eden.fts -> s3://eden-data/RAW/LOT/2MASS_J11505787+4822395/2022-02-28/2MASS_J11505787+4822395-20220228@135052-Eden.fits (244/352)
Storing /home/altsai/eden/LOT20220228_2MASS_J11505787+4822395_mod/2MASS_J11505787+4822395-20220228@135114-Eden.fts -> s3://eden-data/RAW/LOT/2MASS_J11505787+4822395/2022-02-28/2MASS_J11505787+4822395-20220228@135114-Eden.fits (245/352)
Storing /home/altsai/eden/LOT20220228_2MASS_J11505787+4822395_mod/2MASS_J11505787+4822395-20220228@135136-Eden.fts -> s3://eden-data/RAW/LOT/2MASS_J11505787+4822395/2022-02-28/2MASS_J11505787+4822395-20220228@135136-Eden.fits (246/352)
Storing /home/altsai/eden/LOT20220228_2MASS_J11505787+4822395_mod/2MASS_J11505787+4822395-20220228@135158-Eden.fts -> s3://eden-data/RAW/LOT/2MASS_J11505787+4822395/2022-02-28/2MASS_J11505787+4822395-20220228@135158-Eden.fits (247/352)
Storing /home/altsai/eden/LOT20220228_2MASS_J11505787+4822395_mod/2MASS_J11505787+4822395-20220228@135220-Eden.fts -> s3://eden-data/RAW/LOT/2MASS_J11505787+4822395/2022-02-28/2MASS_J11505787+4822395-20220228@135220-Eden.fits (248/352)
Storing /home/altsai/eden/LOT20220228_2MASS_J11505787+4822395_mod/2MASS_J11505787+4822395-20220228@135241-Eden.fts -> s3://eden-data/RAW/LOT/2MASS_J11505787+4822395/2022-02-28/2MASS_J11505787+4822395-20220228@135241-Eden.fits (249/352)
Storing /home/altsai/eden/LOT20220228_2MASS_J11505787+4822395_mod/2MASS_J11505787+4822395-20220228@135303-Eden.fts -> s3://eden-data/RAW/LOT/2MASS_J11505787+4822395/2022-02-28/2MASS_J11505787+4822395-20220228@135303-Eden.fits (250/352)
Storing /home/altsai/eden/LOT20220228_2MASS_J11505787+4822395_mod/2MASS_J11505787+4822395-20220228@135324-Eden.fts -> s3://eden-data/RAW/LOT/2MASS_J11505787+4822395/2022-02-28/2MASS_J11505787+4822395-20220228@135324-Eden.fits (251/352)
Storing /home/altsai/eden/LOT20220228_2MASS_J11505787+4822395_mod/2MASS_J11505787+4822395-20220228@135345-Eden.fts -> s3://eden-data/RAW/LOT/2MASS_J11505787+4822395/2022-02-28/2MASS_J11505787+4822395-20220228@135345-Eden.fits (252/352)
Storing /home/altsai/eden/LOT20220228_2MASS_J11505787+4822395_mod/2MASS_J11505787+4822395-20220228@135407-Eden.fts -> s3://eden-data/RAW/LOT/2MASS_J11505787+4822395/2022-02-28/2MASS_J11505787+4822395-20220228@135407-Eden.fits (253/352)
Storing /home/altsai/eden/LOT20220228_2MASS_J11505787+4822395_mod/2MASS_J11505787+4822395-20220228@135429-Eden.fts -> s3://eden-data/RAW/LOT/2MASS_J11505787+4822395/2022-02-28/2MASS_J11505787+4822395-20220228@135429-Eden.fits (254/352)
Storing /home/altsai/eden/LOT20220228_2MASS_J11505787+4822395_mod/2MASS_J11505787+4822395-20220228@135452-Eden.fts -> s3://eden-data/RAW/LOT/2MASS_J11505787+4822395/2022-02-28/2MASS_J11505787+4822395-20220228@135452-Eden.fits (255/352)
Storing /home/altsai/eden/LOT20220228_2MASS_J11505787+4822395_mod/2MASS_J11505787+4822395-20220228@135515-Eden.fts -> s3://eden-data/RAW/LOT/2MASS_J11505787+4822395/2022-02-28/2MASS_J11505787+4822395-20220228@135515-Eden.fits (256/352)
Storing /home/altsai/eden/LOT20220228_2MASS_J11505787+4822395_mod/2MASS_J11505787+4822395-20220228@135537-Eden.fts -> s3://eden-data/RAW/LOT/2MASS_J11505787+4822395/2022-02-28/2MASS_J11505787+4822395-20220228@135537-Eden.fits (257/352)
Storing /home/altsai/eden/LOT20220228_2MASS_J11505787+4822395_mod/2MASS_J11505787+4822395-20220228@135559-Eden.fts -> s3://eden-data/RAW/LOT/2MASS_J11505787+4822395/2022-02-28/2MASS_J11505787+4822395-20220228@135559-Eden.fits (258/352)
Storing /home/altsai/eden/LOT20220228_2MASS_J11505787+4822395_mod/2MASS_J11505787+4822395-20220228@135620-Eden.fts -> s3://eden-data/RAW/LOT/2MASS_J11505787+4822395/2022-02-28/2MASS_J11505787+4822395-20220228@135620-Eden.fits (259/352)
Storing /home/altsai/eden/LOT20220228_2MASS_J11505787+4822395_mod/2MASS_J11505787+4822395-20220228@135641-Eden.fts -> s3://eden-data/RAW/LOT/2MASS_J11505787+4822395/2022-02-28/2MASS_J11505787+4822395-20220228@135641-Eden.fits (260/352)
Storing /home/altsai/eden/LOT20220228_2MASS_J11505787+4822395_mod/2MASS_J11505787+4822395-20220228@135702-Eden.fts -> s3://eden-data/RAW/LOT/2MASS_J11505787+4822395/2022-02-28/2MASS_J11505787+4822395-20220228@135702-Eden.fits (261/352)
Storing /home/altsai/eden/LOT20220228_2MASS_J11505787+4822395_mod/2MASS_J11505787+4822395-20220228@135725-Eden.fts -> s3://eden-data/RAW/LOT/2MASS_J11505787+4822395/2022-02-28/2MASS_J11505787+4822395-20220228@135725-Eden.fits (262/352)
Storing /home/altsai/eden/LOT20220228_2MASS_J11505787+4822395_mod/2MASS_J11505787+4822395-20220228@135746-Eden.fts -> s3://eden-data/RAW/LOT/2MASS_J11505787+4822395/2022-02-28/2MASS_J11505787+4822395-20220228@135746-Eden.fits (263/352)
Storing /home/altsai/eden/LOT20220228_2MASS_J11505787+4822395_mod/2MASS_J11505787+4822395-20220228@135809-Eden.fts -> s3://eden-data/RAW/LOT/2MASS_J11505787+4822395/2022-02-28/2MASS_J11505787+4822395-20220228@135809-Eden.fits (264/352)
Storing /home/altsai/eden/LOT20220228_2MASS_J11505787+4822395_mod/2MASS_J11505787+4822395-20220228@135831-Eden.fts -> s3://eden-data/RAW/LOT/2MASS_J11505787+4822395/2022-02-28/2MASS_J11505787+4822395-20220228@135831-Eden.fits (265/352)
Storing /home/altsai/eden/LOT20220228_2MASS_J11505787+4822395_mod/2MASS_J11505787+4822395-20220228@135853-Eden.fts -> s3://eden-data/RAW/LOT/2MASS_J11505787+4822395/2022-02-28/2MASS_J11505787+4822395-20220228@135853-Eden.fits (266/352)
Storing /home/altsai/eden/LOT20220228_2MASS_J11505787+4822395_mod/2MASS_J11505787+4822395-20220228@135917-Eden.fts -> s3://eden-data/RAW/LOT/2MASS_J11505787+4822395/2022-02-28/2MASS_J11505787+4822395-20220228@135917-Eden.fits (267/352)
Storing /home/altsai/eden/LOT20220228_2MASS_J11505787+4822395_mod/2MASS_J11505787+4822395-20220228@135940-Eden.fts -> s3://eden-data/RAW/LOT/2MASS_J11505787+4822395/2022-02-28/2MASS_J11505787+4822395-20220228@135940-Eden.fits (268/352)
Storing /home/altsai/eden/LOT20220228_2MASS_J11505787+4822395_mod/2MASS_J11505787+4822395-20220228@140001-Eden.fts -> s3://eden-data/RAW/LOT/2MASS_J11505787+4822395/2022-02-28/2MASS_J11505787+4822395-20220228@140001-Eden.fits (269/352)
Storing /home/altsai/eden/LOT20220228_2MASS_J11505787+4822395_mod/2MASS_J11505787+4822395-20220228@140023-Eden.fts -> s3://eden-data/RAW/LOT/2MASS_J11505787+4822395/2022-02-28/2MASS_J11505787+4822395-20220228@140023-Eden.fits (270/352)
Storing /home/altsai/eden/LOT20220228_2MASS_J11505787+4822395_mod/2MASS_J11505787+4822395-20220228@140045-Eden.fts -> s3://eden-data/RAW/LOT/2MASS_J11505787+4822395/2022-02-28/2MASS_J11505787+4822395-20220228@140045-Eden.fits (271/352)
Storing /home/altsai/eden/LOT20220228_2MASS_J11505787+4822395_mod/2MASS_J11505787+4822395-20220228@140106-Eden.fts -> s3://eden-data/RAW/LOT/2MASS_J11505787+4822395/2022-02-28/2MASS_J11505787+4822395-20220228@140106-Eden.fits (272/352)
Storing /home/altsai/eden/LOT20220228_2MASS_J11505787+4822395_mod/2MASS_J11505787+4822395-20220228@140130-Eden.fts -> s3://eden-data/RAW/LOT/2MASS_J11505787+4822395/2022-02-28/2MASS_J11505787+4822395-20220228@140130-Eden.fits (273/352)
Storing /home/altsai/eden/LOT20220228_2MASS_J11505787+4822395_mod/2MASS_J11505787+4822395-20220228@140153-Eden.fts -> s3://eden-data/RAW/LOT/2MASS_J11505787+4822395/2022-02-28/2MASS_J11505787+4822395-20220228@140153-Eden.fits (274/352)
Storing /home/altsai/eden/LOT20220228_2MASS_J11505787+4822395_mod/2MASS_J11505787+4822395-20220228@140215-Eden.fts -> s3://eden-data/RAW/LOT/2MASS_J11505787+4822395/2022-02-28/2MASS_J11505787+4822395-20220228@140215-Eden.fits (275/352)
Storing /home/altsai/eden/LOT20220228_2MASS_J11505787+4822395_mod/2MASS_J11505787+4822395-20220228@140239-Eden.fts -> s3://eden-data/RAW/LOT/2MASS_J11505787+4822395/2022-02-28/2MASS_J11505787+4822395-20220228@140239-Eden.fits (276/352)
Storing /home/altsai/eden/LOT20220228_2MASS_J11505787+4822395_mod/2MASS_J11505787+4822395-20220228@140301-Eden.fts -> s3://eden-data/RAW/LOT/2MASS_J11505787+4822395/2022-02-28/2MASS_J11505787+4822395-20220228@140301-Eden.fits (277/352)
Storing /home/altsai/eden/LOT20220228_2MASS_J11505787+4822395_mod/2MASS_J11505787+4822395-20220228@140324-Eden.fts -> s3://eden-data/RAW/LOT/2MASS_J11505787+4822395/2022-02-28/2MASS_J11505787+4822395-20220228@140324-Eden.fits (278/352)
Storing /home/altsai/eden/LOT20220228_2MASS_J11505787+4822395_mod/2MASS_J11505787+4822395-20220228@140347-Eden.fts -> s3://eden-data/RAW/LOT/2MASS_J11505787+4822395/2022-02-28/2MASS_J11505787+4822395-20220228@140347-Eden.fits (279/352)
Storing /home/altsai/eden/LOT20220228_2MASS_J11505787+4822395_mod/2MASS_J11505787+4822395-20220228@140410-Eden.fts -> s3://eden-data/RAW/LOT/2MASS_J11505787+4822395/2022-02-28/2MASS_J11505787+4822395-20220228@140410-Eden.fits (280/352)
Storing /home/altsai/eden/LOT20220228_2MASS_J11505787+4822395_mod/2MASS_J11505787+4822395-20220228@140432-Eden.fts -> s3://eden-data/RAW/LOT/2MASS_J11505787+4822395/2022-02-28/2MASS_J11505787+4822395-20220228@140432-Eden.fits (281/352)
Storing /home/altsai/eden/LOT20220228_2MASS_J11505787+4822395_mod/2MASS_J11505787+4822395-20220228@140454-Eden.fts -> s3://eden-data/RAW/LOT/2MASS_J11505787+4822395/2022-02-28/2MASS_J11505787+4822395-20220228@140454-Eden.fits (282/352)
Storing /home/altsai/eden/LOT20220228_2MASS_J11505787+4822395_mod/2MASS_J11505787+4822395-20220228@140517-Eden.fts -> s3://eden-data/RAW/LOT/2MASS_J11505787+4822395/2022-02-28/2MASS_J11505787+4822395-20220228@140517-Eden.fits (283/352)
Storing /home/altsai/eden/LOT20220228_2MASS_J11505787+4822395_mod/2MASS_J11505787+4822395-20220228@140540-Eden.fts -> s3://eden-data/RAW/LOT/2MASS_J11505787+4822395/2022-02-28/2MASS_J11505787+4822395-20220228@140540-Eden.fits (284/352)
Storing /home/altsai/eden/LOT20220228_2MASS_J11505787+4822395_mod/2MASS_J11505787+4822395-20220228@140602-Eden.fts -> s3://eden-data/RAW/LOT/2MASS_J11505787+4822395/2022-02-28/2MASS_J11505787+4822395-20220228@140602-Eden.fits (285/352)
Storing /home/altsai/eden/LOT20220228_2MASS_J11505787+4822395_mod/2MASS_J11505787+4822395-20220228@140624-Eden.fts -> s3://eden-data/RAW/LOT/2MASS_J11505787+4822395/2022-02-28/2MASS_J11505787+4822395-20220228@140624-Eden.fits (286/352)
Storing /home/altsai/eden/LOT20220228_2MASS_J11505787+4822395_mod/2MASS_J11505787+4822395-20220228@140646-Eden.fts -> s3://eden-data/RAW/LOT/2MASS_J11505787+4822395/2022-02-28/2MASS_J11505787+4822395-20220228@140646-Eden.fits (287/352)
Storing /home/altsai/eden/LOT20220228_2MASS_J11505787+4822395_mod/2MASS_J11505787+4822395-20220228@140707-Eden.fts -> s3://eden-data/RAW/LOT/2MASS_J11505787+4822395/2022-02-28/2MASS_J11505787+4822395-20220228@140707-Eden.fits (288/352)
Storing /home/altsai/eden/LOT20220228_2MASS_J11505787+4822395_mod/2MASS_J11505787+4822395-20220228@140729-Eden.fts -> s3://eden-data/RAW/LOT/2MASS_J11505787+4822395/2022-02-28/2MASS_J11505787+4822395-20220228@140729-Eden.fits (289/352)
Storing /home/altsai/eden/LOT20220228_2MASS_J11505787+4822395_mod/2MASS_J11505787+4822395-20220228@140751-Eden.fts -> s3://eden-data/RAW/LOT/2MASS_J11505787+4822395/2022-02-28/2MASS_J11505787+4822395-20220228@140751-Eden.fits (290/352)
Storing /home/altsai/eden/LOT20220228_2MASS_J11505787+4822395_mod/2MASS_J11505787+4822395-20220228@140813-Eden.fts -> s3://eden-data/RAW/LOT/2MASS_J11505787+4822395/2022-02-28/2MASS_J11505787+4822395-20220228@140813-Eden.fits (291/352)
Storing /home/altsai/eden/LOT20220228_2MASS_J11505787+4822395_mod/2MASS_J11505787+4822395-20220228@140835-Eden.fts -> s3://eden-data/RAW/LOT/2MASS_J11505787+4822395/2022-02-28/2MASS_J11505787+4822395-20220228@140835-Eden.fits (292/352)
Storing /home/altsai/eden/LOT20220228_2MASS_J11505787+4822395_mod/2MASS_J11505787+4822395-20220228@140857-Eden.fts -> s3://eden-data/RAW/LOT/2MASS_J11505787+4822395/2022-02-28/2MASS_J11505787+4822395-20220228@140857-Eden.fits (293/352)
Storing /home/altsai/eden/LOT20220228_2MASS_J11505787+4822395_mod/2MASS_J11505787+4822395-20220228@140920-Eden.fts -> s3://eden-data/RAW/LOT/2MASS_J11505787+4822395/2022-02-28/2MASS_J11505787+4822395-20220228@140920-Eden.fits (294/352)
Storing /home/altsai/eden/LOT20220228_2MASS_J11505787+4822395_mod/2MASS_J11505787+4822395-20220228@140941-Eden.fts -> s3://eden-data/RAW/LOT/2MASS_J11505787+4822395/2022-02-28/2MASS_J11505787+4822395-20220228@140941-Eden.fits (295/352)
Storing /home/altsai/eden/LOT20220228_2MASS_J11505787+4822395_mod/2MASS_J11505787+4822395-20220228@141003-Eden.fts -> s3://eden-data/RAW/LOT/2MASS_J11505787+4822395/2022-02-28/2MASS_J11505787+4822395-20220228@141003-Eden.fits (296/352)
Storing /home/altsai/eden/LOT20220228_2MASS_J11505787+4822395_mod/2MASS_J11505787+4822395-20220228@141025-Eden.fts -> s3://eden-data/RAW/LOT/2MASS_J11505787+4822395/2022-02-28/2MASS_J11505787+4822395-20220228@141025-Eden.fits (297/352)
Storing /home/altsai/eden/LOT20220228_2MASS_J11505787+4822395_mod/2MASS_J11505787+4822395-20220228@141047-Eden.fts -> s3://eden-data/RAW/LOT/2MASS_J11505787+4822395/2022-02-28/2MASS_J11505787+4822395-20220228@141047-Eden.fits (298/352)
Storing /home/altsai/eden/LOT20220228_2MASS_J11505787+4822395_mod/2MASS_J11505787+4822395-20220228@141110-Eden.fts -> s3://eden-data/RAW/LOT/2MASS_J11505787+4822395/2022-02-28/2MASS_J11505787+4822395-20220228@141110-Eden.fits (299/352)
Storing /home/altsai/eden/LOT20220228_2MASS_J11505787+4822395_mod/2MASS_J11505787+4822395-20220228@141134-Eden.fts -> s3://eden-data/RAW/LOT/2MASS_J11505787+4822395/2022-02-28/2MASS_J11505787+4822395-20220228@141134-Eden.fits (300/352)
Storing /home/altsai/eden/LOT20220228_2MASS_J11505787+4822395_mod/2MASS_J11505787+4822395-20220228@141158-Eden.fts -> s3://eden-data/RAW/LOT/2MASS_J11505787+4822395/2022-02-28/2MASS_J11505787+4822395-20220228@141158-Eden.fits (301/352)
Storing /home/altsai/eden/LOT20220228_2MASS_J11505787+4822395_mod/2MASS_J11505787+4822395-20220228@141222-Eden.fts -> s3://eden-data/RAW/LOT/2MASS_J11505787+4822395/2022-02-28/2MASS_J11505787+4822395-20220228@141222-Eden.fits (302/352)
Storing /home/altsai/eden/LOT20220228_2MASS_J11505787+4822395_mod/2MASS_J11505787+4822395-20220228@141245-Eden.fts -> s3://eden-data/RAW/LOT/2MASS_J11505787+4822395/2022-02-28/2MASS_J11505787+4822395-20220228@141245-Eden.fits (303/352)
Storing /home/altsai/eden/LOT20220228_2MASS_J11505787+4822395_mod/2MASS_J11505787+4822395-20220228@141307-Eden.fts -> s3://eden-data/RAW/LOT/2MASS_J11505787+4822395/2022-02-28/2MASS_J11505787+4822395-20220228@141307-Eden.fits (304/352)
Storing /home/altsai/eden/LOT20220228_2MASS_J11505787+4822395_mod/2MASS_J11505787+4822395-20220228@141331-Eden.fts -> s3://eden-data/RAW/LOT/2MASS_J11505787+4822395/2022-02-28/2MASS_J11505787+4822395-20220228@141331-Eden.fits (305/352)
Storing /home/altsai/eden/LOT20220228_2MASS_J11505787+4822395_mod/2MASS_J11505787+4822395-20220228@141354-Eden.fts -> s3://eden-data/RAW/LOT/2MASS_J11505787+4822395/2022-02-28/2MASS_J11505787+4822395-20220228@141354-Eden.fits (306/352)
Storing /home/altsai/eden/LOT20220228_2MASS_J11505787+4822395_mod/2MASS_J11505787+4822395-20220228@141417-Eden.fts -> s3://eden-data/RAW/LOT/2MASS_J11505787+4822395/2022-02-28/2MASS_J11505787+4822395-20220228@141417-Eden.fits (307/352)
Storing /home/altsai/eden/LOT20220228_2MASS_J11505787+4822395_mod/2MASS_J11505787+4822395-20220228@141439-Eden.fts -> s3://eden-data/RAW/LOT/2MASS_J11505787+4822395/2022-02-28/2MASS_J11505787+4822395-20220228@141439-Eden.fits (308/352)
Storing /home/altsai/eden/LOT20220228_2MASS_J11505787+4822395_mod/2MASS_J11505787+4822395-20220228@141502-Eden.fts -> s3://eden-data/RAW/LOT/2MASS_J11505787+4822395/2022-02-28/2MASS_J11505787+4822395-20220228@141502-Eden.fits (309/352)
Storing /home/altsai/eden/LOT20220228_2MASS_J11505787+4822395_mod/2MASS_J11505787+4822395-20220228@141523-Eden.fts -> s3://eden-data/RAW/LOT/2MASS_J11505787+4822395/2022-02-28/2MASS_J11505787+4822395-20220228@141523-Eden.fits (310/352)
Storing /home/altsai/eden/LOT20220228_2MASS_J11505787+4822395_mod/2MASS_J11505787+4822395-20220228@141545-Eden.fts -> s3://eden-data/RAW/LOT/2MASS_J11505787+4822395/2022-02-28/2MASS_J11505787+4822395-20220228@141545-Eden.fits (311/352)
Storing /home/altsai/eden/LOT20220228_2MASS_J11505787+4822395_mod/2MASS_J11505787+4822395-20220228@141607-Eden.fts -> s3://eden-data/RAW/LOT/2MASS_J11505787+4822395/2022-02-28/2MASS_J11505787+4822395-20220228@141607-Eden.fits (312/352)
Storing /home/altsai/eden/LOT20220228_2MASS_J11505787+4822395_mod/2MASS_J11505787+4822395-20220228@141629-Eden.fts -> s3://eden-data/RAW/LOT/2MASS_J11505787+4822395/2022-02-28/2MASS_J11505787+4822395-20220228@141629-Eden.fits (313/352)
Storing /home/altsai/eden/LOT20220228_2MASS_J11505787+4822395_mod/2MASS_J11505787+4822395-20220228@141653-Eden.fts -> s3://eden-data/RAW/LOT/2MASS_J11505787+4822395/2022-02-28/2MASS_J11505787+4822395-20220228@141653-Eden.fits (314/352)
Storing /home/altsai/eden/LOT20220228_2MASS_J11505787+4822395_mod/2MASS_J11505787+4822395-20220228@141714-Eden.fts -> s3://eden-data/RAW/LOT/2MASS_J11505787+4822395/2022-02-28/2MASS_J11505787+4822395-20220228@141714-Eden.fits (315/352)
Storing /home/altsai/eden/LOT20220228_2MASS_J11505787+4822395_mod/2MASS_J11505787+4822395-20220228@141736-Eden.fts -> s3://eden-data/RAW/LOT/2MASS_J11505787+4822395/2022-02-28/2MASS_J11505787+4822395-20220228@141736-Eden.fits (316/352)
Storing /home/altsai/eden/LOT20220228_2MASS_J11505787+4822395_mod/2MASS_J11505787+4822395-20220228@141757-Eden.fts -> s3://eden-data/RAW/LOT/2MASS_J11505787+4822395/2022-02-28/2MASS_J11505787+4822395-20220228@141757-Eden.fits (317/352)
Storing /home/altsai/eden/LOT20220228_2MASS_J11505787+4822395_mod/2MASS_J11505787+4822395-20220228@141819-Eden.fts -> s3://eden-data/RAW/LOT/2MASS_J11505787+4822395/2022-02-28/2MASS_J11505787+4822395-20220228@141819-Eden.fits (318/352)
Storing /home/altsai/eden/LOT20220228_2MASS_J11505787+4822395_mod/2MASS_J11505787+4822395-20220228@141841-Eden.fts -> s3://eden-data/RAW/LOT/2MASS_J11505787+4822395/2022-02-28/2MASS_J11505787+4822395-20220228@141841-Eden.fits (319/352)
Storing /home/altsai/eden/LOT20220228_2MASS_J11505787+4822395_mod/2MASS_J11505787+4822395-20220228@141904-Eden.fts -> s3://eden-data/RAW/LOT/2MASS_J11505787+4822395/2022-02-28/2MASS_J11505787+4822395-20220228@141904-Eden.fits (320/352)
Storing /home/altsai/eden/LOT20220228_2MASS_J11505787+4822395_mod/2MASS_J11505787+4822395-20220228@141924-Eden.fts -> s3://eden-data/RAW/LOT/2MASS_J11505787+4822395/2022-02-28/2MASS_J11505787+4822395-20220228@141924-Eden.fits (321/352)
Storing /home/altsai/eden/LOT20220228_2MASS_J11505787+4822395_mod/2MASS_J11505787+4822395-20220228@141946-Eden.fts -> s3://eden-data/RAW/LOT/2MASS_J11505787+4822395/2022-02-28/2MASS_J11505787+4822395-20220228@141946-Eden.fits (322/352)
Storing /home/altsai/eden/LOT20220228_2MASS_J11505787+4822395_mod/2MASS_J11505787+4822395-20220228@142008-Eden.fts -> s3://eden-data/RAW/LOT/2MASS_J11505787+4822395/2022-02-28/2MASS_J11505787+4822395-20220228@142008-Eden.fits (323/352)
Storing /home/altsai/eden/LOT20220228_2MASS_J11505787+4822395_mod/2MASS_J11505787+4822395-20220228@142030-Eden.fts -> s3://eden-data/RAW/LOT/2MASS_J11505787+4822395/2022-02-28/2MASS_J11505787+4822395-20220228@142030-Eden.fits (324/352)
Storing /home/altsai/eden/LOT20220228_2MASS_J11505787+4822395_mod/2MASS_J11505787+4822395-20220228@142051-Eden.fts -> s3://eden-data/RAW/LOT/2MASS_J11505787+4822395/2022-02-28/2MASS_J11505787+4822395-20220228@142051-Eden.fits (325/352)
Storing /home/altsai/eden/LOT20220228_2MASS_J11505787+4822395_mod/2MASS_J11505787+4822395-20220228@142114-Eden.fts -> s3://eden-data/RAW/LOT/2MASS_J11505787+4822395/2022-02-28/2MASS_J11505787+4822395-20220228@142114-Eden.fits (326/352)
Storing /home/altsai/eden/LOT20220228_2MASS_J11505787+4822395_mod/2MASS_J11505787+4822395-20220228@142135-Eden.fts -> s3://eden-data/RAW/LOT/2MASS_J11505787+4822395/2022-02-28/2MASS_J11505787+4822395-20220228@142135-Eden.fits (327/352)
Storing /home/altsai/eden/LOT20220228_2MASS_J11505787+4822395_mod/2MASS_J11505787+4822395-20220228@142156-Eden.fts -> s3://eden-data/RAW/LOT/2MASS_J11505787+4822395/2022-02-28/2MASS_J11505787+4822395-20220228@142156-Eden.fits (328/352)
Storing /home/altsai/eden/LOT20220228_2MASS_J11505787+4822395_mod/2MASS_J11505787+4822395-20220228@142218-Eden.fts -> s3://eden-data/RAW/LOT/2MASS_J11505787+4822395/2022-02-28/2MASS_J11505787+4822395-20220228@142218-Eden.fits (329/352)
Storing /home/altsai/eden/LOT20220228_2MASS_J11505787+4822395_mod/2MASS_J11505787+4822395-20220228@142240-Eden.fts -> s3://eden-data/RAW/LOT/2MASS_J11505787+4822395/2022-02-28/2MASS_J11505787+4822395-20220228@142240-Eden.fits (330/352)
Storing /home/altsai/eden/LOT20220228_2MASS_J11505787+4822395_mod/2MASS_J11505787+4822395-20220228@142302-Eden.fts -> s3://eden-data/RAW/LOT/2MASS_J11505787+4822395/2022-02-28/2MASS_J11505787+4822395-20220228@142302-Eden.fits (331/352)
Storing /home/altsai/eden/LOT20220228_2MASS_J11505787+4822395_mod/2MASS_J11505787+4822395-20220228@142326-Eden.fts -> s3://eden-data/RAW/LOT/2MASS_J11505787+4822395/2022-02-28/2MASS_J11505787+4822395-20220228@142326-Eden.fits (332/352)
Storing /home/altsai/eden/LOT20220228_2MASS_J11505787+4822395_mod/2MASS_J11505787+4822395-20220228@142348-Eden.fts -> s3://eden-data/RAW/LOT/2MASS_J11505787+4822395/2022-02-28/2MASS_J11505787+4822395-20220228@142348-Eden.fits (333/352)
Storing /home/altsai/eden/LOT20220228_2MASS_J11505787+4822395_mod/2MASS_J11505787+4822395-20220228@142410-Eden.fts -> s3://eden-data/RAW/LOT/2MASS_J11505787+4822395/2022-02-28/2MASS_J11505787+4822395-20220228@142410-Eden.fits (334/352)
Storing /home/altsai/eden/LOT20220228_2MASS_J11505787+4822395_mod/2MASS_J11505787+4822395-20220228@142432-Eden.fts -> s3://eden-data/RAW/LOT/2MASS_J11505787+4822395/2022-02-28/2MASS_J11505787+4822395-20220228@142432-Eden.fits (335/352)
Storing /home/altsai/eden/LOT20220228_2MASS_J11505787+4822395_mod/2MASS_J11505787+4822395-20220228@142455-Eden.fts -> s3://eden-data/RAW/LOT/2MASS_J11505787+4822395/2022-02-28/2MASS_J11505787+4822395-20220228@142455-Eden.fits (336/352)
Storing /home/altsai/eden/LOT20220228_2MASS_J11505787+4822395_mod/2MASS_J11505787+4822395-20220228@142517-Eden.fts -> s3://eden-data/RAW/LOT/2MASS_J11505787+4822395/2022-02-28/2MASS_J11505787+4822395-20220228@142517-Eden.fits (337/352)
Storing /home/altsai/eden/LOT20220228_2MASS_J11505787+4822395_mod/2MASS_J11505787+4822395-20220228@142538-Eden.fts -> s3://eden-data/RAW/LOT/2MASS_J11505787+4822395/2022-02-28/2MASS_J11505787+4822395-20220228@142538-Eden.fits (338/352)
Storing /home/altsai/eden/LOT20220228_2MASS_J11505787+4822395_mod/2MASS_J11505787+4822395-20220228@142601-Eden.fts -> s3://eden-data/RAW/LOT/2MASS_J11505787+4822395/2022-02-28/2MASS_J11505787+4822395-20220228@142601-Eden.fits (339/352)
Storing /home/altsai/eden/LOT20220228_2MASS_J11505787+4822395_mod/2MASS_J11505787+4822395-20220228@142622-Eden.fts -> s3://eden-data/RAW/LOT/2MASS_J11505787+4822395/2022-02-28/2MASS_J11505787+4822395-20220228@142622-Eden.fits (340/352)
Storing /home/altsai/eden/LOT20220228_2MASS_J11505787+4822395_mod/2MASS_J11505787+4822395-20220228@142644-Eden.fts -> s3://eden-data/RAW/LOT/2MASS_J11505787+4822395/2022-02-28/2MASS_J11505787+4822395-20220228@142644-Eden.fits (341/352)
Storing /home/altsai/eden/LOT20220228_2MASS_J11505787+4822395_mod/2MASS_J11505787+4822395-20220228@142706-Eden.fts -> s3://eden-data/RAW/LOT/2MASS_J11505787+4822395/2022-02-28/2MASS_J11505787+4822395-20220228@142706-Eden.fits (342/352)
Storing /home/altsai/eden/LOT20220228_2MASS_J11505787+4822395_mod/2MASS_J11505787+4822395-20220228@142729-Eden.fts -> s3://eden-data/RAW/LOT/2MASS_J11505787+4822395/2022-02-28/2MASS_J11505787+4822395-20220228@142729-Eden.fits (343/352)
Storing /home/altsai/eden/LOT20220228_2MASS_J11505787+4822395_mod/2MASS_J11505787+4822395-20220228@142750-Eden.fts -> s3://eden-data/RAW/LOT/2MASS_J11505787+4822395/2022-02-28/2MASS_J11505787+4822395-20220228@142750-Eden.fits (344/352)
Storing /home/altsai/eden/LOT20220228_2MASS_J11505787+4822395_mod/2MASS_J11505787+4822395-20220228@142812-Eden.fts -> s3://eden-data/RAW/LOT/2MASS_J11505787+4822395/2022-02-28/2MASS_J11505787+4822395-20220228@142812-Eden.fits (345/352)
Storing /home/altsai/eden/LOT20220228_2MASS_J11505787+4822395_mod/2MASS_J11505787+4822395-20220228@142834-Eden.fts -> s3://eden-data/RAW/LOT/2MASS_J11505787+4822395/2022-02-28/2MASS_J11505787+4822395-20220228@142834-Eden.fits (346/352)
Storing /home/altsai/eden/LOT20220228_2MASS_J11505787+4822395_mod/2MASS_J11505787+4822395-20220228@142855-Eden.fts -> s3://eden-data/RAW/LOT/2MASS_J11505787+4822395/2022-02-28/2MASS_J11505787+4822395-20220228@142855-Eden.fits (347/352)
Storing /home/altsai/eden/LOT20220228_2MASS_J11505787+4822395_mod/2MASS_J11505787+4822395-20220228@142918-Eden.fts -> s3://eden-data/RAW/LOT/2MASS_J11505787+4822395/2022-02-28/2MASS_J11505787+4822395-20220228@142918-Eden.fits (348/352)
Storing /home/altsai/eden/LOT20220228_2MASS_J11505787+4822395_mod/2MASS_J11505787+4822395-20220228@142940-Eden.fts -> s3://eden-data/RAW/LOT/2MASS_J11505787+4822395/2022-02-28/2MASS_J11505787+4822395-20220228@142940-Eden.fits (349/352)
Storing /home/altsai/eden/LOT20220228_2MASS_J11505787+4822395_mod/2MASS_J11505787+4822395-20220228@143002-Eden.fts -> s3://eden-data/RAW/LOT/2MASS_J11505787+4822395/2022-02-28/2MASS_J11505787+4822395-20220228@143002-Eden.fits (350/352)
Storing /home/altsai/eden/LOT20220228_2MASS_J11505787+4822395_mod/2MASS_J11505787+4822395-20220228@143023-Eden.fts -> s3://eden-data/RAW/LOT/2MASS_J11505787+4822395/2022-02-28/2MASS_J11505787+4822395-20220228@143023-Eden.fits (351/352)
Storing /home/altsai/eden/LOT20220228_2MASS_J11505787+4822395_mod/2MASS_J11505787+4822395-20220228@143045-Eden.fts -> s3://eden-data/RAW/LOT/2MASS_J11505787+4822395/2022-02-28/2MASS_J11505787+4822395-20220228@143045-Eden.fits (352/352)

Upload complete!
Stored: 352 files (3.0 GB)
