Bucket successfully loaded! eden-data
222 files found
Storing data to the S3 archive!
We can now start uploading the data.
Press return to start the upload, or anything else to abort: Verbose output enabled.
Storing /home/altsai/eden/LOT20220102_2MASS_J08533619-0329321_mod/2MASS_J08533619-0329321-20220102@164839-Eden.fts -> s3://eden-data/RAW/LOT/2MASS_J08533619-0329321/2022-01-02/2MASS_J08533619-0329321-20220102@164839-Eden.fits (1/222)
Storing /home/altsai/eden/LOT20220102_2MASS_J08533619-0329321_mod/2MASS_J08533619-0329321-20220102@164956-Eden.fts -> s3://eden-data/RAW/LOT/2MASS_J08533619-0329321/2022-01-02/2MASS_J08533619-0329321-20220102@164956-Eden.fits (2/222)
Storing /home/altsai/eden/LOT20220102_2MASS_J08533619-0329321_mod/2MASS_J08533619-0329321-20220102@165113-Eden.fts -> s3://eden-data/RAW/LOT/2MASS_J08533619-0329321/2022-01-02/2MASS_J08533619-0329321-20220102@165113-Eden.fits (3/222)
Storing /home/altsai/eden/LOT20220102_2MASS_J08533619-0329321_mod/2MASS_J08533619-0329321-20220102@165230-Eden.fts -> s3://eden-data/RAW/LOT/2MASS_J08533619-0329321/2022-01-02/2MASS_J08533619-0329321-20220102@165230-Eden.fits (4/222)
Storing /home/altsai/eden/LOT20220102_2MASS_J08533619-0329321_mod/2MASS_J08533619-0329321-20220102@165348-Eden.fts -> s3://eden-data/RAW/LOT/2MASS_J08533619-0329321/2022-01-02/2MASS_J08533619-0329321-20220102@165348-Eden.fits (5/222)
Storing /home/altsai/eden/LOT20220102_2MASS_J08533619-0329321_mod/2MASS_J08533619-0329321-20220102@165504-Eden.fts -> s3://eden-data/RAW/LOT/2MASS_J08533619-0329321/2022-01-02/2MASS_J08533619-0329321-20220102@165504-Eden.fits (6/222)
Storing /home/altsai/eden/LOT20220102_2MASS_J08533619-0329321_mod/2MASS_J08533619-0329321-20220102@165620-Eden.fts -> s3://eden-data/RAW/LOT/2MASS_J08533619-0329321/2022-01-02/2MASS_J08533619-0329321-20220102@165620-Eden.fits (7/222)
Storing /home/altsai/eden/LOT20220102_2MASS_J08533619-0329321_mod/2MASS_J08533619-0329321-20220102@165737-Eden.fts -> s3://eden-data/RAW/LOT/2MASS_J08533619-0329321/2022-01-02/2MASS_J08533619-0329321-20220102@165737-Eden.fits (8/222)
Storing /home/altsai/eden/LOT20220102_2MASS_J08533619-0329321_mod/2MASS_J08533619-0329321-20220102@165853-Eden.fts -> s3://eden-data/RAW/LOT/2MASS_J08533619-0329321/2022-01-02/2MASS_J08533619-0329321-20220102@165853-Eden.fits (9/222)
Storing /home/altsai/eden/LOT20220102_2MASS_J08533619-0329321_mod/2MASS_J08533619-0329321-20220102@170010-Eden.fts -> s3://eden-data/RAW/LOT/2MASS_J08533619-0329321/2022-01-02/2MASS_J08533619-0329321-20220102@170010-Eden.fits (10/222)
Storing /home/altsai/eden/LOT20220102_2MASS_J08533619-0329321_mod/2MASS_J08533619-0329321-20220102@170127-Eden.fts -> s3://eden-data/RAW/LOT/2MASS_J08533619-0329321/2022-01-02/2MASS_J08533619-0329321-20220102@170127-Eden.fits (11/222)
Storing /home/altsai/eden/LOT20220102_2MASS_J08533619-0329321_mod/2MASS_J08533619-0329321-20220102@170244-Eden.fts -> s3://eden-data/RAW/LOT/2MASS_J08533619-0329321/2022-01-02/2MASS_J08533619-0329321-20220102@170244-Eden.fits (12/222)
Storing /home/altsai/eden/LOT20220102_2MASS_J08533619-0329321_mod/2MASS_J08533619-0329321-20220102@170359-Eden.fts -> s3://eden-data/RAW/LOT/2MASS_J08533619-0329321/2022-01-02/2MASS_J08533619-0329321-20220102@170359-Eden.fits (13/222)
Storing /home/altsai/eden/LOT20220102_2MASS_J08533619-0329321_mod/2MASS_J08533619-0329321-20220102@170517-Eden.fts -> s3://eden-data/RAW/LOT/2MASS_J08533619-0329321/2022-01-02/2MASS_J08533619-0329321-20220102@170517-Eden.fits (14/222)
Storing /home/altsai/eden/LOT20220102_2MASS_J08533619-0329321_mod/2MASS_J08533619-0329321-20220102@170633-Eden.fts -> s3://eden-data/RAW/LOT/2MASS_J08533619-0329321/2022-01-02/2MASS_J08533619-0329321-20220102@170633-Eden.fits (15/222)
Storing /home/altsai/eden/LOT20220102_2MASS_J08533619-0329321_mod/2MASS_J08533619-0329321-20220102@170750-Eden.fts -> s3://eden-data/RAW/LOT/2MASS_J08533619-0329321/2022-01-02/2MASS_J08533619-0329321-20220102@170750-Eden.fits (16/222)
Storing /home/altsai/eden/LOT20220102_2MASS_J08533619-0329321_mod/2MASS_J08533619-0329321-20220102@170907-Eden.fts -> s3://eden-data/RAW/LOT/2MASS_J08533619-0329321/2022-01-02/2MASS_J08533619-0329321-20220102@170907-Eden.fits (17/222)
Storing /home/altsai/eden/LOT20220102_2MASS_J08533619-0329321_mod/2MASS_J08533619-0329321-20220102@171024-Eden.fts -> s3://eden-data/RAW/LOT/2MASS_J08533619-0329321/2022-01-02/2MASS_J08533619-0329321-20220102@171024-Eden.fits (18/222)
Storing /home/altsai/eden/LOT20220102_2MASS_J08533619-0329321_mod/2MASS_J08533619-0329321-20220102@171141-Eden.fts -> s3://eden-data/RAW/LOT/2MASS_J08533619-0329321/2022-01-02/2MASS_J08533619-0329321-20220102@171141-Eden.fits (19/222)
Storing /home/altsai/eden/LOT20220102_2MASS_J08533619-0329321_mod/2MASS_J08533619-0329321-20220102@171258-Eden.fts -> s3://eden-data/RAW/LOT/2MASS_J08533619-0329321/2022-01-02/2MASS_J08533619-0329321-20220102@171258-Eden.fits (20/222)
Storing /home/altsai/eden/LOT20220102_2MASS_J08533619-0329321_mod/2MASS_J08533619-0329321-20220102@171415-Eden.fts -> s3://eden-data/RAW/LOT/2MASS_J08533619-0329321/2022-01-02/2MASS_J08533619-0329321-20220102@171415-Eden.fits (21/222)
Storing /home/altsai/eden/LOT20220102_2MASS_J08533619-0329321_mod/2MASS_J08533619-0329321-20220102@171532-Eden.fts -> s3://eden-data/RAW/LOT/2MASS_J08533619-0329321/2022-01-02/2MASS_J08533619-0329321-20220102@171532-Eden.fits (22/222)
Storing /home/altsai/eden/LOT20220102_2MASS_J08533619-0329321_mod/2MASS_J08533619-0329321-20220102@171648-Eden.fts -> s3://eden-data/RAW/LOT/2MASS_J08533619-0329321/2022-01-02/2MASS_J08533619-0329321-20220102@171648-Eden.fits (23/222)
Storing /home/altsai/eden/LOT20220102_2MASS_J08533619-0329321_mod/2MASS_J08533619-0329321-20220102@171806-Eden.fts -> s3://eden-data/RAW/LOT/2MASS_J08533619-0329321/2022-01-02/2MASS_J08533619-0329321-20220102@171806-Eden.fits (24/222)
Storing /home/altsai/eden/LOT20220102_2MASS_J08533619-0329321_mod/2MASS_J08533619-0329321-20220102@171923-Eden.fts -> s3://eden-data/RAW/LOT/2MASS_J08533619-0329321/2022-01-02/2MASS_J08533619-0329321-20220102@171923-Eden.fits (25/222)
Storing /home/altsai/eden/LOT20220102_2MASS_J08533619-0329321_mod/2MASS_J08533619-0329321-20220102@172040-Eden.fts -> s3://eden-data/RAW/LOT/2MASS_J08533619-0329321/2022-01-02/2MASS_J08533619-0329321-20220102@172040-Eden.fits (26/222)
Storing /home/altsai/eden/LOT20220102_2MASS_J08533619-0329321_mod/2MASS_J08533619-0329321-20220102@172158-Eden.fts -> s3://eden-data/RAW/LOT/2MASS_J08533619-0329321/2022-01-02/2MASS_J08533619-0329321-20220102@172158-Eden.fits (27/222)
Storing /home/altsai/eden/LOT20220102_2MASS_J08533619-0329321_mod/2MASS_J08533619-0329321-20220102@172315-Eden.fts -> s3://eden-data/RAW/LOT/2MASS_J08533619-0329321/2022-01-02/2MASS_J08533619-0329321-20220102@172315-Eden.fits (28/222)
Storing /home/altsai/eden/LOT20220102_2MASS_J08533619-0329321_mod/2MASS_J08533619-0329321-20220102@172433-Eden.fts -> s3://eden-data/RAW/LOT/2MASS_J08533619-0329321/2022-01-02/2MASS_J08533619-0329321-20220102@172433-Eden.fits (29/222)
Storing /home/altsai/eden/LOT20220102_2MASS_J08533619-0329321_mod/2MASS_J08533619-0329321-20220102@172549-Eden.fts -> s3://eden-data/RAW/LOT/2MASS_J08533619-0329321/2022-01-02/2MASS_J08533619-0329321-20220102@172549-Eden.fits (30/222)
Storing /home/altsai/eden/LOT20220102_2MASS_J08533619-0329321_mod/2MASS_J08533619-0329321-20220102@172705-Eden.fts -> s3://eden-data/RAW/LOT/2MASS_J08533619-0329321/2022-01-02/2MASS_J08533619-0329321-20220102@172705-Eden.fits (31/222)
Storing /home/altsai/eden/LOT20220102_2MASS_J08533619-0329321_mod/2MASS_J08533619-0329321-20220102@172822-Eden.fts -> s3://eden-data/RAW/LOT/2MASS_J08533619-0329321/2022-01-02/2MASS_J08533619-0329321-20220102@172822-Eden.fits (32/222)
Storing /home/altsai/eden/LOT20220102_2MASS_J08533619-0329321_mod/2MASS_J08533619-0329321-20220102@172938-Eden.fts -> s3://eden-data/RAW/LOT/2MASS_J08533619-0329321/2022-01-02/2MASS_J08533619-0329321-20220102@172938-Eden.fits (33/222)
Storing /home/altsai/eden/LOT20220102_2MASS_J08533619-0329321_mod/2MASS_J08533619-0329321-20220102@173056-Eden.fts -> s3://eden-data/RAW/LOT/2MASS_J08533619-0329321/2022-01-02/2MASS_J08533619-0329321-20220102@173056-Eden.fits (34/222)
Storing /home/altsai/eden/LOT20220102_2MASS_J08533619-0329321_mod/2MASS_J08533619-0329321-20220102@173214-Eden.fts -> s3://eden-data/RAW/LOT/2MASS_J08533619-0329321/2022-01-02/2MASS_J08533619-0329321-20220102@173214-Eden.fits (35/222)
Storing /home/altsai/eden/LOT20220102_2MASS_J08533619-0329321_mod/2MASS_J08533619-0329321-20220102@173331-Eden.fts -> s3://eden-data/RAW/LOT/2MASS_J08533619-0329321/2022-01-02/2MASS_J08533619-0329321-20220102@173331-Eden.fits (36/222)
Storing /home/altsai/eden/LOT20220102_2MASS_J08533619-0329321_mod/2MASS_J08533619-0329321-20220102@173447-Eden.fts -> s3://eden-data/RAW/LOT/2MASS_J08533619-0329321/2022-01-02/2MASS_J08533619-0329321-20220102@173447-Eden.fits (37/222)
Storing /home/altsai/eden/LOT20220102_2MASS_J08533619-0329321_mod/2MASS_J08533619-0329321-20220102@173605-Eden.fts -> s3://eden-data/RAW/LOT/2MASS_J08533619-0329321/2022-01-02/2MASS_J08533619-0329321-20220102@173605-Eden.fits (38/222)
Storing /home/altsai/eden/LOT20220102_2MASS_J08533619-0329321_mod/2MASS_J08533619-0329321-20220102@173722-Eden.fts -> s3://eden-data/RAW/LOT/2MASS_J08533619-0329321/2022-01-02/2MASS_J08533619-0329321-20220102@173722-Eden.fits (39/222)
Storing /home/altsai/eden/LOT20220102_2MASS_J08533619-0329321_mod/2MASS_J08533619-0329321-20220102@173838-Eden.fts -> s3://eden-data/RAW/LOT/2MASS_J08533619-0329321/2022-01-02/2MASS_J08533619-0329321-20220102@173838-Eden.fits (40/222)
Storing /home/altsai/eden/LOT20220102_2MASS_J08533619-0329321_mod/2MASS_J08533619-0329321-20220102@173955-Eden.fts -> s3://eden-data/RAW/LOT/2MASS_J08533619-0329321/2022-01-02/2MASS_J08533619-0329321-20220102@173955-Eden.fits (41/222)
Storing /home/altsai/eden/LOT20220102_2MASS_J08533619-0329321_mod/2MASS_J08533619-0329321-20220102@174112-Eden.fts -> s3://eden-data/RAW/LOT/2MASS_J08533619-0329321/2022-01-02/2MASS_J08533619-0329321-20220102@174112-Eden.fits (42/222)
Storing /home/altsai/eden/LOT20220102_2MASS_J08533619-0329321_mod/2MASS_J08533619-0329321-20220102@174229-Eden.fts -> s3://eden-data/RAW/LOT/2MASS_J08533619-0329321/2022-01-02/2MASS_J08533619-0329321-20220102@174229-Eden.fits (43/222)
Storing /home/altsai/eden/LOT20220102_2MASS_J08533619-0329321_mod/2MASS_J08533619-0329321-20220102@174345-Eden.fts -> s3://eden-data/RAW/LOT/2MASS_J08533619-0329321/2022-01-02/2MASS_J08533619-0329321-20220102@174345-Eden.fits (44/222)
Storing /home/altsai/eden/LOT20220102_2MASS_J08533619-0329321_mod/2MASS_J08533619-0329321-20220102@174502-Eden.fts -> s3://eden-data/RAW/LOT/2MASS_J08533619-0329321/2022-01-02/2MASS_J08533619-0329321-20220102@174502-Eden.fits (45/222)
Storing /home/altsai/eden/LOT20220102_2MASS_J08533619-0329321_mod/2MASS_J08533619-0329321-20220102@174619-Eden.fts -> s3://eden-data/RAW/LOT/2MASS_J08533619-0329321/2022-01-02/2MASS_J08533619-0329321-20220102@174619-Eden.fits (46/222)
Storing /home/altsai/eden/LOT20220102_2MASS_J08533619-0329321_mod/2MASS_J08533619-0329321-20220102@174736-Eden.fts -> s3://eden-data/RAW/LOT/2MASS_J08533619-0329321/2022-01-02/2MASS_J08533619-0329321-20220102@174736-Eden.fits (47/222)
Storing /home/altsai/eden/LOT20220102_2MASS_J08533619-0329321_mod/2MASS_J08533619-0329321-20220102@174853-Eden.fts -> s3://eden-data/RAW/LOT/2MASS_J08533619-0329321/2022-01-02/2MASS_J08533619-0329321-20220102@174853-Eden.fits (48/222)
Storing /home/altsai/eden/LOT20220102_2MASS_J08533619-0329321_mod/2MASS_J08533619-0329321-20220102@175009-Eden.fts -> s3://eden-data/RAW/LOT/2MASS_J08533619-0329321/2022-01-02/2MASS_J08533619-0329321-20220102@175009-Eden.fits (49/222)
Storing /home/altsai/eden/LOT20220102_2MASS_J08533619-0329321_mod/2MASS_J08533619-0329321-20220102@175126-Eden.fts -> s3://eden-data/RAW/LOT/2MASS_J08533619-0329321/2022-01-02/2MASS_J08533619-0329321-20220102@175126-Eden.fits (50/222)
Storing /home/altsai/eden/LOT20220102_2MASS_J08533619-0329321_mod/2MASS_J08533619-0329321-20220102@175243-Eden.fts -> s3://eden-data/RAW/LOT/2MASS_J08533619-0329321/2022-01-02/2MASS_J08533619-0329321-20220102@175243-Eden.fits (51/222)
Storing /home/altsai/eden/LOT20220102_2MASS_J08533619-0329321_mod/2MASS_J08533619-0329321-20220102@175358-Eden.fts -> s3://eden-data/RAW/LOT/2MASS_J08533619-0329321/2022-01-02/2MASS_J08533619-0329321-20220102@175358-Eden.fits (52/222)
Storing /home/altsai/eden/LOT20220102_2MASS_J08533619-0329321_mod/2MASS_J08533619-0329321-20220102@175516-Eden.fts -> s3://eden-data/RAW/LOT/2MASS_J08533619-0329321/2022-01-02/2MASS_J08533619-0329321-20220102@175516-Eden.fits (53/222)
Storing /home/altsai/eden/LOT20220102_2MASS_J08533619-0329321_mod/2MASS_J08533619-0329321-20220102@175632-Eden.fts -> s3://eden-data/RAW/LOT/2MASS_J08533619-0329321/2022-01-02/2MASS_J08533619-0329321-20220102@175632-Eden.fits (54/222)
Storing /home/altsai/eden/LOT20220102_2MASS_J08533619-0329321_mod/2MASS_J08533619-0329321-20220102@175748-Eden.fts -> s3://eden-data/RAW/LOT/2MASS_J08533619-0329321/2022-01-02/2MASS_J08533619-0329321-20220102@175748-Eden.fits (55/222)
Storing /home/altsai/eden/LOT20220102_2MASS_J08533619-0329321_mod/2MASS_J08533619-0329321-20220102@175906-Eden.fts -> s3://eden-data/RAW/LOT/2MASS_J08533619-0329321/2022-01-02/2MASS_J08533619-0329321-20220102@175906-Eden.fits (56/222)
Storing /home/altsai/eden/LOT20220102_2MASS_J08533619-0329321_mod/2MASS_J08533619-0329321-20220102@180024-Eden.fts -> s3://eden-data/RAW/LOT/2MASS_J08533619-0329321/2022-01-02/2MASS_J08533619-0329321-20220102@180024-Eden.fits (57/222)
Storing /home/altsai/eden/LOT20220102_2MASS_J08533619-0329321_mod/2MASS_J08533619-0329321-20220102@180140-Eden.fts -> s3://eden-data/RAW/LOT/2MASS_J08533619-0329321/2022-01-02/2MASS_J08533619-0329321-20220102@180140-Eden.fits (58/222)
Storing /home/altsai/eden/LOT20220102_2MASS_J08533619-0329321_mod/2MASS_J08533619-0329321-20220102@180257-Eden.fts -> s3://eden-data/RAW/LOT/2MASS_J08533619-0329321/2022-01-02/2MASS_J08533619-0329321-20220102@180257-Eden.fits (59/222)
Storing /home/altsai/eden/LOT20220102_2MASS_J08533619-0329321_mod/2MASS_J08533619-0329321-20220102@180414-Eden.fts -> s3://eden-data/RAW/LOT/2MASS_J08533619-0329321/2022-01-02/2MASS_J08533619-0329321-20220102@180414-Eden.fits (60/222)
Storing /home/altsai/eden/LOT20220102_2MASS_J08533619-0329321_mod/2MASS_J08533619-0329321-20220102@180530-Eden.fts -> s3://eden-data/RAW/LOT/2MASS_J08533619-0329321/2022-01-02/2MASS_J08533619-0329321-20220102@180530-Eden.fits (61/222)
Storing /home/altsai/eden/LOT20220102_2MASS_J08533619-0329321_mod/2MASS_J08533619-0329321-20220102@180647-Eden.fts -> s3://eden-data/RAW/LOT/2MASS_J08533619-0329321/2022-01-02/2MASS_J08533619-0329321-20220102@180647-Eden.fits (62/222)
Storing /home/altsai/eden/LOT20220102_2MASS_J08533619-0329321_mod/2MASS_J08533619-0329321-20220102@180804-Eden.fts -> s3://eden-data/RAW/LOT/2MASS_J08533619-0329321/2022-01-02/2MASS_J08533619-0329321-20220102@180804-Eden.fits (63/222)
Storing /home/altsai/eden/LOT20220102_2MASS_J08533619-0329321_mod/2MASS_J08533619-0329321-20220102@180920-Eden.fts -> s3://eden-data/RAW/LOT/2MASS_J08533619-0329321/2022-01-02/2MASS_J08533619-0329321-20220102@180920-Eden.fits (64/222)
Storing /home/altsai/eden/LOT20220102_2MASS_J08533619-0329321_mod/2MASS_J08533619-0329321-20220102@181037-Eden.fts -> s3://eden-data/RAW/LOT/2MASS_J08533619-0329321/2022-01-02/2MASS_J08533619-0329321-20220102@181037-Eden.fits (65/222)
Storing /home/altsai/eden/LOT20220102_2MASS_J08533619-0329321_mod/2MASS_J08533619-0329321-20220102@181153-Eden.fts -> s3://eden-data/RAW/LOT/2MASS_J08533619-0329321/2022-01-02/2MASS_J08533619-0329321-20220102@181153-Eden.fits (66/222)
Storing /home/altsai/eden/LOT20220102_2MASS_J08533619-0329321_mod/2MASS_J08533619-0329321-20220102@181310-Eden.fts -> s3://eden-data/RAW/LOT/2MASS_J08533619-0329321/2022-01-02/2MASS_J08533619-0329321-20220102@181310-Eden.fits (67/222)
Storing /home/altsai/eden/LOT20220102_2MASS_J08533619-0329321_mod/2MASS_J08533619-0329321-20220102@181426-Eden.fts -> s3://eden-data/RAW/LOT/2MASS_J08533619-0329321/2022-01-02/2MASS_J08533619-0329321-20220102@181426-Eden.fits (68/222)
Storing /home/altsai/eden/LOT20220102_2MASS_J08533619-0329321_mod/2MASS_J08533619-0329321-20220102@181542-Eden.fts -> s3://eden-data/RAW/LOT/2MASS_J08533619-0329321/2022-01-02/2MASS_J08533619-0329321-20220102@181542-Eden.fits (69/222)
Storing /home/altsai/eden/LOT20220102_2MASS_J08533619-0329321_mod/2MASS_J08533619-0329321-20220102@181659-Eden.fts -> s3://eden-data/RAW/LOT/2MASS_J08533619-0329321/2022-01-02/2MASS_J08533619-0329321-20220102@181659-Eden.fits (70/222)
Storing /home/altsai/eden/LOT20220102_2MASS_J08533619-0329321_mod/2MASS_J08533619-0329321-20220102@181814-Eden.fts -> s3://eden-data/RAW/LOT/2MASS_J08533619-0329321/2022-01-02/2MASS_J08533619-0329321-20220102@181814-Eden.fits (71/222)
Storing /home/altsai/eden/LOT20220102_2MASS_J08533619-0329321_mod/2MASS_J08533619-0329321-20220102@181931-Eden.fts -> s3://eden-data/RAW/LOT/2MASS_J08533619-0329321/2022-01-02/2MASS_J08533619-0329321-20220102@181931-Eden.fits (72/222)
Storing /home/altsai/eden/LOT20220102_2MASS_J08533619-0329321_mod/2MASS_J08533619-0329321-20220102@182047-Eden.fts -> s3://eden-data/RAW/LOT/2MASS_J08533619-0329321/2022-01-02/2MASS_J08533619-0329321-20220102@182047-Eden.fits (73/222)
Storing /home/altsai/eden/LOT20220102_2MASS_J08533619-0329321_mod/2MASS_J08533619-0329321-20220102@182203-Eden.fts -> s3://eden-data/RAW/LOT/2MASS_J08533619-0329321/2022-01-02/2MASS_J08533619-0329321-20220102@182203-Eden.fits (74/222)
Storing /home/altsai/eden/LOT20220102_2MASS_J08533619-0329321_mod/2MASS_J08533619-0329321-20220102@182319-Eden.fts -> s3://eden-data/RAW/LOT/2MASS_J08533619-0329321/2022-01-02/2MASS_J08533619-0329321-20220102@182319-Eden.fits (75/222)
Storing /home/altsai/eden/LOT20220102_2MASS_J08533619-0329321_mod/2MASS_J08533619-0329321-20220102@182435-Eden.fts -> s3://eden-data/RAW/LOT/2MASS_J08533619-0329321/2022-01-02/2MASS_J08533619-0329321-20220102@182435-Eden.fits (76/222)
Storing /home/altsai/eden/LOT20220102_2MASS_J08533619-0329321_mod/2MASS_J08533619-0329321-20220102@182552-Eden.fts -> s3://eden-data/RAW/LOT/2MASS_J08533619-0329321/2022-01-02/2MASS_J08533619-0329321-20220102@182552-Eden.fits (77/222)
Storing /home/altsai/eden/LOT20220102_2MASS_J08533619-0329321_mod/2MASS_J08533619-0329321-20220102@182709-Eden.fts -> s3://eden-data/RAW/LOT/2MASS_J08533619-0329321/2022-01-02/2MASS_J08533619-0329321-20220102@182709-Eden.fits (78/222)
Storing /home/altsai/eden/LOT20220102_2MASS_J08533619-0329321_mod/2MASS_J08533619-0329321-20220102@182825-Eden.fts -> s3://eden-data/RAW/LOT/2MASS_J08533619-0329321/2022-01-02/2MASS_J08533619-0329321-20220102@182825-Eden.fits (79/222)
Storing /home/altsai/eden/LOT20220102_2MASS_J08533619-0329321_mod/2MASS_J08533619-0329321-20220102@182941-Eden.fts -> s3://eden-data/RAW/LOT/2MASS_J08533619-0329321/2022-01-02/2MASS_J08533619-0329321-20220102@182941-Eden.fits (80/222)
Storing /home/altsai/eden/LOT20220102_2MASS_J08533619-0329321_mod/2MASS_J08533619-0329321-20220102@183059-Eden.fts -> s3://eden-data/RAW/LOT/2MASS_J08533619-0329321/2022-01-02/2MASS_J08533619-0329321-20220102@183059-Eden.fits (81/222)
Storing /home/altsai/eden/LOT20220102_2MASS_J08533619-0329321_mod/2MASS_J08533619-0329321-20220102@183216-Eden.fts -> s3://eden-data/RAW/LOT/2MASS_J08533619-0329321/2022-01-02/2MASS_J08533619-0329321-20220102@183216-Eden.fits (82/222)
Storing /home/altsai/eden/LOT20220102_2MASS_J08533619-0329321_mod/2MASS_J08533619-0329321-20220102@183333-Eden.fts -> s3://eden-data/RAW/LOT/2MASS_J08533619-0329321/2022-01-02/2MASS_J08533619-0329321-20220102@183333-Eden.fits (83/222)
Storing /home/altsai/eden/LOT20220102_2MASS_J08533619-0329321_mod/2MASS_J08533619-0329321-20220102@183450-Eden.fts -> s3://eden-data/RAW/LOT/2MASS_J08533619-0329321/2022-01-02/2MASS_J08533619-0329321-20220102@183450-Eden.fits (84/222)
Storing /home/altsai/eden/LOT20220102_2MASS_J08533619-0329321_mod/2MASS_J08533619-0329321-20220102@183607-Eden.fts -> s3://eden-data/RAW/LOT/2MASS_J08533619-0329321/2022-01-02/2MASS_J08533619-0329321-20220102@183607-Eden.fits (85/222)
Storing /home/altsai/eden/LOT20220102_2MASS_J08533619-0329321_mod/2MASS_J08533619-0329321-20220102@183725-Eden.fts -> s3://eden-data/RAW/LOT/2MASS_J08533619-0329321/2022-01-02/2MASS_J08533619-0329321-20220102@183725-Eden.fits (86/222)
Storing /home/altsai/eden/LOT20220102_2MASS_J08533619-0329321_mod/2MASS_J08533619-0329321-20220102@183841-Eden.fts -> s3://eden-data/RAW/LOT/2MASS_J08533619-0329321/2022-01-02/2MASS_J08533619-0329321-20220102@183841-Eden.fits (87/222)
Storing /home/altsai/eden/LOT20220102_2MASS_J08533619-0329321_mod/2MASS_J08533619-0329321-20220102@183958-Eden.fts -> s3://eden-data/RAW/LOT/2MASS_J08533619-0329321/2022-01-02/2MASS_J08533619-0329321-20220102@183958-Eden.fits (88/222)
Storing /home/altsai/eden/LOT20220102_2MASS_J08533619-0329321_mod/2MASS_J08533619-0329321-20220102@184115-Eden.fts -> s3://eden-data/RAW/LOT/2MASS_J08533619-0329321/2022-01-02/2MASS_J08533619-0329321-20220102@184115-Eden.fits (89/222)
Storing /home/altsai/eden/LOT20220102_2MASS_J08533619-0329321_mod/2MASS_J08533619-0329321-20220102@184231-Eden.fts -> s3://eden-data/RAW/LOT/2MASS_J08533619-0329321/2022-01-02/2MASS_J08533619-0329321-20220102@184231-Eden.fits (90/222)
Storing /home/altsai/eden/LOT20220102_2MASS_J08533619-0329321_mod/2MASS_J08533619-0329321-20220102@184348-Eden.fts -> s3://eden-data/RAW/LOT/2MASS_J08533619-0329321/2022-01-02/2MASS_J08533619-0329321-20220102@184348-Eden.fits (91/222)
Storing /home/altsai/eden/LOT20220102_2MASS_J08533619-0329321_mod/2MASS_J08533619-0329321-20220102@184505-Eden.fts -> s3://eden-data/RAW/LOT/2MASS_J08533619-0329321/2022-01-02/2MASS_J08533619-0329321-20220102@184505-Eden.fits (92/222)
Storing /home/altsai/eden/LOT20220102_2MASS_J08533619-0329321_mod/2MASS_J08533619-0329321-20220102@184621-Eden.fts -> s3://eden-data/RAW/LOT/2MASS_J08533619-0329321/2022-01-02/2MASS_J08533619-0329321-20220102@184621-Eden.fits (93/222)
Storing /home/altsai/eden/LOT20220102_2MASS_J08533619-0329321_mod/2MASS_J08533619-0329321-20220102@184736-Eden.fts -> s3://eden-data/RAW/LOT/2MASS_J08533619-0329321/2022-01-02/2MASS_J08533619-0329321-20220102@184736-Eden.fits (94/222)
Storing /home/altsai/eden/LOT20220102_2MASS_J08533619-0329321_mod/2MASS_J08533619-0329321-20220102@184852-Eden.fts -> s3://eden-data/RAW/LOT/2MASS_J08533619-0329321/2022-01-02/2MASS_J08533619-0329321-20220102@184852-Eden.fits (95/222)
Storing /home/altsai/eden/LOT20220102_2MASS_J08533619-0329321_mod/2MASS_J08533619-0329321-20220102@185009-Eden.fts -> s3://eden-data/RAW/LOT/2MASS_J08533619-0329321/2022-01-02/2MASS_J08533619-0329321-20220102@185009-Eden.fits (96/222)
Storing /home/altsai/eden/LOT20220102_2MASS_J08533619-0329321_mod/2MASS_J08533619-0329321-20220102@185125-Eden.fts -> s3://eden-data/RAW/LOT/2MASS_J08533619-0329321/2022-01-02/2MASS_J08533619-0329321-20220102@185125-Eden.fits (97/222)
Storing /home/altsai/eden/LOT20220102_2MASS_J08533619-0329321_mod/2MASS_J08533619-0329321-20220102@185241-Eden.fts -> s3://eden-data/RAW/LOT/2MASS_J08533619-0329321/2022-01-02/2MASS_J08533619-0329321-20220102@185241-Eden.fits (98/222)
Storing /home/altsai/eden/LOT20220102_2MASS_J08533619-0329321_mod/2MASS_J08533619-0329321-20220102@185357-Eden.fts -> s3://eden-data/RAW/LOT/2MASS_J08533619-0329321/2022-01-02/2MASS_J08533619-0329321-20220102@185357-Eden.fits (99/222)
Storing /home/altsai/eden/LOT20220102_2MASS_J08533619-0329321_mod/2MASS_J08533619-0329321-20220102@185513-Eden.fts -> s3://eden-data/RAW/LOT/2MASS_J08533619-0329321/2022-01-02/2MASS_J08533619-0329321-20220102@185513-Eden.fits (100/222)
Storing /home/altsai/eden/LOT20220102_2MASS_J08533619-0329321_mod/2MASS_J08533619-0329321-20220102@185630-Eden.fts -> s3://eden-data/RAW/LOT/2MASS_J08533619-0329321/2022-01-02/2MASS_J08533619-0329321-20220102@185630-Eden.fits (101/222)
Storing /home/altsai/eden/LOT20220102_2MASS_J08533619-0329321_mod/2MASS_J08533619-0329321-20220102@185747-Eden.fts -> s3://eden-data/RAW/LOT/2MASS_J08533619-0329321/2022-01-02/2MASS_J08533619-0329321-20220102@185747-Eden.fits (102/222)
Storing /home/altsai/eden/LOT20220102_2MASS_J08533619-0329321_mod/2MASS_J08533619-0329321-20220102@185904-Eden.fts -> s3://eden-data/RAW/LOT/2MASS_J08533619-0329321/2022-01-02/2MASS_J08533619-0329321-20220102@185904-Eden.fits (103/222)
Storing /home/altsai/eden/LOT20220102_2MASS_J08533619-0329321_mod/2MASS_J08533619-0329321-20220102@190020-Eden.fts -> s3://eden-data/RAW/LOT/2MASS_J08533619-0329321/2022-01-02/2MASS_J08533619-0329321-20220102@190020-Eden.fits (104/222)
Storing /home/altsai/eden/LOT20220102_2MASS_J08533619-0329321_mod/2MASS_J08533619-0329321-20220102@190136-Eden.fts -> s3://eden-data/RAW/LOT/2MASS_J08533619-0329321/2022-01-02/2MASS_J08533619-0329321-20220102@190136-Eden.fits (105/222)
Storing /home/altsai/eden/LOT20220102_2MASS_J08533619-0329321_mod/2MASS_J08533619-0329321-20220102@190252-Eden.fts -> s3://eden-data/RAW/LOT/2MASS_J08533619-0329321/2022-01-02/2MASS_J08533619-0329321-20220102@190252-Eden.fits (106/222)
Storing /home/altsai/eden/LOT20220102_2MASS_J08533619-0329321_mod/2MASS_J08533619-0329321-20220102@190409-Eden.fts -> s3://eden-data/RAW/LOT/2MASS_J08533619-0329321/2022-01-02/2MASS_J08533619-0329321-20220102@190409-Eden.fits (107/222)
Storing /home/altsai/eden/LOT20220102_2MASS_J08533619-0329321_mod/2MASS_J08533619-0329321-20220102@190526-Eden.fts -> s3://eden-data/RAW/LOT/2MASS_J08533619-0329321/2022-01-02/2MASS_J08533619-0329321-20220102@190526-Eden.fits (108/222)
Storing /home/altsai/eden/LOT20220102_2MASS_J08533619-0329321_mod/2MASS_J08533619-0329321-20220102@190642-Eden.fts -> s3://eden-data/RAW/LOT/2MASS_J08533619-0329321/2022-01-02/2MASS_J08533619-0329321-20220102@190642-Eden.fits (109/222)
Storing /home/altsai/eden/LOT20220102_2MASS_J08533619-0329321_mod/2MASS_J08533619-0329321-20220102@190758-Eden.fts -> s3://eden-data/RAW/LOT/2MASS_J08533619-0329321/2022-01-02/2MASS_J08533619-0329321-20220102@190758-Eden.fits (110/222)
Storing /home/altsai/eden/LOT20220102_2MASS_J08533619-0329321_mod/2MASS_J08533619-0329321-20220102@190915-Eden.fts -> s3://eden-data/RAW/LOT/2MASS_J08533619-0329321/2022-01-02/2MASS_J08533619-0329321-20220102@190915-Eden.fits (111/222)
Storing /home/altsai/eden/LOT20220102_2MASS_J08533619-0329321_mod/2MASS_J08533619-0329321-20220102@191030-Eden.fts -> s3://eden-data/RAW/LOT/2MASS_J08533619-0329321/2022-01-02/2MASS_J08533619-0329321-20220102@191030-Eden.fits (112/222)
Storing /home/altsai/eden/LOT20220102_2MASS_J08533619-0329321_mod/2MASS_J08533619-0329321-20220102@191145-Eden.fts -> s3://eden-data/RAW/LOT/2MASS_J08533619-0329321/2022-01-02/2MASS_J08533619-0329321-20220102@191145-Eden.fits (113/222)
Storing /home/altsai/eden/LOT20220102_2MASS_J08533619-0329321_mod/2MASS_J08533619-0329321-20220102@191301-Eden.fts -> s3://eden-data/RAW/LOT/2MASS_J08533619-0329321/2022-01-02/2MASS_J08533619-0329321-20220102@191301-Eden.fits (114/222)
Storing /home/altsai/eden/LOT20220102_2MASS_J08533619-0329321_mod/2MASS_J08533619-0329321-20220102@191419-Eden.fts -> s3://eden-data/RAW/LOT/2MASS_J08533619-0329321/2022-01-02/2MASS_J08533619-0329321-20220102@191419-Eden.fits (115/222)
Storing /home/altsai/eden/LOT20220102_2MASS_J08533619-0329321_mod/2MASS_J08533619-0329321-20220102@191535-Eden.fts -> s3://eden-data/RAW/LOT/2MASS_J08533619-0329321/2022-01-02/2MASS_J08533619-0329321-20220102@191535-Eden.fits (116/222)
Storing /home/altsai/eden/LOT20220102_2MASS_J08533619-0329321_mod/2MASS_J08533619-0329321-20220102@191652-Eden.fts -> s3://eden-data/RAW/LOT/2MASS_J08533619-0329321/2022-01-02/2MASS_J08533619-0329321-20220102@191652-Eden.fits (117/222)
Storing /home/altsai/eden/LOT20220102_2MASS_J08533619-0329321_mod/2MASS_J08533619-0329321-20220102@191808-Eden.fts -> s3://eden-data/RAW/LOT/2MASS_J08533619-0329321/2022-01-02/2MASS_J08533619-0329321-20220102@191808-Eden.fits (118/222)
Storing /home/altsai/eden/LOT20220102_2MASS_J08533619-0329321_mod/2MASS_J08533619-0329321-20220102@191924-Eden.fts -> s3://eden-data/RAW/LOT/2MASS_J08533619-0329321/2022-01-02/2MASS_J08533619-0329321-20220102@191924-Eden.fits (119/222)
Storing /home/altsai/eden/LOT20220102_2MASS_J08533619-0329321_mod/2MASS_J08533619-0329321-20220102@192040-Eden.fts -> s3://eden-data/RAW/LOT/2MASS_J08533619-0329321/2022-01-02/2MASS_J08533619-0329321-20220102@192040-Eden.fits (120/222)
Storing /home/altsai/eden/LOT20220102_2MASS_J08533619-0329321_mod/2MASS_J08533619-0329321-20220102@192157-Eden.fts -> s3://eden-data/RAW/LOT/2MASS_J08533619-0329321/2022-01-02/2MASS_J08533619-0329321-20220102@192157-Eden.fits (121/222)
Storing /home/altsai/eden/LOT20220102_2MASS_J08533619-0329321_mod/2MASS_J08533619-0329321-20220102@192313-Eden.fts -> s3://eden-data/RAW/LOT/2MASS_J08533619-0329321/2022-01-02/2MASS_J08533619-0329321-20220102@192313-Eden.fits (122/222)
Storing /home/altsai/eden/LOT20220102_2MASS_J08533619-0329321_mod/2MASS_J08533619-0329321-20220102@192429-Eden.fts -> s3://eden-data/RAW/LOT/2MASS_J08533619-0329321/2022-01-02/2MASS_J08533619-0329321-20220102@192429-Eden.fits (123/222)
Storing /home/altsai/eden/LOT20220102_2MASS_J08533619-0329321_mod/2MASS_J08533619-0329321-20220102@192545-Eden.fts -> s3://eden-data/RAW/LOT/2MASS_J08533619-0329321/2022-01-02/2MASS_J08533619-0329321-20220102@192545-Eden.fits (124/222)
Storing /home/altsai/eden/LOT20220102_2MASS_J08533619-0329321_mod/2MASS_J08533619-0329321-20220102@192701-Eden.fts -> s3://eden-data/RAW/LOT/2MASS_J08533619-0329321/2022-01-02/2MASS_J08533619-0329321-20220102@192701-Eden.fits (125/222)
Storing /home/altsai/eden/LOT20220102_2MASS_J08533619-0329321_mod/2MASS_J08533619-0329321-20220102@192818-Eden.fts -> s3://eden-data/RAW/LOT/2MASS_J08533619-0329321/2022-01-02/2MASS_J08533619-0329321-20220102@192818-Eden.fits (126/222)
Storing /home/altsai/eden/LOT20220102_2MASS_J08533619-0329321_mod/2MASS_J08533619-0329321-20220102@192934-Eden.fts -> s3://eden-data/RAW/LOT/2MASS_J08533619-0329321/2022-01-02/2MASS_J08533619-0329321-20220102@192934-Eden.fits (127/222)
Storing /home/altsai/eden/LOT20220102_2MASS_J08533619-0329321_mod/2MASS_J08533619-0329321-20220102@193050-Eden.fts -> s3://eden-data/RAW/LOT/2MASS_J08533619-0329321/2022-01-02/2MASS_J08533619-0329321-20220102@193050-Eden.fits (128/222)
Storing /home/altsai/eden/LOT20220102_2MASS_J08533619-0329321_mod/2MASS_J08533619-0329321-20220102@193207-Eden.fts -> s3://eden-data/RAW/LOT/2MASS_J08533619-0329321/2022-01-02/2MASS_J08533619-0329321-20220102@193207-Eden.fits (129/222)
Storing /home/altsai/eden/LOT20220102_2MASS_J08533619-0329321_mod/2MASS_J08533619-0329321-20220102@193324-Eden.fts -> s3://eden-data/RAW/LOT/2MASS_J08533619-0329321/2022-01-02/2MASS_J08533619-0329321-20220102@193324-Eden.fits (130/222)
Storing /home/altsai/eden/LOT20220102_2MASS_J08533619-0329321_mod/2MASS_J08533619-0329321-20220102@193441-Eden.fts -> s3://eden-data/RAW/LOT/2MASS_J08533619-0329321/2022-01-02/2MASS_J08533619-0329321-20220102@193441-Eden.fits (131/222)
Storing /home/altsai/eden/LOT20220102_2MASS_J08533619-0329321_mod/2MASS_J08533619-0329321-20220102@193557-Eden.fts -> s3://eden-data/RAW/LOT/2MASS_J08533619-0329321/2022-01-02/2MASS_J08533619-0329321-20220102@193557-Eden.fits (132/222)
Storing /home/altsai/eden/LOT20220102_2MASS_J08533619-0329321_mod/2MASS_J08533619-0329321-20220102@193714-Eden.fts -> s3://eden-data/RAW/LOT/2MASS_J08533619-0329321/2022-01-02/2MASS_J08533619-0329321-20220102@193714-Eden.fits (133/222)
Storing /home/altsai/eden/LOT20220102_2MASS_J08533619-0329321_mod/2MASS_J08533619-0329321-20220102@193830-Eden.fts -> s3://eden-data/RAW/LOT/2MASS_J08533619-0329321/2022-01-02/2MASS_J08533619-0329321-20220102@193830-Eden.fits (134/222)
Storing /home/altsai/eden/LOT20220102_2MASS_J08533619-0329321_mod/2MASS_J08533619-0329321-20220102@193947-Eden.fts -> s3://eden-data/RAW/LOT/2MASS_J08533619-0329321/2022-01-02/2MASS_J08533619-0329321-20220102@193947-Eden.fits (135/222)
Storing /home/altsai/eden/LOT20220102_2MASS_J08533619-0329321_mod/2MASS_J08533619-0329321-20220102@194103-Eden.fts -> s3://eden-data/RAW/LOT/2MASS_J08533619-0329321/2022-01-02/2MASS_J08533619-0329321-20220102@194103-Eden.fits (136/222)
Storing /home/altsai/eden/LOT20220102_2MASS_J08533619-0329321_mod/2MASS_J08533619-0329321-20220102@194219-Eden.fts -> s3://eden-data/RAW/LOT/2MASS_J08533619-0329321/2022-01-02/2MASS_J08533619-0329321-20220102@194219-Eden.fits (137/222)
Storing /home/altsai/eden/LOT20220102_2MASS_J08533619-0329321_mod/2MASS_J08533619-0329321-20220102@194335-Eden.fts -> s3://eden-data/RAW/LOT/2MASS_J08533619-0329321/2022-01-02/2MASS_J08533619-0329321-20220102@194335-Eden.fits (138/222)
Storing /home/altsai/eden/LOT20220102_2MASS_J08533619-0329321_mod/2MASS_J08533619-0329321-20220102@194450-Eden.fts -> s3://eden-data/RAW/LOT/2MASS_J08533619-0329321/2022-01-02/2MASS_J08533619-0329321-20220102@194450-Eden.fits (139/222)
Storing /home/altsai/eden/LOT20220102_2MASS_J08533619-0329321_mod/2MASS_J08533619-0329321-20220102@194607-Eden.fts -> s3://eden-data/RAW/LOT/2MASS_J08533619-0329321/2022-01-02/2MASS_J08533619-0329321-20220102@194607-Eden.fits (140/222)
Storing /home/altsai/eden/LOT20220102_2MASS_J08533619-0329321_mod/2MASS_J08533619-0329321-20220102@194723-Eden.fts -> s3://eden-data/RAW/LOT/2MASS_J08533619-0329321/2022-01-02/2MASS_J08533619-0329321-20220102@194723-Eden.fits (141/222)
Storing /home/altsai/eden/LOT20220102_2MASS_J08533619-0329321_mod/2MASS_J08533619-0329321-20220102@194839-Eden.fts -> s3://eden-data/RAW/LOT/2MASS_J08533619-0329321/2022-01-02/2MASS_J08533619-0329321-20220102@194839-Eden.fits (142/222)
Storing /home/altsai/eden/LOT20220102_2MASS_J08533619-0329321_mod/2MASS_J08533619-0329321-20220102@194956-Eden.fts -> s3://eden-data/RAW/LOT/2MASS_J08533619-0329321/2022-01-02/2MASS_J08533619-0329321-20220102@194956-Eden.fits (143/222)
Storing /home/altsai/eden/LOT20220102_2MASS_J08533619-0329321_mod/2MASS_J08533619-0329321-20220102@195112-Eden.fts -> s3://eden-data/RAW/LOT/2MASS_J08533619-0329321/2022-01-02/2MASS_J08533619-0329321-20220102@195112-Eden.fits (144/222)
Storing /home/altsai/eden/LOT20220102_2MASS_J08533619-0329321_mod/2MASS_J08533619-0329321-20220102@195229-Eden.fts -> s3://eden-data/RAW/LOT/2MASS_J08533619-0329321/2022-01-02/2MASS_J08533619-0329321-20220102@195229-Eden.fits (145/222)
Storing /home/altsai/eden/LOT20220102_2MASS_J08533619-0329321_mod/2MASS_J08533619-0329321-20220102@195345-Eden.fts -> s3://eden-data/RAW/LOT/2MASS_J08533619-0329321/2022-01-02/2MASS_J08533619-0329321-20220102@195345-Eden.fits (146/222)
Storing /home/altsai/eden/LOT20220102_2MASS_J08533619-0329321_mod/2MASS_J08533619-0329321-20220102@195502-Eden.fts -> s3://eden-data/RAW/LOT/2MASS_J08533619-0329321/2022-01-02/2MASS_J08533619-0329321-20220102@195502-Eden.fits (147/222)
Storing /home/altsai/eden/LOT20220102_2MASS_J08533619-0329321_mod/2MASS_J08533619-0329321-20220102@195620-Eden.fts -> s3://eden-data/RAW/LOT/2MASS_J08533619-0329321/2022-01-02/2MASS_J08533619-0329321-20220102@195620-Eden.fits (148/222)
Storing /home/altsai/eden/LOT20220102_2MASS_J08533619-0329321_mod/2MASS_J08533619-0329321-20220102@195737-Eden.fts -> s3://eden-data/RAW/LOT/2MASS_J08533619-0329321/2022-01-02/2MASS_J08533619-0329321-20220102@195737-Eden.fits (149/222)
Storing /home/altsai/eden/LOT20220102_2MASS_J08533619-0329321_mod/2MASS_J08533619-0329321-20220102@195854-Eden.fts -> s3://eden-data/RAW/LOT/2MASS_J08533619-0329321/2022-01-02/2MASS_J08533619-0329321-20220102@195854-Eden.fits (150/222)
Storing /home/altsai/eden/LOT20220102_2MASS_J08533619-0329321_mod/2MASS_J08533619-0329321-20220102@200010-Eden.fts -> s3://eden-data/RAW/LOT/2MASS_J08533619-0329321/2022-01-02/2MASS_J08533619-0329321-20220102@200010-Eden.fits (151/222)
Storing /home/altsai/eden/LOT20220102_2MASS_J08533619-0329321_mod/2MASS_J08533619-0329321-20220102@200127-Eden.fts -> s3://eden-data/RAW/LOT/2MASS_J08533619-0329321/2022-01-02/2MASS_J08533619-0329321-20220102@200127-Eden.fits (152/222)
Storing /home/altsai/eden/LOT20220102_2MASS_J08533619-0329321_mod/2MASS_J08533619-0329321-20220102@200243-Eden.fts -> s3://eden-data/RAW/LOT/2MASS_J08533619-0329321/2022-01-02/2MASS_J08533619-0329321-20220102@200243-Eden.fits (153/222)
Storing /home/altsai/eden/LOT20220102_2MASS_J08533619-0329321_mod/2MASS_J08533619-0329321-20220102@200401-Eden.fts -> s3://eden-data/RAW/LOT/2MASS_J08533619-0329321/2022-01-02/2MASS_J08533619-0329321-20220102@200401-Eden.fits (154/222)
Storing /home/altsai/eden/LOT20220102_2MASS_J08533619-0329321_mod/2MASS_J08533619-0329321-20220102@200518-Eden.fts -> s3://eden-data/RAW/LOT/2MASS_J08533619-0329321/2022-01-02/2MASS_J08533619-0329321-20220102@200518-Eden.fits (155/222)
Storing /home/altsai/eden/LOT20220102_2MASS_J08533619-0329321_mod/2MASS_J08533619-0329321-20220102@200634-Eden.fts -> s3://eden-data/RAW/LOT/2MASS_J08533619-0329321/2022-01-02/2MASS_J08533619-0329321-20220102@200634-Eden.fits (156/222)
Storing /home/altsai/eden/LOT20220102_2MASS_J08533619-0329321_mod/2MASS_J08533619-0329321-20220102@200752-Eden.fts -> s3://eden-data/RAW/LOT/2MASS_J08533619-0329321/2022-01-02/2MASS_J08533619-0329321-20220102@200752-Eden.fits (157/222)
Storing /home/altsai/eden/LOT20220102_2MASS_J08533619-0329321_mod/2MASS_J08533619-0329321-20220102@200909-Eden.fts -> s3://eden-data/RAW/LOT/2MASS_J08533619-0329321/2022-01-02/2MASS_J08533619-0329321-20220102@200909-Eden.fits (158/222)
Storing /home/altsai/eden/LOT20220102_2MASS_J08533619-0329321_mod/2MASS_J08533619-0329321-20220102@201027-Eden.fts -> s3://eden-data/RAW/LOT/2MASS_J08533619-0329321/2022-01-02/2MASS_J08533619-0329321-20220102@201027-Eden.fits (159/222)
Storing /home/altsai/eden/LOT20220102_2MASS_J08533619-0329321_mod/2MASS_J08533619-0329321-20220102@201144-Eden.fts -> s3://eden-data/RAW/LOT/2MASS_J08533619-0329321/2022-01-02/2MASS_J08533619-0329321-20220102@201144-Eden.fits (160/222)
Storing /home/altsai/eden/LOT20220102_2MASS_J08533619-0329321_mod/2MASS_J08533619-0329321-20220102@201302-Eden.fts -> s3://eden-data/RAW/LOT/2MASS_J08533619-0329321/2022-01-02/2MASS_J08533619-0329321-20220102@201302-Eden.fits (161/222)
Storing /home/altsai/eden/LOT20220102_2MASS_J08533619-0329321_mod/2MASS_J08533619-0329321-20220102@201419-Eden.fts -> s3://eden-data/RAW/LOT/2MASS_J08533619-0329321/2022-01-02/2MASS_J08533619-0329321-20220102@201419-Eden.fits (162/222)
Storing /home/altsai/eden/LOT20220102_2MASS_J08533619-0329321_mod/2MASS_J08533619-0329321-20220102@201536-Eden.fts -> s3://eden-data/RAW/LOT/2MASS_J08533619-0329321/2022-01-02/2MASS_J08533619-0329321-20220102@201536-Eden.fits (163/222)
Storing /home/altsai/eden/LOT20220102_2MASS_J08533619-0329321_mod/2MASS_J08533619-0329321-20220102@201652-Eden.fts -> s3://eden-data/RAW/LOT/2MASS_J08533619-0329321/2022-01-02/2MASS_J08533619-0329321-20220102@201652-Eden.fits (164/222)
Storing /home/altsai/eden/LOT20220102_2MASS_J08533619-0329321_mod/2MASS_J08533619-0329321-20220102@201809-Eden.fts -> s3://eden-data/RAW/LOT/2MASS_J08533619-0329321/2022-01-02/2MASS_J08533619-0329321-20220102@201809-Eden.fits (165/222)
Storing /home/altsai/eden/LOT20220102_2MASS_J08533619-0329321_mod/2MASS_J08533619-0329321-20220102@201926-Eden.fts -> s3://eden-data/RAW/LOT/2MASS_J08533619-0329321/2022-01-02/2MASS_J08533619-0329321-20220102@201926-Eden.fits (166/222)
Storing /home/altsai/eden/LOT20220102_2MASS_J08533619-0329321_mod/2MASS_J08533619-0329321-20220102@202042-Eden.fts -> s3://eden-data/RAW/LOT/2MASS_J08533619-0329321/2022-01-02/2MASS_J08533619-0329321-20220102@202042-Eden.fits (167/222)
Storing /home/altsai/eden/LOT20220102_2MASS_J08533619-0329321_mod/2MASS_J08533619-0329321-20220102@202159-Eden.fts -> s3://eden-data/RAW/LOT/2MASS_J08533619-0329321/2022-01-02/2MASS_J08533619-0329321-20220102@202159-Eden.fits (168/222)
Storing /home/altsai/eden/LOT20220102_2MASS_J08533619-0329321_mod/2MASS_J08533619-0329321-20220102@202317-Eden.fts -> s3://eden-data/RAW/LOT/2MASS_J08533619-0329321/2022-01-02/2MASS_J08533619-0329321-20220102@202317-Eden.fits (169/222)
Storing /home/altsai/eden/LOT20220102_2MASS_J08533619-0329321_mod/2MASS_J08533619-0329321-20220102@202434-Eden.fts -> s3://eden-data/RAW/LOT/2MASS_J08533619-0329321/2022-01-02/2MASS_J08533619-0329321-20220102@202434-Eden.fits (170/222)
Storing /home/altsai/eden/LOT20220102_2MASS_J08533619-0329321_mod/2MASS_J08533619-0329321-20220102@202551-Eden.fts -> s3://eden-data/RAW/LOT/2MASS_J08533619-0329321/2022-01-02/2MASS_J08533619-0329321-20220102@202551-Eden.fits (171/222)
Storing /home/altsai/eden/LOT20220102_2MASS_J08533619-0329321_mod/2MASS_J08533619-0329321-20220102@202708-Eden.fts -> s3://eden-data/RAW/LOT/2MASS_J08533619-0329321/2022-01-02/2MASS_J08533619-0329321-20220102@202708-Eden.fits (172/222)
Storing /home/altsai/eden/LOT20220102_2MASS_J08533619-0329321_mod/2MASS_J08533619-0329321-20220102@202824-Eden.fts -> s3://eden-data/RAW/LOT/2MASS_J08533619-0329321/2022-01-02/2MASS_J08533619-0329321-20220102@202824-Eden.fits (173/222)
Storing /home/altsai/eden/LOT20220102_2MASS_J08533619-0329321_mod/2MASS_J08533619-0329321-20220102@202941-Eden.fts -> s3://eden-data/RAW/LOT/2MASS_J08533619-0329321/2022-01-02/2MASS_J08533619-0329321-20220102@202941-Eden.fits (174/222)
Storing /home/altsai/eden/LOT20220102_2MASS_J08533619-0329321_mod/2MASS_J08533619-0329321-20220102@203058-Eden.fts -> s3://eden-data/RAW/LOT/2MASS_J08533619-0329321/2022-01-02/2MASS_J08533619-0329321-20220102@203058-Eden.fits (175/222)
Storing /home/altsai/eden/LOT20220102_2MASS_J08533619-0329321_mod/2MASS_J08533619-0329321-20220102@203214-Eden.fts -> s3://eden-data/RAW/LOT/2MASS_J08533619-0329321/2022-01-02/2MASS_J08533619-0329321-20220102@203214-Eden.fits (176/222)
Storing /home/altsai/eden/LOT20220102_2MASS_J08533619-0329321_mod/2MASS_J08533619-0329321-20220102@203333-Eden.fts -> s3://eden-data/RAW/LOT/2MASS_J08533619-0329321/2022-01-02/2MASS_J08533619-0329321-20220102@203333-Eden.fits (177/222)
Storing /home/altsai/eden/LOT20220102_2MASS_J08533619-0329321_mod/2MASS_J08533619-0329321-20220102@203450-Eden.fts -> s3://eden-data/RAW/LOT/2MASS_J08533619-0329321/2022-01-02/2MASS_J08533619-0329321-20220102@203450-Eden.fits (178/222)
Storing /home/altsai/eden/LOT20220102_2MASS_J08533619-0329321_mod/2MASS_J08533619-0329321-20220102@203606-Eden.fts -> s3://eden-data/RAW/LOT/2MASS_J08533619-0329321/2022-01-02/2MASS_J08533619-0329321-20220102@203606-Eden.fits (179/222)
Storing /home/altsai/eden/LOT20220102_2MASS_J08533619-0329321_mod/2MASS_J08533619-0329321-20220102@203723-Eden.fts -> s3://eden-data/RAW/LOT/2MASS_J08533619-0329321/2022-01-02/2MASS_J08533619-0329321-20220102@203723-Eden.fits (180/222)
Storing /home/altsai/eden/LOT20220102_2MASS_J08533619-0329321_mod/2MASS_J08533619-0329321-20220102@203839-Eden.fts -> s3://eden-data/RAW/LOT/2MASS_J08533619-0329321/2022-01-02/2MASS_J08533619-0329321-20220102@203839-Eden.fits (181/222)
Storing /home/altsai/eden/LOT20220102_2MASS_J08533619-0329321_mod/2MASS_J08533619-0329321-20220102@203956-Eden.fts -> s3://eden-data/RAW/LOT/2MASS_J08533619-0329321/2022-01-02/2MASS_J08533619-0329321-20220102@203956-Eden.fits (182/222)
Storing /home/altsai/eden/LOT20220102_2MASS_J08533619-0329321_mod/2MASS_J08533619-0329321-20220102@204114-Eden.fts -> s3://eden-data/RAW/LOT/2MASS_J08533619-0329321/2022-01-02/2MASS_J08533619-0329321-20220102@204114-Eden.fits (183/222)
Storing /home/altsai/eden/LOT20220102_2MASS_J08533619-0329321_mod/2MASS_J08533619-0329321-20220102@204231-Eden.fts -> s3://eden-data/RAW/LOT/2MASS_J08533619-0329321/2022-01-02/2MASS_J08533619-0329321-20220102@204231-Eden.fits (184/222)
Storing /home/altsai/eden/LOT20220102_2MASS_J08533619-0329321_mod/2MASS_J08533619-0329321-20220102@204347-Eden.fts -> s3://eden-data/RAW/LOT/2MASS_J08533619-0329321/2022-01-02/2MASS_J08533619-0329321-20220102@204347-Eden.fits (185/222)
Storing /home/altsai/eden/LOT20220102_2MASS_J08533619-0329321_mod/2MASS_J08533619-0329321-20220102@204503-Eden.fts -> s3://eden-data/RAW/LOT/2MASS_J08533619-0329321/2022-01-02/2MASS_J08533619-0329321-20220102@204503-Eden.fits (186/222)
Storing /home/altsai/eden/LOT20220102_2MASS_J08533619-0329321_mod/2MASS_J08533619-0329321-20220102@204620-Eden.fts -> s3://eden-data/RAW/LOT/2MASS_J08533619-0329321/2022-01-02/2MASS_J08533619-0329321-20220102@204620-Eden.fits (187/222)
Storing /home/altsai/eden/LOT20220102_2MASS_J08533619-0329321_mod/2MASS_J08533619-0329321-20220102@204737-Eden.fts -> s3://eden-data/RAW/LOT/2MASS_J08533619-0329321/2022-01-02/2MASS_J08533619-0329321-20220102@204737-Eden.fits (188/222)
Storing /home/altsai/eden/LOT20220102_2MASS_J08533619-0329321_mod/2MASS_J08533619-0329321-20220102@204853-Eden.fts -> s3://eden-data/RAW/LOT/2MASS_J08533619-0329321/2022-01-02/2MASS_J08533619-0329321-20220102@204853-Eden.fits (189/222)
Storing /home/altsai/eden/LOT20220102_2MASS_J08533619-0329321_mod/2MASS_J08533619-0329321-20220102@205010-Eden.fts -> s3://eden-data/RAW/LOT/2MASS_J08533619-0329321/2022-01-02/2MASS_J08533619-0329321-20220102@205010-Eden.fits (190/222)
Storing /home/altsai/eden/LOT20220102_2MASS_J08533619-0329321_mod/2MASS_J08533619-0329321-20220102@205126-Eden.fts -> s3://eden-data/RAW/LOT/2MASS_J08533619-0329321/2022-01-02/2MASS_J08533619-0329321-20220102@205126-Eden.fits (191/222)
Storing /home/altsai/eden/LOT20220102_2MASS_J08533619-0329321_mod/2MASS_J08533619-0329321-20220102@205242-Eden.fts -> s3://eden-data/RAW/LOT/2MASS_J08533619-0329321/2022-01-02/2MASS_J08533619-0329321-20220102@205242-Eden.fits (192/222)
Storing /home/altsai/eden/LOT20220102_2MASS_J08533619-0329321_mod/2MASS_J08533619-0329321-20220102@205359-Eden.fts -> s3://eden-data/RAW/LOT/2MASS_J08533619-0329321/2022-01-02/2MASS_J08533619-0329321-20220102@205359-Eden.fits (193/222)
Storing /home/altsai/eden/LOT20220102_2MASS_J08533619-0329321_mod/2MASS_J08533619-0329321-20220102@205516-Eden.fts -> s3://eden-data/RAW/LOT/2MASS_J08533619-0329321/2022-01-02/2MASS_J08533619-0329321-20220102@205516-Eden.fits (194/222)
Storing /home/altsai/eden/LOT20220102_2MASS_J08533619-0329321_mod/2MASS_J08533619-0329321-20220102@205633-Eden.fts -> s3://eden-data/RAW/LOT/2MASS_J08533619-0329321/2022-01-02/2MASS_J08533619-0329321-20220102@205633-Eden.fits (195/222)
Storing /home/altsai/eden/LOT20220102_2MASS_J08533619-0329321_mod/2MASS_J08533619-0329321-20220102@205751-Eden.fts -> s3://eden-data/RAW/LOT/2MASS_J08533619-0329321/2022-01-02/2MASS_J08533619-0329321-20220102@205751-Eden.fits (196/222)
Storing /home/altsai/eden/LOT20220102_2MASS_J08533619-0329321_mod/2MASS_J08533619-0329321-20220102@205907-Eden.fts -> s3://eden-data/RAW/LOT/2MASS_J08533619-0329321/2022-01-02/2MASS_J08533619-0329321-20220102@205907-Eden.fits (197/222)
Storing /home/altsai/eden/LOT20220102_2MASS_J08533619-0329321_mod/2MASS_J08533619-0329321-20220102@210024-Eden.fts -> s3://eden-data/RAW/LOT/2MASS_J08533619-0329321/2022-01-02/2MASS_J08533619-0329321-20220102@210024-Eden.fits (198/222)
Storing /home/altsai/eden/LOT20220102_2MASS_J08533619-0329321_mod/2MASS_J08533619-0329321-20220102@210142-Eden.fts -> s3://eden-data/RAW/LOT/2MASS_J08533619-0329321/2022-01-02/2MASS_J08533619-0329321-20220102@210142-Eden.fits (199/222)
Storing /home/altsai/eden/LOT20220102_2MASS_J08533619-0329321_mod/2MASS_J08533619-0329321-20220102@210259-Eden.fts -> s3://eden-data/RAW/LOT/2MASS_J08533619-0329321/2022-01-02/2MASS_J08533619-0329321-20220102@210259-Eden.fits (200/222)
Storing /home/altsai/eden/LOT20220102_2MASS_J08533619-0329321_mod/2MASS_J08533619-0329321-20220102@210416-Eden.fts -> s3://eden-data/RAW/LOT/2MASS_J08533619-0329321/2022-01-02/2MASS_J08533619-0329321-20220102@210416-Eden.fits (201/222)
Storing /home/altsai/eden/LOT20220102_2MASS_J08533619-0329321_mod/2MASS_J08533619-0329321-20220102@210533-Eden.fts -> s3://eden-data/RAW/LOT/2MASS_J08533619-0329321/2022-01-02/2MASS_J08533619-0329321-20220102@210533-Eden.fits (202/222)
Storing /home/altsai/eden/LOT20220102_2MASS_J08533619-0329321_mod/2MASS_J08533619-0329321-20220102@210650-Eden.fts -> s3://eden-data/RAW/LOT/2MASS_J08533619-0329321/2022-01-02/2MASS_J08533619-0329321-20220102@210650-Eden.fits (203/222)
Storing /home/altsai/eden/LOT20220102_2MASS_J08533619-0329321_mod/2MASS_J08533619-0329321-20220102@210807-Eden.fts -> s3://eden-data/RAW/LOT/2MASS_J08533619-0329321/2022-01-02/2MASS_J08533619-0329321-20220102@210807-Eden.fits (204/222)
Storing /home/altsai/eden/LOT20220102_2MASS_J08533619-0329321_mod/2MASS_J08533619-0329321-20220102@210924-Eden.fts -> s3://eden-data/RAW/LOT/2MASS_J08533619-0329321/2022-01-02/2MASS_J08533619-0329321-20220102@210924-Eden.fits (205/222)
Storing /home/altsai/eden/LOT20220102_2MASS_J08533619-0329321_mod/2MASS_J08533619-0329321-20220102@211041-Eden.fts -> s3://eden-data/RAW/LOT/2MASS_J08533619-0329321/2022-01-02/2MASS_J08533619-0329321-20220102@211041-Eden.fits (206/222)
Storing /home/altsai/eden/LOT20220102_2MASS_J08533619-0329321_mod/2MASS_J08533619-0329321-20220102@211157-Eden.fts -> s3://eden-data/RAW/LOT/2MASS_J08533619-0329321/2022-01-02/2MASS_J08533619-0329321-20220102@211157-Eden.fits (207/222)
Storing /home/altsai/eden/LOT20220102_2MASS_J08533619-0329321_mod/2MASS_J08533619-0329321-20220102@211313-Eden.fts -> s3://eden-data/RAW/LOT/2MASS_J08533619-0329321/2022-01-02/2MASS_J08533619-0329321-20220102@211313-Eden.fits (208/222)
Storing /home/altsai/eden/LOT20220102_2MASS_J08533619-0329321_mod/2MASS_J08533619-0329321-20220102@211430-Eden.fts -> s3://eden-data/RAW/LOT/2MASS_J08533619-0329321/2022-01-02/2MASS_J08533619-0329321-20220102@211430-Eden.fits (209/222)
Storing /home/altsai/eden/LOT20220102_2MASS_J08533619-0329321_mod/2MASS_J08533619-0329321-20220102@211546-Eden.fts -> s3://eden-data/RAW/LOT/2MASS_J08533619-0329321/2022-01-02/2MASS_J08533619-0329321-20220102@211546-Eden.fits (210/222)
Storing /home/altsai/eden/LOT20220102_2MASS_J08533619-0329321_mod/2MASS_J08533619-0329321-20220102@211703-Eden.fts -> s3://eden-data/RAW/LOT/2MASS_J08533619-0329321/2022-01-02/2MASS_J08533619-0329321-20220102@211703-Eden.fits (211/222)
Storing /home/altsai/eden/LOT20220102_2MASS_J08533619-0329321_mod/2MASS_J08533619-0329321-20220102@211821-Eden.fts -> s3://eden-data/RAW/LOT/2MASS_J08533619-0329321/2022-01-02/2MASS_J08533619-0329321-20220102@211821-Eden.fits (212/222)
Storing /home/altsai/eden/LOT20220102_2MASS_J08533619-0329321_mod/2MASS_J08533619-0329321-20220102@211938-Eden.fts -> s3://eden-data/RAW/LOT/2MASS_J08533619-0329321/2022-01-02/2MASS_J08533619-0329321-20220102@211938-Eden.fits (213/222)
Storing /home/altsai/eden/LOT20220102_2MASS_J08533619-0329321_mod/2MASS_J08533619-0329321-20220102@212055-Eden.fts -> s3://eden-data/RAW/LOT/2MASS_J08533619-0329321/2022-01-02/2MASS_J08533619-0329321-20220102@212055-Eden.fits (214/222)
Storing /home/altsai/eden/LOT20220102_2MASS_J08533619-0329321_mod/2MASS_J08533619-0329321-20220102@212211-Eden.fts -> s3://eden-data/RAW/LOT/2MASS_J08533619-0329321/2022-01-02/2MASS_J08533619-0329321-20220102@212211-Eden.fits (215/222)
Storing /home/altsai/eden/LOT20220102_2MASS_J08533619-0329321_mod/2MASS_J08533619-0329321-20220102@212329-Eden.fts -> s3://eden-data/RAW/LOT/2MASS_J08533619-0329321/2022-01-02/2MASS_J08533619-0329321-20220102@212329-Eden.fits (216/222)
Storing /home/altsai/eden/LOT20220102_2MASS_J08533619-0329321_mod/2MASS_J08533619-0329321-20220102@212446-Eden.fts -> s3://eden-data/RAW/LOT/2MASS_J08533619-0329321/2022-01-02/2MASS_J08533619-0329321-20220102@212446-Eden.fits (217/222)
Storing /home/altsai/eden/LOT20220102_2MASS_J08533619-0329321_mod/2MASS_J08533619-0329321-20220102@212602-Eden.fts -> s3://eden-data/RAW/LOT/2MASS_J08533619-0329321/2022-01-02/2MASS_J08533619-0329321-20220102@212602-Eden.fits (218/222)
Storing /home/altsai/eden/LOT20220102_2MASS_J08533619-0329321_mod/2MASS_J08533619-0329321-20220102@212718-Eden.fts -> s3://eden-data/RAW/LOT/2MASS_J08533619-0329321/2022-01-02/2MASS_J08533619-0329321-20220102@212718-Eden.fits (219/222)
Storing /home/altsai/eden/LOT20220102_2MASS_J08533619-0329321_mod/2MASS_J08533619-0329321-20220102@212835-Eden.fts -> s3://eden-data/RAW/LOT/2MASS_J08533619-0329321/2022-01-02/2MASS_J08533619-0329321-20220102@212835-Eden.fits (220/222)
Storing /home/altsai/eden/LOT20220102_2MASS_J08533619-0329321_mod/2MASS_J08533619-0329321-20220102@212952-Eden.fts -> s3://eden-data/RAW/LOT/2MASS_J08533619-0329321/2022-01-02/2MASS_J08533619-0329321-20220102@212952-Eden.fits (221/222)
Storing /home/altsai/eden/LOT20220102_2MASS_J08533619-0329321_mod/2MASS_J08533619-0329321-20220102@213110-Eden.fts -> s3://eden-data/RAW/LOT/2MASS_J08533619-0329321/2022-01-02/2MASS_J08533619-0329321-20220102@213110-Eden.fits (222/222)

Upload complete!
Stored: 222 files (1.9 GB)
