-----------------
input parameters
-----------------
['modify_header_eden.py', 'LOT20191207_J0314', '7']
Your will modify header for: 2MASS_J03140344+1603056 [RA] 03 14 03.4419 [Dec] +16 03 05.4757 [Filter] GG495
---------------
folder: LOT20191207_J0314
will update fits in: LOT20191207_J0314_mod
 ---------------------------
 Exame Fits Header for Bias
 ---------------------------
find ./LOT20191207_J0314/bias-dark/ | grep 'fits\|fts'|sort 
found 90 Bias/Dark
1/90 Bias-20191207@222014-000S.fts [TYPE] BIAS [EXPTIME] 0.0
2/90 Bias-20191207@222022-000S.fts [TYPE] BIAS [EXPTIME] 0.0
3/90 Bias-20191207@222029-000S.fts [TYPE] BIAS [EXPTIME] 0.0
4/90 Bias-20191207@222035-000S.fts [TYPE] BIAS [EXPTIME] 0.0
5/90 Bias-20191207@222042-000S.fts [TYPE] BIAS [EXPTIME] 0.0
6/90 Bias-20191207@222049-000S.fts [TYPE] BIAS [EXPTIME] 0.0
7/90 Bias-20191207@222056-000S.fts [TYPE] BIAS [EXPTIME] 0.0
8/90 Bias-20191207@222103-000S.fts [TYPE] BIAS [EXPTIME] 0.0
9/90 Bias-20191207@222110-000S.fts [TYPE] BIAS [EXPTIME] 0.0
10/90 Bias-20191207@222116-000S.fts [TYPE] BIAS [EXPTIME] 0.0
11/90 Dark-20191207@222125-003S.fts [TYPE] DARK [EXPTIME] 3.0
12/90 Dark-20191207@222134-003S.fts [TYPE] DARK [EXPTIME] 3.0
13/90 Dark-20191207@222145-003S.fts [TYPE] DARK [EXPTIME] 3.0
14/90 Dark-20191207@222154-003S.fts [TYPE] DARK [EXPTIME] 3.0
15/90 Dark-20191207@222204-003S.fts [TYPE] DARK [EXPTIME] 3.0
16/90 Dark-20191207@222214-003S.fts [TYPE] DARK [EXPTIME] 3.0
17/90 Dark-20191207@222224-003S.fts [TYPE] DARK [EXPTIME] 3.0
18/90 Dark-20191207@222234-003S.fts [TYPE] DARK [EXPTIME] 3.0
19/90 Dark-20191207@222243-003S.fts [TYPE] DARK [EXPTIME] 3.0
20/90 Dark-20191207@222253-003S.fts [TYPE] DARK [EXPTIME] 3.0
21/90 Dark-20191207@222305-005S.fts [TYPE] DARK [EXPTIME] 5.0
22/90 Dark-20191207@222317-005S.fts [TYPE] DARK [EXPTIME] 5.0
23/90 Dark-20191207@222329-005S.fts [TYPE] DARK [EXPTIME] 5.0
24/90 Dark-20191207@222340-005S.fts [TYPE] DARK [EXPTIME] 5.0
25/90 Dark-20191207@222352-005S.fts [TYPE] DARK [EXPTIME] 5.0
26/90 Dark-20191207@222404-005S.fts [TYPE] DARK [EXPTIME] 5.0
27/90 Dark-20191207@222415-005S.fts [TYPE] DARK [EXPTIME] 5.0
28/90 Dark-20191207@222427-005S.fts [TYPE] DARK [EXPTIME] 5.0
29/90 Dark-20191207@222439-005S.fts [TYPE] DARK [EXPTIME] 5.0
30/90 Dark-20191207@222451-005S.fts [TYPE] DARK [EXPTIME] 5.0
31/90 Dark-20191207@222504-010S.fts [TYPE] DARK [EXPTIME] 10.0
32/90 Dark-20191207@222521-010S.fts [TYPE] DARK [EXPTIME] 10.0
33/90 Dark-20191207@222538-010S.fts [TYPE] DARK [EXPTIME] 10.0
34/90 Dark-20191207@222555-010S.fts [TYPE] DARK [EXPTIME] 10.0
35/90 Dark-20191207@222611-010S.fts [TYPE] DARK [EXPTIME] 10.0
36/90 Dark-20191207@222628-010S.fts [TYPE] DARK [EXPTIME] 10.0
37/90 Dark-20191207@222645-010S.fts [TYPE] DARK [EXPTIME] 10.0
38/90 Dark-20191207@222702-010S.fts [TYPE] DARK [EXPTIME] 10.0
39/90 Dark-20191207@222718-010S.fts [TYPE] DARK [EXPTIME] 10.0
40/90 Dark-20191207@222735-010S.fts [TYPE] DARK [EXPTIME] 10.0
41/90 Dark-20191207@222753-015S.fts [TYPE] DARK [EXPTIME] 15.0
42/90 Dark-20191207@222815-015S.fts [TYPE] DARK [EXPTIME] 15.0
43/90 Dark-20191207@222837-015S.fts [TYPE] DARK [EXPTIME] 15.0
44/90 Dark-20191207@222858-015S.fts [TYPE] DARK [EXPTIME] 15.0
45/90 Dark-20191207@222920-015S.fts [TYPE] DARK [EXPTIME] 15.0
46/90 Dark-20191207@222943-015S.fts [TYPE] DARK [EXPTIME] 15.0
47/90 Dark-20191207@223004-015S.fts [TYPE] DARK [EXPTIME] 15.0
48/90 Dark-20191207@223026-015S.fts [TYPE] DARK [EXPTIME] 15.0
49/90 Dark-20191207@223048-015S.fts [TYPE] DARK [EXPTIME] 15.0
50/90 Dark-20191207@223109-015S.fts [TYPE] DARK [EXPTIME] 15.0
51/90 Dark-20191207@223132-020S.fts [TYPE] DARK [EXPTIME] 20.0
52/90 Dark-20191207@223159-020S.fts [TYPE] DARK [EXPTIME] 20.0
53/90 Dark-20191207@223226-020S.fts [TYPE] DARK [EXPTIME] 20.0
54/90 Dark-20191207@223254-020S.fts [TYPE] DARK [EXPTIME] 20.0
55/90 Dark-20191207@223320-020S.fts [TYPE] DARK [EXPTIME] 20.0
56/90 Dark-20191207@223347-020S.fts [TYPE] DARK [EXPTIME] 20.0
57/90 Dark-20191207@223414-020S.fts [TYPE] DARK [EXPTIME] 20.0
58/90 Dark-20191207@223440-020S.fts [TYPE] DARK [EXPTIME] 20.0
59/90 Dark-20191207@223507-020S.fts [TYPE] DARK [EXPTIME] 20.0
60/90 Dark-20191207@223534-020S.fts [TYPE] DARK [EXPTIME] 20.0
61/90 Dark-20191207@223601-060S.fts [TYPE] DARK [EXPTIME] 60.0
62/90 Dark-20191207@223708-060S.fts [TYPE] DARK [EXPTIME] 60.0
63/90 Dark-20191207@223814-060S.fts [TYPE] DARK [EXPTIME] 60.0
64/90 Dark-20191207@223921-060S.fts [TYPE] DARK [EXPTIME] 60.0
65/90 Dark-20191207@224028-060S.fts [TYPE] DARK [EXPTIME] 60.0
66/90 Dark-20191207@224135-060S.fts [TYPE] DARK [EXPTIME] 60.0
67/90 Dark-20191207@224242-060S.fts [TYPE] DARK [EXPTIME] 60.0
68/90 Dark-20191207@224349-060S.fts [TYPE] DARK [EXPTIME] 60.0
69/90 Dark-20191207@224456-060S.fts [TYPE] DARK [EXPTIME] 60.0
70/90 Dark-20191207@224602-060S.fts [TYPE] DARK [EXPTIME] 60.0
71/90 Dark-20191207@224711-120S.fts [TYPE] DARK [EXPTIME] 120.0
72/90 Dark-20191207@224917-120S.fts [TYPE] DARK [EXPTIME] 120.0
73/90 Dark-20191207@225125-120S.fts [TYPE] DARK [EXPTIME] 120.0
74/90 Dark-20191207@225332-120S.fts [TYPE] DARK [EXPTIME] 120.0
75/90 Dark-20191207@225538-120S.fts [TYPE] DARK [EXPTIME] 120.0
76/90 Dark-20191207@225745-120S.fts [TYPE] DARK [EXPTIME] 120.0
77/90 Dark-20191207@225952-120S.fts [TYPE] DARK [EXPTIME] 120.0
78/90 Dark-20191207@230159-120S.fts [TYPE] DARK [EXPTIME] 120.0
79/90 Dark-20191207@230405-120S.fts [TYPE] DARK [EXPTIME] 120.0
80/90 Dark-20191207@230612-120S.fts [TYPE] DARK [EXPTIME] 120.0
81/90 Dark-20191207@230820-240S.fts [TYPE] DARK [EXPTIME] 240.0
82/90 Dark-20191207@231227-240S.fts [TYPE] DARK [EXPTIME] 240.0
83/90 Dark-20191207@231634-240S.fts [TYPE] DARK [EXPTIME] 240.0
84/90 Dark-20191207@232040-240S.fts [TYPE] DARK [EXPTIME] 240.0
85/90 Dark-20191207@232448-240S.fts [TYPE] DARK [EXPTIME] 240.0
86/90 Dark-20191207@232854-240S.fts [TYPE] DARK [EXPTIME] 240.0
87/90 Dark-20191207@233301-240S.fts [TYPE] DARK [EXPTIME] 240.0
88/90 Dark-20191207@233707-240S.fts [TYPE] DARK [EXPTIME] 240.0
89/90 Dark-20191207@234114-240S.fts [TYPE] DARK [EXPTIME] 240.0
90/90 Dark-20191207@234521-240S.fts [TYPE] DARK [EXPTIME] 240.0
 ---------------------------
 Exame Fits Header for Flat
 ---------------------------
find ./LOT20191207_J0314/ | grep flat/ |grep eden| grep -E 'fits|fts'|sort -t'-' -k2.4,2.6 
found 6 Flat
1/6 20191207_flat-001eden.fits [TYPE] FLAT [EXPTIME] 30.0 [FIL] GG495
2/6 20191207_flat-002eden.fits [TYPE] FLAT [EXPTIME] 20.0 [FIL] GG495
3/6 20191207_flat-003eden.fits [TYPE] FLAT [EXPTIME] 10.0 [FIL] GG495
4/6 20191207_flat-004eden.fits [TYPE] FLAT [EXPTIME] 10.0 [FIL] GG495
5/6 20191207_flat-005eden.fits [TYPE] FLAT [EXPTIME] 10.0 [FIL] GG495
6/6 20191207_flat-006eden.fits [TYPE] FLAT [EXPTIME] 10.0 [FIL] GG495
 ---------------------------
 Update Fits Header for Science Target
 ---------------------------
find ./LOT20191207_J0314/wchen/ | cut -d / -f1-4| grep 'fits\|fts'  |sort -t'@' -k2
found 232 Target

... update header ...
1/232 2MASSJ0314-20191207@132449-Eden.fts [TYPE] LIGHT [OBJ] 2MASS_J03140344+1603056 [RA] 03 14 03.4419 [Dec] +16 03 05.4757 [FIL] GG495 [EXPTIME] 60.0 [Date] 2019-12-07T13:25:03 [Time] 13:25:03
2/232 2MASSJ0314-20191207@132618-Eden.fts [TYPE] LIGHT [OBJ] 2MASS_J03140344+1603056 [RA] 03 14 03.4419 [Dec] +16 03 05.4757 [FIL] GG495 [EXPTIME] 60.0 [Date] 2019-12-07T13:26:18 [Time] 13:26:18
3/232 2MASSJ0314-20191207@132732-Eden.fts [TYPE] LIGHT [OBJ] 2MASS_J03140344+1603056 [RA] 03 14 03.4419 [Dec] +16 03 05.4757 [FIL] GG495 [EXPTIME] 60.0 [Date] 2019-12-07T13:27:32 [Time] 13:27:32
4/232 2MASSJ0314-20191207@132847-Eden.fts [TYPE] LIGHT [OBJ] 2MASS_J03140344+1603056 [RA] 03 14 03.4419 [Dec] +16 03 05.4757 [FIL] GG495 [EXPTIME] 60.0 [Date] 2019-12-07T13:28:48 [Time] 13:28:48
5/232 2MASSJ0314-20191207@133002-Eden.fts [TYPE] LIGHT [OBJ] 2MASS_J03140344+1603056 [RA] 03 14 03.4419 [Dec] +16 03 05.4757 [FIL] GG495 [EXPTIME] 60.0 [Date] 2019-12-07T13:30:03 [Time] 13:30:03
6/232 2MASSJ0314-20191207@133117-Eden.fts [TYPE] LIGHT [OBJ] 2MASS_J03140344+1603056 [RA] 03 14 03.4419 [Dec] +16 03 05.4757 [FIL] GG495 [EXPTIME] 60.0 [Date] 2019-12-07T13:31:19 [Time] 13:31:19
7/232 2MASSJ0314-20191207@133233-Eden.fts [TYPE] LIGHT [OBJ] 2MASS_J03140344+1603056 [RA] 03 14 03.4419 [Dec] +16 03 05.4757 [FIL] GG495 [EXPTIME] 60.0 [Date] 2019-12-07T13:32:33 [Time] 13:32:33
8/232 2MASSJ0314-20191207@133347-Eden.fts [TYPE] LIGHT [OBJ] 2MASS_J03140344+1603056 [RA] 03 14 03.4419 [Dec] +16 03 05.4757 [FIL] GG495 [EXPTIME] 60.0 [Date] 2019-12-07T13:33:48 [Time] 13:33:48
9/232 2MASSJ0314-20191207@133502-Eden.fts [TYPE] LIGHT [OBJ] 2MASS_J03140344+1603056 [RA] 03 14 03.4419 [Dec] +16 03 05.4757 [FIL] GG495 [EXPTIME] 60.0 [Date] 2019-12-07T13:35:02 [Time] 13:35:02
10/232 2MASSJ0314-20191207@133617-Eden.fts [TYPE] LIGHT [OBJ] 2MASS_J03140344+1603056 [RA] 03 14 03.4419 [Dec] +16 03 05.4757 [FIL] GG495 [EXPTIME] 60.0 [Date] 2019-12-07T13:36:18 [Time] 13:36:18
11/232 2MASSJ0314-20191207@133732-Eden.fts [TYPE] LIGHT [OBJ] 2MASS_J03140344+1603056 [RA] 03 14 03.4419 [Dec] +16 03 05.4757 [FIL] GG495 [EXPTIME] 60.0 [Date] 2019-12-07T13:37:33 [Time] 13:37:33
12/232 2MASSJ0314-20191207@133847-Eden.fts [TYPE] LIGHT [OBJ] 2MASS_J03140344+1603056 [RA] 03 14 03.4419 [Dec] +16 03 05.4757 [FIL] GG495 [EXPTIME] 60.0 [Date] 2019-12-07T13:38:48 [Time] 13:38:48
13/232 2MASSJ0314-20191207@134002-Eden.fts [TYPE] LIGHT [OBJ] 2MASS_J03140344+1603056 [RA] 03 14 03.4419 [Dec] +16 03 05.4757 [FIL] GG495 [EXPTIME] 60.0 [Date] 2019-12-07T13:40:03 [Time] 13:40:03
14/232 2MASSJ0314-20191207@134117-Eden.fts [TYPE] LIGHT [OBJ] 2MASS_J03140344+1603056 [RA] 03 14 03.4419 [Dec] +16 03 05.4757 [FIL] GG495 [EXPTIME] 60.0 [Date] 2019-12-07T13:41:18 [Time] 13:41:18
15/232 2MASSJ0314-20191207@134232-Eden.fts [TYPE] LIGHT [OBJ] 2MASS_J03140344+1603056 [RA] 03 14 03.4419 [Dec] +16 03 05.4757 [FIL] GG495 [EXPTIME] 60.0 [Date] 2019-12-07T13:42:33 [Time] 13:42:33
16/232 2MASSJ0314-20191207@134348-Eden.fts [TYPE] LIGHT [OBJ] 2MASS_J03140344+1603056 [RA] 03 14 03.4419 [Dec] +16 03 05.4757 [FIL] GG495 [EXPTIME] 60.0 [Date] 2019-12-07T13:43:49 [Time] 13:43:49
17/232 2MASSJ0314-20191207@134502-Eden.fts [TYPE] LIGHT [OBJ] 2MASS_J03140344+1603056 [RA] 03 14 03.4419 [Dec] +16 03 05.4757 [FIL] GG495 [EXPTIME] 60.0 [Date] 2019-12-07T13:45:03 [Time] 13:45:03
18/232 2MASSJ0314-20191207@134617-Eden.fts [TYPE] LIGHT [OBJ] 2MASS_J03140344+1603056 [RA] 03 14 03.4419 [Dec] +16 03 05.4757 [FIL] GG495 [EXPTIME] 60.0 [Date] 2019-12-07T13:46:18 [Time] 13:46:18
19/232 2MASSJ0314-20191207@134732-Eden.fts [TYPE] LIGHT [OBJ] 2MASS_J03140344+1603056 [RA] 03 14 03.4419 [Dec] +16 03 05.4757 [FIL] GG495 [EXPTIME] 60.0 [Date] 2019-12-07T13:47:33 [Time] 13:47:33
20/232 2MASSJ0314-20191207@134846-Eden.fts [TYPE] LIGHT [OBJ] 2MASS_J03140344+1603056 [RA] 03 14 03.4419 [Dec] +16 03 05.4757 [FIL] GG495 [EXPTIME] 60.0 [Date] 2019-12-07T13:48:47 [Time] 13:48:47
21/232 2MASSJ0314-20191207@135001-Eden.fts [TYPE] LIGHT [OBJ] 2MASS_J03140344+1603056 [RA] 03 14 03.4419 [Dec] +16 03 05.4757 [FIL] GG495 [EXPTIME] 60.0 [Date] 2019-12-07T13:50:01 [Time] 13:50:01
22/232 2MASSJ0314-20191207@135115-Eden.fts [TYPE] LIGHT [OBJ] 2MASS_J03140344+1603056 [RA] 03 14 03.4419 [Dec] +16 03 05.4757 [FIL] GG495 [EXPTIME] 60.0 [Date] 2019-12-07T13:51:17 [Time] 13:51:17
23/232 2MASSJ0314-20191207@135232-Eden.fts [TYPE] LIGHT [OBJ] 2MASS_J03140344+1603056 [RA] 03 14 03.4419 [Dec] +16 03 05.4757 [FIL] GG495 [EXPTIME] 60.0 [Date] 2019-12-07T13:52:33 [Time] 13:52:33
24/232 2MASSJ0314-20191207@135347-Eden.fts [TYPE] LIGHT [OBJ] 2MASS_J03140344+1603056 [RA] 03 14 03.4419 [Dec] +16 03 05.4757 [FIL] GG495 [EXPTIME] 60.0 [Date] 2019-12-07T13:53:48 [Time] 13:53:48
25/232 2MASSJ0314-20191207@135502-Eden.fts [TYPE] LIGHT [OBJ] 2MASS_J03140344+1603056 [RA] 03 14 03.4419 [Dec] +16 03 05.4757 [FIL] GG495 [EXPTIME] 60.0 [Date] 2019-12-07T13:55:02 [Time] 13:55:02
26/232 2MASSJ0314-20191207@135616-Eden.fts [TYPE] LIGHT [OBJ] 2MASS_J03140344+1603056 [RA] 03 14 03.4419 [Dec] +16 03 05.4757 [FIL] GG495 [EXPTIME] 60.0 [Date] 2019-12-07T13:56:16 [Time] 13:56:16
27/232 2MASSJ0314-20191207@135730-Eden.fts [TYPE] LIGHT [OBJ] 2MASS_J03140344+1603056 [RA] 03 14 03.4419 [Dec] +16 03 05.4757 [FIL] GG495 [EXPTIME] 60.0 [Date] 2019-12-07T13:57:30 [Time] 13:57:30
28/232 2MASSJ0314-20191207@135844-Eden.fts [TYPE] LIGHT [OBJ] 2MASS_J03140344+1603056 [RA] 03 14 03.4419 [Dec] +16 03 05.4757 [FIL] GG495 [EXPTIME] 60.0 [Date] 2019-12-07T13:58:45 [Time] 13:58:45
29/232 2MASSJ0314-20191207@140000-Eden.fts [TYPE] LIGHT [OBJ] 2MASS_J03140344+1603056 [RA] 03 14 03.4419 [Dec] +16 03 05.4757 [FIL] GG495 [EXPTIME] 60.0 [Date] 2019-12-07T14:00:02 [Time] 14:00:02
30/232 2MASSJ0314-20191207@140116-Eden.fts [TYPE] LIGHT [OBJ] 2MASS_J03140344+1603056 [RA] 03 14 03.4419 [Dec] +16 03 05.4757 [FIL] GG495 [EXPTIME] 60.0 [Date] 2019-12-07T14:01:17 [Time] 14:01:17
31/232 2MASSJ0314-20191207@140230-Eden.fts [TYPE] LIGHT [OBJ] 2MASS_J03140344+1603056 [RA] 03 14 03.4419 [Dec] +16 03 05.4757 [FIL] GG495 [EXPTIME] 60.0 [Date] 2019-12-07T14:02:31 [Time] 14:02:31
32/232 2MASSJ0314-20191207@140344-Eden.fts [TYPE] LIGHT [OBJ] 2MASS_J03140344+1603056 [RA] 03 14 03.4419 [Dec] +16 03 05.4757 [FIL] GG495 [EXPTIME] 60.0 [Date] 2019-12-07T14:03:45 [Time] 14:03:45
33/232 2MASSJ0314-20191207@140500-Eden.fts [TYPE] LIGHT [OBJ] 2MASS_J03140344+1603056 [RA] 03 14 03.4419 [Dec] +16 03 05.4757 [FIL] GG495 [EXPTIME] 60.0 [Date] 2019-12-07T14:05:01 [Time] 14:05:01
34/232 2MASSJ0314-20191207@140614-Eden.fts [TYPE] LIGHT [OBJ] 2MASS_J03140344+1603056 [RA] 03 14 03.4419 [Dec] +16 03 05.4757 [FIL] GG495 [EXPTIME] 60.0 [Date] 2019-12-07T14:06:15 [Time] 14:06:15
35/232 2MASSJ0314-20191207@140731-Eden.fts [TYPE] LIGHT [OBJ] 2MASS_J03140344+1603056 [RA] 03 14 03.4419 [Dec] +16 03 05.4757 [FIL] GG495 [EXPTIME] 60.0 [Date] 2019-12-07T14:07:31 [Time] 14:07:31
36/232 2MASSJ0314-20191207@140844-Eden.fts [TYPE] LIGHT [OBJ] 2MASS_J03140344+1603056 [RA] 03 14 03.4419 [Dec] +16 03 05.4757 [FIL] GG495 [EXPTIME] 60.0 [Date] 2019-12-07T14:08:44 [Time] 14:08:44
37/232 2MASSJ0314-20191207@140958-Eden.fts [TYPE] LIGHT [OBJ] 2MASS_J03140344+1603056 [RA] 03 14 03.4419 [Dec] +16 03 05.4757 [FIL] GG495 [EXPTIME] 60.0 [Date] 2019-12-07T14:09:59 [Time] 14:09:59
38/232 2MASSJ0314-20191207@141113-Eden.fts [TYPE] LIGHT [OBJ] 2MASS_J03140344+1603056 [RA] 03 14 03.4419 [Dec] +16 03 05.4757 [FIL] GG495 [EXPTIME] 60.0 [Date] 2019-12-07T14:11:14 [Time] 14:11:14
39/232 2MASSJ0314-20191207@141228-Eden.fts [TYPE] LIGHT [OBJ] 2MASS_J03140344+1603056 [RA] 03 14 03.4419 [Dec] +16 03 05.4757 [FIL] GG495 [EXPTIME] 60.0 [Date] 2019-12-07T14:12:28 [Time] 14:12:28
40/232 2MASSJ0314-20191207@141342-Eden.fts [TYPE] LIGHT [OBJ] 2MASS_J03140344+1603056 [RA] 03 14 03.4419 [Dec] +16 03 05.4757 [FIL] GG495 [EXPTIME] 60.0 [Date] 2019-12-07T14:13:43 [Time] 14:13:43
41/232 2MASSJ0314-20191207@141457-Eden.fts [TYPE] LIGHT [OBJ] 2MASS_J03140344+1603056 [RA] 03 14 03.4419 [Dec] +16 03 05.4757 [FIL] GG495 [EXPTIME] 60.0 [Date] 2019-12-07T14:14:57 [Time] 14:14:57
42/232 2MASSJ0314-20191207@141611-Eden.fts [TYPE] LIGHT [OBJ] 2MASS_J03140344+1603056 [RA] 03 14 03.4419 [Dec] +16 03 05.4757 [FIL] GG495 [EXPTIME] 60.0 [Date] 2019-12-07T14:16:12 [Time] 14:16:12
43/232 2MASSJ0314-20191207@141725-Eden.fts [TYPE] LIGHT [OBJ] 2MASS_J03140344+1603056 [RA] 03 14 03.4419 [Dec] +16 03 05.4757 [FIL] GG495 [EXPTIME] 60.0 [Date] 2019-12-07T14:17:25 [Time] 14:17:25
44/232 2MASSJ0314-20191207@141839-Eden.fts [TYPE] LIGHT [OBJ] 2MASS_J03140344+1603056 [RA] 03 14 03.4419 [Dec] +16 03 05.4757 [FIL] GG495 [EXPTIME] 60.0 [Date] 2019-12-07T14:18:40 [Time] 14:18:40
45/232 2MASSJ0314-20191207@141953-Eden.fts [TYPE] LIGHT [OBJ] 2MASS_J03140344+1603056 [RA] 03 14 03.4419 [Dec] +16 03 05.4757 [FIL] GG495 [EXPTIME] 60.0 [Date] 2019-12-07T14:19:54 [Time] 14:19:54
46/232 2MASSJ0314-20191207@142107-Eden.fts [TYPE] LIGHT [OBJ] 2MASS_J03140344+1603056 [RA] 03 14 03.4419 [Dec] +16 03 05.4757 [FIL] GG495 [EXPTIME] 60.0 [Date] 2019-12-07T14:21:08 [Time] 14:21:08
47/232 2MASSJ0314-20191207@142222-Eden.fts [TYPE] LIGHT [OBJ] 2MASS_J03140344+1603056 [RA] 03 14 03.4419 [Dec] +16 03 05.4757 [FIL] GG495 [EXPTIME] 60.0 [Date] 2019-12-07T14:22:23 [Time] 14:22:23
48/232 2MASSJ0314-20191207@142337-Eden.fts [TYPE] LIGHT [OBJ] 2MASS_J03140344+1603056 [RA] 03 14 03.4419 [Dec] +16 03 05.4757 [FIL] GG495 [EXPTIME] 60.0 [Date] 2019-12-07T14:23:37 [Time] 14:23:37
49/232 2MASSJ0314-20191207@142450-Eden.fts [TYPE] LIGHT [OBJ] 2MASS_J03140344+1603056 [RA] 03 14 03.4419 [Dec] +16 03 05.4757 [FIL] GG495 [EXPTIME] 60.0 [Date] 2019-12-07T14:24:51 [Time] 14:24:51
50/232 2MASSJ0314-20191207@142604-Eden.fts [TYPE] LIGHT [OBJ] 2MASS_J03140344+1603056 [RA] 03 14 03.4419 [Dec] +16 03 05.4757 [FIL] GG495 [EXPTIME] 60.0 [Date] 2019-12-07T14:26:04 [Time] 14:26:04
51/232 2MASSJ0314-20191207@142717-Eden.fts [TYPE] LIGHT [OBJ] 2MASS_J03140344+1603056 [RA] 03 14 03.4419 [Dec] +16 03 05.4757 [FIL] GG495 [EXPTIME] 60.0 [Date] 2019-12-07T14:27:18 [Time] 14:27:18
52/232 2MASSJ0314-20191207@142835-Eden.fts [TYPE] LIGHT [OBJ] 2MASS_J03140344+1603056 [RA] 03 14 03.4419 [Dec] +16 03 05.4757 [FIL] GG495 [EXPTIME] 60.0 [Date] 2019-12-07T14:28:36 [Time] 14:28:36
53/232 2MASSJ0314-20191207@142949-Eden.fts [TYPE] LIGHT [OBJ] 2MASS_J03140344+1603056 [RA] 03 14 03.4419 [Dec] +16 03 05.4757 [FIL] GG495 [EXPTIME] 60.0 [Date] 2019-12-07T14:29:50 [Time] 14:29:50
54/232 2MASSJ0314-20191207@143104-Eden.fts [TYPE] LIGHT [OBJ] 2MASS_J03140344+1603056 [RA] 03 14 03.4419 [Dec] +16 03 05.4757 [FIL] GG495 [EXPTIME] 60.0 [Date] 2019-12-07T14:31:04 [Time] 14:31:04
55/232 2MASSJ0314-20191207@143219-Eden.fts [TYPE] LIGHT [OBJ] 2MASS_J03140344+1603056 [RA] 03 14 03.4419 [Dec] +16 03 05.4757 [FIL] GG495 [EXPTIME] 60.0 [Date] 2019-12-07T14:32:20 [Time] 14:32:20
56/232 2MASSJ0314-20191207@143334-Eden.fts [TYPE] LIGHT [OBJ] 2MASS_J03140344+1603056 [RA] 03 14 03.4419 [Dec] +16 03 05.4757 [FIL] GG495 [EXPTIME] 60.0 [Date] 2019-12-07T14:33:34 [Time] 14:33:34
57/232 2MASSJ0314-20191207@143448-Eden.fts [TYPE] LIGHT [OBJ] 2MASS_J03140344+1603056 [RA] 03 14 03.4419 [Dec] +16 03 05.4757 [FIL] GG495 [EXPTIME] 60.0 [Date] 2019-12-07T14:34:48 [Time] 14:34:48
58/232 2MASSJ0314-20191207@143603-Eden.fts [TYPE] LIGHT [OBJ] 2MASS_J03140344+1603056 [RA] 03 14 03.4419 [Dec] +16 03 05.4757 [FIL] GG495 [EXPTIME] 60.0 [Date] 2019-12-07T14:36:03 [Time] 14:36:03
59/232 2MASSJ0314-20191207@143716-Eden.fts [TYPE] LIGHT [OBJ] 2MASS_J03140344+1603056 [RA] 03 14 03.4419 [Dec] +16 03 05.4757 [FIL] GG495 [EXPTIME] 60.0 [Date] 2019-12-07T14:37:17 [Time] 14:37:17
60/232 2MASSJ0314-20191207@143831-Eden.fts [TYPE] LIGHT [OBJ] 2MASS_J03140344+1603056 [RA] 03 14 03.4419 [Dec] +16 03 05.4757 [FIL] GG495 [EXPTIME] 60.0 [Date] 2019-12-07T14:38:31 [Time] 14:38:31
61/232 2MASSJ0314-20191207@143946-Eden.fts [TYPE] LIGHT [OBJ] 2MASS_J03140344+1603056 [RA] 03 14 03.4419 [Dec] +16 03 05.4757 [FIL] GG495 [EXPTIME] 60.0 [Date] 2019-12-07T14:39:46 [Time] 14:39:46
62/232 2MASSJ0314-20191207@144100-Eden.fts [TYPE] LIGHT [OBJ] 2MASS_J03140344+1603056 [RA] 03 14 03.4419 [Dec] +16 03 05.4757 [FIL] GG495 [EXPTIME] 60.0 [Date] 2019-12-07T14:41:01 [Time] 14:41:01
63/232 2MASSJ0314-20191207@144216-Eden.fts [TYPE] LIGHT [OBJ] 2MASS_J03140344+1603056 [RA] 03 14 03.4419 [Dec] +16 03 05.4757 [FIL] GG495 [EXPTIME] 60.0 [Date] 2019-12-07T14:42:17 [Time] 14:42:17
64/232 2MASSJ0314-20191207@144331-Eden.fts [TYPE] LIGHT [OBJ] 2MASS_J03140344+1603056 [RA] 03 14 03.4419 [Dec] +16 03 05.4757 [FIL] GG495 [EXPTIME] 60.0 [Date] 2019-12-07T14:43:31 [Time] 14:43:31
65/232 2MASSJ0314-20191207@144446-Eden.fts [TYPE] LIGHT [OBJ] 2MASS_J03140344+1603056 [RA] 03 14 03.4419 [Dec] +16 03 05.4757 [FIL] GG495 [EXPTIME] 60.0 [Date] 2019-12-07T14:44:46 [Time] 14:44:46
66/232 2MASSJ0314-20191207@144600-Eden.fts [TYPE] LIGHT [OBJ] 2MASS_J03140344+1603056 [RA] 03 14 03.4419 [Dec] +16 03 05.4757 [FIL] GG495 [EXPTIME] 60.0 [Date] 2019-12-07T14:46:02 [Time] 14:46:02
67/232 2MASSJ0314-20191207@144716-Eden.fts [TYPE] LIGHT [OBJ] 2MASS_J03140344+1603056 [RA] 03 14 03.4419 [Dec] +16 03 05.4757 [FIL] GG495 [EXPTIME] 60.0 [Date] 2019-12-07T14:47:16 [Time] 14:47:16
68/232 2MASSJ0314-20191207@144830-Eden.fts [TYPE] LIGHT [OBJ] 2MASS_J03140344+1603056 [RA] 03 14 03.4419 [Dec] +16 03 05.4757 [FIL] GG495 [EXPTIME] 60.0 [Date] 2019-12-07T14:48:31 [Time] 14:48:31
69/232 2MASSJ0314-20191207@144945-Eden.fts [TYPE] LIGHT [OBJ] 2MASS_J03140344+1603056 [RA] 03 14 03.4419 [Dec] +16 03 05.4757 [FIL] GG495 [EXPTIME] 60.0 [Date] 2019-12-07T14:49:45 [Time] 14:49:45
70/232 2MASSJ0314-20191207@145059-Eden.fts [TYPE] LIGHT [OBJ] 2MASS_J03140344+1603056 [RA] 03 14 03.4419 [Dec] +16 03 05.4757 [FIL] GG495 [EXPTIME] 60.0 [Date] 2019-12-07T14:51:00 [Time] 14:51:00
71/232 2MASSJ0314-20191207@145215-Eden.fts [TYPE] LIGHT [OBJ] 2MASS_J03140344+1603056 [RA] 03 14 03.4419 [Dec] +16 03 05.4757 [FIL] GG495 [EXPTIME] 60.0 [Date] 2019-12-07T14:52:16 [Time] 14:52:16
72/232 2MASSJ0314-20191207@145329-Eden.fts [TYPE] LIGHT [OBJ] 2MASS_J03140344+1603056 [RA] 03 14 03.4419 [Dec] +16 03 05.4757 [FIL] GG495 [EXPTIME] 60.0 [Date] 2019-12-07T14:53:29 [Time] 14:53:29
73/232 2MASSJ0314-20191207@145443-Eden.fts [TYPE] LIGHT [OBJ] 2MASS_J03140344+1603056 [RA] 03 14 03.4419 [Dec] +16 03 05.4757 [FIL] GG495 [EXPTIME] 60.0 [Date] 2019-12-07T14:54:44 [Time] 14:54:44
74/232 2MASSJ0314-20191207@145600-Eden.fts [TYPE] LIGHT [OBJ] 2MASS_J03140344+1603056 [RA] 03 14 03.4419 [Dec] +16 03 05.4757 [FIL] GG495 [EXPTIME] 60.0 [Date] 2019-12-07T14:56:00 [Time] 14:56:00
75/232 2MASSJ0314-20191207@145714-Eden.fts [TYPE] LIGHT [OBJ] 2MASS_J03140344+1603056 [RA] 03 14 03.4419 [Dec] +16 03 05.4757 [FIL] GG495 [EXPTIME] 60.0 [Date] 2019-12-07T14:57:14 [Time] 14:57:14
76/232 2MASSJ0314-20191207@145828-Eden.fts [TYPE] LIGHT [OBJ] 2MASS_J03140344+1603056 [RA] 03 14 03.4419 [Dec] +16 03 05.4757 [FIL] GG495 [EXPTIME] 60.0 [Date] 2019-12-07T14:58:28 [Time] 14:58:28
77/232 2MASSJ0314-20191207@145943-Eden.fts [TYPE] LIGHT [OBJ] 2MASS_J03140344+1603056 [RA] 03 14 03.4419 [Dec] +16 03 05.4757 [FIL] GG495 [EXPTIME] 60.0 [Date] 2019-12-07T14:59:43 [Time] 14:59:43
78/232 2MASSJ0314-20191207@150056-Eden.fts [TYPE] LIGHT [OBJ] 2MASS_J03140344+1603056 [RA] 03 14 03.4419 [Dec] +16 03 05.4757 [FIL] GG495 [EXPTIME] 60.0 [Date] 2019-12-07T15:00:56 [Time] 15:00:56
79/232 2MASSJ0314-20191207@150211-Eden.fts [TYPE] LIGHT [OBJ] 2MASS_J03140344+1603056 [RA] 03 14 03.4419 [Dec] +16 03 05.4757 [FIL] GG495 [EXPTIME] 60.0 [Date] 2019-12-07T15:02:12 [Time] 15:02:12
80/232 2MASSJ0314-20191207@150326-Eden.fts [TYPE] LIGHT [OBJ] 2MASS_J03140344+1603056 [RA] 03 14 03.4419 [Dec] +16 03 05.4757 [FIL] GG495 [EXPTIME] 60.0 [Date] 2019-12-07T15:03:27 [Time] 15:03:27
81/232 2MASSJ0314-20191207@150441-Eden.fts [TYPE] LIGHT [OBJ] 2MASS_J03140344+1603056 [RA] 03 14 03.4419 [Dec] +16 03 05.4757 [FIL] GG495 [EXPTIME] 60.0 [Date] 2019-12-07T15:04:41 [Time] 15:04:41
82/232 2MASSJ0314-20191207@150556-Eden.fts [TYPE] LIGHT [OBJ] 2MASS_J03140344+1603056 [RA] 03 14 03.4419 [Dec] +16 03 05.4757 [FIL] GG495 [EXPTIME] 60.0 [Date] 2019-12-07T15:05:56 [Time] 15:05:56
83/232 2MASSJ0314-20191207@150711-Eden.fts [TYPE] LIGHT [OBJ] 2MASS_J03140344+1603056 [RA] 03 14 03.4419 [Dec] +16 03 05.4757 [FIL] GG495 [EXPTIME] 60.0 [Date] 2019-12-07T15:07:11 [Time] 15:07:11
84/232 2MASSJ0314-20191207@150825-Eden.fts [TYPE] LIGHT [OBJ] 2MASS_J03140344+1603056 [RA] 03 14 03.4419 [Dec] +16 03 05.4757 [FIL] GG495 [EXPTIME] 60.0 [Date] 2019-12-07T15:08:26 [Time] 15:08:26
85/232 2MASSJ0314-20191207@150941-Eden.fts [TYPE] LIGHT [OBJ] 2MASS_J03140344+1603056 [RA] 03 14 03.4419 [Dec] +16 03 05.4757 [FIL] GG495 [EXPTIME] 60.0 [Date] 2019-12-07T15:09:42 [Time] 15:09:42
86/232 2MASSJ0314-20191207@151056-Eden.fts [TYPE] LIGHT [OBJ] 2MASS_J03140344+1603056 [RA] 03 14 03.4419 [Dec] +16 03 05.4757 [FIL] GG495 [EXPTIME] 60.0 [Date] 2019-12-07T15:10:57 [Time] 15:10:57
87/232 2MASSJ0314-20191207@151210-Eden.fts [TYPE] LIGHT [OBJ] 2MASS_J03140344+1603056 [RA] 03 14 03.4419 [Dec] +16 03 05.4757 [FIL] GG495 [EXPTIME] 60.0 [Date] 2019-12-07T15:12:10 [Time] 15:12:10
88/232 2MASSJ0314-20191207@151325-Eden.fts [TYPE] LIGHT [OBJ] 2MASS_J03140344+1603056 [RA] 03 14 03.4419 [Dec] +16 03 05.4757 [FIL] GG495 [EXPTIME] 60.0 [Date] 2019-12-07T15:13:27 [Time] 15:13:27
89/232 2MASSJ0314-20191207@151440-Eden.fts [TYPE] LIGHT [OBJ] 2MASS_J03140344+1603056 [RA] 03 14 03.4419 [Dec] +16 03 05.4757 [FIL] GG495 [EXPTIME] 60.0 [Date] 2019-12-07T15:14:40 [Time] 15:14:40
90/232 2MASSJ0314-20191207@151555-Eden.fts [TYPE] LIGHT [OBJ] 2MASS_J03140344+1603056 [RA] 03 14 03.4419 [Dec] +16 03 05.4757 [FIL] GG495 [EXPTIME] 60.0 [Date] 2019-12-07T15:15:55 [Time] 15:15:55
91/232 2MASSJ0314-20191207@151709-Eden.fts [TYPE] LIGHT [OBJ] 2MASS_J03140344+1603056 [RA] 03 14 03.4419 [Dec] +16 03 05.4757 [FIL] GG495 [EXPTIME] 60.0 [Date] 2019-12-07T15:17:09 [Time] 15:17:09
92/232 2MASSJ0314-20191207@151824-Eden.fts [TYPE] LIGHT [OBJ] 2MASS_J03140344+1603056 [RA] 03 14 03.4419 [Dec] +16 03 05.4757 [FIL] GG495 [EXPTIME] 60.0 [Date] 2019-12-07T15:18:24 [Time] 15:18:24
93/232 2MASSJ0314-20191207@151938-Eden.fts [TYPE] LIGHT [OBJ] 2MASS_J03140344+1603056 [RA] 03 14 03.4419 [Dec] +16 03 05.4757 [FIL] GG495 [EXPTIME] 60.0 [Date] 2019-12-07T15:19:39 [Time] 15:19:39
94/232 2MASSJ0314-20191207@152053-Eden.fts [TYPE] LIGHT [OBJ] 2MASS_J03140344+1603056 [RA] 03 14 03.4419 [Dec] +16 03 05.4757 [FIL] GG495 [EXPTIME] 60.0 [Date] 2019-12-07T15:20:53 [Time] 15:20:53
95/232 2MASSJ0314-20191207@152208-Eden.fts [TYPE] LIGHT [OBJ] 2MASS_J03140344+1603056 [RA] 03 14 03.4419 [Dec] +16 03 05.4757 [FIL] GG495 [EXPTIME] 60.0 [Date] 2019-12-07T15:22:08 [Time] 15:22:08
96/232 2MASSJ0314-20191207@152323-Eden.fts [TYPE] LIGHT [OBJ] 2MASS_J03140344+1603056 [RA] 03 14 03.4419 [Dec] +16 03 05.4757 [FIL] GG495 [EXPTIME] 60.0 [Date] 2019-12-07T15:23:23 [Time] 15:23:23
97/232 2MASSJ0314-20191207@152437-Eden.fts [TYPE] LIGHT [OBJ] 2MASS_J03140344+1603056 [RA] 03 14 03.4419 [Dec] +16 03 05.4757 [FIL] GG495 [EXPTIME] 60.0 [Date] 2019-12-07T15:24:37 [Time] 15:24:37
98/232 2MASSJ0314-20191207@152552-Eden.fts [TYPE] LIGHT [OBJ] 2MASS_J03140344+1603056 [RA] 03 14 03.4419 [Dec] +16 03 05.4757 [FIL] GG495 [EXPTIME] 60.0 [Date] 2019-12-07T15:25:53 [Time] 15:25:53
99/232 2MASSJ0314-20191207@152707-Eden.fts [TYPE] LIGHT [OBJ] 2MASS_J03140344+1603056 [RA] 03 14 03.4419 [Dec] +16 03 05.4757 [FIL] GG495 [EXPTIME] 60.0 [Date] 2019-12-07T15:27:07 [Time] 15:27:07
100/232 2MASSJ0314-20191207@152822-Eden.fts [TYPE] LIGHT [OBJ] 2MASS_J03140344+1603056 [RA] 03 14 03.4419 [Dec] +16 03 05.4757 [FIL] GG495 [EXPTIME] 60.0 [Date] 2019-12-07T15:28:22 [Time] 15:28:22
101/232 2MASSJ0314-20191207@152938-Eden.fts [TYPE] LIGHT [OBJ] 2MASS_J03140344+1603056 [RA] 03 14 03.4419 [Dec] +16 03 05.4757 [FIL] GG495 [EXPTIME] 60.0 [Date] 2019-12-07T15:29:38 [Time] 15:29:38
102/232 2MASSJ0314-20191207@153052-Eden.fts [TYPE] LIGHT [OBJ] 2MASS_J03140344+1603056 [RA] 03 14 03.4419 [Dec] +16 03 05.4757 [FIL] GG495 [EXPTIME] 60.0 [Date] 2019-12-07T15:30:52 [Time] 15:30:52
103/232 2MASSJ0314-20191207@153206-Eden.fts [TYPE] LIGHT [OBJ] 2MASS_J03140344+1603056 [RA] 03 14 03.4419 [Dec] +16 03 05.4757 [FIL] GG495 [EXPTIME] 60.0 [Date] 2019-12-07T15:32:06 [Time] 15:32:06
104/232 2MASSJ0314-20191207@153320-Eden.fts [TYPE] LIGHT [OBJ] 2MASS_J03140344+1603056 [RA] 03 14 03.4419 [Dec] +16 03 05.4757 [FIL] GG495 [EXPTIME] 60.0 [Date] 2019-12-07T15:33:21 [Time] 15:33:21
105/232 2MASSJ0314-20191207@153435-Eden.fts [TYPE] LIGHT [OBJ] 2MASS_J03140344+1603056 [RA] 03 14 03.4419 [Dec] +16 03 05.4757 [FIL] GG495 [EXPTIME] 60.0 [Date] 2019-12-07T15:34:35 [Time] 15:34:35
106/232 2MASSJ0314-20191207@153550-Eden.fts [TYPE] LIGHT [OBJ] 2MASS_J03140344+1603056 [RA] 03 14 03.4419 [Dec] +16 03 05.4757 [FIL] GG495 [EXPTIME] 60.0 [Date] 2019-12-07T15:35:51 [Time] 15:35:51
107/232 2MASSJ0314-20191207@153705-Eden.fts [TYPE] LIGHT [OBJ] 2MASS_J03140344+1603056 [RA] 03 14 03.4419 [Dec] +16 03 05.4757 [FIL] GG495 [EXPTIME] 60.0 [Date] 2019-12-07T15:37:05 [Time] 15:37:05
108/232 2MASSJ0314-20191207@153820-Eden.fts [TYPE] LIGHT [OBJ] 2MASS_J03140344+1603056 [RA] 03 14 03.4419 [Dec] +16 03 05.4757 [FIL] GG495 [EXPTIME] 60.0 [Date] 2019-12-07T15:38:20 [Time] 15:38:20
109/232 2MASSJ0314-20191207@153934-Eden.fts [TYPE] LIGHT [OBJ] 2MASS_J03140344+1603056 [RA] 03 14 03.4419 [Dec] +16 03 05.4757 [FIL] GG495 [EXPTIME] 60.0 [Date] 2019-12-07T15:39:34 [Time] 15:39:34
110/232 2MASSJ0314-20191207@162049-Eden.fts [TYPE] LIGHT [OBJ] 2MASS_J03140344+1603056 [RA] 03 14 03.4419 [Dec] +16 03 05.4757 [FIL] GG495 [EXPTIME] 60.0 [Date] 2019-12-07T16:21:02 [Time] 16:21:02
111/232 2MASSJ0314-20191207@162216-Eden.fts [TYPE] LIGHT [OBJ] 2MASS_J03140344+1603056 [RA] 03 14 03.4419 [Dec] +16 03 05.4757 [FIL] GG495 [EXPTIME] 60.0 [Date] 2019-12-07T16:22:16 [Time] 16:22:16
112/232 2MASSJ0314-20191207@162330-Eden.fts [TYPE] LIGHT [OBJ] 2MASS_J03140344+1603056 [RA] 03 14 03.4419 [Dec] +16 03 05.4757 [FIL] GG495 [EXPTIME] 60.0 [Date] 2019-12-07T16:23:30 [Time] 16:23:30
113/232 2MASSJ0314-20191207@162444-Eden.fts [TYPE] LIGHT [OBJ] 2MASS_J03140344+1603056 [RA] 03 14 03.4419 [Dec] +16 03 05.4757 [FIL] GG495 [EXPTIME] 60.0 [Date] 2019-12-07T16:24:45 [Time] 16:24:45
114/232 2MASSJ0314-20191207@162558-Eden.fts [TYPE] LIGHT [OBJ] 2MASS_J03140344+1603056 [RA] 03 14 03.4419 [Dec] +16 03 05.4757 [FIL] GG495 [EXPTIME] 60.0 [Date] 2019-12-07T16:25:59 [Time] 16:25:59
115/232 2MASSJ0314-20191207@162713-Eden.fts [TYPE] LIGHT [OBJ] 2MASS_J03140344+1603056 [RA] 03 14 03.4419 [Dec] +16 03 05.4757 [FIL] GG495 [EXPTIME] 60.0 [Date] 2019-12-07T16:27:14 [Time] 16:27:14
116/232 2MASSJ0314-20191207@162828-Eden.fts [TYPE] LIGHT [OBJ] 2MASS_J03140344+1603056 [RA] 03 14 03.4419 [Dec] +16 03 05.4757 [FIL] GG495 [EXPTIME] 60.0 [Date] 2019-12-07T16:28:28 [Time] 16:28:28
117/232 2MASSJ0314-20191207@162942-Eden.fts [TYPE] LIGHT [OBJ] 2MASS_J03140344+1603056 [RA] 03 14 03.4419 [Dec] +16 03 05.4757 [FIL] GG495 [EXPTIME] 60.0 [Date] 2019-12-07T16:29:43 [Time] 16:29:43
118/232 2MASSJ0314-20191207@163056-Eden.fts [TYPE] LIGHT [OBJ] 2MASS_J03140344+1603056 [RA] 03 14 03.4419 [Dec] +16 03 05.4757 [FIL] GG495 [EXPTIME] 60.0 [Date] 2019-12-07T16:30:57 [Time] 16:30:57
119/232 2MASSJ0314-20191207@163210-Eden.fts [TYPE] LIGHT [OBJ] 2MASS_J03140344+1603056 [RA] 03 14 03.4419 [Dec] +16 03 05.4757 [FIL] GG495 [EXPTIME] 60.0 [Date] 2019-12-07T16:32:10 [Time] 16:32:10
120/232 2MASSJ0314-20191207@163325-Eden.fts [TYPE] LIGHT [OBJ] 2MASS_J03140344+1603056 [RA] 03 14 03.4419 [Dec] +16 03 05.4757 [FIL] GG495 [EXPTIME] 60.0 [Date] 2019-12-07T16:33:25 [Time] 16:33:25
121/232 2MASSJ0314-20191207@163438-Eden.fts [TYPE] LIGHT [OBJ] 2MASS_J03140344+1603056 [RA] 03 14 03.4419 [Dec] +16 03 05.4757 [FIL] GG495 [EXPTIME] 60.0 [Date] 2019-12-07T16:34:39 [Time] 16:34:39
122/232 2MASSJ0314-20191207@163552-Eden.fts [TYPE] LIGHT [OBJ] 2MASS_J03140344+1603056 [RA] 03 14 03.4419 [Dec] +16 03 05.4757 [FIL] GG495 [EXPTIME] 60.0 [Date] 2019-12-07T16:35:53 [Time] 16:35:53
123/232 2MASSJ0314-20191207@163707-Eden.fts [TYPE] LIGHT [OBJ] 2MASS_J03140344+1603056 [RA] 03 14 03.4419 [Dec] +16 03 05.4757 [FIL] GG495 [EXPTIME] 60.0 [Date] 2019-12-07T16:37:07 [Time] 16:37:07
124/232 2MASSJ0314-20191207@163820-Eden.fts [TYPE] LIGHT [OBJ] 2MASS_J03140344+1603056 [RA] 03 14 03.4419 [Dec] +16 03 05.4757 [FIL] GG495 [EXPTIME] 60.0 [Date] 2019-12-07T16:38:21 [Time] 16:38:21
125/232 2MASSJ0314-20191207@163934-Eden.fts [TYPE] LIGHT [OBJ] 2MASS_J03140344+1603056 [RA] 03 14 03.4419 [Dec] +16 03 05.4757 [FIL] GG495 [EXPTIME] 60.0 [Date] 2019-12-07T16:39:34 [Time] 16:39:34
126/232 2MASSJ0314-20191207@164446-Eden.fts [TYPE] LIGHT [OBJ] 2MASS_J03140344+1603056 [RA] 03 14 03.4419 [Dec] +16 03 05.4757 [FIL] GG495 [EXPTIME] 60.0 [Date] 2019-12-07T16:45:00 [Time] 16:45:00
127/232 2MASSJ0314-20191207@164616-Eden.fts [TYPE] LIGHT [OBJ] 2MASS_J03140344+1603056 [RA] 03 14 03.4419 [Dec] +16 03 05.4757 [FIL] GG495 [EXPTIME] 60.0 [Date] 2019-12-07T16:46:17 [Time] 16:46:17
128/232 2MASSJ0314-20191207@164730-Eden.fts [TYPE] LIGHT [OBJ] 2MASS_J03140344+1603056 [RA] 03 14 03.4419 [Dec] +16 03 05.4757 [FIL] GG495 [EXPTIME] 60.0 [Date] 2019-12-07T16:47:31 [Time] 16:47:31
129/232 2MASSJ0314-20191207@164845-Eden.fts [TYPE] LIGHT [OBJ] 2MASS_J03140344+1603056 [RA] 03 14 03.4419 [Dec] +16 03 05.4757 [FIL] GG495 [EXPTIME] 60.0 [Date] 2019-12-07T16:48:45 [Time] 16:48:45
130/232 2MASSJ0314-20191207@164958-Eden.fts [TYPE] LIGHT [OBJ] 2MASS_J03140344+1603056 [RA] 03 14 03.4419 [Dec] +16 03 05.4757 [FIL] GG495 [EXPTIME] 60.0 [Date] 2019-12-07T16:49:59 [Time] 16:49:59
131/232 2MASSJ0314-20191207@165113-Eden.fts [TYPE] LIGHT [OBJ] 2MASS_J03140344+1603056 [RA] 03 14 03.4419 [Dec] +16 03 05.4757 [FIL] GG495 [EXPTIME] 60.0 [Date] 2019-12-07T16:51:13 [Time] 16:51:13
132/232 2MASSJ0314-20191207@165227-Eden.fts [TYPE] LIGHT [OBJ] 2MASS_J03140344+1603056 [RA] 03 14 03.4419 [Dec] +16 03 05.4757 [FIL] GG495 [EXPTIME] 60.0 [Date] 2019-12-07T16:52:27 [Time] 16:52:27
133/232 2MASSJ0314-20191207@165341-Eden.fts [TYPE] LIGHT [OBJ] 2MASS_J03140344+1603056 [RA] 03 14 03.4419 [Dec] +16 03 05.4757 [FIL] GG495 [EXPTIME] 60.0 [Date] 2019-12-07T16:53:41 [Time] 16:53:41
134/232 2MASSJ0314-20191207@165455-Eden.fts [TYPE] LIGHT [OBJ] 2MASS_J03140344+1603056 [RA] 03 14 03.4419 [Dec] +16 03 05.4757 [FIL] GG495 [EXPTIME] 60.0 [Date] 2019-12-07T16:54:56 [Time] 16:54:56
135/232 2MASSJ0314-20191207@165610-Eden.fts [TYPE] LIGHT [OBJ] 2MASS_J03140344+1603056 [RA] 03 14 03.4419 [Dec] +16 03 05.4757 [FIL] GG495 [EXPTIME] 60.0 [Date] 2019-12-07T16:56:10 [Time] 16:56:10
136/232 2MASSJ0314-20191207@165724-Eden.fts [TYPE] LIGHT [OBJ] 2MASS_J03140344+1603056 [RA] 03 14 03.4419 [Dec] +16 03 05.4757 [FIL] GG495 [EXPTIME] 60.0 [Date] 2019-12-07T16:57:25 [Time] 16:57:25
137/232 2MASSJ0314-20191207@165839-Eden.fts [TYPE] LIGHT [OBJ] 2MASS_J03140344+1603056 [RA] 03 14 03.4419 [Dec] +16 03 05.4757 [FIL] GG495 [EXPTIME] 60.0 [Date] 2019-12-07T16:58:39 [Time] 16:58:39
138/232 2MASSJ0314-20191207@165953-Eden.fts [TYPE] LIGHT [OBJ] 2MASS_J03140344+1603056 [RA] 03 14 03.4419 [Dec] +16 03 05.4757 [FIL] GG495 [EXPTIME] 60.0 [Date] 2019-12-07T16:59:54 [Time] 16:59:54
139/232 2MASSJ0314-20191207@170107-Eden.fts [TYPE] LIGHT [OBJ] 2MASS_J03140344+1603056 [RA] 03 14 03.4419 [Dec] +16 03 05.4757 [FIL] GG495 [EXPTIME] 60.0 [Date] 2019-12-07T17:01:08 [Time] 17:01:08
140/232 2MASSJ0314-20191207@170221-Eden.fts [TYPE] LIGHT [OBJ] 2MASS_J03140344+1603056 [RA] 03 14 03.4419 [Dec] +16 03 05.4757 [FIL] GG495 [EXPTIME] 60.0 [Date] 2019-12-07T17:02:21 [Time] 17:02:21
141/232 2MASSJ0314-20191207@170335-Eden.fts [TYPE] LIGHT [OBJ] 2MASS_J03140344+1603056 [RA] 03 14 03.4419 [Dec] +16 03 05.4757 [FIL] GG495 [EXPTIME] 60.0 [Date] 2019-12-07T17:03:35 [Time] 17:03:35
142/232 2MASSJ0314-20191207@170450-Eden.fts [TYPE] LIGHT [OBJ] 2MASS_J03140344+1603056 [RA] 03 14 03.4419 [Dec] +16 03 05.4757 [FIL] GG495 [EXPTIME] 60.0 [Date] 2019-12-07T17:04:51 [Time] 17:04:51
143/232 2MASSJ0314-20191207@170604-Eden.fts [TYPE] LIGHT [OBJ] 2MASS_J03140344+1603056 [RA] 03 14 03.4419 [Dec] +16 03 05.4757 [FIL] GG495 [EXPTIME] 60.0 [Date] 2019-12-07T17:06:05 [Time] 17:06:05
144/232 2MASSJ0314-20191207@170718-Eden.fts [TYPE] LIGHT [OBJ] 2MASS_J03140344+1603056 [RA] 03 14 03.4419 [Dec] +16 03 05.4757 [FIL] GG495 [EXPTIME] 60.0 [Date] 2019-12-07T17:07:19 [Time] 17:07:19
145/232 2MASSJ0314-20191207@170832-Eden.fts [TYPE] LIGHT [OBJ] 2MASS_J03140344+1603056 [RA] 03 14 03.4419 [Dec] +16 03 05.4757 [FIL] GG495 [EXPTIME] 60.0 [Date] 2019-12-07T17:08:32 [Time] 17:08:32
146/232 2MASSJ0314-20191207@170946-Eden.fts [TYPE] LIGHT [OBJ] 2MASS_J03140344+1603056 [RA] 03 14 03.4419 [Dec] +16 03 05.4757 [FIL] GG495 [EXPTIME] 60.0 [Date] 2019-12-07T17:09:47 [Time] 17:09:47
147/232 2MASSJ0314-20191207@171101-Eden.fts [TYPE] LIGHT [OBJ] 2MASS_J03140344+1603056 [RA] 03 14 03.4419 [Dec] +16 03 05.4757 [FIL] GG495 [EXPTIME] 60.0 [Date] 2019-12-07T17:11:01 [Time] 17:11:01
148/232 2MASSJ0314-20191207@171215-Eden.fts [TYPE] LIGHT [OBJ] 2MASS_J03140344+1603056 [RA] 03 14 03.4419 [Dec] +16 03 05.4757 [FIL] GG495 [EXPTIME] 60.0 [Date] 2019-12-07T17:12:15 [Time] 17:12:15
149/232 2MASSJ0314-20191207@171329-Eden.fts [TYPE] LIGHT [OBJ] 2MASS_J03140344+1603056 [RA] 03 14 03.4419 [Dec] +16 03 05.4757 [FIL] GG495 [EXPTIME] 60.0 [Date] 2019-12-07T17:13:29 [Time] 17:13:29
150/232 2MASSJ0314-20191207@171443-Eden.fts [TYPE] LIGHT [OBJ] 2MASS_J03140344+1603056 [RA] 03 14 03.4419 [Dec] +16 03 05.4757 [FIL] GG495 [EXPTIME] 60.0 [Date] 2019-12-07T17:14:44 [Time] 17:14:44
151/232 2MASSJ0314-20191207@171558-Eden.fts [TYPE] LIGHT [OBJ] 2MASS_J03140344+1603056 [RA] 03 14 03.4419 [Dec] +16 03 05.4757 [FIL] GG495 [EXPTIME] 60.0 [Date] 2019-12-07T17:15:58 [Time] 17:15:58
152/232 2MASSJ0314-20191207@171712-Eden.fts [TYPE] LIGHT [OBJ] 2MASS_J03140344+1603056 [RA] 03 14 03.4419 [Dec] +16 03 05.4757 [FIL] GG495 [EXPTIME] 60.0 [Date] 2019-12-07T17:17:12 [Time] 17:17:12
153/232 2MASSJ0314-20191207@171826-Eden.fts [TYPE] LIGHT [OBJ] 2MASS_J03140344+1603056 [RA] 03 14 03.4419 [Dec] +16 03 05.4757 [FIL] GG495 [EXPTIME] 60.0 [Date] 2019-12-07T17:18:26 [Time] 17:18:26
154/232 2MASSJ0314-20191207@171940-Eden.fts [TYPE] LIGHT [OBJ] 2MASS_J03140344+1603056 [RA] 03 14 03.4419 [Dec] +16 03 05.4757 [FIL] GG495 [EXPTIME] 60.0 [Date] 2019-12-07T17:19:40 [Time] 17:19:40
155/232 2MASSJ0314-20191207@172056-Eden.fts [TYPE] LIGHT [OBJ] 2MASS_J03140344+1603056 [RA] 03 14 03.4419 [Dec] +16 03 05.4757 [FIL] GG495 [EXPTIME] 60.0 [Date] 2019-12-07T17:20:57 [Time] 17:20:57
156/232 2MASSJ0314-20191207@172211-Eden.fts [TYPE] LIGHT [OBJ] 2MASS_J03140344+1603056 [RA] 03 14 03.4419 [Dec] +16 03 05.4757 [FIL] GG495 [EXPTIME] 60.0 [Date] 2019-12-07T17:22:11 [Time] 17:22:11
157/232 2MASSJ0314-20191207@172325-Eden.fts [TYPE] LIGHT [OBJ] 2MASS_J03140344+1603056 [RA] 03 14 03.4419 [Dec] +16 03 05.4757 [FIL] GG495 [EXPTIME] 60.0 [Date] 2019-12-07T17:23:26 [Time] 17:23:26
158/232 2MASSJ0314-20191207@172440-Eden.fts [TYPE] LIGHT [OBJ] 2MASS_J03140344+1603056 [RA] 03 14 03.4419 [Dec] +16 03 05.4757 [FIL] GG495 [EXPTIME] 60.0 [Date] 2019-12-07T17:24:42 [Time] 17:24:42
159/232 2MASSJ0314-20191207@172556-Eden.fts [TYPE] LIGHT [OBJ] 2MASS_J03140344+1603056 [RA] 03 14 03.4419 [Dec] +16 03 05.4757 [FIL] GG495 [EXPTIME] 60.0 [Date] 2019-12-07T17:25:57 [Time] 17:25:57
160/232 2MASSJ0314-20191207@172711-Eden.fts [TYPE] LIGHT [OBJ] 2MASS_J03140344+1603056 [RA] 03 14 03.4419 [Dec] +16 03 05.4757 [FIL] GG495 [EXPTIME] 60.0 [Date] 2019-12-07T17:27:12 [Time] 17:27:12
161/232 2MASSJ0314-20191207@172825-Eden.fts [TYPE] LIGHT [OBJ] 2MASS_J03140344+1603056 [RA] 03 14 03.4419 [Dec] +16 03 05.4757 [FIL] GG495 [EXPTIME] 60.0 [Date] 2019-12-07T17:28:26 [Time] 17:28:26
162/232 2MASSJ0314-20191207@172938-Eden.fts [TYPE] LIGHT [OBJ] 2MASS_J03140344+1603056 [RA] 03 14 03.4419 [Dec] +16 03 05.4757 [FIL] GG495 [EXPTIME] 60.0 [Date] 2019-12-07T17:29:40 [Time] 17:29:40
163/232 2MASSJ0314-20191207@173054-Eden.fts [TYPE] LIGHT [OBJ] 2MASS_J03140344+1603056 [RA] 03 14 03.4419 [Dec] +16 03 05.4757 [FIL] GG495 [EXPTIME] 60.0 [Date] 2019-12-07T17:30:54 [Time] 17:30:54
164/232 2MASSJ0314-20191207@173211-Eden.fts [TYPE] LIGHT [OBJ] 2MASS_J03140344+1603056 [RA] 03 14 03.4419 [Dec] +16 03 05.4757 [FIL] GG495 [EXPTIME] 60.0 [Date] 2019-12-07T17:32:11 [Time] 17:32:11
165/232 2MASSJ0314-20191207@173326-Eden.fts [TYPE] LIGHT [OBJ] 2MASS_J03140344+1603056 [RA] 03 14 03.4419 [Dec] +16 03 05.4757 [FIL] GG495 [EXPTIME] 60.0 [Date] 2019-12-07T17:33:26 [Time] 17:33:26
166/232 2MASSJ0314-20191207@173440-Eden.fts [TYPE] LIGHT [OBJ] 2MASS_J03140344+1603056 [RA] 03 14 03.4419 [Dec] +16 03 05.4757 [FIL] GG495 [EXPTIME] 60.0 [Date] 2019-12-07T17:34:40 [Time] 17:34:40
167/232 2MASSJ0314-20191207@173556-Eden.fts [TYPE] LIGHT [OBJ] 2MASS_J03140344+1603056 [RA] 03 14 03.4419 [Dec] +16 03 05.4757 [FIL] GG495 [EXPTIME] 60.0 [Date] 2019-12-07T17:35:56 [Time] 17:35:56
168/232 2MASSJ0314-20191207@173711-Eden.fts [TYPE] LIGHT [OBJ] 2MASS_J03140344+1603056 [RA] 03 14 03.4419 [Dec] +16 03 05.4757 [FIL] GG495 [EXPTIME] 60.0 [Date] 2019-12-07T17:37:11 [Time] 17:37:11
169/232 2MASSJ0314-20191207@173825-Eden.fts [TYPE] LIGHT [OBJ] 2MASS_J03140344+1603056 [RA] 03 14 03.4419 [Dec] +16 03 05.4757 [FIL] GG495 [EXPTIME] 60.0 [Date] 2019-12-07T17:38:26 [Time] 17:38:26
170/232 2MASSJ0314-20191207@173939-Eden.fts [TYPE] LIGHT [OBJ] 2MASS_J03140344+1603056 [RA] 03 14 03.4419 [Dec] +16 03 05.4757 [FIL] GG495 [EXPTIME] 60.0 [Date] 2019-12-07T17:39:40 [Time] 17:39:40
171/232 2MASSJ0314-20191207@174054-Eden.fts [TYPE] LIGHT [OBJ] 2MASS_J03140344+1603056 [RA] 03 14 03.4419 [Dec] +16 03 05.4757 [FIL] GG495 [EXPTIME] 60.0 [Date] 2019-12-07T17:40:54 [Time] 17:40:54
172/232 2MASSJ0314-20191207@174209-Eden.fts [TYPE] LIGHT [OBJ] 2MASS_J03140344+1603056 [RA] 03 14 03.4419 [Dec] +16 03 05.4757 [FIL] GG495 [EXPTIME] 60.0 [Date] 2019-12-07T17:42:09 [Time] 17:42:09
173/232 2MASSJ0314-20191207@174324-Eden.fts [TYPE] LIGHT [OBJ] 2MASS_J03140344+1603056 [RA] 03 14 03.4419 [Dec] +16 03 05.4757 [FIL] GG495 [EXPTIME] 60.0 [Date] 2019-12-07T17:43:24 [Time] 17:43:24
174/232 2MASSJ0314-20191207@174438-Eden.fts [TYPE] LIGHT [OBJ] 2MASS_J03140344+1603056 [RA] 03 14 03.4419 [Dec] +16 03 05.4757 [FIL] GG495 [EXPTIME] 60.0 [Date] 2019-12-07T17:44:39 [Time] 17:44:39
175/232 2MASSJ0314-20191207@174553-Eden.fts [TYPE] LIGHT [OBJ] 2MASS_J03140344+1603056 [RA] 03 14 03.4419 [Dec] +16 03 05.4757 [FIL] GG495 [EXPTIME] 60.0 [Date] 2019-12-07T17:45:54 [Time] 17:45:54
176/232 2MASSJ0314-20191207@174708-Eden.fts [TYPE] LIGHT [OBJ] 2MASS_J03140344+1603056 [RA] 03 14 03.4419 [Dec] +16 03 05.4757 [FIL] GG495 [EXPTIME] 60.0 [Date] 2019-12-07T17:47:09 [Time] 17:47:09
177/232 2MASSJ0314-20191207@174824-Eden.fts [TYPE] LIGHT [OBJ] 2MASS_J03140344+1603056 [RA] 03 14 03.4419 [Dec] +16 03 05.4757 [FIL] GG495 [EXPTIME] 60.0 [Date] 2019-12-07T17:48:25 [Time] 17:48:25
178/232 2MASSJ0314-20191207@174940-Eden.fts [TYPE] LIGHT [OBJ] 2MASS_J03140344+1603056 [RA] 03 14 03.4419 [Dec] +16 03 05.4757 [FIL] GG495 [EXPTIME] 60.0 [Date] 2019-12-07T17:49:40 [Time] 17:49:40
179/232 2MASSJ0314-20191207@175054-Eden.fts [TYPE] LIGHT [OBJ] 2MASS_J03140344+1603056 [RA] 03 14 03.4419 [Dec] +16 03 05.4757 [FIL] GG495 [EXPTIME] 60.0 [Date] 2019-12-07T17:50:54 [Time] 17:50:54
180/232 2MASSJ0314-20191207@175208-Eden.fts [TYPE] LIGHT [OBJ] 2MASS_J03140344+1603056 [RA] 03 14 03.4419 [Dec] +16 03 05.4757 [FIL] GG495 [EXPTIME] 60.0 [Date] 2019-12-07T17:52:09 [Time] 17:52:09
181/232 2MASSJ0314-20191207@175323-Eden.fts [TYPE] LIGHT [OBJ] 2MASS_J03140344+1603056 [RA] 03 14 03.4419 [Dec] +16 03 05.4757 [FIL] GG495 [EXPTIME] 60.0 [Date] 2019-12-07T17:53:23 [Time] 17:53:23
182/232 2MASSJ0314-20191207@175438-Eden.fts [TYPE] LIGHT [OBJ] 2MASS_J03140344+1603056 [RA] 03 14 03.4419 [Dec] +16 03 05.4757 [FIL] GG495 [EXPTIME] 60.0 [Date] 2019-12-07T17:54:38 [Time] 17:54:38
183/232 2MASSJ0314-20191207@175553-Eden.fts [TYPE] LIGHT [OBJ] 2MASS_J03140344+1603056 [RA] 03 14 03.4419 [Dec] +16 03 05.4757 [FIL] GG495 [EXPTIME] 60.0 [Date] 2019-12-07T17:55:53 [Time] 17:55:53
184/232 2MASSJ0314-20191207@175708-Eden.fts [TYPE] LIGHT [OBJ] 2MASS_J03140344+1603056 [RA] 03 14 03.4419 [Dec] +16 03 05.4757 [FIL] GG495 [EXPTIME] 60.0 [Date] 2019-12-07T17:57:08 [Time] 17:57:08
185/232 2MASSJ0314-20191207@175822-Eden.fts [TYPE] LIGHT [OBJ] 2MASS_J03140344+1603056 [RA] 03 14 03.4419 [Dec] +16 03 05.4757 [FIL] GG495 [EXPTIME] 60.0 [Date] 2019-12-07T17:58:23 [Time] 17:58:23
186/232 2MASSJ0314-20191207@175937-Eden.fts [TYPE] LIGHT [OBJ] 2MASS_J03140344+1603056 [RA] 03 14 03.4419 [Dec] +16 03 05.4757 [FIL] GG495 [EXPTIME] 60.0 [Date] 2019-12-07T17:59:37 [Time] 17:59:37
187/232 2MASSJ0314-20191207@180051-Eden.fts [TYPE] LIGHT [OBJ] 2MASS_J03140344+1603056 [RA] 03 14 03.4419 [Dec] +16 03 05.4757 [FIL] GG495 [EXPTIME] 60.0 [Date] 2019-12-07T18:00:51 [Time] 18:00:51
188/232 2MASSJ0314-20191207@180205-Eden.fts [TYPE] LIGHT [OBJ] 2MASS_J03140344+1603056 [RA] 03 14 03.4419 [Dec] +16 03 05.4757 [FIL] GG495 [EXPTIME] 60.0 [Date] 2019-12-07T18:02:06 [Time] 18:02:06
189/232 2MASSJ0314-20191207@180319-Eden.fts [TYPE] LIGHT [OBJ] 2MASS_J03140344+1603056 [RA] 03 14 03.4419 [Dec] +16 03 05.4757 [FIL] GG495 [EXPTIME] 60.0 [Date] 2019-12-07T18:03:20 [Time] 18:03:20
190/232 2MASSJ0314-20191207@180434-Eden.fts [TYPE] LIGHT [OBJ] 2MASS_J03140344+1603056 [RA] 03 14 03.4419 [Dec] +16 03 05.4757 [FIL] GG495 [EXPTIME] 60.0 [Date] 2019-12-07T18:04:35 [Time] 18:04:35
191/232 2MASSJ0314-20191207@180548-Eden.fts [TYPE] LIGHT [OBJ] 2MASS_J03140344+1603056 [RA] 03 14 03.4419 [Dec] +16 03 05.4757 [FIL] GG495 [EXPTIME] 60.0 [Date] 2019-12-07T18:05:49 [Time] 18:05:49
192/232 2MASSJ0314-20191207@180703-Eden.fts [TYPE] LIGHT [OBJ] 2MASS_J03140344+1603056 [RA] 03 14 03.4419 [Dec] +16 03 05.4757 [FIL] GG495 [EXPTIME] 60.0 [Date] 2019-12-07T18:07:04 [Time] 18:07:04
193/232 2MASSJ0314-20191207@180818-Eden.fts [TYPE] LIGHT [OBJ] 2MASS_J03140344+1603056 [RA] 03 14 03.4419 [Dec] +16 03 05.4757 [FIL] GG495 [EXPTIME] 60.0 [Date] 2019-12-07T18:08:19 [Time] 18:08:19
194/232 2MASSJ0314-20191207@180932-Eden.fts [TYPE] LIGHT [OBJ] 2MASS_J03140344+1603056 [RA] 03 14 03.4419 [Dec] +16 03 05.4757 [FIL] GG495 [EXPTIME] 60.0 [Date] 2019-12-07T18:09:32 [Time] 18:09:32
195/232 2MASSJ0314-20191207@181046-Eden.fts [TYPE] LIGHT [OBJ] 2MASS_J03140344+1603056 [RA] 03 14 03.4419 [Dec] +16 03 05.4757 [FIL] GG495 [EXPTIME] 60.0 [Date] 2019-12-07T18:10:47 [Time] 18:10:47
196/232 2MASSJ0314-20191207@181201-Eden.fts [TYPE] LIGHT [OBJ] 2MASS_J03140344+1603056 [RA] 03 14 03.4419 [Dec] +16 03 05.4757 [FIL] GG495 [EXPTIME] 60.0 [Date] 2019-12-07T18:12:02 [Time] 18:12:02
197/232 2MASSJ0314-20191207@181316-Eden.fts [TYPE] LIGHT [OBJ] 2MASS_J03140344+1603056 [RA] 03 14 03.4419 [Dec] +16 03 05.4757 [FIL] GG495 [EXPTIME] 60.0 [Date] 2019-12-07T18:13:17 [Time] 18:13:17
198/232 2MASSJ0314-20191207@181431-Eden.fts [TYPE] LIGHT [OBJ] 2MASS_J03140344+1603056 [RA] 03 14 03.4419 [Dec] +16 03 05.4757 [FIL] GG495 [EXPTIME] 60.0 [Date] 2019-12-07T18:14:32 [Time] 18:14:32
199/232 2MASSJ0314-20191207@181546-Eden.fts [TYPE] LIGHT [OBJ] 2MASS_J03140344+1603056 [RA] 03 14 03.4419 [Dec] +16 03 05.4757 [FIL] GG495 [EXPTIME] 60.0 [Date] 2019-12-07T18:15:46 [Time] 18:15:46
200/232 2MASSJ0314-20191207@181700-Eden.fts [TYPE] LIGHT [OBJ] 2MASS_J03140344+1603056 [RA] 03 14 03.4419 [Dec] +16 03 05.4757 [FIL] GG495 [EXPTIME] 60.0 [Date] 2019-12-07T18:17:01 [Time] 18:17:01
201/232 2MASSJ0314-20191207@181815-Eden.fts [TYPE] LIGHT [OBJ] 2MASS_J03140344+1603056 [RA] 03 14 03.4419 [Dec] +16 03 05.4757 [FIL] GG495 [EXPTIME] 60.0 [Date] 2019-12-07T18:18:15 [Time] 18:18:15
202/232 2MASSJ0314-20191207@181931-Eden.fts [TYPE] LIGHT [OBJ] 2MASS_J03140344+1603056 [RA] 03 14 03.4419 [Dec] +16 03 05.4757 [FIL] GG495 [EXPTIME] 60.0 [Date] 2019-12-07T18:19:32 [Time] 18:19:32
203/232 2MASSJ0314-20191207@182047-Eden.fts [TYPE] LIGHT [OBJ] 2MASS_J03140344+1603056 [RA] 03 14 03.4419 [Dec] +16 03 05.4757 [FIL] GG495 [EXPTIME] 60.0 [Date] 2019-12-07T18:20:48 [Time] 18:20:48
204/232 2MASSJ0314-20191207@182202-Eden.fts [TYPE] LIGHT [OBJ] 2MASS_J03140344+1603056 [RA] 03 14 03.4419 [Dec] +16 03 05.4757 [FIL] GG495 [EXPTIME] 60.0 [Date] 2019-12-07T18:22:03 [Time] 18:22:03
205/232 2MASSJ0314-20191207@182317-Eden.fts [TYPE] LIGHT [OBJ] 2MASS_J03140344+1603056 [RA] 03 14 03.4419 [Dec] +16 03 05.4757 [FIL] GG495 [EXPTIME] 60.0 [Date] 2019-12-07T18:23:18 [Time] 18:23:18
206/232 2MASSJ0314-20191207@182433-Eden.fts [TYPE] LIGHT [OBJ] 2MASS_J03140344+1603056 [RA] 03 14 03.4419 [Dec] +16 03 05.4757 [FIL] GG495 [EXPTIME] 60.0 [Date] 2019-12-07T18:24:34 [Time] 18:24:34
207/232 2MASSJ0314-20191207@182547-Eden.fts [TYPE] LIGHT [OBJ] 2MASS_J03140344+1603056 [RA] 03 14 03.4419 [Dec] +16 03 05.4757 [FIL] GG495 [EXPTIME] 60.0 [Date] 2019-12-07T18:25:48 [Time] 18:25:48
208/232 2MASSJ0314-20191207@182701-Eden.fts [TYPE] LIGHT [OBJ] 2MASS_J03140344+1603056 [RA] 03 14 03.4419 [Dec] +16 03 05.4757 [FIL] GG495 [EXPTIME] 60.0 [Date] 2019-12-07T18:27:01 [Time] 18:27:01
209/232 2MASSJ0314-20191207@182815-Eden.fts [TYPE] LIGHT [OBJ] 2MASS_J03140344+1603056 [RA] 03 14 03.4419 [Dec] +16 03 05.4757 [FIL] GG495 [EXPTIME] 60.0 [Date] 2019-12-07T18:28:17 [Time] 18:28:17
210/232 2MASSJ0314-20191207@182931-Eden.fts [TYPE] LIGHT [OBJ] 2MASS_J03140344+1603056 [RA] 03 14 03.4419 [Dec] +16 03 05.4757 [FIL] GG495 [EXPTIME] 60.0 [Date] 2019-12-07T18:29:31 [Time] 18:29:31
211/232 2MASSJ0314-20191207@183045-Eden.fts [TYPE] LIGHT [OBJ] 2MASS_J03140344+1603056 [RA] 03 14 03.4419 [Dec] +16 03 05.4757 [FIL] GG495 [EXPTIME] 60.0 [Date] 2019-12-07T18:30:46 [Time] 18:30:46
212/232 2MASSJ0314-20191207@183201-Eden.fts [TYPE] LIGHT [OBJ] 2MASS_J03140344+1603056 [RA] 03 14 03.4419 [Dec] +16 03 05.4757 [FIL] GG495 [EXPTIME] 60.0 [Date] 2019-12-07T18:32:03 [Time] 18:32:03
213/232 2MASSJ0314-20191207@183318-Eden.fts [TYPE] LIGHT [OBJ] 2MASS_J03140344+1603056 [RA] 03 14 03.4419 [Dec] +16 03 05.4757 [FIL] GG495 [EXPTIME] 60.0 [Date] 2019-12-07T18:33:18 [Time] 18:33:18
214/232 2MASSJ0314-20191207@183432-Eden.fts [TYPE] LIGHT [OBJ] 2MASS_J03140344+1603056 [RA] 03 14 03.4419 [Dec] +16 03 05.4757 [FIL] GG495 [EXPTIME] 60.0 [Date] 2019-12-07T18:34:32 [Time] 18:34:32
215/232 2MASSJ0314-20191207@183548-Eden.fts [TYPE] LIGHT [OBJ] 2MASS_J03140344+1603056 [RA] 03 14 03.4419 [Dec] +16 03 05.4757 [FIL] GG495 [EXPTIME] 60.0 [Date] 2019-12-07T18:35:49 [Time] 18:35:49
216/232 2MASSJ0314-20191207@183704-Eden.fts [TYPE] LIGHT [OBJ] 2MASS_J03140344+1603056 [RA] 03 14 03.4419 [Dec] +16 03 05.4757 [FIL] GG495 [EXPTIME] 60.0 [Date] 2019-12-07T18:37:04 [Time] 18:37:04
217/232 2MASSJ0314-20191207@183818-Eden.fts [TYPE] LIGHT [OBJ] 2MASS_J03140344+1603056 [RA] 03 14 03.4419 [Dec] +16 03 05.4757 [FIL] GG495 [EXPTIME] 60.0 [Date] 2019-12-07T18:38:19 [Time] 18:38:19
218/232 2MASSJ0314-20191207@183932-Eden.fts [TYPE] LIGHT [OBJ] 2MASS_J03140344+1603056 [RA] 03 14 03.4419 [Dec] +16 03 05.4757 [FIL] GG495 [EXPTIME] 60.0 [Date] 2019-12-07T18:39:32 [Time] 18:39:32
219/232 2MASSJ0314-20191207@184047-Eden.fts [TYPE] LIGHT [OBJ] 2MASS_J03140344+1603056 [RA] 03 14 03.4419 [Dec] +16 03 05.4757 [FIL] GG495 [EXPTIME] 60.0 [Date] 2019-12-07T18:40:47 [Time] 18:40:47
220/232 2MASSJ0314-20191207@184202-Eden.fts [TYPE] LIGHT [OBJ] 2MASS_J03140344+1603056 [RA] 03 14 03.4419 [Dec] +16 03 05.4757 [FIL] GG495 [EXPTIME] 60.0 [Date] 2019-12-07T18:42:03 [Time] 18:42:03
221/232 2MASSJ0314-20191207@184318-Eden.fts [TYPE] LIGHT [OBJ] 2MASS_J03140344+1603056 [RA] 03 14 03.4419 [Dec] +16 03 05.4757 [FIL] GG495 [EXPTIME] 60.0 [Date] 2019-12-07T18:43:18 [Time] 18:43:18
222/232 2MASSJ0314-20191207@184432-Eden.fts [TYPE] LIGHT [OBJ] 2MASS_J03140344+1603056 [RA] 03 14 03.4419 [Dec] +16 03 05.4757 [FIL] GG495 [EXPTIME] 60.0 [Date] 2019-12-07T18:44:33 [Time] 18:44:33
223/232 2MASSJ0314-20191207@184548-Eden.fts [TYPE] LIGHT [OBJ] 2MASS_J03140344+1603056 [RA] 03 14 03.4419 [Dec] +16 03 05.4757 [FIL] GG495 [EXPTIME] 60.0 [Date] 2019-12-07T18:45:48 [Time] 18:45:48
224/232 2MASSJ0314-20191207@184701-Eden.fts [TYPE] LIGHT [OBJ] 2MASS_J03140344+1603056 [RA] 03 14 03.4419 [Dec] +16 03 05.4757 [FIL] GG495 [EXPTIME] 60.0 [Date] 2019-12-07T18:47:02 [Time] 18:47:02
225/232 2MASSJ0314-20191207@184816-Eden.fts [TYPE] LIGHT [OBJ] 2MASS_J03140344+1603056 [RA] 03 14 03.4419 [Dec] +16 03 05.4757 [FIL] GG495 [EXPTIME] 60.0 [Date] 2019-12-07T18:48:16 [Time] 18:48:16
226/232 2MASSJ0314-20191207@184929-Eden.fts [TYPE] LIGHT [OBJ] 2MASS_J03140344+1603056 [RA] 03 14 03.4419 [Dec] +16 03 05.4757 [FIL] GG495 [EXPTIME] 60.0 [Date] 2019-12-07T18:49:30 [Time] 18:49:30
227/232 2MASSJ0314-20191207@185044-Eden.fts [TYPE] LIGHT [OBJ] 2MASS_J03140344+1603056 [RA] 03 14 03.4419 [Dec] +16 03 05.4757 [FIL] GG495 [EXPTIME] 60.0 [Date] 2019-12-07T18:50:45 [Time] 18:50:45
228/232 2MASSJ0314-20191207@185158-Eden.fts [TYPE] LIGHT [OBJ] 2MASS_J03140344+1603056 [RA] 03 14 03.4419 [Dec] +16 03 05.4757 [FIL] GG495 [EXPTIME] 60.0 [Date] 2019-12-07T18:51:59 [Time] 18:51:59
229/232 2MASSJ0314-20191207@185312-Eden.fts [TYPE] LIGHT [OBJ] 2MASS_J03140344+1603056 [RA] 03 14 03.4419 [Dec] +16 03 05.4757 [FIL] GG495 [EXPTIME] 60.0 [Date] 2019-12-07T18:53:13 [Time] 18:53:13
230/232 2MASSJ0314-20191207@185427-Eden.fts [TYPE] LIGHT [OBJ] 2MASS_J03140344+1603056 [RA] 03 14 03.4419 [Dec] +16 03 05.4757 [FIL] GG495 [EXPTIME] 60.0 [Date] 2019-12-07T18:54:28 [Time] 18:54:28
231/232 2MASSJ0314-20191207@185540-Eden.fts [TYPE] LIGHT [OBJ] 2MASS_J03140344+1603056 [RA] 03 14 03.4419 [Dec] +16 03 05.4757 [FIL] GG495 [EXPTIME] 60.0 [Date] 2019-12-07T18:55:41 [Time] 18:55:41
232/232 2MASSJ0314-20191207@185655-Eden.fts [TYPE] LIGHT [OBJ] 2MASS_J03140344+1603056 [RA] 03 14 03.4419 [Dec] +16 03 05.4757 [FIL] GG495 [EXPTIME] 60.0 [Date] 2019-12-07T18:56:55 [Time] 18:56:55
... write log file to LOT20191207_J0314_mod.log ...
... finish ...
