(asenv) altsai@Hercules:~/eden/edenTransfer$ python store_fits.py --verbose /home/altsai/eden/LOT20191008_mod/ | tee LOT20191008_2eden.log

Bucket successfully loaded! eden-data
521 files found
Storing data to the S3 archive!
We can now start uploading the data.
Press return to start the upload, or anything else to abort: Verbose output enabled.
Storing /home/altsai/eden/LOT20191008_mod/20191008-001b.fits -> s3://eden-data/Calibrations/LOT/FLAT/2019-10-08/20191008-001b.fits (1/521)
Storing /home/altsai/eden/LOT20191008_mod/20191008-001d10s.fits -> s3://eden-data/Calibrations/LOT/DARK/2019-10-08/20191008-001d10s.fits (2/521)
Storing /home/altsai/eden/LOT20191008_mod/20191008-001d15s.fits -> s3://eden-data/Calibrations/LOT/DARK/2019-10-09/20191008-001d15s.fits (3/521)
Storing /home/altsai/eden/LOT20191008_mod/20191008-001d5s.fits -> s3://eden-data/Calibrations/LOT/DARK/2019-10-08/20191008-001d5s.fits (4/521)
Storing /home/altsai/eden/LOT20191008_mod/20191008-001eden.fits -> s3://eden-data/Calibrations/LOT/FLAT/2019-10-08/20191008-001eden.fits (5/521)
Storing /home/altsai/eden/LOT20191008_mod/20191008-001gp.fits -> s3://eden-data/Calibrations/LOT/FLAT/2019-10-08/20191008-001gp.fits (6/521)
Storing /home/altsai/eden/LOT20191008_mod/20191008-001i.fits -> s3://eden-data/Calibrations/LOT/FLAT/2019-10-08/20191008-001i.fits (7/521)
Storing /home/altsai/eden/LOT20191008_mod/20191008-001r.fits -> s3://eden-data/Calibrations/LOT/FLAT/2019-10-08/20191008-001r.fits (8/521)
Storing /home/altsai/eden/LOT20191008_mod/20191008-001rp.fits -> s3://eden-data/Calibrations/LOT/FLAT/2019-10-08/20191008-001rp.fits (9/521)
Storing /home/altsai/eden/LOT20191008_mod/20191008-001v.fits -> s3://eden-data/Calibrations/LOT/FLAT/2019-10-08/20191008-001v.fits (10/521)
Storing /home/altsai/eden/LOT20191008_mod/20191008-002b.fits -> s3://eden-data/Calibrations/LOT/FLAT/2019-10-08/20191008-002b.fits (11/521)
Storing /home/altsai/eden/LOT20191008_mod/20191008-002d10s.fits -> s3://eden-data/Calibrations/LOT/DARK/2019-10-08/20191008-002d10s.fits (12/521)
Storing /home/altsai/eden/LOT20191008_mod/20191008-002d15s.fits -> s3://eden-data/Calibrations/LOT/DARK/2019-10-09/20191008-002d15s.fits (13/521)
Storing /home/altsai/eden/LOT20191008_mod/20191008-002d5s.fits -> s3://eden-data/Calibrations/LOT/DARK/2019-10-08/20191008-002d5s.fits (14/521)
Storing /home/altsai/eden/LOT20191008_mod/20191008-002eden.fits -> s3://eden-data/Calibrations/LOT/FLAT/2019-10-08/20191008-002eden.fits (15/521)
Storing /home/altsai/eden/LOT20191008_mod/20191008-002gp.fits -> s3://eden-data/Calibrations/LOT/FLAT/2019-10-08/20191008-002gp.fits (16/521)
Storing /home/altsai/eden/LOT20191008_mod/20191008-002i.fits -> s3://eden-data/Calibrations/LOT/FLAT/2019-10-08/20191008-002i.fits (17/521)
Storing /home/altsai/eden/LOT20191008_mod/20191008-002r.fits -> s3://eden-data/Calibrations/LOT/FLAT/2019-10-08/20191008-002r.fits (18/521)
Storing /home/altsai/eden/LOT20191008_mod/20191008-002rp.fits -> s3://eden-data/Calibrations/LOT/FLAT/2019-10-08/20191008-002rp.fits (19/521)
Storing /home/altsai/eden/LOT20191008_mod/20191008-002v.fits -> s3://eden-data/Calibrations/LOT/FLAT/2019-10-08/20191008-002v.fits (20/521)
Storing /home/altsai/eden/LOT20191008_mod/20191008-003b.fits -> s3://eden-data/Calibrations/LOT/FLAT/2019-10-08/20191008-003b.fits (21/521)
Storing /home/altsai/eden/LOT20191008_mod/20191008-003d10s.fits -> s3://eden-data/Calibrations/LOT/DARK/2019-10-08/20191008-003d10s.fits (22/521)
Storing /home/altsai/eden/LOT20191008_mod/20191008-003d15s.fits -> s3://eden-data/Calibrations/LOT/DARK/2019-10-09/20191008-003d15s.fits (23/521)
Storing /home/altsai/eden/LOT20191008_mod/20191008-003d5s.fits -> s3://eden-data/Calibrations/LOT/DARK/2019-10-08/20191008-003d5s.fits (24/521)
Storing /home/altsai/eden/LOT20191008_mod/20191008-003eden.fits -> s3://eden-data/Calibrations/LOT/FLAT/2019-10-08/20191008-003eden.fits (25/521)
Storing /home/altsai/eden/LOT20191008_mod/20191008-003gp.fits -> s3://eden-data/Calibrations/LOT/FLAT/2019-10-08/20191008-003gp.fits (26/521)
Storing /home/altsai/eden/LOT20191008_mod/20191008-003i.fits -> s3://eden-data/Calibrations/LOT/FLAT/2019-10-08/20191008-003i.fits (27/521)
Storing /home/altsai/eden/LOT20191008_mod/20191008-003r.fits -> s3://eden-data/Calibrations/LOT/FLAT/2019-10-08/20191008-003r.fits (28/521)
Storing /home/altsai/eden/LOT20191008_mod/20191008-003rp.fits -> s3://eden-data/Calibrations/LOT/FLAT/2019-10-08/20191008-003rp.fits (29/521)
Storing /home/altsai/eden/LOT20191008_mod/20191008-003v.fits -> s3://eden-data/Calibrations/LOT/FLAT/2019-10-08/20191008-003v.fits (30/521)
Storing /home/altsai/eden/LOT20191008_mod/20191008-004b.fits -> s3://eden-data/Calibrations/LOT/FLAT/2019-10-08/20191008-004b.fits (31/521)
Storing /home/altsai/eden/LOT20191008_mod/20191008-004d10s.fits -> s3://eden-data/Calibrations/LOT/DARK/2019-10-08/20191008-004d10s.fits (32/521)
Storing /home/altsai/eden/LOT20191008_mod/20191008-004d15s.fits -> s3://eden-data/Calibrations/LOT/DARK/2019-10-09/20191008-004d15s.fits (33/521)
Storing /home/altsai/eden/LOT20191008_mod/20191008-004d5s.fits -> s3://eden-data/Calibrations/LOT/DARK/2019-10-08/20191008-004d5s.fits (34/521)
Storing /home/altsai/eden/LOT20191008_mod/20191008-004eden.fits -> s3://eden-data/Calibrations/LOT/FLAT/2019-10-08/20191008-004eden.fits (35/521)
Storing /home/altsai/eden/LOT20191008_mod/20191008-004gp.fits -> s3://eden-data/Calibrations/LOT/FLAT/2019-10-08/20191008-004gp.fits (36/521)
Storing /home/altsai/eden/LOT20191008_mod/20191008-004i.fits -> s3://eden-data/Calibrations/LOT/FLAT/2019-10-08/20191008-004i.fits (37/521)
Storing /home/altsai/eden/LOT20191008_mod/20191008-004r.fits -> s3://eden-data/Calibrations/LOT/FLAT/2019-10-08/20191008-004r.fits (38/521)
Storing /home/altsai/eden/LOT20191008_mod/20191008-004rp.fits -> s3://eden-data/Calibrations/LOT/FLAT/2019-10-08/20191008-004rp.fits (39/521)
Storing /home/altsai/eden/LOT20191008_mod/20191008-004v.fits -> s3://eden-data/Calibrations/LOT/FLAT/2019-10-08/20191008-004v.fits (40/521)
Storing /home/altsai/eden/LOT20191008_mod/20191008-005b.fits -> s3://eden-data/Calibrations/LOT/FLAT/2019-10-08/20191008-005b.fits (41/521)
Storing /home/altsai/eden/LOT20191008_mod/20191008-005d10s.fits -> s3://eden-data/Calibrations/LOT/DARK/2019-10-08/20191008-005d10s.fits (42/521)
Storing /home/altsai/eden/LOT20191008_mod/20191008-005d15s.fits -> s3://eden-data/Calibrations/LOT/DARK/2019-10-09/20191008-005d15s.fits (43/521)
Storing /home/altsai/eden/LOT20191008_mod/20191008-005d5s.fits -> s3://eden-data/Calibrations/LOT/DARK/2019-10-08/20191008-005d5s.fits (44/521)
Storing /home/altsai/eden/LOT20191008_mod/20191008-005eden.fits -> s3://eden-data/Calibrations/LOT/FLAT/2019-10-08/20191008-005eden.fits (45/521)
Storing /home/altsai/eden/LOT20191008_mod/20191008-005gp.fits -> s3://eden-data/Calibrations/LOT/FLAT/2019-10-08/20191008-005gp.fits (46/521)
Storing /home/altsai/eden/LOT20191008_mod/20191008-005i.fits -> s3://eden-data/Calibrations/LOT/FLAT/2019-10-08/20191008-005i.fits (47/521)
Storing /home/altsai/eden/LOT20191008_mod/20191008-005rp.fits -> s3://eden-data/Calibrations/LOT/FLAT/2019-10-08/20191008-005rp.fits (48/521)
Storing /home/altsai/eden/LOT20191008_mod/20191008-005v.fits -> s3://eden-data/Calibrations/LOT/FLAT/2019-10-08/20191008-005v.fits (49/521)
Storing /home/altsai/eden/LOT20191008_mod/20191008-006d10s.fits -> s3://eden-data/Calibrations/LOT/DARK/2019-10-08/20191008-006d10s.fits (50/521)
Storing /home/altsai/eden/LOT20191008_mod/20191008-006d15s.fits -> s3://eden-data/Calibrations/LOT/DARK/2019-10-09/20191008-006d15s.fits (51/521)
Storing /home/altsai/eden/LOT20191008_mod/20191008-006d5s.fits -> s3://eden-data/Calibrations/LOT/DARK/2019-10-08/20191008-006d5s.fits (52/521)
Storing /home/altsai/eden/LOT20191008_mod/20191008-006eden.fits -> s3://eden-data/Calibrations/LOT/FLAT/2019-10-08/20191008-006eden.fits (53/521)
Storing /home/altsai/eden/LOT20191008_mod/20191008-007d10s.fits -> s3://eden-data/Calibrations/LOT/DARK/2019-10-08/20191008-007d10s.fits (54/521)
Storing /home/altsai/eden/LOT20191008_mod/20191008-007d15s.fits -> s3://eden-data/Calibrations/LOT/DARK/2019-10-09/20191008-007d15s.fits (55/521)
Storing /home/altsai/eden/LOT20191008_mod/20191008-007d5s.fits -> s3://eden-data/Calibrations/LOT/DARK/2019-10-08/20191008-007d5s.fits (56/521)
Storing /home/altsai/eden/LOT20191008_mod/20191008-007eden.fits -> s3://eden-data/Calibrations/LOT/FLAT/2019-10-08/20191008-007eden.fits (57/521)
Storing /home/altsai/eden/LOT20191008_mod/20191008-008d10s.fits -> s3://eden-data/Calibrations/LOT/DARK/2019-10-08/20191008-008d10s.fits (58/521)
Storing /home/altsai/eden/LOT20191008_mod/20191008-008d15s.fits -> s3://eden-data/Calibrations/LOT/DARK/2019-10-09/20191008-008d15s.fits (59/521)
Storing /home/altsai/eden/LOT20191008_mod/20191008-008d5s.fits -> s3://eden-data/Calibrations/LOT/DARK/2019-10-08/20191008-008d5s.fits (60/521)
Storing /home/altsai/eden/LOT20191008_mod/20191008-008eden.fits -> s3://eden-data/Calibrations/LOT/FLAT/2019-10-08/20191008-008eden.fits (61/521)
Storing /home/altsai/eden/LOT20191008_mod/20191008-009d10s.fits -> s3://eden-data/Calibrations/LOT/DARK/2019-10-08/20191008-009d10s.fits (62/521)
Storing /home/altsai/eden/LOT20191008_mod/20191008-009d15s.fits -> s3://eden-data/Calibrations/LOT/DARK/2019-10-09/20191008-009d15s.fits (63/521)
Storing /home/altsai/eden/LOT20191008_mod/20191008-009d5s.fits -> s3://eden-data/Calibrations/LOT/DARK/2019-10-08/20191008-009d5s.fits (64/521)
Storing /home/altsai/eden/LOT20191008_mod/20191008-009eden.fits -> s3://eden-data/Calibrations/LOT/FLAT/2019-10-08/20191008-009eden.fits (65/521)
Storing /home/altsai/eden/LOT20191008_mod/20191008-010d10s.fits -> s3://eden-data/Calibrations/LOT/DARK/2019-10-08/20191008-010d10s.fits (66/521)
Storing /home/altsai/eden/LOT20191008_mod/20191008-010d15s.fits -> s3://eden-data/Calibrations/LOT/DARK/2019-10-09/20191008-010d15s.fits (67/521)
Storing /home/altsai/eden/LOT20191008_mod/20191008-010d5s.fits -> s3://eden-data/Calibrations/LOT/DARK/2019-10-08/20191008-010d5s.fits (68/521)
Storing /home/altsai/eden/LOT20191008_mod/20191008-010eden.fits -> s3://eden-data/Calibrations/LOT/FLAT/2019-10-08/20191008-010eden.fits (69/521)
Storing /home/altsai/eden/LOT20191008_mod/2MUCD10014-20191008@121645-Eden.fts -> s3://eden-data/RAW/LOT/2MUCD10014/2019-10-08/2MUCD10014-20191008@121645-Eden.fits (70/521)
Storing /home/altsai/eden/LOT20191008_mod/2MUCD10014-20191008@121809-Eden.fts -> s3://eden-data/RAW/LOT/2MUCD10014/2019-10-08/2MUCD10014-20191008@121809-Eden.fits (71/521)
Storing /home/altsai/eden/LOT20191008_mod/2MUCD10014-20191008@121920-Eden.fts -> s3://eden-data/RAW/LOT/2MUCD10014/2019-10-08/2MUCD10014-20191008@121920-Eden.fits (72/521)
Storing /home/altsai/eden/LOT20191008_mod/2MUCD10014-20191008@122032-Eden.fts -> s3://eden-data/RAW/LOT/2MUCD10014/2019-10-08/2MUCD10014-20191008@122032-Eden.fits (73/521)
Storing /home/altsai/eden/LOT20191008_mod/2MUCD10014-20191008@122143-Eden.fts -> s3://eden-data/RAW/LOT/2MUCD10014/2019-10-08/2MUCD10014-20191008@122143-Eden.fits (74/521)
Storing /home/altsai/eden/LOT20191008_mod/2MUCD10014-20191008@122255-Eden.fts -> s3://eden-data/RAW/LOT/2MUCD10014/2019-10-08/2MUCD10014-20191008@122255-Eden.fits (75/521)
Storing /home/altsai/eden/LOT20191008_mod/2MUCD10014-20191008@122407-Eden.fts -> s3://eden-data/RAW/LOT/2MUCD10014/2019-10-08/2MUCD10014-20191008@122407-Eden.fits (76/521)
Storing /home/altsai/eden/LOT20191008_mod/2MUCD10014-20191008@122518-Eden.fts -> s3://eden-data/RAW/LOT/2MUCD10014/2019-10-08/2MUCD10014-20191008@122518-Eden.fits (77/521)
Storing /home/altsai/eden/LOT20191008_mod/2MUCD10014-20191008@122630-Eden.fts -> s3://eden-data/RAW/LOT/2MUCD10014/2019-10-08/2MUCD10014-20191008@122630-Eden.fits (78/521)
Storing /home/altsai/eden/LOT20191008_mod/2MUCD10014-20191008@122743-Eden.fts -> s3://eden-data/RAW/LOT/2MUCD10014/2019-10-08/2MUCD10014-20191008@122743-Eden.fits (79/521)
Storing /home/altsai/eden/LOT20191008_mod/2MUCD10014-20191008@122856-Eden.fts -> s3://eden-data/RAW/LOT/2MUCD10014/2019-10-08/2MUCD10014-20191008@122856-Eden.fits (80/521)
Storing /home/altsai/eden/LOT20191008_mod/2MUCD10014-20191008@123008-Eden.fts -> s3://eden-data/RAW/LOT/2MUCD10014/2019-10-08/2MUCD10014-20191008@123008-Eden.fits (81/521)
Storing /home/altsai/eden/LOT20191008_mod/2MUCD10014-20191008@123119-Eden.fts -> s3://eden-data/RAW/LOT/2MUCD10014/2019-10-08/2MUCD10014-20191008@123119-Eden.fits (82/521)
Storing /home/altsai/eden/LOT20191008_mod/2MUCD10014-20191008@123231-Eden.fts -> s3://eden-data/RAW/LOT/2MUCD10014/2019-10-08/2MUCD10014-20191008@123231-Eden.fits (83/521)
Storing /home/altsai/eden/LOT20191008_mod/2MUCD10014-20191008@123342-Eden.fts -> s3://eden-data/RAW/LOT/2MUCD10014/2019-10-08/2MUCD10014-20191008@123342-Eden.fits (84/521)
Storing /home/altsai/eden/LOT20191008_mod/2MUCD10014-20191008@123453-Eden.fts -> s3://eden-data/RAW/LOT/2MUCD10014/2019-10-08/2MUCD10014-20191008@123453-Eden.fits (85/521)
Storing /home/altsai/eden/LOT20191008_mod/2MUCD10014-20191008@123605-Eden.fts -> s3://eden-data/RAW/LOT/2MUCD10014/2019-10-08/2MUCD10014-20191008@123605-Eden.fits (86/521)
Storing /home/altsai/eden/LOT20191008_mod/2MUCD10014-20191008@123718-Eden.fts -> s3://eden-data/RAW/LOT/2MUCD10014/2019-10-08/2MUCD10014-20191008@123718-Eden.fits (87/521)
Storing /home/altsai/eden/LOT20191008_mod/2MUCD10014-20191008@123829-Eden.fts -> s3://eden-data/RAW/LOT/2MUCD10014/2019-10-08/2MUCD10014-20191008@123829-Eden.fits (88/521)
Storing /home/altsai/eden/LOT20191008_mod/2MUCD10014-20191008@123941-Eden.fts -> s3://eden-data/RAW/LOT/2MUCD10014/2019-10-08/2MUCD10014-20191008@123941-Eden.fits (89/521)
Storing /home/altsai/eden/LOT20191008_mod/2MUCD10014-20191008@124052-Eden.fts -> s3://eden-data/RAW/LOT/2MUCD10014/2019-10-08/2MUCD10014-20191008@124052-Eden.fits (90/521)
Storing /home/altsai/eden/LOT20191008_mod/2MUCD10014-20191008@124204-Eden.fts -> s3://eden-data/RAW/LOT/2MUCD10014/2019-10-08/2MUCD10014-20191008@124204-Eden.fits (91/521)
Storing /home/altsai/eden/LOT20191008_mod/2MUCD10014-20191008@124317-Eden.fts -> s3://eden-data/RAW/LOT/2MUCD10014/2019-10-08/2MUCD10014-20191008@124317-Eden.fits (92/521)
Storing /home/altsai/eden/LOT20191008_mod/2MUCD10014-20191008@124428-Eden.fts -> s3://eden-data/RAW/LOT/2MUCD10014/2019-10-08/2MUCD10014-20191008@124428-Eden.fits (93/521)
Storing /home/altsai/eden/LOT20191008_mod/2MUCD10014-20191008@124540-Eden.fts -> s3://eden-data/RAW/LOT/2MUCD10014/2019-10-08/2MUCD10014-20191008@124540-Eden.fits (94/521)
Storing /home/altsai/eden/LOT20191008_mod/2MUCD10014-20191008@124653-Eden.fts -> s3://eden-data/RAW/LOT/2MUCD10014/2019-10-08/2MUCD10014-20191008@124653-Eden.fits (95/521)
Storing /home/altsai/eden/LOT20191008_mod/2MUCD10014-20191008@124805-Eden.fts -> s3://eden-data/RAW/LOT/2MUCD10014/2019-10-08/2MUCD10014-20191008@124805-Eden.fits (96/521)
Storing /home/altsai/eden/LOT20191008_mod/2MUCD10014-20191008@124918-Eden.fts -> s3://eden-data/RAW/LOT/2MUCD10014/2019-10-08/2MUCD10014-20191008@124918-Eden.fits (97/521)
Storing /home/altsai/eden/LOT20191008_mod/2MUCD10014-20191008@125031-Eden.fts -> s3://eden-data/RAW/LOT/2MUCD10014/2019-10-08/2MUCD10014-20191008@125031-Eden.fits (98/521)
Storing /home/altsai/eden/LOT20191008_mod/2MUCD10014-20191008@125143-Eden.fts -> s3://eden-data/RAW/LOT/2MUCD10014/2019-10-08/2MUCD10014-20191008@125143-Eden.fits (99/521)
Storing /home/altsai/eden/LOT20191008_mod/2MUCD10014-20191008@125256-Eden.fts -> s3://eden-data/RAW/LOT/2MUCD10014/2019-10-08/2MUCD10014-20191008@125256-Eden.fits (100/521)
Storing /home/altsai/eden/LOT20191008_mod/2MUCD10014-20191008@125408-Eden.fts -> s3://eden-data/RAW/LOT/2MUCD10014/2019-10-08/2MUCD10014-20191008@125408-Eden.fits (101/521)
Storing /home/altsai/eden/LOT20191008_mod/2MUCD10014-20191008@125520-Eden.fts -> s3://eden-data/RAW/LOT/2MUCD10014/2019-10-08/2MUCD10014-20191008@125520-Eden.fits (102/521)
Storing /home/altsai/eden/LOT20191008_mod/2MUCD10014-20191008@125634-Eden.fts -> s3://eden-data/RAW/LOT/2MUCD10014/2019-10-08/2MUCD10014-20191008@125634-Eden.fits (103/521)
Storing /home/altsai/eden/LOT20191008_mod/2MUCD10014-20191008@125745-Eden.fts -> s3://eden-data/RAW/LOT/2MUCD10014/2019-10-08/2MUCD10014-20191008@125745-Eden.fits (104/521)
Storing /home/altsai/eden/LOT20191008_mod/2MUCD10014-20191008@125859-Eden.fts -> s3://eden-data/RAW/LOT/2MUCD10014/2019-10-08/2MUCD10014-20191008@125859-Eden.fits (105/521)
Storing /home/altsai/eden/LOT20191008_mod/2MUCD10014-20191008@130011-Eden.fts -> s3://eden-data/RAW/LOT/2MUCD10014/2019-10-08/2MUCD10014-20191008@130011-Eden.fits (106/521)
Storing /home/altsai/eden/LOT20191008_mod/2MUCD10014-20191008@130122-Eden.fts -> s3://eden-data/RAW/LOT/2MUCD10014/2019-10-08/2MUCD10014-20191008@130122-Eden.fits (107/521)
Storing /home/altsai/eden/LOT20191008_mod/2MUCD10014-20191008@130234-Eden.fts -> s3://eden-data/RAW/LOT/2MUCD10014/2019-10-08/2MUCD10014-20191008@130234-Eden.fits (108/521)
Storing /home/altsai/eden/LOT20191008_mod/2MUCD10014-20191008@130347-Eden.fts -> s3://eden-data/RAW/LOT/2MUCD10014/2019-10-08/2MUCD10014-20191008@130347-Eden.fits (109/521)
Storing /home/altsai/eden/LOT20191008_mod/2MUCD10014-20191008@130459-Eden.fts -> s3://eden-data/RAW/LOT/2MUCD10014/2019-10-08/2MUCD10014-20191008@130459-Eden.fits (110/521)
Storing /home/altsai/eden/LOT20191008_mod/2MUCD10014-20191008@130611-Eden.fts -> s3://eden-data/RAW/LOT/2MUCD10014/2019-10-08/2MUCD10014-20191008@130611-Eden.fits (111/521)
Storing /home/altsai/eden/LOT20191008_mod/2MUCD10014-20191008@130723-Eden.fts -> s3://eden-data/RAW/LOT/2MUCD10014/2019-10-08/2MUCD10014-20191008@130723-Eden.fits (112/521)
Storing /home/altsai/eden/LOT20191008_mod/2MUCD10014-20191008@130835-Eden.fts -> s3://eden-data/RAW/LOT/2MUCD10014/2019-10-08/2MUCD10014-20191008@130835-Eden.fits (113/521)
Storing /home/altsai/eden/LOT20191008_mod/2MUCD10014-20191008@130947-Eden.fts -> s3://eden-data/RAW/LOT/2MUCD10014/2019-10-08/2MUCD10014-20191008@130947-Eden.fits (114/521)
Storing /home/altsai/eden/LOT20191008_mod/2MUCD10014-20191008@131100-Eden.fts -> s3://eden-data/RAW/LOT/2MUCD10014/2019-10-08/2MUCD10014-20191008@131100-Eden.fits (115/521)
Storing /home/altsai/eden/LOT20191008_mod/2MUCD10014-20191008@131212-Eden.fts -> s3://eden-data/RAW/LOT/2MUCD10014/2019-10-08/2MUCD10014-20191008@131212-Eden.fits (116/521)
Storing /home/altsai/eden/LOT20191008_mod/2MUCD10014-20191008@131325-Eden.fts -> s3://eden-data/RAW/LOT/2MUCD10014/2019-10-08/2MUCD10014-20191008@131325-Eden.fits (117/521)
Storing /home/altsai/eden/LOT20191008_mod/2MUCD10014-20191008@131437-Eden.fts -> s3://eden-data/RAW/LOT/2MUCD10014/2019-10-08/2MUCD10014-20191008@131437-Eden.fits (118/521)
Storing /home/altsai/eden/LOT20191008_mod/2MUCD10014-20191008@131549-Eden.fts -> s3://eden-data/RAW/LOT/2MUCD10014/2019-10-08/2MUCD10014-20191008@131549-Eden.fits (119/521)
Storing /home/altsai/eden/LOT20191008_mod/2MUCD10014-20191008@131701-Eden.fts -> s3://eden-data/RAW/LOT/2MUCD10014/2019-10-08/2MUCD10014-20191008@131701-Eden.fits (120/521)
Storing /home/altsai/eden/LOT20191008_mod/2MUCD10014-20191008@131812-Eden.fts -> s3://eden-data/RAW/LOT/2MUCD10014/2019-10-08/2MUCD10014-20191008@131812-Eden.fits (121/521)
Storing /home/altsai/eden/LOT20191008_mod/2MUCD10014-20191008@131926-Eden.fts -> s3://eden-data/RAW/LOT/2MUCD10014/2019-10-08/2MUCD10014-20191008@131926-Eden.fits (122/521)
Storing /home/altsai/eden/LOT20191008_mod/2MUCD10014-20191008@132038-Eden.fts -> s3://eden-data/RAW/LOT/2MUCD10014/2019-10-08/2MUCD10014-20191008@132038-Eden.fits (123/521)
Storing /home/altsai/eden/LOT20191008_mod/2MUCD10014-20191008@132152-Eden.fts -> s3://eden-data/RAW/LOT/2MUCD10014/2019-10-08/2MUCD10014-20191008@132152-Eden.fits (124/521)
Storing /home/altsai/eden/LOT20191008_mod/2MUCD10014-20191008@132303-Eden.fts -> s3://eden-data/RAW/LOT/2MUCD10014/2019-10-08/2MUCD10014-20191008@132303-Eden.fits (125/521)
Storing /home/altsai/eden/LOT20191008_mod/2MUCD10014-20191008@132415-Eden.fts -> s3://eden-data/RAW/LOT/2MUCD10014/2019-10-08/2MUCD10014-20191008@132415-Eden.fits (126/521)
Storing /home/altsai/eden/LOT20191008_mod/2MUCD10014-20191008@132527-Eden.fts -> s3://eden-data/RAW/LOT/2MUCD10014/2019-10-08/2MUCD10014-20191008@132527-Eden.fits (127/521)
Storing /home/altsai/eden/LOT20191008_mod/2MUCD10014-20191008@132640-Eden.fts -> s3://eden-data/RAW/LOT/2MUCD10014/2019-10-08/2MUCD10014-20191008@132640-Eden.fits (128/521)
Storing /home/altsai/eden/LOT20191008_mod/2MUCD10014-20191008@132752-Eden.fts -> s3://eden-data/RAW/LOT/2MUCD10014/2019-10-08/2MUCD10014-20191008@132752-Eden.fits (129/521)
Storing /home/altsai/eden/LOT20191008_mod/2MUCD10014-20191008@132904-Eden.fts -> s3://eden-data/RAW/LOT/2MUCD10014/2019-10-08/2MUCD10014-20191008@132904-Eden.fits (130/521)
Storing /home/altsai/eden/LOT20191008_mod/2MUCD10014-20191008@133017-Eden.fts -> s3://eden-data/RAW/LOT/2MUCD10014/2019-10-08/2MUCD10014-20191008@133017-Eden.fits (131/521)
Storing /home/altsai/eden/LOT20191008_mod/2MUCD10014-20191008@133129-Eden.fts -> s3://eden-data/RAW/LOT/2MUCD10014/2019-10-08/2MUCD10014-20191008@133129-Eden.fits (132/521)
Storing /home/altsai/eden/LOT20191008_mod/2MUCD10014-20191008@133241-Eden.fts -> s3://eden-data/RAW/LOT/2MUCD10014/2019-10-08/2MUCD10014-20191008@133241-Eden.fits (133/521)
Storing /home/altsai/eden/LOT20191008_mod/2MUCD10014-20191008@133352-Eden.fts -> s3://eden-data/RAW/LOT/2MUCD10014/2019-10-08/2MUCD10014-20191008@133352-Eden.fits (134/521)
Storing /home/altsai/eden/LOT20191008_mod/2MUCD10014-20191008@133503-Eden.fts -> s3://eden-data/RAW/LOT/2MUCD10014/2019-10-08/2MUCD10014-20191008@133503-Eden.fits (135/521)
Storing /home/altsai/eden/LOT20191008_mod/2MUCD10014-20191008@133615-Eden.fts -> s3://eden-data/RAW/LOT/2MUCD10014/2019-10-08/2MUCD10014-20191008@133615-Eden.fits (136/521)
Storing /home/altsai/eden/LOT20191008_mod/2MUCD10014-20191008@133727-Eden.fts -> s3://eden-data/RAW/LOT/2MUCD10014/2019-10-08/2MUCD10014-20191008@133727-Eden.fits (137/521)
Storing /home/altsai/eden/LOT20191008_mod/2MUCD10014-20191008@133838-Eden.fts -> s3://eden-data/RAW/LOT/2MUCD10014/2019-10-08/2MUCD10014-20191008@133838-Eden.fits (138/521)
Storing /home/altsai/eden/LOT20191008_mod/2MUCD10014-20191008@133950-Eden.fts -> s3://eden-data/RAW/LOT/2MUCD10014/2019-10-08/2MUCD10014-20191008@133950-Eden.fits (139/521)
Storing /home/altsai/eden/LOT20191008_mod/2MUCD10014-20191008@134103-Eden.fts -> s3://eden-data/RAW/LOT/2MUCD10014/2019-10-08/2MUCD10014-20191008@134103-Eden.fits (140/521)
Storing /home/altsai/eden/LOT20191008_mod/2MUCD10014-20191008@134214-Eden.fts -> s3://eden-data/RAW/LOT/2MUCD10014/2019-10-08/2MUCD10014-20191008@134214-Eden.fits (141/521)
Storing /home/altsai/eden/LOT20191008_mod/2MUCD10014-20191008@134326-Eden.fts -> s3://eden-data/RAW/LOT/2MUCD10014/2019-10-08/2MUCD10014-20191008@134326-Eden.fits (142/521)
Storing /home/altsai/eden/LOT20191008_mod/2MUCD10014-20191008@134438-Eden.fts -> s3://eden-data/RAW/LOT/2MUCD10014/2019-10-08/2MUCD10014-20191008@134438-Eden.fits (143/521)
Storing /home/altsai/eden/LOT20191008_mod/2MUCD10014-20191008@134550-Eden.fts -> s3://eden-data/RAW/LOT/2MUCD10014/2019-10-08/2MUCD10014-20191008@134550-Eden.fits (144/521)
Storing /home/altsai/eden/LOT20191008_mod/2MUCD10014-20191008@134703-Eden.fts -> s3://eden-data/RAW/LOT/2MUCD10014/2019-10-08/2MUCD10014-20191008@134703-Eden.fits (145/521)
Storing /home/altsai/eden/LOT20191008_mod/2MUCD10014-20191008@134816-Eden.fts -> s3://eden-data/RAW/LOT/2MUCD10014/2019-10-08/2MUCD10014-20191008@134816-Eden.fits (146/521)
Storing /home/altsai/eden/LOT20191008_mod/2MUCD10014-20191008@134928-Eden.fts -> s3://eden-data/RAW/LOT/2MUCD10014/2019-10-08/2MUCD10014-20191008@134928-Eden.fits (147/521)
Storing /home/altsai/eden/LOT20191008_mod/2MUCD10014-20191008@135039-Eden.fts -> s3://eden-data/RAW/LOT/2MUCD10014/2019-10-08/2MUCD10014-20191008@135039-Eden.fits (148/521)
Storing /home/altsai/eden/LOT20191008_mod/2MUCD10014-20191008@135152-Eden.fts -> s3://eden-data/RAW/LOT/2MUCD10014/2019-10-08/2MUCD10014-20191008@135152-Eden.fits (149/521)
Storing /home/altsai/eden/LOT20191008_mod/2MUCD10014-20191008@135304-Eden.fts -> s3://eden-data/RAW/LOT/2MUCD10014/2019-10-08/2MUCD10014-20191008@135304-Eden.fits (150/521)
Storing /home/altsai/eden/LOT20191008_mod/2MUCD10014-20191008@135417-Eden.fts -> s3://eden-data/RAW/LOT/2MUCD10014/2019-10-08/2MUCD10014-20191008@135417-Eden.fits (151/521)
Storing /home/altsai/eden/LOT20191008_mod/2MUCD10014-20191008@135529-Eden.fts -> s3://eden-data/RAW/LOT/2MUCD10014/2019-10-08/2MUCD10014-20191008@135529-Eden.fits (152/521)
Storing /home/altsai/eden/LOT20191008_mod/2MUCD10014-20191008@135640-Eden.fts -> s3://eden-data/RAW/LOT/2MUCD10014/2019-10-08/2MUCD10014-20191008@135640-Eden.fits (153/521)
Storing /home/altsai/eden/LOT20191008_mod/2MUCD10014-20191008@135752-Eden.fts -> s3://eden-data/RAW/LOT/2MUCD10014/2019-10-08/2MUCD10014-20191008@135752-Eden.fits (154/521)
Storing /home/altsai/eden/LOT20191008_mod/2MUCD10014-20191008@135906-Eden.fts -> s3://eden-data/RAW/LOT/2MUCD10014/2019-10-08/2MUCD10014-20191008@135906-Eden.fits (155/521)
Storing /home/altsai/eden/LOT20191008_mod/2MUCD10014-20191008@140018-Eden.fts -> s3://eden-data/RAW/LOT/2MUCD10014/2019-10-08/2MUCD10014-20191008@140018-Eden.fits (156/521)
Storing /home/altsai/eden/LOT20191008_mod/2MUCD10014-20191008@140129-Eden.fts -> s3://eden-data/RAW/LOT/2MUCD10014/2019-10-08/2MUCD10014-20191008@140129-Eden.fits (157/521)
Storing /home/altsai/eden/LOT20191008_mod/2MUCD10014-20191008@140240-Eden.fts -> s3://eden-data/RAW/LOT/2MUCD10014/2019-10-08/2MUCD10014-20191008@140240-Eden.fits (158/521)
Storing /home/altsai/eden/LOT20191008_mod/2MUCD10014-20191008@140353-Eden.fts -> s3://eden-data/RAW/LOT/2MUCD10014/2019-10-08/2MUCD10014-20191008@140353-Eden.fits (159/521)
Storing /home/altsai/eden/LOT20191008_mod/2MUCD10014-20191008@140506-Eden.fts -> s3://eden-data/RAW/LOT/2MUCD10014/2019-10-08/2MUCD10014-20191008@140506-Eden.fits (160/521)
Storing /home/altsai/eden/LOT20191008_mod/2MUCD10014-20191008@140620-Eden.fts -> s3://eden-data/RAW/LOT/2MUCD10014/2019-10-08/2MUCD10014-20191008@140620-Eden.fits (161/521)
Storing /home/altsai/eden/LOT20191008_mod/2MUCD10014-20191008@140731-Eden.fts -> s3://eden-data/RAW/LOT/2MUCD10014/2019-10-08/2MUCD10014-20191008@140731-Eden.fits (162/521)
Storing /home/altsai/eden/LOT20191008_mod/2MUCD10014-20191008@140843-Eden.fts -> s3://eden-data/RAW/LOT/2MUCD10014/2019-10-08/2MUCD10014-20191008@140843-Eden.fits (163/521)
Storing /home/altsai/eden/LOT20191008_mod/2MUCD10014-20191008@140955-Eden.fts -> s3://eden-data/RAW/LOT/2MUCD10014/2019-10-08/2MUCD10014-20191008@140955-Eden.fits (164/521)
Storing /home/altsai/eden/LOT20191008_mod/2MUCD10014-20191008@141107-Eden.fts -> s3://eden-data/RAW/LOT/2MUCD10014/2019-10-08/2MUCD10014-20191008@141107-Eden.fits (165/521)
Storing /home/altsai/eden/LOT20191008_mod/2MUCD10014-20191008@141220-Eden.fts -> s3://eden-data/RAW/LOT/2MUCD10014/2019-10-08/2MUCD10014-20191008@141220-Eden.fits (166/521)
Storing /home/altsai/eden/LOT20191008_mod/2MUCD10014-20191008@141332-Eden.fts -> s3://eden-data/RAW/LOT/2MUCD10014/2019-10-08/2MUCD10014-20191008@141332-Eden.fits (167/521)
Storing /home/altsai/eden/LOT20191008_mod/2MUCD10014-20191008@141445-Eden.fts -> s3://eden-data/RAW/LOT/2MUCD10014/2019-10-08/2MUCD10014-20191008@141445-Eden.fits (168/521)
Storing /home/altsai/eden/LOT20191008_mod/2MUCD10014-20191008@141556-Eden.fts -> s3://eden-data/RAW/LOT/2MUCD10014/2019-10-08/2MUCD10014-20191008@141556-Eden.fits (169/521)
Storing /home/altsai/eden/LOT20191008_mod/2MUCD10014-20191008@141708-Eden.fts -> s3://eden-data/RAW/LOT/2MUCD10014/2019-10-08/2MUCD10014-20191008@141708-Eden.fits (170/521)
Storing /home/altsai/eden/LOT20191008_mod/2MUCD10014-20191008@141821-Eden.fts -> s3://eden-data/RAW/LOT/2MUCD10014/2019-10-08/2MUCD10014-20191008@141821-Eden.fits (171/521)
Storing /home/altsai/eden/LOT20191008_mod/2MUCD10014-20191008@141934-Eden.fts -> s3://eden-data/RAW/LOT/2MUCD10014/2019-10-08/2MUCD10014-20191008@141934-Eden.fits (172/521)
Storing /home/altsai/eden/LOT20191008_mod/2MUCD10014-20191008@142047-Eden.fts -> s3://eden-data/RAW/LOT/2MUCD10014/2019-10-08/2MUCD10014-20191008@142047-Eden.fits (173/521)
Storing /home/altsai/eden/LOT20191008_mod/2MUCD10014-20191008@142200-Eden.fts -> s3://eden-data/RAW/LOT/2MUCD10014/2019-10-08/2MUCD10014-20191008@142200-Eden.fits (174/521)
Storing /home/altsai/eden/LOT20191008_mod/2MUCD10014-20191008@142312-Eden.fts -> s3://eden-data/RAW/LOT/2MUCD10014/2019-10-08/2MUCD10014-20191008@142312-Eden.fits (175/521)
Storing /home/altsai/eden/LOT20191008_mod/2MUCD10014-20191008@142424-Eden.fts -> s3://eden-data/RAW/LOT/2MUCD10014/2019-10-08/2MUCD10014-20191008@142424-Eden.fits (176/521)
Storing /home/altsai/eden/LOT20191008_mod/2MUCD10014-20191008@142536-Eden.fts -> s3://eden-data/RAW/LOT/2MUCD10014/2019-10-08/2MUCD10014-20191008@142536-Eden.fits (177/521)
Storing /home/altsai/eden/LOT20191008_mod/2MUCD10014-20191008@142648-Eden.fts -> s3://eden-data/RAW/LOT/2MUCD10014/2019-10-08/2MUCD10014-20191008@142648-Eden.fits (178/521)
Storing /home/altsai/eden/LOT20191008_mod/2MUCD10014-20191008@142800-Eden.fts -> s3://eden-data/RAW/LOT/2MUCD10014/2019-10-08/2MUCD10014-20191008@142800-Eden.fits (179/521)
Storing /home/altsai/eden/LOT20191008_mod/2MUCD10014-20191008@142912-Eden.fts -> s3://eden-data/RAW/LOT/2MUCD10014/2019-10-08/2MUCD10014-20191008@142912-Eden.fits (180/521)
Storing /home/altsai/eden/LOT20191008_mod/2MUCD10014-20191008@143023-Eden.fts -> s3://eden-data/RAW/LOT/2MUCD10014/2019-10-08/2MUCD10014-20191008@143023-Eden.fits (181/521)
Storing /home/altsai/eden/LOT20191008_mod/2MUCD10014-20191008@143134-Eden.fts -> s3://eden-data/RAW/LOT/2MUCD10014/2019-10-08/2MUCD10014-20191008@143134-Eden.fits (182/521)
Storing /home/altsai/eden/LOT20191008_mod/2MUCD10014-20191008@143246-Eden.fts -> s3://eden-data/RAW/LOT/2MUCD10014/2019-10-08/2MUCD10014-20191008@143246-Eden.fits (183/521)
Storing /home/altsai/eden/LOT20191008_mod/2MUCD10014-20191008@143359-Eden.fts -> s3://eden-data/RAW/LOT/2MUCD10014/2019-10-08/2MUCD10014-20191008@143359-Eden.fits (184/521)
Storing /home/altsai/eden/LOT20191008_mod/2MUCD10014-20191008@143511-Eden.fts -> s3://eden-data/RAW/LOT/2MUCD10014/2019-10-08/2MUCD10014-20191008@143511-Eden.fits (185/521)
Storing /home/altsai/eden/LOT20191008_mod/2MUCD10014-20191008@143623-Eden.fts -> s3://eden-data/RAW/LOT/2MUCD10014/2019-10-08/2MUCD10014-20191008@143623-Eden.fits (186/521)
Storing /home/altsai/eden/LOT20191008_mod/2MUCD10014-20191008@143734-Eden.fts -> s3://eden-data/RAW/LOT/2MUCD10014/2019-10-08/2MUCD10014-20191008@143734-Eden.fits (187/521)
Storing /home/altsai/eden/LOT20191008_mod/2MUCD10014-20191008@143846-Eden.fts -> s3://eden-data/RAW/LOT/2MUCD10014/2019-10-08/2MUCD10014-20191008@143846-Eden.fits (188/521)
Storing /home/altsai/eden/LOT20191008_mod/2MUCD10014-20191008@143958-Eden.fts -> s3://eden-data/RAW/LOT/2MUCD10014/2019-10-08/2MUCD10014-20191008@143958-Eden.fits (189/521)
Storing /home/altsai/eden/LOT20191008_mod/2MUCD10014-20191008@144111-Eden.fts -> s3://eden-data/RAW/LOT/2MUCD10014/2019-10-08/2MUCD10014-20191008@144111-Eden.fits (190/521)
Storing /home/altsai/eden/LOT20191008_mod/2MUCD10014-20191008@144222-Eden.fts -> s3://eden-data/RAW/LOT/2MUCD10014/2019-10-08/2MUCD10014-20191008@144222-Eden.fits (191/521)
Storing /home/altsai/eden/LOT20191008_mod/2MUCD10014-20191008@144336-Eden.fts -> s3://eden-data/RAW/LOT/2MUCD10014/2019-10-08/2MUCD10014-20191008@144336-Eden.fits (192/521)
Storing /home/altsai/eden/LOT20191008_mod/2MUCD10014-20191008@144449-Eden.fts -> s3://eden-data/RAW/LOT/2MUCD10014/2019-10-08/2MUCD10014-20191008@144449-Eden.fits (193/521)
Storing /home/altsai/eden/LOT20191008_mod/2MUCD10014-20191008@144601-Eden.fts -> s3://eden-data/RAW/LOT/2MUCD10014/2019-10-08/2MUCD10014-20191008@144601-Eden.fits (194/521)
Storing /home/altsai/eden/LOT20191008_mod/2MUCD10014-20191008@144713-Eden.fts -> s3://eden-data/RAW/LOT/2MUCD10014/2019-10-08/2MUCD10014-20191008@144713-Eden.fits (195/521)
Storing /home/altsai/eden/LOT20191008_mod/2MUCD10014-20191008@144825-Eden.fts -> s3://eden-data/RAW/LOT/2MUCD10014/2019-10-08/2MUCD10014-20191008@144825-Eden.fits (196/521)
Storing /home/altsai/eden/LOT20191008_mod/2MUCD10014-20191008@144936-Eden.fts -> s3://eden-data/RAW/LOT/2MUCD10014/2019-10-08/2MUCD10014-20191008@144936-Eden.fits (197/521)
Storing /home/altsai/eden/LOT20191008_mod/2MUCD10014-20191008@145048-Eden.fts -> s3://eden-data/RAW/LOT/2MUCD10014/2019-10-08/2MUCD10014-20191008@145048-Eden.fits (198/521)
Storing /home/altsai/eden/LOT20191008_mod/2MUCD10014-20191008@145159-Eden.fts -> s3://eden-data/RAW/LOT/2MUCD10014/2019-10-08/2MUCD10014-20191008@145159-Eden.fits (199/521)
Storing /home/altsai/eden/LOT20191008_mod/2MUCD10014-20191008@145310-Eden.fts -> s3://eden-data/RAW/LOT/2MUCD10014/2019-10-08/2MUCD10014-20191008@145310-Eden.fits (200/521)
Storing /home/altsai/eden/LOT20191008_mod/2MUCD10014-20191008@145422-Eden.fts -> s3://eden-data/RAW/LOT/2MUCD10014/2019-10-08/2MUCD10014-20191008@145422-Eden.fits (201/521)
Storing /home/altsai/eden/LOT20191008_mod/2MUCD10014-20191008@145535-Eden.fts -> s3://eden-data/RAW/LOT/2MUCD10014/2019-10-08/2MUCD10014-20191008@145535-Eden.fits (202/521)
Storing /home/altsai/eden/LOT20191008_mod/2MUCD10014-20191008@145648-Eden.fts -> s3://eden-data/RAW/LOT/2MUCD10014/2019-10-08/2MUCD10014-20191008@145648-Eden.fits (203/521)
Storing /home/altsai/eden/LOT20191008_mod/2MUCD10014-20191008@145759-Eden.fts -> s3://eden-data/RAW/LOT/2MUCD10014/2019-10-08/2MUCD10014-20191008@145759-Eden.fits (204/521)
Storing /home/altsai/eden/LOT20191008_mod/2MUCD10014-20191008@145910-Eden.fts -> s3://eden-data/RAW/LOT/2MUCD10014/2019-10-08/2MUCD10014-20191008@145910-Eden.fits (205/521)
Storing /home/altsai/eden/LOT20191008_mod/2MUCD10014-20191008@150023-Eden.fts -> s3://eden-data/RAW/LOT/2MUCD10014/2019-10-08/2MUCD10014-20191008@150023-Eden.fits (206/521)
Storing /home/altsai/eden/LOT20191008_mod/2MUCD10014-20191008@150135-Eden.fts -> s3://eden-data/RAW/LOT/2MUCD10014/2019-10-08/2MUCD10014-20191008@150135-Eden.fits (207/521)
Storing /home/altsai/eden/LOT20191008_mod/2MUCD10014-20191008@150246-Eden.fts -> s3://eden-data/RAW/LOT/2MUCD10014/2019-10-08/2MUCD10014-20191008@150246-Eden.fits (208/521)
Storing /home/altsai/eden/LOT20191008_mod/2MUCD10014-20191008@150359-Eden.fts -> s3://eden-data/RAW/LOT/2MUCD10014/2019-10-08/2MUCD10014-20191008@150359-Eden.fits (209/521)
Storing /home/altsai/eden/LOT20191008_mod/2MUCD10014-20191008@150510-Eden.fts -> s3://eden-data/RAW/LOT/2MUCD10014/2019-10-08/2MUCD10014-20191008@150510-Eden.fits (210/521)
Storing /home/altsai/eden/LOT20191008_mod/2MUCD10014-20191008@150622-Eden.fts -> s3://eden-data/RAW/LOT/2MUCD10014/2019-10-08/2MUCD10014-20191008@150622-Eden.fits (211/521)
Storing /home/altsai/eden/LOT20191008_mod/2MUCD10014-20191008@150734-Eden.fts -> s3://eden-data/RAW/LOT/2MUCD10014/2019-10-08/2MUCD10014-20191008@150734-Eden.fits (212/521)
Storing /home/altsai/eden/LOT20191008_mod/2MUCD10014-20191008@150845-Eden.fts -> s3://eden-data/RAW/LOT/2MUCD10014/2019-10-08/2MUCD10014-20191008@150845-Eden.fits (213/521)
Storing /home/altsai/eden/LOT20191008_mod/2MUCD10014-20191008@150957-Eden.fts -> s3://eden-data/RAW/LOT/2MUCD10014/2019-10-08/2MUCD10014-20191008@150957-Eden.fits (214/521)
Storing /home/altsai/eden/LOT20191008_mod/2MUCD10014-20191008@151109-Eden.fts -> s3://eden-data/RAW/LOT/2MUCD10014/2019-10-08/2MUCD10014-20191008@151109-Eden.fits (215/521)
Storing /home/altsai/eden/LOT20191008_mod/2MUCD10014-20191008@151221-Eden.fts -> s3://eden-data/RAW/LOT/2MUCD10014/2019-10-08/2MUCD10014-20191008@151221-Eden.fits (216/521)
Storing /home/altsai/eden/LOT20191008_mod/2MUCD10014-20191008@151333-Eden.fts -> s3://eden-data/RAW/LOT/2MUCD10014/2019-10-08/2MUCD10014-20191008@151333-Eden.fits (217/521)
Storing /home/altsai/eden/LOT20191008_mod/2MUCD10014-20191008@151445-Eden.fts -> s3://eden-data/RAW/LOT/2MUCD10014/2019-10-08/2MUCD10014-20191008@151445-Eden.fits (218/521)
Storing /home/altsai/eden/LOT20191008_mod/2MUCD10014-20191008@151557-Eden.fts -> s3://eden-data/RAW/LOT/2MUCD10014/2019-10-08/2MUCD10014-20191008@151557-Eden.fits (219/521)
Storing /home/altsai/eden/LOT20191008_mod/2MUCD10014-20191008@151709-Eden.fts -> s3://eden-data/RAW/LOT/2MUCD10014/2019-10-08/2MUCD10014-20191008@151709-Eden.fits (220/521)
Storing /home/altsai/eden/LOT20191008_mod/2MUCD10014-20191008@151821-Eden.fts -> s3://eden-data/RAW/LOT/2MUCD10014/2019-10-08/2MUCD10014-20191008@151821-Eden.fits (221/521)
Storing /home/altsai/eden/LOT20191008_mod/2MUCD10014-20191008@151933-Eden.fts -> s3://eden-data/RAW/LOT/2MUCD10014/2019-10-08/2MUCD10014-20191008@151933-Eden.fits (222/521)
Storing /home/altsai/eden/LOT20191008_mod/2MUCD10014-20191008@152045-Eden.fts -> s3://eden-data/RAW/LOT/2MUCD10014/2019-10-08/2MUCD10014-20191008@152045-Eden.fits (223/521)
Storing /home/altsai/eden/LOT20191008_mod/2MUCD10014-20191008@152158-Eden.fts -> s3://eden-data/RAW/LOT/2MUCD10014/2019-10-08/2MUCD10014-20191008@152158-Eden.fits (224/521)
Storing /home/altsai/eden/LOT20191008_mod/2MUCD10014-20191008@152310-Eden.fts -> s3://eden-data/RAW/LOT/2MUCD10014/2019-10-08/2MUCD10014-20191008@152310-Eden.fits (225/521)
Storing /home/altsai/eden/LOT20191008_mod/2MUCD10014-20191008@152421-Eden.fts -> s3://eden-data/RAW/LOT/2MUCD10014/2019-10-08/2MUCD10014-20191008@152421-Eden.fits (226/521)
Storing /home/altsai/eden/LOT20191008_mod/2MUCD10014-20191008@152534-Eden.fts -> s3://eden-data/RAW/LOT/2MUCD10014/2019-10-08/2MUCD10014-20191008@152534-Eden.fits (227/521)
Storing /home/altsai/eden/LOT20191008_mod/2MUCD10014-20191008@152646-Eden.fts -> s3://eden-data/RAW/LOT/2MUCD10014/2019-10-08/2MUCD10014-20191008@152646-Eden.fits (228/521)
Storing /home/altsai/eden/LOT20191008_mod/2MUCD10014-20191008@152758-Eden.fts -> s3://eden-data/RAW/LOT/2MUCD10014/2019-10-08/2MUCD10014-20191008@152758-Eden.fits (229/521)
Storing /home/altsai/eden/LOT20191008_mod/2MUCD10014-20191008@152910-Eden.fts -> s3://eden-data/RAW/LOT/2MUCD10014/2019-10-08/2MUCD10014-20191008@152910-Eden.fits (230/521)
Storing /home/altsai/eden/LOT20191008_mod/2MUCD10014-20191008@153021-Eden.fts -> s3://eden-data/RAW/LOT/2MUCD10014/2019-10-08/2MUCD10014-20191008@153021-Eden.fits (231/521)
Storing /home/altsai/eden/LOT20191008_mod/2MUCD10014-20191008@153134-Eden.fts -> s3://eden-data/RAW/LOT/2MUCD10014/2019-10-08/2MUCD10014-20191008@153134-Eden.fits (232/521)
Storing /home/altsai/eden/LOT20191008_mod/2MUCD10014-20191008@153245-Eden.fts -> s3://eden-data/RAW/LOT/2MUCD10014/2019-10-08/2MUCD10014-20191008@153245-Eden.fits (233/521)
Storing /home/altsai/eden/LOT20191008_mod/2MUCD10014-20191008@153356-Eden.fts -> s3://eden-data/RAW/LOT/2MUCD10014/2019-10-08/2MUCD10014-20191008@153356-Eden.fits (234/521)
Storing /home/altsai/eden/LOT20191008_mod/2MUCD10014-20191008@153508-Eden.fts -> s3://eden-data/RAW/LOT/2MUCD10014/2019-10-08/2MUCD10014-20191008@153508-Eden.fits (235/521)
Storing /home/altsai/eden/LOT20191008_mod/2MUCD10014-20191008@153622-Eden.fts -> s3://eden-data/RAW/LOT/2MUCD10014/2019-10-08/2MUCD10014-20191008@153622-Eden.fits (236/521)
Storing /home/altsai/eden/LOT20191008_mod/2MUCD10014-20191008@153734-Eden.fts -> s3://eden-data/RAW/LOT/2MUCD10014/2019-10-08/2MUCD10014-20191008@153734-Eden.fits (237/521)
Storing /home/altsai/eden/LOT20191008_mod/2MUCD10014-20191008@153845-Eden.fts -> s3://eden-data/RAW/LOT/2MUCD10014/2019-10-08/2MUCD10014-20191008@153845-Eden.fits (238/521)
Storing /home/altsai/eden/LOT20191008_mod/2MUCD10014-20191008@153956-Eden.fts -> s3://eden-data/RAW/LOT/2MUCD10014/2019-10-08/2MUCD10014-20191008@153956-Eden.fits (239/521)
Storing /home/altsai/eden/LOT20191008_mod/2MUCD10014-20191008@154108-Eden.fts -> s3://eden-data/RAW/LOT/2MUCD10014/2019-10-08/2MUCD10014-20191008@154108-Eden.fits (240/521)
Storing /home/altsai/eden/LOT20191008_mod/2MUCD10014-20191008@154220-Eden.fts -> s3://eden-data/RAW/LOT/2MUCD10014/2019-10-08/2MUCD10014-20191008@154220-Eden.fits (241/521)
Storing /home/altsai/eden/LOT20191008_mod/2MUCD10014-20191008@154332-Eden.fts -> s3://eden-data/RAW/LOT/2MUCD10014/2019-10-08/2MUCD10014-20191008@154332-Eden.fits (242/521)
Storing /home/altsai/eden/LOT20191008_mod/2MUCD10014-20191008@154445-Eden.fts -> s3://eden-data/RAW/LOT/2MUCD10014/2019-10-08/2MUCD10014-20191008@154445-Eden.fits (243/521)
Storing /home/altsai/eden/LOT20191008_mod/2MUCD10014-20191008@154557-Eden.fts -> s3://eden-data/RAW/LOT/2MUCD10014/2019-10-08/2MUCD10014-20191008@154557-Eden.fits (244/521)
Storing /home/altsai/eden/LOT20191008_mod/2MUCD10014-20191008@154710-Eden.fts -> s3://eden-data/RAW/LOT/2MUCD10014/2019-10-08/2MUCD10014-20191008@154710-Eden.fits (245/521)
Storing /home/altsai/eden/LOT20191008_mod/2MUCD10014-20191008@154823-Eden.fts -> s3://eden-data/RAW/LOT/2MUCD10014/2019-10-08/2MUCD10014-20191008@154823-Eden.fits (246/521)
Storing /home/altsai/eden/LOT20191008_mod/2MUCD10014-20191008@154934-Eden.fts -> s3://eden-data/RAW/LOT/2MUCD10014/2019-10-08/2MUCD10014-20191008@154934-Eden.fits (247/521)
Storing /home/altsai/eden/LOT20191008_mod/2MUCD10014-20191008@155046-Eden.fts -> s3://eden-data/RAW/LOT/2MUCD10014/2019-10-08/2MUCD10014-20191008@155046-Eden.fits (248/521)
Storing /home/altsai/eden/LOT20191008_mod/2MUCD10014-20191008@155159-Eden.fts -> s3://eden-data/RAW/LOT/2MUCD10014/2019-10-08/2MUCD10014-20191008@155159-Eden.fits (249/521)
Storing /home/altsai/eden/LOT20191008_mod/2MUCD10014-20191008@155311-Eden.fts -> s3://eden-data/RAW/LOT/2MUCD10014/2019-10-08/2MUCD10014-20191008@155311-Eden.fits (250/521)
Storing /home/altsai/eden/LOT20191008_mod/2MUCD10014-20191008@155422-Eden.fts -> s3://eden-data/RAW/LOT/2MUCD10014/2019-10-08/2MUCD10014-20191008@155422-Eden.fits (251/521)
Storing /home/altsai/eden/LOT20191008_mod/2MUCD10014-20191008@155535-Eden.fts -> s3://eden-data/RAW/LOT/2MUCD10014/2019-10-08/2MUCD10014-20191008@155535-Eden.fits (252/521)
Storing /home/altsai/eden/LOT20191008_mod/2MUCD10014-20191008@155649-Eden.fts -> s3://eden-data/RAW/LOT/2MUCD10014/2019-10-08/2MUCD10014-20191008@155649-Eden.fits (253/521)
Storing /home/altsai/eden/LOT20191008_mod/2MUCD10014-20191008@155802-Eden.fts -> s3://eden-data/RAW/LOT/2MUCD10014/2019-10-08/2MUCD10014-20191008@155802-Eden.fits (254/521)
Storing /home/altsai/eden/LOT20191008_mod/2MUCD10014-20191008@155914-Eden.fts -> s3://eden-data/RAW/LOT/2MUCD10014/2019-10-08/2MUCD10014-20191008@155914-Eden.fits (255/521)
Storing /home/altsai/eden/LOT20191008_mod/2MUCD10014-20191008@160026-Eden.fts -> s3://eden-data/RAW/LOT/2MUCD10014/2019-10-08/2MUCD10014-20191008@160026-Eden.fits (256/521)
Storing /home/altsai/eden/LOT20191008_mod/2MUCD10014-20191008@160138-Eden.fts -> s3://eden-data/RAW/LOT/2MUCD10014/2019-10-08/2MUCD10014-20191008@160138-Eden.fits (257/521)
Storing /home/altsai/eden/LOT20191008_mod/2MUCD10014-20191008@160250-Eden.fts -> s3://eden-data/RAW/LOT/2MUCD10014/2019-10-08/2MUCD10014-20191008@160250-Eden.fits (258/521)
Storing /home/altsai/eden/LOT20191008_mod/2MUCD10014-20191008@160402-Eden.fts -> s3://eden-data/RAW/LOT/2MUCD10014/2019-10-08/2MUCD10014-20191008@160402-Eden.fits (259/521)
Storing /home/altsai/eden/LOT20191008_mod/2MUCD10014-20191008@160514-Eden.fts -> s3://eden-data/RAW/LOT/2MUCD10014/2019-10-08/2MUCD10014-20191008@160514-Eden.fits (260/521)
Storing /home/altsai/eden/LOT20191008_mod/2MUCD10014-20191008@160626-Eden.fts -> s3://eden-data/RAW/LOT/2MUCD10014/2019-10-08/2MUCD10014-20191008@160626-Eden.fits (261/521)
Storing /home/altsai/eden/LOT20191008_mod/2MUCD10014-20191008@160737-Eden.fts -> s3://eden-data/RAW/LOT/2MUCD10014/2019-10-08/2MUCD10014-20191008@160737-Eden.fits (262/521)
Storing /home/altsai/eden/LOT20191008_mod/2MUCD10014-20191008@160849-Eden.fts -> s3://eden-data/RAW/LOT/2MUCD10014/2019-10-08/2MUCD10014-20191008@160849-Eden.fits (263/521)
Storing /home/altsai/eden/LOT20191008_mod/2MUCD10014-20191008@161001-Eden.fts -> s3://eden-data/RAW/LOT/2MUCD10014/2019-10-08/2MUCD10014-20191008@161001-Eden.fits (264/521)
Storing /home/altsai/eden/LOT20191008_mod/2MUCD10014-20191008@161114-Eden.fts -> s3://eden-data/RAW/LOT/2MUCD10014/2019-10-08/2MUCD10014-20191008@161114-Eden.fits (265/521)
Storing /home/altsai/eden/LOT20191008_mod/2MUCD10014-20191008@161225-Eden.fts -> s3://eden-data/RAW/LOT/2MUCD10014/2019-10-08/2MUCD10014-20191008@161225-Eden.fits (266/521)
Storing /home/altsai/eden/LOT20191008_mod/2MUCD10014-20191008@161337-Eden.fts -> s3://eden-data/RAW/LOT/2MUCD10014/2019-10-08/2MUCD10014-20191008@161337-Eden.fits (267/521)
Storing /home/altsai/eden/LOT20191008_mod/2MUCD10014-20191008@161449-Eden.fts -> s3://eden-data/RAW/LOT/2MUCD10014/2019-10-08/2MUCD10014-20191008@161449-Eden.fits (268/521)
Storing /home/altsai/eden/LOT20191008_mod/2MUCD10014-20191008@161601-Eden.fts -> s3://eden-data/RAW/LOT/2MUCD10014/2019-10-08/2MUCD10014-20191008@161601-Eden.fits (269/521)
Storing /home/altsai/eden/LOT20191008_mod/2MUCD10014-20191008@161712-Eden.fts -> s3://eden-data/RAW/LOT/2MUCD10014/2019-10-08/2MUCD10014-20191008@161712-Eden.fits (270/521)
Storing /home/altsai/eden/LOT20191008_mod/2MUCD10014-20191008@161824-Eden.fts -> s3://eden-data/RAW/LOT/2MUCD10014/2019-10-08/2MUCD10014-20191008@161824-Eden.fits (271/521)
Storing /home/altsai/eden/LOT20191008_mod/2MUCD10014-20191008@161936-Eden.fts -> s3://eden-data/RAW/LOT/2MUCD10014/2019-10-08/2MUCD10014-20191008@161936-Eden.fits (272/521)
Storing /home/altsai/eden/LOT20191008_mod/2MUCD10014-20191008@162048-Eden.fts -> s3://eden-data/RAW/LOT/2MUCD10014/2019-10-08/2MUCD10014-20191008@162048-Eden.fits (273/521)
Storing /home/altsai/eden/LOT20191008_mod/2MUCD10014-20191008@162201-Eden.fts -> s3://eden-data/RAW/LOT/2MUCD10014/2019-10-08/2MUCD10014-20191008@162201-Eden.fits (274/521)
Storing /home/altsai/eden/LOT20191008_mod/2MUCD10014-20191008@162314-Eden.fts -> s3://eden-data/RAW/LOT/2MUCD10014/2019-10-08/2MUCD10014-20191008@162314-Eden.fits (275/521)
Storing /home/altsai/eden/LOT20191008_mod/2MUCD10014-20191008@162426-Eden.fts -> s3://eden-data/RAW/LOT/2MUCD10014/2019-10-08/2MUCD10014-20191008@162426-Eden.fits (276/521)
Storing /home/altsai/eden/LOT20191008_mod/2MUCD10014-20191008@162538-Eden.fts -> s3://eden-data/RAW/LOT/2MUCD10014/2019-10-08/2MUCD10014-20191008@162538-Eden.fits (277/521)
Storing /home/altsai/eden/LOT20191008_mod/2MUCD10014-20191008@162650-Eden.fts -> s3://eden-data/RAW/LOT/2MUCD10014/2019-10-08/2MUCD10014-20191008@162650-Eden.fits (278/521)
Storing /home/altsai/eden/LOT20191008_mod/2MUCD10014-20191008@162802-Eden.fts -> s3://eden-data/RAW/LOT/2MUCD10014/2019-10-08/2MUCD10014-20191008@162802-Eden.fits (279/521)
Storing /home/altsai/eden/LOT20191008_mod/2MUCD10014-20191008@162915-Eden.fts -> s3://eden-data/RAW/LOT/2MUCD10014/2019-10-08/2MUCD10014-20191008@162915-Eden.fits (280/521)
Storing /home/altsai/eden/LOT20191008_mod/2MUCD10014-20191008@163027-Eden.fts -> s3://eden-data/RAW/LOT/2MUCD10014/2019-10-08/2MUCD10014-20191008@163027-Eden.fits (281/521)
Storing /home/altsai/eden/LOT20191008_mod/2MUCD10014-20191008@163139-Eden.fts -> s3://eden-data/RAW/LOT/2MUCD10014/2019-10-08/2MUCD10014-20191008@163139-Eden.fits (282/521)
Storing /home/altsai/eden/LOT20191008_mod/2MUCD10014-20191008@163251-Eden.fts -> s3://eden-data/RAW/LOT/2MUCD10014/2019-10-08/2MUCD10014-20191008@163251-Eden.fits (283/521)
Storing /home/altsai/eden/LOT20191008_mod/2MUCD10014-20191008@163403-Eden.fts -> s3://eden-data/RAW/LOT/2MUCD10014/2019-10-08/2MUCD10014-20191008@163403-Eden.fits (284/521)
Storing /home/altsai/eden/LOT20191008_mod/2MUCD10014-20191008@163514-Eden.fts -> s3://eden-data/RAW/LOT/2MUCD10014/2019-10-08/2MUCD10014-20191008@163514-Eden.fits (285/521)
Storing /home/altsai/eden/LOT20191008_mod/2MUCD10014-20191008@163626-Eden.fts -> s3://eden-data/RAW/LOT/2MUCD10014/2019-10-08/2MUCD10014-20191008@163626-Eden.fits (286/521)
Storing /home/altsai/eden/LOT20191008_mod/2MUCD10014-20191008@163738-Eden.fts -> s3://eden-data/RAW/LOT/2MUCD10014/2019-10-08/2MUCD10014-20191008@163738-Eden.fits (287/521)
Storing /home/altsai/eden/LOT20191008_mod/2MUCD10014-20191008@163851-Eden.fts -> s3://eden-data/RAW/LOT/2MUCD10014/2019-10-08/2MUCD10014-20191008@163851-Eden.fits (288/521)
Storing /home/altsai/eden/LOT20191008_mod/2MUCD10014-20191008@164003-Eden.fts -> s3://eden-data/RAW/LOT/2MUCD10014/2019-10-08/2MUCD10014-20191008@164003-Eden.fits (289/521)
Storing /home/altsai/eden/LOT20191008_mod/2MUCD10014-20191008@164115-Eden.fts -> s3://eden-data/RAW/LOT/2MUCD10014/2019-10-08/2MUCD10014-20191008@164115-Eden.fits (290/521)
Storing /home/altsai/eden/LOT20191008_mod/2MUCD10014-20191008@164226-Eden.fts -> s3://eden-data/RAW/LOT/2MUCD10014/2019-10-08/2MUCD10014-20191008@164226-Eden.fits (291/521)
Storing /home/altsai/eden/LOT20191008_mod/2MUCD10014-20191008@164338-Eden.fts -> s3://eden-data/RAW/LOT/2MUCD10014/2019-10-08/2MUCD10014-20191008@164338-Eden.fits (292/521)
Storing /home/altsai/eden/LOT20191008_mod/2MUCD10014-20191008@164449-Eden.fts -> s3://eden-data/RAW/LOT/2MUCD10014/2019-10-08/2MUCD10014-20191008@164449-Eden.fits (293/521)
Storing /home/altsai/eden/LOT20191008_mod/2MUCD10014-20191008@164601-Eden.fts -> s3://eden-data/RAW/LOT/2MUCD10014/2019-10-08/2MUCD10014-20191008@164601-Eden.fits (294/521)
Storing /home/altsai/eden/LOT20191008_mod/2MUCD10014-20191008@164712-Eden.fts -> s3://eden-data/RAW/LOT/2MUCD10014/2019-10-08/2MUCD10014-20191008@164712-Eden.fits (295/521)
Storing /home/altsai/eden/LOT20191008_mod/2MUCD10014-20191008@164824-Eden.fts -> s3://eden-data/RAW/LOT/2MUCD10014/2019-10-08/2MUCD10014-20191008@164824-Eden.fits (296/521)
Storing /home/altsai/eden/LOT20191008_mod/2MUCD10014-20191008@164935-Eden.fts -> s3://eden-data/RAW/LOT/2MUCD10014/2019-10-08/2MUCD10014-20191008@164935-Eden.fits (297/521)
Storing /home/altsai/eden/LOT20191008_mod/2MUCD10014-20191008@165047-Eden.fts -> s3://eden-data/RAW/LOT/2MUCD10014/2019-10-08/2MUCD10014-20191008@165047-Eden.fits (298/521)
Storing /home/altsai/eden/LOT20191008_mod/2MUCD10014-20191008@165200-Eden.fts -> s3://eden-data/RAW/LOT/2MUCD10014/2019-10-08/2MUCD10014-20191008@165200-Eden.fits (299/521)
Storing /home/altsai/eden/LOT20191008_mod/2MUCD10014-20191008@165312-Eden.fts -> s3://eden-data/RAW/LOT/2MUCD10014/2019-10-08/2MUCD10014-20191008@165312-Eden.fits (300/521)
Storing /home/altsai/eden/LOT20191008_mod/2MUCD10014-20191008@165424-Eden.fts -> s3://eden-data/RAW/LOT/2MUCD10014/2019-10-08/2MUCD10014-20191008@165424-Eden.fits (301/521)
Storing /home/altsai/eden/LOT20191008_mod/2MUCD10014-20191008@165535-Eden.fts -> s3://eden-data/RAW/LOT/2MUCD10014/2019-10-08/2MUCD10014-20191008@165535-Eden.fits (302/521)
Storing /home/altsai/eden/LOT20191008_mod/2MUCD10014-20191008@165647-Eden.fts -> s3://eden-data/RAW/LOT/2MUCD10014/2019-10-08/2MUCD10014-20191008@165647-Eden.fits (303/521)
Storing /home/altsai/eden/LOT20191008_mod/2MUCD10014-20191008@165758-Eden.fts -> s3://eden-data/RAW/LOT/2MUCD10014/2019-10-08/2MUCD10014-20191008@165758-Eden.fits (304/521)
Storing /home/altsai/eden/LOT20191008_mod/2MUCD10014-20191008@165911-Eden.fts -> s3://eden-data/RAW/LOT/2MUCD10014/2019-10-08/2MUCD10014-20191008@165911-Eden.fits (305/521)
Storing /home/altsai/eden/LOT20191008_mod/2MUCD10014-20191008@170023-Eden.fts -> s3://eden-data/RAW/LOT/2MUCD10014/2019-10-08/2MUCD10014-20191008@170023-Eden.fits (306/521)
Storing /home/altsai/eden/LOT20191008_mod/2MUCD10014-20191008@170135-Eden.fts -> s3://eden-data/RAW/LOT/2MUCD10014/2019-10-08/2MUCD10014-20191008@170135-Eden.fits (307/521)
Storing /home/altsai/eden/LOT20191008_mod/2MUCD10014-20191008@170246-Eden.fts -> s3://eden-data/RAW/LOT/2MUCD10014/2019-10-08/2MUCD10014-20191008@170246-Eden.fits (308/521)
Storing /home/altsai/eden/LOT20191008_mod/2MUCD10014-20191008@170358-Eden.fts -> s3://eden-data/RAW/LOT/2MUCD10014/2019-10-08/2MUCD10014-20191008@170358-Eden.fits (309/521)
Storing /home/altsai/eden/LOT20191008_mod/2MUCD10014-20191008@170510-Eden.fts -> s3://eden-data/RAW/LOT/2MUCD10014/2019-10-08/2MUCD10014-20191008@170510-Eden.fits (310/521)
Storing /home/altsai/eden/LOT20191008_mod/2MUCD10014-20191008@170622-Eden.fts -> s3://eden-data/RAW/LOT/2MUCD10014/2019-10-08/2MUCD10014-20191008@170622-Eden.fits (311/521)
Storing /home/altsai/eden/LOT20191008_mod/2MUCD10014-20191008@170732-Eden.fts -> s3://eden-data/RAW/LOT/2MUCD10014/2019-10-08/2MUCD10014-20191008@170732-Eden.fits (312/521)
Storing /home/altsai/eden/LOT20191008_mod/2MUCD10014-20191008@170845-Eden.fts -> s3://eden-data/RAW/LOT/2MUCD10014/2019-10-08/2MUCD10014-20191008@170845-Eden.fits (313/521)
Storing /home/altsai/eden/LOT20191008_mod/2MUCD10014-20191008@170956-Eden.fts -> s3://eden-data/RAW/LOT/2MUCD10014/2019-10-08/2MUCD10014-20191008@170956-Eden.fits (314/521)
Storing /home/altsai/eden/LOT20191008_mod/2MUCD10014-20191008@171108-Eden.fts -> s3://eden-data/RAW/LOT/2MUCD10014/2019-10-08/2MUCD10014-20191008@171108-Eden.fits (315/521)
Storing /home/altsai/eden/LOT20191008_mod/2MUCD10014-20191008@171221-Eden.fts -> s3://eden-data/RAW/LOT/2MUCD10014/2019-10-08/2MUCD10014-20191008@171221-Eden.fits (316/521)
Storing /home/altsai/eden/LOT20191008_mod/2MUCD10014-20191008@171333-Eden.fts -> s3://eden-data/RAW/LOT/2MUCD10014/2019-10-08/2MUCD10014-20191008@171333-Eden.fits (317/521)
Storing /home/altsai/eden/LOT20191008_mod/2MUCD10014-20191008@171445-Eden.fts -> s3://eden-data/RAW/LOT/2MUCD10014/2019-10-08/2MUCD10014-20191008@171445-Eden.fits (318/521)
Storing /home/altsai/eden/LOT20191008_mod/2MUCD10014-20191008@171556-Eden.fts -> s3://eden-data/RAW/LOT/2MUCD10014/2019-10-08/2MUCD10014-20191008@171556-Eden.fits (319/521)
Storing /home/altsai/eden/LOT20191008_mod/2MUCD10014-20191008@171709-Eden.fts -> s3://eden-data/RAW/LOT/2MUCD10014/2019-10-08/2MUCD10014-20191008@171709-Eden.fits (320/521)
Storing /home/altsai/eden/LOT20191008_mod/2MUCD10014-20191008@171820-Eden.fts -> s3://eden-data/RAW/LOT/2MUCD10014/2019-10-08/2MUCD10014-20191008@171820-Eden.fits (321/521)
Storing /home/altsai/eden/LOT20191008_mod/2MUCD10014-20191008@171932-Eden.fts -> s3://eden-data/RAW/LOT/2MUCD10014/2019-10-08/2MUCD10014-20191008@171932-Eden.fits (322/521)
Storing /home/altsai/eden/LOT20191008_mod/2MUCD10014-20191008@172044-Eden.fts -> s3://eden-data/RAW/LOT/2MUCD10014/2019-10-08/2MUCD10014-20191008@172044-Eden.fits (323/521)
Storing /home/altsai/eden/LOT20191008_mod/2MUCD10014-20191008@172157-Eden.fts -> s3://eden-data/RAW/LOT/2MUCD10014/2019-10-08/2MUCD10014-20191008@172157-Eden.fits (324/521)
Storing /home/altsai/eden/LOT20191008_mod/2MUCD10014-20191008@172309-Eden.fts -> s3://eden-data/RAW/LOT/2MUCD10014/2019-10-08/2MUCD10014-20191008@172309-Eden.fits (325/521)
Storing /home/altsai/eden/LOT20191008_mod/2MUCD10014-20191008@172421-Eden.fts -> s3://eden-data/RAW/LOT/2MUCD10014/2019-10-08/2MUCD10014-20191008@172421-Eden.fits (326/521)
Storing /home/altsai/eden/LOT20191008_mod/2MUCD10014-20191008@172533-Eden.fts -> s3://eden-data/RAW/LOT/2MUCD10014/2019-10-08/2MUCD10014-20191008@172533-Eden.fits (327/521)
Storing /home/altsai/eden/LOT20191008_mod/2MUCD10014-20191008@172644-Eden.fts -> s3://eden-data/RAW/LOT/2MUCD10014/2019-10-08/2MUCD10014-20191008@172644-Eden.fits (328/521)
Storing /home/altsai/eden/LOT20191008_mod/2MUCD10014-20191008@172756-Eden.fts -> s3://eden-data/RAW/LOT/2MUCD10014/2019-10-08/2MUCD10014-20191008@172756-Eden.fits (329/521)
Storing /home/altsai/eden/LOT20191008_mod/2MUCD10014-20191008@172907-Eden.fts -> s3://eden-data/RAW/LOT/2MUCD10014/2019-10-08/2MUCD10014-20191008@172907-Eden.fits (330/521)
Storing /home/altsai/eden/LOT20191008_mod/2MUCD10014-20191008@173019-Eden.fts -> s3://eden-data/RAW/LOT/2MUCD10014/2019-10-08/2MUCD10014-20191008@173019-Eden.fits (331/521)
Storing /home/altsai/eden/LOT20191008_mod/2MUCD10014-20191008@173132-Eden.fts -> s3://eden-data/RAW/LOT/2MUCD10014/2019-10-08/2MUCD10014-20191008@173132-Eden.fits (332/521)
Storing /home/altsai/eden/LOT20191008_mod/2MUCD10014-20191008@173245-Eden.fts -> s3://eden-data/RAW/LOT/2MUCD10014/2019-10-08/2MUCD10014-20191008@173245-Eden.fits (333/521)
Storing /home/altsai/eden/LOT20191008_mod/2MUCD10014-20191008@173356-Eden.fts -> s3://eden-data/RAW/LOT/2MUCD10014/2019-10-08/2MUCD10014-20191008@173356-Eden.fits (334/521)
Storing /home/altsai/eden/LOT20191008_mod/2MUCD10014-20191008@173508-Eden.fts -> s3://eden-data/RAW/LOT/2MUCD10014/2019-10-08/2MUCD10014-20191008@173508-Eden.fits (335/521)
Storing /home/altsai/eden/LOT20191008_mod/2MUCD10014-20191008@173620-Eden.fts -> s3://eden-data/RAW/LOT/2MUCD10014/2019-10-08/2MUCD10014-20191008@173620-Eden.fits (336/521)
Storing /home/altsai/eden/LOT20191008_mod/2MUCD10014-20191008@173733-Eden.fts -> s3://eden-data/RAW/LOT/2MUCD10014/2019-10-08/2MUCD10014-20191008@173733-Eden.fits (337/521)
Storing /home/altsai/eden/LOT20191008_mod/2MUCD10014-20191008@173845-Eden.fts -> s3://eden-data/RAW/LOT/2MUCD10014/2019-10-08/2MUCD10014-20191008@173845-Eden.fits (338/521)
Storing /home/altsai/eden/LOT20191008_mod/2MUCD10014-20191008@173958-Eden.fts -> s3://eden-data/RAW/LOT/2MUCD10014/2019-10-08/2MUCD10014-20191008@173958-Eden.fits (339/521)
Storing /home/altsai/eden/LOT20191008_mod/2MUCD10014-20191008@174109-Eden.fts -> s3://eden-data/RAW/LOT/2MUCD10014/2019-10-08/2MUCD10014-20191008@174109-Eden.fits (340/521)
Storing /home/altsai/eden/LOT20191008_mod/2MUCD10014-20191008@174223-Eden.fts -> s3://eden-data/RAW/LOT/2MUCD10014/2019-10-08/2MUCD10014-20191008@174223-Eden.fits (341/521)
Storing /home/altsai/eden/LOT20191008_mod/2MUCD10014-20191008@174334-Eden.fts -> s3://eden-data/RAW/LOT/2MUCD10014/2019-10-08/2MUCD10014-20191008@174334-Eden.fits (342/521)
Storing /home/altsai/eden/LOT20191008_mod/2MUCD10014-20191008@174446-Eden.fts -> s3://eden-data/RAW/LOT/2MUCD10014/2019-10-08/2MUCD10014-20191008@174446-Eden.fits (343/521)
Storing /home/altsai/eden/LOT20191008_mod/2MUCD10014-20191008@174557-Eden.fts -> s3://eden-data/RAW/LOT/2MUCD10014/2019-10-08/2MUCD10014-20191008@174557-Eden.fits (344/521)
Storing /home/altsai/eden/LOT20191008_mod/2MUCD10014-20191008@174710-Eden.fts -> s3://eden-data/RAW/LOT/2MUCD10014/2019-10-08/2MUCD10014-20191008@174710-Eden.fits (345/521)
Storing /home/altsai/eden/LOT20191008_mod/2MUCD10014-20191008@174822-Eden.fts -> s3://eden-data/RAW/LOT/2MUCD10014/2019-10-08/2MUCD10014-20191008@174822-Eden.fits (346/521)
Storing /home/altsai/eden/LOT20191008_mod/2MUCD10014-20191008@174934-Eden.fts -> s3://eden-data/RAW/LOT/2MUCD10014/2019-10-08/2MUCD10014-20191008@174934-Eden.fits (347/521)
Storing /home/altsai/eden/LOT20191008_mod/2MUCD10014-20191008@175047-Eden.fts -> s3://eden-data/RAW/LOT/2MUCD10014/2019-10-08/2MUCD10014-20191008@175047-Eden.fits (348/521)
Storing /home/altsai/eden/LOT20191008_mod/2MUCD10014-20191008@175200-Eden.fts -> s3://eden-data/RAW/LOT/2MUCD10014/2019-10-08/2MUCD10014-20191008@175200-Eden.fits (349/521)
Storing /home/altsai/eden/LOT20191008_mod/2MUCD10014-20191008@175311-Eden.fts -> s3://eden-data/RAW/LOT/2MUCD10014/2019-10-08/2MUCD10014-20191008@175311-Eden.fits (350/521)
Storing /home/altsai/eden/LOT20191008_mod/2MUCD10014-20191008@175423-Eden.fts -> s3://eden-data/RAW/LOT/2MUCD10014/2019-10-08/2MUCD10014-20191008@175423-Eden.fits (351/521)
Storing /home/altsai/eden/LOT20191008_mod/2MUCD10014-20191008@175535-Eden.fts -> s3://eden-data/RAW/LOT/2MUCD10014/2019-10-08/2MUCD10014-20191008@175535-Eden.fits (352/521)
Storing /home/altsai/eden/LOT20191008_mod/2MUCD10014-20191008@175646-Eden.fts -> s3://eden-data/RAW/LOT/2MUCD10014/2019-10-08/2MUCD10014-20191008@175646-Eden.fits (353/521)
Storing /home/altsai/eden/LOT20191008_mod/2MUCD10014-20191008@175758-Eden.fts -> s3://eden-data/RAW/LOT/2MUCD10014/2019-10-08/2MUCD10014-20191008@175758-Eden.fits (354/521)
Storing /home/altsai/eden/LOT20191008_mod/2MUCD10014-20191008@175910-Eden.fts -> s3://eden-data/RAW/LOT/2MUCD10014/2019-10-08/2MUCD10014-20191008@175910-Eden.fits (355/521)
Storing /home/altsai/eden/LOT20191008_mod/2MUCD10014-20191008@180022-Eden.fts -> s3://eden-data/RAW/LOT/2MUCD10014/2019-10-08/2MUCD10014-20191008@180022-Eden.fits (356/521)
Storing /home/altsai/eden/LOT20191008_mod/2MUCD10014-20191008@180134-Eden.fts -> s3://eden-data/RAW/LOT/2MUCD10014/2019-10-08/2MUCD10014-20191008@180134-Eden.fits (357/521)
Storing /home/altsai/eden/LOT20191008_mod/2MUCD10014-20191008@180246-Eden.fts -> s3://eden-data/RAW/LOT/2MUCD10014/2019-10-08/2MUCD10014-20191008@180246-Eden.fits (358/521)
Storing /home/altsai/eden/LOT20191008_mod/2MUCD10014-20191008@180357-Eden.fts -> s3://eden-data/RAW/LOT/2MUCD10014/2019-10-08/2MUCD10014-20191008@180357-Eden.fits (359/521)
Storing /home/altsai/eden/LOT20191008_mod/2MUCD10014-20191008@180508-Eden.fts -> s3://eden-data/RAW/LOT/2MUCD10014/2019-10-08/2MUCD10014-20191008@180508-Eden.fits (360/521)
Storing /home/altsai/eden/LOT20191008_mod/2MUCD10014-20191008@180621-Eden.fts -> s3://eden-data/RAW/LOT/2MUCD10014/2019-10-08/2MUCD10014-20191008@180621-Eden.fits (361/521)
Storing /home/altsai/eden/LOT20191008_mod/2MUCD10014-20191008@180734-Eden.fts -> s3://eden-data/RAW/LOT/2MUCD10014/2019-10-08/2MUCD10014-20191008@180734-Eden.fits (362/521)
Storing /home/altsai/eden/LOT20191008_mod/2MUCD10014-20191008@180846-Eden.fts -> s3://eden-data/RAW/LOT/2MUCD10014/2019-10-08/2MUCD10014-20191008@180846-Eden.fits (363/521)
Storing /home/altsai/eden/LOT20191008_mod/2MUCD10014-20191008@180957-Eden.fts -> s3://eden-data/RAW/LOT/2MUCD10014/2019-10-08/2MUCD10014-20191008@180957-Eden.fits (364/521)
Storing /home/altsai/eden/LOT20191008_mod/2MUCD10014-20191008@181110-Eden.fts -> s3://eden-data/RAW/LOT/2MUCD10014/2019-10-08/2MUCD10014-20191008@181110-Eden.fits (365/521)
Storing /home/altsai/eden/LOT20191008_mod/2MUCD10014-20191008@181222-Eden.fts -> s3://eden-data/RAW/LOT/2MUCD10014/2019-10-08/2MUCD10014-20191008@181222-Eden.fits (366/521)
Storing /home/altsai/eden/LOT20191008_mod/2MUCD10014-20191008@181334-Eden.fts -> s3://eden-data/RAW/LOT/2MUCD10014/2019-10-08/2MUCD10014-20191008@181334-Eden.fits (367/521)
Storing /home/altsai/eden/LOT20191008_mod/2MUCD10014-20191008@181445-Eden.fts -> s3://eden-data/RAW/LOT/2MUCD10014/2019-10-08/2MUCD10014-20191008@181445-Eden.fits (368/521)
Storing /home/altsai/eden/LOT20191008_mod/2MUCD10014-20191008@181558-Eden.fts -> s3://eden-data/RAW/LOT/2MUCD10014/2019-10-08/2MUCD10014-20191008@181558-Eden.fits (369/521)
Storing /home/altsai/eden/LOT20191008_mod/2MUCD10014-20191008@181711-Eden.fts -> s3://eden-data/RAW/LOT/2MUCD10014/2019-10-08/2MUCD10014-20191008@181711-Eden.fits (370/521)
Storing /home/altsai/eden/LOT20191008_mod/2MUCD10014-20191008@181823-Eden.fts -> s3://eden-data/RAW/LOT/2MUCD10014/2019-10-08/2MUCD10014-20191008@181823-Eden.fits (371/521)
Storing /home/altsai/eden/LOT20191008_mod/2MUCD10014-20191008@181936-Eden.fts -> s3://eden-data/RAW/LOT/2MUCD10014/2019-10-08/2MUCD10014-20191008@181936-Eden.fits (372/521)
Storing /home/altsai/eden/LOT20191008_mod/2MUCD10014-20191008@182047-Eden.fts -> s3://eden-data/RAW/LOT/2MUCD10014/2019-10-08/2MUCD10014-20191008@182047-Eden.fits (373/521)
Storing /home/altsai/eden/LOT20191008_mod/2MUCD10014-20191008@182200-Eden.fts -> s3://eden-data/RAW/LOT/2MUCD10014/2019-10-08/2MUCD10014-20191008@182200-Eden.fits (374/521)
Storing /home/altsai/eden/LOT20191008_mod/2MUCD10014-20191008@182311-Eden.fts -> s3://eden-data/RAW/LOT/2MUCD10014/2019-10-08/2MUCD10014-20191008@182311-Eden.fits (375/521)
Storing /home/altsai/eden/LOT20191008_mod/2MUCD10014-20191008@182422-Eden.fts -> s3://eden-data/RAW/LOT/2MUCD10014/2019-10-08/2MUCD10014-20191008@182422-Eden.fits (376/521)
Storing /home/altsai/eden/LOT20191008_mod/2MUCD10014-20191008@182534-Eden.fts -> s3://eden-data/RAW/LOT/2MUCD10014/2019-10-08/2MUCD10014-20191008@182534-Eden.fits (377/521)
Storing /home/altsai/eden/LOT20191008_mod/2MUCD10014-20191008@182646-Eden.fts -> s3://eden-data/RAW/LOT/2MUCD10014/2019-10-08/2MUCD10014-20191008@182646-Eden.fits (378/521)
Storing /home/altsai/eden/LOT20191008_mod/2MUCD10014-20191008@182758-Eden.fts -> s3://eden-data/RAW/LOT/2MUCD10014/2019-10-08/2MUCD10014-20191008@182758-Eden.fits (379/521)
Storing /home/altsai/eden/LOT20191008_mod/2MUCD10014-20191008@182911-Eden.fts -> s3://eden-data/RAW/LOT/2MUCD10014/2019-10-08/2MUCD10014-20191008@182911-Eden.fits (380/521)
Storing /home/altsai/eden/LOT20191008_mod/2MUCD10014-20191008@183022-Eden.fts -> s3://eden-data/RAW/LOT/2MUCD10014/2019-10-08/2MUCD10014-20191008@183022-Eden.fits (381/521)
Storing /home/altsai/eden/LOT20191008_mod/2MUCD10014-20191008@183135-Eden.fts -> s3://eden-data/RAW/LOT/2MUCD10014/2019-10-08/2MUCD10014-20191008@183135-Eden.fits (382/521)
Storing /home/altsai/eden/LOT20191008_mod/2MUCD10014-20191008@183246-Eden.fts -> s3://eden-data/RAW/LOT/2MUCD10014/2019-10-08/2MUCD10014-20191008@183246-Eden.fits (383/521)
Storing /home/altsai/eden/LOT20191008_mod/2MUCD10014-20191008@183357-Eden.fts -> s3://eden-data/RAW/LOT/2MUCD10014/2019-10-08/2MUCD10014-20191008@183357-Eden.fits (384/521)
Storing /home/altsai/eden/LOT20191008_mod/2MUCD10014-20191008@183510-Eden.fts -> s3://eden-data/RAW/LOT/2MUCD10014/2019-10-08/2MUCD10014-20191008@183510-Eden.fits (385/521)
Storing /home/altsai/eden/LOT20191008_mod/2MUCD10014-20191008@183622-Eden.fts -> s3://eden-data/RAW/LOT/2MUCD10014/2019-10-08/2MUCD10014-20191008@183622-Eden.fits (386/521)
Storing /home/altsai/eden/LOT20191008_mod/2MUCD10014-20191008@183733-Eden.fts -> s3://eden-data/RAW/LOT/2MUCD10014/2019-10-08/2MUCD10014-20191008@183733-Eden.fits (387/521)
Storing /home/altsai/eden/LOT20191008_mod/2MUCD10014-20191008@183845-Eden.fts -> s3://eden-data/RAW/LOT/2MUCD10014/2019-10-08/2MUCD10014-20191008@183845-Eden.fits (388/521)
Storing /home/altsai/eden/LOT20191008_mod/2MUCD10014-20191008@183957-Eden.fts -> s3://eden-data/RAW/LOT/2MUCD10014/2019-10-08/2MUCD10014-20191008@183957-Eden.fits (389/521)
Storing /home/altsai/eden/LOT20191008_mod/2MUCD10014-20191008@184110-Eden.fts -> s3://eden-data/RAW/LOT/2MUCD10014/2019-10-08/2MUCD10014-20191008@184110-Eden.fits (390/521)
Storing /home/altsai/eden/LOT20191008_mod/2MUCD10014-20191008@184221-Eden.fts -> s3://eden-data/RAW/LOT/2MUCD10014/2019-10-08/2MUCD10014-20191008@184221-Eden.fits (391/521)
Storing /home/altsai/eden/LOT20191008_mod/2MUCD10014-20191008@184332-Eden.fts -> s3://eden-data/RAW/LOT/2MUCD10014/2019-10-08/2MUCD10014-20191008@184332-Eden.fits (392/521)
Storing /home/altsai/eden/LOT20191008_mod/2MUCD10014-20191008@184444-Eden.fts -> s3://eden-data/RAW/LOT/2MUCD10014/2019-10-08/2MUCD10014-20191008@184444-Eden.fits (393/521)
Storing /home/altsai/eden/LOT20191008_mod/2MUCD10014-20191008@184556-Eden.fts -> s3://eden-data/RAW/LOT/2MUCD10014/2019-10-08/2MUCD10014-20191008@184556-Eden.fits (394/521)
Storing /home/altsai/eden/LOT20191008_mod/2MUCD10014-20191008@184708-Eden.fts -> s3://eden-data/RAW/LOT/2MUCD10014/2019-10-08/2MUCD10014-20191008@184708-Eden.fits (395/521)
Storing /home/altsai/eden/LOT20191008_mod/2MUCD10014-20191008@184820-Eden.fts -> s3://eden-data/RAW/LOT/2MUCD10014/2019-10-08/2MUCD10014-20191008@184820-Eden.fits (396/521)
Storing /home/altsai/eden/LOT20191008_mod/2MUCD10014-20191008@184932-Eden.fts -> s3://eden-data/RAW/LOT/2MUCD10014/2019-10-08/2MUCD10014-20191008@184932-Eden.fits (397/521)
Storing /home/altsai/eden/LOT20191008_mod/2MUCD10014-20191008@185044-Eden.fts -> s3://eden-data/RAW/LOT/2MUCD10014/2019-10-08/2MUCD10014-20191008@185044-Eden.fits (398/521)
Storing /home/altsai/eden/LOT20191008_mod/2MUCD10014-20191008@185155-Eden.fts -> s3://eden-data/RAW/LOT/2MUCD10014/2019-10-08/2MUCD10014-20191008@185155-Eden.fits (399/521)
Storing /home/altsai/eden/LOT20191008_mod/2MUCD10014-20191008@185308-Eden.fts -> s3://eden-data/RAW/LOT/2MUCD10014/2019-10-08/2MUCD10014-20191008@185308-Eden.fits (400/521)
Storing /home/altsai/eden/LOT20191008_mod/2MUCD10014-20191008@185419-Eden.fts -> s3://eden-data/RAW/LOT/2MUCD10014/2019-10-08/2MUCD10014-20191008@185419-Eden.fits (401/521)
Storing /home/altsai/eden/LOT20191008_mod/2MUCD10014-20191008@185531-Eden.fts -> s3://eden-data/RAW/LOT/2MUCD10014/2019-10-08/2MUCD10014-20191008@185531-Eden.fits (402/521)
Storing /home/altsai/eden/LOT20191008_mod/2MUCD10014-20191008@185643-Eden.fts -> s3://eden-data/RAW/LOT/2MUCD10014/2019-10-08/2MUCD10014-20191008@185643-Eden.fits (403/521)
Storing /home/altsai/eden/LOT20191008_mod/2MUCD10014-20191008@185754-Eden.fts -> s3://eden-data/RAW/LOT/2MUCD10014/2019-10-08/2MUCD10014-20191008@185754-Eden.fits (404/521)
Storing /home/altsai/eden/LOT20191008_mod/2MUCD10014-20191008@185906-Eden.fts -> s3://eden-data/RAW/LOT/2MUCD10014/2019-10-08/2MUCD10014-20191008@185906-Eden.fits (405/521)
Storing /home/altsai/eden/LOT20191008_mod/2MUCD10014-20191008@190018-Eden.fts -> s3://eden-data/RAW/LOT/2MUCD10014/2019-10-08/2MUCD10014-20191008@190018-Eden.fits (406/521)
Storing /home/altsai/eden/LOT20191008_mod/2MUCD10014-20191008@190130-Eden.fts -> s3://eden-data/RAW/LOT/2MUCD10014/2019-10-08/2MUCD10014-20191008@190130-Eden.fits (407/521)
Storing /home/altsai/eden/LOT20191008_mod/2MUCD10014-20191008@190241-Eden.fts -> s3://eden-data/RAW/LOT/2MUCD10014/2019-10-08/2MUCD10014-20191008@190241-Eden.fits (408/521)
Storing /home/altsai/eden/LOT20191008_mod/2MUCD10014-20191008@190353-Eden.fts -> s3://eden-data/RAW/LOT/2MUCD10014/2019-10-08/2MUCD10014-20191008@190353-Eden.fits (409/521)
Storing /home/altsai/eden/LOT20191008_mod/2MUCD10014-20191008@190505-Eden.fts -> s3://eden-data/RAW/LOT/2MUCD10014/2019-10-08/2MUCD10014-20191008@190505-Eden.fits (410/521)
Storing /home/altsai/eden/LOT20191008_mod/2MUCD10014-20191008@190617-Eden.fts -> s3://eden-data/RAW/LOT/2MUCD10014/2019-10-08/2MUCD10014-20191008@190617-Eden.fits (411/521)
Storing /home/altsai/eden/LOT20191008_mod/2MUCD10014-20191008@190729-Eden.fts -> s3://eden-data/RAW/LOT/2MUCD10014/2019-10-08/2MUCD10014-20191008@190729-Eden.fits (412/521)
Storing /home/altsai/eden/LOT20191008_mod/2MUCD10014-20191008@190840-Eden.fts -> s3://eden-data/RAW/LOT/2MUCD10014/2019-10-08/2MUCD10014-20191008@190840-Eden.fits (413/521)
Storing /home/altsai/eden/LOT20191008_mod/2MUCD10014-20191008@190952-Eden.fts -> s3://eden-data/RAW/LOT/2MUCD10014/2019-10-08/2MUCD10014-20191008@190952-Eden.fits (414/521)
Storing /home/altsai/eden/LOT20191008_mod/2MUCD10014-20191008@191105-Eden.fts -> s3://eden-data/RAW/LOT/2MUCD10014/2019-10-08/2MUCD10014-20191008@191105-Eden.fits (415/521)
Storing /home/altsai/eden/LOT20191008_mod/2MUCD10014-20191008@191218-Eden.fts -> s3://eden-data/RAW/LOT/2MUCD10014/2019-10-08/2MUCD10014-20191008@191218-Eden.fits (416/521)
Storing /home/altsai/eden/LOT20191008_mod/2MUCD10014-20191008@191329-Eden.fts -> s3://eden-data/RAW/LOT/2MUCD10014/2019-10-08/2MUCD10014-20191008@191329-Eden.fits (417/521)
Storing /home/altsai/eden/LOT20191008_mod/2MUCD10014-20191008@191440-Eden.fts -> s3://eden-data/RAW/LOT/2MUCD10014/2019-10-08/2MUCD10014-20191008@191440-Eden.fits (418/521)
Storing /home/altsai/eden/LOT20191008_mod/2MUCD10014-20191008@191552-Eden.fts -> s3://eden-data/RAW/LOT/2MUCD10014/2019-10-08/2MUCD10014-20191008@191552-Eden.fits (419/521)
Storing /home/altsai/eden/LOT20191008_mod/2MUCD10014-20191008@191703-Eden.fts -> s3://eden-data/RAW/LOT/2MUCD10014/2019-10-08/2MUCD10014-20191008@191703-Eden.fits (420/521)
Storing /home/altsai/eden/LOT20191008_mod/2MUCD10014-20191008@191814-Eden.fts -> s3://eden-data/RAW/LOT/2MUCD10014/2019-10-08/2MUCD10014-20191008@191814-Eden.fits (421/521)
Storing /home/altsai/eden/LOT20191008_mod/2MUCD10014-20191008@191925-Eden.fts -> s3://eden-data/RAW/LOT/2MUCD10014/2019-10-08/2MUCD10014-20191008@191925-Eden.fits (422/521)
Storing /home/altsai/eden/LOT20191008_mod/2MUCD10014-20191008@192037-Eden.fts -> s3://eden-data/RAW/LOT/2MUCD10014/2019-10-08/2MUCD10014-20191008@192037-Eden.fits (423/521)
Storing /home/altsai/eden/LOT20191008_mod/2MUCD10014-20191008@192149-Eden.fts -> s3://eden-data/RAW/LOT/2MUCD10014/2019-10-08/2MUCD10014-20191008@192149-Eden.fits (424/521)
Storing /home/altsai/eden/LOT20191008_mod/2MUCD10014-20191008@192301-Eden.fts -> s3://eden-data/RAW/LOT/2MUCD10014/2019-10-08/2MUCD10014-20191008@192301-Eden.fits (425/521)
Storing /home/altsai/eden/LOT20191008_mod/2MUCD10014-20191008@192413-Eden.fts -> s3://eden-data/RAW/LOT/2MUCD10014/2019-10-08/2MUCD10014-20191008@192413-Eden.fits (426/521)
Storing /home/altsai/eden/LOT20191008_mod/2MUCD10014-20191008@192526-Eden.fts -> s3://eden-data/RAW/LOT/2MUCD10014/2019-10-08/2MUCD10014-20191008@192526-Eden.fits (427/521)
Storing /home/altsai/eden/LOT20191008_mod/2MUCD10014-20191008@192637-Eden.fts -> s3://eden-data/RAW/LOT/2MUCD10014/2019-10-08/2MUCD10014-20191008@192637-Eden.fits (428/521)
Storing /home/altsai/eden/LOT20191008_mod/2MUCD10014-20191008@192749-Eden.fts -> s3://eden-data/RAW/LOT/2MUCD10014/2019-10-08/2MUCD10014-20191008@192749-Eden.fits (429/521)
Storing /home/altsai/eden/LOT20191008_mod/2MUCD10014-20191008@192901-Eden.fts -> s3://eden-data/RAW/LOT/2MUCD10014/2019-10-08/2MUCD10014-20191008@192901-Eden.fits (430/521)
Storing /home/altsai/eden/LOT20191008_mod/2MUCD10014-20191008@193014-Eden.fts -> s3://eden-data/RAW/LOT/2MUCD10014/2019-10-08/2MUCD10014-20191008@193014-Eden.fits (431/521)
Storing /home/altsai/eden/LOT20191008_mod/2MUCD10014-20191008@193125-Eden.fts -> s3://eden-data/RAW/LOT/2MUCD10014/2019-10-08/2MUCD10014-20191008@193125-Eden.fits (432/521)
Storing /home/altsai/eden/LOT20191008_mod/2MUCD10014-20191008@193237-Eden.fts -> s3://eden-data/RAW/LOT/2MUCD10014/2019-10-08/2MUCD10014-20191008@193237-Eden.fits (433/521)
Storing /home/altsai/eden/LOT20191008_mod/2MUCD10014-20191008@193348-Eden.fts -> s3://eden-data/RAW/LOT/2MUCD10014/2019-10-08/2MUCD10014-20191008@193348-Eden.fits (434/521)
Storing /home/altsai/eden/LOT20191008_mod/2MUCD10014-20191008@193500-Eden.fts -> s3://eden-data/RAW/LOT/2MUCD10014/2019-10-08/2MUCD10014-20191008@193500-Eden.fits (435/521)
Storing /home/altsai/eden/LOT20191008_mod/2MUCD10014-20191008@193611-Eden.fts -> s3://eden-data/RAW/LOT/2MUCD10014/2019-10-08/2MUCD10014-20191008@193611-Eden.fits (436/521)
Storing /home/altsai/eden/LOT20191008_mod/2MUCD10014-20191008@193723-Eden.fts -> s3://eden-data/RAW/LOT/2MUCD10014/2019-10-08/2MUCD10014-20191008@193723-Eden.fits (437/521)
Storing /home/altsai/eden/LOT20191008_mod/2MUCD10014-20191008@193836-Eden.fts -> s3://eden-data/RAW/LOT/2MUCD10014/2019-10-08/2MUCD10014-20191008@193836-Eden.fits (438/521)
Storing /home/altsai/eden/LOT20191008_mod/2MUCD10014-20191008@193949-Eden.fts -> s3://eden-data/RAW/LOT/2MUCD10014/2019-10-08/2MUCD10014-20191008@193949-Eden.fits (439/521)
Storing /home/altsai/eden/LOT20191008_mod/2MUCD10014-20191008@194100-Eden.fts -> s3://eden-data/RAW/LOT/2MUCD10014/2019-10-08/2MUCD10014-20191008@194100-Eden.fits (440/521)
Storing /home/altsai/eden/LOT20191008_mod/2MUCD10014-20191008@194212-Eden.fts -> s3://eden-data/RAW/LOT/2MUCD10014/2019-10-08/2MUCD10014-20191008@194212-Eden.fits (441/521)
Storing /home/altsai/eden/LOT20191008_mod/2MUCD10014-20191008@194325-Eden.fts -> s3://eden-data/RAW/LOT/2MUCD10014/2019-10-08/2MUCD10014-20191008@194325-Eden.fits (442/521)
Storing /home/altsai/eden/LOT20191008_mod/2MUCD10014-20191008@194437-Eden.fts -> s3://eden-data/RAW/LOT/2MUCD10014/2019-10-08/2MUCD10014-20191008@194437-Eden.fits (443/521)
Storing /home/altsai/eden/LOT20191008_mod/2MUCD10014-20191008@194549-Eden.fts -> s3://eden-data/RAW/LOT/2MUCD10014/2019-10-08/2MUCD10014-20191008@194549-Eden.fits (444/521)
Storing /home/altsai/eden/LOT20191008_mod/2MUCD10014-20191008@194701-Eden.fts -> s3://eden-data/RAW/LOT/2MUCD10014/2019-10-08/2MUCD10014-20191008@194701-Eden.fits (445/521)
Storing /home/altsai/eden/LOT20191008_mod/2MUCD10014-20191008@194813-Eden.fts -> s3://eden-data/RAW/LOT/2MUCD10014/2019-10-08/2MUCD10014-20191008@194813-Eden.fits (446/521)
Storing /home/altsai/eden/LOT20191008_mod/2MUCD10014-20191008@194924-Eden.fts -> s3://eden-data/RAW/LOT/2MUCD10014/2019-10-08/2MUCD10014-20191008@194924-Eden.fits (447/521)
Storing /home/altsai/eden/LOT20191008_mod/2MUCD10014-20191008@195036-Eden.fts -> s3://eden-data/RAW/LOT/2MUCD10014/2019-10-08/2MUCD10014-20191008@195036-Eden.fits (448/521)
Storing /home/altsai/eden/LOT20191008_mod/2MUCD10014-20191008@195147-Eden.fts -> s3://eden-data/RAW/LOT/2MUCD10014/2019-10-08/2MUCD10014-20191008@195147-Eden.fits (449/521)
Storing /home/altsai/eden/LOT20191008_mod/2MUCD10014-20191008@195259-Eden.fts -> s3://eden-data/RAW/LOT/2MUCD10014/2019-10-08/2MUCD10014-20191008@195259-Eden.fits (450/521)
Storing /home/altsai/eden/LOT20191008_mod/Bias-20191008@211647-000S.fts -> s3://eden-data/Calibrations/LOT/BIAS/2019-10-08/Bias-20191008@211647-000S.fits (451/521)
Storing /home/altsai/eden/LOT20191008_mod/Bias-20191008@211722-000S.fts -> s3://eden-data/Calibrations/LOT/BIAS/2019-10-08/Bias-20191008@211722-000S.fits (452/521)
Storing /home/altsai/eden/LOT20191008_mod/Bias-20191008@211730-000S.fts -> s3://eden-data/Calibrations/LOT/BIAS/2019-10-08/Bias-20191008@211730-000S.fits (453/521)
Storing /home/altsai/eden/LOT20191008_mod/Bias-20191008@211736-000S.fts -> s3://eden-data/Calibrations/LOT/BIAS/2019-10-08/Bias-20191008@211736-000S.fits (454/521)
Storing /home/altsai/eden/LOT20191008_mod/Bias-20191008@211743-000S.fts -> s3://eden-data/Calibrations/LOT/BIAS/2019-10-08/Bias-20191008@211743-000S.fits (455/521)
Storing /home/altsai/eden/LOT20191008_mod/Bias-20191008@211750-000S.fts -> s3://eden-data/Calibrations/LOT/BIAS/2019-10-08/Bias-20191008@211750-000S.fits (456/521)
Storing /home/altsai/eden/LOT20191008_mod/Bias-20191008@211757-000S.fts -> s3://eden-data/Calibrations/LOT/BIAS/2019-10-08/Bias-20191008@211757-000S.fits (457/521)
Storing /home/altsai/eden/LOT20191008_mod/Bias-20191008@211804-000S.fts -> s3://eden-data/Calibrations/LOT/BIAS/2019-10-08/Bias-20191008@211804-000S.fits (458/521)
Storing /home/altsai/eden/LOT20191008_mod/Bias-20191008@211811-000S.fts -> s3://eden-data/Calibrations/LOT/BIAS/2019-10-08/Bias-20191008@211811-000S.fits (459/521)
Storing /home/altsai/eden/LOT20191008_mod/Bias-20191008@211819-000S.fts -> s3://eden-data/Calibrations/LOT/BIAS/2019-10-08/Bias-20191008@211819-000S.fits (460/521)
Storing /home/altsai/eden/LOT20191008_mod/Bias-20191008@211825-000S.fts -> s3://eden-data/Calibrations/LOT/BIAS/2019-10-08/Bias-20191008@211825-000S.fits (461/521)
Storing /home/altsai/eden/LOT20191008_mod/Dark-20191008@211833-300S.fts -> s3://eden-data/Calibrations/LOT/DARK/2019-10-08/Dark-20191008@211833-300S.fits (462/521)
Storing /home/altsai/eden/LOT20191008_mod/Dark-20191008@212340-300S.fts -> s3://eden-data/Calibrations/LOT/DARK/2019-10-08/Dark-20191008@212340-300S.fits (463/521)
Storing /home/altsai/eden/LOT20191008_mod/Dark-20191008@212847-300S.fts -> s3://eden-data/Calibrations/LOT/DARK/2019-10-08/Dark-20191008@212847-300S.fits (464/521)
Storing /home/altsai/eden/LOT20191008_mod/Dark-20191008@213354-300S.fts -> s3://eden-data/Calibrations/LOT/DARK/2019-10-08/Dark-20191008@213354-300S.fits (465/521)
Storing /home/altsai/eden/LOT20191008_mod/Dark-20191008@213902-300S.fts -> s3://eden-data/Calibrations/LOT/DARK/2019-10-08/Dark-20191008@213902-300S.fits (466/521)
Storing /home/altsai/eden/LOT20191008_mod/Dark-20191008@214409-300S.fts -> s3://eden-data/Calibrations/LOT/DARK/2019-10-08/Dark-20191008@214409-300S.fits (467/521)
Storing /home/altsai/eden/LOT20191008_mod/Dark-20191008@214916-300S.fts -> s3://eden-data/Calibrations/LOT/DARK/2019-10-08/Dark-20191008@214916-300S.fits (468/521)
Storing /home/altsai/eden/LOT20191008_mod/Dark-20191008@215423-300S.fts -> s3://eden-data/Calibrations/LOT/DARK/2019-10-08/Dark-20191008@215423-300S.fits (469/521)
Storing /home/altsai/eden/LOT20191008_mod/Dark-20191008@215929-300S.fts -> s3://eden-data/Calibrations/LOT/DARK/2019-10-08/Dark-20191008@215929-300S.fits (470/521)
Storing /home/altsai/eden/LOT20191008_mod/Dark-20191008@220436-300S.fts -> s3://eden-data/Calibrations/LOT/DARK/2019-10-08/Dark-20191008@220436-300S.fits (471/521)
Storing /home/altsai/eden/LOT20191008_mod/Dark-20191009@072616-300S.fts -> s3://eden-data/Calibrations/LOT/DARK/2019-10-09/Dark-20191009@072616-300S.fits (472/521)
Storing /home/altsai/eden/LOT20191008_mod/Dark-20191009@073124-300S.fts -> s3://eden-data/Calibrations/LOT/DARK/2019-10-09/Dark-20191009@073124-300S.fits (473/521)
Storing /home/altsai/eden/LOT20191008_mod/Dark-20191009@073631-300S.fts -> s3://eden-data/Calibrations/LOT/DARK/2019-10-09/Dark-20191009@073631-300S.fits (474/521)
Storing /home/altsai/eden/LOT20191008_mod/Dark-20191009@074138-300S.fts -> s3://eden-data/Calibrations/LOT/DARK/2019-10-09/Dark-20191009@074138-300S.fits (475/521)
Storing /home/altsai/eden/LOT20191008_mod/Dark-20191009@074644-300S.fts -> s3://eden-data/Calibrations/LOT/DARK/2019-10-09/Dark-20191009@074644-300S.fits (476/521)
Storing /home/altsai/eden/LOT20191008_mod/Dark-20191009@075151-300S.fts -> s3://eden-data/Calibrations/LOT/DARK/2019-10-09/Dark-20191009@075151-300S.fits (477/521)
Storing /home/altsai/eden/LOT20191008_mod/Dark-20191009@075658-300S.fts -> s3://eden-data/Calibrations/LOT/DARK/2019-10-09/Dark-20191009@075658-300S.fits (478/521)
Storing /home/altsai/eden/LOT20191008_mod/Dark-20191009@080205-300S.fts -> s3://eden-data/Calibrations/LOT/DARK/2019-10-09/Dark-20191009@080205-300S.fits (479/521)
Storing /home/altsai/eden/LOT20191008_mod/Dark-20191009@080711-300S.fts -> s3://eden-data/Calibrations/LOT/DARK/2019-10-09/Dark-20191009@080711-300S.fits (480/521)
Storing /home/altsai/eden/LOT20191008_mod/Dark-20191009@081218-300S.fts -> s3://eden-data/Calibrations/LOT/DARK/2019-10-09/Dark-20191009@081218-300S.fits (481/521)
Storing /home/altsai/eden/LOT20191008_mod/Dark-20191009@081725-060S.fts -> s3://eden-data/Calibrations/LOT/DARK/2019-10-09/Dark-20191009@081725-060S.fits (482/521)
Storing /home/altsai/eden/LOT20191008_mod/Dark-20191009@081832-060S.fts -> s3://eden-data/Calibrations/LOT/DARK/2019-10-09/Dark-20191009@081832-060S.fits (483/521)
Storing /home/altsai/eden/LOT20191008_mod/Dark-20191009@081938-060S.fts -> s3://eden-data/Calibrations/LOT/DARK/2019-10-09/Dark-20191009@081938-060S.fits (484/521)
Storing /home/altsai/eden/LOT20191008_mod/Dark-20191009@082045-060S.fts -> s3://eden-data/Calibrations/LOT/DARK/2019-10-09/Dark-20191009@082045-060S.fits (485/521)
Storing /home/altsai/eden/LOT20191008_mod/Dark-20191009@082151-060S.fts -> s3://eden-data/Calibrations/LOT/DARK/2019-10-09/Dark-20191009@082151-060S.fits (486/521)
Storing /home/altsai/eden/LOT20191008_mod/Dark-20191009@082258-060S.fts -> s3://eden-data/Calibrations/LOT/DARK/2019-10-09/Dark-20191009@082258-060S.fits (487/521)
Storing /home/altsai/eden/LOT20191008_mod/Dark-20191009@082405-060S.fts -> s3://eden-data/Calibrations/LOT/DARK/2019-10-09/Dark-20191009@082405-060S.fits (488/521)
Storing /home/altsai/eden/LOT20191008_mod/Dark-20191009@082512-060S.fts -> s3://eden-data/Calibrations/LOT/DARK/2019-10-09/Dark-20191009@082512-060S.fits (489/521)
Storing /home/altsai/eden/LOT20191008_mod/Dark-20191009@082619-060S.fts -> s3://eden-data/Calibrations/LOT/DARK/2019-10-09/Dark-20191009@082619-060S.fits (490/521)
Storing /home/altsai/eden/LOT20191008_mod/Dark-20191009@082726-060S.fts -> s3://eden-data/Calibrations/LOT/DARK/2019-10-09/Dark-20191009@082726-060S.fits (491/521)
Storing /home/altsai/eden/LOT20191008_mod/Dark-20191009@082834-100S.fts -> s3://eden-data/Calibrations/LOT/DARK/2019-10-09/Dark-20191009@082834-100S.fits (492/521)
Storing /home/altsai/eden/LOT20191008_mod/Dark-20191009@083021-100S.fts -> s3://eden-data/Calibrations/LOT/DARK/2019-10-09/Dark-20191009@083021-100S.fits (493/521)
Storing /home/altsai/eden/LOT20191008_mod/Dark-20191009@083208-100S.fts -> s3://eden-data/Calibrations/LOT/DARK/2019-10-09/Dark-20191009@083208-100S.fits (494/521)
Storing /home/altsai/eden/LOT20191008_mod/Dark-20191009@083355-100S.fts -> s3://eden-data/Calibrations/LOT/DARK/2019-10-09/Dark-20191009@083355-100S.fits (495/521)
Storing /home/altsai/eden/LOT20191008_mod/Dark-20191009@083542-100S.fts -> s3://eden-data/Calibrations/LOT/DARK/2019-10-09/Dark-20191009@083542-100S.fits (496/521)
Storing /home/altsai/eden/LOT20191008_mod/Dark-20191009@083728-100S.fts -> s3://eden-data/Calibrations/LOT/DARK/2019-10-09/Dark-20191009@083728-100S.fits (497/521)
Storing /home/altsai/eden/LOT20191008_mod/Dark-20191009@083915-100S.fts -> s3://eden-data/Calibrations/LOT/DARK/2019-10-09/Dark-20191009@083915-100S.fits (498/521)
Storing /home/altsai/eden/LOT20191008_mod/Dark-20191009@084102-100S.fts -> s3://eden-data/Calibrations/LOT/DARK/2019-10-09/Dark-20191009@084102-100S.fits (499/521)
Storing /home/altsai/eden/LOT20191008_mod/Dark-20191009@084249-100S.fts -> s3://eden-data/Calibrations/LOT/DARK/2019-10-09/Dark-20191009@084249-100S.fits (500/521)
Storing /home/altsai/eden/LOT20191008_mod/Dark-20191009@084435-100S.fts -> s3://eden-data/Calibrations/LOT/DARK/2019-10-09/Dark-20191009@084435-100S.fits (501/521)
Storing /home/altsai/eden/LOT20191008_mod/Dark-20191009@084623-120S.fts -> s3://eden-data/Calibrations/LOT/DARK/2019-10-09/Dark-20191009@084623-120S.fits (502/521)
Storing /home/altsai/eden/LOT20191008_mod/Dark-20191009@084830-120S.fts -> s3://eden-data/Calibrations/LOT/DARK/2019-10-09/Dark-20191009@084830-120S.fits (503/521)
Storing /home/altsai/eden/LOT20191008_mod/Dark-20191009@085036-120S.fts -> s3://eden-data/Calibrations/LOT/DARK/2019-10-09/Dark-20191009@085036-120S.fits (504/521)
Storing /home/altsai/eden/LOT20191008_mod/Dark-20191009@085243-120S.fts -> s3://eden-data/Calibrations/LOT/DARK/2019-10-09/Dark-20191009@085243-120S.fits (505/521)
Storing /home/altsai/eden/LOT20191008_mod/Dark-20191009@085450-120S.fts -> s3://eden-data/Calibrations/LOT/DARK/2019-10-09/Dark-20191009@085450-120S.fits (506/521)
Storing /home/altsai/eden/LOT20191008_mod/Dark-20191009@085657-120S.fts -> s3://eden-data/Calibrations/LOT/DARK/2019-10-09/Dark-20191009@085657-120S.fits (507/521)
Storing /home/altsai/eden/LOT20191008_mod/Dark-20191009@085903-120S.fts -> s3://eden-data/Calibrations/LOT/DARK/2019-10-09/Dark-20191009@085903-120S.fits (508/521)
Storing /home/altsai/eden/LOT20191008_mod/Dark-20191009@090110-120S.fts -> s3://eden-data/Calibrations/LOT/DARK/2019-10-09/Dark-20191009@090110-120S.fits (509/521)
Storing /home/altsai/eden/LOT20191008_mod/Dark-20191009@090316-120S.fts -> s3://eden-data/Calibrations/LOT/DARK/2019-10-09/Dark-20191009@090316-120S.fits (510/521)
Storing /home/altsai/eden/LOT20191008_mod/Dark-20191009@090524-120S.fts -> s3://eden-data/Calibrations/LOT/DARK/2019-10-09/Dark-20191009@090524-120S.fits (511/521)
Storing /home/altsai/eden/LOT20191008_mod/Dark-20191009@090732-240S.fts -> s3://eden-data/Calibrations/LOT/DARK/2019-10-09/Dark-20191009@090732-240S.fits (512/521)
Storing /home/altsai/eden/LOT20191008_mod/Dark-20191009@091139-240S.fts -> s3://eden-data/Calibrations/LOT/DARK/2019-10-09/Dark-20191009@091139-240S.fits (513/521)
Storing /home/altsai/eden/LOT20191008_mod/Dark-20191009@091546-240S.fts -> s3://eden-data/Calibrations/LOT/DARK/2019-10-09/Dark-20191009@091546-240S.fits (514/521)
Storing /home/altsai/eden/LOT20191008_mod/Dark-20191009@091953-240S.fts -> s3://eden-data/Calibrations/LOT/DARK/2019-10-09/Dark-20191009@091953-240S.fits (515/521)
Storing /home/altsai/eden/LOT20191008_mod/Dark-20191009@092359-240S.fts -> s3://eden-data/Calibrations/LOT/DARK/2019-10-09/Dark-20191009@092359-240S.fits (516/521)
Storing /home/altsai/eden/LOT20191008_mod/Dark-20191009@092806-240S.fts -> s3://eden-data/Calibrations/LOT/DARK/2019-10-09/Dark-20191009@092806-240S.fits (517/521)
Storing /home/altsai/eden/LOT20191008_mod/Dark-20191009@093213-240S.fts -> s3://eden-data/Calibrations/LOT/DARK/2019-10-09/Dark-20191009@093213-240S.fits (518/521)
Storing /home/altsai/eden/LOT20191008_mod/Dark-20191009@093620-240S.fts -> s3://eden-data/Calibrations/LOT/DARK/2019-10-09/Dark-20191009@093620-240S.fits (519/521)
Storing /home/altsai/eden/LOT20191008_mod/Dark-20191009@094028-240S.fts -> s3://eden-data/Calibrations/LOT/DARK/2019-10-09/Dark-20191009@094028-240S.fits (520/521)
Storing /home/altsai/eden/LOT20191008_mod/Dark-20191009@094435-240S.fts -> s3://eden-data/Calibrations/LOT/DARK/2019-10-09/Dark-20191009@094435-240S.fits (521/521)

Upload complete!
Stored: 521 files (4.4 GB)
