(asenv) altsai@Hercules:~/eden/edenTransfer$ python store_fits.py --verbose --overwrite /home/altsai/eden/LOT20190923_mod/
Bucket successfully loaded! eden-data
413 files found
Storing data to the S3 archive!
We can now start uploading the data.
Press return to start the upload, or anything else to abort: 
Verbose output enabled.
Storing /home/altsai/eden/LOT20190923_mod/20190923-001b.fits -> s3://eden-data/Calibrations/LOT/FLAT/2019-09-23/20190923-001b.fits (1/413)
Storing /home/altsai/eden/LOT20190923_mod/20190923-001d2s.fits -> s3://eden-data/Calibrations/LOT/DARK/2019-09-23/20190923-001d2s.fits (2/413)
Storing /home/altsai/eden/LOT20190923_mod/20190923-001d5s.fits -> s3://eden-data/Calibrations/LOT/DARK/2019-09-23/20190923-001d5s.fits (3/413)
Storing /home/altsai/eden/LOT20190923_mod/20190923-001eden.fits -> s3://eden-data/Calibrations/LOT/FLAT/2019-09-23/20190923-001eden.fits (4/413)
Storing /home/altsai/eden/LOT20190923_mod/20190923-001egp.fits -> s3://eden-data/Calibrations/LOT/FLAT/2019-09-23/20190923-001egp.fits (5/413)
Storing /home/altsai/eden/LOT20190923_mod/20190923-001i.fits -> s3://eden-data/Calibrations/LOT/FLAT/2019-09-23/20190923-001i.fits (6/413)
Storing /home/altsai/eden/LOT20190923_mod/20190923-001r.fits -> s3://eden-data/Calibrations/LOT/FLAT/2019-09-23/20190923-001r.fits (7/413)
Storing /home/altsai/eden/LOT20190923_mod/20190923-001rp.fits -> s3://eden-data/Calibrations/LOT/FLAT/2019-09-23/20190923-001rp.fits (8/413)
Storing /home/altsai/eden/LOT20190923_mod/20190923-001v.fits -> s3://eden-data/Calibrations/LOT/FLAT/2019-09-23/20190923-001v.fits (9/413)
Storing /home/altsai/eden/LOT20190923_mod/20190923-002b.fits -> s3://eden-data/Calibrations/LOT/FLAT/2019-09-23/20190923-002b.fits (10/413)
Storing /home/altsai/eden/LOT20190923_mod/20190923-002d2s.fits -> s3://eden-data/Calibrations/LOT/DARK/2019-09-23/20190923-002d2s.fits (11/413)
Storing /home/altsai/eden/LOT20190923_mod/20190923-002d5s.fits -> s3://eden-data/Calibrations/LOT/DARK/2019-09-23/20190923-002d5s.fits (12/413)
Storing /home/altsai/eden/LOT20190923_mod/20190923-002eden.fits -> s3://eden-data/Calibrations/LOT/FLAT/2019-09-23/20190923-002eden.fits (13/413)
Storing /home/altsai/eden/LOT20190923_mod/20190923-002egp.fits -> s3://eden-data/Calibrations/LOT/FLAT/2019-09-23/20190923-002egp.fits (14/413)
Storing /home/altsai/eden/LOT20190923_mod/20190923-002i.fits -> s3://eden-data/Calibrations/LOT/FLAT/2019-09-23/20190923-002i.fits (15/413)
Storing /home/altsai/eden/LOT20190923_mod/20190923-002r.fits -> s3://eden-data/Calibrations/LOT/FLAT/2019-09-23/20190923-002r.fits (16/413)
Storing /home/altsai/eden/LOT20190923_mod/20190923-002rp.fits -> s3://eden-data/Calibrations/LOT/FLAT/2019-09-23/20190923-002rp.fits (17/413)
Storing /home/altsai/eden/LOT20190923_mod/20190923-002v.fits -> s3://eden-data/Calibrations/LOT/FLAT/2019-09-23/20190923-002v.fits (18/413)
Storing /home/altsai/eden/LOT20190923_mod/20190923-003b.fits -> s3://eden-data/Calibrations/LOT/FLAT/2019-09-23/20190923-003b.fits (19/413)
Storing /home/altsai/eden/LOT20190923_mod/20190923-003d2s.fits -> s3://eden-data/Calibrations/LOT/DARK/2019-09-23/20190923-003d2s.fits (20/413)
Storing /home/altsai/eden/LOT20190923_mod/20190923-003d5s.fits -> s3://eden-data/Calibrations/LOT/DARK/2019-09-23/20190923-003d5s.fits (21/413)
Storing /home/altsai/eden/LOT20190923_mod/20190923-003eden.fits -> s3://eden-data/Calibrations/LOT/FLAT/2019-09-23/20190923-003eden.fits (22/413)
Storing /home/altsai/eden/LOT20190923_mod/20190923-003egp.fits -> s3://eden-data/Calibrations/LOT/FLAT/2019-09-23/20190923-003egp.fits (23/413)
Storing /home/altsai/eden/LOT20190923_mod/20190923-003i.fits -> s3://eden-data/Calibrations/LOT/FLAT/2019-09-23/20190923-003i.fits (24/413)
Storing /home/altsai/eden/LOT20190923_mod/20190923-003r.fits -> s3://eden-data/Calibrations/LOT/FLAT/2019-09-23/20190923-003r.fits (25/413)
Storing /home/altsai/eden/LOT20190923_mod/20190923-003rp.fits -> s3://eden-data/Calibrations/LOT/FLAT/2019-09-23/20190923-003rp.fits (26/413)
Storing /home/altsai/eden/LOT20190923_mod/20190923-003v.fits -> s3://eden-data/Calibrations/LOT/FLAT/2019-09-23/20190923-003v.fits (27/413)
Storing /home/altsai/eden/LOT20190923_mod/20190923-004b.fits -> s3://eden-data/Calibrations/LOT/FLAT/2019-09-23/20190923-004b.fits (28/413)
Storing /home/altsai/eden/LOT20190923_mod/20190923-004d2s.fits -> s3://eden-data/Calibrations/LOT/DARK/2019-09-23/20190923-004d2s.fits (29/413)
Storing /home/altsai/eden/LOT20190923_mod/20190923-004d5s.fits -> s3://eden-data/Calibrations/LOT/DARK/2019-09-23/20190923-004d5s.fits (30/413)
Storing /home/altsai/eden/LOT20190923_mod/20190923-004eden.fits -> s3://eden-data/Calibrations/LOT/FLAT/2019-09-23/20190923-004eden.fits (31/413)
Storing /home/altsai/eden/LOT20190923_mod/20190923-004egp.fits -> s3://eden-data/Calibrations/LOT/FLAT/2019-09-23/20190923-004egp.fits (32/413)
Storing /home/altsai/eden/LOT20190923_mod/20190923-004i.fits -> s3://eden-data/Calibrations/LOT/FLAT/2019-09-23/20190923-004i.fits (33/413)
Storing /home/altsai/eden/LOT20190923_mod/20190923-004r.fits -> s3://eden-data/Calibrations/LOT/FLAT/2019-09-23/20190923-004r.fits (34/413)
Storing /home/altsai/eden/LOT20190923_mod/20190923-004rp.fits -> s3://eden-data/Calibrations/LOT/FLAT/2019-09-23/20190923-004rp.fits (35/413)
Storing /home/altsai/eden/LOT20190923_mod/20190923-004v.fits -> s3://eden-data/Calibrations/LOT/FLAT/2019-09-23/20190923-004v.fits (36/413)
Storing /home/altsai/eden/LOT20190923_mod/20190923-005b.fits -> s3://eden-data/Calibrations/LOT/FLAT/2019-09-23/20190923-005b.fits (37/413)
Storing /home/altsai/eden/LOT20190923_mod/20190923-005d2s.fits -> s3://eden-data/Calibrations/LOT/DARK/2019-09-23/20190923-005d2s.fits (38/413)
Storing /home/altsai/eden/LOT20190923_mod/20190923-005d5s.fits -> s3://eden-data/Calibrations/LOT/DARK/2019-09-23/20190923-005d5s.fits (39/413)
Storing /home/altsai/eden/LOT20190923_mod/20190923-005eden.fits -> s3://eden-data/Calibrations/LOT/FLAT/2019-09-23/20190923-005eden.fits (40/413)
Storing /home/altsai/eden/LOT20190923_mod/20190923-005egp.fits -> s3://eden-data/Calibrations/LOT/FLAT/2019-09-23/20190923-005egp.fits (41/413)
Storing /home/altsai/eden/LOT20190923_mod/20190923-005i.fits -> s3://eden-data/Calibrations/LOT/FLAT/2019-09-23/20190923-005i.fits (42/413)
Storing /home/altsai/eden/LOT20190923_mod/20190923-005r.fits -> s3://eden-data/Calibrations/LOT/FLAT/2019-09-23/20190923-005r.fits (43/413)
Storing /home/altsai/eden/LOT20190923_mod/20190923-005rp.fits -> s3://eden-data/Calibrations/LOT/FLAT/2019-09-23/20190923-005rp.fits (44/413)
Storing /home/altsai/eden/LOT20190923_mod/20190923-005v.fits -> s3://eden-data/Calibrations/LOT/FLAT/2019-09-23/20190923-005v.fits (45/413)
Storing /home/altsai/eden/LOT20190923_mod/20190923-006d2s.fits -> s3://eden-data/Calibrations/LOT/DARK/2019-09-23/20190923-006d2s.fits (46/413)
Storing /home/altsai/eden/LOT20190923_mod/20190923-006d5s.fits -> s3://eden-data/Calibrations/LOT/DARK/2019-09-23/20190923-006d5s.fits (47/413)
Storing /home/altsai/eden/LOT20190923_mod/20190923-006eden.fits -> s3://eden-data/Calibrations/LOT/FLAT/2019-09-23/20190923-006eden.fits (48/413)
Storing /home/altsai/eden/LOT20190923_mod/20190923-006egp.fits -> s3://eden-data/Calibrations/LOT/FLAT/2019-09-23/20190923-006egp.fits (49/413)
Storing /home/altsai/eden/LOT20190923_mod/20190923-006i.fits -> s3://eden-data/Calibrations/LOT/FLAT/2019-09-23/20190923-006i.fits (50/413)
Storing /home/altsai/eden/LOT20190923_mod/20190923-006r.fits -> s3://eden-data/Calibrations/LOT/FLAT/2019-09-23/20190923-006r.fits (51/413)
Storing /home/altsai/eden/LOT20190923_mod/20190923-006rp.fits -> s3://eden-data/Calibrations/LOT/FLAT/2019-09-23/20190923-006rp.fits (52/413)
Storing /home/altsai/eden/LOT20190923_mod/20190923-006v.fits -> s3://eden-data/Calibrations/LOT/FLAT/2019-09-23/20190923-006v.fits (53/413)
Storing /home/altsai/eden/LOT20190923_mod/20190923-007d2s.fits -> s3://eden-data/Calibrations/LOT/DARK/2019-09-23/20190923-007d2s.fits (54/413)
Storing /home/altsai/eden/LOT20190923_mod/20190923-007d5s.fits -> s3://eden-data/Calibrations/LOT/DARK/2019-09-23/20190923-007d5s.fits (55/413)
Storing /home/altsai/eden/LOT20190923_mod/20190923-007eden.fits -> s3://eden-data/Calibrations/LOT/FLAT/2019-09-23/20190923-007eden.fits (56/413)
Storing /home/altsai/eden/LOT20190923_mod/20190923-007v.fits -> s3://eden-data/Calibrations/LOT/FLAT/2019-09-23/20190923-007v.fits (57/413)
Storing /home/altsai/eden/LOT20190923_mod/20190923-008d2s.fits -> s3://eden-data/Calibrations/LOT/DARK/2019-09-23/20190923-008d2s.fits (58/413)
Storing /home/altsai/eden/LOT20190923_mod/20190923-008d5s.fits -> s3://eden-data/Calibrations/LOT/DARK/2019-09-23/20190923-008d5s.fits (59/413)
Storing /home/altsai/eden/LOT20190923_mod/20190923-008v.fits -> s3://eden-data/Calibrations/LOT/FLAT/2019-09-23/20190923-008v.fits (60/413)
Storing /home/altsai/eden/LOT20190923_mod/20190923-009d2s.fits -> s3://eden-data/Calibrations/LOT/DARK/2019-09-23/20190923-009d2s.fits (61/413)
Storing /home/altsai/eden/LOT20190923_mod/20190923-009d5s.fits -> s3://eden-data/Calibrations/LOT/DARK/2019-09-23/20190923-009d5s.fits (62/413)
Storing /home/altsai/eden/LOT20190923_mod/20190923-010d2s.fits -> s3://eden-data/Calibrations/LOT/DARK/2019-09-23/20190923-010d2s.fits (63/413)
Storing /home/altsai/eden/LOT20190923_mod/20190923-010d5s.fits -> s3://eden-data/Calibrations/LOT/DARK/2019-09-23/20190923-010d5s.fits (64/413)
Storing /home/altsai/eden/LOT20190923_mod/20190923-2MUCD10014-001eden60s.fits -> s3://eden-data/RAW/LOT/2MUCD10014/2019-09-23/20190923-2MUCD10014-001eden60s.fits (65/413)
Storing /home/altsai/eden/LOT20190923_mod/20190923-2MUCD10014-002eden60s.fits -> s3://eden-data/RAW/LOT/2MUCD10014/2019-09-23/20190923-2MUCD10014-002eden60s.fits (66/413)
Storing /home/altsai/eden/LOT20190923_mod/20190923-2MUCD10014-003eden60s.fits -> s3://eden-data/RAW/LOT/2MUCD10014/2019-09-23/20190923-2MUCD10014-003eden60s.fits (67/413)
Storing /home/altsai/eden/LOT20190923_mod/20190923-2MUCD10014-004eden60s.fits -> s3://eden-data/RAW/LOT/2MUCD10014/2019-09-23/20190923-2MUCD10014-004eden60s.fits (68/413)
Storing /home/altsai/eden/LOT20190923_mod/20190923-2MUCD10014-005eden60s.fits -> s3://eden-data/RAW/LOT/2MUCD10014/2019-09-23/20190923-2MUCD10014-005eden60s.fits (69/413)
Storing /home/altsai/eden/LOT20190923_mod/20190923-2MUCD10014-006eden60s.fits -> s3://eden-data/RAW/LOT/2MUCD10014/2019-09-23/20190923-2MUCD10014-006eden60s.fits (70/413)
Storing /home/altsai/eden/LOT20190923_mod/20190923-2MUCD10014-007eden60s.fits -> s3://eden-data/RAW/LOT/2MUCD10014/2019-09-23/20190923-2MUCD10014-007eden60s.fits (71/413)
Storing /home/altsai/eden/LOT20190923_mod/20190923-2MUCD10014-008eden60s.fits -> s3://eden-data/RAW/LOT/2MUCD10014/2019-09-23/20190923-2MUCD10014-008eden60s.fits (72/413)
Storing /home/altsai/eden/LOT20190923_mod/20190923-2MUCD10014-009eden60s.fits -> s3://eden-data/RAW/LOT/2MUCD10014/2019-09-23/20190923-2MUCD10014-009eden60s.fits (73/413)
Storing /home/altsai/eden/LOT20190923_mod/20190923-2MUCD10014-010eden60s.fits -> s3://eden-data/RAW/LOT/2MUCD10014/2019-09-23/20190923-2MUCD10014-010eden60s.fits (74/413)
Storing /home/altsai/eden/LOT20190923_mod/20190923-2MUCD10014-011eden60s.fits -> s3://eden-data/RAW/LOT/2MUCD10014/2019-09-23/20190923-2MUCD10014-011eden60s.fits (75/413)
Storing /home/altsai/eden/LOT20190923_mod/20190923-2MUCD10014-012eden60s.fits -> s3://eden-data/RAW/LOT/2MUCD10014/2019-09-23/20190923-2MUCD10014-012eden60s.fits (76/413)
Storing /home/altsai/eden/LOT20190923_mod/20190923-2MUCD10014-013eden60s.fits -> s3://eden-data/RAW/LOT/2MUCD10014/2019-09-23/20190923-2MUCD10014-013eden60s.fits (77/413)
Storing /home/altsai/eden/LOT20190923_mod/20190923-2MUCD10014-014eden60s.fits -> s3://eden-data/RAW/LOT/2MUCD10014/2019-09-23/20190923-2MUCD10014-014eden60s.fits (78/413)
Storing /home/altsai/eden/LOT20190923_mod/20190923-2MUCD10014-015eden60s.fits -> s3://eden-data/RAW/LOT/2MUCD10014/2019-09-23/20190923-2MUCD10014-015eden60s.fits (79/413)
Storing /home/altsai/eden/LOT20190923_mod/20190923-2MUCD10014-016eden60s.fits -> s3://eden-data/RAW/LOT/2MUCD10014/2019-09-23/20190923-2MUCD10014-016eden60s.fits (80/413)
Storing /home/altsai/eden/LOT20190923_mod/20190923-2MUCD10014-017eden60s.fits -> s3://eden-data/RAW/LOT/2MUCD10014/2019-09-23/20190923-2MUCD10014-017eden60s.fits (81/413)
Storing /home/altsai/eden/LOT20190923_mod/20190923-2MUCD10014-018eden60s.fits -> s3://eden-data/RAW/LOT/2MUCD10014/2019-09-23/20190923-2MUCD10014-018eden60s.fits (82/413)
Storing /home/altsai/eden/LOT20190923_mod/20190923-2MUCD10014-019eden60s.fits -> s3://eden-data/RAW/LOT/2MUCD10014/2019-09-23/20190923-2MUCD10014-019eden60s.fits (83/413)
Storing /home/altsai/eden/LOT20190923_mod/20190923-2MUCD10014-020eden60s.fits -> s3://eden-data/RAW/LOT/2MUCD10014/2019-09-23/20190923-2MUCD10014-020eden60s.fits (84/413)
Storing /home/altsai/eden/LOT20190923_mod/20190923-2MUCD10014-021eden60s.fits -> s3://eden-data/RAW/LOT/2MUCD10014/2019-09-23/20190923-2MUCD10014-021eden60s.fits (85/413)
Storing /home/altsai/eden/LOT20190923_mod/20190923-2MUCD10014-022eden60s.fits -> s3://eden-data/RAW/LOT/2MUCD10014/2019-09-23/20190923-2MUCD10014-022eden60s.fits (86/413)
Storing /home/altsai/eden/LOT20190923_mod/20190923-2MUCD10014-023eden60s.fits -> s3://eden-data/RAW/LOT/2MUCD10014/2019-09-23/20190923-2MUCD10014-023eden60s.fits (87/413)
Storing /home/altsai/eden/LOT20190923_mod/20190923-2MUCD10014-024eden60s.fits -> s3://eden-data/RAW/LOT/2MUCD10014/2019-09-23/20190923-2MUCD10014-024eden60s.fits (88/413)
Storing /home/altsai/eden/LOT20190923_mod/20190923-2MUCD10014-025eden60s.fits -> s3://eden-data/RAW/LOT/2MUCD10014/2019-09-23/20190923-2MUCD10014-025eden60s.fits (89/413)
Storing /home/altsai/eden/LOT20190923_mod/20190923-2MUCD10014-026eden60s.fits -> s3://eden-data/RAW/LOT/2MUCD10014/2019-09-23/20190923-2MUCD10014-026eden60s.fits (90/413)
Storing /home/altsai/eden/LOT20190923_mod/20190923-2MUCD10014-027eden60s.fits -> s3://eden-data/RAW/LOT/2MUCD10014/2019-09-23/20190923-2MUCD10014-027eden60s.fits (91/413)
Storing /home/altsai/eden/LOT20190923_mod/20190923-2MUCD10014-028eden60s.fits -> s3://eden-data/RAW/LOT/2MUCD10014/2019-09-23/20190923-2MUCD10014-028eden60s.fits (92/413)
Storing /home/altsai/eden/LOT20190923_mod/20190923-2MUCD10014-029eden60s.fits -> s3://eden-data/RAW/LOT/2MUCD10014/2019-09-23/20190923-2MUCD10014-029eden60s.fits (93/413)
Storing /home/altsai/eden/LOT20190923_mod/20190923-2MUCD10014-030eden60s.fits -> s3://eden-data/RAW/LOT/2MUCD10014/2019-09-23/20190923-2MUCD10014-030eden60s.fits (94/413)
Storing /home/altsai/eden/LOT20190923_mod/20190923-2MUCD10014-031eden60s.fits -> s3://eden-data/RAW/LOT/2MUCD10014/2019-09-23/20190923-2MUCD10014-031eden60s.fits (95/413)
Storing /home/altsai/eden/LOT20190923_mod/20190923-2MUCD10014-032eden60s.fits -> s3://eden-data/RAW/LOT/2MUCD10014/2019-09-23/20190923-2MUCD10014-032eden60s.fits (96/413)
Storing /home/altsai/eden/LOT20190923_mod/20190923-2MUCD10014-033eden60s.fits -> s3://eden-data/RAW/LOT/2MUCD10014/2019-09-23/20190923-2MUCD10014-033eden60s.fits (97/413)
Storing /home/altsai/eden/LOT20190923_mod/20190923-2MUCD10014-034eden60s.fits -> s3://eden-data/RAW/LOT/2MUCD10014/2019-09-23/20190923-2MUCD10014-034eden60s.fits (98/413)
Storing /home/altsai/eden/LOT20190923_mod/20190923-2MUCD10014-035eden60s.fits -> s3://eden-data/RAW/LOT/2MUCD10014/2019-09-23/20190923-2MUCD10014-035eden60s.fits (99/413)
Storing /home/altsai/eden/LOT20190923_mod/20190923-2MUCD10014-036eden60s.fits -> s3://eden-data/RAW/LOT/2MUCD10014/2019-09-23/20190923-2MUCD10014-036eden60s.fits (100/413)
Storing /home/altsai/eden/LOT20190923_mod/20190923-2MUCD10014-037eden60s.fits -> s3://eden-data/RAW/LOT/2MUCD10014/2019-09-23/20190923-2MUCD10014-037eden60s.fits (101/413)
Storing /home/altsai/eden/LOT20190923_mod/20190923-2MUCD10014-038eden60s.fits -> s3://eden-data/RAW/LOT/2MUCD10014/2019-09-23/20190923-2MUCD10014-038eden60s.fits (102/413)
Storing /home/altsai/eden/LOT20190923_mod/20190923-2MUCD10014-039eden60s.fits -> s3://eden-data/RAW/LOT/2MUCD10014/2019-09-23/20190923-2MUCD10014-039eden60s.fits (103/413)
Storing /home/altsai/eden/LOT20190923_mod/20190923-2MUCD10014-040eden60s.fits -> s3://eden-data/RAW/LOT/2MUCD10014/2019-09-23/20190923-2MUCD10014-040eden60s.fits (104/413)
Storing /home/altsai/eden/LOT20190923_mod/20190923-2MUCD10014-041eden60s.fits -> s3://eden-data/RAW/LOT/2MUCD10014/2019-09-23/20190923-2MUCD10014-041eden60s.fits (105/413)
Storing /home/altsai/eden/LOT20190923_mod/20190923-2MUCD10014-042eden60s.fits -> s3://eden-data/RAW/LOT/2MUCD10014/2019-09-23/20190923-2MUCD10014-042eden60s.fits (106/413)
Storing /home/altsai/eden/LOT20190923_mod/20190923-2MUCD10014-043eden60s.fits -> s3://eden-data/RAW/LOT/2MUCD10014/2019-09-23/20190923-2MUCD10014-043eden60s.fits (107/413)
Storing /home/altsai/eden/LOT20190923_mod/20190923-2MUCD10014-044eden60s.fits -> s3://eden-data/RAW/LOT/2MUCD10014/2019-09-23/20190923-2MUCD10014-044eden60s.fits (108/413)
Storing /home/altsai/eden/LOT20190923_mod/20190923-2MUCD10014-045eden60s.fits -> s3://eden-data/RAW/LOT/2MUCD10014/2019-09-23/20190923-2MUCD10014-045eden60s.fits (109/413)
Storing /home/altsai/eden/LOT20190923_mod/20190923-2MUCD10014-046eden60s.fits -> s3://eden-data/RAW/LOT/2MUCD10014/2019-09-23/20190923-2MUCD10014-046eden60s.fits (110/413)
Storing /home/altsai/eden/LOT20190923_mod/20190923-2MUCD10014-047eden60s.fits -> s3://eden-data/RAW/LOT/2MUCD10014/2019-09-23/20190923-2MUCD10014-047eden60s.fits (111/413)
Storing /home/altsai/eden/LOT20190923_mod/20190923-2MUCD10014-048eden60s.fits -> s3://eden-data/RAW/LOT/2MUCD10014/2019-09-23/20190923-2MUCD10014-048eden60s.fits (112/413)
Storing /home/altsai/eden/LOT20190923_mod/20190923-2MUCD10014-049eden60s.fits -> s3://eden-data/RAW/LOT/2MUCD10014/2019-09-23/20190923-2MUCD10014-049eden60s.fits (113/413)
Storing /home/altsai/eden/LOT20190923_mod/20190923-2MUCD10014-050eden60s.fits -> s3://eden-data/RAW/LOT/2MUCD10014/2019-09-23/20190923-2MUCD10014-050eden60s.fits (114/413)
Storing /home/altsai/eden/LOT20190923_mod/20190923-2MUCD10014-051eden60s.fits -> s3://eden-data/RAW/LOT/2MUCD10014/2019-09-23/20190923-2MUCD10014-051eden60s.fits (115/413)
Storing /home/altsai/eden/LOT20190923_mod/20190923-2MUCD10014-052eden60s.fits -> s3://eden-data/RAW/LOT/2MUCD10014/2019-09-23/20190923-2MUCD10014-052eden60s.fits (116/413)
Storing /home/altsai/eden/LOT20190923_mod/20190923-2MUCD10014-053eden60s.fits -> s3://eden-data/RAW/LOT/2MUCD10014/2019-09-23/20190923-2MUCD10014-053eden60s.fits (117/413)
Storing /home/altsai/eden/LOT20190923_mod/20190923-2MUCD10014-054eden60s.fits -> s3://eden-data/RAW/LOT/2MUCD10014/2019-09-23/20190923-2MUCD10014-054eden60s.fits (118/413)
Storing /home/altsai/eden/LOT20190923_mod/20190923-2MUCD10014-055eden60s.fits -> s3://eden-data/RAW/LOT/2MUCD10014/2019-09-23/20190923-2MUCD10014-055eden60s.fits (119/413)
Storing /home/altsai/eden/LOT20190923_mod/20190923-2MUCD10014-056eden60s.fits -> s3://eden-data/RAW/LOT/2MUCD10014/2019-09-23/20190923-2MUCD10014-056eden60s.fits (120/413)
Storing /home/altsai/eden/LOT20190923_mod/20190923-2MUCD10014-057eden60s.fits -> s3://eden-data/RAW/LOT/2MUCD10014/2019-09-23/20190923-2MUCD10014-057eden60s.fits (121/413)
Storing /home/altsai/eden/LOT20190923_mod/20190923-2MUCD10014-058eden60s.fits -> s3://eden-data/RAW/LOT/2MUCD10014/2019-09-23/20190923-2MUCD10014-058eden60s.fits (122/413)
Storing /home/altsai/eden/LOT20190923_mod/20190923-2MUCD10014-059eden60s.fits -> s3://eden-data/RAW/LOT/2MUCD10014/2019-09-23/20190923-2MUCD10014-059eden60s.fits (123/413)
Storing /home/altsai/eden/LOT20190923_mod/20190923-2MUCD10014-060eden60s.fits -> s3://eden-data/RAW/LOT/2MUCD10014/2019-09-23/20190923-2MUCD10014-060eden60s.fits (124/413)
Storing /home/altsai/eden/LOT20190923_mod/20190923-2MUCD10014-061eden60s.fits -> s3://eden-data/RAW/LOT/2MUCD10014/2019-09-23/20190923-2MUCD10014-061eden60s.fits (125/413)
Storing /home/altsai/eden/LOT20190923_mod/20190923-2MUCD10014-062eden60s.fits -> s3://eden-data/RAW/LOT/2MUCD10014/2019-09-23/20190923-2MUCD10014-062eden60s.fits (126/413)
Storing /home/altsai/eden/LOT20190923_mod/20190923-2MUCD10014-063eden60s.fits -> s3://eden-data/RAW/LOT/2MUCD10014/2019-09-23/20190923-2MUCD10014-063eden60s.fits (127/413)
Storing /home/altsai/eden/LOT20190923_mod/20190923-2MUCD10014-064eden60s.fits -> s3://eden-data/RAW/LOT/2MUCD10014/2019-09-23/20190923-2MUCD10014-064eden60s.fits (128/413)
Storing /home/altsai/eden/LOT20190923_mod/20190923-2MUCD10014-065eden60s.fits -> s3://eden-data/RAW/LOT/2MUCD10014/2019-09-23/20190923-2MUCD10014-065eden60s.fits (129/413)
Storing /home/altsai/eden/LOT20190923_mod/20190923-2MUCD10014-066eden60s.fits -> s3://eden-data/RAW/LOT/2MUCD10014/2019-09-23/20190923-2MUCD10014-066eden60s.fits (130/413)
Storing /home/altsai/eden/LOT20190923_mod/20190923-2MUCD10014-067eden60s.fits -> s3://eden-data/RAW/LOT/2MUCD10014/2019-09-23/20190923-2MUCD10014-067eden60s.fits (131/413)
Storing /home/altsai/eden/LOT20190923_mod/20190923-2MUCD10014-068eden60s.fits -> s3://eden-data/RAW/LOT/2MUCD10014/2019-09-23/20190923-2MUCD10014-068eden60s.fits (132/413)
Storing /home/altsai/eden/LOT20190923_mod/20190923-2MUCD10014-069eden60s.fits -> s3://eden-data/RAW/LOT/2MUCD10014/2019-09-23/20190923-2MUCD10014-069eden60s.fits (133/413)
Storing /home/altsai/eden/LOT20190923_mod/20190923-2MUCD10014-070eden60s.fits -> s3://eden-data/RAW/LOT/2MUCD10014/2019-09-23/20190923-2MUCD10014-070eden60s.fits (134/413)
Storing /home/altsai/eden/LOT20190923_mod/20190923-2MUCD10014-071eden60s.fits -> s3://eden-data/RAW/LOT/2MUCD10014/2019-09-23/20190923-2MUCD10014-071eden60s.fits (135/413)
Storing /home/altsai/eden/LOT20190923_mod/20190923-2MUCD10014-072eden60s.fits -> s3://eden-data/RAW/LOT/2MUCD10014/2019-09-23/20190923-2MUCD10014-072eden60s.fits (136/413)
Storing /home/altsai/eden/LOT20190923_mod/20190923-2MUCD10014-073eden60s.fits -> s3://eden-data/RAW/LOT/2MUCD10014/2019-09-23/20190923-2MUCD10014-073eden60s.fits (137/413)
Storing /home/altsai/eden/LOT20190923_mod/20190923-2MUCD10014-074eden60s.fits -> s3://eden-data/RAW/LOT/2MUCD10014/2019-09-23/20190923-2MUCD10014-074eden60s.fits (138/413)
Storing /home/altsai/eden/LOT20190923_mod/20190923-2MUCD10014-075eden60s.fits -> s3://eden-data/RAW/LOT/2MUCD10014/2019-09-23/20190923-2MUCD10014-075eden60s.fits (139/413)
Storing /home/altsai/eden/LOT20190923_mod/20190923-2MUCD10014-076eden60s.fits -> s3://eden-data/RAW/LOT/2MUCD10014/2019-09-23/20190923-2MUCD10014-076eden60s.fits (140/413)
Storing /home/altsai/eden/LOT20190923_mod/20190923-2MUCD10014-077eden60s.fits -> s3://eden-data/RAW/LOT/2MUCD10014/2019-09-23/20190923-2MUCD10014-077eden60s.fits (141/413)
Storing /home/altsai/eden/LOT20190923_mod/20190923-2MUCD10014-078eden60s.fits -> s3://eden-data/RAW/LOT/2MUCD10014/2019-09-23/20190923-2MUCD10014-078eden60s.fits (142/413)
Storing /home/altsai/eden/LOT20190923_mod/20190923-2MUCD10014-079eden60s.fits -> s3://eden-data/RAW/LOT/2MUCD10014/2019-09-23/20190923-2MUCD10014-079eden60s.fits (143/413)
Storing /home/altsai/eden/LOT20190923_mod/20190923-2MUCD10014-080eden60s.fits -> s3://eden-data/RAW/LOT/2MUCD10014/2019-09-23/20190923-2MUCD10014-080eden60s.fits (144/413)
Storing /home/altsai/eden/LOT20190923_mod/20190923-2MUCD10014-081eden60s.fits -> s3://eden-data/RAW/LOT/2MUCD10014/2019-09-23/20190923-2MUCD10014-081eden60s.fits (145/413)
Storing /home/altsai/eden/LOT20190923_mod/20190923-2MUCD10014-082eden60s.fits -> s3://eden-data/RAW/LOT/2MUCD10014/2019-09-23/20190923-2MUCD10014-082eden60s.fits (146/413)
Storing /home/altsai/eden/LOT20190923_mod/20190923-2MUCD10014-083eden60s.fits -> s3://eden-data/RAW/LOT/2MUCD10014/2019-09-23/20190923-2MUCD10014-083eden60s.fits (147/413)
Storing /home/altsai/eden/LOT20190923_mod/20190923-2MUCD10014-084eden60s.fits -> s3://eden-data/RAW/LOT/2MUCD10014/2019-09-23/20190923-2MUCD10014-084eden60s.fits (148/413)
Storing /home/altsai/eden/LOT20190923_mod/20190923-2MUCD10014-085eden60s.fits -> s3://eden-data/RAW/LOT/2MUCD10014/2019-09-23/20190923-2MUCD10014-085eden60s.fits (149/413)
Storing /home/altsai/eden/LOT20190923_mod/20190923-2MUCD10014-086eden60s.fits -> s3://eden-data/RAW/LOT/2MUCD10014/2019-09-23/20190923-2MUCD10014-086eden60s.fits (150/413)
Storing /home/altsai/eden/LOT20190923_mod/20190923-2MUCD10014-087eden60s.fits -> s3://eden-data/RAW/LOT/2MUCD10014/2019-09-23/20190923-2MUCD10014-087eden60s.fits (151/413)
Storing /home/altsai/eden/LOT20190923_mod/20190923-2MUCD10014-088eden60s.fits -> s3://eden-data/RAW/LOT/2MUCD10014/2019-09-23/20190923-2MUCD10014-088eden60s.fits (152/413)
Storing /home/altsai/eden/LOT20190923_mod/20190923-2MUCD10014-089eden60s.fits -> s3://eden-data/RAW/LOT/2MUCD10014/2019-09-23/20190923-2MUCD10014-089eden60s.fits (153/413)
Storing /home/altsai/eden/LOT20190923_mod/20190923-2MUCD10014-090eden60s.fits -> s3://eden-data/RAW/LOT/2MUCD10014/2019-09-23/20190923-2MUCD10014-090eden60s.fits (154/413)
Storing /home/altsai/eden/LOT20190923_mod/20190923-2MUCD10014-091eden60s.fits -> s3://eden-data/RAW/LOT/2MUCD10014/2019-09-23/20190923-2MUCD10014-091eden60s.fits (155/413)
Storing /home/altsai/eden/LOT20190923_mod/20190923-2MUCD10014-092eden60s.fits -> s3://eden-data/RAW/LOT/2MUCD10014/2019-09-23/20190923-2MUCD10014-092eden60s.fits (156/413)
Storing /home/altsai/eden/LOT20190923_mod/20190923-2MUCD10014-093eden60s.fits -> s3://eden-data/RAW/LOT/2MUCD10014/2019-09-23/20190923-2MUCD10014-093eden60s.fits (157/413)
Storing /home/altsai/eden/LOT20190923_mod/20190923-2MUCD10014-094eden60s.fits -> s3://eden-data/RAW/LOT/2MUCD10014/2019-09-23/20190923-2MUCD10014-094eden60s.fits (158/413)
Storing /home/altsai/eden/LOT20190923_mod/20190923-2MUCD10014-095eden60s.fits -> s3://eden-data/RAW/LOT/2MUCD10014/2019-09-23/20190923-2MUCD10014-095eden60s.fits (159/413)
Storing /home/altsai/eden/LOT20190923_mod/20190923-2MUCD10014-096eden60s.fits -> s3://eden-data/RAW/LOT/2MUCD10014/2019-09-23/20190923-2MUCD10014-096eden60s.fits (160/413)
Storing /home/altsai/eden/LOT20190923_mod/20190923-2MUCD10014-097eden60s.fits -> s3://eden-data/RAW/LOT/2MUCD10014/2019-09-23/20190923-2MUCD10014-097eden60s.fits (161/413)
Storing /home/altsai/eden/LOT20190923_mod/20190923-2MUCD10014-098eden60s.fits -> s3://eden-data/RAW/LOT/2MUCD10014/2019-09-23/20190923-2MUCD10014-098eden60s.fits (162/413)
Storing /home/altsai/eden/LOT20190923_mod/20190923-2MUCD10014-099eden60s.fits -> s3://eden-data/RAW/LOT/2MUCD10014/2019-09-23/20190923-2MUCD10014-099eden60s.fits (163/413)
Storing /home/altsai/eden/LOT20190923_mod/20190923-2MUCD10014-100eden60s.fits -> s3://eden-data/RAW/LOT/2MUCD10014/2019-09-23/20190923-2MUCD10014-100eden60s.fits (164/413)
Storing /home/altsai/eden/LOT20190923_mod/20190923-2MUCD10014-101eden60s.fits -> s3://eden-data/RAW/LOT/2MUCD10014/2019-09-23/20190923-2MUCD10014-101eden60s.fits (165/413)
Storing /home/altsai/eden/LOT20190923_mod/20190923-2MUCD10014-102eden60s.fits -> s3://eden-data/RAW/LOT/2MUCD10014/2019-09-23/20190923-2MUCD10014-102eden60s.fits (166/413)
Storing /home/altsai/eden/LOT20190923_mod/20190923-2MUCD10014-103eden60s.fits -> s3://eden-data/RAW/LOT/2MUCD10014/2019-09-23/20190923-2MUCD10014-103eden60s.fits (167/413)
Storing /home/altsai/eden/LOT20190923_mod/20190923-2MUCD10014-104eden60s.fits -> s3://eden-data/RAW/LOT/2MUCD10014/2019-09-23/20190923-2MUCD10014-104eden60s.fits (168/413)
Storing /home/altsai/eden/LOT20190923_mod/20190923-2MUCD10014-105eden60s.fits -> s3://eden-data/RAW/LOT/2MUCD10014/2019-09-23/20190923-2MUCD10014-105eden60s.fits (169/413)
Storing /home/altsai/eden/LOT20190923_mod/20190923-2MUCD10014-106eden60s.fits -> s3://eden-data/RAW/LOT/2MUCD10014/2019-09-23/20190923-2MUCD10014-106eden60s.fits (170/413)
Storing /home/altsai/eden/LOT20190923_mod/20190923-2MUCD10014-107eden60s.fits -> s3://eden-data/RAW/LOT/2MUCD10014/2019-09-23/20190923-2MUCD10014-107eden60s.fits (171/413)
Storing /home/altsai/eden/LOT20190923_mod/20190923-2MUCD10014-108eden60s.fits -> s3://eden-data/RAW/LOT/2MUCD10014/2019-09-23/20190923-2MUCD10014-108eden60s.fits (172/413)
Storing /home/altsai/eden/LOT20190923_mod/20190923-2MUCD10014-109eden60s.fits -> s3://eden-data/RAW/LOT/2MUCD10014/2019-09-23/20190923-2MUCD10014-109eden60s.fits (173/413)
Storing /home/altsai/eden/LOT20190923_mod/20190923-2MUCD10014-110eden60s.fits -> s3://eden-data/RAW/LOT/2MUCD10014/2019-09-23/20190923-2MUCD10014-110eden60s.fits (174/413)
Storing /home/altsai/eden/LOT20190923_mod/20190923-2MUCD10014-111eden60s.fits -> s3://eden-data/RAW/LOT/2MUCD10014/2019-09-23/20190923-2MUCD10014-111eden60s.fits (175/413)
Storing /home/altsai/eden/LOT20190923_mod/20190923-2MUCD10014-112eden60s.fits -> s3://eden-data/RAW/LOT/2MUCD10014/2019-09-23/20190923-2MUCD10014-112eden60s.fits (176/413)
Storing /home/altsai/eden/LOT20190923_mod/20190923-2MUCD10014-113eden60s.fits -> s3://eden-data/RAW/LOT/2MUCD10014/2019-09-23/20190923-2MUCD10014-113eden60s.fits (177/413)
Storing /home/altsai/eden/LOT20190923_mod/20190923-2MUCD10014-114eden60s.fits -> s3://eden-data/RAW/LOT/2MUCD10014/2019-09-23/20190923-2MUCD10014-114eden60s.fits (178/413)
Storing /home/altsai/eden/LOT20190923_mod/20190923-2MUCD10014-115eden60s.fits -> s3://eden-data/RAW/LOT/2MUCD10014/2019-09-23/20190923-2MUCD10014-115eden60s.fits (179/413)
Storing /home/altsai/eden/LOT20190923_mod/20190923-2MUCD10014-116eden60s.fits -> s3://eden-data/RAW/LOT/2MUCD10014/2019-09-23/20190923-2MUCD10014-116eden60s.fits (180/413)
Storing /home/altsai/eden/LOT20190923_mod/20190923-2MUCD10014-117eden60s.fits -> s3://eden-data/RAW/LOT/2MUCD10014/2019-09-23/20190923-2MUCD10014-117eden60s.fits (181/413)
Storing /home/altsai/eden/LOT20190923_mod/20190923-2MUCD10014-118eden60s.fits -> s3://eden-data/RAW/LOT/2MUCD10014/2019-09-23/20190923-2MUCD10014-118eden60s.fits (182/413)
Storing /home/altsai/eden/LOT20190923_mod/20190923-2MUCD10014-119eden60s.fits -> s3://eden-data/RAW/LOT/2MUCD10014/2019-09-23/20190923-2MUCD10014-119eden60s.fits (183/413)
Storing /home/altsai/eden/LOT20190923_mod/20190923-2MUCD10014-120eden60s.fits -> s3://eden-data/RAW/LOT/2MUCD10014/2019-09-23/20190923-2MUCD10014-120eden60s.fits (184/413)
Storing /home/altsai/eden/LOT20190923_mod/20190923-2MUCD10014-121eden60s.fits -> s3://eden-data/RAW/LOT/2MUCD10014/2019-09-23/20190923-2MUCD10014-121eden60s.fits (185/413)
Storing /home/altsai/eden/LOT20190923_mod/20190923-2MUCD10014-122eden60s.fits -> s3://eden-data/RAW/LOT/2MUCD10014/2019-09-23/20190923-2MUCD10014-122eden60s.fits (186/413)
Storing /home/altsai/eden/LOT20190923_mod/20190923-2MUCD10014-123eden60s.fits -> s3://eden-data/RAW/LOT/2MUCD10014/2019-09-23/20190923-2MUCD10014-123eden60s.fits (187/413)
Storing /home/altsai/eden/LOT20190923_mod/20190923-2MUCD10014-124eden60s.fits -> s3://eden-data/RAW/LOT/2MUCD10014/2019-09-23/20190923-2MUCD10014-124eden60s.fits (188/413)
Storing /home/altsai/eden/LOT20190923_mod/20190923-2MUCD10014-125eden60s.fits -> s3://eden-data/RAW/LOT/2MUCD10014/2019-09-23/20190923-2MUCD10014-125eden60s.fits (189/413)
Storing /home/altsai/eden/LOT20190923_mod/20190923-2MUCD10014-126eden60s.fits -> s3://eden-data/RAW/LOT/2MUCD10014/2019-09-23/20190923-2MUCD10014-126eden60s.fits (190/413)
Storing /home/altsai/eden/LOT20190923_mod/20190923-2MUCD10014-127eden60s.fits -> s3://eden-data/RAW/LOT/2MUCD10014/2019-09-23/20190923-2MUCD10014-127eden60s.fits (191/413)
Storing /home/altsai/eden/LOT20190923_mod/20190923-2MUCD10014-128eden60s.fits -> s3://eden-data/RAW/LOT/2MUCD10014/2019-09-23/20190923-2MUCD10014-128eden60s.fits (192/413)
Storing /home/altsai/eden/LOT20190923_mod/20190923-2MUCD10014-129eden60s.fits -> s3://eden-data/RAW/LOT/2MUCD10014/2019-09-23/20190923-2MUCD10014-129eden60s.fits (193/413)
Storing /home/altsai/eden/LOT20190923_mod/20190923-2MUCD10014-130eden60s.fits -> s3://eden-data/RAW/LOT/2MUCD10014/2019-09-23/20190923-2MUCD10014-130eden60s.fits (194/413)
Storing /home/altsai/eden/LOT20190923_mod/20190923-2MUCD10014-131eden60s.fits -> s3://eden-data/RAW/LOT/2MUCD10014/2019-09-23/20190923-2MUCD10014-131eden60s.fits (195/413)
Storing /home/altsai/eden/LOT20190923_mod/20190923-2MUCD10014-132eden60s.fits -> s3://eden-data/RAW/LOT/2MUCD10014/2019-09-23/20190923-2MUCD10014-132eden60s.fits (196/413)
Storing /home/altsai/eden/LOT20190923_mod/20190923-2MUCD10014-133eden60s.fits -> s3://eden-data/RAW/LOT/2MUCD10014/2019-09-23/20190923-2MUCD10014-133eden60s.fits (197/413)
Storing /home/altsai/eden/LOT20190923_mod/20190923-2MUCD10014-134eden60s.fits -> s3://eden-data/RAW/LOT/2MUCD10014/2019-09-23/20190923-2MUCD10014-134eden60s.fits (198/413)
Storing /home/altsai/eden/LOT20190923_mod/20190923-2MUCD10014-135eden60s.fits -> s3://eden-data/RAW/LOT/2MUCD10014/2019-09-23/20190923-2MUCD10014-135eden60s.fits (199/413)
Storing /home/altsai/eden/LOT20190923_mod/20190923-2MUCD10014-136eden60s.fits -> s3://eden-data/RAW/LOT/2MUCD10014/2019-09-23/20190923-2MUCD10014-136eden60s.fits (200/413)
Storing /home/altsai/eden/LOT20190923_mod/20190923-2MUCD10014-137eden60s.fits -> s3://eden-data/RAW/LOT/2MUCD10014/2019-09-23/20190923-2MUCD10014-137eden60s.fits (201/413)
Storing /home/altsai/eden/LOT20190923_mod/20190923-2MUCD10014-138eden60s.fits -> s3://eden-data/RAW/LOT/2MUCD10014/2019-09-23/20190923-2MUCD10014-138eden60s.fits (202/413)
Storing /home/altsai/eden/LOT20190923_mod/20190923-2MUCD10014-139eden60s.fits -> s3://eden-data/RAW/LOT/2MUCD10014/2019-09-23/20190923-2MUCD10014-139eden60s.fits (203/413)
Storing /home/altsai/eden/LOT20190923_mod/20190923-2MUCD10014-140eden60s.fits -> s3://eden-data/RAW/LOT/2MUCD10014/2019-09-23/20190923-2MUCD10014-140eden60s.fits (204/413)
Storing /home/altsai/eden/LOT20190923_mod/20190923-2MUCD10014-141eden60s.fits -> s3://eden-data/RAW/LOT/2MUCD10014/2019-09-23/20190923-2MUCD10014-141eden60s.fits (205/413)
Storing /home/altsai/eden/LOT20190923_mod/20190923-2MUCD10014-142eden60s.fits -> s3://eden-data/RAW/LOT/2MUCD10014/2019-09-23/20190923-2MUCD10014-142eden60s.fits (206/413)
Storing /home/altsai/eden/LOT20190923_mod/20190923-2MUCD10014-143eden60s.fits -> s3://eden-data/RAW/LOT/2MUCD10014/2019-09-23/20190923-2MUCD10014-143eden60s.fits (207/413)
Storing /home/altsai/eden/LOT20190923_mod/20190923-2MUCD10014-144eden60s.fits -> s3://eden-data/RAW/LOT/2MUCD10014/2019-09-23/20190923-2MUCD10014-144eden60s.fits (208/413)
Storing /home/altsai/eden/LOT20190923_mod/20190923-2MUCD10014-145eden60s.fits -> s3://eden-data/RAW/LOT/2MUCD10014/2019-09-23/20190923-2MUCD10014-145eden60s.fits (209/413)
Storing /home/altsai/eden/LOT20190923_mod/20190923-2MUCD10014-146eden60s.fits -> s3://eden-data/RAW/LOT/2MUCD10014/2019-09-23/20190923-2MUCD10014-146eden60s.fits (210/413)
Storing /home/altsai/eden/LOT20190923_mod/20190923-2MUCD10014-147eden60s.fits -> s3://eden-data/RAW/LOT/2MUCD10014/2019-09-23/20190923-2MUCD10014-147eden60s.fits (211/413)
Storing /home/altsai/eden/LOT20190923_mod/20190923-2MUCD10014-148eden60s.fits -> s3://eden-data/RAW/LOT/2MUCD10014/2019-09-23/20190923-2MUCD10014-148eden60s.fits (212/413)
Storing /home/altsai/eden/LOT20190923_mod/20190923-2MUCD10014-149eden60s.fits -> s3://eden-data/RAW/LOT/2MUCD10014/2019-09-23/20190923-2MUCD10014-149eden60s.fits (213/413)
Storing /home/altsai/eden/LOT20190923_mod/20190923-2MUCD10014-150eden60s.fits -> s3://eden-data/RAW/LOT/2MUCD10014/2019-09-23/20190923-2MUCD10014-150eden60s.fits (214/413)
Storing /home/altsai/eden/LOT20190923_mod/20190923-2MUCD10014-151eden60s.fits -> s3://eden-data/RAW/LOT/2MUCD10014/2019-09-23/20190923-2MUCD10014-151eden60s.fits (215/413)
Storing /home/altsai/eden/LOT20190923_mod/20190923-2MUCD10014-152eden60s.fits -> s3://eden-data/RAW/LOT/2MUCD10014/2019-09-23/20190923-2MUCD10014-152eden60s.fits (216/413)
Storing /home/altsai/eden/LOT20190923_mod/20190923-2MUCD10014-153eden60s.fits -> s3://eden-data/RAW/LOT/2MUCD10014/2019-09-23/20190923-2MUCD10014-153eden60s.fits (217/413)
Storing /home/altsai/eden/LOT20190923_mod/20190923-2MUCD10014-154eden60s.fits -> s3://eden-data/RAW/LOT/2MUCD10014/2019-09-23/20190923-2MUCD10014-154eden60s.fits (218/413)
Storing /home/altsai/eden/LOT20190923_mod/20190923-2MUCD10014-155eden60s.fits -> s3://eden-data/RAW/LOT/2MUCD10014/2019-09-23/20190923-2MUCD10014-155eden60s.fits (219/413)
Storing /home/altsai/eden/LOT20190923_mod/20190923-2MUCD10014-156eden60s.fits -> s3://eden-data/RAW/LOT/2MUCD10014/2019-09-23/20190923-2MUCD10014-156eden60s.fits (220/413)
Storing /home/altsai/eden/LOT20190923_mod/20190923-2MUCD10014-157eden60s.fits -> s3://eden-data/RAW/LOT/2MUCD10014/2019-09-23/20190923-2MUCD10014-157eden60s.fits (221/413)
Storing /home/altsai/eden/LOT20190923_mod/20190923-2MUCD10014-158eden60s.fits -> s3://eden-data/RAW/LOT/2MUCD10014/2019-09-23/20190923-2MUCD10014-158eden60s.fits (222/413)
Storing /home/altsai/eden/LOT20190923_mod/20190923-2MUCD10014-159eden60s.fits -> s3://eden-data/RAW/LOT/2MUCD10014/2019-09-23/20190923-2MUCD10014-159eden60s.fits (223/413)
Storing /home/altsai/eden/LOT20190923_mod/20190923-2MUCD10014-160eden60s.fits -> s3://eden-data/RAW/LOT/2MUCD10014/2019-09-23/20190923-2MUCD10014-160eden60s.fits (224/413)
Storing /home/altsai/eden/LOT20190923_mod/20190923-2MUCD10014-161eden60s.fits -> s3://eden-data/RAW/LOT/2MUCD10014/2019-09-23/20190923-2MUCD10014-161eden60s.fits (225/413)
Storing /home/altsai/eden/LOT20190923_mod/20190923-2MUCD10014-162eden60s.fits -> s3://eden-data/RAW/LOT/2MUCD10014/2019-09-23/20190923-2MUCD10014-162eden60s.fits (226/413)
Storing /home/altsai/eden/LOT20190923_mod/20190923-2MUCD10014-163eden60s.fits -> s3://eden-data/RAW/LOT/2MUCD10014/2019-09-23/20190923-2MUCD10014-163eden60s.fits (227/413)
Storing /home/altsai/eden/LOT20190923_mod/20190923-2MUCD10014-164eden60s.fits -> s3://eden-data/RAW/LOT/2MUCD10014/2019-09-23/20190923-2MUCD10014-164eden60s.fits (228/413)
Storing /home/altsai/eden/LOT20190923_mod/20190923-2MUCD10014-165eden60s.fits -> s3://eden-data/RAW/LOT/2MUCD10014/2019-09-23/20190923-2MUCD10014-165eden60s.fits (229/413)
Storing /home/altsai/eden/LOT20190923_mod/20190923-2MUCD10014-166eden60s.fits -> s3://eden-data/RAW/LOT/2MUCD10014/2019-09-23/20190923-2MUCD10014-166eden60s.fits (230/413)
Storing /home/altsai/eden/LOT20190923_mod/20190923-2MUCD10014-167eden60s.fits -> s3://eden-data/RAW/LOT/2MUCD10014/2019-09-23/20190923-2MUCD10014-167eden60s.fits (231/413)
Storing /home/altsai/eden/LOT20190923_mod/20190923-2MUCD10014-168eden60s.fits -> s3://eden-data/RAW/LOT/2MUCD10014/2019-09-23/20190923-2MUCD10014-168eden60s.fits (232/413)
Storing /home/altsai/eden/LOT20190923_mod/20190923-2MUCD10014-169eden60s.fits -> s3://eden-data/RAW/LOT/2MUCD10014/2019-09-23/20190923-2MUCD10014-169eden60s.fits (233/413)
Storing /home/altsai/eden/LOT20190923_mod/20190923-2MUCD10014-170eden60s.fits -> s3://eden-data/RAW/LOT/2MUCD10014/2019-09-23/20190923-2MUCD10014-170eden60s.fits (234/413)
Storing /home/altsai/eden/LOT20190923_mod/20190923-2MUCD10014-171eden60s.fits -> s3://eden-data/RAW/LOT/2MUCD10014/2019-09-23/20190923-2MUCD10014-171eden60s.fits (235/413)
Storing /home/altsai/eden/LOT20190923_mod/20190923-2MUCD10014-172eden60s.fits -> s3://eden-data/RAW/LOT/2MUCD10014/2019-09-23/20190923-2MUCD10014-172eden60s.fits (236/413)
Storing /home/altsai/eden/LOT20190923_mod/20190923-2MUCD10014-173eden60s.fits -> s3://eden-data/RAW/LOT/2MUCD10014/2019-09-23/20190923-2MUCD10014-173eden60s.fits (237/413)
Storing /home/altsai/eden/LOT20190923_mod/20190923-2MUCD10014-174eden60s.fits -> s3://eden-data/RAW/LOT/2MUCD10014/2019-09-23/20190923-2MUCD10014-174eden60s.fits (238/413)
Storing /home/altsai/eden/LOT20190923_mod/20190923-2MUCD10014-175eden60s.fits -> s3://eden-data/RAW/LOT/2MUCD10014/2019-09-23/20190923-2MUCD10014-175eden60s.fits (239/413)
Storing /home/altsai/eden/LOT20190923_mod/20190923-2MUCD10014-176eden60s.fits -> s3://eden-data/RAW/LOT/2MUCD10014/2019-09-23/20190923-2MUCD10014-176eden60s.fits (240/413)
Storing /home/altsai/eden/LOT20190923_mod/20190923-2MUCD10014-177eden60s.fits -> s3://eden-data/RAW/LOT/2MUCD10014/2019-09-23/20190923-2MUCD10014-177eden60s.fits (241/413)
Storing /home/altsai/eden/LOT20190923_mod/20190923-2MUCD10014-178eden60s.fits -> s3://eden-data/RAW/LOT/2MUCD10014/2019-09-23/20190923-2MUCD10014-178eden60s.fits (242/413)
Storing /home/altsai/eden/LOT20190923_mod/20190923-2MUCD10014-179eden60s.fits -> s3://eden-data/RAW/LOT/2MUCD10014/2019-09-23/20190923-2MUCD10014-179eden60s.fits (243/413)
Storing /home/altsai/eden/LOT20190923_mod/20190923-2MUCD10014-180eden60s.fits -> s3://eden-data/RAW/LOT/2MUCD10014/2019-09-23/20190923-2MUCD10014-180eden60s.fits (244/413)
Storing /home/altsai/eden/LOT20190923_mod/2MUCD10014-20190923@140844-Eden.fts -> s3://eden-data/RAW/LOT/2MUCD10014/2019-09-23/2MUCD10014-20190923@140844-Eden.fits (245/413)
Storing /home/altsai/eden/LOT20190923_mod/2MUCD10014-20190923@141251-Eden.fts -> s3://eden-data/RAW/LOT/2MUCD10014/2019-09-23/2MUCD10014-20190923@141251-Eden.fits (246/413)
Storing /home/altsai/eden/LOT20190923_mod/2MUCD10014-20190923@141415-Eden.fts -> s3://eden-data/RAW/LOT/2MUCD10014/2019-09-23/2MUCD10014-20190923@141415-Eden.fits (247/413)
Storing /home/altsai/eden/LOT20190923_mod/2MUCD10014-20190923@141526-Eden.fts -> s3://eden-data/RAW/LOT/2MUCD10014/2019-09-23/2MUCD10014-20190923@141526-Eden.fits (248/413)
Storing /home/altsai/eden/LOT20190923_mod/2MUCD10014-20190923@141637-Eden.fts -> s3://eden-data/RAW/LOT/2MUCD10014/2019-09-23/2MUCD10014-20190923@141637-Eden.fits (249/413)
Storing /home/altsai/eden/LOT20190923_mod/2MUCD10014-20190923@141748-Eden.fts -> s3://eden-data/RAW/LOT/2MUCD10014/2019-09-23/2MUCD10014-20190923@141748-Eden.fits (250/413)
Storing /home/altsai/eden/LOT20190923_mod/2MUCD10014-20190923@141859-Eden.fts -> s3://eden-data/RAW/LOT/2MUCD10014/2019-09-23/2MUCD10014-20190923@141859-Eden.fits (251/413)
Storing /home/altsai/eden/LOT20190923_mod/2MUCD10014-20190923@142011-Eden.fts -> s3://eden-data/RAW/LOT/2MUCD10014/2019-09-23/2MUCD10014-20190923@142011-Eden.fits (252/413)
Storing /home/altsai/eden/LOT20190923_mod/2MUCD10014-20190923@142122-Eden.fts -> s3://eden-data/RAW/LOT/2MUCD10014/2019-09-23/2MUCD10014-20190923@142122-Eden.fits (253/413)
Storing /home/altsai/eden/LOT20190923_mod/2MUCD10014-20190923@142233-Eden.fts -> s3://eden-data/RAW/LOT/2MUCD10014/2019-09-23/2MUCD10014-20190923@142233-Eden.fits (254/413)
Storing /home/altsai/eden/LOT20190923_mod/2MUCD10014-20190923@142344-Eden.fts -> s3://eden-data/RAW/LOT/2MUCD10014/2019-09-23/2MUCD10014-20190923@142344-Eden.fits (255/413)
Storing /home/altsai/eden/LOT20190923_mod/2MUCD10014-20190923@142456-Eden.fts -> s3://eden-data/RAW/LOT/2MUCD10014/2019-09-23/2MUCD10014-20190923@142456-Eden.fits (256/413)
Storing /home/altsai/eden/LOT20190923_mod/2MUCD10014-20190923@142608-Eden.fts -> s3://eden-data/RAW/LOT/2MUCD10014/2019-09-23/2MUCD10014-20190923@142608-Eden.fits (257/413)
Storing /home/altsai/eden/LOT20190923_mod/2MUCD10014-20190923@142720-Eden.fts -> s3://eden-data/RAW/LOT/2MUCD10014/2019-09-23/2MUCD10014-20190923@142720-Eden.fits (258/413)
Storing /home/altsai/eden/LOT20190923_mod/2MUCD10014-20190923@142831-Eden.fts -> s3://eden-data/RAW/LOT/2MUCD10014/2019-09-23/2MUCD10014-20190923@142831-Eden.fits (259/413)
Storing /home/altsai/eden/LOT20190923_mod/2MUCD10014-20190923@142942-Eden.fts -> s3://eden-data/RAW/LOT/2MUCD10014/2019-09-23/2MUCD10014-20190923@142942-Eden.fits (260/413)
Storing /home/altsai/eden/LOT20190923_mod/2MUCD10014-20190923@143053-Eden.fts -> s3://eden-data/RAW/LOT/2MUCD10014/2019-09-23/2MUCD10014-20190923@143053-Eden.fits (261/413)
Storing /home/altsai/eden/LOT20190923_mod/2MUCD10014-20190923@143205-Eden.fts -> s3://eden-data/RAW/LOT/2MUCD10014/2019-09-23/2MUCD10014-20190923@143205-Eden.fits (262/413)
Storing /home/altsai/eden/LOT20190923_mod/2MUCD10014-20190923@143318-Eden.fts -> s3://eden-data/RAW/LOT/2MUCD10014/2019-09-23/2MUCD10014-20190923@143318-Eden.fits (263/413)
Storing /home/altsai/eden/LOT20190923_mod/2MUCD10014-20190923@143430-Eden.fts -> s3://eden-data/RAW/LOT/2MUCD10014/2019-09-23/2MUCD10014-20190923@143430-Eden.fits (264/413)
Storing /home/altsai/eden/LOT20190923_mod/2MUCD10014-20190923@143541-Eden.fts -> s3://eden-data/RAW/LOT/2MUCD10014/2019-09-23/2MUCD10014-20190923@143541-Eden.fits (265/413)
Storing /home/altsai/eden/LOT20190923_mod/2MUCD10014-20190923@143652-Eden.fts -> s3://eden-data/RAW/LOT/2MUCD10014/2019-09-23/2MUCD10014-20190923@143652-Eden.fits (266/413)
Storing /home/altsai/eden/LOT20190923_mod/2MUCD10014-20190923@143803-Eden.fts -> s3://eden-data/RAW/LOT/2MUCD10014/2019-09-23/2MUCD10014-20190923@143803-Eden.fits (267/413)
Storing /home/altsai/eden/LOT20190923_mod/2MUCD10014-20190923@143916-Eden.fts -> s3://eden-data/RAW/LOT/2MUCD10014/2019-09-23/2MUCD10014-20190923@143916-Eden.fits (268/413)
Storing /home/altsai/eden/LOT20190923_mod/2MUCD10014-20190923@144028-Eden.fts -> s3://eden-data/RAW/LOT/2MUCD10014/2019-09-23/2MUCD10014-20190923@144028-Eden.fits (269/413)
Storing /home/altsai/eden/LOT20190923_mod/2MUCD10014-20190923@144139-Eden.fts -> s3://eden-data/RAW/LOT/2MUCD10014/2019-09-23/2MUCD10014-20190923@144139-Eden.fits (270/413)
Storing /home/altsai/eden/LOT20190923_mod/2MUCD10014-20190923@144250-Eden.fts -> s3://eden-data/RAW/LOT/2MUCD10014/2019-09-23/2MUCD10014-20190923@144250-Eden.fits (271/413)
Storing /home/altsai/eden/LOT20190923_mod/2MUCD10014-20190923@144402-Eden.fts -> s3://eden-data/RAW/LOT/2MUCD10014/2019-09-23/2MUCD10014-20190923@144402-Eden.fits (272/413)
Storing /home/altsai/eden/LOT20190923_mod/2MUCD10014-20190923@144513-Eden.fts -> s3://eden-data/RAW/LOT/2MUCD10014/2019-09-23/2MUCD10014-20190923@144513-Eden.fits (273/413)
Storing /home/altsai/eden/LOT20190923_mod/2MUCD10014-20190923@144625-Eden.fts -> s3://eden-data/RAW/LOT/2MUCD10014/2019-09-23/2MUCD10014-20190923@144625-Eden.fits (274/413)
Storing /home/altsai/eden/LOT20190923_mod/2MUCD10014-20190923@144737-Eden.fts -> s3://eden-data/RAW/LOT/2MUCD10014/2019-09-23/2MUCD10014-20190923@144737-Eden.fits (275/413)
Storing /home/altsai/eden/LOT20190923_mod/2MUCD10014-20190923@144848-Eden.fts -> s3://eden-data/RAW/LOT/2MUCD10014/2019-09-23/2MUCD10014-20190923@144848-Eden.fits (276/413)
Storing /home/altsai/eden/LOT20190923_mod/2MUCD10014-20190923@144959-Eden.fts -> s3://eden-data/RAW/LOT/2MUCD10014/2019-09-23/2MUCD10014-20190923@144959-Eden.fits (277/413)
Storing /home/altsai/eden/LOT20190923_mod/2MUCD10014-20190923@145110-Eden.fts -> s3://eden-data/RAW/LOT/2MUCD10014/2019-09-23/2MUCD10014-20190923@145110-Eden.fits (278/413)
Storing /home/altsai/eden/LOT20190923_mod/2MUCD10014-20190923@145223-Eden.fts -> s3://eden-data/RAW/LOT/2MUCD10014/2019-09-23/2MUCD10014-20190923@145223-Eden.fits (279/413)
Storing /home/altsai/eden/LOT20190923_mod/2MUCD10014-20190923@145335-Eden.fts -> s3://eden-data/RAW/LOT/2MUCD10014/2019-09-23/2MUCD10014-20190923@145335-Eden.fits (280/413)
Storing /home/altsai/eden/LOT20190923_mod/2MUCD10014-20190923@145446-Eden.fts -> s3://eden-data/RAW/LOT/2MUCD10014/2019-09-23/2MUCD10014-20190923@145446-Eden.fits (281/413)
Storing /home/altsai/eden/LOT20190923_mod/2MUCD10014-20190923@145558-Eden.fts -> s3://eden-data/RAW/LOT/2MUCD10014/2019-09-23/2MUCD10014-20190923@145558-Eden.fits (282/413)
Storing /home/altsai/eden/LOT20190923_mod/2MUCD10014-20190923@145710-Eden.fts -> s3://eden-data/RAW/LOT/2MUCD10014/2019-09-23/2MUCD10014-20190923@145710-Eden.fits (283/413)
Storing /home/altsai/eden/LOT20190923_mod/2MUCD10014-20190923@145822-Eden.fts -> s3://eden-data/RAW/LOT/2MUCD10014/2019-09-23/2MUCD10014-20190923@145822-Eden.fits (284/413)
Storing /home/altsai/eden/LOT20190923_mod/2MUCD10014-20190923@145933-Eden.fts -> s3://eden-data/RAW/LOT/2MUCD10014/2019-09-23/2MUCD10014-20190923@145933-Eden.fits (285/413)
Storing /home/altsai/eden/LOT20190923_mod/2MUCD10014-20190923@150046-Eden.fts -> s3://eden-data/RAW/LOT/2MUCD10014/2019-09-23/2MUCD10014-20190923@150046-Eden.fits (286/413)
Storing /home/altsai/eden/LOT20190923_mod/2MUCD10014-20190923@150158-Eden.fts -> s3://eden-data/RAW/LOT/2MUCD10014/2019-09-23/2MUCD10014-20190923@150158-Eden.fits (287/413)
Storing /home/altsai/eden/LOT20190923_mod/2MUCD10014-20190923@150310-Eden.fts -> s3://eden-data/RAW/LOT/2MUCD10014/2019-09-23/2MUCD10014-20190923@150310-Eden.fits (288/413)
Storing /home/altsai/eden/LOT20190923_mod/2MUCD10014-20190923@150422-Eden.fts -> s3://eden-data/RAW/LOT/2MUCD10014/2019-09-23/2MUCD10014-20190923@150422-Eden.fits (289/413)
Storing /home/altsai/eden/LOT20190923_mod/2MUCD10014-20190923@150534-Eden.fts -> s3://eden-data/RAW/LOT/2MUCD10014/2019-09-23/2MUCD10014-20190923@150534-Eden.fits (290/413)
Storing /home/altsai/eden/LOT20190923_mod/2MUCD10014-20190923@150646-Eden.fts -> s3://eden-data/RAW/LOT/2MUCD10014/2019-09-23/2MUCD10014-20190923@150646-Eden.fits (291/413)
Storing /home/altsai/eden/LOT20190923_mod/2MUCD10014-20190923@150757-Eden.fts -> s3://eden-data/RAW/LOT/2MUCD10014/2019-09-23/2MUCD10014-20190923@150757-Eden.fits (292/413)
Storing /home/altsai/eden/LOT20190923_mod/2MUCD10014-20190923@150909-Eden.fts -> s3://eden-data/RAW/LOT/2MUCD10014/2019-09-23/2MUCD10014-20190923@150909-Eden.fits (293/413)
Storing /home/altsai/eden/LOT20190923_mod/2MUCD10014-20190923@151020-Eden.fts -> s3://eden-data/RAW/LOT/2MUCD10014/2019-09-23/2MUCD10014-20190923@151020-Eden.fits (294/413)
Storing /home/altsai/eden/LOT20190923_mod/2MUCD10014-20190923@151131-Eden.fts -> s3://eden-data/RAW/LOT/2MUCD10014/2019-09-23/2MUCD10014-20190923@151131-Eden.fits (295/413)
Storing /home/altsai/eden/LOT20190923_mod/2MUCD10014-20190923@151243-Eden.fts -> s3://eden-data/RAW/LOT/2MUCD10014/2019-09-23/2MUCD10014-20190923@151243-Eden.fits (296/413)
Storing /home/altsai/eden/LOT20190923_mod/2MUCD10014-20190923@151355-Eden.fts -> s3://eden-data/RAW/LOT/2MUCD10014/2019-09-23/2MUCD10014-20190923@151355-Eden.fits (297/413)
Storing /home/altsai/eden/LOT20190923_mod/2MUCD10014-20190923@151506-Eden.fts -> s3://eden-data/RAW/LOT/2MUCD10014/2019-09-23/2MUCD10014-20190923@151506-Eden.fits (298/413)
Storing /home/altsai/eden/LOT20190923_mod/2MUCD10014-20190923@151618-Eden.fts -> s3://eden-data/RAW/LOT/2MUCD10014/2019-09-23/2MUCD10014-20190923@151618-Eden.fits (299/413)
Storing /home/altsai/eden/LOT20190923_mod/2MUCD10014-20190923@151729-Eden.fts -> s3://eden-data/RAW/LOT/2MUCD10014/2019-09-23/2MUCD10014-20190923@151729-Eden.fits (300/413)
Storing /home/altsai/eden/LOT20190923_mod/2MUCD10014-20190923@151841-Eden.fts -> s3://eden-data/RAW/LOT/2MUCD10014/2019-09-23/2MUCD10014-20190923@151841-Eden.fits (301/413)
Storing /home/altsai/eden/LOT20190923_mod/2MUCD10014-20190923@151953-Eden.fts -> s3://eden-data/RAW/LOT/2MUCD10014/2019-09-23/2MUCD10014-20190923@151953-Eden.fits (302/413)
Storing /home/altsai/eden/LOT20190923_mod/2MUCD10014-20190923@152105-Eden.fts -> s3://eden-data/RAW/LOT/2MUCD10014/2019-09-23/2MUCD10014-20190923@152105-Eden.fits (303/413)
Storing /home/altsai/eden/LOT20190923_mod/2MUCD10014-20190923@152216-Eden.fts -> s3://eden-data/RAW/LOT/2MUCD10014/2019-09-23/2MUCD10014-20190923@152216-Eden.fits (304/413)
Storing /home/altsai/eden/LOT20190923_mod/2MUCD10014-20190923@152328-Eden.fts -> s3://eden-data/RAW/LOT/2MUCD10014/2019-09-23/2MUCD10014-20190923@152328-Eden.fits (305/413)
Storing /home/altsai/eden/LOT20190923_mod/2MUCD10014-20190923@152440-Eden.fts -> s3://eden-data/RAW/LOT/2MUCD10014/2019-09-23/2MUCD10014-20190923@152440-Eden.fits (306/413)
Storing /home/altsai/eden/LOT20190923_mod/2MUCD10014-20190923@152551-Eden.fts -> s3://eden-data/RAW/LOT/2MUCD10014/2019-09-23/2MUCD10014-20190923@152551-Eden.fits (307/413)
Storing /home/altsai/eden/LOT20190923_mod/2MUCD10014-20190923@152702-Eden.fts -> s3://eden-data/RAW/LOT/2MUCD10014/2019-09-23/2MUCD10014-20190923@152702-Eden.fits (308/413)
Storing /home/altsai/eden/LOT20190923_mod/2MUCD10014-20190923@152814-Eden.fts -> s3://eden-data/RAW/LOT/2MUCD10014/2019-09-23/2MUCD10014-20190923@152814-Eden.fits (309/413)
Storing /home/altsai/eden/LOT20190923_mod/2MUCD10014-20190923@152926-Eden.fts -> s3://eden-data/RAW/LOT/2MUCD10014/2019-09-23/2MUCD10014-20190923@152926-Eden.fits (310/413)
Storing /home/altsai/eden/LOT20190923_mod/2MUCD10014-20190923@153036-Eden.fts -> s3://eden-data/RAW/LOT/2MUCD10014/2019-09-23/2MUCD10014-20190923@153036-Eden.fits (311/413)
Storing /home/altsai/eden/LOT20190923_mod/2MUCD10014-20190923@153148-Eden.fts -> s3://eden-data/RAW/LOT/2MUCD10014/2019-09-23/2MUCD10014-20190923@153148-Eden.fits (312/413)
Storing /home/altsai/eden/LOT20190923_mod/2MUCD10014-20190923@153300-Eden.fts -> s3://eden-data/RAW/LOT/2MUCD10014/2019-09-23/2MUCD10014-20190923@153300-Eden.fits (313/413)
Storing /home/altsai/eden/LOT20190923_mod/2MUCD10014-20190923@153412-Eden.fts -> s3://eden-data/RAW/LOT/2MUCD10014/2019-09-23/2MUCD10014-20190923@153412-Eden.fits (314/413)
Storing /home/altsai/eden/LOT20190923_mod/2MUCD10014-20190923@153524-Eden.fts -> s3://eden-data/RAW/LOT/2MUCD10014/2019-09-23/2MUCD10014-20190923@153524-Eden.fits (315/413)
Storing /home/altsai/eden/LOT20190923_mod/2MUCD10014-20190923@153635-Eden.fts -> s3://eden-data/RAW/LOT/2MUCD10014/2019-09-23/2MUCD10014-20190923@153635-Eden.fits (316/413)
Storing /home/altsai/eden/LOT20190923_mod/2MUCD10014-20190923@153748-Eden.fts -> s3://eden-data/RAW/LOT/2MUCD10014/2019-09-23/2MUCD10014-20190923@153748-Eden.fits (317/413)
Storing /home/altsai/eden/LOT20190923_mod/2MUCD10014-20190923@153859-Eden.fts -> s3://eden-data/RAW/LOT/2MUCD10014/2019-09-23/2MUCD10014-20190923@153859-Eden.fits (318/413)
Storing /home/altsai/eden/LOT20190923_mod/2MUCD10014-20190923@154011-Eden.fts -> s3://eden-data/RAW/LOT/2MUCD10014/2019-09-23/2MUCD10014-20190923@154011-Eden.fits (319/413)
Storing /home/altsai/eden/LOT20190923_mod/2MUCD10014-20190923@154124-Eden.fts -> s3://eden-data/RAW/LOT/2MUCD10014/2019-09-23/2MUCD10014-20190923@154124-Eden.fits (320/413)
Storing /home/altsai/eden/LOT20190923_mod/2MUCD10014-20190923@154235-Eden.fts -> s3://eden-data/RAW/LOT/2MUCD10014/2019-09-23/2MUCD10014-20190923@154235-Eden.fits (321/413)
Storing /home/altsai/eden/LOT20190923_mod/2MUCD10014-20190923@154346-Eden.fts -> s3://eden-data/RAW/LOT/2MUCD10014/2019-09-23/2MUCD10014-20190923@154346-Eden.fits (322/413)
Storing /home/altsai/eden/LOT20190923_mod/2MUCD10014-20190923@154458-Eden.fts -> s3://eden-data/RAW/LOT/2MUCD10014/2019-09-23/2MUCD10014-20190923@154458-Eden.fits (323/413)
Storing /home/altsai/eden/LOT20190923_mod/2MUCD10014-20190923@154609-Eden.fts -> s3://eden-data/RAW/LOT/2MUCD10014/2019-09-23/2MUCD10014-20190923@154609-Eden.fits (324/413)
Storing /home/altsai/eden/LOT20190923_mod/2MUCD10014-20190923@154721-Eden.fts -> s3://eden-data/RAW/LOT/2MUCD10014/2019-09-23/2MUCD10014-20190923@154721-Eden.fits (325/413)
Storing /home/altsai/eden/LOT20190923_mod/2MUCD10014-20190923@154834-Eden.fts -> s3://eden-data/RAW/LOT/2MUCD10014/2019-09-23/2MUCD10014-20190923@154834-Eden.fits (326/413)
Storing /home/altsai/eden/LOT20190923_mod/2MUCD10014-20190923@154945-Eden.fts -> s3://eden-data/RAW/LOT/2MUCD10014/2019-09-23/2MUCD10014-20190923@154945-Eden.fits (327/413)
Storing /home/altsai/eden/LOT20190923_mod/2MUCD10014-20190923@155056-Eden.fts -> s3://eden-data/RAW/LOT/2MUCD10014/2019-09-23/2MUCD10014-20190923@155056-Eden.fits (328/413)
Storing /home/altsai/eden/LOT20190923_mod/2MUCD10014-20190923@155208-Eden.fts -> s3://eden-data/RAW/LOT/2MUCD10014/2019-09-23/2MUCD10014-20190923@155208-Eden.fits (329/413)
Storing /home/altsai/eden/LOT20190923_mod/2MUCD10014-20190923@155319-Eden.fts -> s3://eden-data/RAW/LOT/2MUCD10014/2019-09-23/2MUCD10014-20190923@155319-Eden.fits (330/413)
Storing /home/altsai/eden/LOT20190923_mod/2MUCD10014-20190923@155431-Eden.fts -> s3://eden-data/RAW/LOT/2MUCD10014/2019-09-23/2MUCD10014-20190923@155431-Eden.fits (331/413)
Storing /home/altsai/eden/LOT20190923_mod/2MUCD10014-20190923@155543-Eden.fts -> s3://eden-data/RAW/LOT/2MUCD10014/2019-09-23/2MUCD10014-20190923@155543-Eden.fits (332/413)
Storing /home/altsai/eden/LOT20190923_mod/2MUCD10014-20190923@155655-Eden.fts -> s3://eden-data/RAW/LOT/2MUCD10014/2019-09-23/2MUCD10014-20190923@155655-Eden.fits (333/413)
Storing /home/altsai/eden/LOT20190923_mod/2MUCD10014-20190923@155807-Eden.fts -> s3://eden-data/RAW/LOT/2MUCD10014/2019-09-23/2MUCD10014-20190923@155807-Eden.fits (334/413)
Storing /home/altsai/eden/LOT20190923_mod/2MUCD10014-20190923@155918-Eden.fts -> s3://eden-data/RAW/LOT/2MUCD10014/2019-09-23/2MUCD10014-20190923@155918-Eden.fits (335/413)
Storing /home/altsai/eden/LOT20190923_mod/2MUCD10014-20190923@160029-Eden.fts -> s3://eden-data/RAW/LOT/2MUCD10014/2019-09-23/2MUCD10014-20190923@160029-Eden.fits (336/413)
Storing /home/altsai/eden/LOT20190923_mod/2MUCD10014-20190923@160140-Eden.fts -> s3://eden-data/RAW/LOT/2MUCD10014/2019-09-23/2MUCD10014-20190923@160140-Eden.fits (337/413)
Storing /home/altsai/eden/LOT20190923_mod/2MUCD10014-20190923@160253-Eden.fts -> s3://eden-data/RAW/LOT/2MUCD10014/2019-09-23/2MUCD10014-20190923@160253-Eden.fits (338/413)
Storing /home/altsai/eden/LOT20190923_mod/2MUCD10014-20190923@160405-Eden.fts -> s3://eden-data/RAW/LOT/2MUCD10014/2019-09-23/2MUCD10014-20190923@160405-Eden.fits (339/413)
Storing /home/altsai/eden/LOT20190923_mod/2MUCD10014-20190923@160516-Eden.fts -> s3://eden-data/RAW/LOT/2MUCD10014/2019-09-23/2MUCD10014-20190923@160516-Eden.fits (340/413)
Storing /home/altsai/eden/LOT20190923_mod/2MUCD10014-20190923@160628-Eden.fts -> s3://eden-data/RAW/LOT/2MUCD10014/2019-09-23/2MUCD10014-20190923@160628-Eden.fits (341/413)
Storing /home/altsai/eden/LOT20190923_mod/2MUCD10014-20190923@160740-Eden.fts -> s3://eden-data/RAW/LOT/2MUCD10014/2019-09-23/2MUCD10014-20190923@160740-Eden.fits (342/413)
Storing /home/altsai/eden/LOT20190923_mod/2MUCD10014-20190923@160851-Eden.fts -> s3://eden-data/RAW/LOT/2MUCD10014/2019-09-23/2MUCD10014-20190923@160851-Eden.fits (343/413)
Storing /home/altsai/eden/LOT20190923_mod/2MUCD10014-20190923@161003-Eden.fts -> s3://eden-data/RAW/LOT/2MUCD10014/2019-09-23/2MUCD10014-20190923@161003-Eden.fits (344/413)
Storing /home/altsai/eden/LOT20190923_mod/2MUCD10014-20190923@161115-Eden.fts -> s3://eden-data/RAW/LOT/2MUCD10014/2019-09-23/2MUCD10014-20190923@161115-Eden.fits (345/413)
Storing /home/altsai/eden/LOT20190923_mod/2MUCD10014-20190923@161228-Eden.fts -> s3://eden-data/RAW/LOT/2MUCD10014/2019-09-23/2MUCD10014-20190923@161228-Eden.fits (346/413)
Storing /home/altsai/eden/LOT20190923_mod/2MUCD10014-20190923@161339-Eden.fts -> s3://eden-data/RAW/LOT/2MUCD10014/2019-09-23/2MUCD10014-20190923@161339-Eden.fits (347/413)
Storing /home/altsai/eden/LOT20190923_mod/2MUCD10014-20190923@161450-Eden.fts -> s3://eden-data/RAW/LOT/2MUCD10014/2019-09-23/2MUCD10014-20190923@161450-Eden.fits (348/413)
Storing /home/altsai/eden/LOT20190923_mod/2MUCD10014-20190923@161602-Eden.fts -> s3://eden-data/RAW/LOT/2MUCD10014/2019-09-23/2MUCD10014-20190923@161602-Eden.fits (349/413)
Storing /home/altsai/eden/LOT20190923_mod/2MUCD10014-20190923@161714-Eden.fts -> s3://eden-data/RAW/LOT/2MUCD10014/2019-09-23/2MUCD10014-20190923@161714-Eden.fits (350/413)
Storing /home/altsai/eden/LOT20190923_mod/2MUCD10014-20190923@161825-Eden.fts -> s3://eden-data/RAW/LOT/2MUCD10014/2019-09-23/2MUCD10014-20190923@161825-Eden.fits (351/413)
Storing /home/altsai/eden/LOT20190923_mod/2MUCD10014-20190923@161950-Eden.fts -> s3://eden-data/RAW/LOT/2MUCD10014/2019-09-23/2MUCD10014-20190923@161950-Eden.fits (352/413)
Storing /home/altsai/eden/LOT20190923_mod/2MUCD10014-20190923@162102-Eden.fts -> s3://eden-data/RAW/LOT/2MUCD10014/2019-09-23/2MUCD10014-20190923@162102-Eden.fits (353/413)
Storing /home/altsai/eden/LOT20190923_mod/Bias-20190923@213549-000S.fts -> s3://eden-data/Calibrations/LOT/BIAS/2019-09-23/Bias-20190923@213549-000S.fits (354/413)
Storing /home/altsai/eden/LOT20190923_mod/Bias-20190923@213556-000S.fts -> s3://eden-data/Calibrations/LOT/BIAS/2019-09-23/Bias-20190923@213556-000S.fits (355/413)
Storing /home/altsai/eden/LOT20190923_mod/Bias-20190923@213603-000S.fts -> s3://eden-data/Calibrations/LOT/BIAS/2019-09-23/Bias-20190923@213603-000S.fits (356/413)
Storing /home/altsai/eden/LOT20190923_mod/Bias-20190923@213611-000S.fts -> s3://eden-data/Calibrations/LOT/BIAS/2019-09-23/Bias-20190923@213611-000S.fits (357/413)
Storing /home/altsai/eden/LOT20190923_mod/Bias-20190923@213617-000S.fts -> s3://eden-data/Calibrations/LOT/BIAS/2019-09-23/Bias-20190923@213617-000S.fits (358/413)
Storing /home/altsai/eden/LOT20190923_mod/Bias-20190923@213625-000S.fts -> s3://eden-data/Calibrations/LOT/BIAS/2019-09-23/Bias-20190923@213625-000S.fits (359/413)
Storing /home/altsai/eden/LOT20190923_mod/Bias-20190923@213632-000S.fts -> s3://eden-data/Calibrations/LOT/BIAS/2019-09-23/Bias-20190923@213632-000S.fits (360/413)
Storing /home/altsai/eden/LOT20190923_mod/Bias-20190923@213638-000S.fts -> s3://eden-data/Calibrations/LOT/BIAS/2019-09-23/Bias-20190923@213638-000S.fits (361/413)
Storing /home/altsai/eden/LOT20190923_mod/Bias-20190923@213645-000S.fts -> s3://eden-data/Calibrations/LOT/BIAS/2019-09-23/Bias-20190923@213645-000S.fits (362/413)
Storing /home/altsai/eden/LOT20190923_mod/Bias-20190923@213652-000S.fts -> s3://eden-data/Calibrations/LOT/BIAS/2019-09-23/Bias-20190923@213652-000S.fits (363/413)
Storing /home/altsai/eden/LOT20190923_mod/Dark-20190923@213701-100S.fts -> s3://eden-data/Calibrations/LOT/DARK/2019-09-23/Dark-20190923@213701-100S.fits (364/413)
Storing /home/altsai/eden/LOT20190923_mod/Dark-20190923@213847-100S.fts -> s3://eden-data/Calibrations/LOT/DARK/2019-09-23/Dark-20190923@213847-100S.fits (365/413)
Storing /home/altsai/eden/LOT20190923_mod/Dark-20190923@214034-100S.fts -> s3://eden-data/Calibrations/LOT/DARK/2019-09-23/Dark-20190923@214034-100S.fits (366/413)
Storing /home/altsai/eden/LOT20190923_mod/Dark-20190923@214221-100S.fts -> s3://eden-data/Calibrations/LOT/DARK/2019-09-23/Dark-20190923@214221-100S.fits (367/413)
Storing /home/altsai/eden/LOT20190923_mod/Dark-20190923@214408-100S.fts -> s3://eden-data/Calibrations/LOT/DARK/2019-09-23/Dark-20190923@214408-100S.fits (368/413)
Storing /home/altsai/eden/LOT20190923_mod/Dark-20190923@214554-100S.fts -> s3://eden-data/Calibrations/LOT/DARK/2019-09-23/Dark-20190923@214554-100S.fits (369/413)
Storing /home/altsai/eden/LOT20190923_mod/Dark-20190923@214741-100S.fts -> s3://eden-data/Calibrations/LOT/DARK/2019-09-23/Dark-20190923@214741-100S.fits (370/413)
Storing /home/altsai/eden/LOT20190923_mod/Dark-20190923@214928-100S.fts -> s3://eden-data/Calibrations/LOT/DARK/2019-09-23/Dark-20190923@214928-100S.fits (371/413)
Storing /home/altsai/eden/LOT20190923_mod/Dark-20190923@215115-100S.fts -> s3://eden-data/Calibrations/LOT/DARK/2019-09-23/Dark-20190923@215115-100S.fits (372/413)
Storing /home/altsai/eden/LOT20190923_mod/Dark-20190923@215302-100S.fts -> s3://eden-data/Calibrations/LOT/DARK/2019-09-23/Dark-20190923@215302-100S.fits (373/413)
Storing /home/altsai/eden/LOT20190923_mod/Dark-20190923@215450-060S.fts -> s3://eden-data/Calibrations/LOT/DARK/2019-09-23/Dark-20190923@215450-060S.fits (374/413)
Storing /home/altsai/eden/LOT20190923_mod/Dark-20190923@215556-060S.fts -> s3://eden-data/Calibrations/LOT/DARK/2019-09-23/Dark-20190923@215556-060S.fits (375/413)
Storing /home/altsai/eden/LOT20190923_mod/Dark-20190923@215703-060S.fts -> s3://eden-data/Calibrations/LOT/DARK/2019-09-23/Dark-20190923@215703-060S.fits (376/413)
Storing /home/altsai/eden/LOT20190923_mod/Dark-20190923@215810-060S.fts -> s3://eden-data/Calibrations/LOT/DARK/2019-09-23/Dark-20190923@215810-060S.fits (377/413)
Storing /home/altsai/eden/LOT20190923_mod/Dark-20190923@215917-060S.fts -> s3://eden-data/Calibrations/LOT/DARK/2019-09-23/Dark-20190923@215917-060S.fits (378/413)
Storing /home/altsai/eden/LOT20190923_mod/Dark-20190923@220023-060S.fts -> s3://eden-data/Calibrations/LOT/DARK/2019-09-23/Dark-20190923@220023-060S.fits (379/413)
Storing /home/altsai/eden/LOT20190923_mod/Dark-20190923@220130-060S.fts -> s3://eden-data/Calibrations/LOT/DARK/2019-09-23/Dark-20190923@220130-060S.fits (380/413)
Storing /home/altsai/eden/LOT20190923_mod/Dark-20190923@220237-060S.fts -> s3://eden-data/Calibrations/LOT/DARK/2019-09-23/Dark-20190923@220237-060S.fits (381/413)
Storing /home/altsai/eden/LOT20190923_mod/Dark-20190923@220343-060S.fts -> s3://eden-data/Calibrations/LOT/DARK/2019-09-23/Dark-20190923@220343-060S.fits (382/413)
Storing /home/altsai/eden/LOT20190923_mod/Dark-20190923@220450-060S.fts -> s3://eden-data/Calibrations/LOT/DARK/2019-09-23/Dark-20190923@220450-060S.fits (383/413)
Storing /home/altsai/eden/LOT20190923_mod/Dark-20190923@220558-120S.fts -> s3://eden-data/Calibrations/LOT/DARK/2019-09-23/Dark-20190923@220558-120S.fits (384/413)
Storing /home/altsai/eden/LOT20190923_mod/Dark-20190923@220805-120S.fts -> s3://eden-data/Calibrations/LOT/DARK/2019-09-23/Dark-20190923@220805-120S.fits (385/413)
Storing /home/altsai/eden/LOT20190923_mod/Dark-20190923@221012-120S.fts -> s3://eden-data/Calibrations/LOT/DARK/2019-09-23/Dark-20190923@221012-120S.fits (386/413)
Storing /home/altsai/eden/LOT20190923_mod/Dark-20190923@221219-120S.fts -> s3://eden-data/Calibrations/LOT/DARK/2019-09-23/Dark-20190923@221219-120S.fits (387/413)
Storing /home/altsai/eden/LOT20190923_mod/Dark-20190923@221425-120S.fts -> s3://eden-data/Calibrations/LOT/DARK/2019-09-23/Dark-20190923@221425-120S.fits (388/413)
Storing /home/altsai/eden/LOT20190923_mod/Dark-20190923@221632-120S.fts -> s3://eden-data/Calibrations/LOT/DARK/2019-09-23/Dark-20190923@221632-120S.fits (389/413)
Storing /home/altsai/eden/LOT20190923_mod/Dark-20190923@221839-120S.fts -> s3://eden-data/Calibrations/LOT/DARK/2019-09-23/Dark-20190923@221839-120S.fits (390/413)
Storing /home/altsai/eden/LOT20190923_mod/Dark-20190923@222046-120S.fts -> s3://eden-data/Calibrations/LOT/DARK/2019-09-23/Dark-20190923@222046-120S.fits (391/413)
Storing /home/altsai/eden/LOT20190923_mod/Dark-20190923@222253-120S.fts -> s3://eden-data/Calibrations/LOT/DARK/2019-09-23/Dark-20190923@222253-120S.fits (392/413)
Storing /home/altsai/eden/LOT20190923_mod/Dark-20190923@222500-120S.fts -> s3://eden-data/Calibrations/LOT/DARK/2019-09-23/Dark-20190923@222500-120S.fits (393/413)
Storing /home/altsai/eden/LOT20190923_mod/Dark-20190923@222708-240S.fts -> s3://eden-data/Calibrations/LOT/DARK/2019-09-23/Dark-20190923@222708-240S.fits (394/413)
Storing /home/altsai/eden/LOT20190923_mod/Dark-20190923@223115-240S.fts -> s3://eden-data/Calibrations/LOT/DARK/2019-09-23/Dark-20190923@223115-240S.fits (395/413)
Storing /home/altsai/eden/LOT20190923_mod/Dark-20190923@223522-240S.fts -> s3://eden-data/Calibrations/LOT/DARK/2019-09-23/Dark-20190923@223522-240S.fits (396/413)
Storing /home/altsai/eden/LOT20190923_mod/Dark-20190923@223929-240S.fts -> s3://eden-data/Calibrations/LOT/DARK/2019-09-23/Dark-20190923@223929-240S.fits (397/413)
Storing /home/altsai/eden/LOT20190923_mod/Dark-20190923@224336-240S.fts -> s3://eden-data/Calibrations/LOT/DARK/2019-09-23/Dark-20190923@224336-240S.fits (398/413)
Storing /home/altsai/eden/LOT20190923_mod/Dark-20190923@224743-240S.fts -> s3://eden-data/Calibrations/LOT/DARK/2019-09-23/Dark-20190923@224743-240S.fits (399/413)
Storing /home/altsai/eden/LOT20190923_mod/Dark-20190923@225150-240S.fts -> s3://eden-data/Calibrations/LOT/DARK/2019-09-23/Dark-20190923@225150-240S.fits (400/413)
Storing /home/altsai/eden/LOT20190923_mod/Dark-20190923@225556-240S.fts -> s3://eden-data/Calibrations/LOT/DARK/2019-09-23/Dark-20190923@225556-240S.fits (401/413)
Storing /home/altsai/eden/LOT20190923_mod/Dark-20190923@230003-240S.fts -> s3://eden-data/Calibrations/LOT/DARK/2019-09-23/Dark-20190923@230003-240S.fits (402/413)
Storing /home/altsai/eden/LOT20190923_mod/Dark-20190923@230410-240S.fts -> s3://eden-data/Calibrations/LOT/DARK/2019-09-23/Dark-20190923@230410-240S.fits (403/413)
Storing /home/altsai/eden/LOT20190923_mod/Dark-20190923@230818-300S.fts -> s3://eden-data/Calibrations/LOT/DARK/2019-09-23/Dark-20190923@230818-300S.fits (404/413)
Storing /home/altsai/eden/LOT20190923_mod/Dark-20190923@231324-300S.fts -> s3://eden-data/Calibrations/LOT/DARK/2019-09-23/Dark-20190923@231324-300S.fits (405/413)
Storing /home/altsai/eden/LOT20190923_mod/Dark-20190923@231830-300S.fts -> s3://eden-data/Calibrations/LOT/DARK/2019-09-23/Dark-20190923@231830-300S.fits (406/413)
Storing /home/altsai/eden/LOT20190923_mod/Dark-20190923@232337-300S.fts -> s3://eden-data/Calibrations/LOT/DARK/2019-09-23/Dark-20190923@232337-300S.fits (407/413)
Storing /home/altsai/eden/LOT20190923_mod/Dark-20190923@232843-300S.fts -> s3://eden-data/Calibrations/LOT/DARK/2019-09-23/Dark-20190923@232843-300S.fits (408/413)
Storing /home/altsai/eden/LOT20190923_mod/Dark-20190923@233351-300S.fts -> s3://eden-data/Calibrations/LOT/DARK/2019-09-23/Dark-20190923@233351-300S.fits (409/413)
Storing /home/altsai/eden/LOT20190923_mod/Dark-20190923@233857-300S.fts -> s3://eden-data/Calibrations/LOT/DARK/2019-09-23/Dark-20190923@233857-300S.fits (410/413)
Storing /home/altsai/eden/LOT20190923_mod/Dark-20190923@234404-300S.fts -> s3://eden-data/Calibrations/LOT/DARK/2019-09-23/Dark-20190923@234404-300S.fits (411/413)
Storing /home/altsai/eden/LOT20190923_mod/Dark-20190923@234911-300S.fts -> s3://eden-data/Calibrations/LOT/DARK/2019-09-23/Dark-20190923@234911-300S.fits (412/413)
Storing /home/altsai/eden/LOT20190923_mod/Dark-20190923@235419-300S.fts -> s3://eden-data/Calibrations/LOT/DARK/2019-09-23/Dark-20190923@235419-300S.fits (413/413)

Upload complete!
Stored: 413 files (3.5 GB)

