-----------------
input parameters
-----------------
['modify_header_name_eden.py', 'LOT20220301_2MASS_J05392474+4038437', '36']
Your will modify header for: 2MASS_J05392474+4038437 [RA] 05 39 24.8045 [Dec] +40 38 42.8355 [Filter] GG495
---------------
folder: LOT20220301_2MASS_J05392474+4038437
will update fits in: LOT20220301_2MASS_J05392474+4038437_mod
 ---------------------------
 Exame Fits Header for Bias
 ---------------------------
find ./LOT20220301_2MASS_J05392474+4038437/bias-dark/ | grep 'fits\|fts'|sort 
found 0 Bias/Dark
no files in ./bias-dark/
 ---------------------------
 Exame Fits Header for Flat
 ---------------------------
find ./LOT20220301_2MASS_J05392474+4038437/ | grep flat/ | grep -E 'fits|fts'|sort -t'-' -k2.4,2.6 
found 0 Flat
no files in ./flat/
 ---------------------------
 Exame Fits Header for Additional Dark for Flat
 ---------------------------
find ./LOT20220301_2MASS_J05392474+4038437/ | grep flat/ |grep dark| grep -E 'fits|fts'|sort -t'-' -k2.4,2.6 
found 0 Additional Dark for Flat
no additional dark for flat in ./flat/
 ---------------------------
 Modify filename for Science Target
 ---------------------------
... update header ...
1/72 2MASS_J05392474+4038437-20220301@111611-Eden.fts [TYPE] LIGHT [OBJ] 2MASS_J05392474+4038437 [RA] 05 39 24.8045 [Dec] +40 38 42.8355 [FIL] GG495 [EXPTIME] 30.0 [Date] 2022-03-01T11:16:11 [Time] 11:16:11
2/72 2MASS_J05392474+4038437-20220301@111655-Eden.fts [TYPE] LIGHT [OBJ] 2MASS_J05392474+4038437 [RA] 05 39 24.8045 [Dec] +40 38 42.8355 [FIL] GG495 [EXPTIME] 30.0 [Date] 2022-03-01T11:16:55 [Time] 11:16:55
3/72 2MASS_J05392474+4038437-20220301@111738-Eden.fts [TYPE] LIGHT [OBJ] 2MASS_J05392474+4038437 [RA] 05 39 24.8045 [Dec] +40 38 42.8355 [FIL] GG495 [EXPTIME] 30.0 [Date] 2022-03-01T11:17:38 [Time] 11:17:38
4/72 2MASS_J05392474+4038437-20220301@111822-Eden.fts [TYPE] LIGHT [OBJ] 2MASS_J05392474+4038437 [RA] 05 39 24.8045 [Dec] +40 38 42.8355 [FIL] GG495 [EXPTIME] 30.0 [Date] 2022-03-01T11:18:22 [Time] 11:18:22
5/72 2MASS_J05392474+4038437-20220301@111905-Eden.fts [TYPE] LIGHT [OBJ] 2MASS_J05392474+4038437 [RA] 05 39 24.8045 [Dec] +40 38 42.8355 [FIL] GG495 [EXPTIME] 30.0 [Date] 2022-03-01T11:19:05 [Time] 11:19:05
6/72 2MASS_J05392474+4038437-20220301@111950-Eden.fts [TYPE] LIGHT [OBJ] 2MASS_J05392474+4038437 [RA] 05 39 24.8045 [Dec] +40 38 42.8355 [FIL] GG495 [EXPTIME] 30.0 [Date] 2022-03-01T11:19:50 [Time] 11:19:50
7/72 2MASS_J05392474+4038437-20220301@112034-Eden.fts [TYPE] LIGHT [OBJ] 2MASS_J05392474+4038437 [RA] 05 39 24.8045 [Dec] +40 38 42.8355 [FIL] GG495 [EXPTIME] 30.0 [Date] 2022-03-01T11:20:34 [Time] 11:20:34
8/72 2MASS_J05392474+4038437-20220301@112117-Eden.fts [TYPE] LIGHT [OBJ] 2MASS_J05392474+4038437 [RA] 05 39 24.8045 [Dec] +40 38 42.8355 [FIL] GG495 [EXPTIME] 30.0 [Date] 2022-03-01T11:21:17 [Time] 11:21:17
9/72 2MASS_J05392474+4038437-20220301@112202-Eden.fts [TYPE] LIGHT [OBJ] 2MASS_J05392474+4038437 [RA] 05 39 24.8045 [Dec] +40 38 42.8355 [FIL] GG495 [EXPTIME] 30.0 [Date] 2022-03-01T11:22:02 [Time] 11:22:02
10/72 2MASS_J05392474+4038437-20220301@112245-Eden.fts [TYPE] LIGHT [OBJ] 2MASS_J05392474+4038437 [RA] 05 39 24.8045 [Dec] +40 38 42.8355 [FIL] GG495 [EXPTIME] 30.0 [Date] 2022-03-01T11:22:45 [Time] 11:22:45
11/72 2MASS_J05392474+4038437-20220301@112329-Eden.fts [TYPE] LIGHT [OBJ] 2MASS_J05392474+4038437 [RA] 05 39 24.8045 [Dec] +40 38 42.8355 [FIL] GG495 [EXPTIME] 30.0 [Date] 2022-03-01T11:23:29 [Time] 11:23:29
12/72 2MASS_J05392474+4038437-20220301@112412-Eden.fts [TYPE] LIGHT [OBJ] 2MASS_J05392474+4038437 [RA] 05 39 24.8045 [Dec] +40 38 42.8355 [FIL] GG495 [EXPTIME] 30.0 [Date] 2022-03-01T11:24:12 [Time] 11:24:12
13/72 2MASS_J05392474+4038437-20220301@112456-Eden.fts [TYPE] LIGHT [OBJ] 2MASS_J05392474+4038437 [RA] 05 39 24.8045 [Dec] +40 38 42.8355 [FIL] GG495 [EXPTIME] 30.0 [Date] 2022-03-01T11:24:56 [Time] 11:24:56
14/72 2MASS_J05392474+4038437-20220301@112539-Eden.fts [TYPE] LIGHT [OBJ] 2MASS_J05392474+4038437 [RA] 05 39 24.8045 [Dec] +40 38 42.8355 [FIL] GG495 [EXPTIME] 30.0 [Date] 2022-03-01T11:25:39 [Time] 11:25:39
15/72 2MASS_J05392474+4038437-20220301@112625-Eden.fts [TYPE] LIGHT [OBJ] 2MASS_J05392474+4038437 [RA] 05 39 24.8045 [Dec] +40 38 42.8355 [FIL] GG495 [EXPTIME] 30.0 [Date] 2022-03-01T11:26:25 [Time] 11:26:25
16/72 2MASS_J05392474+4038437-20220301@112708-Eden.fts [TYPE] LIGHT [OBJ] 2MASS_J05392474+4038437 [RA] 05 39 24.8045 [Dec] +40 38 42.8355 [FIL] GG495 [EXPTIME] 30.0 [Date] 2022-03-01T11:27:08 [Time] 11:27:08
17/72 2MASS_J05392474+4038437-20220301@112752-Eden.fts [TYPE] LIGHT [OBJ] 2MASS_J05392474+4038437 [RA] 05 39 24.8045 [Dec] +40 38 42.8355 [FIL] GG495 [EXPTIME] 30.0 [Date] 2022-03-01T11:27:52 [Time] 11:27:52
18/72 2MASS_J05392474+4038437-20220301@112836-Eden.fts [TYPE] LIGHT [OBJ] 2MASS_J05392474+4038437 [RA] 05 39 24.8045 [Dec] +40 38 42.8355 [FIL] GG495 [EXPTIME] 30.0 [Date] 2022-03-01T11:28:36 [Time] 11:28:36
19/72 2MASS_J05392474+4038437-20220301@112921-Eden.fts [TYPE] LIGHT [OBJ] 2MASS_J05392474+4038437 [RA] 05 39 24.8045 [Dec] +40 38 42.8355 [FIL] GG495 [EXPTIME] 30.0 [Date] 2022-03-01T11:29:21 [Time] 11:29:21
20/72 2MASS_J05392474+4038437-20220301@113005-Eden.fts [TYPE] LIGHT [OBJ] 2MASS_J05392474+4038437 [RA] 05 39 24.8045 [Dec] +40 38 42.8355 [FIL] GG495 [EXPTIME] 30.0 [Date] 2022-03-01T11:30:05 [Time] 11:30:05
21/72 2MASS_J05392474+4038437-20220301@113048-Eden.fts [TYPE] LIGHT [OBJ] 2MASS_J05392474+4038437 [RA] 05 39 24.8045 [Dec] +40 38 42.8355 [FIL] GG495 [EXPTIME] 30.0 [Date] 2022-03-01T11:30:48 [Time] 11:30:48
22/72 2MASS_J05392474+4038437-20220301@113132-Eden.fts [TYPE] LIGHT [OBJ] 2MASS_J05392474+4038437 [RA] 05 39 24.8045 [Dec] +40 38 42.8355 [FIL] GG495 [EXPTIME] 30.0 [Date] 2022-03-01T11:31:32 [Time] 11:31:32
23/72 2MASS_J05392474+4038437-20220301@113216-Eden.fts [TYPE] LIGHT [OBJ] 2MASS_J05392474+4038437 [RA] 05 39 24.8045 [Dec] +40 38 42.8355 [FIL] GG495 [EXPTIME] 30.0 [Date] 2022-03-01T11:32:16 [Time] 11:32:16
24/72 2MASS_J05392474+4038437-20220301@113259-Eden.fts [TYPE] LIGHT [OBJ] 2MASS_J05392474+4038437 [RA] 05 39 24.8045 [Dec] +40 38 42.8355 [FIL] GG495 [EXPTIME] 30.0 [Date] 2022-03-01T11:32:59 [Time] 11:32:59
25/72 2MASS_J05392474+4038437-20220301@113343-Eden.fts [TYPE] LIGHT [OBJ] 2MASS_J05392474+4038437 [RA] 05 39 24.8045 [Dec] +40 38 42.8355 [FIL] GG495 [EXPTIME] 30.0 [Date] 2022-03-01T11:33:43 [Time] 11:33:43
26/72 2MASS_J05392474+4038437-20220301@113427-Eden.fts [TYPE] LIGHT [OBJ] 2MASS_J05392474+4038437 [RA] 05 39 24.8045 [Dec] +40 38 42.8355 [FIL] GG495 [EXPTIME] 30.0 [Date] 2022-03-01T11:34:27 [Time] 11:34:27
27/72 2MASS_J05392474+4038437-20220301@113510-Eden.fts [TYPE] LIGHT [OBJ] 2MASS_J05392474+4038437 [RA] 05 39 24.8045 [Dec] +40 38 42.8355 [FIL] GG495 [EXPTIME] 30.0 [Date] 2022-03-01T11:35:10 [Time] 11:35:10
28/72 2MASS_J05392474+4038437-20220301@113553-Eden.fts [TYPE] LIGHT [OBJ] 2MASS_J05392474+4038437 [RA] 05 39 24.8045 [Dec] +40 38 42.8355 [FIL] GG495 [EXPTIME] 30.0 [Date] 2022-03-01T11:35:53 [Time] 11:35:53
29/72 2MASS_J05392474+4038437-20220301@113637-Eden.fts [TYPE] LIGHT [OBJ] 2MASS_J05392474+4038437 [RA] 05 39 24.8045 [Dec] +40 38 42.8355 [FIL] GG495 [EXPTIME] 30.0 [Date] 2022-03-01T11:36:37 [Time] 11:36:37
30/72 2MASS_J05392474+4038437-20220301@113721-Eden.fts [TYPE] LIGHT [OBJ] 2MASS_J05392474+4038437 [RA] 05 39 24.8045 [Dec] +40 38 42.8355 [FIL] GG495 [EXPTIME] 30.0 [Date] 2022-03-01T11:37:21 [Time] 11:37:21
31/72 2MASS_J05392474+4038437-20220301@113806-Eden.fts [TYPE] LIGHT [OBJ] 2MASS_J05392474+4038437 [RA] 05 39 24.8045 [Dec] +40 38 42.8355 [FIL] GG495 [EXPTIME] 30.0 [Date] 2022-03-01T11:38:06 [Time] 11:38:06
32/72 2MASS_J05392474+4038437-20220301@113850-Eden.fts [TYPE] LIGHT [OBJ] 2MASS_J05392474+4038437 [RA] 05 39 24.8045 [Dec] +40 38 42.8355 [FIL] GG495 [EXPTIME] 30.0 [Date] 2022-03-01T11:38:50 [Time] 11:38:50
33/72 2MASS_J05392474+4038437-20220301@113935-Eden.fts [TYPE] LIGHT [OBJ] 2MASS_J05392474+4038437 [RA] 05 39 24.8045 [Dec] +40 38 42.8355 [FIL] GG495 [EXPTIME] 30.0 [Date] 2022-03-01T11:39:35 [Time] 11:39:35
34/72 2MASS_J05392474+4038437-20220301@114019-Eden.fts [TYPE] LIGHT [OBJ] 2MASS_J05392474+4038437 [RA] 05 39 24.8045 [Dec] +40 38 42.8355 [FIL] GG495 [EXPTIME] 30.0 [Date] 2022-03-01T11:40:19 [Time] 11:40:19
35/72 2MASS_J05392474+4038437-20220301@114104-Eden.fts [TYPE] LIGHT [OBJ] 2MASS_J05392474+4038437 [RA] 05 39 24.8045 [Dec] +40 38 42.8355 [FIL] GG495 [EXPTIME] 30.0 [Date] 2022-03-01T11:41:04 [Time] 11:41:04
36/72 2MASS_J05392474+4038437-20220301@114147-Eden.fts [TYPE] LIGHT [OBJ] 2MASS_J05392474+4038437 [RA] 05 39 24.8045 [Dec] +40 38 42.8355 [FIL] GG495 [EXPTIME] 30.0 [Date] 2022-03-01T11:41:47 [Time] 11:41:47
37/72 2MASS_J05392474+4038437-20220301@114231-Eden.fts [TYPE] LIGHT [OBJ] 2MASS_J05392474+4038437 [RA] 05 39 24.8045 [Dec] +40 38 42.8355 [FIL] GG495 [EXPTIME] 30.0 [Date] 2022-03-01T11:42:31 [Time] 11:42:31
38/72 2MASS_J05392474+4038437-20220301@114314-Eden.fts [TYPE] LIGHT [OBJ] 2MASS_J05392474+4038437 [RA] 05 39 24.8045 [Dec] +40 38 42.8355 [FIL] GG495 [EXPTIME] 30.0 [Date] 2022-03-01T11:43:14 [Time] 11:43:14
39/72 2MASS_J05392474+4038437-20220301@114358-Eden.fts [TYPE] LIGHT [OBJ] 2MASS_J05392474+4038437 [RA] 05 39 24.8045 [Dec] +40 38 42.8355 [FIL] GG495 [EXPTIME] 30.0 [Date] 2022-03-01T11:43:58 [Time] 11:43:58
40/72 2MASS_J05392474+4038437-20220301@114442-Eden.fts [TYPE] LIGHT [OBJ] 2MASS_J05392474+4038437 [RA] 05 39 24.8045 [Dec] +40 38 42.8355 [FIL] GG495 [EXPTIME] 30.0 [Date] 2022-03-01T11:44:42 [Time] 11:44:42
41/72 2MASS_J05392474+4038437-20220301@114527-Eden.fts [TYPE] LIGHT [OBJ] 2MASS_J05392474+4038437 [RA] 05 39 24.8045 [Dec] +40 38 42.8355 [FIL] GG495 [EXPTIME] 30.0 [Date] 2022-03-01T11:45:27 [Time] 11:45:27
42/72 2MASS_J05392474+4038437-20220301@114611-Eden.fts [TYPE] LIGHT [OBJ] 2MASS_J05392474+4038437 [RA] 05 39 24.8045 [Dec] +40 38 42.8355 [FIL] GG495 [EXPTIME] 30.0 [Date] 2022-03-01T11:46:11 [Time] 11:46:11
43/72 2MASS_J05392474+4038437-20220301@114655-Eden.fts [TYPE] LIGHT [OBJ] 2MASS_J05392474+4038437 [RA] 05 39 24.8045 [Dec] +40 38 42.8355 [FIL] GG495 [EXPTIME] 30.0 [Date] 2022-03-01T11:46:55 [Time] 11:46:55
44/72 2MASS_J05392474+4038437-20220301@114738-Eden.fts [TYPE] LIGHT [OBJ] 2MASS_J05392474+4038437 [RA] 05 39 24.8045 [Dec] +40 38 42.8355 [FIL] GG495 [EXPTIME] 30.0 [Date] 2022-03-01T11:47:38 [Time] 11:47:38
45/72 2MASS_J05392474+4038437-20220301@114822-Eden.fts [TYPE] LIGHT [OBJ] 2MASS_J05392474+4038437 [RA] 05 39 24.8045 [Dec] +40 38 42.8355 [FIL] GG495 [EXPTIME] 30.0 [Date] 2022-03-01T11:48:22 [Time] 11:48:22
46/72 2MASS_J05392474+4038437-20220301@114905-Eden.fts [TYPE] LIGHT [OBJ] 2MASS_J05392474+4038437 [RA] 05 39 24.8045 [Dec] +40 38 42.8355 [FIL] GG495 [EXPTIME] 30.0 [Date] 2022-03-01T11:49:05 [Time] 11:49:05
47/72 2MASS_J05392474+4038437-20220301@114950-Eden.fts [TYPE] LIGHT [OBJ] 2MASS_J05392474+4038437 [RA] 05 39 24.8045 [Dec] +40 38 42.8355 [FIL] GG495 [EXPTIME] 30.0 [Date] 2022-03-01T11:49:50 [Time] 11:49:50
48/72 2MASS_J05392474+4038437-20220301@115035-Eden.fts [TYPE] LIGHT [OBJ] 2MASS_J05392474+4038437 [RA] 05 39 24.8045 [Dec] +40 38 42.8355 [FIL] GG495 [EXPTIME] 30.0 [Date] 2022-03-01T11:50:35 [Time] 11:50:35
49/72 2MASS_J05392474+4038437-20220301@115120-Eden.fts [TYPE] LIGHT [OBJ] 2MASS_J05392474+4038437 [RA] 05 39 24.8045 [Dec] +40 38 42.8355 [FIL] GG495 [EXPTIME] 30.0 [Date] 2022-03-01T11:51:20 [Time] 11:51:20
50/72 2MASS_J05392474+4038437-20220301@115203-Eden.fts [TYPE] LIGHT [OBJ] 2MASS_J05392474+4038437 [RA] 05 39 24.8045 [Dec] +40 38 42.8355 [FIL] GG495 [EXPTIME] 30.0 [Date] 2022-03-01T11:52:03 [Time] 11:52:03
51/72 2MASS_J05392474+4038437-20220301@115247-Eden.fts [TYPE] LIGHT [OBJ] 2MASS_J05392474+4038437 [RA] 05 39 24.8045 [Dec] +40 38 42.8355 [FIL] GG495 [EXPTIME] 30.0 [Date] 2022-03-01T11:52:47 [Time] 11:52:47
52/72 2MASS_J05392474+4038437-20220301@115331-Eden.fts [TYPE] LIGHT [OBJ] 2MASS_J05392474+4038437 [RA] 05 39 24.8045 [Dec] +40 38 42.8355 [FIL] GG495 [EXPTIME] 30.0 [Date] 2022-03-01T11:53:31 [Time] 11:53:31
53/72 2MASS_J05392474+4038437-20220301@115415-Eden.fts [TYPE] LIGHT [OBJ] 2MASS_J05392474+4038437 [RA] 05 39 24.8045 [Dec] +40 38 42.8355 [FIL] GG495 [EXPTIME] 30.0 [Date] 2022-03-01T11:54:15 [Time] 11:54:15
54/72 2MASS_J05392474+4038437-20220301@115459-Eden.fts [TYPE] LIGHT [OBJ] 2MASS_J05392474+4038437 [RA] 05 39 24.8045 [Dec] +40 38 42.8355 [FIL] GG495 [EXPTIME] 30.0 [Date] 2022-03-01T11:54:59 [Time] 11:54:59
55/72 2MASS_J05392474+4038437-20220301@115545-Eden.fts [TYPE] LIGHT [OBJ] 2MASS_J05392474+4038437 [RA] 05 39 24.8045 [Dec] +40 38 42.8355 [FIL] GG495 [EXPTIME] 30.0 [Date] 2022-03-01T11:55:45 [Time] 11:55:45
56/72 2MASS_J05392474+4038437-20220301@115630-Eden.fts [TYPE] LIGHT [OBJ] 2MASS_J05392474+4038437 [RA] 05 39 24.8045 [Dec] +40 38 42.8355 [FIL] GG495 [EXPTIME] 30.0 [Date] 2022-03-01T11:56:30 [Time] 11:56:30
57/72 2MASS_J05392474+4038437-20220301@115714-Eden.fts [TYPE] LIGHT [OBJ] 2MASS_J05392474+4038437 [RA] 05 39 24.8045 [Dec] +40 38 42.8355 [FIL] GG495 [EXPTIME] 30.0 [Date] 2022-03-01T11:57:14 [Time] 11:57:14
58/72 2MASS_J05392474+4038437-20220301@115758-Eden.fts [TYPE] LIGHT [OBJ] 2MASS_J05392474+4038437 [RA] 05 39 24.8045 [Dec] +40 38 42.8355 [FIL] GG495 [EXPTIME] 30.0 [Date] 2022-03-01T11:57:58 [Time] 11:57:58
59/72 2MASS_J05392474+4038437-20220301@115842-Eden.fts [TYPE] LIGHT [OBJ] 2MASS_J05392474+4038437 [RA] 05 39 24.8045 [Dec] +40 38 42.8355 [FIL] GG495 [EXPTIME] 30.0 [Date] 2022-03-01T11:58:42 [Time] 11:58:42
60/72 2MASS_J05392474+4038437-20220301@115928-Eden.fts [TYPE] LIGHT [OBJ] 2MASS_J05392474+4038437 [RA] 05 39 24.8045 [Dec] +40 38 42.8355 [FIL] GG495 [EXPTIME] 30.0 [Date] 2022-03-01T11:59:28 [Time] 11:59:28
61/72 2MASS_J05392474+4038437-20220301@120011-Eden.fts [TYPE] LIGHT [OBJ] 2MASS_J05392474+4038437 [RA] 05 39 24.8045 [Dec] +40 38 42.8355 [FIL] GG495 [EXPTIME] 30.0 [Date] 2022-03-01T12:00:11 [Time] 12:00:11
62/72 2MASS_J05392474+4038437-20220301@120055-Eden.fts [TYPE] LIGHT [OBJ] 2MASS_J05392474+4038437 [RA] 05 39 24.8045 [Dec] +40 38 42.8355 [FIL] GG495 [EXPTIME] 30.0 [Date] 2022-03-01T12:00:55 [Time] 12:00:55
63/72 2MASS_J05392474+4038437-20220301@120139-Eden.fts [TYPE] LIGHT [OBJ] 2MASS_J05392474+4038437 [RA] 05 39 24.8045 [Dec] +40 38 42.8355 [FIL] GG495 [EXPTIME] 30.0 [Date] 2022-03-01T12:01:39 [Time] 12:01:39
64/72 2MASS_J05392474+4038437-20220301@120224-Eden.fts [TYPE] LIGHT [OBJ] 2MASS_J05392474+4038437 [RA] 05 39 24.8045 [Dec] +40 38 42.8355 [FIL] GG495 [EXPTIME] 30.0 [Date] 2022-03-01T12:02:24 [Time] 12:02:24
65/72 2MASS_J05392474+4038437-20220301@120308-Eden.fts [TYPE] LIGHT [OBJ] 2MASS_J05392474+4038437 [RA] 05 39 24.8045 [Dec] +40 38 42.8355 [FIL] GG495 [EXPTIME] 30.0 [Date] 2022-03-01T12:03:08 [Time] 12:03:08
66/72 2MASS_J05392474+4038437-20220301@120352-Eden.fts [TYPE] LIGHT [OBJ] 2MASS_J05392474+4038437 [RA] 05 39 24.8045 [Dec] +40 38 42.8355 [FIL] GG495 [EXPTIME] 30.0 [Date] 2022-03-01T12:03:52 [Time] 12:03:52
67/72 2MASS_J05392474+4038437-20220301@120436-Eden.fts [TYPE] LIGHT [OBJ] 2MASS_J05392474+4038437 [RA] 05 39 24.8045 [Dec] +40 38 42.8355 [FIL] GG495 [EXPTIME] 30.0 [Date] 2022-03-01T12:04:36 [Time] 12:04:36
68/72 2MASS_J05392474+4038437-20220301@120521-Eden.fts [TYPE] LIGHT [OBJ] 2MASS_J05392474+4038437 [RA] 05 39 24.8045 [Dec] +40 38 42.8355 [FIL] GG495 [EXPTIME] 30.0 [Date] 2022-03-01T12:05:21 [Time] 12:05:21
69/72 2MASS_J05392474+4038437-20220301@120605-Eden.fts [TYPE] LIGHT [OBJ] 2MASS_J05392474+4038437 [RA] 05 39 24.8045 [Dec] +40 38 42.8355 [FIL] GG495 [EXPTIME] 30.0 [Date] 2022-03-01T12:06:05 [Time] 12:06:05
70/72 2MASS_J05392474+4038437-20220301@120649-Eden.fts [TYPE] LIGHT [OBJ] 2MASS_J05392474+4038437 [RA] 05 39 24.8045 [Dec] +40 38 42.8355 [FIL] GG495 [EXPTIME] 30.0 [Date] 2022-03-01T12:06:49 [Time] 12:06:49
71/72 2MASS_J05392474+4038437-20220301@120734-Eden.fts [TYPE] LIGHT [OBJ] 2MASS_J05392474+4038437 [RA] 05 39 24.8045 [Dec] +40 38 42.8355 [FIL] GG495 [EXPTIME] 30.0 [Date] 2022-03-01T12:07:34 [Time] 12:07:34
72/72 2MASS_J05392474+4038437-20220301@120820-Eden.fts [TYPE] LIGHT [OBJ] 2MASS_J05392474+4038437 [RA] 05 39 24.8045 [Dec] +40 38 42.8355 [FIL] GG495 [EXPTIME] 30.0 [Date] 2022-03-01T12:08:20 [Time] 12:08:20
... write log file to LOT20220301_2MASS_J05392474+4038437_mod.log ...
... finish ...
