-----------------
input parameters
-----------------
['modify_header_eden.py', 'LOT20200616-LP_335-12', '19']
Your will modify header for: LP_335-12 [RA] 18 39 33.0748 [Dec] +29 52 16.4811 [Filter] GG495
---------------
folder: LOT20200616-LP_335-12
will update fits in: LOT20200616-LP_335-12_mod
 ---------------------------
 Exame Fits Header for Bias
 ---------------------------
find ./LOT20200616-LP_335-12/bias-dark/ | grep 'fits\|fts'|sort 
found 40 Bias/Dark
1/40 Bias-20200616@194820-000S.fts [TYPE] BIAS [EXPTIME] 0.0
2/40 Bias-20200616@194827-000S.fts [TYPE] BIAS [EXPTIME] 0.0
3/40 Bias-20200616@194834-000S.fts [TYPE] BIAS [EXPTIME] 0.0
4/40 Bias-20200616@194842-000S.fts [TYPE] BIAS [EXPTIME] 0.0
5/40 Bias-20200616@194848-000S.fts [TYPE] BIAS [EXPTIME] 0.0
6/40 Bias-20200616@194856-000S.fts [TYPE] BIAS [EXPTIME] 0.0
7/40 Bias-20200616@194903-000S.fts [TYPE] BIAS [EXPTIME] 0.0
8/40 Bias-20200616@194911-000S.fts [TYPE] BIAS [EXPTIME] 0.0
9/40 Bias-20200616@194917-000S.fts [TYPE] BIAS [EXPTIME] 0.0
10/40 Bias-20200616@194925-000S.fts [TYPE] BIAS [EXPTIME] 0.0
11/40 Dark-20200616@194934-005S.fts [TYPE] DARK [EXPTIME] 5.0
12/40 Dark-20200616@194945-005S.fts [TYPE] DARK [EXPTIME] 5.0
13/40 Dark-20200616@194957-005S.fts [TYPE] DARK [EXPTIME] 5.0
14/40 Dark-20200616@195010-005S.fts [TYPE] DARK [EXPTIME] 5.0
15/40 Dark-20200616@195021-005S.fts [TYPE] DARK [EXPTIME] 5.0
16/40 Dark-20200616@195033-005S.fts [TYPE] DARK [EXPTIME] 5.0
17/40 Dark-20200616@195045-005S.fts [TYPE] DARK [EXPTIME] 5.0
18/40 Dark-20200616@195056-005S.fts [TYPE] DARK [EXPTIME] 5.0
19/40 Dark-20200616@195108-005S.fts [TYPE] DARK [EXPTIME] 5.0
20/40 Dark-20200616@195121-005S.fts [TYPE] DARK [EXPTIME] 5.0
21/40 Dark-20200616@195133-060S.fts [TYPE] DARK [EXPTIME] 60.0
22/40 Dark-20200616@195240-060S.fts [TYPE] DARK [EXPTIME] 60.0
23/40 Dark-20200616@195347-060S.fts [TYPE] DARK [EXPTIME] 60.0
24/40 Dark-20200616@195453-060S.fts [TYPE] DARK [EXPTIME] 60.0
25/40 Dark-20200616@195600-060S.fts [TYPE] DARK [EXPTIME] 60.0
26/40 Dark-20200616@195707-060S.fts [TYPE] DARK [EXPTIME] 60.0
27/40 Dark-20200616@195814-060S.fts [TYPE] DARK [EXPTIME] 60.0
28/40 Dark-20200616@195921-060S.fts [TYPE] DARK [EXPTIME] 60.0
29/40 Dark-20200616@200028-060S.fts [TYPE] DARK [EXPTIME] 60.0
30/40 Dark-20200616@200136-060S.fts [TYPE] DARK [EXPTIME] 60.0
31/40 Dark-20200616@200244-300S.fts [TYPE] DARK [EXPTIME] 300.0
32/40 Dark-20200616@200751-300S.fts [TYPE] DARK [EXPTIME] 300.0
33/40 Dark-20200616@201258-300S.fts [TYPE] DARK [EXPTIME] 300.0
34/40 Dark-20200616@201805-300S.fts [TYPE] DARK [EXPTIME] 300.0
35/40 Dark-20200616@202312-300S.fts [TYPE] DARK [EXPTIME] 300.0
36/40 Dark-20200616@202819-300S.fts [TYPE] DARK [EXPTIME] 300.0
37/40 Dark-20200616@203326-300S.fts [TYPE] DARK [EXPTIME] 300.0
38/40 Dark-20200616@203834-300S.fts [TYPE] DARK [EXPTIME] 300.0
39/40 Dark-20200616@204340-300S.fts [TYPE] DARK [EXPTIME] 300.0
40/40 Dark-20200616@204848-300S.fts [TYPE] DARK [EXPTIME] 300.0
 ---------------------------
 Exame Fits Header for Flat
 ---------------------------
find ./LOT20200616-LP_335-12/ | grep flat/ |grep eden| grep -E 'fits|fts'|sort -t'-' -k2.4,2.6 
found 0 Flat
no files in ./flat/
 ---------------------------
 Exame Fits Header for Additional Dark for Flat
 ---------------------------
find ./LOT20200616-LP_335-12/ | grep flat/ |grep dark| grep -E 'fits|fts'|sort -t'-' -k2.4,2.6 
found 0 Additional Dark for Flat
no additional dark for flat in ./flat/
 ---------------------------
 Update Fits Header for Science Target
 ---------------------------
find ./LOT20200616-LP_335-12/wchen/ | cut -d / -f1-4| grep 'fits\|fts'  |sort -t'@' -k2
found 332 Target

... update header ...
1/332 LP_335-12-20200616@123746-Eden.fts [TYPE] LIGHT [OBJ] LP_335-12 [RA] 18 39 33.0748 [Dec] +29 52 16.4811 [FIL] GG495 [EXPTIME] 60.0 [Date] 2020-06-16T12:37:46 [Time] 12:37:46
2/332 LP_335-12-20200616@123858-Eden.fts [TYPE] LIGHT [OBJ] LP_335-12 [RA] 18 39 33.0748 [Dec] +29 52 16.4811 [FIL] GG495 [EXPTIME] 60.0 [Date] 2020-06-16T12:38:59 [Time] 12:38:59
3/332 LP_335-12-20200616@124010-Eden.fts [TYPE] LIGHT [OBJ] LP_335-12 [RA] 18 39 33.0748 [Dec] +29 52 16.4811 [FIL] GG495 [EXPTIME] 60.0 [Date] 2020-06-16T12:40:11 [Time] 12:40:11
4/332 LP_335-12-20200616@124123-Eden.fts [TYPE] LIGHT [OBJ] LP_335-12 [RA] 18 39 33.0748 [Dec] +29 52 16.4811 [FIL] GG495 [EXPTIME] 60.0 [Date] 2020-06-16T12:41:24 [Time] 12:41:24
5/332 LP_335-12-20200616@124237-Eden.fts [TYPE] LIGHT [OBJ] LP_335-12 [RA] 18 39 33.0748 [Dec] +29 52 16.4811 [FIL] GG495 [EXPTIME] 60.0 [Date] 2020-06-16T12:42:38 [Time] 12:42:38
6/332 LP_335-12-20200616@124350-Eden.fts [TYPE] LIGHT [OBJ] LP_335-12 [RA] 18 39 33.0748 [Dec] +29 52 16.4811 [FIL] GG495 [EXPTIME] 60.0 [Date] 2020-06-16T12:43:50 [Time] 12:43:50
7/332 LP_335-12-20200616@124502-Eden.fts [TYPE] LIGHT [OBJ] LP_335-12 [RA] 18 39 33.0748 [Dec] +29 52 16.4811 [FIL] GG495 [EXPTIME] 60.0 [Date] 2020-06-16T12:45:02 [Time] 12:45:02
8/332 LP_335-12-20200616@124615-Eden.fts [TYPE] LIGHT [OBJ] LP_335-12 [RA] 18 39 33.0748 [Dec] +29 52 16.4811 [FIL] GG495 [EXPTIME] 60.0 [Date] 2020-06-16T12:46:15 [Time] 12:46:15
9/332 LP_335-12-20200616@124727-Eden.fts [TYPE] LIGHT [OBJ] LP_335-12 [RA] 18 39 33.0748 [Dec] +29 52 16.4811 [FIL] GG495 [EXPTIME] 60.0 [Date] 2020-06-16T12:47:28 [Time] 12:47:28
10/332 LP_335-12-20200616@124840-Eden.fts [TYPE] LIGHT [OBJ] LP_335-12 [RA] 18 39 33.0748 [Dec] +29 52 16.4811 [FIL] GG495 [EXPTIME] 60.0 [Date] 2020-06-16T12:48:40 [Time] 12:48:40
11/332 LP_335-12-20200616@124952-Eden.fts [TYPE] LIGHT [OBJ] LP_335-12 [RA] 18 39 33.0748 [Dec] +29 52 16.4811 [FIL] GG495 [EXPTIME] 60.0 [Date] 2020-06-16T12:49:53 [Time] 12:49:53
12/332 LP_335-12-20200616@125106-Eden.fts [TYPE] LIGHT [OBJ] LP_335-12 [RA] 18 39 33.0748 [Dec] +29 52 16.4811 [FIL] GG495 [EXPTIME] 60.0 [Date] 2020-06-16T12:51:06 [Time] 12:51:06
13/332 LP_335-12-20200616@125218-Eden.fts [TYPE] LIGHT [OBJ] LP_335-12 [RA] 18 39 33.0748 [Dec] +29 52 16.4811 [FIL] GG495 [EXPTIME] 60.0 [Date] 2020-06-16T12:52:18 [Time] 12:52:18
14/332 LP_335-12-20200616@125329-Eden.fts [TYPE] LIGHT [OBJ] LP_335-12 [RA] 18 39 33.0748 [Dec] +29 52 16.4811 [FIL] GG495 [EXPTIME] 60.0 [Date] 2020-06-16T12:53:30 [Time] 12:53:30
15/332 LP_335-12-20200616@125443-Eden.fts [TYPE] LIGHT [OBJ] LP_335-12 [RA] 18 39 33.0748 [Dec] +29 52 16.4811 [FIL] GG495 [EXPTIME] 60.0 [Date] 2020-06-16T12:54:44 [Time] 12:54:44
16/332 LP_335-12-20200616@125556-Eden.fts [TYPE] LIGHT [OBJ] LP_335-12 [RA] 18 39 33.0748 [Dec] +29 52 16.4811 [FIL] GG495 [EXPTIME] 60.0 [Date] 2020-06-16T12:55:56 [Time] 12:55:56
17/332 LP_335-12-20200616@125709-Eden.fts [TYPE] LIGHT [OBJ] LP_335-12 [RA] 18 39 33.0748 [Dec] +29 52 16.4811 [FIL] GG495 [EXPTIME] 60.0 [Date] 2020-06-16T12:57:09 [Time] 12:57:09
18/332 LP_335-12-20200616@125821-Eden.fts [TYPE] LIGHT [OBJ] LP_335-12 [RA] 18 39 33.0748 [Dec] +29 52 16.4811 [FIL] GG495 [EXPTIME] 60.0 [Date] 2020-06-16T12:58:21 [Time] 12:58:21
19/332 LP_335-12-20200616@125935-Eden.fts [TYPE] LIGHT [OBJ] LP_335-12 [RA] 18 39 33.0748 [Dec] +29 52 16.4811 [FIL] GG495 [EXPTIME] 60.0 [Date] 2020-06-16T12:59:36 [Time] 12:59:36
20/332 LP_335-12-20200616@130049-Eden.fts [TYPE] LIGHT [OBJ] LP_335-12 [RA] 18 39 33.0748 [Dec] +29 52 16.4811 [FIL] GG495 [EXPTIME] 60.0 [Date] 2020-06-16T13:00:49 [Time] 13:00:49
21/332 LP_335-12-20200616@130201-Eden.fts [TYPE] LIGHT [OBJ] LP_335-12 [RA] 18 39 33.0748 [Dec] +29 52 16.4811 [FIL] GG495 [EXPTIME] 60.0 [Date] 2020-06-16T13:02:01 [Time] 13:02:01
22/332 LP_335-12-20200616@130314-Eden.fts [TYPE] LIGHT [OBJ] LP_335-12 [RA] 18 39 33.0748 [Dec] +29 52 16.4811 [FIL] GG495 [EXPTIME] 60.0 [Date] 2020-06-16T13:03:14 [Time] 13:03:14
23/332 LP_335-12-20200616@130426-Eden.fts [TYPE] LIGHT [OBJ] LP_335-12 [RA] 18 39 33.0748 [Dec] +29 52 16.4811 [FIL] GG495 [EXPTIME] 60.0 [Date] 2020-06-16T13:04:26 [Time] 13:04:26
24/332 LP_335-12-20200616@130538-Eden.fts [TYPE] LIGHT [OBJ] LP_335-12 [RA] 18 39 33.0748 [Dec] +29 52 16.4811 [FIL] GG495 [EXPTIME] 60.0 [Date] 2020-06-16T13:05:38 [Time] 13:05:38
25/332 LP_335-12-20200616@130649-Eden.fts [TYPE] LIGHT [OBJ] LP_335-12 [RA] 18 39 33.0748 [Dec] +29 52 16.4811 [FIL] GG495 [EXPTIME] 60.0 [Date] 2020-06-16T13:06:50 [Time] 13:06:50
26/332 LP_335-12-20200616@130802-Eden.fts [TYPE] LIGHT [OBJ] LP_335-12 [RA] 18 39 33.0748 [Dec] +29 52 16.4811 [FIL] GG495 [EXPTIME] 60.0 [Date] 2020-06-16T13:08:02 [Time] 13:08:02
27/332 LP_335-12-20200616@130915-Eden.fts [TYPE] LIGHT [OBJ] LP_335-12 [RA] 18 39 33.0748 [Dec] +29 52 16.4811 [FIL] GG495 [EXPTIME] 60.0 [Date] 2020-06-16T13:09:15 [Time] 13:09:15
28/332 LP_335-12-20200616@131027-Eden.fts [TYPE] LIGHT [OBJ] LP_335-12 [RA] 18 39 33.0748 [Dec] +29 52 16.4811 [FIL] GG495 [EXPTIME] 60.0 [Date] 2020-06-16T13:10:27 [Time] 13:10:27
29/332 LP_335-12-20200616@131140-Eden.fts [TYPE] LIGHT [OBJ] LP_335-12 [RA] 18 39 33.0748 [Dec] +29 52 16.4811 [FIL] GG495 [EXPTIME] 60.0 [Date] 2020-06-16T13:11:40 [Time] 13:11:40
30/332 LP_335-12-20200616@131252-Eden.fts [TYPE] LIGHT [OBJ] LP_335-12 [RA] 18 39 33.0748 [Dec] +29 52 16.4811 [FIL] GG495 [EXPTIME] 60.0 [Date] 2020-06-16T13:12:53 [Time] 13:12:53
31/332 LP_335-12-20200616@131405-Eden.fts [TYPE] LIGHT [OBJ] LP_335-12 [RA] 18 39 33.0748 [Dec] +29 52 16.4811 [FIL] GG495 [EXPTIME] 60.0 [Date] 2020-06-16T13:14:06 [Time] 13:14:06
32/332 LP_335-12-20200616@131518-Eden.fts [TYPE] LIGHT [OBJ] LP_335-12 [RA] 18 39 33.0748 [Dec] +29 52 16.4811 [FIL] GG495 [EXPTIME] 60.0 [Date] 2020-06-16T13:15:20 [Time] 13:15:20
33/332 LP_335-12-20200616@131631-Eden.fts [TYPE] LIGHT [OBJ] LP_335-12 [RA] 18 39 33.0748 [Dec] +29 52 16.4811 [FIL] GG495 [EXPTIME] 60.0 [Date] 2020-06-16T13:16:31 [Time] 13:16:31
34/332 LP_335-12-20200616@131743-Eden.fts [TYPE] LIGHT [OBJ] LP_335-12 [RA] 18 39 33.0748 [Dec] +29 52 16.4811 [FIL] GG495 [EXPTIME] 60.0 [Date] 2020-06-16T13:17:44 [Time] 13:17:44
35/332 LP_335-12-20200616@131856-Eden.fts [TYPE] LIGHT [OBJ] LP_335-12 [RA] 18 39 33.0748 [Dec] +29 52 16.4811 [FIL] GG495 [EXPTIME] 60.0 [Date] 2020-06-16T13:18:57 [Time] 13:18:57
36/332 LP_335-12-20200616@132009-Eden.fts [TYPE] LIGHT [OBJ] LP_335-12 [RA] 18 39 33.0748 [Dec] +29 52 16.4811 [FIL] GG495 [EXPTIME] 60.0 [Date] 2020-06-16T13:20:09 [Time] 13:20:09
37/332 LP_335-12-20200616@132121-Eden.fts [TYPE] LIGHT [OBJ] LP_335-12 [RA] 18 39 33.0748 [Dec] +29 52 16.4811 [FIL] GG495 [EXPTIME] 60.0 [Date] 2020-06-16T13:21:22 [Time] 13:21:22
38/332 LP_335-12-20200616@132233-Eden.fts [TYPE] LIGHT [OBJ] LP_335-12 [RA] 18 39 33.0748 [Dec] +29 52 16.4811 [FIL] GG495 [EXPTIME] 60.0 [Date] 2020-06-16T13:22:33 [Time] 13:22:33
39/332 LP_335-12-20200616@132345-Eden.fts [TYPE] LIGHT [OBJ] LP_335-12 [RA] 18 39 33.0748 [Dec] +29 52 16.4811 [FIL] GG495 [EXPTIME] 60.0 [Date] 2020-06-16T13:23:46 [Time] 13:23:46
40/332 LP_335-12-20200616@132457-Eden.fts [TYPE] LIGHT [OBJ] LP_335-12 [RA] 18 39 33.0748 [Dec] +29 52 16.4811 [FIL] GG495 [EXPTIME] 60.0 [Date] 2020-06-16T13:24:58 [Time] 13:24:58
41/332 LP_335-12-20200616@132610-Eden.fts [TYPE] LIGHT [OBJ] LP_335-12 [RA] 18 39 33.0748 [Dec] +29 52 16.4811 [FIL] GG495 [EXPTIME] 60.0 [Date] 2020-06-16T13:26:11 [Time] 13:26:11
42/332 LP_335-12-20200616@132722-Eden.fts [TYPE] LIGHT [OBJ] LP_335-12 [RA] 18 39 33.0748 [Dec] +29 52 16.4811 [FIL] GG495 [EXPTIME] 60.0 [Date] 2020-06-16T13:27:22 [Time] 13:27:22
43/332 LP_335-12-20200616@132834-Eden.fts [TYPE] LIGHT [OBJ] LP_335-12 [RA] 18 39 33.0748 [Dec] +29 52 16.4811 [FIL] GG495 [EXPTIME] 60.0 [Date] 2020-06-16T13:28:35 [Time] 13:28:35
44/332 LP_335-12-20200616@132947-Eden.fts [TYPE] LIGHT [OBJ] LP_335-12 [RA] 18 39 33.0748 [Dec] +29 52 16.4811 [FIL] GG495 [EXPTIME] 60.0 [Date] 2020-06-16T13:29:47 [Time] 13:29:47
45/332 LP_335-12-20200616@133100-Eden.fts [TYPE] LIGHT [OBJ] LP_335-12 [RA] 18 39 33.0748 [Dec] +29 52 16.4811 [FIL] GG495 [EXPTIME] 60.0 [Date] 2020-06-16T13:31:01 [Time] 13:31:01
46/332 LP_335-12-20200616@133212-Eden.fts [TYPE] LIGHT [OBJ] LP_335-12 [RA] 18 39 33.0748 [Dec] +29 52 16.4811 [FIL] GG495 [EXPTIME] 60.0 [Date] 2020-06-16T13:32:12 [Time] 13:32:12
47/332 LP_335-12-20200616@133324-Eden.fts [TYPE] LIGHT [OBJ] LP_335-12 [RA] 18 39 33.0748 [Dec] +29 52 16.4811 [FIL] GG495 [EXPTIME] 60.0 [Date] 2020-06-16T13:33:24 [Time] 13:33:24
48/332 LP_335-12-20200616@133436-Eden.fts [TYPE] LIGHT [OBJ] LP_335-12 [RA] 18 39 33.0748 [Dec] +29 52 16.4811 [FIL] GG495 [EXPTIME] 60.0 [Date] 2020-06-16T13:34:37 [Time] 13:34:37
49/332 LP_335-12-20200616@133549-Eden.fts [TYPE] LIGHT [OBJ] LP_335-12 [RA] 18 39 33.0748 [Dec] +29 52 16.4811 [FIL] GG495 [EXPTIME] 60.0 [Date] 2020-06-16T13:35:49 [Time] 13:35:49
50/332 LP_335-12-20200616@133702-Eden.fts [TYPE] LIGHT [OBJ] LP_335-12 [RA] 18 39 33.0748 [Dec] +29 52 16.4811 [FIL] GG495 [EXPTIME] 60.0 [Date] 2020-06-16T13:37:03 [Time] 13:37:03
51/332 LP_335-12-20200616@133815-Eden.fts [TYPE] LIGHT [OBJ] LP_335-12 [RA] 18 39 33.0748 [Dec] +29 52 16.4811 [FIL] GG495 [EXPTIME] 60.0 [Date] 2020-06-16T13:38:15 [Time] 13:38:15
52/332 LP_335-12-20200616@133927-Eden.fts [TYPE] LIGHT [OBJ] LP_335-12 [RA] 18 39 33.0748 [Dec] +29 52 16.4811 [FIL] GG495 [EXPTIME] 60.0 [Date] 2020-06-16T13:39:27 [Time] 13:39:27
53/332 LP_335-12-20200616@134039-Eden.fts [TYPE] LIGHT [OBJ] LP_335-12 [RA] 18 39 33.0748 [Dec] +29 52 16.4811 [FIL] GG495 [EXPTIME] 60.0 [Date] 2020-06-16T13:40:39 [Time] 13:40:39
54/332 LP_335-12-20200616@134151-Eden.fts [TYPE] LIGHT [OBJ] LP_335-12 [RA] 18 39 33.0748 [Dec] +29 52 16.4811 [FIL] GG495 [EXPTIME] 60.0 [Date] 2020-06-16T13:41:52 [Time] 13:41:52
55/332 LP_335-12-20200616@134303-Eden.fts [TYPE] LIGHT [OBJ] LP_335-12 [RA] 18 39 33.0748 [Dec] +29 52 16.4811 [FIL] GG495 [EXPTIME] 60.0 [Date] 2020-06-16T13:43:04 [Time] 13:43:04
56/332 LP_335-12-20200616@134415-Eden.fts [TYPE] LIGHT [OBJ] LP_335-12 [RA] 18 39 33.0748 [Dec] +29 52 16.4811 [FIL] GG495 [EXPTIME] 60.0 [Date] 2020-06-16T13:44:15 [Time] 13:44:15
57/332 LP_335-12-20200616@134527-Eden.fts [TYPE] LIGHT [OBJ] LP_335-12 [RA] 18 39 33.0748 [Dec] +29 52 16.4811 [FIL] GG495 [EXPTIME] 60.0 [Date] 2020-06-16T13:45:28 [Time] 13:45:28
58/332 LP_335-12-20200616@134640-Eden.fts [TYPE] LIGHT [OBJ] LP_335-12 [RA] 18 39 33.0748 [Dec] +29 52 16.4811 [FIL] GG495 [EXPTIME] 60.0 [Date] 2020-06-16T13:46:40 [Time] 13:46:40
59/332 LP_335-12-20200616@134753-Eden.fts [TYPE] LIGHT [OBJ] LP_335-12 [RA] 18 39 33.0748 [Dec] +29 52 16.4811 [FIL] GG495 [EXPTIME] 60.0 [Date] 2020-06-16T13:47:53 [Time] 13:47:53
60/332 LP_335-12-20200616@134905-Eden.fts [TYPE] LIGHT [OBJ] LP_335-12 [RA] 18 39 33.0748 [Dec] +29 52 16.4811 [FIL] GG495 [EXPTIME] 60.0 [Date] 2020-06-16T13:49:06 [Time] 13:49:06
61/332 LP_335-12-20200616@135017-Eden.fts [TYPE] LIGHT [OBJ] LP_335-12 [RA] 18 39 33.0748 [Dec] +29 52 16.4811 [FIL] GG495 [EXPTIME] 60.0 [Date] 2020-06-16T13:50:18 [Time] 13:50:18
62/332 LP_335-12-20200616@135130-Eden.fts [TYPE] LIGHT [OBJ] LP_335-12 [RA] 18 39 33.0748 [Dec] +29 52 16.4811 [FIL] GG495 [EXPTIME] 60.0 [Date] 2020-06-16T13:51:31 [Time] 13:51:31
63/332 LP_335-12-20200616@135241-Eden.fts [TYPE] LIGHT [OBJ] LP_335-12 [RA] 18 39 33.0748 [Dec] +29 52 16.4811 [FIL] GG495 [EXPTIME] 60.0 [Date] 2020-06-16T13:52:42 [Time] 13:52:42
64/332 LP_335-12-20200616@135355-Eden.fts [TYPE] LIGHT [OBJ] LP_335-12 [RA] 18 39 33.0748 [Dec] +29 52 16.4811 [FIL] GG495 [EXPTIME] 60.0 [Date] 2020-06-16T13:53:55 [Time] 13:53:55
65/332 LP_335-12-20200616@135507-Eden.fts [TYPE] LIGHT [OBJ] LP_335-12 [RA] 18 39 33.0748 [Dec] +29 52 16.4811 [FIL] GG495 [EXPTIME] 60.0 [Date] 2020-06-16T13:55:07 [Time] 13:55:07
66/332 LP_335-12-20200616@135620-Eden.fts [TYPE] LIGHT [OBJ] LP_335-12 [RA] 18 39 33.0748 [Dec] +29 52 16.4811 [FIL] GG495 [EXPTIME] 60.0 [Date] 2020-06-16T13:56:20 [Time] 13:56:20
67/332 LP_335-12-20200616@135732-Eden.fts [TYPE] LIGHT [OBJ] LP_335-12 [RA] 18 39 33.0748 [Dec] +29 52 16.4811 [FIL] GG495 [EXPTIME] 60.0 [Date] 2020-06-16T13:57:32 [Time] 13:57:32
68/332 LP_335-12-20200616@135843-Eden.fts [TYPE] LIGHT [OBJ] LP_335-12 [RA] 18 39 33.0748 [Dec] +29 52 16.4811 [FIL] GG495 [EXPTIME] 60.0 [Date] 2020-06-16T13:58:44 [Time] 13:58:44
69/332 LP_335-12-20200616@135955-Eden.fts [TYPE] LIGHT [OBJ] LP_335-12 [RA] 18 39 33.0748 [Dec] +29 52 16.4811 [FIL] GG495 [EXPTIME] 60.0 [Date] 2020-06-16T13:59:55 [Time] 13:59:55
70/332 LP_335-12-20200616@140107-Eden.fts [TYPE] LIGHT [OBJ] LP_335-12 [RA] 18 39 33.0748 [Dec] +29 52 16.4811 [FIL] GG495 [EXPTIME] 60.0 [Date] 2020-06-16T14:01:07 [Time] 14:01:07
71/332 LP_335-12-20200616@140218-Eden.fts [TYPE] LIGHT [OBJ] LP_335-12 [RA] 18 39 33.0748 [Dec] +29 52 16.4811 [FIL] GG495 [EXPTIME] 60.0 [Date] 2020-06-16T14:02:19 [Time] 14:02:19
72/332 LP_335-12-20200616@140331-Eden.fts [TYPE] LIGHT [OBJ] LP_335-12 [RA] 18 39 33.0748 [Dec] +29 52 16.4811 [FIL] GG495 [EXPTIME] 60.0 [Date] 2020-06-16T14:03:31 [Time] 14:03:31
73/332 LP_335-12-20200616@140443-Eden.fts [TYPE] LIGHT [OBJ] LP_335-12 [RA] 18 39 33.0748 [Dec] +29 52 16.4811 [FIL] GG495 [EXPTIME] 60.0 [Date] 2020-06-16T14:04:43 [Time] 14:04:43
74/332 LP_335-12-20200616@140555-Eden.fts [TYPE] LIGHT [OBJ] LP_335-12 [RA] 18 39 33.0748 [Dec] +29 52 16.4811 [FIL] GG495 [EXPTIME] 60.0 [Date] 2020-06-16T14:05:56 [Time] 14:05:56
75/332 LP_335-12-20200616@140709-Eden.fts [TYPE] LIGHT [OBJ] LP_335-12 [RA] 18 39 33.0748 [Dec] +29 52 16.4811 [FIL] GG495 [EXPTIME] 60.0 [Date] 2020-06-16T14:07:09 [Time] 14:07:09
76/332 LP_335-12-20200616@140821-Eden.fts [TYPE] LIGHT [OBJ] LP_335-12 [RA] 18 39 33.0748 [Dec] +29 52 16.4811 [FIL] GG495 [EXPTIME] 60.0 [Date] 2020-06-16T14:08:22 [Time] 14:08:22
77/332 LP_335-12-20200616@140936-Eden.fts [TYPE] LIGHT [OBJ] LP_335-12 [RA] 18 39 33.0748 [Dec] +29 52 16.4811 [FIL] GG495 [EXPTIME] 60.0 [Date] 2020-06-16T14:09:36 [Time] 14:09:36
78/332 LP_335-12-20200616@141048-Eden.fts [TYPE] LIGHT [OBJ] LP_335-12 [RA] 18 39 33.0748 [Dec] +29 52 16.4811 [FIL] GG495 [EXPTIME] 60.0 [Date] 2020-06-16T14:10:48 [Time] 14:10:48
79/332 LP_335-12-20200616@141200-Eden.fts [TYPE] LIGHT [OBJ] LP_335-12 [RA] 18 39 33.0748 [Dec] +29 52 16.4811 [FIL] GG495 [EXPTIME] 60.0 [Date] 2020-06-16T14:12:01 [Time] 14:12:01
80/332 LP_335-12-20200616@141313-Eden.fts [TYPE] LIGHT [OBJ] LP_335-12 [RA] 18 39 33.0748 [Dec] +29 52 16.4811 [FIL] GG495 [EXPTIME] 60.0 [Date] 2020-06-16T14:13:14 [Time] 14:13:14
81/332 LP_335-12-20200616@141426-Eden.fts [TYPE] LIGHT [OBJ] LP_335-12 [RA] 18 39 33.0748 [Dec] +29 52 16.4811 [FIL] GG495 [EXPTIME] 60.0 [Date] 2020-06-16T14:14:27 [Time] 14:14:27
82/332 LP_335-12-20200616@141538-Eden.fts [TYPE] LIGHT [OBJ] LP_335-12 [RA] 18 39 33.0748 [Dec] +29 52 16.4811 [FIL] GG495 [EXPTIME] 60.0 [Date] 2020-06-16T14:15:39 [Time] 14:15:39
83/332 LP_335-12-20200616@141650-Eden.fts [TYPE] LIGHT [OBJ] LP_335-12 [RA] 18 39 33.0748 [Dec] +29 52 16.4811 [FIL] GG495 [EXPTIME] 60.0 [Date] 2020-06-16T14:16:51 [Time] 14:16:51
84/332 LP_335-12-20200616@141802-Eden.fts [TYPE] LIGHT [OBJ] LP_335-12 [RA] 18 39 33.0748 [Dec] +29 52 16.4811 [FIL] GG495 [EXPTIME] 60.0 [Date] 2020-06-16T14:18:03 [Time] 14:18:03
85/332 LP_335-12-20200616@141915-Eden.fts [TYPE] LIGHT [OBJ] LP_335-12 [RA] 18 39 33.0748 [Dec] +29 52 16.4811 [FIL] GG495 [EXPTIME] 60.0 [Date] 2020-06-16T14:19:16 [Time] 14:19:16
86/332 LP_335-12-20200616@142028-Eden.fts [TYPE] LIGHT [OBJ] LP_335-12 [RA] 18 39 33.0748 [Dec] +29 52 16.4811 [FIL] GG495 [EXPTIME] 60.0 [Date] 2020-06-16T14:20:28 [Time] 14:20:28
87/332 LP_335-12-20200616@142140-Eden.fts [TYPE] LIGHT [OBJ] LP_335-12 [RA] 18 39 33.0748 [Dec] +29 52 16.4811 [FIL] GG495 [EXPTIME] 60.0 [Date] 2020-06-16T14:21:40 [Time] 14:21:40
88/332 LP_335-12-20200616@142252-Eden.fts [TYPE] LIGHT [OBJ] LP_335-12 [RA] 18 39 33.0748 [Dec] +29 52 16.4811 [FIL] GG495 [EXPTIME] 60.0 [Date] 2020-06-16T14:22:53 [Time] 14:22:53
89/332 LP_335-12-20200616@142405-Eden.fts [TYPE] LIGHT [OBJ] LP_335-12 [RA] 18 39 33.0748 [Dec] +29 52 16.4811 [FIL] GG495 [EXPTIME] 60.0 [Date] 2020-06-16T14:24:05 [Time] 14:24:05
90/332 LP_335-12-20200616@142517-Eden.fts [TYPE] LIGHT [OBJ] LP_335-12 [RA] 18 39 33.0748 [Dec] +29 52 16.4811 [FIL] GG495 [EXPTIME] 60.0 [Date] 2020-06-16T14:25:17 [Time] 14:25:17
91/332 LP_335-12-20200616@142629-Eden.fts [TYPE] LIGHT [OBJ] LP_335-12 [RA] 18 39 33.0748 [Dec] +29 52 16.4811 [FIL] GG495 [EXPTIME] 60.0 [Date] 2020-06-16T14:26:30 [Time] 14:26:30
92/332 LP_335-12-20200616@142742-Eden.fts [TYPE] LIGHT [OBJ] LP_335-12 [RA] 18 39 33.0748 [Dec] +29 52 16.4811 [FIL] GG495 [EXPTIME] 60.0 [Date] 2020-06-16T14:27:42 [Time] 14:27:42
93/332 LP_335-12-20200616@142855-Eden.fts [TYPE] LIGHT [OBJ] LP_335-12 [RA] 18 39 33.0748 [Dec] +29 52 16.4811 [FIL] GG495 [EXPTIME] 60.0 [Date] 2020-06-16T14:28:56 [Time] 14:28:56
94/332 LP_335-12-20200616@143008-Eden.fts [TYPE] LIGHT [OBJ] LP_335-12 [RA] 18 39 33.0748 [Dec] +29 52 16.4811 [FIL] GG495 [EXPTIME] 60.0 [Date] 2020-06-16T14:30:08 [Time] 14:30:08
95/332 LP_335-12-20200616@143120-Eden.fts [TYPE] LIGHT [OBJ] LP_335-12 [RA] 18 39 33.0748 [Dec] +29 52 16.4811 [FIL] GG495 [EXPTIME] 60.0 [Date] 2020-06-16T14:31:20 [Time] 14:31:20
96/332 LP_335-12-20200616@143234-Eden.fts [TYPE] LIGHT [OBJ] LP_335-12 [RA] 18 39 33.0748 [Dec] +29 52 16.4811 [FIL] GG495 [EXPTIME] 60.0 [Date] 2020-06-16T14:32:34 [Time] 14:32:34
97/332 LP_335-12-20200616@143347-Eden.fts [TYPE] LIGHT [OBJ] LP_335-12 [RA] 18 39 33.0748 [Dec] +29 52 16.4811 [FIL] GG495 [EXPTIME] 60.0 [Date] 2020-06-16T14:33:47 [Time] 14:33:47
98/332 LP_335-12-20200616@143459-Eden.fts [TYPE] LIGHT [OBJ] LP_335-12 [RA] 18 39 33.0748 [Dec] +29 52 16.4811 [FIL] GG495 [EXPTIME] 60.0 [Date] 2020-06-16T14:35:00 [Time] 14:35:00
99/332 LP_335-12-20200616@143611-Eden.fts [TYPE] LIGHT [OBJ] LP_335-12 [RA] 18 39 33.0748 [Dec] +29 52 16.4811 [FIL] GG495 [EXPTIME] 60.0 [Date] 2020-06-16T14:36:12 [Time] 14:36:12
100/332 LP_335-12-20200616@143723-Eden.fts [TYPE] LIGHT [OBJ] LP_335-12 [RA] 18 39 33.0748 [Dec] +29 52 16.4811 [FIL] GG495 [EXPTIME] 60.0 [Date] 2020-06-16T14:37:24 [Time] 14:37:24
101/332 LP_335-12-20200616@143836-Eden.fts [TYPE] LIGHT [OBJ] LP_335-12 [RA] 18 39 33.0748 [Dec] +29 52 16.4811 [FIL] GG495 [EXPTIME] 60.0 [Date] 2020-06-16T14:38:37 [Time] 14:38:37
102/332 LP_335-12-20200616@143949-Eden.fts [TYPE] LIGHT [OBJ] LP_335-12 [RA] 18 39 33.0748 [Dec] +29 52 16.4811 [FIL] GG495 [EXPTIME] 60.0 [Date] 2020-06-16T14:39:50 [Time] 14:39:50
103/332 LP_335-12-20200616@144103-Eden.fts [TYPE] LIGHT [OBJ] LP_335-12 [RA] 18 39 33.0748 [Dec] +29 52 16.4811 [FIL] GG495 [EXPTIME] 60.0 [Date] 2020-06-16T14:41:03 [Time] 14:41:03
104/332 LP_335-12-20200616@144214-Eden.fts [TYPE] LIGHT [OBJ] LP_335-12 [RA] 18 39 33.0748 [Dec] +29 52 16.4811 [FIL] GG495 [EXPTIME] 60.0 [Date] 2020-06-16T14:42:15 [Time] 14:42:15
105/332 LP_335-12-20200616@144326-Eden.fts [TYPE] LIGHT [OBJ] LP_335-12 [RA] 18 39 33.0748 [Dec] +29 52 16.4811 [FIL] GG495 [EXPTIME] 60.0 [Date] 2020-06-16T14:43:27 [Time] 14:43:27
106/332 LP_335-12-20200616@144438-Eden.fts [TYPE] LIGHT [OBJ] LP_335-12 [RA] 18 39 33.0748 [Dec] +29 52 16.4811 [FIL] GG495 [EXPTIME] 60.0 [Date] 2020-06-16T14:44:38 [Time] 14:44:38
107/332 LP_335-12-20200616@144551-Eden.fts [TYPE] LIGHT [OBJ] LP_335-12 [RA] 18 39 33.0748 [Dec] +29 52 16.4811 [FIL] GG495 [EXPTIME] 60.0 [Date] 2020-06-16T14:45:52 [Time] 14:45:52
108/332 LP_335-12-20200616@144703-Eden.fts [TYPE] LIGHT [OBJ] LP_335-12 [RA] 18 39 33.0748 [Dec] +29 52 16.4811 [FIL] GG495 [EXPTIME] 60.0 [Date] 2020-06-16T14:47:04 [Time] 14:47:04
109/332 LP_335-12-20200616@144816-Eden.fts [TYPE] LIGHT [OBJ] LP_335-12 [RA] 18 39 33.0748 [Dec] +29 52 16.4811 [FIL] GG495 [EXPTIME] 60.0 [Date] 2020-06-16T14:48:17 [Time] 14:48:17
110/332 LP_335-12-20200616@144928-Eden.fts [TYPE] LIGHT [OBJ] LP_335-12 [RA] 18 39 33.0748 [Dec] +29 52 16.4811 [FIL] GG495 [EXPTIME] 60.0 [Date] 2020-06-16T14:49:29 [Time] 14:49:29
111/332 LP_335-12-20200616@145040-Eden.fts [TYPE] LIGHT [OBJ] LP_335-12 [RA] 18 39 33.0748 [Dec] +29 52 16.4811 [FIL] GG495 [EXPTIME] 60.0 [Date] 2020-06-16T14:50:40 [Time] 14:50:40
112/332 LP_335-12-20200616@145152-Eden.fts [TYPE] LIGHT [OBJ] LP_335-12 [RA] 18 39 33.0748 [Dec] +29 52 16.4811 [FIL] GG495 [EXPTIME] 60.0 [Date] 2020-06-16T14:51:53 [Time] 14:51:53
113/332 LP_335-12-20200616@145305-Eden.fts [TYPE] LIGHT [OBJ] LP_335-12 [RA] 18 39 33.0748 [Dec] +29 52 16.4811 [FIL] GG495 [EXPTIME] 60.0 [Date] 2020-06-16T14:53:06 [Time] 14:53:06
114/332 LP_335-12-20200616@145417-Eden.fts [TYPE] LIGHT [OBJ] LP_335-12 [RA] 18 39 33.0748 [Dec] +29 52 16.4811 [FIL] GG495 [EXPTIME] 60.0 [Date] 2020-06-16T14:54:18 [Time] 14:54:18
115/332 LP_335-12-20200616@145529-Eden.fts [TYPE] LIGHT [OBJ] LP_335-12 [RA] 18 39 33.0748 [Dec] +29 52 16.4811 [FIL] GG495 [EXPTIME] 60.0 [Date] 2020-06-16T14:55:29 [Time] 14:55:29
116/332 LP_335-12-20200616@145641-Eden.fts [TYPE] LIGHT [OBJ] LP_335-12 [RA] 18 39 33.0748 [Dec] +29 52 16.4811 [FIL] GG495 [EXPTIME] 60.0 [Date] 2020-06-16T14:56:42 [Time] 14:56:42
117/332 LP_335-12-20200616@145754-Eden.fts [TYPE] LIGHT [OBJ] LP_335-12 [RA] 18 39 33.0748 [Dec] +29 52 16.4811 [FIL] GG495 [EXPTIME] 60.0 [Date] 2020-06-16T14:57:55 [Time] 14:57:55
118/332 LP_335-12-20200616@145907-Eden.fts [TYPE] LIGHT [OBJ] LP_335-12 [RA] 18 39 33.0748 [Dec] +29 52 16.4811 [FIL] GG495 [EXPTIME] 60.0 [Date] 2020-06-16T14:59:08 [Time] 14:59:08
119/332 LP_335-12-20200616@150019-Eden.fts [TYPE] LIGHT [OBJ] LP_335-12 [RA] 18 39 33.0748 [Dec] +29 52 16.4811 [FIL] GG495 [EXPTIME] 60.0 [Date] 2020-06-16T15:00:21 [Time] 15:00:21
120/332 LP_335-12-20200616@150133-Eden.fts [TYPE] LIGHT [OBJ] LP_335-12 [RA] 18 39 33.0748 [Dec] +29 52 16.4811 [FIL] GG495 [EXPTIME] 60.0 [Date] 2020-06-16T15:01:33 [Time] 15:01:33
121/332 LP_335-12-20200616@150246-Eden.fts [TYPE] LIGHT [OBJ] LP_335-12 [RA] 18 39 33.0748 [Dec] +29 52 16.4811 [FIL] GG495 [EXPTIME] 60.0 [Date] 2020-06-16T15:02:46 [Time] 15:02:46
122/332 LP_335-12-20200616@150358-Eden.fts [TYPE] LIGHT [OBJ] LP_335-12 [RA] 18 39 33.0748 [Dec] +29 52 16.4811 [FIL] GG495 [EXPTIME] 60.0 [Date] 2020-06-16T15:03:59 [Time] 15:03:59
123/332 LP_335-12-20200616@150511-Eden.fts [TYPE] LIGHT [OBJ] LP_335-12 [RA] 18 39 33.0748 [Dec] +29 52 16.4811 [FIL] GG495 [EXPTIME] 60.0 [Date] 2020-06-16T15:05:12 [Time] 15:05:12
124/332 LP_335-12-20200616@150625-Eden.fts [TYPE] LIGHT [OBJ] LP_335-12 [RA] 18 39 33.0748 [Dec] +29 52 16.4811 [FIL] GG495 [EXPTIME] 60.0 [Date] 2020-06-16T15:06:26 [Time] 15:06:26
125/332 LP_335-12-20200616@150738-Eden.fts [TYPE] LIGHT [OBJ] LP_335-12 [RA] 18 39 33.0748 [Dec] +29 52 16.4811 [FIL] GG495 [EXPTIME] 60.0 [Date] 2020-06-16T15:07:39 [Time] 15:07:39
126/332 LP_335-12-20200616@150851-Eden.fts [TYPE] LIGHT [OBJ] LP_335-12 [RA] 18 39 33.0748 [Dec] +29 52 16.4811 [FIL] GG495 [EXPTIME] 60.0 [Date] 2020-06-16T15:08:52 [Time] 15:08:52
127/332 LP_335-12-20200616@151004-Eden.fts [TYPE] LIGHT [OBJ] LP_335-12 [RA] 18 39 33.0748 [Dec] +29 52 16.4811 [FIL] GG495 [EXPTIME] 60.0 [Date] 2020-06-16T15:10:04 [Time] 15:10:04
128/332 LP_335-12-20200616@151116-Eden.fts [TYPE] LIGHT [OBJ] LP_335-12 [RA] 18 39 33.0748 [Dec] +29 52 16.4811 [FIL] GG495 [EXPTIME] 60.0 [Date] 2020-06-16T15:11:16 [Time] 15:11:16
129/332 LP_335-12-20200616@151228-Eden.fts [TYPE] LIGHT [OBJ] LP_335-12 [RA] 18 39 33.0748 [Dec] +29 52 16.4811 [FIL] GG495 [EXPTIME] 60.0 [Date] 2020-06-16T15:12:29 [Time] 15:12:29
130/332 LP_335-12-20200616@151341-Eden.fts [TYPE] LIGHT [OBJ] LP_335-12 [RA] 18 39 33.0748 [Dec] +29 52 16.4811 [FIL] GG495 [EXPTIME] 60.0 [Date] 2020-06-16T15:13:41 [Time] 15:13:41
131/332 LP_335-12-20200616@151453-Eden.fts [TYPE] LIGHT [OBJ] LP_335-12 [RA] 18 39 33.0748 [Dec] +29 52 16.4811 [FIL] GG495 [EXPTIME] 60.0 [Date] 2020-06-16T15:14:54 [Time] 15:14:54
132/332 LP_335-12-20200616@151606-Eden.fts [TYPE] LIGHT [OBJ] LP_335-12 [RA] 18 39 33.0748 [Dec] +29 52 16.4811 [FIL] GG495 [EXPTIME] 60.0 [Date] 2020-06-16T15:16:07 [Time] 15:16:07
133/332 LP_335-12-20200616@151718-Eden.fts [TYPE] LIGHT [OBJ] LP_335-12 [RA] 18 39 33.0748 [Dec] +29 52 16.4811 [FIL] GG495 [EXPTIME] 60.0 [Date] 2020-06-16T15:17:19 [Time] 15:17:19
134/332 LP_335-12-20200616@151831-Eden.fts [TYPE] LIGHT [OBJ] LP_335-12 [RA] 18 39 33.0748 [Dec] +29 52 16.4811 [FIL] GG495 [EXPTIME] 60.0 [Date] 2020-06-16T15:18:32 [Time] 15:18:32
135/332 LP_335-12-20200616@151943-Eden.fts [TYPE] LIGHT [OBJ] LP_335-12 [RA] 18 39 33.0748 [Dec] +29 52 16.4811 [FIL] GG495 [EXPTIME] 60.0 [Date] 2020-06-16T15:19:43 [Time] 15:19:43
136/332 LP_335-12-20200616@152058-Eden.fts [TYPE] LIGHT [OBJ] LP_335-12 [RA] 18 39 33.0748 [Dec] +29 52 16.4811 [FIL] GG495 [EXPTIME] 60.0 [Date] 2020-06-16T15:20:58 [Time] 15:20:58
137/332 LP_335-12-20200616@152210-Eden.fts [TYPE] LIGHT [OBJ] LP_335-12 [RA] 18 39 33.0748 [Dec] +29 52 16.4811 [FIL] GG495 [EXPTIME] 60.0 [Date] 2020-06-16T15:22:10 [Time] 15:22:10
138/332 LP_335-12-20200616@152322-Eden.fts [TYPE] LIGHT [OBJ] LP_335-12 [RA] 18 39 33.0748 [Dec] +29 52 16.4811 [FIL] GG495 [EXPTIME] 60.0 [Date] 2020-06-16T15:23:22 [Time] 15:23:22
139/332 LP_335-12-20200616@152433-Eden.fts [TYPE] LIGHT [OBJ] LP_335-12 [RA] 18 39 33.0748 [Dec] +29 52 16.4811 [FIL] GG495 [EXPTIME] 60.0 [Date] 2020-06-16T15:24:34 [Time] 15:24:34
140/332 LP_335-12-20200616@152546-Eden.fts [TYPE] LIGHT [OBJ] LP_335-12 [RA] 18 39 33.0748 [Dec] +29 52 16.4811 [FIL] GG495 [EXPTIME] 60.0 [Date] 2020-06-16T15:25:47 [Time] 15:25:47
141/332 LP_335-12-20200616@152701-Eden.fts [TYPE] LIGHT [OBJ] LP_335-12 [RA] 18 39 33.0748 [Dec] +29 52 16.4811 [FIL] GG495 [EXPTIME] 60.0 [Date] 2020-06-16T15:27:02 [Time] 15:27:02
142/332 LP_335-12-20200616@152813-Eden.fts [TYPE] LIGHT [OBJ] LP_335-12 [RA] 18 39 33.0748 [Dec] +29 52 16.4811 [FIL] GG495 [EXPTIME] 60.0 [Date] 2020-06-16T15:28:13 [Time] 15:28:13
143/332 LP_335-12-20200616@152925-Eden.fts [TYPE] LIGHT [OBJ] LP_335-12 [RA] 18 39 33.0748 [Dec] +29 52 16.4811 [FIL] GG495 [EXPTIME] 60.0 [Date] 2020-06-16T15:29:26 [Time] 15:29:26
144/332 LP_335-12-20200616@153037-Eden.fts [TYPE] LIGHT [OBJ] LP_335-12 [RA] 18 39 33.0748 [Dec] +29 52 16.4811 [FIL] GG495 [EXPTIME] 60.0 [Date] 2020-06-16T15:30:38 [Time] 15:30:38
145/332 LP_335-12-20200616@153150-Eden.fts [TYPE] LIGHT [OBJ] LP_335-12 [RA] 18 39 33.0748 [Dec] +29 52 16.4811 [FIL] GG495 [EXPTIME] 60.0 [Date] 2020-06-16T15:31:50 [Time] 15:31:50
146/332 LP_335-12-20200616@153303-Eden.fts [TYPE] LIGHT [OBJ] LP_335-12 [RA] 18 39 33.0748 [Dec] +29 52 16.4811 [FIL] GG495 [EXPTIME] 60.0 [Date] 2020-06-16T15:33:03 [Time] 15:33:03
147/332 LP_335-12-20200616@153417-Eden.fts [TYPE] LIGHT [OBJ] LP_335-12 [RA] 18 39 33.0748 [Dec] +29 52 16.4811 [FIL] GG495 [EXPTIME] 60.0 [Date] 2020-06-16T15:34:17 [Time] 15:34:17
148/332 LP_335-12-20200616@153529-Eden.fts [TYPE] LIGHT [OBJ] LP_335-12 [RA] 18 39 33.0748 [Dec] +29 52 16.4811 [FIL] GG495 [EXPTIME] 60.0 [Date] 2020-06-16T15:35:29 [Time] 15:35:29
149/332 LP_335-12-20200616@153642-Eden.fts [TYPE] LIGHT [OBJ] LP_335-12 [RA] 18 39 33.0748 [Dec] +29 52 16.4811 [FIL] GG495 [EXPTIME] 60.0 [Date] 2020-06-16T15:36:42 [Time] 15:36:42
150/332 LP_335-12-20200616@153754-Eden.fts [TYPE] LIGHT [OBJ] LP_335-12 [RA] 18 39 33.0748 [Dec] +29 52 16.4811 [FIL] GG495 [EXPTIME] 60.0 [Date] 2020-06-16T15:37:55 [Time] 15:37:55
151/332 LP_335-12-20200616@153908-Eden.fts [TYPE] LIGHT [OBJ] LP_335-12 [RA] 18 39 33.0748 [Dec] +29 52 16.4811 [FIL] GG495 [EXPTIME] 60.0 [Date] 2020-06-16T15:39:08 [Time] 15:39:08
152/332 LP_335-12-20200616@154019-Eden.fts [TYPE] LIGHT [OBJ] LP_335-12 [RA] 18 39 33.0748 [Dec] +29 52 16.4811 [FIL] GG495 [EXPTIME] 60.0 [Date] 2020-06-16T15:40:19 [Time] 15:40:19
153/332 LP_335-12-20200616@154131-Eden.fts [TYPE] LIGHT [OBJ] LP_335-12 [RA] 18 39 33.0748 [Dec] +29 52 16.4811 [FIL] GG495 [EXPTIME] 60.0 [Date] 2020-06-16T15:41:31 [Time] 15:41:31
154/332 LP_335-12-20200616@154243-Eden.fts [TYPE] LIGHT [OBJ] LP_335-12 [RA] 18 39 33.0748 [Dec] +29 52 16.4811 [FIL] GG495 [EXPTIME] 60.0 [Date] 2020-06-16T15:42:43 [Time] 15:42:43
155/332 LP_335-12-20200616@154355-Eden.fts [TYPE] LIGHT [OBJ] LP_335-12 [RA] 18 39 33.0748 [Dec] +29 52 16.4811 [FIL] GG495 [EXPTIME] 60.0 [Date] 2020-06-16T15:43:55 [Time] 15:43:55
156/332 LP_335-12-20200616@154507-Eden.fts [TYPE] LIGHT [OBJ] LP_335-12 [RA] 18 39 33.0748 [Dec] +29 52 16.4811 [FIL] GG495 [EXPTIME] 60.0 [Date] 2020-06-16T15:45:08 [Time] 15:45:08
157/332 LP_335-12-20200616@154620-Eden.fts [TYPE] LIGHT [OBJ] LP_335-12 [RA] 18 39 33.0748 [Dec] +29 52 16.4811 [FIL] GG495 [EXPTIME] 60.0 [Date] 2020-06-16T15:46:20 [Time] 15:46:20
158/332 LP_335-12-20200616@154731-Eden.fts [TYPE] LIGHT [OBJ] LP_335-12 [RA] 18 39 33.0748 [Dec] +29 52 16.4811 [FIL] GG495 [EXPTIME] 60.0 [Date] 2020-06-16T15:47:32 [Time] 15:47:32
159/332 LP_335-12-20200616@154845-Eden.fts [TYPE] LIGHT [OBJ] LP_335-12 [RA] 18 39 33.0748 [Dec] +29 52 16.4811 [FIL] GG495 [EXPTIME] 60.0 [Date] 2020-06-16T15:48:46 [Time] 15:48:46
160/332 LP_335-12-20200616@154958-Eden.fts [TYPE] LIGHT [OBJ] LP_335-12 [RA] 18 39 33.0748 [Dec] +29 52 16.4811 [FIL] GG495 [EXPTIME] 60.0 [Date] 2020-06-16T15:49:58 [Time] 15:49:58
161/332 LP_335-12-20200616@155111-Eden.fts [TYPE] LIGHT [OBJ] LP_335-12 [RA] 18 39 33.0748 [Dec] +29 52 16.4811 [FIL] GG495 [EXPTIME] 60.0 [Date] 2020-06-16T15:51:11 [Time] 15:51:11
162/332 LP_335-12-20200616@155222-Eden.fts [TYPE] LIGHT [OBJ] LP_335-12 [RA] 18 39 33.0748 [Dec] +29 52 16.4811 [FIL] GG495 [EXPTIME] 60.0 [Date] 2020-06-16T15:52:23 [Time] 15:52:23
163/332 LP_335-12-20200616@155335-Eden.fts [TYPE] LIGHT [OBJ] LP_335-12 [RA] 18 39 33.0748 [Dec] +29 52 16.4811 [FIL] GG495 [EXPTIME] 60.0 [Date] 2020-06-16T15:53:35 [Time] 15:53:35
164/332 LP_335-12-20200616@155448-Eden.fts [TYPE] LIGHT [OBJ] LP_335-12 [RA] 18 39 33.0748 [Dec] +29 52 16.4811 [FIL] GG495 [EXPTIME] 60.0 [Date] 2020-06-16T15:54:48 [Time] 15:54:48
165/332 LP_335-12-20200616@155600-Eden.fts [TYPE] LIGHT [OBJ] LP_335-12 [RA] 18 39 33.0748 [Dec] +29 52 16.4811 [FIL] GG495 [EXPTIME] 60.0 [Date] 2020-06-16T15:56:01 [Time] 15:56:01
166/332 LP_335-12-20200616@155712-Eden.fts [TYPE] LIGHT [OBJ] LP_335-12 [RA] 18 39 33.0748 [Dec] +29 52 16.4811 [FIL] GG495 [EXPTIME] 60.0 [Date] 2020-06-16T15:57:12 [Time] 15:57:12
167/332 LP_335-12-20200616@155824-Eden.fts [TYPE] LIGHT [OBJ] LP_335-12 [RA] 18 39 33.0748 [Dec] +29 52 16.4811 [FIL] GG495 [EXPTIME] 60.0 [Date] 2020-06-16T15:58:25 [Time] 15:58:25
168/332 LP_335-12-20200616@155937-Eden.fts [TYPE] LIGHT [OBJ] LP_335-12 [RA] 18 39 33.0748 [Dec] +29 52 16.4811 [FIL] GG495 [EXPTIME] 60.0 [Date] 2020-06-16T15:59:38 [Time] 15:59:38
169/332 LP_335-12-20200616@160049-Eden.fts [TYPE] LIGHT [OBJ] LP_335-12 [RA] 18 39 33.0748 [Dec] +29 52 16.4811 [FIL] GG495 [EXPTIME] 60.0 [Date] 2020-06-16T16:00:50 [Time] 16:00:50
170/332 LP_335-12-20200616@160203-Eden.fts [TYPE] LIGHT [OBJ] LP_335-12 [RA] 18 39 33.0748 [Dec] +29 52 16.4811 [FIL] GG495 [EXPTIME] 60.0 [Date] 2020-06-16T16:02:03 [Time] 16:02:03
171/332 LP_335-12-20200616@160315-Eden.fts [TYPE] LIGHT [OBJ] LP_335-12 [RA] 18 39 33.0748 [Dec] +29 52 16.4811 [FIL] GG495 [EXPTIME] 60.0 [Date] 2020-06-16T16:03:16 [Time] 16:03:16
172/332 LP_335-12-20200616@160429-Eden.fts [TYPE] LIGHT [OBJ] LP_335-12 [RA] 18 39 33.0748 [Dec] +29 52 16.4811 [FIL] GG495 [EXPTIME] 60.0 [Date] 2020-06-16T16:04:29 [Time] 16:04:29
173/332 LP_335-12-20200616@160541-Eden.fts [TYPE] LIGHT [OBJ] LP_335-12 [RA] 18 39 33.0748 [Dec] +29 52 16.4811 [FIL] GG495 [EXPTIME] 60.0 [Date] 2020-06-16T16:05:42 [Time] 16:05:42
174/332 LP_335-12-20200616@160654-Eden.fts [TYPE] LIGHT [OBJ] LP_335-12 [RA] 18 39 33.0748 [Dec] +29 52 16.4811 [FIL] GG495 [EXPTIME] 60.0 [Date] 2020-06-16T16:06:55 [Time] 16:06:55
175/332 LP_335-12-20200616@160806-Eden.fts [TYPE] LIGHT [OBJ] LP_335-12 [RA] 18 39 33.0748 [Dec] +29 52 16.4811 [FIL] GG495 [EXPTIME] 60.0 [Date] 2020-06-16T16:08:08 [Time] 16:08:08
176/332 LP_335-12-20200616@160919-Eden.fts [TYPE] LIGHT [OBJ] LP_335-12 [RA] 18 39 33.0748 [Dec] +29 52 16.4811 [FIL] GG495 [EXPTIME] 60.0 [Date] 2020-06-16T16:09:20 [Time] 16:09:20
177/332 LP_335-12-20200616@161031-Eden.fts [TYPE] LIGHT [OBJ] LP_335-12 [RA] 18 39 33.0748 [Dec] +29 52 16.4811 [FIL] GG495 [EXPTIME] 60.0 [Date] 2020-06-16T16:10:32 [Time] 16:10:32
178/332 LP_335-12-20200616@161143-Eden.fts [TYPE] LIGHT [OBJ] LP_335-12 [RA] 18 39 33.0748 [Dec] +29 52 16.4811 [FIL] GG495 [EXPTIME] 60.0 [Date] 2020-06-16T16:11:44 [Time] 16:11:44
179/332 LP_335-12-20200616@161256-Eden.fts [TYPE] LIGHT [OBJ] LP_335-12 [RA] 18 39 33.0748 [Dec] +29 52 16.4811 [FIL] GG495 [EXPTIME] 60.0 [Date] 2020-06-16T16:12:57 [Time] 16:12:57
180/332 LP_335-12-20200616@161409-Eden.fts [TYPE] LIGHT [OBJ] LP_335-12 [RA] 18 39 33.0748 [Dec] +29 52 16.4811 [FIL] GG495 [EXPTIME] 60.0 [Date] 2020-06-16T16:14:09 [Time] 16:14:09
181/332 LP_335-12-20200616@161522-Eden.fts [TYPE] LIGHT [OBJ] LP_335-12 [RA] 18 39 33.0748 [Dec] +29 52 16.4811 [FIL] GG495 [EXPTIME] 60.0 [Date] 2020-06-16T16:15:23 [Time] 16:15:23
182/332 LP_335-12-20200616@161635-Eden.fts [TYPE] LIGHT [OBJ] LP_335-12 [RA] 18 39 33.0748 [Dec] +29 52 16.4811 [FIL] GG495 [EXPTIME] 60.0 [Date] 2020-06-16T16:16:35 [Time] 16:16:35
183/332 LP_335-12-20200616@161747-Eden.fts [TYPE] LIGHT [OBJ] LP_335-12 [RA] 18 39 33.0748 [Dec] +29 52 16.4811 [FIL] GG495 [EXPTIME] 60.0 [Date] 2020-06-16T16:17:49 [Time] 16:17:49
184/332 LP_335-12-20200616@161900-Eden.fts [TYPE] LIGHT [OBJ] LP_335-12 [RA] 18 39 33.0748 [Dec] +29 52 16.4811 [FIL] GG495 [EXPTIME] 60.0 [Date] 2020-06-16T16:19:00 [Time] 16:19:00
185/332 LP_335-12-20200616@162013-Eden.fts [TYPE] LIGHT [OBJ] LP_335-12 [RA] 18 39 33.0748 [Dec] +29 52 16.4811 [FIL] GG495 [EXPTIME] 60.0 [Date] 2020-06-16T16:20:14 [Time] 16:20:14
186/332 LP_335-12-20200616@162125-Eden.fts [TYPE] LIGHT [OBJ] LP_335-12 [RA] 18 39 33.0748 [Dec] +29 52 16.4811 [FIL] GG495 [EXPTIME] 60.0 [Date] 2020-06-16T16:21:26 [Time] 16:21:26
187/332 LP_335-12-20200616@162238-Eden.fts [TYPE] LIGHT [OBJ] LP_335-12 [RA] 18 39 33.0748 [Dec] +29 52 16.4811 [FIL] GG495 [EXPTIME] 60.0 [Date] 2020-06-16T16:22:39 [Time] 16:22:39
188/332 LP_335-12-20200616@162350-Eden.fts [TYPE] LIGHT [OBJ] LP_335-12 [RA] 18 39 33.0748 [Dec] +29 52 16.4811 [FIL] GG495 [EXPTIME] 60.0 [Date] 2020-06-16T16:23:51 [Time] 16:23:51
189/332 LP_335-12-20200616@162502-Eden.fts [TYPE] LIGHT [OBJ] LP_335-12 [RA] 18 39 33.0748 [Dec] +29 52 16.4811 [FIL] GG495 [EXPTIME] 60.0 [Date] 2020-06-16T16:25:03 [Time] 16:25:03
190/332 LP_335-12-20200616@162614-Eden.fts [TYPE] LIGHT [OBJ] LP_335-12 [RA] 18 39 33.0748 [Dec] +29 52 16.4811 [FIL] GG495 [EXPTIME] 60.0 [Date] 2020-06-16T16:26:15 [Time] 16:26:15
191/332 LP_335-12-20200616@162727-Eden.fts [TYPE] LIGHT [OBJ] LP_335-12 [RA] 18 39 33.0748 [Dec] +29 52 16.4811 [FIL] GG495 [EXPTIME] 60.0 [Date] 2020-06-16T16:27:27 [Time] 16:27:27
192/332 LP_335-12-20200616@162839-Eden.fts [TYPE] LIGHT [OBJ] LP_335-12 [RA] 18 39 33.0748 [Dec] +29 52 16.4811 [FIL] GG495 [EXPTIME] 60.0 [Date] 2020-06-16T16:28:40 [Time] 16:28:40
193/332 LP_335-12-20200616@162951-Eden.fts [TYPE] LIGHT [OBJ] LP_335-12 [RA] 18 39 33.0748 [Dec] +29 52 16.4811 [FIL] GG495 [EXPTIME] 60.0 [Date] 2020-06-16T16:29:51 [Time] 16:29:51
194/332 LP_335-12-20200616@163104-Eden.fts [TYPE] LIGHT [OBJ] LP_335-12 [RA] 18 39 33.0748 [Dec] +29 52 16.4811 [FIL] GG495 [EXPTIME] 60.0 [Date] 2020-06-16T16:31:04 [Time] 16:31:04
195/332 LP_335-12-20200616@163216-Eden.fts [TYPE] LIGHT [OBJ] LP_335-12 [RA] 18 39 33.0748 [Dec] +29 52 16.4811 [FIL] GG495 [EXPTIME] 60.0 [Date] 2020-06-16T16:32:16 [Time] 16:32:16
196/332 LP_335-12-20200616@163327-Eden.fts [TYPE] LIGHT [OBJ] LP_335-12 [RA] 18 39 33.0748 [Dec] +29 52 16.4811 [FIL] GG495 [EXPTIME] 60.0 [Date] 2020-06-16T16:33:28 [Time] 16:33:28
197/332 LP_335-12-20200616@163440-Eden.fts [TYPE] LIGHT [OBJ] LP_335-12 [RA] 18 39 33.0748 [Dec] +29 52 16.4811 [FIL] GG495 [EXPTIME] 60.0 [Date] 2020-06-16T16:34:41 [Time] 16:34:41
198/332 LP_335-12-20200616@163554-Eden.fts [TYPE] LIGHT [OBJ] LP_335-12 [RA] 18 39 33.0748 [Dec] +29 52 16.4811 [FIL] GG495 [EXPTIME] 60.0 [Date] 2020-06-16T16:35:54 [Time] 16:35:54
199/332 LP_335-12-20200616@163707-Eden.fts [TYPE] LIGHT [OBJ] LP_335-12 [RA] 18 39 33.0748 [Dec] +29 52 16.4811 [FIL] GG495 [EXPTIME] 60.0 [Date] 2020-06-16T16:37:07 [Time] 16:37:07
200/332 LP_335-12-20200616@163819-Eden.fts [TYPE] LIGHT [OBJ] LP_335-12 [RA] 18 39 33.0748 [Dec] +29 52 16.4811 [FIL] GG495 [EXPTIME] 60.0 [Date] 2020-06-16T16:38:19 [Time] 16:38:19
201/332 LP_335-12-20200616@163930-Eden.fts [TYPE] LIGHT [OBJ] LP_335-12 [RA] 18 39 33.0748 [Dec] +29 52 16.4811 [FIL] GG495 [EXPTIME] 60.0 [Date] 2020-06-16T16:39:30 [Time] 16:39:30
202/332 LP_335-12-20200616@164042-Eden.fts [TYPE] LIGHT [OBJ] LP_335-12 [RA] 18 39 33.0748 [Dec] +29 52 16.4811 [FIL] GG495 [EXPTIME] 60.0 [Date] 2020-06-16T16:40:42 [Time] 16:40:42
203/332 LP_335-12-20200616@164154-Eden.fts [TYPE] LIGHT [OBJ] LP_335-12 [RA] 18 39 33.0748 [Dec] +29 52 16.4811 [FIL] GG495 [EXPTIME] 60.0 [Date] 2020-06-16T16:41:54 [Time] 16:41:54
204/332 LP_335-12-20200616@164307-Eden.fts [TYPE] LIGHT [OBJ] LP_335-12 [RA] 18 39 33.0748 [Dec] +29 52 16.4811 [FIL] GG495 [EXPTIME] 60.0 [Date] 2020-06-16T16:43:07 [Time] 16:43:07
205/332 LP_335-12-20200616@164419-Eden.fts [TYPE] LIGHT [OBJ] LP_335-12 [RA] 18 39 33.0748 [Dec] +29 52 16.4811 [FIL] GG495 [EXPTIME] 60.0 [Date] 2020-06-16T16:44:19 [Time] 16:44:19
206/332 LP_335-12-20200616@164532-Eden.fts [TYPE] LIGHT [OBJ] LP_335-12 [RA] 18 39 33.0748 [Dec] +29 52 16.4811 [FIL] GG495 [EXPTIME] 60.0 [Date] 2020-06-16T16:45:33 [Time] 16:45:33
207/332 LP_335-12-20200616@164645-Eden.fts [TYPE] LIGHT [OBJ] LP_335-12 [RA] 18 39 33.0748 [Dec] +29 52 16.4811 [FIL] GG495 [EXPTIME] 60.0 [Date] 2020-06-16T16:46:45 [Time] 16:46:45
208/332 LP_335-12-20200616@164757-Eden.fts [TYPE] LIGHT [OBJ] LP_335-12 [RA] 18 39 33.0748 [Dec] +29 52 16.4811 [FIL] GG495 [EXPTIME] 60.0 [Date] 2020-06-16T16:47:58 [Time] 16:47:58
209/332 LP_335-12-20200616@164910-Eden.fts [TYPE] LIGHT [OBJ] LP_335-12 [RA] 18 39 33.0748 [Dec] +29 52 16.4811 [FIL] GG495 [EXPTIME] 60.0 [Date] 2020-06-16T16:49:11 [Time] 16:49:11
210/332 LP_335-12-20200616@165022-Eden.fts [TYPE] LIGHT [OBJ] LP_335-12 [RA] 18 39 33.0748 [Dec] +29 52 16.4811 [FIL] GG495 [EXPTIME] 60.0 [Date] 2020-06-16T16:50:23 [Time] 16:50:23
211/332 LP_335-12-20200616@165135-Eden.fts [TYPE] LIGHT [OBJ] LP_335-12 [RA] 18 39 33.0748 [Dec] +29 52 16.4811 [FIL] GG495 [EXPTIME] 60.0 [Date] 2020-06-16T16:51:35 [Time] 16:51:35
212/332 LP_335-12-20200616@165246-Eden.fts [TYPE] LIGHT [OBJ] LP_335-12 [RA] 18 39 33.0748 [Dec] +29 52 16.4811 [FIL] GG495 [EXPTIME] 60.0 [Date] 2020-06-16T16:52:47 [Time] 16:52:47
213/332 LP_335-12-20200616@165359-Eden.fts [TYPE] LIGHT [OBJ] LP_335-12 [RA] 18 39 33.0748 [Dec] +29 52 16.4811 [FIL] GG495 [EXPTIME] 60.0 [Date] 2020-06-16T16:54:00 [Time] 16:54:00
214/332 LP_335-12-20200616@165512-Eden.fts [TYPE] LIGHT [OBJ] LP_335-12 [RA] 18 39 33.0748 [Dec] +29 52 16.4811 [FIL] GG495 [EXPTIME] 60.0 [Date] 2020-06-16T16:55:13 [Time] 16:55:13
215/332 LP_335-12-20200616@165625-Eden.fts [TYPE] LIGHT [OBJ] LP_335-12 [RA] 18 39 33.0748 [Dec] +29 52 16.4811 [FIL] GG495 [EXPTIME] 60.0 [Date] 2020-06-16T16:56:26 [Time] 16:56:26
216/332 LP_335-12-20200616@165739-Eden.fts [TYPE] LIGHT [OBJ] LP_335-12 [RA] 18 39 33.0748 [Dec] +29 52 16.4811 [FIL] GG495 [EXPTIME] 60.0 [Date] 2020-06-16T16:57:40 [Time] 16:57:40
217/332 LP_335-12-20200616@165852-Eden.fts [TYPE] LIGHT [OBJ] LP_335-12 [RA] 18 39 33.0748 [Dec] +29 52 16.4811 [FIL] GG495 [EXPTIME] 60.0 [Date] 2020-06-16T16:58:52 [Time] 16:58:52
218/332 LP_335-12-20200616@170003-Eden.fts [TYPE] LIGHT [OBJ] LP_335-12 [RA] 18 39 33.0748 [Dec] +29 52 16.4811 [FIL] GG495 [EXPTIME] 60.0 [Date] 2020-06-16T17:00:04 [Time] 17:00:04
219/332 LP_335-12-20200616@170117-Eden.fts [TYPE] LIGHT [OBJ] LP_335-12 [RA] 18 39 33.0748 [Dec] +29 52 16.4811 [FIL] GG495 [EXPTIME] 60.0 [Date] 2020-06-16T17:01:17 [Time] 17:01:17
220/332 LP_335-12-20200616@170228-Eden.fts [TYPE] LIGHT [OBJ] LP_335-12 [RA] 18 39 33.0748 [Dec] +29 52 16.4811 [FIL] GG495 [EXPTIME] 60.0 [Date] 2020-06-16T17:02:29 [Time] 17:02:29
221/332 LP_335-12-20200616@170341-Eden.fts [TYPE] LIGHT [OBJ] LP_335-12 [RA] 18 39 33.0748 [Dec] +29 52 16.4811 [FIL] GG495 [EXPTIME] 60.0 [Date] 2020-06-16T17:03:42 [Time] 17:03:42
222/332 LP_335-12-20200616@170455-Eden.fts [TYPE] LIGHT [OBJ] LP_335-12 [RA] 18 39 33.0748 [Dec] +29 52 16.4811 [FIL] GG495 [EXPTIME] 60.0 [Date] 2020-06-16T17:04:56 [Time] 17:04:56
223/332 LP_335-12-20200616@170608-Eden.fts [TYPE] LIGHT [OBJ] LP_335-12 [RA] 18 39 33.0748 [Dec] +29 52 16.4811 [FIL] GG495 [EXPTIME] 60.0 [Date] 2020-06-16T17:06:08 [Time] 17:06:08
224/332 LP_335-12-20200616@170720-Eden.fts [TYPE] LIGHT [OBJ] LP_335-12 [RA] 18 39 33.0748 [Dec] +29 52 16.4811 [FIL] GG495 [EXPTIME] 60.0 [Date] 2020-06-16T17:07:22 [Time] 17:07:22
225/332 LP_335-12-20200616@170834-Eden.fts [TYPE] LIGHT [OBJ] LP_335-12 [RA] 18 39 33.0748 [Dec] +29 52 16.4811 [FIL] GG495 [EXPTIME] 60.0 [Date] 2020-06-16T17:08:34 [Time] 17:08:34
226/332 LP_335-12-20200616@170946-Eden.fts [TYPE] LIGHT [OBJ] LP_335-12 [RA] 18 39 33.0748 [Dec] +29 52 16.4811 [FIL] GG495 [EXPTIME] 60.0 [Date] 2020-06-16T17:09:46 [Time] 17:09:46
227/332 LP_335-12-20200616@171059-Eden.fts [TYPE] LIGHT [OBJ] LP_335-12 [RA] 18 39 33.0748 [Dec] +29 52 16.4811 [FIL] GG495 [EXPTIME] 60.0 [Date] 2020-06-16T17:11:00 [Time] 17:11:00
228/332 LP_335-12-20200616@171212-Eden.fts [TYPE] LIGHT [OBJ] LP_335-12 [RA] 18 39 33.0748 [Dec] +29 52 16.4811 [FIL] GG495 [EXPTIME] 60.0 [Date] 2020-06-16T17:12:13 [Time] 17:12:13
229/332 LP_335-12-20200616@171325-Eden.fts [TYPE] LIGHT [OBJ] LP_335-12 [RA] 18 39 33.0748 [Dec] +29 52 16.4811 [FIL] GG495 [EXPTIME] 60.0 [Date] 2020-06-16T17:13:26 [Time] 17:13:26
230/332 LP_335-12-20200616@171439-Eden.fts [TYPE] LIGHT [OBJ] LP_335-12 [RA] 18 39 33.0748 [Dec] +29 52 16.4811 [FIL] GG495 [EXPTIME] 60.0 [Date] 2020-06-16T17:14:39 [Time] 17:14:39
231/332 LP_335-12-20200616@171551-Eden.fts [TYPE] LIGHT [OBJ] LP_335-12 [RA] 18 39 33.0748 [Dec] +29 52 16.4811 [FIL] GG495 [EXPTIME] 60.0 [Date] 2020-06-16T17:15:52 [Time] 17:15:52
232/332 LP_335-12-20200616@171703-Eden.fts [TYPE] LIGHT [OBJ] LP_335-12 [RA] 18 39 33.0748 [Dec] +29 52 16.4811 [FIL] GG495 [EXPTIME] 60.0 [Date] 2020-06-16T17:17:03 [Time] 17:17:03
233/332 LP_335-12-20200616@171816-Eden.fts [TYPE] LIGHT [OBJ] LP_335-12 [RA] 18 39 33.0748 [Dec] +29 52 16.4811 [FIL] GG495 [EXPTIME] 60.0 [Date] 2020-06-16T17:18:16 [Time] 17:18:16
234/332 LP_335-12-20200616@171929-Eden.fts [TYPE] LIGHT [OBJ] LP_335-12 [RA] 18 39 33.0748 [Dec] +29 52 16.4811 [FIL] GG495 [EXPTIME] 60.0 [Date] 2020-06-16T17:19:31 [Time] 17:19:31
235/332 LP_335-12-20200616@172043-Eden.fts [TYPE] LIGHT [OBJ] LP_335-12 [RA] 18 39 33.0748 [Dec] +29 52 16.4811 [FIL] GG495 [EXPTIME] 60.0 [Date] 2020-06-16T17:20:43 [Time] 17:20:43
236/332 LP_335-12-20200616@172155-Eden.fts [TYPE] LIGHT [OBJ] LP_335-12 [RA] 18 39 33.0748 [Dec] +29 52 16.4811 [FIL] GG495 [EXPTIME] 60.0 [Date] 2020-06-16T17:21:55 [Time] 17:21:55
237/332 LP_335-12-20200616@172308-Eden.fts [TYPE] LIGHT [OBJ] LP_335-12 [RA] 18 39 33.0748 [Dec] +29 52 16.4811 [FIL] GG495 [EXPTIME] 60.0 [Date] 2020-06-16T17:23:08 [Time] 17:23:08
238/332 LP_335-12-20200616@172420-Eden.fts [TYPE] LIGHT [OBJ] LP_335-12 [RA] 18 39 33.0748 [Dec] +29 52 16.4811 [FIL] GG495 [EXPTIME] 60.0 [Date] 2020-06-16T17:24:21 [Time] 17:24:21
239/332 LP_335-12-20200616@172533-Eden.fts [TYPE] LIGHT [OBJ] LP_335-12 [RA] 18 39 33.0748 [Dec] +29 52 16.4811 [FIL] GG495 [EXPTIME] 60.0 [Date] 2020-06-16T17:25:34 [Time] 17:25:34
240/332 LP_335-12-20200616@172645-Eden.fts [TYPE] LIGHT [OBJ] LP_335-12 [RA] 18 39 33.0748 [Dec] +29 52 16.4811 [FIL] GG495 [EXPTIME] 60.0 [Date] 2020-06-16T17:26:46 [Time] 17:26:46
241/332 LP_335-12-20200616@172759-Eden.fts [TYPE] LIGHT [OBJ] LP_335-12 [RA] 18 39 33.0748 [Dec] +29 52 16.4811 [FIL] GG495 [EXPTIME] 60.0 [Date] 2020-06-16T17:27:59 [Time] 17:27:59
242/332 LP_335-12-20200616@172912-Eden.fts [TYPE] LIGHT [OBJ] LP_335-12 [RA] 18 39 33.0748 [Dec] +29 52 16.4811 [FIL] GG495 [EXPTIME] 60.0 [Date] 2020-06-16T17:29:12 [Time] 17:29:12
243/332 LP_335-12-20200616@173024-Eden.fts [TYPE] LIGHT [OBJ] LP_335-12 [RA] 18 39 33.0748 [Dec] +29 52 16.4811 [FIL] GG495 [EXPTIME] 60.0 [Date] 2020-06-16T17:30:24 [Time] 17:30:24
244/332 LP_335-12-20200616@173137-Eden.fts [TYPE] LIGHT [OBJ] LP_335-12 [RA] 18 39 33.0748 [Dec] +29 52 16.4811 [FIL] GG495 [EXPTIME] 60.0 [Date] 2020-06-16T17:31:38 [Time] 17:31:38
245/332 LP_335-12-20200616@173251-Eden.fts [TYPE] LIGHT [OBJ] LP_335-12 [RA] 18 39 33.0748 [Dec] +29 52 16.4811 [FIL] GG495 [EXPTIME] 60.0 [Date] 2020-06-16T17:32:51 [Time] 17:32:51
246/332 LP_335-12-20200616@173404-Eden.fts [TYPE] LIGHT [OBJ] LP_335-12 [RA] 18 39 33.0748 [Dec] +29 52 16.4811 [FIL] GG495 [EXPTIME] 60.0 [Date] 2020-06-16T17:34:04 [Time] 17:34:04
247/332 LP_335-12-20200616@173517-Eden.fts [TYPE] LIGHT [OBJ] LP_335-12 [RA] 18 39 33.0748 [Dec] +29 52 16.4811 [FIL] GG495 [EXPTIME] 60.0 [Date] 2020-06-16T17:35:17 [Time] 17:35:17
248/332 LP_335-12-20200616@173629-Eden.fts [TYPE] LIGHT [OBJ] LP_335-12 [RA] 18 39 33.0748 [Dec] +29 52 16.4811 [FIL] GG495 [EXPTIME] 60.0 [Date] 2020-06-16T17:36:30 [Time] 17:36:30
249/332 LP_335-12-20200616@173742-Eden.fts [TYPE] LIGHT [OBJ] LP_335-12 [RA] 18 39 33.0748 [Dec] +29 52 16.4811 [FIL] GG495 [EXPTIME] 60.0 [Date] 2020-06-16T17:37:43 [Time] 17:37:43
250/332 LP_335-12-20200616@173855-Eden.fts [TYPE] LIGHT [OBJ] LP_335-12 [RA] 18 39 33.0748 [Dec] +29 52 16.4811 [FIL] GG495 [EXPTIME] 60.0 [Date] 2020-06-16T17:38:56 [Time] 17:38:56
251/332 LP_335-12-20200616@174009-Eden.fts [TYPE] LIGHT [OBJ] LP_335-12 [RA] 18 39 33.0748 [Dec] +29 52 16.4811 [FIL] GG495 [EXPTIME] 60.0 [Date] 2020-06-16T17:40:10 [Time] 17:40:10
252/332 LP_335-12-20200616@174122-Eden.fts [TYPE] LIGHT [OBJ] LP_335-12 [RA] 18 39 33.0748 [Dec] +29 52 16.4811 [FIL] GG495 [EXPTIME] 60.0 [Date] 2020-06-16T17:41:22 [Time] 17:41:22
253/332 LP_335-12-20200616@174235-Eden.fts [TYPE] LIGHT [OBJ] LP_335-12 [RA] 18 39 33.0748 [Dec] +29 52 16.4811 [FIL] GG495 [EXPTIME] 60.0 [Date] 2020-06-16T17:42:36 [Time] 17:42:36
254/332 LP_335-12-20200616@174348-Eden.fts [TYPE] LIGHT [OBJ] LP_335-12 [RA] 18 39 33.0748 [Dec] +29 52 16.4811 [FIL] GG495 [EXPTIME] 60.0 [Date] 2020-06-16T17:43:48 [Time] 17:43:48
255/332 LP_335-12-20200616@174501-Eden.fts [TYPE] LIGHT [OBJ] LP_335-12 [RA] 18 39 33.0748 [Dec] +29 52 16.4811 [FIL] GG495 [EXPTIME] 60.0 [Date] 2020-06-16T17:45:01 [Time] 17:45:01
256/332 LP_335-12-20200616@174613-Eden.fts [TYPE] LIGHT [OBJ] LP_335-12 [RA] 18 39 33.0748 [Dec] +29 52 16.4811 [FIL] GG495 [EXPTIME] 60.0 [Date] 2020-06-16T17:46:14 [Time] 17:46:14
257/332 LP_335-12-20200616@174726-Eden.fts [TYPE] LIGHT [OBJ] LP_335-12 [RA] 18 39 33.0748 [Dec] +29 52 16.4811 [FIL] GG495 [EXPTIME] 60.0 [Date] 2020-06-16T17:47:27 [Time] 17:47:27
258/332 LP_335-12-20200616@174838-Eden.fts [TYPE] LIGHT [OBJ] LP_335-12 [RA] 18 39 33.0748 [Dec] +29 52 16.4811 [FIL] GG495 [EXPTIME] 60.0 [Date] 2020-06-16T17:48:38 [Time] 17:48:38
259/332 LP_335-12-20200616@174950-Eden.fts [TYPE] LIGHT [OBJ] LP_335-12 [RA] 18 39 33.0748 [Dec] +29 52 16.4811 [FIL] GG495 [EXPTIME] 60.0 [Date] 2020-06-16T17:49:50 [Time] 17:49:50
260/332 LP_335-12-20200616@175102-Eden.fts [TYPE] LIGHT [OBJ] LP_335-12 [RA] 18 39 33.0748 [Dec] +29 52 16.4811 [FIL] GG495 [EXPTIME] 60.0 [Date] 2020-06-16T17:51:02 [Time] 17:51:02
261/332 LP_335-12-20200616@175214-Eden.fts [TYPE] LIGHT [OBJ] LP_335-12 [RA] 18 39 33.0748 [Dec] +29 52 16.4811 [FIL] GG495 [EXPTIME] 60.0 [Date] 2020-06-16T17:52:14 [Time] 17:52:14
262/332 LP_335-12-20200616@175326-Eden.fts [TYPE] LIGHT [OBJ] LP_335-12 [RA] 18 39 33.0748 [Dec] +29 52 16.4811 [FIL] GG495 [EXPTIME] 60.0 [Date] 2020-06-16T17:53:27 [Time] 17:53:27
263/332 LP_335-12-20200616@175440-Eden.fts [TYPE] LIGHT [OBJ] LP_335-12 [RA] 18 39 33.0748 [Dec] +29 52 16.4811 [FIL] GG495 [EXPTIME] 60.0 [Date] 2020-06-16T17:54:41 [Time] 17:54:41
264/332 LP_335-12-20200616@175552-Eden.fts [TYPE] LIGHT [OBJ] LP_335-12 [RA] 18 39 33.0748 [Dec] +29 52 16.4811 [FIL] GG495 [EXPTIME] 60.0 [Date] 2020-06-16T17:55:52 [Time] 17:55:52
265/332 LP_335-12-20200616@175705-Eden.fts [TYPE] LIGHT [OBJ] LP_335-12 [RA] 18 39 33.0748 [Dec] +29 52 16.4811 [FIL] GG495 [EXPTIME] 60.0 [Date] 2020-06-16T17:57:05 [Time] 17:57:05
266/332 LP_335-12-20200616@175816-Eden.fts [TYPE] LIGHT [OBJ] LP_335-12 [RA] 18 39 33.0748 [Dec] +29 52 16.4811 [FIL] GG495 [EXPTIME] 60.0 [Date] 2020-06-16T17:58:17 [Time] 17:58:17
267/332 LP_335-12-20200616@175928-Eden.fts [TYPE] LIGHT [OBJ] LP_335-12 [RA] 18 39 33.0748 [Dec] +29 52 16.4811 [FIL] GG495 [EXPTIME] 60.0 [Date] 2020-06-16T17:59:28 [Time] 17:59:28
268/332 LP_335-12-20200616@180040-Eden.fts [TYPE] LIGHT [OBJ] LP_335-12 [RA] 18 39 33.0748 [Dec] +29 52 16.4811 [FIL] GG495 [EXPTIME] 60.0 [Date] 2020-06-16T18:00:40 [Time] 18:00:40
269/332 LP_335-12-20200616@180153-Eden.fts [TYPE] LIGHT [OBJ] LP_335-12 [RA] 18 39 33.0748 [Dec] +29 52 16.4811 [FIL] GG495 [EXPTIME] 60.0 [Date] 2020-06-16T18:01:54 [Time] 18:01:54
270/332 LP_335-12-20200616@180305-Eden.fts [TYPE] LIGHT [OBJ] LP_335-12 [RA] 18 39 33.0748 [Dec] +29 52 16.4811 [FIL] GG495 [EXPTIME] 60.0 [Date] 2020-06-16T18:03:05 [Time] 18:03:05
271/332 LP_335-12-20200616@180416-Eden.fts [TYPE] LIGHT [OBJ] LP_335-12 [RA] 18 39 33.0748 [Dec] +29 52 16.4811 [FIL] GG495 [EXPTIME] 60.0 [Date] 2020-06-16T18:04:17 [Time] 18:04:17
272/332 LP_335-12-20200616@180529-Eden.fts [TYPE] LIGHT [OBJ] LP_335-12 [RA] 18 39 33.0748 [Dec] +29 52 16.4811 [FIL] GG495 [EXPTIME] 60.0 [Date] 2020-06-16T18:05:31 [Time] 18:05:31
273/332 LP_335-12-20200616@180642-Eden.fts [TYPE] LIGHT [OBJ] LP_335-12 [RA] 18 39 33.0748 [Dec] +29 52 16.4811 [FIL] GG495 [EXPTIME] 60.0 [Date] 2020-06-16T18:06:42 [Time] 18:06:42
274/332 LP_335-12-20200616@180754-Eden.fts [TYPE] LIGHT [OBJ] LP_335-12 [RA] 18 39 33.0748 [Dec] +29 52 16.4811 [FIL] GG495 [EXPTIME] 60.0 [Date] 2020-06-16T18:07:54 [Time] 18:07:54
275/332 LP_335-12-20200616@180907-Eden.fts [TYPE] LIGHT [OBJ] LP_335-12 [RA] 18 39 33.0748 [Dec] +29 52 16.4811 [FIL] GG495 [EXPTIME] 60.0 [Date] 2020-06-16T18:09:07 [Time] 18:09:07
276/332 LP_335-12-20200616@181018-Eden.fts [TYPE] LIGHT [OBJ] LP_335-12 [RA] 18 39 33.0748 [Dec] +29 52 16.4811 [FIL] GG495 [EXPTIME] 60.0 [Date] 2020-06-16T18:10:18 [Time] 18:10:18
277/332 LP_335-12-20200616@181131-Eden.fts [TYPE] LIGHT [OBJ] LP_335-12 [RA] 18 39 33.0748 [Dec] +29 52 16.4811 [FIL] GG495 [EXPTIME] 60.0 [Date] 2020-06-16T18:11:32 [Time] 18:11:32
278/332 LP_335-12-20200616@181245-Eden.fts [TYPE] LIGHT [OBJ] LP_335-12 [RA] 18 39 33.0748 [Dec] +29 52 16.4811 [FIL] GG495 [EXPTIME] 60.0 [Date] 2020-06-16T18:12:46 [Time] 18:12:46
279/332 LP_335-12-20200616@181359-Eden.fts [TYPE] LIGHT [OBJ] LP_335-12 [RA] 18 39 33.0748 [Dec] +29 52 16.4811 [FIL] GG495 [EXPTIME] 60.0 [Date] 2020-06-16T18:13:59 [Time] 18:13:59
280/332 LP_335-12-20200616@181511-Eden.fts [TYPE] LIGHT [OBJ] LP_335-12 [RA] 18 39 33.0748 [Dec] +29 52 16.4811 [FIL] GG495 [EXPTIME] 60.0 [Date] 2020-06-16T18:15:12 [Time] 18:15:12
281/332 LP_335-12-20200616@181623-Eden.fts [TYPE] LIGHT [OBJ] LP_335-12 [RA] 18 39 33.0748 [Dec] +29 52 16.4811 [FIL] GG495 [EXPTIME] 60.0 [Date] 2020-06-16T18:16:23 [Time] 18:16:23
282/332 LP_335-12-20200616@181735-Eden.fts [TYPE] LIGHT [OBJ] LP_335-12 [RA] 18 39 33.0748 [Dec] +29 52 16.4811 [FIL] GG495 [EXPTIME] 60.0 [Date] 2020-06-16T18:17:35 [Time] 18:17:35
283/332 LP_335-12-20200616@181847-Eden.fts [TYPE] LIGHT [OBJ] LP_335-12 [RA] 18 39 33.0748 [Dec] +29 52 16.4811 [FIL] GG495 [EXPTIME] 60.0 [Date] 2020-06-16T18:18:47 [Time] 18:18:47
284/332 LP_335-12-20200616@181958-Eden.fts [TYPE] LIGHT [OBJ] LP_335-12 [RA] 18 39 33.0748 [Dec] +29 52 16.4811 [FIL] GG495 [EXPTIME] 60.0 [Date] 2020-06-16T18:19:59 [Time] 18:19:59
285/332 LP_335-12-20200616@182112-Eden.fts [TYPE] LIGHT [OBJ] LP_335-12 [RA] 18 39 33.0748 [Dec] +29 52 16.4811 [FIL] GG495 [EXPTIME] 60.0 [Date] 2020-06-16T18:21:12 [Time] 18:21:12
286/332 LP_335-12-20200616@182223-Eden.fts [TYPE] LIGHT [OBJ] LP_335-12 [RA] 18 39 33.0748 [Dec] +29 52 16.4811 [FIL] GG495 [EXPTIME] 60.0 [Date] 2020-06-16T18:22:24 [Time] 18:22:24
287/332 LP_335-12-20200616@182338-Eden.fts [TYPE] LIGHT [OBJ] LP_335-12 [RA] 18 39 33.0748 [Dec] +29 52 16.4811 [FIL] GG495 [EXPTIME] 60.0 [Date] 2020-06-16T18:23:38 [Time] 18:23:38
288/332 LP_335-12-20200616@182451-Eden.fts [TYPE] LIGHT [OBJ] LP_335-12 [RA] 18 39 33.0748 [Dec] +29 52 16.4811 [FIL] GG495 [EXPTIME] 60.0 [Date] 2020-06-16T18:24:52 [Time] 18:24:52
289/332 LP_335-12-20200616@182605-Eden.fts [TYPE] LIGHT [OBJ] LP_335-12 [RA] 18 39 33.0748 [Dec] +29 52 16.4811 [FIL] GG495 [EXPTIME] 60.0 [Date] 2020-06-16T18:26:05 [Time] 18:26:05
290/332 LP_335-12-20200616@182718-Eden.fts [TYPE] LIGHT [OBJ] LP_335-12 [RA] 18 39 33.0748 [Dec] +29 52 16.4811 [FIL] GG495 [EXPTIME] 60.0 [Date] 2020-06-16T18:27:18 [Time] 18:27:18
291/332 LP_335-12-20200616@182830-Eden.fts [TYPE] LIGHT [OBJ] LP_335-12 [RA] 18 39 33.0748 [Dec] +29 52 16.4811 [FIL] GG495 [EXPTIME] 60.0 [Date] 2020-06-16T18:28:31 [Time] 18:28:31
292/332 LP_335-12-20200616@182942-Eden.fts [TYPE] LIGHT [OBJ] LP_335-12 [RA] 18 39 33.0748 [Dec] +29 52 16.4811 [FIL] GG495 [EXPTIME] 60.0 [Date] 2020-06-16T18:29:43 [Time] 18:29:43
293/332 LP_335-12-20200616@183055-Eden.fts [TYPE] LIGHT [OBJ] LP_335-12 [RA] 18 39 33.0748 [Dec] +29 52 16.4811 [FIL] GG495 [EXPTIME] 60.0 [Date] 2020-06-16T18:30:56 [Time] 18:30:56
294/332 LP_335-12-20200616@183209-Eden.fts [TYPE] LIGHT [OBJ] LP_335-12 [RA] 18 39 33.0748 [Dec] +29 52 16.4811 [FIL] GG495 [EXPTIME] 60.0 [Date] 2020-06-16T18:32:09 [Time] 18:32:09
295/332 LP_335-12-20200616@183321-Eden.fts [TYPE] LIGHT [OBJ] LP_335-12 [RA] 18 39 33.0748 [Dec] +29 52 16.4811 [FIL] GG495 [EXPTIME] 60.0 [Date] 2020-06-16T18:33:22 [Time] 18:33:22
296/332 LP_335-12-20200616@183433-Eden.fts [TYPE] LIGHT [OBJ] LP_335-12 [RA] 18 39 33.0748 [Dec] +29 52 16.4811 [FIL] GG495 [EXPTIME] 60.0 [Date] 2020-06-16T18:34:33 [Time] 18:34:33
297/332 LP_335-12-20200616@183546-Eden.fts [TYPE] LIGHT [OBJ] LP_335-12 [RA] 18 39 33.0748 [Dec] +29 52 16.4811 [FIL] GG495 [EXPTIME] 60.0 [Date] 2020-06-16T18:35:46 [Time] 18:35:46
298/332 LP_335-12-20200616@183658-Eden.fts [TYPE] LIGHT [OBJ] LP_335-12 [RA] 18 39 33.0748 [Dec] +29 52 16.4811 [FIL] GG495 [EXPTIME] 60.0 [Date] 2020-06-16T18:36:58 [Time] 18:36:58
299/332 LP_335-12-20200616@183809-Eden.fts [TYPE] LIGHT [OBJ] LP_335-12 [RA] 18 39 33.0748 [Dec] +29 52 16.4811 [FIL] GG495 [EXPTIME] 60.0 [Date] 2020-06-16T18:38:09 [Time] 18:38:09
300/332 LP_335-12-20200616@183922-Eden.fts [TYPE] LIGHT [OBJ] LP_335-12 [RA] 18 39 33.0748 [Dec] +29 52 16.4811 [FIL] GG495 [EXPTIME] 60.0 [Date] 2020-06-16T18:39:22 [Time] 18:39:22
301/332 LP_335-12-20200616@184034-Eden.fts [TYPE] LIGHT [OBJ] LP_335-12 [RA] 18 39 33.0748 [Dec] +29 52 16.4811 [FIL] GG495 [EXPTIME] 60.0 [Date] 2020-06-16T18:40:34 [Time] 18:40:34
302/332 LP_335-12-20200616@184147-Eden.fts [TYPE] LIGHT [OBJ] LP_335-12 [RA] 18 39 33.0748 [Dec] +29 52 16.4811 [FIL] GG495 [EXPTIME] 60.0 [Date] 2020-06-16T18:41:47 [Time] 18:41:47
303/332 LP_335-12-20200616@184300-Eden.fts [TYPE] LIGHT [OBJ] LP_335-12 [RA] 18 39 33.0748 [Dec] +29 52 16.4811 [FIL] GG495 [EXPTIME] 60.0 [Date] 2020-06-16T18:43:00 [Time] 18:43:00
304/332 LP_335-12-20200616@184413-Eden.fts [TYPE] LIGHT [OBJ] LP_335-12 [RA] 18 39 33.0748 [Dec] +29 52 16.4811 [FIL] GG495 [EXPTIME] 60.0 [Date] 2020-06-16T18:44:13 [Time] 18:44:13
305/332 LP_335-12-20200616@184525-Eden.fts [TYPE] LIGHT [OBJ] LP_335-12 [RA] 18 39 33.0748 [Dec] +29 52 16.4811 [FIL] GG495 [EXPTIME] 60.0 [Date] 2020-06-16T18:45:26 [Time] 18:45:26
306/332 LP_335-12-20200616@184637-Eden.fts [TYPE] LIGHT [OBJ] LP_335-12 [RA] 18 39 33.0748 [Dec] +29 52 16.4811 [FIL] GG495 [EXPTIME] 60.0 [Date] 2020-06-16T18:46:38 [Time] 18:46:38
307/332 LP_335-12-20200616@184750-Eden.fts [TYPE] LIGHT [OBJ] LP_335-12 [RA] 18 39 33.0748 [Dec] +29 52 16.4811 [FIL] GG495 [EXPTIME] 60.0 [Date] 2020-06-16T18:47:50 [Time] 18:47:50
308/332 LP_335-12-20200616@184901-Eden.fts [TYPE] LIGHT [OBJ] LP_335-12 [RA] 18 39 33.0748 [Dec] +29 52 16.4811 [FIL] GG495 [EXPTIME] 60.0 [Date] 2020-06-16T18:49:02 [Time] 18:49:02
309/332 LP_335-12-20200616@185013-Eden.fts [TYPE] LIGHT [OBJ] LP_335-12 [RA] 18 39 33.0748 [Dec] +29 52 16.4811 [FIL] GG495 [EXPTIME] 60.0 [Date] 2020-06-16T18:50:13 [Time] 18:50:13
310/332 LP_335-12-20200616@185126-Eden.fts [TYPE] LIGHT [OBJ] LP_335-12 [RA] 18 39 33.0748 [Dec] +29 52 16.4811 [FIL] GG495 [EXPTIME] 60.0 [Date] 2020-06-16T18:51:27 [Time] 18:51:27
311/332 LP_335-12-20200616@185239-Eden.fts [TYPE] LIGHT [OBJ] LP_335-12 [RA] 18 39 33.0748 [Dec] +29 52 16.4811 [FIL] GG495 [EXPTIME] 60.0 [Date] 2020-06-16T18:52:39 [Time] 18:52:39
312/332 LP_335-12-20200616@185351-Eden.fts [TYPE] LIGHT [OBJ] LP_335-12 [RA] 18 39 33.0748 [Dec] +29 52 16.4811 [FIL] GG495 [EXPTIME] 60.0 [Date] 2020-06-16T18:53:51 [Time] 18:53:51
313/332 LP_335-12-20200616@185502-Eden.fts [TYPE] LIGHT [OBJ] LP_335-12 [RA] 18 39 33.0748 [Dec] +29 52 16.4811 [FIL] GG495 [EXPTIME] 60.0 [Date] 2020-06-16T18:55:03 [Time] 18:55:03
314/332 LP_335-12-20200616@185615-Eden.fts [TYPE] LIGHT [OBJ] LP_335-12 [RA] 18 39 33.0748 [Dec] +29 52 16.4811 [FIL] GG495 [EXPTIME] 60.0 [Date] 2020-06-16T18:56:16 [Time] 18:56:16
315/332 LP_335-12-20200616@185727-Eden.fts [TYPE] LIGHT [OBJ] LP_335-12 [RA] 18 39 33.0748 [Dec] +29 52 16.4811 [FIL] GG495 [EXPTIME] 60.0 [Date] 2020-06-16T18:57:28 [Time] 18:57:28
316/332 LP_335-12-20200616@185840-Eden.fts [TYPE] LIGHT [OBJ] LP_335-12 [RA] 18 39 33.0748 [Dec] +29 52 16.4811 [FIL] GG495 [EXPTIME] 60.0 [Date] 2020-06-16T18:58:40 [Time] 18:58:40
317/332 LP_335-12-20200616@185952-Eden.fts [TYPE] LIGHT [OBJ] LP_335-12 [RA] 18 39 33.0748 [Dec] +29 52 16.4811 [FIL] GG495 [EXPTIME] 60.0 [Date] 2020-06-16T18:59:53 [Time] 18:59:53
318/332 LP_335-12-20200616@190106-Eden.fts [TYPE] LIGHT [OBJ] LP_335-12 [RA] 18 39 33.0748 [Dec] +29 52 16.4811 [FIL] GG495 [EXPTIME] 60.0 [Date] 2020-06-16T19:01:07 [Time] 19:01:07
319/332 LP_335-12-20200616@190218-Eden.fts [TYPE] LIGHT [OBJ] LP_335-12 [RA] 18 39 33.0748 [Dec] +29 52 16.4811 [FIL] GG495 [EXPTIME] 60.0 [Date] 2020-06-16T19:02:19 [Time] 19:02:19
320/332 LP_335-12-20200616@190331-Eden.fts [TYPE] LIGHT [OBJ] LP_335-12 [RA] 18 39 33.0748 [Dec] +29 52 16.4811 [FIL] GG495 [EXPTIME] 60.0 [Date] 2020-06-16T19:03:32 [Time] 19:03:32
321/332 LP_335-12-20200616@190444-Eden.fts [TYPE] LIGHT [OBJ] LP_335-12 [RA] 18 39 33.0748 [Dec] +29 52 16.4811 [FIL] GG495 [EXPTIME] 60.0 [Date] 2020-06-16T19:04:45 [Time] 19:04:45
322/332 LP_335-12-20200616@190557-Eden.fts [TYPE] LIGHT [OBJ] LP_335-12 [RA] 18 39 33.0748 [Dec] +29 52 16.4811 [FIL] GG495 [EXPTIME] 60.0 [Date] 2020-06-16T19:05:58 [Time] 19:05:58
323/332 LP_335-12-20200616@190709-Eden.fts [TYPE] LIGHT [OBJ] LP_335-12 [RA] 18 39 33.0748 [Dec] +29 52 16.4811 [FIL] GG495 [EXPTIME] 60.0 [Date] 2020-06-16T19:07:09 [Time] 19:07:09
324/332 LP_335-12-20200616@190820-Eden.fts [TYPE] LIGHT [OBJ] LP_335-12 [RA] 18 39 33.0748 [Dec] +29 52 16.4811 [FIL] GG495 [EXPTIME] 60.0 [Date] 2020-06-16T19:08:20 [Time] 19:08:20
325/332 LP_335-12-20200616@190933-Eden.fts [TYPE] LIGHT [OBJ] LP_335-12 [RA] 18 39 33.0748 [Dec] +29 52 16.4811 [FIL] GG495 [EXPTIME] 60.0 [Date] 2020-06-16T19:09:33 [Time] 19:09:33
326/332 LP_335-12-20200616@191045-Eden.fts [TYPE] LIGHT [OBJ] LP_335-12 [RA] 18 39 33.0748 [Dec] +29 52 16.4811 [FIL] GG495 [EXPTIME] 60.0 [Date] 2020-06-16T19:10:45 [Time] 19:10:45
327/332 LP_335-12-20200616@191156-Eden.fts [TYPE] LIGHT [OBJ] LP_335-12 [RA] 18 39 33.0748 [Dec] +29 52 16.4811 [FIL] GG495 [EXPTIME] 60.0 [Date] 2020-06-16T19:11:57 [Time] 19:11:57
328/332 LP_335-12-20200616@191308-Eden.fts [TYPE] LIGHT [OBJ] LP_335-12 [RA] 18 39 33.0748 [Dec] +29 52 16.4811 [FIL] GG495 [EXPTIME] 60.0 [Date] 2020-06-16T19:13:08 [Time] 19:13:08
329/332 LP_335-12-20200616@191419-Eden.fts [TYPE] LIGHT [OBJ] LP_335-12 [RA] 18 39 33.0748 [Dec] +29 52 16.4811 [FIL] GG495 [EXPTIME] 60.0 [Date] 2020-06-16T19:14:20 [Time] 19:14:20
330/332 LP_335-12-20200616@191532-Eden.fts [TYPE] LIGHT [OBJ] LP_335-12 [RA] 18 39 33.0748 [Dec] +29 52 16.4811 [FIL] GG495 [EXPTIME] 60.0 [Date] 2020-06-16T19:15:32 [Time] 19:15:32
331/332 LP_335-12-20200616@191644-Eden.fts [TYPE] LIGHT [OBJ] LP_335-12 [RA] 18 39 33.0748 [Dec] +29 52 16.4811 [FIL] GG495 [EXPTIME] 60.0 [Date] 2020-06-16T19:16:44 [Time] 19:16:44
332/332 LP_335-12-20200616@191755-Eden.fts [TYPE] LIGHT [OBJ] LP_335-12 [RA] 18 39 33.0748 [Dec] +29 52 16.4811 [FIL] GG495 [EXPTIME] 60.0 [Date] 2020-06-16T19:17:56 [Time] 19:17:56
... write log file to LOT20200616-LP_335-12_mod.log ...
... finish ...
