-----------------
input parameters
-----------------
['modify_header_eden.py', 'LOT20200217-LSPM_J1055+0808', '12']
Your will modify header for: LSPM_J1055+0808 [RA] 10 55 47.3424 [Dec] +08 08 42.9329 [Filter] GG495
---------------
folder: LOT20200217-LSPM_J1055+0808
will update fits in: LOT20200217-LSPM_J1055+0808_mod
 ---------------------------
 Exame Fits Header for Bias
 ---------------------------
find ./LOT20200217-LSPM_J1055+0808/bias-dark/ | grep 'fits\|fts'|sort 
found 0 Bias/Dark
no files in ./bias-dark/
 ---------------------------
 Exame Fits Header for Flat
 ---------------------------
find ./LOT20200217-LSPM_J1055+0808/ | grep flat/ |grep eden| grep -E 'fits|fts'|sort -t'-' -k2.4,2.6 
found 0 Flat
no files in ./flat/
 ---------------------------
 Update Fits Header for Science Target
 ---------------------------
find ./LOT20200217-LSPM_J1055+0808/wchen/ | cut -d / -f1-4| grep 'fits\|fts'  |sort -t'@' -k2
found 383 Target

... update header ...
1/383 LSPM_J1055+0808-20200217@132741-Eden.fts [TYPE] LIGHT [OBJ] LSPM_J1055+0808 [RA] 10 55 47.3424 [Dec] +08 08 42.9329 [FIL] GG495 [EXPTIME] 60.0 [Date] 2020-02-17T13:27:54 [Time] 13:27:54
2/383 LSPM_J1055+0808-20200217@132908-Eden.fts [TYPE] LIGHT [OBJ] LSPM_J1055+0808 [RA] 10 55 47.3424 [Dec] +08 08 42.9329 [FIL] GG495 [EXPTIME] 60.0 [Date] 2020-02-17T13:29:08 [Time] 13:29:08
3/383 LSPM_J1055+0808-20200217@133022-Eden.fts [TYPE] LIGHT [OBJ] LSPM_J1055+0808 [RA] 10 55 47.3424 [Dec] +08 08 42.9329 [FIL] GG495 [EXPTIME] 60.0 [Date] 2020-02-17T13:30:23 [Time] 13:30:23
4/383 LSPM_J1055+0808-20200217@133137-Eden.fts [TYPE] LIGHT [OBJ] LSPM_J1055+0808 [RA] 10 55 47.3424 [Dec] +08 08 42.9329 [FIL] GG495 [EXPTIME] 60.0 [Date] 2020-02-17T13:31:37 [Time] 13:31:37
5/383 LSPM_J1055+0808-20200217@133252-Eden.fts [TYPE] LIGHT [OBJ] LSPM_J1055+0808 [RA] 10 55 47.3424 [Dec] +08 08 42.9329 [FIL] GG495 [EXPTIME] 60.0 [Date] 2020-02-17T13:32:52 [Time] 13:32:52
6/383 LSPM_J1055+0808-20200217@133406-Eden.fts [TYPE] LIGHT [OBJ] LSPM_J1055+0808 [RA] 10 55 47.3424 [Dec] +08 08 42.9329 [FIL] GG495 [EXPTIME] 60.0 [Date] 2020-02-17T13:34:06 [Time] 13:34:06
7/383 LSPM_J1055+0808-20200217@133521-Eden.fts [TYPE] LIGHT [OBJ] LSPM_J1055+0808 [RA] 10 55 47.3424 [Dec] +08 08 42.9329 [FIL] GG495 [EXPTIME] 60.0 [Date] 2020-02-17T13:35:21 [Time] 13:35:21
8/383 LSPM_J1055+0808-20200217@133635-Eden.fts [TYPE] LIGHT [OBJ] LSPM_J1055+0808 [RA] 10 55 47.3424 [Dec] +08 08 42.9329 [FIL] GG495 [EXPTIME] 60.0 [Date] 2020-02-17T13:36:35 [Time] 13:36:35
9/383 LSPM_J1055+0808-20200217@133750-Eden.fts [TYPE] LIGHT [OBJ] LSPM_J1055+0808 [RA] 10 55 47.3424 [Dec] +08 08 42.9329 [FIL] GG495 [EXPTIME] 60.0 [Date] 2020-02-17T13:37:50 [Time] 13:37:50
10/383 LSPM_J1055+0808-20200217@133905-Eden.fts [TYPE] LIGHT [OBJ] LSPM_J1055+0808 [RA] 10 55 47.3424 [Dec] +08 08 42.9329 [FIL] GG495 [EXPTIME] 60.0 [Date] 2020-02-17T13:39:05 [Time] 13:39:05
11/383 LSPM_J1055+0808-20200217@134019-Eden.fts [TYPE] LIGHT [OBJ] LSPM_J1055+0808 [RA] 10 55 47.3424 [Dec] +08 08 42.9329 [FIL] GG495 [EXPTIME] 60.0 [Date] 2020-02-17T13:40:19 [Time] 13:40:19
12/383 LSPM_J1055+0808-20200217@134133-Eden.fts [TYPE] LIGHT [OBJ] LSPM_J1055+0808 [RA] 10 55 47.3424 [Dec] +08 08 42.9329 [FIL] GG495 [EXPTIME] 60.0 [Date] 2020-02-17T13:41:33 [Time] 13:41:33
13/383 LSPM_J1055+0808-20200217@134247-Eden.fts [TYPE] LIGHT [OBJ] LSPM_J1055+0808 [RA] 10 55 47.3424 [Dec] +08 08 42.9329 [FIL] GG495 [EXPTIME] 60.0 [Date] 2020-02-17T13:42:47 [Time] 13:42:47
14/383 LSPM_J1055+0808-20200217@134402-Eden.fts [TYPE] LIGHT [OBJ] LSPM_J1055+0808 [RA] 10 55 47.3424 [Dec] +08 08 42.9329 [FIL] GG495 [EXPTIME] 60.0 [Date] 2020-02-17T13:44:02 [Time] 13:44:02
15/383 LSPM_J1055+0808-20200217@134516-Eden.fts [TYPE] LIGHT [OBJ] LSPM_J1055+0808 [RA] 10 55 47.3424 [Dec] +08 08 42.9329 [FIL] GG495 [EXPTIME] 60.0 [Date] 2020-02-17T13:45:17 [Time] 13:45:17
16/383 LSPM_J1055+0808-20200217@134630-Eden.fts [TYPE] LIGHT [OBJ] LSPM_J1055+0808 [RA] 10 55 47.3424 [Dec] +08 08 42.9329 [FIL] GG495 [EXPTIME] 60.0 [Date] 2020-02-17T13:46:31 [Time] 13:46:31
17/383 LSPM_J1055+0808-20200217@134745-Eden.fts [TYPE] LIGHT [OBJ] LSPM_J1055+0808 [RA] 10 55 47.3424 [Dec] +08 08 42.9329 [FIL] GG495 [EXPTIME] 60.0 [Date] 2020-02-17T13:47:45 [Time] 13:47:45
18/383 LSPM_J1055+0808-20200217@134859-Eden.fts [TYPE] LIGHT [OBJ] LSPM_J1055+0808 [RA] 10 55 47.3424 [Dec] +08 08 42.9329 [FIL] GG495 [EXPTIME] 60.0 [Date] 2020-02-17T13:48:59 [Time] 13:48:59
19/383 LSPM_J1055+0808-20200217@135014-Eden.fts [TYPE] LIGHT [OBJ] LSPM_J1055+0808 [RA] 10 55 47.3424 [Dec] +08 08 42.9329 [FIL] GG495 [EXPTIME] 60.0 [Date] 2020-02-17T13:50:14 [Time] 13:50:14
20/383 LSPM_J1055+0808-20200217@135132-Eden.fts [TYPE] LIGHT [OBJ] LSPM_J1055+0808 [RA] 10 55 47.3424 [Dec] +08 08 42.9329 [FIL] GG495 [EXPTIME] 60.0 [Date] 2020-02-17T13:51:32 [Time] 13:51:32
21/383 LSPM_J1055+0808-20200217@135247-Eden.fts [TYPE] LIGHT [OBJ] LSPM_J1055+0808 [RA] 10 55 47.3424 [Dec] +08 08 42.9329 [FIL] GG495 [EXPTIME] 60.0 [Date] 2020-02-17T13:52:47 [Time] 13:52:47
22/383 LSPM_J1055+0808-20200217@135402-Eden.fts [TYPE] LIGHT [OBJ] LSPM_J1055+0808 [RA] 10 55 47.3424 [Dec] +08 08 42.9329 [FIL] GG495 [EXPTIME] 60.0 [Date] 2020-02-17T13:54:03 [Time] 13:54:03
23/383 LSPM_J1055+0808-20200217@135519-Eden.fts [TYPE] LIGHT [OBJ] LSPM_J1055+0808 [RA] 10 55 47.3424 [Dec] +08 08 42.9329 [FIL] GG495 [EXPTIME] 60.0 [Date] 2020-02-17T13:55:19 [Time] 13:55:19
24/383 LSPM_J1055+0808-20200217@135633-Eden.fts [TYPE] LIGHT [OBJ] LSPM_J1055+0808 [RA] 10 55 47.3424 [Dec] +08 08 42.9329 [FIL] GG495 [EXPTIME] 60.0 [Date] 2020-02-17T13:56:34 [Time] 13:56:34
25/383 LSPM_J1055+0808-20200217@135748-Eden.fts [TYPE] LIGHT [OBJ] LSPM_J1055+0808 [RA] 10 55 47.3424 [Dec] +08 08 42.9329 [FIL] GG495 [EXPTIME] 60.0 [Date] 2020-02-17T13:57:48 [Time] 13:57:48
26/383 LSPM_J1055+0808-20200217@135903-Eden.fts [TYPE] LIGHT [OBJ] LSPM_J1055+0808 [RA] 10 55 47.3424 [Dec] +08 08 42.9329 [FIL] GG495 [EXPTIME] 60.0 [Date] 2020-02-17T13:59:03 [Time] 13:59:03
27/383 LSPM_J1055+0808-20200217@140016-Eden.fts [TYPE] LIGHT [OBJ] LSPM_J1055+0808 [RA] 10 55 47.3424 [Dec] +08 08 42.9329 [FIL] GG495 [EXPTIME] 60.0 [Date] 2020-02-17T14:00:16 [Time] 14:00:16
28/383 LSPM_J1055+0808-20200217@140131-Eden.fts [TYPE] LIGHT [OBJ] LSPM_J1055+0808 [RA] 10 55 47.3424 [Dec] +08 08 42.9329 [FIL] GG495 [EXPTIME] 60.0 [Date] 2020-02-17T14:01:31 [Time] 14:01:31
29/383 LSPM_J1055+0808-20200217@140246-Eden.fts [TYPE] LIGHT [OBJ] LSPM_J1055+0808 [RA] 10 55 47.3424 [Dec] +08 08 42.9329 [FIL] GG495 [EXPTIME] 60.0 [Date] 2020-02-17T14:02:46 [Time] 14:02:46
30/383 LSPM_J1055+0808-20200217@140401-Eden.fts [TYPE] LIGHT [OBJ] LSPM_J1055+0808 [RA] 10 55 47.3424 [Dec] +08 08 42.9329 [FIL] GG495 [EXPTIME] 60.0 [Date] 2020-02-17T14:04:01 [Time] 14:04:01
31/383 LSPM_J1055+0808-20200217@140514-Eden.fts [TYPE] LIGHT [OBJ] LSPM_J1055+0808 [RA] 10 55 47.3424 [Dec] +08 08 42.9329 [FIL] GG495 [EXPTIME] 60.0 [Date] 2020-02-17T14:05:14 [Time] 14:05:14
32/383 LSPM_J1055+0808-20200217@140629-Eden.fts [TYPE] LIGHT [OBJ] LSPM_J1055+0808 [RA] 10 55 47.3424 [Dec] +08 08 42.9329 [FIL] GG495 [EXPTIME] 60.0 [Date] 2020-02-17T14:06:30 [Time] 14:06:30
33/383 LSPM_J1055+0808-20200217@140743-Eden.fts [TYPE] LIGHT [OBJ] LSPM_J1055+0808 [RA] 10 55 47.3424 [Dec] +08 08 42.9329 [FIL] GG495 [EXPTIME] 60.0 [Date] 2020-02-17T14:07:43 [Time] 14:07:43
34/383 LSPM_J1055+0808-20200217@140858-Eden.fts [TYPE] LIGHT [OBJ] LSPM_J1055+0808 [RA] 10 55 47.3424 [Dec] +08 08 42.9329 [FIL] GG495 [EXPTIME] 60.0 [Date] 2020-02-17T14:09:00 [Time] 14:09:00
35/383 LSPM_J1055+0808-20200217@141014-Eden.fts [TYPE] LIGHT [OBJ] LSPM_J1055+0808 [RA] 10 55 47.3424 [Dec] +08 08 42.9329 [FIL] GG495 [EXPTIME] 60.0 [Date] 2020-02-17T14:10:15 [Time] 14:10:15
36/383 LSPM_J1055+0808-20200217@141129-Eden.fts [TYPE] LIGHT [OBJ] LSPM_J1055+0808 [RA] 10 55 47.3424 [Dec] +08 08 42.9329 [FIL] GG495 [EXPTIME] 60.0 [Date] 2020-02-17T14:11:29 [Time] 14:11:29
37/383 LSPM_J1055+0808-20200217@141243-Eden.fts [TYPE] LIGHT [OBJ] LSPM_J1055+0808 [RA] 10 55 47.3424 [Dec] +08 08 42.9329 [FIL] GG495 [EXPTIME] 60.0 [Date] 2020-02-17T14:12:44 [Time] 14:12:44
38/383 LSPM_J1055+0808-20200217@141359-Eden.fts [TYPE] LIGHT [OBJ] LSPM_J1055+0808 [RA] 10 55 47.3424 [Dec] +08 08 42.9329 [FIL] GG495 [EXPTIME] 60.0 [Date] 2020-02-17T14:13:59 [Time] 14:13:59
39/383 LSPM_J1055+0808-20200217@141513-Eden.fts [TYPE] LIGHT [OBJ] LSPM_J1055+0808 [RA] 10 55 47.3424 [Dec] +08 08 42.9329 [FIL] GG495 [EXPTIME] 60.0 [Date] 2020-02-17T14:15:13 [Time] 14:15:13
40/383 LSPM_J1055+0808-20200217@141627-Eden.fts [TYPE] LIGHT [OBJ] LSPM_J1055+0808 [RA] 10 55 47.3424 [Dec] +08 08 42.9329 [FIL] GG495 [EXPTIME] 60.0 [Date] 2020-02-17T14:16:27 [Time] 14:16:27
41/383 LSPM_J1055+0808-20200217@141742-Eden.fts [TYPE] LIGHT [OBJ] LSPM_J1055+0808 [RA] 10 55 47.3424 [Dec] +08 08 42.9329 [FIL] GG495 [EXPTIME] 60.0 [Date] 2020-02-17T14:17:42 [Time] 14:17:42
42/383 LSPM_J1055+0808-20200217@141856-Eden.fts [TYPE] LIGHT [OBJ] LSPM_J1055+0808 [RA] 10 55 47.3424 [Dec] +08 08 42.9329 [FIL] GG495 [EXPTIME] 60.0 [Date] 2020-02-17T14:18:56 [Time] 14:18:56
43/383 LSPM_J1055+0808-20200217@142010-Eden.fts [TYPE] LIGHT [OBJ] LSPM_J1055+0808 [RA] 10 55 47.3424 [Dec] +08 08 42.9329 [FIL] GG495 [EXPTIME] 60.0 [Date] 2020-02-17T14:20:11 [Time] 14:20:11
44/383 LSPM_J1055+0808-20200217@142125-Eden.fts [TYPE] LIGHT [OBJ] LSPM_J1055+0808 [RA] 10 55 47.3424 [Dec] +08 08 42.9329 [FIL] GG495 [EXPTIME] 60.0 [Date] 2020-02-17T14:21:25 [Time] 14:21:25
45/383 LSPM_J1055+0808-20200217@142240-Eden.fts [TYPE] LIGHT [OBJ] LSPM_J1055+0808 [RA] 10 55 47.3424 [Dec] +08 08 42.9329 [FIL] GG495 [EXPTIME] 60.0 [Date] 2020-02-17T14:22:40 [Time] 14:22:40
46/383 LSPM_J1055+0808-20200217@142355-Eden.fts [TYPE] LIGHT [OBJ] LSPM_J1055+0808 [RA] 10 55 47.3424 [Dec] +08 08 42.9329 [FIL] GG495 [EXPTIME] 60.0 [Date] 2020-02-17T14:23:55 [Time] 14:23:55
47/383 LSPM_J1055+0808-20200217@142509-Eden.fts [TYPE] LIGHT [OBJ] LSPM_J1055+0808 [RA] 10 55 47.3424 [Dec] +08 08 42.9329 [FIL] GG495 [EXPTIME] 60.0 [Date] 2020-02-17T14:25:09 [Time] 14:25:09
48/383 LSPM_J1055+0808-20200217@142624-Eden.fts [TYPE] LIGHT [OBJ] LSPM_J1055+0808 [RA] 10 55 47.3424 [Dec] +08 08 42.9329 [FIL] GG495 [EXPTIME] 60.0 [Date] 2020-02-17T14:26:24 [Time] 14:26:24
49/383 LSPM_J1055+0808-20200217@142738-Eden.fts [TYPE] LIGHT [OBJ] LSPM_J1055+0808 [RA] 10 55 47.3424 [Dec] +08 08 42.9329 [FIL] GG495 [EXPTIME] 60.0 [Date] 2020-02-17T14:27:38 [Time] 14:27:38
50/383 LSPM_J1055+0808-20200217@142852-Eden.fts [TYPE] LIGHT [OBJ] LSPM_J1055+0808 [RA] 10 55 47.3424 [Dec] +08 08 42.9329 [FIL] GG495 [EXPTIME] 60.0 [Date] 2020-02-17T14:28:52 [Time] 14:28:52
51/383 LSPM_J1055+0808-20200217@143006-Eden.fts [TYPE] LIGHT [OBJ] LSPM_J1055+0808 [RA] 10 55 47.3424 [Dec] +08 08 42.9329 [FIL] GG495 [EXPTIME] 60.0 [Date] 2020-02-17T14:30:06 [Time] 14:30:06
52/383 LSPM_J1055+0808-20200217@143120-Eden.fts [TYPE] LIGHT [OBJ] LSPM_J1055+0808 [RA] 10 55 47.3424 [Dec] +08 08 42.9329 [FIL] GG495 [EXPTIME] 60.0 [Date] 2020-02-17T14:31:21 [Time] 14:31:21
53/383 LSPM_J1055+0808-20200217@143235-Eden.fts [TYPE] LIGHT [OBJ] LSPM_J1055+0808 [RA] 10 55 47.3424 [Dec] +08 08 42.9329 [FIL] GG495 [EXPTIME] 60.0 [Date] 2020-02-17T14:32:35 [Time] 14:32:35
54/383 LSPM_J1055+0808-20200217@143349-Eden.fts [TYPE] LIGHT [OBJ] LSPM_J1055+0808 [RA] 10 55 47.3424 [Dec] +08 08 42.9329 [FIL] GG495 [EXPTIME] 60.0 [Date] 2020-02-17T14:33:49 [Time] 14:33:49
55/383 LSPM_J1055+0808-20200217@143504-Eden.fts [TYPE] LIGHT [OBJ] LSPM_J1055+0808 [RA] 10 55 47.3424 [Dec] +08 08 42.9329 [FIL] GG495 [EXPTIME] 60.0 [Date] 2020-02-17T14:35:05 [Time] 14:35:05
56/383 LSPM_J1055+0808-20200217@143619-Eden.fts [TYPE] LIGHT [OBJ] LSPM_J1055+0808 [RA] 10 55 47.3424 [Dec] +08 08 42.9329 [FIL] GG495 [EXPTIME] 60.0 [Date] 2020-02-17T14:36:19 [Time] 14:36:19
57/383 LSPM_J1055+0808-20200217@143734-Eden.fts [TYPE] LIGHT [OBJ] LSPM_J1055+0808 [RA] 10 55 47.3424 [Dec] +08 08 42.9329 [FIL] GG495 [EXPTIME] 60.0 [Date] 2020-02-17T14:37:35 [Time] 14:37:35
58/383 LSPM_J1055+0808-20200217@143849-Eden.fts [TYPE] LIGHT [OBJ] LSPM_J1055+0808 [RA] 10 55 47.3424 [Dec] +08 08 42.9329 [FIL] GG495 [EXPTIME] 60.0 [Date] 2020-02-17T14:38:49 [Time] 14:38:49
59/383 LSPM_J1055+0808-20200217@144003-Eden.fts [TYPE] LIGHT [OBJ] LSPM_J1055+0808 [RA] 10 55 47.3424 [Dec] +08 08 42.9329 [FIL] GG495 [EXPTIME] 60.0 [Date] 2020-02-17T14:40:03 [Time] 14:40:03
60/383 LSPM_J1055+0808-20200217@144117-Eden.fts [TYPE] LIGHT [OBJ] LSPM_J1055+0808 [RA] 10 55 47.3424 [Dec] +08 08 42.9329 [FIL] GG495 [EXPTIME] 60.0 [Date] 2020-02-17T14:41:18 [Time] 14:41:18
61/383 LSPM_J1055+0808-20200217@144233-Eden.fts [TYPE] LIGHT [OBJ] LSPM_J1055+0808 [RA] 10 55 47.3424 [Dec] +08 08 42.9329 [FIL] GG495 [EXPTIME] 60.0 [Date] 2020-02-17T14:42:34 [Time] 14:42:34
62/383 LSPM_J1055+0808-20200217@144347-Eden.fts [TYPE] LIGHT [OBJ] LSPM_J1055+0808 [RA] 10 55 47.3424 [Dec] +08 08 42.9329 [FIL] GG495 [EXPTIME] 60.0 [Date] 2020-02-17T14:43:47 [Time] 14:43:47
63/383 LSPM_J1055+0808-20200217@144501-Eden.fts [TYPE] LIGHT [OBJ] LSPM_J1055+0808 [RA] 10 55 47.3424 [Dec] +08 08 42.9329 [FIL] GG495 [EXPTIME] 60.0 [Date] 2020-02-17T14:45:02 [Time] 14:45:02
64/383 LSPM_J1055+0808-20200217@144617-Eden.fts [TYPE] LIGHT [OBJ] LSPM_J1055+0808 [RA] 10 55 47.3424 [Dec] +08 08 42.9329 [FIL] GG495 [EXPTIME] 60.0 [Date] 2020-02-17T14:46:18 [Time] 14:46:18
65/383 LSPM_J1055+0808-20200217@144732-Eden.fts [TYPE] LIGHT [OBJ] LSPM_J1055+0808 [RA] 10 55 47.3424 [Dec] +08 08 42.9329 [FIL] GG495 [EXPTIME] 60.0 [Date] 2020-02-17T14:47:33 [Time] 14:47:33
66/383 LSPM_J1055+0808-20200217@144846-Eden.fts [TYPE] LIGHT [OBJ] LSPM_J1055+0808 [RA] 10 55 47.3424 [Dec] +08 08 42.9329 [FIL] GG495 [EXPTIME] 60.0 [Date] 2020-02-17T14:48:47 [Time] 14:48:47
67/383 LSPM_J1055+0808-20200217@145001-Eden.fts [TYPE] LIGHT [OBJ] LSPM_J1055+0808 [RA] 10 55 47.3424 [Dec] +08 08 42.9329 [FIL] GG495 [EXPTIME] 60.0 [Date] 2020-02-17T14:50:01 [Time] 14:50:01
68/383 LSPM_J1055+0808-20200217@145116-Eden.fts [TYPE] LIGHT [OBJ] LSPM_J1055+0808 [RA] 10 55 47.3424 [Dec] +08 08 42.9329 [FIL] GG495 [EXPTIME] 60.0 [Date] 2020-02-17T14:51:16 [Time] 14:51:16
69/383 LSPM_J1055+0808-20200217@145230-Eden.fts [TYPE] LIGHT [OBJ] LSPM_J1055+0808 [RA] 10 55 47.3424 [Dec] +08 08 42.9329 [FIL] GG495 [EXPTIME] 60.0 [Date] 2020-02-17T14:52:30 [Time] 14:52:30
70/383 LSPM_J1055+0808-20200217@145344-Eden.fts [TYPE] LIGHT [OBJ] LSPM_J1055+0808 [RA] 10 55 47.3424 [Dec] +08 08 42.9329 [FIL] GG495 [EXPTIME] 60.0 [Date] 2020-02-17T14:53:44 [Time] 14:53:44
71/383 LSPM_J1055+0808-20200217@145458-Eden.fts [TYPE] LIGHT [OBJ] LSPM_J1055+0808 [RA] 10 55 47.3424 [Dec] +08 08 42.9329 [FIL] GG495 [EXPTIME] 60.0 [Date] 2020-02-17T14:54:59 [Time] 14:54:59
72/383 LSPM_J1055+0808-20200217@145613-Eden.fts [TYPE] LIGHT [OBJ] LSPM_J1055+0808 [RA] 10 55 47.3424 [Dec] +08 08 42.9329 [FIL] GG495 [EXPTIME] 60.0 [Date] 2020-02-17T14:56:13 [Time] 14:56:13
73/383 LSPM_J1055+0808-20200217@145729-Eden.fts [TYPE] LIGHT [OBJ] LSPM_J1055+0808 [RA] 10 55 47.3424 [Dec] +08 08 42.9329 [FIL] GG495 [EXPTIME] 60.0 [Date] 2020-02-17T14:57:31 [Time] 14:57:31
74/383 LSPM_J1055+0808-20200217@145846-Eden.fts [TYPE] LIGHT [OBJ] LSPM_J1055+0808 [RA] 10 55 47.3424 [Dec] +08 08 42.9329 [FIL] GG495 [EXPTIME] 60.0 [Date] 2020-02-17T14:58:46 [Time] 14:58:46
75/383 LSPM_J1055+0808-20200217@150000-Eden.fts [TYPE] LIGHT [OBJ] LSPM_J1055+0808 [RA] 10 55 47.3424 [Dec] +08 08 42.9329 [FIL] GG495 [EXPTIME] 60.0 [Date] 2020-02-17T15:00:00 [Time] 15:00:00
76/383 LSPM_J1055+0808-20200217@150115-Eden.fts [TYPE] LIGHT [OBJ] LSPM_J1055+0808 [RA] 10 55 47.3424 [Dec] +08 08 42.9329 [FIL] GG495 [EXPTIME] 60.0 [Date] 2020-02-17T15:01:15 [Time] 15:01:15
77/383 LSPM_J1055+0808-20200217@150230-Eden.fts [TYPE] LIGHT [OBJ] LSPM_J1055+0808 [RA] 10 55 47.3424 [Dec] +08 08 42.9329 [FIL] GG495 [EXPTIME] 60.0 [Date] 2020-02-17T15:02:32 [Time] 15:02:32
78/383 LSPM_J1055+0808-20200217@150345-Eden.fts [TYPE] LIGHT [OBJ] LSPM_J1055+0808 [RA] 10 55 47.3424 [Dec] +08 08 42.9329 [FIL] GG495 [EXPTIME] 60.0 [Date] 2020-02-17T15:03:46 [Time] 15:03:46
79/383 LSPM_J1055+0808-20200217@150500-Eden.fts [TYPE] LIGHT [OBJ] LSPM_J1055+0808 [RA] 10 55 47.3424 [Dec] +08 08 42.9329 [FIL] GG495 [EXPTIME] 60.0 [Date] 2020-02-17T15:05:01 [Time] 15:05:01
80/383 LSPM_J1055+0808-20200217@150615-Eden.fts [TYPE] LIGHT [OBJ] LSPM_J1055+0808 [RA] 10 55 47.3424 [Dec] +08 08 42.9329 [FIL] GG495 [EXPTIME] 60.0 [Date] 2020-02-17T15:06:15 [Time] 15:06:15
81/383 LSPM_J1055+0808-20200217@150730-Eden.fts [TYPE] LIGHT [OBJ] LSPM_J1055+0808 [RA] 10 55 47.3424 [Dec] +08 08 42.9329 [FIL] GG495 [EXPTIME] 60.0 [Date] 2020-02-17T15:07:30 [Time] 15:07:30
82/383 LSPM_J1055+0808-20200217@150844-Eden.fts [TYPE] LIGHT [OBJ] LSPM_J1055+0808 [RA] 10 55 47.3424 [Dec] +08 08 42.9329 [FIL] GG495 [EXPTIME] 60.0 [Date] 2020-02-17T15:08:45 [Time] 15:08:45
83/383 LSPM_J1055+0808-20200217@151000-Eden.fts [TYPE] LIGHT [OBJ] LSPM_J1055+0808 [RA] 10 55 47.3424 [Dec] +08 08 42.9329 [FIL] GG495 [EXPTIME] 60.0 [Date] 2020-02-17T15:10:00 [Time] 15:10:00
84/383 LSPM_J1055+0808-20200217@151115-Eden.fts [TYPE] LIGHT [OBJ] LSPM_J1055+0808 [RA] 10 55 47.3424 [Dec] +08 08 42.9329 [FIL] GG495 [EXPTIME] 60.0 [Date] 2020-02-17T15:11:15 [Time] 15:11:15
85/383 LSPM_J1055+0808-20200217@151229-Eden.fts [TYPE] LIGHT [OBJ] LSPM_J1055+0808 [RA] 10 55 47.3424 [Dec] +08 08 42.9329 [FIL] GG495 [EXPTIME] 60.0 [Date] 2020-02-17T15:12:30 [Time] 15:12:30
86/383 LSPM_J1055+0808-20200217@151345-Eden.fts [TYPE] LIGHT [OBJ] LSPM_J1055+0808 [RA] 10 55 47.3424 [Dec] +08 08 42.9329 [FIL] GG495 [EXPTIME] 60.0 [Date] 2020-02-17T15:13:45 [Time] 15:13:45
87/383 LSPM_J1055+0808-20200217@151459-Eden.fts [TYPE] LIGHT [OBJ] LSPM_J1055+0808 [RA] 10 55 47.3424 [Dec] +08 08 42.9329 [FIL] GG495 [EXPTIME] 60.0 [Date] 2020-02-17T15:14:59 [Time] 15:14:59
88/383 LSPM_J1055+0808-20200217@151614-Eden.fts [TYPE] LIGHT [OBJ] LSPM_J1055+0808 [RA] 10 55 47.3424 [Dec] +08 08 42.9329 [FIL] GG495 [EXPTIME] 60.0 [Date] 2020-02-17T15:16:14 [Time] 15:16:14
89/383 LSPM_J1055+0808-20200217@151728-Eden.fts [TYPE] LIGHT [OBJ] LSPM_J1055+0808 [RA] 10 55 47.3424 [Dec] +08 08 42.9329 [FIL] GG495 [EXPTIME] 60.0 [Date] 2020-02-17T15:17:29 [Time] 15:17:29
90/383 LSPM_J1055+0808-20200217@151843-Eden.fts [TYPE] LIGHT [OBJ] LSPM_J1055+0808 [RA] 10 55 47.3424 [Dec] +08 08 42.9329 [FIL] GG495 [EXPTIME] 60.0 [Date] 2020-02-17T15:18:43 [Time] 15:18:43
91/383 LSPM_J1055+0808-20200217@151958-Eden.fts [TYPE] LIGHT [OBJ] LSPM_J1055+0808 [RA] 10 55 47.3424 [Dec] +08 08 42.9329 [FIL] GG495 [EXPTIME] 60.0 [Date] 2020-02-17T15:19:59 [Time] 15:19:59
92/383 LSPM_J1055+0808-20200217@152113-Eden.fts [TYPE] LIGHT [OBJ] LSPM_J1055+0808 [RA] 10 55 47.3424 [Dec] +08 08 42.9329 [FIL] GG495 [EXPTIME] 60.0 [Date] 2020-02-17T15:21:13 [Time] 15:21:13
93/383 LSPM_J1055+0808-20200217@152227-Eden.fts [TYPE] LIGHT [OBJ] LSPM_J1055+0808 [RA] 10 55 47.3424 [Dec] +08 08 42.9329 [FIL] GG495 [EXPTIME] 60.0 [Date] 2020-02-17T15:22:28 [Time] 15:22:28
94/383 LSPM_J1055+0808-20200217@152343-Eden.fts [TYPE] LIGHT [OBJ] LSPM_J1055+0808 [RA] 10 55 47.3424 [Dec] +08 08 42.9329 [FIL] GG495 [EXPTIME] 60.0 [Date] 2020-02-17T15:23:43 [Time] 15:23:43
95/383 LSPM_J1055+0808-20200217@152458-Eden.fts [TYPE] LIGHT [OBJ] LSPM_J1055+0808 [RA] 10 55 47.3424 [Dec] +08 08 42.9329 [FIL] GG495 [EXPTIME] 60.0 [Date] 2020-02-17T15:24:58 [Time] 15:24:58
96/383 LSPM_J1055+0808-20200217@152612-Eden.fts [TYPE] LIGHT [OBJ] LSPM_J1055+0808 [RA] 10 55 47.3424 [Dec] +08 08 42.9329 [FIL] GG495 [EXPTIME] 60.0 [Date] 2020-02-17T15:26:13 [Time] 15:26:13
97/383 LSPM_J1055+0808-20200217@152726-Eden.fts [TYPE] LIGHT [OBJ] LSPM_J1055+0808 [RA] 10 55 47.3424 [Dec] +08 08 42.9329 [FIL] GG495 [EXPTIME] 60.0 [Date] 2020-02-17T15:27:27 [Time] 15:27:27
98/383 LSPM_J1055+0808-20200217@152840-Eden.fts [TYPE] LIGHT [OBJ] LSPM_J1055+0808 [RA] 10 55 47.3424 [Dec] +08 08 42.9329 [FIL] GG495 [EXPTIME] 60.0 [Date] 2020-02-17T15:28:41 [Time] 15:28:41
99/383 LSPM_J1055+0808-20200217@152956-Eden.fts [TYPE] LIGHT [OBJ] LSPM_J1055+0808 [RA] 10 55 47.3424 [Dec] +08 08 42.9329 [FIL] GG495 [EXPTIME] 60.0 [Date] 2020-02-17T15:29:57 [Time] 15:29:57
100/383 LSPM_J1055+0808-20200217@153111-Eden.fts [TYPE] LIGHT [OBJ] LSPM_J1055+0808 [RA] 10 55 47.3424 [Dec] +08 08 42.9329 [FIL] GG495 [EXPTIME] 60.0 [Date] 2020-02-17T15:31:11 [Time] 15:31:11
101/383 LSPM_J1055+0808-20200217@153227-Eden.fts [TYPE] LIGHT [OBJ] LSPM_J1055+0808 [RA] 10 55 47.3424 [Dec] +08 08 42.9329 [FIL] GG495 [EXPTIME] 60.0 [Date] 2020-02-17T15:32:28 [Time] 15:32:28
102/383 LSPM_J1055+0808-20200217@153344-Eden.fts [TYPE] LIGHT [OBJ] LSPM_J1055+0808 [RA] 10 55 47.3424 [Dec] +08 08 42.9329 [FIL] GG495 [EXPTIME] 60.0 [Date] 2020-02-17T15:33:45 [Time] 15:33:45
103/383 LSPM_J1055+0808-20200217@153459-Eden.fts [TYPE] LIGHT [OBJ] LSPM_J1055+0808 [RA] 10 55 47.3424 [Dec] +08 08 42.9329 [FIL] GG495 [EXPTIME] 60.0 [Date] 2020-02-17T15:35:00 [Time] 15:35:00
104/383 LSPM_J1055+0808-20200217@153614-Eden.fts [TYPE] LIGHT [OBJ] LSPM_J1055+0808 [RA] 10 55 47.3424 [Dec] +08 08 42.9329 [FIL] GG495 [EXPTIME] 60.0 [Date] 2020-02-17T15:36:15 [Time] 15:36:15
105/383 LSPM_J1055+0808-20200217@153729-Eden.fts [TYPE] LIGHT [OBJ] LSPM_J1055+0808 [RA] 10 55 47.3424 [Dec] +08 08 42.9329 [FIL] GG495 [EXPTIME] 60.0 [Date] 2020-02-17T15:37:29 [Time] 15:37:29
106/383 LSPM_J1055+0808-20200217@153845-Eden.fts [TYPE] LIGHT [OBJ] LSPM_J1055+0808 [RA] 10 55 47.3424 [Dec] +08 08 42.9329 [FIL] GG495 [EXPTIME] 60.0 [Date] 2020-02-17T15:38:45 [Time] 15:38:45
107/383 LSPM_J1055+0808-20200217@154000-Eden.fts [TYPE] LIGHT [OBJ] LSPM_J1055+0808 [RA] 10 55 47.3424 [Dec] +08 08 42.9329 [FIL] GG495 [EXPTIME] 60.0 [Date] 2020-02-17T15:40:02 [Time] 15:40:02
108/383 LSPM_J1055+0808-20200217@154115-Eden.fts [TYPE] LIGHT [OBJ] LSPM_J1055+0808 [RA] 10 55 47.3424 [Dec] +08 08 42.9329 [FIL] GG495 [EXPTIME] 60.0 [Date] 2020-02-17T15:41:16 [Time] 15:41:16
109/383 LSPM_J1055+0808-20200217@154229-Eden.fts [TYPE] LIGHT [OBJ] LSPM_J1055+0808 [RA] 10 55 47.3424 [Dec] +08 08 42.9329 [FIL] GG495 [EXPTIME] 60.0 [Date] 2020-02-17T15:42:30 [Time] 15:42:30
110/383 LSPM_J1055+0808-20200217@154344-Eden.fts [TYPE] LIGHT [OBJ] LSPM_J1055+0808 [RA] 10 55 47.3424 [Dec] +08 08 42.9329 [FIL] GG495 [EXPTIME] 60.0 [Date] 2020-02-17T15:43:46 [Time] 15:43:46
111/383 LSPM_J1055+0808-20200217@154500-Eden.fts [TYPE] LIGHT [OBJ] LSPM_J1055+0808 [RA] 10 55 47.3424 [Dec] +08 08 42.9329 [FIL] GG495 [EXPTIME] 60.0 [Date] 2020-02-17T15:45:01 [Time] 15:45:01
112/383 LSPM_J1055+0808-20200217@154615-Eden.fts [TYPE] LIGHT [OBJ] LSPM_J1055+0808 [RA] 10 55 47.3424 [Dec] +08 08 42.9329 [FIL] GG495 [EXPTIME] 60.0 [Date] 2020-02-17T15:46:15 [Time] 15:46:15
113/383 LSPM_J1055+0808-20200217@154731-Eden.fts [TYPE] LIGHT [OBJ] LSPM_J1055+0808 [RA] 10 55 47.3424 [Dec] +08 08 42.9329 [FIL] GG495 [EXPTIME] 60.0 [Date] 2020-02-17T15:47:32 [Time] 15:47:32
114/383 LSPM_J1055+0808-20200217@154847-Eden.fts [TYPE] LIGHT [OBJ] LSPM_J1055+0808 [RA] 10 55 47.3424 [Dec] +08 08 42.9329 [FIL] GG495 [EXPTIME] 60.0 [Date] 2020-02-17T15:48:47 [Time] 15:48:47
115/383 LSPM_J1055+0808-20200217@155001-Eden.fts [TYPE] LIGHT [OBJ] LSPM_J1055+0808 [RA] 10 55 47.3424 [Dec] +08 08 42.9329 [FIL] GG495 [EXPTIME] 60.0 [Date] 2020-02-17T15:50:01 [Time] 15:50:01
116/383 LSPM_J1055+0808-20200217@155115-Eden.fts [TYPE] LIGHT [OBJ] LSPM_J1055+0808 [RA] 10 55 47.3424 [Dec] +08 08 42.9329 [FIL] GG495 [EXPTIME] 60.0 [Date] 2020-02-17T15:51:15 [Time] 15:51:15
117/383 LSPM_J1055+0808-20200217@155229-Eden.fts [TYPE] LIGHT [OBJ] LSPM_J1055+0808 [RA] 10 55 47.3424 [Dec] +08 08 42.9329 [FIL] GG495 [EXPTIME] 60.0 [Date] 2020-02-17T15:52:30 [Time] 15:52:30
118/383 LSPM_J1055+0808-20200217@155344-Eden.fts [TYPE] LIGHT [OBJ] LSPM_J1055+0808 [RA] 10 55 47.3424 [Dec] +08 08 42.9329 [FIL] GG495 [EXPTIME] 60.0 [Date] 2020-02-17T15:53:44 [Time] 15:53:44
119/383 LSPM_J1055+0808-20200217@155459-Eden.fts [TYPE] LIGHT [OBJ] LSPM_J1055+0808 [RA] 10 55 47.3424 [Dec] +08 08 42.9329 [FIL] GG495 [EXPTIME] 60.0 [Date] 2020-02-17T15:55:00 [Time] 15:55:00
120/383 LSPM_J1055+0808-20200217@155614-Eden.fts [TYPE] LIGHT [OBJ] LSPM_J1055+0808 [RA] 10 55 47.3424 [Dec] +08 08 42.9329 [FIL] GG495 [EXPTIME] 60.0 [Date] 2020-02-17T15:56:14 [Time] 15:56:14
121/383 LSPM_J1055+0808-20200217@155728-Eden.fts [TYPE] LIGHT [OBJ] LSPM_J1055+0808 [RA] 10 55 47.3424 [Dec] +08 08 42.9329 [FIL] GG495 [EXPTIME] 60.0 [Date] 2020-02-17T15:57:29 [Time] 15:57:29
122/383 LSPM_J1055+0808-20200217@155843-Eden.fts [TYPE] LIGHT [OBJ] LSPM_J1055+0808 [RA] 10 55 47.3424 [Dec] +08 08 42.9329 [FIL] GG495 [EXPTIME] 60.0 [Date] 2020-02-17T15:58:44 [Time] 15:58:44
123/383 LSPM_J1055+0808-20200217@155958-Eden.fts [TYPE] LIGHT [OBJ] LSPM_J1055+0808 [RA] 10 55 47.3424 [Dec] +08 08 42.9329 [FIL] GG495 [EXPTIME] 60.0 [Date] 2020-02-17T15:59:58 [Time] 15:59:58
124/383 LSPM_J1055+0808-20200217@160113-Eden.fts [TYPE] LIGHT [OBJ] LSPM_J1055+0808 [RA] 10 55 47.3424 [Dec] +08 08 42.9329 [FIL] GG495 [EXPTIME] 60.0 [Date] 2020-02-17T16:01:13 [Time] 16:01:13
125/383 LSPM_J1055+0808-20200217@160228-Eden.fts [TYPE] LIGHT [OBJ] LSPM_J1055+0808 [RA] 10 55 47.3424 [Dec] +08 08 42.9329 [FIL] GG495 [EXPTIME] 60.0 [Date] 2020-02-17T16:02:28 [Time] 16:02:28
126/383 LSPM_J1055+0808-20200217@160343-Eden.fts [TYPE] LIGHT [OBJ] LSPM_J1055+0808 [RA] 10 55 47.3424 [Dec] +08 08 42.9329 [FIL] GG495 [EXPTIME] 60.0 [Date] 2020-02-17T16:03:43 [Time] 16:03:43
127/383 LSPM_J1055+0808-20200217@160458-Eden.fts [TYPE] LIGHT [OBJ] LSPM_J1055+0808 [RA] 10 55 47.3424 [Dec] +08 08 42.9329 [FIL] GG495 [EXPTIME] 60.0 [Date] 2020-02-17T16:04:59 [Time] 16:04:59
128/383 LSPM_J1055+0808-20200217@160614-Eden.fts [TYPE] LIGHT [OBJ] LSPM_J1055+0808 [RA] 10 55 47.3424 [Dec] +08 08 42.9329 [FIL] GG495 [EXPTIME] 60.0 [Date] 2020-02-17T16:06:15 [Time] 16:06:15
129/383 LSPM_J1055+0808-20200217@160729-Eden.fts [TYPE] LIGHT [OBJ] LSPM_J1055+0808 [RA] 10 55 47.3424 [Dec] +08 08 42.9329 [FIL] GG495 [EXPTIME] 60.0 [Date] 2020-02-17T16:07:29 [Time] 16:07:29
130/383 LSPM_J1055+0808-20200217@160843-Eden.fts [TYPE] LIGHT [OBJ] LSPM_J1055+0808 [RA] 10 55 47.3424 [Dec] +08 08 42.9329 [FIL] GG495 [EXPTIME] 60.0 [Date] 2020-02-17T16:08:44 [Time] 16:08:44
131/383 LSPM_J1055+0808-20200217@160959-Eden.fts [TYPE] LIGHT [OBJ] LSPM_J1055+0808 [RA] 10 55 47.3424 [Dec] +08 08 42.9329 [FIL] GG495 [EXPTIME] 60.0 [Date] 2020-02-17T16:09:59 [Time] 16:09:59
132/383 LSPM_J1055+0808-20200217@161114-Eden.fts [TYPE] LIGHT [OBJ] LSPM_J1055+0808 [RA] 10 55 47.3424 [Dec] +08 08 42.9329 [FIL] GG495 [EXPTIME] 60.0 [Date] 2020-02-17T16:11:14 [Time] 16:11:14
133/383 LSPM_J1055+0808-20200217@161229-Eden.fts [TYPE] LIGHT [OBJ] LSPM_J1055+0808 [RA] 10 55 47.3424 [Dec] +08 08 42.9329 [FIL] GG495 [EXPTIME] 60.0 [Date] 2020-02-17T16:12:29 [Time] 16:12:29
134/383 LSPM_J1055+0808-20200217@161343-Eden.fts [TYPE] LIGHT [OBJ] LSPM_J1055+0808 [RA] 10 55 47.3424 [Dec] +08 08 42.9329 [FIL] GG495 [EXPTIME] 60.0 [Date] 2020-02-17T16:13:43 [Time] 16:13:43
135/383 LSPM_J1055+0808-20200217@161457-Eden.fts [TYPE] LIGHT [OBJ] LSPM_J1055+0808 [RA] 10 55 47.3424 [Dec] +08 08 42.9329 [FIL] GG495 [EXPTIME] 60.0 [Date] 2020-02-17T16:14:57 [Time] 16:14:57
136/383 LSPM_J1055+0808-20200217@161612-Eden.fts [TYPE] LIGHT [OBJ] LSPM_J1055+0808 [RA] 10 55 47.3424 [Dec] +08 08 42.9329 [FIL] GG495 [EXPTIME] 60.0 [Date] 2020-02-17T16:16:13 [Time] 16:16:13
137/383 LSPM_J1055+0808-20200217@161727-Eden.fts [TYPE] LIGHT [OBJ] LSPM_J1055+0808 [RA] 10 55 47.3424 [Dec] +08 08 42.9329 [FIL] GG495 [EXPTIME] 60.0 [Date] 2020-02-17T16:17:28 [Time] 16:17:28
138/383 LSPM_J1055+0808-20200217@161843-Eden.fts [TYPE] LIGHT [OBJ] LSPM_J1055+0808 [RA] 10 55 47.3424 [Dec] +08 08 42.9329 [FIL] GG495 [EXPTIME] 60.0 [Date] 2020-02-17T16:18:43 [Time] 16:18:43
139/383 LSPM_J1055+0808-20200217@162000-Eden.fts [TYPE] LIGHT [OBJ] LSPM_J1055+0808 [RA] 10 55 47.3424 [Dec] +08 08 42.9329 [FIL] GG495 [EXPTIME] 60.0 [Date] 2020-02-17T16:20:01 [Time] 16:20:01
140/383 LSPM_J1055+0808-20200217@162116-Eden.fts [TYPE] LIGHT [OBJ] LSPM_J1055+0808 [RA] 10 55 47.3424 [Dec] +08 08 42.9329 [FIL] GG495 [EXPTIME] 60.0 [Date] 2020-02-17T16:21:16 [Time] 16:21:16
141/383 LSPM_J1055+0808-20200217@162231-Eden.fts [TYPE] LIGHT [OBJ] LSPM_J1055+0808 [RA] 10 55 47.3424 [Dec] +08 08 42.9329 [FIL] GG495 [EXPTIME] 60.0 [Date] 2020-02-17T16:22:31 [Time] 16:22:31
142/383 LSPM_J1055+0808-20200217@162346-Eden.fts [TYPE] LIGHT [OBJ] LSPM_J1055+0808 [RA] 10 55 47.3424 [Dec] +08 08 42.9329 [FIL] GG495 [EXPTIME] 60.0 [Date] 2020-02-17T16:23:46 [Time] 16:23:46
143/383 LSPM_J1055+0808-20200217@162500-Eden.fts [TYPE] LIGHT [OBJ] LSPM_J1055+0808 [RA] 10 55 47.3424 [Dec] +08 08 42.9329 [FIL] GG495 [EXPTIME] 60.0 [Date] 2020-02-17T16:25:00 [Time] 16:25:00
144/383 LSPM_J1055+0808-20200217@162614-Eden.fts [TYPE] LIGHT [OBJ] LSPM_J1055+0808 [RA] 10 55 47.3424 [Dec] +08 08 42.9329 [FIL] GG495 [EXPTIME] 60.0 [Date] 2020-02-17T16:26:14 [Time] 16:26:14
145/383 LSPM_J1055+0808-20200217@162729-Eden.fts [TYPE] LIGHT [OBJ] LSPM_J1055+0808 [RA] 10 55 47.3424 [Dec] +08 08 42.9329 [FIL] GG495 [EXPTIME] 60.0 [Date] 2020-02-17T16:27:29 [Time] 16:27:29
146/383 LSPM_J1055+0808-20200217@162845-Eden.fts [TYPE] LIGHT [OBJ] LSPM_J1055+0808 [RA] 10 55 47.3424 [Dec] +08 08 42.9329 [FIL] GG495 [EXPTIME] 60.0 [Date] 2020-02-17T16:28:46 [Time] 16:28:46
147/383 LSPM_J1055+0808-20200217@163000-Eden.fts [TYPE] LIGHT [OBJ] LSPM_J1055+0808 [RA] 10 55 47.3424 [Dec] +08 08 42.9329 [FIL] GG495 [EXPTIME] 60.0 [Date] 2020-02-17T16:30:00 [Time] 16:30:00
148/383 LSPM_J1055+0808-20200217@163115-Eden.fts [TYPE] LIGHT [OBJ] LSPM_J1055+0808 [RA] 10 55 47.3424 [Dec] +08 08 42.9329 [FIL] GG495 [EXPTIME] 60.0 [Date] 2020-02-17T16:31:15 [Time] 16:31:15
149/383 LSPM_J1055+0808-20200217@163229-Eden.fts [TYPE] LIGHT [OBJ] LSPM_J1055+0808 [RA] 10 55 47.3424 [Dec] +08 08 42.9329 [FIL] GG495 [EXPTIME] 60.0 [Date] 2020-02-17T16:32:30 [Time] 16:32:30
150/383 LSPM_J1055+0808-20200217@163345-Eden.fts [TYPE] LIGHT [OBJ] LSPM_J1055+0808 [RA] 10 55 47.3424 [Dec] +08 08 42.9329 [FIL] GG495 [EXPTIME] 60.0 [Date] 2020-02-17T16:33:45 [Time] 16:33:45
151/383 LSPM_J1055+0808-20200217@163459-Eden.fts [TYPE] LIGHT [OBJ] LSPM_J1055+0808 [RA] 10 55 47.3424 [Dec] +08 08 42.9329 [FIL] GG495 [EXPTIME] 60.0 [Date] 2020-02-17T16:34:59 [Time] 16:34:59
152/383 LSPM_J1055+0808-20200217@163613-Eden.fts [TYPE] LIGHT [OBJ] LSPM_J1055+0808 [RA] 10 55 47.3424 [Dec] +08 08 42.9329 [FIL] GG495 [EXPTIME] 60.0 [Date] 2020-02-17T16:36:14 [Time] 16:36:14
153/383 LSPM_J1055+0808-20200217@163728-Eden.fts [TYPE] LIGHT [OBJ] LSPM_J1055+0808 [RA] 10 55 47.3424 [Dec] +08 08 42.9329 [FIL] GG495 [EXPTIME] 60.0 [Date] 2020-02-17T16:37:29 [Time] 16:37:29
154/383 LSPM_J1055+0808-20200217@163843-Eden.fts [TYPE] LIGHT [OBJ] LSPM_J1055+0808 [RA] 10 55 47.3424 [Dec] +08 08 42.9329 [FIL] GG495 [EXPTIME] 60.0 [Date] 2020-02-17T16:38:43 [Time] 16:38:43
155/383 LSPM_J1055+0808-20200217@163957-Eden.fts [TYPE] LIGHT [OBJ] LSPM_J1055+0808 [RA] 10 55 47.3424 [Dec] +08 08 42.9329 [FIL] GG495 [EXPTIME] 60.0 [Date] 2020-02-17T16:39:58 [Time] 16:39:58
156/383 LSPM_J1055+0808-20200217@164112-Eden.fts [TYPE] LIGHT [OBJ] LSPM_J1055+0808 [RA] 10 55 47.3424 [Dec] +08 08 42.9329 [FIL] GG495 [EXPTIME] 60.0 [Date] 2020-02-17T16:41:13 [Time] 16:41:13
157/383 LSPM_J1055+0808-20200217@164227-Eden.fts [TYPE] LIGHT [OBJ] LSPM_J1055+0808 [RA] 10 55 47.3424 [Dec] +08 08 42.9329 [FIL] GG495 [EXPTIME] 60.0 [Date] 2020-02-17T16:42:27 [Time] 16:42:27
158/383 LSPM_J1055+0808-20200217@164342-Eden.fts [TYPE] LIGHT [OBJ] LSPM_J1055+0808 [RA] 10 55 47.3424 [Dec] +08 08 42.9329 [FIL] GG495 [EXPTIME] 60.0 [Date] 2020-02-17T16:43:42 [Time] 16:43:42
159/383 LSPM_J1055+0808-20200217@164456-Eden.fts [TYPE] LIGHT [OBJ] LSPM_J1055+0808 [RA] 10 55 47.3424 [Dec] +08 08 42.9329 [FIL] GG495 [EXPTIME] 60.0 [Date] 2020-02-17T16:44:56 [Time] 16:44:56
160/383 LSPM_J1055+0808-20200217@164612-Eden.fts [TYPE] LIGHT [OBJ] LSPM_J1055+0808 [RA] 10 55 47.3424 [Dec] +08 08 42.9329 [FIL] GG495 [EXPTIME] 60.0 [Date] 2020-02-17T16:46:12 [Time] 16:46:12
161/383 LSPM_J1055+0808-20200217@164727-Eden.fts [TYPE] LIGHT [OBJ] LSPM_J1055+0808 [RA] 10 55 47.3424 [Dec] +08 08 42.9329 [FIL] GG495 [EXPTIME] 60.0 [Date] 2020-02-17T16:47:28 [Time] 16:47:28
162/383 LSPM_J1055+0808-20200217@164844-Eden.fts [TYPE] LIGHT [OBJ] LSPM_J1055+0808 [RA] 10 55 47.3424 [Dec] +08 08 42.9329 [FIL] GG495 [EXPTIME] 60.0 [Date] 2020-02-17T16:48:44 [Time] 16:48:44
163/383 LSPM_J1055+0808-20200217@164959-Eden.fts [TYPE] LIGHT [OBJ] LSPM_J1055+0808 [RA] 10 55 47.3424 [Dec] +08 08 42.9329 [FIL] GG495 [EXPTIME] 60.0 [Date] 2020-02-17T16:49:59 [Time] 16:49:59
164/383 LSPM_J1055+0808-20200217@165114-Eden.fts [TYPE] LIGHT [OBJ] LSPM_J1055+0808 [RA] 10 55 47.3424 [Dec] +08 08 42.9329 [FIL] GG495 [EXPTIME] 60.0 [Date] 2020-02-17T16:51:14 [Time] 16:51:14
165/383 LSPM_J1055+0808-20200217@165229-Eden.fts [TYPE] LIGHT [OBJ] LSPM_J1055+0808 [RA] 10 55 47.3424 [Dec] +08 08 42.9329 [FIL] GG495 [EXPTIME] 60.0 [Date] 2020-02-17T16:52:30 [Time] 16:52:30
166/383 LSPM_J1055+0808-20200217@165344-Eden.fts [TYPE] LIGHT [OBJ] LSPM_J1055+0808 [RA] 10 55 47.3424 [Dec] +08 08 42.9329 [FIL] GG495 [EXPTIME] 60.0 [Date] 2020-02-17T16:53:44 [Time] 16:53:44
167/383 LSPM_J1055+0808-20200217@165459-Eden.fts [TYPE] LIGHT [OBJ] LSPM_J1055+0808 [RA] 10 55 47.3424 [Dec] +08 08 42.9329 [FIL] GG495 [EXPTIME] 60.0 [Date] 2020-02-17T16:54:59 [Time] 16:54:59
168/383 LSPM_J1055+0808-20200217@165614-Eden.fts [TYPE] LIGHT [OBJ] LSPM_J1055+0808 [RA] 10 55 47.3424 [Dec] +08 08 42.9329 [FIL] GG495 [EXPTIME] 60.0 [Date] 2020-02-17T16:56:15 [Time] 16:56:15
169/383 LSPM_J1055+0808-20200217@165728-Eden.fts [TYPE] LIGHT [OBJ] LSPM_J1055+0808 [RA] 10 55 47.3424 [Dec] +08 08 42.9329 [FIL] GG495 [EXPTIME] 60.0 [Date] 2020-02-17T16:57:28 [Time] 16:57:28
170/383 LSPM_J1055+0808-20200217@165842-Eden.fts [TYPE] LIGHT [OBJ] LSPM_J1055+0808 [RA] 10 55 47.3424 [Dec] +08 08 42.9329 [FIL] GG495 [EXPTIME] 60.0 [Date] 2020-02-17T16:58:42 [Time] 16:58:42
171/383 LSPM_J1055+0808-20200217@165957-Eden.fts [TYPE] LIGHT [OBJ] LSPM_J1055+0808 [RA] 10 55 47.3424 [Dec] +08 08 42.9329 [FIL] GG495 [EXPTIME] 60.0 [Date] 2020-02-17T16:59:58 [Time] 16:59:58
172/383 LSPM_J1055+0808-20200217@170112-Eden.fts [TYPE] LIGHT [OBJ] LSPM_J1055+0808 [RA] 10 55 47.3424 [Dec] +08 08 42.9329 [FIL] GG495 [EXPTIME] 60.0 [Date] 2020-02-17T17:01:13 [Time] 17:01:13
173/383 LSPM_J1055+0808-20200217@170226-Eden.fts [TYPE] LIGHT [OBJ] LSPM_J1055+0808 [RA] 10 55 47.3424 [Dec] +08 08 42.9329 [FIL] GG495 [EXPTIME] 60.0 [Date] 2020-02-17T17:02:26 [Time] 17:02:26
174/383 LSPM_J1055+0808-20200217@170341-Eden.fts [TYPE] LIGHT [OBJ] LSPM_J1055+0808 [RA] 10 55 47.3424 [Dec] +08 08 42.9329 [FIL] GG495 [EXPTIME] 60.0 [Date] 2020-02-17T17:03:41 [Time] 17:03:41
175/383 LSPM_J1055+0808-20200217@170456-Eden.fts [TYPE] LIGHT [OBJ] LSPM_J1055+0808 [RA] 10 55 47.3424 [Dec] +08 08 42.9329 [FIL] GG495 [EXPTIME] 60.0 [Date] 2020-02-17T17:04:56 [Time] 17:04:56
176/383 LSPM_J1055+0808-20200217@170610-Eden.fts [TYPE] LIGHT [OBJ] LSPM_J1055+0808 [RA] 10 55 47.3424 [Dec] +08 08 42.9329 [FIL] GG495 [EXPTIME] 60.0 [Date] 2020-02-17T17:06:11 [Time] 17:06:11
177/383 LSPM_J1055+0808-20200217@170726-Eden.fts [TYPE] LIGHT [OBJ] LSPM_J1055+0808 [RA] 10 55 47.3424 [Dec] +08 08 42.9329 [FIL] GG495 [EXPTIME] 60.0 [Date] 2020-02-17T17:07:26 [Time] 17:07:26
178/383 LSPM_J1055+0808-20200217@170842-Eden.fts [TYPE] LIGHT [OBJ] LSPM_J1055+0808 [RA] 10 55 47.3424 [Dec] +08 08 42.9329 [FIL] GG495 [EXPTIME] 60.0 [Date] 2020-02-17T17:08:42 [Time] 17:08:42
179/383 LSPM_J1055+0808-20200217@170956-Eden.fts [TYPE] LIGHT [OBJ] LSPM_J1055+0808 [RA] 10 55 47.3424 [Dec] +08 08 42.9329 [FIL] GG495 [EXPTIME] 60.0 [Date] 2020-02-17T17:09:56 [Time] 17:09:56
180/383 LSPM_J1055+0808-20200217@171110-Eden.fts [TYPE] LIGHT [OBJ] LSPM_J1055+0808 [RA] 10 55 47.3424 [Dec] +08 08 42.9329 [FIL] GG495 [EXPTIME] 60.0 [Date] 2020-02-17T17:11:10 [Time] 17:11:10
181/383 LSPM_J1055+0808-20200217@171224-Eden.fts [TYPE] LIGHT [OBJ] LSPM_J1055+0808 [RA] 10 55 47.3424 [Dec] +08 08 42.9329 [FIL] GG495 [EXPTIME] 60.0 [Date] 2020-02-17T17:12:25 [Time] 17:12:25
182/383 LSPM_J1055+0808-20200217@171339-Eden.fts [TYPE] LIGHT [OBJ] LSPM_J1055+0808 [RA] 10 55 47.3424 [Dec] +08 08 42.9329 [FIL] GG495 [EXPTIME] 60.0 [Date] 2020-02-17T17:13:40 [Time] 17:13:40
183/383 LSPM_J1055+0808-20200217@171455-Eden.fts [TYPE] LIGHT [OBJ] LSPM_J1055+0808 [RA] 10 55 47.3424 [Dec] +08 08 42.9329 [FIL] GG495 [EXPTIME] 60.0 [Date] 2020-02-17T17:14:55 [Time] 17:14:55
184/383 LSPM_J1055+0808-20200217@171609-Eden.fts [TYPE] LIGHT [OBJ] LSPM_J1055+0808 [RA] 10 55 47.3424 [Dec] +08 08 42.9329 [FIL] GG495 [EXPTIME] 60.0 [Date] 2020-02-17T17:16:10 [Time] 17:16:10
185/383 LSPM_J1055+0808-20200217@171723-Eden.fts [TYPE] LIGHT [OBJ] LSPM_J1055+0808 [RA] 10 55 47.3424 [Dec] +08 08 42.9329 [FIL] GG495 [EXPTIME] 60.0 [Date] 2020-02-17T17:17:23 [Time] 17:17:23
186/383 LSPM_J1055+0808-20200217@172621-Eden.fts [TYPE] LIGHT [OBJ] LSPM_J1055+0808 [RA] 10 55 47.3424 [Dec] +08 08 42.9329 [FIL] GG495 [EXPTIME] 60.0 [Date] 2020-02-17T17:26:34 [Time] 17:26:34
187/383 LSPM_J1055+0808-20200217@172748-Eden.fts [TYPE] LIGHT [OBJ] LSPM_J1055+0808 [RA] 10 55 47.3424 [Dec] +08 08 42.9329 [FIL] GG495 [EXPTIME] 60.0 [Date] 2020-02-17T17:27:49 [Time] 17:27:49
188/383 LSPM_J1055+0808-20200217@172903-Eden.fts [TYPE] LIGHT [OBJ] LSPM_J1055+0808 [RA] 10 55 47.3424 [Dec] +08 08 42.9329 [FIL] GG495 [EXPTIME] 60.0 [Date] 2020-02-17T17:29:03 [Time] 17:29:03
189/383 LSPM_J1055+0808-20200217@173017-Eden.fts [TYPE] LIGHT [OBJ] LSPM_J1055+0808 [RA] 10 55 47.3424 [Dec] +08 08 42.9329 [FIL] GG495 [EXPTIME] 60.0 [Date] 2020-02-17T17:30:17 [Time] 17:30:17
190/383 LSPM_J1055+0808-20200217@173133-Eden.fts [TYPE] LIGHT [OBJ] LSPM_J1055+0808 [RA] 10 55 47.3424 [Dec] +08 08 42.9329 [FIL] GG495 [EXPTIME] 60.0 [Date] 2020-02-17T17:31:33 [Time] 17:31:33
191/383 LSPM_J1055+0808-20200217@173247-Eden.fts [TYPE] LIGHT [OBJ] LSPM_J1055+0808 [RA] 10 55 47.3424 [Dec] +08 08 42.9329 [FIL] GG495 [EXPTIME] 60.0 [Date] 2020-02-17T17:32:48 [Time] 17:32:48
192/383 LSPM_J1055+0808-20200217@173404-Eden.fts [TYPE] LIGHT [OBJ] LSPM_J1055+0808 [RA] 10 55 47.3424 [Dec] +08 08 42.9329 [FIL] GG495 [EXPTIME] 60.0 [Date] 2020-02-17T17:34:04 [Time] 17:34:04
193/383 LSPM_J1055+0808-20200217@173518-Eden.fts [TYPE] LIGHT [OBJ] LSPM_J1055+0808 [RA] 10 55 47.3424 [Dec] +08 08 42.9329 [FIL] GG495 [EXPTIME] 60.0 [Date] 2020-02-17T17:35:18 [Time] 17:35:18
194/383 LSPM_J1055+0808-20200217@173632-Eden.fts [TYPE] LIGHT [OBJ] LSPM_J1055+0808 [RA] 10 55 47.3424 [Dec] +08 08 42.9329 [FIL] GG495 [EXPTIME] 60.0 [Date] 2020-02-17T17:36:32 [Time] 17:36:32
195/383 LSPM_J1055+0808-20200217@173747-Eden.fts [TYPE] LIGHT [OBJ] LSPM_J1055+0808 [RA] 10 55 47.3424 [Dec] +08 08 42.9329 [FIL] GG495 [EXPTIME] 60.0 [Date] 2020-02-17T17:37:47 [Time] 17:37:47
196/383 LSPM_J1055+0808-20200217@173902-Eden.fts [TYPE] LIGHT [OBJ] LSPM_J1055+0808 [RA] 10 55 47.3424 [Dec] +08 08 42.9329 [FIL] GG495 [EXPTIME] 60.0 [Date] 2020-02-17T17:39:02 [Time] 17:39:02
197/383 LSPM_J1055+0808-20200217@174016-Eden.fts [TYPE] LIGHT [OBJ] LSPM_J1055+0808 [RA] 10 55 47.3424 [Dec] +08 08 42.9329 [FIL] GG495 [EXPTIME] 60.0 [Date] 2020-02-17T17:40:16 [Time] 17:40:16
198/383 LSPM_J1055+0808-20200217@174131-Eden.fts [TYPE] LIGHT [OBJ] LSPM_J1055+0808 [RA] 10 55 47.3424 [Dec] +08 08 42.9329 [FIL] GG495 [EXPTIME] 60.0 [Date] 2020-02-17T17:41:32 [Time] 17:41:32
199/383 LSPM_J1055+0808-20200217@174245-Eden.fts [TYPE] LIGHT [OBJ] LSPM_J1055+0808 [RA] 10 55 47.3424 [Dec] +08 08 42.9329 [FIL] GG495 [EXPTIME] 60.0 [Date] 2020-02-17T17:42:46 [Time] 17:42:46
200/383 LSPM_J1055+0808-20200217@174400-Eden.fts [TYPE] LIGHT [OBJ] LSPM_J1055+0808 [RA] 10 55 47.3424 [Dec] +08 08 42.9329 [FIL] GG495 [EXPTIME] 60.0 [Date] 2020-02-17T17:44:00 [Time] 17:44:00
201/383 LSPM_J1055+0808-20200217@174515-Eden.fts [TYPE] LIGHT [OBJ] LSPM_J1055+0808 [RA] 10 55 47.3424 [Dec] +08 08 42.9329 [FIL] GG495 [EXPTIME] 60.0 [Date] 2020-02-17T17:45:15 [Time] 17:45:15
202/383 LSPM_J1055+0808-20200217@174630-Eden.fts [TYPE] LIGHT [OBJ] LSPM_J1055+0808 [RA] 10 55 47.3424 [Dec] +08 08 42.9329 [FIL] GG495 [EXPTIME] 60.0 [Date] 2020-02-17T17:46:30 [Time] 17:46:30
203/383 LSPM_J1055+0808-20200217@174745-Eden.fts [TYPE] LIGHT [OBJ] LSPM_J1055+0808 [RA] 10 55 47.3424 [Dec] +08 08 42.9329 [FIL] GG495 [EXPTIME] 60.0 [Date] 2020-02-17T17:47:45 [Time] 17:47:45
204/383 LSPM_J1055+0808-20200217@174900-Eden.fts [TYPE] LIGHT [OBJ] LSPM_J1055+0808 [RA] 10 55 47.3424 [Dec] +08 08 42.9329 [FIL] GG495 [EXPTIME] 60.0 [Date] 2020-02-17T17:49:00 [Time] 17:49:00
205/383 LSPM_J1055+0808-20200217@175014-Eden.fts [TYPE] LIGHT [OBJ] LSPM_J1055+0808 [RA] 10 55 47.3424 [Dec] +08 08 42.9329 [FIL] GG495 [EXPTIME] 60.0 [Date] 2020-02-17T17:50:15 [Time] 17:50:15
206/383 LSPM_J1055+0808-20200217@175130-Eden.fts [TYPE] LIGHT [OBJ] LSPM_J1055+0808 [RA] 10 55 47.3424 [Dec] +08 08 42.9329 [FIL] GG495 [EXPTIME] 60.0 [Date] 2020-02-17T17:51:30 [Time] 17:51:30
207/383 LSPM_J1055+0808-20200217@175244-Eden.fts [TYPE] LIGHT [OBJ] LSPM_J1055+0808 [RA] 10 55 47.3424 [Dec] +08 08 42.9329 [FIL] GG495 [EXPTIME] 60.0 [Date] 2020-02-17T17:52:44 [Time] 17:52:44
208/383 LSPM_J1055+0808-20200217@175358-Eden.fts [TYPE] LIGHT [OBJ] LSPM_J1055+0808 [RA] 10 55 47.3424 [Dec] +08 08 42.9329 [FIL] GG495 [EXPTIME] 60.0 [Date] 2020-02-17T17:53:58 [Time] 17:53:58
209/383 LSPM_J1055+0808-20200217@175511-Eden.fts [TYPE] LIGHT [OBJ] LSPM_J1055+0808 [RA] 10 55 47.3424 [Dec] +08 08 42.9329 [FIL] GG495 [EXPTIME] 60.0 [Date] 2020-02-17T17:55:12 [Time] 17:55:12
210/383 LSPM_J1055+0808-20200217@175626-Eden.fts [TYPE] LIGHT [OBJ] LSPM_J1055+0808 [RA] 10 55 47.3424 [Dec] +08 08 42.9329 [FIL] GG495 [EXPTIME] 60.0 [Date] 2020-02-17T17:56:26 [Time] 17:56:26
211/383 LSPM_J1055+0808-20200217@175740-Eden.fts [TYPE] LIGHT [OBJ] LSPM_J1055+0808 [RA] 10 55 47.3424 [Dec] +08 08 42.9329 [FIL] GG495 [EXPTIME] 60.0 [Date] 2020-02-17T17:57:42 [Time] 17:57:42
212/383 LSPM_J1055+0808-20200217@175855-Eden.fts [TYPE] LIGHT [OBJ] LSPM_J1055+0808 [RA] 10 55 47.3424 [Dec] +08 08 42.9329 [FIL] GG495 [EXPTIME] 60.0 [Date] 2020-02-17T17:58:55 [Time] 17:58:55
213/383 LSPM_J1055+0808-20200217@180010-Eden.fts [TYPE] LIGHT [OBJ] LSPM_J1055+0808 [RA] 10 55 47.3424 [Dec] +08 08 42.9329 [FIL] GG495 [EXPTIME] 60.0 [Date] 2020-02-17T18:00:10 [Time] 18:00:10
214/383 LSPM_J1055+0808-20200217@180124-Eden.fts [TYPE] LIGHT [OBJ] LSPM_J1055+0808 [RA] 10 55 47.3424 [Dec] +08 08 42.9329 [FIL] GG495 [EXPTIME] 60.0 [Date] 2020-02-17T18:01:25 [Time] 18:01:25
215/383 LSPM_J1055+0808-20200217@180239-Eden.fts [TYPE] LIGHT [OBJ] LSPM_J1055+0808 [RA] 10 55 47.3424 [Dec] +08 08 42.9329 [FIL] GG495 [EXPTIME] 60.0 [Date] 2020-02-17T18:02:39 [Time] 18:02:39
216/383 LSPM_J1055+0808-20200217@180352-Eden.fts [TYPE] LIGHT [OBJ] LSPM_J1055+0808 [RA] 10 55 47.3424 [Dec] +08 08 42.9329 [FIL] GG495 [EXPTIME] 60.0 [Date] 2020-02-17T18:03:53 [Time] 18:03:53
217/383 LSPM_J1055+0808-20200217@180507-Eden.fts [TYPE] LIGHT [OBJ] LSPM_J1055+0808 [RA] 10 55 47.3424 [Dec] +08 08 42.9329 [FIL] GG495 [EXPTIME] 60.0 [Date] 2020-02-17T18:05:07 [Time] 18:05:07
218/383 LSPM_J1055+0808-20200217@180621-Eden.fts [TYPE] LIGHT [OBJ] LSPM_J1055+0808 [RA] 10 55 47.3424 [Dec] +08 08 42.9329 [FIL] GG495 [EXPTIME] 60.0 [Date] 2020-02-17T18:06:21 [Time] 18:06:21
219/383 LSPM_J1055+0808-20200217@180736-Eden.fts [TYPE] LIGHT [OBJ] LSPM_J1055+0808 [RA] 10 55 47.3424 [Dec] +08 08 42.9329 [FIL] GG495 [EXPTIME] 60.0 [Date] 2020-02-17T18:07:36 [Time] 18:07:36
220/383 LSPM_J1055+0808-20200217@180851-Eden.fts [TYPE] LIGHT [OBJ] LSPM_J1055+0808 [RA] 10 55 47.3424 [Dec] +08 08 42.9329 [FIL] GG495 [EXPTIME] 60.0 [Date] 2020-02-17T18:08:51 [Time] 18:08:51
221/383 LSPM_J1055+0808-20200217@181005-Eden.fts [TYPE] LIGHT [OBJ] LSPM_J1055+0808 [RA] 10 55 47.3424 [Dec] +08 08 42.9329 [FIL] GG495 [EXPTIME] 60.0 [Date] 2020-02-17T18:10:05 [Time] 18:10:05
222/383 LSPM_J1055+0808-20200217@181120-Eden.fts [TYPE] LIGHT [OBJ] LSPM_J1055+0808 [RA] 10 55 47.3424 [Dec] +08 08 42.9329 [FIL] GG495 [EXPTIME] 60.0 [Date] 2020-02-17T18:11:21 [Time] 18:11:21
223/383 LSPM_J1055+0808-20200217@181235-Eden.fts [TYPE] LIGHT [OBJ] LSPM_J1055+0808 [RA] 10 55 47.3424 [Dec] +08 08 42.9329 [FIL] GG495 [EXPTIME] 60.0 [Date] 2020-02-17T18:12:35 [Time] 18:12:35
224/383 LSPM_J1055+0808-20200217@181350-Eden.fts [TYPE] LIGHT [OBJ] LSPM_J1055+0808 [RA] 10 55 47.3424 [Dec] +08 08 42.9329 [FIL] GG495 [EXPTIME] 60.0 [Date] 2020-02-17T18:13:51 [Time] 18:13:51
225/383 LSPM_J1055+0808-20200217@181505-Eden.fts [TYPE] LIGHT [OBJ] LSPM_J1055+0808 [RA] 10 55 47.3424 [Dec] +08 08 42.9329 [FIL] GG495 [EXPTIME] 60.0 [Date] 2020-02-17T18:15:06 [Time] 18:15:06
226/383 LSPM_J1055+0808-20200217@181620-Eden.fts [TYPE] LIGHT [OBJ] LSPM_J1055+0808 [RA] 10 55 47.3424 [Dec] +08 08 42.9329 [FIL] GG495 [EXPTIME] 60.0 [Date] 2020-02-17T18:16:21 [Time] 18:16:21
227/383 LSPM_J1055+0808-20200217@181735-Eden.fts [TYPE] LIGHT [OBJ] LSPM_J1055+0808 [RA] 10 55 47.3424 [Dec] +08 08 42.9329 [FIL] GG495 [EXPTIME] 60.0 [Date] 2020-02-17T18:17:36 [Time] 18:17:36
228/383 LSPM_J1055+0808-20200217@181849-Eden.fts [TYPE] LIGHT [OBJ] LSPM_J1055+0808 [RA] 10 55 47.3424 [Dec] +08 08 42.9329 [FIL] GG495 [EXPTIME] 60.0 [Date] 2020-02-17T18:18:50 [Time] 18:18:50
229/383 LSPM_J1055+0808-20200217@182004-Eden.fts [TYPE] LIGHT [OBJ] LSPM_J1055+0808 [RA] 10 55 47.3424 [Dec] +08 08 42.9329 [FIL] GG495 [EXPTIME] 60.0 [Date] 2020-02-17T18:20:05 [Time] 18:20:05
230/383 LSPM_J1055+0808-20200217@182118-Eden.fts [TYPE] LIGHT [OBJ] LSPM_J1055+0808 [RA] 10 55 47.3424 [Dec] +08 08 42.9329 [FIL] GG495 [EXPTIME] 60.0 [Date] 2020-02-17T18:21:19 [Time] 18:21:19
231/383 LSPM_J1055+0808-20200217@182233-Eden.fts [TYPE] LIGHT [OBJ] LSPM_J1055+0808 [RA] 10 55 47.3424 [Dec] +08 08 42.9329 [FIL] GG495 [EXPTIME] 60.0 [Date] 2020-02-17T18:22:33 [Time] 18:22:33
232/383 LSPM_J1055+0808-20200217@182348-Eden.fts [TYPE] LIGHT [OBJ] LSPM_J1055+0808 [RA] 10 55 47.3424 [Dec] +08 08 42.9329 [FIL] GG495 [EXPTIME] 60.0 [Date] 2020-02-17T18:23:48 [Time] 18:23:48
233/383 LSPM_J1055+0808-20200217@182503-Eden.fts [TYPE] LIGHT [OBJ] LSPM_J1055+0808 [RA] 10 55 47.3424 [Dec] +08 08 42.9329 [FIL] GG495 [EXPTIME] 60.0 [Date] 2020-02-17T18:25:03 [Time] 18:25:03
234/383 LSPM_J1055+0808-20200217@182618-Eden.fts [TYPE] LIGHT [OBJ] LSPM_J1055+0808 [RA] 10 55 47.3424 [Dec] +08 08 42.9329 [FIL] GG495 [EXPTIME] 60.0 [Date] 2020-02-17T18:26:18 [Time] 18:26:18
235/383 LSPM_J1055+0808-20200217@182733-Eden.fts [TYPE] LIGHT [OBJ] LSPM_J1055+0808 [RA] 10 55 47.3424 [Dec] +08 08 42.9329 [FIL] GG495 [EXPTIME] 60.0 [Date] 2020-02-17T18:27:33 [Time] 18:27:33
236/383 LSPM_J1055+0808-20200217@182848-Eden.fts [TYPE] LIGHT [OBJ] LSPM_J1055+0808 [RA] 10 55 47.3424 [Dec] +08 08 42.9329 [FIL] GG495 [EXPTIME] 60.0 [Date] 2020-02-17T18:28:48 [Time] 18:28:48
237/383 LSPM_J1055+0808-20200217@183004-Eden.fts [TYPE] LIGHT [OBJ] LSPM_J1055+0808 [RA] 10 55 47.3424 [Dec] +08 08 42.9329 [FIL] GG495 [EXPTIME] 60.0 [Date] 2020-02-17T18:30:04 [Time] 18:30:04
238/383 LSPM_J1055+0808-20200217@183118-Eden.fts [TYPE] LIGHT [OBJ] LSPM_J1055+0808 [RA] 10 55 47.3424 [Dec] +08 08 42.9329 [FIL] GG495 [EXPTIME] 60.0 [Date] 2020-02-17T18:31:19 [Time] 18:31:19
239/383 LSPM_J1055+0808-20200217@183234-Eden.fts [TYPE] LIGHT [OBJ] LSPM_J1055+0808 [RA] 10 55 47.3424 [Dec] +08 08 42.9329 [FIL] GG495 [EXPTIME] 60.0 [Date] 2020-02-17T18:32:34 [Time] 18:32:34
240/383 LSPM_J1055+0808-20200217@183348-Eden.fts [TYPE] LIGHT [OBJ] LSPM_J1055+0808 [RA] 10 55 47.3424 [Dec] +08 08 42.9329 [FIL] GG495 [EXPTIME] 60.0 [Date] 2020-02-17T18:33:48 [Time] 18:33:48
241/383 LSPM_J1055+0808-20200217@183502-Eden.fts [TYPE] LIGHT [OBJ] LSPM_J1055+0808 [RA] 10 55 47.3424 [Dec] +08 08 42.9329 [FIL] GG495 [EXPTIME] 60.0 [Date] 2020-02-17T18:35:02 [Time] 18:35:02
242/383 LSPM_J1055+0808-20200217@183616-Eden.fts [TYPE] LIGHT [OBJ] LSPM_J1055+0808 [RA] 10 55 47.3424 [Dec] +08 08 42.9329 [FIL] GG495 [EXPTIME] 60.0 [Date] 2020-02-17T18:36:17 [Time] 18:36:17
243/383 LSPM_J1055+0808-20200217@183730-Eden.fts [TYPE] LIGHT [OBJ] LSPM_J1055+0808 [RA] 10 55 47.3424 [Dec] +08 08 42.9329 [FIL] GG495 [EXPTIME] 60.0 [Date] 2020-02-17T18:37:30 [Time] 18:37:30
244/383 LSPM_J1055+0808-20200217@183844-Eden.fts [TYPE] LIGHT [OBJ] LSPM_J1055+0808 [RA] 10 55 47.3424 [Dec] +08 08 42.9329 [FIL] GG495 [EXPTIME] 60.0 [Date] 2020-02-17T18:38:45 [Time] 18:38:45
245/383 LSPM_J1055+0808-20200217@183959-Eden.fts [TYPE] LIGHT [OBJ] LSPM_J1055+0808 [RA] 10 55 47.3424 [Dec] +08 08 42.9329 [FIL] GG495 [EXPTIME] 60.0 [Date] 2020-02-17T18:40:00 [Time] 18:40:00
246/383 LSPM_J1055+0808-20200217@184114-Eden.fts [TYPE] LIGHT [OBJ] LSPM_J1055+0808 [RA] 10 55 47.3424 [Dec] +08 08 42.9329 [FIL] GG495 [EXPTIME] 60.0 [Date] 2020-02-17T18:41:15 [Time] 18:41:15
247/383 LSPM_J1055+0808-20200217@184230-Eden.fts [TYPE] LIGHT [OBJ] LSPM_J1055+0808 [RA] 10 55 47.3424 [Dec] +08 08 42.9329 [FIL] GG495 [EXPTIME] 60.0 [Date] 2020-02-17T18:42:30 [Time] 18:42:30
248/383 LSPM_J1055+0808-20200217@184345-Eden.fts [TYPE] LIGHT [OBJ] LSPM_J1055+0808 [RA] 10 55 47.3424 [Dec] +08 08 42.9329 [FIL] GG495 [EXPTIME] 60.0 [Date] 2020-02-17T18:43:46 [Time] 18:43:46
249/383 LSPM_J1055+0808-20200217@184500-Eden.fts [TYPE] LIGHT [OBJ] LSPM_J1055+0808 [RA] 10 55 47.3424 [Dec] +08 08 42.9329 [FIL] GG495 [EXPTIME] 60.0 [Date] 2020-02-17T18:45:00 [Time] 18:45:00
250/383 LSPM_J1055+0808-20200217@184614-Eden.fts [TYPE] LIGHT [OBJ] LSPM_J1055+0808 [RA] 10 55 47.3424 [Dec] +08 08 42.9329 [FIL] GG495 [EXPTIME] 60.0 [Date] 2020-02-17T18:46:14 [Time] 18:46:14
251/383 LSPM_J1055+0808-20200217@184728-Eden.fts [TYPE] LIGHT [OBJ] LSPM_J1055+0808 [RA] 10 55 47.3424 [Dec] +08 08 42.9329 [FIL] GG495 [EXPTIME] 60.0 [Date] 2020-02-17T18:47:28 [Time] 18:47:28
252/383 LSPM_J1055+0808-20200217@184841-Eden.fts [TYPE] LIGHT [OBJ] LSPM_J1055+0808 [RA] 10 55 47.3424 [Dec] +08 08 42.9329 [FIL] GG495 [EXPTIME] 60.0 [Date] 2020-02-17T18:48:42 [Time] 18:48:42
253/383 LSPM_J1055+0808-20200217@184955-Eden.fts [TYPE] LIGHT [OBJ] LSPM_J1055+0808 [RA] 10 55 47.3424 [Dec] +08 08 42.9329 [FIL] GG495 [EXPTIME] 60.0 [Date] 2020-02-17T18:49:55 [Time] 18:49:55
254/383 LSPM_J1055+0808-20200217@185108-Eden.fts [TYPE] LIGHT [OBJ] LSPM_J1055+0808 [RA] 10 55 47.3424 [Dec] +08 08 42.9329 [FIL] GG495 [EXPTIME] 60.0 [Date] 2020-02-17T18:51:09 [Time] 18:51:09
255/383 LSPM_J1055+0808-20200217@185224-Eden.fts [TYPE] LIGHT [OBJ] LSPM_J1055+0808 [RA] 10 55 47.3424 [Dec] +08 08 42.9329 [FIL] GG495 [EXPTIME] 60.0 [Date] 2020-02-17T18:52:24 [Time] 18:52:24
256/383 LSPM_J1055+0808-20200217@185339-Eden.fts [TYPE] LIGHT [OBJ] LSPM_J1055+0808 [RA] 10 55 47.3424 [Dec] +08 08 42.9329 [FIL] GG495 [EXPTIME] 60.0 [Date] 2020-02-17T18:53:39 [Time] 18:53:39
257/383 LSPM_J1055+0808-20200217@185453-Eden.fts [TYPE] LIGHT [OBJ] LSPM_J1055+0808 [RA] 10 55 47.3424 [Dec] +08 08 42.9329 [FIL] GG495 [EXPTIME] 60.0 [Date] 2020-02-17T18:54:53 [Time] 18:54:53
258/383 LSPM_J1055+0808-20200217@185607-Eden.fts [TYPE] LIGHT [OBJ] LSPM_J1055+0808 [RA] 10 55 47.3424 [Dec] +08 08 42.9329 [FIL] GG495 [EXPTIME] 60.0 [Date] 2020-02-17T18:56:07 [Time] 18:56:07
259/383 LSPM_J1055+0808-20200217@185722-Eden.fts [TYPE] LIGHT [OBJ] LSPM_J1055+0808 [RA] 10 55 47.3424 [Dec] +08 08 42.9329 [FIL] GG495 [EXPTIME] 60.0 [Date] 2020-02-17T18:57:22 [Time] 18:57:22
260/383 LSPM_J1055+0808-20200217@185836-Eden.fts [TYPE] LIGHT [OBJ] LSPM_J1055+0808 [RA] 10 55 47.3424 [Dec] +08 08 42.9329 [FIL] GG495 [EXPTIME] 60.0 [Date] 2020-02-17T18:58:37 [Time] 18:58:37
261/383 LSPM_J1055+0808-20200217@185950-Eden.fts [TYPE] LIGHT [OBJ] LSPM_J1055+0808 [RA] 10 55 47.3424 [Dec] +08 08 42.9329 [FIL] GG495 [EXPTIME] 60.0 [Date] 2020-02-17T18:59:51 [Time] 18:59:51
262/383 LSPM_J1055+0808-20200217@190105-Eden.fts [TYPE] LIGHT [OBJ] LSPM_J1055+0808 [RA] 10 55 47.3424 [Dec] +08 08 42.9329 [FIL] GG495 [EXPTIME] 60.0 [Date] 2020-02-17T19:01:05 [Time] 19:01:05
263/383 LSPM_J1055+0808-20200217@190220-Eden.fts [TYPE] LIGHT [OBJ] LSPM_J1055+0808 [RA] 10 55 47.3424 [Dec] +08 08 42.9329 [FIL] GG495 [EXPTIME] 60.0 [Date] 2020-02-17T19:02:20 [Time] 19:02:20
264/383 LSPM_J1055+0808-20200217@190334-Eden.fts [TYPE] LIGHT [OBJ] LSPM_J1055+0808 [RA] 10 55 47.3424 [Dec] +08 08 42.9329 [FIL] GG495 [EXPTIME] 60.0 [Date] 2020-02-17T19:03:34 [Time] 19:03:34
265/383 LSPM_J1055+0808-20200217@190448-Eden.fts [TYPE] LIGHT [OBJ] LSPM_J1055+0808 [RA] 10 55 47.3424 [Dec] +08 08 42.9329 [FIL] GG495 [EXPTIME] 60.0 [Date] 2020-02-17T19:04:48 [Time] 19:04:48
266/383 LSPM_J1055+0808-20200217@190602-Eden.fts [TYPE] LIGHT [OBJ] LSPM_J1055+0808 [RA] 10 55 47.3424 [Dec] +08 08 42.9329 [FIL] GG495 [EXPTIME] 60.0 [Date] 2020-02-17T19:06:02 [Time] 19:06:02
267/383 LSPM_J1055+0808-20200217@190718-Eden.fts [TYPE] LIGHT [OBJ] LSPM_J1055+0808 [RA] 10 55 47.3424 [Dec] +08 08 42.9329 [FIL] GG495 [EXPTIME] 60.0 [Date] 2020-02-17T19:07:18 [Time] 19:07:18
268/383 LSPM_J1055+0808-20200217@190832-Eden.fts [TYPE] LIGHT [OBJ] LSPM_J1055+0808 [RA] 10 55 47.3424 [Dec] +08 08 42.9329 [FIL] GG495 [EXPTIME] 60.0 [Date] 2020-02-17T19:08:33 [Time] 19:08:33
269/383 LSPM_J1055+0808-20200217@190947-Eden.fts [TYPE] LIGHT [OBJ] LSPM_J1055+0808 [RA] 10 55 47.3424 [Dec] +08 08 42.9329 [FIL] GG495 [EXPTIME] 60.0 [Date] 2020-02-17T19:09:47 [Time] 19:09:47
270/383 LSPM_J1055+0808-20200217@191102-Eden.fts [TYPE] LIGHT [OBJ] LSPM_J1055+0808 [RA] 10 55 47.3424 [Dec] +08 08 42.9329 [FIL] GG495 [EXPTIME] 60.0 [Date] 2020-02-17T19:11:02 [Time] 19:11:02
271/383 LSPM_J1055+0808-20200217@191216-Eden.fts [TYPE] LIGHT [OBJ] LSPM_J1055+0808 [RA] 10 55 47.3424 [Dec] +08 08 42.9329 [FIL] GG495 [EXPTIME] 60.0 [Date] 2020-02-17T19:12:16 [Time] 19:12:16
272/383 LSPM_J1055+0808-20200217@191331-Eden.fts [TYPE] LIGHT [OBJ] LSPM_J1055+0808 [RA] 10 55 47.3424 [Dec] +08 08 42.9329 [FIL] GG495 [EXPTIME] 60.0 [Date] 2020-02-17T19:13:31 [Time] 19:13:31
273/383 LSPM_J1055+0808-20200217@191445-Eden.fts [TYPE] LIGHT [OBJ] LSPM_J1055+0808 [RA] 10 55 47.3424 [Dec] +08 08 42.9329 [FIL] GG495 [EXPTIME] 60.0 [Date] 2020-02-17T19:14:46 [Time] 19:14:46
274/383 LSPM_J1055+0808-20200217@191600-Eden.fts [TYPE] LIGHT [OBJ] LSPM_J1055+0808 [RA] 10 55 47.3424 [Dec] +08 08 42.9329 [FIL] GG495 [EXPTIME] 60.0 [Date] 2020-02-17T19:16:00 [Time] 19:16:00
275/383 LSPM_J1055+0808-20200217@191716-Eden.fts [TYPE] LIGHT [OBJ] LSPM_J1055+0808 [RA] 10 55 47.3424 [Dec] +08 08 42.9329 [FIL] GG495 [EXPTIME] 60.0 [Date] 2020-02-17T19:17:16 [Time] 19:17:16
276/383 LSPM_J1055+0808-20200217@191831-Eden.fts [TYPE] LIGHT [OBJ] LSPM_J1055+0808 [RA] 10 55 47.3424 [Dec] +08 08 42.9329 [FIL] GG495 [EXPTIME] 60.0 [Date] 2020-02-17T19:18:31 [Time] 19:18:31
277/383 LSPM_J1055+0808-20200217@191946-Eden.fts [TYPE] LIGHT [OBJ] LSPM_J1055+0808 [RA] 10 55 47.3424 [Dec] +08 08 42.9329 [FIL] GG495 [EXPTIME] 60.0 [Date] 2020-02-17T19:19:46 [Time] 19:19:46
278/383 LSPM_J1055+0808-20200217@192102-Eden.fts [TYPE] LIGHT [OBJ] LSPM_J1055+0808 [RA] 10 55 47.3424 [Dec] +08 08 42.9329 [FIL] GG495 [EXPTIME] 60.0 [Date] 2020-02-17T19:21:02 [Time] 19:21:02
279/383 LSPM_J1055+0808-20200217@192216-Eden.fts [TYPE] LIGHT [OBJ] LSPM_J1055+0808 [RA] 10 55 47.3424 [Dec] +08 08 42.9329 [FIL] GG495 [EXPTIME] 60.0 [Date] 2020-02-17T19:22:17 [Time] 19:22:17
280/383 LSPM_J1055+0808-20200217@192332-Eden.fts [TYPE] LIGHT [OBJ] LSPM_J1055+0808 [RA] 10 55 47.3424 [Dec] +08 08 42.9329 [FIL] GG495 [EXPTIME] 60.0 [Date] 2020-02-17T19:23:32 [Time] 19:23:32
281/383 LSPM_J1055+0808-20200217@192445-Eden.fts [TYPE] LIGHT [OBJ] LSPM_J1055+0808 [RA] 10 55 47.3424 [Dec] +08 08 42.9329 [FIL] GG495 [EXPTIME] 60.0 [Date] 2020-02-17T19:24:46 [Time] 19:24:46
282/383 LSPM_J1055+0808-20200217@192601-Eden.fts [TYPE] LIGHT [OBJ] LSPM_J1055+0808 [RA] 10 55 47.3424 [Dec] +08 08 42.9329 [FIL] GG495 [EXPTIME] 60.0 [Date] 2020-02-17T19:26:02 [Time] 19:26:02
283/383 LSPM_J1055+0808-20200217@192716-Eden.fts [TYPE] LIGHT [OBJ] LSPM_J1055+0808 [RA] 10 55 47.3424 [Dec] +08 08 42.9329 [FIL] GG495 [EXPTIME] 60.0 [Date] 2020-02-17T19:27:16 [Time] 19:27:16
284/383 LSPM_J1055+0808-20200217@192831-Eden.fts [TYPE] LIGHT [OBJ] LSPM_J1055+0808 [RA] 10 55 47.3424 [Dec] +08 08 42.9329 [FIL] GG495 [EXPTIME] 60.0 [Date] 2020-02-17T19:28:32 [Time] 19:28:32
285/383 LSPM_J1055+0808-20200217@192946-Eden.fts [TYPE] LIGHT [OBJ] LSPM_J1055+0808 [RA] 10 55 47.3424 [Dec] +08 08 42.9329 [FIL] GG495 [EXPTIME] 60.0 [Date] 2020-02-17T19:29:46 [Time] 19:29:46
286/383 LSPM_J1055+0808-20200217@193101-Eden.fts [TYPE] LIGHT [OBJ] LSPM_J1055+0808 [RA] 10 55 47.3424 [Dec] +08 08 42.9329 [FIL] GG495 [EXPTIME] 60.0 [Date] 2020-02-17T19:31:01 [Time] 19:31:01
287/383 LSPM_J1055+0808-20200217@193215-Eden.fts [TYPE] LIGHT [OBJ] LSPM_J1055+0808 [RA] 10 55 47.3424 [Dec] +08 08 42.9329 [FIL] GG495 [EXPTIME] 60.0 [Date] 2020-02-17T19:32:15 [Time] 19:32:15
288/383 LSPM_J1055+0808-20200217@193330-Eden.fts [TYPE] LIGHT [OBJ] LSPM_J1055+0808 [RA] 10 55 47.3424 [Dec] +08 08 42.9329 [FIL] GG495 [EXPTIME] 60.0 [Date] 2020-02-17T19:33:30 [Time] 19:33:30
289/383 LSPM_J1055+0808-20200217@193445-Eden.fts [TYPE] LIGHT [OBJ] LSPM_J1055+0808 [RA] 10 55 47.3424 [Dec] +08 08 42.9329 [FIL] GG495 [EXPTIME] 60.0 [Date] 2020-02-17T19:34:46 [Time] 19:34:46
290/383 LSPM_J1055+0808-20200217@193600-Eden.fts [TYPE] LIGHT [OBJ] LSPM_J1055+0808 [RA] 10 55 47.3424 [Dec] +08 08 42.9329 [FIL] GG495 [EXPTIME] 60.0 [Date] 2020-02-17T19:36:00 [Time] 19:36:00
291/383 LSPM_J1055+0808-20200217@193715-Eden.fts [TYPE] LIGHT [OBJ] LSPM_J1055+0808 [RA] 10 55 47.3424 [Dec] +08 08 42.9329 [FIL] GG495 [EXPTIME] 60.0 [Date] 2020-02-17T19:37:15 [Time] 19:37:15
292/383 LSPM_J1055+0808-20200217@193830-Eden.fts [TYPE] LIGHT [OBJ] LSPM_J1055+0808 [RA] 10 55 47.3424 [Dec] +08 08 42.9329 [FIL] GG495 [EXPTIME] 60.0 [Date] 2020-02-17T19:38:31 [Time] 19:38:31
293/383 LSPM_J1055+0808-20200217@193945-Eden.fts [TYPE] LIGHT [OBJ] LSPM_J1055+0808 [RA] 10 55 47.3424 [Dec] +08 08 42.9329 [FIL] GG495 [EXPTIME] 60.0 [Date] 2020-02-17T19:39:45 [Time] 19:39:45
294/383 LSPM_J1055+0808-20200217@194059-Eden.fts [TYPE] LIGHT [OBJ] LSPM_J1055+0808 [RA] 10 55 47.3424 [Dec] +08 08 42.9329 [FIL] GG495 [EXPTIME] 60.0 [Date] 2020-02-17T19:41:00 [Time] 19:41:00
295/383 LSPM_J1055+0808-20200217@194213-Eden.fts [TYPE] LIGHT [OBJ] LSPM_J1055+0808 [RA] 10 55 47.3424 [Dec] +08 08 42.9329 [FIL] GG495 [EXPTIME] 60.0 [Date] 2020-02-17T19:42:13 [Time] 19:42:13
296/383 LSPM_J1055+0808-20200217@194328-Eden.fts [TYPE] LIGHT [OBJ] LSPM_J1055+0808 [RA] 10 55 47.3424 [Dec] +08 08 42.9329 [FIL] GG495 [EXPTIME] 60.0 [Date] 2020-02-17T19:43:28 [Time] 19:43:28
297/383 LSPM_J1055+0808-20200217@194443-Eden.fts [TYPE] LIGHT [OBJ] LSPM_J1055+0808 [RA] 10 55 47.3424 [Dec] +08 08 42.9329 [FIL] GG495 [EXPTIME] 60.0 [Date] 2020-02-17T19:44:43 [Time] 19:44:43
298/383 LSPM_J1055+0808-20200217@194558-Eden.fts [TYPE] LIGHT [OBJ] LSPM_J1055+0808 [RA] 10 55 47.3424 [Dec] +08 08 42.9329 [FIL] GG495 [EXPTIME] 60.0 [Date] 2020-02-17T19:45:58 [Time] 19:45:58
299/383 LSPM_J1055+0808-20200217@194712-Eden.fts [TYPE] LIGHT [OBJ] LSPM_J1055+0808 [RA] 10 55 47.3424 [Dec] +08 08 42.9329 [FIL] GG495 [EXPTIME] 60.0 [Date] 2020-02-17T19:47:12 [Time] 19:47:12
300/383 LSPM_J1055+0808-20200217@194826-Eden.fts [TYPE] LIGHT [OBJ] LSPM_J1055+0808 [RA] 10 55 47.3424 [Dec] +08 08 42.9329 [FIL] GG495 [EXPTIME] 60.0 [Date] 2020-02-17T19:48:26 [Time] 19:48:26
301/383 LSPM_J1055+0808-20200217@194941-Eden.fts [TYPE] LIGHT [OBJ] LSPM_J1055+0808 [RA] 10 55 47.3424 [Dec] +08 08 42.9329 [FIL] GG495 [EXPTIME] 60.0 [Date] 2020-02-17T19:49:41 [Time] 19:49:41
302/383 LSPM_J1055+0808-20200217@195056-Eden.fts [TYPE] LIGHT [OBJ] LSPM_J1055+0808 [RA] 10 55 47.3424 [Dec] +08 08 42.9329 [FIL] GG495 [EXPTIME] 60.0 [Date] 2020-02-17T19:50:57 [Time] 19:50:57
303/383 LSPM_J1055+0808-20200217@195212-Eden.fts [TYPE] LIGHT [OBJ] LSPM_J1055+0808 [RA] 10 55 47.3424 [Dec] +08 08 42.9329 [FIL] GG495 [EXPTIME] 60.0 [Date] 2020-02-17T19:52:12 [Time] 19:52:12
304/383 LSPM_J1055+0808-20200217@195326-Eden.fts [TYPE] LIGHT [OBJ] LSPM_J1055+0808 [RA] 10 55 47.3424 [Dec] +08 08 42.9329 [FIL] GG495 [EXPTIME] 60.0 [Date] 2020-02-17T19:53:27 [Time] 19:53:27
305/383 LSPM_J1055+0808-20200217@195441-Eden.fts [TYPE] LIGHT [OBJ] LSPM_J1055+0808 [RA] 10 55 47.3424 [Dec] +08 08 42.9329 [FIL] GG495 [EXPTIME] 60.0 [Date] 2020-02-17T19:54:41 [Time] 19:54:41
306/383 LSPM_J1055+0808-20200217@195555-Eden.fts [TYPE] LIGHT [OBJ] LSPM_J1055+0808 [RA] 10 55 47.3424 [Dec] +08 08 42.9329 [FIL] GG495 [EXPTIME] 60.0 [Date] 2020-02-17T19:55:55 [Time] 19:55:55
307/383 LSPM_J1055+0808-20200217@195711-Eden.fts [TYPE] LIGHT [OBJ] LSPM_J1055+0808 [RA] 10 55 47.3424 [Dec] +08 08 42.9329 [FIL] GG495 [EXPTIME] 60.0 [Date] 2020-02-17T19:57:11 [Time] 19:57:11
308/383 LSPM_J1055+0808-20200217@195826-Eden.fts [TYPE] LIGHT [OBJ] LSPM_J1055+0808 [RA] 10 55 47.3424 [Dec] +08 08 42.9329 [FIL] GG495 [EXPTIME] 60.0 [Date] 2020-02-17T19:58:27 [Time] 19:58:27
309/383 LSPM_J1055+0808-20200217@195941-Eden.fts [TYPE] LIGHT [OBJ] LSPM_J1055+0808 [RA] 10 55 47.3424 [Dec] +08 08 42.9329 [FIL] GG495 [EXPTIME] 60.0 [Date] 2020-02-17T19:59:42 [Time] 19:59:42
310/383 LSPM_J1055+0808-20200217@200056-Eden.fts [TYPE] LIGHT [OBJ] LSPM_J1055+0808 [RA] 10 55 47.3424 [Dec] +08 08 42.9329 [FIL] GG495 [EXPTIME] 60.0 [Date] 2020-02-17T20:00:56 [Time] 20:00:56
311/383 LSPM_J1055+0808-20200217@200211-Eden.fts [TYPE] LIGHT [OBJ] LSPM_J1055+0808 [RA] 10 55 47.3424 [Dec] +08 08 42.9329 [FIL] GG495 [EXPTIME] 60.0 [Date] 2020-02-17T20:02:11 [Time] 20:02:11
312/383 LSPM_J1055+0808-20200217@200325-Eden.fts [TYPE] LIGHT [OBJ] LSPM_J1055+0808 [RA] 10 55 47.3424 [Dec] +08 08 42.9329 [FIL] GG495 [EXPTIME] 60.0 [Date] 2020-02-17T20:03:25 [Time] 20:03:25
313/383 LSPM_J1055+0808-20200217@200440-Eden.fts [TYPE] LIGHT [OBJ] LSPM_J1055+0808 [RA] 10 55 47.3424 [Dec] +08 08 42.9329 [FIL] GG495 [EXPTIME] 60.0 [Date] 2020-02-17T20:04:40 [Time] 20:04:40
314/383 LSPM_J1055+0808-20200217@200554-Eden.fts [TYPE] LIGHT [OBJ] LSPM_J1055+0808 [RA] 10 55 47.3424 [Dec] +08 08 42.9329 [FIL] GG495 [EXPTIME] 60.0 [Date] 2020-02-17T20:05:54 [Time] 20:05:54
315/383 LSPM_J1055+0808-20200217@200709-Eden.fts [TYPE] LIGHT [OBJ] LSPM_J1055+0808 [RA] 10 55 47.3424 [Dec] +08 08 42.9329 [FIL] GG495 [EXPTIME] 60.0 [Date] 2020-02-17T20:07:10 [Time] 20:07:10
316/383 LSPM_J1055+0808-20200217@200825-Eden.fts [TYPE] LIGHT [OBJ] LSPM_J1055+0808 [RA] 10 55 47.3424 [Dec] +08 08 42.9329 [FIL] GG495 [EXPTIME] 60.0 [Date] 2020-02-17T20:08:25 [Time] 20:08:25
317/383 LSPM_J1055+0808-20200217@200939-Eden.fts [TYPE] LIGHT [OBJ] LSPM_J1055+0808 [RA] 10 55 47.3424 [Dec] +08 08 42.9329 [FIL] GG495 [EXPTIME] 60.0 [Date] 2020-02-17T20:09:40 [Time] 20:09:40
318/383 LSPM_J1055+0808-20200217@201054-Eden.fts [TYPE] LIGHT [OBJ] LSPM_J1055+0808 [RA] 10 55 47.3424 [Dec] +08 08 42.9329 [FIL] GG495 [EXPTIME] 60.0 [Date] 2020-02-17T20:10:54 [Time] 20:10:54
319/383 LSPM_J1055+0808-20200217@201207-Eden.fts [TYPE] LIGHT [OBJ] LSPM_J1055+0808 [RA] 10 55 47.3424 [Dec] +08 08 42.9329 [FIL] GG495 [EXPTIME] 60.0 [Date] 2020-02-17T20:12:08 [Time] 20:12:08
320/383 LSPM_J1055+0808-20200217@201323-Eden.fts [TYPE] LIGHT [OBJ] LSPM_J1055+0808 [RA] 10 55 47.3424 [Dec] +08 08 42.9329 [FIL] GG495 [EXPTIME] 60.0 [Date] 2020-02-17T20:13:23 [Time] 20:13:23
321/383 LSPM_J1055+0808-20200217@201438-Eden.fts [TYPE] LIGHT [OBJ] LSPM_J1055+0808 [RA] 10 55 47.3424 [Dec] +08 08 42.9329 [FIL] GG495 [EXPTIME] 60.0 [Date] 2020-02-17T20:14:38 [Time] 20:14:38
322/383 LSPM_J1055+0808-20200217@201553-Eden.fts [TYPE] LIGHT [OBJ] LSPM_J1055+0808 [RA] 10 55 47.3424 [Dec] +08 08 42.9329 [FIL] GG495 [EXPTIME] 60.0 [Date] 2020-02-17T20:15:53 [Time] 20:15:53
323/383 LSPM_J1055+0808-20200217@201707-Eden.fts [TYPE] LIGHT [OBJ] LSPM_J1055+0808 [RA] 10 55 47.3424 [Dec] +08 08 42.9329 [FIL] GG495 [EXPTIME] 60.0 [Date] 2020-02-17T20:17:07 [Time] 20:17:07
324/383 LSPM_J1055+0808-20200217@201821-Eden.fts [TYPE] LIGHT [OBJ] LSPM_J1055+0808 [RA] 10 55 47.3424 [Dec] +08 08 42.9329 [FIL] GG495 [EXPTIME] 60.0 [Date] 2020-02-17T20:18:21 [Time] 20:18:21
325/383 LSPM_J1055+0808-20200217@201935-Eden.fts [TYPE] LIGHT [OBJ] LSPM_J1055+0808 [RA] 10 55 47.3424 [Dec] +08 08 42.9329 [FIL] GG495 [EXPTIME] 60.0 [Date] 2020-02-17T20:19:35 [Time] 20:19:35
326/383 LSPM_J1055+0808-20200217@202050-Eden.fts [TYPE] LIGHT [OBJ] LSPM_J1055+0808 [RA] 10 55 47.3424 [Dec] +08 08 42.9329 [FIL] GG495 [EXPTIME] 60.0 [Date] 2020-02-17T20:20:50 [Time] 20:20:50
327/383 LSPM_J1055+0808-20200217@202205-Eden.fts [TYPE] LIGHT [OBJ] LSPM_J1055+0808 [RA] 10 55 47.3424 [Dec] +08 08 42.9329 [FIL] GG495 [EXPTIME] 60.0 [Date] 2020-02-17T20:22:05 [Time] 20:22:05
328/383 LSPM_J1055+0808-20200217@202320-Eden.fts [TYPE] LIGHT [OBJ] LSPM_J1055+0808 [RA] 10 55 47.3424 [Dec] +08 08 42.9329 [FIL] GG495 [EXPTIME] 60.0 [Date] 2020-02-17T20:23:20 [Time] 20:23:20
329/383 LSPM_J1055+0808-20200217@202435-Eden.fts [TYPE] LIGHT [OBJ] LSPM_J1055+0808 [RA] 10 55 47.3424 [Dec] +08 08 42.9329 [FIL] GG495 [EXPTIME] 60.0 [Date] 2020-02-17T20:24:35 [Time] 20:24:35
330/383 LSPM_J1055+0808-20200217@202550-Eden.fts [TYPE] LIGHT [OBJ] LSPM_J1055+0808 [RA] 10 55 47.3424 [Dec] +08 08 42.9329 [FIL] GG495 [EXPTIME] 60.0 [Date] 2020-02-17T20:25:50 [Time] 20:25:50
331/383 LSPM_J1055+0808-20200217@202703-Eden.fts [TYPE] LIGHT [OBJ] LSPM_J1055+0808 [RA] 10 55 47.3424 [Dec] +08 08 42.9329 [FIL] GG495 [EXPTIME] 60.0 [Date] 2020-02-17T20:27:04 [Time] 20:27:04
332/383 LSPM_J1055+0808-20200217@202819-Eden.fts [TYPE] LIGHT [OBJ] LSPM_J1055+0808 [RA] 10 55 47.3424 [Dec] +08 08 42.9329 [FIL] GG495 [EXPTIME] 60.0 [Date] 2020-02-17T20:28:19 [Time] 20:28:19
333/383 LSPM_J1055+0808-20200217@202934-Eden.fts [TYPE] LIGHT [OBJ] LSPM_J1055+0808 [RA] 10 55 47.3424 [Dec] +08 08 42.9329 [FIL] GG495 [EXPTIME] 60.0 [Date] 2020-02-17T20:29:34 [Time] 20:29:34
334/383 LSPM_J1055+0808-20200217@203048-Eden.fts [TYPE] LIGHT [OBJ] LSPM_J1055+0808 [RA] 10 55 47.3424 [Dec] +08 08 42.9329 [FIL] GG495 [EXPTIME] 60.0 [Date] 2020-02-17T20:30:48 [Time] 20:30:48
335/383 LSPM_J1055+0808-20200217@203209-Eden.fts [TYPE] LIGHT [OBJ] LSPM_J1055+0808 [RA] 10 55 47.3424 [Dec] +08 08 42.9329 [FIL] GG495 [EXPTIME] 60.0 [Date] 2020-02-17T20:32:09 [Time] 20:32:09
336/383 LSPM_J1055+0808-20200217@203323-Eden.fts [TYPE] LIGHT [OBJ] LSPM_J1055+0808 [RA] 10 55 47.3424 [Dec] +08 08 42.9329 [FIL] GG495 [EXPTIME] 60.0 [Date] 2020-02-17T20:33:23 [Time] 20:33:23
337/383 LSPM_J1055+0808-20200217@203437-Eden.fts [TYPE] LIGHT [OBJ] LSPM_J1055+0808 [RA] 10 55 47.3424 [Dec] +08 08 42.9329 [FIL] GG495 [EXPTIME] 60.0 [Date] 2020-02-17T20:34:37 [Time] 20:34:37
338/383 LSPM_J1055+0808-20200217@203552-Eden.fts [TYPE] LIGHT [OBJ] LSPM_J1055+0808 [RA] 10 55 47.3424 [Dec] +08 08 42.9329 [FIL] GG495 [EXPTIME] 60.0 [Date] 2020-02-17T20:35:54 [Time] 20:35:54
339/383 LSPM_J1055+0808-20200217@203707-Eden.fts [TYPE] LIGHT [OBJ] LSPM_J1055+0808 [RA] 10 55 47.3424 [Dec] +08 08 42.9329 [FIL] GG495 [EXPTIME] 60.0 [Date] 2020-02-17T20:37:07 [Time] 20:37:07
340/383 LSPM_J1055+0808-20200217@203821-Eden.fts [TYPE] LIGHT [OBJ] LSPM_J1055+0808 [RA] 10 55 47.3424 [Dec] +08 08 42.9329 [FIL] GG495 [EXPTIME] 60.0 [Date] 2020-02-17T20:38:21 [Time] 20:38:21
341/383 LSPM_J1055+0808-20200217@204023-Eden.fts [TYPE] LIGHT [OBJ] LSPM_J1055+0808 [RA] 10 55 47.3424 [Dec] +08 08 42.9329 [FIL] GG495 [EXPTIME] 60.0 [Date] 2020-02-17T20:40:23 [Time] 20:40:23
342/383 LSPM_J1055+0808-20200217@204137-Eden.fts [TYPE] LIGHT [OBJ] LSPM_J1055+0808 [RA] 10 55 47.3424 [Dec] +08 08 42.9329 [FIL] GG495 [EXPTIME] 60.0 [Date] 2020-02-17T20:41:38 [Time] 20:41:38
343/383 LSPM_J1055+0808-20200217@204337-Eden.fts [TYPE] LIGHT [OBJ] LSPM_J1055+0808 [RA] 10 55 47.3424 [Dec] +08 08 42.9329 [FIL] GG495 [EXPTIME] 60.0 [Date] 2020-02-17T20:43:40 [Time] 20:43:40
344/383 LSPM_J1055+0808-20200217@204453-Eden.fts [TYPE] LIGHT [OBJ] LSPM_J1055+0808 [RA] 10 55 47.3424 [Dec] +08 08 42.9329 [FIL] GG495 [EXPTIME] 60.0 [Date] 2020-02-17T20:44:54 [Time] 20:44:54
345/383 LSPM_J1055+0808-20200217@204609-Eden.fts [TYPE] LIGHT [OBJ] LSPM_J1055+0808 [RA] 10 55 47.3424 [Dec] +08 08 42.9329 [FIL] GG495 [EXPTIME] 60.0 [Date] 2020-02-17T20:46:09 [Time] 20:46:09
346/383 LSPM_J1055+0808-20200217@204805-Eden.fts [TYPE] LIGHT [OBJ] LSPM_J1055+0808 [RA] 10 55 47.3424 [Dec] +08 08 42.9329 [FIL] GG495 [EXPTIME] 60.0 [Date] 2020-02-17T20:48:05 [Time] 20:48:05
347/383 LSPM_J1055+0808-20200217@204921-Eden.fts [TYPE] LIGHT [OBJ] LSPM_J1055+0808 [RA] 10 55 47.3424 [Dec] +08 08 42.9329 [FIL] GG495 [EXPTIME] 60.0 [Date] 2020-02-17T20:49:22 [Time] 20:49:22
348/383 LSPM_J1055+0808-20200217@205040-Eden.fts [TYPE] LIGHT [OBJ] LSPM_J1055+0808 [RA] 10 55 47.3424 [Dec] +08 08 42.9329 [FIL] GG495 [EXPTIME] 60.0 [Date] 2020-02-17T20:50:41 [Time] 20:50:41
349/383 LSPM_J1055+0808-20200217@205155-Eden.fts [TYPE] LIGHT [OBJ] LSPM_J1055+0808 [RA] 10 55 47.3424 [Dec] +08 08 42.9329 [FIL] GG495 [EXPTIME] 60.0 [Date] 2020-02-17T20:51:56 [Time] 20:51:56
350/383 LSPM_J1055+0808-20200217@205310-Eden.fts [TYPE] LIGHT [OBJ] LSPM_J1055+0808 [RA] 10 55 47.3424 [Dec] +08 08 42.9329 [FIL] GG495 [EXPTIME] 60.0 [Date] 2020-02-17T20:53:10 [Time] 20:53:10
351/383 LSPM_J1055+0808-20200217@205424-Eden.fts [TYPE] LIGHT [OBJ] LSPM_J1055+0808 [RA] 10 55 47.3424 [Dec] +08 08 42.9329 [FIL] GG495 [EXPTIME] 60.0 [Date] 2020-02-17T20:54:25 [Time] 20:54:25
352/383 LSPM_J1055+0808-20200217@205547-Eden.fts [TYPE] LIGHT [OBJ] LSPM_J1055+0808 [RA] 10 55 47.3424 [Dec] +08 08 42.9329 [FIL] GG495 [EXPTIME] 60.0 [Date] 2020-02-17T20:55:47 [Time] 20:55:47
353/383 LSPM_J1055+0808-20200217@205706-Eden.fts [TYPE] LIGHT [OBJ] LSPM_J1055+0808 [RA] 10 55 47.3424 [Dec] +08 08 42.9329 [FIL] GG495 [EXPTIME] 60.0 [Date] 2020-02-17T20:57:08 [Time] 20:57:08
354/383 LSPM_J1055+0808-20200217@205824-Eden.fts [TYPE] LIGHT [OBJ] LSPM_J1055+0808 [RA] 10 55 47.3424 [Dec] +08 08 42.9329 [FIL] GG495 [EXPTIME] 60.0 [Date] 2020-02-17T20:58:25 [Time] 20:58:25
355/383 LSPM_J1055+0808-20200217@205940-Eden.fts [TYPE] LIGHT [OBJ] LSPM_J1055+0808 [RA] 10 55 47.3424 [Dec] +08 08 42.9329 [FIL] GG495 [EXPTIME] 60.0 [Date] 2020-02-17T20:59:40 [Time] 20:59:40
356/383 LSPM_J1055+0808-20200217@210055-Eden.fts [TYPE] LIGHT [OBJ] LSPM_J1055+0808 [RA] 10 55 47.3424 [Dec] +08 08 42.9329 [FIL] GG495 [EXPTIME] 60.0 [Date] 2020-02-17T21:00:56 [Time] 21:00:56
357/383 LSPM_J1055+0808-20200217@210210-Eden.fts [TYPE] LIGHT [OBJ] LSPM_J1055+0808 [RA] 10 55 47.3424 [Dec] +08 08 42.9329 [FIL] GG495 [EXPTIME] 60.0 [Date] 2020-02-17T21:02:11 [Time] 21:02:11
358/383 LSPM_J1055+0808-20200217@210325-Eden.fts [TYPE] LIGHT [OBJ] LSPM_J1055+0808 [RA] 10 55 47.3424 [Dec] +08 08 42.9329 [FIL] GG495 [EXPTIME] 60.0 [Date] 2020-02-17T21:03:25 [Time] 21:03:25
359/383 LSPM_J1055+0808-20200217@210439-Eden.fts [TYPE] LIGHT [OBJ] LSPM_J1055+0808 [RA] 10 55 47.3424 [Dec] +08 08 42.9329 [FIL] GG495 [EXPTIME] 60.0 [Date] 2020-02-17T21:04:39 [Time] 21:04:39
360/383 LSPM_J1055+0808-20200217@210554-Eden.fts [TYPE] LIGHT [OBJ] LSPM_J1055+0808 [RA] 10 55 47.3424 [Dec] +08 08 42.9329 [FIL] GG495 [EXPTIME] 60.0 [Date] 2020-02-17T21:05:55 [Time] 21:05:55
361/383 LSPM_J1055+0808-20200217@210708-Eden.fts [TYPE] LIGHT [OBJ] LSPM_J1055+0808 [RA] 10 55 47.3424 [Dec] +08 08 42.9329 [FIL] GG495 [EXPTIME] 60.0 [Date] 2020-02-17T21:07:09 [Time] 21:07:09
362/383 LSPM_J1055+0808-20200217@210823-Eden.fts [TYPE] LIGHT [OBJ] LSPM_J1055+0808 [RA] 10 55 47.3424 [Dec] +08 08 42.9329 [FIL] GG495 [EXPTIME] 60.0 [Date] 2020-02-17T21:08:24 [Time] 21:08:24
363/383 LSPM_J1055+0808-20200217@210937-Eden.fts [TYPE] LIGHT [OBJ] LSPM_J1055+0808 [RA] 10 55 47.3424 [Dec] +08 08 42.9329 [FIL] GG495 [EXPTIME] 60.0 [Date] 2020-02-17T21:09:38 [Time] 21:09:38
364/383 LSPM_J1055+0808-20200217@211052-Eden.fts [TYPE] LIGHT [OBJ] LSPM_J1055+0808 [RA] 10 55 47.3424 [Dec] +08 08 42.9329 [FIL] GG495 [EXPTIME] 60.0 [Date] 2020-02-17T21:10:52 [Time] 21:10:52
365/383 LSPM_J1055+0808-20200217@211206-Eden.fts [TYPE] LIGHT [OBJ] LSPM_J1055+0808 [RA] 10 55 47.3424 [Dec] +08 08 42.9329 [FIL] GG495 [EXPTIME] 60.0 [Date] 2020-02-17T21:12:06 [Time] 21:12:06
366/383 LSPM_J1055+0808-20200217@211321-Eden.fts [TYPE] LIGHT [OBJ] LSPM_J1055+0808 [RA] 10 55 47.3424 [Dec] +08 08 42.9329 [FIL] GG495 [EXPTIME] 60.0 [Date] 2020-02-17T21:13:21 [Time] 21:13:21
367/383 LSPM_J1055+0808-20200217@211435-Eden.fts [TYPE] LIGHT [OBJ] LSPM_J1055+0808 [RA] 10 55 47.3424 [Dec] +08 08 42.9329 [FIL] GG495 [EXPTIME] 60.0 [Date] 2020-02-17T21:14:35 [Time] 21:14:35
368/383 LSPM_J1055+0808-20200217@211549-Eden.fts [TYPE] LIGHT [OBJ] LSPM_J1055+0808 [RA] 10 55 47.3424 [Dec] +08 08 42.9329 [FIL] GG495 [EXPTIME] 60.0 [Date] 2020-02-17T21:15:50 [Time] 21:15:50
369/383 LSPM_J1055+0808-20200217@211704-Eden.fts [TYPE] LIGHT [OBJ] LSPM_J1055+0808 [RA] 10 55 47.3424 [Dec] +08 08 42.9329 [FIL] GG495 [EXPTIME] 60.0 [Date] 2020-02-17T21:17:05 [Time] 21:17:05
370/383 LSPM_J1055+0808-20200217@211819-Eden.fts [TYPE] LIGHT [OBJ] LSPM_J1055+0808 [RA] 10 55 47.3424 [Dec] +08 08 42.9329 [FIL] GG495 [EXPTIME] 60.0 [Date] 2020-02-17T21:18:19 [Time] 21:18:19
371/383 LSPM_J1055+0808-20200217@211933-Eden.fts [TYPE] LIGHT [OBJ] LSPM_J1055+0808 [RA] 10 55 47.3424 [Dec] +08 08 42.9329 [FIL] GG495 [EXPTIME] 60.0 [Date] 2020-02-17T21:19:34 [Time] 21:19:34
372/383 LSPM_J1055+0808-20200217@212048-Eden.fts [TYPE] LIGHT [OBJ] LSPM_J1055+0808 [RA] 10 55 47.3424 [Dec] +08 08 42.9329 [FIL] GG495 [EXPTIME] 60.0 [Date] 2020-02-17T21:20:49 [Time] 21:20:49
373/383 LSPM_J1055+0808-20200217@212204-Eden.fts [TYPE] LIGHT [OBJ] LSPM_J1055+0808 [RA] 10 55 47.3424 [Dec] +08 08 42.9329 [FIL] GG495 [EXPTIME] 60.0 [Date] 2020-02-17T21:22:04 [Time] 21:22:04
374/383 LSPM_J1055+0808-20200217@212319-Eden.fts [TYPE] LIGHT [OBJ] LSPM_J1055+0808 [RA] 10 55 47.3424 [Dec] +08 08 42.9329 [FIL] GG495 [EXPTIME] 60.0 [Date] 2020-02-17T21:23:19 [Time] 21:23:19
375/383 LSPM_J1055+0808-20200217@212435-Eden.fts [TYPE] LIGHT [OBJ] LSPM_J1055+0808 [RA] 10 55 47.3424 [Dec] +08 08 42.9329 [FIL] GG495 [EXPTIME] 60.0 [Date] 2020-02-17T21:24:35 [Time] 21:24:35
376/383 LSPM_J1055+0808-20200217@212549-Eden.fts [TYPE] LIGHT [OBJ] LSPM_J1055+0808 [RA] 10 55 47.3424 [Dec] +08 08 42.9329 [FIL] GG495 [EXPTIME] 60.0 [Date] 2020-02-17T21:25:49 [Time] 21:25:49
377/383 LSPM_J1055+0808-20200217@212703-Eden.fts [TYPE] LIGHT [OBJ] LSPM_J1055+0808 [RA] 10 55 47.3424 [Dec] +08 08 42.9329 [FIL] GG495 [EXPTIME] 60.0 [Date] 2020-02-17T21:27:04 [Time] 21:27:04
378/383 LSPM_J1055+0808-20200217@212818-Eden.fts [TYPE] LIGHT [OBJ] LSPM_J1055+0808 [RA] 10 55 47.3424 [Dec] +08 08 42.9329 [FIL] GG495 [EXPTIME] 60.0 [Date] 2020-02-17T21:28:18 [Time] 21:28:18
379/383 LSPM_J1055+0808-20200217@212932-Eden.fts [TYPE] LIGHT [OBJ] LSPM_J1055+0808 [RA] 10 55 47.3424 [Dec] +08 08 42.9329 [FIL] GG495 [EXPTIME] 60.0 [Date] 2020-02-17T21:29:33 [Time] 21:29:33
380/383 LSPM_J1055+0808-20200217@213047-Eden.fts [TYPE] LIGHT [OBJ] LSPM_J1055+0808 [RA] 10 55 47.3424 [Dec] +08 08 42.9329 [FIL] GG495 [EXPTIME] 60.0 [Date] 2020-02-17T21:30:48 [Time] 21:30:48
381/383 LSPM_J1055+0808-20200217@213202-Eden.fts [TYPE] LIGHT [OBJ] LSPM_J1055+0808 [RA] 10 55 47.3424 [Dec] +08 08 42.9329 [FIL] GG495 [EXPTIME] 60.0 [Date] 2020-02-17T21:32:02 [Time] 21:32:02
382/383 LSPM_J1055+0808-20200217@213316-Eden.fts [TYPE] LIGHT [OBJ] LSPM_J1055+0808 [RA] 10 55 47.3424 [Dec] +08 08 42.9329 [FIL] GG495 [EXPTIME] 60.0 [Date] 2020-02-17T21:33:17 [Time] 21:33:17
383/383 LSPM_J1055+0808-20200217@213431-Eden.fts [TYPE] LIGHT [OBJ] LSPM_J1055+0808 [RA] 10 55 47.3424 [Dec] +08 08 42.9329 [FIL] GG495 [EXPTIME] 60.0 [Date] 2020-02-17T21:34:32 [Time] 21:34:32
... write log file to LOT20200217-LSPM_J1055+0808_mod.log ...
... finish ...
