-----------------
input parameters
-----------------
['modify_header_eden.py', 'LOT20200416-2MUCD11188', '15']
Your will modify header for: 2MUCD11188 [RA] 14 03 22.2917 [Dec] +30 07 54.6373 [Filter] GG495
---------------
folder: LOT20200416-2MUCD11188
will update fits in: LOT20200416-2MUCD11188_mod
 ---------------------------
 Exame Fits Header for Bias
 ---------------------------
find ./LOT20200416-2MUCD11188/bias-dark/ | grep 'fits\|fts'|sort 
found 100 Bias/Dark
1/100 Bias-20200416@204420-000S.fts [TYPE] BIAS [EXPTIME] 0.0
2/100 Bias-20200416@204425-000S.fts [TYPE] BIAS [EXPTIME] 0.0
3/100 Bias-20200416@204428-000S.fts [TYPE] BIAS [EXPTIME] 0.0
4/100 Bias-20200416@204432-000S.fts [TYPE] BIAS [EXPTIME] 0.0
5/100 Bias-20200416@204436-000S.fts [TYPE] BIAS [EXPTIME] 0.0
6/100 Bias-20200416@204439-000S.fts [TYPE] BIAS [EXPTIME] 0.0
7/100 Bias-20200416@204443-000S.fts [TYPE] BIAS [EXPTIME] 0.0
8/100 Bias-20200416@204447-000S.fts [TYPE] BIAS [EXPTIME] 0.0
9/100 Bias-20200416@204451-000S.fts [TYPE] BIAS [EXPTIME] 0.0
10/100 Bias-20200416@204454-000S.fts [TYPE] BIAS [EXPTIME] 0.0
11/100 Bias-20200416@224744-000S.fts [TYPE] BIAS [EXPTIME] 0.0
12/100 Bias-20200416@224752-000S.fts [TYPE] BIAS [EXPTIME] 0.0
13/100 Bias-20200416@224800-000S.fts [TYPE] BIAS [EXPTIME] 0.0
14/100 Bias-20200416@224806-000S.fts [TYPE] BIAS [EXPTIME] 0.0
15/100 Bias-20200416@224814-000S.fts [TYPE] BIAS [EXPTIME] 0.0
16/100 Bias-20200416@224820-000S.fts [TYPE] BIAS [EXPTIME] 0.0
17/100 Bias-20200416@224827-000S.fts [TYPE] BIAS [EXPTIME] 0.0
18/100 Bias-20200416@224834-000S.fts [TYPE] BIAS [EXPTIME] 0.0
19/100 Bias-20200416@224841-000S.fts [TYPE] BIAS [EXPTIME] 0.0
20/100 Bias-20200416@224848-000S.fts [TYPE] BIAS [EXPTIME] 0.0
21/100 Dark-20200416@204459-001S.fts [TYPE] DARK [EXPTIME] 1.0
22/100 Dark-20200416@204504-001S.fts [TYPE] DARK [EXPTIME] 1.0
23/100 Dark-20200416@204508-001S.fts [TYPE] DARK [EXPTIME] 1.0
24/100 Dark-20200416@204513-001S.fts [TYPE] DARK [EXPTIME] 1.0
25/100 Dark-20200416@204518-001S.fts [TYPE] DARK [EXPTIME] 1.0
26/100 Dark-20200416@204522-001S.fts [TYPE] DARK [EXPTIME] 1.0
27/100 Dark-20200416@204527-001S.fts [TYPE] DARK [EXPTIME] 1.0
28/100 Dark-20200416@204532-001S.fts [TYPE] DARK [EXPTIME] 1.0
29/100 Dark-20200416@204537-001S.fts [TYPE] DARK [EXPTIME] 1.0
30/100 Dark-20200416@204541-001S.fts [TYPE] DARK [EXPTIME] 1.0
31/100 Dark-20200416@204547-003S.fts [TYPE] DARK [EXPTIME] 3.0
32/100 Dark-20200416@204553-003S.fts [TYPE] DARK [EXPTIME] 3.0
33/100 Dark-20200416@204600-003S.fts [TYPE] DARK [EXPTIME] 3.0
34/100 Dark-20200416@204606-003S.fts [TYPE] DARK [EXPTIME] 3.0
35/100 Dark-20200416@204612-003S.fts [TYPE] DARK [EXPTIME] 3.0
36/100 Dark-20200416@204619-003S.fts [TYPE] DARK [EXPTIME] 3.0
37/100 Dark-20200416@204625-003S.fts [TYPE] DARK [EXPTIME] 3.0
38/100 Dark-20200416@204632-003S.fts [TYPE] DARK [EXPTIME] 3.0
39/100 Dark-20200416@204638-003S.fts [TYPE] DARK [EXPTIME] 3.0
40/100 Dark-20200416@204645-003S.fts [TYPE] DARK [EXPTIME] 3.0
41/100 Dark-20200416@204653-005S.fts [TYPE] DARK [EXPTIME] 5.0
42/100 Dark-20200416@204701-005S.fts [TYPE] DARK [EXPTIME] 5.0
43/100 Dark-20200416@204710-005S.fts [TYPE] DARK [EXPTIME] 5.0
44/100 Dark-20200416@204719-005S.fts [TYPE] DARK [EXPTIME] 5.0
45/100 Dark-20200416@204728-005S.fts [TYPE] DARK [EXPTIME] 5.0
46/100 Dark-20200416@204737-005S.fts [TYPE] DARK [EXPTIME] 5.0
47/100 Dark-20200416@204745-005S.fts [TYPE] DARK [EXPTIME] 5.0
48/100 Dark-20200416@204754-005S.fts [TYPE] DARK [EXPTIME] 5.0
49/100 Dark-20200416@204802-005S.fts [TYPE] DARK [EXPTIME] 5.0
50/100 Dark-20200416@204810-005S.fts [TYPE] DARK [EXPTIME] 5.0
51/100 Dark-20200416@204820-010S.fts [TYPE] DARK [EXPTIME] 10.0
52/100 Dark-20200416@204834-010S.fts [TYPE] DARK [EXPTIME] 10.0
53/100 Dark-20200416@204848-010S.fts [TYPE] DARK [EXPTIME] 10.0
54/100 Dark-20200416@204901-010S.fts [TYPE] DARK [EXPTIME] 10.0
55/100 Dark-20200416@204916-010S.fts [TYPE] DARK [EXPTIME] 10.0
56/100 Dark-20200416@204930-010S.fts [TYPE] DARK [EXPTIME] 10.0
57/100 Dark-20200416@204945-010S.fts [TYPE] DARK [EXPTIME] 10.0
58/100 Dark-20200416@204958-010S.fts [TYPE] DARK [EXPTIME] 10.0
59/100 Dark-20200416@205011-010S.fts [TYPE] DARK [EXPTIME] 10.0
60/100 Dark-20200416@205024-010S.fts [TYPE] DARK [EXPTIME] 10.0
61/100 Dark-20200416@205039-030S.fts [TYPE] DARK [EXPTIME] 30.0
62/100 Dark-20200416@205112-030S.fts [TYPE] DARK [EXPTIME] 30.0
63/100 Dark-20200416@205146-030S.fts [TYPE] DARK [EXPTIME] 30.0
64/100 Dark-20200416@205220-030S.fts [TYPE] DARK [EXPTIME] 30.0
65/100 Dark-20200416@205254-030S.fts [TYPE] DARK [EXPTIME] 30.0
66/100 Dark-20200416@205327-030S.fts [TYPE] DARK [EXPTIME] 30.0
67/100 Dark-20200416@205401-030S.fts [TYPE] DARK [EXPTIME] 30.0
68/100 Dark-20200416@205435-030S.fts [TYPE] DARK [EXPTIME] 30.0
69/100 Dark-20200416@205508-030S.fts [TYPE] DARK [EXPTIME] 30.0
70/100 Dark-20200416@205541-030S.fts [TYPE] DARK [EXPTIME] 30.0
71/100 Dark-20200416@205616-300S.fts [TYPE] DARK [EXPTIME] 300.0
72/100 Dark-20200416@210120-300S.fts [TYPE] DARK [EXPTIME] 300.0
73/100 Dark-20200416@210623-300S.fts [TYPE] DARK [EXPTIME] 300.0
74/100 Dark-20200416@211141-300S.fts [TYPE] DARK [EXPTIME] 300.0
75/100 Dark-20200416@211645-300S.fts [TYPE] DARK [EXPTIME] 300.0
76/100 Dark-20200416@212148-300S.fts [TYPE] DARK [EXPTIME] 300.0
77/100 Dark-20200416@212651-300S.fts [TYPE] DARK [EXPTIME] 300.0
78/100 Dark-20200416@213155-300S.fts [TYPE] DARK [EXPTIME] 300.0
79/100 Dark-20200416@213658-300S.fts [TYPE] DARK [EXPTIME] 300.0
80/100 Dark-20200416@214202-300S.fts [TYPE] DARK [EXPTIME] 300.0
81/100 Dark-20200416@214706-360S.fts [TYPE] DARK [EXPTIME] 360.0
82/100 Dark-20200416@215310-360S.fts [TYPE] DARK [EXPTIME] 360.0
83/100 Dark-20200416@215913-360S.fts [TYPE] DARK [EXPTIME] 360.0
84/100 Dark-20200416@220517-360S.fts [TYPE] DARK [EXPTIME] 360.0
85/100 Dark-20200416@221120-360S.fts [TYPE] DARK [EXPTIME] 360.0
86/100 Dark-20200416@221724-360S.fts [TYPE] DARK [EXPTIME] 360.0
87/100 Dark-20200416@222328-360S.fts [TYPE] DARK [EXPTIME] 360.0
88/100 Dark-20200416@222932-360S.fts [TYPE] DARK [EXPTIME] 360.0
89/100 Dark-20200416@223536-360S.fts [TYPE] DARK [EXPTIME] 360.0
90/100 Dark-20200416@224139-360S.fts [TYPE] DARK [EXPTIME] 360.0
91/100 Dark-20200416@224856-060S.fts [TYPE] DARK [EXPTIME] 60.0
92/100 Dark-20200416@225002-060S.fts [TYPE] DARK [EXPTIME] 60.0
93/100 Dark-20200416@225110-060S.fts [TYPE] DARK [EXPTIME] 60.0
94/100 Dark-20200416@225217-060S.fts [TYPE] DARK [EXPTIME] 60.0
95/100 Dark-20200416@225323-060S.fts [TYPE] DARK [EXPTIME] 60.0
96/100 Dark-20200416@225431-060S.fts [TYPE] DARK [EXPTIME] 60.0
97/100 Dark-20200416@225538-060S.fts [TYPE] DARK [EXPTIME] 60.0
98/100 Dark-20200416@225644-060S.fts [TYPE] DARK [EXPTIME] 60.0
99/100 Dark-20200416@225751-060S.fts [TYPE] DARK [EXPTIME] 60.0
100/100 Dark-20200416@225859-060S.fts [TYPE] DARK [EXPTIME] 60.0
 ---------------------------
 Exame Fits Header for Flat
 ---------------------------
find ./LOT20200416-2MUCD11188/ | grep flat/ |grep eden| grep -E 'fits|fts'|sort -t'-' -k2.4,2.6 
found 9 Flat
1/9 20200416-001eden.fits [TYPE] FLAT [EXPTIME] 5.0 [FIL] GG495
2/9 20200416-002eden.fits [TYPE] FLAT [EXPTIME] 5.0 [FIL] GG495
3/9 20200416-003eden.fits [TYPE] FLAT [EXPTIME] 5.0 [FIL] GG495
4/9 20200416-004eden.fits [TYPE] FLAT [EXPTIME] 5.0 [FIL] GG495
5/9 20200416-005eden.fits [TYPE] FLAT [EXPTIME] 5.0 [FIL] GG495
6/9 20200416-006eden.fits [TYPE] FLAT [EXPTIME] 5.0 [FIL] GG495
7/9 20200416-007eden.fits [TYPE] FLAT [EXPTIME] 5.0 [FIL] GG495
8/9 20200416-008eden.fits [TYPE] FLAT [EXPTIME] 5.0 [FIL] GG495
9/9 20200416-009eden.fits [TYPE] FLAT [EXPTIME] 5.0 [FIL] GG495
 ---------------------------
 Update Fits Header for Science Target
 ---------------------------
find ./LOT20200416-2MUCD11188/wchen/ | cut -d / -f1-4| grep 'fits\|fts'  |sort -t'@' -k2
found 341 Target

... update header ...
1/341 2MUCD11188-20200416@121834-Eden.fts [TYPE] LIGHT [OBJ] 2MUCD11188 [RA] 14 03 22.2917 [Dec] +30 07 54.6373 [FIL] GG495 [EXPTIME] 60.0 [Date] 2020-04-16T12:18:47 [Time] 12:18:47
2/341 2MUCD11188-20200416@122001-Eden.fts [TYPE] LIGHT [OBJ] 2MUCD11188 [RA] 14 03 22.2917 [Dec] +30 07 54.6373 [FIL] GG495 [EXPTIME] 60.0 [Date] 2020-04-16T12:20:01 [Time] 12:20:01
3/341 2MUCD11188-20200416@122117-Eden.fts [TYPE] LIGHT [OBJ] 2MUCD11188 [RA] 14 03 22.2917 [Dec] +30 07 54.6373 [FIL] GG495 [EXPTIME] 60.0 [Date] 2020-04-16T12:21:17 [Time] 12:21:17
4/341 2MUCD11188-20200416@122231-Eden.fts [TYPE] LIGHT [OBJ] 2MUCD11188 [RA] 14 03 22.2917 [Dec] +30 07 54.6373 [FIL] GG495 [EXPTIME] 60.0 [Date] 2020-04-16T12:22:32 [Time] 12:22:32
5/341 2MUCD11188-20200416@122345-Eden.fts [TYPE] LIGHT [OBJ] 2MUCD11188 [RA] 14 03 22.2917 [Dec] +30 07 54.6373 [FIL] GG495 [EXPTIME] 60.0 [Date] 2020-04-16T12:23:46 [Time] 12:23:46
6/341 2MUCD11188-20200416@122500-Eden.fts [TYPE] LIGHT [OBJ] 2MUCD11188 [RA] 14 03 22.2917 [Dec] +30 07 54.6373 [FIL] GG495 [EXPTIME] 60.0 [Date] 2020-04-16T12:25:00 [Time] 12:25:00
7/341 2MUCD11188-20200416@122614-Eden.fts [TYPE] LIGHT [OBJ] 2MUCD11188 [RA] 14 03 22.2917 [Dec] +30 07 54.6373 [FIL] GG495 [EXPTIME] 60.0 [Date] 2020-04-16T12:26:15 [Time] 12:26:15
8/341 2MUCD11188-20200416@122729-Eden.fts [TYPE] LIGHT [OBJ] 2MUCD11188 [RA] 14 03 22.2917 [Dec] +30 07 54.6373 [FIL] GG495 [EXPTIME] 60.0 [Date] 2020-04-16T12:27:29 [Time] 12:27:29
9/341 2MUCD11188-20200416@122844-Eden.fts [TYPE] LIGHT [OBJ] 2MUCD11188 [RA] 14 03 22.2917 [Dec] +30 07 54.6373 [FIL] GG495 [EXPTIME] 60.0 [Date] 2020-04-16T12:28:45 [Time] 12:28:45
10/341 2MUCD11188-20200416@123000-Eden.fts [TYPE] LIGHT [OBJ] 2MUCD11188 [RA] 14 03 22.2917 [Dec] +30 07 54.6373 [FIL] GG495 [EXPTIME] 60.0 [Date] 2020-04-16T12:30:00 [Time] 12:30:00
11/341 2MUCD11188-20200416@123117-Eden.fts [TYPE] LIGHT [OBJ] 2MUCD11188 [RA] 14 03 22.2917 [Dec] +30 07 54.6373 [FIL] GG495 [EXPTIME] 60.0 [Date] 2020-04-16T12:31:17 [Time] 12:31:17
12/341 2MUCD11188-20200416@123232-Eden.fts [TYPE] LIGHT [OBJ] 2MUCD11188 [RA] 14 03 22.2917 [Dec] +30 07 54.6373 [FIL] GG495 [EXPTIME] 60.0 [Date] 2020-04-16T12:32:32 [Time] 12:32:32
13/341 2MUCD11188-20200416@123346-Eden.fts [TYPE] LIGHT [OBJ] 2MUCD11188 [RA] 14 03 22.2917 [Dec] +30 07 54.6373 [FIL] GG495 [EXPTIME] 60.0 [Date] 2020-04-16T12:33:47 [Time] 12:33:47
14/341 2MUCD11188-20200416@123501-Eden.fts [TYPE] LIGHT [OBJ] 2MUCD11188 [RA] 14 03 22.2917 [Dec] +30 07 54.6373 [FIL] GG495 [EXPTIME] 60.0 [Date] 2020-04-16T12:35:01 [Time] 12:35:01
15/341 2MUCD11188-20200416@123617-Eden.fts [TYPE] LIGHT [OBJ] 2MUCD11188 [RA] 14 03 22.2917 [Dec] +30 07 54.6373 [FIL] GG495 [EXPTIME] 60.0 [Date] 2020-04-16T12:36:17 [Time] 12:36:17
16/341 2MUCD11188-20200416@123732-Eden.fts [TYPE] LIGHT [OBJ] 2MUCD11188 [RA] 14 03 22.2917 [Dec] +30 07 54.6373 [FIL] GG495 [EXPTIME] 60.0 [Date] 2020-04-16T12:37:32 [Time] 12:37:32
17/341 2MUCD11188-20200416@123847-Eden.fts [TYPE] LIGHT [OBJ] 2MUCD11188 [RA] 14 03 22.2917 [Dec] +30 07 54.6373 [FIL] GG495 [EXPTIME] 60.0 [Date] 2020-04-16T12:38:47 [Time] 12:38:47
18/341 2MUCD11188-20200416@124001-Eden.fts [TYPE] LIGHT [OBJ] 2MUCD11188 [RA] 14 03 22.2917 [Dec] +30 07 54.6373 [FIL] GG495 [EXPTIME] 60.0 [Date] 2020-04-16T12:40:01 [Time] 12:40:01
19/341 2MUCD11188-20200416@124115-Eden.fts [TYPE] LIGHT [OBJ] 2MUCD11188 [RA] 14 03 22.2917 [Dec] +30 07 54.6373 [FIL] GG495 [EXPTIME] 60.0 [Date] 2020-04-16T12:41:16 [Time] 12:41:16
20/341 2MUCD11188-20200416@124231-Eden.fts [TYPE] LIGHT [OBJ] 2MUCD11188 [RA] 14 03 22.2917 [Dec] +30 07 54.6373 [FIL] GG495 [EXPTIME] 60.0 [Date] 2020-04-16T12:42:32 [Time] 12:42:32
21/341 2MUCD11188-20200416@124345-Eden.fts [TYPE] LIGHT [OBJ] 2MUCD11188 [RA] 14 03 22.2917 [Dec] +30 07 54.6373 [FIL] GG495 [EXPTIME] 60.0 [Date] 2020-04-16T12:43:46 [Time] 12:43:46
22/341 2MUCD11188-20200416@124500-Eden.fts [TYPE] LIGHT [OBJ] 2MUCD11188 [RA] 14 03 22.2917 [Dec] +30 07 54.6373 [FIL] GG495 [EXPTIME] 60.0 [Date] 2020-04-16T12:45:00 [Time] 12:45:00
23/341 2MUCD11188-20200416@124617-Eden.fts [TYPE] LIGHT [OBJ] 2MUCD11188 [RA] 14 03 22.2917 [Dec] +30 07 54.6373 [FIL] GG495 [EXPTIME] 60.0 [Date] 2020-04-16T12:46:18 [Time] 12:46:18
24/341 2MUCD11188-20200416@124733-Eden.fts [TYPE] LIGHT [OBJ] 2MUCD11188 [RA] 14 03 22.2917 [Dec] +30 07 54.6373 [FIL] GG495 [EXPTIME] 60.0 [Date] 2020-04-16T12:47:34 [Time] 12:47:34
25/341 2MUCD11188-20200416@124847-Eden.fts [TYPE] LIGHT [OBJ] 2MUCD11188 [RA] 14 03 22.2917 [Dec] +30 07 54.6373 [FIL] GG495 [EXPTIME] 60.0 [Date] 2020-04-16T12:48:48 [Time] 12:48:48
26/341 2MUCD11188-20200416@125001-Eden.fts [TYPE] LIGHT [OBJ] 2MUCD11188 [RA] 14 03 22.2917 [Dec] +30 07 54.6373 [FIL] GG495 [EXPTIME] 60.0 [Date] 2020-04-16T12:50:01 [Time] 12:50:01
27/341 2MUCD11188-20200416@125116-Eden.fts [TYPE] LIGHT [OBJ] 2MUCD11188 [RA] 14 03 22.2917 [Dec] +30 07 54.6373 [FIL] GG495 [EXPTIME] 60.0 [Date] 2020-04-16T12:51:17 [Time] 12:51:17
28/341 2MUCD11188-20200416@125230-Eden.fts [TYPE] LIGHT [OBJ] 2MUCD11188 [RA] 14 03 22.2917 [Dec] +30 07 54.6373 [FIL] GG495 [EXPTIME] 60.0 [Date] 2020-04-16T12:52:30 [Time] 12:52:30
29/341 2MUCD11188-20200416@125344-Eden.fts [TYPE] LIGHT [OBJ] 2MUCD11188 [RA] 14 03 22.2917 [Dec] +30 07 54.6373 [FIL] GG495 [EXPTIME] 60.0 [Date] 2020-04-16T12:53:44 [Time] 12:53:44
30/341 2MUCD11188-20200416@125459-Eden.fts [TYPE] LIGHT [OBJ] 2MUCD11188 [RA] 14 03 22.2917 [Dec] +30 07 54.6373 [FIL] GG495 [EXPTIME] 60.0 [Date] 2020-04-16T12:55:00 [Time] 12:55:00
31/341 2MUCD11188-20200416@125614-Eden.fts [TYPE] LIGHT [OBJ] 2MUCD11188 [RA] 14 03 22.2917 [Dec] +30 07 54.6373 [FIL] GG495 [EXPTIME] 60.0 [Date] 2020-04-16T12:56:15 [Time] 12:56:15
32/341 2MUCD11188-20200416@125730-Eden.fts [TYPE] LIGHT [OBJ] 2MUCD11188 [RA] 14 03 22.2917 [Dec] +30 07 54.6373 [FIL] GG495 [EXPTIME] 60.0 [Date] 2020-04-16T12:57:30 [Time] 12:57:30
33/341 2MUCD11188-20200416@125844-Eden.fts [TYPE] LIGHT [OBJ] 2MUCD11188 [RA] 14 03 22.2917 [Dec] +30 07 54.6373 [FIL] GG495 [EXPTIME] 60.0 [Date] 2020-04-16T12:58:46 [Time] 12:58:46
34/341 2MUCD11188-20200416@130000-Eden.fts [TYPE] LIGHT [OBJ] 2MUCD11188 [RA] 14 03 22.2917 [Dec] +30 07 54.6373 [FIL] GG495 [EXPTIME] 60.0 [Date] 2020-04-16T13:00:01 [Time] 13:00:01
35/341 2MUCD11188-20200416@130445-Eden.fts [TYPE] LIGHT [OBJ] 2MUCD11188 [RA] 14 03 22.2917 [Dec] +30 07 54.6373 [FIL] GG495 [EXPTIME] 60.0 [Date] 2020-04-16T13:04:57 [Time] 13:04:57
36/341 2MUCD11188-20200416@130612-Eden.fts [TYPE] LIGHT [OBJ] 2MUCD11188 [RA] 14 03 22.2917 [Dec] +30 07 54.6373 [FIL] GG495 [EXPTIME] 60.0 [Date] 2020-04-16T13:06:12 [Time] 13:06:12
37/341 2MUCD11188-20200416@130727-Eden.fts [TYPE] LIGHT [OBJ] 2MUCD11188 [RA] 14 03 22.2917 [Dec] +30 07 54.6373 [FIL] GG495 [EXPTIME] 60.0 [Date] 2020-04-16T13:07:27 [Time] 13:07:27
38/341 2MUCD11188-20200416@130842-Eden.fts [TYPE] LIGHT [OBJ] 2MUCD11188 [RA] 14 03 22.2917 [Dec] +30 07 54.6373 [FIL] GG495 [EXPTIME] 60.0 [Date] 2020-04-16T13:08:42 [Time] 13:08:42
39/341 2MUCD11188-20200416@130957-Eden.fts [TYPE] LIGHT [OBJ] 2MUCD11188 [RA] 14 03 22.2917 [Dec] +30 07 54.6373 [FIL] GG495 [EXPTIME] 60.0 [Date] 2020-04-16T13:09:57 [Time] 13:09:57
40/341 2MUCD11188-20200416@131112-Eden.fts [TYPE] LIGHT [OBJ] 2MUCD11188 [RA] 14 03 22.2917 [Dec] +30 07 54.6373 [FIL] GG495 [EXPTIME] 60.0 [Date] 2020-04-16T13:11:12 [Time] 13:11:12
41/341 2MUCD11188-20200416@131227-Eden.fts [TYPE] LIGHT [OBJ] 2MUCD11188 [RA] 14 03 22.2917 [Dec] +30 07 54.6373 [FIL] GG495 [EXPTIME] 60.0 [Date] 2020-04-16T13:12:27 [Time] 13:12:27
42/341 2MUCD11188-20200416@131341-Eden.fts [TYPE] LIGHT [OBJ] 2MUCD11188 [RA] 14 03 22.2917 [Dec] +30 07 54.6373 [FIL] GG495 [EXPTIME] 60.0 [Date] 2020-04-16T13:13:41 [Time] 13:13:41
43/341 2MUCD11188-20200416@131456-Eden.fts [TYPE] LIGHT [OBJ] 2MUCD11188 [RA] 14 03 22.2917 [Dec] +30 07 54.6373 [FIL] GG495 [EXPTIME] 60.0 [Date] 2020-04-16T13:14:56 [Time] 13:14:56
44/341 2MUCD11188-20200416@131610-Eden.fts [TYPE] LIGHT [OBJ] 2MUCD11188 [RA] 14 03 22.2917 [Dec] +30 07 54.6373 [FIL] GG495 [EXPTIME] 60.0 [Date] 2020-04-16T13:16:11 [Time] 13:16:11
45/341 2MUCD11188-20200416@131727-Eden.fts [TYPE] LIGHT [OBJ] 2MUCD11188 [RA] 14 03 22.2917 [Dec] +30 07 54.6373 [FIL] GG495 [EXPTIME] 60.0 [Date] 2020-04-16T13:17:27 [Time] 13:17:27
46/341 2MUCD11188-20200416@131841-Eden.fts [TYPE] LIGHT [OBJ] 2MUCD11188 [RA] 14 03 22.2917 [Dec] +30 07 54.6373 [FIL] GG495 [EXPTIME] 60.0 [Date] 2020-04-16T13:18:41 [Time] 13:18:41
47/341 2MUCD11188-20200416@131956-Eden.fts [TYPE] LIGHT [OBJ] 2MUCD11188 [RA] 14 03 22.2917 [Dec] +30 07 54.6373 [FIL] GG495 [EXPTIME] 60.0 [Date] 2020-04-16T13:19:56 [Time] 13:19:56
48/341 2MUCD11188-20200416@132110-Eden.fts [TYPE] LIGHT [OBJ] 2MUCD11188 [RA] 14 03 22.2917 [Dec] +30 07 54.6373 [FIL] GG495 [EXPTIME] 60.0 [Date] 2020-04-16T13:21:11 [Time] 13:21:11
49/341 2MUCD11188-20200416@132225-Eden.fts [TYPE] LIGHT [OBJ] 2MUCD11188 [RA] 14 03 22.2917 [Dec] +30 07 54.6373 [FIL] GG495 [EXPTIME] 60.0 [Date] 2020-04-16T13:22:25 [Time] 13:22:25
50/341 2MUCD11188-20200416@132340-Eden.fts [TYPE] LIGHT [OBJ] 2MUCD11188 [RA] 14 03 22.2917 [Dec] +30 07 54.6373 [FIL] GG495 [EXPTIME] 60.0 [Date] 2020-04-16T13:23:40 [Time] 13:23:40
51/341 2MUCD11188-20200416@132455-Eden.fts [TYPE] LIGHT [OBJ] 2MUCD11188 [RA] 14 03 22.2917 [Dec] +30 07 54.6373 [FIL] GG495 [EXPTIME] 60.0 [Date] 2020-04-16T13:24:56 [Time] 13:24:56
52/341 2MUCD11188-20200416@132610-Eden.fts [TYPE] LIGHT [OBJ] 2MUCD11188 [RA] 14 03 22.2917 [Dec] +30 07 54.6373 [FIL] GG495 [EXPTIME] 60.0 [Date] 2020-04-16T13:26:10 [Time] 13:26:10
53/341 2MUCD11188-20200416@132723-Eden.fts [TYPE] LIGHT [OBJ] 2MUCD11188 [RA] 14 03 22.2917 [Dec] +30 07 54.6373 [FIL] GG495 [EXPTIME] 60.0 [Date] 2020-04-16T13:27:24 [Time] 13:27:24
54/341 2MUCD11188-20200416@135204-Eden.fts [TYPE] LIGHT [OBJ] 2MUCD11188 [RA] 14 03 22.2917 [Dec] +30 07 54.6373 [FIL] GG495 [EXPTIME] 60.0 [Date] 2020-04-16T13:52:16 [Time] 13:52:16
55/341 2MUCD11188-20200416@135331-Eden.fts [TYPE] LIGHT [OBJ] 2MUCD11188 [RA] 14 03 22.2917 [Dec] +30 07 54.6373 [FIL] GG495 [EXPTIME] 60.0 [Date] 2020-04-16T13:53:32 [Time] 13:53:32
56/341 2MUCD11188-20200416@135447-Eden.fts [TYPE] LIGHT [OBJ] 2MUCD11188 [RA] 14 03 22.2917 [Dec] +30 07 54.6373 [FIL] GG495 [EXPTIME] 60.0 [Date] 2020-04-16T13:54:48 [Time] 13:54:48
57/341 2MUCD11188-20200416@135601-Eden.fts [TYPE] LIGHT [OBJ] 2MUCD11188 [RA] 14 03 22.2917 [Dec] +30 07 54.6373 [FIL] GG495 [EXPTIME] 60.0 [Date] 2020-04-16T13:56:02 [Time] 13:56:02
58/341 2MUCD11188-20200416@135716-Eden.fts [TYPE] LIGHT [OBJ] 2MUCD11188 [RA] 14 03 22.2917 [Dec] +30 07 54.6373 [FIL] GG495 [EXPTIME] 60.0 [Date] 2020-04-16T13:57:16 [Time] 13:57:16
59/341 2MUCD11188-20200416@135831-Eden.fts [TYPE] LIGHT [OBJ] 2MUCD11188 [RA] 14 03 22.2917 [Dec] +30 07 54.6373 [FIL] GG495 [EXPTIME] 60.0 [Date] 2020-04-16T13:58:31 [Time] 13:58:31
60/341 2MUCD11188-20200416@135945-Eden.fts [TYPE] LIGHT [OBJ] 2MUCD11188 [RA] 14 03 22.2917 [Dec] +30 07 54.6373 [FIL] GG495 [EXPTIME] 60.0 [Date] 2020-04-16T13:59:46 [Time] 13:59:46
61/341 2MUCD11188-20200416@140100-Eden.fts [TYPE] LIGHT [OBJ] 2MUCD11188 [RA] 14 03 22.2917 [Dec] +30 07 54.6373 [FIL] GG495 [EXPTIME] 60.0 [Date] 2020-04-16T14:01:00 [Time] 14:01:00
62/341 2MUCD11188-20200416@140214-Eden.fts [TYPE] LIGHT [OBJ] 2MUCD11188 [RA] 14 03 22.2917 [Dec] +30 07 54.6373 [FIL] GG495 [EXPTIME] 60.0 [Date] 2020-04-16T14:02:14 [Time] 14:02:14
63/341 2MUCD11188-20200416@140327-Eden.fts [TYPE] LIGHT [OBJ] 2MUCD11188 [RA] 14 03 22.2917 [Dec] +30 07 54.6373 [FIL] GG495 [EXPTIME] 60.0 [Date] 2020-04-16T14:03:28 [Time] 14:03:28
64/341 2MUCD11188-20200416@140442-Eden.fts [TYPE] LIGHT [OBJ] 2MUCD11188 [RA] 14 03 22.2917 [Dec] +30 07 54.6373 [FIL] GG495 [EXPTIME] 60.0 [Date] 2020-04-16T14:04:44 [Time] 14:04:44
65/341 2MUCD11188-20200416@140558-Eden.fts [TYPE] LIGHT [OBJ] 2MUCD11188 [RA] 14 03 22.2917 [Dec] +30 07 54.6373 [FIL] GG495 [EXPTIME] 60.0 [Date] 2020-04-16T14:05:59 [Time] 14:05:59
66/341 2MUCD11188-20200416@140712-Eden.fts [TYPE] LIGHT [OBJ] 2MUCD11188 [RA] 14 03 22.2917 [Dec] +30 07 54.6373 [FIL] GG495 [EXPTIME] 60.0 [Date] 2020-04-16T14:07:13 [Time] 14:07:13
67/341 2MUCD11188-20200416@140826-Eden.fts [TYPE] LIGHT [OBJ] 2MUCD11188 [RA] 14 03 22.2917 [Dec] +30 07 54.6373 [FIL] GG495 [EXPTIME] 60.0 [Date] 2020-04-16T14:08:26 [Time] 14:08:26
68/341 2MUCD11188-20200416@140940-Eden.fts [TYPE] LIGHT [OBJ] 2MUCD11188 [RA] 14 03 22.2917 [Dec] +30 07 54.6373 [FIL] GG495 [EXPTIME] 60.0 [Date] 2020-04-16T14:09:41 [Time] 14:09:41
69/341 2MUCD11188-20200416@141055-Eden.fts [TYPE] LIGHT [OBJ] 2MUCD11188 [RA] 14 03 22.2917 [Dec] +30 07 54.6373 [FIL] GG495 [EXPTIME] 60.0 [Date] 2020-04-16T14:10:55 [Time] 14:10:55
70/341 2MUCD11188-20200416@141210-Eden.fts [TYPE] LIGHT [OBJ] 2MUCD11188 [RA] 14 03 22.2917 [Dec] +30 07 54.6373 [FIL] GG495 [EXPTIME] 60.0 [Date] 2020-04-16T14:12:10 [Time] 14:12:10
71/341 2MUCD11188-20200416@141325-Eden.fts [TYPE] LIGHT [OBJ] 2MUCD11188 [RA] 14 03 22.2917 [Dec] +30 07 54.6373 [FIL] GG495 [EXPTIME] 60.0 [Date] 2020-04-16T14:13:25 [Time] 14:13:25
72/341 2MUCD11188-20200416@141440-Eden.fts [TYPE] LIGHT [OBJ] 2MUCD11188 [RA] 14 03 22.2917 [Dec] +30 07 54.6373 [FIL] GG495 [EXPTIME] 60.0 [Date] 2020-04-16T14:14:41 [Time] 14:14:41
73/341 2MUCD11188-20200416@141556-Eden.fts [TYPE] LIGHT [OBJ] 2MUCD11188 [RA] 14 03 22.2917 [Dec] +30 07 54.6373 [FIL] GG495 [EXPTIME] 60.0 [Date] 2020-04-16T14:15:57 [Time] 14:15:57
74/341 2MUCD11188-20200416@141712-Eden.fts [TYPE] LIGHT [OBJ] 2MUCD11188 [RA] 14 03 22.2917 [Dec] +30 07 54.6373 [FIL] GG495 [EXPTIME] 60.0 [Date] 2020-04-16T14:17:12 [Time] 14:17:12
75/341 2MUCD11188-20200416@141827-Eden.fts [TYPE] LIGHT [OBJ] 2MUCD11188 [RA] 14 03 22.2917 [Dec] +30 07 54.6373 [FIL] GG495 [EXPTIME] 60.0 [Date] 2020-04-16T14:18:27 [Time] 14:18:27
76/341 2MUCD11188-20200416@141941-Eden.fts [TYPE] LIGHT [OBJ] 2MUCD11188 [RA] 14 03 22.2917 [Dec] +30 07 54.6373 [FIL] GG495 [EXPTIME] 60.0 [Date] 2020-04-16T14:19:41 [Time] 14:19:41
77/341 2MUCD11188-20200416@142055-Eden.fts [TYPE] LIGHT [OBJ] 2MUCD11188 [RA] 14 03 22.2917 [Dec] +30 07 54.6373 [FIL] GG495 [EXPTIME] 60.0 [Date] 2020-04-16T14:20:56 [Time] 14:20:56
78/341 2MUCD11188-20200416@142210-Eden.fts [TYPE] LIGHT [OBJ] 2MUCD11188 [RA] 14 03 22.2917 [Dec] +30 07 54.6373 [FIL] GG495 [EXPTIME] 60.0 [Date] 2020-04-16T14:22:11 [Time] 14:22:11
79/341 2MUCD11188-20200416@142325-Eden.fts [TYPE] LIGHT [OBJ] 2MUCD11188 [RA] 14 03 22.2917 [Dec] +30 07 54.6373 [FIL] GG495 [EXPTIME] 60.0 [Date] 2020-04-16T14:23:25 [Time] 14:23:25
80/341 2MUCD11188-20200416@142440-Eden.fts [TYPE] LIGHT [OBJ] 2MUCD11188 [RA] 14 03 22.2917 [Dec] +30 07 54.6373 [FIL] GG495 [EXPTIME] 60.0 [Date] 2020-04-16T14:24:40 [Time] 14:24:40
81/341 2MUCD11188-20200416@142555-Eden.fts [TYPE] LIGHT [OBJ] 2MUCD11188 [RA] 14 03 22.2917 [Dec] +30 07 54.6373 [FIL] GG495 [EXPTIME] 60.0 [Date] 2020-04-16T14:25:55 [Time] 14:25:55
82/341 2MUCD11188-20200416@142711-Eden.fts [TYPE] LIGHT [OBJ] 2MUCD11188 [RA] 14 03 22.2917 [Dec] +30 07 54.6373 [FIL] GG495 [EXPTIME] 60.0 [Date] 2020-04-16T14:27:11 [Time] 14:27:11
83/341 2MUCD11188-20200416@142825-Eden.fts [TYPE] LIGHT [OBJ] 2MUCD11188 [RA] 14 03 22.2917 [Dec] +30 07 54.6373 [FIL] GG495 [EXPTIME] 60.0 [Date] 2020-04-16T14:28:26 [Time] 14:28:26
84/341 2MUCD11188-20200416@142940-Eden.fts [TYPE] LIGHT [OBJ] 2MUCD11188 [RA] 14 03 22.2917 [Dec] +30 07 54.6373 [FIL] GG495 [EXPTIME] 60.0 [Date] 2020-04-16T14:29:40 [Time] 14:29:40
85/341 2MUCD11188-20200416@143054-Eden.fts [TYPE] LIGHT [OBJ] 2MUCD11188 [RA] 14 03 22.2917 [Dec] +30 07 54.6373 [FIL] GG495 [EXPTIME] 60.0 [Date] 2020-04-16T14:30:54 [Time] 14:30:54
86/341 2MUCD11188-20200416@143207-Eden.fts [TYPE] LIGHT [OBJ] 2MUCD11188 [RA] 14 03 22.2917 [Dec] +30 07 54.6373 [FIL] GG495 [EXPTIME] 60.0 [Date] 2020-04-16T14:32:08 [Time] 14:32:08
87/341 2MUCD11188-20200416@143322-Eden.fts [TYPE] LIGHT [OBJ] 2MUCD11188 [RA] 14 03 22.2917 [Dec] +30 07 54.6373 [FIL] GG495 [EXPTIME] 60.0 [Date] 2020-04-16T14:33:22 [Time] 14:33:22
88/341 2MUCD11188-20200416@143436-Eden.fts [TYPE] LIGHT [OBJ] 2MUCD11188 [RA] 14 03 22.2917 [Dec] +30 07 54.6373 [FIL] GG495 [EXPTIME] 60.0 [Date] 2020-04-16T14:34:37 [Time] 14:34:37
89/341 2MUCD11188-20200416@143552-Eden.fts [TYPE] LIGHT [OBJ] 2MUCD11188 [RA] 14 03 22.2917 [Dec] +30 07 54.6373 [FIL] GG495 [EXPTIME] 60.0 [Date] 2020-04-16T14:35:52 [Time] 14:35:52
90/341 2MUCD11188-20200416@143706-Eden.fts [TYPE] LIGHT [OBJ] 2MUCD11188 [RA] 14 03 22.2917 [Dec] +30 07 54.6373 [FIL] GG495 [EXPTIME] 60.0 [Date] 2020-04-16T14:37:06 [Time] 14:37:06
91/341 2MUCD11188-20200416@143822-Eden.fts [TYPE] LIGHT [OBJ] 2MUCD11188 [RA] 14 03 22.2917 [Dec] +30 07 54.6373 [FIL] GG495 [EXPTIME] 60.0 [Date] 2020-04-16T14:38:23 [Time] 14:38:23
92/341 2MUCD11188-20200416@143937-Eden.fts [TYPE] LIGHT [OBJ] 2MUCD11188 [RA] 14 03 22.2917 [Dec] +30 07 54.6373 [FIL] GG495 [EXPTIME] 60.0 [Date] 2020-04-16T14:39:38 [Time] 14:39:38
93/341 2MUCD11188-20200416@144052-Eden.fts [TYPE] LIGHT [OBJ] 2MUCD11188 [RA] 14 03 22.2917 [Dec] +30 07 54.6373 [FIL] GG495 [EXPTIME] 60.0 [Date] 2020-04-16T14:40:52 [Time] 14:40:52
94/341 2MUCD11188-20200416@144207-Eden.fts [TYPE] LIGHT [OBJ] 2MUCD11188 [RA] 14 03 22.2917 [Dec] +30 07 54.6373 [FIL] GG495 [EXPTIME] 60.0 [Date] 2020-04-16T14:42:07 [Time] 14:42:07
95/341 2MUCD11188-20200416@144321-Eden.fts [TYPE] LIGHT [OBJ] 2MUCD11188 [RA] 14 03 22.2917 [Dec] +30 07 54.6373 [FIL] GG495 [EXPTIME] 60.0 [Date] 2020-04-16T14:43:22 [Time] 14:43:22
96/341 2MUCD11188-20200416@144437-Eden.fts [TYPE] LIGHT [OBJ] 2MUCD11188 [RA] 14 03 22.2917 [Dec] +30 07 54.6373 [FIL] GG495 [EXPTIME] 60.0 [Date] 2020-04-16T14:44:37 [Time] 14:44:37
97/341 2MUCD11188-20200416@144552-Eden.fts [TYPE] LIGHT [OBJ] 2MUCD11188 [RA] 14 03 22.2917 [Dec] +30 07 54.6373 [FIL] GG495 [EXPTIME] 60.0 [Date] 2020-04-16T14:45:53 [Time] 14:45:53
98/341 2MUCD11188-20200416@144706-Eden.fts [TYPE] LIGHT [OBJ] 2MUCD11188 [RA] 14 03 22.2917 [Dec] +30 07 54.6373 [FIL] GG495 [EXPTIME] 60.0 [Date] 2020-04-16T14:47:07 [Time] 14:47:07
99/341 2MUCD11188-20200416@144821-Eden.fts [TYPE] LIGHT [OBJ] 2MUCD11188 [RA] 14 03 22.2917 [Dec] +30 07 54.6373 [FIL] GG495 [EXPTIME] 60.0 [Date] 2020-04-16T14:48:21 [Time] 14:48:21
100/341 2MUCD11188-20200416@144935-Eden.fts [TYPE] LIGHT [OBJ] 2MUCD11188 [RA] 14 03 22.2917 [Dec] +30 07 54.6373 [FIL] GG495 [EXPTIME] 60.0 [Date] 2020-04-16T14:49:35 [Time] 14:49:35
101/341 2MUCD11188-20200416@145052-Eden.fts [TYPE] LIGHT [OBJ] 2MUCD11188 [RA] 14 03 22.2917 [Dec] +30 07 54.6373 [FIL] GG495 [EXPTIME] 60.0 [Date] 2020-04-16T14:50:54 [Time] 14:50:54
102/341 2MUCD11188-20200416@145209-Eden.fts [TYPE] LIGHT [OBJ] 2MUCD11188 [RA] 14 03 22.2917 [Dec] +30 07 54.6373 [FIL] GG495 [EXPTIME] 60.0 [Date] 2020-04-16T14:52:09 [Time] 14:52:09
103/341 2MUCD11188-20200416@145323-Eden.fts [TYPE] LIGHT [OBJ] 2MUCD11188 [RA] 14 03 22.2917 [Dec] +30 07 54.6373 [FIL] GG495 [EXPTIME] 60.0 [Date] 2020-04-16T14:53:24 [Time] 14:53:24
104/341 2MUCD11188-20200416@145438-Eden.fts [TYPE] LIGHT [OBJ] 2MUCD11188 [RA] 14 03 22.2917 [Dec] +30 07 54.6373 [FIL] GG495 [EXPTIME] 60.0 [Date] 2020-04-16T14:54:38 [Time] 14:54:38
105/341 2MUCD11188-20200416@145552-Eden.fts [TYPE] LIGHT [OBJ] 2MUCD11188 [RA] 14 03 22.2917 [Dec] +30 07 54.6373 [FIL] GG495 [EXPTIME] 60.0 [Date] 2020-04-16T14:55:52 [Time] 14:55:52
106/341 2MUCD11188-20200416@145705-Eden.fts [TYPE] LIGHT [OBJ] 2MUCD11188 [RA] 14 03 22.2917 [Dec] +30 07 54.6373 [FIL] GG495 [EXPTIME] 60.0 [Date] 2020-04-16T14:57:06 [Time] 14:57:06
107/341 2MUCD11188-20200416@145820-Eden.fts [TYPE] LIGHT [OBJ] 2MUCD11188 [RA] 14 03 22.2917 [Dec] +30 07 54.6373 [FIL] GG495 [EXPTIME] 60.0 [Date] 2020-04-16T14:58:21 [Time] 14:58:21
108/341 2MUCD11188-20200416@145935-Eden.fts [TYPE] LIGHT [OBJ] 2MUCD11188 [RA] 14 03 22.2917 [Dec] +30 07 54.6373 [FIL] GG495 [EXPTIME] 60.0 [Date] 2020-04-16T14:59:35 [Time] 14:59:35
109/341 2MUCD11188-20200416@150050-Eden.fts [TYPE] LIGHT [OBJ] 2MUCD11188 [RA] 14 03 22.2917 [Dec] +30 07 54.6373 [FIL] GG495 [EXPTIME] 60.0 [Date] 2020-04-16T15:00:51 [Time] 15:00:51
110/341 2MUCD11188-20200416@150206-Eden.fts [TYPE] LIGHT [OBJ] 2MUCD11188 [RA] 14 03 22.2917 [Dec] +30 07 54.6373 [FIL] GG495 [EXPTIME] 60.0 [Date] 2020-04-16T15:02:06 [Time] 15:02:06
111/341 2MUCD11188-20200416@150320-Eden.fts [TYPE] LIGHT [OBJ] 2MUCD11188 [RA] 14 03 22.2917 [Dec] +30 07 54.6373 [FIL] GG495 [EXPTIME] 60.0 [Date] 2020-04-16T15:03:20 [Time] 15:03:20
112/341 2MUCD11188-20200416@150434-Eden.fts [TYPE] LIGHT [OBJ] 2MUCD11188 [RA] 14 03 22.2917 [Dec] +30 07 54.6373 [FIL] GG495 [EXPTIME] 60.0 [Date] 2020-04-16T15:04:35 [Time] 15:04:35
113/341 2MUCD11188-20200416@150550-Eden.fts [TYPE] LIGHT [OBJ] 2MUCD11188 [RA] 14 03 22.2917 [Dec] +30 07 54.6373 [FIL] GG495 [EXPTIME] 60.0 [Date] 2020-04-16T15:05:51 [Time] 15:05:51
114/341 2MUCD11188-20200416@150705-Eden.fts [TYPE] LIGHT [OBJ] 2MUCD11188 [RA] 14 03 22.2917 [Dec] +30 07 54.6373 [FIL] GG495 [EXPTIME] 60.0 [Date] 2020-04-16T15:07:05 [Time] 15:07:05
115/341 2MUCD11188-20200416@150820-Eden.fts [TYPE] LIGHT [OBJ] 2MUCD11188 [RA] 14 03 22.2917 [Dec] +30 07 54.6373 [FIL] GG495 [EXPTIME] 60.0 [Date] 2020-04-16T15:08:20 [Time] 15:08:20
116/341 2MUCD11188-20200416@150934-Eden.fts [TYPE] LIGHT [OBJ] 2MUCD11188 [RA] 14 03 22.2917 [Dec] +30 07 54.6373 [FIL] GG495 [EXPTIME] 60.0 [Date] 2020-04-16T15:09:35 [Time] 15:09:35
117/341 2MUCD11188-20200416@151049-Eden.fts [TYPE] LIGHT [OBJ] 2MUCD11188 [RA] 14 03 22.2917 [Dec] +30 07 54.6373 [FIL] GG495 [EXPTIME] 60.0 [Date] 2020-04-16T15:10:50 [Time] 15:10:50
118/341 2MUCD11188-20200416@151205-Eden.fts [TYPE] LIGHT [OBJ] 2MUCD11188 [RA] 14 03 22.2917 [Dec] +30 07 54.6373 [FIL] GG495 [EXPTIME] 60.0 [Date] 2020-04-16T15:12:05 [Time] 15:12:05
119/341 2MUCD11188-20200416@151320-Eden.fts [TYPE] LIGHT [OBJ] 2MUCD11188 [RA] 14 03 22.2917 [Dec] +30 07 54.6373 [FIL] GG495 [EXPTIME] 60.0 [Date] 2020-04-16T15:13:20 [Time] 15:13:20
120/341 2MUCD11188-20200416@151435-Eden.fts [TYPE] LIGHT [OBJ] 2MUCD11188 [RA] 14 03 22.2917 [Dec] +30 07 54.6373 [FIL] GG495 [EXPTIME] 60.0 [Date] 2020-04-16T15:14:37 [Time] 15:14:37
121/341 2MUCD11188-20200416@151553-Eden.fts [TYPE] LIGHT [OBJ] 2MUCD11188 [RA] 14 03 22.2917 [Dec] +30 07 54.6373 [FIL] GG495 [EXPTIME] 60.0 [Date] 2020-04-16T15:15:53 [Time] 15:15:53
122/341 2MUCD11188-20200416@151707-Eden.fts [TYPE] LIGHT [OBJ] 2MUCD11188 [RA] 14 03 22.2917 [Dec] +30 07 54.6373 [FIL] GG495 [EXPTIME] 60.0 [Date] 2020-04-16T15:17:07 [Time] 15:17:07
123/341 2MUCD11188-20200416@151823-Eden.fts [TYPE] LIGHT [OBJ] 2MUCD11188 [RA] 14 03 22.2917 [Dec] +30 07 54.6373 [FIL] GG495 [EXPTIME] 60.0 [Date] 2020-04-16T15:18:23 [Time] 15:18:23
124/341 2MUCD11188-20200416@151937-Eden.fts [TYPE] LIGHT [OBJ] 2MUCD11188 [RA] 14 03 22.2917 [Dec] +30 07 54.6373 [FIL] GG495 [EXPTIME] 60.0 [Date] 2020-04-16T15:19:37 [Time] 15:19:37
125/341 2MUCD11188-20200416@152052-Eden.fts [TYPE] LIGHT [OBJ] 2MUCD11188 [RA] 14 03 22.2917 [Dec] +30 07 54.6373 [FIL] GG495 [EXPTIME] 60.0 [Date] 2020-04-16T15:20:52 [Time] 15:20:52
126/341 2MUCD11188-20200416@152207-Eden.fts [TYPE] LIGHT [OBJ] 2MUCD11188 [RA] 14 03 22.2917 [Dec] +30 07 54.6373 [FIL] GG495 [EXPTIME] 60.0 [Date] 2020-04-16T15:22:07 [Time] 15:22:07
127/341 2MUCD11188-20200416@152321-Eden.fts [TYPE] LIGHT [OBJ] 2MUCD11188 [RA] 14 03 22.2917 [Dec] +30 07 54.6373 [FIL] GG495 [EXPTIME] 60.0 [Date] 2020-04-16T15:23:22 [Time] 15:23:22
128/341 2MUCD11188-20200416@152436-Eden.fts [TYPE] LIGHT [OBJ] 2MUCD11188 [RA] 14 03 22.2917 [Dec] +30 07 54.6373 [FIL] GG495 [EXPTIME] 60.0 [Date] 2020-04-16T15:24:36 [Time] 15:24:36
129/341 2MUCD11188-20200416@152552-Eden.fts [TYPE] LIGHT [OBJ] 2MUCD11188 [RA] 14 03 22.2917 [Dec] +30 07 54.6373 [FIL] GG495 [EXPTIME] 60.0 [Date] 2020-04-16T15:25:53 [Time] 15:25:53
130/341 2MUCD11188-20200416@152706-Eden.fts [TYPE] LIGHT [OBJ] 2MUCD11188 [RA] 14 03 22.2917 [Dec] +30 07 54.6373 [FIL] GG495 [EXPTIME] 60.0 [Date] 2020-04-16T15:27:06 [Time] 15:27:06
131/341 2MUCD11188-20200416@152821-Eden.fts [TYPE] LIGHT [OBJ] 2MUCD11188 [RA] 14 03 22.2917 [Dec] +30 07 54.6373 [FIL] GG495 [EXPTIME] 60.0 [Date] 2020-04-16T15:28:21 [Time] 15:28:21
132/341 2MUCD11188-20200416@155521-Eden.fts [TYPE] LIGHT [OBJ] 2MUCD11188 [RA] 14 03 22.2917 [Dec] +30 07 54.6373 [FIL] GG495 [EXPTIME] 60.0 [Date] 2020-04-16T15:55:33 [Time] 15:55:33
133/341 2MUCD11188-20200416@155648-Eden.fts [TYPE] LIGHT [OBJ] 2MUCD11188 [RA] 14 03 22.2917 [Dec] +30 07 54.6373 [FIL] GG495 [EXPTIME] 60.0 [Date] 2020-04-16T15:56:48 [Time] 15:56:48
134/341 2MUCD11188-20200416@155802-Eden.fts [TYPE] LIGHT [OBJ] 2MUCD11188 [RA] 14 03 22.2917 [Dec] +30 07 54.6373 [FIL] GG495 [EXPTIME] 60.0 [Date] 2020-04-16T15:58:02 [Time] 15:58:02
135/341 2MUCD11188-20200416@155917-Eden.fts [TYPE] LIGHT [OBJ] 2MUCD11188 [RA] 14 03 22.2917 [Dec] +30 07 54.6373 [FIL] GG495 [EXPTIME] 60.0 [Date] 2020-04-16T15:59:18 [Time] 15:59:18
136/341 2MUCD11188-20200416@160031-Eden.fts [TYPE] LIGHT [OBJ] 2MUCD11188 [RA] 14 03 22.2917 [Dec] +30 07 54.6373 [FIL] GG495 [EXPTIME] 60.0 [Date] 2020-04-16T16:00:32 [Time] 16:00:32
137/341 2MUCD11188-20200416@160147-Eden.fts [TYPE] LIGHT [OBJ] 2MUCD11188 [RA] 14 03 22.2917 [Dec] +30 07 54.6373 [FIL] GG495 [EXPTIME] 60.0 [Date] 2020-04-16T16:01:47 [Time] 16:01:47
138/341 2MUCD11188-20200416@160303-Eden.fts [TYPE] LIGHT [OBJ] 2MUCD11188 [RA] 14 03 22.2917 [Dec] +30 07 54.6373 [FIL] GG495 [EXPTIME] 60.0 [Date] 2020-04-16T16:03:04 [Time] 16:03:04
139/341 2MUCD11188-20200416@160418-Eden.fts [TYPE] LIGHT [OBJ] 2MUCD11188 [RA] 14 03 22.2917 [Dec] +30 07 54.6373 [FIL] GG495 [EXPTIME] 60.0 [Date] 2020-04-16T16:04:18 [Time] 16:04:18
140/341 2MUCD11188-20200416@160533-Eden.fts [TYPE] LIGHT [OBJ] 2MUCD11188 [RA] 14 03 22.2917 [Dec] +30 07 54.6373 [FIL] GG495 [EXPTIME] 60.0 [Date] 2020-04-16T16:05:33 [Time] 16:05:33
141/341 2MUCD11188-20200416@160647-Eden.fts [TYPE] LIGHT [OBJ] 2MUCD11188 [RA] 14 03 22.2917 [Dec] +30 07 54.6373 [FIL] GG495 [EXPTIME] 60.0 [Date] 2020-04-16T16:06:47 [Time] 16:06:47
142/341 2MUCD11188-20200416@160801-Eden.fts [TYPE] LIGHT [OBJ] 2MUCD11188 [RA] 14 03 22.2917 [Dec] +30 07 54.6373 [FIL] GG495 [EXPTIME] 60.0 [Date] 2020-04-16T16:08:02 [Time] 16:08:02
143/341 2MUCD11188-20200416@160916-Eden.fts [TYPE] LIGHT [OBJ] 2MUCD11188 [RA] 14 03 22.2917 [Dec] +30 07 54.6373 [FIL] GG495 [EXPTIME] 60.0 [Date] 2020-04-16T16:09:17 [Time] 16:09:17
144/341 2MUCD11188-20200416@161031-Eden.fts [TYPE] LIGHT [OBJ] 2MUCD11188 [RA] 14 03 22.2917 [Dec] +30 07 54.6373 [FIL] GG495 [EXPTIME] 60.0 [Date] 2020-04-16T16:10:31 [Time] 16:10:31
145/341 2MUCD11188-20200416@161145-Eden.fts [TYPE] LIGHT [OBJ] 2MUCD11188 [RA] 14 03 22.2917 [Dec] +30 07 54.6373 [FIL] GG495 [EXPTIME] 60.0 [Date] 2020-04-16T16:11:46 [Time] 16:11:46
146/341 2MUCD11188-20200416@161300-Eden.fts [TYPE] LIGHT [OBJ] 2MUCD11188 [RA] 14 03 22.2917 [Dec] +30 07 54.6373 [FIL] GG495 [EXPTIME] 60.0 [Date] 2020-04-16T16:13:00 [Time] 16:13:00
147/341 2MUCD11188-20200416@161414-Eden.fts [TYPE] LIGHT [OBJ] 2MUCD11188 [RA] 14 03 22.2917 [Dec] +30 07 54.6373 [FIL] GG495 [EXPTIME] 60.0 [Date] 2020-04-16T16:14:15 [Time] 16:14:15
148/341 2MUCD11188-20200416@161529-Eden.fts [TYPE] LIGHT [OBJ] 2MUCD11188 [RA] 14 03 22.2917 [Dec] +30 07 54.6373 [FIL] GG495 [EXPTIME] 60.0 [Date] 2020-04-16T16:15:30 [Time] 16:15:30
149/341 2MUCD11188-20200416@161644-Eden.fts [TYPE] LIGHT [OBJ] 2MUCD11188 [RA] 14 03 22.2917 [Dec] +30 07 54.6373 [FIL] GG495 [EXPTIME] 60.0 [Date] 2020-04-16T16:16:45 [Time] 16:16:45
150/341 2MUCD11188-20200416@161800-Eden.fts [TYPE] LIGHT [OBJ] 2MUCD11188 [RA] 14 03 22.2917 [Dec] +30 07 54.6373 [FIL] GG495 [EXPTIME] 60.0 [Date] 2020-04-16T16:18:01 [Time] 16:18:01
151/341 2MUCD11188-20200416@161914-Eden.fts [TYPE] LIGHT [OBJ] 2MUCD11188 [RA] 14 03 22.2917 [Dec] +30 07 54.6373 [FIL] GG495 [EXPTIME] 60.0 [Date] 2020-04-16T16:19:14 [Time] 16:19:14
152/341 2MUCD11188-20200416@162029-Eden.fts [TYPE] LIGHT [OBJ] 2MUCD11188 [RA] 14 03 22.2917 [Dec] +30 07 54.6373 [FIL] GG495 [EXPTIME] 60.0 [Date] 2020-04-16T16:20:30 [Time] 16:20:30
153/341 2MUCD11188-20200416@162145-Eden.fts [TYPE] LIGHT [OBJ] 2MUCD11188 [RA] 14 03 22.2917 [Dec] +30 07 54.6373 [FIL] GG495 [EXPTIME] 60.0 [Date] 2020-04-16T16:21:46 [Time] 16:21:46
154/341 2MUCD11188-20200416@162300-Eden.fts [TYPE] LIGHT [OBJ] 2MUCD11188 [RA] 14 03 22.2917 [Dec] +30 07 54.6373 [FIL] GG495 [EXPTIME] 60.0 [Date] 2020-04-16T16:23:01 [Time] 16:23:01
155/341 2MUCD11188-20200416@162415-Eden.fts [TYPE] LIGHT [OBJ] 2MUCD11188 [RA] 14 03 22.2917 [Dec] +30 07 54.6373 [FIL] GG495 [EXPTIME] 60.0 [Date] 2020-04-16T16:24:15 [Time] 16:24:15
156/341 2MUCD11188-20200416@162529-Eden.fts [TYPE] LIGHT [OBJ] 2MUCD11188 [RA] 14 03 22.2917 [Dec] +30 07 54.6373 [FIL] GG495 [EXPTIME] 60.0 [Date] 2020-04-16T16:25:29 [Time] 16:25:29
157/341 2MUCD11188-20200416@162644-Eden.fts [TYPE] LIGHT [OBJ] 2MUCD11188 [RA] 14 03 22.2917 [Dec] +30 07 54.6373 [FIL] GG495 [EXPTIME] 60.0 [Date] 2020-04-16T16:26:45 [Time] 16:26:45
158/341 2MUCD11188-20200416@162759-Eden.fts [TYPE] LIGHT [OBJ] 2MUCD11188 [RA] 14 03 22.2917 [Dec] +30 07 54.6373 [FIL] GG495 [EXPTIME] 60.0 [Date] 2020-04-16T16:28:00 [Time] 16:28:00
159/341 2MUCD11188-20200416@162913-Eden.fts [TYPE] LIGHT [OBJ] 2MUCD11188 [RA] 14 03 22.2917 [Dec] +30 07 54.6373 [FIL] GG495 [EXPTIME] 60.0 [Date] 2020-04-16T16:29:14 [Time] 16:29:14
160/341 2MUCD11188-20200416@163029-Eden.fts [TYPE] LIGHT [OBJ] 2MUCD11188 [RA] 14 03 22.2917 [Dec] +30 07 54.6373 [FIL] GG495 [EXPTIME] 60.0 [Date] 2020-04-16T16:30:29 [Time] 16:30:29
161/341 2MUCD11188-20200416@163143-Eden.fts [TYPE] LIGHT [OBJ] 2MUCD11188 [RA] 14 03 22.2917 [Dec] +30 07 54.6373 [FIL] GG495 [EXPTIME] 60.0 [Date] 2020-04-16T16:31:44 [Time] 16:31:44
162/341 2MUCD11188-20200416@163257-Eden.fts [TYPE] LIGHT [OBJ] 2MUCD11188 [RA] 14 03 22.2917 [Dec] +30 07 54.6373 [FIL] GG495 [EXPTIME] 60.0 [Date] 2020-04-16T16:32:58 [Time] 16:32:58
163/341 2MUCD11188-20200416@163412-Eden.fts [TYPE] LIGHT [OBJ] 2MUCD11188 [RA] 14 03 22.2917 [Dec] +30 07 54.6373 [FIL] GG495 [EXPTIME] 60.0 [Date] 2020-04-16T16:34:12 [Time] 16:34:12
164/341 2MUCD11188-20200416@163525-Eden.fts [TYPE] LIGHT [OBJ] 2MUCD11188 [RA] 14 03 22.2917 [Dec] +30 07 54.6373 [FIL] GG495 [EXPTIME] 60.0 [Date] 2020-04-16T16:35:26 [Time] 16:35:26
165/341 2MUCD11188-20200416@163641-Eden.fts [TYPE] LIGHT [OBJ] 2MUCD11188 [RA] 14 03 22.2917 [Dec] +30 07 54.6373 [FIL] GG495 [EXPTIME] 60.0 [Date] 2020-04-16T16:36:41 [Time] 16:36:41
166/341 2MUCD11188-20200416@163756-Eden.fts [TYPE] LIGHT [OBJ] 2MUCD11188 [RA] 14 03 22.2917 [Dec] +30 07 54.6373 [FIL] GG495 [EXPTIME] 60.0 [Date] 2020-04-16T16:37:56 [Time] 16:37:56
167/341 2MUCD11188-20200416@163911-Eden.fts [TYPE] LIGHT [OBJ] 2MUCD11188 [RA] 14 03 22.2917 [Dec] +30 07 54.6373 [FIL] GG495 [EXPTIME] 60.0 [Date] 2020-04-16T16:39:11 [Time] 16:39:11
168/341 2MUCD11188-20200416@164027-Eden.fts [TYPE] LIGHT [OBJ] 2MUCD11188 [RA] 14 03 22.2917 [Dec] +30 07 54.6373 [FIL] GG495 [EXPTIME] 60.0 [Date] 2020-04-16T16:40:27 [Time] 16:40:27
169/341 2MUCD11188-20200416@164142-Eden.fts [TYPE] LIGHT [OBJ] 2MUCD11188 [RA] 14 03 22.2917 [Dec] +30 07 54.6373 [FIL] GG495 [EXPTIME] 60.0 [Date] 2020-04-16T16:41:42 [Time] 16:41:42
170/341 2MUCD11188-20200416@164255-Eden.fts [TYPE] LIGHT [OBJ] 2MUCD11188 [RA] 14 03 22.2917 [Dec] +30 07 54.6373 [FIL] GG495 [EXPTIME] 60.0 [Date] 2020-04-16T16:42:56 [Time] 16:42:56
171/341 2MUCD11188-20200416@164411-Eden.fts [TYPE] LIGHT [OBJ] 2MUCD11188 [RA] 14 03 22.2917 [Dec] +30 07 54.6373 [FIL] GG495 [EXPTIME] 60.0 [Date] 2020-04-16T16:44:12 [Time] 16:44:12
172/341 2MUCD11188-20200416@164525-Eden.fts [TYPE] LIGHT [OBJ] 2MUCD11188 [RA] 14 03 22.2917 [Dec] +30 07 54.6373 [FIL] GG495 [EXPTIME] 60.0 [Date] 2020-04-16T16:45:27 [Time] 16:45:27
173/341 2MUCD11188-20200416@164640-Eden.fts [TYPE] LIGHT [OBJ] 2MUCD11188 [RA] 14 03 22.2917 [Dec] +30 07 54.6373 [FIL] GG495 [EXPTIME] 60.0 [Date] 2020-04-16T16:46:41 [Time] 16:46:41
174/341 2MUCD11188-20200416@164755-Eden.fts [TYPE] LIGHT [OBJ] 2MUCD11188 [RA] 14 03 22.2917 [Dec] +30 07 54.6373 [FIL] GG495 [EXPTIME] 60.0 [Date] 2020-04-16T16:47:55 [Time] 16:47:55
175/341 2MUCD11188-20200416@164910-Eden.fts [TYPE] LIGHT [OBJ] 2MUCD11188 [RA] 14 03 22.2917 [Dec] +30 07 54.6373 [FIL] GG495 [EXPTIME] 60.0 [Date] 2020-04-16T16:49:11 [Time] 16:49:11
176/341 2MUCD11188-20200416@165025-Eden.fts [TYPE] LIGHT [OBJ] 2MUCD11188 [RA] 14 03 22.2917 [Dec] +30 07 54.6373 [FIL] GG495 [EXPTIME] 60.0 [Date] 2020-04-16T16:50:26 [Time] 16:50:26
177/341 2MUCD11188-20200416@165140-Eden.fts [TYPE] LIGHT [OBJ] 2MUCD11188 [RA] 14 03 22.2917 [Dec] +30 07 54.6373 [FIL] GG495 [EXPTIME] 60.0 [Date] 2020-04-16T16:51:40 [Time] 16:51:40
178/341 2MUCD11188-20200416@165255-Eden.fts [TYPE] LIGHT [OBJ] 2MUCD11188 [RA] 14 03 22.2917 [Dec] +30 07 54.6373 [FIL] GG495 [EXPTIME] 60.0 [Date] 2020-04-16T16:52:55 [Time] 16:52:55
179/341 2MUCD11188-20200416@165411-Eden.fts [TYPE] LIGHT [OBJ] 2MUCD11188 [RA] 14 03 22.2917 [Dec] +30 07 54.6373 [FIL] GG495 [EXPTIME] 60.0 [Date] 2020-04-16T16:54:11 [Time] 16:54:11
180/341 2MUCD11188-20200416@165525-Eden.fts [TYPE] LIGHT [OBJ] 2MUCD11188 [RA] 14 03 22.2917 [Dec] +30 07 54.6373 [FIL] GG495 [EXPTIME] 60.0 [Date] 2020-04-16T16:55:25 [Time] 16:55:25
181/341 2MUCD11188-20200416@165639-Eden.fts [TYPE] LIGHT [OBJ] 2MUCD11188 [RA] 14 03 22.2917 [Dec] +30 07 54.6373 [FIL] GG495 [EXPTIME] 60.0 [Date] 2020-04-16T16:56:40 [Time] 16:56:40
182/341 2MUCD11188-20200416@165754-Eden.fts [TYPE] LIGHT [OBJ] 2MUCD11188 [RA] 14 03 22.2917 [Dec] +30 07 54.6373 [FIL] GG495 [EXPTIME] 60.0 [Date] 2020-04-16T16:57:55 [Time] 16:57:55
183/341 2MUCD11188-20200416@165909-Eden.fts [TYPE] LIGHT [OBJ] 2MUCD11188 [RA] 14 03 22.2917 [Dec] +30 07 54.6373 [FIL] GG495 [EXPTIME] 60.0 [Date] 2020-04-16T16:59:09 [Time] 16:59:09
184/341 2MUCD11188-20200416@170025-Eden.fts [TYPE] LIGHT [OBJ] 2MUCD11188 [RA] 14 03 22.2917 [Dec] +30 07 54.6373 [FIL] GG495 [EXPTIME] 60.0 [Date] 2020-04-16T17:00:25 [Time] 17:00:25
185/341 2MUCD11188-20200416@170139-Eden.fts [TYPE] LIGHT [OBJ] 2MUCD11188 [RA] 14 03 22.2917 [Dec] +30 07 54.6373 [FIL] GG495 [EXPTIME] 60.0 [Date] 2020-04-16T17:01:39 [Time] 17:01:39
186/341 2MUCD11188-20200416@170253-Eden.fts [TYPE] LIGHT [OBJ] 2MUCD11188 [RA] 14 03 22.2917 [Dec] +30 07 54.6373 [FIL] GG495 [EXPTIME] 60.0 [Date] 2020-04-16T17:02:53 [Time] 17:02:53
187/341 2MUCD11188-20200416@170407-Eden.fts [TYPE] LIGHT [OBJ] 2MUCD11188 [RA] 14 03 22.2917 [Dec] +30 07 54.6373 [FIL] GG495 [EXPTIME] 60.0 [Date] 2020-04-16T17:04:07 [Time] 17:04:07
188/341 2MUCD11188-20200416@170521-Eden.fts [TYPE] LIGHT [OBJ] 2MUCD11188 [RA] 14 03 22.2917 [Dec] +30 07 54.6373 [FIL] GG495 [EXPTIME] 60.0 [Date] 2020-04-16T17:05:22 [Time] 17:05:22
189/341 2MUCD11188-20200416@170636-Eden.fts [TYPE] LIGHT [OBJ] 2MUCD11188 [RA] 14 03 22.2917 [Dec] +30 07 54.6373 [FIL] GG495 [EXPTIME] 60.0 [Date] 2020-04-16T17:06:36 [Time] 17:06:36
190/341 2MUCD11188-20200416@170750-Eden.fts [TYPE] LIGHT [OBJ] 2MUCD11188 [RA] 14 03 22.2917 [Dec] +30 07 54.6373 [FIL] GG495 [EXPTIME] 60.0 [Date] 2020-04-16T17:07:50 [Time] 17:07:50
191/341 2MUCD11188-20200416@170905-Eden.fts [TYPE] LIGHT [OBJ] 2MUCD11188 [RA] 14 03 22.2917 [Dec] +30 07 54.6373 [FIL] GG495 [EXPTIME] 60.0 [Date] 2020-04-16T17:09:05 [Time] 17:09:05
192/341 2MUCD11188-20200416@171020-Eden.fts [TYPE] LIGHT [OBJ] 2MUCD11188 [RA] 14 03 22.2917 [Dec] +30 07 54.6373 [FIL] GG495 [EXPTIME] 60.0 [Date] 2020-04-16T17:10:20 [Time] 17:10:20
193/341 2MUCD11188-20200416@171134-Eden.fts [TYPE] LIGHT [OBJ] 2MUCD11188 [RA] 14 03 22.2917 [Dec] +30 07 54.6373 [FIL] GG495 [EXPTIME] 60.0 [Date] 2020-04-16T17:11:34 [Time] 17:11:34
194/341 2MUCD11188-20200416@171249-Eden.fts [TYPE] LIGHT [OBJ] 2MUCD11188 [RA] 14 03 22.2917 [Dec] +30 07 54.6373 [FIL] GG495 [EXPTIME] 60.0 [Date] 2020-04-16T17:12:50 [Time] 17:12:50
195/341 2MUCD11188-20200416@171404-Eden.fts [TYPE] LIGHT [OBJ] 2MUCD11188 [RA] 14 03 22.2917 [Dec] +30 07 54.6373 [FIL] GG495 [EXPTIME] 60.0 [Date] 2020-04-16T17:14:04 [Time] 17:14:04
196/341 2MUCD11188-20200416@171518-Eden.fts [TYPE] LIGHT [OBJ] 2MUCD11188 [RA] 14 03 22.2917 [Dec] +30 07 54.6373 [FIL] GG495 [EXPTIME] 60.0 [Date] 2020-04-16T17:15:18 [Time] 17:15:18
197/341 2MUCD11188-20200416@171632-Eden.fts [TYPE] LIGHT [OBJ] 2MUCD11188 [RA] 14 03 22.2917 [Dec] +30 07 54.6373 [FIL] GG495 [EXPTIME] 60.0 [Date] 2020-04-16T17:16:32 [Time] 17:16:32
198/341 2MUCD11188-20200416@171747-Eden.fts [TYPE] LIGHT [OBJ] 2MUCD11188 [RA] 14 03 22.2917 [Dec] +30 07 54.6373 [FIL] GG495 [EXPTIME] 60.0 [Date] 2020-04-16T17:17:48 [Time] 17:17:48
199/341 2MUCD11188-20200416@171902-Eden.fts [TYPE] LIGHT [OBJ] 2MUCD11188 [RA] 14 03 22.2917 [Dec] +30 07 54.6373 [FIL] GG495 [EXPTIME] 60.0 [Date] 2020-04-16T17:19:02 [Time] 17:19:02
200/341 2MUCD11188-20200416@172016-Eden.fts [TYPE] LIGHT [OBJ] 2MUCD11188 [RA] 14 03 22.2917 [Dec] +30 07 54.6373 [FIL] GG495 [EXPTIME] 60.0 [Date] 2020-04-16T17:20:16 [Time] 17:20:16
201/341 2MUCD11188-20200416@172130-Eden.fts [TYPE] LIGHT [OBJ] 2MUCD11188 [RA] 14 03 22.2917 [Dec] +30 07 54.6373 [FIL] GG495 [EXPTIME] 60.0 [Date] 2020-04-16T17:21:31 [Time] 17:21:31
202/341 2MUCD11188-20200416@172246-Eden.fts [TYPE] LIGHT [OBJ] 2MUCD11188 [RA] 14 03 22.2917 [Dec] +30 07 54.6373 [FIL] GG495 [EXPTIME] 60.0 [Date] 2020-04-16T17:22:46 [Time] 17:22:46
203/341 2MUCD11188-20200416@172400-Eden.fts [TYPE] LIGHT [OBJ] 2MUCD11188 [RA] 14 03 22.2917 [Dec] +30 07 54.6373 [FIL] GG495 [EXPTIME] 60.0 [Date] 2020-04-16T17:24:01 [Time] 17:24:01
204/341 2MUCD11188-20200416@172515-Eden.fts [TYPE] LIGHT [OBJ] 2MUCD11188 [RA] 14 03 22.2917 [Dec] +30 07 54.6373 [FIL] GG495 [EXPTIME] 60.0 [Date] 2020-04-16T17:25:16 [Time] 17:25:16
205/341 2MUCD11188-20200416@172629-Eden.fts [TYPE] LIGHT [OBJ] 2MUCD11188 [RA] 14 03 22.2917 [Dec] +30 07 54.6373 [FIL] GG495 [EXPTIME] 60.0 [Date] 2020-04-16T17:26:29 [Time] 17:26:29
206/341 2MUCD11188-20200416@172744-Eden.fts [TYPE] LIGHT [OBJ] 2MUCD11188 [RA] 14 03 22.2917 [Dec] +30 07 54.6373 [FIL] GG495 [EXPTIME] 60.0 [Date] 2020-04-16T17:27:44 [Time] 17:27:44
207/341 2MUCD11188-20200416@172901-Eden.fts [TYPE] LIGHT [OBJ] 2MUCD11188 [RA] 14 03 22.2917 [Dec] +30 07 54.6373 [FIL] GG495 [EXPTIME] 60.0 [Date] 2020-04-16T17:29:01 [Time] 17:29:01
208/341 2MUCD11188-20200416@173017-Eden.fts [TYPE] LIGHT [OBJ] 2MUCD11188 [RA] 14 03 22.2917 [Dec] +30 07 54.6373 [FIL] GG495 [EXPTIME] 60.0 [Date] 2020-04-16T17:30:17 [Time] 17:30:17
209/341 2MUCD11188-20200416@173131-Eden.fts [TYPE] LIGHT [OBJ] 2MUCD11188 [RA] 14 03 22.2917 [Dec] +30 07 54.6373 [FIL] GG495 [EXPTIME] 60.0 [Date] 2020-04-16T17:31:31 [Time] 17:31:31
210/341 2MUCD11188-20200416@173244-Eden.fts [TYPE] LIGHT [OBJ] 2MUCD11188 [RA] 14 03 22.2917 [Dec] +30 07 54.6373 [FIL] GG495 [EXPTIME] 60.0 [Date] 2020-04-16T17:32:44 [Time] 17:32:44
211/341 2MUCD11188-20200416@173358-Eden.fts [TYPE] LIGHT [OBJ] 2MUCD11188 [RA] 14 03 22.2917 [Dec] +30 07 54.6373 [FIL] GG495 [EXPTIME] 60.0 [Date] 2020-04-16T17:33:59 [Time] 17:33:59
212/341 2MUCD11188-20200416@173514-Eden.fts [TYPE] LIGHT [OBJ] 2MUCD11188 [RA] 14 03 22.2917 [Dec] +30 07 54.6373 [FIL] GG495 [EXPTIME] 60.0 [Date] 2020-04-16T17:35:15 [Time] 17:35:15
213/341 2MUCD11188-20200416@173629-Eden.fts [TYPE] LIGHT [OBJ] 2MUCD11188 [RA] 14 03 22.2917 [Dec] +30 07 54.6373 [FIL] GG495 [EXPTIME] 60.0 [Date] 2020-04-16T17:36:30 [Time] 17:36:30
214/341 2MUCD11188-20200416@173746-Eden.fts [TYPE] LIGHT [OBJ] 2MUCD11188 [RA] 14 03 22.2917 [Dec] +30 07 54.6373 [FIL] GG495 [EXPTIME] 60.0 [Date] 2020-04-16T17:37:46 [Time] 17:37:46
215/341 2MUCD11188-20200416@173900-Eden.fts [TYPE] LIGHT [OBJ] 2MUCD11188 [RA] 14 03 22.2917 [Dec] +30 07 54.6373 [FIL] GG495 [EXPTIME] 60.0 [Date] 2020-04-16T17:39:01 [Time] 17:39:01
216/341 2MUCD11188-20200416@174015-Eden.fts [TYPE] LIGHT [OBJ] 2MUCD11188 [RA] 14 03 22.2917 [Dec] +30 07 54.6373 [FIL] GG495 [EXPTIME] 60.0 [Date] 2020-04-16T17:40:15 [Time] 17:40:15
217/341 2MUCD11188-20200416@174130-Eden.fts [TYPE] LIGHT [OBJ] 2MUCD11188 [RA] 14 03 22.2917 [Dec] +30 07 54.6373 [FIL] GG495 [EXPTIME] 60.0 [Date] 2020-04-16T17:41:31 [Time] 17:41:31
218/341 2MUCD11188-20200416@174245-Eden.fts [TYPE] LIGHT [OBJ] 2MUCD11188 [RA] 14 03 22.2917 [Dec] +30 07 54.6373 [FIL] GG495 [EXPTIME] 60.0 [Date] 2020-04-16T17:42:45 [Time] 17:42:45
219/341 2MUCD11188-20200416@174400-Eden.fts [TYPE] LIGHT [OBJ] 2MUCD11188 [RA] 14 03 22.2917 [Dec] +30 07 54.6373 [FIL] GG495 [EXPTIME] 60.0 [Date] 2020-04-16T17:44:00 [Time] 17:44:00
220/341 2MUCD11188-20200416@174515-Eden.fts [TYPE] LIGHT [OBJ] 2MUCD11188 [RA] 14 03 22.2917 [Dec] +30 07 54.6373 [FIL] GG495 [EXPTIME] 60.0 [Date] 2020-04-16T17:45:15 [Time] 17:45:15
221/341 2MUCD11188-20200416@174630-Eden.fts [TYPE] LIGHT [OBJ] 2MUCD11188 [RA] 14 03 22.2917 [Dec] +30 07 54.6373 [FIL] GG495 [EXPTIME] 60.0 [Date] 2020-04-16T17:46:30 [Time] 17:46:30
222/341 2MUCD11188-20200416@174745-Eden.fts [TYPE] LIGHT [OBJ] 2MUCD11188 [RA] 14 03 22.2917 [Dec] +30 07 54.6373 [FIL] GG495 [EXPTIME] 60.0 [Date] 2020-04-16T17:47:46 [Time] 17:47:46
223/341 2MUCD11188-20200416@174859-Eden.fts [TYPE] LIGHT [OBJ] 2MUCD11188 [RA] 14 03 22.2917 [Dec] +30 07 54.6373 [FIL] GG495 [EXPTIME] 60.0 [Date] 2020-04-16T17:48:59 [Time] 17:48:59
224/341 2MUCD11188-20200416@181342-Eden.fts [TYPE] LIGHT [OBJ] 2MUCD11188 [RA] 14 03 22.2917 [Dec] +30 07 54.6373 [FIL] GG495 [EXPTIME] 60.0 [Date] 2020-04-16T18:13:55 [Time] 18:13:55
225/341 2MUCD11188-20200416@181509-Eden.fts [TYPE] LIGHT [OBJ] 2MUCD11188 [RA] 14 03 22.2917 [Dec] +30 07 54.6373 [FIL] GG495 [EXPTIME] 60.0 [Date] 2020-04-16T18:15:09 [Time] 18:15:09
226/341 2MUCD11188-20200416@181624-Eden.fts [TYPE] LIGHT [OBJ] 2MUCD11188 [RA] 14 03 22.2917 [Dec] +30 07 54.6373 [FIL] GG495 [EXPTIME] 60.0 [Date] 2020-04-16T18:16:24 [Time] 18:16:24
227/341 2MUCD11188-20200416@181737-Eden.fts [TYPE] LIGHT [OBJ] 2MUCD11188 [RA] 14 03 22.2917 [Dec] +30 07 54.6373 [FIL] GG495 [EXPTIME] 60.0 [Date] 2020-04-16T18:17:38 [Time] 18:17:38
228/341 2MUCD11188-20200416@181852-Eden.fts [TYPE] LIGHT [OBJ] 2MUCD11188 [RA] 14 03 22.2917 [Dec] +30 07 54.6373 [FIL] GG495 [EXPTIME] 60.0 [Date] 2020-04-16T18:18:52 [Time] 18:18:52
229/341 2MUCD11188-20200416@182006-Eden.fts [TYPE] LIGHT [OBJ] 2MUCD11188 [RA] 14 03 22.2917 [Dec] +30 07 54.6373 [FIL] GG495 [EXPTIME] 60.0 [Date] 2020-04-16T18:20:07 [Time] 18:20:07
230/341 2MUCD11188-20200416@182121-Eden.fts [TYPE] LIGHT [OBJ] 2MUCD11188 [RA] 14 03 22.2917 [Dec] +30 07 54.6373 [FIL] GG495 [EXPTIME] 60.0 [Date] 2020-04-16T18:21:21 [Time] 18:21:21
231/341 2MUCD11188-20200416@182235-Eden.fts [TYPE] LIGHT [OBJ] 2MUCD11188 [RA] 14 03 22.2917 [Dec] +30 07 54.6373 [FIL] GG495 [EXPTIME] 60.0 [Date] 2020-04-16T18:22:36 [Time] 18:22:36
232/341 2MUCD11188-20200416@182350-Eden.fts [TYPE] LIGHT [OBJ] 2MUCD11188 [RA] 14 03 22.2917 [Dec] +30 07 54.6373 [FIL] GG495 [EXPTIME] 60.0 [Date] 2020-04-16T18:23:50 [Time] 18:23:50
233/341 2MUCD11188-20200416@182505-Eden.fts [TYPE] LIGHT [OBJ] 2MUCD11188 [RA] 14 03 22.2917 [Dec] +30 07 54.6373 [FIL] GG495 [EXPTIME] 60.0 [Date] 2020-04-16T18:25:05 [Time] 18:25:05
234/341 2MUCD11188-20200416@182620-Eden.fts [TYPE] LIGHT [OBJ] 2MUCD11188 [RA] 14 03 22.2917 [Dec] +30 07 54.6373 [FIL] GG495 [EXPTIME] 60.0 [Date] 2020-04-16T18:26:20 [Time] 18:26:20
235/341 2MUCD11188-20200416@182734-Eden.fts [TYPE] LIGHT [OBJ] 2MUCD11188 [RA] 14 03 22.2917 [Dec] +30 07 54.6373 [FIL] GG495 [EXPTIME] 60.0 [Date] 2020-04-16T18:27:35 [Time] 18:27:35
236/341 2MUCD11188-20200416@182850-Eden.fts [TYPE] LIGHT [OBJ] 2MUCD11188 [RA] 14 03 22.2917 [Dec] +30 07 54.6373 [FIL] GG495 [EXPTIME] 60.0 [Date] 2020-04-16T18:28:50 [Time] 18:28:50
237/341 2MUCD11188-20200416@183004-Eden.fts [TYPE] LIGHT [OBJ] 2MUCD11188 [RA] 14 03 22.2917 [Dec] +30 07 54.6373 [FIL] GG495 [EXPTIME] 60.0 [Date] 2020-04-16T18:30:04 [Time] 18:30:04
238/341 2MUCD11188-20200416@183117-Eden.fts [TYPE] LIGHT [OBJ] 2MUCD11188 [RA] 14 03 22.2917 [Dec] +30 07 54.6373 [FIL] GG495 [EXPTIME] 60.0 [Date] 2020-04-16T18:31:18 [Time] 18:31:18
239/341 2MUCD11188-20200416@183233-Eden.fts [TYPE] LIGHT [OBJ] 2MUCD11188 [RA] 14 03 22.2917 [Dec] +30 07 54.6373 [FIL] GG495 [EXPTIME] 60.0 [Date] 2020-04-16T18:32:33 [Time] 18:32:33
240/341 2MUCD11188-20200416@183347-Eden.fts [TYPE] LIGHT [OBJ] 2MUCD11188 [RA] 14 03 22.2917 [Dec] +30 07 54.6373 [FIL] GG495 [EXPTIME] 60.0 [Date] 2020-04-16T18:33:48 [Time] 18:33:48
241/341 2MUCD11188-20200416@183502-Eden.fts [TYPE] LIGHT [OBJ] 2MUCD11188 [RA] 14 03 22.2917 [Dec] +30 07 54.6373 [FIL] GG495 [EXPTIME] 60.0 [Date] 2020-04-16T18:35:02 [Time] 18:35:02
242/341 2MUCD11188-20200416@183616-Eden.fts [TYPE] LIGHT [OBJ] 2MUCD11188 [RA] 14 03 22.2917 [Dec] +30 07 54.6373 [FIL] GG495 [EXPTIME] 60.0 [Date] 2020-04-16T18:36:17 [Time] 18:36:17
243/341 2MUCD11188-20200416@183731-Eden.fts [TYPE] LIGHT [OBJ] 2MUCD11188 [RA] 14 03 22.2917 [Dec] +30 07 54.6373 [FIL] GG495 [EXPTIME] 60.0 [Date] 2020-04-16T18:37:31 [Time] 18:37:31
244/341 2MUCD11188-20200416@183845-Eden.fts [TYPE] LIGHT [OBJ] 2MUCD11188 [RA] 14 03 22.2917 [Dec] +30 07 54.6373 [FIL] GG495 [EXPTIME] 60.0 [Date] 2020-04-16T18:38:46 [Time] 18:38:46
245/341 2MUCD11188-20200416@184001-Eden.fts [TYPE] LIGHT [OBJ] 2MUCD11188 [RA] 14 03 22.2917 [Dec] +30 07 54.6373 [FIL] GG495 [EXPTIME] 60.0 [Date] 2020-04-16T18:40:01 [Time] 18:40:01
246/341 2MUCD11188-20200416@184115-Eden.fts [TYPE] LIGHT [OBJ] 2MUCD11188 [RA] 14 03 22.2917 [Dec] +30 07 54.6373 [FIL] GG495 [EXPTIME] 60.0 [Date] 2020-04-16T18:41:15 [Time] 18:41:15
247/341 2MUCD11188-20200416@184230-Eden.fts [TYPE] LIGHT [OBJ] 2MUCD11188 [RA] 14 03 22.2917 [Dec] +30 07 54.6373 [FIL] GG495 [EXPTIME] 60.0 [Date] 2020-04-16T18:42:30 [Time] 18:42:30
248/341 2MUCD11188-20200416@184345-Eden.fts [TYPE] LIGHT [OBJ] 2MUCD11188 [RA] 14 03 22.2917 [Dec] +30 07 54.6373 [FIL] GG495 [EXPTIME] 60.0 [Date] 2020-04-16T18:43:46 [Time] 18:43:46
249/341 2MUCD11188-20200416@184500-Eden.fts [TYPE] LIGHT [OBJ] 2MUCD11188 [RA] 14 03 22.2917 [Dec] +30 07 54.6373 [FIL] GG495 [EXPTIME] 60.0 [Date] 2020-04-16T18:45:00 [Time] 18:45:00
250/341 2MUCD11188-20200416@184614-Eden.fts [TYPE] LIGHT [OBJ] 2MUCD11188 [RA] 14 03 22.2917 [Dec] +30 07 54.6373 [FIL] GG495 [EXPTIME] 60.0 [Date] 2020-04-16T18:46:15 [Time] 18:46:15
251/341 2MUCD11188-20200416@184729-Eden.fts [TYPE] LIGHT [OBJ] 2MUCD11188 [RA] 14 03 22.2917 [Dec] +30 07 54.6373 [FIL] GG495 [EXPTIME] 60.0 [Date] 2020-04-16T18:47:30 [Time] 18:47:30
252/341 2MUCD11188-20200416@184843-Eden.fts [TYPE] LIGHT [OBJ] 2MUCD11188 [RA] 14 03 22.2917 [Dec] +30 07 54.6373 [FIL] GG495 [EXPTIME] 60.0 [Date] 2020-04-16T18:48:43 [Time] 18:48:43
253/341 2MUCD11188-20200416@184958-Eden.fts [TYPE] LIGHT [OBJ] 2MUCD11188 [RA] 14 03 22.2917 [Dec] +30 07 54.6373 [FIL] GG495 [EXPTIME] 60.0 [Date] 2020-04-16T18:49:59 [Time] 18:49:59
254/341 2MUCD11188-20200416@185113-Eden.fts [TYPE] LIGHT [OBJ] 2MUCD11188 [RA] 14 03 22.2917 [Dec] +30 07 54.6373 [FIL] GG495 [EXPTIME] 60.0 [Date] 2020-04-16T18:51:13 [Time] 18:51:13
255/341 2MUCD11188-20200416@185228-Eden.fts [TYPE] LIGHT [OBJ] 2MUCD11188 [RA] 14 03 22.2917 [Dec] +30 07 54.6373 [FIL] GG495 [EXPTIME] 60.0 [Date] 2020-04-16T18:52:28 [Time] 18:52:28
256/341 2MUCD11188-20200416@185343-Eden.fts [TYPE] LIGHT [OBJ] 2MUCD11188 [RA] 14 03 22.2917 [Dec] +30 07 54.6373 [FIL] GG495 [EXPTIME] 60.0 [Date] 2020-04-16T18:53:43 [Time] 18:53:43
257/341 2MUCD11188-20200416@185457-Eden.fts [TYPE] LIGHT [OBJ] 2MUCD11188 [RA] 14 03 22.2917 [Dec] +30 07 54.6373 [FIL] GG495 [EXPTIME] 60.0 [Date] 2020-04-16T18:54:58 [Time] 18:54:58
258/341 2MUCD11188-20200416@185612-Eden.fts [TYPE] LIGHT [OBJ] 2MUCD11188 [RA] 14 03 22.2917 [Dec] +30 07 54.6373 [FIL] GG495 [EXPTIME] 60.0 [Date] 2020-04-16T18:56:13 [Time] 18:56:13
259/341 2MUCD11188-20200416@185727-Eden.fts [TYPE] LIGHT [OBJ] 2MUCD11188 [RA] 14 03 22.2917 [Dec] +30 07 54.6373 [FIL] GG495 [EXPTIME] 60.0 [Date] 2020-04-16T18:57:27 [Time] 18:57:27
260/341 2MUCD11188-20200416@185841-Eden.fts [TYPE] LIGHT [OBJ] 2MUCD11188 [RA] 14 03 22.2917 [Dec] +30 07 54.6373 [FIL] GG495 [EXPTIME] 60.0 [Date] 2020-04-16T18:58:42 [Time] 18:58:42
261/341 2MUCD11188-20200416@185955-Eden.fts [TYPE] LIGHT [OBJ] 2MUCD11188 [RA] 14 03 22.2917 [Dec] +30 07 54.6373 [FIL] GG495 [EXPTIME] 60.0 [Date] 2020-04-16T18:59:56 [Time] 18:59:56
262/341 2MUCD11188-20200416@190110-Eden.fts [TYPE] LIGHT [OBJ] 2MUCD11188 [RA] 14 03 22.2917 [Dec] +30 07 54.6373 [FIL] GG495 [EXPTIME] 60.0 [Date] 2020-04-16T19:01:10 [Time] 19:01:10
263/341 2MUCD11188-20200416@190224-Eden.fts [TYPE] LIGHT [OBJ] 2MUCD11188 [RA] 14 03 22.2917 [Dec] +30 07 54.6373 [FIL] GG495 [EXPTIME] 60.0 [Date] 2020-04-16T19:02:25 [Time] 19:02:25
264/341 2MUCD11188-20200416@190338-Eden.fts [TYPE] LIGHT [OBJ] 2MUCD11188 [RA] 14 03 22.2917 [Dec] +30 07 54.6373 [FIL] GG495 [EXPTIME] 60.0 [Date] 2020-04-16T19:03:38 [Time] 19:03:38
265/341 2MUCD11188-20200416@190452-Eden.fts [TYPE] LIGHT [OBJ] 2MUCD11188 [RA] 14 03 22.2917 [Dec] +30 07 54.6373 [FIL] GG495 [EXPTIME] 60.0 [Date] 2020-04-16T19:04:52 [Time] 19:04:52
266/341 2MUCD11188-20200416@190607-Eden.fts [TYPE] LIGHT [OBJ] 2MUCD11188 [RA] 14 03 22.2917 [Dec] +30 07 54.6373 [FIL] GG495 [EXPTIME] 60.0 [Date] 2020-04-16T19:06:07 [Time] 19:06:07
267/341 2MUCD11188-20200416@190721-Eden.fts [TYPE] LIGHT [OBJ] 2MUCD11188 [RA] 14 03 22.2917 [Dec] +30 07 54.6373 [FIL] GG495 [EXPTIME] 60.0 [Date] 2020-04-16T19:07:22 [Time] 19:07:22
268/341 2MUCD11188-20200416@190836-Eden.fts [TYPE] LIGHT [OBJ] 2MUCD11188 [RA] 14 03 22.2917 [Dec] +30 07 54.6373 [FIL] GG495 [EXPTIME] 60.0 [Date] 2020-04-16T19:08:36 [Time] 19:08:36
269/341 2MUCD11188-20200416@190951-Eden.fts [TYPE] LIGHT [OBJ] 2MUCD11188 [RA] 14 03 22.2917 [Dec] +30 07 54.6373 [FIL] GG495 [EXPTIME] 60.0 [Date] 2020-04-16T19:09:51 [Time] 19:09:51
270/341 2MUCD11188-20200416@191106-Eden.fts [TYPE] LIGHT [OBJ] 2MUCD11188 [RA] 14 03 22.2917 [Dec] +30 07 54.6373 [FIL] GG495 [EXPTIME] 60.0 [Date] 2020-04-16T19:11:06 [Time] 19:11:06
271/341 2MUCD11188-20200416@191220-Eden.fts [TYPE] LIGHT [OBJ] 2MUCD11188 [RA] 14 03 22.2917 [Dec] +30 07 54.6373 [FIL] GG495 [EXPTIME] 60.0 [Date] 2020-04-16T19:12:21 [Time] 19:12:21
272/341 2MUCD11188-20200416@191335-Eden.fts [TYPE] LIGHT [OBJ] 2MUCD11188 [RA] 14 03 22.2917 [Dec] +30 07 54.6373 [FIL] GG495 [EXPTIME] 60.0 [Date] 2020-04-16T19:13:35 [Time] 19:13:35
273/341 2MUCD11188-20200416@191449-Eden.fts [TYPE] LIGHT [OBJ] 2MUCD11188 [RA] 14 03 22.2917 [Dec] +30 07 54.6373 [FIL] GG495 [EXPTIME] 60.0 [Date] 2020-04-16T19:14:49 [Time] 19:14:49
274/341 2MUCD11188-20200416@191605-Eden.fts [TYPE] LIGHT [OBJ] 2MUCD11188 [RA] 14 03 22.2917 [Dec] +30 07 54.6373 [FIL] GG495 [EXPTIME] 60.0 [Date] 2020-04-16T19:16:05 [Time] 19:16:05
275/341 2MUCD11188-20200416@191719-Eden.fts [TYPE] LIGHT [OBJ] 2MUCD11188 [RA] 14 03 22.2917 [Dec] +30 07 54.6373 [FIL] GG495 [EXPTIME] 60.0 [Date] 2020-04-16T19:17:20 [Time] 19:17:20
276/341 2MUCD11188-20200416@191834-Eden.fts [TYPE] LIGHT [OBJ] 2MUCD11188 [RA] 14 03 22.2917 [Dec] +30 07 54.6373 [FIL] GG495 [EXPTIME] 60.0 [Date] 2020-04-16T19:18:34 [Time] 19:18:34
277/341 2MUCD11188-20200416@191949-Eden.fts [TYPE] LIGHT [OBJ] 2MUCD11188 [RA] 14 03 22.2917 [Dec] +30 07 54.6373 [FIL] GG495 [EXPTIME] 60.0 [Date] 2020-04-16T19:19:50 [Time] 19:19:50
278/341 2MUCD11188-20200416@192104-Eden.fts [TYPE] LIGHT [OBJ] 2MUCD11188 [RA] 14 03 22.2917 [Dec] +30 07 54.6373 [FIL] GG495 [EXPTIME] 60.0 [Date] 2020-04-16T19:21:04 [Time] 19:21:04
279/341 2MUCD11188-20200416@192219-Eden.fts [TYPE] LIGHT [OBJ] 2MUCD11188 [RA] 14 03 22.2917 [Dec] +30 07 54.6373 [FIL] GG495 [EXPTIME] 60.0 [Date] 2020-04-16T19:22:19 [Time] 19:22:19
280/341 2MUCD11188-20200416@192333-Eden.fts [TYPE] LIGHT [OBJ] 2MUCD11188 [RA] 14 03 22.2917 [Dec] +30 07 54.6373 [FIL] GG495 [EXPTIME] 60.0 [Date] 2020-04-16T19:23:34 [Time] 19:23:34
281/341 2MUCD11188-20200416@192448-Eden.fts [TYPE] LIGHT [OBJ] 2MUCD11188 [RA] 14 03 22.2917 [Dec] +30 07 54.6373 [FIL] GG495 [EXPTIME] 60.0 [Date] 2020-04-16T19:24:49 [Time] 19:24:49
282/341 2MUCD11188-20200416@192604-Eden.fts [TYPE] LIGHT [OBJ] 2MUCD11188 [RA] 14 03 22.2917 [Dec] +30 07 54.6373 [FIL] GG495 [EXPTIME] 60.0 [Date] 2020-04-16T19:26:04 [Time] 19:26:04
283/341 2MUCD11188-20200416@192718-Eden.fts [TYPE] LIGHT [OBJ] 2MUCD11188 [RA] 14 03 22.2917 [Dec] +30 07 54.6373 [FIL] GG495 [EXPTIME] 60.0 [Date] 2020-04-16T19:27:18 [Time] 19:27:18
284/341 2MUCD11188-20200416@192833-Eden.fts [TYPE] LIGHT [OBJ] 2MUCD11188 [RA] 14 03 22.2917 [Dec] +30 07 54.6373 [FIL] GG495 [EXPTIME] 60.0 [Date] 2020-04-16T19:28:33 [Time] 19:28:33
285/341 2MUCD11188-20200416@192947-Eden.fts [TYPE] LIGHT [OBJ] 2MUCD11188 [RA] 14 03 22.2917 [Dec] +30 07 54.6373 [FIL] GG495 [EXPTIME] 60.0 [Date] 2020-04-16T19:29:48 [Time] 19:29:48
286/341 2MUCD11188-20200416@193102-Eden.fts [TYPE] LIGHT [OBJ] 2MUCD11188 [RA] 14 03 22.2917 [Dec] +30 07 54.6373 [FIL] GG495 [EXPTIME] 60.0 [Date] 2020-04-16T19:31:02 [Time] 19:31:02
287/341 2MUCD11188-20200416@193217-Eden.fts [TYPE] LIGHT [OBJ] 2MUCD11188 [RA] 14 03 22.2917 [Dec] +30 07 54.6373 [FIL] GG495 [EXPTIME] 60.0 [Date] 2020-04-16T19:32:18 [Time] 19:32:18
288/341 2MUCD11188-20200416@193332-Eden.fts [TYPE] LIGHT [OBJ] 2MUCD11188 [RA] 14 03 22.2917 [Dec] +30 07 54.6373 [FIL] GG495 [EXPTIME] 60.0 [Date] 2020-04-16T19:33:32 [Time] 19:33:32
289/341 2MUCD11188-20200416@193446-Eden.fts [TYPE] LIGHT [OBJ] 2MUCD11188 [RA] 14 03 22.2917 [Dec] +30 07 54.6373 [FIL] GG495 [EXPTIME] 60.0 [Date] 2020-04-16T19:34:46 [Time] 19:34:46
290/341 2MUCD11188-20200416@193556-Eden.fts [TYPE] LIGHT [OBJ] 2MUCD11188 [RA] 14 03 22.2917 [Dec] +30 07 54.6373 [FIL] GG495 [EXPTIME] 60.0 [Date] 2020-04-16T19:35:57 [Time] 19:35:57
291/341 2MUCD11188-20200416@193710-Eden.fts [TYPE] LIGHT [OBJ] 2MUCD11188 [RA] 14 03 22.2917 [Dec] +30 07 54.6373 [FIL] GG495 [EXPTIME] 60.0 [Date] 2020-04-16T19:37:11 [Time] 19:37:11
292/341 2MUCD11188-20200416@193826-Eden.fts [TYPE] LIGHT [OBJ] 2MUCD11188 [RA] 14 03 22.2917 [Dec] +30 07 54.6373 [FIL] GG495 [EXPTIME] 60.0 [Date] 2020-04-16T19:38:26 [Time] 19:38:26
293/341 2MUCD11188-20200416@193940-Eden.fts [TYPE] LIGHT [OBJ] 2MUCD11188 [RA] 14 03 22.2917 [Dec] +30 07 54.6373 [FIL] GG495 [EXPTIME] 60.0 [Date] 2020-04-16T19:39:41 [Time] 19:39:41
294/341 2MUCD11188-20200416@194055-Eden.fts [TYPE] LIGHT [OBJ] 2MUCD11188 [RA] 14 03 22.2917 [Dec] +30 07 54.6373 [FIL] GG495 [EXPTIME] 60.0 [Date] 2020-04-16T19:40:56 [Time] 19:40:56
295/341 2MUCD11188-20200416@194210-Eden.fts [TYPE] LIGHT [OBJ] 2MUCD11188 [RA] 14 03 22.2917 [Dec] +30 07 54.6373 [FIL] GG495 [EXPTIME] 60.0 [Date] 2020-04-16T19:42:11 [Time] 19:42:11
296/341 2MUCD11188-20200416@194325-Eden.fts [TYPE] LIGHT [OBJ] 2MUCD11188 [RA] 14 03 22.2917 [Dec] +30 07 54.6373 [FIL] GG495 [EXPTIME] 60.0 [Date] 2020-04-16T19:43:26 [Time] 19:43:26
297/341 2MUCD11188-20200416@194439-Eden.fts [TYPE] LIGHT [OBJ] 2MUCD11188 [RA] 14 03 22.2917 [Dec] +30 07 54.6373 [FIL] GG495 [EXPTIME] 60.0 [Date] 2020-04-16T19:44:40 [Time] 19:44:40
298/341 2MUCD11188-20200416@194555-Eden.fts [TYPE] LIGHT [OBJ] 2MUCD11188 [RA] 14 03 22.2917 [Dec] +30 07 54.6373 [FIL] GG495 [EXPTIME] 60.0 [Date] 2020-04-16T19:45:55 [Time] 19:45:55
299/341 2MUCD11188-20200416@194710-Eden.fts [TYPE] LIGHT [OBJ] 2MUCD11188 [RA] 14 03 22.2917 [Dec] +30 07 54.6373 [FIL] GG495 [EXPTIME] 60.0 [Date] 2020-04-16T19:47:10 [Time] 19:47:10
300/341 2MUCD11188-20200416@194825-Eden.fts [TYPE] LIGHT [OBJ] 2MUCD11188 [RA] 14 03 22.2917 [Dec] +30 07 54.6373 [FIL] GG495 [EXPTIME] 60.0 [Date] 2020-04-16T19:48:25 [Time] 19:48:25
301/341 2MUCD11188-20200416@194939-Eden.fts [TYPE] LIGHT [OBJ] 2MUCD11188 [RA] 14 03 22.2917 [Dec] +30 07 54.6373 [FIL] GG495 [EXPTIME] 60.0 [Date] 2020-04-16T19:49:39 [Time] 19:49:39
302/341 2MUCD11188-20200416@195053-Eden.fts [TYPE] LIGHT [OBJ] 2MUCD11188 [RA] 14 03 22.2917 [Dec] +30 07 54.6373 [FIL] GG495 [EXPTIME] 60.0 [Date] 2020-04-16T19:50:53 [Time] 19:50:53
303/341 2MUCD11188-20200416@195208-Eden.fts [TYPE] LIGHT [OBJ] 2MUCD11188 [RA] 14 03 22.2917 [Dec] +30 07 54.6373 [FIL] GG495 [EXPTIME] 60.0 [Date] 2020-04-16T19:52:08 [Time] 19:52:08
304/341 2MUCD11188-20200416@195322-Eden.fts [TYPE] LIGHT [OBJ] 2MUCD11188 [RA] 14 03 22.2917 [Dec] +30 07 54.6373 [FIL] GG495 [EXPTIME] 60.0 [Date] 2020-04-16T19:53:22 [Time] 19:53:22
305/341 2MUCD11188-20200416@195436-Eden.fts [TYPE] LIGHT [OBJ] 2MUCD11188 [RA] 14 03 22.2917 [Dec] +30 07 54.6373 [FIL] GG495 [EXPTIME] 60.0 [Date] 2020-04-16T19:54:36 [Time] 19:54:36
306/341 2MUCD11188-20200416@195550-Eden.fts [TYPE] LIGHT [OBJ] 2MUCD11188 [RA] 14 03 22.2917 [Dec] +30 07 54.6373 [FIL] GG495 [EXPTIME] 60.0 [Date] 2020-04-16T19:55:50 [Time] 19:55:50
307/341 2MUCD11188-20200416@195704-Eden.fts [TYPE] LIGHT [OBJ] 2MUCD11188 [RA] 14 03 22.2917 [Dec] +30 07 54.6373 [FIL] GG495 [EXPTIME] 60.0 [Date] 2020-04-16T19:57:05 [Time] 19:57:05
308/341 2MUCD11188-20200416@195820-Eden.fts [TYPE] LIGHT [OBJ] 2MUCD11188 [RA] 14 03 22.2917 [Dec] +30 07 54.6373 [FIL] GG495 [EXPTIME] 60.0 [Date] 2020-04-16T19:58:21 [Time] 19:58:21
309/341 2MUCD11188-20200416@195934-Eden.fts [TYPE] LIGHT [OBJ] 2MUCD11188 [RA] 14 03 22.2917 [Dec] +30 07 54.6373 [FIL] GG495 [EXPTIME] 60.0 [Date] 2020-04-16T19:59:35 [Time] 19:59:35
310/341 2MUCD11188-20200416@200049-Eden.fts [TYPE] LIGHT [OBJ] 2MUCD11188 [RA] 14 03 22.2917 [Dec] +30 07 54.6373 [FIL] GG495 [EXPTIME] 60.0 [Date] 2020-04-16T20:00:49 [Time] 20:00:49
311/341 2MUCD11188-20200416@200203-Eden.fts [TYPE] LIGHT [OBJ] 2MUCD11188 [RA] 14 03 22.2917 [Dec] +30 07 54.6373 [FIL] GG495 [EXPTIME] 60.0 [Date] 2020-04-16T20:02:03 [Time] 20:02:03
312/341 2MUCD11188-20200416@200317-Eden.fts [TYPE] LIGHT [OBJ] 2MUCD11188 [RA] 14 03 22.2917 [Dec] +30 07 54.6373 [FIL] GG495 [EXPTIME] 60.0 [Date] 2020-04-16T20:03:17 [Time] 20:03:17
313/341 2MUCD11188-20200416@200431-Eden.fts [TYPE] LIGHT [OBJ] 2MUCD11188 [RA] 14 03 22.2917 [Dec] +30 07 54.6373 [FIL] GG495 [EXPTIME] 60.0 [Date] 2020-04-16T20:04:31 [Time] 20:04:31
314/341 2MUCD11188-20200416@200546-Eden.fts [TYPE] LIGHT [OBJ] 2MUCD11188 [RA] 14 03 22.2917 [Dec] +30 07 54.6373 [FIL] GG495 [EXPTIME] 60.0 [Date] 2020-04-16T20:05:46 [Time] 20:05:46
315/341 2MUCD11188-20200416@200701-Eden.fts [TYPE] LIGHT [OBJ] 2MUCD11188 [RA] 14 03 22.2917 [Dec] +30 07 54.6373 [FIL] GG495 [EXPTIME] 60.0 [Date] 2020-04-16T20:07:01 [Time] 20:07:01
316/341 2MUCD11188-20200416@200815-Eden.fts [TYPE] LIGHT [OBJ] 2MUCD11188 [RA] 14 03 22.2917 [Dec] +30 07 54.6373 [FIL] GG495 [EXPTIME] 60.0 [Date] 2020-04-16T20:08:16 [Time] 20:08:16
317/341 2MUCD11188-20200416@200931-Eden.fts [TYPE] LIGHT [OBJ] 2MUCD11188 [RA] 14 03 22.2917 [Dec] +30 07 54.6373 [FIL] GG495 [EXPTIME] 60.0 [Date] 2020-04-16T20:09:31 [Time] 20:09:31
318/341 2MUCD11188-20200416@201045-Eden.fts [TYPE] LIGHT [OBJ] 2MUCD11188 [RA] 14 03 22.2917 [Dec] +30 07 54.6373 [FIL] GG495 [EXPTIME] 60.0 [Date] 2020-04-16T20:10:45 [Time] 20:10:45
319/341 2MUCD11188-20200416@201159-Eden.fts [TYPE] LIGHT [OBJ] 2MUCD11188 [RA] 14 03 22.2917 [Dec] +30 07 54.6373 [FIL] GG495 [EXPTIME] 60.0 [Date] 2020-04-16T20:12:00 [Time] 20:12:00
320/341 2MUCD11188-20200416@201315-Eden.fts [TYPE] LIGHT [OBJ] 2MUCD11188 [RA] 14 03 22.2917 [Dec] +30 07 54.6373 [FIL] GG495 [EXPTIME] 60.0 [Date] 2020-04-16T20:13:16 [Time] 20:13:16
321/341 2MUCD11188-20200416@201431-Eden.fts [TYPE] LIGHT [OBJ] 2MUCD11188 [RA] 14 03 22.2917 [Dec] +30 07 54.6373 [FIL] GG495 [EXPTIME] 60.0 [Date] 2020-04-16T20:14:31 [Time] 20:14:31
322/341 2MUCD11188-20200416@201545-Eden.fts [TYPE] LIGHT [OBJ] 2MUCD11188 [RA] 14 03 22.2917 [Dec] +30 07 54.6373 [FIL] GG495 [EXPTIME] 60.0 [Date] 2020-04-16T20:15:45 [Time] 20:15:45
323/341 2MUCD11188-20200416@201659-Eden.fts [TYPE] LIGHT [OBJ] 2MUCD11188 [RA] 14 03 22.2917 [Dec] +30 07 54.6373 [FIL] GG495 [EXPTIME] 60.0 [Date] 2020-04-16T20:16:59 [Time] 20:16:59
324/341 2MUCD11188-20200416@201814-Eden.fts [TYPE] LIGHT [OBJ] 2MUCD11188 [RA] 14 03 22.2917 [Dec] +30 07 54.6373 [FIL] GG495 [EXPTIME] 60.0 [Date] 2020-04-16T20:18:15 [Time] 20:18:15
325/341 2MUCD11188-20200416@201929-Eden.fts [TYPE] LIGHT [OBJ] 2MUCD11188 [RA] 14 03 22.2917 [Dec] +30 07 54.6373 [FIL] GG495 [EXPTIME] 60.0 [Date] 2020-04-16T20:19:29 [Time] 20:19:29
326/341 2MUCD11188-20200416@202043-Eden.fts [TYPE] LIGHT [OBJ] 2MUCD11188 [RA] 14 03 22.2917 [Dec] +30 07 54.6373 [FIL] GG495 [EXPTIME] 60.0 [Date] 2020-04-16T20:20:43 [Time] 20:20:43
327/341 2MUCD11188-20200416@202157-Eden.fts [TYPE] LIGHT [OBJ] 2MUCD11188 [RA] 14 03 22.2917 [Dec] +30 07 54.6373 [FIL] GG495 [EXPTIME] 60.0 [Date] 2020-04-16T20:21:57 [Time] 20:21:57
328/341 2MUCD11188-20200416@202310-Eden.fts [TYPE] LIGHT [OBJ] 2MUCD11188 [RA] 14 03 22.2917 [Dec] +30 07 54.6373 [FIL] GG495 [EXPTIME] 60.0 [Date] 2020-04-16T20:23:11 [Time] 20:23:11
329/341 2MUCD11188-20200416@202424-Eden.fts [TYPE] LIGHT [OBJ] 2MUCD11188 [RA] 14 03 22.2917 [Dec] +30 07 54.6373 [FIL] GG495 [EXPTIME] 60.0 [Date] 2020-04-16T20:24:25 [Time] 20:24:25
330/341 2MUCD11188-20200416@202539-Eden.fts [TYPE] LIGHT [OBJ] 2MUCD11188 [RA] 14 03 22.2917 [Dec] +30 07 54.6373 [FIL] GG495 [EXPTIME] 60.0 [Date] 2020-04-16T20:25:39 [Time] 20:25:39
331/341 2MUCD11188-20200416@202653-Eden.fts [TYPE] LIGHT [OBJ] 2MUCD11188 [RA] 14 03 22.2917 [Dec] +30 07 54.6373 [FIL] GG495 [EXPTIME] 60.0 [Date] 2020-04-16T20:26:53 [Time] 20:26:53
332/341 2MUCD11188-20200416@202808-Eden.fts [TYPE] LIGHT [OBJ] 2MUCD11188 [RA] 14 03 22.2917 [Dec] +30 07 54.6373 [FIL] GG495 [EXPTIME] 60.0 [Date] 2020-04-16T20:28:08 [Time] 20:28:08
333/341 2MUCD11188-20200416@202923-Eden.fts [TYPE] LIGHT [OBJ] 2MUCD11188 [RA] 14 03 22.2917 [Dec] +30 07 54.6373 [FIL] GG495 [EXPTIME] 60.0 [Date] 2020-04-16T20:29:23 [Time] 20:29:23
334/341 2MUCD11188-20200416@203037-Eden.fts [TYPE] LIGHT [OBJ] 2MUCD11188 [RA] 14 03 22.2917 [Dec] +30 07 54.6373 [FIL] GG495 [EXPTIME] 60.0 [Date] 2020-04-16T20:30:37 [Time] 20:30:37
335/341 2MUCD11188-20200416@203152-Eden.fts [TYPE] LIGHT [OBJ] 2MUCD11188 [RA] 14 03 22.2917 [Dec] +30 07 54.6373 [FIL] GG495 [EXPTIME] 60.0 [Date] 2020-04-16T20:31:52 [Time] 20:31:52
336/341 2MUCD11188-20200416@203306-Eden.fts [TYPE] LIGHT [OBJ] 2MUCD11188 [RA] 14 03 22.2917 [Dec] +30 07 54.6373 [FIL] GG495 [EXPTIME] 60.0 [Date] 2020-04-16T20:33:07 [Time] 20:33:07
337/341 2MUCD11188-20200416@203515-Eden.fts [TYPE] LIGHT [OBJ] 2MUCD11188 [RA] 14 03 22.2917 [Dec] +30 07 54.6373 [FIL] GG495 [EXPTIME] 60.0 [Date] 2020-04-16T20:35:16 [Time] 20:35:16
338/341 2MUCD11188-20200416@203631-Eden.fts [TYPE] LIGHT [OBJ] 2MUCD11188 [RA] 14 03 22.2917 [Dec] +30 07 54.6373 [FIL] GG495 [EXPTIME] 60.0 [Date] 2020-04-16T20:36:32 [Time] 20:36:32
339/341 2MUCD11188-20200416@203746-Eden.fts [TYPE] LIGHT [OBJ] 2MUCD11188 [RA] 14 03 22.2917 [Dec] +30 07 54.6373 [FIL] GG495 [EXPTIME] 60.0 [Date] 2020-04-16T20:37:46 [Time] 20:37:46
340/341 2MUCD11188-20200416@203901-Eden.fts [TYPE] LIGHT [OBJ] 2MUCD11188 [RA] 14 03 22.2917 [Dec] +30 07 54.6373 [FIL] GG495 [EXPTIME] 60.0 [Date] 2020-04-16T20:39:01 [Time] 20:39:01
341/341 2MUCD11188-20200416@204015-Eden.fts [TYPE] LIGHT [OBJ] 2MUCD11188 [RA] 14 03 22.2917 [Dec] +30 07 54.6373 [FIL] GG495 [EXPTIME] 60.0 [Date] 2020-04-16T20:40:15 [Time] 20:40:15
... write log file to LOT20200416-2MUCD11188_mod.log ...
... finish ...
