-----------------
input parameters
-----------------
['modify_header_eden.py', 'LOT20191207_HD191936', '9']
Your will modify header for: HD_191939 [RA] 20 08 05.7549 [Dec] +66 51 02.0755 [Filter] GG495
---------------
folder: LOT20191207_HD191936
will update fits in: LOT20191207_HD191936_mod
 ---------------------------
 Exame Fits Header for Bias
 ---------------------------
find ./LOT20191207_HD191936/bias-dark/ | grep 'fits\|fts'|sort 
found 0 Bias/Dark
no files in ./bias-dark/
 ---------------------------
 Exame Fits Header for Flat
 ---------------------------
find ./LOT20191207_HD191936/ | grep flat/ |grep eden| grep -E 'fits|fts'|sort -t'-' -k2.4,2.6 
found 0 Flat
no files in ./flat/
 ---------------------------
 Update Fits Header for Science Target
 ---------------------------
find ./LOT20191207_HD191936/wchen/ | cut -d / -f1-4| grep 'fits\|fts'  |sort -t'@' -k2
found 154 Target

... update header ...
1/154 HD191936-20191207@120446-Eden.fts [TYPE] LIGHT [OBJ] HD_191939 [RA] 20 08 05.7549 [Dec] +66 51 02.0755 [FIL] GG495 [EXPTIME] 3.0 [Date] 2019-12-07T12:05:00 [Time] 12:05:00
2/154 HD191936-20191207@120517-Eden.fts [TYPE] LIGHT [OBJ] HD_191939 [RA] 20 08 05.7549 [Dec] +66 51 02.0755 [FIL] GG495 [EXPTIME] 3.0 [Date] 2019-12-07T12:05:18 [Time] 12:05:18
3/154 HD191936-20191207@120535-Eden.fts [TYPE] LIGHT [OBJ] HD_191939 [RA] 20 08 05.7549 [Dec] +66 51 02.0755 [FIL] GG495 [EXPTIME] 3.0 [Date] 2019-12-07T12:05:35 [Time] 12:05:35
4/154 HD191936-20191207@120613-Eden.fts [TYPE] LIGHT [OBJ] HD_191939 [RA] 20 08 05.7549 [Dec] +66 51 02.0755 [FIL] GG495 [EXPTIME] 3.0 [Date] 2019-12-07T12:06:13 [Time] 12:06:13
5/154 HD191936-20191207@120647-Eden.fts [TYPE] LIGHT [OBJ] HD_191939 [RA] 20 08 05.7549 [Dec] +66 51 02.0755 [FIL] GG495 [EXPTIME] 3.0 [Date] 2019-12-07T12:06:47 [Time] 12:06:47
6/154 HD191936-20191207@120720-Eden.fts [TYPE] LIGHT [OBJ] HD_191939 [RA] 20 08 05.7549 [Dec] +66 51 02.0755 [FIL] GG495 [EXPTIME] 3.0 [Date] 2019-12-07T12:07:20 [Time] 12:07:20
7/154 HD191936-20191207@120736-Eden.fts [TYPE] LIGHT [OBJ] HD_191939 [RA] 20 08 05.7549 [Dec] +66 51 02.0755 [FIL] GG495 [EXPTIME] 3.0 [Date] 2019-12-07T12:07:37 [Time] 12:07:37
8/154 HD191936-20191207@120756-Eden.fts [TYPE] LIGHT [OBJ] HD_191939 [RA] 20 08 05.7549 [Dec] +66 51 02.0755 [FIL] GG495 [EXPTIME] 3.0 [Date] 2019-12-07T12:07:57 [Time] 12:07:57
9/154 HD191936-20191207@120814-Eden.fts [TYPE] LIGHT [OBJ] HD_191939 [RA] 20 08 05.7549 [Dec] +66 51 02.0755 [FIL] GG495 [EXPTIME] 3.0 [Date] 2019-12-07T12:08:14 [Time] 12:08:14
10/154 HD191936-20191207@120904-Eden.fts [TYPE] LIGHT [OBJ] HD_191939 [RA] 20 08 05.7549 [Dec] +66 51 02.0755 [FIL] GG495 [EXPTIME] 3.0 [Date] 2019-12-07T12:09:05 [Time] 12:09:05
11/154 HD191936-20191207@120924-Eden.fts [TYPE] LIGHT [OBJ] HD_191939 [RA] 20 08 05.7549 [Dec] +66 51 02.0755 [FIL] GG495 [EXPTIME] 3.0 [Date] 2019-12-07T12:09:24 [Time] 12:09:24
12/154 HD191936-20191207@120941-Eden.fts [TYPE] LIGHT [OBJ] HD_191939 [RA] 20 08 05.7549 [Dec] +66 51 02.0755 [FIL] GG495 [EXPTIME] 3.0 [Date] 2019-12-07T12:09:42 [Time] 12:09:42
13/154 HD191936-20191207@121000-Eden.fts [TYPE] LIGHT [OBJ] HD_191939 [RA] 20 08 05.7549 [Dec] +66 51 02.0755 [FIL] GG495 [EXPTIME] 3.0 [Date] 2019-12-07T12:10:00 [Time] 12:10:00
14/154 HD191936-20191207@121017-Eden.fts [TYPE] LIGHT [OBJ] HD_191939 [RA] 20 08 05.7549 [Dec] +66 51 02.0755 [FIL] GG495 [EXPTIME] 3.0 [Date] 2019-12-07T12:10:17 [Time] 12:10:17
15/154 HD191936-20191207@121103-Eden.fts [TYPE] LIGHT [OBJ] HD_191939 [RA] 20 08 05.7549 [Dec] +66 51 02.0755 [FIL] GG495 [EXPTIME] 3.0 [Date] 2019-12-07T12:11:03 [Time] 12:11:03
16/154 HD191936-20191207@121121-Eden.fts [TYPE] LIGHT [OBJ] HD_191939 [RA] 20 08 05.7549 [Dec] +66 51 02.0755 [FIL] GG495 [EXPTIME] 3.0 [Date] 2019-12-07T12:11:21 [Time] 12:11:21
17/154 HD191936-20191207@121138-Eden.fts [TYPE] LIGHT [OBJ] HD_191939 [RA] 20 08 05.7549 [Dec] +66 51 02.0755 [FIL] GG495 [EXPTIME] 3.0 [Date] 2019-12-07T12:11:39 [Time] 12:11:39
18/154 HD191936-20191207@121154-Eden.fts [TYPE] LIGHT [OBJ] HD_191939 [RA] 20 08 05.7549 [Dec] +66 51 02.0755 [FIL] GG495 [EXPTIME] 3.0 [Date] 2019-12-07T12:11:55 [Time] 12:11:55
19/154 HD191936-20191207@121212-Eden.fts [TYPE] LIGHT [OBJ] HD_191939 [RA] 20 08 05.7549 [Dec] +66 51 02.0755 [FIL] GG495 [EXPTIME] 3.0 [Date] 2019-12-07T12:12:13 [Time] 12:12:13
20/154 HD191936-20191207@121230-Eden.fts [TYPE] LIGHT [OBJ] HD_191939 [RA] 20 08 05.7549 [Dec] +66 51 02.0755 [FIL] GG495 [EXPTIME] 3.0 [Date] 2019-12-07T12:12:30 [Time] 12:12:30
21/154 HD191936-20191207@121246-Eden.fts [TYPE] LIGHT [OBJ] HD_191939 [RA] 20 08 05.7549 [Dec] +66 51 02.0755 [FIL] GG495 [EXPTIME] 3.0 [Date] 2019-12-07T12:12:47 [Time] 12:12:47
22/154 HD191936-20191207@121304-Eden.fts [TYPE] LIGHT [OBJ] HD_191939 [RA] 20 08 05.7549 [Dec] +66 51 02.0755 [FIL] GG495 [EXPTIME] 3.0 [Date] 2019-12-07T12:13:04 [Time] 12:13:04
23/154 HD191936-20191207@121339-Eden.fts [TYPE] LIGHT [OBJ] HD_191939 [RA] 20 08 05.7549 [Dec] +66 51 02.0755 [FIL] GG495 [EXPTIME] 3.0 [Date] 2019-12-07T12:13:39 [Time] 12:13:39
24/154 HD191936-20191207@121356-Eden.fts [TYPE] LIGHT [OBJ] HD_191939 [RA] 20 08 05.7549 [Dec] +66 51 02.0755 [FIL] GG495 [EXPTIME] 3.0 [Date] 2019-12-07T12:13:57 [Time] 12:13:57
25/154 HD191936-20191207@121415-Eden.fts [TYPE] LIGHT [OBJ] HD_191939 [RA] 20 08 05.7549 [Dec] +66 51 02.0755 [FIL] GG495 [EXPTIME] 3.0 [Date] 2019-12-07T12:14:15 [Time] 12:14:15
26/154 HD191936-20191207@121431-Eden.fts [TYPE] LIGHT [OBJ] HD_191939 [RA] 20 08 05.7549 [Dec] +66 51 02.0755 [FIL] GG495 [EXPTIME] 3.0 [Date] 2019-12-07T12:14:31 [Time] 12:14:31
27/154 HD191936-20191207@121448-Eden.fts [TYPE] LIGHT [OBJ] HD_191939 [RA] 20 08 05.7549 [Dec] +66 51 02.0755 [FIL] GG495 [EXPTIME] 3.0 [Date] 2019-12-07T12:14:48 [Time] 12:14:48
28/154 HD191936-20191207@121522-Eden.fts [TYPE] LIGHT [OBJ] HD_191939 [RA] 20 08 05.7549 [Dec] +66 51 02.0755 [FIL] GG495 [EXPTIME] 3.0 [Date] 2019-12-07T12:15:22 [Time] 12:15:22
29/154 HD191936-20191207@121539-Eden.fts [TYPE] LIGHT [OBJ] HD_191939 [RA] 20 08 05.7549 [Dec] +66 51 02.0755 [FIL] GG495 [EXPTIME] 3.0 [Date] 2019-12-07T12:15:39 [Time] 12:15:39
30/154 HD191936-20191207@121556-Eden.fts [TYPE] LIGHT [OBJ] HD_191939 [RA] 20 08 05.7549 [Dec] +66 51 02.0755 [FIL] GG495 [EXPTIME] 3.0 [Date] 2019-12-07T12:15:57 [Time] 12:15:57
31/154 HD191936-20191207@121614-Eden.fts [TYPE] LIGHT [OBJ] HD_191939 [RA] 20 08 05.7549 [Dec] +66 51 02.0755 [FIL] GG495 [EXPTIME] 3.0 [Date] 2019-12-07T12:16:15 [Time] 12:16:15
32/154 HD191936-20191207@121643-Eden.fts [TYPE] LIGHT [OBJ] HD_191939 [RA] 20 08 05.7549 [Dec] +66 51 02.0755 [FIL] GG495 [EXPTIME] 3.0 [Date] 2019-12-07T12:16:43 [Time] 12:16:43
33/154 HD191936-20191207@121703-Eden.fts [TYPE] LIGHT [OBJ] HD_191939 [RA] 20 08 05.7549 [Dec] +66 51 02.0755 [FIL] GG495 [EXPTIME] 3.0 [Date] 2019-12-07T12:17:03 [Time] 12:17:03
34/154 HD191936-20191207@121741-Eden.fts [TYPE] LIGHT [OBJ] HD_191939 [RA] 20 08 05.7549 [Dec] +66 51 02.0755 [FIL] GG495 [EXPTIME] 3.0 [Date] 2019-12-07T12:17:42 [Time] 12:17:42
35/154 HD191936-20191207@121758-Eden.fts [TYPE] LIGHT [OBJ] HD_191939 [RA] 20 08 05.7549 [Dec] +66 51 02.0755 [FIL] GG495 [EXPTIME] 3.0 [Date] 2019-12-07T12:17:58 [Time] 12:17:58
36/154 HD191936-20191207@121828-Eden.fts [TYPE] LIGHT [OBJ] HD_191939 [RA] 20 08 05.7549 [Dec] +66 51 02.0755 [FIL] GG495 [EXPTIME] 3.0 [Date] 2019-12-07T12:18:28 [Time] 12:18:28
37/154 HD191936-20191207@121845-Eden.fts [TYPE] LIGHT [OBJ] HD_191939 [RA] 20 08 05.7549 [Dec] +66 51 02.0755 [FIL] GG495 [EXPTIME] 3.0 [Date] 2019-12-07T12:18:46 [Time] 12:18:46
38/154 HD191936-20191207@121903-Eden.fts [TYPE] LIGHT [OBJ] HD_191939 [RA] 20 08 05.7549 [Dec] +66 51 02.0755 [FIL] GG495 [EXPTIME] 3.0 [Date] 2019-12-07T12:19:03 [Time] 12:19:03
39/154 HD191936-20191207@121920-Eden.fts [TYPE] LIGHT [OBJ] HD_191939 [RA] 20 08 05.7549 [Dec] +66 51 02.0755 [FIL] GG495 [EXPTIME] 3.0 [Date] 2019-12-07T12:19:21 [Time] 12:19:21
40/154 HD191936-20191207@122016-Eden.fts [TYPE] LIGHT [OBJ] HD_191939 [RA] 20 08 05.7549 [Dec] +66 51 02.0755 [FIL] GG495 [EXPTIME] 3.0 [Date] 2019-12-07T12:20:16 [Time] 12:20:16
41/154 HD191936-20191207@122032-Eden.fts [TYPE] LIGHT [OBJ] HD_191939 [RA] 20 08 05.7549 [Dec] +66 51 02.0755 [FIL] GG495 [EXPTIME] 3.0 [Date] 2019-12-07T12:20:33 [Time] 12:20:33
42/154 HD191936-20191207@122054-Eden.fts [TYPE] LIGHT [OBJ] HD_191939 [RA] 20 08 05.7549 [Dec] +66 51 02.0755 [FIL] GG495 [EXPTIME] 3.0 [Date] 2019-12-07T12:20:54 [Time] 12:20:54
43/154 HD191936-20191207@122112-Eden.fts [TYPE] LIGHT [OBJ] HD_191939 [RA] 20 08 05.7549 [Dec] +66 51 02.0755 [FIL] GG495 [EXPTIME] 3.0 [Date] 2019-12-07T12:21:12 [Time] 12:21:12
44/154 HD191936-20191207@122129-Eden.fts [TYPE] LIGHT [OBJ] HD_191939 [RA] 20 08 05.7549 [Dec] +66 51 02.0755 [FIL] GG495 [EXPTIME] 3.0 [Date] 2019-12-07T12:21:29 [Time] 12:21:29
45/154 HD191936-20191207@122156-Eden.fts [TYPE] LIGHT [OBJ] HD_191939 [RA] 20 08 05.7549 [Dec] +66 51 02.0755 [FIL] GG495 [EXPTIME] 3.0 [Date] 2019-12-07T12:21:56 [Time] 12:21:56
46/154 HD191936-20191207@122213-Eden.fts [TYPE] LIGHT [OBJ] HD_191939 [RA] 20 08 05.7549 [Dec] +66 51 02.0755 [FIL] GG495 [EXPTIME] 3.0 [Date] 2019-12-07T12:22:13 [Time] 12:22:13
47/154 HD191936-20191207@122230-Eden.fts [TYPE] LIGHT [OBJ] HD_191939 [RA] 20 08 05.7549 [Dec] +66 51 02.0755 [FIL] GG495 [EXPTIME] 3.0 [Date] 2019-12-07T12:22:30 [Time] 12:22:30
48/154 HD191936-20191207@122253-Eden.fts [TYPE] LIGHT [OBJ] HD_191939 [RA] 20 08 05.7549 [Dec] +66 51 02.0755 [FIL] GG495 [EXPTIME] 3.0 [Date] 2019-12-07T12:22:53 [Time] 12:22:53
49/154 HD191936-20191207@122312-Eden.fts [TYPE] LIGHT [OBJ] HD_191939 [RA] 20 08 05.7549 [Dec] +66 51 02.0755 [FIL] GG495 [EXPTIME] 3.0 [Date] 2019-12-07T12:23:12 [Time] 12:23:12
50/154 HD191936-20191207@122353-Eden.fts [TYPE] LIGHT [OBJ] HD_191939 [RA] 20 08 05.7549 [Dec] +66 51 02.0755 [FIL] GG495 [EXPTIME] 3.0 [Date] 2019-12-07T12:23:53 [Time] 12:23:53
51/154 HD191936-20191207@122409-Eden.fts [TYPE] LIGHT [OBJ] HD_191939 [RA] 20 08 05.7549 [Dec] +66 51 02.0755 [FIL] GG495 [EXPTIME] 3.0 [Date] 2019-12-07T12:24:10 [Time] 12:24:10
52/154 HD191936-20191207@122427-Eden.fts [TYPE] LIGHT [OBJ] HD_191939 [RA] 20 08 05.7549 [Dec] +66 51 02.0755 [FIL] GG495 [EXPTIME] 3.0 [Date] 2019-12-07T12:24:27 [Time] 12:24:27
53/154 HD191936-20191207@122444-Eden.fts [TYPE] LIGHT [OBJ] HD_191939 [RA] 20 08 05.7549 [Dec] +66 51 02.0755 [FIL] GG495 [EXPTIME] 3.0 [Date] 2019-12-07T12:24:44 [Time] 12:24:44
54/154 HD191936-20191207@122500-Eden.fts [TYPE] LIGHT [OBJ] HD_191939 [RA] 20 08 05.7549 [Dec] +66 51 02.0755 [FIL] GG495 [EXPTIME] 3.0 [Date] 2019-12-07T12:25:01 [Time] 12:25:01
55/154 HD191936-20191207@122518-Eden.fts [TYPE] LIGHT [OBJ] HD_191939 [RA] 20 08 05.7549 [Dec] +66 51 02.0755 [FIL] GG495 [EXPTIME] 3.0 [Date] 2019-12-07T12:25:18 [Time] 12:25:18
56/154 HD191936-20191207@122534-Eden.fts [TYPE] LIGHT [OBJ] HD_191939 [RA] 20 08 05.7549 [Dec] +66 51 02.0755 [FIL] GG495 [EXPTIME] 3.0 [Date] 2019-12-07T12:25:34 [Time] 12:25:34
57/154 HD191936-20191207@122550-Eden.fts [TYPE] LIGHT [OBJ] HD_191939 [RA] 20 08 05.7549 [Dec] +66 51 02.0755 [FIL] GG495 [EXPTIME] 3.0 [Date] 2019-12-07T12:25:51 [Time] 12:25:51
58/154 HD191936-20191207@122607-Eden.fts [TYPE] LIGHT [OBJ] HD_191939 [RA] 20 08 05.7549 [Dec] +66 51 02.0755 [FIL] GG495 [EXPTIME] 3.0 [Date] 2019-12-07T12:26:08 [Time] 12:26:08
59/154 HD191936-20191207@122624-Eden.fts [TYPE] LIGHT [OBJ] HD_191939 [RA] 20 08 05.7549 [Dec] +66 51 02.0755 [FIL] GG495 [EXPTIME] 3.0 [Date] 2019-12-07T12:26:24 [Time] 12:26:24
60/154 HD191936-20191207@122640-Eden.fts [TYPE] LIGHT [OBJ] HD_191939 [RA] 20 08 05.7549 [Dec] +66 51 02.0755 [FIL] GG495 [EXPTIME] 3.0 [Date] 2019-12-07T12:26:41 [Time] 12:26:41
61/154 HD191936-20191207@122657-Eden.fts [TYPE] LIGHT [OBJ] HD_191939 [RA] 20 08 05.7549 [Dec] +66 51 02.0755 [FIL] GG495 [EXPTIME] 3.0 [Date] 2019-12-07T12:26:58 [Time] 12:26:58
62/154 HD191936-20191207@122714-Eden.fts [TYPE] LIGHT [OBJ] HD_191939 [RA] 20 08 05.7549 [Dec] +66 51 02.0755 [FIL] GG495 [EXPTIME] 3.0 [Date] 2019-12-07T12:27:15 [Time] 12:27:15
63/154 HD191936-20191207@122731-Eden.fts [TYPE] LIGHT [OBJ] HD_191939 [RA] 20 08 05.7549 [Dec] +66 51 02.0755 [FIL] GG495 [EXPTIME] 3.0 [Date] 2019-12-07T12:27:32 [Time] 12:27:32
64/154 HD191936-20191207@122748-Eden.fts [TYPE] LIGHT [OBJ] HD_191939 [RA] 20 08 05.7549 [Dec] +66 51 02.0755 [FIL] GG495 [EXPTIME] 3.0 [Date] 2019-12-07T12:27:48 [Time] 12:27:48
65/154 HD191936-20191207@122804-Eden.fts [TYPE] LIGHT [OBJ] HD_191939 [RA] 20 08 05.7549 [Dec] +66 51 02.0755 [FIL] GG495 [EXPTIME] 3.0 [Date] 2019-12-07T12:28:06 [Time] 12:28:06
66/154 HD191936-20191207@122823-Eden.fts [TYPE] LIGHT [OBJ] HD_191939 [RA] 20 08 05.7549 [Dec] +66 51 02.0755 [FIL] GG495 [EXPTIME] 3.0 [Date] 2019-12-07T12:28:23 [Time] 12:28:23
67/154 HD191936-20191207@122840-Eden.fts [TYPE] LIGHT [OBJ] HD_191939 [RA] 20 08 05.7549 [Dec] +66 51 02.0755 [FIL] GG495 [EXPTIME] 3.0 [Date] 2019-12-07T12:28:40 [Time] 12:28:40
68/154 HD191936-20191207@122857-Eden.fts [TYPE] LIGHT [OBJ] HD_191939 [RA] 20 08 05.7549 [Dec] +66 51 02.0755 [FIL] GG495 [EXPTIME] 3.0 [Date] 2019-12-07T12:28:57 [Time] 12:28:57
69/154 HD191936-20191207@122913-Eden.fts [TYPE] LIGHT [OBJ] HD_191939 [RA] 20 08 05.7549 [Dec] +66 51 02.0755 [FIL] GG495 [EXPTIME] 3.0 [Date] 2019-12-07T12:29:14 [Time] 12:29:14
70/154 HD191936-20191207@122931-Eden.fts [TYPE] LIGHT [OBJ] HD_191939 [RA] 20 08 05.7549 [Dec] +66 51 02.0755 [FIL] GG495 [EXPTIME] 3.0 [Date] 2019-12-07T12:29:31 [Time] 12:29:31
71/154 HD191936-20191207@122949-Eden.fts [TYPE] LIGHT [OBJ] HD_191939 [RA] 20 08 05.7549 [Dec] +66 51 02.0755 [FIL] GG495 [EXPTIME] 3.0 [Date] 2019-12-07T12:29:50 [Time] 12:29:50
72/154 HD191936-20191207@123007-Eden.fts [TYPE] LIGHT [OBJ] HD_191939 [RA] 20 08 05.7549 [Dec] +66 51 02.0755 [FIL] GG495 [EXPTIME] 3.0 [Date] 2019-12-07T12:30:07 [Time] 12:30:07
73/154 HD191936-20191207@123025-Eden.fts [TYPE] LIGHT [OBJ] HD_191939 [RA] 20 08 05.7549 [Dec] +66 51 02.0755 [FIL] GG495 [EXPTIME] 3.0 [Date] 2019-12-07T12:30:25 [Time] 12:30:25
74/154 HD191936-20191207@123041-Eden.fts [TYPE] LIGHT [OBJ] HD_191939 [RA] 20 08 05.7549 [Dec] +66 51 02.0755 [FIL] GG495 [EXPTIME] 3.0 [Date] 2019-12-07T12:30:41 [Time] 12:30:41
75/154 HD191936-20191207@123100-Eden.fts [TYPE] LIGHT [OBJ] HD_191939 [RA] 20 08 05.7549 [Dec] +66 51 02.0755 [FIL] GG495 [EXPTIME] 3.0 [Date] 2019-12-07T12:31:01 [Time] 12:31:01
76/154 HD191936-20191207@123118-Eden.fts [TYPE] LIGHT [OBJ] HD_191939 [RA] 20 08 05.7549 [Dec] +66 51 02.0755 [FIL] GG495 [EXPTIME] 3.0 [Date] 2019-12-07T12:31:18 [Time] 12:31:18
77/154 HD191936-20191207@123152-Eden.fts [TYPE] LIGHT [OBJ] HD_191939 [RA] 20 08 05.7549 [Dec] +66 51 02.0755 [FIL] GG495 [EXPTIME] 3.0 [Date] 2019-12-07T12:31:53 [Time] 12:31:53
78/154 HD191936-20191207@123210-Eden.fts [TYPE] LIGHT [OBJ] HD_191939 [RA] 20 08 05.7549 [Dec] +66 51 02.0755 [FIL] GG495 [EXPTIME] 3.0 [Date] 2019-12-07T12:32:10 [Time] 12:32:10
79/154 HD191936-20191207@123227-Eden.fts [TYPE] LIGHT [OBJ] HD_191939 [RA] 20 08 05.7549 [Dec] +66 51 02.0755 [FIL] GG495 [EXPTIME] 3.0 [Date] 2019-12-07T12:32:28 [Time] 12:32:28
80/154 HD191936-20191207@123243-Eden.fts [TYPE] LIGHT [OBJ] HD_191939 [RA] 20 08 05.7549 [Dec] +66 51 02.0755 [FIL] GG495 [EXPTIME] 3.0 [Date] 2019-12-07T12:32:44 [Time] 12:32:44
81/154 HD191936-20191207@123302-Eden.fts [TYPE] LIGHT [OBJ] HD_191939 [RA] 20 08 05.7549 [Dec] +66 51 02.0755 [FIL] GG495 [EXPTIME] 3.0 [Date] 2019-12-07T12:33:02 [Time] 12:33:02
82/154 HD191936-20191207@123319-Eden.fts [TYPE] LIGHT [OBJ] HD_191939 [RA] 20 08 05.7549 [Dec] +66 51 02.0755 [FIL] GG495 [EXPTIME] 3.0 [Date] 2019-12-07T12:33:20 [Time] 12:33:20
83/154 HD191936-20191207@123336-Eden.fts [TYPE] LIGHT [OBJ] HD_191939 [RA] 20 08 05.7549 [Dec] +66 51 02.0755 [FIL] GG495 [EXPTIME] 3.0 [Date] 2019-12-07T12:33:36 [Time] 12:33:36
84/154 HD191936-20191207@123354-Eden.fts [TYPE] LIGHT [OBJ] HD_191939 [RA] 20 08 05.7549 [Dec] +66 51 02.0755 [FIL] GG495 [EXPTIME] 3.0 [Date] 2019-12-07T12:33:54 [Time] 12:33:54
85/154 HD191936-20191207@123411-Eden.fts [TYPE] LIGHT [OBJ] HD_191939 [RA] 20 08 05.7549 [Dec] +66 51 02.0755 [FIL] GG495 [EXPTIME] 3.0 [Date] 2019-12-07T12:34:11 [Time] 12:34:11
86/154 HD191936-20191207@123430-Eden.fts [TYPE] LIGHT [OBJ] HD_191939 [RA] 20 08 05.7549 [Dec] +66 51 02.0755 [FIL] GG495 [EXPTIME] 3.0 [Date] 2019-12-07T12:34:31 [Time] 12:34:31
87/154 HD191936-20191207@123448-Eden.fts [TYPE] LIGHT [OBJ] HD_191939 [RA] 20 08 05.7549 [Dec] +66 51 02.0755 [FIL] GG495 [EXPTIME] 3.0 [Date] 2019-12-07T12:34:48 [Time] 12:34:48
88/154 HD191936-20191207@123503-Eden.fts [TYPE] LIGHT [OBJ] HD_191939 [RA] 20 08 05.7549 [Dec] +66 51 02.0755 [FIL] GG495 [EXPTIME] 3.0 [Date] 2019-12-07T12:35:05 [Time] 12:35:05
89/154 HD191936-20191207@123522-Eden.fts [TYPE] LIGHT [OBJ] HD_191939 [RA] 20 08 05.7549 [Dec] +66 51 02.0755 [FIL] GG495 [EXPTIME] 3.0 [Date] 2019-12-07T12:35:22 [Time] 12:35:22
90/154 HD191936-20191207@123538-Eden.fts [TYPE] LIGHT [OBJ] HD_191939 [RA] 20 08 05.7549 [Dec] +66 51 02.0755 [FIL] GG495 [EXPTIME] 3.0 [Date] 2019-12-07T12:35:38 [Time] 12:35:38
91/154 HD191936-20191207@123555-Eden.fts [TYPE] LIGHT [OBJ] HD_191939 [RA] 20 08 05.7549 [Dec] +66 51 02.0755 [FIL] GG495 [EXPTIME] 3.0 [Date] 2019-12-07T12:35:56 [Time] 12:35:56
92/154 HD191936-20191207@123614-Eden.fts [TYPE] LIGHT [OBJ] HD_191939 [RA] 20 08 05.7549 [Dec] +66 51 02.0755 [FIL] GG495 [EXPTIME] 3.0 [Date] 2019-12-07T12:36:14 [Time] 12:36:14
93/154 HD191936-20191207@123632-Eden.fts [TYPE] LIGHT [OBJ] HD_191939 [RA] 20 08 05.7549 [Dec] +66 51 02.0755 [FIL] GG495 [EXPTIME] 3.0 [Date] 2019-12-07T12:36:32 [Time] 12:36:32
94/154 HD191936-20191207@123649-Eden.fts [TYPE] LIGHT [OBJ] HD_191939 [RA] 20 08 05.7549 [Dec] +66 51 02.0755 [FIL] GG495 [EXPTIME] 3.0 [Date] 2019-12-07T12:36:50 [Time] 12:36:50
95/154 HD191936-20191207@123707-Eden.fts [TYPE] LIGHT [OBJ] HD_191939 [RA] 20 08 05.7549 [Dec] +66 51 02.0755 [FIL] GG495 [EXPTIME] 3.0 [Date] 2019-12-07T12:37:07 [Time] 12:37:07
96/154 HD191936-20191207@123724-Eden.fts [TYPE] LIGHT [OBJ] HD_191939 [RA] 20 08 05.7549 [Dec] +66 51 02.0755 [FIL] GG495 [EXPTIME] 3.0 [Date] 2019-12-07T12:37:24 [Time] 12:37:24
97/154 HD191936-20191207@123741-Eden.fts [TYPE] LIGHT [OBJ] HD_191939 [RA] 20 08 05.7549 [Dec] +66 51 02.0755 [FIL] GG495 [EXPTIME] 3.0 [Date] 2019-12-07T12:37:42 [Time] 12:37:42
98/154 HD191936-20191207@123800-Eden.fts [TYPE] LIGHT [OBJ] HD_191939 [RA] 20 08 05.7549 [Dec] +66 51 02.0755 [FIL] GG495 [EXPTIME] 3.0 [Date] 2019-12-07T12:38:00 [Time] 12:38:00
99/154 HD191936-20191207@123816-Eden.fts [TYPE] LIGHT [OBJ] HD_191939 [RA] 20 08 05.7549 [Dec] +66 51 02.0755 [FIL] GG495 [EXPTIME] 3.0 [Date] 2019-12-07T12:38:16 [Time] 12:38:16
100/154 HD191936-20191207@123834-Eden.fts [TYPE] LIGHT [OBJ] HD_191939 [RA] 20 08 05.7549 [Dec] +66 51 02.0755 [FIL] GG495 [EXPTIME] 3.0 [Date] 2019-12-07T12:38:34 [Time] 12:38:34
101/154 HD191936-20191207@123851-Eden.fts [TYPE] LIGHT [OBJ] HD_191939 [RA] 20 08 05.7549 [Dec] +66 51 02.0755 [FIL] GG495 [EXPTIME] 3.0 [Date] 2019-12-07T12:38:52 [Time] 12:38:52
102/154 HD191936-20191207@123908-Eden.fts [TYPE] LIGHT [OBJ] HD_191939 [RA] 20 08 05.7549 [Dec] +66 51 02.0755 [FIL] GG495 [EXPTIME] 3.0 [Date] 2019-12-07T12:39:08 [Time] 12:39:08
103/154 HD191936-20191207@123925-Eden.fts [TYPE] LIGHT [OBJ] HD_191939 [RA] 20 08 05.7549 [Dec] +66 51 02.0755 [FIL] GG495 [EXPTIME] 3.0 [Date] 2019-12-07T12:39:26 [Time] 12:39:26
104/154 HD191936-20191207@123943-Eden.fts [TYPE] LIGHT [OBJ] HD_191939 [RA] 20 08 05.7549 [Dec] +66 51 02.0755 [FIL] GG495 [EXPTIME] 3.0 [Date] 2019-12-07T12:39:44 [Time] 12:39:44
105/154 HD191936-20191207@124000-Eden.fts [TYPE] LIGHT [OBJ] HD_191939 [RA] 20 08 05.7549 [Dec] +66 51 02.0755 [FIL] GG495 [EXPTIME] 3.0 [Date] 2019-12-07T12:40:00 [Time] 12:40:00
106/154 HD191936-20191207@124017-Eden.fts [TYPE] LIGHT [OBJ] HD_191939 [RA] 20 08 05.7549 [Dec] +66 51 02.0755 [FIL] GG495 [EXPTIME] 3.0 [Date] 2019-12-07T12:40:18 [Time] 12:40:18
107/154 HD191936-20191207@124039-Eden.fts [TYPE] LIGHT [OBJ] HD_191939 [RA] 20 08 05.7549 [Dec] +66 51 02.0755 [FIL] GG495 [EXPTIME] 3.0 [Date] 2019-12-07T12:40:40 [Time] 12:40:40
108/154 HD191936-20191207@124057-Eden.fts [TYPE] LIGHT [OBJ] HD_191939 [RA] 20 08 05.7549 [Dec] +66 51 02.0755 [FIL] GG495 [EXPTIME] 3.0 [Date] 2019-12-07T12:40:57 [Time] 12:40:57
109/154 HD191936-20191207@124113-Eden.fts [TYPE] LIGHT [OBJ] HD_191939 [RA] 20 08 05.7549 [Dec] +66 51 02.0755 [FIL] GG495 [EXPTIME] 3.0 [Date] 2019-12-07T12:41:13 [Time] 12:41:13
110/154 HD191936-20191207@124129-Eden.fts [TYPE] LIGHT [OBJ] HD_191939 [RA] 20 08 05.7549 [Dec] +66 51 02.0755 [FIL] GG495 [EXPTIME] 3.0 [Date] 2019-12-07T12:41:30 [Time] 12:41:30
111/154 HD191936-20191207@124146-Eden.fts [TYPE] LIGHT [OBJ] HD_191939 [RA] 20 08 05.7549 [Dec] +66 51 02.0755 [FIL] GG495 [EXPTIME] 3.0 [Date] 2019-12-07T12:41:47 [Time] 12:41:47
112/154 HD191936-20191207@124204-Eden.fts [TYPE] LIGHT [OBJ] HD_191939 [RA] 20 08 05.7549 [Dec] +66 51 02.0755 [FIL] GG495 [EXPTIME] 3.0 [Date] 2019-12-07T12:42:05 [Time] 12:42:05
113/154 HD191936-20191207@124222-Eden.fts [TYPE] LIGHT [OBJ] HD_191939 [RA] 20 08 05.7549 [Dec] +66 51 02.0755 [FIL] GG495 [EXPTIME] 3.0 [Date] 2019-12-07T12:42:22 [Time] 12:42:22
114/154 HD191936-20191207@124238-Eden.fts [TYPE] LIGHT [OBJ] HD_191939 [RA] 20 08 05.7549 [Dec] +66 51 02.0755 [FIL] GG495 [EXPTIME] 3.0 [Date] 2019-12-07T12:42:39 [Time] 12:42:39
115/154 HD191936-20191207@124255-Eden.fts [TYPE] LIGHT [OBJ] HD_191939 [RA] 20 08 05.7549 [Dec] +66 51 02.0755 [FIL] GG495 [EXPTIME] 3.0 [Date] 2019-12-07T12:42:56 [Time] 12:42:56
116/154 HD191936-20191207@124313-Eden.fts [TYPE] LIGHT [OBJ] HD_191939 [RA] 20 08 05.7549 [Dec] +66 51 02.0755 [FIL] GG495 [EXPTIME] 3.0 [Date] 2019-12-07T12:43:14 [Time] 12:43:14
117/154 HD191936-20191207@124330-Eden.fts [TYPE] LIGHT [OBJ] HD_191939 [RA] 20 08 05.7549 [Dec] +66 51 02.0755 [FIL] GG495 [EXPTIME] 3.0 [Date] 2019-12-07T12:43:31 [Time] 12:43:31
118/154 HD191936-20191207@124348-Eden.fts [TYPE] LIGHT [OBJ] HD_191939 [RA] 20 08 05.7549 [Dec] +66 51 02.0755 [FIL] GG495 [EXPTIME] 3.0 [Date] 2019-12-07T12:43:49 [Time] 12:43:49
119/154 HD191936-20191207@124406-Eden.fts [TYPE] LIGHT [OBJ] HD_191939 [RA] 20 08 05.7549 [Dec] +66 51 02.0755 [FIL] GG495 [EXPTIME] 3.0 [Date] 2019-12-07T12:44:06 [Time] 12:44:06
120/154 HD191936-20191207@124459-Eden.fts [TYPE] LIGHT [OBJ] HD_191939 [RA] 20 08 05.7549 [Dec] +66 51 02.0755 [FIL] GG495 [EXPTIME] 3.0 [Date] 2019-12-07T12:44:59 [Time] 12:44:59
121/154 HD191936-20191207@124515-Eden.fts [TYPE] LIGHT [OBJ] HD_191939 [RA] 20 08 05.7549 [Dec] +66 51 02.0755 [FIL] GG495 [EXPTIME] 3.0 [Date] 2019-12-07T12:45:16 [Time] 12:45:16
122/154 HD191936-20191207@124532-Eden.fts [TYPE] LIGHT [OBJ] HD_191939 [RA] 20 08 05.7549 [Dec] +66 51 02.0755 [FIL] GG495 [EXPTIME] 3.0 [Date] 2019-12-07T12:45:33 [Time] 12:45:33
123/154 HD191936-20191207@124550-Eden.fts [TYPE] LIGHT [OBJ] HD_191939 [RA] 20 08 05.7549 [Dec] +66 51 02.0755 [FIL] GG495 [EXPTIME] 3.0 [Date] 2019-12-07T12:45:50 [Time] 12:45:50
124/154 HD191936-20191207@124607-Eden.fts [TYPE] LIGHT [OBJ] HD_191939 [RA] 20 08 05.7549 [Dec] +66 51 02.0755 [FIL] GG495 [EXPTIME] 3.0 [Date] 2019-12-07T12:46:07 [Time] 12:46:07
125/154 HD191936-20191207@124624-Eden.fts [TYPE] LIGHT [OBJ] HD_191939 [RA] 20 08 05.7549 [Dec] +66 51 02.0755 [FIL] GG495 [EXPTIME] 3.0 [Date] 2019-12-07T12:46:24 [Time] 12:46:24
126/154 HD191936-20191207@124641-Eden.fts [TYPE] LIGHT [OBJ] HD_191939 [RA] 20 08 05.7549 [Dec] +66 51 02.0755 [FIL] GG495 [EXPTIME] 3.0 [Date] 2019-12-07T12:46:41 [Time] 12:46:41
127/154 HD191936-20191207@124658-Eden.fts [TYPE] LIGHT [OBJ] HD_191939 [RA] 20 08 05.7549 [Dec] +66 51 02.0755 [FIL] GG495 [EXPTIME] 3.0 [Date] 2019-12-07T12:46:59 [Time] 12:46:59
128/154 HD191936-20191207@124715-Eden.fts [TYPE] LIGHT [OBJ] HD_191939 [RA] 20 08 05.7549 [Dec] +66 51 02.0755 [FIL] GG495 [EXPTIME] 3.0 [Date] 2019-12-07T12:47:15 [Time] 12:47:15
129/154 HD191936-20191207@124732-Eden.fts [TYPE] LIGHT [OBJ] HD_191939 [RA] 20 08 05.7549 [Dec] +66 51 02.0755 [FIL] GG495 [EXPTIME] 3.0 [Date] 2019-12-07T12:47:32 [Time] 12:47:32
130/154 HD191936-20191207@124749-Eden.fts [TYPE] LIGHT [OBJ] HD_191939 [RA] 20 08 05.7549 [Dec] +66 51 02.0755 [FIL] GG495 [EXPTIME] 3.0 [Date] 2019-12-07T12:47:50 [Time] 12:47:50
131/154 HD191936-20191207@124806-Eden.fts [TYPE] LIGHT [OBJ] HD_191939 [RA] 20 08 05.7549 [Dec] +66 51 02.0755 [FIL] GG495 [EXPTIME] 3.0 [Date] 2019-12-07T12:48:07 [Time] 12:48:07
132/154 HD191936-20191207@124823-Eden.fts [TYPE] LIGHT [OBJ] HD_191939 [RA] 20 08 05.7549 [Dec] +66 51 02.0755 [FIL] GG495 [EXPTIME] 3.0 [Date] 2019-12-07T12:48:23 [Time] 12:48:23
133/154 HD191936-20191207@124841-Eden.fts [TYPE] LIGHT [OBJ] HD_191939 [RA] 20 08 05.7549 [Dec] +66 51 02.0755 [FIL] GG495 [EXPTIME] 3.0 [Date] 2019-12-07T12:48:41 [Time] 12:48:41
134/154 HD191936-20191207@124900-Eden.fts [TYPE] LIGHT [OBJ] HD_191939 [RA] 20 08 05.7549 [Dec] +66 51 02.0755 [FIL] GG495 [EXPTIME] 3.0 [Date] 2019-12-07T12:49:01 [Time] 12:49:01
135/154 HD191936-20191207@124918-Eden.fts [TYPE] LIGHT [OBJ] HD_191939 [RA] 20 08 05.7549 [Dec] +66 51 02.0755 [FIL] GG495 [EXPTIME] 3.0 [Date] 2019-12-07T12:49:18 [Time] 12:49:18
136/154 HD191936-20191207@124934-Eden.fts [TYPE] LIGHT [OBJ] HD_191939 [RA] 20 08 05.7549 [Dec] +66 51 02.0755 [FIL] GG495 [EXPTIME] 3.0 [Date] 2019-12-07T12:49:35 [Time] 12:49:35
137/154 HD191936-20191207@124951-Eden.fts [TYPE] LIGHT [OBJ] HD_191939 [RA] 20 08 05.7549 [Dec] +66 51 02.0755 [FIL] GG495 [EXPTIME] 3.0 [Date] 2019-12-07T12:49:52 [Time] 12:49:52
138/154 HD191936-20191207@125008-Eden.fts [TYPE] LIGHT [OBJ] HD_191939 [RA] 20 08 05.7549 [Dec] +66 51 02.0755 [FIL] GG495 [EXPTIME] 3.0 [Date] 2019-12-07T12:50:09 [Time] 12:50:09
139/154 HD191936-20191207@125026-Eden.fts [TYPE] LIGHT [OBJ] HD_191939 [RA] 20 08 05.7549 [Dec] +66 51 02.0755 [FIL] GG495 [EXPTIME] 3.0 [Date] 2019-12-07T12:50:26 [Time] 12:50:26
140/154 HD191936-20191207@125043-Eden.fts [TYPE] LIGHT [OBJ] HD_191939 [RA] 20 08 05.7549 [Dec] +66 51 02.0755 [FIL] GG495 [EXPTIME] 3.0 [Date] 2019-12-07T12:50:44 [Time] 12:50:44
141/154 HD191936-20191207@125100-Eden.fts [TYPE] LIGHT [OBJ] HD_191939 [RA] 20 08 05.7549 [Dec] +66 51 02.0755 [FIL] GG495 [EXPTIME] 3.0 [Date] 2019-12-07T12:51:01 [Time] 12:51:01
142/154 HD191936-20191207@125117-Eden.fts [TYPE] LIGHT [OBJ] HD_191939 [RA] 20 08 05.7549 [Dec] +66 51 02.0755 [FIL] GG495 [EXPTIME] 3.0 [Date] 2019-12-07T12:51:17 [Time] 12:51:17
143/154 HD191936-20191207@125135-Eden.fts [TYPE] LIGHT [OBJ] HD_191939 [RA] 20 08 05.7549 [Dec] +66 51 02.0755 [FIL] GG495 [EXPTIME] 3.0 [Date] 2019-12-07T12:51:36 [Time] 12:51:36
144/154 HD191936-20191207@125153-Eden.fts [TYPE] LIGHT [OBJ] HD_191939 [RA] 20 08 05.7549 [Dec] +66 51 02.0755 [FIL] GG495 [EXPTIME] 3.0 [Date] 2019-12-07T12:51:53 [Time] 12:51:53
145/154 HD191936-20191207@125209-Eden.fts [TYPE] LIGHT [OBJ] HD_191939 [RA] 20 08 05.7549 [Dec] +66 51 02.0755 [FIL] GG495 [EXPTIME] 3.0 [Date] 2019-12-07T12:52:10 [Time] 12:52:10
146/154 HD191936-20191207@125225-Eden.fts [TYPE] LIGHT [OBJ] HD_191939 [RA] 20 08 05.7549 [Dec] +66 51 02.0755 [FIL] GG495 [EXPTIME] 3.0 [Date] 2019-12-07T12:52:26 [Time] 12:52:26
147/154 HD191936-20191207@125242-Eden.fts [TYPE] LIGHT [OBJ] HD_191939 [RA] 20 08 05.7549 [Dec] +66 51 02.0755 [FIL] GG495 [EXPTIME] 3.0 [Date] 2019-12-07T12:52:42 [Time] 12:52:42
148/154 HD191936-20191207@125259-Eden.fts [TYPE] LIGHT [OBJ] HD_191939 [RA] 20 08 05.7549 [Dec] +66 51 02.0755 [FIL] GG495 [EXPTIME] 3.0 [Date] 2019-12-07T12:53:00 [Time] 12:53:00
149/154 HD191936-20191207@125322-Eden.fts [TYPE] LIGHT [OBJ] HD_191939 [RA] 20 08 05.7549 [Dec] +66 51 02.0755 [FIL] GG495 [EXPTIME] 3.0 [Date] 2019-12-07T12:53:22 [Time] 12:53:22
150/154 HD191936-20191207@125405-Eden.fts [TYPE] LIGHT [OBJ] HD_191939 [RA] 20 08 05.7549 [Dec] +66 51 02.0755 [FIL] GG495 [EXPTIME] 3.0 [Date] 2019-12-07T12:54:06 [Time] 12:54:06
151/154 HD191936-20191207@125422-Eden.fts [TYPE] LIGHT [OBJ] HD_191939 [RA] 20 08 05.7549 [Dec] +66 51 02.0755 [FIL] GG495 [EXPTIME] 3.0 [Date] 2019-12-07T12:54:22 [Time] 12:54:22
152/154 HD191936-20191207@125441-Eden.fts [TYPE] LIGHT [OBJ] HD_191939 [RA] 20 08 05.7549 [Dec] +66 51 02.0755 [FIL] GG495 [EXPTIME] 3.0 [Date] 2019-12-07T12:54:41 [Time] 12:54:41
153/154 HD191936-20191207@125458-Eden.fts [TYPE] LIGHT [OBJ] HD_191939 [RA] 20 08 05.7549 [Dec] +66 51 02.0755 [FIL] GG495 [EXPTIME] 3.0 [Date] 2019-12-07T12:54:58 [Time] 12:54:58
154/154 HD191936-20191207@125516-Eden.fts [TYPE] LIGHT [OBJ] HD_191939 [RA] 20 08 05.7549 [Dec] +66 51 02.0755 [FIL] GG495 [EXPTIME] 3.0 [Date] 2019-12-07T12:55:16 [Time] 12:55:16
... write log file to LOT20191207_HD191936_mod.log ...
... finish ...
