-----------------
input parameters
-----------------
['modify_header_name_eden.py', 'LOT20220101_2MASS_J04402325-0530082', '33']
Your will modify header for: 2MASS_J04402325-0530082 [RA] 04 40 23.2761 [Dec] -05 30 08.1291 [Filter] GG495
---------------
folder: LOT20220101_2MASS_J04402325-0530082
will update fits in: LOT20220101_2MASS_J04402325-0530082_mod
 ---------------------------
 Exame Fits Header for Bias
 ---------------------------
find ./LOT20220101_2MASS_J04402325-0530082/bias-dark/ | grep 'fits\|fts'|sort 
found 0 Bias/Dark
no files in ./bias-dark/
 ---------------------------
 Exame Fits Header for Flat
 ---------------------------
find ./LOT20220101_2MASS_J04402325-0530082/ | grep flat/ | grep -E 'fits|fts'|sort -t'-' -k2.4,2.6 
found 0 Flat
no files in ./flat/
 ---------------------------
 Exame Fits Header for Additional Dark for Flat
 ---------------------------
find ./LOT20220101_2MASS_J04402325-0530082/ | grep flat/ |grep dark| grep -E 'fits|fts'|sort -t'-' -k2.4,2.6 
found 0 Additional Dark for Flat
no additional dark for flat in ./flat/
 ---------------------------
 Modify filename for Science Target
 ---------------------------
... update header ...
1/329 2MASS_J04402325-0530082-20220101@115643-Eden.fts [TYPE] LIGHT [OBJ] 2MASS_J04402325-0530082 [RA] 04 40 23.2761 [Dec] -05 30 08.1291 [FIL] GG495 [EXPTIME] 30.0 [Date] 2022-01-01T11:56:43 [Time] 11:56:43
2/329 2MASS_J04402325-0530082-20220101@115729-Eden.fts [TYPE] LIGHT [OBJ] 2MASS_J04402325-0530082 [RA] 04 40 23.2761 [Dec] -05 30 08.1291 [FIL] GG495 [EXPTIME] 30.0 [Date] 2022-01-01T11:57:29 [Time] 11:57:29
3/329 2MASS_J04402325-0530082-20220101@115815-Eden.fts [TYPE] LIGHT [OBJ] 2MASS_J04402325-0530082 [RA] 04 40 23.2761 [Dec] -05 30 08.1291 [FIL] GG495 [EXPTIME] 30.0 [Date] 2022-01-01T11:58:15 [Time] 11:58:15
4/329 2MASS_J04402325-0530082-20220101@115901-Eden.fts [TYPE] LIGHT [OBJ] 2MASS_J04402325-0530082 [RA] 04 40 23.2761 [Dec] -05 30 08.1291 [FIL] GG495 [EXPTIME] 30.0 [Date] 2022-01-01T11:59:01 [Time] 11:59:01
5/329 2MASS_J04402325-0530082-20220101@115947-Eden.fts [TYPE] LIGHT [OBJ] 2MASS_J04402325-0530082 [RA] 04 40 23.2761 [Dec] -05 30 08.1291 [FIL] GG495 [EXPTIME] 30.0 [Date] 2022-01-01T11:59:47 [Time] 11:59:47
6/329 2MASS_J04402325-0530082-20220101@120035-Eden.fts [TYPE] LIGHT [OBJ] 2MASS_J04402325-0530082 [RA] 04 40 23.2761 [Dec] -05 30 08.1291 [FIL] GG495 [EXPTIME] 30.0 [Date] 2022-01-01T12:00:35 [Time] 12:00:35
7/329 2MASS_J04402325-0530082-20220101@120122-Eden.fts [TYPE] LIGHT [OBJ] 2MASS_J04402325-0530082 [RA] 04 40 23.2761 [Dec] -05 30 08.1291 [FIL] GG495 [EXPTIME] 30.0 [Date] 2022-01-01T12:01:22 [Time] 12:01:22
8/329 2MASS_J04402325-0530082-20220101@120209-Eden.fts [TYPE] LIGHT [OBJ] 2MASS_J04402325-0530082 [RA] 04 40 23.2761 [Dec] -05 30 08.1291 [FIL] GG495 [EXPTIME] 30.0 [Date] 2022-01-01T12:02:09 [Time] 12:02:09
9/329 2MASS_J04402325-0530082-20220101@120258-Eden.fts [TYPE] LIGHT [OBJ] 2MASS_J04402325-0530082 [RA] 04 40 23.2761 [Dec] -05 30 08.1291 [FIL] GG495 [EXPTIME] 30.0 [Date] 2022-01-01T12:02:58 [Time] 12:02:58
10/329 2MASS_J04402325-0530082-20220101@120344-Eden.fts [TYPE] LIGHT [OBJ] 2MASS_J04402325-0530082 [RA] 04 40 23.2761 [Dec] -05 30 08.1291 [FIL] GG495 [EXPTIME] 30.0 [Date] 2022-01-01T12:03:44 [Time] 12:03:44
11/329 2MASS_J04402325-0530082-20220101@120431-Eden.fts [TYPE] LIGHT [OBJ] 2MASS_J04402325-0530082 [RA] 04 40 23.2761 [Dec] -05 30 08.1291 [FIL] GG495 [EXPTIME] 30.0 [Date] 2022-01-01T12:04:31 [Time] 12:04:31
12/329 2MASS_J04402325-0530082-20220101@120517-Eden.fts [TYPE] LIGHT [OBJ] 2MASS_J04402325-0530082 [RA] 04 40 23.2761 [Dec] -05 30 08.1291 [FIL] GG495 [EXPTIME] 30.0 [Date] 2022-01-01T12:05:17 [Time] 12:05:17
13/329 2MASS_J04402325-0530082-20220101@120603-Eden.fts [TYPE] LIGHT [OBJ] 2MASS_J04402325-0530082 [RA] 04 40 23.2761 [Dec] -05 30 08.1291 [FIL] GG495 [EXPTIME] 30.0 [Date] 2022-01-01T12:06:03 [Time] 12:06:03
14/329 2MASS_J04402325-0530082-20220101@120651-Eden.fts [TYPE] LIGHT [OBJ] 2MASS_J04402325-0530082 [RA] 04 40 23.2761 [Dec] -05 30 08.1291 [FIL] GG495 [EXPTIME] 30.0 [Date] 2022-01-01T12:06:51 [Time] 12:06:51
15/329 2MASS_J04402325-0530082-20220101@120737-Eden.fts [TYPE] LIGHT [OBJ] 2MASS_J04402325-0530082 [RA] 04 40 23.2761 [Dec] -05 30 08.1291 [FIL] GG495 [EXPTIME] 30.0 [Date] 2022-01-01T12:07:37 [Time] 12:07:37
16/329 2MASS_J04402325-0530082-20220101@120825-Eden.fts [TYPE] LIGHT [OBJ] 2MASS_J04402325-0530082 [RA] 04 40 23.2761 [Dec] -05 30 08.1291 [FIL] GG495 [EXPTIME] 30.0 [Date] 2022-01-01T12:08:25 [Time] 12:08:25
17/329 2MASS_J04402325-0530082-20220101@120913-Eden.fts [TYPE] LIGHT [OBJ] 2MASS_J04402325-0530082 [RA] 04 40 23.2761 [Dec] -05 30 08.1291 [FIL] GG495 [EXPTIME] 30.0 [Date] 2022-01-01T12:09:13 [Time] 12:09:13
18/329 2MASS_J04402325-0530082-20220101@120959-Eden.fts [TYPE] LIGHT [OBJ] 2MASS_J04402325-0530082 [RA] 04 40 23.2761 [Dec] -05 30 08.1291 [FIL] GG495 [EXPTIME] 30.0 [Date] 2022-01-01T12:09:59 [Time] 12:09:59
19/329 2MASS_J04402325-0530082-20220101@121044-Eden.fts [TYPE] LIGHT [OBJ] 2MASS_J04402325-0530082 [RA] 04 40 23.2761 [Dec] -05 30 08.1291 [FIL] GG495 [EXPTIME] 30.0 [Date] 2022-01-01T12:10:44 [Time] 12:10:44
20/329 2MASS_J04402325-0530082-20220101@121131-Eden.fts [TYPE] LIGHT [OBJ] 2MASS_J04402325-0530082 [RA] 04 40 23.2761 [Dec] -05 30 08.1291 [FIL] GG495 [EXPTIME] 30.0 [Date] 2022-01-01T12:11:31 [Time] 12:11:31
21/329 2MASS_J04402325-0530082-20220101@121218-Eden.fts [TYPE] LIGHT [OBJ] 2MASS_J04402325-0530082 [RA] 04 40 23.2761 [Dec] -05 30 08.1291 [FIL] GG495 [EXPTIME] 30.0 [Date] 2022-01-01T12:12:18 [Time] 12:12:18
22/329 2MASS_J04402325-0530082-20220101@121305-Eden.fts [TYPE] LIGHT [OBJ] 2MASS_J04402325-0530082 [RA] 04 40 23.2761 [Dec] -05 30 08.1291 [FIL] GG495 [EXPTIME] 30.0 [Date] 2022-01-01T12:13:05 [Time] 12:13:05
23/329 2MASS_J04402325-0530082-20220101@121352-Eden.fts [TYPE] LIGHT [OBJ] 2MASS_J04402325-0530082 [RA] 04 40 23.2761 [Dec] -05 30 08.1291 [FIL] GG495 [EXPTIME] 30.0 [Date] 2022-01-01T12:13:52 [Time] 12:13:52
24/329 2MASS_J04402325-0530082-20220101@121439-Eden.fts [TYPE] LIGHT [OBJ] 2MASS_J04402325-0530082 [RA] 04 40 23.2761 [Dec] -05 30 08.1291 [FIL] GG495 [EXPTIME] 30.0 [Date] 2022-01-01T12:14:39 [Time] 12:14:39
25/329 2MASS_J04402325-0530082-20220101@121525-Eden.fts [TYPE] LIGHT [OBJ] 2MASS_J04402325-0530082 [RA] 04 40 23.2761 [Dec] -05 30 08.1291 [FIL] GG495 [EXPTIME] 30.0 [Date] 2022-01-01T12:15:25 [Time] 12:15:25
26/329 2MASS_J04402325-0530082-20220101@121611-Eden.fts [TYPE] LIGHT [OBJ] 2MASS_J04402325-0530082 [RA] 04 40 23.2761 [Dec] -05 30 08.1291 [FIL] GG495 [EXPTIME] 30.0 [Date] 2022-01-01T12:16:11 [Time] 12:16:11
27/329 2MASS_J04402325-0530082-20220101@121658-Eden.fts [TYPE] LIGHT [OBJ] 2MASS_J04402325-0530082 [RA] 04 40 23.2761 [Dec] -05 30 08.1291 [FIL] GG495 [EXPTIME] 30.0 [Date] 2022-01-01T12:16:58 [Time] 12:16:58
28/329 2MASS_J04402325-0530082-20220101@121743-Eden.fts [TYPE] LIGHT [OBJ] 2MASS_J04402325-0530082 [RA] 04 40 23.2761 [Dec] -05 30 08.1291 [FIL] GG495 [EXPTIME] 30.0 [Date] 2022-01-01T12:17:43 [Time] 12:17:43
29/329 2MASS_J04402325-0530082-20220101@121829-Eden.fts [TYPE] LIGHT [OBJ] 2MASS_J04402325-0530082 [RA] 04 40 23.2761 [Dec] -05 30 08.1291 [FIL] GG495 [EXPTIME] 30.0 [Date] 2022-01-01T12:18:29 [Time] 12:18:29
30/329 2MASS_J04402325-0530082-20220101@121915-Eden.fts [TYPE] LIGHT [OBJ] 2MASS_J04402325-0530082 [RA] 04 40 23.2761 [Dec] -05 30 08.1291 [FIL] GG495 [EXPTIME] 30.0 [Date] 2022-01-01T12:19:15 [Time] 12:19:15
31/329 2MASS_J04402325-0530082-20220101@122001-Eden.fts [TYPE] LIGHT [OBJ] 2MASS_J04402325-0530082 [RA] 04 40 23.2761 [Dec] -05 30 08.1291 [FIL] GG495 [EXPTIME] 30.0 [Date] 2022-01-01T12:20:01 [Time] 12:20:01
32/329 2MASS_J04402325-0530082-20220101@122049-Eden.fts [TYPE] LIGHT [OBJ] 2MASS_J04402325-0530082 [RA] 04 40 23.2761 [Dec] -05 30 08.1291 [FIL] GG495 [EXPTIME] 30.0 [Date] 2022-01-01T12:20:49 [Time] 12:20:49
33/329 2MASS_J04402325-0530082-20220101@122135-Eden.fts [TYPE] LIGHT [OBJ] 2MASS_J04402325-0530082 [RA] 04 40 23.2761 [Dec] -05 30 08.1291 [FIL] GG495 [EXPTIME] 30.0 [Date] 2022-01-01T12:21:35 [Time] 12:21:35
34/329 2MASS_J04402325-0530082-20220101@122222-Eden.fts [TYPE] LIGHT [OBJ] 2MASS_J04402325-0530082 [RA] 04 40 23.2761 [Dec] -05 30 08.1291 [FIL] GG495 [EXPTIME] 30.0 [Date] 2022-01-01T12:22:22 [Time] 12:22:22
35/329 2MASS_J04402325-0530082-20220101@122310-Eden.fts [TYPE] LIGHT [OBJ] 2MASS_J04402325-0530082 [RA] 04 40 23.2761 [Dec] -05 30 08.1291 [FIL] GG495 [EXPTIME] 30.0 [Date] 2022-01-01T12:23:10 [Time] 12:23:10
36/329 2MASS_J04402325-0530082-20220101@122357-Eden.fts [TYPE] LIGHT [OBJ] 2MASS_J04402325-0530082 [RA] 04 40 23.2761 [Dec] -05 30 08.1291 [FIL] GG495 [EXPTIME] 30.0 [Date] 2022-01-01T12:23:57 [Time] 12:23:57
37/329 2MASS_J04402325-0530082-20220101@122443-Eden.fts [TYPE] LIGHT [OBJ] 2MASS_J04402325-0530082 [RA] 04 40 23.2761 [Dec] -05 30 08.1291 [FIL] GG495 [EXPTIME] 30.0 [Date] 2022-01-01T12:24:43 [Time] 12:24:43
38/329 2MASS_J04402325-0530082-20220101@122530-Eden.fts [TYPE] LIGHT [OBJ] 2MASS_J04402325-0530082 [RA] 04 40 23.2761 [Dec] -05 30 08.1291 [FIL] GG495 [EXPTIME] 30.0 [Date] 2022-01-01T12:25:30 [Time] 12:25:30
39/329 2MASS_J04402325-0530082-20220101@122616-Eden.fts [TYPE] LIGHT [OBJ] 2MASS_J04402325-0530082 [RA] 04 40 23.2761 [Dec] -05 30 08.1291 [FIL] GG495 [EXPTIME] 30.0 [Date] 2022-01-01T12:26:16 [Time] 12:26:16
40/329 2MASS_J04402325-0530082-20220101@122702-Eden.fts [TYPE] LIGHT [OBJ] 2MASS_J04402325-0530082 [RA] 04 40 23.2761 [Dec] -05 30 08.1291 [FIL] GG495 [EXPTIME] 30.0 [Date] 2022-01-01T12:27:02 [Time] 12:27:02
41/329 2MASS_J04402325-0530082-20220101@122748-Eden.fts [TYPE] LIGHT [OBJ] 2MASS_J04402325-0530082 [RA] 04 40 23.2761 [Dec] -05 30 08.1291 [FIL] GG495 [EXPTIME] 30.0 [Date] 2022-01-01T12:27:48 [Time] 12:27:48
42/329 2MASS_J04402325-0530082-20220101@122834-Eden.fts [TYPE] LIGHT [OBJ] 2MASS_J04402325-0530082 [RA] 04 40 23.2761 [Dec] -05 30 08.1291 [FIL] GG495 [EXPTIME] 30.0 [Date] 2022-01-01T12:28:34 [Time] 12:28:34
43/329 2MASS_J04402325-0530082-20220101@122921-Eden.fts [TYPE] LIGHT [OBJ] 2MASS_J04402325-0530082 [RA] 04 40 23.2761 [Dec] -05 30 08.1291 [FIL] GG495 [EXPTIME] 30.0 [Date] 2022-01-01T12:29:21 [Time] 12:29:21
44/329 2MASS_J04402325-0530082-20220101@123007-Eden.fts [TYPE] LIGHT [OBJ] 2MASS_J04402325-0530082 [RA] 04 40 23.2761 [Dec] -05 30 08.1291 [FIL] GG495 [EXPTIME] 30.0 [Date] 2022-01-01T12:30:07 [Time] 12:30:07
45/329 2MASS_J04402325-0530082-20220101@123053-Eden.fts [TYPE] LIGHT [OBJ] 2MASS_J04402325-0530082 [RA] 04 40 23.2761 [Dec] -05 30 08.1291 [FIL] GG495 [EXPTIME] 30.0 [Date] 2022-01-01T12:30:53 [Time] 12:30:53
46/329 2MASS_J04402325-0530082-20220101@123139-Eden.fts [TYPE] LIGHT [OBJ] 2MASS_J04402325-0530082 [RA] 04 40 23.2761 [Dec] -05 30 08.1291 [FIL] GG495 [EXPTIME] 30.0 [Date] 2022-01-01T12:31:39 [Time] 12:31:39
47/329 2MASS_J04402325-0530082-20220101@123226-Eden.fts [TYPE] LIGHT [OBJ] 2MASS_J04402325-0530082 [RA] 04 40 23.2761 [Dec] -05 30 08.1291 [FIL] GG495 [EXPTIME] 30.0 [Date] 2022-01-01T12:32:26 [Time] 12:32:26
48/329 2MASS_J04402325-0530082-20220101@123314-Eden.fts [TYPE] LIGHT [OBJ] 2MASS_J04402325-0530082 [RA] 04 40 23.2761 [Dec] -05 30 08.1291 [FIL] GG495 [EXPTIME] 30.0 [Date] 2022-01-01T12:33:14 [Time] 12:33:14
49/329 2MASS_J04402325-0530082-20220101@123400-Eden.fts [TYPE] LIGHT [OBJ] 2MASS_J04402325-0530082 [RA] 04 40 23.2761 [Dec] -05 30 08.1291 [FIL] GG495 [EXPTIME] 30.0 [Date] 2022-01-01T12:34:00 [Time] 12:34:00
50/329 2MASS_J04402325-0530082-20220101@123447-Eden.fts [TYPE] LIGHT [OBJ] 2MASS_J04402325-0530082 [RA] 04 40 23.2761 [Dec] -05 30 08.1291 [FIL] GG495 [EXPTIME] 30.0 [Date] 2022-01-01T12:34:47 [Time] 12:34:47
51/329 2MASS_J04402325-0530082-20220101@123533-Eden.fts [TYPE] LIGHT [OBJ] 2MASS_J04402325-0530082 [RA] 04 40 23.2761 [Dec] -05 30 08.1291 [FIL] GG495 [EXPTIME] 30.0 [Date] 2022-01-01T12:35:33 [Time] 12:35:33
52/329 2MASS_J04402325-0530082-20220101@123620-Eden.fts [TYPE] LIGHT [OBJ] 2MASS_J04402325-0530082 [RA] 04 40 23.2761 [Dec] -05 30 08.1291 [FIL] GG495 [EXPTIME] 30.0 [Date] 2022-01-01T12:36:20 [Time] 12:36:20
53/329 2MASS_J04402325-0530082-20220101@123707-Eden.fts [TYPE] LIGHT [OBJ] 2MASS_J04402325-0530082 [RA] 04 40 23.2761 [Dec] -05 30 08.1291 [FIL] GG495 [EXPTIME] 30.0 [Date] 2022-01-01T12:37:07 [Time] 12:37:07
54/329 2MASS_J04402325-0530082-20220101@123755-Eden.fts [TYPE] LIGHT [OBJ] 2MASS_J04402325-0530082 [RA] 04 40 23.2761 [Dec] -05 30 08.1291 [FIL] GG495 [EXPTIME] 30.0 [Date] 2022-01-01T12:37:55 [Time] 12:37:55
55/329 2MASS_J04402325-0530082-20220101@123841-Eden.fts [TYPE] LIGHT [OBJ] 2MASS_J04402325-0530082 [RA] 04 40 23.2761 [Dec] -05 30 08.1291 [FIL] GG495 [EXPTIME] 30.0 [Date] 2022-01-01T12:38:41 [Time] 12:38:41
56/329 2MASS_J04402325-0530082-20220101@123927-Eden.fts [TYPE] LIGHT [OBJ] 2MASS_J04402325-0530082 [RA] 04 40 23.2761 [Dec] -05 30 08.1291 [FIL] GG495 [EXPTIME] 30.0 [Date] 2022-01-01T12:39:27 [Time] 12:39:27
57/329 2MASS_J04402325-0530082-20220101@124013-Eden.fts [TYPE] LIGHT [OBJ] 2MASS_J04402325-0530082 [RA] 04 40 23.2761 [Dec] -05 30 08.1291 [FIL] GG495 [EXPTIME] 30.0 [Date] 2022-01-01T12:40:13 [Time] 12:40:13
58/329 2MASS_J04402325-0530082-20220101@124059-Eden.fts [TYPE] LIGHT [OBJ] 2MASS_J04402325-0530082 [RA] 04 40 23.2761 [Dec] -05 30 08.1291 [FIL] GG495 [EXPTIME] 30.0 [Date] 2022-01-01T12:40:59 [Time] 12:40:59
59/329 2MASS_J04402325-0530082-20220101@124147-Eden.fts [TYPE] LIGHT [OBJ] 2MASS_J04402325-0530082 [RA] 04 40 23.2761 [Dec] -05 30 08.1291 [FIL] GG495 [EXPTIME] 30.0 [Date] 2022-01-01T12:41:47 [Time] 12:41:47
60/329 2MASS_J04402325-0530082-20220101@124233-Eden.fts [TYPE] LIGHT [OBJ] 2MASS_J04402325-0530082 [RA] 04 40 23.2761 [Dec] -05 30 08.1291 [FIL] GG495 [EXPTIME] 30.0 [Date] 2022-01-01T12:42:33 [Time] 12:42:33
61/329 2MASS_J04402325-0530082-20220101@124320-Eden.fts [TYPE] LIGHT [OBJ] 2MASS_J04402325-0530082 [RA] 04 40 23.2761 [Dec] -05 30 08.1291 [FIL] GG495 [EXPTIME] 30.0 [Date] 2022-01-01T12:43:20 [Time] 12:43:20
62/329 2MASS_J04402325-0530082-20220101@124407-Eden.fts [TYPE] LIGHT [OBJ] 2MASS_J04402325-0530082 [RA] 04 40 23.2761 [Dec] -05 30 08.1291 [FIL] GG495 [EXPTIME] 30.0 [Date] 2022-01-01T12:44:07 [Time] 12:44:07
63/329 2MASS_J04402325-0530082-20220101@124454-Eden.fts [TYPE] LIGHT [OBJ] 2MASS_J04402325-0530082 [RA] 04 40 23.2761 [Dec] -05 30 08.1291 [FIL] GG495 [EXPTIME] 30.0 [Date] 2022-01-01T12:44:54 [Time] 12:44:54
64/329 2MASS_J04402325-0530082-20220101@124541-Eden.fts [TYPE] LIGHT [OBJ] 2MASS_J04402325-0530082 [RA] 04 40 23.2761 [Dec] -05 30 08.1291 [FIL] GG495 [EXPTIME] 30.0 [Date] 2022-01-01T12:45:41 [Time] 12:45:41
65/329 2MASS_J04402325-0530082-20220101@124628-Eden.fts [TYPE] LIGHT [OBJ] 2MASS_J04402325-0530082 [RA] 04 40 23.2761 [Dec] -05 30 08.1291 [FIL] GG495 [EXPTIME] 30.0 [Date] 2022-01-01T12:46:28 [Time] 12:46:28
66/329 2MASS_J04402325-0530082-20220101@124714-Eden.fts [TYPE] LIGHT [OBJ] 2MASS_J04402325-0530082 [RA] 04 40 23.2761 [Dec] -05 30 08.1291 [FIL] GG495 [EXPTIME] 30.0 [Date] 2022-01-01T12:47:14 [Time] 12:47:14
67/329 2MASS_J04402325-0530082-20220101@124759-Eden.fts [TYPE] LIGHT [OBJ] 2MASS_J04402325-0530082 [RA] 04 40 23.2761 [Dec] -05 30 08.1291 [FIL] GG495 [EXPTIME] 30.0 [Date] 2022-01-01T12:47:59 [Time] 12:47:59
68/329 2MASS_J04402325-0530082-20220101@124846-Eden.fts [TYPE] LIGHT [OBJ] 2MASS_J04402325-0530082 [RA] 04 40 23.2761 [Dec] -05 30 08.1291 [FIL] GG495 [EXPTIME] 30.0 [Date] 2022-01-01T12:48:46 [Time] 12:48:46
69/329 2MASS_J04402325-0530082-20220101@124933-Eden.fts [TYPE] LIGHT [OBJ] 2MASS_J04402325-0530082 [RA] 04 40 23.2761 [Dec] -05 30 08.1291 [FIL] GG495 [EXPTIME] 30.0 [Date] 2022-01-01T12:49:33 [Time] 12:49:33
70/329 2MASS_J04402325-0530082-20220101@125020-Eden.fts [TYPE] LIGHT [OBJ] 2MASS_J04402325-0530082 [RA] 04 40 23.2761 [Dec] -05 30 08.1291 [FIL] GG495 [EXPTIME] 30.0 [Date] 2022-01-01T12:50:20 [Time] 12:50:20
71/329 2MASS_J04402325-0530082-20220101@125107-Eden.fts [TYPE] LIGHT [OBJ] 2MASS_J04402325-0530082 [RA] 04 40 23.2761 [Dec] -05 30 08.1291 [FIL] GG495 [EXPTIME] 30.0 [Date] 2022-01-01T12:51:07 [Time] 12:51:07
72/329 2MASS_J04402325-0530082-20220101@125153-Eden.fts [TYPE] LIGHT [OBJ] 2MASS_J04402325-0530082 [RA] 04 40 23.2761 [Dec] -05 30 08.1291 [FIL] GG495 [EXPTIME] 30.0 [Date] 2022-01-01T12:51:53 [Time] 12:51:53
73/329 2MASS_J04402325-0530082-20220101@125240-Eden.fts [TYPE] LIGHT [OBJ] 2MASS_J04402325-0530082 [RA] 04 40 23.2761 [Dec] -05 30 08.1291 [FIL] GG495 [EXPTIME] 30.0 [Date] 2022-01-01T12:52:40 [Time] 12:52:40
74/329 2MASS_J04402325-0530082-20220101@125327-Eden.fts [TYPE] LIGHT [OBJ] 2MASS_J04402325-0530082 [RA] 04 40 23.2761 [Dec] -05 30 08.1291 [FIL] GG495 [EXPTIME] 30.0 [Date] 2022-01-01T12:53:27 [Time] 12:53:27
75/329 2MASS_J04402325-0530082-20220101@125413-Eden.fts [TYPE] LIGHT [OBJ] 2MASS_J04402325-0530082 [RA] 04 40 23.2761 [Dec] -05 30 08.1291 [FIL] GG495 [EXPTIME] 30.0 [Date] 2022-01-01T12:54:13 [Time] 12:54:13
76/329 2MASS_J04402325-0530082-20220101@125501-Eden.fts [TYPE] LIGHT [OBJ] 2MASS_J04402325-0530082 [RA] 04 40 23.2761 [Dec] -05 30 08.1291 [FIL] GG495 [EXPTIME] 30.0 [Date] 2022-01-01T12:55:01 [Time] 12:55:01
77/329 2MASS_J04402325-0530082-20220101@125546-Eden.fts [TYPE] LIGHT [OBJ] 2MASS_J04402325-0530082 [RA] 04 40 23.2761 [Dec] -05 30 08.1291 [FIL] GG495 [EXPTIME] 30.0 [Date] 2022-01-01T12:55:46 [Time] 12:55:46
78/329 2MASS_J04402325-0530082-20220101@125633-Eden.fts [TYPE] LIGHT [OBJ] 2MASS_J04402325-0530082 [RA] 04 40 23.2761 [Dec] -05 30 08.1291 [FIL] GG495 [EXPTIME] 30.0 [Date] 2022-01-01T12:56:33 [Time] 12:56:33
79/329 2MASS_J04402325-0530082-20220101@125718-Eden.fts [TYPE] LIGHT [OBJ] 2MASS_J04402325-0530082 [RA] 04 40 23.2761 [Dec] -05 30 08.1291 [FIL] GG495 [EXPTIME] 30.0 [Date] 2022-01-01T12:57:18 [Time] 12:57:18
80/329 2MASS_J04402325-0530082-20220101@125807-Eden.fts [TYPE] LIGHT [OBJ] 2MASS_J04402325-0530082 [RA] 04 40 23.2761 [Dec] -05 30 08.1291 [FIL] GG495 [EXPTIME] 30.0 [Date] 2022-01-01T12:58:07 [Time] 12:58:07
81/329 2MASS_J04402325-0530082-20220101@125853-Eden.fts [TYPE] LIGHT [OBJ] 2MASS_J04402325-0530082 [RA] 04 40 23.2761 [Dec] -05 30 08.1291 [FIL] GG495 [EXPTIME] 30.0 [Date] 2022-01-01T12:58:53 [Time] 12:58:53
82/329 2MASS_J04402325-0530082-20220101@125940-Eden.fts [TYPE] LIGHT [OBJ] 2MASS_J04402325-0530082 [RA] 04 40 23.2761 [Dec] -05 30 08.1291 [FIL] GG495 [EXPTIME] 30.0 [Date] 2022-01-01T12:59:40 [Time] 12:59:40
83/329 2MASS_J04402325-0530082-20220101@130026-Eden.fts [TYPE] LIGHT [OBJ] 2MASS_J04402325-0530082 [RA] 04 40 23.2761 [Dec] -05 30 08.1291 [FIL] GG495 [EXPTIME] 30.0 [Date] 2022-01-01T13:00:26 [Time] 13:00:26
84/329 2MASS_J04402325-0530082-20220101@130111-Eden.fts [TYPE] LIGHT [OBJ] 2MASS_J04402325-0530082 [RA] 04 40 23.2761 [Dec] -05 30 08.1291 [FIL] GG495 [EXPTIME] 30.0 [Date] 2022-01-01T13:01:11 [Time] 13:01:11
85/329 2MASS_J04402325-0530082-20220101@130158-Eden.fts [TYPE] LIGHT [OBJ] 2MASS_J04402325-0530082 [RA] 04 40 23.2761 [Dec] -05 30 08.1291 [FIL] GG495 [EXPTIME] 30.0 [Date] 2022-01-01T13:01:58 [Time] 13:01:58
86/329 2MASS_J04402325-0530082-20220101@130244-Eden.fts [TYPE] LIGHT [OBJ] 2MASS_J04402325-0530082 [RA] 04 40 23.2761 [Dec] -05 30 08.1291 [FIL] GG495 [EXPTIME] 30.0 [Date] 2022-01-01T13:02:44 [Time] 13:02:44
87/329 2MASS_J04402325-0530082-20220101@130330-Eden.fts [TYPE] LIGHT [OBJ] 2MASS_J04402325-0530082 [RA] 04 40 23.2761 [Dec] -05 30 08.1291 [FIL] GG495 [EXPTIME] 30.0 [Date] 2022-01-01T13:03:30 [Time] 13:03:30
88/329 2MASS_J04402325-0530082-20220101@130416-Eden.fts [TYPE] LIGHT [OBJ] 2MASS_J04402325-0530082 [RA] 04 40 23.2761 [Dec] -05 30 08.1291 [FIL] GG495 [EXPTIME] 30.0 [Date] 2022-01-01T13:04:16 [Time] 13:04:16
89/329 2MASS_J04402325-0530082-20220101@130502-Eden.fts [TYPE] LIGHT [OBJ] 2MASS_J04402325-0530082 [RA] 04 40 23.2761 [Dec] -05 30 08.1291 [FIL] GG495 [EXPTIME] 30.0 [Date] 2022-01-01T13:05:02 [Time] 13:05:02
90/329 2MASS_J04402325-0530082-20220101@130549-Eden.fts [TYPE] LIGHT [OBJ] 2MASS_J04402325-0530082 [RA] 04 40 23.2761 [Dec] -05 30 08.1291 [FIL] GG495 [EXPTIME] 30.0 [Date] 2022-01-01T13:05:49 [Time] 13:05:49
91/329 2MASS_J04402325-0530082-20220101@130635-Eden.fts [TYPE] LIGHT [OBJ] 2MASS_J04402325-0530082 [RA] 04 40 23.2761 [Dec] -05 30 08.1291 [FIL] GG495 [EXPTIME] 30.0 [Date] 2022-01-01T13:06:35 [Time] 13:06:35
92/329 2MASS_J04402325-0530082-20220101@130721-Eden.fts [TYPE] LIGHT [OBJ] 2MASS_J04402325-0530082 [RA] 04 40 23.2761 [Dec] -05 30 08.1291 [FIL] GG495 [EXPTIME] 30.0 [Date] 2022-01-01T13:07:21 [Time] 13:07:21
93/329 2MASS_J04402325-0530082-20220101@130807-Eden.fts [TYPE] LIGHT [OBJ] 2MASS_J04402325-0530082 [RA] 04 40 23.2761 [Dec] -05 30 08.1291 [FIL] GG495 [EXPTIME] 30.0 [Date] 2022-01-01T13:08:07 [Time] 13:08:07
94/329 2MASS_J04402325-0530082-20220101@130853-Eden.fts [TYPE] LIGHT [OBJ] 2MASS_J04402325-0530082 [RA] 04 40 23.2761 [Dec] -05 30 08.1291 [FIL] GG495 [EXPTIME] 30.0 [Date] 2022-01-01T13:08:53 [Time] 13:08:53
95/329 2MASS_J04402325-0530082-20220101@130941-Eden.fts [TYPE] LIGHT [OBJ] 2MASS_J04402325-0530082 [RA] 04 40 23.2761 [Dec] -05 30 08.1291 [FIL] GG495 [EXPTIME] 30.0 [Date] 2022-01-01T13:09:41 [Time] 13:09:41
96/329 2MASS_J04402325-0530082-20220101@131027-Eden.fts [TYPE] LIGHT [OBJ] 2MASS_J04402325-0530082 [RA] 04 40 23.2761 [Dec] -05 30 08.1291 [FIL] GG495 [EXPTIME] 30.0 [Date] 2022-01-01T13:10:27 [Time] 13:10:27
97/329 2MASS_J04402325-0530082-20220101@131114-Eden.fts [TYPE] LIGHT [OBJ] 2MASS_J04402325-0530082 [RA] 04 40 23.2761 [Dec] -05 30 08.1291 [FIL] GG495 [EXPTIME] 30.0 [Date] 2022-01-01T13:11:14 [Time] 13:11:14
98/329 2MASS_J04402325-0530082-20220101@131201-Eden.fts [TYPE] LIGHT [OBJ] 2MASS_J04402325-0530082 [RA] 04 40 23.2761 [Dec] -05 30 08.1291 [FIL] GG495 [EXPTIME] 30.0 [Date] 2022-01-01T13:12:01 [Time] 13:12:01
99/329 2MASS_J04402325-0530082-20220101@131247-Eden.fts [TYPE] LIGHT [OBJ] 2MASS_J04402325-0530082 [RA] 04 40 23.2761 [Dec] -05 30 08.1291 [FIL] GG495 [EXPTIME] 30.0 [Date] 2022-01-01T13:12:47 [Time] 13:12:47
100/329 2MASS_J04402325-0530082-20220101@131334-Eden.fts [TYPE] LIGHT [OBJ] 2MASS_J04402325-0530082 [RA] 04 40 23.2761 [Dec] -05 30 08.1291 [FIL] GG495 [EXPTIME] 30.0 [Date] 2022-01-01T13:13:34 [Time] 13:13:34
101/329 2MASS_J04402325-0530082-20220101@131421-Eden.fts [TYPE] LIGHT [OBJ] 2MASS_J04402325-0530082 [RA] 04 40 23.2761 [Dec] -05 30 08.1291 [FIL] GG495 [EXPTIME] 30.0 [Date] 2022-01-01T13:14:21 [Time] 13:14:21
102/329 2MASS_J04402325-0530082-20220101@131508-Eden.fts [TYPE] LIGHT [OBJ] 2MASS_J04402325-0530082 [RA] 04 40 23.2761 [Dec] -05 30 08.1291 [FIL] GG495 [EXPTIME] 30.0 [Date] 2022-01-01T13:15:08 [Time] 13:15:08
103/329 2MASS_J04402325-0530082-20220101@131554-Eden.fts [TYPE] LIGHT [OBJ] 2MASS_J04402325-0530082 [RA] 04 40 23.2761 [Dec] -05 30 08.1291 [FIL] GG495 [EXPTIME] 30.0 [Date] 2022-01-01T13:15:54 [Time] 13:15:54
104/329 2MASS_J04402325-0530082-20220101@131640-Eden.fts [TYPE] LIGHT [OBJ] 2MASS_J04402325-0530082 [RA] 04 40 23.2761 [Dec] -05 30 08.1291 [FIL] GG495 [EXPTIME] 30.0 [Date] 2022-01-01T13:16:40 [Time] 13:16:40
105/329 2MASS_J04402325-0530082-20220101@131727-Eden.fts [TYPE] LIGHT [OBJ] 2MASS_J04402325-0530082 [RA] 04 40 23.2761 [Dec] -05 30 08.1291 [FIL] GG495 [EXPTIME] 30.0 [Date] 2022-01-01T13:17:27 [Time] 13:17:27
106/329 2MASS_J04402325-0530082-20220101@131813-Eden.fts [TYPE] LIGHT [OBJ] 2MASS_J04402325-0530082 [RA] 04 40 23.2761 [Dec] -05 30 08.1291 [FIL] GG495 [EXPTIME] 30.0 [Date] 2022-01-01T13:18:13 [Time] 13:18:13
107/329 2MASS_J04402325-0530082-20220101@131859-Eden.fts [TYPE] LIGHT [OBJ] 2MASS_J04402325-0530082 [RA] 04 40 23.2761 [Dec] -05 30 08.1291 [FIL] GG495 [EXPTIME] 30.0 [Date] 2022-01-01T13:18:59 [Time] 13:18:59
108/329 2MASS_J04402325-0530082-20220101@131945-Eden.fts [TYPE] LIGHT [OBJ] 2MASS_J04402325-0530082 [RA] 04 40 23.2761 [Dec] -05 30 08.1291 [FIL] GG495 [EXPTIME] 30.0 [Date] 2022-01-01T13:19:45 [Time] 13:19:45
109/329 2MASS_J04402325-0530082-20220101@132032-Eden.fts [TYPE] LIGHT [OBJ] 2MASS_J04402325-0530082 [RA] 04 40 23.2761 [Dec] -05 30 08.1291 [FIL] GG495 [EXPTIME] 30.0 [Date] 2022-01-01T13:20:32 [Time] 13:20:32
110/329 2MASS_J04402325-0530082-20220101@132119-Eden.fts [TYPE] LIGHT [OBJ] 2MASS_J04402325-0530082 [RA] 04 40 23.2761 [Dec] -05 30 08.1291 [FIL] GG495 [EXPTIME] 30.0 [Date] 2022-01-01T13:21:19 [Time] 13:21:19
111/329 2MASS_J04402325-0530082-20220101@132205-Eden.fts [TYPE] LIGHT [OBJ] 2MASS_J04402325-0530082 [RA] 04 40 23.2761 [Dec] -05 30 08.1291 [FIL] GG495 [EXPTIME] 30.0 [Date] 2022-01-01T13:22:05 [Time] 13:22:05
112/329 2MASS_J04402325-0530082-20220101@132251-Eden.fts [TYPE] LIGHT [OBJ] 2MASS_J04402325-0530082 [RA] 04 40 23.2761 [Dec] -05 30 08.1291 [FIL] GG495 [EXPTIME] 30.0 [Date] 2022-01-01T13:22:51 [Time] 13:22:51
113/329 2MASS_J04402325-0530082-20220101@132337-Eden.fts [TYPE] LIGHT [OBJ] 2MASS_J04402325-0530082 [RA] 04 40 23.2761 [Dec] -05 30 08.1291 [FIL] GG495 [EXPTIME] 30.0 [Date] 2022-01-01T13:23:37 [Time] 13:23:37
114/329 2MASS_J04402325-0530082-20220101@132424-Eden.fts [TYPE] LIGHT [OBJ] 2MASS_J04402325-0530082 [RA] 04 40 23.2761 [Dec] -05 30 08.1291 [FIL] GG495 [EXPTIME] 30.0 [Date] 2022-01-01T13:24:24 [Time] 13:24:24
115/329 2MASS_J04402325-0530082-20220101@132511-Eden.fts [TYPE] LIGHT [OBJ] 2MASS_J04402325-0530082 [RA] 04 40 23.2761 [Dec] -05 30 08.1291 [FIL] GG495 [EXPTIME] 30.0 [Date] 2022-01-01T13:25:11 [Time] 13:25:11
116/329 2MASS_J04402325-0530082-20220101@132557-Eden.fts [TYPE] LIGHT [OBJ] 2MASS_J04402325-0530082 [RA] 04 40 23.2761 [Dec] -05 30 08.1291 [FIL] GG495 [EXPTIME] 30.0 [Date] 2022-01-01T13:25:57 [Time] 13:25:57
117/329 2MASS_J04402325-0530082-20220101@132644-Eden.fts [TYPE] LIGHT [OBJ] 2MASS_J04402325-0530082 [RA] 04 40 23.2761 [Dec] -05 30 08.1291 [FIL] GG495 [EXPTIME] 30.0 [Date] 2022-01-01T13:26:44 [Time] 13:26:44
118/329 2MASS_J04402325-0530082-20220101@132730-Eden.fts [TYPE] LIGHT [OBJ] 2MASS_J04402325-0530082 [RA] 04 40 23.2761 [Dec] -05 30 08.1291 [FIL] GG495 [EXPTIME] 30.0 [Date] 2022-01-01T13:27:30 [Time] 13:27:30
119/329 2MASS_J04402325-0530082-20220101@132817-Eden.fts [TYPE] LIGHT [OBJ] 2MASS_J04402325-0530082 [RA] 04 40 23.2761 [Dec] -05 30 08.1291 [FIL] GG495 [EXPTIME] 30.0 [Date] 2022-01-01T13:28:17 [Time] 13:28:17
120/329 2MASS_J04402325-0530082-20220101@132904-Eden.fts [TYPE] LIGHT [OBJ] 2MASS_J04402325-0530082 [RA] 04 40 23.2761 [Dec] -05 30 08.1291 [FIL] GG495 [EXPTIME] 30.0 [Date] 2022-01-01T13:29:04 [Time] 13:29:04
121/329 2MASS_J04402325-0530082-20220101@132950-Eden.fts [TYPE] LIGHT [OBJ] 2MASS_J04402325-0530082 [RA] 04 40 23.2761 [Dec] -05 30 08.1291 [FIL] GG495 [EXPTIME] 30.0 [Date] 2022-01-01T13:29:50 [Time] 13:29:50
122/329 2MASS_J04402325-0530082-20220101@133038-Eden.fts [TYPE] LIGHT [OBJ] 2MASS_J04402325-0530082 [RA] 04 40 23.2761 [Dec] -05 30 08.1291 [FIL] GG495 [EXPTIME] 30.0 [Date] 2022-01-01T13:30:38 [Time] 13:30:38
123/329 2MASS_J04402325-0530082-20220101@133124-Eden.fts [TYPE] LIGHT [OBJ] 2MASS_J04402325-0530082 [RA] 04 40 23.2761 [Dec] -05 30 08.1291 [FIL] GG495 [EXPTIME] 30.0 [Date] 2022-01-01T13:31:24 [Time] 13:31:24
124/329 2MASS_J04402325-0530082-20220101@133210-Eden.fts [TYPE] LIGHT [OBJ] 2MASS_J04402325-0530082 [RA] 04 40 23.2761 [Dec] -05 30 08.1291 [FIL] GG495 [EXPTIME] 30.0 [Date] 2022-01-01T13:32:10 [Time] 13:32:10
125/329 2MASS_J04402325-0530082-20220101@133257-Eden.fts [TYPE] LIGHT [OBJ] 2MASS_J04402325-0530082 [RA] 04 40 23.2761 [Dec] -05 30 08.1291 [FIL] GG495 [EXPTIME] 30.0 [Date] 2022-01-01T13:32:57 [Time] 13:32:57
126/329 2MASS_J04402325-0530082-20220101@133343-Eden.fts [TYPE] LIGHT [OBJ] 2MASS_J04402325-0530082 [RA] 04 40 23.2761 [Dec] -05 30 08.1291 [FIL] GG495 [EXPTIME] 30.0 [Date] 2022-01-01T13:33:43 [Time] 13:33:43
127/329 2MASS_J04402325-0530082-20220101@133429-Eden.fts [TYPE] LIGHT [OBJ] 2MASS_J04402325-0530082 [RA] 04 40 23.2761 [Dec] -05 30 08.1291 [FIL] GG495 [EXPTIME] 30.0 [Date] 2022-01-01T13:34:29 [Time] 13:34:29
128/329 2MASS_J04402325-0530082-20220101@133515-Eden.fts [TYPE] LIGHT [OBJ] 2MASS_J04402325-0530082 [RA] 04 40 23.2761 [Dec] -05 30 08.1291 [FIL] GG495 [EXPTIME] 30.0 [Date] 2022-01-01T13:35:15 [Time] 13:35:15
129/329 2MASS_J04402325-0530082-20220101@133603-Eden.fts [TYPE] LIGHT [OBJ] 2MASS_J04402325-0530082 [RA] 04 40 23.2761 [Dec] -05 30 08.1291 [FIL] GG495 [EXPTIME] 30.0 [Date] 2022-01-01T13:36:03 [Time] 13:36:03
130/329 2MASS_J04402325-0530082-20220101@133650-Eden.fts [TYPE] LIGHT [OBJ] 2MASS_J04402325-0530082 [RA] 04 40 23.2761 [Dec] -05 30 08.1291 [FIL] GG495 [EXPTIME] 30.0 [Date] 2022-01-01T13:36:50 [Time] 13:36:50
131/329 2MASS_J04402325-0530082-20220101@133736-Eden.fts [TYPE] LIGHT [OBJ] 2MASS_J04402325-0530082 [RA] 04 40 23.2761 [Dec] -05 30 08.1291 [FIL] GG495 [EXPTIME] 30.0 [Date] 2022-01-01T13:37:36 [Time] 13:37:36
132/329 2MASS_J04402325-0530082-20220101@133822-Eden.fts [TYPE] LIGHT [OBJ] 2MASS_J04402325-0530082 [RA] 04 40 23.2761 [Dec] -05 30 08.1291 [FIL] GG495 [EXPTIME] 30.0 [Date] 2022-01-01T13:38:22 [Time] 13:38:22
133/329 2MASS_J04402325-0530082-20220101@133910-Eden.fts [TYPE] LIGHT [OBJ] 2MASS_J04402325-0530082 [RA] 04 40 23.2761 [Dec] -05 30 08.1291 [FIL] GG495 [EXPTIME] 30.0 [Date] 2022-01-01T13:39:10 [Time] 13:39:10
134/329 2MASS_J04402325-0530082-20220101@133957-Eden.fts [TYPE] LIGHT [OBJ] 2MASS_J04402325-0530082 [RA] 04 40 23.2761 [Dec] -05 30 08.1291 [FIL] GG495 [EXPTIME] 30.0 [Date] 2022-01-01T13:39:57 [Time] 13:39:57
135/329 2MASS_J04402325-0530082-20220101@134044-Eden.fts [TYPE] LIGHT [OBJ] 2MASS_J04402325-0530082 [RA] 04 40 23.2761 [Dec] -05 30 08.1291 [FIL] GG495 [EXPTIME] 30.0 [Date] 2022-01-01T13:40:44 [Time] 13:40:44
136/329 2MASS_J04402325-0530082-20220101@134130-Eden.fts [TYPE] LIGHT [OBJ] 2MASS_J04402325-0530082 [RA] 04 40 23.2761 [Dec] -05 30 08.1291 [FIL] GG495 [EXPTIME] 30.0 [Date] 2022-01-01T13:41:30 [Time] 13:41:30
137/329 2MASS_J04402325-0530082-20220101@134216-Eden.fts [TYPE] LIGHT [OBJ] 2MASS_J04402325-0530082 [RA] 04 40 23.2761 [Dec] -05 30 08.1291 [FIL] GG495 [EXPTIME] 30.0 [Date] 2022-01-01T13:42:16 [Time] 13:42:16
138/329 2MASS_J04402325-0530082-20220101@134303-Eden.fts [TYPE] LIGHT [OBJ] 2MASS_J04402325-0530082 [RA] 04 40 23.2761 [Dec] -05 30 08.1291 [FIL] GG495 [EXPTIME] 30.0 [Date] 2022-01-01T13:43:03 [Time] 13:43:03
139/329 2MASS_J04402325-0530082-20220101@134349-Eden.fts [TYPE] LIGHT [OBJ] 2MASS_J04402325-0530082 [RA] 04 40 23.2761 [Dec] -05 30 08.1291 [FIL] GG495 [EXPTIME] 30.0 [Date] 2022-01-01T13:43:49 [Time] 13:43:49
140/329 2MASS_J04402325-0530082-20220101@134435-Eden.fts [TYPE] LIGHT [OBJ] 2MASS_J04402325-0530082 [RA] 04 40 23.2761 [Dec] -05 30 08.1291 [FIL] GG495 [EXPTIME] 30.0 [Date] 2022-01-01T13:44:35 [Time] 13:44:35
141/329 2MASS_J04402325-0530082-20220101@134522-Eden.fts [TYPE] LIGHT [OBJ] 2MASS_J04402325-0530082 [RA] 04 40 23.2761 [Dec] -05 30 08.1291 [FIL] GG495 [EXPTIME] 30.0 [Date] 2022-01-01T13:45:22 [Time] 13:45:22
142/329 2MASS_J04402325-0530082-20220101@134609-Eden.fts [TYPE] LIGHT [OBJ] 2MASS_J04402325-0530082 [RA] 04 40 23.2761 [Dec] -05 30 08.1291 [FIL] GG495 [EXPTIME] 30.0 [Date] 2022-01-01T13:46:09 [Time] 13:46:09
143/329 2MASS_J04402325-0530082-20220101@134655-Eden.fts [TYPE] LIGHT [OBJ] 2MASS_J04402325-0530082 [RA] 04 40 23.2761 [Dec] -05 30 08.1291 [FIL] GG495 [EXPTIME] 30.0 [Date] 2022-01-01T13:46:55 [Time] 13:46:55
144/329 2MASS_J04402325-0530082-20220101@134741-Eden.fts [TYPE] LIGHT [OBJ] 2MASS_J04402325-0530082 [RA] 04 40 23.2761 [Dec] -05 30 08.1291 [FIL] GG495 [EXPTIME] 30.0 [Date] 2022-01-01T13:47:41 [Time] 13:47:41
145/329 2MASS_J04402325-0530082-20220101@134827-Eden.fts [TYPE] LIGHT [OBJ] 2MASS_J04402325-0530082 [RA] 04 40 23.2761 [Dec] -05 30 08.1291 [FIL] GG495 [EXPTIME] 30.0 [Date] 2022-01-01T13:48:27 [Time] 13:48:27
146/329 2MASS_J04402325-0530082-20220101@134913-Eden.fts [TYPE] LIGHT [OBJ] 2MASS_J04402325-0530082 [RA] 04 40 23.2761 [Dec] -05 30 08.1291 [FIL] GG495 [EXPTIME] 30.0 [Date] 2022-01-01T13:49:13 [Time] 13:49:13
147/329 2MASS_J04402325-0530082-20220101@135001-Eden.fts [TYPE] LIGHT [OBJ] 2MASS_J04402325-0530082 [RA] 04 40 23.2761 [Dec] -05 30 08.1291 [FIL] GG495 [EXPTIME] 30.0 [Date] 2022-01-01T13:50:01 [Time] 13:50:01
148/329 2MASS_J04402325-0530082-20220101@135048-Eden.fts [TYPE] LIGHT [OBJ] 2MASS_J04402325-0530082 [RA] 04 40 23.2761 [Dec] -05 30 08.1291 [FIL] GG495 [EXPTIME] 30.0 [Date] 2022-01-01T13:50:48 [Time] 13:50:48
149/329 2MASS_J04402325-0530082-20220101@135135-Eden.fts [TYPE] LIGHT [OBJ] 2MASS_J04402325-0530082 [RA] 04 40 23.2761 [Dec] -05 30 08.1291 [FIL] GG495 [EXPTIME] 30.0 [Date] 2022-01-01T13:51:35 [Time] 13:51:35
150/329 2MASS_J04402325-0530082-20220101@135221-Eden.fts [TYPE] LIGHT [OBJ] 2MASS_J04402325-0530082 [RA] 04 40 23.2761 [Dec] -05 30 08.1291 [FIL] GG495 [EXPTIME] 30.0 [Date] 2022-01-01T13:52:21 [Time] 13:52:21
151/329 2MASS_J04402325-0530082-20220101@135308-Eden.fts [TYPE] LIGHT [OBJ] 2MASS_J04402325-0530082 [RA] 04 40 23.2761 [Dec] -05 30 08.1291 [FIL] GG495 [EXPTIME] 30.0 [Date] 2022-01-01T13:53:08 [Time] 13:53:08
152/329 2MASS_J04402325-0530082-20220101@135354-Eden.fts [TYPE] LIGHT [OBJ] 2MASS_J04402325-0530082 [RA] 04 40 23.2761 [Dec] -05 30 08.1291 [FIL] GG495 [EXPTIME] 30.0 [Date] 2022-01-01T13:53:54 [Time] 13:53:54
153/329 2MASS_J04402325-0530082-20220101@135442-Eden.fts [TYPE] LIGHT [OBJ] 2MASS_J04402325-0530082 [RA] 04 40 23.2761 [Dec] -05 30 08.1291 [FIL] GG495 [EXPTIME] 30.0 [Date] 2022-01-01T13:54:42 [Time] 13:54:42
154/329 2MASS_J04402325-0530082-20220101@135529-Eden.fts [TYPE] LIGHT [OBJ] 2MASS_J04402325-0530082 [RA] 04 40 23.2761 [Dec] -05 30 08.1291 [FIL] GG495 [EXPTIME] 30.0 [Date] 2022-01-01T13:55:29 [Time] 13:55:29
155/329 2MASS_J04402325-0530082-20220101@135616-Eden.fts [TYPE] LIGHT [OBJ] 2MASS_J04402325-0530082 [RA] 04 40 23.2761 [Dec] -05 30 08.1291 [FIL] GG495 [EXPTIME] 30.0 [Date] 2022-01-01T13:56:16 [Time] 13:56:16
156/329 2MASS_J04402325-0530082-20220101@135703-Eden.fts [TYPE] LIGHT [OBJ] 2MASS_J04402325-0530082 [RA] 04 40 23.2761 [Dec] -05 30 08.1291 [FIL] GG495 [EXPTIME] 30.0 [Date] 2022-01-01T13:57:03 [Time] 13:57:03
157/329 2MASS_J04402325-0530082-20220101@135748-Eden.fts [TYPE] LIGHT [OBJ] 2MASS_J04402325-0530082 [RA] 04 40 23.2761 [Dec] -05 30 08.1291 [FIL] GG495 [EXPTIME] 30.0 [Date] 2022-01-01T13:57:48 [Time] 13:57:48
158/329 2MASS_J04402325-0530082-20220101@135835-Eden.fts [TYPE] LIGHT [OBJ] 2MASS_J04402325-0530082 [RA] 04 40 23.2761 [Dec] -05 30 08.1291 [FIL] GG495 [EXPTIME] 30.0 [Date] 2022-01-01T13:58:35 [Time] 13:58:35
159/329 2MASS_J04402325-0530082-20220101@135922-Eden.fts [TYPE] LIGHT [OBJ] 2MASS_J04402325-0530082 [RA] 04 40 23.2761 [Dec] -05 30 08.1291 [FIL] GG495 [EXPTIME] 30.0 [Date] 2022-01-01T13:59:22 [Time] 13:59:22
160/329 2MASS_J04402325-0530082-20220101@140008-Eden.fts [TYPE] LIGHT [OBJ] 2MASS_J04402325-0530082 [RA] 04 40 23.2761 [Dec] -05 30 08.1291 [FIL] GG495 [EXPTIME] 30.0 [Date] 2022-01-01T14:00:08 [Time] 14:00:08
161/329 2MASS_J04402325-0530082-20220101@140055-Eden.fts [TYPE] LIGHT [OBJ] 2MASS_J04402325-0530082 [RA] 04 40 23.2761 [Dec] -05 30 08.1291 [FIL] GG495 [EXPTIME] 30.0 [Date] 2022-01-01T14:00:55 [Time] 14:00:55
162/329 2MASS_J04402325-0530082-20220101@140142-Eden.fts [TYPE] LIGHT [OBJ] 2MASS_J04402325-0530082 [RA] 04 40 23.2761 [Dec] -05 30 08.1291 [FIL] GG495 [EXPTIME] 30.0 [Date] 2022-01-01T14:01:42 [Time] 14:01:42
163/329 2MASS_J04402325-0530082-20220101@140229-Eden.fts [TYPE] LIGHT [OBJ] 2MASS_J04402325-0530082 [RA] 04 40 23.2761 [Dec] -05 30 08.1291 [FIL] GG495 [EXPTIME] 30.0 [Date] 2022-01-01T14:02:29 [Time] 14:02:29
164/329 2MASS_J04402325-0530082-20220101@140317-Eden.fts [TYPE] LIGHT [OBJ] 2MASS_J04402325-0530082 [RA] 04 40 23.2761 [Dec] -05 30 08.1291 [FIL] GG495 [EXPTIME] 30.0 [Date] 2022-01-01T14:03:17 [Time] 14:03:17
165/329 2MASS_J04402325-0530082-20220101@140404-Eden.fts [TYPE] LIGHT [OBJ] 2MASS_J04402325-0530082 [RA] 04 40 23.2761 [Dec] -05 30 08.1291 [FIL] GG495 [EXPTIME] 30.0 [Date] 2022-01-01T14:04:04 [Time] 14:04:04
166/329 2MASS_J04402325-0530082-20220101@140450-Eden.fts [TYPE] LIGHT [OBJ] 2MASS_J04402325-0530082 [RA] 04 40 23.2761 [Dec] -05 30 08.1291 [FIL] GG495 [EXPTIME] 30.0 [Date] 2022-01-01T14:04:50 [Time] 14:04:50
167/329 2MASS_J04402325-0530082-20220101@140537-Eden.fts [TYPE] LIGHT [OBJ] 2MASS_J04402325-0530082 [RA] 04 40 23.2761 [Dec] -05 30 08.1291 [FIL] GG495 [EXPTIME] 30.0 [Date] 2022-01-01T14:05:37 [Time] 14:05:37
168/329 2MASS_J04402325-0530082-20220101@140624-Eden.fts [TYPE] LIGHT [OBJ] 2MASS_J04402325-0530082 [RA] 04 40 23.2761 [Dec] -05 30 08.1291 [FIL] GG495 [EXPTIME] 30.0 [Date] 2022-01-01T14:06:24 [Time] 14:06:24
169/329 2MASS_J04402325-0530082-20220101@140710-Eden.fts [TYPE] LIGHT [OBJ] 2MASS_J04402325-0530082 [RA] 04 40 23.2761 [Dec] -05 30 08.1291 [FIL] GG495 [EXPTIME] 30.0 [Date] 2022-01-01T14:07:10 [Time] 14:07:10
170/329 2MASS_J04402325-0530082-20220101@140758-Eden.fts [TYPE] LIGHT [OBJ] 2MASS_J04402325-0530082 [RA] 04 40 23.2761 [Dec] -05 30 08.1291 [FIL] GG495 [EXPTIME] 30.0 [Date] 2022-01-01T14:07:58 [Time] 14:07:58
171/329 2MASS_J04402325-0530082-20220101@140844-Eden.fts [TYPE] LIGHT [OBJ] 2MASS_J04402325-0530082 [RA] 04 40 23.2761 [Dec] -05 30 08.1291 [FIL] GG495 [EXPTIME] 30.0 [Date] 2022-01-01T14:08:44 [Time] 14:08:44
172/329 2MASS_J04402325-0530082-20220101@140932-Eden.fts [TYPE] LIGHT [OBJ] 2MASS_J04402325-0530082 [RA] 04 40 23.2761 [Dec] -05 30 08.1291 [FIL] GG495 [EXPTIME] 30.0 [Date] 2022-01-01T14:09:32 [Time] 14:09:32
173/329 2MASS_J04402325-0530082-20220101@141019-Eden.fts [TYPE] LIGHT [OBJ] 2MASS_J04402325-0530082 [RA] 04 40 23.2761 [Dec] -05 30 08.1291 [FIL] GG495 [EXPTIME] 30.0 [Date] 2022-01-01T14:10:19 [Time] 14:10:19
174/329 2MASS_J04402325-0530082-20220101@141106-Eden.fts [TYPE] LIGHT [OBJ] 2MASS_J04402325-0530082 [RA] 04 40 23.2761 [Dec] -05 30 08.1291 [FIL] GG495 [EXPTIME] 30.0 [Date] 2022-01-01T14:11:06 [Time] 14:11:06
175/329 2MASS_J04402325-0530082-20220101@141152-Eden.fts [TYPE] LIGHT [OBJ] 2MASS_J04402325-0530082 [RA] 04 40 23.2761 [Dec] -05 30 08.1291 [FIL] GG495 [EXPTIME] 30.0 [Date] 2022-01-01T14:11:52 [Time] 14:11:52
176/329 2MASS_J04402325-0530082-20220101@141238-Eden.fts [TYPE] LIGHT [OBJ] 2MASS_J04402325-0530082 [RA] 04 40 23.2761 [Dec] -05 30 08.1291 [FIL] GG495 [EXPTIME] 30.0 [Date] 2022-01-01T14:12:38 [Time] 14:12:38
177/329 2MASS_J04402325-0530082-20220101@141325-Eden.fts [TYPE] LIGHT [OBJ] 2MASS_J04402325-0530082 [RA] 04 40 23.2761 [Dec] -05 30 08.1291 [FIL] GG495 [EXPTIME] 30.0 [Date] 2022-01-01T14:13:25 [Time] 14:13:25
178/329 2MASS_J04402325-0530082-20220101@141411-Eden.fts [TYPE] LIGHT [OBJ] 2MASS_J04402325-0530082 [RA] 04 40 23.2761 [Dec] -05 30 08.1291 [FIL] GG495 [EXPTIME] 30.0 [Date] 2022-01-01T14:14:11 [Time] 14:14:11
179/329 2MASS_J04402325-0530082-20220101@141458-Eden.fts [TYPE] LIGHT [OBJ] 2MASS_J04402325-0530082 [RA] 04 40 23.2761 [Dec] -05 30 08.1291 [FIL] GG495 [EXPTIME] 30.0 [Date] 2022-01-01T14:14:58 [Time] 14:14:58
180/329 2MASS_J04402325-0530082-20220101@141545-Eden.fts [TYPE] LIGHT [OBJ] 2MASS_J04402325-0530082 [RA] 04 40 23.2761 [Dec] -05 30 08.1291 [FIL] GG495 [EXPTIME] 30.0 [Date] 2022-01-01T14:15:45 [Time] 14:15:45
181/329 2MASS_J04402325-0530082-20220101@141631-Eden.fts [TYPE] LIGHT [OBJ] 2MASS_J04402325-0530082 [RA] 04 40 23.2761 [Dec] -05 30 08.1291 [FIL] GG495 [EXPTIME] 30.0 [Date] 2022-01-01T14:16:31 [Time] 14:16:31
182/329 2MASS_J04402325-0530082-20220101@141718-Eden.fts [TYPE] LIGHT [OBJ] 2MASS_J04402325-0530082 [RA] 04 40 23.2761 [Dec] -05 30 08.1291 [FIL] GG495 [EXPTIME] 30.0 [Date] 2022-01-01T14:17:18 [Time] 14:17:18
183/329 2MASS_J04402325-0530082-20220101@141805-Eden.fts [TYPE] LIGHT [OBJ] 2MASS_J04402325-0530082 [RA] 04 40 23.2761 [Dec] -05 30 08.1291 [FIL] GG495 [EXPTIME] 30.0 [Date] 2022-01-01T14:18:05 [Time] 14:18:05
184/329 2MASS_J04402325-0530082-20220101@141852-Eden.fts [TYPE] LIGHT [OBJ] 2MASS_J04402325-0530082 [RA] 04 40 23.2761 [Dec] -05 30 08.1291 [FIL] GG495 [EXPTIME] 30.0 [Date] 2022-01-01T14:18:52 [Time] 14:18:52
185/329 2MASS_J04402325-0530082-20220101@141938-Eden.fts [TYPE] LIGHT [OBJ] 2MASS_J04402325-0530082 [RA] 04 40 23.2761 [Dec] -05 30 08.1291 [FIL] GG495 [EXPTIME] 30.0 [Date] 2022-01-01T14:19:38 [Time] 14:19:38
186/329 2MASS_J04402325-0530082-20220101@142024-Eden.fts [TYPE] LIGHT [OBJ] 2MASS_J04402325-0530082 [RA] 04 40 23.2761 [Dec] -05 30 08.1291 [FIL] GG495 [EXPTIME] 30.0 [Date] 2022-01-01T14:20:24 [Time] 14:20:24
187/329 2MASS_J04402325-0530082-20220101@142112-Eden.fts [TYPE] LIGHT [OBJ] 2MASS_J04402325-0530082 [RA] 04 40 23.2761 [Dec] -05 30 08.1291 [FIL] GG495 [EXPTIME] 30.0 [Date] 2022-01-01T14:21:12 [Time] 14:21:12
188/329 2MASS_J04402325-0530082-20220101@142158-Eden.fts [TYPE] LIGHT [OBJ] 2MASS_J04402325-0530082 [RA] 04 40 23.2761 [Dec] -05 30 08.1291 [FIL] GG495 [EXPTIME] 30.0 [Date] 2022-01-01T14:21:58 [Time] 14:21:58
189/329 2MASS_J04402325-0530082-20220101@142246-Eden.fts [TYPE] LIGHT [OBJ] 2MASS_J04402325-0530082 [RA] 04 40 23.2761 [Dec] -05 30 08.1291 [FIL] GG495 [EXPTIME] 30.0 [Date] 2022-01-01T14:22:46 [Time] 14:22:46
190/329 2MASS_J04402325-0530082-20220101@142333-Eden.fts [TYPE] LIGHT [OBJ] 2MASS_J04402325-0530082 [RA] 04 40 23.2761 [Dec] -05 30 08.1291 [FIL] GG495 [EXPTIME] 30.0 [Date] 2022-01-01T14:23:33 [Time] 14:23:33
191/329 2MASS_J04402325-0530082-20220101@142419-Eden.fts [TYPE] LIGHT [OBJ] 2MASS_J04402325-0530082 [RA] 04 40 23.2761 [Dec] -05 30 08.1291 [FIL] GG495 [EXPTIME] 30.0 [Date] 2022-01-01T14:24:19 [Time] 14:24:19
192/329 2MASS_J04402325-0530082-20220101@142506-Eden.fts [TYPE] LIGHT [OBJ] 2MASS_J04402325-0530082 [RA] 04 40 23.2761 [Dec] -05 30 08.1291 [FIL] GG495 [EXPTIME] 30.0 [Date] 2022-01-01T14:25:06 [Time] 14:25:06
193/329 2MASS_J04402325-0530082-20220101@142552-Eden.fts [TYPE] LIGHT [OBJ] 2MASS_J04402325-0530082 [RA] 04 40 23.2761 [Dec] -05 30 08.1291 [FIL] GG495 [EXPTIME] 30.0 [Date] 2022-01-01T14:25:52 [Time] 14:25:52
194/329 2MASS_J04402325-0530082-20220101@142640-Eden.fts [TYPE] LIGHT [OBJ] 2MASS_J04402325-0530082 [RA] 04 40 23.2761 [Dec] -05 30 08.1291 [FIL] GG495 [EXPTIME] 30.0 [Date] 2022-01-01T14:26:40 [Time] 14:26:40
195/329 2MASS_J04402325-0530082-20220101@142726-Eden.fts [TYPE] LIGHT [OBJ] 2MASS_J04402325-0530082 [RA] 04 40 23.2761 [Dec] -05 30 08.1291 [FIL] GG495 [EXPTIME] 30.0 [Date] 2022-01-01T14:27:26 [Time] 14:27:26
196/329 2MASS_J04402325-0530082-20220101@142812-Eden.fts [TYPE] LIGHT [OBJ] 2MASS_J04402325-0530082 [RA] 04 40 23.2761 [Dec] -05 30 08.1291 [FIL] GG495 [EXPTIME] 30.0 [Date] 2022-01-01T14:28:12 [Time] 14:28:12
197/329 2MASS_J04402325-0530082-20220101@142858-Eden.fts [TYPE] LIGHT [OBJ] 2MASS_J04402325-0530082 [RA] 04 40 23.2761 [Dec] -05 30 08.1291 [FIL] GG495 [EXPTIME] 30.0 [Date] 2022-01-01T14:28:58 [Time] 14:28:58
198/329 2MASS_J04402325-0530082-20220101@142945-Eden.fts [TYPE] LIGHT [OBJ] 2MASS_J04402325-0530082 [RA] 04 40 23.2761 [Dec] -05 30 08.1291 [FIL] GG495 [EXPTIME] 30.0 [Date] 2022-01-01T14:29:45 [Time] 14:29:45
199/329 2MASS_J04402325-0530082-20220101@143030-Eden.fts [TYPE] LIGHT [OBJ] 2MASS_J04402325-0530082 [RA] 04 40 23.2761 [Dec] -05 30 08.1291 [FIL] GG495 [EXPTIME] 30.0 [Date] 2022-01-01T14:30:30 [Time] 14:30:30
200/329 2MASS_J04402325-0530082-20220101@143118-Eden.fts [TYPE] LIGHT [OBJ] 2MASS_J04402325-0530082 [RA] 04 40 23.2761 [Dec] -05 30 08.1291 [FIL] GG495 [EXPTIME] 30.0 [Date] 2022-01-01T14:31:18 [Time] 14:31:18
201/329 2MASS_J04402325-0530082-20220101@143205-Eden.fts [TYPE] LIGHT [OBJ] 2MASS_J04402325-0530082 [RA] 04 40 23.2761 [Dec] -05 30 08.1291 [FIL] GG495 [EXPTIME] 30.0 [Date] 2022-01-01T14:32:05 [Time] 14:32:05
202/329 2MASS_J04402325-0530082-20220101@143253-Eden.fts [TYPE] LIGHT [OBJ] 2MASS_J04402325-0530082 [RA] 04 40 23.2761 [Dec] -05 30 08.1291 [FIL] GG495 [EXPTIME] 30.0 [Date] 2022-01-01T14:32:53 [Time] 14:32:53
203/329 2MASS_J04402325-0530082-20220101@143341-Eden.fts [TYPE] LIGHT [OBJ] 2MASS_J04402325-0530082 [RA] 04 40 23.2761 [Dec] -05 30 08.1291 [FIL] GG495 [EXPTIME] 30.0 [Date] 2022-01-01T14:33:41 [Time] 14:33:41
204/329 2MASS_J04402325-0530082-20220101@143428-Eden.fts [TYPE] LIGHT [OBJ] 2MASS_J04402325-0530082 [RA] 04 40 23.2761 [Dec] -05 30 08.1291 [FIL] GG495 [EXPTIME] 30.0 [Date] 2022-01-01T14:34:28 [Time] 14:34:28
205/329 2MASS_J04402325-0530082-20220101@143514-Eden.fts [TYPE] LIGHT [OBJ] 2MASS_J04402325-0530082 [RA] 04 40 23.2761 [Dec] -05 30 08.1291 [FIL] GG495 [EXPTIME] 30.0 [Date] 2022-01-01T14:35:14 [Time] 14:35:14
206/329 2MASS_J04402325-0530082-20220101@143601-Eden.fts [TYPE] LIGHT [OBJ] 2MASS_J04402325-0530082 [RA] 04 40 23.2761 [Dec] -05 30 08.1291 [FIL] GG495 [EXPTIME] 30.0 [Date] 2022-01-01T14:36:01 [Time] 14:36:01
207/329 2MASS_J04402325-0530082-20220101@143648-Eden.fts [TYPE] LIGHT [OBJ] 2MASS_J04402325-0530082 [RA] 04 40 23.2761 [Dec] -05 30 08.1291 [FIL] GG495 [EXPTIME] 30.0 [Date] 2022-01-01T14:36:48 [Time] 14:36:48
208/329 2MASS_J04402325-0530082-20220101@143734-Eden.fts [TYPE] LIGHT [OBJ] 2MASS_J04402325-0530082 [RA] 04 40 23.2761 [Dec] -05 30 08.1291 [FIL] GG495 [EXPTIME] 30.0 [Date] 2022-01-01T14:37:34 [Time] 14:37:34
209/329 2MASS_J04402325-0530082-20220101@143821-Eden.fts [TYPE] LIGHT [OBJ] 2MASS_J04402325-0530082 [RA] 04 40 23.2761 [Dec] -05 30 08.1291 [FIL] GG495 [EXPTIME] 30.0 [Date] 2022-01-01T14:38:21 [Time] 14:38:21
210/329 2MASS_J04402325-0530082-20220101@143909-Eden.fts [TYPE] LIGHT [OBJ] 2MASS_J04402325-0530082 [RA] 04 40 23.2761 [Dec] -05 30 08.1291 [FIL] GG495 [EXPTIME] 30.0 [Date] 2022-01-01T14:39:09 [Time] 14:39:09
211/329 2MASS_J04402325-0530082-20220101@143956-Eden.fts [TYPE] LIGHT [OBJ] 2MASS_J04402325-0530082 [RA] 04 40 23.2761 [Dec] -05 30 08.1291 [FIL] GG495 [EXPTIME] 30.0 [Date] 2022-01-01T14:39:56 [Time] 14:39:56
212/329 2MASS_J04402325-0530082-20220101@144043-Eden.fts [TYPE] LIGHT [OBJ] 2MASS_J04402325-0530082 [RA] 04 40 23.2761 [Dec] -05 30 08.1291 [FIL] GG495 [EXPTIME] 30.0 [Date] 2022-01-01T14:40:43 [Time] 14:40:43
213/329 2MASS_J04402325-0530082-20220101@144130-Eden.fts [TYPE] LIGHT [OBJ] 2MASS_J04402325-0530082 [RA] 04 40 23.2761 [Dec] -05 30 08.1291 [FIL] GG495 [EXPTIME] 30.0 [Date] 2022-01-01T14:41:30 [Time] 14:41:30
214/329 2MASS_J04402325-0530082-20220101@144216-Eden.fts [TYPE] LIGHT [OBJ] 2MASS_J04402325-0530082 [RA] 04 40 23.2761 [Dec] -05 30 08.1291 [FIL] GG495 [EXPTIME] 30.0 [Date] 2022-01-01T14:42:16 [Time] 14:42:16
215/329 2MASS_J04402325-0530082-20220101@144302-Eden.fts [TYPE] LIGHT [OBJ] 2MASS_J04402325-0530082 [RA] 04 40 23.2761 [Dec] -05 30 08.1291 [FIL] GG495 [EXPTIME] 30.0 [Date] 2022-01-01T14:43:02 [Time] 14:43:02
216/329 2MASS_J04402325-0530082-20220101@144348-Eden.fts [TYPE] LIGHT [OBJ] 2MASS_J04402325-0530082 [RA] 04 40 23.2761 [Dec] -05 30 08.1291 [FIL] GG495 [EXPTIME] 30.0 [Date] 2022-01-01T14:43:48 [Time] 14:43:48
217/329 2MASS_J04402325-0530082-20220101@144434-Eden.fts [TYPE] LIGHT [OBJ] 2MASS_J04402325-0530082 [RA] 04 40 23.2761 [Dec] -05 30 08.1291 [FIL] GG495 [EXPTIME] 30.0 [Date] 2022-01-01T14:44:34 [Time] 14:44:34
218/329 2MASS_J04402325-0530082-20220101@144521-Eden.fts [TYPE] LIGHT [OBJ] 2MASS_J04402325-0530082 [RA] 04 40 23.2761 [Dec] -05 30 08.1291 [FIL] GG495 [EXPTIME] 30.0 [Date] 2022-01-01T14:45:21 [Time] 14:45:21
219/329 2MASS_J04402325-0530082-20220101@144607-Eden.fts [TYPE] LIGHT [OBJ] 2MASS_J04402325-0530082 [RA] 04 40 23.2761 [Dec] -05 30 08.1291 [FIL] GG495 [EXPTIME] 30.0 [Date] 2022-01-01T14:46:07 [Time] 14:46:07
220/329 2MASS_J04402325-0530082-20220101@144654-Eden.fts [TYPE] LIGHT [OBJ] 2MASS_J04402325-0530082 [RA] 04 40 23.2761 [Dec] -05 30 08.1291 [FIL] GG495 [EXPTIME] 30.0 [Date] 2022-01-01T14:46:54 [Time] 14:46:54
221/329 2MASS_J04402325-0530082-20220101@144741-Eden.fts [TYPE] LIGHT [OBJ] 2MASS_J04402325-0530082 [RA] 04 40 23.2761 [Dec] -05 30 08.1291 [FIL] GG495 [EXPTIME] 30.0 [Date] 2022-01-01T14:47:41 [Time] 14:47:41
222/329 2MASS_J04402325-0530082-20220101@144828-Eden.fts [TYPE] LIGHT [OBJ] 2MASS_J04402325-0530082 [RA] 04 40 23.2761 [Dec] -05 30 08.1291 [FIL] GG495 [EXPTIME] 30.0 [Date] 2022-01-01T14:48:28 [Time] 14:48:28
223/329 2MASS_J04402325-0530082-20220101@144913-Eden.fts [TYPE] LIGHT [OBJ] 2MASS_J04402325-0530082 [RA] 04 40 23.2761 [Dec] -05 30 08.1291 [FIL] GG495 [EXPTIME] 30.0 [Date] 2022-01-01T14:49:13 [Time] 14:49:13
224/329 2MASS_J04402325-0530082-20220101@144959-Eden.fts [TYPE] LIGHT [OBJ] 2MASS_J04402325-0530082 [RA] 04 40 23.2761 [Dec] -05 30 08.1291 [FIL] GG495 [EXPTIME] 30.0 [Date] 2022-01-01T14:49:59 [Time] 14:49:59
225/329 2MASS_J04402325-0530082-20220101@145046-Eden.fts [TYPE] LIGHT [OBJ] 2MASS_J04402325-0530082 [RA] 04 40 23.2761 [Dec] -05 30 08.1291 [FIL] GG495 [EXPTIME] 30.0 [Date] 2022-01-01T14:50:46 [Time] 14:50:46
226/329 2MASS_J04402325-0530082-20220101@145134-Eden.fts [TYPE] LIGHT [OBJ] 2MASS_J04402325-0530082 [RA] 04 40 23.2761 [Dec] -05 30 08.1291 [FIL] GG495 [EXPTIME] 30.0 [Date] 2022-01-01T14:51:34 [Time] 14:51:34
227/329 2MASS_J04402325-0530082-20220101@145221-Eden.fts [TYPE] LIGHT [OBJ] 2MASS_J04402325-0530082 [RA] 04 40 23.2761 [Dec] -05 30 08.1291 [FIL] GG495 [EXPTIME] 30.0 [Date] 2022-01-01T14:52:21 [Time] 14:52:21
228/329 2MASS_J04402325-0530082-20220101@145308-Eden.fts [TYPE] LIGHT [OBJ] 2MASS_J04402325-0530082 [RA] 04 40 23.2761 [Dec] -05 30 08.1291 [FIL] GG495 [EXPTIME] 30.0 [Date] 2022-01-01T14:53:08 [Time] 14:53:08
229/329 2MASS_J04402325-0530082-20220101@145355-Eden.fts [TYPE] LIGHT [OBJ] 2MASS_J04402325-0530082 [RA] 04 40 23.2761 [Dec] -05 30 08.1291 [FIL] GG495 [EXPTIME] 30.0 [Date] 2022-01-01T14:53:55 [Time] 14:53:55
230/329 2MASS_J04402325-0530082-20220101@145441-Eden.fts [TYPE] LIGHT [OBJ] 2MASS_J04402325-0530082 [RA] 04 40 23.2761 [Dec] -05 30 08.1291 [FIL] GG495 [EXPTIME] 30.0 [Date] 2022-01-01T14:54:41 [Time] 14:54:41
231/329 2MASS_J04402325-0530082-20220101@145528-Eden.fts [TYPE] LIGHT [OBJ] 2MASS_J04402325-0530082 [RA] 04 40 23.2761 [Dec] -05 30 08.1291 [FIL] GG495 [EXPTIME] 30.0 [Date] 2022-01-01T14:55:28 [Time] 14:55:28
232/329 2MASS_J04402325-0530082-20220101@145616-Eden.fts [TYPE] LIGHT [OBJ] 2MASS_J04402325-0530082 [RA] 04 40 23.2761 [Dec] -05 30 08.1291 [FIL] GG495 [EXPTIME] 30.0 [Date] 2022-01-01T14:56:16 [Time] 14:56:16
233/329 2MASS_J04402325-0530082-20220101@145703-Eden.fts [TYPE] LIGHT [OBJ] 2MASS_J04402325-0530082 [RA] 04 40 23.2761 [Dec] -05 30 08.1291 [FIL] GG495 [EXPTIME] 30.0 [Date] 2022-01-01T14:57:03 [Time] 14:57:03
234/329 2MASS_J04402325-0530082-20220101@145749-Eden.fts [TYPE] LIGHT [OBJ] 2MASS_J04402325-0530082 [RA] 04 40 23.2761 [Dec] -05 30 08.1291 [FIL] GG495 [EXPTIME] 30.0 [Date] 2022-01-01T14:57:49 [Time] 14:57:49
235/329 2MASS_J04402325-0530082-20220101@145836-Eden.fts [TYPE] LIGHT [OBJ] 2MASS_J04402325-0530082 [RA] 04 40 23.2761 [Dec] -05 30 08.1291 [FIL] GG495 [EXPTIME] 30.0 [Date] 2022-01-01T14:58:36 [Time] 14:58:36
236/329 2MASS_J04402325-0530082-20220101@145924-Eden.fts [TYPE] LIGHT [OBJ] 2MASS_J04402325-0530082 [RA] 04 40 23.2761 [Dec] -05 30 08.1291 [FIL] GG495 [EXPTIME] 30.0 [Date] 2022-01-01T14:59:24 [Time] 14:59:24
237/329 2MASS_J04402325-0530082-20220101@150010-Eden.fts [TYPE] LIGHT [OBJ] 2MASS_J04402325-0530082 [RA] 04 40 23.2761 [Dec] -05 30 08.1291 [FIL] GG495 [EXPTIME] 30.0 [Date] 2022-01-01T15:00:10 [Time] 15:00:10
238/329 2MASS_J04402325-0530082-20220101@150057-Eden.fts [TYPE] LIGHT [OBJ] 2MASS_J04402325-0530082 [RA] 04 40 23.2761 [Dec] -05 30 08.1291 [FIL] GG495 [EXPTIME] 30.0 [Date] 2022-01-01T15:00:57 [Time] 15:00:57
239/329 2MASS_J04402325-0530082-20220101@150143-Eden.fts [TYPE] LIGHT [OBJ] 2MASS_J04402325-0530082 [RA] 04 40 23.2761 [Dec] -05 30 08.1291 [FIL] GG495 [EXPTIME] 30.0 [Date] 2022-01-01T15:01:43 [Time] 15:01:43
240/329 2MASS_J04402325-0530082-20220101@150231-Eden.fts [TYPE] LIGHT [OBJ] 2MASS_J04402325-0530082 [RA] 04 40 23.2761 [Dec] -05 30 08.1291 [FIL] GG495 [EXPTIME] 30.0 [Date] 2022-01-01T15:02:31 [Time] 15:02:31
241/329 2MASS_J04402325-0530082-20220101@150318-Eden.fts [TYPE] LIGHT [OBJ] 2MASS_J04402325-0530082 [RA] 04 40 23.2761 [Dec] -05 30 08.1291 [FIL] GG495 [EXPTIME] 30.0 [Date] 2022-01-01T15:03:18 [Time] 15:03:18
242/329 2MASS_J04402325-0530082-20220101@150405-Eden.fts [TYPE] LIGHT [OBJ] 2MASS_J04402325-0530082 [RA] 04 40 23.2761 [Dec] -05 30 08.1291 [FIL] GG495 [EXPTIME] 30.0 [Date] 2022-01-01T15:04:05 [Time] 15:04:05
243/329 2MASS_J04402325-0530082-20220101@150452-Eden.fts [TYPE] LIGHT [OBJ] 2MASS_J04402325-0530082 [RA] 04 40 23.2761 [Dec] -05 30 08.1291 [FIL] GG495 [EXPTIME] 30.0 [Date] 2022-01-01T15:04:52 [Time] 15:04:52
244/329 2MASS_J04402325-0530082-20220101@150538-Eden.fts [TYPE] LIGHT [OBJ] 2MASS_J04402325-0530082 [RA] 04 40 23.2761 [Dec] -05 30 08.1291 [FIL] GG495 [EXPTIME] 30.0 [Date] 2022-01-01T15:05:38 [Time] 15:05:38
245/329 2MASS_J04402325-0530082-20220101@150626-Eden.fts [TYPE] LIGHT [OBJ] 2MASS_J04402325-0530082 [RA] 04 40 23.2761 [Dec] -05 30 08.1291 [FIL] GG495 [EXPTIME] 30.0 [Date] 2022-01-01T15:06:26 [Time] 15:06:26
246/329 2MASS_J04402325-0530082-20220101@150713-Eden.fts [TYPE] LIGHT [OBJ] 2MASS_J04402325-0530082 [RA] 04 40 23.2761 [Dec] -05 30 08.1291 [FIL] GG495 [EXPTIME] 30.0 [Date] 2022-01-01T15:07:13 [Time] 15:07:13
247/329 2MASS_J04402325-0530082-20220101@150801-Eden.fts [TYPE] LIGHT [OBJ] 2MASS_J04402325-0530082 [RA] 04 40 23.2761 [Dec] -05 30 08.1291 [FIL] GG495 [EXPTIME] 30.0 [Date] 2022-01-01T15:08:01 [Time] 15:08:01
248/329 2MASS_J04402325-0530082-20220101@150848-Eden.fts [TYPE] LIGHT [OBJ] 2MASS_J04402325-0530082 [RA] 04 40 23.2761 [Dec] -05 30 08.1291 [FIL] GG495 [EXPTIME] 30.0 [Date] 2022-01-01T15:08:48 [Time] 15:08:48
249/329 2MASS_J04402325-0530082-20220101@150934-Eden.fts [TYPE] LIGHT [OBJ] 2MASS_J04402325-0530082 [RA] 04 40 23.2761 [Dec] -05 30 08.1291 [FIL] GG495 [EXPTIME] 30.0 [Date] 2022-01-01T15:09:34 [Time] 15:09:34
250/329 2MASS_J04402325-0530082-20220101@151021-Eden.fts [TYPE] LIGHT [OBJ] 2MASS_J04402325-0530082 [RA] 04 40 23.2761 [Dec] -05 30 08.1291 [FIL] GG495 [EXPTIME] 30.0 [Date] 2022-01-01T15:10:21 [Time] 15:10:21
251/329 2MASS_J04402325-0530082-20220101@151107-Eden.fts [TYPE] LIGHT [OBJ] 2MASS_J04402325-0530082 [RA] 04 40 23.2761 [Dec] -05 30 08.1291 [FIL] GG495 [EXPTIME] 30.0 [Date] 2022-01-01T15:11:07 [Time] 15:11:07
252/329 2MASS_J04402325-0530082-20220101@151153-Eden.fts [TYPE] LIGHT [OBJ] 2MASS_J04402325-0530082 [RA] 04 40 23.2761 [Dec] -05 30 08.1291 [FIL] GG495 [EXPTIME] 30.0 [Date] 2022-01-01T15:11:53 [Time] 15:11:53
253/329 2MASS_J04402325-0530082-20220101@151239-Eden.fts [TYPE] LIGHT [OBJ] 2MASS_J04402325-0530082 [RA] 04 40 23.2761 [Dec] -05 30 08.1291 [FIL] GG495 [EXPTIME] 30.0 [Date] 2022-01-01T15:12:39 [Time] 15:12:39
254/329 2MASS_J04402325-0530082-20220101@151325-Eden.fts [TYPE] LIGHT [OBJ] 2MASS_J04402325-0530082 [RA] 04 40 23.2761 [Dec] -05 30 08.1291 [FIL] GG495 [EXPTIME] 30.0 [Date] 2022-01-01T15:13:25 [Time] 15:13:25
255/329 2MASS_J04402325-0530082-20220101@151411-Eden.fts [TYPE] LIGHT [OBJ] 2MASS_J04402325-0530082 [RA] 04 40 23.2761 [Dec] -05 30 08.1291 [FIL] GG495 [EXPTIME] 30.0 [Date] 2022-01-01T15:14:11 [Time] 15:14:11
256/329 2MASS_J04402325-0530082-20220101@151458-Eden.fts [TYPE] LIGHT [OBJ] 2MASS_J04402325-0530082 [RA] 04 40 23.2761 [Dec] -05 30 08.1291 [FIL] GG495 [EXPTIME] 30.0 [Date] 2022-01-01T15:14:58 [Time] 15:14:58
257/329 2MASS_J04402325-0530082-20220101@151544-Eden.fts [TYPE] LIGHT [OBJ] 2MASS_J04402325-0530082 [RA] 04 40 23.2761 [Dec] -05 30 08.1291 [FIL] GG495 [EXPTIME] 30.0 [Date] 2022-01-01T15:15:44 [Time] 15:15:44
258/329 2MASS_J04402325-0530082-20220101@151630-Eden.fts [TYPE] LIGHT [OBJ] 2MASS_J04402325-0530082 [RA] 04 40 23.2761 [Dec] -05 30 08.1291 [FIL] GG495 [EXPTIME] 30.0 [Date] 2022-01-01T15:16:30 [Time] 15:16:30
259/329 2MASS_J04402325-0530082-20220101@151717-Eden.fts [TYPE] LIGHT [OBJ] 2MASS_J04402325-0530082 [RA] 04 40 23.2761 [Dec] -05 30 08.1291 [FIL] GG495 [EXPTIME] 30.0 [Date] 2022-01-01T15:17:17 [Time] 15:17:17
260/329 2MASS_J04402325-0530082-20220101@151803-Eden.fts [TYPE] LIGHT [OBJ] 2MASS_J04402325-0530082 [RA] 04 40 23.2761 [Dec] -05 30 08.1291 [FIL] GG495 [EXPTIME] 30.0 [Date] 2022-01-01T15:18:03 [Time] 15:18:03
261/329 2MASS_J04402325-0530082-20220101@151850-Eden.fts [TYPE] LIGHT [OBJ] 2MASS_J04402325-0530082 [RA] 04 40 23.2761 [Dec] -05 30 08.1291 [FIL] GG495 [EXPTIME] 30.0 [Date] 2022-01-01T15:18:50 [Time] 15:18:50
262/329 2MASS_J04402325-0530082-20220101@151936-Eden.fts [TYPE] LIGHT [OBJ] 2MASS_J04402325-0530082 [RA] 04 40 23.2761 [Dec] -05 30 08.1291 [FIL] GG495 [EXPTIME] 30.0 [Date] 2022-01-01T15:19:36 [Time] 15:19:36
263/329 2MASS_J04402325-0530082-20220101@152022-Eden.fts [TYPE] LIGHT [OBJ] 2MASS_J04402325-0530082 [RA] 04 40 23.2761 [Dec] -05 30 08.1291 [FIL] GG495 [EXPTIME] 30.0 [Date] 2022-01-01T15:20:22 [Time] 15:20:22
264/329 2MASS_J04402325-0530082-20220101@152109-Eden.fts [TYPE] LIGHT [OBJ] 2MASS_J04402325-0530082 [RA] 04 40 23.2761 [Dec] -05 30 08.1291 [FIL] GG495 [EXPTIME] 30.0 [Date] 2022-01-01T15:21:09 [Time] 15:21:09
265/329 2MASS_J04402325-0530082-20220101@152154-Eden.fts [TYPE] LIGHT [OBJ] 2MASS_J04402325-0530082 [RA] 04 40 23.2761 [Dec] -05 30 08.1291 [FIL] GG495 [EXPTIME] 30.0 [Date] 2022-01-01T15:21:54 [Time] 15:21:54
266/329 2MASS_J04402325-0530082-20220101@152240-Eden.fts [TYPE] LIGHT [OBJ] 2MASS_J04402325-0530082 [RA] 04 40 23.2761 [Dec] -05 30 08.1291 [FIL] GG495 [EXPTIME] 30.0 [Date] 2022-01-01T15:22:40 [Time] 15:22:40
267/329 2MASS_J04402325-0530082-20220101@152326-Eden.fts [TYPE] LIGHT [OBJ] 2MASS_J04402325-0530082 [RA] 04 40 23.2761 [Dec] -05 30 08.1291 [FIL] GG495 [EXPTIME] 30.0 [Date] 2022-01-01T15:23:26 [Time] 15:23:26
268/329 2MASS_J04402325-0530082-20220101@152412-Eden.fts [TYPE] LIGHT [OBJ] 2MASS_J04402325-0530082 [RA] 04 40 23.2761 [Dec] -05 30 08.1291 [FIL] GG495 [EXPTIME] 30.0 [Date] 2022-01-01T15:24:12 [Time] 15:24:12
269/329 2MASS_J04402325-0530082-20220101@152458-Eden.fts [TYPE] LIGHT [OBJ] 2MASS_J04402325-0530082 [RA] 04 40 23.2761 [Dec] -05 30 08.1291 [FIL] GG495 [EXPTIME] 30.0 [Date] 2022-01-01T15:24:58 [Time] 15:24:58
270/329 2MASS_J04402325-0530082-20220101@152546-Eden.fts [TYPE] LIGHT [OBJ] 2MASS_J04402325-0530082 [RA] 04 40 23.2761 [Dec] -05 30 08.1291 [FIL] GG495 [EXPTIME] 30.0 [Date] 2022-01-01T15:25:46 [Time] 15:25:46
271/329 2MASS_J04402325-0530082-20220101@152633-Eden.fts [TYPE] LIGHT [OBJ] 2MASS_J04402325-0530082 [RA] 04 40 23.2761 [Dec] -05 30 08.1291 [FIL] GG495 [EXPTIME] 30.0 [Date] 2022-01-01T15:26:33 [Time] 15:26:33
272/329 2MASS_J04402325-0530082-20220101@152719-Eden.fts [TYPE] LIGHT [OBJ] 2MASS_J04402325-0530082 [RA] 04 40 23.2761 [Dec] -05 30 08.1291 [FIL] GG495 [EXPTIME] 30.0 [Date] 2022-01-01T15:27:19 [Time] 15:27:19
273/329 2MASS_J04402325-0530082-20220101@152806-Eden.fts [TYPE] LIGHT [OBJ] 2MASS_J04402325-0530082 [RA] 04 40 23.2761 [Dec] -05 30 08.1291 [FIL] GG495 [EXPTIME] 30.0 [Date] 2022-01-01T15:28:06 [Time] 15:28:06
274/329 2MASS_J04402325-0530082-20220101@152853-Eden.fts [TYPE] LIGHT [OBJ] 2MASS_J04402325-0530082 [RA] 04 40 23.2761 [Dec] -05 30 08.1291 [FIL] GG495 [EXPTIME] 30.0 [Date] 2022-01-01T15:28:53 [Time] 15:28:53
275/329 2MASS_J04402325-0530082-20220101@152940-Eden.fts [TYPE] LIGHT [OBJ] 2MASS_J04402325-0530082 [RA] 04 40 23.2761 [Dec] -05 30 08.1291 [FIL] GG495 [EXPTIME] 30.0 [Date] 2022-01-01T15:29:40 [Time] 15:29:40
276/329 2MASS_J04402325-0530082-20220101@153027-Eden.fts [TYPE] LIGHT [OBJ] 2MASS_J04402325-0530082 [RA] 04 40 23.2761 [Dec] -05 30 08.1291 [FIL] GG495 [EXPTIME] 30.0 [Date] 2022-01-01T15:30:27 [Time] 15:30:27
277/329 2MASS_J04402325-0530082-20220101@153112-Eden.fts [TYPE] LIGHT [OBJ] 2MASS_J04402325-0530082 [RA] 04 40 23.2761 [Dec] -05 30 08.1291 [FIL] GG495 [EXPTIME] 30.0 [Date] 2022-01-01T15:31:12 [Time] 15:31:12
278/329 2MASS_J04402325-0530082-20220101@153158-Eden.fts [TYPE] LIGHT [OBJ] 2MASS_J04402325-0530082 [RA] 04 40 23.2761 [Dec] -05 30 08.1291 [FIL] GG495 [EXPTIME] 30.0 [Date] 2022-01-01T15:31:58 [Time] 15:31:58
279/329 2MASS_J04402325-0530082-20220101@153245-Eden.fts [TYPE] LIGHT [OBJ] 2MASS_J04402325-0530082 [RA] 04 40 23.2761 [Dec] -05 30 08.1291 [FIL] GG495 [EXPTIME] 30.0 [Date] 2022-01-01T15:32:45 [Time] 15:32:45
280/329 2MASS_J04402325-0530082-20220101@153331-Eden.fts [TYPE] LIGHT [OBJ] 2MASS_J04402325-0530082 [RA] 04 40 23.2761 [Dec] -05 30 08.1291 [FIL] GG495 [EXPTIME] 30.0 [Date] 2022-01-01T15:33:31 [Time] 15:33:31
281/329 2MASS_J04402325-0530082-20220101@153418-Eden.fts [TYPE] LIGHT [OBJ] 2MASS_J04402325-0530082 [RA] 04 40 23.2761 [Dec] -05 30 08.1291 [FIL] GG495 [EXPTIME] 30.0 [Date] 2022-01-01T15:34:18 [Time] 15:34:18
282/329 2MASS_J04402325-0530082-20220101@153504-Eden.fts [TYPE] LIGHT [OBJ] 2MASS_J04402325-0530082 [RA] 04 40 23.2761 [Dec] -05 30 08.1291 [FIL] GG495 [EXPTIME] 30.0 [Date] 2022-01-01T15:35:04 [Time] 15:35:04
283/329 2MASS_J04402325-0530082-20220101@153550-Eden.fts [TYPE] LIGHT [OBJ] 2MASS_J04402325-0530082 [RA] 04 40 23.2761 [Dec] -05 30 08.1291 [FIL] GG495 [EXPTIME] 30.0 [Date] 2022-01-01T15:35:50 [Time] 15:35:50
284/329 2MASS_J04402325-0530082-20220101@153637-Eden.fts [TYPE] LIGHT [OBJ] 2MASS_J04402325-0530082 [RA] 04 40 23.2761 [Dec] -05 30 08.1291 [FIL] GG495 [EXPTIME] 30.0 [Date] 2022-01-01T15:36:37 [Time] 15:36:37
285/329 2MASS_J04402325-0530082-20220101@153723-Eden.fts [TYPE] LIGHT [OBJ] 2MASS_J04402325-0530082 [RA] 04 40 23.2761 [Dec] -05 30 08.1291 [FIL] GG495 [EXPTIME] 30.0 [Date] 2022-01-01T15:37:23 [Time] 15:37:23
286/329 2MASS_J04402325-0530082-20220101@153810-Eden.fts [TYPE] LIGHT [OBJ] 2MASS_J04402325-0530082 [RA] 04 40 23.2761 [Dec] -05 30 08.1291 [FIL] GG495 [EXPTIME] 30.0 [Date] 2022-01-01T15:38:10 [Time] 15:38:10
287/329 2MASS_J04402325-0530082-20220101@153858-Eden.fts [TYPE] LIGHT [OBJ] 2MASS_J04402325-0530082 [RA] 04 40 23.2761 [Dec] -05 30 08.1291 [FIL] GG495 [EXPTIME] 30.0 [Date] 2022-01-01T15:38:58 [Time] 15:38:58
288/329 2MASS_J04402325-0530082-20220101@153945-Eden.fts [TYPE] LIGHT [OBJ] 2MASS_J04402325-0530082 [RA] 04 40 23.2761 [Dec] -05 30 08.1291 [FIL] GG495 [EXPTIME] 30.0 [Date] 2022-01-01T15:39:45 [Time] 15:39:45
289/329 2MASS_J04402325-0530082-20220101@154032-Eden.fts [TYPE] LIGHT [OBJ] 2MASS_J04402325-0530082 [RA] 04 40 23.2761 [Dec] -05 30 08.1291 [FIL] GG495 [EXPTIME] 30.0 [Date] 2022-01-01T15:40:32 [Time] 15:40:32
290/329 2MASS_J04402325-0530082-20220101@154118-Eden.fts [TYPE] LIGHT [OBJ] 2MASS_J04402325-0530082 [RA] 04 40 23.2761 [Dec] -05 30 08.1291 [FIL] GG495 [EXPTIME] 30.0 [Date] 2022-01-01T15:41:18 [Time] 15:41:18
291/329 2MASS_J04402325-0530082-20220101@154205-Eden.fts [TYPE] LIGHT [OBJ] 2MASS_J04402325-0530082 [RA] 04 40 23.2761 [Dec] -05 30 08.1291 [FIL] GG495 [EXPTIME] 30.0 [Date] 2022-01-01T15:42:05 [Time] 15:42:05
292/329 2MASS_J04402325-0530082-20220101@154252-Eden.fts [TYPE] LIGHT [OBJ] 2MASS_J04402325-0530082 [RA] 04 40 23.2761 [Dec] -05 30 08.1291 [FIL] GG495 [EXPTIME] 30.0 [Date] 2022-01-01T15:42:52 [Time] 15:42:52
293/329 2MASS_J04402325-0530082-20220101@154339-Eden.fts [TYPE] LIGHT [OBJ] 2MASS_J04402325-0530082 [RA] 04 40 23.2761 [Dec] -05 30 08.1291 [FIL] GG495 [EXPTIME] 30.0 [Date] 2022-01-01T15:43:39 [Time] 15:43:39
294/329 2MASS_J04402325-0530082-20220101@154425-Eden.fts [TYPE] LIGHT [OBJ] 2MASS_J04402325-0530082 [RA] 04 40 23.2761 [Dec] -05 30 08.1291 [FIL] GG495 [EXPTIME] 30.0 [Date] 2022-01-01T15:44:25 [Time] 15:44:25
295/329 2MASS_J04402325-0530082-20220101@154510-Eden.fts [TYPE] LIGHT [OBJ] 2MASS_J04402325-0530082 [RA] 04 40 23.2761 [Dec] -05 30 08.1291 [FIL] GG495 [EXPTIME] 30.0 [Date] 2022-01-01T15:45:10 [Time] 15:45:10
296/329 2MASS_J04402325-0530082-20220101@154557-Eden.fts [TYPE] LIGHT [OBJ] 2MASS_J04402325-0530082 [RA] 04 40 23.2761 [Dec] -05 30 08.1291 [FIL] GG495 [EXPTIME] 30.0 [Date] 2022-01-01T15:45:57 [Time] 15:45:57
297/329 2MASS_J04402325-0530082-20220101@154643-Eden.fts [TYPE] LIGHT [OBJ] 2MASS_J04402325-0530082 [RA] 04 40 23.2761 [Dec] -05 30 08.1291 [FIL] GG495 [EXPTIME] 30.0 [Date] 2022-01-01T15:46:43 [Time] 15:46:43
298/329 2MASS_J04402325-0530082-20220101@154729-Eden.fts [TYPE] LIGHT [OBJ] 2MASS_J04402325-0530082 [RA] 04 40 23.2761 [Dec] -05 30 08.1291 [FIL] GG495 [EXPTIME] 30.0 [Date] 2022-01-01T15:47:29 [Time] 15:47:29
299/329 2MASS_J04402325-0530082-20220101@154815-Eden.fts [TYPE] LIGHT [OBJ] 2MASS_J04402325-0530082 [RA] 04 40 23.2761 [Dec] -05 30 08.1291 [FIL] GG495 [EXPTIME] 30.0 [Date] 2022-01-01T15:48:15 [Time] 15:48:15
300/329 2MASS_J04402325-0530082-20220101@154902-Eden.fts [TYPE] LIGHT [OBJ] 2MASS_J04402325-0530082 [RA] 04 40 23.2761 [Dec] -05 30 08.1291 [FIL] GG495 [EXPTIME] 30.0 [Date] 2022-01-01T15:49:02 [Time] 15:49:02
301/329 2MASS_J04402325-0530082-20220101@154949-Eden.fts [TYPE] LIGHT [OBJ] 2MASS_J04402325-0530082 [RA] 04 40 23.2761 [Dec] -05 30 08.1291 [FIL] GG495 [EXPTIME] 30.0 [Date] 2022-01-01T15:49:49 [Time] 15:49:49
302/329 2MASS_J04402325-0530082-20220101@155036-Eden.fts [TYPE] LIGHT [OBJ] 2MASS_J04402325-0530082 [RA] 04 40 23.2761 [Dec] -05 30 08.1291 [FIL] GG495 [EXPTIME] 30.0 [Date] 2022-01-01T15:50:36 [Time] 15:50:36
303/329 2MASS_J04402325-0530082-20220101@155122-Eden.fts [TYPE] LIGHT [OBJ] 2MASS_J04402325-0530082 [RA] 04 40 23.2761 [Dec] -05 30 08.1291 [FIL] GG495 [EXPTIME] 30.0 [Date] 2022-01-01T15:51:22 [Time] 15:51:22
304/329 2MASS_J04402325-0530082-20220101@155208-Eden.fts [TYPE] LIGHT [OBJ] 2MASS_J04402325-0530082 [RA] 04 40 23.2761 [Dec] -05 30 08.1291 [FIL] GG495 [EXPTIME] 30.0 [Date] 2022-01-01T15:52:08 [Time] 15:52:08
305/329 2MASS_J04402325-0530082-20220101@155255-Eden.fts [TYPE] LIGHT [OBJ] 2MASS_J04402325-0530082 [RA] 04 40 23.2761 [Dec] -05 30 08.1291 [FIL] GG495 [EXPTIME] 30.0 [Date] 2022-01-01T15:52:55 [Time] 15:52:55
306/329 2MASS_J04402325-0530082-20220101@155342-Eden.fts [TYPE] LIGHT [OBJ] 2MASS_J04402325-0530082 [RA] 04 40 23.2761 [Dec] -05 30 08.1291 [FIL] GG495 [EXPTIME] 30.0 [Date] 2022-01-01T15:53:42 [Time] 15:53:42
307/329 2MASS_J04402325-0530082-20220101@155428-Eden.fts [TYPE] LIGHT [OBJ] 2MASS_J04402325-0530082 [RA] 04 40 23.2761 [Dec] -05 30 08.1291 [FIL] GG495 [EXPTIME] 30.0 [Date] 2022-01-01T15:54:28 [Time] 15:54:28
308/329 2MASS_J04402325-0530082-20220101@155514-Eden.fts [TYPE] LIGHT [OBJ] 2MASS_J04402325-0530082 [RA] 04 40 23.2761 [Dec] -05 30 08.1291 [FIL] GG495 [EXPTIME] 30.0 [Date] 2022-01-01T15:55:14 [Time] 15:55:14
309/329 2MASS_J04402325-0530082-20220101@155602-Eden.fts [TYPE] LIGHT [OBJ] 2MASS_J04402325-0530082 [RA] 04 40 23.2761 [Dec] -05 30 08.1291 [FIL] GG495 [EXPTIME] 30.0 [Date] 2022-01-01T15:56:02 [Time] 15:56:02
310/329 2MASS_J04402325-0530082-20220101@155650-Eden.fts [TYPE] LIGHT [OBJ] 2MASS_J04402325-0530082 [RA] 04 40 23.2761 [Dec] -05 30 08.1291 [FIL] GG495 [EXPTIME] 30.0 [Date] 2022-01-01T15:56:50 [Time] 15:56:50
311/329 2MASS_J04402325-0530082-20220101@155737-Eden.fts [TYPE] LIGHT [OBJ] 2MASS_J04402325-0530082 [RA] 04 40 23.2761 [Dec] -05 30 08.1291 [FIL] GG495 [EXPTIME] 30.0 [Date] 2022-01-01T15:57:37 [Time] 15:57:37
312/329 2MASS_J04402325-0530082-20220101@155824-Eden.fts [TYPE] LIGHT [OBJ] 2MASS_J04402325-0530082 [RA] 04 40 23.2761 [Dec] -05 30 08.1291 [FIL] GG495 [EXPTIME] 30.0 [Date] 2022-01-01T15:58:24 [Time] 15:58:24
313/329 2MASS_J04402325-0530082-20220101@155910-Eden.fts [TYPE] LIGHT [OBJ] 2MASS_J04402325-0530082 [RA] 04 40 23.2761 [Dec] -05 30 08.1291 [FIL] GG495 [EXPTIME] 30.0 [Date] 2022-01-01T15:59:10 [Time] 15:59:10
314/329 2MASS_J04402325-0530082-20220101@155957-Eden.fts [TYPE] LIGHT [OBJ] 2MASS_J04402325-0530082 [RA] 04 40 23.2761 [Dec] -05 30 08.1291 [FIL] GG495 [EXPTIME] 30.0 [Date] 2022-01-01T15:59:57 [Time] 15:59:57
315/329 2MASS_J04402325-0530082-20220101@160045-Eden.fts [TYPE] LIGHT [OBJ] 2MASS_J04402325-0530082 [RA] 04 40 23.2761 [Dec] -05 30 08.1291 [FIL] GG495 [EXPTIME] 30.0 [Date] 2022-01-01T16:00:45 [Time] 16:00:45
316/329 2MASS_J04402325-0530082-20220101@160135-Eden.fts [TYPE] LIGHT [OBJ] 2MASS_J04402325-0530082 [RA] 04 40 23.2761 [Dec] -05 30 08.1291 [FIL] GG495 [EXPTIME] 30.0 [Date] 2022-01-01T16:01:35 [Time] 16:01:35
317/329 2MASS_J04402325-0530082-20220101@160221-Eden.fts [TYPE] LIGHT [OBJ] 2MASS_J04402325-0530082 [RA] 04 40 23.2761 [Dec] -05 30 08.1291 [FIL] GG495 [EXPTIME] 30.0 [Date] 2022-01-01T16:02:21 [Time] 16:02:21
318/329 2MASS_J04402325-0530082-20220101@160308-Eden.fts [TYPE] LIGHT [OBJ] 2MASS_J04402325-0530082 [RA] 04 40 23.2761 [Dec] -05 30 08.1291 [FIL] GG495 [EXPTIME] 30.0 [Date] 2022-01-01T16:03:08 [Time] 16:03:08
319/329 2MASS_J04402325-0530082-20220101@160354-Eden.fts [TYPE] LIGHT [OBJ] 2MASS_J04402325-0530082 [RA] 04 40 23.2761 [Dec] -05 30 08.1291 [FIL] GG495 [EXPTIME] 30.0 [Date] 2022-01-01T16:03:54 [Time] 16:03:54
320/329 2MASS_J04402325-0530082-20220101@160440-Eden.fts [TYPE] LIGHT [OBJ] 2MASS_J04402325-0530082 [RA] 04 40 23.2761 [Dec] -05 30 08.1291 [FIL] GG495 [EXPTIME] 30.0 [Date] 2022-01-01T16:04:40 [Time] 16:04:40
321/329 2MASS_J04402325-0530082-20220101@160527-Eden.fts [TYPE] LIGHT [OBJ] 2MASS_J04402325-0530082 [RA] 04 40 23.2761 [Dec] -05 30 08.1291 [FIL] GG495 [EXPTIME] 30.0 [Date] 2022-01-01T16:05:27 [Time] 16:05:27
322/329 2MASS_J04402325-0530082-20220101@160615-Eden.fts [TYPE] LIGHT [OBJ] 2MASS_J04402325-0530082 [RA] 04 40 23.2761 [Dec] -05 30 08.1291 [FIL] GG495 [EXPTIME] 30.0 [Date] 2022-01-01T16:06:15 [Time] 16:06:15
323/329 2MASS_J04402325-0530082-20220101@160702-Eden.fts [TYPE] LIGHT [OBJ] 2MASS_J04402325-0530082 [RA] 04 40 23.2761 [Dec] -05 30 08.1291 [FIL] GG495 [EXPTIME] 30.0 [Date] 2022-01-01T16:07:02 [Time] 16:07:02
324/329 2MASS_J04402325-0530082-20220101@160748-Eden.fts [TYPE] LIGHT [OBJ] 2MASS_J04402325-0530082 [RA] 04 40 23.2761 [Dec] -05 30 08.1291 [FIL] GG495 [EXPTIME] 30.0 [Date] 2022-01-01T16:07:48 [Time] 16:07:48
325/329 2MASS_J04402325-0530082-20220101@160834-Eden.fts [TYPE] LIGHT [OBJ] 2MASS_J04402325-0530082 [RA] 04 40 23.2761 [Dec] -05 30 08.1291 [FIL] GG495 [EXPTIME] 30.0 [Date] 2022-01-01T16:08:34 [Time] 16:08:34
326/329 2MASS_J04402325-0530082-20220101@160921-Eden.fts [TYPE] LIGHT [OBJ] 2MASS_J04402325-0530082 [RA] 04 40 23.2761 [Dec] -05 30 08.1291 [FIL] GG495 [EXPTIME] 30.0 [Date] 2022-01-01T16:09:21 [Time] 16:09:21
327/329 2MASS_J04402325-0530082-20220101@161008-Eden.fts [TYPE] LIGHT [OBJ] 2MASS_J04402325-0530082 [RA] 04 40 23.2761 [Dec] -05 30 08.1291 [FIL] GG495 [EXPTIME] 30.0 [Date] 2022-01-01T16:10:08 [Time] 16:10:08
328/329 2MASS_J04402325-0530082-20220101@161054-Eden.fts [TYPE] LIGHT [OBJ] 2MASS_J04402325-0530082 [RA] 04 40 23.2761 [Dec] -05 30 08.1291 [FIL] GG495 [EXPTIME] 30.0 [Date] 2022-01-01T16:10:54 [Time] 16:10:54
329/329 2MASS_J04402325-0530082-20220101@161141-Eden.fts [TYPE] LIGHT [OBJ] 2MASS_J04402325-0530082 [RA] 04 40 23.2761 [Dec] -05 30 08.1291 [FIL] GG495 [EXPTIME] 30.0 [Date] 2022-01-01T16:11:41 [Time] 16:11:41
... write log file to LOT20220101_2MASS_J04402325-0530082_mod.log ...
... finish ...
