-----------------
input parameters
-----------------
['modify_header_name_eden.py', 'LOT20211229_2MASS_J04402325-0530082', '33']
Your will modify header for: 2MASS_J04402325-0530082 [RA] 04 40 23.2761 [Dec] -05 30 08.1291 [Filter] GG495
---------------
folder: LOT20211229_2MASS_J04402325-0530082
will update fits in: LOT20211229_2MASS_J04402325-0530082_mod
 ---------------------------
 Exame Fits Header for Bias
 ---------------------------
find ./LOT20211229_2MASS_J04402325-0530082/bias-dark/ | grep 'fits\|fts'|sort 
found 0 Bias/Dark
no files in ./bias-dark/
 ---------------------------
 Exame Fits Header for Flat
 ---------------------------
find ./LOT20211229_2MASS_J04402325-0530082/ | grep flat/ | grep -E 'fits|fts'|sort -t'-' -k2.4,2.6 
found 0 Flat
no files in ./flat/
 ---------------------------
 Exame Fits Header for Additional Dark for Flat
 ---------------------------
find ./LOT20211229_2MASS_J04402325-0530082/ | grep flat/ |grep dark| grep -E 'fits|fts'|sort -t'-' -k2.4,2.6 
found 0 Additional Dark for Flat
no additional dark for flat in ./flat/
 ---------------------------
 Modify filename for Science Target
 ---------------------------
... update header ...
1/266 2MASS_J04402325-0530082-20211229@121005-Eden.fts [TYPE] LIGHT [OBJ] 2MASS_J04402325-0530082 [RA] 04 40 23.2761 [Dec] -05 30 08.1291 [FIL] GG495 [EXPTIME] 30.0 [Date] 2021-12-29T12:10:05 [Time] 12:10:05
2/266 2MASS_J04402325-0530082-20211229@121051-Eden.fts [TYPE] LIGHT [OBJ] 2MASS_J04402325-0530082 [RA] 04 40 23.2761 [Dec] -05 30 08.1291 [FIL] GG495 [EXPTIME] 30.0 [Date] 2021-12-29T12:10:51 [Time] 12:10:51
3/266 2MASS_J04402325-0530082-20211229@121137-Eden.fts [TYPE] LIGHT [OBJ] 2MASS_J04402325-0530082 [RA] 04 40 23.2761 [Dec] -05 30 08.1291 [FIL] GG495 [EXPTIME] 30.0 [Date] 2021-12-29T12:11:37 [Time] 12:11:37
4/266 2MASS_J04402325-0530082-20211229@121223-Eden.fts [TYPE] LIGHT [OBJ] 2MASS_J04402325-0530082 [RA] 04 40 23.2761 [Dec] -05 30 08.1291 [FIL] GG495 [EXPTIME] 30.0 [Date] 2021-12-29T12:12:23 [Time] 12:12:23
5/266 2MASS_J04402325-0530082-20211229@121309-Eden.fts [TYPE] LIGHT [OBJ] 2MASS_J04402325-0530082 [RA] 04 40 23.2761 [Dec] -05 30 08.1291 [FIL] GG495 [EXPTIME] 30.0 [Date] 2021-12-29T12:13:09 [Time] 12:13:09
6/266 2MASS_J04402325-0530082-20211229@121354-Eden.fts [TYPE] LIGHT [OBJ] 2MASS_J04402325-0530082 [RA] 04 40 23.2761 [Dec] -05 30 08.1291 [FIL] GG495 [EXPTIME] 30.0 [Date] 2021-12-29T12:13:54 [Time] 12:13:54
7/266 2MASS_J04402325-0530082-20211229@121440-Eden.fts [TYPE] LIGHT [OBJ] 2MASS_J04402325-0530082 [RA] 04 40 23.2761 [Dec] -05 30 08.1291 [FIL] GG495 [EXPTIME] 30.0 [Date] 2021-12-29T12:14:40 [Time] 12:14:40
8/266 2MASS_J04402325-0530082-20211229@121526-Eden.fts [TYPE] LIGHT [OBJ] 2MASS_J04402325-0530082 [RA] 04 40 23.2761 [Dec] -05 30 08.1291 [FIL] GG495 [EXPTIME] 30.0 [Date] 2021-12-29T12:15:26 [Time] 12:15:26
9/266 2MASS_J04402325-0530082-20211229@121610-Eden.fts [TYPE] LIGHT [OBJ] 2MASS_J04402325-0530082 [RA] 04 40 23.2761 [Dec] -05 30 08.1291 [FIL] GG495 [EXPTIME] 30.0 [Date] 2021-12-29T12:16:10 [Time] 12:16:10
10/266 2MASS_J04402325-0530082-20211229@121656-Eden.fts [TYPE] LIGHT [OBJ] 2MASS_J04402325-0530082 [RA] 04 40 23.2761 [Dec] -05 30 08.1291 [FIL] GG495 [EXPTIME] 30.0 [Date] 2021-12-29T12:16:56 [Time] 12:16:56
11/266 2MASS_J04402325-0530082-20211229@121741-Eden.fts [TYPE] LIGHT [OBJ] 2MASS_J04402325-0530082 [RA] 04 40 23.2761 [Dec] -05 30 08.1291 [FIL] GG495 [EXPTIME] 30.0 [Date] 2021-12-29T12:17:41 [Time] 12:17:41
12/266 2MASS_J04402325-0530082-20211229@121827-Eden.fts [TYPE] LIGHT [OBJ] 2MASS_J04402325-0530082 [RA] 04 40 23.2761 [Dec] -05 30 08.1291 [FIL] GG495 [EXPTIME] 30.0 [Date] 2021-12-29T12:18:27 [Time] 12:18:27
13/266 2MASS_J04402325-0530082-20211229@121914-Eden.fts [TYPE] LIGHT [OBJ] 2MASS_J04402325-0530082 [RA] 04 40 23.2761 [Dec] -05 30 08.1291 [FIL] GG495 [EXPTIME] 30.0 [Date] 2021-12-29T12:19:14 [Time] 12:19:14
14/266 2MASS_J04402325-0530082-20211229@121959-Eden.fts [TYPE] LIGHT [OBJ] 2MASS_J04402325-0530082 [RA] 04 40 23.2761 [Dec] -05 30 08.1291 [FIL] GG495 [EXPTIME] 30.0 [Date] 2021-12-29T12:19:59 [Time] 12:19:59
15/266 2MASS_J04402325-0530082-20211229@122044-Eden.fts [TYPE] LIGHT [OBJ] 2MASS_J04402325-0530082 [RA] 04 40 23.2761 [Dec] -05 30 08.1291 [FIL] GG495 [EXPTIME] 30.0 [Date] 2021-12-29T12:20:44 [Time] 12:20:44
16/266 2MASS_J04402325-0530082-20211229@122130-Eden.fts [TYPE] LIGHT [OBJ] 2MASS_J04402325-0530082 [RA] 04 40 23.2761 [Dec] -05 30 08.1291 [FIL] GG495 [EXPTIME] 30.0 [Date] 2021-12-29T12:21:30 [Time] 12:21:30
17/266 2MASS_J04402325-0530082-20211229@122217-Eden.fts [TYPE] LIGHT [OBJ] 2MASS_J04402325-0530082 [RA] 04 40 23.2761 [Dec] -05 30 08.1291 [FIL] GG495 [EXPTIME] 30.0 [Date] 2021-12-29T12:22:17 [Time] 12:22:17
18/266 2MASS_J04402325-0530082-20211229@122302-Eden.fts [TYPE] LIGHT [OBJ] 2MASS_J04402325-0530082 [RA] 04 40 23.2761 [Dec] -05 30 08.1291 [FIL] GG495 [EXPTIME] 30.0 [Date] 2021-12-29T12:23:02 [Time] 12:23:02
19/266 2MASS_J04402325-0530082-20211229@122348-Eden.fts [TYPE] LIGHT [OBJ] 2MASS_J04402325-0530082 [RA] 04 40 23.2761 [Dec] -05 30 08.1291 [FIL] GG495 [EXPTIME] 30.0 [Date] 2021-12-29T12:23:48 [Time] 12:23:48
20/266 2MASS_J04402325-0530082-20211229@122434-Eden.fts [TYPE] LIGHT [OBJ] 2MASS_J04402325-0530082 [RA] 04 40 23.2761 [Dec] -05 30 08.1291 [FIL] GG495 [EXPTIME] 30.0 [Date] 2021-12-29T12:24:34 [Time] 12:24:34
21/266 2MASS_J04402325-0530082-20211229@122520-Eden.fts [TYPE] LIGHT [OBJ] 2MASS_J04402325-0530082 [RA] 04 40 23.2761 [Dec] -05 30 08.1291 [FIL] GG495 [EXPTIME] 30.0 [Date] 2021-12-29T12:25:20 [Time] 12:25:20
22/266 2MASS_J04402325-0530082-20211229@122605-Eden.fts [TYPE] LIGHT [OBJ] 2MASS_J04402325-0530082 [RA] 04 40 23.2761 [Dec] -05 30 08.1291 [FIL] GG495 [EXPTIME] 30.0 [Date] 2021-12-29T12:26:05 [Time] 12:26:05
23/266 2MASS_J04402325-0530082-20211229@122650-Eden.fts [TYPE] LIGHT [OBJ] 2MASS_J04402325-0530082 [RA] 04 40 23.2761 [Dec] -05 30 08.1291 [FIL] GG495 [EXPTIME] 30.0 [Date] 2021-12-29T12:26:50 [Time] 12:26:50
24/266 2MASS_J04402325-0530082-20211229@122735-Eden.fts [TYPE] LIGHT [OBJ] 2MASS_J04402325-0530082 [RA] 04 40 23.2761 [Dec] -05 30 08.1291 [FIL] GG495 [EXPTIME] 30.0 [Date] 2021-12-29T12:27:35 [Time] 12:27:35
25/266 2MASS_J04402325-0530082-20211229@122820-Eden.fts [TYPE] LIGHT [OBJ] 2MASS_J04402325-0530082 [RA] 04 40 23.2761 [Dec] -05 30 08.1291 [FIL] GG495 [EXPTIME] 30.0 [Date] 2021-12-29T12:28:20 [Time] 12:28:20
26/266 2MASS_J04402325-0530082-20211229@122906-Eden.fts [TYPE] LIGHT [OBJ] 2MASS_J04402325-0530082 [RA] 04 40 23.2761 [Dec] -05 30 08.1291 [FIL] GG495 [EXPTIME] 30.0 [Date] 2021-12-29T12:29:06 [Time] 12:29:06
27/266 2MASS_J04402325-0530082-20211229@122952-Eden.fts [TYPE] LIGHT [OBJ] 2MASS_J04402325-0530082 [RA] 04 40 23.2761 [Dec] -05 30 08.1291 [FIL] GG495 [EXPTIME] 30.0 [Date] 2021-12-29T12:29:52 [Time] 12:29:52
28/266 2MASS_J04402325-0530082-20211229@123038-Eden.fts [TYPE] LIGHT [OBJ] 2MASS_J04402325-0530082 [RA] 04 40 23.2761 [Dec] -05 30 08.1291 [FIL] GG495 [EXPTIME] 30.0 [Date] 2021-12-29T12:30:38 [Time] 12:30:38
29/266 2MASS_J04402325-0530082-20211229@123125-Eden.fts [TYPE] LIGHT [OBJ] 2MASS_J04402325-0530082 [RA] 04 40 23.2761 [Dec] -05 30 08.1291 [FIL] GG495 [EXPTIME] 30.0 [Date] 2021-12-29T12:31:25 [Time] 12:31:25
30/266 2MASS_J04402325-0530082-20211229@123211-Eden.fts [TYPE] LIGHT [OBJ] 2MASS_J04402325-0530082 [RA] 04 40 23.2761 [Dec] -05 30 08.1291 [FIL] GG495 [EXPTIME] 30.0 [Date] 2021-12-29T12:32:11 [Time] 12:32:11
31/266 2MASS_J04402325-0530082-20211229@123258-Eden.fts [TYPE] LIGHT [OBJ] 2MASS_J04402325-0530082 [RA] 04 40 23.2761 [Dec] -05 30 08.1291 [FIL] GG495 [EXPTIME] 30.0 [Date] 2021-12-29T12:32:58 [Time] 12:32:58
32/266 2MASS_J04402325-0530082-20211229@123343-Eden.fts [TYPE] LIGHT [OBJ] 2MASS_J04402325-0530082 [RA] 04 40 23.2761 [Dec] -05 30 08.1291 [FIL] GG495 [EXPTIME] 30.0 [Date] 2021-12-29T12:33:43 [Time] 12:33:43
33/266 2MASS_J04402325-0530082-20211229@123429-Eden.fts [TYPE] LIGHT [OBJ] 2MASS_J04402325-0530082 [RA] 04 40 23.2761 [Dec] -05 30 08.1291 [FIL] GG495 [EXPTIME] 30.0 [Date] 2021-12-29T12:34:29 [Time] 12:34:29
34/266 2MASS_J04402325-0530082-20211229@123515-Eden.fts [TYPE] LIGHT [OBJ] 2MASS_J04402325-0530082 [RA] 04 40 23.2761 [Dec] -05 30 08.1291 [FIL] GG495 [EXPTIME] 30.0 [Date] 2021-12-29T12:35:15 [Time] 12:35:15
35/266 2MASS_J04402325-0530082-20211229@123600-Eden.fts [TYPE] LIGHT [OBJ] 2MASS_J04402325-0530082 [RA] 04 40 23.2761 [Dec] -05 30 08.1291 [FIL] GG495 [EXPTIME] 30.0 [Date] 2021-12-29T12:36:00 [Time] 12:36:00
36/266 2MASS_J04402325-0530082-20211229@123646-Eden.fts [TYPE] LIGHT [OBJ] 2MASS_J04402325-0530082 [RA] 04 40 23.2761 [Dec] -05 30 08.1291 [FIL] GG495 [EXPTIME] 30.0 [Date] 2021-12-29T12:36:46 [Time] 12:36:46
37/266 2MASS_J04402325-0530082-20211229@123731-Eden.fts [TYPE] LIGHT [OBJ] 2MASS_J04402325-0530082 [RA] 04 40 23.2761 [Dec] -05 30 08.1291 [FIL] GG495 [EXPTIME] 30.0 [Date] 2021-12-29T12:37:31 [Time] 12:37:31
38/266 2MASS_J04402325-0530082-20211229@123816-Eden.fts [TYPE] LIGHT [OBJ] 2MASS_J04402325-0530082 [RA] 04 40 23.2761 [Dec] -05 30 08.1291 [FIL] GG495 [EXPTIME] 30.0 [Date] 2021-12-29T12:38:16 [Time] 12:38:16
39/266 2MASS_J04402325-0530082-20211229@123903-Eden.fts [TYPE] LIGHT [OBJ] 2MASS_J04402325-0530082 [RA] 04 40 23.2761 [Dec] -05 30 08.1291 [FIL] GG495 [EXPTIME] 30.0 [Date] 2021-12-29T12:39:03 [Time] 12:39:03
40/266 2MASS_J04402325-0530082-20211229@123948-Eden.fts [TYPE] LIGHT [OBJ] 2MASS_J04402325-0530082 [RA] 04 40 23.2761 [Dec] -05 30 08.1291 [FIL] GG495 [EXPTIME] 30.0 [Date] 2021-12-29T12:39:48 [Time] 12:39:48
41/266 2MASS_J04402325-0530082-20211229@124034-Eden.fts [TYPE] LIGHT [OBJ] 2MASS_J04402325-0530082 [RA] 04 40 23.2761 [Dec] -05 30 08.1291 [FIL] GG495 [EXPTIME] 30.0 [Date] 2021-12-29T12:40:34 [Time] 12:40:34
42/266 2MASS_J04402325-0530082-20211229@124120-Eden.fts [TYPE] LIGHT [OBJ] 2MASS_J04402325-0530082 [RA] 04 40 23.2761 [Dec] -05 30 08.1291 [FIL] GG495 [EXPTIME] 30.0 [Date] 2021-12-29T12:41:20 [Time] 12:41:20
43/266 2MASS_J04402325-0530082-20211229@124206-Eden.fts [TYPE] LIGHT [OBJ] 2MASS_J04402325-0530082 [RA] 04 40 23.2761 [Dec] -05 30 08.1291 [FIL] GG495 [EXPTIME] 30.0 [Date] 2021-12-29T12:42:06 [Time] 12:42:06
44/266 2MASS_J04402325-0530082-20211229@124252-Eden.fts [TYPE] LIGHT [OBJ] 2MASS_J04402325-0530082 [RA] 04 40 23.2761 [Dec] -05 30 08.1291 [FIL] GG495 [EXPTIME] 30.0 [Date] 2021-12-29T12:42:52 [Time] 12:42:52
45/266 2MASS_J04402325-0530082-20211229@124338-Eden.fts [TYPE] LIGHT [OBJ] 2MASS_J04402325-0530082 [RA] 04 40 23.2761 [Dec] -05 30 08.1291 [FIL] GG495 [EXPTIME] 30.0 [Date] 2021-12-29T12:43:38 [Time] 12:43:38
46/266 2MASS_J04402325-0530082-20211229@124425-Eden.fts [TYPE] LIGHT [OBJ] 2MASS_J04402325-0530082 [RA] 04 40 23.2761 [Dec] -05 30 08.1291 [FIL] GG495 [EXPTIME] 30.0 [Date] 2021-12-29T12:44:25 [Time] 12:44:25
47/266 2MASS_J04402325-0530082-20211229@124511-Eden.fts [TYPE] LIGHT [OBJ] 2MASS_J04402325-0530082 [RA] 04 40 23.2761 [Dec] -05 30 08.1291 [FIL] GG495 [EXPTIME] 30.0 [Date] 2021-12-29T12:45:11 [Time] 12:45:11
48/266 2MASS_J04402325-0530082-20211229@124556-Eden.fts [TYPE] LIGHT [OBJ] 2MASS_J04402325-0530082 [RA] 04 40 23.2761 [Dec] -05 30 08.1291 [FIL] GG495 [EXPTIME] 30.0 [Date] 2021-12-29T12:45:56 [Time] 12:45:56
49/266 2MASS_J04402325-0530082-20211229@124642-Eden.fts [TYPE] LIGHT [OBJ] 2MASS_J04402325-0530082 [RA] 04 40 23.2761 [Dec] -05 30 08.1291 [FIL] GG495 [EXPTIME] 30.0 [Date] 2021-12-29T12:46:42 [Time] 12:46:42
50/266 2MASS_J04402325-0530082-20211229@124728-Eden.fts [TYPE] LIGHT [OBJ] 2MASS_J04402325-0530082 [RA] 04 40 23.2761 [Dec] -05 30 08.1291 [FIL] GG495 [EXPTIME] 30.0 [Date] 2021-12-29T12:47:28 [Time] 12:47:28
51/266 2MASS_J04402325-0530082-20211229@124814-Eden.fts [TYPE] LIGHT [OBJ] 2MASS_J04402325-0530082 [RA] 04 40 23.2761 [Dec] -05 30 08.1291 [FIL] GG495 [EXPTIME] 30.0 [Date] 2021-12-29T12:48:14 [Time] 12:48:14
52/266 2MASS_J04402325-0530082-20211229@124900-Eden.fts [TYPE] LIGHT [OBJ] 2MASS_J04402325-0530082 [RA] 04 40 23.2761 [Dec] -05 30 08.1291 [FIL] GG495 [EXPTIME] 30.0 [Date] 2021-12-29T12:49:00 [Time] 12:49:00
53/266 2MASS_J04402325-0530082-20211229@124946-Eden.fts [TYPE] LIGHT [OBJ] 2MASS_J04402325-0530082 [RA] 04 40 23.2761 [Dec] -05 30 08.1291 [FIL] GG495 [EXPTIME] 30.0 [Date] 2021-12-29T12:49:46 [Time] 12:49:46
54/266 2MASS_J04402325-0530082-20211229@125031-Eden.fts [TYPE] LIGHT [OBJ] 2MASS_J04402325-0530082 [RA] 04 40 23.2761 [Dec] -05 30 08.1291 [FIL] GG495 [EXPTIME] 30.0 [Date] 2021-12-29T12:50:31 [Time] 12:50:31
55/266 2MASS_J04402325-0530082-20211229@125117-Eden.fts [TYPE] LIGHT [OBJ] 2MASS_J04402325-0530082 [RA] 04 40 23.2761 [Dec] -05 30 08.1291 [FIL] GG495 [EXPTIME] 30.0 [Date] 2021-12-29T12:51:17 [Time] 12:51:17
56/266 2MASS_J04402325-0530082-20211229@125203-Eden.fts [TYPE] LIGHT [OBJ] 2MASS_J04402325-0530082 [RA] 04 40 23.2761 [Dec] -05 30 08.1291 [FIL] GG495 [EXPTIME] 30.0 [Date] 2021-12-29T12:52:03 [Time] 12:52:03
57/266 2MASS_J04402325-0530082-20211229@125249-Eden.fts [TYPE] LIGHT [OBJ] 2MASS_J04402325-0530082 [RA] 04 40 23.2761 [Dec] -05 30 08.1291 [FIL] GG495 [EXPTIME] 30.0 [Date] 2021-12-29T12:52:49 [Time] 12:52:49
58/266 2MASS_J04402325-0530082-20211229@125335-Eden.fts [TYPE] LIGHT [OBJ] 2MASS_J04402325-0530082 [RA] 04 40 23.2761 [Dec] -05 30 08.1291 [FIL] GG495 [EXPTIME] 30.0 [Date] 2021-12-29T12:53:35 [Time] 12:53:35
59/266 2MASS_J04402325-0530082-20211229@125421-Eden.fts [TYPE] LIGHT [OBJ] 2MASS_J04402325-0530082 [RA] 04 40 23.2761 [Dec] -05 30 08.1291 [FIL] GG495 [EXPTIME] 30.0 [Date] 2021-12-29T12:54:21 [Time] 12:54:21
60/266 2MASS_J04402325-0530082-20211229@125506-Eden.fts [TYPE] LIGHT [OBJ] 2MASS_J04402325-0530082 [RA] 04 40 23.2761 [Dec] -05 30 08.1291 [FIL] GG495 [EXPTIME] 30.0 [Date] 2021-12-29T12:55:06 [Time] 12:55:06
61/266 2MASS_J04402325-0530082-20211229@125552-Eden.fts [TYPE] LIGHT [OBJ] 2MASS_J04402325-0530082 [RA] 04 40 23.2761 [Dec] -05 30 08.1291 [FIL] GG495 [EXPTIME] 30.0 [Date] 2021-12-29T12:55:52 [Time] 12:55:52
62/266 2MASS_J04402325-0530082-20211229@125639-Eden.fts [TYPE] LIGHT [OBJ] 2MASS_J04402325-0530082 [RA] 04 40 23.2761 [Dec] -05 30 08.1291 [FIL] GG495 [EXPTIME] 30.0 [Date] 2021-12-29T12:56:39 [Time] 12:56:39
63/266 2MASS_J04402325-0530082-20211229@125724-Eden.fts [TYPE] LIGHT [OBJ] 2MASS_J04402325-0530082 [RA] 04 40 23.2761 [Dec] -05 30 08.1291 [FIL] GG495 [EXPTIME] 30.0 [Date] 2021-12-29T12:57:24 [Time] 12:57:24
64/266 2MASS_J04402325-0530082-20211229@125810-Eden.fts [TYPE] LIGHT [OBJ] 2MASS_J04402325-0530082 [RA] 04 40 23.2761 [Dec] -05 30 08.1291 [FIL] GG495 [EXPTIME] 30.0 [Date] 2021-12-29T12:58:10 [Time] 12:58:10
65/266 2MASS_J04402325-0530082-20211229@125856-Eden.fts [TYPE] LIGHT [OBJ] 2MASS_J04402325-0530082 [RA] 04 40 23.2761 [Dec] -05 30 08.1291 [FIL] GG495 [EXPTIME] 30.0 [Date] 2021-12-29T12:58:56 [Time] 12:58:56
66/266 2MASS_J04402325-0530082-20211229@125942-Eden.fts [TYPE] LIGHT [OBJ] 2MASS_J04402325-0530082 [RA] 04 40 23.2761 [Dec] -05 30 08.1291 [FIL] GG495 [EXPTIME] 30.0 [Date] 2021-12-29T12:59:42 [Time] 12:59:42
67/266 2MASS_J04402325-0530082-20211229@130028-Eden.fts [TYPE] LIGHT [OBJ] 2MASS_J04402325-0530082 [RA] 04 40 23.2761 [Dec] -05 30 08.1291 [FIL] GG495 [EXPTIME] 30.0 [Date] 2021-12-29T13:00:28 [Time] 13:00:28
68/266 2MASS_J04402325-0530082-20211229@130115-Eden.fts [TYPE] LIGHT [OBJ] 2MASS_J04402325-0530082 [RA] 04 40 23.2761 [Dec] -05 30 08.1291 [FIL] GG495 [EXPTIME] 30.0 [Date] 2021-12-29T13:01:15 [Time] 13:01:15
69/266 2MASS_J04402325-0530082-20211229@130200-Eden.fts [TYPE] LIGHT [OBJ] 2MASS_J04402325-0530082 [RA] 04 40 23.2761 [Dec] -05 30 08.1291 [FIL] GG495 [EXPTIME] 30.0 [Date] 2021-12-29T13:02:00 [Time] 13:02:00
70/266 2MASS_J04402325-0530082-20211229@130246-Eden.fts [TYPE] LIGHT [OBJ] 2MASS_J04402325-0530082 [RA] 04 40 23.2761 [Dec] -05 30 08.1291 [FIL] GG495 [EXPTIME] 30.0 [Date] 2021-12-29T13:02:46 [Time] 13:02:46
71/266 2MASS_J04402325-0530082-20211229@130332-Eden.fts [TYPE] LIGHT [OBJ] 2MASS_J04402325-0530082 [RA] 04 40 23.2761 [Dec] -05 30 08.1291 [FIL] GG495 [EXPTIME] 30.0 [Date] 2021-12-29T13:03:32 [Time] 13:03:32
72/266 2MASS_J04402325-0530082-20211229@130419-Eden.fts [TYPE] LIGHT [OBJ] 2MASS_J04402325-0530082 [RA] 04 40 23.2761 [Dec] -05 30 08.1291 [FIL] GG495 [EXPTIME] 30.0 [Date] 2021-12-29T13:04:19 [Time] 13:04:19
73/266 2MASS_J04402325-0530082-20211229@130504-Eden.fts [TYPE] LIGHT [OBJ] 2MASS_J04402325-0530082 [RA] 04 40 23.2761 [Dec] -05 30 08.1291 [FIL] GG495 [EXPTIME] 30.0 [Date] 2021-12-29T13:05:04 [Time] 13:05:04
74/266 2MASS_J04402325-0530082-20211229@130551-Eden.fts [TYPE] LIGHT [OBJ] 2MASS_J04402325-0530082 [RA] 04 40 23.2761 [Dec] -05 30 08.1291 [FIL] GG495 [EXPTIME] 30.0 [Date] 2021-12-29T13:05:51 [Time] 13:05:51
75/266 2MASS_J04402325-0530082-20211229@130637-Eden.fts [TYPE] LIGHT [OBJ] 2MASS_J04402325-0530082 [RA] 04 40 23.2761 [Dec] -05 30 08.1291 [FIL] GG495 [EXPTIME] 30.0 [Date] 2021-12-29T13:06:37 [Time] 13:06:37
76/266 2MASS_J04402325-0530082-20211229@130724-Eden.fts [TYPE] LIGHT [OBJ] 2MASS_J04402325-0530082 [RA] 04 40 23.2761 [Dec] -05 30 08.1291 [FIL] GG495 [EXPTIME] 30.0 [Date] 2021-12-29T13:07:24 [Time] 13:07:24
77/266 2MASS_J04402325-0530082-20211229@130810-Eden.fts [TYPE] LIGHT [OBJ] 2MASS_J04402325-0530082 [RA] 04 40 23.2761 [Dec] -05 30 08.1291 [FIL] GG495 [EXPTIME] 30.0 [Date] 2021-12-29T13:08:10 [Time] 13:08:10
78/266 2MASS_J04402325-0530082-20211229@130856-Eden.fts [TYPE] LIGHT [OBJ] 2MASS_J04402325-0530082 [RA] 04 40 23.2761 [Dec] -05 30 08.1291 [FIL] GG495 [EXPTIME] 30.0 [Date] 2021-12-29T13:08:56 [Time] 13:08:56
79/266 2MASS_J04402325-0530082-20211229@130941-Eden.fts [TYPE] LIGHT [OBJ] 2MASS_J04402325-0530082 [RA] 04 40 23.2761 [Dec] -05 30 08.1291 [FIL] GG495 [EXPTIME] 30.0 [Date] 2021-12-29T13:09:41 [Time] 13:09:41
80/266 2MASS_J04402325-0530082-20211229@131027-Eden.fts [TYPE] LIGHT [OBJ] 2MASS_J04402325-0530082 [RA] 04 40 23.2761 [Dec] -05 30 08.1291 [FIL] GG495 [EXPTIME] 30.0 [Date] 2021-12-29T13:10:27 [Time] 13:10:27
81/266 2MASS_J04402325-0530082-20211229@131113-Eden.fts [TYPE] LIGHT [OBJ] 2MASS_J04402325-0530082 [RA] 04 40 23.2761 [Dec] -05 30 08.1291 [FIL] GG495 [EXPTIME] 30.0 [Date] 2021-12-29T13:11:13 [Time] 13:11:13
82/266 2MASS_J04402325-0530082-20211229@131159-Eden.fts [TYPE] LIGHT [OBJ] 2MASS_J04402325-0530082 [RA] 04 40 23.2761 [Dec] -05 30 08.1291 [FIL] GG495 [EXPTIME] 30.0 [Date] 2021-12-29T13:11:59 [Time] 13:11:59
83/266 2MASS_J04402325-0530082-20211229@131245-Eden.fts [TYPE] LIGHT [OBJ] 2MASS_J04402325-0530082 [RA] 04 40 23.2761 [Dec] -05 30 08.1291 [FIL] GG495 [EXPTIME] 30.0 [Date] 2021-12-29T13:12:45 [Time] 13:12:45
84/266 2MASS_J04402325-0530082-20211229@131330-Eden.fts [TYPE] LIGHT [OBJ] 2MASS_J04402325-0530082 [RA] 04 40 23.2761 [Dec] -05 30 08.1291 [FIL] GG495 [EXPTIME] 30.0 [Date] 2021-12-29T13:13:30 [Time] 13:13:30
85/266 2MASS_J04402325-0530082-20211229@131416-Eden.fts [TYPE] LIGHT [OBJ] 2MASS_J04402325-0530082 [RA] 04 40 23.2761 [Dec] -05 30 08.1291 [FIL] GG495 [EXPTIME] 30.0 [Date] 2021-12-29T13:14:16 [Time] 13:14:16
86/266 2MASS_J04402325-0530082-20211229@131502-Eden.fts [TYPE] LIGHT [OBJ] 2MASS_J04402325-0530082 [RA] 04 40 23.2761 [Dec] -05 30 08.1291 [FIL] GG495 [EXPTIME] 30.0 [Date] 2021-12-29T13:15:02 [Time] 13:15:02
87/266 2MASS_J04402325-0530082-20211229@131547-Eden.fts [TYPE] LIGHT [OBJ] 2MASS_J04402325-0530082 [RA] 04 40 23.2761 [Dec] -05 30 08.1291 [FIL] GG495 [EXPTIME] 30.0 [Date] 2021-12-29T13:15:47 [Time] 13:15:47
88/266 2MASS_J04402325-0530082-20211229@131633-Eden.fts [TYPE] LIGHT [OBJ] 2MASS_J04402325-0530082 [RA] 04 40 23.2761 [Dec] -05 30 08.1291 [FIL] GG495 [EXPTIME] 30.0 [Date] 2021-12-29T13:16:33 [Time] 13:16:33
89/266 2MASS_J04402325-0530082-20211229@131720-Eden.fts [TYPE] LIGHT [OBJ] 2MASS_J04402325-0530082 [RA] 04 40 23.2761 [Dec] -05 30 08.1291 [FIL] GG495 [EXPTIME] 30.0 [Date] 2021-12-29T13:17:20 [Time] 13:17:20
90/266 2MASS_J04402325-0530082-20211229@131805-Eden.fts [TYPE] LIGHT [OBJ] 2MASS_J04402325-0530082 [RA] 04 40 23.2761 [Dec] -05 30 08.1291 [FIL] GG495 [EXPTIME] 30.0 [Date] 2021-12-29T13:18:05 [Time] 13:18:05
91/266 2MASS_J04402325-0530082-20211229@131851-Eden.fts [TYPE] LIGHT [OBJ] 2MASS_J04402325-0530082 [RA] 04 40 23.2761 [Dec] -05 30 08.1291 [FIL] GG495 [EXPTIME] 30.0 [Date] 2021-12-29T13:18:51 [Time] 13:18:51
92/266 2MASS_J04402325-0530082-20211229@131937-Eden.fts [TYPE] LIGHT [OBJ] 2MASS_J04402325-0530082 [RA] 04 40 23.2761 [Dec] -05 30 08.1291 [FIL] GG495 [EXPTIME] 30.0 [Date] 2021-12-29T13:19:37 [Time] 13:19:37
93/266 2MASS_J04402325-0530082-20211229@132023-Eden.fts [TYPE] LIGHT [OBJ] 2MASS_J04402325-0530082 [RA] 04 40 23.2761 [Dec] -05 30 08.1291 [FIL] GG495 [EXPTIME] 30.0 [Date] 2021-12-29T13:20:23 [Time] 13:20:23
94/266 2MASS_J04402325-0530082-20211229@132109-Eden.fts [TYPE] LIGHT [OBJ] 2MASS_J04402325-0530082 [RA] 04 40 23.2761 [Dec] -05 30 08.1291 [FIL] GG495 [EXPTIME] 30.0 [Date] 2021-12-29T13:21:09 [Time] 13:21:09
95/266 2MASS_J04402325-0530082-20211229@132155-Eden.fts [TYPE] LIGHT [OBJ] 2MASS_J04402325-0530082 [RA] 04 40 23.2761 [Dec] -05 30 08.1291 [FIL] GG495 [EXPTIME] 30.0 [Date] 2021-12-29T13:21:55 [Time] 13:21:55
96/266 2MASS_J04402325-0530082-20211229@132241-Eden.fts [TYPE] LIGHT [OBJ] 2MASS_J04402325-0530082 [RA] 04 40 23.2761 [Dec] -05 30 08.1291 [FIL] GG495 [EXPTIME] 30.0 [Date] 2021-12-29T13:22:41 [Time] 13:22:41
97/266 2MASS_J04402325-0530082-20211229@132327-Eden.fts [TYPE] LIGHT [OBJ] 2MASS_J04402325-0530082 [RA] 04 40 23.2761 [Dec] -05 30 08.1291 [FIL] GG495 [EXPTIME] 30.0 [Date] 2021-12-29T13:23:27 [Time] 13:23:27
98/266 2MASS_J04402325-0530082-20211229@132413-Eden.fts [TYPE] LIGHT [OBJ] 2MASS_J04402325-0530082 [RA] 04 40 23.2761 [Dec] -05 30 08.1291 [FIL] GG495 [EXPTIME] 30.0 [Date] 2021-12-29T13:24:13 [Time] 13:24:13
99/266 2MASS_J04402325-0530082-20211229@132459-Eden.fts [TYPE] LIGHT [OBJ] 2MASS_J04402325-0530082 [RA] 04 40 23.2761 [Dec] -05 30 08.1291 [FIL] GG495 [EXPTIME] 30.0 [Date] 2021-12-29T13:24:59 [Time] 13:24:59
100/266 2MASS_J04402325-0530082-20211229@132545-Eden.fts [TYPE] LIGHT [OBJ] 2MASS_J04402325-0530082 [RA] 04 40 23.2761 [Dec] -05 30 08.1291 [FIL] GG495 [EXPTIME] 30.0 [Date] 2021-12-29T13:25:45 [Time] 13:25:45
101/266 2MASS_J04402325-0530082-20211229@132631-Eden.fts [TYPE] LIGHT [OBJ] 2MASS_J04402325-0530082 [RA] 04 40 23.2761 [Dec] -05 30 08.1291 [FIL] GG495 [EXPTIME] 30.0 [Date] 2021-12-29T13:26:31 [Time] 13:26:31
102/266 2MASS_J04402325-0530082-20211229@132717-Eden.fts [TYPE] LIGHT [OBJ] 2MASS_J04402325-0530082 [RA] 04 40 23.2761 [Dec] -05 30 08.1291 [FIL] GG495 [EXPTIME] 30.0 [Date] 2021-12-29T13:27:17 [Time] 13:27:17
103/266 2MASS_J04402325-0530082-20211229@132803-Eden.fts [TYPE] LIGHT [OBJ] 2MASS_J04402325-0530082 [RA] 04 40 23.2761 [Dec] -05 30 08.1291 [FIL] GG495 [EXPTIME] 30.0 [Date] 2021-12-29T13:28:03 [Time] 13:28:03
104/266 2MASS_J04402325-0530082-20211229@132849-Eden.fts [TYPE] LIGHT [OBJ] 2MASS_J04402325-0530082 [RA] 04 40 23.2761 [Dec] -05 30 08.1291 [FIL] GG495 [EXPTIME] 30.0 [Date] 2021-12-29T13:28:49 [Time] 13:28:49
105/266 2MASS_J04402325-0530082-20211229@132935-Eden.fts [TYPE] LIGHT [OBJ] 2MASS_J04402325-0530082 [RA] 04 40 23.2761 [Dec] -05 30 08.1291 [FIL] GG495 [EXPTIME] 30.0 [Date] 2021-12-29T13:29:35 [Time] 13:29:35
106/266 2MASS_J04402325-0530082-20211229@133021-Eden.fts [TYPE] LIGHT [OBJ] 2MASS_J04402325-0530082 [RA] 04 40 23.2761 [Dec] -05 30 08.1291 [FIL] GG495 [EXPTIME] 30.0 [Date] 2021-12-29T13:30:21 [Time] 13:30:21
107/266 2MASS_J04402325-0530082-20211229@133107-Eden.fts [TYPE] LIGHT [OBJ] 2MASS_J04402325-0530082 [RA] 04 40 23.2761 [Dec] -05 30 08.1291 [FIL] GG495 [EXPTIME] 30.0 [Date] 2021-12-29T13:31:07 [Time] 13:31:07
108/266 2MASS_J04402325-0530082-20211229@133154-Eden.fts [TYPE] LIGHT [OBJ] 2MASS_J04402325-0530082 [RA] 04 40 23.2761 [Dec] -05 30 08.1291 [FIL] GG495 [EXPTIME] 30.0 [Date] 2021-12-29T13:31:54 [Time] 13:31:54
109/266 2MASS_J04402325-0530082-20211229@133238-Eden.fts [TYPE] LIGHT [OBJ] 2MASS_J04402325-0530082 [RA] 04 40 23.2761 [Dec] -05 30 08.1291 [FIL] GG495 [EXPTIME] 30.0 [Date] 2021-12-29T13:32:38 [Time] 13:32:38
110/266 2MASS_J04402325-0530082-20211229@133324-Eden.fts [TYPE] LIGHT [OBJ] 2MASS_J04402325-0530082 [RA] 04 40 23.2761 [Dec] -05 30 08.1291 [FIL] GG495 [EXPTIME] 30.0 [Date] 2021-12-29T13:33:24 [Time] 13:33:24
111/266 2MASS_J04402325-0530082-20211229@133409-Eden.fts [TYPE] LIGHT [OBJ] 2MASS_J04402325-0530082 [RA] 04 40 23.2761 [Dec] -05 30 08.1291 [FIL] GG495 [EXPTIME] 30.0 [Date] 2021-12-29T13:34:09 [Time] 13:34:09
112/266 2MASS_J04402325-0530082-20211229@133454-Eden.fts [TYPE] LIGHT [OBJ] 2MASS_J04402325-0530082 [RA] 04 40 23.2761 [Dec] -05 30 08.1291 [FIL] GG495 [EXPTIME] 30.0 [Date] 2021-12-29T13:34:54 [Time] 13:34:54
113/266 2MASS_J04402325-0530082-20211229@133540-Eden.fts [TYPE] LIGHT [OBJ] 2MASS_J04402325-0530082 [RA] 04 40 23.2761 [Dec] -05 30 08.1291 [FIL] GG495 [EXPTIME] 30.0 [Date] 2021-12-29T13:35:40 [Time] 13:35:40
114/266 2MASS_J04402325-0530082-20211229@133625-Eden.fts [TYPE] LIGHT [OBJ] 2MASS_J04402325-0530082 [RA] 04 40 23.2761 [Dec] -05 30 08.1291 [FIL] GG495 [EXPTIME] 30.0 [Date] 2021-12-29T13:36:25 [Time] 13:36:25
115/266 2MASS_J04402325-0530082-20211229@133711-Eden.fts [TYPE] LIGHT [OBJ] 2MASS_J04402325-0530082 [RA] 04 40 23.2761 [Dec] -05 30 08.1291 [FIL] GG495 [EXPTIME] 30.0 [Date] 2021-12-29T13:37:11 [Time] 13:37:11
116/266 2MASS_J04402325-0530082-20211229@133756-Eden.fts [TYPE] LIGHT [OBJ] 2MASS_J04402325-0530082 [RA] 04 40 23.2761 [Dec] -05 30 08.1291 [FIL] GG495 [EXPTIME] 30.0 [Date] 2021-12-29T13:37:56 [Time] 13:37:56
117/266 2MASS_J04402325-0530082-20211229@133843-Eden.fts [TYPE] LIGHT [OBJ] 2MASS_J04402325-0530082 [RA] 04 40 23.2761 [Dec] -05 30 08.1291 [FIL] GG495 [EXPTIME] 30.0 [Date] 2021-12-29T13:38:43 [Time] 13:38:43
118/266 2MASS_J04402325-0530082-20211229@133927-Eden.fts [TYPE] LIGHT [OBJ] 2MASS_J04402325-0530082 [RA] 04 40 23.2761 [Dec] -05 30 08.1291 [FIL] GG495 [EXPTIME] 30.0 [Date] 2021-12-29T13:39:27 [Time] 13:39:27
119/266 2MASS_J04402325-0530082-20211229@134014-Eden.fts [TYPE] LIGHT [OBJ] 2MASS_J04402325-0530082 [RA] 04 40 23.2761 [Dec] -05 30 08.1291 [FIL] GG495 [EXPTIME] 30.0 [Date] 2021-12-29T13:40:14 [Time] 13:40:14
120/266 2MASS_J04402325-0530082-20211229@134059-Eden.fts [TYPE] LIGHT [OBJ] 2MASS_J04402325-0530082 [RA] 04 40 23.2761 [Dec] -05 30 08.1291 [FIL] GG495 [EXPTIME] 30.0 [Date] 2021-12-29T13:40:59 [Time] 13:40:59
121/266 2MASS_J04402325-0530082-20211229@134145-Eden.fts [TYPE] LIGHT [OBJ] 2MASS_J04402325-0530082 [RA] 04 40 23.2761 [Dec] -05 30 08.1291 [FIL] GG495 [EXPTIME] 30.0 [Date] 2021-12-29T13:41:45 [Time] 13:41:45
122/266 2MASS_J04402325-0530082-20211229@134231-Eden.fts [TYPE] LIGHT [OBJ] 2MASS_J04402325-0530082 [RA] 04 40 23.2761 [Dec] -05 30 08.1291 [FIL] GG495 [EXPTIME] 30.0 [Date] 2021-12-29T13:42:31 [Time] 13:42:31
123/266 2MASS_J04402325-0530082-20211229@134317-Eden.fts [TYPE] LIGHT [OBJ] 2MASS_J04402325-0530082 [RA] 04 40 23.2761 [Dec] -05 30 08.1291 [FIL] GG495 [EXPTIME] 30.0 [Date] 2021-12-29T13:43:17 [Time] 13:43:17
124/266 2MASS_J04402325-0530082-20211229@134403-Eden.fts [TYPE] LIGHT [OBJ] 2MASS_J04402325-0530082 [RA] 04 40 23.2761 [Dec] -05 30 08.1291 [FIL] GG495 [EXPTIME] 30.0 [Date] 2021-12-29T13:44:03 [Time] 13:44:03
125/266 2MASS_J04402325-0530082-20211229@134449-Eden.fts [TYPE] LIGHT [OBJ] 2MASS_J04402325-0530082 [RA] 04 40 23.2761 [Dec] -05 30 08.1291 [FIL] GG495 [EXPTIME] 30.0 [Date] 2021-12-29T13:44:49 [Time] 13:44:49
126/266 2MASS_J04402325-0530082-20211229@134535-Eden.fts [TYPE] LIGHT [OBJ] 2MASS_J04402325-0530082 [RA] 04 40 23.2761 [Dec] -05 30 08.1291 [FIL] GG495 [EXPTIME] 30.0 [Date] 2021-12-29T13:45:35 [Time] 13:45:35
127/266 2MASS_J04402325-0530082-20211229@134622-Eden.fts [TYPE] LIGHT [OBJ] 2MASS_J04402325-0530082 [RA] 04 40 23.2761 [Dec] -05 30 08.1291 [FIL] GG495 [EXPTIME] 30.0 [Date] 2021-12-29T13:46:22 [Time] 13:46:22
128/266 2MASS_J04402325-0530082-20211229@134708-Eden.fts [TYPE] LIGHT [OBJ] 2MASS_J04402325-0530082 [RA] 04 40 23.2761 [Dec] -05 30 08.1291 [FIL] GG495 [EXPTIME] 30.0 [Date] 2021-12-29T13:47:08 [Time] 13:47:08
129/266 2MASS_J04402325-0530082-20211229@134753-Eden.fts [TYPE] LIGHT [OBJ] 2MASS_J04402325-0530082 [RA] 04 40 23.2761 [Dec] -05 30 08.1291 [FIL] GG495 [EXPTIME] 30.0 [Date] 2021-12-29T13:47:53 [Time] 13:47:53
130/266 2MASS_J04402325-0530082-20211229@134839-Eden.fts [TYPE] LIGHT [OBJ] 2MASS_J04402325-0530082 [RA] 04 40 23.2761 [Dec] -05 30 08.1291 [FIL] GG495 [EXPTIME] 30.0 [Date] 2021-12-29T13:48:39 [Time] 13:48:39
131/266 2MASS_J04402325-0530082-20211229@134925-Eden.fts [TYPE] LIGHT [OBJ] 2MASS_J04402325-0530082 [RA] 04 40 23.2761 [Dec] -05 30 08.1291 [FIL] GG495 [EXPTIME] 30.0 [Date] 2021-12-29T13:49:25 [Time] 13:49:25
132/266 2MASS_J04402325-0530082-20211229@135011-Eden.fts [TYPE] LIGHT [OBJ] 2MASS_J04402325-0530082 [RA] 04 40 23.2761 [Dec] -05 30 08.1291 [FIL] GG495 [EXPTIME] 30.0 [Date] 2021-12-29T13:50:11 [Time] 13:50:11
133/266 2MASS_J04402325-0530082-20211229@135057-Eden.fts [TYPE] LIGHT [OBJ] 2MASS_J04402325-0530082 [RA] 04 40 23.2761 [Dec] -05 30 08.1291 [FIL] GG495 [EXPTIME] 30.0 [Date] 2021-12-29T13:50:57 [Time] 13:50:57
134/266 2MASS_J04402325-0530082-20211229@135143-Eden.fts [TYPE] LIGHT [OBJ] 2MASS_J04402325-0530082 [RA] 04 40 23.2761 [Dec] -05 30 08.1291 [FIL] GG495 [EXPTIME] 30.0 [Date] 2021-12-29T13:51:43 [Time] 13:51:43
135/266 2MASS_J04402325-0530082-20211229@135229-Eden.fts [TYPE] LIGHT [OBJ] 2MASS_J04402325-0530082 [RA] 04 40 23.2761 [Dec] -05 30 08.1291 [FIL] GG495 [EXPTIME] 30.0 [Date] 2021-12-29T13:52:29 [Time] 13:52:29
136/266 2MASS_J04402325-0530082-20211229@135314-Eden.fts [TYPE] LIGHT [OBJ] 2MASS_J04402325-0530082 [RA] 04 40 23.2761 [Dec] -05 30 08.1291 [FIL] GG495 [EXPTIME] 30.0 [Date] 2021-12-29T13:53:14 [Time] 13:53:14
137/266 2MASS_J04402325-0530082-20211229@135359-Eden.fts [TYPE] LIGHT [OBJ] 2MASS_J04402325-0530082 [RA] 04 40 23.2761 [Dec] -05 30 08.1291 [FIL] GG495 [EXPTIME] 30.0 [Date] 2021-12-29T13:53:59 [Time] 13:53:59
138/266 2MASS_J04402325-0530082-20211229@135444-Eden.fts [TYPE] LIGHT [OBJ] 2MASS_J04402325-0530082 [RA] 04 40 23.2761 [Dec] -05 30 08.1291 [FIL] GG495 [EXPTIME] 30.0 [Date] 2021-12-29T13:54:44 [Time] 13:54:44
139/266 2MASS_J04402325-0530082-20211229@135530-Eden.fts [TYPE] LIGHT [OBJ] 2MASS_J04402325-0530082 [RA] 04 40 23.2761 [Dec] -05 30 08.1291 [FIL] GG495 [EXPTIME] 30.0 [Date] 2021-12-29T13:55:30 [Time] 13:55:30
140/266 2MASS_J04402325-0530082-20211229@135616-Eden.fts [TYPE] LIGHT [OBJ] 2MASS_J04402325-0530082 [RA] 04 40 23.2761 [Dec] -05 30 08.1291 [FIL] GG495 [EXPTIME] 30.0 [Date] 2021-12-29T13:56:16 [Time] 13:56:16
141/266 2MASS_J04402325-0530082-20211229@135701-Eden.fts [TYPE] LIGHT [OBJ] 2MASS_J04402325-0530082 [RA] 04 40 23.2761 [Dec] -05 30 08.1291 [FIL] GG495 [EXPTIME] 30.0 [Date] 2021-12-29T13:57:01 [Time] 13:57:01
142/266 2MASS_J04402325-0530082-20211229@135746-Eden.fts [TYPE] LIGHT [OBJ] 2MASS_J04402325-0530082 [RA] 04 40 23.2761 [Dec] -05 30 08.1291 [FIL] GG495 [EXPTIME] 30.0 [Date] 2021-12-29T13:57:46 [Time] 13:57:46
143/266 2MASS_J04402325-0530082-20211229@135832-Eden.fts [TYPE] LIGHT [OBJ] 2MASS_J04402325-0530082 [RA] 04 40 23.2761 [Dec] -05 30 08.1291 [FIL] GG495 [EXPTIME] 30.0 [Date] 2021-12-29T13:58:32 [Time] 13:58:32
144/266 2MASS_J04402325-0530082-20211229@135918-Eden.fts [TYPE] LIGHT [OBJ] 2MASS_J04402325-0530082 [RA] 04 40 23.2761 [Dec] -05 30 08.1291 [FIL] GG495 [EXPTIME] 30.0 [Date] 2021-12-29T13:59:18 [Time] 13:59:18
145/266 2MASS_J04402325-0530082-20211229@140004-Eden.fts [TYPE] LIGHT [OBJ] 2MASS_J04402325-0530082 [RA] 04 40 23.2761 [Dec] -05 30 08.1291 [FIL] GG495 [EXPTIME] 30.0 [Date] 2021-12-29T14:00:04 [Time] 14:00:04
146/266 2MASS_J04402325-0530082-20211229@140051-Eden.fts [TYPE] LIGHT [OBJ] 2MASS_J04402325-0530082 [RA] 04 40 23.2761 [Dec] -05 30 08.1291 [FIL] GG495 [EXPTIME] 30.0 [Date] 2021-12-29T14:00:51 [Time] 14:00:51
147/266 2MASS_J04402325-0530082-20211229@140137-Eden.fts [TYPE] LIGHT [OBJ] 2MASS_J04402325-0530082 [RA] 04 40 23.2761 [Dec] -05 30 08.1291 [FIL] GG495 [EXPTIME] 30.0 [Date] 2021-12-29T14:01:37 [Time] 14:01:37
148/266 2MASS_J04402325-0530082-20211229@140223-Eden.fts [TYPE] LIGHT [OBJ] 2MASS_J04402325-0530082 [RA] 04 40 23.2761 [Dec] -05 30 08.1291 [FIL] GG495 [EXPTIME] 30.0 [Date] 2021-12-29T14:02:23 [Time] 14:02:23
149/266 2MASS_J04402325-0530082-20211229@142251-Eden.fts [TYPE] LIGHT [OBJ] 2MASS_J04402325-0530082 [RA] 04 40 23.2761 [Dec] -05 30 08.1291 [FIL] GG495 [EXPTIME] 30.0 [Date] 2021-12-29T14:22:51 [Time] 14:22:51
150/266 2MASS_J04402325-0530082-20211229@142601-Eden.fts [TYPE] LIGHT [OBJ] 2MASS_J04402325-0530082 [RA] 04 40 23.2761 [Dec] -05 30 08.1291 [FIL] GG495 [EXPTIME] 30.0 [Date] 2021-12-29T14:26:01 [Time] 14:26:01
151/266 2MASS_J04402325-0530082-20211229@142647-Eden.fts [TYPE] LIGHT [OBJ] 2MASS_J04402325-0530082 [RA] 04 40 23.2761 [Dec] -05 30 08.1291 [FIL] GG495 [EXPTIME] 30.0 [Date] 2021-12-29T14:26:47 [Time] 14:26:47
152/266 2MASS_J04402325-0530082-20211229@142733-Eden.fts [TYPE] LIGHT [OBJ] 2MASS_J04402325-0530082 [RA] 04 40 23.2761 [Dec] -05 30 08.1291 [FIL] GG495 [EXPTIME] 30.0 [Date] 2021-12-29T14:27:33 [Time] 14:27:33
153/266 2MASS_J04402325-0530082-20211229@142820-Eden.fts [TYPE] LIGHT [OBJ] 2MASS_J04402325-0530082 [RA] 04 40 23.2761 [Dec] -05 30 08.1291 [FIL] GG495 [EXPTIME] 30.0 [Date] 2021-12-29T14:28:20 [Time] 14:28:20
154/266 2MASS_J04402325-0530082-20211229@142906-Eden.fts [TYPE] LIGHT [OBJ] 2MASS_J04402325-0530082 [RA] 04 40 23.2761 [Dec] -05 30 08.1291 [FIL] GG495 [EXPTIME] 30.0 [Date] 2021-12-29T14:29:06 [Time] 14:29:06
155/266 2MASS_J04402325-0530082-20211229@142953-Eden.fts [TYPE] LIGHT [OBJ] 2MASS_J04402325-0530082 [RA] 04 40 23.2761 [Dec] -05 30 08.1291 [FIL] GG495 [EXPTIME] 30.0 [Date] 2021-12-29T14:29:53 [Time] 14:29:53
156/266 2MASS_J04402325-0530082-20211229@143041-Eden.fts [TYPE] LIGHT [OBJ] 2MASS_J04402325-0530082 [RA] 04 40 23.2761 [Dec] -05 30 08.1291 [FIL] GG495 [EXPTIME] 30.0 [Date] 2021-12-29T14:30:41 [Time] 14:30:41
157/266 2MASS_J04402325-0530082-20211229@143126-Eden.fts [TYPE] LIGHT [OBJ] 2MASS_J04402325-0530082 [RA] 04 40 23.2761 [Dec] -05 30 08.1291 [FIL] GG495 [EXPTIME] 30.0 [Date] 2021-12-29T14:31:26 [Time] 14:31:26
158/266 2MASS_J04402325-0530082-20211229@143212-Eden.fts [TYPE] LIGHT [OBJ] 2MASS_J04402325-0530082 [RA] 04 40 23.2761 [Dec] -05 30 08.1291 [FIL] GG495 [EXPTIME] 30.0 [Date] 2021-12-29T14:32:12 [Time] 14:32:12
159/266 2MASS_J04402325-0530082-20211229@143300-Eden.fts [TYPE] LIGHT [OBJ] 2MASS_J04402325-0530082 [RA] 04 40 23.2761 [Dec] -05 30 08.1291 [FIL] GG495 [EXPTIME] 30.0 [Date] 2021-12-29T14:33:00 [Time] 14:33:00
160/266 2MASS_J04402325-0530082-20211229@143345-Eden.fts [TYPE] LIGHT [OBJ] 2MASS_J04402325-0530082 [RA] 04 40 23.2761 [Dec] -05 30 08.1291 [FIL] GG495 [EXPTIME] 30.0 [Date] 2021-12-29T14:33:45 [Time] 14:33:45
161/266 2MASS_J04402325-0530082-20211229@143432-Eden.fts [TYPE] LIGHT [OBJ] 2MASS_J04402325-0530082 [RA] 04 40 23.2761 [Dec] -05 30 08.1291 [FIL] GG495 [EXPTIME] 30.0 [Date] 2021-12-29T14:34:32 [Time] 14:34:32
162/266 2MASS_J04402325-0530082-20211229@143519-Eden.fts [TYPE] LIGHT [OBJ] 2MASS_J04402325-0530082 [RA] 04 40 23.2761 [Dec] -05 30 08.1291 [FIL] GG495 [EXPTIME] 30.0 [Date] 2021-12-29T14:35:19 [Time] 14:35:19
163/266 2MASS_J04402325-0530082-20211229@143606-Eden.fts [TYPE] LIGHT [OBJ] 2MASS_J04402325-0530082 [RA] 04 40 23.2761 [Dec] -05 30 08.1291 [FIL] GG495 [EXPTIME] 30.0 [Date] 2021-12-29T14:36:06 [Time] 14:36:06
164/266 2MASS_J04402325-0530082-20211229@143654-Eden.fts [TYPE] LIGHT [OBJ] 2MASS_J04402325-0530082 [RA] 04 40 23.2761 [Dec] -05 30 08.1291 [FIL] GG495 [EXPTIME] 30.0 [Date] 2021-12-29T14:36:54 [Time] 14:36:54
165/266 2MASS_J04402325-0530082-20211229@143740-Eden.fts [TYPE] LIGHT [OBJ] 2MASS_J04402325-0530082 [RA] 04 40 23.2761 [Dec] -05 30 08.1291 [FIL] GG495 [EXPTIME] 30.0 [Date] 2021-12-29T14:37:40 [Time] 14:37:40
166/266 2MASS_J04402325-0530082-20211229@143826-Eden.fts [TYPE] LIGHT [OBJ] 2MASS_J04402325-0530082 [RA] 04 40 23.2761 [Dec] -05 30 08.1291 [FIL] GG495 [EXPTIME] 30.0 [Date] 2021-12-29T14:38:26 [Time] 14:38:26
167/266 2MASS_J04402325-0530082-20211229@143913-Eden.fts [TYPE] LIGHT [OBJ] 2MASS_J04402325-0530082 [RA] 04 40 23.2761 [Dec] -05 30 08.1291 [FIL] GG495 [EXPTIME] 30.0 [Date] 2021-12-29T14:39:13 [Time] 14:39:13
168/266 2MASS_J04402325-0530082-20211229@144000-Eden.fts [TYPE] LIGHT [OBJ] 2MASS_J04402325-0530082 [RA] 04 40 23.2761 [Dec] -05 30 08.1291 [FIL] GG495 [EXPTIME] 30.0 [Date] 2021-12-29T14:40:00 [Time] 14:40:00
169/266 2MASS_J04402325-0530082-20211229@144046-Eden.fts [TYPE] LIGHT [OBJ] 2MASS_J04402325-0530082 [RA] 04 40 23.2761 [Dec] -05 30 08.1291 [FIL] GG495 [EXPTIME] 30.0 [Date] 2021-12-29T14:40:46 [Time] 14:40:46
170/266 2MASS_J04402325-0530082-20211229@144132-Eden.fts [TYPE] LIGHT [OBJ] 2MASS_J04402325-0530082 [RA] 04 40 23.2761 [Dec] -05 30 08.1291 [FIL] GG495 [EXPTIME] 30.0 [Date] 2021-12-29T14:41:32 [Time] 14:41:32
171/266 2MASS_J04402325-0530082-20211229@144219-Eden.fts [TYPE] LIGHT [OBJ] 2MASS_J04402325-0530082 [RA] 04 40 23.2761 [Dec] -05 30 08.1291 [FIL] GG495 [EXPTIME] 30.0 [Date] 2021-12-29T14:42:19 [Time] 14:42:19
172/266 2MASS_J04402325-0530082-20211229@144308-Eden.fts [TYPE] LIGHT [OBJ] 2MASS_J04402325-0530082 [RA] 04 40 23.2761 [Dec] -05 30 08.1291 [FIL] GG495 [EXPTIME] 30.0 [Date] 2021-12-29T14:43:08 [Time] 14:43:08
173/266 2MASS_J04402325-0530082-20211229@144355-Eden.fts [TYPE] LIGHT [OBJ] 2MASS_J04402325-0530082 [RA] 04 40 23.2761 [Dec] -05 30 08.1291 [FIL] GG495 [EXPTIME] 30.0 [Date] 2021-12-29T14:43:55 [Time] 14:43:55
174/266 2MASS_J04402325-0530082-20211229@144440-Eden.fts [TYPE] LIGHT [OBJ] 2MASS_J04402325-0530082 [RA] 04 40 23.2761 [Dec] -05 30 08.1291 [FIL] GG495 [EXPTIME] 30.0 [Date] 2021-12-29T14:44:40 [Time] 14:44:40
175/266 2MASS_J04402325-0530082-20211229@144527-Eden.fts [TYPE] LIGHT [OBJ] 2MASS_J04402325-0530082 [RA] 04 40 23.2761 [Dec] -05 30 08.1291 [FIL] GG495 [EXPTIME] 30.0 [Date] 2021-12-29T14:45:27 [Time] 14:45:27
176/266 2MASS_J04402325-0530082-20211229@144616-Eden.fts [TYPE] LIGHT [OBJ] 2MASS_J04402325-0530082 [RA] 04 40 23.2761 [Dec] -05 30 08.1291 [FIL] GG495 [EXPTIME] 30.0 [Date] 2021-12-29T14:46:16 [Time] 14:46:16
177/266 2MASS_J04402325-0530082-20211229@144704-Eden.fts [TYPE] LIGHT [OBJ] 2MASS_J04402325-0530082 [RA] 04 40 23.2761 [Dec] -05 30 08.1291 [FIL] GG495 [EXPTIME] 30.0 [Date] 2021-12-29T14:47:04 [Time] 14:47:04
178/266 2MASS_J04402325-0530082-20211229@144751-Eden.fts [TYPE] LIGHT [OBJ] 2MASS_J04402325-0530082 [RA] 04 40 23.2761 [Dec] -05 30 08.1291 [FIL] GG495 [EXPTIME] 30.0 [Date] 2021-12-29T14:47:51 [Time] 14:47:51
179/266 2MASS_J04402325-0530082-20211229@144838-Eden.fts [TYPE] LIGHT [OBJ] 2MASS_J04402325-0530082 [RA] 04 40 23.2761 [Dec] -05 30 08.1291 [FIL] GG495 [EXPTIME] 30.0 [Date] 2021-12-29T14:48:38 [Time] 14:48:38
180/266 2MASS_J04402325-0530082-20211229@144925-Eden.fts [TYPE] LIGHT [OBJ] 2MASS_J04402325-0530082 [RA] 04 40 23.2761 [Dec] -05 30 08.1291 [FIL] GG495 [EXPTIME] 30.0 [Date] 2021-12-29T14:49:25 [Time] 14:49:25
181/266 2MASS_J04402325-0530082-20211229@145012-Eden.fts [TYPE] LIGHT [OBJ] 2MASS_J04402325-0530082 [RA] 04 40 23.2761 [Dec] -05 30 08.1291 [FIL] GG495 [EXPTIME] 30.0 [Date] 2021-12-29T14:50:12 [Time] 14:50:12
182/266 2MASS_J04402325-0530082-20211229@145058-Eden.fts [TYPE] LIGHT [OBJ] 2MASS_J04402325-0530082 [RA] 04 40 23.2761 [Dec] -05 30 08.1291 [FIL] GG495 [EXPTIME] 30.0 [Date] 2021-12-29T14:50:58 [Time] 14:50:58
183/266 2MASS_J04402325-0530082-20211229@145145-Eden.fts [TYPE] LIGHT [OBJ] 2MASS_J04402325-0530082 [RA] 04 40 23.2761 [Dec] -05 30 08.1291 [FIL] GG495 [EXPTIME] 30.0 [Date] 2021-12-29T14:51:45 [Time] 14:51:45
184/266 2MASS_J04402325-0530082-20211229@145232-Eden.fts [TYPE] LIGHT [OBJ] 2MASS_J04402325-0530082 [RA] 04 40 23.2761 [Dec] -05 30 08.1291 [FIL] GG495 [EXPTIME] 30.0 [Date] 2021-12-29T14:52:32 [Time] 14:52:32
185/266 2MASS_J04402325-0530082-20211229@145319-Eden.fts [TYPE] LIGHT [OBJ] 2MASS_J04402325-0530082 [RA] 04 40 23.2761 [Dec] -05 30 08.1291 [FIL] GG495 [EXPTIME] 30.0 [Date] 2021-12-29T14:53:19 [Time] 14:53:19
186/266 2MASS_J04402325-0530082-20211229@145405-Eden.fts [TYPE] LIGHT [OBJ] 2MASS_J04402325-0530082 [RA] 04 40 23.2761 [Dec] -05 30 08.1291 [FIL] GG495 [EXPTIME] 30.0 [Date] 2021-12-29T14:54:05 [Time] 14:54:05
187/266 2MASS_J04402325-0530082-20211229@145451-Eden.fts [TYPE] LIGHT [OBJ] 2MASS_J04402325-0530082 [RA] 04 40 23.2761 [Dec] -05 30 08.1291 [FIL] GG495 [EXPTIME] 30.0 [Date] 2021-12-29T14:54:51 [Time] 14:54:51
188/266 2MASS_J04402325-0530082-20211229@145538-Eden.fts [TYPE] LIGHT [OBJ] 2MASS_J04402325-0530082 [RA] 04 40 23.2761 [Dec] -05 30 08.1291 [FIL] GG495 [EXPTIME] 30.0 [Date] 2021-12-29T14:55:38 [Time] 14:55:38
189/266 2MASS_J04402325-0530082-20211229@145624-Eden.fts [TYPE] LIGHT [OBJ] 2MASS_J04402325-0530082 [RA] 04 40 23.2761 [Dec] -05 30 08.1291 [FIL] GG495 [EXPTIME] 30.0 [Date] 2021-12-29T14:56:24 [Time] 14:56:24
190/266 2MASS_J04402325-0530082-20211229@145711-Eden.fts [TYPE] LIGHT [OBJ] 2MASS_J04402325-0530082 [RA] 04 40 23.2761 [Dec] -05 30 08.1291 [FIL] GG495 [EXPTIME] 30.0 [Date] 2021-12-29T14:57:11 [Time] 14:57:11
191/266 2MASS_J04402325-0530082-20211229@145759-Eden.fts [TYPE] LIGHT [OBJ] 2MASS_J04402325-0530082 [RA] 04 40 23.2761 [Dec] -05 30 08.1291 [FIL] GG495 [EXPTIME] 30.0 [Date] 2021-12-29T14:57:59 [Time] 14:57:59
192/266 2MASS_J04402325-0530082-20211229@145845-Eden.fts [TYPE] LIGHT [OBJ] 2MASS_J04402325-0530082 [RA] 04 40 23.2761 [Dec] -05 30 08.1291 [FIL] GG495 [EXPTIME] 30.0 [Date] 2021-12-29T14:58:45 [Time] 14:58:45
193/266 2MASS_J04402325-0530082-20211229@145933-Eden.fts [TYPE] LIGHT [OBJ] 2MASS_J04402325-0530082 [RA] 04 40 23.2761 [Dec] -05 30 08.1291 [FIL] GG495 [EXPTIME] 30.0 [Date] 2021-12-29T14:59:33 [Time] 14:59:33
194/266 2MASS_J04402325-0530082-20211229@150021-Eden.fts [TYPE] LIGHT [OBJ] 2MASS_J04402325-0530082 [RA] 04 40 23.2761 [Dec] -05 30 08.1291 [FIL] GG495 [EXPTIME] 30.0 [Date] 2021-12-29T15:00:21 [Time] 15:00:21
195/266 2MASS_J04402325-0530082-20211229@150109-Eden.fts [TYPE] LIGHT [OBJ] 2MASS_J04402325-0530082 [RA] 04 40 23.2761 [Dec] -05 30 08.1291 [FIL] GG495 [EXPTIME] 30.0 [Date] 2021-12-29T15:01:09 [Time] 15:01:09
196/266 2MASS_J04402325-0530082-20211229@150157-Eden.fts [TYPE] LIGHT [OBJ] 2MASS_J04402325-0530082 [RA] 04 40 23.2761 [Dec] -05 30 08.1291 [FIL] GG495 [EXPTIME] 30.0 [Date] 2021-12-29T15:01:57 [Time] 15:01:57
197/266 2MASS_J04402325-0530082-20211229@150244-Eden.fts [TYPE] LIGHT [OBJ] 2MASS_J04402325-0530082 [RA] 04 40 23.2761 [Dec] -05 30 08.1291 [FIL] GG495 [EXPTIME] 30.0 [Date] 2021-12-29T15:02:44 [Time] 15:02:44
198/266 2MASS_J04402325-0530082-20211229@150331-Eden.fts [TYPE] LIGHT [OBJ] 2MASS_J04402325-0530082 [RA] 04 40 23.2761 [Dec] -05 30 08.1291 [FIL] GG495 [EXPTIME] 30.0 [Date] 2021-12-29T15:03:31 [Time] 15:03:31
199/266 2MASS_J04402325-0530082-20211229@150417-Eden.fts [TYPE] LIGHT [OBJ] 2MASS_J04402325-0530082 [RA] 04 40 23.2761 [Dec] -05 30 08.1291 [FIL] GG495 [EXPTIME] 30.0 [Date] 2021-12-29T15:04:17 [Time] 15:04:17
200/266 2MASS_J04402325-0530082-20211229@150504-Eden.fts [TYPE] LIGHT [OBJ] 2MASS_J04402325-0530082 [RA] 04 40 23.2761 [Dec] -05 30 08.1291 [FIL] GG495 [EXPTIME] 30.0 [Date] 2021-12-29T15:05:04 [Time] 15:05:04
201/266 2MASS_J04402325-0530082-20211229@150551-Eden.fts [TYPE] LIGHT [OBJ] 2MASS_J04402325-0530082 [RA] 04 40 23.2761 [Dec] -05 30 08.1291 [FIL] GG495 [EXPTIME] 30.0 [Date] 2021-12-29T15:05:51 [Time] 15:05:51
202/266 2MASS_J04402325-0530082-20211229@150639-Eden.fts [TYPE] LIGHT [OBJ] 2MASS_J04402325-0530082 [RA] 04 40 23.2761 [Dec] -05 30 08.1291 [FIL] GG495 [EXPTIME] 30.0 [Date] 2021-12-29T15:06:39 [Time] 15:06:39
203/266 2MASS_J04402325-0530082-20211229@150724-Eden.fts [TYPE] LIGHT [OBJ] 2MASS_J04402325-0530082 [RA] 04 40 23.2761 [Dec] -05 30 08.1291 [FIL] GG495 [EXPTIME] 30.0 [Date] 2021-12-29T15:07:24 [Time] 15:07:24
204/266 2MASS_J04402325-0530082-20211229@150811-Eden.fts [TYPE] LIGHT [OBJ] 2MASS_J04402325-0530082 [RA] 04 40 23.2761 [Dec] -05 30 08.1291 [FIL] GG495 [EXPTIME] 30.0 [Date] 2021-12-29T15:08:11 [Time] 15:08:11
205/266 2MASS_J04402325-0530082-20211229@150857-Eden.fts [TYPE] LIGHT [OBJ] 2MASS_J04402325-0530082 [RA] 04 40 23.2761 [Dec] -05 30 08.1291 [FIL] GG495 [EXPTIME] 30.0 [Date] 2021-12-29T15:08:57 [Time] 15:08:57
206/266 2MASS_J04402325-0530082-20211229@150944-Eden.fts [TYPE] LIGHT [OBJ] 2MASS_J04402325-0530082 [RA] 04 40 23.2761 [Dec] -05 30 08.1291 [FIL] GG495 [EXPTIME] 30.0 [Date] 2021-12-29T15:09:44 [Time] 15:09:44
207/266 2MASS_J04402325-0530082-20211229@151031-Eden.fts [TYPE] LIGHT [OBJ] 2MASS_J04402325-0530082 [RA] 04 40 23.2761 [Dec] -05 30 08.1291 [FIL] GG495 [EXPTIME] 30.0 [Date] 2021-12-29T15:10:31 [Time] 15:10:31
208/266 2MASS_J04402325-0530082-20211229@151117-Eden.fts [TYPE] LIGHT [OBJ] 2MASS_J04402325-0530082 [RA] 04 40 23.2761 [Dec] -05 30 08.1291 [FIL] GG495 [EXPTIME] 30.0 [Date] 2021-12-29T15:11:17 [Time] 15:11:17
209/266 2MASS_J04402325-0530082-20211229@151203-Eden.fts [TYPE] LIGHT [OBJ] 2MASS_J04402325-0530082 [RA] 04 40 23.2761 [Dec] -05 30 08.1291 [FIL] GG495 [EXPTIME] 30.0 [Date] 2021-12-29T15:12:03 [Time] 15:12:03
210/266 2MASS_J04402325-0530082-20211229@151250-Eden.fts [TYPE] LIGHT [OBJ] 2MASS_J04402325-0530082 [RA] 04 40 23.2761 [Dec] -05 30 08.1291 [FIL] GG495 [EXPTIME] 30.0 [Date] 2021-12-29T15:12:50 [Time] 15:12:50
211/266 2MASS_J04402325-0530082-20211229@151337-Eden.fts [TYPE] LIGHT [OBJ] 2MASS_J04402325-0530082 [RA] 04 40 23.2761 [Dec] -05 30 08.1291 [FIL] GG495 [EXPTIME] 30.0 [Date] 2021-12-29T15:13:37 [Time] 15:13:37
212/266 2MASS_J04402325-0530082-20211229@151425-Eden.fts [TYPE] LIGHT [OBJ] 2MASS_J04402325-0530082 [RA] 04 40 23.2761 [Dec] -05 30 08.1291 [FIL] GG495 [EXPTIME] 30.0 [Date] 2021-12-29T15:14:25 [Time] 15:14:25
213/266 2MASS_J04402325-0530082-20211229@151511-Eden.fts [TYPE] LIGHT [OBJ] 2MASS_J04402325-0530082 [RA] 04 40 23.2761 [Dec] -05 30 08.1291 [FIL] GG495 [EXPTIME] 30.0 [Date] 2021-12-29T15:15:11 [Time] 15:15:11
214/266 2MASS_J04402325-0530082-20211229@151558-Eden.fts [TYPE] LIGHT [OBJ] 2MASS_J04402325-0530082 [RA] 04 40 23.2761 [Dec] -05 30 08.1291 [FIL] GG495 [EXPTIME] 30.0 [Date] 2021-12-29T15:15:58 [Time] 15:15:58
215/266 2MASS_J04402325-0530082-20211229@151644-Eden.fts [TYPE] LIGHT [OBJ] 2MASS_J04402325-0530082 [RA] 04 40 23.2761 [Dec] -05 30 08.1291 [FIL] GG495 [EXPTIME] 30.0 [Date] 2021-12-29T15:16:44 [Time] 15:16:44
216/266 2MASS_J04402325-0530082-20211229@151731-Eden.fts [TYPE] LIGHT [OBJ] 2MASS_J04402325-0530082 [RA] 04 40 23.2761 [Dec] -05 30 08.1291 [FIL] GG495 [EXPTIME] 30.0 [Date] 2021-12-29T15:17:31 [Time] 15:17:31
217/266 2MASS_J04402325-0530082-20211229@151819-Eden.fts [TYPE] LIGHT [OBJ] 2MASS_J04402325-0530082 [RA] 04 40 23.2761 [Dec] -05 30 08.1291 [FIL] GG495 [EXPTIME] 30.0 [Date] 2021-12-29T15:18:19 [Time] 15:18:19
218/266 2MASS_J04402325-0530082-20211229@151905-Eden.fts [TYPE] LIGHT [OBJ] 2MASS_J04402325-0530082 [RA] 04 40 23.2761 [Dec] -05 30 08.1291 [FIL] GG495 [EXPTIME] 30.0 [Date] 2021-12-29T15:19:05 [Time] 15:19:05
219/266 2MASS_J04402325-0530082-20211229@151951-Eden.fts [TYPE] LIGHT [OBJ] 2MASS_J04402325-0530082 [RA] 04 40 23.2761 [Dec] -05 30 08.1291 [FIL] GG495 [EXPTIME] 30.0 [Date] 2021-12-29T15:19:51 [Time] 15:19:51
220/266 2MASS_J04402325-0530082-20211229@152037-Eden.fts [TYPE] LIGHT [OBJ] 2MASS_J04402325-0530082 [RA] 04 40 23.2761 [Dec] -05 30 08.1291 [FIL] GG495 [EXPTIME] 30.0 [Date] 2021-12-29T15:20:37 [Time] 15:20:37
221/266 2MASS_J04402325-0530082-20211229@152124-Eden.fts [TYPE] LIGHT [OBJ] 2MASS_J04402325-0530082 [RA] 04 40 23.2761 [Dec] -05 30 08.1291 [FIL] GG495 [EXPTIME] 30.0 [Date] 2021-12-29T15:21:24 [Time] 15:21:24
222/266 2MASS_J04402325-0530082-20211229@152210-Eden.fts [TYPE] LIGHT [OBJ] 2MASS_J04402325-0530082 [RA] 04 40 23.2761 [Dec] -05 30 08.1291 [FIL] GG495 [EXPTIME] 30.0 [Date] 2021-12-29T15:22:10 [Time] 15:22:10
223/266 2MASS_J04402325-0530082-20211229@152257-Eden.fts [TYPE] LIGHT [OBJ] 2MASS_J04402325-0530082 [RA] 04 40 23.2761 [Dec] -05 30 08.1291 [FIL] GG495 [EXPTIME] 30.0 [Date] 2021-12-29T15:22:57 [Time] 15:22:57
224/266 2MASS_J04402325-0530082-20211229@152344-Eden.fts [TYPE] LIGHT [OBJ] 2MASS_J04402325-0530082 [RA] 04 40 23.2761 [Dec] -05 30 08.1291 [FIL] GG495 [EXPTIME] 30.0 [Date] 2021-12-29T15:23:44 [Time] 15:23:44
225/266 2MASS_J04402325-0530082-20211229@152430-Eden.fts [TYPE] LIGHT [OBJ] 2MASS_J04402325-0530082 [RA] 04 40 23.2761 [Dec] -05 30 08.1291 [FIL] GG495 [EXPTIME] 30.0 [Date] 2021-12-29T15:24:30 [Time] 15:24:30
226/266 2MASS_J04402325-0530082-20211229@152517-Eden.fts [TYPE] LIGHT [OBJ] 2MASS_J04402325-0530082 [RA] 04 40 23.2761 [Dec] -05 30 08.1291 [FIL] GG495 [EXPTIME] 30.0 [Date] 2021-12-29T15:25:17 [Time] 15:25:17
227/266 2MASS_J04402325-0530082-20211229@152604-Eden.fts [TYPE] LIGHT [OBJ] 2MASS_J04402325-0530082 [RA] 04 40 23.2761 [Dec] -05 30 08.1291 [FIL] GG495 [EXPTIME] 30.0 [Date] 2021-12-29T15:26:04 [Time] 15:26:04
228/266 2MASS_J04402325-0530082-20211229@152651-Eden.fts [TYPE] LIGHT [OBJ] 2MASS_J04402325-0530082 [RA] 04 40 23.2761 [Dec] -05 30 08.1291 [FIL] GG495 [EXPTIME] 30.0 [Date] 2021-12-29T15:26:51 [Time] 15:26:51
229/266 2MASS_J04402325-0530082-20211229@152738-Eden.fts [TYPE] LIGHT [OBJ] 2MASS_J04402325-0530082 [RA] 04 40 23.2761 [Dec] -05 30 08.1291 [FIL] GG495 [EXPTIME] 30.0 [Date] 2021-12-29T15:27:38 [Time] 15:27:38
230/266 2MASS_J04402325-0530082-20211229@152824-Eden.fts [TYPE] LIGHT [OBJ] 2MASS_J04402325-0530082 [RA] 04 40 23.2761 [Dec] -05 30 08.1291 [FIL] GG495 [EXPTIME] 30.0 [Date] 2021-12-29T15:28:24 [Time] 15:28:24
231/266 2MASS_J04402325-0530082-20211229@152912-Eden.fts [TYPE] LIGHT [OBJ] 2MASS_J04402325-0530082 [RA] 04 40 23.2761 [Dec] -05 30 08.1291 [FIL] GG495 [EXPTIME] 30.0 [Date] 2021-12-29T15:29:12 [Time] 15:29:12
232/266 2MASS_J04402325-0530082-20211229@152959-Eden.fts [TYPE] LIGHT [OBJ] 2MASS_J04402325-0530082 [RA] 04 40 23.2761 [Dec] -05 30 08.1291 [FIL] GG495 [EXPTIME] 30.0 [Date] 2021-12-29T15:29:59 [Time] 15:29:59
233/266 2MASS_J04402325-0530082-20211229@153046-Eden.fts [TYPE] LIGHT [OBJ] 2MASS_J04402325-0530082 [RA] 04 40 23.2761 [Dec] -05 30 08.1291 [FIL] GG495 [EXPTIME] 30.0 [Date] 2021-12-29T15:30:46 [Time] 15:30:46
234/266 2MASS_J04402325-0530082-20211229@153133-Eden.fts [TYPE] LIGHT [OBJ] 2MASS_J04402325-0530082 [RA] 04 40 23.2761 [Dec] -05 30 08.1291 [FIL] GG495 [EXPTIME] 30.0 [Date] 2021-12-29T15:31:33 [Time] 15:31:33
235/266 2MASS_J04402325-0530082-20211229@153220-Eden.fts [TYPE] LIGHT [OBJ] 2MASS_J04402325-0530082 [RA] 04 40 23.2761 [Dec] -05 30 08.1291 [FIL] GG495 [EXPTIME] 30.0 [Date] 2021-12-29T15:32:20 [Time] 15:32:20
236/266 2MASS_J04402325-0530082-20211229@153307-Eden.fts [TYPE] LIGHT [OBJ] 2MASS_J04402325-0530082 [RA] 04 40 23.2761 [Dec] -05 30 08.1291 [FIL] GG495 [EXPTIME] 30.0 [Date] 2021-12-29T15:33:07 [Time] 15:33:07
237/266 2MASS_J04402325-0530082-20211229@153353-Eden.fts [TYPE] LIGHT [OBJ] 2MASS_J04402325-0530082 [RA] 04 40 23.2761 [Dec] -05 30 08.1291 [FIL] GG495 [EXPTIME] 30.0 [Date] 2021-12-29T15:33:53 [Time] 15:33:53
238/266 2MASS_J04402325-0530082-20211229@153440-Eden.fts [TYPE] LIGHT [OBJ] 2MASS_J04402325-0530082 [RA] 04 40 23.2761 [Dec] -05 30 08.1291 [FIL] GG495 [EXPTIME] 30.0 [Date] 2021-12-29T15:34:40 [Time] 15:34:40
239/266 2MASS_J04402325-0530082-20211229@153527-Eden.fts [TYPE] LIGHT [OBJ] 2MASS_J04402325-0530082 [RA] 04 40 23.2761 [Dec] -05 30 08.1291 [FIL] GG495 [EXPTIME] 30.0 [Date] 2021-12-29T15:35:27 [Time] 15:35:27
240/266 2MASS_J04402325-0530082-20211229@153614-Eden.fts [TYPE] LIGHT [OBJ] 2MASS_J04402325-0530082 [RA] 04 40 23.2761 [Dec] -05 30 08.1291 [FIL] GG495 [EXPTIME] 30.0 [Date] 2021-12-29T15:36:14 [Time] 15:36:14
241/266 2MASS_J04402325-0530082-20211229@153701-Eden.fts [TYPE] LIGHT [OBJ] 2MASS_J04402325-0530082 [RA] 04 40 23.2761 [Dec] -05 30 08.1291 [FIL] GG495 [EXPTIME] 30.0 [Date] 2021-12-29T15:37:01 [Time] 15:37:01
242/266 2MASS_J04402325-0530082-20211229@153746-Eden.fts [TYPE] LIGHT [OBJ] 2MASS_J04402325-0530082 [RA] 04 40 23.2761 [Dec] -05 30 08.1291 [FIL] GG495 [EXPTIME] 30.0 [Date] 2021-12-29T15:37:46 [Time] 15:37:46
243/266 2MASS_J04402325-0530082-20211229@153830-Eden.fts [TYPE] LIGHT [OBJ] 2MASS_J04402325-0530082 [RA] 04 40 23.2761 [Dec] -05 30 08.1291 [FIL] GG495 [EXPTIME] 30.0 [Date] 2021-12-29T15:38:30 [Time] 15:38:30
244/266 2MASS_J04402325-0530082-20211229@153915-Eden.fts [TYPE] LIGHT [OBJ] 2MASS_J04402325-0530082 [RA] 04 40 23.2761 [Dec] -05 30 08.1291 [FIL] GG495 [EXPTIME] 30.0 [Date] 2021-12-29T15:39:15 [Time] 15:39:15
245/266 2MASS_J04402325-0530082-20211229@153959-Eden.fts [TYPE] LIGHT [OBJ] 2MASS_J04402325-0530082 [RA] 04 40 23.2761 [Dec] -05 30 08.1291 [FIL] GG495 [EXPTIME] 30.0 [Date] 2021-12-29T15:39:59 [Time] 15:39:59
246/266 2MASS_J04402325-0530082-20211229@154043-Eden.fts [TYPE] LIGHT [OBJ] 2MASS_J04402325-0530082 [RA] 04 40 23.2761 [Dec] -05 30 08.1291 [FIL] GG495 [EXPTIME] 30.0 [Date] 2021-12-29T15:40:43 [Time] 15:40:43
247/266 2MASS_J04402325-0530082-20211229@154126-Eden.fts [TYPE] LIGHT [OBJ] 2MASS_J04402325-0530082 [RA] 04 40 23.2761 [Dec] -05 30 08.1291 [FIL] GG495 [EXPTIME] 30.0 [Date] 2021-12-29T15:41:26 [Time] 15:41:26
248/266 2MASS_J04402325-0530082-20211229@154211-Eden.fts [TYPE] LIGHT [OBJ] 2MASS_J04402325-0530082 [RA] 04 40 23.2761 [Dec] -05 30 08.1291 [FIL] GG495 [EXPTIME] 30.0 [Date] 2021-12-29T15:42:11 [Time] 15:42:11
249/266 2MASS_J04402325-0530082-20211229@154256-Eden.fts [TYPE] LIGHT [OBJ] 2MASS_J04402325-0530082 [RA] 04 40 23.2761 [Dec] -05 30 08.1291 [FIL] GG495 [EXPTIME] 30.0 [Date] 2021-12-29T15:42:56 [Time] 15:42:56
250/266 2MASS_J04402325-0530082-20211229@154339-Eden.fts [TYPE] LIGHT [OBJ] 2MASS_J04402325-0530082 [RA] 04 40 23.2761 [Dec] -05 30 08.1291 [FIL] GG495 [EXPTIME] 30.0 [Date] 2021-12-29T15:43:39 [Time] 15:43:39
251/266 2MASS_J04402325-0530082-20211229@154423-Eden.fts [TYPE] LIGHT [OBJ] 2MASS_J04402325-0530082 [RA] 04 40 23.2761 [Dec] -05 30 08.1291 [FIL] GG495 [EXPTIME] 30.0 [Date] 2021-12-29T15:44:23 [Time] 15:44:23
252/266 2MASS_J04402325-0530082-20211229@154507-Eden.fts [TYPE] LIGHT [OBJ] 2MASS_J04402325-0530082 [RA] 04 40 23.2761 [Dec] -05 30 08.1291 [FIL] GG495 [EXPTIME] 30.0 [Date] 2021-12-29T15:45:07 [Time] 15:45:07
253/266 2MASS_J04402325-0530082-20211229@154552-Eden.fts [TYPE] LIGHT [OBJ] 2MASS_J04402325-0530082 [RA] 04 40 23.2761 [Dec] -05 30 08.1291 [FIL] GG495 [EXPTIME] 30.0 [Date] 2021-12-29T15:45:52 [Time] 15:45:52
254/266 2MASS_J04402325-0530082-20211229@154637-Eden.fts [TYPE] LIGHT [OBJ] 2MASS_J04402325-0530082 [RA] 04 40 23.2761 [Dec] -05 30 08.1291 [FIL] GG495 [EXPTIME] 30.0 [Date] 2021-12-29T15:46:37 [Time] 15:46:37
255/266 2MASS_J04402325-0530082-20211229@154722-Eden.fts [TYPE] LIGHT [OBJ] 2MASS_J04402325-0530082 [RA] 04 40 23.2761 [Dec] -05 30 08.1291 [FIL] GG495 [EXPTIME] 30.0 [Date] 2021-12-29T15:47:22 [Time] 15:47:22
256/266 2MASS_J04402325-0530082-20211229@154807-Eden.fts [TYPE] LIGHT [OBJ] 2MASS_J04402325-0530082 [RA] 04 40 23.2761 [Dec] -05 30 08.1291 [FIL] GG495 [EXPTIME] 30.0 [Date] 2021-12-29T15:48:07 [Time] 15:48:07
257/266 2MASS_J04402325-0530082-20211229@154851-Eden.fts [TYPE] LIGHT [OBJ] 2MASS_J04402325-0530082 [RA] 04 40 23.2761 [Dec] -05 30 08.1291 [FIL] GG495 [EXPTIME] 30.0 [Date] 2021-12-29T15:48:51 [Time] 15:48:51
258/266 2MASS_J04402325-0530082-20211229@154938-Eden.fts [TYPE] LIGHT [OBJ] 2MASS_J04402325-0530082 [RA] 04 40 23.2761 [Dec] -05 30 08.1291 [FIL] GG495 [EXPTIME] 30.0 [Date] 2021-12-29T15:49:38 [Time] 15:49:38
259/266 2MASS_J04402325-0530082-20211229@155022-Eden.fts [TYPE] LIGHT [OBJ] 2MASS_J04402325-0530082 [RA] 04 40 23.2761 [Dec] -05 30 08.1291 [FIL] GG495 [EXPTIME] 30.0 [Date] 2021-12-29T15:50:22 [Time] 15:50:22
260/266 2MASS_J04402325-0530082-20211229@155107-Eden.fts [TYPE] LIGHT [OBJ] 2MASS_J04402325-0530082 [RA] 04 40 23.2761 [Dec] -05 30 08.1291 [FIL] GG495 [EXPTIME] 30.0 [Date] 2021-12-29T15:51:07 [Time] 15:51:07
261/266 2MASS_J04402325-0530082-20211229@155151-Eden.fts [TYPE] LIGHT [OBJ] 2MASS_J04402325-0530082 [RA] 04 40 23.2761 [Dec] -05 30 08.1291 [FIL] GG495 [EXPTIME] 30.0 [Date] 2021-12-29T15:51:51 [Time] 15:51:51
262/266 2MASS_J04402325-0530082-20211229@155234-Eden.fts [TYPE] LIGHT [OBJ] 2MASS_J04402325-0530082 [RA] 04 40 23.2761 [Dec] -05 30 08.1291 [FIL] GG495 [EXPTIME] 30.0 [Date] 2021-12-29T15:52:34 [Time] 15:52:34
263/266 2MASS_J04402325-0530082-20211229@155318-Eden.fts [TYPE] LIGHT [OBJ] 2MASS_J04402325-0530082 [RA] 04 40 23.2761 [Dec] -05 30 08.1291 [FIL] GG495 [EXPTIME] 30.0 [Date] 2021-12-29T15:53:18 [Time] 15:53:18
264/266 2MASS_J04402325-0530082-20211229@155402-Eden.fts [TYPE] LIGHT [OBJ] 2MASS_J04402325-0530082 [RA] 04 40 23.2761 [Dec] -05 30 08.1291 [FIL] GG495 [EXPTIME] 30.0 [Date] 2021-12-29T15:54:02 [Time] 15:54:02
265/266 2MASS_J04402325-0530082-20211229@155446-Eden.fts [TYPE] LIGHT [OBJ] 2MASS_J04402325-0530082 [RA] 04 40 23.2761 [Dec] -05 30 08.1291 [FIL] GG495 [EXPTIME] 30.0 [Date] 2021-12-29T15:54:46 [Time] 15:54:46
266/266 2MASS_J04402325-0530082-20211229@155530-Eden.fts [TYPE] LIGHT [OBJ] 2MASS_J04402325-0530082 [RA] 04 40 23.2761 [Dec] -05 30 08.1291 [FIL] GG495 [EXPTIME] 30.0 [Date] 2021-12-29T15:55:30 [Time] 15:55:30
... write log file to LOT20211229_2MASS_J04402325-0530082_mod.log ...
... finish ...
