-----------------
input parameters
-----------------
['modify_header_eden.py', 'LOT20200617-LP_335-12', '19']
Your will modify header for: LP_335-12 [RA] 18 39 33.0748 [Dec] +29 52 16.4811 [Filter] GG495
---------------
folder: LOT20200617-LP_335-12
will update fits in: LOT20200617-LP_335-12_mod
 ---------------------------
 Exame Fits Header for Bias
 ---------------------------
find ./LOT20200617-LP_335-12/bias-dark/ | grep 'fits\|fts'|sort 
found 40 Bias/Dark
1/40 Bias-20200617@200621-000S.fts [TYPE] BIAS [EXPTIME] 0.0
2/40 Bias-20200617@200628-000S.fts [TYPE] BIAS [EXPTIME] 0.0
3/40 Bias-20200617@200636-000S.fts [TYPE] BIAS [EXPTIME] 0.0
4/40 Bias-20200617@200643-000S.fts [TYPE] BIAS [EXPTIME] 0.0
5/40 Bias-20200617@200650-000S.fts [TYPE] BIAS [EXPTIME] 0.0
6/40 Bias-20200617@200657-000S.fts [TYPE] BIAS [EXPTIME] 0.0
7/40 Bias-20200617@200705-000S.fts [TYPE] BIAS [EXPTIME] 0.0
8/40 Bias-20200617@200711-000S.fts [TYPE] BIAS [EXPTIME] 0.0
9/40 Bias-20200617@200718-000S.fts [TYPE] BIAS [EXPTIME] 0.0
10/40 Bias-20200617@200725-000S.fts [TYPE] BIAS [EXPTIME] 0.0
11/40 Dark-20200617@200733-005S.fts [TYPE] DARK [EXPTIME] 5.0
12/40 Dark-20200617@200745-005S.fts [TYPE] DARK [EXPTIME] 5.0
13/40 Dark-20200617@200756-005S.fts [TYPE] DARK [EXPTIME] 5.0
14/40 Dark-20200617@200808-005S.fts [TYPE] DARK [EXPTIME] 5.0
15/40 Dark-20200617@200821-005S.fts [TYPE] DARK [EXPTIME] 5.0
16/40 Dark-20200617@200833-005S.fts [TYPE] DARK [EXPTIME] 5.0
17/40 Dark-20200617@200845-005S.fts [TYPE] DARK [EXPTIME] 5.0
18/40 Dark-20200617@200856-005S.fts [TYPE] DARK [EXPTIME] 5.0
19/40 Dark-20200617@200908-005S.fts [TYPE] DARK [EXPTIME] 5.0
20/40 Dark-20200617@200919-005S.fts [TYPE] DARK [EXPTIME] 5.0
21/40 Dark-20200617@200932-060S.fts [TYPE] DARK [EXPTIME] 60.0
22/40 Dark-20200617@201040-060S.fts [TYPE] DARK [EXPTIME] 60.0
23/40 Dark-20200617@201147-060S.fts [TYPE] DARK [EXPTIME] 60.0
24/40 Dark-20200617@201254-060S.fts [TYPE] DARK [EXPTIME] 60.0
25/40 Dark-20200617@201401-060S.fts [TYPE] DARK [EXPTIME] 60.0
26/40 Dark-20200617@201508-060S.fts [TYPE] DARK [EXPTIME] 60.0
27/40 Dark-20200617@201615-060S.fts [TYPE] DARK [EXPTIME] 60.0
28/40 Dark-20200617@201722-060S.fts [TYPE] DARK [EXPTIME] 60.0
29/40 Dark-20200617@201830-060S.fts [TYPE] DARK [EXPTIME] 60.0
30/40 Dark-20200617@201936-060S.fts [TYPE] DARK [EXPTIME] 60.0
31/40 Dark-20200617@202044-300S.fts [TYPE] DARK [EXPTIME] 300.0
32/40 Dark-20200617@202551-300S.fts [TYPE] DARK [EXPTIME] 300.0
33/40 Dark-20200617@203057-300S.fts [TYPE] DARK [EXPTIME] 300.0
34/40 Dark-20200617@203604-300S.fts [TYPE] DARK [EXPTIME] 300.0
35/40 Dark-20200617@204111-300S.fts [TYPE] DARK [EXPTIME] 300.0
36/40 Dark-20200617@204619-300S.fts [TYPE] DARK [EXPTIME] 300.0
37/40 Dark-20200617@205126-300S.fts [TYPE] DARK [EXPTIME] 300.0
38/40 Dark-20200617@205634-300S.fts [TYPE] DARK [EXPTIME] 300.0
39/40 Dark-20200617@210141-300S.fts [TYPE] DARK [EXPTIME] 300.0
40/40 Dark-20200617@210648-300S.fts [TYPE] DARK [EXPTIME] 300.0
 ---------------------------
 Exame Fits Header for Flat
 ---------------------------
find ./LOT20200617-LP_335-12/ | grep flat/ |grep eden| grep -E 'fits|fts'|sort -t'-' -k2.4,2.6 
found 0 Flat
no files in ./flat/
 ---------------------------
 Exame Fits Header for Additional Dark for Flat
 ---------------------------
find ./LOT20200617-LP_335-12/ | grep flat/ |grep dark| grep -E 'fits|fts'|sort -t'-' -k2.4,2.6 
found 0 Additional Dark for Flat
no additional dark for flat in ./flat/
 ---------------------------
 Update Fits Header for Science Target
 ---------------------------
find ./LOT20200617-LP_335-12/wchen/ | cut -d / -f1-4| grep 'fits\|fts'  |sort -t'@' -k2
found 333 Target

... update header ...
1/333 LP_335-12-20200617@124247-Eden.fts [TYPE] LIGHT [OBJ] LP_335-12 [RA] 18 39 33.0748 [Dec] +29 52 16.4811 [FIL] GG495 [EXPTIME] 60.0 [Date] 2020-06-17T12:42:48 [Time] 12:42:48
2/333 LP_335-12-20200617@124401-Eden.fts [TYPE] LIGHT [OBJ] LP_335-12 [RA] 18 39 33.0748 [Dec] +29 52 16.4811 [FIL] GG495 [EXPTIME] 60.0 [Date] 2020-06-17T12:44:01 [Time] 12:44:01
3/333 LP_335-12-20200617@124512-Eden.fts [TYPE] LIGHT [OBJ] LP_335-12 [RA] 18 39 33.0748 [Dec] +29 52 16.4811 [FIL] GG495 [EXPTIME] 60.0 [Date] 2020-06-17T12:45:12 [Time] 12:45:12
4/333 LP_335-12-20200617@124625-Eden.fts [TYPE] LIGHT [OBJ] LP_335-12 [RA] 18 39 33.0748 [Dec] +29 52 16.4811 [FIL] GG495 [EXPTIME] 60.0 [Date] 2020-06-17T12:46:25 [Time] 12:46:25
5/333 LP_335-12-20200617@124738-Eden.fts [TYPE] LIGHT [OBJ] LP_335-12 [RA] 18 39 33.0748 [Dec] +29 52 16.4811 [FIL] GG495 [EXPTIME] 60.0 [Date] 2020-06-17T12:47:39 [Time] 12:47:39
6/333 LP_335-12-20200617@124852-Eden.fts [TYPE] LIGHT [OBJ] LP_335-12 [RA] 18 39 33.0748 [Dec] +29 52 16.4811 [FIL] GG495 [EXPTIME] 60.0 [Date] 2020-06-17T12:48:52 [Time] 12:48:52
7/333 LP_335-12-20200617@125005-Eden.fts [TYPE] LIGHT [OBJ] LP_335-12 [RA] 18 39 33.0748 [Dec] +29 52 16.4811 [FIL] GG495 [EXPTIME] 60.0 [Date] 2020-06-17T12:50:05 [Time] 12:50:05
8/333 LP_335-12-20200617@125117-Eden.fts [TYPE] LIGHT [OBJ] LP_335-12 [RA] 18 39 33.0748 [Dec] +29 52 16.4811 [FIL] GG495 [EXPTIME] 60.0 [Date] 2020-06-17T12:51:17 [Time] 12:51:17
9/333 LP_335-12-20200617@125229-Eden.fts [TYPE] LIGHT [OBJ] LP_335-12 [RA] 18 39 33.0748 [Dec] +29 52 16.4811 [FIL] GG495 [EXPTIME] 60.0 [Date] 2020-06-17T12:52:29 [Time] 12:52:29
10/333 LP_335-12-20200617@125341-Eden.fts [TYPE] LIGHT [OBJ] LP_335-12 [RA] 18 39 33.0748 [Dec] +29 52 16.4811 [FIL] GG495 [EXPTIME] 60.0 [Date] 2020-06-17T12:53:41 [Time] 12:53:41
11/333 LP_335-12-20200617@125454-Eden.fts [TYPE] LIGHT [OBJ] LP_335-12 [RA] 18 39 33.0748 [Dec] +29 52 16.4811 [FIL] GG495 [EXPTIME] 60.0 [Date] 2020-06-17T12:54:54 [Time] 12:54:54
12/333 LP_335-12-20200617@125606-Eden.fts [TYPE] LIGHT [OBJ] LP_335-12 [RA] 18 39 33.0748 [Dec] +29 52 16.4811 [FIL] GG495 [EXPTIME] 60.0 [Date] 2020-06-17T12:56:06 [Time] 12:56:06
13/333 LP_335-12-20200617@125718-Eden.fts [TYPE] LIGHT [OBJ] LP_335-12 [RA] 18 39 33.0748 [Dec] +29 52 16.4811 [FIL] GG495 [EXPTIME] 60.0 [Date] 2020-06-17T12:57:18 [Time] 12:57:18
14/333 LP_335-12-20200617@125830-Eden.fts [TYPE] LIGHT [OBJ] LP_335-12 [RA] 18 39 33.0748 [Dec] +29 52 16.4811 [FIL] GG495 [EXPTIME] 60.0 [Date] 2020-06-17T12:58:30 [Time] 12:58:30
15/333 LP_335-12-20200617@125943-Eden.fts [TYPE] LIGHT [OBJ] LP_335-12 [RA] 18 39 33.0748 [Dec] +29 52 16.4811 [FIL] GG495 [EXPTIME] 60.0 [Date] 2020-06-17T12:59:43 [Time] 12:59:43
16/333 LP_335-12-20200617@130055-Eden.fts [TYPE] LIGHT [OBJ] LP_335-12 [RA] 18 39 33.0748 [Dec] +29 52 16.4811 [FIL] GG495 [EXPTIME] 60.0 [Date] 2020-06-17T13:00:55 [Time] 13:00:55
17/333 LP_335-12-20200617@130206-Eden.fts [TYPE] LIGHT [OBJ] LP_335-12 [RA] 18 39 33.0748 [Dec] +29 52 16.4811 [FIL] GG495 [EXPTIME] 60.0 [Date] 2020-06-17T13:02:06 [Time] 13:02:06
18/333 LP_335-12-20200617@130317-Eden.fts [TYPE] LIGHT [OBJ] LP_335-12 [RA] 18 39 33.0748 [Dec] +29 52 16.4811 [FIL] GG495 [EXPTIME] 60.0 [Date] 2020-06-17T13:03:18 [Time] 13:03:18
19/333 LP_335-12-20200617@130429-Eden.fts [TYPE] LIGHT [OBJ] LP_335-12 [RA] 18 39 33.0748 [Dec] +29 52 16.4811 [FIL] GG495 [EXPTIME] 60.0 [Date] 2020-06-17T13:04:30 [Time] 13:04:30
20/333 LP_335-12-20200617@130541-Eden.fts [TYPE] LIGHT [OBJ] LP_335-12 [RA] 18 39 33.0748 [Dec] +29 52 16.4811 [FIL] GG495 [EXPTIME] 60.0 [Date] 2020-06-17T13:05:41 [Time] 13:05:41
21/333 LP_335-12-20200617@130653-Eden.fts [TYPE] LIGHT [OBJ] LP_335-12 [RA] 18 39 33.0748 [Dec] +29 52 16.4811 [FIL] GG495 [EXPTIME] 60.0 [Date] 2020-06-17T13:06:53 [Time] 13:06:53
22/333 LP_335-12-20200617@130805-Eden.fts [TYPE] LIGHT [OBJ] LP_335-12 [RA] 18 39 33.0748 [Dec] +29 52 16.4811 [FIL] GG495 [EXPTIME] 60.0 [Date] 2020-06-17T13:08:05 [Time] 13:08:05
23/333 LP_335-12-20200617@130918-Eden.fts [TYPE] LIGHT [OBJ] LP_335-12 [RA] 18 39 33.0748 [Dec] +29 52 16.4811 [FIL] GG495 [EXPTIME] 60.0 [Date] 2020-06-17T13:09:18 [Time] 13:09:18
24/333 LP_335-12-20200617@131030-Eden.fts [TYPE] LIGHT [OBJ] LP_335-12 [RA] 18 39 33.0748 [Dec] +29 52 16.4811 [FIL] GG495 [EXPTIME] 60.0 [Date] 2020-06-17T13:10:30 [Time] 13:10:30
25/333 LP_335-12-20200617@131142-Eden.fts [TYPE] LIGHT [OBJ] LP_335-12 [RA] 18 39 33.0748 [Dec] +29 52 16.4811 [FIL] GG495 [EXPTIME] 60.0 [Date] 2020-06-17T13:11:42 [Time] 13:11:42
26/333 LP_335-12-20200617@131254-Eden.fts [TYPE] LIGHT [OBJ] LP_335-12 [RA] 18 39 33.0748 [Dec] +29 52 16.4811 [FIL] GG495 [EXPTIME] 60.0 [Date] 2020-06-17T13:12:55 [Time] 13:12:55
27/333 LP_335-12-20200617@131407-Eden.fts [TYPE] LIGHT [OBJ] LP_335-12 [RA] 18 39 33.0748 [Dec] +29 52 16.4811 [FIL] GG495 [EXPTIME] 60.0 [Date] 2020-06-17T13:14:07 [Time] 13:14:07
28/333 LP_335-12-20200617@131518-Eden.fts [TYPE] LIGHT [OBJ] LP_335-12 [RA] 18 39 33.0748 [Dec] +29 52 16.4811 [FIL] GG495 [EXPTIME] 60.0 [Date] 2020-06-17T13:15:18 [Time] 13:15:18
29/333 LP_335-12-20200617@131630-Eden.fts [TYPE] LIGHT [OBJ] LP_335-12 [RA] 18 39 33.0748 [Dec] +29 52 16.4811 [FIL] GG495 [EXPTIME] 60.0 [Date] 2020-06-17T13:16:31 [Time] 13:16:31
30/333 LP_335-12-20200617@131741-Eden.fts [TYPE] LIGHT [OBJ] LP_335-12 [RA] 18 39 33.0748 [Dec] +29 52 16.4811 [FIL] GG495 [EXPTIME] 60.0 [Date] 2020-06-17T13:17:42 [Time] 13:17:42
31/333 LP_335-12-20200617@131854-Eden.fts [TYPE] LIGHT [OBJ] LP_335-12 [RA] 18 39 33.0748 [Dec] +29 52 16.4811 [FIL] GG495 [EXPTIME] 60.0 [Date] 2020-06-17T13:18:55 [Time] 13:18:55
32/333 LP_335-12-20200617@132007-Eden.fts [TYPE] LIGHT [OBJ] LP_335-12 [RA] 18 39 33.0748 [Dec] +29 52 16.4811 [FIL] GG495 [EXPTIME] 60.0 [Date] 2020-06-17T13:20:07 [Time] 13:20:07
33/333 LP_335-12-20200617@132119-Eden.fts [TYPE] LIGHT [OBJ] LP_335-12 [RA] 18 39 33.0748 [Dec] +29 52 16.4811 [FIL] GG495 [EXPTIME] 60.0 [Date] 2020-06-17T13:21:19 [Time] 13:21:19
34/333 LP_335-12-20200617@132231-Eden.fts [TYPE] LIGHT [OBJ] LP_335-12 [RA] 18 39 33.0748 [Dec] +29 52 16.4811 [FIL] GG495 [EXPTIME] 60.0 [Date] 2020-06-17T13:22:32 [Time] 13:22:32
35/333 LP_335-12-20200617@132344-Eden.fts [TYPE] LIGHT [OBJ] LP_335-12 [RA] 18 39 33.0748 [Dec] +29 52 16.4811 [FIL] GG495 [EXPTIME] 60.0 [Date] 2020-06-17T13:23:44 [Time] 13:23:44
36/333 LP_335-12-20200617@132456-Eden.fts [TYPE] LIGHT [OBJ] LP_335-12 [RA] 18 39 33.0748 [Dec] +29 52 16.4811 [FIL] GG495 [EXPTIME] 60.0 [Date] 2020-06-17T13:24:57 [Time] 13:24:57
37/333 LP_335-12-20200617@132609-Eden.fts [TYPE] LIGHT [OBJ] LP_335-12 [RA] 18 39 33.0748 [Dec] +29 52 16.4811 [FIL] GG495 [EXPTIME] 60.0 [Date] 2020-06-17T13:26:09 [Time] 13:26:09
38/333 LP_335-12-20200617@132721-Eden.fts [TYPE] LIGHT [OBJ] LP_335-12 [RA] 18 39 33.0748 [Dec] +29 52 16.4811 [FIL] GG495 [EXPTIME] 60.0 [Date] 2020-06-17T13:27:21 [Time] 13:27:21
39/333 LP_335-12-20200617@132833-Eden.fts [TYPE] LIGHT [OBJ] LP_335-12 [RA] 18 39 33.0748 [Dec] +29 52 16.4811 [FIL] GG495 [EXPTIME] 60.0 [Date] 2020-06-17T13:28:34 [Time] 13:28:34
40/333 LP_335-12-20200617@132946-Eden.fts [TYPE] LIGHT [OBJ] LP_335-12 [RA] 18 39 33.0748 [Dec] +29 52 16.4811 [FIL] GG495 [EXPTIME] 60.0 [Date] 2020-06-17T13:29:46 [Time] 13:29:46
41/333 LP_335-12-20200617@133059-Eden.fts [TYPE] LIGHT [OBJ] LP_335-12 [RA] 18 39 33.0748 [Dec] +29 52 16.4811 [FIL] GG495 [EXPTIME] 60.0 [Date] 2020-06-17T13:30:59 [Time] 13:30:59
42/333 LP_335-12-20200617@133213-Eden.fts [TYPE] LIGHT [OBJ] LP_335-12 [RA] 18 39 33.0748 [Dec] +29 52 16.4811 [FIL] GG495 [EXPTIME] 60.0 [Date] 2020-06-17T13:32:13 [Time] 13:32:13
43/333 LP_335-12-20200617@133326-Eden.fts [TYPE] LIGHT [OBJ] LP_335-12 [RA] 18 39 33.0748 [Dec] +29 52 16.4811 [FIL] GG495 [EXPTIME] 60.0 [Date] 2020-06-17T13:33:27 [Time] 13:33:27
44/333 LP_335-12-20200617@133440-Eden.fts [TYPE] LIGHT [OBJ] LP_335-12 [RA] 18 39 33.0748 [Dec] +29 52 16.4811 [FIL] GG495 [EXPTIME] 60.0 [Date] 2020-06-17T13:34:40 [Time] 13:34:40
45/333 LP_335-12-20200617@133552-Eden.fts [TYPE] LIGHT [OBJ] LP_335-12 [RA] 18 39 33.0748 [Dec] +29 52 16.4811 [FIL] GG495 [EXPTIME] 60.0 [Date] 2020-06-17T13:35:53 [Time] 13:35:53
46/333 LP_335-12-20200617@133705-Eden.fts [TYPE] LIGHT [OBJ] LP_335-12 [RA] 18 39 33.0748 [Dec] +29 52 16.4811 [FIL] GG495 [EXPTIME] 60.0 [Date] 2020-06-17T13:37:06 [Time] 13:37:06
47/333 LP_335-12-20200617@133817-Eden.fts [TYPE] LIGHT [OBJ] LP_335-12 [RA] 18 39 33.0748 [Dec] +29 52 16.4811 [FIL] GG495 [EXPTIME] 60.0 [Date] 2020-06-17T13:38:18 [Time] 13:38:18
48/333 LP_335-12-20200617@133930-Eden.fts [TYPE] LIGHT [OBJ] LP_335-12 [RA] 18 39 33.0748 [Dec] +29 52 16.4811 [FIL] GG495 [EXPTIME] 60.0 [Date] 2020-06-17T13:39:30 [Time] 13:39:30
49/333 LP_335-12-20200617@134042-Eden.fts [TYPE] LIGHT [OBJ] LP_335-12 [RA] 18 39 33.0748 [Dec] +29 52 16.4811 [FIL] GG495 [EXPTIME] 60.0 [Date] 2020-06-17T13:40:43 [Time] 13:40:43
50/333 LP_335-12-20200617@134155-Eden.fts [TYPE] LIGHT [OBJ] LP_335-12 [RA] 18 39 33.0748 [Dec] +29 52 16.4811 [FIL] GG495 [EXPTIME] 60.0 [Date] 2020-06-17T13:41:55 [Time] 13:41:55
51/333 LP_335-12-20200617@134308-Eden.fts [TYPE] LIGHT [OBJ] LP_335-12 [RA] 18 39 33.0748 [Dec] +29 52 16.4811 [FIL] GG495 [EXPTIME] 60.0 [Date] 2020-06-17T13:43:09 [Time] 13:43:09
52/333 LP_335-12-20200617@134420-Eden.fts [TYPE] LIGHT [OBJ] LP_335-12 [RA] 18 39 33.0748 [Dec] +29 52 16.4811 [FIL] GG495 [EXPTIME] 60.0 [Date] 2020-06-17T13:44:21 [Time] 13:44:21
53/333 LP_335-12-20200617@134533-Eden.fts [TYPE] LIGHT [OBJ] LP_335-12 [RA] 18 39 33.0748 [Dec] +29 52 16.4811 [FIL] GG495 [EXPTIME] 60.0 [Date] 2020-06-17T13:45:34 [Time] 13:45:34
54/333 LP_335-12-20200617@134647-Eden.fts [TYPE] LIGHT [OBJ] LP_335-12 [RA] 18 39 33.0748 [Dec] +29 52 16.4811 [FIL] GG495 [EXPTIME] 60.0 [Date] 2020-06-17T13:46:47 [Time] 13:46:47
55/333 LP_335-12-20200617@134758-Eden.fts [TYPE] LIGHT [OBJ] LP_335-12 [RA] 18 39 33.0748 [Dec] +29 52 16.4811 [FIL] GG495 [EXPTIME] 60.0 [Date] 2020-06-17T13:47:59 [Time] 13:47:59
56/333 LP_335-12-20200617@134911-Eden.fts [TYPE] LIGHT [OBJ] LP_335-12 [RA] 18 39 33.0748 [Dec] +29 52 16.4811 [FIL] GG495 [EXPTIME] 60.0 [Date] 2020-06-17T13:49:11 [Time] 13:49:11
57/333 LP_335-12-20200617@135024-Eden.fts [TYPE] LIGHT [OBJ] LP_335-12 [RA] 18 39 33.0748 [Dec] +29 52 16.4811 [FIL] GG495 [EXPTIME] 60.0 [Date] 2020-06-17T13:50:24 [Time] 13:50:24
58/333 LP_335-12-20200617@135136-Eden.fts [TYPE] LIGHT [OBJ] LP_335-12 [RA] 18 39 33.0748 [Dec] +29 52 16.4811 [FIL] GG495 [EXPTIME] 60.0 [Date] 2020-06-17T13:51:37 [Time] 13:51:37
59/333 LP_335-12-20200617@135248-Eden.fts [TYPE] LIGHT [OBJ] LP_335-12 [RA] 18 39 33.0748 [Dec] +29 52 16.4811 [FIL] GG495 [EXPTIME] 60.0 [Date] 2020-06-17T13:52:49 [Time] 13:52:49
60/333 LP_335-12-20200617@135401-Eden.fts [TYPE] LIGHT [OBJ] LP_335-12 [RA] 18 39 33.0748 [Dec] +29 52 16.4811 [FIL] GG495 [EXPTIME] 60.0 [Date] 2020-06-17T13:54:02 [Time] 13:54:02
61/333 LP_335-12-20200617@135513-Eden.fts [TYPE] LIGHT [OBJ] LP_335-12 [RA] 18 39 33.0748 [Dec] +29 52 16.4811 [FIL] GG495 [EXPTIME] 60.0 [Date] 2020-06-17T13:55:13 [Time] 13:55:13
62/333 LP_335-12-20200617@135625-Eden.fts [TYPE] LIGHT [OBJ] LP_335-12 [RA] 18 39 33.0748 [Dec] +29 52 16.4811 [FIL] GG495 [EXPTIME] 60.0 [Date] 2020-06-17T13:56:26 [Time] 13:56:26
63/333 LP_335-12-20200617@135738-Eden.fts [TYPE] LIGHT [OBJ] LP_335-12 [RA] 18 39 33.0748 [Dec] +29 52 16.4811 [FIL] GG495 [EXPTIME] 60.0 [Date] 2020-06-17T13:57:39 [Time] 13:57:39
64/333 LP_335-12-20200617@135850-Eden.fts [TYPE] LIGHT [OBJ] LP_335-12 [RA] 18 39 33.0748 [Dec] +29 52 16.4811 [FIL] GG495 [EXPTIME] 60.0 [Date] 2020-06-17T13:58:51 [Time] 13:58:51
65/333 LP_335-12-20200617@140004-Eden.fts [TYPE] LIGHT [OBJ] LP_335-12 [RA] 18 39 33.0748 [Dec] +29 52 16.4811 [FIL] GG495 [EXPTIME] 60.0 [Date] 2020-06-17T14:00:04 [Time] 14:00:04
66/333 LP_335-12-20200617@140117-Eden.fts [TYPE] LIGHT [OBJ] LP_335-12 [RA] 18 39 33.0748 [Dec] +29 52 16.4811 [FIL] GG495 [EXPTIME] 60.0 [Date] 2020-06-17T14:01:18 [Time] 14:01:18
67/333 LP_335-12-20200617@140230-Eden.fts [TYPE] LIGHT [OBJ] LP_335-12 [RA] 18 39 33.0748 [Dec] +29 52 16.4811 [FIL] GG495 [EXPTIME] 60.0 [Date] 2020-06-17T14:02:30 [Time] 14:02:30
68/333 LP_335-12-20200617@140342-Eden.fts [TYPE] LIGHT [OBJ] LP_335-12 [RA] 18 39 33.0748 [Dec] +29 52 16.4811 [FIL] GG495 [EXPTIME] 60.0 [Date] 2020-06-17T14:03:42 [Time] 14:03:42
69/333 LP_335-12-20200617@140717-Eden.fts [TYPE] LIGHT [OBJ] LP_335-12 [RA] 18 39 33.0748 [Dec] +29 52 16.4811 [FIL] GG495 [EXPTIME] 60.0 [Date] 2020-06-17T14:07:18 [Time] 14:07:18
70/333 LP_335-12-20200617@140830-Eden.fts [TYPE] LIGHT [OBJ] LP_335-12 [RA] 18 39 33.0748 [Dec] +29 52 16.4811 [FIL] GG495 [EXPTIME] 60.0 [Date] 2020-06-17T14:08:30 [Time] 14:08:30
71/333 LP_335-12-20200617@140941-Eden.fts [TYPE] LIGHT [OBJ] LP_335-12 [RA] 18 39 33.0748 [Dec] +29 52 16.4811 [FIL] GG495 [EXPTIME] 60.0 [Date] 2020-06-17T14:09:42 [Time] 14:09:42
72/333 LP_335-12-20200617@141053-Eden.fts [TYPE] LIGHT [OBJ] LP_335-12 [RA] 18 39 33.0748 [Dec] +29 52 16.4811 [FIL] GG495 [EXPTIME] 60.0 [Date] 2020-06-17T14:10:53 [Time] 14:10:53
73/333 LP_335-12-20200617@141205-Eden.fts [TYPE] LIGHT [OBJ] LP_335-12 [RA] 18 39 33.0748 [Dec] +29 52 16.4811 [FIL] GG495 [EXPTIME] 60.0 [Date] 2020-06-17T14:12:06 [Time] 14:12:06
74/333 LP_335-12-20200617@141318-Eden.fts [TYPE] LIGHT [OBJ] LP_335-12 [RA] 18 39 33.0748 [Dec] +29 52 16.4811 [FIL] GG495 [EXPTIME] 60.0 [Date] 2020-06-17T14:13:20 [Time] 14:13:20
75/333 LP_335-12-20200617@141431-Eden.fts [TYPE] LIGHT [OBJ] LP_335-12 [RA] 18 39 33.0748 [Dec] +29 52 16.4811 [FIL] GG495 [EXPTIME] 60.0 [Date] 2020-06-17T14:14:32 [Time] 14:14:32
76/333 LP_335-12-20200617@141544-Eden.fts [TYPE] LIGHT [OBJ] LP_335-12 [RA] 18 39 33.0748 [Dec] +29 52 16.4811 [FIL] GG495 [EXPTIME] 60.0 [Date] 2020-06-17T14:15:45 [Time] 14:15:45
77/333 LP_335-12-20200617@141656-Eden.fts [TYPE] LIGHT [OBJ] LP_335-12 [RA] 18 39 33.0748 [Dec] +29 52 16.4811 [FIL] GG495 [EXPTIME] 60.0 [Date] 2020-06-17T14:16:57 [Time] 14:16:57
78/333 LP_335-12-20200617@141808-Eden.fts [TYPE] LIGHT [OBJ] LP_335-12 [RA] 18 39 33.0748 [Dec] +29 52 16.4811 [FIL] GG495 [EXPTIME] 60.0 [Date] 2020-06-17T14:18:09 [Time] 14:18:09
79/333 LP_335-12-20200617@141920-Eden.fts [TYPE] LIGHT [OBJ] LP_335-12 [RA] 18 39 33.0748 [Dec] +29 52 16.4811 [FIL] GG495 [EXPTIME] 60.0 [Date] 2020-06-17T14:19:21 [Time] 14:19:21
80/333 LP_335-12-20200617@142034-Eden.fts [TYPE] LIGHT [OBJ] LP_335-12 [RA] 18 39 33.0748 [Dec] +29 52 16.4811 [FIL] GG495 [EXPTIME] 60.0 [Date] 2020-06-17T14:20:34 [Time] 14:20:34
81/333 LP_335-12-20200617@142146-Eden.fts [TYPE] LIGHT [OBJ] LP_335-12 [RA] 18 39 33.0748 [Dec] +29 52 16.4811 [FIL] GG495 [EXPTIME] 60.0 [Date] 2020-06-17T14:21:47 [Time] 14:21:47
82/333 LP_335-12-20200617@142300-Eden.fts [TYPE] LIGHT [OBJ] LP_335-12 [RA] 18 39 33.0748 [Dec] +29 52 16.4811 [FIL] GG495 [EXPTIME] 60.0 [Date] 2020-06-17T14:23:00 [Time] 14:23:00
83/333 LP_335-12-20200617@142412-Eden.fts [TYPE] LIGHT [OBJ] LP_335-12 [RA] 18 39 33.0748 [Dec] +29 52 16.4811 [FIL] GG495 [EXPTIME] 60.0 [Date] 2020-06-17T14:24:12 [Time] 14:24:12
84/333 LP_335-12-20200617@142524-Eden.fts [TYPE] LIGHT [OBJ] LP_335-12 [RA] 18 39 33.0748 [Dec] +29 52 16.4811 [FIL] GG495 [EXPTIME] 60.0 [Date] 2020-06-17T14:25:25 [Time] 14:25:25
85/333 LP_335-12-20200617@143034-Eden.fts [TYPE] LIGHT [OBJ] LP_335-12 [RA] 18 39 33.0748 [Dec] +29 52 16.4811 [FIL] GG495 [EXPTIME] 60.0 [Date] 2020-06-17T14:30:35 [Time] 14:30:35
86/333 LP_335-12-20200617@143147-Eden.fts [TYPE] LIGHT [OBJ] LP_335-12 [RA] 18 39 33.0748 [Dec] +29 52 16.4811 [FIL] GG495 [EXPTIME] 60.0 [Date] 2020-06-17T14:31:48 [Time] 14:31:48
87/333 LP_335-12-20200617@143300-Eden.fts [TYPE] LIGHT [OBJ] LP_335-12 [RA] 18 39 33.0748 [Dec] +29 52 16.4811 [FIL] GG495 [EXPTIME] 60.0 [Date] 2020-06-17T14:33:01 [Time] 14:33:01
88/333 LP_335-12-20200617@143414-Eden.fts [TYPE] LIGHT [OBJ] LP_335-12 [RA] 18 39 33.0748 [Dec] +29 52 16.4811 [FIL] GG495 [EXPTIME] 60.0 [Date] 2020-06-17T14:34:15 [Time] 14:34:15
89/333 LP_335-12-20200617@143527-Eden.fts [TYPE] LIGHT [OBJ] LP_335-12 [RA] 18 39 33.0748 [Dec] +29 52 16.4811 [FIL] GG495 [EXPTIME] 60.0 [Date] 2020-06-17T14:35:27 [Time] 14:35:27
90/333 LP_335-12-20200617@143639-Eden.fts [TYPE] LIGHT [OBJ] LP_335-12 [RA] 18 39 33.0748 [Dec] +29 52 16.4811 [FIL] GG495 [EXPTIME] 60.0 [Date] 2020-06-17T14:36:39 [Time] 14:36:39
91/333 LP_335-12-20200617@143752-Eden.fts [TYPE] LIGHT [OBJ] LP_335-12 [RA] 18 39 33.0748 [Dec] +29 52 16.4811 [FIL] GG495 [EXPTIME] 60.0 [Date] 2020-06-17T14:37:52 [Time] 14:37:52
92/333 LP_335-12-20200617@143905-Eden.fts [TYPE] LIGHT [OBJ] LP_335-12 [RA] 18 39 33.0748 [Dec] +29 52 16.4811 [FIL] GG495 [EXPTIME] 60.0 [Date] 2020-06-17T14:39:06 [Time] 14:39:06
93/333 LP_335-12-20200617@144017-Eden.fts [TYPE] LIGHT [OBJ] LP_335-12 [RA] 18 39 33.0748 [Dec] +29 52 16.4811 [FIL] GG495 [EXPTIME] 60.0 [Date] 2020-06-17T14:40:18 [Time] 14:40:18
94/333 LP_335-12-20200617@144129-Eden.fts [TYPE] LIGHT [OBJ] LP_335-12 [RA] 18 39 33.0748 [Dec] +29 52 16.4811 [FIL] GG495 [EXPTIME] 60.0 [Date] 2020-06-17T14:41:29 [Time] 14:41:29
95/333 LP_335-12-20200617@144241-Eden.fts [TYPE] LIGHT [OBJ] LP_335-12 [RA] 18 39 33.0748 [Dec] +29 52 16.4811 [FIL] GG495 [EXPTIME] 60.0 [Date] 2020-06-17T14:42:42 [Time] 14:42:42
96/333 LP_335-12-20200617@144353-Eden.fts [TYPE] LIGHT [OBJ] LP_335-12 [RA] 18 39 33.0748 [Dec] +29 52 16.4811 [FIL] GG495 [EXPTIME] 60.0 [Date] 2020-06-17T14:43:54 [Time] 14:43:54
97/333 LP_335-12-20200617@144505-Eden.fts [TYPE] LIGHT [OBJ] LP_335-12 [RA] 18 39 33.0748 [Dec] +29 52 16.4811 [FIL] GG495 [EXPTIME] 60.0 [Date] 2020-06-17T14:45:06 [Time] 14:45:06
98/333 LP_335-12-20200617@144618-Eden.fts [TYPE] LIGHT [OBJ] LP_335-12 [RA] 18 39 33.0748 [Dec] +29 52 16.4811 [FIL] GG495 [EXPTIME] 60.0 [Date] 2020-06-17T14:46:19 [Time] 14:46:19
99/333 LP_335-12-20200617@144730-Eden.fts [TYPE] LIGHT [OBJ] LP_335-12 [RA] 18 39 33.0748 [Dec] +29 52 16.4811 [FIL] GG495 [EXPTIME] 60.0 [Date] 2020-06-17T14:47:31 [Time] 14:47:31
100/333 LP_335-12-20200617@144843-Eden.fts [TYPE] LIGHT [OBJ] LP_335-12 [RA] 18 39 33.0748 [Dec] +29 52 16.4811 [FIL] GG495 [EXPTIME] 60.0 [Date] 2020-06-17T14:48:44 [Time] 14:48:44
101/333 LP_335-12-20200617@144956-Eden.fts [TYPE] LIGHT [OBJ] LP_335-12 [RA] 18 39 33.0748 [Dec] +29 52 16.4811 [FIL] GG495 [EXPTIME] 60.0 [Date] 2020-06-17T14:49:57 [Time] 14:49:57
102/333 LP_335-12-20200617@145108-Eden.fts [TYPE] LIGHT [OBJ] LP_335-12 [RA] 18 39 33.0748 [Dec] +29 52 16.4811 [FIL] GG495 [EXPTIME] 60.0 [Date] 2020-06-17T14:51:09 [Time] 14:51:09
103/333 LP_335-12-20200617@145221-Eden.fts [TYPE] LIGHT [OBJ] LP_335-12 [RA] 18 39 33.0748 [Dec] +29 52 16.4811 [FIL] GG495 [EXPTIME] 60.0 [Date] 2020-06-17T14:52:21 [Time] 14:52:21
104/333 LP_335-12-20200617@145334-Eden.fts [TYPE] LIGHT [OBJ] LP_335-12 [RA] 18 39 33.0748 [Dec] +29 52 16.4811 [FIL] GG495 [EXPTIME] 60.0 [Date] 2020-06-17T14:53:35 [Time] 14:53:35
105/333 LP_335-12-20200617@145447-Eden.fts [TYPE] LIGHT [OBJ] LP_335-12 [RA] 18 39 33.0748 [Dec] +29 52 16.4811 [FIL] GG495 [EXPTIME] 60.0 [Date] 2020-06-17T14:54:47 [Time] 14:54:47
106/333 LP_335-12-20200617@145559-Eden.fts [TYPE] LIGHT [OBJ] LP_335-12 [RA] 18 39 33.0748 [Dec] +29 52 16.4811 [FIL] GG495 [EXPTIME] 60.0 [Date] 2020-06-17T14:55:59 [Time] 14:55:59
107/333 LP_335-12-20200617@145711-Eden.fts [TYPE] LIGHT [OBJ] LP_335-12 [RA] 18 39 33.0748 [Dec] +29 52 16.4811 [FIL] GG495 [EXPTIME] 60.0 [Date] 2020-06-17T14:57:11 [Time] 14:57:11
108/333 LP_335-12-20200617@145824-Eden.fts [TYPE] LIGHT [OBJ] LP_335-12 [RA] 18 39 33.0748 [Dec] +29 52 16.4811 [FIL] GG495 [EXPTIME] 60.0 [Date] 2020-06-17T14:58:24 [Time] 14:58:24
109/333 LP_335-12-20200617@145937-Eden.fts [TYPE] LIGHT [OBJ] LP_335-12 [RA] 18 39 33.0748 [Dec] +29 52 16.4811 [FIL] GG495 [EXPTIME] 60.0 [Date] 2020-06-17T14:59:37 [Time] 14:59:37
110/333 LP_335-12-20200617@150048-Eden.fts [TYPE] LIGHT [OBJ] LP_335-12 [RA] 18 39 33.0748 [Dec] +29 52 16.4811 [FIL] GG495 [EXPTIME] 60.0 [Date] 2020-06-17T15:00:49 [Time] 15:00:49
111/333 LP_335-12-20200617@150201-Eden.fts [TYPE] LIGHT [OBJ] LP_335-12 [RA] 18 39 33.0748 [Dec] +29 52 16.4811 [FIL] GG495 [EXPTIME] 60.0 [Date] 2020-06-17T15:02:02 [Time] 15:02:02
112/333 LP_335-12-20200617@150313-Eden.fts [TYPE] LIGHT [OBJ] LP_335-12 [RA] 18 39 33.0748 [Dec] +29 52 16.4811 [FIL] GG495 [EXPTIME] 60.0 [Date] 2020-06-17T15:03:13 [Time] 15:03:13
113/333 LP_335-12-20200617@150425-Eden.fts [TYPE] LIGHT [OBJ] LP_335-12 [RA] 18 39 33.0748 [Dec] +29 52 16.4811 [FIL] GG495 [EXPTIME] 60.0 [Date] 2020-06-17T15:04:25 [Time] 15:04:25
114/333 LP_335-12-20200617@150536-Eden.fts [TYPE] LIGHT [OBJ] LP_335-12 [RA] 18 39 33.0748 [Dec] +29 52 16.4811 [FIL] GG495 [EXPTIME] 60.0 [Date] 2020-06-17T15:05:37 [Time] 15:05:37
115/333 LP_335-12-20200617@150649-Eden.fts [TYPE] LIGHT [OBJ] LP_335-12 [RA] 18 39 33.0748 [Dec] +29 52 16.4811 [FIL] GG495 [EXPTIME] 60.0 [Date] 2020-06-17T15:06:50 [Time] 15:06:50
116/333 LP_335-12-20200617@150801-Eden.fts [TYPE] LIGHT [OBJ] LP_335-12 [RA] 18 39 33.0748 [Dec] +29 52 16.4811 [FIL] GG495 [EXPTIME] 60.0 [Date] 2020-06-17T15:08:01 [Time] 15:08:01
117/333 LP_335-12-20200617@150913-Eden.fts [TYPE] LIGHT [OBJ] LP_335-12 [RA] 18 39 33.0748 [Dec] +29 52 16.4811 [FIL] GG495 [EXPTIME] 60.0 [Date] 2020-06-17T15:09:14 [Time] 15:09:14
118/333 LP_335-12-20200617@151026-Eden.fts [TYPE] LIGHT [OBJ] LP_335-12 [RA] 18 39 33.0748 [Dec] +29 52 16.4811 [FIL] GG495 [EXPTIME] 60.0 [Date] 2020-06-17T15:10:27 [Time] 15:10:27
119/333 LP_335-12-20200617@151139-Eden.fts [TYPE] LIGHT [OBJ] LP_335-12 [RA] 18 39 33.0748 [Dec] +29 52 16.4811 [FIL] GG495 [EXPTIME] 60.0 [Date] 2020-06-17T15:11:39 [Time] 15:11:39
120/333 LP_335-12-20200617@151252-Eden.fts [TYPE] LIGHT [OBJ] LP_335-12 [RA] 18 39 33.0748 [Dec] +29 52 16.4811 [FIL] GG495 [EXPTIME] 60.0 [Date] 2020-06-17T15:12:52 [Time] 15:12:52
121/333 LP_335-12-20200617@151404-Eden.fts [TYPE] LIGHT [OBJ] LP_335-12 [RA] 18 39 33.0748 [Dec] +29 52 16.4811 [FIL] GG495 [EXPTIME] 60.0 [Date] 2020-06-17T15:14:04 [Time] 15:14:04
122/333 LP_335-12-20200617@151515-Eden.fts [TYPE] LIGHT [OBJ] LP_335-12 [RA] 18 39 33.0748 [Dec] +29 52 16.4811 [FIL] GG495 [EXPTIME] 60.0 [Date] 2020-06-17T15:15:16 [Time] 15:15:16
123/333 LP_335-12-20200617@151627-Eden.fts [TYPE] LIGHT [OBJ] LP_335-12 [RA] 18 39 33.0748 [Dec] +29 52 16.4811 [FIL] GG495 [EXPTIME] 60.0 [Date] 2020-06-17T15:16:27 [Time] 15:16:27
124/333 LP_335-12-20200617@151740-Eden.fts [TYPE] LIGHT [OBJ] LP_335-12 [RA] 18 39 33.0748 [Dec] +29 52 16.4811 [FIL] GG495 [EXPTIME] 60.0 [Date] 2020-06-17T15:17:40 [Time] 15:17:40
125/333 LP_335-12-20200617@151852-Eden.fts [TYPE] LIGHT [OBJ] LP_335-12 [RA] 18 39 33.0748 [Dec] +29 52 16.4811 [FIL] GG495 [EXPTIME] 60.0 [Date] 2020-06-17T15:18:53 [Time] 15:18:53
126/333 LP_335-12-20200617@152005-Eden.fts [TYPE] LIGHT [OBJ] LP_335-12 [RA] 18 39 33.0748 [Dec] +29 52 16.4811 [FIL] GG495 [EXPTIME] 60.0 [Date] 2020-06-17T15:20:06 [Time] 15:20:06
127/333 LP_335-12-20200617@152118-Eden.fts [TYPE] LIGHT [OBJ] LP_335-12 [RA] 18 39 33.0748 [Dec] +29 52 16.4811 [FIL] GG495 [EXPTIME] 60.0 [Date] 2020-06-17T15:21:18 [Time] 15:21:18
128/333 LP_335-12-20200617@152230-Eden.fts [TYPE] LIGHT [OBJ] LP_335-12 [RA] 18 39 33.0748 [Dec] +29 52 16.4811 [FIL] GG495 [EXPTIME] 60.0 [Date] 2020-06-17T15:22:31 [Time] 15:22:31
129/333 LP_335-12-20200617@152343-Eden.fts [TYPE] LIGHT [OBJ] LP_335-12 [RA] 18 39 33.0748 [Dec] +29 52 16.4811 [FIL] GG495 [EXPTIME] 60.0 [Date] 2020-06-17T15:23:44 [Time] 15:23:44
130/333 LP_335-12-20200617@152456-Eden.fts [TYPE] LIGHT [OBJ] LP_335-12 [RA] 18 39 33.0748 [Dec] +29 52 16.4811 [FIL] GG495 [EXPTIME] 60.0 [Date] 2020-06-17T15:24:57 [Time] 15:24:57
131/333 LP_335-12-20200617@152608-Eden.fts [TYPE] LIGHT [OBJ] LP_335-12 [RA] 18 39 33.0748 [Dec] +29 52 16.4811 [FIL] GG495 [EXPTIME] 60.0 [Date] 2020-06-17T15:26:09 [Time] 15:26:09
132/333 LP_335-12-20200617@152723-Eden.fts [TYPE] LIGHT [OBJ] LP_335-12 [RA] 18 39 33.0748 [Dec] +29 52 16.4811 [FIL] GG495 [EXPTIME] 60.0 [Date] 2020-06-17T15:27:23 [Time] 15:27:23
133/333 LP_335-12-20200617@152834-Eden.fts [TYPE] LIGHT [OBJ] LP_335-12 [RA] 18 39 33.0748 [Dec] +29 52 16.4811 [FIL] GG495 [EXPTIME] 60.0 [Date] 2020-06-17T15:28:35 [Time] 15:28:35
134/333 LP_335-12-20200617@152946-Eden.fts [TYPE] LIGHT [OBJ] LP_335-12 [RA] 18 39 33.0748 [Dec] +29 52 16.4811 [FIL] GG495 [EXPTIME] 60.0 [Date] 2020-06-17T15:29:46 [Time] 15:29:46
135/333 LP_335-12-20200617@153057-Eden.fts [TYPE] LIGHT [OBJ] LP_335-12 [RA] 18 39 33.0748 [Dec] +29 52 16.4811 [FIL] GG495 [EXPTIME] 60.0 [Date] 2020-06-17T15:30:58 [Time] 15:30:58
136/333 LP_335-12-20200617@153210-Eden.fts [TYPE] LIGHT [OBJ] LP_335-12 [RA] 18 39 33.0748 [Dec] +29 52 16.4811 [FIL] GG495 [EXPTIME] 60.0 [Date] 2020-06-17T15:32:10 [Time] 15:32:10
137/333 LP_335-12-20200617@153321-Eden.fts [TYPE] LIGHT [OBJ] LP_335-12 [RA] 18 39 33.0748 [Dec] +29 52 16.4811 [FIL] GG495 [EXPTIME] 60.0 [Date] 2020-06-17T15:33:22 [Time] 15:33:22
138/333 LP_335-12-20200617@153434-Eden.fts [TYPE] LIGHT [OBJ] LP_335-12 [RA] 18 39 33.0748 [Dec] +29 52 16.4811 [FIL] GG495 [EXPTIME] 60.0 [Date] 2020-06-17T15:34:35 [Time] 15:34:35
139/333 LP_335-12-20200617@153548-Eden.fts [TYPE] LIGHT [OBJ] LP_335-12 [RA] 18 39 33.0748 [Dec] +29 52 16.4811 [FIL] GG495 [EXPTIME] 60.0 [Date] 2020-06-17T15:35:48 [Time] 15:35:48
140/333 LP_335-12-20200617@153700-Eden.fts [TYPE] LIGHT [OBJ] LP_335-12 [RA] 18 39 33.0748 [Dec] +29 52 16.4811 [FIL] GG495 [EXPTIME] 60.0 [Date] 2020-06-17T15:37:01 [Time] 15:37:01
141/333 LP_335-12-20200617@153813-Eden.fts [TYPE] LIGHT [OBJ] LP_335-12 [RA] 18 39 33.0748 [Dec] +29 52 16.4811 [FIL] GG495 [EXPTIME] 60.0 [Date] 2020-06-17T15:38:13 [Time] 15:38:13
142/333 LP_335-12-20200617@153924-Eden.fts [TYPE] LIGHT [OBJ] LP_335-12 [RA] 18 39 33.0748 [Dec] +29 52 16.4811 [FIL] GG495 [EXPTIME] 60.0 [Date] 2020-06-17T15:39:25 [Time] 15:39:25
143/333 LP_335-12-20200617@154036-Eden.fts [TYPE] LIGHT [OBJ] LP_335-12 [RA] 18 39 33.0748 [Dec] +29 52 16.4811 [FIL] GG495 [EXPTIME] 60.0 [Date] 2020-06-17T15:40:38 [Time] 15:40:38
144/333 LP_335-12-20200617@154150-Eden.fts [TYPE] LIGHT [OBJ] LP_335-12 [RA] 18 39 33.0748 [Dec] +29 52 16.4811 [FIL] GG495 [EXPTIME] 60.0 [Date] 2020-06-17T15:41:51 [Time] 15:41:51
145/333 LP_335-12-20200617@154304-Eden.fts [TYPE] LIGHT [OBJ] LP_335-12 [RA] 18 39 33.0748 [Dec] +29 52 16.4811 [FIL] GG495 [EXPTIME] 60.0 [Date] 2020-06-17T15:43:04 [Time] 15:43:04
146/333 LP_335-12-20200617@154416-Eden.fts [TYPE] LIGHT [OBJ] LP_335-12 [RA] 18 39 33.0748 [Dec] +29 52 16.4811 [FIL] GG495 [EXPTIME] 60.0 [Date] 2020-06-17T15:44:16 [Time] 15:44:16
147/333 LP_335-12-20200617@154527-Eden.fts [TYPE] LIGHT [OBJ] LP_335-12 [RA] 18 39 33.0748 [Dec] +29 52 16.4811 [FIL] GG495 [EXPTIME] 60.0 [Date] 2020-06-17T15:45:28 [Time] 15:45:28
148/333 LP_335-12-20200617@154640-Eden.fts [TYPE] LIGHT [OBJ] LP_335-12 [RA] 18 39 33.0748 [Dec] +29 52 16.4811 [FIL] GG495 [EXPTIME] 60.0 [Date] 2020-06-17T15:46:42 [Time] 15:46:42
149/333 LP_335-12-20200617@154754-Eden.fts [TYPE] LIGHT [OBJ] LP_335-12 [RA] 18 39 33.0748 [Dec] +29 52 16.4811 [FIL] GG495 [EXPTIME] 60.0 [Date] 2020-06-17T15:47:54 [Time] 15:47:54
150/333 LP_335-12-20200617@154906-Eden.fts [TYPE] LIGHT [OBJ] LP_335-12 [RA] 18 39 33.0748 [Dec] +29 52 16.4811 [FIL] GG495 [EXPTIME] 60.0 [Date] 2020-06-17T15:49:07 [Time] 15:49:07
151/333 LP_335-12-20200617@155018-Eden.fts [TYPE] LIGHT [OBJ] LP_335-12 [RA] 18 39 33.0748 [Dec] +29 52 16.4811 [FIL] GG495 [EXPTIME] 60.0 [Date] 2020-06-17T15:50:18 [Time] 15:50:18
152/333 LP_335-12-20200617@155130-Eden.fts [TYPE] LIGHT [OBJ] LP_335-12 [RA] 18 39 33.0748 [Dec] +29 52 16.4811 [FIL] GG495 [EXPTIME] 60.0 [Date] 2020-06-17T15:51:30 [Time] 15:51:30
153/333 LP_335-12-20200617@155241-Eden.fts [TYPE] LIGHT [OBJ] LP_335-12 [RA] 18 39 33.0748 [Dec] +29 52 16.4811 [FIL] GG495 [EXPTIME] 60.0 [Date] 2020-06-17T15:52:42 [Time] 15:52:42
154/333 LP_335-12-20200617@155354-Eden.fts [TYPE] LIGHT [OBJ] LP_335-12 [RA] 18 39 33.0748 [Dec] +29 52 16.4811 [FIL] GG495 [EXPTIME] 60.0 [Date] 2020-06-17T15:53:55 [Time] 15:53:55
155/333 LP_335-12-20200617@155508-Eden.fts [TYPE] LIGHT [OBJ] LP_335-12 [RA] 18 39 33.0748 [Dec] +29 52 16.4811 [FIL] GG495 [EXPTIME] 60.0 [Date] 2020-06-17T15:55:08 [Time] 15:55:08
156/333 LP_335-12-20200617@155620-Eden.fts [TYPE] LIGHT [OBJ] LP_335-12 [RA] 18 39 33.0748 [Dec] +29 52 16.4811 [FIL] GG495 [EXPTIME] 60.0 [Date] 2020-06-17T15:56:20 [Time] 15:56:20
157/333 LP_335-12-20200617@155731-Eden.fts [TYPE] LIGHT [OBJ] LP_335-12 [RA] 18 39 33.0748 [Dec] +29 52 16.4811 [FIL] GG495 [EXPTIME] 60.0 [Date] 2020-06-17T15:57:32 [Time] 15:57:32
158/333 LP_335-12-20200617@155843-Eden.fts [TYPE] LIGHT [OBJ] LP_335-12 [RA] 18 39 33.0748 [Dec] +29 52 16.4811 [FIL] GG495 [EXPTIME] 60.0 [Date] 2020-06-17T15:58:43 [Time] 15:58:43
159/333 LP_335-12-20200617@155956-Eden.fts [TYPE] LIGHT [OBJ] LP_335-12 [RA] 18 39 33.0748 [Dec] +29 52 16.4811 [FIL] GG495 [EXPTIME] 60.0 [Date] 2020-06-17T15:59:56 [Time] 15:59:56
160/333 LP_335-12-20200617@160107-Eden.fts [TYPE] LIGHT [OBJ] LP_335-12 [RA] 18 39 33.0748 [Dec] +29 52 16.4811 [FIL] GG495 [EXPTIME] 60.0 [Date] 2020-06-17T16:01:08 [Time] 16:01:08
161/333 LP_335-12-20200617@160219-Eden.fts [TYPE] LIGHT [OBJ] LP_335-12 [RA] 18 39 33.0748 [Dec] +29 52 16.4811 [FIL] GG495 [EXPTIME] 60.0 [Date] 2020-06-17T16:02:20 [Time] 16:02:20
162/333 LP_335-12-20200617@160331-Eden.fts [TYPE] LIGHT [OBJ] LP_335-12 [RA] 18 39 33.0748 [Dec] +29 52 16.4811 [FIL] GG495 [EXPTIME] 60.0 [Date] 2020-06-17T16:03:32 [Time] 16:03:32
163/333 LP_335-12-20200617@160444-Eden.fts [TYPE] LIGHT [OBJ] LP_335-12 [RA] 18 39 33.0748 [Dec] +29 52 16.4811 [FIL] GG495 [EXPTIME] 60.0 [Date] 2020-06-17T16:04:45 [Time] 16:04:45
164/333 LP_335-12-20200617@160557-Eden.fts [TYPE] LIGHT [OBJ] LP_335-12 [RA] 18 39 33.0748 [Dec] +29 52 16.4811 [FIL] GG495 [EXPTIME] 60.0 [Date] 2020-06-17T16:05:57 [Time] 16:05:57
165/333 LP_335-12-20200617@160709-Eden.fts [TYPE] LIGHT [OBJ] LP_335-12 [RA] 18 39 33.0748 [Dec] +29 52 16.4811 [FIL] GG495 [EXPTIME] 60.0 [Date] 2020-06-17T16:07:09 [Time] 16:07:09
166/333 LP_335-12-20200617@160821-Eden.fts [TYPE] LIGHT [OBJ] LP_335-12 [RA] 18 39 33.0748 [Dec] +29 52 16.4811 [FIL] GG495 [EXPTIME] 60.0 [Date] 2020-06-17T16:08:22 [Time] 16:08:22
167/333 LP_335-12-20200617@160934-Eden.fts [TYPE] LIGHT [OBJ] LP_335-12 [RA] 18 39 33.0748 [Dec] +29 52 16.4811 [FIL] GG495 [EXPTIME] 60.0 [Date] 2020-06-17T16:09:34 [Time] 16:09:34
168/333 LP_335-12-20200617@161049-Eden.fts [TYPE] LIGHT [OBJ] LP_335-12 [RA] 18 39 33.0748 [Dec] +29 52 16.4811 [FIL] GG495 [EXPTIME] 60.0 [Date] 2020-06-17T16:10:49 [Time] 16:10:49
169/333 LP_335-12-20200617@161201-Eden.fts [TYPE] LIGHT [OBJ] LP_335-12 [RA] 18 39 33.0748 [Dec] +29 52 16.4811 [FIL] GG495 [EXPTIME] 60.0 [Date] 2020-06-17T16:12:01 [Time] 16:12:01
170/333 LP_335-12-20200617@161313-Eden.fts [TYPE] LIGHT [OBJ] LP_335-12 [RA] 18 39 33.0748 [Dec] +29 52 16.4811 [FIL] GG495 [EXPTIME] 60.0 [Date] 2020-06-17T16:13:14 [Time] 16:13:14
171/333 LP_335-12-20200617@161425-Eden.fts [TYPE] LIGHT [OBJ] LP_335-12 [RA] 18 39 33.0748 [Dec] +29 52 16.4811 [FIL] GG495 [EXPTIME] 60.0 [Date] 2020-06-17T16:14:25 [Time] 16:14:25
172/333 LP_335-12-20200617@161539-Eden.fts [TYPE] LIGHT [OBJ] LP_335-12 [RA] 18 39 33.0748 [Dec] +29 52 16.4811 [FIL] GG495 [EXPTIME] 60.0 [Date] 2020-06-17T16:15:39 [Time] 16:15:39
173/333 LP_335-12-20200617@161651-Eden.fts [TYPE] LIGHT [OBJ] LP_335-12 [RA] 18 39 33.0748 [Dec] +29 52 16.4811 [FIL] GG495 [EXPTIME] 60.0 [Date] 2020-06-17T16:16:52 [Time] 16:16:52
174/333 LP_335-12-20200617@161805-Eden.fts [TYPE] LIGHT [OBJ] LP_335-12 [RA] 18 39 33.0748 [Dec] +29 52 16.4811 [FIL] GG495 [EXPTIME] 60.0 [Date] 2020-06-17T16:18:05 [Time] 16:18:05
175/333 LP_335-12-20200617@161917-Eden.fts [TYPE] LIGHT [OBJ] LP_335-12 [RA] 18 39 33.0748 [Dec] +29 52 16.4811 [FIL] GG495 [EXPTIME] 60.0 [Date] 2020-06-17T16:19:18 [Time] 16:19:18
176/333 LP_335-12-20200617@162030-Eden.fts [TYPE] LIGHT [OBJ] LP_335-12 [RA] 18 39 33.0748 [Dec] +29 52 16.4811 [FIL] GG495 [EXPTIME] 60.0 [Date] 2020-06-17T16:20:31 [Time] 16:20:31
177/333 LP_335-12-20200617@162142-Eden.fts [TYPE] LIGHT [OBJ] LP_335-12 [RA] 18 39 33.0748 [Dec] +29 52 16.4811 [FIL] GG495 [EXPTIME] 60.0 [Date] 2020-06-17T16:21:42 [Time] 16:21:42
178/333 LP_335-12-20200617@162254-Eden.fts [TYPE] LIGHT [OBJ] LP_335-12 [RA] 18 39 33.0748 [Dec] +29 52 16.4811 [FIL] GG495 [EXPTIME] 60.0 [Date] 2020-06-17T16:22:55 [Time] 16:22:55
179/333 LP_335-12-20200617@162407-Eden.fts [TYPE] LIGHT [OBJ] LP_335-12 [RA] 18 39 33.0748 [Dec] +29 52 16.4811 [FIL] GG495 [EXPTIME] 60.0 [Date] 2020-06-17T16:24:07 [Time] 16:24:07
180/333 LP_335-12-20200617@162519-Eden.fts [TYPE] LIGHT [OBJ] LP_335-12 [RA] 18 39 33.0748 [Dec] +29 52 16.4811 [FIL] GG495 [EXPTIME] 60.0 [Date] 2020-06-17T16:25:19 [Time] 16:25:19
181/333 LP_335-12-20200617@162631-Eden.fts [TYPE] LIGHT [OBJ] LP_335-12 [RA] 18 39 33.0748 [Dec] +29 52 16.4811 [FIL] GG495 [EXPTIME] 60.0 [Date] 2020-06-17T16:26:32 [Time] 16:26:32
182/333 LP_335-12-20200617@162743-Eden.fts [TYPE] LIGHT [OBJ] LP_335-12 [RA] 18 39 33.0748 [Dec] +29 52 16.4811 [FIL] GG495 [EXPTIME] 60.0 [Date] 2020-06-17T16:27:44 [Time] 16:27:44
183/333 LP_335-12-20200617@162857-Eden.fts [TYPE] LIGHT [OBJ] LP_335-12 [RA] 18 39 33.0748 [Dec] +29 52 16.4811 [FIL] GG495 [EXPTIME] 60.0 [Date] 2020-06-17T16:28:57 [Time] 16:28:57
184/333 LP_335-12-20200617@163008-Eden.fts [TYPE] LIGHT [OBJ] LP_335-12 [RA] 18 39 33.0748 [Dec] +29 52 16.4811 [FIL] GG495 [EXPTIME] 60.0 [Date] 2020-06-17T16:30:08 [Time] 16:30:08
185/333 LP_335-12-20200617@163121-Eden.fts [TYPE] LIGHT [OBJ] LP_335-12 [RA] 18 39 33.0748 [Dec] +29 52 16.4811 [FIL] GG495 [EXPTIME] 60.0 [Date] 2020-06-17T16:31:21 [Time] 16:31:21
186/333 LP_335-12-20200617@163233-Eden.fts [TYPE] LIGHT [OBJ] LP_335-12 [RA] 18 39 33.0748 [Dec] +29 52 16.4811 [FIL] GG495 [EXPTIME] 60.0 [Date] 2020-06-17T16:32:33 [Time] 16:32:33
187/333 LP_335-12-20200617@163346-Eden.fts [TYPE] LIGHT [OBJ] LP_335-12 [RA] 18 39 33.0748 [Dec] +29 52 16.4811 [FIL] GG495 [EXPTIME] 60.0 [Date] 2020-06-17T16:33:46 [Time] 16:33:46
188/333 LP_335-12-20200617@163458-Eden.fts [TYPE] LIGHT [OBJ] LP_335-12 [RA] 18 39 33.0748 [Dec] +29 52 16.4811 [FIL] GG495 [EXPTIME] 60.0 [Date] 2020-06-17T16:34:59 [Time] 16:34:59
189/333 LP_335-12-20200617@163611-Eden.fts [TYPE] LIGHT [OBJ] LP_335-12 [RA] 18 39 33.0748 [Dec] +29 52 16.4811 [FIL] GG495 [EXPTIME] 60.0 [Date] 2020-06-17T16:36:11 [Time] 16:36:11
190/333 LP_335-12-20200617@163723-Eden.fts [TYPE] LIGHT [OBJ] LP_335-12 [RA] 18 39 33.0748 [Dec] +29 52 16.4811 [FIL] GG495 [EXPTIME] 60.0 [Date] 2020-06-17T16:37:23 [Time] 16:37:23
191/333 LP_335-12-20200617@163836-Eden.fts [TYPE] LIGHT [OBJ] LP_335-12 [RA] 18 39 33.0748 [Dec] +29 52 16.4811 [FIL] GG495 [EXPTIME] 60.0 [Date] 2020-06-17T16:38:36 [Time] 16:38:36
192/333 LP_335-12-20200617@163948-Eden.fts [TYPE] LIGHT [OBJ] LP_335-12 [RA] 18 39 33.0748 [Dec] +29 52 16.4811 [FIL] GG495 [EXPTIME] 60.0 [Date] 2020-06-17T16:39:48 [Time] 16:39:48
193/333 LP_335-12-20200617@164100-Eden.fts [TYPE] LIGHT [OBJ] LP_335-12 [RA] 18 39 33.0748 [Dec] +29 52 16.4811 [FIL] GG495 [EXPTIME] 60.0 [Date] 2020-06-17T16:41:00 [Time] 16:41:00
194/333 LP_335-12-20200617@164212-Eden.fts [TYPE] LIGHT [OBJ] LP_335-12 [RA] 18 39 33.0748 [Dec] +29 52 16.4811 [FIL] GG495 [EXPTIME] 60.0 [Date] 2020-06-17T16:42:12 [Time] 16:42:12
195/333 LP_335-12-20200617@164325-Eden.fts [TYPE] LIGHT [OBJ] LP_335-12 [RA] 18 39 33.0748 [Dec] +29 52 16.4811 [FIL] GG495 [EXPTIME] 60.0 [Date] 2020-06-17T16:43:25 [Time] 16:43:25
196/333 LP_335-12-20200617@164437-Eden.fts [TYPE] LIGHT [OBJ] LP_335-12 [RA] 18 39 33.0748 [Dec] +29 52 16.4811 [FIL] GG495 [EXPTIME] 60.0 [Date] 2020-06-17T16:44:38 [Time] 16:44:38
197/333 LP_335-12-20200617@164550-Eden.fts [TYPE] LIGHT [OBJ] LP_335-12 [RA] 18 39 33.0748 [Dec] +29 52 16.4811 [FIL] GG495 [EXPTIME] 60.0 [Date] 2020-06-17T16:45:50 [Time] 16:45:50
198/333 LP_335-12-20200617@164702-Eden.fts [TYPE] LIGHT [OBJ] LP_335-12 [RA] 18 39 33.0748 [Dec] +29 52 16.4811 [FIL] GG495 [EXPTIME] 60.0 [Date] 2020-06-17T16:47:02 [Time] 16:47:02
199/333 LP_335-12-20200617@164814-Eden.fts [TYPE] LIGHT [OBJ] LP_335-12 [RA] 18 39 33.0748 [Dec] +29 52 16.4811 [FIL] GG495 [EXPTIME] 60.0 [Date] 2020-06-17T16:48:14 [Time] 16:48:14
200/333 LP_335-12-20200617@164926-Eden.fts [TYPE] LIGHT [OBJ] LP_335-12 [RA] 18 39 33.0748 [Dec] +29 52 16.4811 [FIL] GG495 [EXPTIME] 60.0 [Date] 2020-06-17T16:49:26 [Time] 16:49:26
201/333 LP_335-12-20200617@165039-Eden.fts [TYPE] LIGHT [OBJ] LP_335-12 [RA] 18 39 33.0748 [Dec] +29 52 16.4811 [FIL] GG495 [EXPTIME] 60.0 [Date] 2020-06-17T16:50:39 [Time] 16:50:39
202/333 LP_335-12-20200617@165151-Eden.fts [TYPE] LIGHT [OBJ] LP_335-12 [RA] 18 39 33.0748 [Dec] +29 52 16.4811 [FIL] GG495 [EXPTIME] 60.0 [Date] 2020-06-17T16:51:51 [Time] 16:51:51
203/333 LP_335-12-20200617@165303-Eden.fts [TYPE] LIGHT [OBJ] LP_335-12 [RA] 18 39 33.0748 [Dec] +29 52 16.4811 [FIL] GG495 [EXPTIME] 60.0 [Date] 2020-06-17T16:53:03 [Time] 16:53:03
204/333 LP_335-12-20200617@165415-Eden.fts [TYPE] LIGHT [OBJ] LP_335-12 [RA] 18 39 33.0748 [Dec] +29 52 16.4811 [FIL] GG495 [EXPTIME] 60.0 [Date] 2020-06-17T16:54:16 [Time] 16:54:16
205/333 LP_335-12-20200617@165526-Eden.fts [TYPE] LIGHT [OBJ] LP_335-12 [RA] 18 39 33.0748 [Dec] +29 52 16.4811 [FIL] GG495 [EXPTIME] 60.0 [Date] 2020-06-17T16:55:27 [Time] 16:55:27
206/333 LP_335-12-20200617@165639-Eden.fts [TYPE] LIGHT [OBJ] LP_335-12 [RA] 18 39 33.0748 [Dec] +29 52 16.4811 [FIL] GG495 [EXPTIME] 60.0 [Date] 2020-06-17T16:56:39 [Time] 16:56:39
207/333 LP_335-12-20200617@165751-Eden.fts [TYPE] LIGHT [OBJ] LP_335-12 [RA] 18 39 33.0748 [Dec] +29 52 16.4811 [FIL] GG495 [EXPTIME] 60.0 [Date] 2020-06-17T16:57:52 [Time] 16:57:52
208/333 LP_335-12-20200617@165904-Eden.fts [TYPE] LIGHT [OBJ] LP_335-12 [RA] 18 39 33.0748 [Dec] +29 52 16.4811 [FIL] GG495 [EXPTIME] 60.0 [Date] 2020-06-17T16:59:04 [Time] 16:59:04
209/333 LP_335-12-20200617@170015-Eden.fts [TYPE] LIGHT [OBJ] LP_335-12 [RA] 18 39 33.0748 [Dec] +29 52 16.4811 [FIL] GG495 [EXPTIME] 60.0 [Date] 2020-06-17T17:00:16 [Time] 17:00:16
210/333 LP_335-12-20200617@170128-Eden.fts [TYPE] LIGHT [OBJ] LP_335-12 [RA] 18 39 33.0748 [Dec] +29 52 16.4811 [FIL] GG495 [EXPTIME] 60.0 [Date] 2020-06-17T17:01:28 [Time] 17:01:28
211/333 LP_335-12-20200617@170239-Eden.fts [TYPE] LIGHT [OBJ] LP_335-12 [RA] 18 39 33.0748 [Dec] +29 52 16.4811 [FIL] GG495 [EXPTIME] 60.0 [Date] 2020-06-17T17:02:39 [Time] 17:02:39
212/333 LP_335-12-20200617@170350-Eden.fts [TYPE] LIGHT [OBJ] LP_335-12 [RA] 18 39 33.0748 [Dec] +29 52 16.4811 [FIL] GG495 [EXPTIME] 60.0 [Date] 2020-06-17T17:03:51 [Time] 17:03:51
213/333 LP_335-12-20200617@170502-Eden.fts [TYPE] LIGHT [OBJ] LP_335-12 [RA] 18 39 33.0748 [Dec] +29 52 16.4811 [FIL] GG495 [EXPTIME] 60.0 [Date] 2020-06-17T17:05:02 [Time] 17:05:02
214/333 LP_335-12-20200617@170614-Eden.fts [TYPE] LIGHT [OBJ] LP_335-12 [RA] 18 39 33.0748 [Dec] +29 52 16.4811 [FIL] GG495 [EXPTIME] 60.0 [Date] 2020-06-17T17:06:14 [Time] 17:06:14
215/333 LP_335-12-20200617@170726-Eden.fts [TYPE] LIGHT [OBJ] LP_335-12 [RA] 18 39 33.0748 [Dec] +29 52 16.4811 [FIL] GG495 [EXPTIME] 60.0 [Date] 2020-06-17T17:07:27 [Time] 17:07:27
216/333 LP_335-12-20200617@170838-Eden.fts [TYPE] LIGHT [OBJ] LP_335-12 [RA] 18 39 33.0748 [Dec] +29 52 16.4811 [FIL] GG495 [EXPTIME] 60.0 [Date] 2020-06-17T17:08:38 [Time] 17:08:38
217/333 LP_335-12-20200617@170949-Eden.fts [TYPE] LIGHT [OBJ] LP_335-12 [RA] 18 39 33.0748 [Dec] +29 52 16.4811 [FIL] GG495 [EXPTIME] 60.0 [Date] 2020-06-17T17:09:50 [Time] 17:09:50
218/333 LP_335-12-20200617@171101-Eden.fts [TYPE] LIGHT [OBJ] LP_335-12 [RA] 18 39 33.0748 [Dec] +29 52 16.4811 [FIL] GG495 [EXPTIME] 60.0 [Date] 2020-06-17T17:11:01 [Time] 17:11:01
219/333 LP_335-12-20200617@171212-Eden.fts [TYPE] LIGHT [OBJ] LP_335-12 [RA] 18 39 33.0748 [Dec] +29 52 16.4811 [FIL] GG495 [EXPTIME] 60.0 [Date] 2020-06-17T17:12:12 [Time] 17:12:12
220/333 LP_335-12-20200617@171323-Eden.fts [TYPE] LIGHT [OBJ] LP_335-12 [RA] 18 39 33.0748 [Dec] +29 52 16.4811 [FIL] GG495 [EXPTIME] 60.0 [Date] 2020-06-17T17:13:24 [Time] 17:13:24
221/333 LP_335-12-20200617@171435-Eden.fts [TYPE] LIGHT [OBJ] LP_335-12 [RA] 18 39 33.0748 [Dec] +29 52 16.4811 [FIL] GG495 [EXPTIME] 60.0 [Date] 2020-06-17T17:14:36 [Time] 17:14:36
222/333 LP_335-12-20200617@171547-Eden.fts [TYPE] LIGHT [OBJ] LP_335-12 [RA] 18 39 33.0748 [Dec] +29 52 16.4811 [FIL] GG495 [EXPTIME] 60.0 [Date] 2020-06-17T17:15:48 [Time] 17:15:48
223/333 LP_335-12-20200617@171659-Eden.fts [TYPE] LIGHT [OBJ] LP_335-12 [RA] 18 39 33.0748 [Dec] +29 52 16.4811 [FIL] GG495 [EXPTIME] 60.0 [Date] 2020-06-17T17:17:00 [Time] 17:17:00
224/333 LP_335-12-20200617@171810-Eden.fts [TYPE] LIGHT [OBJ] LP_335-12 [RA] 18 39 33.0748 [Dec] +29 52 16.4811 [FIL] GG495 [EXPTIME] 60.0 [Date] 2020-06-17T17:18:11 [Time] 17:18:11
225/333 LP_335-12-20200617@171922-Eden.fts [TYPE] LIGHT [OBJ] LP_335-12 [RA] 18 39 33.0748 [Dec] +29 52 16.4811 [FIL] GG495 [EXPTIME] 60.0 [Date] 2020-06-17T17:19:23 [Time] 17:19:23
226/333 LP_335-12-20200617@172033-Eden.fts [TYPE] LIGHT [OBJ] LP_335-12 [RA] 18 39 33.0748 [Dec] +29 52 16.4811 [FIL] GG495 [EXPTIME] 60.0 [Date] 2020-06-17T17:20:33 [Time] 17:20:33
227/333 LP_335-12-20200617@172145-Eden.fts [TYPE] LIGHT [OBJ] LP_335-12 [RA] 18 39 33.0748 [Dec] +29 52 16.4811 [FIL] GG495 [EXPTIME] 60.0 [Date] 2020-06-17T17:21:46 [Time] 17:21:46
228/333 LP_335-12-20200617@172257-Eden.fts [TYPE] LIGHT [OBJ] LP_335-12 [RA] 18 39 33.0748 [Dec] +29 52 16.4811 [FIL] GG495 [EXPTIME] 60.0 [Date] 2020-06-17T17:22:57 [Time] 17:22:57
229/333 LP_335-12-20200617@172410-Eden.fts [TYPE] LIGHT [OBJ] LP_335-12 [RA] 18 39 33.0748 [Dec] +29 52 16.4811 [FIL] GG495 [EXPTIME] 60.0 [Date] 2020-06-17T17:24:10 [Time] 17:24:10
230/333 LP_335-12-20200617@172523-Eden.fts [TYPE] LIGHT [OBJ] LP_335-12 [RA] 18 39 33.0748 [Dec] +29 52 16.4811 [FIL] GG495 [EXPTIME] 60.0 [Date] 2020-06-17T17:25:23 [Time] 17:25:23
231/333 LP_335-12-20200617@172636-Eden.fts [TYPE] LIGHT [OBJ] LP_335-12 [RA] 18 39 33.0748 [Dec] +29 52 16.4811 [FIL] GG495 [EXPTIME] 60.0 [Date] 2020-06-17T17:26:36 [Time] 17:26:36
232/333 LP_335-12-20200617@172748-Eden.fts [TYPE] LIGHT [OBJ] LP_335-12 [RA] 18 39 33.0748 [Dec] +29 52 16.4811 [FIL] GG495 [EXPTIME] 60.0 [Date] 2020-06-17T17:27:48 [Time] 17:27:48
233/333 LP_335-12-20200617@172901-Eden.fts [TYPE] LIGHT [OBJ] LP_335-12 [RA] 18 39 33.0748 [Dec] +29 52 16.4811 [FIL] GG495 [EXPTIME] 60.0 [Date] 2020-06-17T17:29:02 [Time] 17:29:02
234/333 LP_335-12-20200617@173014-Eden.fts [TYPE] LIGHT [OBJ] LP_335-12 [RA] 18 39 33.0748 [Dec] +29 52 16.4811 [FIL] GG495 [EXPTIME] 60.0 [Date] 2020-06-17T17:30:14 [Time] 17:30:14
235/333 LP_335-12-20200617@173126-Eden.fts [TYPE] LIGHT [OBJ] LP_335-12 [RA] 18 39 33.0748 [Dec] +29 52 16.4811 [FIL] GG495 [EXPTIME] 60.0 [Date] 2020-06-17T17:31:26 [Time] 17:31:26
236/333 LP_335-12-20200617@173238-Eden.fts [TYPE] LIGHT [OBJ] LP_335-12 [RA] 18 39 33.0748 [Dec] +29 52 16.4811 [FIL] GG495 [EXPTIME] 60.0 [Date] 2020-06-17T17:32:38 [Time] 17:32:38
237/333 LP_335-12-20200617@173350-Eden.fts [TYPE] LIGHT [OBJ] LP_335-12 [RA] 18 39 33.0748 [Dec] +29 52 16.4811 [FIL] GG495 [EXPTIME] 60.0 [Date] 2020-06-17T17:33:50 [Time] 17:33:50
238/333 LP_335-12-20200617@173502-Eden.fts [TYPE] LIGHT [OBJ] LP_335-12 [RA] 18 39 33.0748 [Dec] +29 52 16.4811 [FIL] GG495 [EXPTIME] 60.0 [Date] 2020-06-17T17:35:02 [Time] 17:35:02
239/333 LP_335-12-20200617@173613-Eden.fts [TYPE] LIGHT [OBJ] LP_335-12 [RA] 18 39 33.0748 [Dec] +29 52 16.4811 [FIL] GG495 [EXPTIME] 60.0 [Date] 2020-06-17T17:36:14 [Time] 17:36:14
240/333 LP_335-12-20200617@173727-Eden.fts [TYPE] LIGHT [OBJ] LP_335-12 [RA] 18 39 33.0748 [Dec] +29 52 16.4811 [FIL] GG495 [EXPTIME] 60.0 [Date] 2020-06-17T17:37:27 [Time] 17:37:27
241/333 LP_335-12-20200617@173839-Eden.fts [TYPE] LIGHT [OBJ] LP_335-12 [RA] 18 39 33.0748 [Dec] +29 52 16.4811 [FIL] GG495 [EXPTIME] 60.0 [Date] 2020-06-17T17:38:39 [Time] 17:38:39
242/333 LP_335-12-20200617@173951-Eden.fts [TYPE] LIGHT [OBJ] LP_335-12 [RA] 18 39 33.0748 [Dec] +29 52 16.4811 [FIL] GG495 [EXPTIME] 60.0 [Date] 2020-06-17T17:39:51 [Time] 17:39:51
243/333 LP_335-12-20200617@174103-Eden.fts [TYPE] LIGHT [OBJ] LP_335-12 [RA] 18 39 33.0748 [Dec] +29 52 16.4811 [FIL] GG495 [EXPTIME] 60.0 [Date] 2020-06-17T17:41:03 [Time] 17:41:03
244/333 LP_335-12-20200617@174215-Eden.fts [TYPE] LIGHT [OBJ] LP_335-12 [RA] 18 39 33.0748 [Dec] +29 52 16.4811 [FIL] GG495 [EXPTIME] 60.0 [Date] 2020-06-17T17:42:15 [Time] 17:42:15
245/333 LP_335-12-20200617@174327-Eden.fts [TYPE] LIGHT [OBJ] LP_335-12 [RA] 18 39 33.0748 [Dec] +29 52 16.4811 [FIL] GG495 [EXPTIME] 60.0 [Date] 2020-06-17T17:43:28 [Time] 17:43:28
246/333 LP_335-12-20200617@174440-Eden.fts [TYPE] LIGHT [OBJ] LP_335-12 [RA] 18 39 33.0748 [Dec] +29 52 16.4811 [FIL] GG495 [EXPTIME] 60.0 [Date] 2020-06-17T17:44:40 [Time] 17:44:40
247/333 LP_335-12-20200617@174552-Eden.fts [TYPE] LIGHT [OBJ] LP_335-12 [RA] 18 39 33.0748 [Dec] +29 52 16.4811 [FIL] GG495 [EXPTIME] 60.0 [Date] 2020-06-17T17:45:52 [Time] 17:45:52
248/333 LP_335-12-20200617@174703-Eden.fts [TYPE] LIGHT [OBJ] LP_335-12 [RA] 18 39 33.0748 [Dec] +29 52 16.4811 [FIL] GG495 [EXPTIME] 60.0 [Date] 2020-06-17T17:47:04 [Time] 17:47:04
249/333 LP_335-12-20200617@174815-Eden.fts [TYPE] LIGHT [OBJ] LP_335-12 [RA] 18 39 33.0748 [Dec] +29 52 16.4811 [FIL] GG495 [EXPTIME] 60.0 [Date] 2020-06-17T17:48:16 [Time] 17:48:16
250/333 LP_335-12-20200617@174928-Eden.fts [TYPE] LIGHT [OBJ] LP_335-12 [RA] 18 39 33.0748 [Dec] +29 52 16.4811 [FIL] GG495 [EXPTIME] 60.0 [Date] 2020-06-17T17:49:29 [Time] 17:49:29
251/333 LP_335-12-20200617@175041-Eden.fts [TYPE] LIGHT [OBJ] LP_335-12 [RA] 18 39 33.0748 [Dec] +29 52 16.4811 [FIL] GG495 [EXPTIME] 60.0 [Date] 2020-06-17T17:50:41 [Time] 17:50:41
252/333 LP_335-12-20200617@175153-Eden.fts [TYPE] LIGHT [OBJ] LP_335-12 [RA] 18 39 33.0748 [Dec] +29 52 16.4811 [FIL] GG495 [EXPTIME] 60.0 [Date] 2020-06-17T17:51:53 [Time] 17:51:53
253/333 LP_335-12-20200617@175305-Eden.fts [TYPE] LIGHT [OBJ] LP_335-12 [RA] 18 39 33.0748 [Dec] +29 52 16.4811 [FIL] GG495 [EXPTIME] 60.0 [Date] 2020-06-17T17:53:05 [Time] 17:53:05
254/333 LP_335-12-20200617@175418-Eden.fts [TYPE] LIGHT [OBJ] LP_335-12 [RA] 18 39 33.0748 [Dec] +29 52 16.4811 [FIL] GG495 [EXPTIME] 60.0 [Date] 2020-06-17T17:54:18 [Time] 17:54:18
255/333 LP_335-12-20200617@175531-Eden.fts [TYPE] LIGHT [OBJ] LP_335-12 [RA] 18 39 33.0748 [Dec] +29 52 16.4811 [FIL] GG495 [EXPTIME] 60.0 [Date] 2020-06-17T17:55:31 [Time] 17:55:31
256/333 LP_335-12-20200617@175643-Eden.fts [TYPE] LIGHT [OBJ] LP_335-12 [RA] 18 39 33.0748 [Dec] +29 52 16.4811 [FIL] GG495 [EXPTIME] 60.0 [Date] 2020-06-17T17:56:43 [Time] 17:56:43
257/333 LP_335-12-20200617@175754-Eden.fts [TYPE] LIGHT [OBJ] LP_335-12 [RA] 18 39 33.0748 [Dec] +29 52 16.4811 [FIL] GG495 [EXPTIME] 60.0 [Date] 2020-06-17T17:57:56 [Time] 17:57:56
258/333 LP_335-12-20200617@175908-Eden.fts [TYPE] LIGHT [OBJ] LP_335-12 [RA] 18 39 33.0748 [Dec] +29 52 16.4811 [FIL] GG495 [EXPTIME] 60.0 [Date] 2020-06-17T17:59:09 [Time] 17:59:09
259/333 LP_335-12-20200617@180021-Eden.fts [TYPE] LIGHT [OBJ] LP_335-12 [RA] 18 39 33.0748 [Dec] +29 52 16.4811 [FIL] GG495 [EXPTIME] 60.0 [Date] 2020-06-17T18:00:21 [Time] 18:00:21
260/333 LP_335-12-20200617@180133-Eden.fts [TYPE] LIGHT [OBJ] LP_335-12 [RA] 18 39 33.0748 [Dec] +29 52 16.4811 [FIL] GG495 [EXPTIME] 60.0 [Date] 2020-06-17T18:01:33 [Time] 18:01:33
261/333 LP_335-12-20200617@180245-Eden.fts [TYPE] LIGHT [OBJ] LP_335-12 [RA] 18 39 33.0748 [Dec] +29 52 16.4811 [FIL] GG495 [EXPTIME] 60.0 [Date] 2020-06-17T18:02:45 [Time] 18:02:45
262/333 LP_335-12-20200617@180359-Eden.fts [TYPE] LIGHT [OBJ] LP_335-12 [RA] 18 39 33.0748 [Dec] +29 52 16.4811 [FIL] GG495 [EXPTIME] 60.0 [Date] 2020-06-17T18:04:00 [Time] 18:04:00
263/333 LP_335-12-20200617@180511-Eden.fts [TYPE] LIGHT [OBJ] LP_335-12 [RA] 18 39 33.0748 [Dec] +29 52 16.4811 [FIL] GG495 [EXPTIME] 60.0 [Date] 2020-06-17T18:05:12 [Time] 18:05:12
264/333 LP_335-12-20200617@180624-Eden.fts [TYPE] LIGHT [OBJ] LP_335-12 [RA] 18 39 33.0748 [Dec] +29 52 16.4811 [FIL] GG495 [EXPTIME] 60.0 [Date] 2020-06-17T18:06:24 [Time] 18:06:24
265/333 LP_335-12-20200617@180736-Eden.fts [TYPE] LIGHT [OBJ] LP_335-12 [RA] 18 39 33.0748 [Dec] +29 52 16.4811 [FIL] GG495 [EXPTIME] 60.0 [Date] 2020-06-17T18:07:37 [Time] 18:07:37
266/333 LP_335-12-20200617@180849-Eden.fts [TYPE] LIGHT [OBJ] LP_335-12 [RA] 18 39 33.0748 [Dec] +29 52 16.4811 [FIL] GG495 [EXPTIME] 60.0 [Date] 2020-06-17T18:08:49 [Time] 18:08:49
267/333 LP_335-12-20200617@181001-Eden.fts [TYPE] LIGHT [OBJ] LP_335-12 [RA] 18 39 33.0748 [Dec] +29 52 16.4811 [FIL] GG495 [EXPTIME] 60.0 [Date] 2020-06-17T18:10:01 [Time] 18:10:01
268/333 LP_335-12-20200617@181114-Eden.fts [TYPE] LIGHT [OBJ] LP_335-12 [RA] 18 39 33.0748 [Dec] +29 52 16.4811 [FIL] GG495 [EXPTIME] 60.0 [Date] 2020-06-17T18:11:14 [Time] 18:11:14
269/333 LP_335-12-20200617@181225-Eden.fts [TYPE] LIGHT [OBJ] LP_335-12 [RA] 18 39 33.0748 [Dec] +29 52 16.4811 [FIL] GG495 [EXPTIME] 60.0 [Date] 2020-06-17T18:12:25 [Time] 18:12:25
270/333 LP_335-12-20200617@181336-Eden.fts [TYPE] LIGHT [OBJ] LP_335-12 [RA] 18 39 33.0748 [Dec] +29 52 16.4811 [FIL] GG495 [EXPTIME] 60.0 [Date] 2020-06-17T18:13:36 [Time] 18:13:36
271/333 LP_335-12-20200617@181449-Eden.fts [TYPE] LIGHT [OBJ] LP_335-12 [RA] 18 39 33.0748 [Dec] +29 52 16.4811 [FIL] GG495 [EXPTIME] 60.0 [Date] 2020-06-17T18:14:49 [Time] 18:14:49
272/333 LP_335-12-20200617@181601-Eden.fts [TYPE] LIGHT [OBJ] LP_335-12 [RA] 18 39 33.0748 [Dec] +29 52 16.4811 [FIL] GG495 [EXPTIME] 60.0 [Date] 2020-06-17T18:16:01 [Time] 18:16:01
273/333 LP_335-12-20200617@181713-Eden.fts [TYPE] LIGHT [OBJ] LP_335-12 [RA] 18 39 33.0748 [Dec] +29 52 16.4811 [FIL] GG495 [EXPTIME] 60.0 [Date] 2020-06-17T18:17:14 [Time] 18:17:14
274/333 LP_335-12-20200617@181827-Eden.fts [TYPE] LIGHT [OBJ] LP_335-12 [RA] 18 39 33.0748 [Dec] +29 52 16.4811 [FIL] GG495 [EXPTIME] 60.0 [Date] 2020-06-17T18:18:28 [Time] 18:18:28
275/333 LP_335-12-20200617@181939-Eden.fts [TYPE] LIGHT [OBJ] LP_335-12 [RA] 18 39 33.0748 [Dec] +29 52 16.4811 [FIL] GG495 [EXPTIME] 60.0 [Date] 2020-06-17T18:19:40 [Time] 18:19:40
276/333 LP_335-12-20200617@182052-Eden.fts [TYPE] LIGHT [OBJ] LP_335-12 [RA] 18 39 33.0748 [Dec] +29 52 16.4811 [FIL] GG495 [EXPTIME] 60.0 [Date] 2020-06-17T18:20:53 [Time] 18:20:53
277/333 LP_335-12-20200617@182205-Eden.fts [TYPE] LIGHT [OBJ] LP_335-12 [RA] 18 39 33.0748 [Dec] +29 52 16.4811 [FIL] GG495 [EXPTIME] 60.0 [Date] 2020-06-17T18:22:05 [Time] 18:22:05
278/333 LP_335-12-20200617@182317-Eden.fts [TYPE] LIGHT [OBJ] LP_335-12 [RA] 18 39 33.0748 [Dec] +29 52 16.4811 [FIL] GG495 [EXPTIME] 60.0 [Date] 2020-06-17T18:23:17 [Time] 18:23:17
279/333 LP_335-12-20200617@182429-Eden.fts [TYPE] LIGHT [OBJ] LP_335-12 [RA] 18 39 33.0748 [Dec] +29 52 16.4811 [FIL] GG495 [EXPTIME] 60.0 [Date] 2020-06-17T18:24:29 [Time] 18:24:29
280/333 LP_335-12-20200617@182542-Eden.fts [TYPE] LIGHT [OBJ] LP_335-12 [RA] 18 39 33.0748 [Dec] +29 52 16.4811 [FIL] GG495 [EXPTIME] 60.0 [Date] 2020-06-17T18:25:42 [Time] 18:25:42
281/333 LP_335-12-20200617@182654-Eden.fts [TYPE] LIGHT [OBJ] LP_335-12 [RA] 18 39 33.0748 [Dec] +29 52 16.4811 [FIL] GG495 [EXPTIME] 60.0 [Date] 2020-06-17T18:26:54 [Time] 18:26:54
282/333 LP_335-12-20200617@182806-Eden.fts [TYPE] LIGHT [OBJ] LP_335-12 [RA] 18 39 33.0748 [Dec] +29 52 16.4811 [FIL] GG495 [EXPTIME] 60.0 [Date] 2020-06-17T18:28:06 [Time] 18:28:06
283/333 LP_335-12-20200617@182918-Eden.fts [TYPE] LIGHT [OBJ] LP_335-12 [RA] 18 39 33.0748 [Dec] +29 52 16.4811 [FIL] GG495 [EXPTIME] 60.0 [Date] 2020-06-17T18:29:18 [Time] 18:29:18
284/333 LP_335-12-20200617@183030-Eden.fts [TYPE] LIGHT [OBJ] LP_335-12 [RA] 18 39 33.0748 [Dec] +29 52 16.4811 [FIL] GG495 [EXPTIME] 60.0 [Date] 2020-06-17T18:30:31 [Time] 18:30:31
285/333 LP_335-12-20200617@183142-Eden.fts [TYPE] LIGHT [OBJ] LP_335-12 [RA] 18 39 33.0748 [Dec] +29 52 16.4811 [FIL] GG495 [EXPTIME] 60.0 [Date] 2020-06-17T18:31:43 [Time] 18:31:43
286/333 LP_335-12-20200617@183255-Eden.fts [TYPE] LIGHT [OBJ] LP_335-12 [RA] 18 39 33.0748 [Dec] +29 52 16.4811 [FIL] GG495 [EXPTIME] 60.0 [Date] 2020-06-17T18:32:55 [Time] 18:32:55
287/333 LP_335-12-20200617@183408-Eden.fts [TYPE] LIGHT [OBJ] LP_335-12 [RA] 18 39 33.0748 [Dec] +29 52 16.4811 [FIL] GG495 [EXPTIME] 60.0 [Date] 2020-06-17T18:34:08 [Time] 18:34:08
288/333 LP_335-12-20200617@183521-Eden.fts [TYPE] LIGHT [OBJ] LP_335-12 [RA] 18 39 33.0748 [Dec] +29 52 16.4811 [FIL] GG495 [EXPTIME] 60.0 [Date] 2020-06-17T18:35:21 [Time] 18:35:21
289/333 LP_335-12-20200617@183633-Eden.fts [TYPE] LIGHT [OBJ] LP_335-12 [RA] 18 39 33.0748 [Dec] +29 52 16.4811 [FIL] GG495 [EXPTIME] 60.0 [Date] 2020-06-17T18:36:33 [Time] 18:36:33
290/333 LP_335-12-20200617@183744-Eden.fts [TYPE] LIGHT [OBJ] LP_335-12 [RA] 18 39 33.0748 [Dec] +29 52 16.4811 [FIL] GG495 [EXPTIME] 60.0 [Date] 2020-06-17T18:37:45 [Time] 18:37:45
291/333 LP_335-12-20200617@183857-Eden.fts [TYPE] LIGHT [OBJ] LP_335-12 [RA] 18 39 33.0748 [Dec] +29 52 16.4811 [FIL] GG495 [EXPTIME] 60.0 [Date] 2020-06-17T18:38:57 [Time] 18:38:57
292/333 LP_335-12-20200617@184008-Eden.fts [TYPE] LIGHT [OBJ] LP_335-12 [RA] 18 39 33.0748 [Dec] +29 52 16.4811 [FIL] GG495 [EXPTIME] 60.0 [Date] 2020-06-17T18:40:09 [Time] 18:40:09
293/333 LP_335-12-20200617@184121-Eden.fts [TYPE] LIGHT [OBJ] LP_335-12 [RA] 18 39 33.0748 [Dec] +29 52 16.4811 [FIL] GG495 [EXPTIME] 60.0 [Date] 2020-06-17T18:41:21 [Time] 18:41:21
294/333 LP_335-12-20200617@184233-Eden.fts [TYPE] LIGHT [OBJ] LP_335-12 [RA] 18 39 33.0748 [Dec] +29 52 16.4811 [FIL] GG495 [EXPTIME] 60.0 [Date] 2020-06-17T18:42:34 [Time] 18:42:34
295/333 LP_335-12-20200617@184346-Eden.fts [TYPE] LIGHT [OBJ] LP_335-12 [RA] 18 39 33.0748 [Dec] +29 52 16.4811 [FIL] GG495 [EXPTIME] 60.0 [Date] 2020-06-17T18:43:46 [Time] 18:43:46
296/333 LP_335-12-20200617@184458-Eden.fts [TYPE] LIGHT [OBJ] LP_335-12 [RA] 18 39 33.0748 [Dec] +29 52 16.4811 [FIL] GG495 [EXPTIME] 60.0 [Date] 2020-06-17T18:44:59 [Time] 18:44:59
297/333 LP_335-12-20200617@184610-Eden.fts [TYPE] LIGHT [OBJ] LP_335-12 [RA] 18 39 33.0748 [Dec] +29 52 16.4811 [FIL] GG495 [EXPTIME] 60.0 [Date] 2020-06-17T18:46:11 [Time] 18:46:11
298/333 LP_335-12-20200617@184723-Eden.fts [TYPE] LIGHT [OBJ] LP_335-12 [RA] 18 39 33.0748 [Dec] +29 52 16.4811 [FIL] GG495 [EXPTIME] 60.0 [Date] 2020-06-17T18:47:24 [Time] 18:47:24
299/333 LP_335-12-20200617@184836-Eden.fts [TYPE] LIGHT [OBJ] LP_335-12 [RA] 18 39 33.0748 [Dec] +29 52 16.4811 [FIL] GG495 [EXPTIME] 60.0 [Date] 2020-06-17T18:48:37 [Time] 18:48:37
300/333 LP_335-12-20200617@184949-Eden.fts [TYPE] LIGHT [OBJ] LP_335-12 [RA] 18 39 33.0748 [Dec] +29 52 16.4811 [FIL] GG495 [EXPTIME] 60.0 [Date] 2020-06-17T18:49:49 [Time] 18:49:49
301/333 LP_335-12-20200617@185101-Eden.fts [TYPE] LIGHT [OBJ] LP_335-12 [RA] 18 39 33.0748 [Dec] +29 52 16.4811 [FIL] GG495 [EXPTIME] 60.0 [Date] 2020-06-17T18:51:01 [Time] 18:51:01
302/333 LP_335-12-20200617@185213-Eden.fts [TYPE] LIGHT [OBJ] LP_335-12 [RA] 18 39 33.0748 [Dec] +29 52 16.4811 [FIL] GG495 [EXPTIME] 60.0 [Date] 2020-06-17T18:52:13 [Time] 18:52:13
303/333 LP_335-12-20200617@185325-Eden.fts [TYPE] LIGHT [OBJ] LP_335-12 [RA] 18 39 33.0748 [Dec] +29 52 16.4811 [FIL] GG495 [EXPTIME] 60.0 [Date] 2020-06-17T18:53:26 [Time] 18:53:26
304/333 LP_335-12-20200617@185437-Eden.fts [TYPE] LIGHT [OBJ] LP_335-12 [RA] 18 39 33.0748 [Dec] +29 52 16.4811 [FIL] GG495 [EXPTIME] 60.0 [Date] 2020-06-17T18:54:37 [Time] 18:54:37
305/333 LP_335-12-20200617@185549-Eden.fts [TYPE] LIGHT [OBJ] LP_335-12 [RA] 18 39 33.0748 [Dec] +29 52 16.4811 [FIL] GG495 [EXPTIME] 60.0 [Date] 2020-06-17T18:55:49 [Time] 18:55:49
306/333 LP_335-12-20200617@185701-Eden.fts [TYPE] LIGHT [OBJ] LP_335-12 [RA] 18 39 33.0748 [Dec] +29 52 16.4811 [FIL] GG495 [EXPTIME] 60.0 [Date] 2020-06-17T18:57:02 [Time] 18:57:02
307/333 LP_335-12-20200617@185813-Eden.fts [TYPE] LIGHT [OBJ] LP_335-12 [RA] 18 39 33.0748 [Dec] +29 52 16.4811 [FIL] GG495 [EXPTIME] 60.0 [Date] 2020-06-17T18:58:14 [Time] 18:58:14
308/333 LP_335-12-20200617@185926-Eden.fts [TYPE] LIGHT [OBJ] LP_335-12 [RA] 18 39 33.0748 [Dec] +29 52 16.4811 [FIL] GG495 [EXPTIME] 60.0 [Date] 2020-06-17T18:59:27 [Time] 18:59:27
309/333 LP_335-12-20200617@190039-Eden.fts [TYPE] LIGHT [OBJ] LP_335-12 [RA] 18 39 33.0748 [Dec] +29 52 16.4811 [FIL] GG495 [EXPTIME] 60.0 [Date] 2020-06-17T19:00:41 [Time] 19:00:41
310/333 LP_335-12-20200617@190152-Eden.fts [TYPE] LIGHT [OBJ] LP_335-12 [RA] 18 39 33.0748 [Dec] +29 52 16.4811 [FIL] GG495 [EXPTIME] 60.0 [Date] 2020-06-17T19:01:52 [Time] 19:01:52
311/333 LP_335-12-20200617@190304-Eden.fts [TYPE] LIGHT [OBJ] LP_335-12 [RA] 18 39 33.0748 [Dec] +29 52 16.4811 [FIL] GG495 [EXPTIME] 60.0 [Date] 2020-06-17T19:03:04 [Time] 19:03:04
312/333 LP_335-12-20200617@190415-Eden.fts [TYPE] LIGHT [OBJ] LP_335-12 [RA] 18 39 33.0748 [Dec] +29 52 16.4811 [FIL] GG495 [EXPTIME] 60.0 [Date] 2020-06-17T19:04:16 [Time] 19:04:16
313/333 LP_335-12-20200617@190528-Eden.fts [TYPE] LIGHT [OBJ] LP_335-12 [RA] 18 39 33.0748 [Dec] +29 52 16.4811 [FIL] GG495 [EXPTIME] 60.0 [Date] 2020-06-17T19:05:28 [Time] 19:05:28
314/333 LP_335-12-20200617@190639-Eden.fts [TYPE] LIGHT [OBJ] LP_335-12 [RA] 18 39 33.0748 [Dec] +29 52 16.4811 [FIL] GG495 [EXPTIME] 60.0 [Date] 2020-06-17T19:06:39 [Time] 19:06:39
315/333 LP_335-12-20200617@190752-Eden.fts [TYPE] LIGHT [OBJ] LP_335-12 [RA] 18 39 33.0748 [Dec] +29 52 16.4811 [FIL] GG495 [EXPTIME] 60.0 [Date] 2020-06-17T19:07:53 [Time] 19:07:53
316/333 LP_335-12-20200617@190904-Eden.fts [TYPE] LIGHT [OBJ] LP_335-12 [RA] 18 39 33.0748 [Dec] +29 52 16.4811 [FIL] GG495 [EXPTIME] 60.0 [Date] 2020-06-17T19:09:04 [Time] 19:09:04
317/333 LP_335-12-20200617@191015-Eden.fts [TYPE] LIGHT [OBJ] LP_335-12 [RA] 18 39 33.0748 [Dec] +29 52 16.4811 [FIL] GG495 [EXPTIME] 60.0 [Date] 2020-06-17T19:10:16 [Time] 19:10:16
318/333 LP_335-12-20200617@191127-Eden.fts [TYPE] LIGHT [OBJ] LP_335-12 [RA] 18 39 33.0748 [Dec] +29 52 16.4811 [FIL] GG495 [EXPTIME] 60.0 [Date] 2020-06-17T19:11:27 [Time] 19:11:27
319/333 LP_335-12-20200617@191238-Eden.fts [TYPE] LIGHT [OBJ] LP_335-12 [RA] 18 39 33.0748 [Dec] +29 52 16.4811 [FIL] GG495 [EXPTIME] 60.0 [Date] 2020-06-17T19:12:38 [Time] 19:12:38
320/333 LP_335-12-20200617@191351-Eden.fts [TYPE] LIGHT [OBJ] LP_335-12 [RA] 18 39 33.0748 [Dec] +29 52 16.4811 [FIL] GG495 [EXPTIME] 60.0 [Date] 2020-06-17T19:13:51 [Time] 19:13:51
321/333 LP_335-12-20200617@191502-Eden.fts [TYPE] LIGHT [OBJ] LP_335-12 [RA] 18 39 33.0748 [Dec] +29 52 16.4811 [FIL] GG495 [EXPTIME] 60.0 [Date] 2020-06-17T19:15:02 [Time] 19:15:02
322/333 LP_335-12-20200617@191614-Eden.fts [TYPE] LIGHT [OBJ] LP_335-12 [RA] 18 39 33.0748 [Dec] +29 52 16.4811 [FIL] GG495 [EXPTIME] 60.0 [Date] 2020-06-17T19:16:15 [Time] 19:16:15
323/333 LP_335-12-20200617@191726-Eden.fts [TYPE] LIGHT [OBJ] LP_335-12 [RA] 18 39 33.0748 [Dec] +29 52 16.4811 [FIL] GG495 [EXPTIME] 60.0 [Date] 2020-06-17T19:17:26 [Time] 19:17:26
324/333 LP_335-12-20200617@191839-Eden.fts [TYPE] LIGHT [OBJ] LP_335-12 [RA] 18 39 33.0748 [Dec] +29 52 16.4811 [FIL] GG495 [EXPTIME] 60.0 [Date] 2020-06-17T19:18:39 [Time] 19:18:39
325/333 LP_335-12-20200617@191951-Eden.fts [TYPE] LIGHT [OBJ] LP_335-12 [RA] 18 39 33.0748 [Dec] +29 52 16.4811 [FIL] GG495 [EXPTIME] 60.0 [Date] 2020-06-17T19:19:51 [Time] 19:19:51
326/333 LP_335-12-20200617@192103-Eden.fts [TYPE] LIGHT [OBJ] LP_335-12 [RA] 18 39 33.0748 [Dec] +29 52 16.4811 [FIL] GG495 [EXPTIME] 60.0 [Date] 2020-06-17T19:21:03 [Time] 19:21:03
327/333 LP_335-12-20200617@192215-Eden.fts [TYPE] LIGHT [OBJ] LP_335-12 [RA] 18 39 33.0748 [Dec] +29 52 16.4811 [FIL] GG495 [EXPTIME] 60.0 [Date] 2020-06-17T19:22:16 [Time] 19:22:16
328/333 LP_335-12-20200617@192327-Eden.fts [TYPE] LIGHT [OBJ] LP_335-12 [RA] 18 39 33.0748 [Dec] +29 52 16.4811 [FIL] GG495 [EXPTIME] 60.0 [Date] 2020-06-17T19:23:28 [Time] 19:23:28
329/333 LP_335-12-20200617@192440-Eden.fts [TYPE] LIGHT [OBJ] LP_335-12 [RA] 18 39 33.0748 [Dec] +29 52 16.4811 [FIL] GG495 [EXPTIME] 60.0 [Date] 2020-06-17T19:24:40 [Time] 19:24:40
330/333 LP_335-12-20200617@192552-Eden.fts [TYPE] LIGHT [OBJ] LP_335-12 [RA] 18 39 33.0748 [Dec] +29 52 16.4811 [FIL] GG495 [EXPTIME] 60.0 [Date] 2020-06-17T19:25:52 [Time] 19:25:52
331/333 LP_335-12-20200617@192705-Eden.fts [TYPE] LIGHT [OBJ] LP_335-12 [RA] 18 39 33.0748 [Dec] +29 52 16.4811 [FIL] GG495 [EXPTIME] 60.0 [Date] 2020-06-17T19:27:06 [Time] 19:27:06
332/333 LP_335-12-20200617@192817-Eden.fts [TYPE] LIGHT [OBJ] LP_335-12 [RA] 18 39 33.0748 [Dec] +29 52 16.4811 [FIL] GG495 [EXPTIME] 60.0 [Date] 2020-06-17T19:28:18 [Time] 19:28:18
333/333 LP_335-12-20200617@192929-Eden.fts [TYPE] LIGHT [OBJ] LP_335-12 [RA] 18 39 33.0748 [Dec] +29 52 16.4811 [FIL] GG495 [EXPTIME] 60.0 [Date] 2020-06-17T19:29:29 [Time] 19:29:29
... write log file to LOT20200617-LP_335-12_mod.log ...
... finish ...
