-----------------
input parameters
-----------------
['modify_header_eden.py', 'LOT20200214', '12']
Your will modify header for: LSPM_J1055+0808 [RA] 10 55 47.3424 [Dec] +08 08 42.9329 [Filter] GG495
---------------
folder: LOT20200214
will update fits in: LOT20200214_mod
 ---------------------------
 Exame Fits Header for Bias
 ---------------------------
find ./LOT20200214/bias-dark/ | grep 'fits\|fts'|sort 
found 40 Bias/Dark
1/40 Bias-20200214@222127-000S.fts [TYPE] BIAS [EXPTIME] 0.0
2/40 Bias-20200214@222136-000S.fts [TYPE] BIAS [EXPTIME] 0.0
3/40 Bias-20200214@222143-000S.fts [TYPE] BIAS [EXPTIME] 0.0
4/40 Bias-20200214@222150-000S.fts [TYPE] BIAS [EXPTIME] 0.0
5/40 Bias-20200214@222157-000S.fts [TYPE] BIAS [EXPTIME] 0.0
6/40 Bias-20200214@222204-000S.fts [TYPE] BIAS [EXPTIME] 0.0
7/40 Bias-20200214@222212-000S.fts [TYPE] BIAS [EXPTIME] 0.0
8/40 Bias-20200214@222218-000S.fts [TYPE] BIAS [EXPTIME] 0.0
9/40 Bias-20200214@222224-000S.fts [TYPE] BIAS [EXPTIME] 0.0
10/40 Bias-20200214@222231-000S.fts [TYPE] BIAS [EXPTIME] 0.0
11/40 Dark-20200214@222239-005S.fts [TYPE] DARK [EXPTIME] 5.0
12/40 Dark-20200214@222251-005S.fts [TYPE] DARK [EXPTIME] 5.0
13/40 Dark-20200214@222303-005S.fts [TYPE] DARK [EXPTIME] 5.0
14/40 Dark-20200214@222315-005S.fts [TYPE] DARK [EXPTIME] 5.0
15/40 Dark-20200214@222327-005S.fts [TYPE] DARK [EXPTIME] 5.0
16/40 Dark-20200214@222338-005S.fts [TYPE] DARK [EXPTIME] 5.0
17/40 Dark-20200214@222351-005S.fts [TYPE] DARK [EXPTIME] 5.0
18/40 Dark-20200214@222403-005S.fts [TYPE] DARK [EXPTIME] 5.0
19/40 Dark-20200214@222415-005S.fts [TYPE] DARK [EXPTIME] 5.0
20/40 Dark-20200214@222427-005S.fts [TYPE] DARK [EXPTIME] 5.0
21/40 Dark-20200214@222440-060S.fts [TYPE] DARK [EXPTIME] 60.0
22/40 Dark-20200214@222546-060S.fts [TYPE] DARK [EXPTIME] 60.0
23/40 Dark-20200214@222653-060S.fts [TYPE] DARK [EXPTIME] 60.0
24/40 Dark-20200214@222800-060S.fts [TYPE] DARK [EXPTIME] 60.0
25/40 Dark-20200214@222907-060S.fts [TYPE] DARK [EXPTIME] 60.0
26/40 Dark-20200214@223014-060S.fts [TYPE] DARK [EXPTIME] 60.0
27/40 Dark-20200214@223121-060S.fts [TYPE] DARK [EXPTIME] 60.0
28/40 Dark-20200214@223228-060S.fts [TYPE] DARK [EXPTIME] 60.0
29/40 Dark-20200214@223334-060S.fts [TYPE] DARK [EXPTIME] 60.0
30/40 Dark-20200214@223441-060S.fts [TYPE] DARK [EXPTIME] 60.0
31/40 Dark-20200214@223549-240S.fts [TYPE] DARK [EXPTIME] 240.0
32/40 Dark-20200214@223956-240S.fts [TYPE] DARK [EXPTIME] 240.0
33/40 Dark-20200214@224403-240S.fts [TYPE] DARK [EXPTIME] 240.0
34/40 Dark-20200214@224810-240S.fts [TYPE] DARK [EXPTIME] 240.0
35/40 Dark-20200214@225217-240S.fts [TYPE] DARK [EXPTIME] 240.0
36/40 Dark-20200214@225626-240S.fts [TYPE] DARK [EXPTIME] 240.0
37/40 Dark-20200214@230032-240S.fts [TYPE] DARK [EXPTIME] 240.0
38/40 Dark-20200214@230439-240S.fts [TYPE] DARK [EXPTIME] 240.0
39/40 Dark-20200214@230845-240S.fts [TYPE] DARK [EXPTIME] 240.0
40/40 Dark-20200214@231253-240S.fts [TYPE] DARK [EXPTIME] 240.0
 ---------------------------
 Exame Fits Header for Flat
 ---------------------------
find ./LOT20200214/ | grep flat/ |grep eden| grep -E 'fits|fts'|sort -t'-' -k2.4,2.6 
found 0 Flat
no files in ./flat/
 ---------------------------
 Update Fits Header for Science Target
 ---------------------------
find ./LOT20200214/wchen/ | cut -d / -f1-4| grep 'fits\|fts'  |sort -t'@' -k2
found 327 Target

... update header ...
1/327 LSPM_J1055+0808-20200214@142235-Eden.fts [TYPE] LIGHT [OBJ] LSPM_J1055+0808 [RA] 10 55 47.3424 [Dec] +08 08 42.9329 [FIL] GG495 [EXPTIME] 60.0 [Date] 2020-02-14T14:22:47 [Time] 14:22:47
2/327 LSPM_J1055+0808-20200214@142401-Eden.fts [TYPE] LIGHT [OBJ] LSPM_J1055+0808 [RA] 10 55 47.3424 [Dec] +08 08 42.9329 [FIL] GG495 [EXPTIME] 60.0 [Date] 2020-02-14T14:24:02 [Time] 14:24:02
3/327 LSPM_J1055+0808-20200214@142515-Eden.fts [TYPE] LIGHT [OBJ] LSPM_J1055+0808 [RA] 10 55 47.3424 [Dec] +08 08 42.9329 [FIL] GG495 [EXPTIME] 60.0 [Date] 2020-02-14T14:25:16 [Time] 14:25:16
4/327 LSPM_J1055+0808-20200214@142630-Eden.fts [TYPE] LIGHT [OBJ] LSPM_J1055+0808 [RA] 10 55 47.3424 [Dec] +08 08 42.9329 [FIL] GG495 [EXPTIME] 60.0 [Date] 2020-02-14T14:26:31 [Time] 14:26:31
5/327 LSPM_J1055+0808-20200214@142744-Eden.fts [TYPE] LIGHT [OBJ] LSPM_J1055+0808 [RA] 10 55 47.3424 [Dec] +08 08 42.9329 [FIL] GG495 [EXPTIME] 60.0 [Date] 2020-02-14T14:27:44 [Time] 14:27:44
6/327 LSPM_J1055+0808-20200214@142858-Eden.fts [TYPE] LIGHT [OBJ] LSPM_J1055+0808 [RA] 10 55 47.3424 [Dec] +08 08 42.9329 [FIL] GG495 [EXPTIME] 60.0 [Date] 2020-02-14T14:28:59 [Time] 14:28:59
7/327 LSPM_J1055+0808-20200214@143012-Eden.fts [TYPE] LIGHT [OBJ] LSPM_J1055+0808 [RA] 10 55 47.3424 [Dec] +08 08 42.9329 [FIL] GG495 [EXPTIME] 60.0 [Date] 2020-02-14T14:30:13 [Time] 14:30:13
8/327 LSPM_J1055+0808-20200214@143126-Eden.fts [TYPE] LIGHT [OBJ] LSPM_J1055+0808 [RA] 10 55 47.3424 [Dec] +08 08 42.9329 [FIL] GG495 [EXPTIME] 60.0 [Date] 2020-02-14T14:31:26 [Time] 14:31:26
9/327 LSPM_J1055+0808-20200214@143240-Eden.fts [TYPE] LIGHT [OBJ] LSPM_J1055+0808 [RA] 10 55 47.3424 [Dec] +08 08 42.9329 [FIL] GG495 [EXPTIME] 60.0 [Date] 2020-02-14T14:32:40 [Time] 14:32:40
10/327 LSPM_J1055+0808-20200214@143355-Eden.fts [TYPE] LIGHT [OBJ] LSPM_J1055+0808 [RA] 10 55 47.3424 [Dec] +08 08 42.9329 [FIL] GG495 [EXPTIME] 60.0 [Date] 2020-02-14T14:33:55 [Time] 14:33:55
11/327 LSPM_J1055+0808-20200214@143509-Eden.fts [TYPE] LIGHT [OBJ] LSPM_J1055+0808 [RA] 10 55 47.3424 [Dec] +08 08 42.9329 [FIL] GG495 [EXPTIME] 60.0 [Date] 2020-02-14T14:35:09 [Time] 14:35:09
12/327 LSPM_J1055+0808-20200214@143624-Eden.fts [TYPE] LIGHT [OBJ] LSPM_J1055+0808 [RA] 10 55 47.3424 [Dec] +08 08 42.9329 [FIL] GG495 [EXPTIME] 60.0 [Date] 2020-02-14T14:36:24 [Time] 14:36:24
13/327 LSPM_J1055+0808-20200214@144443-Eden.fts [TYPE] LIGHT [OBJ] LSPM_J1055+0808 [RA] 10 55 47.3424 [Dec] +08 08 42.9329 [FIL] GG495 [EXPTIME] 60.0 [Date] 2020-02-14T14:44:56 [Time] 14:44:56
14/327 LSPM_J1055+0808-20200214@144611-Eden.fts [TYPE] LIGHT [OBJ] LSPM_J1055+0808 [RA] 10 55 47.3424 [Dec] +08 08 42.9329 [FIL] GG495 [EXPTIME] 60.0 [Date] 2020-02-14T14:46:11 [Time] 14:46:11
15/327 LSPM_J1055+0808-20200214@144726-Eden.fts [TYPE] LIGHT [OBJ] LSPM_J1055+0808 [RA] 10 55 47.3424 [Dec] +08 08 42.9329 [FIL] GG495 [EXPTIME] 60.0 [Date] 2020-02-14T14:47:26 [Time] 14:47:26
16/327 LSPM_J1055+0808-20200214@144840-Eden.fts [TYPE] LIGHT [OBJ] LSPM_J1055+0808 [RA] 10 55 47.3424 [Dec] +08 08 42.9329 [FIL] GG495 [EXPTIME] 60.0 [Date] 2020-02-14T14:48:40 [Time] 14:48:40
17/327 LSPM_J1055+0808-20200214@145944-Eden.fts [TYPE] LIGHT [OBJ] LSPM_J1055+0808 [RA] 10 55 47.3424 [Dec] +08 08 42.9329 [FIL] GG495 [EXPTIME] 60.0 [Date] 2020-02-14T14:59:57 [Time] 14:59:57
18/327 LSPM_J1055+0808-20200214@150111-Eden.fts [TYPE] LIGHT [OBJ] LSPM_J1055+0808 [RA] 10 55 47.3424 [Dec] +08 08 42.9329 [FIL] GG495 [EXPTIME] 60.0 [Date] 2020-02-14T15:01:11 [Time] 15:01:11
19/327 LSPM_J1055+0808-20200214@150227-Eden.fts [TYPE] LIGHT [OBJ] LSPM_J1055+0808 [RA] 10 55 47.3424 [Dec] +08 08 42.9329 [FIL] GG495 [EXPTIME] 60.0 [Date] 2020-02-14T15:02:27 [Time] 15:02:27
20/327 LSPM_J1055+0808-20200214@150342-Eden.fts [TYPE] LIGHT [OBJ] LSPM_J1055+0808 [RA] 10 55 47.3424 [Dec] +08 08 42.9329 [FIL] GG495 [EXPTIME] 60.0 [Date] 2020-02-14T15:03:42 [Time] 15:03:42
21/327 LSPM_J1055+0808-20200214@150458-Eden.fts [TYPE] LIGHT [OBJ] LSPM_J1055+0808 [RA] 10 55 47.3424 [Dec] +08 08 42.9329 [FIL] GG495 [EXPTIME] 60.0 [Date] 2020-02-14T15:04:58 [Time] 15:04:58
22/327 LSPM_J1055+0808-20200214@150613-Eden.fts [TYPE] LIGHT [OBJ] LSPM_J1055+0808 [RA] 10 55 47.3424 [Dec] +08 08 42.9329 [FIL] GG495 [EXPTIME] 60.0 [Date] 2020-02-14T15:06:13 [Time] 15:06:13
23/327 LSPM_J1055+0808-20200214@150727-Eden.fts [TYPE] LIGHT [OBJ] LSPM_J1055+0808 [RA] 10 55 47.3424 [Dec] +08 08 42.9329 [FIL] GG495 [EXPTIME] 60.0 [Date] 2020-02-14T15:07:27 [Time] 15:07:27
24/327 LSPM_J1055+0808-20200214@150842-Eden.fts [TYPE] LIGHT [OBJ] LSPM_J1055+0808 [RA] 10 55 47.3424 [Dec] +08 08 42.9329 [FIL] GG495 [EXPTIME] 60.0 [Date] 2020-02-14T15:08:43 [Time] 15:08:43
25/327 LSPM_J1055+0808-20200214@150956-Eden.fts [TYPE] LIGHT [OBJ] LSPM_J1055+0808 [RA] 10 55 47.3424 [Dec] +08 08 42.9329 [FIL] GG495 [EXPTIME] 60.0 [Date] 2020-02-14T15:09:56 [Time] 15:09:56
26/327 LSPM_J1055+0808-20200214@151111-Eden.fts [TYPE] LIGHT [OBJ] LSPM_J1055+0808 [RA] 10 55 47.3424 [Dec] +08 08 42.9329 [FIL] GG495 [EXPTIME] 60.0 [Date] 2020-02-14T15:11:11 [Time] 15:11:11
27/327 LSPM_J1055+0808-20200214@151224-Eden.fts [TYPE] LIGHT [OBJ] LSPM_J1055+0808 [RA] 10 55 47.3424 [Dec] +08 08 42.9329 [FIL] GG495 [EXPTIME] 60.0 [Date] 2020-02-14T15:12:25 [Time] 15:12:25
28/327 LSPM_J1055+0808-20200214@151340-Eden.fts [TYPE] LIGHT [OBJ] LSPM_J1055+0808 [RA] 10 55 47.3424 [Dec] +08 08 42.9329 [FIL] GG495 [EXPTIME] 60.0 [Date] 2020-02-14T15:13:41 [Time] 15:13:41
29/327 LSPM_J1055+0808-20200214@151454-Eden.fts [TYPE] LIGHT [OBJ] LSPM_J1055+0808 [RA] 10 55 47.3424 [Dec] +08 08 42.9329 [FIL] GG495 [EXPTIME] 60.0 [Date] 2020-02-14T15:14:55 [Time] 15:14:55
30/327 LSPM_J1055+0808-20200214@151609-Eden.fts [TYPE] LIGHT [OBJ] LSPM_J1055+0808 [RA] 10 55 47.3424 [Dec] +08 08 42.9329 [FIL] GG495 [EXPTIME] 60.0 [Date] 2020-02-14T15:16:11 [Time] 15:16:11
31/327 LSPM_J1055+0808-20200214@151728-Eden.fts [TYPE] LIGHT [OBJ] LSPM_J1055+0808 [RA] 10 55 47.3424 [Dec] +08 08 42.9329 [FIL] GG495 [EXPTIME] 60.0 [Date] 2020-02-14T15:17:28 [Time] 15:17:28
32/327 LSPM_J1055+0808-20200214@151842-Eden.fts [TYPE] LIGHT [OBJ] LSPM_J1055+0808 [RA] 10 55 47.3424 [Dec] +08 08 42.9329 [FIL] GG495 [EXPTIME] 60.0 [Date] 2020-02-14T15:18:42 [Time] 15:18:42
33/327 LSPM_J1055+0808-20200214@151958-Eden.fts [TYPE] LIGHT [OBJ] LSPM_J1055+0808 [RA] 10 55 47.3424 [Dec] +08 08 42.9329 [FIL] GG495 [EXPTIME] 60.0 [Date] 2020-02-14T15:19:59 [Time] 15:19:59
34/327 LSPM_J1055+0808-20200214@152114-Eden.fts [TYPE] LIGHT [OBJ] LSPM_J1055+0808 [RA] 10 55 47.3424 [Dec] +08 08 42.9329 [FIL] GG495 [EXPTIME] 60.0 [Date] 2020-02-14T15:21:15 [Time] 15:21:15
35/327 LSPM_J1055+0808-20200214@152229-Eden.fts [TYPE] LIGHT [OBJ] LSPM_J1055+0808 [RA] 10 55 47.3424 [Dec] +08 08 42.9329 [FIL] GG495 [EXPTIME] 60.0 [Date] 2020-02-14T15:22:30 [Time] 15:22:30
36/327 LSPM_J1055+0808-20200214@152344-Eden.fts [TYPE] LIGHT [OBJ] LSPM_J1055+0808 [RA] 10 55 47.3424 [Dec] +08 08 42.9329 [FIL] GG495 [EXPTIME] 60.0 [Date] 2020-02-14T15:23:45 [Time] 15:23:45
37/327 LSPM_J1055+0808-20200214@152500-Eden.fts [TYPE] LIGHT [OBJ] LSPM_J1055+0808 [RA] 10 55 47.3424 [Dec] +08 08 42.9329 [FIL] GG495 [EXPTIME] 60.0 [Date] 2020-02-14T15:25:00 [Time] 15:25:00
38/327 LSPM_J1055+0808-20200214@152614-Eden.fts [TYPE] LIGHT [OBJ] LSPM_J1055+0808 [RA] 10 55 47.3424 [Dec] +08 08 42.9329 [FIL] GG495 [EXPTIME] 60.0 [Date] 2020-02-14T15:26:14 [Time] 15:26:14
39/327 LSPM_J1055+0808-20200214@152729-Eden.fts [TYPE] LIGHT [OBJ] LSPM_J1055+0808 [RA] 10 55 47.3424 [Dec] +08 08 42.9329 [FIL] GG495 [EXPTIME] 60.0 [Date] 2020-02-14T15:27:30 [Time] 15:27:30
40/327 LSPM_J1055+0808-20200214@152846-Eden.fts [TYPE] LIGHT [OBJ] LSPM_J1055+0808 [RA] 10 55 47.3424 [Dec] +08 08 42.9329 [FIL] GG495 [EXPTIME] 60.0 [Date] 2020-02-14T15:28:46 [Time] 15:28:46
41/327 LSPM_J1055+0808-20200214@153002-Eden.fts [TYPE] LIGHT [OBJ] LSPM_J1055+0808 [RA] 10 55 47.3424 [Dec] +08 08 42.9329 [FIL] GG495 [EXPTIME] 60.0 [Date] 2020-02-14T15:30:03 [Time] 15:30:03
42/327 LSPM_J1055+0808-20200214@153116-Eden.fts [TYPE] LIGHT [OBJ] LSPM_J1055+0808 [RA] 10 55 47.3424 [Dec] +08 08 42.9329 [FIL] GG495 [EXPTIME] 60.0 [Date] 2020-02-14T15:31:16 [Time] 15:31:16
43/327 LSPM_J1055+0808-20200214@153231-Eden.fts [TYPE] LIGHT [OBJ] LSPM_J1055+0808 [RA] 10 55 47.3424 [Dec] +08 08 42.9329 [FIL] GG495 [EXPTIME] 60.0 [Date] 2020-02-14T15:32:31 [Time] 15:32:31
44/327 LSPM_J1055+0808-20200214@153345-Eden.fts [TYPE] LIGHT [OBJ] LSPM_J1055+0808 [RA] 10 55 47.3424 [Dec] +08 08 42.9329 [FIL] GG495 [EXPTIME] 60.0 [Date] 2020-02-14T15:33:46 [Time] 15:33:46
45/327 LSPM_J1055+0808-20200214@153502-Eden.fts [TYPE] LIGHT [OBJ] LSPM_J1055+0808 [RA] 10 55 47.3424 [Dec] +08 08 42.9329 [FIL] GG495 [EXPTIME] 60.0 [Date] 2020-02-14T15:35:03 [Time] 15:35:03
46/327 LSPM_J1055+0808-20200214@153618-Eden.fts [TYPE] LIGHT [OBJ] LSPM_J1055+0808 [RA] 10 55 47.3424 [Dec] +08 08 42.9329 [FIL] GG495 [EXPTIME] 60.0 [Date] 2020-02-14T15:36:20 [Time] 15:36:20
47/327 LSPM_J1055+0808-20200214@153734-Eden.fts [TYPE] LIGHT [OBJ] LSPM_J1055+0808 [RA] 10 55 47.3424 [Dec] +08 08 42.9329 [FIL] GG495 [EXPTIME] 60.0 [Date] 2020-02-14T15:37:36 [Time] 15:37:36
48/327 LSPM_J1055+0808-20200214@153851-Eden.fts [TYPE] LIGHT [OBJ] LSPM_J1055+0808 [RA] 10 55 47.3424 [Dec] +08 08 42.9329 [FIL] GG495 [EXPTIME] 60.0 [Date] 2020-02-14T15:38:52 [Time] 15:38:52
49/327 LSPM_J1055+0808-20200214@154007-Eden.fts [TYPE] LIGHT [OBJ] LSPM_J1055+0808 [RA] 10 55 47.3424 [Dec] +08 08 42.9329 [FIL] GG495 [EXPTIME] 60.0 [Date] 2020-02-14T15:40:08 [Time] 15:40:08
50/327 LSPM_J1055+0808-20200214@154122-Eden.fts [TYPE] LIGHT [OBJ] LSPM_J1055+0808 [RA] 10 55 47.3424 [Dec] +08 08 42.9329 [FIL] GG495 [EXPTIME] 60.0 [Date] 2020-02-14T15:41:22 [Time] 15:41:22
51/327 LSPM_J1055+0808-20200214@154237-Eden.fts [TYPE] LIGHT [OBJ] LSPM_J1055+0808 [RA] 10 55 47.3424 [Dec] +08 08 42.9329 [FIL] GG495 [EXPTIME] 60.0 [Date] 2020-02-14T15:42:38 [Time] 15:42:38
52/327 LSPM_J1055+0808-20200214@154353-Eden.fts [TYPE] LIGHT [OBJ] LSPM_J1055+0808 [RA] 10 55 47.3424 [Dec] +08 08 42.9329 [FIL] GG495 [EXPTIME] 60.0 [Date] 2020-02-14T15:43:54 [Time] 15:43:54
53/327 LSPM_J1055+0808-20200214@154508-Eden.fts [TYPE] LIGHT [OBJ] LSPM_J1055+0808 [RA] 10 55 47.3424 [Dec] +08 08 42.9329 [FIL] GG495 [EXPTIME] 60.0 [Date] 2020-02-14T15:45:09 [Time] 15:45:09
54/327 LSPM_J1055+0808-20200214@154624-Eden.fts [TYPE] LIGHT [OBJ] LSPM_J1055+0808 [RA] 10 55 47.3424 [Dec] +08 08 42.9329 [FIL] GG495 [EXPTIME] 60.0 [Date] 2020-02-14T15:46:25 [Time] 15:46:25
55/327 LSPM_J1055+0808-20200214@154740-Eden.fts [TYPE] LIGHT [OBJ] LSPM_J1055+0808 [RA] 10 55 47.3424 [Dec] +08 08 42.9329 [FIL] GG495 [EXPTIME] 60.0 [Date] 2020-02-14T15:47:40 [Time] 15:47:40
56/327 LSPM_J1055+0808-20200214@154855-Eden.fts [TYPE] LIGHT [OBJ] LSPM_J1055+0808 [RA] 10 55 47.3424 [Dec] +08 08 42.9329 [FIL] GG495 [EXPTIME] 60.0 [Date] 2020-02-14T15:48:56 [Time] 15:48:56
57/327 LSPM_J1055+0808-20200214@155011-Eden.fts [TYPE] LIGHT [OBJ] LSPM_J1055+0808 [RA] 10 55 47.3424 [Dec] +08 08 42.9329 [FIL] GG495 [EXPTIME] 60.0 [Date] 2020-02-14T15:50:11 [Time] 15:50:11
58/327 LSPM_J1055+0808-20200214@155126-Eden.fts [TYPE] LIGHT [OBJ] LSPM_J1055+0808 [RA] 10 55 47.3424 [Dec] +08 08 42.9329 [FIL] GG495 [EXPTIME] 60.0 [Date] 2020-02-14T15:51:27 [Time] 15:51:27
59/327 LSPM_J1055+0808-20200214@155242-Eden.fts [TYPE] LIGHT [OBJ] LSPM_J1055+0808 [RA] 10 55 47.3424 [Dec] +08 08 42.9329 [FIL] GG495 [EXPTIME] 60.0 [Date] 2020-02-14T15:52:43 [Time] 15:52:43
60/327 LSPM_J1055+0808-20200214@155358-Eden.fts [TYPE] LIGHT [OBJ] LSPM_J1055+0808 [RA] 10 55 47.3424 [Dec] +08 08 42.9329 [FIL] GG495 [EXPTIME] 60.0 [Date] 2020-02-14T15:53:59 [Time] 15:53:59
61/327 LSPM_J1055+0808-20200214@155515-Eden.fts [TYPE] LIGHT [OBJ] LSPM_J1055+0808 [RA] 10 55 47.3424 [Dec] +08 08 42.9329 [FIL] GG495 [EXPTIME] 60.0 [Date] 2020-02-14T15:55:16 [Time] 15:55:16
62/327 LSPM_J1055+0808-20200214@155630-Eden.fts [TYPE] LIGHT [OBJ] LSPM_J1055+0808 [RA] 10 55 47.3424 [Dec] +08 08 42.9329 [FIL] GG495 [EXPTIME] 60.0 [Date] 2020-02-14T15:56:30 [Time] 15:56:30
63/327 LSPM_J1055+0808-20200214@155746-Eden.fts [TYPE] LIGHT [OBJ] LSPM_J1055+0808 [RA] 10 55 47.3424 [Dec] +08 08 42.9329 [FIL] GG495 [EXPTIME] 60.0 [Date] 2020-02-14T15:57:46 [Time] 15:57:46
64/327 LSPM_J1055+0808-20200214@155901-Eden.fts [TYPE] LIGHT [OBJ] LSPM_J1055+0808 [RA] 10 55 47.3424 [Dec] +08 08 42.9329 [FIL] GG495 [EXPTIME] 60.0 [Date] 2020-02-14T15:59:01 [Time] 15:59:01
65/327 LSPM_J1055+0808-20200214@160015-Eden.fts [TYPE] LIGHT [OBJ] LSPM_J1055+0808 [RA] 10 55 47.3424 [Dec] +08 08 42.9329 [FIL] GG495 [EXPTIME] 60.0 [Date] 2020-02-14T16:00:16 [Time] 16:00:16
66/327 LSPM_J1055+0808-20200214@160130-Eden.fts [TYPE] LIGHT [OBJ] LSPM_J1055+0808 [RA] 10 55 47.3424 [Dec] +08 08 42.9329 [FIL] GG495 [EXPTIME] 60.0 [Date] 2020-02-14T16:01:32 [Time] 16:01:32
67/327 LSPM_J1055+0808-20200214@160247-Eden.fts [TYPE] LIGHT [OBJ] LSPM_J1055+0808 [RA] 10 55 47.3424 [Dec] +08 08 42.9329 [FIL] GG495 [EXPTIME] 60.0 [Date] 2020-02-14T16:02:50 [Time] 16:02:50
68/327 LSPM_J1055+0808-20200214@160404-Eden.fts [TYPE] LIGHT [OBJ] LSPM_J1055+0808 [RA] 10 55 47.3424 [Dec] +08 08 42.9329 [FIL] GG495 [EXPTIME] 60.0 [Date] 2020-02-14T16:04:04 [Time] 16:04:04
69/327 LSPM_J1055+0808-20200214@160518-Eden.fts [TYPE] LIGHT [OBJ] LSPM_J1055+0808 [RA] 10 55 47.3424 [Dec] +08 08 42.9329 [FIL] GG495 [EXPTIME] 60.0 [Date] 2020-02-14T16:05:19 [Time] 16:05:19
70/327 LSPM_J1055+0808-20200214@160633-Eden.fts [TYPE] LIGHT [OBJ] LSPM_J1055+0808 [RA] 10 55 47.3424 [Dec] +08 08 42.9329 [FIL] GG495 [EXPTIME] 60.0 [Date] 2020-02-14T16:06:34 [Time] 16:06:34
71/327 LSPM_J1055+0808-20200214@160750-Eden.fts [TYPE] LIGHT [OBJ] LSPM_J1055+0808 [RA] 10 55 47.3424 [Dec] +08 08 42.9329 [FIL] GG495 [EXPTIME] 60.0 [Date] 2020-02-14T16:07:50 [Time] 16:07:50
72/327 LSPM_J1055+0808-20200214@160906-Eden.fts [TYPE] LIGHT [OBJ] LSPM_J1055+0808 [RA] 10 55 47.3424 [Dec] +08 08 42.9329 [FIL] GG495 [EXPTIME] 60.0 [Date] 2020-02-14T16:09:06 [Time] 16:09:06
73/327 LSPM_J1055+0808-20200214@161023-Eden.fts [TYPE] LIGHT [OBJ] LSPM_J1055+0808 [RA] 10 55 47.3424 [Dec] +08 08 42.9329 [FIL] GG495 [EXPTIME] 60.0 [Date] 2020-02-14T16:10:23 [Time] 16:10:23
74/327 LSPM_J1055+0808-20200214@161137-Eden.fts [TYPE] LIGHT [OBJ] LSPM_J1055+0808 [RA] 10 55 47.3424 [Dec] +08 08 42.9329 [FIL] GG495 [EXPTIME] 60.0 [Date] 2020-02-14T16:11:38 [Time] 16:11:38
75/327 LSPM_J1055+0808-20200214@161251-Eden.fts [TYPE] LIGHT [OBJ] LSPM_J1055+0808 [RA] 10 55 47.3424 [Dec] +08 08 42.9329 [FIL] GG495 [EXPTIME] 60.0 [Date] 2020-02-14T16:12:52 [Time] 16:12:52
76/327 LSPM_J1055+0808-20200214@161407-Eden.fts [TYPE] LIGHT [OBJ] LSPM_J1055+0808 [RA] 10 55 47.3424 [Dec] +08 08 42.9329 [FIL] GG495 [EXPTIME] 60.0 [Date] 2020-02-14T16:14:08 [Time] 16:14:08
77/327 LSPM_J1055+0808-20200214@161523-Eden.fts [TYPE] LIGHT [OBJ] LSPM_J1055+0808 [RA] 10 55 47.3424 [Dec] +08 08 42.9329 [FIL] GG495 [EXPTIME] 60.0 [Date] 2020-02-14T16:15:23 [Time] 16:15:23
78/327 LSPM_J1055+0808-20200214@161639-Eden.fts [TYPE] LIGHT [OBJ] LSPM_J1055+0808 [RA] 10 55 47.3424 [Dec] +08 08 42.9329 [FIL] GG495 [EXPTIME] 60.0 [Date] 2020-02-14T16:16:39 [Time] 16:16:39
79/327 LSPM_J1055+0808-20200214@161754-Eden.fts [TYPE] LIGHT [OBJ] LSPM_J1055+0808 [RA] 10 55 47.3424 [Dec] +08 08 42.9329 [FIL] GG495 [EXPTIME] 60.0 [Date] 2020-02-14T16:17:54 [Time] 16:17:54
80/327 LSPM_J1055+0808-20200214@161911-Eden.fts [TYPE] LIGHT [OBJ] LSPM_J1055+0808 [RA] 10 55 47.3424 [Dec] +08 08 42.9329 [FIL] GG495 [EXPTIME] 60.0 [Date] 2020-02-14T16:19:11 [Time] 16:19:11
81/327 LSPM_J1055+0808-20200214@162028-Eden.fts [TYPE] LIGHT [OBJ] LSPM_J1055+0808 [RA] 10 55 47.3424 [Dec] +08 08 42.9329 [FIL] GG495 [EXPTIME] 60.0 [Date] 2020-02-14T16:20:28 [Time] 16:20:28
82/327 LSPM_J1055+0808-20200214@162143-Eden.fts [TYPE] LIGHT [OBJ] LSPM_J1055+0808 [RA] 10 55 47.3424 [Dec] +08 08 42.9329 [FIL] GG495 [EXPTIME] 60.0 [Date] 2020-02-14T16:21:43 [Time] 16:21:43
83/327 LSPM_J1055+0808-20200214@162258-Eden.fts [TYPE] LIGHT [OBJ] LSPM_J1055+0808 [RA] 10 55 47.3424 [Dec] +08 08 42.9329 [FIL] GG495 [EXPTIME] 60.0 [Date] 2020-02-14T16:22:58 [Time] 16:22:58
84/327 LSPM_J1055+0808-20200214@162412-Eden.fts [TYPE] LIGHT [OBJ] LSPM_J1055+0808 [RA] 10 55 47.3424 [Dec] +08 08 42.9329 [FIL] GG495 [EXPTIME] 60.0 [Date] 2020-02-14T16:24:12 [Time] 16:24:12
85/327 LSPM_J1055+0808-20200214@162527-Eden.fts [TYPE] LIGHT [OBJ] LSPM_J1055+0808 [RA] 10 55 47.3424 [Dec] +08 08 42.9329 [FIL] GG495 [EXPTIME] 60.0 [Date] 2020-02-14T16:25:28 [Time] 16:25:28
86/327 LSPM_J1055+0808-20200214@162643-Eden.fts [TYPE] LIGHT [OBJ] LSPM_J1055+0808 [RA] 10 55 47.3424 [Dec] +08 08 42.9329 [FIL] GG495 [EXPTIME] 60.0 [Date] 2020-02-14T16:26:43 [Time] 16:26:43
87/327 LSPM_J1055+0808-20200214@162757-Eden.fts [TYPE] LIGHT [OBJ] LSPM_J1055+0808 [RA] 10 55 47.3424 [Dec] +08 08 42.9329 [FIL] GG495 [EXPTIME] 60.0 [Date] 2020-02-14T16:27:57 [Time] 16:27:57
88/327 LSPM_J1055+0808-20200214@162911-Eden.fts [TYPE] LIGHT [OBJ] LSPM_J1055+0808 [RA] 10 55 47.3424 [Dec] +08 08 42.9329 [FIL] GG495 [EXPTIME] 60.0 [Date] 2020-02-14T16:29:12 [Time] 16:29:12
89/327 LSPM_J1055+0808-20200214@163026-Eden.fts [TYPE] LIGHT [OBJ] LSPM_J1055+0808 [RA] 10 55 47.3424 [Dec] +08 08 42.9329 [FIL] GG495 [EXPTIME] 60.0 [Date] 2020-02-14T16:30:26 [Time] 16:30:26
90/327 LSPM_J1055+0808-20200214@163142-Eden.fts [TYPE] LIGHT [OBJ] LSPM_J1055+0808 [RA] 10 55 47.3424 [Dec] +08 08 42.9329 [FIL] GG495 [EXPTIME] 60.0 [Date] 2020-02-14T16:31:43 [Time] 16:31:43
91/327 LSPM_J1055+0808-20200214@163258-Eden.fts [TYPE] LIGHT [OBJ] LSPM_J1055+0808 [RA] 10 55 47.3424 [Dec] +08 08 42.9329 [FIL] GG495 [EXPTIME] 60.0 [Date] 2020-02-14T16:32:58 [Time] 16:32:58
92/327 LSPM_J1055+0808-20200214@163414-Eden.fts [TYPE] LIGHT [OBJ] LSPM_J1055+0808 [RA] 10 55 47.3424 [Dec] +08 08 42.9329 [FIL] GG495 [EXPTIME] 60.0 [Date] 2020-02-14T16:34:14 [Time] 16:34:14
93/327 LSPM_J1055+0808-20200214@163528-Eden.fts [TYPE] LIGHT [OBJ] LSPM_J1055+0808 [RA] 10 55 47.3424 [Dec] +08 08 42.9329 [FIL] GG495 [EXPTIME] 60.0 [Date] 2020-02-14T16:35:29 [Time] 16:35:29
94/327 LSPM_J1055+0808-20200214@163645-Eden.fts [TYPE] LIGHT [OBJ] LSPM_J1055+0808 [RA] 10 55 47.3424 [Dec] +08 08 42.9329 [FIL] GG495 [EXPTIME] 60.0 [Date] 2020-02-14T16:36:45 [Time] 16:36:45
95/327 LSPM_J1055+0808-20200214@163759-Eden.fts [TYPE] LIGHT [OBJ] LSPM_J1055+0808 [RA] 10 55 47.3424 [Dec] +08 08 42.9329 [FIL] GG495 [EXPTIME] 60.0 [Date] 2020-02-14T16:37:59 [Time] 16:37:59
96/327 LSPM_J1055+0808-20200214@163913-Eden.fts [TYPE] LIGHT [OBJ] LSPM_J1055+0808 [RA] 10 55 47.3424 [Dec] +08 08 42.9329 [FIL] GG495 [EXPTIME] 60.0 [Date] 2020-02-14T16:39:13 [Time] 16:39:13
97/327 LSPM_J1055+0808-20200214@164030-Eden.fts [TYPE] LIGHT [OBJ] LSPM_J1055+0808 [RA] 10 55 47.3424 [Dec] +08 08 42.9329 [FIL] GG495 [EXPTIME] 60.0 [Date] 2020-02-14T16:40:30 [Time] 16:40:30
98/327 LSPM_J1055+0808-20200214@164144-Eden.fts [TYPE] LIGHT [OBJ] LSPM_J1055+0808 [RA] 10 55 47.3424 [Dec] +08 08 42.9329 [FIL] GG495 [EXPTIME] 60.0 [Date] 2020-02-14T16:41:45 [Time] 16:41:45
99/327 LSPM_J1055+0808-20200214@164259-Eden.fts [TYPE] LIGHT [OBJ] LSPM_J1055+0808 [RA] 10 55 47.3424 [Dec] +08 08 42.9329 [FIL] GG495 [EXPTIME] 60.0 [Date] 2020-02-14T16:43:01 [Time] 16:43:01
100/327 LSPM_J1055+0808-20200214@164417-Eden.fts [TYPE] LIGHT [OBJ] LSPM_J1055+0808 [RA] 10 55 47.3424 [Dec] +08 08 42.9329 [FIL] GG495 [EXPTIME] 60.0 [Date] 2020-02-14T16:44:18 [Time] 16:44:18
101/327 LSPM_J1055+0808-20200214@164531-Eden.fts [TYPE] LIGHT [OBJ] LSPM_J1055+0808 [RA] 10 55 47.3424 [Dec] +08 08 42.9329 [FIL] GG495 [EXPTIME] 60.0 [Date] 2020-02-14T16:45:32 [Time] 16:45:32
102/327 LSPM_J1055+0808-20200214@164647-Eden.fts [TYPE] LIGHT [OBJ] LSPM_J1055+0808 [RA] 10 55 47.3424 [Dec] +08 08 42.9329 [FIL] GG495 [EXPTIME] 60.0 [Date] 2020-02-14T16:46:47 [Time] 16:46:47
103/327 LSPM_J1055+0808-20200214@164802-Eden.fts [TYPE] LIGHT [OBJ] LSPM_J1055+0808 [RA] 10 55 47.3424 [Dec] +08 08 42.9329 [FIL] GG495 [EXPTIME] 60.0 [Date] 2020-02-14T16:48:02 [Time] 16:48:02
104/327 LSPM_J1055+0808-20200214@164916-Eden.fts [TYPE] LIGHT [OBJ] LSPM_J1055+0808 [RA] 10 55 47.3424 [Dec] +08 08 42.9329 [FIL] GG495 [EXPTIME] 60.0 [Date] 2020-02-14T16:49:16 [Time] 16:49:16
105/327 LSPM_J1055+0808-20200214@165030-Eden.fts [TYPE] LIGHT [OBJ] LSPM_J1055+0808 [RA] 10 55 47.3424 [Dec] +08 08 42.9329 [FIL] GG495 [EXPTIME] 60.0 [Date] 2020-02-14T16:50:30 [Time] 16:50:30
106/327 LSPM_J1055+0808-20200214@165146-Eden.fts [TYPE] LIGHT [OBJ] LSPM_J1055+0808 [RA] 10 55 47.3424 [Dec] +08 08 42.9329 [FIL] GG495 [EXPTIME] 60.0 [Date] 2020-02-14T16:51:47 [Time] 16:51:47
107/327 LSPM_J1055+0808-20200214@165301-Eden.fts [TYPE] LIGHT [OBJ] LSPM_J1055+0808 [RA] 10 55 47.3424 [Dec] +08 08 42.9329 [FIL] GG495 [EXPTIME] 60.0 [Date] 2020-02-14T16:53:01 [Time] 16:53:01
108/327 LSPM_J1055+0808-20200214@165416-Eden.fts [TYPE] LIGHT [OBJ] LSPM_J1055+0808 [RA] 10 55 47.3424 [Dec] +08 08 42.9329 [FIL] GG495 [EXPTIME] 60.0 [Date] 2020-02-14T16:54:17 [Time] 16:54:17
109/327 LSPM_J1055+0808-20200214@165532-Eden.fts [TYPE] LIGHT [OBJ] LSPM_J1055+0808 [RA] 10 55 47.3424 [Dec] +08 08 42.9329 [FIL] GG495 [EXPTIME] 60.0 [Date] 2020-02-14T16:55:32 [Time] 16:55:32
110/327 LSPM_J1055+0808-20200214@165646-Eden.fts [TYPE] LIGHT [OBJ] LSPM_J1055+0808 [RA] 10 55 47.3424 [Dec] +08 08 42.9329 [FIL] GG495 [EXPTIME] 60.0 [Date] 2020-02-14T16:56:47 [Time] 16:56:47
111/327 LSPM_J1055+0808-20200214@165802-Eden.fts [TYPE] LIGHT [OBJ] LSPM_J1055+0808 [RA] 10 55 47.3424 [Dec] +08 08 42.9329 [FIL] GG495 [EXPTIME] 60.0 [Date] 2020-02-14T16:58:02 [Time] 16:58:02
112/327 LSPM_J1055+0808-20200214@165918-Eden.fts [TYPE] LIGHT [OBJ] LSPM_J1055+0808 [RA] 10 55 47.3424 [Dec] +08 08 42.9329 [FIL] GG495 [EXPTIME] 60.0 [Date] 2020-02-14T16:59:19 [Time] 16:59:19
113/327 LSPM_J1055+0808-20200214@170035-Eden.fts [TYPE] LIGHT [OBJ] LSPM_J1055+0808 [RA] 10 55 47.3424 [Dec] +08 08 42.9329 [FIL] GG495 [EXPTIME] 60.0 [Date] 2020-02-14T17:00:35 [Time] 17:00:35
114/327 LSPM_J1055+0808-20200214@170151-Eden.fts [TYPE] LIGHT [OBJ] LSPM_J1055+0808 [RA] 10 55 47.3424 [Dec] +08 08 42.9329 [FIL] GG495 [EXPTIME] 60.0 [Date] 2020-02-14T17:01:52 [Time] 17:01:52
115/327 LSPM_J1055+0808-20200214@170308-Eden.fts [TYPE] LIGHT [OBJ] LSPM_J1055+0808 [RA] 10 55 47.3424 [Dec] +08 08 42.9329 [FIL] GG495 [EXPTIME] 60.0 [Date] 2020-02-14T17:03:08 [Time] 17:03:08
116/327 LSPM_J1055+0808-20200214@170424-Eden.fts [TYPE] LIGHT [OBJ] LSPM_J1055+0808 [RA] 10 55 47.3424 [Dec] +08 08 42.9329 [FIL] GG495 [EXPTIME] 60.0 [Date] 2020-02-14T17:04:24 [Time] 17:04:24
117/327 LSPM_J1055+0808-20200214@170540-Eden.fts [TYPE] LIGHT [OBJ] LSPM_J1055+0808 [RA] 10 55 47.3424 [Dec] +08 08 42.9329 [FIL] GG495 [EXPTIME] 60.0 [Date] 2020-02-14T17:05:40 [Time] 17:05:40
118/327 LSPM_J1055+0808-20200214@170656-Eden.fts [TYPE] LIGHT [OBJ] LSPM_J1055+0808 [RA] 10 55 47.3424 [Dec] +08 08 42.9329 [FIL] GG495 [EXPTIME] 60.0 [Date] 2020-02-14T17:06:56 [Time] 17:06:56
119/327 LSPM_J1055+0808-20200214@170810-Eden.fts [TYPE] LIGHT [OBJ] LSPM_J1055+0808 [RA] 10 55 47.3424 [Dec] +08 08 42.9329 [FIL] GG495 [EXPTIME] 60.0 [Date] 2020-02-14T17:08:11 [Time] 17:08:11
120/327 LSPM_J1055+0808-20200214@170926-Eden.fts [TYPE] LIGHT [OBJ] LSPM_J1055+0808 [RA] 10 55 47.3424 [Dec] +08 08 42.9329 [FIL] GG495 [EXPTIME] 60.0 [Date] 2020-02-14T17:09:27 [Time] 17:09:27
121/327 LSPM_J1055+0808-20200214@171041-Eden.fts [TYPE] LIGHT [OBJ] LSPM_J1055+0808 [RA] 10 55 47.3424 [Dec] +08 08 42.9329 [FIL] GG495 [EXPTIME] 60.0 [Date] 2020-02-14T17:10:42 [Time] 17:10:42
122/327 LSPM_J1055+0808-20200214@171155-Eden.fts [TYPE] LIGHT [OBJ] LSPM_J1055+0808 [RA] 10 55 47.3424 [Dec] +08 08 42.9329 [FIL] GG495 [EXPTIME] 60.0 [Date] 2020-02-14T17:11:56 [Time] 17:11:56
123/327 LSPM_J1055+0808-20200214@171616-Eden.fts [TYPE] LIGHT [OBJ] LSPM_J1055+0808 [RA] 10 55 47.3424 [Dec] +08 08 42.9329 [FIL] GG495 [EXPTIME] 60.0 [Date] 2020-02-14T17:16:29 [Time] 17:16:29
124/327 LSPM_J1055+0808-20200214@171743-Eden.fts [TYPE] LIGHT [OBJ] LSPM_J1055+0808 [RA] 10 55 47.3424 [Dec] +08 08 42.9329 [FIL] GG495 [EXPTIME] 60.0 [Date] 2020-02-14T17:17:45 [Time] 17:17:45
125/327 LSPM_J1055+0808-20200214@171900-Eden.fts [TYPE] LIGHT [OBJ] LSPM_J1055+0808 [RA] 10 55 47.3424 [Dec] +08 08 42.9329 [FIL] GG495 [EXPTIME] 60.0 [Date] 2020-02-14T17:19:01 [Time] 17:19:01
126/327 LSPM_J1055+0808-20200214@172016-Eden.fts [TYPE] LIGHT [OBJ] LSPM_J1055+0808 [RA] 10 55 47.3424 [Dec] +08 08 42.9329 [FIL] GG495 [EXPTIME] 60.0 [Date] 2020-02-14T17:20:16 [Time] 17:20:16
127/327 LSPM_J1055+0808-20200214@172130-Eden.fts [TYPE] LIGHT [OBJ] LSPM_J1055+0808 [RA] 10 55 47.3424 [Dec] +08 08 42.9329 [FIL] GG495 [EXPTIME] 60.0 [Date] 2020-02-14T17:21:31 [Time] 17:21:31
128/327 LSPM_J1055+0808-20200214@172245-Eden.fts [TYPE] LIGHT [OBJ] LSPM_J1055+0808 [RA] 10 55 47.3424 [Dec] +08 08 42.9329 [FIL] GG495 [EXPTIME] 60.0 [Date] 2020-02-14T17:22:47 [Time] 17:22:47
129/327 LSPM_J1055+0808-20200214@172400-Eden.fts [TYPE] LIGHT [OBJ] LSPM_J1055+0808 [RA] 10 55 47.3424 [Dec] +08 08 42.9329 [FIL] GG495 [EXPTIME] 60.0 [Date] 2020-02-14T17:24:01 [Time] 17:24:01
130/327 LSPM_J1055+0808-20200214@172516-Eden.fts [TYPE] LIGHT [OBJ] LSPM_J1055+0808 [RA] 10 55 47.3424 [Dec] +08 08 42.9329 [FIL] GG495 [EXPTIME] 60.0 [Date] 2020-02-14T17:25:17 [Time] 17:25:17
131/327 LSPM_J1055+0808-20200214@172631-Eden.fts [TYPE] LIGHT [OBJ] LSPM_J1055+0808 [RA] 10 55 47.3424 [Dec] +08 08 42.9329 [FIL] GG495 [EXPTIME] 60.0 [Date] 2020-02-14T17:26:31 [Time] 17:26:31
132/327 LSPM_J1055+0808-20200214@172746-Eden.fts [TYPE] LIGHT [OBJ] LSPM_J1055+0808 [RA] 10 55 47.3424 [Dec] +08 08 42.9329 [FIL] GG495 [EXPTIME] 60.0 [Date] 2020-02-14T17:27:46 [Time] 17:27:46
133/327 LSPM_J1055+0808-20200214@172901-Eden.fts [TYPE] LIGHT [OBJ] LSPM_J1055+0808 [RA] 10 55 47.3424 [Dec] +08 08 42.9329 [FIL] GG495 [EXPTIME] 60.0 [Date] 2020-02-14T17:29:01 [Time] 17:29:01
134/327 LSPM_J1055+0808-20200214@173016-Eden.fts [TYPE] LIGHT [OBJ] LSPM_J1055+0808 [RA] 10 55 47.3424 [Dec] +08 08 42.9329 [FIL] GG495 [EXPTIME] 60.0 [Date] 2020-02-14T17:30:16 [Time] 17:30:16
135/327 LSPM_J1055+0808-20200214@173130-Eden.fts [TYPE] LIGHT [OBJ] LSPM_J1055+0808 [RA] 10 55 47.3424 [Dec] +08 08 42.9329 [FIL] GG495 [EXPTIME] 60.0 [Date] 2020-02-14T17:31:31 [Time] 17:31:31
136/327 LSPM_J1055+0808-20200214@173245-Eden.fts [TYPE] LIGHT [OBJ] LSPM_J1055+0808 [RA] 10 55 47.3424 [Dec] +08 08 42.9329 [FIL] GG495 [EXPTIME] 60.0 [Date] 2020-02-14T17:32:46 [Time] 17:32:46
137/327 LSPM_J1055+0808-20200214@173400-Eden.fts [TYPE] LIGHT [OBJ] LSPM_J1055+0808 [RA] 10 55 47.3424 [Dec] +08 08 42.9329 [FIL] GG495 [EXPTIME] 60.0 [Date] 2020-02-14T17:34:00 [Time] 17:34:00
138/327 LSPM_J1055+0808-20200214@173515-Eden.fts [TYPE] LIGHT [OBJ] LSPM_J1055+0808 [RA] 10 55 47.3424 [Dec] +08 08 42.9329 [FIL] GG495 [EXPTIME] 60.0 [Date] 2020-02-14T17:35:15 [Time] 17:35:15
139/327 LSPM_J1055+0808-20200214@173630-Eden.fts [TYPE] LIGHT [OBJ] LSPM_J1055+0808 [RA] 10 55 47.3424 [Dec] +08 08 42.9329 [FIL] GG495 [EXPTIME] 60.0 [Date] 2020-02-14T17:36:30 [Time] 17:36:30
140/327 LSPM_J1055+0808-20200214@173745-Eden.fts [TYPE] LIGHT [OBJ] LSPM_J1055+0808 [RA] 10 55 47.3424 [Dec] +08 08 42.9329 [FIL] GG495 [EXPTIME] 60.0 [Date] 2020-02-14T17:37:45 [Time] 17:37:45
141/327 LSPM_J1055+0808-20200214@173900-Eden.fts [TYPE] LIGHT [OBJ] LSPM_J1055+0808 [RA] 10 55 47.3424 [Dec] +08 08 42.9329 [FIL] GG495 [EXPTIME] 60.0 [Date] 2020-02-14T17:39:01 [Time] 17:39:01
142/327 LSPM_J1055+0808-20200214@174014-Eden.fts [TYPE] LIGHT [OBJ] LSPM_J1055+0808 [RA] 10 55 47.3424 [Dec] +08 08 42.9329 [FIL] GG495 [EXPTIME] 60.0 [Date] 2020-02-14T17:40:14 [Time] 17:40:14
143/327 LSPM_J1055+0808-20200214@174129-Eden.fts [TYPE] LIGHT [OBJ] LSPM_J1055+0808 [RA] 10 55 47.3424 [Dec] +08 08 42.9329 [FIL] GG495 [EXPTIME] 60.0 [Date] 2020-02-14T17:41:29 [Time] 17:41:29
144/327 LSPM_J1055+0808-20200214@174243-Eden.fts [TYPE] LIGHT [OBJ] LSPM_J1055+0808 [RA] 10 55 47.3424 [Dec] +08 08 42.9329 [FIL] GG495 [EXPTIME] 60.0 [Date] 2020-02-14T17:42:43 [Time] 17:42:43
145/327 LSPM_J1055+0808-20200214@174358-Eden.fts [TYPE] LIGHT [OBJ] LSPM_J1055+0808 [RA] 10 55 47.3424 [Dec] +08 08 42.9329 [FIL] GG495 [EXPTIME] 60.0 [Date] 2020-02-14T17:43:58 [Time] 17:43:58
146/327 LSPM_J1055+0808-20200214@174514-Eden.fts [TYPE] LIGHT [OBJ] LSPM_J1055+0808 [RA] 10 55 47.3424 [Dec] +08 08 42.9329 [FIL] GG495 [EXPTIME] 60.0 [Date] 2020-02-14T17:45:15 [Time] 17:45:15
147/327 LSPM_J1055+0808-20200214@174629-Eden.fts [TYPE] LIGHT [OBJ] LSPM_J1055+0808 [RA] 10 55 47.3424 [Dec] +08 08 42.9329 [FIL] GG495 [EXPTIME] 60.0 [Date] 2020-02-14T17:46:29 [Time] 17:46:29
148/327 LSPM_J1055+0808-20200214@174743-Eden.fts [TYPE] LIGHT [OBJ] LSPM_J1055+0808 [RA] 10 55 47.3424 [Dec] +08 08 42.9329 [FIL] GG495 [EXPTIME] 60.0 [Date] 2020-02-14T17:47:43 [Time] 17:47:43
149/327 LSPM_J1055+0808-20200214@174859-Eden.fts [TYPE] LIGHT [OBJ] LSPM_J1055+0808 [RA] 10 55 47.3424 [Dec] +08 08 42.9329 [FIL] GG495 [EXPTIME] 60.0 [Date] 2020-02-14T17:48:59 [Time] 17:48:59
150/327 LSPM_J1055+0808-20200214@175013-Eden.fts [TYPE] LIGHT [OBJ] LSPM_J1055+0808 [RA] 10 55 47.3424 [Dec] +08 08 42.9329 [FIL] GG495 [EXPTIME] 60.0 [Date] 2020-02-14T17:50:14 [Time] 17:50:14
151/327 LSPM_J1055+0808-20200214@175128-Eden.fts [TYPE] LIGHT [OBJ] LSPM_J1055+0808 [RA] 10 55 47.3424 [Dec] +08 08 42.9329 [FIL] GG495 [EXPTIME] 60.0 [Date] 2020-02-14T17:51:28 [Time] 17:51:28
152/327 LSPM_J1055+0808-20200214@175243-Eden.fts [TYPE] LIGHT [OBJ] LSPM_J1055+0808 [RA] 10 55 47.3424 [Dec] +08 08 42.9329 [FIL] GG495 [EXPTIME] 60.0 [Date] 2020-02-14T17:52:43 [Time] 17:52:43
153/327 LSPM_J1055+0808-20200214@175357-Eden.fts [TYPE] LIGHT [OBJ] LSPM_J1055+0808 [RA] 10 55 47.3424 [Dec] +08 08 42.9329 [FIL] GG495 [EXPTIME] 60.0 [Date] 2020-02-14T17:53:57 [Time] 17:53:57
154/327 LSPM_J1055+0808-20200214@175512-Eden.fts [TYPE] LIGHT [OBJ] LSPM_J1055+0808 [RA] 10 55 47.3424 [Dec] +08 08 42.9329 [FIL] GG495 [EXPTIME] 60.0 [Date] 2020-02-14T17:55:13 [Time] 17:55:13
155/327 LSPM_J1055+0808-20200214@175626-Eden.fts [TYPE] LIGHT [OBJ] LSPM_J1055+0808 [RA] 10 55 47.3424 [Dec] +08 08 42.9329 [FIL] GG495 [EXPTIME] 60.0 [Date] 2020-02-14T17:56:26 [Time] 17:56:26
156/327 LSPM_J1055+0808-20200214@175741-Eden.fts [TYPE] LIGHT [OBJ] LSPM_J1055+0808 [RA] 10 55 47.3424 [Dec] +08 08 42.9329 [FIL] GG495 [EXPTIME] 60.0 [Date] 2020-02-14T17:57:42 [Time] 17:57:42
157/327 LSPM_J1055+0808-20200214@175858-Eden.fts [TYPE] LIGHT [OBJ] LSPM_J1055+0808 [RA] 10 55 47.3424 [Dec] +08 08 42.9329 [FIL] GG495 [EXPTIME] 60.0 [Date] 2020-02-14T17:58:59 [Time] 17:58:59
158/327 LSPM_J1055+0808-20200214@180014-Eden.fts [TYPE] LIGHT [OBJ] LSPM_J1055+0808 [RA] 10 55 47.3424 [Dec] +08 08 42.9329 [FIL] GG495 [EXPTIME] 60.0 [Date] 2020-02-14T18:00:14 [Time] 18:00:14
159/327 LSPM_J1055+0808-20200214@180128-Eden.fts [TYPE] LIGHT [OBJ] LSPM_J1055+0808 [RA] 10 55 47.3424 [Dec] +08 08 42.9329 [FIL] GG495 [EXPTIME] 60.0 [Date] 2020-02-14T18:01:29 [Time] 18:01:29
160/327 LSPM_J1055+0808-20200214@180243-Eden.fts [TYPE] LIGHT [OBJ] LSPM_J1055+0808 [RA] 10 55 47.3424 [Dec] +08 08 42.9329 [FIL] GG495 [EXPTIME] 60.0 [Date] 2020-02-14T18:02:44 [Time] 18:02:44
161/327 LSPM_J1055+0808-20200214@180358-Eden.fts [TYPE] LIGHT [OBJ] LSPM_J1055+0808 [RA] 10 55 47.3424 [Dec] +08 08 42.9329 [FIL] GG495 [EXPTIME] 60.0 [Date] 2020-02-14T18:03:58 [Time] 18:03:58
162/327 LSPM_J1055+0808-20200214@180512-Eden.fts [TYPE] LIGHT [OBJ] LSPM_J1055+0808 [RA] 10 55 47.3424 [Dec] +08 08 42.9329 [FIL] GG495 [EXPTIME] 60.0 [Date] 2020-02-14T18:05:13 [Time] 18:05:13
163/327 LSPM_J1055+0808-20200214@180626-Eden.fts [TYPE] LIGHT [OBJ] LSPM_J1055+0808 [RA] 10 55 47.3424 [Dec] +08 08 42.9329 [FIL] GG495 [EXPTIME] 60.0 [Date] 2020-02-14T18:06:27 [Time] 18:06:27
164/327 LSPM_J1055+0808-20200214@180741-Eden.fts [TYPE] LIGHT [OBJ] LSPM_J1055+0808 [RA] 10 55 47.3424 [Dec] +08 08 42.9329 [FIL] GG495 [EXPTIME] 60.0 [Date] 2020-02-14T18:07:41 [Time] 18:07:41
165/327 LSPM_J1055+0808-20200214@180855-Eden.fts [TYPE] LIGHT [OBJ] LSPM_J1055+0808 [RA] 10 55 47.3424 [Dec] +08 08 42.9329 [FIL] GG495 [EXPTIME] 60.0 [Date] 2020-02-14T18:08:55 [Time] 18:08:55
166/327 LSPM_J1055+0808-20200214@181011-Eden.fts [TYPE] LIGHT [OBJ] LSPM_J1055+0808 [RA] 10 55 47.3424 [Dec] +08 08 42.9329 [FIL] GG495 [EXPTIME] 60.0 [Date] 2020-02-14T18:10:11 [Time] 18:10:11
167/327 LSPM_J1055+0808-20200214@181125-Eden.fts [TYPE] LIGHT [OBJ] LSPM_J1055+0808 [RA] 10 55 47.3424 [Dec] +08 08 42.9329 [FIL] GG495 [EXPTIME] 60.0 [Date] 2020-02-14T18:11:25 [Time] 18:11:25
168/327 LSPM_J1055+0808-20200214@181243-Eden.fts [TYPE] LIGHT [OBJ] LSPM_J1055+0808 [RA] 10 55 47.3424 [Dec] +08 08 42.9329 [FIL] GG495 [EXPTIME] 60.0 [Date] 2020-02-14T18:12:43 [Time] 18:12:43
169/327 LSPM_J1055+0808-20200214@181357-Eden.fts [TYPE] LIGHT [OBJ] LSPM_J1055+0808 [RA] 10 55 47.3424 [Dec] +08 08 42.9329 [FIL] GG495 [EXPTIME] 60.0 [Date] 2020-02-14T18:13:57 [Time] 18:13:57
170/327 LSPM_J1055+0808-20200214@181511-Eden.fts [TYPE] LIGHT [OBJ] LSPM_J1055+0808 [RA] 10 55 47.3424 [Dec] +08 08 42.9329 [FIL] GG495 [EXPTIME] 60.0 [Date] 2020-02-14T18:15:11 [Time] 18:15:11
171/327 LSPM_J1055+0808-20200214@181625-Eden.fts [TYPE] LIGHT [OBJ] LSPM_J1055+0808 [RA] 10 55 47.3424 [Dec] +08 08 42.9329 [FIL] GG495 [EXPTIME] 60.0 [Date] 2020-02-14T18:16:26 [Time] 18:16:26
172/327 LSPM_J1055+0808-20200214@181740-Eden.fts [TYPE] LIGHT [OBJ] LSPM_J1055+0808 [RA] 10 55 47.3424 [Dec] +08 08 42.9329 [FIL] GG495 [EXPTIME] 60.0 [Date] 2020-02-14T18:17:41 [Time] 18:17:41
173/327 LSPM_J1055+0808-20200214@181855-Eden.fts [TYPE] LIGHT [OBJ] LSPM_J1055+0808 [RA] 10 55 47.3424 [Dec] +08 08 42.9329 [FIL] GG495 [EXPTIME] 60.0 [Date] 2020-02-14T18:18:56 [Time] 18:18:56
174/327 LSPM_J1055+0808-20200214@182009-Eden.fts [TYPE] LIGHT [OBJ] LSPM_J1055+0808 [RA] 10 55 47.3424 [Dec] +08 08 42.9329 [FIL] GG495 [EXPTIME] 60.0 [Date] 2020-02-14T18:20:10 [Time] 18:20:10
175/327 LSPM_J1055+0808-20200214@182124-Eden.fts [TYPE] LIGHT [OBJ] LSPM_J1055+0808 [RA] 10 55 47.3424 [Dec] +08 08 42.9329 [FIL] GG495 [EXPTIME] 60.0 [Date] 2020-02-14T18:21:24 [Time] 18:21:24
176/327 LSPM_J1055+0808-20200214@182238-Eden.fts [TYPE] LIGHT [OBJ] LSPM_J1055+0808 [RA] 10 55 47.3424 [Dec] +08 08 42.9329 [FIL] GG495 [EXPTIME] 60.0 [Date] 2020-02-14T18:22:39 [Time] 18:22:39
177/327 LSPM_J1055+0808-20200214@182356-Eden.fts [TYPE] LIGHT [OBJ] LSPM_J1055+0808 [RA] 10 55 47.3424 [Dec] +08 08 42.9329 [FIL] GG495 [EXPTIME] 60.0 [Date] 2020-02-14T18:23:56 [Time] 18:23:56
178/327 LSPM_J1055+0808-20200214@182511-Eden.fts [TYPE] LIGHT [OBJ] LSPM_J1055+0808 [RA] 10 55 47.3424 [Dec] +08 08 42.9329 [FIL] GG495 [EXPTIME] 60.0 [Date] 2020-02-14T18:25:11 [Time] 18:25:11
179/327 LSPM_J1055+0808-20200214@182625-Eden.fts [TYPE] LIGHT [OBJ] LSPM_J1055+0808 [RA] 10 55 47.3424 [Dec] +08 08 42.9329 [FIL] GG495 [EXPTIME] 60.0 [Date] 2020-02-14T18:26:26 [Time] 18:26:26
180/327 LSPM_J1055+0808-20200214@182739-Eden.fts [TYPE] LIGHT [OBJ] LSPM_J1055+0808 [RA] 10 55 47.3424 [Dec] +08 08 42.9329 [FIL] GG495 [EXPTIME] 60.0 [Date] 2020-02-14T18:27:40 [Time] 18:27:40
181/327 LSPM_J1055+0808-20200214@182854-Eden.fts [TYPE] LIGHT [OBJ] LSPM_J1055+0808 [RA] 10 55 47.3424 [Dec] +08 08 42.9329 [FIL] GG495 [EXPTIME] 60.0 [Date] 2020-02-14T18:28:55 [Time] 18:28:55
182/327 LSPM_J1055+0808-20200214@183011-Eden.fts [TYPE] LIGHT [OBJ] LSPM_J1055+0808 [RA] 10 55 47.3424 [Dec] +08 08 42.9329 [FIL] GG495 [EXPTIME] 60.0 [Date] 2020-02-14T18:30:11 [Time] 18:30:11
183/327 LSPM_J1055+0808-20200214@183125-Eden.fts [TYPE] LIGHT [OBJ] LSPM_J1055+0808 [RA] 10 55 47.3424 [Dec] +08 08 42.9329 [FIL] GG495 [EXPTIME] 60.0 [Date] 2020-02-14T18:31:25 [Time] 18:31:25
184/327 LSPM_J1055+0808-20200214@183240-Eden.fts [TYPE] LIGHT [OBJ] LSPM_J1055+0808 [RA] 10 55 47.3424 [Dec] +08 08 42.9329 [FIL] GG495 [EXPTIME] 60.0 [Date] 2020-02-14T18:32:40 [Time] 18:32:40
185/327 LSPM_J1055+0808-20200214@183355-Eden.fts [TYPE] LIGHT [OBJ] LSPM_J1055+0808 [RA] 10 55 47.3424 [Dec] +08 08 42.9329 [FIL] GG495 [EXPTIME] 60.0 [Date] 2020-02-14T18:33:55 [Time] 18:33:55
186/327 LSPM_J1055+0808-20200214@183510-Eden.fts [TYPE] LIGHT [OBJ] LSPM_J1055+0808 [RA] 10 55 47.3424 [Dec] +08 08 42.9329 [FIL] GG495 [EXPTIME] 60.0 [Date] 2020-02-14T18:35:10 [Time] 18:35:10
187/327 LSPM_J1055+0808-20200214@183625-Eden.fts [TYPE] LIGHT [OBJ] LSPM_J1055+0808 [RA] 10 55 47.3424 [Dec] +08 08 42.9329 [FIL] GG495 [EXPTIME] 60.0 [Date] 2020-02-14T18:36:26 [Time] 18:36:26
188/327 LSPM_J1055+0808-20200214@183741-Eden.fts [TYPE] LIGHT [OBJ] LSPM_J1055+0808 [RA] 10 55 47.3424 [Dec] +08 08 42.9329 [FIL] GG495 [EXPTIME] 60.0 [Date] 2020-02-14T18:37:42 [Time] 18:37:42
189/327 LSPM_J1055+0808-20200214@183859-Eden.fts [TYPE] LIGHT [OBJ] LSPM_J1055+0808 [RA] 10 55 47.3424 [Dec] +08 08 42.9329 [FIL] GG495 [EXPTIME] 60.0 [Date] 2020-02-14T18:38:59 [Time] 18:38:59
190/327 LSPM_J1055+0808-20200214@184014-Eden.fts [TYPE] LIGHT [OBJ] LSPM_J1055+0808 [RA] 10 55 47.3424 [Dec] +08 08 42.9329 [FIL] GG495 [EXPTIME] 60.0 [Date] 2020-02-14T18:40:14 [Time] 18:40:14
191/327 LSPM_J1055+0808-20200214@184128-Eden.fts [TYPE] LIGHT [OBJ] LSPM_J1055+0808 [RA] 10 55 47.3424 [Dec] +08 08 42.9329 [FIL] GG495 [EXPTIME] 60.0 [Date] 2020-02-14T18:41:29 [Time] 18:41:29
192/327 LSPM_J1055+0808-20200214@184243-Eden.fts [TYPE] LIGHT [OBJ] LSPM_J1055+0808 [RA] 10 55 47.3424 [Dec] +08 08 42.9329 [FIL] GG495 [EXPTIME] 60.0 [Date] 2020-02-14T18:42:43 [Time] 18:42:43
193/327 LSPM_J1055+0808-20200214@184358-Eden.fts [TYPE] LIGHT [OBJ] LSPM_J1055+0808 [RA] 10 55 47.3424 [Dec] +08 08 42.9329 [FIL] GG495 [EXPTIME] 60.0 [Date] 2020-02-14T18:43:58 [Time] 18:43:58
194/327 LSPM_J1055+0808-20200214@184512-Eden.fts [TYPE] LIGHT [OBJ] LSPM_J1055+0808 [RA] 10 55 47.3424 [Dec] +08 08 42.9329 [FIL] GG495 [EXPTIME] 60.0 [Date] 2020-02-14T18:45:13 [Time] 18:45:13
195/327 LSPM_J1055+0808-20200214@184628-Eden.fts [TYPE] LIGHT [OBJ] LSPM_J1055+0808 [RA] 10 55 47.3424 [Dec] +08 08 42.9329 [FIL] GG495 [EXPTIME] 60.0 [Date] 2020-02-14T18:46:28 [Time] 18:46:28
196/327 LSPM_J1055+0808-20200214@184743-Eden.fts [TYPE] LIGHT [OBJ] LSPM_J1055+0808 [RA] 10 55 47.3424 [Dec] +08 08 42.9329 [FIL] GG495 [EXPTIME] 60.0 [Date] 2020-02-14T18:47:44 [Time] 18:47:44
197/327 LSPM_J1055+0808-20200214@184858-Eden.fts [TYPE] LIGHT [OBJ] LSPM_J1055+0808 [RA] 10 55 47.3424 [Dec] +08 08 42.9329 [FIL] GG495 [EXPTIME] 60.0 [Date] 2020-02-14T18:48:59 [Time] 18:48:59
198/327 LSPM_J1055+0808-20200214@185012-Eden.fts [TYPE] LIGHT [OBJ] LSPM_J1055+0808 [RA] 10 55 47.3424 [Dec] +08 08 42.9329 [FIL] GG495 [EXPTIME] 60.0 [Date] 2020-02-14T18:50:13 [Time] 18:50:13
199/327 LSPM_J1055+0808-20200214@185128-Eden.fts [TYPE] LIGHT [OBJ] LSPM_J1055+0808 [RA] 10 55 47.3424 [Dec] +08 08 42.9329 [FIL] GG495 [EXPTIME] 60.0 [Date] 2020-02-14T18:51:28 [Time] 18:51:28
200/327 LSPM_J1055+0808-20200214@185243-Eden.fts [TYPE] LIGHT [OBJ] LSPM_J1055+0808 [RA] 10 55 47.3424 [Dec] +08 08 42.9329 [FIL] GG495 [EXPTIME] 60.0 [Date] 2020-02-14T18:52:44 [Time] 18:52:44
201/327 LSPM_J1055+0808-20200214@185357-Eden.fts [TYPE] LIGHT [OBJ] LSPM_J1055+0808 [RA] 10 55 47.3424 [Dec] +08 08 42.9329 [FIL] GG495 [EXPTIME] 60.0 [Date] 2020-02-14T18:53:58 [Time] 18:53:58
202/327 LSPM_J1055+0808-20200214@185512-Eden.fts [TYPE] LIGHT [OBJ] LSPM_J1055+0808 [RA] 10 55 47.3424 [Dec] +08 08 42.9329 [FIL] GG495 [EXPTIME] 60.0 [Date] 2020-02-14T18:55:12 [Time] 18:55:12
203/327 LSPM_J1055+0808-20200214@185626-Eden.fts [TYPE] LIGHT [OBJ] LSPM_J1055+0808 [RA] 10 55 47.3424 [Dec] +08 08 42.9329 [FIL] GG495 [EXPTIME] 60.0 [Date] 2020-02-14T18:56:26 [Time] 18:56:26
204/327 LSPM_J1055+0808-20200214@185742-Eden.fts [TYPE] LIGHT [OBJ] LSPM_J1055+0808 [RA] 10 55 47.3424 [Dec] +08 08 42.9329 [FIL] GG495 [EXPTIME] 60.0 [Date] 2020-02-14T18:57:43 [Time] 18:57:43
205/327 LSPM_J1055+0808-20200214@185857-Eden.fts [TYPE] LIGHT [OBJ] LSPM_J1055+0808 [RA] 10 55 47.3424 [Dec] +08 08 42.9329 [FIL] GG495 [EXPTIME] 60.0 [Date] 2020-02-14T18:58:57 [Time] 18:58:57
206/327 LSPM_J1055+0808-20200214@190011-Eden.fts [TYPE] LIGHT [OBJ] LSPM_J1055+0808 [RA] 10 55 47.3424 [Dec] +08 08 42.9329 [FIL] GG495 [EXPTIME] 60.0 [Date] 2020-02-14T19:00:11 [Time] 19:00:11
207/327 LSPM_J1055+0808-20200214@190126-Eden.fts [TYPE] LIGHT [OBJ] LSPM_J1055+0808 [RA] 10 55 47.3424 [Dec] +08 08 42.9329 [FIL] GG495 [EXPTIME] 60.0 [Date] 2020-02-14T19:01:26 [Time] 19:01:26
208/327 LSPM_J1055+0808-20200214@190240-Eden.fts [TYPE] LIGHT [OBJ] LSPM_J1055+0808 [RA] 10 55 47.3424 [Dec] +08 08 42.9329 [FIL] GG495 [EXPTIME] 60.0 [Date] 2020-02-14T19:02:40 [Time] 19:02:40
209/327 LSPM_J1055+0808-20200214@190355-Eden.fts [TYPE] LIGHT [OBJ] LSPM_J1055+0808 [RA] 10 55 47.3424 [Dec] +08 08 42.9329 [FIL] GG495 [EXPTIME] 60.0 [Date] 2020-02-14T19:03:55 [Time] 19:03:55
210/327 LSPM_J1055+0808-20200214@190508-Eden.fts [TYPE] LIGHT [OBJ] LSPM_J1055+0808 [RA] 10 55 47.3424 [Dec] +08 08 42.9329 [FIL] GG495 [EXPTIME] 60.0 [Date] 2020-02-14T19:05:09 [Time] 19:05:09
211/327 LSPM_J1055+0808-20200214@190623-Eden.fts [TYPE] LIGHT [OBJ] LSPM_J1055+0808 [RA] 10 55 47.3424 [Dec] +08 08 42.9329 [FIL] GG495 [EXPTIME] 60.0 [Date] 2020-02-14T19:06:24 [Time] 19:06:24
212/327 LSPM_J1055+0808-20200214@190738-Eden.fts [TYPE] LIGHT [OBJ] LSPM_J1055+0808 [RA] 10 55 47.3424 [Dec] +08 08 42.9329 [FIL] GG495 [EXPTIME] 60.0 [Date] 2020-02-14T19:07:38 [Time] 19:07:38
213/327 LSPM_J1055+0808-20200214@190852-Eden.fts [TYPE] LIGHT [OBJ] LSPM_J1055+0808 [RA] 10 55 47.3424 [Dec] +08 08 42.9329 [FIL] GG495 [EXPTIME] 60.0 [Date] 2020-02-14T19:08:53 [Time] 19:08:53
214/327 LSPM_J1055+0808-20200214@191007-Eden.fts [TYPE] LIGHT [OBJ] LSPM_J1055+0808 [RA] 10 55 47.3424 [Dec] +08 08 42.9329 [FIL] GG495 [EXPTIME] 60.0 [Date] 2020-02-14T19:10:07 [Time] 19:10:07
215/327 LSPM_J1055+0808-20200214@191122-Eden.fts [TYPE] LIGHT [OBJ] LSPM_J1055+0808 [RA] 10 55 47.3424 [Dec] +08 08 42.9329 [FIL] GG495 [EXPTIME] 60.0 [Date] 2020-02-14T19:11:22 [Time] 19:11:22
216/327 LSPM_J1055+0808-20200214@191236-Eden.fts [TYPE] LIGHT [OBJ] LSPM_J1055+0808 [RA] 10 55 47.3424 [Dec] +08 08 42.9329 [FIL] GG495 [EXPTIME] 60.0 [Date] 2020-02-14T19:12:36 [Time] 19:12:36
217/327 LSPM_J1055+0808-20200214@191350-Eden.fts [TYPE] LIGHT [OBJ] LSPM_J1055+0808 [RA] 10 55 47.3424 [Dec] +08 08 42.9329 [FIL] GG495 [EXPTIME] 60.0 [Date] 2020-02-14T19:13:50 [Time] 19:13:50
218/327 LSPM_J1055+0808-20200214@191504-Eden.fts [TYPE] LIGHT [OBJ] LSPM_J1055+0808 [RA] 10 55 47.3424 [Dec] +08 08 42.9329 [FIL] GG495 [EXPTIME] 60.0 [Date] 2020-02-14T19:15:04 [Time] 19:15:04
219/327 LSPM_J1055+0808-20200214@191619-Eden.fts [TYPE] LIGHT [OBJ] LSPM_J1055+0808 [RA] 10 55 47.3424 [Dec] +08 08 42.9329 [FIL] GG495 [EXPTIME] 60.0 [Date] 2020-02-14T19:16:20 [Time] 19:16:20
220/327 LSPM_J1055+0808-20200214@191735-Eden.fts [TYPE] LIGHT [OBJ] LSPM_J1055+0808 [RA] 10 55 47.3424 [Dec] +08 08 42.9329 [FIL] GG495 [EXPTIME] 60.0 [Date] 2020-02-14T19:17:36 [Time] 19:17:36
221/327 LSPM_J1055+0808-20200214@191851-Eden.fts [TYPE] LIGHT [OBJ] LSPM_J1055+0808 [RA] 10 55 47.3424 [Dec] +08 08 42.9329 [FIL] GG495 [EXPTIME] 60.0 [Date] 2020-02-14T19:18:51 [Time] 19:18:51
222/327 LSPM_J1055+0808-20200214@192006-Eden.fts [TYPE] LIGHT [OBJ] LSPM_J1055+0808 [RA] 10 55 47.3424 [Dec] +08 08 42.9329 [FIL] GG495 [EXPTIME] 60.0 [Date] 2020-02-14T19:20:07 [Time] 19:20:07
223/327 LSPM_J1055+0808-20200214@192121-Eden.fts [TYPE] LIGHT [OBJ] LSPM_J1055+0808 [RA] 10 55 47.3424 [Dec] +08 08 42.9329 [FIL] GG495 [EXPTIME] 60.0 [Date] 2020-02-14T19:21:21 [Time] 19:21:21
224/327 LSPM_J1055+0808-20200214@192235-Eden.fts [TYPE] LIGHT [OBJ] LSPM_J1055+0808 [RA] 10 55 47.3424 [Dec] +08 08 42.9329 [FIL] GG495 [EXPTIME] 60.0 [Date] 2020-02-14T19:22:35 [Time] 19:22:35
225/327 LSPM_J1055+0808-20200214@192349-Eden.fts [TYPE] LIGHT [OBJ] LSPM_J1055+0808 [RA] 10 55 47.3424 [Dec] +08 08 42.9329 [FIL] GG495 [EXPTIME] 60.0 [Date] 2020-02-14T19:23:50 [Time] 19:23:50
226/327 LSPM_J1055+0808-20200214@192504-Eden.fts [TYPE] LIGHT [OBJ] LSPM_J1055+0808 [RA] 10 55 47.3424 [Dec] +08 08 42.9329 [FIL] GG495 [EXPTIME] 60.0 [Date] 2020-02-14T19:25:04 [Time] 19:25:04
227/327 LSPM_J1055+0808-20200214@192619-Eden.fts [TYPE] LIGHT [OBJ] LSPM_J1055+0808 [RA] 10 55 47.3424 [Dec] +08 08 42.9329 [FIL] GG495 [EXPTIME] 60.0 [Date] 2020-02-14T19:26:19 [Time] 19:26:19
228/327 LSPM_J1055+0808-20200214@192734-Eden.fts [TYPE] LIGHT [OBJ] LSPM_J1055+0808 [RA] 10 55 47.3424 [Dec] +08 08 42.9329 [FIL] GG495 [EXPTIME] 60.0 [Date] 2020-02-14T19:27:35 [Time] 19:27:35
229/327 LSPM_J1055+0808-20200214@192849-Eden.fts [TYPE] LIGHT [OBJ] LSPM_J1055+0808 [RA] 10 55 47.3424 [Dec] +08 08 42.9329 [FIL] GG495 [EXPTIME] 60.0 [Date] 2020-02-14T19:28:49 [Time] 19:28:49
230/327 LSPM_J1055+0808-20200214@193003-Eden.fts [TYPE] LIGHT [OBJ] LSPM_J1055+0808 [RA] 10 55 47.3424 [Dec] +08 08 42.9329 [FIL] GG495 [EXPTIME] 60.0 [Date] 2020-02-14T19:30:03 [Time] 19:30:03
231/327 LSPM_J1055+0808-20200214@193119-Eden.fts [TYPE] LIGHT [OBJ] LSPM_J1055+0808 [RA] 10 55 47.3424 [Dec] +08 08 42.9329 [FIL] GG495 [EXPTIME] 60.0 [Date] 2020-02-14T19:31:20 [Time] 19:31:20
232/327 LSPM_J1055+0808-20200214@193233-Eden.fts [TYPE] LIGHT [OBJ] LSPM_J1055+0808 [RA] 10 55 47.3424 [Dec] +08 08 42.9329 [FIL] GG495 [EXPTIME] 60.0 [Date] 2020-02-14T19:32:33 [Time] 19:32:33
233/327 LSPM_J1055+0808-20200214@193348-Eden.fts [TYPE] LIGHT [OBJ] LSPM_J1055+0808 [RA] 10 55 47.3424 [Dec] +08 08 42.9329 [FIL] GG495 [EXPTIME] 60.0 [Date] 2020-02-14T19:33:48 [Time] 19:33:48
234/327 LSPM_J1055+0808-20200214@193502-Eden.fts [TYPE] LIGHT [OBJ] LSPM_J1055+0808 [RA] 10 55 47.3424 [Dec] +08 08 42.9329 [FIL] GG495 [EXPTIME] 60.0 [Date] 2020-02-14T19:35:02 [Time] 19:35:02
235/327 LSPM_J1055+0808-20200214@193616-Eden.fts [TYPE] LIGHT [OBJ] LSPM_J1055+0808 [RA] 10 55 47.3424 [Dec] +08 08 42.9329 [FIL] GG495 [EXPTIME] 60.0 [Date] 2020-02-14T19:36:16 [Time] 19:36:16
236/327 LSPM_J1055+0808-20200214@193732-Eden.fts [TYPE] LIGHT [OBJ] LSPM_J1055+0808 [RA] 10 55 47.3424 [Dec] +08 08 42.9329 [FIL] GG495 [EXPTIME] 60.0 [Date] 2020-02-14T19:37:32 [Time] 19:37:32
237/327 LSPM_J1055+0808-20200214@193847-Eden.fts [TYPE] LIGHT [OBJ] LSPM_J1055+0808 [RA] 10 55 47.3424 [Dec] +08 08 42.9329 [FIL] GG495 [EXPTIME] 60.0 [Date] 2020-02-14T19:38:47 [Time] 19:38:47
238/327 LSPM_J1055+0808-20200214@194001-Eden.fts [TYPE] LIGHT [OBJ] LSPM_J1055+0808 [RA] 10 55 47.3424 [Dec] +08 08 42.9329 [FIL] GG495 [EXPTIME] 60.0 [Date] 2020-02-14T19:40:02 [Time] 19:40:02
239/327 LSPM_J1055+0808-20200214@194116-Eden.fts [TYPE] LIGHT [OBJ] LSPM_J1055+0808 [RA] 10 55 47.3424 [Dec] +08 08 42.9329 [FIL] GG495 [EXPTIME] 60.0 [Date] 2020-02-14T19:41:16 [Time] 19:41:16
240/327 LSPM_J1055+0808-20200214@194231-Eden.fts [TYPE] LIGHT [OBJ] LSPM_J1055+0808 [RA] 10 55 47.3424 [Dec] +08 08 42.9329 [FIL] GG495 [EXPTIME] 60.0 [Date] 2020-02-14T19:42:32 [Time] 19:42:32
241/327 LSPM_J1055+0808-20200214@194345-Eden.fts [TYPE] LIGHT [OBJ] LSPM_J1055+0808 [RA] 10 55 47.3424 [Dec] +08 08 42.9329 [FIL] GG495 [EXPTIME] 60.0 [Date] 2020-02-14T19:43:46 [Time] 19:43:46
242/327 LSPM_J1055+0808-20200214@194500-Eden.fts [TYPE] LIGHT [OBJ] LSPM_J1055+0808 [RA] 10 55 47.3424 [Dec] +08 08 42.9329 [FIL] GG495 [EXPTIME] 60.0 [Date] 2020-02-14T19:45:00 [Time] 19:45:00
243/327 LSPM_J1055+0808-20200214@194614-Eden.fts [TYPE] LIGHT [OBJ] LSPM_J1055+0808 [RA] 10 55 47.3424 [Dec] +08 08 42.9329 [FIL] GG495 [EXPTIME] 60.0 [Date] 2020-02-14T19:46:15 [Time] 19:46:15
244/327 LSPM_J1055+0808-20200214@194731-Eden.fts [TYPE] LIGHT [OBJ] LSPM_J1055+0808 [RA] 10 55 47.3424 [Dec] +08 08 42.9329 [FIL] GG495 [EXPTIME] 60.0 [Date] 2020-02-14T19:47:31 [Time] 19:47:31
245/327 LSPM_J1055+0808-20200214@194846-Eden.fts [TYPE] LIGHT [OBJ] LSPM_J1055+0808 [RA] 10 55 47.3424 [Dec] +08 08 42.9329 [FIL] GG495 [EXPTIME] 60.0 [Date] 2020-02-14T19:48:46 [Time] 19:48:46
246/327 LSPM_J1055+0808-20200214@195001-Eden.fts [TYPE] LIGHT [OBJ] LSPM_J1055+0808 [RA] 10 55 47.3424 [Dec] +08 08 42.9329 [FIL] GG495 [EXPTIME] 60.0 [Date] 2020-02-14T19:50:02 [Time] 19:50:02
247/327 LSPM_J1055+0808-20200214@195116-Eden.fts [TYPE] LIGHT [OBJ] LSPM_J1055+0808 [RA] 10 55 47.3424 [Dec] +08 08 42.9329 [FIL] GG495 [EXPTIME] 60.0 [Date] 2020-02-14T19:51:16 [Time] 19:51:16
248/327 LSPM_J1055+0808-20200214@195231-Eden.fts [TYPE] LIGHT [OBJ] LSPM_J1055+0808 [RA] 10 55 47.3424 [Dec] +08 08 42.9329 [FIL] GG495 [EXPTIME] 60.0 [Date] 2020-02-14T19:52:31 [Time] 19:52:31
249/327 LSPM_J1055+0808-20200214@195345-Eden.fts [TYPE] LIGHT [OBJ] LSPM_J1055+0808 [RA] 10 55 47.3424 [Dec] +08 08 42.9329 [FIL] GG495 [EXPTIME] 60.0 [Date] 2020-02-14T19:53:45 [Time] 19:53:45
250/327 LSPM_J1055+0808-20200214@195500-Eden.fts [TYPE] LIGHT [OBJ] LSPM_J1055+0808 [RA] 10 55 47.3424 [Dec] +08 08 42.9329 [FIL] GG495 [EXPTIME] 60.0 [Date] 2020-02-14T19:55:00 [Time] 19:55:00
251/327 LSPM_J1055+0808-20200214@195614-Eden.fts [TYPE] LIGHT [OBJ] LSPM_J1055+0808 [RA] 10 55 47.3424 [Dec] +08 08 42.9329 [FIL] GG495 [EXPTIME] 60.0 [Date] 2020-02-14T19:56:14 [Time] 19:56:14
252/327 LSPM_J1055+0808-20200214@195728-Eden.fts [TYPE] LIGHT [OBJ] LSPM_J1055+0808 [RA] 10 55 47.3424 [Dec] +08 08 42.9329 [FIL] GG495 [EXPTIME] 60.0 [Date] 2020-02-14T19:57:29 [Time] 19:57:29
253/327 LSPM_J1055+0808-20200214@195842-Eden.fts [TYPE] LIGHT [OBJ] LSPM_J1055+0808 [RA] 10 55 47.3424 [Dec] +08 08 42.9329 [FIL] GG495 [EXPTIME] 60.0 [Date] 2020-02-14T19:58:42 [Time] 19:58:42
254/327 LSPM_J1055+0808-20200214@195956-Eden.fts [TYPE] LIGHT [OBJ] LSPM_J1055+0808 [RA] 10 55 47.3424 [Dec] +08 08 42.9329 [FIL] GG495 [EXPTIME] 60.0 [Date] 2020-02-14T19:59:57 [Time] 19:59:57
255/327 LSPM_J1055+0808-20200214@200111-Eden.fts [TYPE] LIGHT [OBJ] LSPM_J1055+0808 [RA] 10 55 47.3424 [Dec] +08 08 42.9329 [FIL] GG495 [EXPTIME] 60.0 [Date] 2020-02-14T20:01:11 [Time] 20:01:11
256/327 LSPM_J1055+0808-20200214@200225-Eden.fts [TYPE] LIGHT [OBJ] LSPM_J1055+0808 [RA] 10 55 47.3424 [Dec] +08 08 42.9329 [FIL] GG495 [EXPTIME] 60.0 [Date] 2020-02-14T20:02:25 [Time] 20:02:25
257/327 LSPM_J1055+0808-20200214@200339-Eden.fts [TYPE] LIGHT [OBJ] LSPM_J1055+0808 [RA] 10 55 47.3424 [Dec] +08 08 42.9329 [FIL] GG495 [EXPTIME] 60.0 [Date] 2020-02-14T20:03:39 [Time] 20:03:39
258/327 LSPM_J1055+0808-20200214@200454-Eden.fts [TYPE] LIGHT [OBJ] LSPM_J1055+0808 [RA] 10 55 47.3424 [Dec] +08 08 42.9329 [FIL] GG495 [EXPTIME] 60.0 [Date] 2020-02-14T20:04:54 [Time] 20:04:54
259/327 LSPM_J1055+0808-20200214@200609-Eden.fts [TYPE] LIGHT [OBJ] LSPM_J1055+0808 [RA] 10 55 47.3424 [Dec] +08 08 42.9329 [FIL] GG495 [EXPTIME] 60.0 [Date] 2020-02-14T20:06:09 [Time] 20:06:09
260/327 LSPM_J1055+0808-20200214@200724-Eden.fts [TYPE] LIGHT [OBJ] LSPM_J1055+0808 [RA] 10 55 47.3424 [Dec] +08 08 42.9329 [FIL] GG495 [EXPTIME] 60.0 [Date] 2020-02-14T20:07:24 [Time] 20:07:24
261/327 LSPM_J1055+0808-20200214@200838-Eden.fts [TYPE] LIGHT [OBJ] LSPM_J1055+0808 [RA] 10 55 47.3424 [Dec] +08 08 42.9329 [FIL] GG495 [EXPTIME] 60.0 [Date] 2020-02-14T20:08:38 [Time] 20:08:38
262/327 LSPM_J1055+0808-20200214@200952-Eden.fts [TYPE] LIGHT [OBJ] LSPM_J1055+0808 [RA] 10 55 47.3424 [Dec] +08 08 42.9329 [FIL] GG495 [EXPTIME] 60.0 [Date] 2020-02-14T20:09:53 [Time] 20:09:53
263/327 LSPM_J1055+0808-20200214@201106-Eden.fts [TYPE] LIGHT [OBJ] LSPM_J1055+0808 [RA] 10 55 47.3424 [Dec] +08 08 42.9329 [FIL] GG495 [EXPTIME] 60.0 [Date] 2020-02-14T20:11:07 [Time] 20:11:07
264/327 LSPM_J1055+0808-20200214@201221-Eden.fts [TYPE] LIGHT [OBJ] LSPM_J1055+0808 [RA] 10 55 47.3424 [Dec] +08 08 42.9329 [FIL] GG495 [EXPTIME] 60.0 [Date] 2020-02-14T20:12:21 [Time] 20:12:21
265/327 LSPM_J1055+0808-20200214@201336-Eden.fts [TYPE] LIGHT [OBJ] LSPM_J1055+0808 [RA] 10 55 47.3424 [Dec] +08 08 42.9329 [FIL] GG495 [EXPTIME] 60.0 [Date] 2020-02-14T20:13:36 [Time] 20:13:36
266/327 LSPM_J1055+0808-20200214@201450-Eden.fts [TYPE] LIGHT [OBJ] LSPM_J1055+0808 [RA] 10 55 47.3424 [Dec] +08 08 42.9329 [FIL] GG495 [EXPTIME] 60.0 [Date] 2020-02-14T20:14:50 [Time] 20:14:50
267/327 LSPM_J1055+0808-20200214@201605-Eden.fts [TYPE] LIGHT [OBJ] LSPM_J1055+0808 [RA] 10 55 47.3424 [Dec] +08 08 42.9329 [FIL] GG495 [EXPTIME] 60.0 [Date] 2020-02-14T20:16:05 [Time] 20:16:05
268/327 LSPM_J1055+0808-20200214@201722-Eden.fts [TYPE] LIGHT [OBJ] LSPM_J1055+0808 [RA] 10 55 47.3424 [Dec] +08 08 42.9329 [FIL] GG495 [EXPTIME] 60.0 [Date] 2020-02-14T20:17:22 [Time] 20:17:22
269/327 LSPM_J1055+0808-20200214@201837-Eden.fts [TYPE] LIGHT [OBJ] LSPM_J1055+0808 [RA] 10 55 47.3424 [Dec] +08 08 42.9329 [FIL] GG495 [EXPTIME] 60.0 [Date] 2020-02-14T20:18:37 [Time] 20:18:37
270/327 LSPM_J1055+0808-20200214@201951-Eden.fts [TYPE] LIGHT [OBJ] LSPM_J1055+0808 [RA] 10 55 47.3424 [Dec] +08 08 42.9329 [FIL] GG495 [EXPTIME] 60.0 [Date] 2020-02-14T20:19:52 [Time] 20:19:52
271/327 LSPM_J1055+0808-20200214@202107-Eden.fts [TYPE] LIGHT [OBJ] LSPM_J1055+0808 [RA] 10 55 47.3424 [Dec] +08 08 42.9329 [FIL] GG495 [EXPTIME] 60.0 [Date] 2020-02-14T20:21:07 [Time] 20:21:07
272/327 LSPM_J1055+0808-20200214@202221-Eden.fts [TYPE] LIGHT [OBJ] LSPM_J1055+0808 [RA] 10 55 47.3424 [Dec] +08 08 42.9329 [FIL] GG495 [EXPTIME] 60.0 [Date] 2020-02-14T20:22:22 [Time] 20:22:22
273/327 LSPM_J1055+0808-20200214@202336-Eden.fts [TYPE] LIGHT [OBJ] LSPM_J1055+0808 [RA] 10 55 47.3424 [Dec] +08 08 42.9329 [FIL] GG495 [EXPTIME] 60.0 [Date] 2020-02-14T20:23:36 [Time] 20:23:36
274/327 LSPM_J1055+0808-20200214@202450-Eden.fts [TYPE] LIGHT [OBJ] LSPM_J1055+0808 [RA] 10 55 47.3424 [Dec] +08 08 42.9329 [FIL] GG495 [EXPTIME] 60.0 [Date] 2020-02-14T20:24:50 [Time] 20:24:50
275/327 LSPM_J1055+0808-20200214@202605-Eden.fts [TYPE] LIGHT [OBJ] LSPM_J1055+0808 [RA] 10 55 47.3424 [Dec] +08 08 42.9329 [FIL] GG495 [EXPTIME] 60.0 [Date] 2020-02-14T20:26:05 [Time] 20:26:05
276/327 LSPM_J1055+0808-20200214@202720-Eden.fts [TYPE] LIGHT [OBJ] LSPM_J1055+0808 [RA] 10 55 47.3424 [Dec] +08 08 42.9329 [FIL] GG495 [EXPTIME] 60.0 [Date] 2020-02-14T20:27:21 [Time] 20:27:21
277/327 LSPM_J1055+0808-20200214@202834-Eden.fts [TYPE] LIGHT [OBJ] LSPM_J1055+0808 [RA] 10 55 47.3424 [Dec] +08 08 42.9329 [FIL] GG495 [EXPTIME] 60.0 [Date] 2020-02-14T20:28:35 [Time] 20:28:35
278/327 LSPM_J1055+0808-20200214@202949-Eden.fts [TYPE] LIGHT [OBJ] LSPM_J1055+0808 [RA] 10 55 47.3424 [Dec] +08 08 42.9329 [FIL] GG495 [EXPTIME] 60.0 [Date] 2020-02-14T20:29:50 [Time] 20:29:50
279/327 LSPM_J1055+0808-20200214@203104-Eden.fts [TYPE] LIGHT [OBJ] LSPM_J1055+0808 [RA] 10 55 47.3424 [Dec] +08 08 42.9329 [FIL] GG495 [EXPTIME] 60.0 [Date] 2020-02-14T20:31:05 [Time] 20:31:05
280/327 LSPM_J1055+0808-20200214@203219-Eden.fts [TYPE] LIGHT [OBJ] LSPM_J1055+0808 [RA] 10 55 47.3424 [Dec] +08 08 42.9329 [FIL] GG495 [EXPTIME] 60.0 [Date] 2020-02-14T20:32:19 [Time] 20:32:19
281/327 LSPM_J1055+0808-20200214@203332-Eden.fts [TYPE] LIGHT [OBJ] LSPM_J1055+0808 [RA] 10 55 47.3424 [Dec] +08 08 42.9329 [FIL] GG495 [EXPTIME] 60.0 [Date] 2020-02-14T20:33:33 [Time] 20:33:33
282/327 LSPM_J1055+0808-20200214@203446-Eden.fts [TYPE] LIGHT [OBJ] LSPM_J1055+0808 [RA] 10 55 47.3424 [Dec] +08 08 42.9329 [FIL] GG495 [EXPTIME] 60.0 [Date] 2020-02-14T20:34:46 [Time] 20:34:46
283/327 LSPM_J1055+0808-20200214@203601-Eden.fts [TYPE] LIGHT [OBJ] LSPM_J1055+0808 [RA] 10 55 47.3424 [Dec] +08 08 42.9329 [FIL] GG495 [EXPTIME] 60.0 [Date] 2020-02-14T20:36:02 [Time] 20:36:02
284/327 LSPM_J1055+0808-20200214@203715-Eden.fts [TYPE] LIGHT [OBJ] LSPM_J1055+0808 [RA] 10 55 47.3424 [Dec] +08 08 42.9329 [FIL] GG495 [EXPTIME] 60.0 [Date] 2020-02-14T20:37:16 [Time] 20:37:16
285/327 LSPM_J1055+0808-20200214@203830-Eden.fts [TYPE] LIGHT [OBJ] LSPM_J1055+0808 [RA] 10 55 47.3424 [Dec] +08 08 42.9329 [FIL] GG495 [EXPTIME] 60.0 [Date] 2020-02-14T20:38:30 [Time] 20:38:30
286/327 LSPM_J1055+0808-20200214@203944-Eden.fts [TYPE] LIGHT [OBJ] LSPM_J1055+0808 [RA] 10 55 47.3424 [Dec] +08 08 42.9329 [FIL] GG495 [EXPTIME] 60.0 [Date] 2020-02-14T20:39:44 [Time] 20:39:44
287/327 LSPM_J1055+0808-20200214@204058-Eden.fts [TYPE] LIGHT [OBJ] LSPM_J1055+0808 [RA] 10 55 47.3424 [Dec] +08 08 42.9329 [FIL] GG495 [EXPTIME] 60.0 [Date] 2020-02-14T20:40:59 [Time] 20:40:59
288/327 LSPM_J1055+0808-20200214@204214-Eden.fts [TYPE] LIGHT [OBJ] LSPM_J1055+0808 [RA] 10 55 47.3424 [Dec] +08 08 42.9329 [FIL] GG495 [EXPTIME] 60.0 [Date] 2020-02-14T20:42:14 [Time] 20:42:14
289/327 LSPM_J1055+0808-20200214@204327-Eden.fts [TYPE] LIGHT [OBJ] LSPM_J1055+0808 [RA] 10 55 47.3424 [Dec] +08 08 42.9329 [FIL] GG495 [EXPTIME] 60.0 [Date] 2020-02-14T20:43:28 [Time] 20:43:28
290/327 LSPM_J1055+0808-20200214@204442-Eden.fts [TYPE] LIGHT [OBJ] LSPM_J1055+0808 [RA] 10 55 47.3424 [Dec] +08 08 42.9329 [FIL] GG495 [EXPTIME] 60.0 [Date] 2020-02-14T20:44:42 [Time] 20:44:42
291/327 LSPM_J1055+0808-20200214@204558-Eden.fts [TYPE] LIGHT [OBJ] LSPM_J1055+0808 [RA] 10 55 47.3424 [Dec] +08 08 42.9329 [FIL] GG495 [EXPTIME] 60.0 [Date] 2020-02-14T20:45:58 [Time] 20:45:58
292/327 LSPM_J1055+0808-20200214@204713-Eden.fts [TYPE] LIGHT [OBJ] LSPM_J1055+0808 [RA] 10 55 47.3424 [Dec] +08 08 42.9329 [FIL] GG495 [EXPTIME] 60.0 [Date] 2020-02-14T20:47:13 [Time] 20:47:13
293/327 LSPM_J1055+0808-20200214@204827-Eden.fts [TYPE] LIGHT [OBJ] LSPM_J1055+0808 [RA] 10 55 47.3424 [Dec] +08 08 42.9329 [FIL] GG495 [EXPTIME] 60.0 [Date] 2020-02-14T20:48:27 [Time] 20:48:27
294/327 LSPM_J1055+0808-20200214@204942-Eden.fts [TYPE] LIGHT [OBJ] LSPM_J1055+0808 [RA] 10 55 47.3424 [Dec] +08 08 42.9329 [FIL] GG495 [EXPTIME] 60.0 [Date] 2020-02-14T20:49:42 [Time] 20:49:42
295/327 LSPM_J1055+0808-20200214@205058-Eden.fts [TYPE] LIGHT [OBJ] LSPM_J1055+0808 [RA] 10 55 47.3424 [Dec] +08 08 42.9329 [FIL] GG495 [EXPTIME] 60.0 [Date] 2020-02-14T20:50:58 [Time] 20:50:58
296/327 LSPM_J1055+0808-20200214@205212-Eden.fts [TYPE] LIGHT [OBJ] LSPM_J1055+0808 [RA] 10 55 47.3424 [Dec] +08 08 42.9329 [FIL] GG495 [EXPTIME] 60.0 [Date] 2020-02-14T20:52:12 [Time] 20:52:12
297/327 LSPM_J1055+0808-20200214@205328-Eden.fts [TYPE] LIGHT [OBJ] LSPM_J1055+0808 [RA] 10 55 47.3424 [Dec] +08 08 42.9329 [FIL] GG495 [EXPTIME] 60.0 [Date] 2020-02-14T20:53:28 [Time] 20:53:28
298/327 LSPM_J1055+0808-20200214@205443-Eden.fts [TYPE] LIGHT [OBJ] LSPM_J1055+0808 [RA] 10 55 47.3424 [Dec] +08 08 42.9329 [FIL] GG495 [EXPTIME] 60.0 [Date] 2020-02-14T20:54:43 [Time] 20:54:43
299/327 LSPM_J1055+0808-20200214@205558-Eden.fts [TYPE] LIGHT [OBJ] LSPM_J1055+0808 [RA] 10 55 47.3424 [Dec] +08 08 42.9329 [FIL] GG495 [EXPTIME] 60.0 [Date] 2020-02-14T20:55:58 [Time] 20:55:58
300/327 LSPM_J1055+0808-20200214@205711-Eden.fts [TYPE] LIGHT [OBJ] LSPM_J1055+0808 [RA] 10 55 47.3424 [Dec] +08 08 42.9329 [FIL] GG495 [EXPTIME] 60.0 [Date] 2020-02-14T20:57:12 [Time] 20:57:12
301/327 LSPM_J1055+0808-20200214@205826-Eden.fts [TYPE] LIGHT [OBJ] LSPM_J1055+0808 [RA] 10 55 47.3424 [Dec] +08 08 42.9329 [FIL] GG495 [EXPTIME] 60.0 [Date] 2020-02-14T20:58:27 [Time] 20:58:27
302/327 LSPM_J1055+0808-20200214@205942-Eden.fts [TYPE] LIGHT [OBJ] LSPM_J1055+0808 [RA] 10 55 47.3424 [Dec] +08 08 42.9329 [FIL] GG495 [EXPTIME] 60.0 [Date] 2020-02-14T20:59:42 [Time] 20:59:42
303/327 LSPM_J1055+0808-20200214@210056-Eden.fts [TYPE] LIGHT [OBJ] LSPM_J1055+0808 [RA] 10 55 47.3424 [Dec] +08 08 42.9329 [FIL] GG495 [EXPTIME] 60.0 [Date] 2020-02-14T21:00:56 [Time] 21:00:56
304/327 LSPM_J1055+0808-20200214@210211-Eden.fts [TYPE] LIGHT [OBJ] LSPM_J1055+0808 [RA] 10 55 47.3424 [Dec] +08 08 42.9329 [FIL] GG495 [EXPTIME] 60.0 [Date] 2020-02-14T21:02:12 [Time] 21:02:12
305/327 LSPM_J1055+0808-20200214@210325-Eden.fts [TYPE] LIGHT [OBJ] LSPM_J1055+0808 [RA] 10 55 47.3424 [Dec] +08 08 42.9329 [FIL] GG495 [EXPTIME] 60.0 [Date] 2020-02-14T21:03:25 [Time] 21:03:25
306/327 LSPM_J1055+0808-20200214@210440-Eden.fts [TYPE] LIGHT [OBJ] LSPM_J1055+0808 [RA] 10 55 47.3424 [Dec] +08 08 42.9329 [FIL] GG495 [EXPTIME] 60.0 [Date] 2020-02-14T21:04:41 [Time] 21:04:41
307/327 LSPM_J1055+0808-20200214@210555-Eden.fts [TYPE] LIGHT [OBJ] LSPM_J1055+0808 [RA] 10 55 47.3424 [Dec] +08 08 42.9329 [FIL] GG495 [EXPTIME] 60.0 [Date] 2020-02-14T21:05:55 [Time] 21:05:55
308/327 LSPM_J1055+0808-20200214@210709-Eden.fts [TYPE] LIGHT [OBJ] LSPM_J1055+0808 [RA] 10 55 47.3424 [Dec] +08 08 42.9329 [FIL] GG495 [EXPTIME] 60.0 [Date] 2020-02-14T21:07:09 [Time] 21:07:09
309/327 LSPM_J1055+0808-20200214@210823-Eden.fts [TYPE] LIGHT [OBJ] LSPM_J1055+0808 [RA] 10 55 47.3424 [Dec] +08 08 42.9329 [FIL] GG495 [EXPTIME] 60.0 [Date] 2020-02-14T21:08:23 [Time] 21:08:23
310/327 LSPM_J1055+0808-20200214@210937-Eden.fts [TYPE] LIGHT [OBJ] LSPM_J1055+0808 [RA] 10 55 47.3424 [Dec] +08 08 42.9329 [FIL] GG495 [EXPTIME] 60.0 [Date] 2020-02-14T21:09:37 [Time] 21:09:37
311/327 LSPM_J1055+0808-20200214@211053-Eden.fts [TYPE] LIGHT [OBJ] LSPM_J1055+0808 [RA] 10 55 47.3424 [Dec] +08 08 42.9329 [FIL] GG495 [EXPTIME] 60.0 [Date] 2020-02-14T21:10:53 [Time] 21:10:53
312/327 LSPM_J1055+0808-20200214@211209-Eden.fts [TYPE] LIGHT [OBJ] LSPM_J1055+0808 [RA] 10 55 47.3424 [Dec] +08 08 42.9329 [FIL] GG495 [EXPTIME] 60.0 [Date] 2020-02-14T21:12:09 [Time] 21:12:09
313/327 LSPM_J1055+0808-20200214@211324-Eden.fts [TYPE] LIGHT [OBJ] LSPM_J1055+0808 [RA] 10 55 47.3424 [Dec] +08 08 42.9329 [FIL] GG495 [EXPTIME] 60.0 [Date] 2020-02-14T21:13:25 [Time] 21:13:25
314/327 LSPM_J1055+0808-20200214@211439-Eden.fts [TYPE] LIGHT [OBJ] LSPM_J1055+0808 [RA] 10 55 47.3424 [Dec] +08 08 42.9329 [FIL] GG495 [EXPTIME] 60.0 [Date] 2020-02-14T21:14:40 [Time] 21:14:40
315/327 LSPM_J1055+0808-20200214@211553-Eden.fts [TYPE] LIGHT [OBJ] LSPM_J1055+0808 [RA] 10 55 47.3424 [Dec] +08 08 42.9329 [FIL] GG495 [EXPTIME] 60.0 [Date] 2020-02-14T21:15:53 [Time] 21:15:53
316/327 LSPM_J1055+0808-20200214@211708-Eden.fts [TYPE] LIGHT [OBJ] LSPM_J1055+0808 [RA] 10 55 47.3424 [Dec] +08 08 42.9329 [FIL] GG495 [EXPTIME] 60.0 [Date] 2020-02-14T21:17:08 [Time] 21:17:08
317/327 LSPM_J1055+0808-20200214@211822-Eden.fts [TYPE] LIGHT [OBJ] LSPM_J1055+0808 [RA] 10 55 47.3424 [Dec] +08 08 42.9329 [FIL] GG495 [EXPTIME] 60.0 [Date] 2020-02-14T21:18:23 [Time] 21:18:23
318/327 LSPM_J1055+0808-20200214@211938-Eden.fts [TYPE] LIGHT [OBJ] LSPM_J1055+0808 [RA] 10 55 47.3424 [Dec] +08 08 42.9329 [FIL] GG495 [EXPTIME] 60.0 [Date] 2020-02-14T21:19:38 [Time] 21:19:38
319/327 LSPM_J1055+0808-20200214@212052-Eden.fts [TYPE] LIGHT [OBJ] LSPM_J1055+0808 [RA] 10 55 47.3424 [Dec] +08 08 42.9329 [FIL] GG495 [EXPTIME] 60.0 [Date] 2020-02-14T21:20:52 [Time] 21:20:52
320/327 LSPM_J1055+0808-20200214@212206-Eden.fts [TYPE] LIGHT [OBJ] LSPM_J1055+0808 [RA] 10 55 47.3424 [Dec] +08 08 42.9329 [FIL] GG495 [EXPTIME] 60.0 [Date] 2020-02-14T21:22:06 [Time] 21:22:06
321/327 LSPM_J1055+0808-20200214@212321-Eden.fts [TYPE] LIGHT [OBJ] LSPM_J1055+0808 [RA] 10 55 47.3424 [Dec] +08 08 42.9329 [FIL] GG495 [EXPTIME] 60.0 [Date] 2020-02-14T21:23:21 [Time] 21:23:21
322/327 LSPM_J1055+0808-20200214@212438-Eden.fts [TYPE] LIGHT [OBJ] LSPM_J1055+0808 [RA] 10 55 47.3424 [Dec] +08 08 42.9329 [FIL] GG495 [EXPTIME] 60.0 [Date] 2020-02-14T21:24:38 [Time] 21:24:38
323/327 LSPM_J1055+0808-20200214@212552-Eden.fts [TYPE] LIGHT [OBJ] LSPM_J1055+0808 [RA] 10 55 47.3424 [Dec] +08 08 42.9329 [FIL] GG495 [EXPTIME] 60.0 [Date] 2020-02-14T21:25:53 [Time] 21:25:53
324/327 LSPM_J1055+0808-20200214@212707-Eden.fts [TYPE] LIGHT [OBJ] LSPM_J1055+0808 [RA] 10 55 47.3424 [Dec] +08 08 42.9329 [FIL] GG495 [EXPTIME] 60.0 [Date] 2020-02-14T21:27:08 [Time] 21:27:08
325/327 LSPM_J1055+0808-20200214@212822-Eden.fts [TYPE] LIGHT [OBJ] LSPM_J1055+0808 [RA] 10 55 47.3424 [Dec] +08 08 42.9329 [FIL] GG495 [EXPTIME] 60.0 [Date] 2020-02-14T21:28:22 [Time] 21:28:22
326/327 LSPM_J1055+0808-20200214@212936-Eden.fts [TYPE] LIGHT [OBJ] LSPM_J1055+0808 [RA] 10 55 47.3424 [Dec] +08 08 42.9329 [FIL] GG495 [EXPTIME] 60.0 [Date] 2020-02-14T21:29:37 [Time] 21:29:37
327/327 LSPM_J1055+0808-20200214@213051-Eden.fts [TYPE] LIGHT [OBJ] LSPM_J1055+0808 [RA] 10 55 47.3424 [Dec] +08 08 42.9329 [FIL] GG495 [EXPTIME] 60.0 [Date] 2020-02-14T21:30:51 [Time] 21:30:51
... write log file to LOT20200214_mod.log ...
... finish ...
