Bucket successfully loaded! eden-data
55 files found
Storing data to the S3 archive!
Doing a dry run - uploads will not be committed.
Verbose output enabled.
Storing LOT20200524-LP_388-55_mod/Bias-20200524@194335-000S.fts -> s3://eden-data/Calibrations/LOT/BIAS/2020-05-24/Bias-20200524@194335-000S.fits (1/55) (dry run)
Storing LOT20200524-LP_388-55_mod/Bias-20200524@194342-000S.fts -> s3://eden-data/Calibrations/LOT/BIAS/2020-05-24/Bias-20200524@194342-000S.fits (2/55) (dry run)
Storing LOT20200524-LP_388-55_mod/Bias-20200524@194349-000S.fts -> s3://eden-data/Calibrations/LOT/BIAS/2020-05-24/Bias-20200524@194349-000S.fits (3/55) (dry run)
Storing LOT20200524-LP_388-55_mod/Bias-20200524@194356-000S.fts -> s3://eden-data/Calibrations/LOT/BIAS/2020-05-24/Bias-20200524@194356-000S.fits (4/55) (dry run)
Storing LOT20200524-LP_388-55_mod/Bias-20200524@194402-000S.fts -> s3://eden-data/Calibrations/LOT/BIAS/2020-05-24/Bias-20200524@194402-000S.fits (5/55) (dry run)
Storing LOT20200524-LP_388-55_mod/Bias-20200524@194409-000S.fts -> s3://eden-data/Calibrations/LOT/BIAS/2020-05-24/Bias-20200524@194409-000S.fits (6/55) (dry run)
Storing LOT20200524-LP_388-55_mod/Bias-20200524@194416-000S.fts -> s3://eden-data/Calibrations/LOT/BIAS/2020-05-24/Bias-20200524@194416-000S.fits (7/55) (dry run)
Storing LOT20200524-LP_388-55_mod/Bias-20200524@194422-000S.fts -> s3://eden-data/Calibrations/LOT/BIAS/2020-05-24/Bias-20200524@194422-000S.fits (8/55) (dry run)
Storing LOT20200524-LP_388-55_mod/Bias-20200524@194429-000S.fts -> s3://eden-data/Calibrations/LOT/BIAS/2020-05-24/Bias-20200524@194429-000S.fits (9/55) (dry run)
Storing LOT20200524-LP_388-55_mod/Bias-20200524@194435-000S.fts -> s3://eden-data/Calibrations/LOT/BIAS/2020-05-24/Bias-20200524@194435-000S.fits (10/55) (dry run)
Storing LOT20200524-LP_388-55_mod/Dark-20200524@200015-060S.fts -> s3://eden-data/Calibrations/LOT/DARK/2020-05-24/Dark-20200524@200015-060S.fits (11/55) (dry run)
Storing LOT20200524-LP_388-55_mod/Dark-20200524@200122-060S.fts -> s3://eden-data/Calibrations/LOT/DARK/2020-05-24/Dark-20200524@200122-060S.fits (12/55) (dry run)
Storing LOT20200524-LP_388-55_mod/Dark-20200524@200229-060S.fts -> s3://eden-data/Calibrations/LOT/DARK/2020-05-24/Dark-20200524@200229-060S.fits (13/55) (dry run)
Storing LOT20200524-LP_388-55_mod/Dark-20200524@200336-060S.fts -> s3://eden-data/Calibrations/LOT/DARK/2020-05-24/Dark-20200524@200336-060S.fits (14/55) (dry run)
Storing LOT20200524-LP_388-55_mod/Dark-20200524@200443-060S.fts -> s3://eden-data/Calibrations/LOT/DARK/2020-05-24/Dark-20200524@200443-060S.fits (15/55) (dry run)
Storing LOT20200524-LP_388-55_mod/Dark-20200524@200550-060S.fts -> s3://eden-data/Calibrations/LOT/DARK/2020-05-24/Dark-20200524@200550-060S.fits (16/55) (dry run)
Storing LOT20200524-LP_388-55_mod/Dark-20200524@200656-060S.fts -> s3://eden-data/Calibrations/LOT/DARK/2020-05-24/Dark-20200524@200656-060S.fits (17/55) (dry run)
Storing LOT20200524-LP_388-55_mod/Dark-20200524@200804-060S.fts -> s3://eden-data/Calibrations/LOT/DARK/2020-05-24/Dark-20200524@200804-060S.fits (18/55) (dry run)
Storing LOT20200524-LP_388-55_mod/Dark-20200524@200911-060S.fts -> s3://eden-data/Calibrations/LOT/DARK/2020-05-24/Dark-20200524@200911-060S.fits (19/55) (dry run)
Storing LOT20200524-LP_388-55_mod/Dark-20200524@201018-060S.fts -> s3://eden-data/Calibrations/LOT/DARK/2020-05-24/Dark-20200524@201018-060S.fits (20/55) (dry run)
Storing LOT20200524-LP_388-55_mod/LP_388-55-20200524@183716-Eden.fts -> s3://eden-data/RAW/LOT/LP_326-21/2020-05-24/LP_388-55-20200524@183716-Eden.fits (21/55) (dry run)
Storing LOT20200524-LP_388-55_mod/LP_388-55-20200524@183831-Eden.fts -> s3://eden-data/RAW/LOT/LP_326-21/2020-05-24/LP_388-55-20200524@183831-Eden.fits (22/55) (dry run)
Storing LOT20200524-LP_388-55_mod/LP_388-55-20200524@183946-Eden.fts -> s3://eden-data/RAW/LOT/LP_326-21/2020-05-24/LP_388-55-20200524@183946-Eden.fits (23/55) (dry run)
Storing LOT20200524-LP_388-55_mod/LP_388-55-20200524@184102-Eden.fts -> s3://eden-data/RAW/LOT/LP_326-21/2020-05-24/LP_388-55-20200524@184102-Eden.fits (24/55) (dry run)
Storing LOT20200524-LP_388-55_mod/LP_388-55-20200524@184217-Eden.fts -> s3://eden-data/RAW/LOT/LP_326-21/2020-05-24/LP_388-55-20200524@184217-Eden.fits (25/55) (dry run)
Storing LOT20200524-LP_388-55_mod/LP_388-55-20200524@184332-Eden.fts -> s3://eden-data/RAW/LOT/LP_326-21/2020-05-24/LP_388-55-20200524@184332-Eden.fits (26/55) (dry run)
Storing LOT20200524-LP_388-55_mod/LP_388-55-20200524@184448-Eden.fts -> s3://eden-data/RAW/LOT/LP_326-21/2020-05-24/LP_388-55-20200524@184448-Eden.fits (27/55) (dry run)
Storing LOT20200524-LP_388-55_mod/LP_388-55-20200524@184602-Eden.fts -> s3://eden-data/RAW/LOT/LP_326-21/2020-05-24/LP_388-55-20200524@184602-Eden.fits (28/55) (dry run)
Storing LOT20200524-LP_388-55_mod/LP_388-55-20200524@184717-Eden.fts -> s3://eden-data/RAW/LOT/LP_326-21/2020-05-24/LP_388-55-20200524@184717-Eden.fits (29/55) (dry run)
Storing LOT20200524-LP_388-55_mod/LP_388-55-20200524@184832-Eden.fts -> s3://eden-data/RAW/LOT/LP_326-21/2020-05-24/LP_388-55-20200524@184832-Eden.fits (30/55) (dry run)
Storing LOT20200524-LP_388-55_mod/LP_388-55-20200524@184949-Eden.fts -> s3://eden-data/RAW/LOT/LP_326-21/2020-05-24/LP_388-55-20200524@184949-Eden.fits (31/55) (dry run)
Storing LOT20200524-LP_388-55_mod/LP_388-55-20200524@185104-Eden.fts -> s3://eden-data/RAW/LOT/LP_326-21/2020-05-24/LP_388-55-20200524@185104-Eden.fits (32/55) (dry run)
Storing LOT20200524-LP_388-55_mod/LP_388-55-20200524@185220-Eden.fts -> s3://eden-data/RAW/LOT/LP_326-21/2020-05-24/LP_388-55-20200524@185220-Eden.fits (33/55) (dry run)
Storing LOT20200524-LP_388-55_mod/LP_388-55-20200524@185335-Eden.fts -> s3://eden-data/RAW/LOT/LP_326-21/2020-05-24/LP_388-55-20200524@185335-Eden.fits (34/55) (dry run)
Storing LOT20200524-LP_388-55_mod/LP_388-55-20200524@185451-Eden.fts -> s3://eden-data/RAW/LOT/LP_326-21/2020-05-24/LP_388-55-20200524@185451-Eden.fits (35/55) (dry run)
Storing LOT20200524-LP_388-55_mod/LP_388-55-20200524@185607-Eden.fts -> s3://eden-data/RAW/LOT/LP_326-21/2020-05-24/LP_388-55-20200524@185607-Eden.fits (36/55) (dry run)
Storing LOT20200524-LP_388-55_mod/LP_388-55-20200524@185722-Eden.fts -> s3://eden-data/RAW/LOT/LP_326-21/2020-05-24/LP_388-55-20200524@185722-Eden.fits (37/55) (dry run)
Storing LOT20200524-LP_388-55_mod/LP_388-55-20200524@185836-Eden.fts -> s3://eden-data/RAW/LOT/LP_326-21/2020-05-24/LP_388-55-20200524@185836-Eden.fits (38/55) (dry run)
Storing LOT20200524-LP_388-55_mod/LP_388-55-20200524@185951-Eden.fts -> s3://eden-data/RAW/LOT/LP_326-21/2020-05-24/LP_388-55-20200524@185951-Eden.fits (39/55) (dry run)
Storing LOT20200524-LP_388-55_mod/LP_388-55-20200524@190107-Eden.fts -> s3://eden-data/RAW/LOT/LP_326-21/2020-05-24/LP_388-55-20200524@190107-Eden.fits (40/55) (dry run)
Storing LOT20200524-LP_388-55_mod/LP_388-55-20200524@190224-Eden.fts -> s3://eden-data/RAW/LOT/LP_326-21/2020-05-24/LP_388-55-20200524@190224-Eden.fits (41/55) (dry run)
Storing LOT20200524-LP_388-55_mod/LP_388-55-20200524@190339-Eden.fts -> s3://eden-data/RAW/LOT/LP_326-21/2020-05-24/LP_388-55-20200524@190339-Eden.fits (42/55) (dry run)
Storing LOT20200524-LP_388-55_mod/LP_388-55-20200524@190455-Eden.fts -> s3://eden-data/RAW/LOT/LP_326-21/2020-05-24/LP_388-55-20200524@190455-Eden.fits (43/55) (dry run)
Storing LOT20200524-LP_388-55_mod/LP_388-55-20200524@190610-Eden.fts -> s3://eden-data/RAW/LOT/LP_326-21/2020-05-24/LP_388-55-20200524@190610-Eden.fits (44/55) (dry run)
Storing LOT20200524-LP_388-55_mod/LP_388-55-20200524@190725-Eden.fts -> s3://eden-data/RAW/LOT/LP_326-21/2020-05-24/LP_388-55-20200524@190725-Eden.fits (45/55) (dry run)
Storing LOT20200524-LP_388-55_mod/LP_388-55-20200524@190841-Eden.fts -> s3://eden-data/RAW/LOT/LP_326-21/2020-05-24/LP_388-55-20200524@190841-Eden.fits (46/55) (dry run)
Storing LOT20200524-LP_388-55_mod/LP_388-55-20200524@190957-Eden.fts -> s3://eden-data/RAW/LOT/LP_326-21/2020-05-24/LP_388-55-20200524@190957-Eden.fits (47/55) (dry run)
Storing LOT20200524-LP_388-55_mod/LP_388-55-20200524@191113-Eden.fts -> s3://eden-data/RAW/LOT/LP_326-21/2020-05-24/LP_388-55-20200524@191113-Eden.fits (48/55) (dry run)
Storing LOT20200524-LP_388-55_mod/LP_388-55-20200524@191228-Eden.fts -> s3://eden-data/RAW/LOT/LP_326-21/2020-05-24/LP_388-55-20200524@191228-Eden.fits (49/55) (dry run)
Storing LOT20200524-LP_388-55_mod/LP_388-55-20200524@191343-Eden.fts -> s3://eden-data/RAW/LOT/LP_326-21/2020-05-24/LP_388-55-20200524@191343-Eden.fits (50/55) (dry run)
Storing LOT20200524-LP_388-55_mod/LP_388-55-20200524@191459-Eden.fts -> s3://eden-data/RAW/LOT/LP_326-21/2020-05-24/LP_388-55-20200524@191459-Eden.fits (51/55) (dry run)
Storing LOT20200524-LP_388-55_mod/LP_388-55-20200524@191613-Eden.fts -> s3://eden-data/RAW/LOT/LP_326-21/2020-05-24/LP_388-55-20200524@191613-Eden.fits (52/55) (dry run)
Storing LOT20200524-LP_388-55_mod/LP_388-55-20200524@191728-Eden.fts -> s3://eden-data/RAW/LOT/LP_326-21/2020-05-24/LP_388-55-20200524@191728-Eden.fits (53/55) (dry run)
Storing LOT20200524-LP_388-55_mod/LP_388-55-20200524@191844-Eden.fts -> s3://eden-data/RAW/LOT/LP_326-21/2020-05-24/LP_388-55-20200524@191844-Eden.fits (54/55) (dry run)
Storing LOT20200524-LP_388-55_mod/LP_388-55-20200524@191958-Eden.fts -> s3://eden-data/RAW/LOT/LP_326-21/2020-05-24/LP_388-55-20200524@191958-Eden.fits (55/55) (dry run)

Dry run complete! Run again without --dryrun to commit the changes above.
Stored: 55 files (0.5 GB)
