Bucket successfully loaded! eden-data
60 files found
Storing data to the S3 archive!
Doing a dry run - uploads will not be committed.
Verbose output enabled.
Storing LOT20200217-LP_310-34_mod/20200217-001bias.fits -> s3://eden-data/Calibrations/LOT/BIAS/2020-02-17/20200217-001bias.fits (1/60) (dry run)
Storing LOT20200217-LP_310-34_mod/20200217-001d60s.fits -> s3://eden-data/Calibrations/LOT/DARK/2020-02-17/20200217-001d60s.fits (2/60) (dry run)
Storing LOT20200217-LP_310-34_mod/20200217-002bias.fits -> s3://eden-data/Calibrations/LOT/BIAS/2020-02-17/20200217-002bias.fits (3/60) (dry run)
Storing LOT20200217-LP_310-34_mod/20200217-002d60s.fits -> s3://eden-data/Calibrations/LOT/DARK/2020-02-17/20200217-002d60s.fits (4/60) (dry run)
Storing LOT20200217-LP_310-34_mod/20200217-003bias.fits -> s3://eden-data/Calibrations/LOT/BIAS/2020-02-17/20200217-003bias.fits (5/60) (dry run)
Storing LOT20200217-LP_310-34_mod/20200217-003d60s.fits -> s3://eden-data/Calibrations/LOT/DARK/2020-02-17/20200217-003d60s.fits (6/60) (dry run)
Storing LOT20200217-LP_310-34_mod/20200217-004bias.fits -> s3://eden-data/Calibrations/LOT/BIAS/2020-02-17/20200217-004bias.fits (7/60) (dry run)
Storing LOT20200217-LP_310-34_mod/20200217-004d60s.fits -> s3://eden-data/Calibrations/LOT/DARK/2020-02-17/20200217-004d60s.fits (8/60) (dry run)
Storing LOT20200217-LP_310-34_mod/20200217-005bias.fits -> s3://eden-data/Calibrations/LOT/BIAS/2020-02-17/20200217-005bias.fits (9/60) (dry run)
Storing LOT20200217-LP_310-34_mod/20200217-005d60s.fits -> s3://eden-data/Calibrations/LOT/DARK/2020-02-17/20200217-005d60s.fits (10/60) (dry run)
Storing LOT20200217-LP_310-34_mod/20200217-006bias.fits -> s3://eden-data/Calibrations/LOT/BIAS/2020-02-17/20200217-006bias.fits (11/60) (dry run)
Storing LOT20200217-LP_310-34_mod/20200217-006d60s.fits -> s3://eden-data/Calibrations/LOT/DARK/2020-02-17/20200217-006d60s.fits (12/60) (dry run)
Storing LOT20200217-LP_310-34_mod/20200217-007bias.fits -> s3://eden-data/Calibrations/LOT/BIAS/2020-02-17/20200217-007bias.fits (13/60) (dry run)
Storing LOT20200217-LP_310-34_mod/20200217-007d60s.fits -> s3://eden-data/Calibrations/LOT/DARK/2020-02-17/20200217-007d60s.fits (14/60) (dry run)
Storing LOT20200217-LP_310-34_mod/20200217-008bias.fits -> s3://eden-data/Calibrations/LOT/BIAS/2020-02-17/20200217-008bias.fits (15/60) (dry run)
Storing LOT20200217-LP_310-34_mod/20200217-008d60s.fits -> s3://eden-data/Calibrations/LOT/DARK/2020-02-17/20200217-008d60s.fits (16/60) (dry run)
Storing LOT20200217-LP_310-34_mod/20200217-009bias.fits -> s3://eden-data/Calibrations/LOT/BIAS/2020-02-17/20200217-009bias.fits (17/60) (dry run)
Storing LOT20200217-LP_310-34_mod/20200217-009d60s.fits -> s3://eden-data/Calibrations/LOT/DARK/2020-02-17/20200217-009d60s.fits (18/60) (dry run)
Storing LOT20200217-LP_310-34_mod/20200217-010bias.fits -> s3://eden-data/Calibrations/LOT/BIAS/2020-02-17/20200217-010bias.fits (19/60) (dry run)
Storing LOT20200217-LP_310-34_mod/20200217-010d60s.fits -> s3://eden-data/Calibrations/LOT/DARK/2020-02-17/20200217-010d60s.fits (20/60) (dry run)
Storing LOT20200217-LP_310-34_mod/LP_310-34-20200217@105351-Eden.fts -> s3://eden-data/RAW/LOT/LP_310-34/2020-02-17/LP_310-34-20200217@105351-Eden.fits (21/60) (dry run)
Storing LOT20200217-LP_310-34_mod/LP_310-34-20200217@105519-Eden.fts -> s3://eden-data/RAW/LOT/LP_310-34/2020-02-17/LP_310-34-20200217@105519-Eden.fits (22/60) (dry run)
Storing LOT20200217-LP_310-34_mod/LP_310-34-20200217@105635-Eden.fts -> s3://eden-data/RAW/LOT/LP_310-34/2020-02-17/LP_310-34-20200217@105635-Eden.fits (23/60) (dry run)
Storing LOT20200217-LP_310-34_mod/LP_310-34-20200217@105749-Eden.fts -> s3://eden-data/RAW/LOT/LP_310-34/2020-02-17/LP_310-34-20200217@105749-Eden.fits (24/60) (dry run)
Storing LOT20200217-LP_310-34_mod/LP_310-34-20200217@105905-Eden.fts -> s3://eden-data/RAW/LOT/LP_310-34/2020-02-17/LP_310-34-20200217@105905-Eden.fits (25/60) (dry run)
Storing LOT20200217-LP_310-34_mod/LP_310-34-20200217@110020-Eden.fts -> s3://eden-data/RAW/LOT/LP_310-34/2020-02-17/LP_310-34-20200217@110020-Eden.fits (26/60) (dry run)
Storing LOT20200217-LP_310-34_mod/LP_310-34-20200217@110135-Eden.fts -> s3://eden-data/RAW/LOT/LP_310-34/2020-02-17/LP_310-34-20200217@110135-Eden.fits (27/60) (dry run)
Storing LOT20200217-LP_310-34_mod/LP_310-34-20200217@110249-Eden.fts -> s3://eden-data/RAW/LOT/LP_310-34/2020-02-17/LP_310-34-20200217@110249-Eden.fits (28/60) (dry run)
Storing LOT20200217-LP_310-34_mod/LP_310-34-20200217@110406-Eden.fts -> s3://eden-data/RAW/LOT/LP_310-34/2020-02-17/LP_310-34-20200217@110406-Eden.fits (29/60) (dry run)
Storing LOT20200217-LP_310-34_mod/LP_310-34-20200217@110522-Eden.fts -> s3://eden-data/RAW/LOT/LP_310-34/2020-02-17/LP_310-34-20200217@110522-Eden.fits (30/60) (dry run)
Storing LOT20200217-LP_310-34_mod/LP_310-34-20200217@110637-Eden.fts -> s3://eden-data/RAW/LOT/LP_310-34/2020-02-17/LP_310-34-20200217@110637-Eden.fits (31/60) (dry run)
Storing LOT20200217-LP_310-34_mod/LP_310-34-20200217@110752-Eden.fts -> s3://eden-data/RAW/LOT/LP_310-34/2020-02-17/LP_310-34-20200217@110752-Eden.fits (32/60) (dry run)
Storing LOT20200217-LP_310-34_mod/LP_310-34-20200217@110906-Eden.fts -> s3://eden-data/RAW/LOT/LP_310-34/2020-02-17/LP_310-34-20200217@110906-Eden.fits (33/60) (dry run)
Storing LOT20200217-LP_310-34_mod/LP_310-34-20200217@111023-Eden.fts -> s3://eden-data/RAW/LOT/LP_310-34/2020-02-17/LP_310-34-20200217@111023-Eden.fits (34/60) (dry run)
Storing LOT20200217-LP_310-34_mod/LP_310-34-20200217@111138-Eden.fts -> s3://eden-data/RAW/LOT/LP_310-34/2020-02-17/LP_310-34-20200217@111138-Eden.fits (35/60) (dry run)
Storing LOT20200217-LP_310-34_mod/LP_310-34-20200217@111252-Eden.fts -> s3://eden-data/RAW/LOT/LP_310-34/2020-02-17/LP_310-34-20200217@111252-Eden.fits (36/60) (dry run)
Storing LOT20200217-LP_310-34_mod/LP_310-34-20200217@111408-Eden.fts -> s3://eden-data/RAW/LOT/LP_310-34/2020-02-17/LP_310-34-20200217@111408-Eden.fits (37/60) (dry run)
Storing LOT20200217-LP_310-34_mod/LP_310-34-20200217@111523-Eden.fts -> s3://eden-data/RAW/LOT/LP_310-34/2020-02-17/LP_310-34-20200217@111523-Eden.fits (38/60) (dry run)
Storing LOT20200217-LP_310-34_mod/LP_310-34-20200217@111639-Eden.fts -> s3://eden-data/RAW/LOT/LP_310-34/2020-02-17/LP_310-34-20200217@111639-Eden.fits (39/60) (dry run)
Storing LOT20200217-LP_310-34_mod/LP_310-34-20200217@111755-Eden.fts -> s3://eden-data/RAW/LOT/LP_310-34/2020-02-17/LP_310-34-20200217@111755-Eden.fits (40/60) (dry run)
Storing LOT20200217-LP_310-34_mod/LP_310-34-20200217@111909-Eden.fts -> s3://eden-data/RAW/LOT/LP_310-34/2020-02-17/LP_310-34-20200217@111909-Eden.fits (41/60) (dry run)
Storing LOT20200217-LP_310-34_mod/LP_310-34-20200217@112025-Eden.fts -> s3://eden-data/RAW/LOT/LP_310-34/2020-02-17/LP_310-34-20200217@112025-Eden.fits (42/60) (dry run)
Storing LOT20200217-LP_310-34_mod/LP_310-34-20200217@112139-Eden.fts -> s3://eden-data/RAW/LOT/LP_310-34/2020-02-17/LP_310-34-20200217@112139-Eden.fits (43/60) (dry run)
Storing LOT20200217-LP_310-34_mod/LP_310-34-20200217@112254-Eden.fts -> s3://eden-data/RAW/LOT/LP_310-34/2020-02-17/LP_310-34-20200217@112254-Eden.fits (44/60) (dry run)
Storing LOT20200217-LP_310-34_mod/LP_310-34-20200217@112407-Eden.fts -> s3://eden-data/RAW/LOT/LP_310-34/2020-02-17/LP_310-34-20200217@112407-Eden.fits (45/60) (dry run)
Storing LOT20200217-LP_310-34_mod/LP_310-34-20200217@112522-Eden.fts -> s3://eden-data/RAW/LOT/LP_310-34/2020-02-17/LP_310-34-20200217@112522-Eden.fits (46/60) (dry run)
Storing LOT20200217-LP_310-34_mod/LP_310-34-20200217@112636-Eden.fts -> s3://eden-data/RAW/LOT/LP_310-34/2020-02-17/LP_310-34-20200217@112636-Eden.fits (47/60) (dry run)
Storing LOT20200217-LP_310-34_mod/LP_310-34-20200217@112752-Eden.fts -> s3://eden-data/RAW/LOT/LP_310-34/2020-02-17/LP_310-34-20200217@112752-Eden.fits (48/60) (dry run)
Storing LOT20200217-LP_310-34_mod/LP_310-34-20200217@112907-Eden.fts -> s3://eden-data/RAW/LOT/LP_310-34/2020-02-17/LP_310-34-20200217@112907-Eden.fits (49/60) (dry run)
Storing LOT20200217-LP_310-34_mod/LP_310-34-20200217@113023-Eden.fts -> s3://eden-data/RAW/LOT/LP_310-34/2020-02-17/LP_310-34-20200217@113023-Eden.fits (50/60) (dry run)
Storing LOT20200217-LP_310-34_mod/LP_310-34-20200217@113138-Eden.fts -> s3://eden-data/RAW/LOT/LP_310-34/2020-02-17/LP_310-34-20200217@113138-Eden.fits (51/60) (dry run)
Storing LOT20200217-LP_310-34_mod/LP_310-34-20200217@113252-Eden.fts -> s3://eden-data/RAW/LOT/LP_310-34/2020-02-17/LP_310-34-20200217@113252-Eden.fits (52/60) (dry run)
Storing LOT20200217-LP_310-34_mod/LP_310-34-20200217@113408-Eden.fts -> s3://eden-data/RAW/LOT/LP_310-34/2020-02-17/LP_310-34-20200217@113408-Eden.fits (53/60) (dry run)
Storing LOT20200217-LP_310-34_mod/LP_310-34-20200217@113523-Eden.fts -> s3://eden-data/RAW/LOT/LP_310-34/2020-02-17/LP_310-34-20200217@113523-Eden.fits (54/60) (dry run)
Storing LOT20200217-LP_310-34_mod/LP_310-34-20200217@113640-Eden.fts -> s3://eden-data/RAW/LOT/LP_310-34/2020-02-17/LP_310-34-20200217@113640-Eden.fits (55/60) (dry run)
Storing LOT20200217-LP_310-34_mod/LP_310-34-20200217@113756-Eden.fts -> s3://eden-data/RAW/LOT/LP_310-34/2020-02-17/LP_310-34-20200217@113756-Eden.fits (56/60) (dry run)
Storing LOT20200217-LP_310-34_mod/LP_310-34-20200217@113910-Eden.fts -> s3://eden-data/RAW/LOT/LP_310-34/2020-02-17/LP_310-34-20200217@113910-Eden.fits (57/60) (dry run)
Storing LOT20200217-LP_310-34_mod/LP_310-34-20200217@114026-Eden.fts -> s3://eden-data/RAW/LOT/LP_310-34/2020-02-17/LP_310-34-20200217@114026-Eden.fits (58/60) (dry run)
Storing LOT20200217-LP_310-34_mod/LP_310-34-20200217@114141-Eden.fts -> s3://eden-data/RAW/LOT/LP_310-34/2020-02-17/LP_310-34-20200217@114141-Eden.fits (59/60) (dry run)
Storing LOT20200217-LP_310-34_mod/LP_310-34-20200217@114258-Eden.fts -> s3://eden-data/RAW/LOT/LP_310-34/2020-02-17/LP_310-34-20200217@114258-Eden.fits (60/60) (dry run)

Dry run complete! Run again without --dryrun to commit the changes above.
Stored: 60 files (0.5 GB)
