Bucket successfully loaded! eden-data
51 files found
Storing data to the S3 archive!
We can now start uploading the data.
Press return to start the upload, or anything else to abort: Verbose output enabled.
Storing LOT20200323-2MUCD11188_mod/2MUCD11188-20200323@202810-Eden.fts -> s3://eden-data/RAW/LOT/2MUCD11188/2020-03-23/2MUCD11188-20200323@202810-Eden.fits (1/51)
Storing LOT20200323-2MUCD11188_mod/2MUCD11188-20200323@202937-Eden.fts -> s3://eden-data/RAW/LOT/2MUCD11188/2020-03-23/2MUCD11188-20200323@202937-Eden.fits (2/51)
Storing LOT20200323-2MUCD11188_mod/2MUCD11188-20200323@203052-Eden.fts -> s3://eden-data/RAW/LOT/2MUCD11188/2020-03-23/2MUCD11188-20200323@203052-Eden.fits (3/51)
Storing LOT20200323-2MUCD11188_mod/2MUCD11188-20200323@203208-Eden.fts -> s3://eden-data/RAW/LOT/2MUCD11188/2020-03-23/2MUCD11188-20200323@203208-Eden.fits (4/51)
Storing LOT20200323-2MUCD11188_mod/2MUCD11188-20200323@203324-Eden.fts -> s3://eden-data/RAW/LOT/2MUCD11188/2020-03-23/2MUCD11188-20200323@203324-Eden.fits (5/51)
Storing LOT20200323-2MUCD11188_mod/2MUCD11188-20200323@203438-Eden.fts -> s3://eden-data/RAW/LOT/2MUCD11188/2020-03-23/2MUCD11188-20200323@203438-Eden.fits (6/51)
Storing LOT20200323-2MUCD11188_mod/2MUCD11188-20200323@203554-Eden.fts -> s3://eden-data/RAW/LOT/2MUCD11188/2020-03-23/2MUCD11188-20200323@203554-Eden.fits (7/51)
Storing LOT20200323-2MUCD11188_mod/2MUCD11188-20200323@203708-Eden.fts -> s3://eden-data/RAW/LOT/2MUCD11188/2020-03-23/2MUCD11188-20200323@203708-Eden.fits (8/51)
Storing LOT20200323-2MUCD11188_mod/2MUCD11188-20200323@203822-Eden.fts -> s3://eden-data/RAW/LOT/2MUCD11188/2020-03-23/2MUCD11188-20200323@203822-Eden.fits (9/51)
Storing LOT20200323-2MUCD11188_mod/2MUCD11188-20200323@203936-Eden.fts -> s3://eden-data/RAW/LOT/2MUCD11188/2020-03-23/2MUCD11188-20200323@203936-Eden.fits (10/51)
Storing LOT20200323-2MUCD11188_mod/2MUCD11188-20200323@204051-Eden.fts -> s3://eden-data/RAW/LOT/2MUCD11188/2020-03-23/2MUCD11188-20200323@204051-Eden.fits (11/51)
Storing LOT20200323-2MUCD11188_mod/2MUCD11188-20200323@204207-Eden.fts -> s3://eden-data/RAW/LOT/2MUCD11188/2020-03-23/2MUCD11188-20200323@204207-Eden.fits (12/51)
Storing LOT20200323-2MUCD11188_mod/2MUCD11188-20200323@204322-Eden.fts -> s3://eden-data/RAW/LOT/2MUCD11188/2020-03-23/2MUCD11188-20200323@204322-Eden.fits (13/51)
Storing LOT20200323-2MUCD11188_mod/2MUCD11188-20200323@204438-Eden.fts -> s3://eden-data/RAW/LOT/2MUCD11188/2020-03-23/2MUCD11188-20200323@204438-Eden.fits (14/51)
Storing LOT20200323-2MUCD11188_mod/2MUCD11188-20200323@204554-Eden.fts -> s3://eden-data/RAW/LOT/2MUCD11188/2020-03-23/2MUCD11188-20200323@204554-Eden.fits (15/51)
Storing LOT20200323-2MUCD11188_mod/2MUCD11188-20200323@204708-Eden.fts -> s3://eden-data/RAW/LOT/2MUCD11188/2020-03-23/2MUCD11188-20200323@204708-Eden.fits (16/51)
Storing LOT20200323-2MUCD11188_mod/2MUCD11188-20200323@204822-Eden.fts -> s3://eden-data/RAW/LOT/2MUCD11188/2020-03-23/2MUCD11188-20200323@204822-Eden.fits (17/51)
Storing LOT20200323-2MUCD11188_mod/2MUCD11188-20200323@204937-Eden.fts -> s3://eden-data/RAW/LOT/2MUCD11188/2020-03-23/2MUCD11188-20200323@204937-Eden.fits (18/51)
Storing LOT20200323-2MUCD11188_mod/2MUCD11188-20200323@205052-Eden.fts -> s3://eden-data/RAW/LOT/2MUCD11188/2020-03-23/2MUCD11188-20200323@205052-Eden.fits (19/51)
Storing LOT20200323-2MUCD11188_mod/2MUCD11188-20200323@205206-Eden.fts -> s3://eden-data/RAW/LOT/2MUCD11188/2020-03-23/2MUCD11188-20200323@205206-Eden.fits (20/51)
Storing LOT20200323-2MUCD11188_mod/2MUCD11188-20200323@205322-Eden.fts -> s3://eden-data/RAW/LOT/2MUCD11188/2020-03-23/2MUCD11188-20200323@205322-Eden.fits (21/51)
Storing LOT20200323-2MUCD11188_mod/2MUCD11188-20200323@205436-Eden.fts -> s3://eden-data/RAW/LOT/2MUCD11188/2020-03-23/2MUCD11188-20200323@205436-Eden.fits (22/51)
Storing LOT20200323-2MUCD11188_mod/2MUCD11188-20200323@205550-Eden.fts -> s3://eden-data/RAW/LOT/2MUCD11188/2020-03-23/2MUCD11188-20200323@205550-Eden.fits (23/51)
Storing LOT20200323-2MUCD11188_mod/2MUCD11188-20200323@205705-Eden.fts -> s3://eden-data/RAW/LOT/2MUCD11188/2020-03-23/2MUCD11188-20200323@205705-Eden.fits (24/51)
Storing LOT20200323-2MUCD11188_mod/2MUCD11188-20200323@205819-Eden.fts -> s3://eden-data/RAW/LOT/2MUCD11188/2020-03-23/2MUCD11188-20200323@205819-Eden.fits (25/51)
Storing LOT20200323-2MUCD11188_mod/2MUCD11188-20200323@205933-Eden.fts -> s3://eden-data/RAW/LOT/2MUCD11188/2020-03-23/2MUCD11188-20200323@205933-Eden.fits (26/51)
Storing LOT20200323-2MUCD11188_mod/2MUCD11188-20200323@210049-Eden.fts -> s3://eden-data/RAW/LOT/2MUCD11188/2020-03-23/2MUCD11188-20200323@210049-Eden.fits (27/51)
Storing LOT20200323-2MUCD11188_mod/2MUCD11188-20200323@210204-Eden.fts -> s3://eden-data/RAW/LOT/2MUCD11188/2020-03-23/2MUCD11188-20200323@210204-Eden.fits (28/51)
Storing LOT20200323-2MUCD11188_mod/2MUCD11188-20200323@210318-Eden.fts -> s3://eden-data/RAW/LOT/2MUCD11188/2020-03-23/2MUCD11188-20200323@210318-Eden.fits (29/51)
Storing LOT20200323-2MUCD11188_mod/2MUCD11188-20200323@210434-Eden.fts -> s3://eden-data/RAW/LOT/2MUCD11188/2020-03-23/2MUCD11188-20200323@210434-Eden.fits (30/51)
Storing LOT20200323-2MUCD11188_mod/2MUCD11188-20200323@210549-Eden.fts -> s3://eden-data/RAW/LOT/2MUCD11188/2020-03-23/2MUCD11188-20200323@210549-Eden.fits (31/51)
Storing LOT20200323-2MUCD11188_mod/Bias-20200323@212829-000S.fts -> s3://eden-data/Calibrations/LOT/BIAS/2020-03-23/Bias-20200323@212829-000S.fits (32/51)
Storing LOT20200323-2MUCD11188_mod/Bias-20200323@212838-000S.fts -> s3://eden-data/Calibrations/LOT/BIAS/2020-03-23/Bias-20200323@212838-000S.fits (33/51)
Storing LOT20200323-2MUCD11188_mod/Bias-20200323@212845-000S.fts -> s3://eden-data/Calibrations/LOT/BIAS/2020-03-23/Bias-20200323@212845-000S.fits (34/51)
Storing LOT20200323-2MUCD11188_mod/Bias-20200323@212852-000S.fts -> s3://eden-data/Calibrations/LOT/BIAS/2020-03-23/Bias-20200323@212852-000S.fits (35/51)
Storing LOT20200323-2MUCD11188_mod/Bias-20200323@212859-000S.fts -> s3://eden-data/Calibrations/LOT/BIAS/2020-03-23/Bias-20200323@212859-000S.fits (36/51)
Storing LOT20200323-2MUCD11188_mod/Bias-20200323@212906-000S.fts -> s3://eden-data/Calibrations/LOT/BIAS/2020-03-23/Bias-20200323@212906-000S.fits (37/51)
Storing LOT20200323-2MUCD11188_mod/Bias-20200323@212914-000S.fts -> s3://eden-data/Calibrations/LOT/BIAS/2020-03-23/Bias-20200323@212914-000S.fits (38/51)
Storing LOT20200323-2MUCD11188_mod/Bias-20200323@212920-000S.fts -> s3://eden-data/Calibrations/LOT/BIAS/2020-03-23/Bias-20200323@212920-000S.fits (39/51)
Storing LOT20200323-2MUCD11188_mod/Bias-20200323@212928-000S.fts -> s3://eden-data/Calibrations/LOT/BIAS/2020-03-23/Bias-20200323@212928-000S.fits (40/51)
Storing LOT20200323-2MUCD11188_mod/Bias-20200323@212934-000S.fts -> s3://eden-data/Calibrations/LOT/BIAS/2020-03-23/Bias-20200323@212934-000S.fits (41/51)
Storing LOT20200323-2MUCD11188_mod/Dark-20200323@212942-060S.fts -> s3://eden-data/Calibrations/LOT/DARK/2020-03-23/Dark-20200323@212942-060S.fits (42/51)
Storing LOT20200323-2MUCD11188_mod/Dark-20200323@213049-060S.fts -> s3://eden-data/Calibrations/LOT/DARK/2020-03-23/Dark-20200323@213049-060S.fits (43/51)
Storing LOT20200323-2MUCD11188_mod/Dark-20200323@213155-060S.fts -> s3://eden-data/Calibrations/LOT/DARK/2020-03-23/Dark-20200323@213155-060S.fits (44/51)
Storing LOT20200323-2MUCD11188_mod/Dark-20200323@213302-060S.fts -> s3://eden-data/Calibrations/LOT/DARK/2020-03-23/Dark-20200323@213302-060S.fits (45/51)
Storing LOT20200323-2MUCD11188_mod/Dark-20200323@213409-060S.fts -> s3://eden-data/Calibrations/LOT/DARK/2020-03-23/Dark-20200323@213409-060S.fits (46/51)
Storing LOT20200323-2MUCD11188_mod/Dark-20200323@213516-060S.fts -> s3://eden-data/Calibrations/LOT/DARK/2020-03-23/Dark-20200323@213516-060S.fits (47/51)
Storing LOT20200323-2MUCD11188_mod/Dark-20200323@213622-060S.fts -> s3://eden-data/Calibrations/LOT/DARK/2020-03-23/Dark-20200323@213622-060S.fits (48/51)
Storing LOT20200323-2MUCD11188_mod/Dark-20200323@213730-060S.fts -> s3://eden-data/Calibrations/LOT/DARK/2020-03-23/Dark-20200323@213730-060S.fits (49/51)
Storing LOT20200323-2MUCD11188_mod/Dark-20200323@213838-060S.fts -> s3://eden-data/Calibrations/LOT/DARK/2020-03-23/Dark-20200323@213838-060S.fits (50/51)
Storing LOT20200323-2MUCD11188_mod/Dark-20200323@213944-060S.fts -> s3://eden-data/Calibrations/LOT/DARK/2020-03-23/Dark-20200323@213944-060S.fits (51/51)

Upload complete!
Stored: 51 files (0.4 GB)
