Bucket successfully loaded! eden-data
357 files found
Storing data to the S3 archive!
We can now start uploading the data.
Press return to start the upload, or anything else to abort: Verbose output enabled.
Storing LOT20200618-LP_335-12_mod/Bias-20200618@201155-000S.fts -> s3://eden-data/Calibrations/LOT/BIAS/2020-06-18/Bias-20200618@201155-000S.fits (1/357)
Storing LOT20200618-LP_335-12_mod/Bias-20200618@201201-000S.fts -> s3://eden-data/Calibrations/LOT/BIAS/2020-06-18/Bias-20200618@201201-000S.fits (2/357)
Storing LOT20200618-LP_335-12_mod/Bias-20200618@201208-000S.fts -> s3://eden-data/Calibrations/LOT/BIAS/2020-06-18/Bias-20200618@201208-000S.fits (3/357)
Storing LOT20200618-LP_335-12_mod/Bias-20200618@201214-000S.fts -> s3://eden-data/Calibrations/LOT/BIAS/2020-06-18/Bias-20200618@201214-000S.fits (4/357)
Storing LOT20200618-LP_335-12_mod/Bias-20200618@201222-000S.fts -> s3://eden-data/Calibrations/LOT/BIAS/2020-06-18/Bias-20200618@201222-000S.fits (5/357)
Storing LOT20200618-LP_335-12_mod/Bias-20200618@201229-000S.fts -> s3://eden-data/Calibrations/LOT/BIAS/2020-06-18/Bias-20200618@201229-000S.fits (6/357)
Storing LOT20200618-LP_335-12_mod/Bias-20200618@201235-000S.fts -> s3://eden-data/Calibrations/LOT/BIAS/2020-06-18/Bias-20200618@201235-000S.fits (7/357)
Storing LOT20200618-LP_335-12_mod/Bias-20200618@201242-000S.fts -> s3://eden-data/Calibrations/LOT/BIAS/2020-06-18/Bias-20200618@201242-000S.fits (8/357)
Storing LOT20200618-LP_335-12_mod/Bias-20200618@201249-000S.fts -> s3://eden-data/Calibrations/LOT/BIAS/2020-06-18/Bias-20200618@201249-000S.fits (9/357)
Storing LOT20200618-LP_335-12_mod/Bias-20200618@201256-000S.fts -> s3://eden-data/Calibrations/LOT/BIAS/2020-06-18/Bias-20200618@201256-000S.fits (10/357)
Storing LOT20200618-LP_335-12_mod/Dark-20200618@201305-060S.fts -> s3://eden-data/Calibrations/LOT/DARK/2020-06-18/Dark-20200618@201305-060S.fits (11/357)
Storing LOT20200618-LP_335-12_mod/Dark-20200618@201411-060S.fts -> s3://eden-data/Calibrations/LOT/DARK/2020-06-18/Dark-20200618@201411-060S.fits (12/357)
Storing LOT20200618-LP_335-12_mod/Dark-20200618@201518-060S.fts -> s3://eden-data/Calibrations/LOT/DARK/2020-06-18/Dark-20200618@201518-060S.fits (13/357)
Storing LOT20200618-LP_335-12_mod/Dark-20200618@201625-060S.fts -> s3://eden-data/Calibrations/LOT/DARK/2020-06-18/Dark-20200618@201625-060S.fits (14/357)
Storing LOT20200618-LP_335-12_mod/Dark-20200618@201732-060S.fts -> s3://eden-data/Calibrations/LOT/DARK/2020-06-18/Dark-20200618@201732-060S.fits (15/357)
Storing LOT20200618-LP_335-12_mod/Dark-20200618@201840-060S.fts -> s3://eden-data/Calibrations/LOT/DARK/2020-06-18/Dark-20200618@201840-060S.fits (16/357)
Storing LOT20200618-LP_335-12_mod/Dark-20200618@201946-060S.fts -> s3://eden-data/Calibrations/LOT/DARK/2020-06-18/Dark-20200618@201946-060S.fits (17/357)
Storing LOT20200618-LP_335-12_mod/Dark-20200618@202053-060S.fts -> s3://eden-data/Calibrations/LOT/DARK/2020-06-18/Dark-20200618@202053-060S.fits (18/357)
Storing LOT20200618-LP_335-12_mod/Dark-20200618@202200-060S.fts -> s3://eden-data/Calibrations/LOT/DARK/2020-06-18/Dark-20200618@202200-060S.fits (19/357)
Storing LOT20200618-LP_335-12_mod/Dark-20200618@202308-060S.fts -> s3://eden-data/Calibrations/LOT/DARK/2020-06-18/Dark-20200618@202308-060S.fits (20/357)
Storing LOT20200618-LP_335-12_mod/LP_335-12-20200618@124446-Eden.fts -> s3://eden-data/RAW/LOT/LP_335-12/2020-06-18/LP_335-12-20200618@124446-Eden.fits (21/357)
Storing LOT20200618-LP_335-12_mod/LP_335-12-20200618@124559-Eden.fts -> s3://eden-data/RAW/LOT/LP_335-12/2020-06-18/LP_335-12-20200618@124559-Eden.fits (22/357)
Storing LOT20200618-LP_335-12_mod/LP_335-12-20200618@124711-Eden.fts -> s3://eden-data/RAW/LOT/LP_335-12/2020-06-18/LP_335-12-20200618@124711-Eden.fits (23/357)
Storing LOT20200618-LP_335-12_mod/LP_335-12-20200618@124824-Eden.fts -> s3://eden-data/RAW/LOT/LP_335-12/2020-06-18/LP_335-12-20200618@124824-Eden.fits (24/357)
Storing LOT20200618-LP_335-12_mod/LP_335-12-20200618@124937-Eden.fts -> s3://eden-data/RAW/LOT/LP_335-12/2020-06-18/LP_335-12-20200618@124937-Eden.fits (25/357)
Storing LOT20200618-LP_335-12_mod/LP_335-12-20200618@125051-Eden.fts -> s3://eden-data/RAW/LOT/LP_335-12/2020-06-18/LP_335-12-20200618@125051-Eden.fits (26/357)
Storing LOT20200618-LP_335-12_mod/LP_335-12-20200618@125203-Eden.fts -> s3://eden-data/RAW/LOT/LP_335-12/2020-06-18/LP_335-12-20200618@125203-Eden.fits (27/357)
Storing LOT20200618-LP_335-12_mod/LP_335-12-20200618@125315-Eden.fts -> s3://eden-data/RAW/LOT/LP_335-12/2020-06-18/LP_335-12-20200618@125315-Eden.fits (28/357)
Storing LOT20200618-LP_335-12_mod/LP_335-12-20200618@125428-Eden.fts -> s3://eden-data/RAW/LOT/LP_335-12/2020-06-18/LP_335-12-20200618@125428-Eden.fits (29/357)
Storing LOT20200618-LP_335-12_mod/LP_335-12-20200618@125541-Eden.fts -> s3://eden-data/RAW/LOT/LP_335-12/2020-06-18/LP_335-12-20200618@125541-Eden.fits (30/357)
Storing LOT20200618-LP_335-12_mod/LP_335-12-20200618@125654-Eden.fts -> s3://eden-data/RAW/LOT/LP_335-12/2020-06-18/LP_335-12-20200618@125654-Eden.fits (31/357)
Storing LOT20200618-LP_335-12_mod/LP_335-12-20200618@125806-Eden.fts -> s3://eden-data/RAW/LOT/LP_335-12/2020-06-18/LP_335-12-20200618@125806-Eden.fits (32/357)
Storing LOT20200618-LP_335-12_mod/LP_335-12-20200618@125918-Eden.fts -> s3://eden-data/RAW/LOT/LP_335-12/2020-06-18/LP_335-12-20200618@125918-Eden.fits (33/357)
Storing LOT20200618-LP_335-12_mod/LP_335-12-20200618@130031-Eden.fts -> s3://eden-data/RAW/LOT/LP_335-12/2020-06-18/LP_335-12-20200618@130031-Eden.fits (34/357)
Storing LOT20200618-LP_335-12_mod/LP_335-12-20200618@130144-Eden.fts -> s3://eden-data/RAW/LOT/LP_335-12/2020-06-18/LP_335-12-20200618@130144-Eden.fits (35/357)
Storing LOT20200618-LP_335-12_mod/LP_335-12-20200618@130256-Eden.fts -> s3://eden-data/RAW/LOT/LP_335-12/2020-06-18/LP_335-12-20200618@130256-Eden.fits (36/357)
Storing LOT20200618-LP_335-12_mod/LP_335-12-20200618@130409-Eden.fts -> s3://eden-data/RAW/LOT/LP_335-12/2020-06-18/LP_335-12-20200618@130409-Eden.fits (37/357)
Storing LOT20200618-LP_335-12_mod/LP_335-12-20200618@130521-Eden.fts -> s3://eden-data/RAW/LOT/LP_335-12/2020-06-18/LP_335-12-20200618@130521-Eden.fits (38/357)
Storing LOT20200618-LP_335-12_mod/LP_335-12-20200618@130634-Eden.fts -> s3://eden-data/RAW/LOT/LP_335-12/2020-06-18/LP_335-12-20200618@130634-Eden.fits (39/357)
Storing LOT20200618-LP_335-12_mod/LP_335-12-20200618@130746-Eden.fts -> s3://eden-data/RAW/LOT/LP_335-12/2020-06-18/LP_335-12-20200618@130746-Eden.fits (40/357)
Storing LOT20200618-LP_335-12_mod/LP_335-12-20200618@130858-Eden.fts -> s3://eden-data/RAW/LOT/LP_335-12/2020-06-18/LP_335-12-20200618@130858-Eden.fits (41/357)
Storing LOT20200618-LP_335-12_mod/LP_335-12-20200618@131010-Eden.fts -> s3://eden-data/RAW/LOT/LP_335-12/2020-06-18/LP_335-12-20200618@131010-Eden.fits (42/357)
Storing LOT20200618-LP_335-12_mod/LP_335-12-20200618@131123-Eden.fts -> s3://eden-data/RAW/LOT/LP_335-12/2020-06-18/LP_335-12-20200618@131123-Eden.fits (43/357)
Storing LOT20200618-LP_335-12_mod/LP_335-12-20200618@131234-Eden.fts -> s3://eden-data/RAW/LOT/LP_335-12/2020-06-18/LP_335-12-20200618@131234-Eden.fits (44/357)
Storing LOT20200618-LP_335-12_mod/LP_335-12-20200618@131347-Eden.fts -> s3://eden-data/RAW/LOT/LP_335-12/2020-06-18/LP_335-12-20200618@131347-Eden.fits (45/357)
Storing LOT20200618-LP_335-12_mod/LP_335-12-20200618@131500-Eden.fts -> s3://eden-data/RAW/LOT/LP_335-12/2020-06-18/LP_335-12-20200618@131500-Eden.fits (46/357)
Storing LOT20200618-LP_335-12_mod/LP_335-12-20200618@131613-Eden.fts -> s3://eden-data/RAW/LOT/LP_335-12/2020-06-18/LP_335-12-20200618@131613-Eden.fits (47/357)
Storing LOT20200618-LP_335-12_mod/LP_335-12-20200618@131724-Eden.fts -> s3://eden-data/RAW/LOT/LP_335-12/2020-06-18/LP_335-12-20200618@131724-Eden.fits (48/357)
Storing LOT20200618-LP_335-12_mod/LP_335-12-20200618@131839-Eden.fts -> s3://eden-data/RAW/LOT/LP_335-12/2020-06-18/LP_335-12-20200618@131839-Eden.fits (49/357)
Storing LOT20200618-LP_335-12_mod/LP_335-12-20200618@131950-Eden.fts -> s3://eden-data/RAW/LOT/LP_335-12/2020-06-18/LP_335-12-20200618@131950-Eden.fits (50/357)
Storing LOT20200618-LP_335-12_mod/LP_335-12-20200618@132103-Eden.fts -> s3://eden-data/RAW/LOT/LP_335-12/2020-06-18/LP_335-12-20200618@132103-Eden.fits (51/357)
Storing LOT20200618-LP_335-12_mod/LP_335-12-20200618@132217-Eden.fts -> s3://eden-data/RAW/LOT/LP_335-12/2020-06-18/LP_335-12-20200618@132217-Eden.fits (52/357)